IQ-TREE multicore version 1.6.7 for Linux 64-bit built Aug 23 2018
Developed by Bui Quang Minh, Nguyen Lam Tung, Olga Chernomor,
Heiko Schmidt, Dominik Schrempf, Michael Woodhams.

Host:    csm-com-007 (AVX2, FMA3, 62 GB RAM)
Command: iqtree -nt 8 -m Poisson -s simulations/alignments/Gal4_rtree64_bl3.0.tree_rep5_AA.fasta -st AA
Seed:    620933 (Using SPRNG - Scalable Parallel Random Number Generator)
Time:    Mon Apr  1 17:05:44 2019
Kernel:  AVX+FMA - 8 threads (48 CPU cores detected)

Reading alignment file simulations/alignments/Gal4_rtree64_bl3.0.tree_rep5_AA.fasta ... Fasta format detected
Alignment most likely contains protein sequences
Alignment has 64 sequences with 64 columns, 64 distinct patterns
63 parsimony-informative, 0 singleton sites, 1 constant sites
     Gap/Ambiguity  Composition  p-value
   1  t45    0.00%    passed     71.39%
   2  t32    0.00%    passed     81.99%
   3  t10    0.00%    passed     97.50%
   4  t55    0.00%    passed     89.95%
   5  t5     0.00%    passed     61.33%
   6  t20    0.00%    passed     88.90%
   7  t38    0.00%    passed     70.64%
   8  t56    0.00%    passed     93.26%
   9  t12    0.00%    passed     36.02%
  10  t35    0.00%    passed     80.32%
  11  t4     0.00%    passed     69.88%
  12  t17    0.00%    passed     85.10%
  13  t49    0.00%    passed     99.90%
  14  t13    0.00%    passed     27.59%
  15  t53    0.00%    passed     97.89%
  16  t29    0.00%    passed     97.91%
  17  t41    0.00%    passed     98.73%
  18  t8     0.00%    passed     58.95%
  19  t59    0.00%    passed     58.75%
  20  t60    0.00%    passed     77.07%
  21  t7     0.00%    passed     96.10%
  22  t44    0.00%    passed     29.25%
  23  t64    0.00%    passed     97.00%
  24  t1     0.00%    passed     89.07%
  25  t58    0.00%    passed     97.80%
  26  t27    0.00%    passed     84.48%
  27  t52    0.00%    passed     84.30%
  28  t28    0.00%    passed     93.62%
  29  t57    0.00%    passed     25.62%
  30  t11    0.00%    passed     88.14%
  31  t16    0.00%    passed     60.45%
  32  t50    0.00%    passed     26.62%
  33  t24    0.00%    passed     94.35%
  34  t25    0.00%    passed     89.92%
  35  t36    0.00%    passed     67.85%
  36  t46    0.00%    passed     97.89%
  37  t26    0.00%    passed     91.05%
  38  t15    0.00%    passed     85.17%
  39  t14    0.00%    passed     95.83%
  40  t37    0.00%    passed     82.97%
  41  t22    0.00%    passed     88.75%
  42  t47    0.00%    passed     91.36%
  43  t54    0.00%    passed     79.07%
  44  t9     0.00%    passed     41.77%
  45  t6     0.00%    passed     44.16%
  46  t34    0.00%    passed     99.80%
  47  t61    0.00%    passed     73.94%
  48  t21    0.00%    passed     53.21%
  49  t2     0.00%    passed     50.09%
  50  t39    0.00%    passed     98.84%
  51  t30    0.00%    passed     98.01%
  52  t51    0.00%    passed     81.27%
  53  t63    0.00%    passed     77.15%
  54  t19    0.00%    passed     97.35%
  55  t40    0.00%    passed     31.56%
  56  t33    0.00%    passed     79.19%
  57  t62    0.00%    passed     93.11%
  58  t18    0.00%    passed     17.50%
  59  t31    0.00%    passed     86.99%
  60  t42    0.00%    passed     87.62%
  61  t3     0.00%    passed     59.87%
  62  t23    0.00%    passed     15.58%
  63  t48    0.00%    passed     97.70%
  64  t43    0.00%    passed     59.50%
****  TOTAL    0.00%  0 sequences failed composition chi2 test (p-value<5%; df=19)

Create initial parsimony tree by phylogenetic likelihood library (PLL)... 0.009 seconds

NOTE: 0 MB RAM (0 GB) is required!
WARNING: Number of threads seems too high for short alignments. Use -nt AUTO to determine best number of threads.
Estimate model parameters (epsilon = 0.100)
1. Initial log-likelihood: -9197.648
Optimal log-likelihood: -9060.771
Parameters optimization took 1 rounds (0.021 sec)
Computing ML distances based on estimated model parameters... 0.092 sec
Computing BIONJ tree...
0.003 seconds
Log-likelihood of BIONJ tree: -8967.704
--------------------------------------------------------------------
|             INITIALIZING CANDIDATE TREE SET                      |
--------------------------------------------------------------------
Generating 98 parsimony trees... 1.077 second
Computing log-likelihood of 98 initial trees ... 1.129 seconds
Current best score: -8967.704

Do NNI search on 20 best initial trees
Estimate model parameters (epsilon = 0.100)
BETTER TREE FOUND at iteration 1: -8946.746
Iteration 10 / LogL: -8988.359 / Time: 0h:0m:3s
Iteration 20 / LogL: -9013.915 / Time: 0h:0m:4s
Finish initializing candidate tree set (20)
Current best tree score: -8946.746 / CPU time: 4.049
Number of iterations: 20
--------------------------------------------------------------------
|               OPTIMIZING CANDIDATE TREE SET                      |
--------------------------------------------------------------------
Estimate model parameters (epsilon = 0.100)
BETTER TREE FOUND at iteration 24: -8945.707
Estimate model parameters (epsilon = 0.100)
BETTER TREE FOUND at iteration 26: -8943.640
Estimate model parameters (epsilon = 0.100)
BETTER TREE FOUND at iteration 27: -8940.858
Iteration 30 / LogL: -8942.440 / Time: 0h:0m:5s (0h:0m:17s left)
Estimate model parameters (epsilon = 0.100)
BETTER TREE FOUND at iteration 31: -8936.195
Estimate model parameters (epsilon = 0.100)
BETTER TREE FOUND at iteration 35: -8933.342
Estimate model parameters (epsilon = 0.100)
BETTER TREE FOUND at iteration 40: -8930.158
Iteration 40 / LogL: -8930.158 / Time: 0h:0m:6s (0h:0m:15s left)
Iteration 50 / LogL: -8937.735 / Time: 0h:0m:7s (0h:0m:13s left)
Iteration 60 / LogL: -8931.275 / Time: 0h:0m:8s (0h:0m:11s left)
Iteration 70 / LogL: -8932.960 / Time: 0h:0m:9s (0h:0m:9s left)
Estimate model parameters (epsilon = 0.100)
BETTER TREE FOUND at iteration 74: -8928.351
Iteration 80 / LogL: -8930.167 / Time: 0h:0m:10s (0h:0m:11s left)
Iteration 90 / LogL: -8935.219 / Time: 0h:0m:11s (0h:0m:10s left)
Iteration 100 / LogL: -8929.129 / Time: 0h:0m:11s (0h:0m:8s left)
Iteration 110 / LogL: -8928.793 / Time: 0h:0m:13s (0h:0m:7s left)
Iteration 120 / LogL: -8939.456 / Time: 0h:0m:14s (0h:0m:6s left)
Iteration 130 / LogL: -8928.671 / Time: 0h:0m:15s (0h:0m:5s left)
Iteration 140 / LogL: -8931.419 / Time: 0h:0m:16s (0h:0m:3s left)
Iteration 150 / LogL: -8929.861 / Time: 0h:0m:17s (0h:0m:2s left)
Estimate model parameters (epsilon = 0.100)
BETTER TREE FOUND at iteration 156: -8928.038
Iteration 160 / LogL: -8936.398 / Time: 0h:0m:18s (0h:0m:10s left)
Estimate model parameters (epsilon = 0.100)
BETTER TREE FOUND at iteration 163: -8926.080
Iteration 170 / LogL: -8929.761 / Time: 0h:0m:18s (0h:0m:10s left)
Iteration 180 / LogL: -8933.881 / Time: 0h:0m:19s (0h:0m:9s left)
Estimate model parameters (epsilon = 0.100)
BETTER TREE FOUND at iteration 182: -8925.340
Iteration 190 / LogL: -8926.104 / Time: 0h:0m:20s (0h:0m:10s left)
Iteration 200 / LogL: -8930.414 / Time: 0h:0m:21s (0h:0m:9s left)
Estimate model parameters (epsilon = 0.100)
BETTER TREE FOUND at iteration 204: -8925.268
Iteration 210 / LogL: -8929.590 / Time: 0h:0m:22s (0h:0m:10s left)
Iteration 220 / LogL: -8925.473 / Time: 0h:0m:23s (0h:0m:9s left)
Iteration 230 / LogL: -8940.584 / Time: 0h:0m:24s (0h:0m:8s left)
Estimate model parameters (epsilon = 0.100)
UPDATE BEST LOG-LIKELIHOOD: -8925.231
Iteration 240 / LogL: -8928.254 / Time: 0h:0m:25s (0h:0m:6s left)
Iteration 250 / LogL: -8932.712 / Time: 0h:0m:26s (0h:0m:5s left)
Iteration 260 / LogL: -8925.234 / Time: 0h:0m:27s (0h:0m:4s left)
Iteration 270 / LogL: -8927.959 / Time: 0h:0m:28s (0h:0m:3s left)
Iteration 280 / LogL: -8932.793 / Time: 0h:0m:29s (0h:0m:2s left)
Iteration 290 / LogL: -8925.617 / Time: 0h:0m:30s (0h:0m:1s left)
Iteration 300 / LogL: -8941.979 / Time: 0h:0m:31s (0h:0m:0s left)
TREE SEARCH COMPLETED AFTER 305 ITERATIONS / Time: 0h:0m:32s

--------------------------------------------------------------------
|                    FINALIZING TREE SEARCH                        |
--------------------------------------------------------------------
Performs final model parameters optimization
Estimate model parameters (epsilon = 0.010)
1. Initial log-likelihood: -8925.231
Optimal log-likelihood: -8925.231
Parameters optimization took 1 rounds (0.006 sec)
BEST SCORE FOUND : -8925.231
Total tree length: 37.033

Total number of iterations: 305
CPU time used for tree search: 250.983 sec (0h:4m:10s)
Wall-clock time used for tree search: 32.197 sec (0h:0m:32s)
Total CPU time used: 251.581 sec (0h:4m:11s)
Total wall-clock time used: 32.288 sec (0h:0m:32s)

Analysis results written to: 
  IQ-TREE report:                simulations/alignments/Gal4_rtree64_bl3.0.tree_rep5_AA.fasta.iqtree
  Maximum-likelihood tree:       simulations/alignments/Gal4_rtree64_bl3.0.tree_rep5_AA.fasta.treefile
  Likelihood distances:          simulations/alignments/Gal4_rtree64_bl3.0.tree_rep5_AA.fasta.mldist
  Screen log file:               simulations/alignments/Gal4_rtree64_bl3.0.tree_rep5_AA.fasta.log

Date and Time: Mon Apr  1 17:06:16 2019
