IQ-TREE multicore version 1.6.7 for Linux 64-bit built Aug 23 2018
Developed by Bui Quang Minh, Nguyen Lam Tung, Olga Chernomor,
Heiko Schmidt, Dominik Schrempf, Michael Woodhams.

Host:    csm-com-003 (AVX2, FMA3, 62 GB RAM)
Command: iqtree -nt 8 -m hb_models/Gal4_HB.paml+G+F -s simulations/alignments/Gal4_rtree64_bl3.0.tree_rep3_AA.fasta -st AA
Seed:    599759 (Using SPRNG - Scalable Parallel Random Number Generator)
Time:    Mon Apr  1 17:04:09 2019
Kernel:  AVX+FMA - 8 threads (48 CPU cores detected)

Reading alignment file simulations/alignments/Gal4_rtree64_bl3.0.tree_rep3_AA.fasta ... Fasta format detected
Alignment most likely contains protein sequences
Alignment has 64 sequences with 64 columns, 64 distinct patterns
64 parsimony-informative, 0 singleton sites, 0 constant sites
     Gap/Ambiguity  Composition  p-value
   1  t45    0.00%    passed     90.36%
   2  t32    0.00%    passed     53.57%
   3  t10    0.00%    passed     52.66%
   4  t55    0.00%    passed     78.68%
   5  t5     0.00%    passed     72.06%
   6  t20    0.00%    passed     87.28%
   7  t38    0.00%    passed     97.58%
   8  t56    0.00%    passed     86.03%
   9  t12    0.00%    passed     50.65%
  10  t35    0.00%    passed     46.82%
  11  t4     0.00%    passed     90.66%
  12  t17    0.00%    passed     36.16%
  13  t49    0.00%    passed     97.56%
  14  t13    0.00%    passed     80.01%
  15  t53    0.00%    passed     38.98%
  16  t29    0.00%    passed     55.25%
  17  t41    0.00%    passed     65.00%
  18  t8     0.00%    passed     49.84%
  19  t59    0.00%    passed     58.75%
  20  t60    0.00%    passed     37.70%
  21  t7     0.00%    passed     97.71%
  22  t44    0.00%    passed     71.59%
  23  t64    0.00%    passed     65.14%
  24  t1     0.00%    passed     99.03%
  25  t58    0.00%    passed     50.25%
  26  t27    0.00%    passed     89.33%
  27  t52    0.00%    passed     90.93%
  28  t28    0.00%    passed     58.83%
  29  t57    0.00%    passed     65.77%
  30  t11    0.00%    passed     98.49%
  31  t16    0.00%    passed     34.18%
  32  t50    0.00%    passed     93.08%
  33  t24    0.00%    passed     94.81%
  34  t25    0.00%    passed     80.88%
  35  t36    0.00%    passed     61.09%
  36  t46    0.00%    passed     82.82%
  37  t26    0.00%    passed     50.26%
  38  t15    0.00%    passed     95.96%
  39  t14    0.00%    passed     33.45%
  40  t37    0.00%    passed     85.39%
  41  t22    0.00%    passed     78.17%
  42  t47    0.00%    passed     96.75%
  43  t54    0.00%    passed     26.88%
  44  t9     0.00%    passed     91.31%
  45  t6     0.00%    passed     97.92%
  46  t34    0.00%    passed     64.19%
  47  t61    0.00%    passed     72.58%
  48  t21    0.00%    passed     80.90%
  49  t2     0.00%    passed     24.56%
  50  t39    0.00%    passed     52.44%
  51  t30    0.00%    passed     25.94%
  52  t51    0.00%    passed     75.35%
  53  t63    0.00%    passed     62.98%
  54  t19    0.00%    passed     73.33%
  55  t40    0.00%    passed     75.73%
  56  t33    0.00%    passed     72.74%
  57  t62    0.00%    passed     98.66%
  58  t18    0.00%    passed     98.80%
  59  t31    0.00%    passed     83.81%
  60  t42    0.00%    passed     43.12%
  61  t3     0.00%    passed     94.56%
  62  t23    0.00%    passed     40.53%
  63  t48    0.00%    passed     92.06%
  64  t43    0.00%    passed     90.61%
****  TOTAL    0.00%  0 sequences failed composition chi2 test (p-value<5%; df=19)

Create initial parsimony tree by phylogenetic likelihood library (PLL)... 0.008 seconds
Reading model parameters from file hb_models/Gal4_HB.paml

NOTE: 3 MB RAM (0 GB) is required!
WARNING: Number of threads seems too high for short alignments. Use -nt AUTO to determine best number of threads.
Estimate model parameters (epsilon = 0.100)
1. Initial log-likelihood: -9694.945
2. Current log-likelihood: -8811.665
3. Current log-likelihood: -8799.531
4. Current log-likelihood: -8799.357
Optimal log-likelihood: -8799.355
Gamma shape alpha: 1.209
Parameters optimization took 4 rounds (0.084 sec)
Computing ML distances based on estimated model parameters... 1.857 sec
WARNING: Some pairwise ML distances are too long (saturated)
Computing BIONJ tree...
0.003 seconds
Log-likelihood of BIONJ tree: -8538.364
--------------------------------------------------------------------
|             INITIALIZING CANDIDATE TREE SET                      |
--------------------------------------------------------------------
Generating 98 parsimony trees... 1.084 second
Computing log-likelihood of 98 initial trees ... 2.010 seconds
Current best score: -8538.364

Do NNI search on 20 best initial trees
Estimate model parameters (epsilon = 0.100)
BETTER TREE FOUND at iteration 1: -8520.384
Iteration 10 / LogL: -8633.251 / Time: 0h:0m:8s
Iteration 20 / LogL: -8626.562 / Time: 0h:0m:12s
Finish initializing candidate tree set (20)
Current best tree score: -8520.384 / CPU time: 12.178
Number of iterations: 20
--------------------------------------------------------------------
|               OPTIMIZING CANDIDATE TREE SET                      |
--------------------------------------------------------------------
Estimate model parameters (epsilon = 0.100)
BETTER TREE FOUND at iteration 26: -8514.880
Estimate model parameters (epsilon = 0.100)
BETTER TREE FOUND at iteration 29: -8514.797
Iteration 30 / LogL: -8515.012 / Time: 0h:0m:15s (0h:0m:53s left)
Estimate model parameters (epsilon = 0.100)
BETTER TREE FOUND at iteration 31: -8514.137
Estimate model parameters (epsilon = 0.100)
BETTER TREE FOUND at iteration 34: -8513.008
Estimate model parameters (epsilon = 0.100)
BETTER TREE FOUND at iteration 37: -8512.838
Iteration 40 / LogL: -8526.137 / Time: 0h:0m:18s (0h:0m:46s left)
Estimate model parameters (epsilon = 0.100)
BETTER TREE FOUND at iteration 41: -8509.753
Estimate model parameters (epsilon = 0.100)
BETTER TREE FOUND at iteration 45: -8507.977
Iteration 50 / LogL: -8512.916 / Time: 0h:0m:21s (0h:0m:40s left)
Iteration 60 / LogL: -8509.159 / Time: 0h:0m:23s (0h:0m:33s left)
Estimate model parameters (epsilon = 0.100)
BETTER TREE FOUND at iteration 69: -8507.717
Iteration 70 / LogL: -8509.284 / Time: 0h:0m:25s (0h:0m:37s left)
Estimate model parameters (epsilon = 0.100)
BETTER TREE FOUND at iteration 79: -8506.931
Iteration 80 / LogL: -8507.491 / Time: 0h:0m:28s (0h:0m:35s left)
Estimate model parameters (epsilon = 0.100)
BETTER TREE FOUND at iteration 81: -8506.692
Iteration 90 / LogL: -8507.098 / Time: 0h:0m:30s (0h:0m:31s left)
Iteration 100 / LogL: -8520.937 / Time: 0h:0m:33s (0h:0m:27s left)
Iteration 110 / LogL: -8513.704 / Time: 0h:0m:35s (0h:0m:23s left)
Iteration 120 / LogL: -8507.345 / Time: 0h:0m:37s (0h:0m:19s left)
Iteration 130 / LogL: -8506.964 / Time: 0h:0m:40s (0h:0m:15s left)
Iteration 140 / LogL: -8518.530 / Time: 0h:0m:42s (0h:0m:12s left)
Iteration 150 / LogL: -8509.922 / Time: 0h:0m:44s (0h:0m:9s left)
Iteration 160 / LogL: -8508.033 / Time: 0h:0m:47s (0h:0m:6s left)
Estimate model parameters (epsilon = 0.100)
BETTER TREE FOUND at iteration 161: -8506.412
Iteration 170 / LogL: -8510.298 / Time: 0h:0m:49s (0h:0m:26s left)
Iteration 180 / LogL: -8509.569 / Time: 0h:0m:52s (0h:0m:23s left)
Iteration 190 / LogL: -8508.661 / Time: 0h:0m:54s (0h:0m:20s left)
Estimate model parameters (epsilon = 0.100)
BETTER TREE FOUND at iteration 198: -8506.314
Iteration 200 / LogL: -8506.351 / Time: 0h:0m:56s (0h:0m:27s left)
Iteration 210 / LogL: -8506.427 / Time: 0h:0m:58s (0h:0m:24s left)
Iteration 220 / LogL: -8506.458 / Time: 0h:1m:0s (0h:0m:21s left)
BETTER TREE FOUND at iteration 230: -8506.314
Iteration 230 / LogL: -8506.314 / Time: 0h:1m:2s (0h:0m:27s left)
BETTER TREE FOUND at iteration 239: -8506.314
Iteration 240 / LogL: -8526.198 / Time: 0h:1m:4s (0h:0m:26s left)
UPDATE BEST LOG-LIKELIHOOD: -8506.314
Iteration 250 / LogL: -8513.563 / Time: 0h:1m:6s (0h:0m:23s left)
Iteration 260 / LogL: -8506.322 / Time: 0h:1m:9s (0h:0m:21s left)
Iteration 270 / LogL: -8507.490 / Time: 0h:1m:11s (0h:0m:18s left)
Iteration 280 / LogL: -8511.280 / Time: 0h:1m:13s (0h:0m:15s left)
Iteration 290 / LogL: -8506.416 / Time: 0h:1m:15s (0h:0m:12s left)
Estimate model parameters (epsilon = 0.100)
BETTER TREE FOUND at iteration 296: -8505.693
Iteration 300 / LogL: -8505.740 / Time: 0h:1m:17s (0h:0m:24s left)
Iteration 310 / LogL: -8506.328 / Time: 0h:1m:19s (0h:0m:22s left)
Iteration 320 / LogL: -8508.850 / Time: 0h:1m:21s (0h:0m:19s left)
Estimate model parameters (epsilon = 0.100)
BETTER TREE FOUND at iteration 328: -8505.612
Iteration 330 / LogL: -8514.825 / Time: 0h:1m:24s (0h:0m:25s left)
Iteration 340 / LogL: -8507.041 / Time: 0h:1m:26s (0h:0m:22s left)
Iteration 350 / LogL: -8508.682 / Time: 0h:1m:28s (0h:0m:19s left)
Iteration 360 / LogL: -8526.016 / Time: 0h:1m:30s (0h:0m:17s left)
Iteration 370 / LogL: -8511.514 / Time: 0h:1m:32s (0h:0m:14s left)
Estimate model parameters (epsilon = 0.100)
BETTER TREE FOUND at iteration 372: -8505.267
Iteration 380 / LogL: -8508.573 / Time: 0h:1m:34s (0h:0m:22s left)
Estimate model parameters (epsilon = 0.100)
BETTER TREE FOUND at iteration 382: -8504.839
UPDATE BEST LOG-LIKELIHOOD: -8504.839
Iteration 390 / LogL: -8504.839 / Time: 0h:1m:36s (0h:0m:22s left)
Iteration 400 / LogL: -8505.283 / Time: 0h:1m:39s (0h:0m:20s left)
Estimate model parameters (epsilon = 0.100)
BETTER TREE FOUND at iteration 410: -8504.419
Iteration 410 / LogL: -8504.419 / Time: 0h:1m:41s (0h:0m:24s left)
Iteration 420 / LogL: -8504.514 / Time: 0h:1m:43s (0h:0m:22s left)
Iteration 430 / LogL: -8506.777 / Time: 0h:1m:46s (0h:0m:19s left)
Estimate model parameters (epsilon = 0.100)
BETTER TREE FOUND at iteration 432: -8504.367
Iteration 440 / LogL: -8504.420 / Time: 0h:1m:48s (0h:0m:22s left)
Iteration 450 / LogL: -8506.469 / Time: 0h:1m:50s (0h:0m:20s left)
Iteration 460 / LogL: -8516.941 / Time: 0h:1m:53s (0h:0m:17s left)
Iteration 470 / LogL: -8504.494 / Time: 0h:1m:56s (0h:0m:15s left)
Iteration 480 / LogL: -8506.464 / Time: 0h:1m:58s (0h:0m:12s left)
Iteration 490 / LogL: -8517.626 / Time: 0h:2m:0s (0h:0m:10s left)
Iteration 500 / LogL: -8504.810 / Time: 0h:2m:3s (0h:0m:7s left)
Iteration 510 / LogL: -8504.863 / Time: 0h:2m:5s (0h:0m:5s left)
Iteration 520 / LogL: -8522.678 / Time: 0h:2m:8s (0h:0m:2s left)
Iteration 530 / LogL: -8505.059 / Time: 0h:2m:10s (0h:0m:0s left)
TREE SEARCH COMPLETED AFTER 533 ITERATIONS / Time: 0h:2m:11s

--------------------------------------------------------------------
|                    FINALIZING TREE SEARCH                        |
--------------------------------------------------------------------
Performs final model parameters optimization
Estimate model parameters (epsilon = 0.010)
1. Initial log-likelihood: -8504.367
Optimal log-likelihood: -8504.367
Gamma shape alpha: 1.587
Parameters optimization took 1 rounds (0.014 sec)
BEST SCORE FOUND : -8504.367
Total tree length: 64.724

Total number of iterations: 533
CPU time used for tree search: 1040.463 sec (0h:17m:20s)
Wall-clock time used for tree search: 131.285 sec (0h:2m:11s)
Total CPU time used: 1043.689 sec (0h:17m:23s)
Total wall-clock time used: 131.704 sec (0h:2m:11s)

Analysis results written to: 
  IQ-TREE report:                simulations/alignments/Gal4_rtree64_bl3.0.tree_rep3_AA.fasta.iqtree
  Maximum-likelihood tree:       simulations/alignments/Gal4_rtree64_bl3.0.tree_rep3_AA.fasta.treefile
  Likelihood distances:          simulations/alignments/Gal4_rtree64_bl3.0.tree_rep3_AA.fasta.mldist
  Screen log file:               simulations/alignments/Gal4_rtree64_bl3.0.tree_rep3_AA.fasta.log

Date and Time: Mon Apr  1 17:06:21 2019
