IQ-TREE multicore version 1.6.7 for Linux 64-bit built Aug 23 2018
Developed by Bui Quang Minh, Nguyen Lam Tung, Olga Chernomor,
Heiko Schmidt, Dominik Schrempf, Michael Woodhams.

Host:    csm-com-003 (AVX2, FMA3, 62 GB RAM)
Command: iqtree -nt 8 -m pogofit_models/NP_rtree64_bl0.3.tree_rep3_AA.dat.POGOFIT.paml+G -s simulations/alignments/NP_rtree64_bl0.3.tree_rep3_AA.fasta -st AA
Seed:    980427 (Using SPRNG - Scalable Parallel Random Number Generator)
Time:    Mon Apr  1 16:50:23 2019
Kernel:  AVX+FMA - 8 threads (48 CPU cores detected)

Reading alignment file simulations/alignments/NP_rtree64_bl0.3.tree_rep3_AA.fasta ... Fasta format detected
Alignment most likely contains protein sequences
Alignment has 64 sequences with 498 columns, 497 distinct patterns
483 parsimony-informative, 12 singleton sites, 3 constant sites
     Gap/Ambiguity  Composition  p-value
   1  t45    0.00%    passed     45.64%
   2  t32    0.00%    passed     98.28%
   3  t10    0.00%    passed     78.66%
   4  t55    0.00%    passed     98.33%
   5  t5     0.00%    passed     22.41%
   6  t20    0.00%    passed     89.53%
   7  t38    0.00%    passed     99.83%
   8  t56    0.00%    passed     97.47%
   9  t12    0.00%    passed     86.20%
  10  t35    0.00%    passed     98.86%
  11  t4     0.00%    passed     99.12%
  12  t17    0.00%    passed     73.43%
  13  t49    0.00%    passed     82.92%
  14  t13    0.00%    passed     97.35%
  15  t53    0.00%    passed     86.04%
  16  t29    0.00%    passed     84.03%
  17  t41    0.00%    passed     80.71%
  18  t8     0.00%    passed     35.75%
  19  t59    0.00%    passed     56.66%
  20  t60    0.00%    passed     93.04%
  21  t7     0.00%    passed     90.26%
  22  t44    0.00%    passed     61.04%
  23  t64    0.00%    passed     24.59%
  24  t1     0.00%    passed     96.22%
  25  t58    0.00%    passed     82.54%
  26  t27    0.00%    passed     72.93%
  27  t52    0.00%    passed     87.07%
  28  t28    0.00%    passed     93.59%
  29  t57    0.00%    passed     99.71%
  30  t11    0.00%    passed     97.26%
  31  t16    0.00%    passed     21.35%
  32  t50    0.00%    passed     61.79%
  33  t24    0.00%    passed     93.98%
  34  t25    0.00%    passed     82.43%
  35  t36    0.00%    passed     96.44%
  36  t46    0.00%    passed     74.97%
  37  t26    0.00%    passed     84.71%
  38  t15    0.00%    passed     99.44%
  39  t14    0.00%    passed     89.86%
  40  t37    0.00%    passed     83.62%
  41  t22    0.00%    passed     69.81%
  42  t47    0.00%    passed     93.42%
  43  t54    0.00%    passed     74.03%
  44  t9     0.00%    passed     99.70%
  45  t6     0.00%    passed     99.90%
  46  t34    0.00%    passed     91.57%
  47  t61    0.00%    passed     92.68%
  48  t21    0.00%    passed     94.54%
  49  t2     0.00%    passed     98.43%
  50  t39    0.00%    passed     54.05%
  51  t30    0.00%    passed     70.22%
  52  t51    0.00%    passed     68.99%
  53  t63    0.00%    passed     99.83%
  54  t19    0.00%    passed     98.64%
  55  t40    0.00%    passed     96.38%
  56  t33    0.00%    passed     96.92%
  57  t62    0.00%    passed     72.82%
  58  t18    0.00%    passed     83.46%
  59  t31    0.00%    passed     57.63%
  60  t42    0.00%    passed     34.79%
  61  t3     0.00%    passed     56.45%
  62  t23    0.00%    passed     44.53%
  63  t48    0.00%    passed     94.03%
  64  t43    0.00%    passed     99.63%
****  TOTAL    0.00%  0 sequences failed composition chi2 test (p-value<5%; df=19)

Create initial parsimony tree by phylogenetic likelihood library (PLL)... 0.015 seconds
Reading model parameters from file pogofit_models/NP_rtree64_bl0.3.tree_rep3_AA.dat.POGOFIT.paml

NOTE: 20 MB RAM (0 GB) is required!
Estimate model parameters (epsilon = 0.100)
1. Initial log-likelihood: -38547.484
2. Current log-likelihood: -38394.757
3. Current log-likelihood: -38325.877
4. Current log-likelihood: -38316.810
Optimal log-likelihood: -38316.731
Gamma shape alpha: 3.995
Parameters optimization took 4 rounds (0.330 sec)
Computing ML distances based on estimated model parameters... 1.360 sec
Computing BIONJ tree...
0.004 seconds
Log-likelihood of BIONJ tree: -38316.728
--------------------------------------------------------------------
|             INITIALIZING CANDIDATE TREE SET                      |
--------------------------------------------------------------------
Generating 99 parsimony trees... 1.621 second
Computing log-likelihood of 99 initial trees ... 3.381 seconds
Current best score: -38316.728

Do NNI search on 20 best initial trees
Estimate model parameters (epsilon = 0.100)
BETTER TREE FOUND at iteration 1: -38316.728
Iteration 10 / LogL: -38317.710 / Time: 0h:0m:7s
Iteration 20 / LogL: -38318.919 / Time: 0h:0m:10s
Finish initializing candidate tree set (1)
Current best tree score: -38316.728 / CPU time: 9.558
Number of iterations: 20
--------------------------------------------------------------------
|               OPTIMIZING CANDIDATE TREE SET                      |
--------------------------------------------------------------------
Iteration 30 / LogL: -38317.124 / Time: 0h:0m:12s (0h:0m:31s left)
Iteration 40 / LogL: -38316.999 / Time: 0h:0m:15s (0h:0m:24s left)
Iteration 50 / LogL: -38317.189 / Time: 0h:0m:18s (0h:0m:18s left)
Iteration 60 / LogL: -38316.990 / Time: 0h:0m:20s (0h:0m:14s left)
Iteration 70 / LogL: -38317.053 / Time: 0h:0m:23s (0h:0m:10s left)
Iteration 80 / LogL: -38316.774 / Time: 0h:0m:26s (0h:0m:6s left)
Iteration 90 / LogL: -38316.880 / Time: 0h:0m:28s (0h:0m:3s left)
Iteration 100 / LogL: -38316.802 / Time: 0h:0m:31s (0h:0m:0s left)
TREE SEARCH COMPLETED AFTER 102 ITERATIONS / Time: 0h:0m:31s

--------------------------------------------------------------------
|                    FINALIZING TREE SEARCH                        |
--------------------------------------------------------------------
Performs final model parameters optimization
Estimate model parameters (epsilon = 0.010)
1. Initial log-likelihood: -38316.728
Optimal log-likelihood: -38316.728
Gamma shape alpha: 3.985
Parameters optimization took 1 rounds (0.040 sec)
BEST SCORE FOUND : -38316.728
Total tree length: 16.400

Total number of iterations: 102
CPU time used for tree search: 239.984 sec (0h:3m:59s)
Wall-clock time used for tree search: 31.348 sec (0h:0m:31s)
Total CPU time used: 245.089 sec (0h:4m:5s)
Total wall-clock time used: 32.011 sec (0h:0m:32s)

Analysis results written to: 
  IQ-TREE report:                simulations/alignments/NP_rtree64_bl0.3.tree_rep3_AA.fasta.iqtree
  Maximum-likelihood tree:       simulations/alignments/NP_rtree64_bl0.3.tree_rep3_AA.fasta.treefile
  Likelihood distances:          simulations/alignments/NP_rtree64_bl0.3.tree_rep3_AA.fasta.mldist
  Screen log file:               simulations/alignments/NP_rtree64_bl0.3.tree_rep3_AA.fasta.log

Date and Time: Mon Apr  1 16:50:56 2019
