IQ-TREE multicore version 1.6.7 for Linux 64-bit built Aug 23 2018
Developed by Bui Quang Minh, Nguyen Lam Tung, Olga Chernomor,
Heiko Schmidt, Dominik Schrempf, Michael Woodhams.

Host:    csm-com-002 (AVX2, FMA3, 62 GB RAM)
Command: iqtree -nt 8 -m mtREV+G4 -s simulations/alignments/NP_rtree64_bl3.0.tree_rep2_AA.fasta -st AA
Seed:    308350 (Using SPRNG - Scalable Parallel Random Number Generator)
Time:    Mon Apr  1 13:13:46 2019
Kernel:  AVX+FMA - 8 threads (48 CPU cores detected)

Reading alignment file simulations/alignments/NP_rtree64_bl3.0.tree_rep2_AA.fasta ... Fasta format detected
Alignment most likely contains protein sequences
Alignment has 64 sequences with 498 columns, 498 distinct patterns
498 parsimony-informative, 0 singleton sites, 0 constant sites
     Gap/Ambiguity  Composition  p-value
   1  t45    0.00%    passed     52.79%
   2  t32    0.00%    passed     68.68%
   3  t10    0.00%    passed     36.72%
   4  t55    0.00%    passed     74.71%
   5  t5     0.00%    passed     24.83%
   6  t20    0.00%    passed     32.96%
   7  t38    0.00%    passed     56.79%
   8  t56    0.00%    passed     83.53%
   9  t12    0.00%    passed     90.93%
  10  t35    0.00%    passed     89.51%
  11  t4     0.00%    passed     59.32%
  12  t17    0.00%    passed     46.97%
  13  t49    0.00%    passed     30.94%
  14  t13    0.00%    passed     60.12%
  15  t53    0.00%    passed     61.80%
  16  t29    0.00%    passed     30.21%
  17  t41    0.00%    passed     95.20%
  18  t8     0.00%    passed     91.56%
  19  t59    0.00%    passed     20.05%
  20  t60    0.00%    passed     41.79%
  21  t7     0.00%    passed     42.18%
  22  t44    0.00%    passed     71.88%
  23  t64    0.00%    passed     34.49%
  24  t1     0.00%    passed     39.29%
  25  t58    0.00%    passed     16.12%
  26  t27    0.00%    passed     37.52%
  27  t52    0.00%    passed     69.88%
  28  t28    0.00%    passed     65.43%
  29  t57    0.00%    passed     73.52%
  30  t11    0.00%    passed     86.67%
  31  t16    0.00%    passed     97.45%
  32  t50    0.00%    passed     46.11%
  33  t24    0.00%    passed     17.66%
  34  t25    0.00%    passed     76.00%
  35  t36    0.00%    passed     77.75%
  36  t46    0.00%    passed     69.04%
  37  t26    0.00%    passed     51.25%
  38  t15    0.00%    passed     81.54%
  39  t14    0.00%    passed     72.05%
  40  t37    0.00%    passed     46.53%
  41  t22    0.00%    passed     41.14%
  42  t47    0.00%    passed     30.13%
  43  t54    0.00%    passed     49.80%
  44  t9     0.00%    passed     91.88%
  45  t6     0.00%    passed     51.75%
  46  t34    0.00%    passed     70.73%
  47  t61    0.00%    passed     65.56%
  48  t21    0.00%    passed     48.89%
  49  t2     0.00%    passed     54.84%
  50  t39    0.00%    passed     83.23%
  51  t30    0.00%    passed     32.83%
  52  t51    0.00%    passed     65.81%
  53  t63    0.00%    passed     39.40%
  54  t19    0.00%    passed     52.67%
  55  t40    0.00%    passed     74.75%
  56  t33    0.00%    passed     70.18%
  57  t62    0.00%    passed      9.89%
  58  t18    0.00%    passed     53.75%
  59  t31    0.00%    passed     43.22%
  60  t42    0.00%    passed     76.07%
  61  t3     0.00%    passed     64.67%
  62  t23    0.00%    passed     76.37%
  63  t48    0.00%    passed     87.78%
  64  t43    0.00%    passed     76.81%
****  TOTAL    0.00%  0 sequences failed composition chi2 test (p-value<5%; df=19)

Create initial parsimony tree by phylogenetic likelihood library (PLL)... 0.044 seconds

NOTE: 20 MB RAM (0 GB) is required!
Estimate model parameters (epsilon = 0.100)
1. Initial log-likelihood: -81928.360
2. Current log-likelihood: -80475.206
3. Current log-likelihood: -80286.954
4. Current log-likelihood: -80264.520
5. Current log-likelihood: -80262.370
6. Current log-likelihood: -80262.130
Optimal log-likelihood: -80262.068
Gamma shape alpha: 1.431
Parameters optimization took 6 rounds (0.396 sec)
Computing ML distances based on estimated model parameters... 3.590 sec
WARNING: Some pairwise ML distances are too long (saturated)
Computing BIONJ tree...
0.004 seconds
Log-likelihood of BIONJ tree: -80094.263
--------------------------------------------------------------------
|             INITIALIZING CANDIDATE TREE SET                      |
--------------------------------------------------------------------
Generating 98 parsimony trees... 3.607 second
Computing log-likelihood of 98 initial trees ... 3.678 seconds
Current best score: -80094.263

Do NNI search on 20 best initial trees
Estimate model parameters (epsilon = 0.100)
BETTER TREE FOUND at iteration 1: -80045.131
Iteration 10 / LogL: -80065.596 / Time: 0h:0m:15s
Iteration 20 / LogL: -80131.064 / Time: 0h:0m:22s
Finish initializing candidate tree set (20)
Current best tree score: -80045.131 / CPU time: 21.281
Number of iterations: 20
--------------------------------------------------------------------
|               OPTIMIZING CANDIDATE TREE SET                      |
--------------------------------------------------------------------
Estimate model parameters (epsilon = 0.100)
BETTER TREE FOUND at iteration 21: -80038.683
Estimate model parameters (epsilon = 0.100)
BETTER TREE FOUND at iteration 24: -80030.010
Estimate model parameters (epsilon = 0.100)
BETTER TREE FOUND at iteration 27: -80024.046
Iteration 30 / LogL: -80034.591 / Time: 0h:0m:26s (0h:1m:29s left)
Estimate model parameters (epsilon = 0.100)
BETTER TREE FOUND at iteration 31: -80019.802
Estimate model parameters (epsilon = 0.100)
BETTER TREE FOUND at iteration 35: -80017.377
Estimate model parameters (epsilon = 0.100)
BETTER TREE FOUND at iteration 38: -80010.682
Iteration 40 / LogL: -80014.858 / Time: 0h:0m:31s (0h:1m:18s left)
Estimate model parameters (epsilon = 0.100)
BETTER TREE FOUND at iteration 41: -80010.499
Iteration 50 / LogL: -80010.554 / Time: 0h:0m:34s (0h:1m:4s left)
Estimate model parameters (epsilon = 0.100)
BETTER TREE FOUND at iteration 57: -80006.238
Iteration 60 / LogL: -80013.328 / Time: 0h:0m:38s (0h:1m:3s left)
Estimate model parameters (epsilon = 0.100)
BETTER TREE FOUND at iteration 61: -80005.299
Estimate model parameters (epsilon = 0.100)
BETTER TREE FOUND at iteration 62: -80000.676
Estimate model parameters (epsilon = 0.100)
BETTER TREE FOUND at iteration 64: -79992.650
Iteration 70 / LogL: -79992.839 / Time: 0h:0m:42s (0h:0m:57s left)
Iteration 80 / LogL: -79993.605 / Time: 0h:0m:46s (0h:0m:48s left)
Iteration 90 / LogL: -79995.737 / Time: 0h:0m:49s (0h:0m:41s left)
Iteration 100 / LogL: -79997.294 / Time: 0h:0m:53s (0h:0m:34s left)
Iteration 110 / LogL: -80000.521 / Time: 0h:0m:56s (0h:0m:28s left)
Estimate model parameters (epsilon = 0.100)
BETTER TREE FOUND at iteration 114: -79992.489
Iteration 120 / LogL: -79995.096 / Time: 0h:1m:0s (0h:0m:47s left)
Iteration 130 / LogL: -79996.620 / Time: 0h:1m:3s (0h:0m:41s left)
Iteration 140 / LogL: -79992.774 / Time: 0h:1m:7s (0h:0m:35s left)
Estimate model parameters (epsilon = 0.100)
BETTER TREE FOUND at iteration 142: -79991.921
Estimate model parameters (epsilon = 0.100)
BETTER TREE FOUND at iteration 149: -79991.502
Iteration 150 / LogL: -79995.458 / Time: 0h:1m:11s (0h:0m:47s left)
Estimate model parameters (epsilon = 0.100)
BETTER TREE FOUND at iteration 156: -79990.036
Iteration 160 / LogL: -79991.609 / Time: 0h:1m:15s (0h:0m:45s left)
Iteration 170 / LogL: -79992.627 / Time: 0h:1m:19s (0h:0m:40s left)
Iteration 180 / LogL: -79997.543 / Time: 0h:1m:23s (0h:0m:35s left)
Estimate model parameters (epsilon = 0.100)
BETTER TREE FOUND at iteration 183: -79988.985
Estimate model parameters (epsilon = 0.100)
BETTER TREE FOUND at iteration 190: -79988.221
Iteration 190 / LogL: -79988.221 / Time: 0h:1m:26s (0h:0m:45s left)
Estimate model parameters (epsilon = 0.100)
BETTER TREE FOUND at iteration 193: -79988.020
Estimate model parameters (epsilon = 0.100)
BETTER TREE FOUND at iteration 197: -79986.836
Iteration 200 / LogL: -79990.405 / Time: 0h:1m:30s (0h:0m:44s left)
Iteration 210 / LogL: -79994.855 / Time: 0h:1m:34s (0h:0m:39s left)
Estimate model parameters (epsilon = 0.100)
BETTER TREE FOUND at iteration 220: -79985.352
Iteration 220 / LogL: -79985.352 / Time: 0h:1m:37s (0h:0m:44s left)
Estimate model parameters (epsilon = 0.100)
BETTER TREE FOUND at iteration 225: -79983.889
Iteration 230 / LogL: -79984.515 / Time: 0h:1m:41s (0h:0m:42s left)
Iteration 240 / LogL: -79987.282 / Time: 0h:1m:44s (0h:0m:37s left)
Estimate model parameters (epsilon = 0.100)
BETTER TREE FOUND at iteration 246: -79983.562
Estimate model parameters (epsilon = 0.100)
BETTER TREE FOUND at iteration 248: -79983.210
Iteration 250 / LogL: -79984.198 / Time: 0h:1m:48s (0h:0m:42s left)
Iteration 260 / LogL: -79983.681 / Time: 0h:1m:51s (0h:0m:38s left)
Iteration 270 / LogL: -79986.742 / Time: 0h:1m:55s (0h:0m:33s left)
Estimate model parameters (epsilon = 0.100)
BETTER TREE FOUND at iteration 279: -79981.251
Iteration 280 / LogL: -79982.262 / Time: 0h:1m:58s (0h:0m:42s left)
Estimate model parameters (epsilon = 0.100)
BETTER TREE FOUND at iteration 283: -79977.121
Iteration 290 / LogL: -79994.810 / Time: 0h:2m:2s (0h:0m:39s left)
Estimate model parameters (epsilon = 0.100)
BETTER TREE FOUND at iteration 293: -79977.078
Iteration 300 / LogL: -79988.746 / Time: 0h:2m:6s (0h:0m:39s left)
Estimate model parameters (epsilon = 0.100)
BETTER TREE FOUND at iteration 302: -79976.902
Iteration 310 / LogL: -80008.169 / Time: 0h:2m:9s (0h:0m:38s left)
Estimate model parameters (epsilon = 0.100)
BETTER TREE FOUND at iteration 319: -79976.776
Estimate model parameters (epsilon = 0.100)
BETTER TREE FOUND at iteration 320: -79976.499
Iteration 320 / LogL: -79976.499 / Time: 0h:2m:13s (0h:0m:41s left)
Iteration 330 / LogL: -79982.371 / Time: 0h:2m:16s (0h:0m:37s left)
Estimate model parameters (epsilon = 0.100)
BETTER TREE FOUND at iteration 338: -79976.302
Estimate model parameters (epsilon = 0.100)
BETTER TREE FOUND at iteration 340: -79976.135
Iteration 340 / LogL: -79976.135 / Time: 0h:2m:20s (0h:0m:41s left)
Iteration 350 / LogL: -79979.270 / Time: 0h:2m:23s (0h:0m:37s left)
Iteration 360 / LogL: -80004.303 / Time: 0h:2m:27s (0h:0m:32s left)
Iteration 370 / LogL: -79978.995 / Time: 0h:2m:30s (0h:0m:28s left)
Iteration 380 / LogL: -79979.687 / Time: 0h:2m:34s (0h:0m:24s left)
Iteration 390 / LogL: -79983.069 / Time: 0h:2m:37s (0h:0m:20s left)
Iteration 400 / LogL: -79982.175 / Time: 0h:2m:41s (0h:0m:16s left)
Iteration 410 / LogL: -79976.762 / Time: 0h:2m:44s (0h:0m:12s left)
Estimate model parameters (epsilon = 0.100)
UPDATE BEST LOG-LIKELIHOOD: -79976.103
Estimate model parameters (epsilon = 0.100)
BETTER TREE FOUND at iteration 418: -79975.952
Iteration 420 / LogL: -79976.338 / Time: 0h:2m:48s (0h:0m:39s left)
Estimate model parameters (epsilon = 0.100)
BETTER TREE FOUND at iteration 421: -79975.487
Estimate model parameters (epsilon = 0.100)
BETTER TREE FOUND at iteration 427: -79974.268
Iteration 430 / LogL: -79998.252 / Time: 0h:2m:51s (0h:0m:38s left)
Iteration 440 / LogL: -79979.586 / Time: 0h:2m:55s (0h:0m:34s left)
Iteration 450 / LogL: -79979.660 / Time: 0h:2m:58s (0h:0m:30s left)
Iteration 460 / LogL: -79985.049 / Time: 0h:3m:2s (0h:0m:26s left)
Iteration 470 / LogL: -79983.143 / Time: 0h:3m:5s (0h:0m:22s left)
Iteration 480 / LogL: -79974.393 / Time: 0h:3m:9s (0h:0m:18s left)
Estimate model parameters (epsilon = 0.100)
BETTER TREE FOUND at iteration 484: -79973.116
Iteration 490 / LogL: -79980.695 / Time: 0h:3m:12s (0h:0m:36s left)
Iteration 500 / LogL: -79988.341 / Time: 0h:3m:15s (0h:0m:32s left)
Iteration 510 / LogL: -79973.131 / Time: 0h:3m:19s (0h:0m:29s left)
Estimate model parameters (epsilon = 0.100)
BETTER TREE FOUND at iteration 518: -79972.451
Iteration 520 / LogL: -79972.621 / Time: 0h:3m:23s (0h:0m:38s left)
Iteration 530 / LogL: -79973.216 / Time: 0h:3m:26s (0h:0m:34s left)
Iteration 540 / LogL: -79973.384 / Time: 0h:3m:30s (0h:0m:30s left)
Iteration 550 / LogL: -79973.666 / Time: 0h:3m:33s (0h:0m:26s left)
Iteration 560 / LogL: -79987.781 / Time: 0h:3m:37s (0h:0m:22s left)
Iteration 570 / LogL: -79980.865 / Time: 0h:3m:41s (0h:0m:18s left)
Estimate model parameters (epsilon = 0.100)
BETTER TREE FOUND at iteration 575: -79972.106
Iteration 580 / LogL: -79974.830 / Time: 0h:3m:45s (0h:0m:36s left)
Iteration 590 / LogL: -79986.693 / Time: 0h:3m:48s (0h:0m:32s left)
Iteration 600 / LogL: -79993.047 / Time: 0h:3m:52s (0h:0m:29s left)
Estimate model parameters (epsilon = 0.100)
BETTER TREE FOUND at iteration 608: -79969.966
Iteration 610 / LogL: -79972.152 / Time: 0h:3m:55s (0h:0m:37s left)
Estimate model parameters (epsilon = 0.100)
BETTER TREE FOUND at iteration 619: -79967.111
Iteration 620 / LogL: -79976.117 / Time: 0h:3m:59s (0h:0m:38s left)
Iteration 630 / LogL: -79984.629 / Time: 0h:4m:2s (0h:0m:34s left)
Iteration 640 / LogL: -79993.459 / Time: 0h:4m:6s (0h:0m:30s left)
Iteration 650 / LogL: -79967.111 / Time: 0h:4m:10s (0h:0m:26s left)
Iteration 660 / LogL: -79968.301 / Time: 0h:4m:15s (0h:0m:22s left)
Iteration 670 / LogL: -79967.111 / Time: 0h:4m:19s (0h:0m:18s left)
Iteration 680 / LogL: -79968.301 / Time: 0h:4m:23s (0h:0m:15s left)
Iteration 690 / LogL: -79973.885 / Time: 0h:4m:27s (0h:0m:11s left)
Iteration 700 / LogL: -79969.013 / Time: 0h:4m:31s (0h:0m:7s left)
Iteration 710 / LogL: -79976.832 / Time: 0h:4m:35s (0h:0m:3s left)
Iteration 720 / LogL: -79990.757 / Time: 0h:4m:39s (0h:0m:-1s left)
TREE SEARCH COMPLETED AFTER 720 ITERATIONS / Time: 0h:4m:39s

--------------------------------------------------------------------
|                    FINALIZING TREE SEARCH                        |
--------------------------------------------------------------------
Performs final model parameters optimization
Estimate model parameters (epsilon = 0.010)
1. Initial log-likelihood: -79967.111
Optimal log-likelihood: -79967.111
Gamma shape alpha: 1.394
Parameters optimization took 1 rounds (0.040 sec)
BEST SCORE FOUND : -79967.111
Total tree length: 169.727

Total number of iterations: 720
CPU time used for tree search: 2196.861 sec (0h:36m:36s)
Wall-clock time used for tree search: 278.374 sec (0h:4m:38s)
Total CPU time used: 2205.574 sec (0h:36m:45s)
Total wall-clock time used: 279.517 sec (0h:4m:39s)

Analysis results written to: 
  IQ-TREE report:                simulations/alignments/NP_rtree64_bl3.0.tree_rep2_AA.fasta.iqtree
  Maximum-likelihood tree:       simulations/alignments/NP_rtree64_bl3.0.tree_rep2_AA.fasta.treefile
  Likelihood distances:          simulations/alignments/NP_rtree64_bl3.0.tree_rep2_AA.fasta.mldist
  Screen log file:               simulations/alignments/NP_rtree64_bl3.0.tree_rep2_AA.fasta.log

Date and Time: Mon Apr  1 13:18:25 2019
