IQ-TREE multicore version 1.6.7 for Linux 64-bit built Aug 23 2018
Developed by Bui Quang Minh, Nguyen Lam Tung, Olga Chernomor,
Heiko Schmidt, Dominik Schrempf, Michael Woodhams.

Host:    csm-com-002 (AVX2, FMA3, 62 GB RAM)
Command: iqtree -nt 8 -m Poisson -s simulations/alignments/NP_rtree64_bl3.0.tree_rep2_AA.fasta -st AA
Seed:    660306 (Using SPRNG - Scalable Parallel Random Number Generator)
Time:    Mon Apr  1 16:50:55 2019
Kernel:  AVX+FMA - 8 threads (48 CPU cores detected)

Reading alignment file simulations/alignments/NP_rtree64_bl3.0.tree_rep2_AA.fasta ... Fasta format detected
Alignment most likely contains protein sequences
Alignment has 64 sequences with 498 columns, 498 distinct patterns
498 parsimony-informative, 0 singleton sites, 0 constant sites
     Gap/Ambiguity  Composition  p-value
   1  t45    0.00%    passed     52.79%
   2  t32    0.00%    passed     68.68%
   3  t10    0.00%    passed     36.72%
   4  t55    0.00%    passed     74.71%
   5  t5     0.00%    passed     24.83%
   6  t20    0.00%    passed     32.96%
   7  t38    0.00%    passed     56.79%
   8  t56    0.00%    passed     83.53%
   9  t12    0.00%    passed     90.93%
  10  t35    0.00%    passed     89.51%
  11  t4     0.00%    passed     59.32%
  12  t17    0.00%    passed     46.97%
  13  t49    0.00%    passed     30.94%
  14  t13    0.00%    passed     60.12%
  15  t53    0.00%    passed     61.80%
  16  t29    0.00%    passed     30.21%
  17  t41    0.00%    passed     95.20%
  18  t8     0.00%    passed     91.56%
  19  t59    0.00%    passed     20.05%
  20  t60    0.00%    passed     41.79%
  21  t7     0.00%    passed     42.18%
  22  t44    0.00%    passed     71.88%
  23  t64    0.00%    passed     34.49%
  24  t1     0.00%    passed     39.29%
  25  t58    0.00%    passed     16.12%
  26  t27    0.00%    passed     37.52%
  27  t52    0.00%    passed     69.88%
  28  t28    0.00%    passed     65.43%
  29  t57    0.00%    passed     73.52%
  30  t11    0.00%    passed     86.67%
  31  t16    0.00%    passed     97.45%
  32  t50    0.00%    passed     46.11%
  33  t24    0.00%    passed     17.66%
  34  t25    0.00%    passed     76.00%
  35  t36    0.00%    passed     77.75%
  36  t46    0.00%    passed     69.04%
  37  t26    0.00%    passed     51.25%
  38  t15    0.00%    passed     81.54%
  39  t14    0.00%    passed     72.05%
  40  t37    0.00%    passed     46.53%
  41  t22    0.00%    passed     41.14%
  42  t47    0.00%    passed     30.13%
  43  t54    0.00%    passed     49.80%
  44  t9     0.00%    passed     91.88%
  45  t6     0.00%    passed     51.75%
  46  t34    0.00%    passed     70.73%
  47  t61    0.00%    passed     65.56%
  48  t21    0.00%    passed     48.89%
  49  t2     0.00%    passed     54.84%
  50  t39    0.00%    passed     83.23%
  51  t30    0.00%    passed     32.83%
  52  t51    0.00%    passed     65.81%
  53  t63    0.00%    passed     39.40%
  54  t19    0.00%    passed     52.67%
  55  t40    0.00%    passed     74.75%
  56  t33    0.00%    passed     70.18%
  57  t62    0.00%    passed      9.89%
  58  t18    0.00%    passed     53.75%
  59  t31    0.00%    passed     43.22%
  60  t42    0.00%    passed     76.07%
  61  t3     0.00%    passed     64.67%
  62  t23    0.00%    passed     76.37%
  63  t48    0.00%    passed     87.78%
  64  t43    0.00%    passed     76.81%
****  TOTAL    0.00%  0 sequences failed composition chi2 test (p-value<5%; df=19)

Create initial parsimony tree by phylogenetic likelihood library (PLL)... 0.037 seconds

NOTE: 5 MB RAM (0 GB) is required!
Estimate model parameters (epsilon = 0.100)
1. Initial log-likelihood: -81866.061
Optimal log-likelihood: -79843.549
Parameters optimization took 1 rounds (0.049 sec)
Computing ML distances based on estimated model parameters... 0.122 sec
Computing BIONJ tree...
0.004 seconds
Log-likelihood of BIONJ tree: -79748.412
--------------------------------------------------------------------
|             INITIALIZING CANDIDATE TREE SET                      |
--------------------------------------------------------------------
Generating 98 parsimony trees... 3.784 second
Computing log-likelihood of 98 initial trees ... 1.857 seconds
Current best score: -79748.412

Do NNI search on 20 best initial trees
Estimate model parameters (epsilon = 0.100)
BETTER TREE FOUND at iteration 1: -79672.965
Iteration 10 / LogL: -79754.241 / Time: 0h:0m:7s
Iteration 20 / LogL: -79759.314 / Time: 0h:0m:8s
Finish initializing candidate tree set (20)
Current best tree score: -79672.965 / CPU time: 8.708
Number of iterations: 20
--------------------------------------------------------------------
|               OPTIMIZING CANDIDATE TREE SET                      |
--------------------------------------------------------------------
Estimate model parameters (epsilon = 0.100)
BETTER TREE FOUND at iteration 27: -79671.529
Iteration 30 / LogL: -79673.978 / Time: 0h:0m:10s (0h:0m:35s left)
Estimate model parameters (epsilon = 0.100)
BETTER TREE FOUND at iteration 31: -79661.401
Estimate model parameters (epsilon = 0.100)
BETTER TREE FOUND at iteration 35: -79659.409
Estimate model parameters (epsilon = 0.100)
BETTER TREE FOUND at iteration 36: -79652.704
Iteration 40 / LogL: -79654.611 / Time: 0h:0m:12s (0h:0m:29s left)
Estimate model parameters (epsilon = 0.100)
BETTER TREE FOUND at iteration 47: -79648.793
Estimate model parameters (epsilon = 0.100)
BETTER TREE FOUND at iteration 48: -79648.250
Iteration 50 / LogL: -79655.874 / Time: 0h:0m:13s (0h:0m:27s left)
Estimate model parameters (epsilon = 0.100)
BETTER TREE FOUND at iteration 53: -79645.993
Iteration 60 / LogL: -79648.321 / Time: 0h:0m:15s (0h:0m:24s left)
Estimate model parameters (epsilon = 0.100)
BETTER TREE FOUND at iteration 61: -79645.134
Estimate model parameters (epsilon = 0.100)
BETTER TREE FOUND at iteration 64: -79644.903
Estimate model parameters (epsilon = 0.100)
BETTER TREE FOUND at iteration 65: -79644.315
Iteration 70 / LogL: -79657.597 / Time: 0h:0m:16s (0h:0m:23s left)
Estimate model parameters (epsilon = 0.100)
BETTER TREE FOUND at iteration 74: -79640.063
Estimate model parameters (epsilon = 0.100)
BETTER TREE FOUND at iteration 75: -79639.490
Estimate model parameters (epsilon = 0.100)
BETTER TREE FOUND at iteration 79: -79639.365
Iteration 80 / LogL: -79642.999 / Time: 0h:0m:18s (0h:0m:23s left)
Estimate model parameters (epsilon = 0.100)
BETTER TREE FOUND at iteration 82: -79637.122
Iteration 90 / LogL: -79642.497 / Time: 0h:0m:20s (0h:0m:20s left)
Estimate model parameters (epsilon = 0.100)
BETTER TREE FOUND at iteration 99: -79636.294
Iteration 100 / LogL: -79636.876 / Time: 0h:0m:21s (0h:0m:21s left)
Estimate model parameters (epsilon = 0.100)
BETTER TREE FOUND at iteration 110: -79629.331
Iteration 110 / LogL: -79629.331 / Time: 0h:0m:23s (0h:0m:21s left)
Estimate model parameters (epsilon = 0.100)
BETTER TREE FOUND at iteration 120: -79628.972
Iteration 120 / LogL: -79628.972 / Time: 0h:0m:24s (0h:0m:20s left)
Estimate model parameters (epsilon = 0.100)
BETTER TREE FOUND at iteration 121: -79622.007
Iteration 130 / LogL: -79642.450 / Time: 0h:0m:26s (0h:0m:18s left)
Iteration 140 / LogL: -79622.084 / Time: 0h:0m:28s (0h:0m:16s left)
Iteration 150 / LogL: -79622.884 / Time: 0h:0m:29s (0h:0m:14s left)
Iteration 160 / LogL: -79628.018 / Time: 0h:0m:31s (0h:0m:11s left)
Iteration 170 / LogL: -79623.023 / Time: 0h:0m:32s (0h:0m:9s left)
Iteration 180 / LogL: -79622.107 / Time: 0h:0m:34s (0h:0m:7s left)
Iteration 190 / LogL: -79622.075 / Time: 0h:0m:36s (0h:0m:5s left)
Estimate model parameters (epsilon = 0.100)
BETTER TREE FOUND at iteration 192: -79618.860
Iteration 200 / LogL: -79622.495 / Time: 0h:0m:37s (0h:0m:17s left)
Estimate model parameters (epsilon = 0.100)
BETTER TREE FOUND at iteration 208: -79618.568
Estimate model parameters (epsilon = 0.100)
BETTER TREE FOUND at iteration 210: -79617.572
Iteration 210 / LogL: -79617.572 / Time: 0h:0m:39s (0h:0m:18s left)
Estimate model parameters (epsilon = 0.100)
BETTER TREE FOUND at iteration 213: -79614.645
Iteration 220 / LogL: -79616.165 / Time: 0h:0m:41s (0h:0m:17s left)
Iteration 230 / LogL: -79638.420 / Time: 0h:0m:42s (0h:0m:15s left)
Iteration 240 / LogL: -79615.611 / Time: 0h:0m:44s (0h:0m:13s left)
Estimate model parameters (epsilon = 0.100)
BETTER TREE FOUND at iteration 247: -79614.330
Iteration 250 / LogL: -79616.621 / Time: 0h:0m:45s (0h:0m:17s left)
Iteration 260 / LogL: -79626.756 / Time: 0h:0m:47s (0h:0m:15s left)
Iteration 270 / LogL: -79618.543 / Time: 0h:0m:48s (0h:0m:13s left)
Estimate model parameters (epsilon = 0.100)
UPDATE BEST LOG-LIKELIHOOD: -79614.243
Iteration 280 / LogL: -79614.423 / Time: 0h:0m:50s (0h:0m:12s left)
Iteration 290 / LogL: -79617.021 / Time: 0h:0m:52s (0h:0m:10s left)
Estimate model parameters (epsilon = 0.100)
BETTER TREE FOUND at iteration 298: -79613.741
Iteration 300 / LogL: -79621.417 / Time: 0h:0m:53s (0h:0m:17s left)
Iteration 310 / LogL: -79617.216 / Time: 0h:0m:55s (0h:0m:15s left)
Iteration 320 / LogL: -79614.565 / Time: 0h:0m:56s (0h:0m:13s left)
Iteration 330 / LogL: -79614.142 / Time: 0h:0m:58s (0h:0m:12s left)
Iteration 340 / LogL: -79651.794 / Time: 0h:0m:59s (0h:0m:10s left)
Iteration 350 / LogL: -79613.959 / Time: 0h:1m:1s (0h:0m:8s left)
Iteration 360 / LogL: -79614.411 / Time: 0h:1m:3s (0h:0m:6s left)
Iteration 370 / LogL: -79629.821 / Time: 0h:1m:4s (0h:0m:4s left)
Iteration 380 / LogL: -79614.032 / Time: 0h:1m:6s (0h:0m:3s left)
Iteration 390 / LogL: -79628.352 / Time: 0h:1m:7s (0h:0m:1s left)
TREE SEARCH COMPLETED AFTER 399 ITERATIONS / Time: 0h:1m:8s

--------------------------------------------------------------------
|                    FINALIZING TREE SEARCH                        |
--------------------------------------------------------------------
Performs final model parameters optimization
Estimate model parameters (epsilon = 0.010)
1. Initial log-likelihood: -79613.741
Optimal log-likelihood: -79613.741
Parameters optimization took 1 rounds (0.012 sec)
BEST SCORE FOUND : -79613.741
Total tree length: 52.654

Total number of iterations: 399
CPU time used for tree search: 523.404 sec (0h:8m:43s)
Wall-clock time used for tree search: 68.668 sec (0h:1m:8s)
Total CPU time used: 524.471 sec (0h:8m:44s)
Total wall-clock time used: 68.843 sec (0h:1m:8s)

Analysis results written to: 
  IQ-TREE report:                simulations/alignments/NP_rtree64_bl3.0.tree_rep2_AA.fasta.iqtree
  Maximum-likelihood tree:       simulations/alignments/NP_rtree64_bl3.0.tree_rep2_AA.fasta.treefile
  Likelihood distances:          simulations/alignments/NP_rtree64_bl3.0.tree_rep2_AA.fasta.mldist
  Screen log file:               simulations/alignments/NP_rtree64_bl3.0.tree_rep2_AA.fasta.log

Date and Time: Mon Apr  1 16:52:04 2019
