IQ-TREE multicore version 1.6.7 for Linux 64-bit built Aug 23 2018
Developed by Bui Quang Minh, Nguyen Lam Tung, Olga Chernomor,
Heiko Schmidt, Dominik Schrempf, Michael Woodhams.

Host:    csm-com-008 (AVX2, FMA3, 62 GB RAM)
Command: iqtree -nt 8 -m Dayhoff+I -s /csm_data/spielman_lab/dms_modelselection//simulations/alignments_empirical/Gal4_spiralia_rep7_AA.fasta -st AA
Seed:    351694 (Using SPRNG - Scalable Parallel Random Number Generator)
Time:    Tue Apr 16 13:06:51 2019
Kernel:  AVX+FMA - 8 threads (48 CPU cores detected)

Reading alignment file /csm_data/spielman_lab/dms_modelselection//simulations/alignments_empirical/Gal4_spiralia_rep7_AA.fasta ... Fasta format detected
Alignment most likely contains protein sequences
Alignment has 103 sequences with 64 columns, 62 distinct patterns
50 parsimony-informative, 7 singleton sites, 7 constant sites
                                Gap/Ambiguity  Composition  p-value
   1  Adineta_vaga                      0.00%    passed     99.90%
   2  Rotaria_rotatoria                 0.00%    passed     99.69%
   3  Lepadella_patella                 0.00%    passed     99.99%
   4  Brachionus_plicatilis             0.00%    passed     97.55%
   5  Brachionus_manjavacas             0.00%    passed     97.55%
   6  Rhabdopleura_compacta             0.00%    passed    100.00%
   7  Ptychodera_flava                  0.00%    passed     99.99%
   8  SchizocardiumCalif_cl             0.00%    passed     99.94%
   9  Sackow                            0.00%    passed     99.71%
  10  Patmin                            0.00%    passed    100.00%
  11  Parastichopus_parvimensis         0.00%    passed     99.48%
  12  Strpur                            0.00%    passed     99.99%
  13  Florometra_serratissima           0.00%    passed    100.00%
  14  Calmil                            0.00%    passed     99.94%
  15  HUMAN                             0.00%    passed     99.98%
  16  LATCH                             0.00%    passed     99.68%
  17  LEPOC                             0.00%    passed     99.64%
  18  Petromyzon_marins                 0.00%    passed     99.74%
  19  Halocynthia_roretzi               0.00%    passed     99.99%
  20  Molgula_tectiformis               0.00%    passed    100.00%
  21  CIOIN                             0.00%    passed     99.87%
  22  Asymmetron_lucayanum              0.00%    passed     99.94%
  23  BraLan                            0.00%    passed    100.00%
  24  Leucoselenia_complicata           0.00%    passed    100.00%
  25  Sycon_ciliatum                    0.00%    passed     99.98%
  26  Oscarella_carmella                0.00%    passed     99.88%
  27  AMPQE                             0.00%    passed     99.98%
  28  Ephidatia_mulleri                 0.00%    passed    100.00%
  29  NEMVE                             0.00%    passed    100.00%
  30  Acropora_digitifera               0.00%    passed    100.00%
  31  Aurelia_aurita                    0.00%    passed     99.93%
  32  Clytia_hemisphaerica              0.00%    passed     99.64%
  33  Isodiametra_pulchra               0.00%    failed      0.00%
  34  Childia_submaculatum              0.00%    passed     92.63%
  35  Diopisthoporus_gymnopharyngeus    0.00%    passed     83.09%
  36  Hofstenia_miamia                  0.00%    passed    100.00%
  37  Meara_stichopi                    0.00%    passed     99.87%
  38  Nemertoderma_westbladi            0.00%    passed     99.81%
  39  Xenoturbella_profunda             0.00%    passed    100.00%
  40  Xenoturbella_bocki                0.00%    passed    100.00%
  41  TRICA                             0.00%    passed     99.69%
  42  DROME                             0.00%    passed     99.56%
  43  Apis_mellifera                    0.00%    passed     99.77%
  44  Daphnia_pulex                     0.00%    passed     99.99%
  45  Eudigraphis_taiwaniensis          0.00%    passed    100.00%
  46  STRMM                             0.00%    passed     99.82%
  47  Mesobuthus_martensii              0.00%    passed     88.50%
  48  Limulus_polyphemus                0.00%    passed    100.00%
  49  Peripatopsis_capensis             0.00%    passed    100.00%
  50  Enoplus_brevis                    0.00%    passed     98.87%
  51  Romanomermis_culicivorax          0.00%    passed     99.99%
  52  Ramazzottius_varieornatus         0.00%    passed     99.30%
  53  Hypsibius_dujardini               0.00%    passed     99.79%
  54  Priapulus_caudatus                0.00%    passed     99.92%
  55  Halicryptus_spinulosus            0.00%    passed    100.00%
  56  Tubiluchus_corallicola            0.00%    passed    100.00%
  57  Lepidodermella_squamata           0.00%    passed     99.49%
  58  Diuronotus_aspetos                0.00%    passed     99.75%
  59  Macrodasys_sp                     0.00%    passed     99.97%
  60  Megadasys_sp                      0.00%    passed    100.00%
  61  Catenulida_sp                     0.00%    passed     99.47%
  62  Stylochoplana_maculata            0.00%    passed    100.00%
  63  Stylochus_ellipticus              0.00%    passed     99.58%
  64  Macrostomum_lignano               0.00%    passed     82.31%
  65  LOTGI                             0.00%    passed     99.95%
  66  Aplysia_californica               0.00%    passed    100.00%
  67  CRAGI                             0.00%    passed     99.96%
  68  Leptochiton_rugatus               0.00%    passed     99.99%
  69  Neomenia_megatrapezata            0.00%    passed     99.82%
  70  CAPI1                             0.00%    passed    100.00%
  71  Lumbricus_terrestris              0.00%    passed    100.00%
  72  Nephtys_caeca                     0.00%    passed    100.00%
  73  Owenia_fusiformis                 0.00%    passed    100.00%
  74  Lineus_longissimus                0.00%    passed    100.00%
  75  Paranemertes_peregrina            0.00%    passed    100.00%
  76  Malacobdella_grossa               0.00%    passed    100.00%
  77  Tubulanus_polymorphus             0.00%    passed    100.00%
  78  Cephalothrix_linearis             0.00%    passed    100.00%
  79  Hemithiris_psittacea              0.00%    passed    100.00%
  80  Terebratalia_transversa           0.00%    passed    100.00%
  81  Glottidia_pyramidata              0.00%    passed    100.00%
  82  Linana                            0.00%    passed    100.00%
  83  Phoronopsis_harmeri               0.00%    passed     99.96%
  84  Phoronis_vancouverensis           0.00%    passed    100.00%
  85  Phoronis_psammophila              0.00%    passed    100.00%
  86  Membranipora_membranacea          0.00%    passed     99.57%
  87  Bugula_neritina                   0.00%    passed     99.82%
  88  Loxosoma_pectinaricola            0.00%    passed    100.00%
  89  Barentsia_gracilis                0.00%    passed     99.99%
  90  Sagitta_gazellae                  0.00%    passed    100.00%
  91  Sagitta_setosa                    0.00%    passed     99.51%
  92  Pterosagitta_draco                0.00%    passed     99.88%
  93  Sagitta_elegans                   0.00%    passed     99.99%
  94  Sagitta_serratodentata            0.00%    passed     99.96%
  95  Sagitta_hexaptera                 0.00%    passed     99.99%
  96  Krohnitta_sp                      0.00%    passed     99.99%
  97  Paraspadella_ovovivipara          0.00%    passed    100.00%
  98  Pargo1                            0.00%    passed    100.00%
  99  Spadella_cephaloptera             0.00%    passed    100.00%
 100  Eukrohnia_hamata                  0.00%    passed     99.99%
 101  Gnathostomula_paradoxa            0.00%    passed     99.96%
 102  Austrognathia_sp                  0.00%    passed     99.97%
 103  Limnognathia_maerski              0.00%    passed    100.00%
****  TOTAL                             0.00%  1 sequences failed composition chi2 test (p-value<5%; df=19)
NOTE: Brachionus_manjavacas is identical to Brachionus_plicatilis but kept for subsequent analysis
NOTE: Pargo1 is identical to Paraspadella_ovovivipara but kept for subsequent analysis

Create initial parsimony tree by phylogenetic likelihood library (PLL)... 0.017 seconds

NOTE: 1 MB RAM (0 GB) is required!
WARNING: Number of threads seems too high for short alignments. Use -nt AUTO to determine best number of threads.
Estimate model parameters (epsilon = 0.100)
1. Initial log-likelihood: -3339.729
2. Current log-likelihood: -3290.622
3. Current log-likelihood: -3290.223
Optimal log-likelihood: -3290.143
Proportion of invariable sites: 0.104
Parameters optimization took 3 rounds (0.051 sec)
Computing ML distances based on estimated model parameters... 0.765 sec
Computing BIONJ tree...
0.008 seconds
Log-likelihood of BIONJ tree: -3268.743
--------------------------------------------------------------------
|             INITIALIZING CANDIDATE TREE SET                      |
--------------------------------------------------------------------
Generating 98 parsimony trees... 1.513 second
Computing log-likelihood of 98 initial trees ... 1.640 seconds
Current best score: -3265.449

Do NNI search on 20 best initial trees
Estimate model parameters (epsilon = 0.100)
BETTER TREE FOUND at iteration 1: -3248.655
Iteration 10 / LogL: -3251.935 / Time: 0h:0m:4s
Iteration 20 / LogL: -3261.050 / Time: 0h:0m:6s
Finish initializing candidate tree set (20)
Current best tree score: -3248.655 / CPU time: 6.389
Number of iterations: 20
--------------------------------------------------------------------
|               OPTIMIZING CANDIDATE TREE SET                      |
--------------------------------------------------------------------
Iteration 30 / LogL: -3263.549 / Time: 0h:0m:8s (0h:0m:20s left)
Estimate model parameters (epsilon = 0.100)
BETTER TREE FOUND at iteration 31: -3246.652
Estimate model parameters (epsilon = 0.100)
BETTER TREE FOUND at iteration 36: -3245.523
Estimate model parameters (epsilon = 0.100)
BETTER TREE FOUND at iteration 38: -3243.681
Iteration 40 / LogL: -3252.317 / Time: 0h:0m:10s (0h:0m:26s left)
Estimate model parameters (epsilon = 0.100)
BETTER TREE FOUND at iteration 48: -3240.009
Iteration 50 / LogL: -3253.069 / Time: 0h:0m:12s (0h:0m:24s left)
Estimate model parameters (epsilon = 0.100)
BETTER TREE FOUND at iteration 56: -3239.653
Iteration 60 / LogL: -3246.598 / Time: 0h:0m:13s (0h:0m:22s left)
Estimate model parameters (epsilon = 0.100)
BETTER TREE FOUND at iteration 63: -3236.679
Estimate model parameters (epsilon = 0.100)
BETTER TREE FOUND at iteration 66: -3236.062
Estimate model parameters (epsilon = 0.100)
BETTER TREE FOUND at iteration 67: -3229.143
Estimate model parameters (epsilon = 0.100)
BETTER TREE FOUND at iteration 69: -3228.393
Iteration 70 / LogL: -3236.438 / Time: 0h:0m:15s (0h:0m:22s left)
Estimate model parameters (epsilon = 0.100)
BETTER TREE FOUND at iteration 79: -3228.266
Estimate model parameters (epsilon = 0.100)
BETTER TREE FOUND at iteration 80: -3224.749
Iteration 80 / LogL: -3224.749 / Time: 0h:0m:17s (0h:0m:22s left)
Iteration 90 / LogL: -3224.750 / Time: 0h:0m:19s (0h:0m:19s left)
Iteration 100 / LogL: -3232.453 / Time: 0h:0m:21s (0h:0m:17s left)
BETTER TREE FOUND at iteration 106: -3224.749
Iteration 110 / LogL: -3225.188 / Time: 0h:0m:23s (0h:0m:20s left)
BETTER TREE FOUND at iteration 112: -3224.749
BETTER TREE FOUND at iteration 117: -3224.749
Iteration 120 / LogL: -3224.750 / Time: 0h:0m:25s (0h:0m:20s left)
Iteration 130 / LogL: -3233.074 / Time: 0h:0m:27s (0h:0m:18s left)
Iteration 140 / LogL: -3229.004 / Time: 0h:0m:28s (0h:0m:15s left)
Iteration 150 / LogL: -3227.241 / Time: 0h:0m:30s (0h:0m:13s left)
Iteration 160 / LogL: -3229.095 / Time: 0h:0m:32s (0h:0m:11s left)
Iteration 170 / LogL: -3230.011 / Time: 0h:0m:34s (0h:0m:9s left)
Iteration 180 / LogL: -3229.005 / Time: 0h:0m:36s (0h:0m:7s left)
Estimate model parameters (epsilon = 0.100)
BETTER TREE FOUND at iteration 190: -3223.279
Iteration 190 / LogL: -3223.279 / Time: 0h:0m:38s (0h:0m:20s left)
BETTER TREE FOUND at iteration 194: -3223.279
Iteration 200 / LogL: -3230.884 / Time: 0h:0m:40s (0h:0m:19s left)
Iteration 210 / LogL: -3223.717 / Time: 0h:0m:42s (0h:0m:16s left)
BETTER TREE FOUND at iteration 214: -3223.279
Iteration 220 / LogL: -3223.279 / Time: 0h:0m:44s (0h:0m:18s left)
Iteration 230 / LogL: -3223.280 / Time: 0h:0m:46s (0h:0m:16s left)
Iteration 240 / LogL: -3227.627 / Time: 0h:0m:47s (0h:0m:14s left)
Iteration 250 / LogL: -3223.280 / Time: 0h:0m:49s (0h:0m:12s left)
Iteration 260 / LogL: -3226.200 / Time: 0h:0m:51s (0h:0m:10s left)
BETTER TREE FOUND at iteration 262: -3223.279
Iteration 270 / LogL: -3223.279 / Time: 0h:0m:53s (0h:0m:18s left)
Iteration 280 / LogL: -3223.279 / Time: 0h:0m:55s (0h:0m:16s left)
Iteration 290 / LogL: -3223.280 / Time: 0h:0m:57s (0h:0m:14s left)
Iteration 300 / LogL: -3233.078 / Time: 0h:0m:59s (0h:0m:12s left)
Iteration 310 / LogL: -3226.075 / Time: 0h:1m:1s (0h:0m:10s left)
Iteration 320 / LogL: -3225.642 / Time: 0h:1m:3s (0h:0m:8s left)
BETTER TREE FOUND at iteration 330: -3223.279
Iteration 330 / LogL: -3223.279 / Time: 0h:1m:5s (0h:0m:19s left)
Iteration 340 / LogL: -3237.075 / Time: 0h:1m:6s (0h:0m:17s left)
Iteration 350 / LogL: -3228.204 / Time: 0h:1m:8s (0h:0m:15s left)
Iteration 360 / LogL: -3254.378 / Time: 0h:1m:10s (0h:0m:13s left)
Iteration 370 / LogL: -3223.279 / Time: 0h:1m:12s (0h:0m:11s left)
Iteration 380 / LogL: -3226.929 / Time: 0h:1m:14s (0h:0m:9s left)
Iteration 390 / LogL: -3223.279 / Time: 0h:1m:16s (0h:0m:7s left)
Iteration 400 / LogL: -3233.919 / Time: 0h:1m:18s (0h:0m:5s left)
BETTER TREE FOUND at iteration 406: -3223.278
Iteration 410 / LogL: -3223.716 / Time: 0h:1m:20s (0h:0m:18s left)
Iteration 420 / LogL: -3223.279 / Time: 0h:1m:22s (0h:0m:16s left)
Iteration 430 / LogL: -3236.652 / Time: 0h:1m:24s (0h:0m:14s left)
Iteration 440 / LogL: -3223.529 / Time: 0h:1m:26s (0h:0m:12s left)
Iteration 450 / LogL: -3223.279 / Time: 0h:1m:28s (0h:0m:10s left)
Iteration 460 / LogL: -3226.194 / Time: 0h:1m:29s (0h:0m:8s left)
Iteration 470 / LogL: -3250.388 / Time: 0h:1m:31s (0h:0m:7s left)
Iteration 480 / LogL: -3231.917 / Time: 0h:1m:33s (0h:0m:5s left)
Iteration 490 / LogL: -3227.757 / Time: 0h:1m:35s (0h:0m:3s left)
Iteration 500 / LogL: -3223.813 / Time: 0h:1m:37s (0h:0m:1s left)
TREE SEARCH COMPLETED AFTER 507 ITERATIONS / Time: 0h:1m:38s

--------------------------------------------------------------------
|                    FINALIZING TREE SEARCH                        |
--------------------------------------------------------------------
Performs final model parameters optimization
Estimate model parameters (epsilon = 0.010)
1. Initial log-likelihood: -3223.278
Optimal log-likelihood: -3223.278
Proportion of invariable sites: 0.109
Parameters optimization took 1 rounds (0.009 sec)
BEST SCORE FOUND : -3223.278
Total tree length: 8.500

Total number of iterations: 507
CPU time used for tree search: 778.929 sec (0h:12m:58s)
Wall-clock time used for tree search: 98.690 sec (0h:1m:38s)
Total CPU time used: 780.527 sec (0h:13m:0s)
Total wall-clock time used: 98.913 sec (0h:1m:38s)

Analysis results written to: 
  IQ-TREE report:                /csm_data/spielman_lab/dms_modelselection//simulations/alignments_empirical/Gal4_spiralia_rep7_AA.fasta.iqtree
  Maximum-likelihood tree:       /csm_data/spielman_lab/dms_modelselection//simulations/alignments_empirical/Gal4_spiralia_rep7_AA.fasta.treefile
  Likelihood distances:          /csm_data/spielman_lab/dms_modelselection//simulations/alignments_empirical/Gal4_spiralia_rep7_AA.fasta.mldist
  Screen log file:               /csm_data/spielman_lab/dms_modelselection//simulations/alignments_empirical/Gal4_spiralia_rep7_AA.fasta.log

Date and Time: Tue Apr 16 13:08:30 2019
