IQ-TREE multicore version 1.6.7 for Linux 64-bit built Aug 23 2018
Developed by Bui Quang Minh, Nguyen Lam Tung, Olga Chernomor,
Heiko Schmidt, Dominik Schrempf, Michael Woodhams.

Host:    csm-com-010 (AVX2, FMA3, 62 GB RAM)
Command: iqtree -nt 8 -m mtART -s /csm_data/spielman_lab/dms_modelselection//simulations/alignments_empirical/Gal4_salichos_rep8_AA.fasta -st AA
Seed:    522095 (Using SPRNG - Scalable Parallel Random Number Generator)
Time:    Tue Apr 16 11:55:59 2019
Kernel:  AVX+FMA - 8 threads (48 CPU cores detected)

Reading alignment file /csm_data/spielman_lab/dms_modelselection//simulations/alignments_empirical/Gal4_salichos_rep8_AA.fasta ... Fasta format detected
Alignment most likely contains protein sequences
Alignment has 23 sequences with 64 columns, 64 distinct patterns
51 parsimony-informative, 9 singleton sites, 4 constant sites
      Gap/Ambiguity  Composition  p-value
   1  Agos    0.00%    passed     98.69%
   2  Klac    0.00%    passed     74.96%
   3  Calb    0.00%    passed     99.58%
   4  Cdub    0.00%    passed     99.58%
   5  Ctro    0.00%    passed     84.12%
   6  Cpar    0.00%    passed     97.40%
   7  Lelo    0.00%    passed     96.73%
   8  Psti    0.00%    passed     99.99%
   9  Cgui    0.00%    passed     95.84%
  10  Dhan    0.00%    passed     89.48%
  11  Clus    0.00%    passed     14.72%
  12  Cgla    0.00%    passed     54.46%
  13  Sbay    0.00%    passed     99.62%
  14  Scer    0.00%    passed     95.93%
  15  Spar    0.00%    passed     94.22%
  16  Smik    0.00%    passed     96.11%
  17  Skud    0.00%    passed     99.78%
  18  Scas    0.00%    passed     32.76%
  19  Kpol    0.00%    passed     93.78%
  20  Zrou    0.00%    passed     98.19%
  21  Kthe    0.00%    passed     99.52%
  22  Kwal    0.00%    passed     99.43%
  23  Sklu    0.00%    passed     89.93%
****  TOTAL    0.00%  0 sequences failed composition chi2 test (p-value<5%; df=19)

Create initial parsimony tree by phylogenetic likelihood library (PLL)... 0.002 seconds

NOTE: 0 MB RAM (0 GB) is required!
WARNING: Number of threads seems too high for short alignments. Use -nt AUTO to determine best number of threads.
Estimate model parameters (epsilon = 0.100)
1. Initial log-likelihood: -2382.427
Optimal log-likelihood: -2351.983
Parameters optimization took 1 rounds (0.005 sec)
Computing ML distances based on estimated model parameters... 0.069 sec
Computing BIONJ tree...
0.002 seconds
Log-likelihood of BIONJ tree: -2351.948
--------------------------------------------------------------------
|             INITIALIZING CANDIDATE TREE SET                      |
--------------------------------------------------------------------
Generating 98 parsimony trees... 0.181 second
Computing log-likelihood of 98 initial trees ... 0.383 seconds
Current best score: -2340.496

Do NNI search on 20 best initial trees
Estimate model parameters (epsilon = 0.100)
BETTER TREE FOUND at iteration 1: -2328.740
Estimate model parameters (epsilon = 0.100)
BETTER TREE FOUND at iteration 6: -2327.174
Iteration 10 / LogL: -2334.165 / Time: 0h:0m:0s
Iteration 20 / LogL: -2330.321 / Time: 0h:0m:1s
Finish initializing candidate tree set (15)
Current best tree score: -2327.174 / CPU time: 1.123
Number of iterations: 20
--------------------------------------------------------------------
|               OPTIMIZING CANDIDATE TREE SET                      |
--------------------------------------------------------------------
Estimate model parameters (epsilon = 0.100)
BETTER TREE FOUND at iteration 25: -2323.185
Iteration 30 / LogL: -2332.745 / Time: 0h:0m:1s (0h:0m:4s left)
Iteration 40 / LogL: -2329.465 / Time: 0h:0m:1s (0h:0m:4s left)
Iteration 50 / LogL: -2327.682 / Time: 0h:0m:2s (0h:0m:3s left)
Iteration 60 / LogL: -2323.209 / Time: 0h:0m:2s (0h:0m:3s left)
Iteration 70 / LogL: -2323.252 / Time: 0h:0m:3s (0h:0m:2s left)
Iteration 80 / LogL: -2323.287 / Time: 0h:0m:3s (0h:0m:1s left)
Iteration 90 / LogL: -2323.246 / Time: 0h:0m:3s (0h:0m:1s left)
Iteration 100 / LogL: -2323.187 / Time: 0h:0m:4s (0h:0m:1s left)
Iteration 110 / LogL: -2323.194 / Time: 0h:0m:4s (0h:0m:0s left)
Iteration 120 / LogL: -2323.247 / Time: 0h:0m:4s (0h:0m:0s left)
TREE SEARCH COMPLETED AFTER 126 ITERATIONS / Time: 0h:0m:5s

--------------------------------------------------------------------
|                    FINALIZING TREE SEARCH                        |
--------------------------------------------------------------------
Performs final model parameters optimization
Estimate model parameters (epsilon = 0.010)
1. Initial log-likelihood: -2323.185
Optimal log-likelihood: -2323.185
Parameters optimization took 1 rounds (0.002 sec)
BEST SCORE FOUND : -2323.185
Total tree length: 11.214

Total number of iterations: 126
CPU time used for tree search: 40.313 sec (0h:0m:40s)
Wall-clock time used for tree search: 5.050 sec (0h:0m:5s)
Total CPU time used: 40.539 sec (0h:0m:40s)
Total wall-clock time used: 5.088 sec (0h:0m:5s)

Analysis results written to: 
  IQ-TREE report:                /csm_data/spielman_lab/dms_modelselection//simulations/alignments_empirical/Gal4_salichos_rep8_AA.fasta.iqtree
  Maximum-likelihood tree:       /csm_data/spielman_lab/dms_modelselection//simulations/alignments_empirical/Gal4_salichos_rep8_AA.fasta.treefile
  Likelihood distances:          /csm_data/spielman_lab/dms_modelselection//simulations/alignments_empirical/Gal4_salichos_rep8_AA.fasta.mldist
  Screen log file:               /csm_data/spielman_lab/dms_modelselection//simulations/alignments_empirical/Gal4_salichos_rep8_AA.fasta.log

Date and Time: Tue Apr 16 11:56:04 2019
