IQ-TREE multicore version 1.6.7 for Linux 64-bit built Aug 23 2018
Developed by Bui Quang Minh, Nguyen Lam Tung, Olga Chernomor,
Heiko Schmidt, Dominik Schrempf, Michael Woodhams.

Host:    csm-com-012 (AVX2, FMA3, 62 GB RAM)
Command: iqtree -nt 8 -m mtInv+F+I -s /csm_data/spielman_lab/dms_modelselection//simulations/alignments_empirical/Gal4_dosreis_rep20_AA.fasta -st AA
Seed:    923128 (Using SPRNG - Scalable Parallel Random Number Generator)
Time:    Tue Apr 16 15:17:02 2019
Kernel:  AVX+FMA - 8 threads (48 CPU cores detected)

Reading alignment file /csm_data/spielman_lab/dms_modelselection//simulations/alignments_empirical/Gal4_dosreis_rep20_AA.fasta ... Fasta format detected
Alignment most likely contains protein sequences
Alignment has 274 sequences with 64 columns, 64 distinct patterns
57 parsimony-informative, 6 singleton sites, 1 constant sites
                              Gap/Ambiguity  Composition  p-value
   1  Phacochoerus_africanus          0.00%    passed     86.21%
   2  Sus_scrofa                      0.00%    passed     90.28%
   3  Cavia_porcellus                 0.00%    passed     99.15%
   4  Thryonomys_swinderianus         0.00%    passed     86.06%
   5  Rattus_norvegicus               0.00%    passed     99.96%
   6  Rattus_tanezumi                 0.00%    passed     99.96%
   7  Rattus_rattus                   0.00%    passed     98.65%
   8  Rattus_exulans                  0.00%    passed     99.96%
   9  Rattus_praetor                  0.00%    passed     98.79%
  10  Mus_musculus                    0.00%    passed     99.93%
  11  Mus_terricolor                  0.00%    passed     99.72%
  12  Microtus_kikuchii               0.00%    passed     68.38%
  13  Microtus_rossiaemeridionalis    0.00%    passed     95.79%
  14  Proedromys_sp.                  0.00%    passed     96.60%
  15  Eothenomys_chinensis            0.00%    passed     93.42%
  16  Cricetulus_griseus              0.00%    passed     97.94%
  17  Tscherskia_triton               0.00%    passed     92.09%
  18  Mesocricetus_auratus            0.00%    passed     69.89%
  19  Nannospalax_ehrenbergi          0.00%    passed     97.68%
  20  Jaculus_jaculus                 0.00%    passed     99.04%
  21  Myoxus_glis                     0.00%    passed     88.92%
  22  Sciurus_vulgaris                0.00%    passed    100.00%
  23  Anomalurus_sp.                  0.00%    passed     99.99%
  24  Oryctolagus_cuniculus           0.00%    passed     99.94%
  25  Lepus_europaeus                 0.00%    passed     99.98%
  26  Ochotona_collaris               0.00%    passed    100.00%
  27  Ochotona_princeps               0.00%    passed    100.00%
  28  Ochotona_curzoniae              0.00%    passed    100.00%
  29  Pan_troglodytes                 0.00%    passed     37.87%
  30  Pan_paniscus                    0.00%    passed     96.48%
  31  Homo_sapiens                    0.00%    passed     98.89%
  32  Gorilla_gorilla                 0.00%    passed     96.48%
  33  Pongo_pygmaeus                  0.00%    passed     97.91%
  34  Pongo_abelii                    0.00%    passed     97.94%
  35  Hylobates_lar                   0.00%    passed     99.85%
  36  Hylobates_agilis                0.00%    passed     99.85%
  37  Hylobates_pileatus              0.00%    passed     99.94%
  38  Nomascus_siki                   0.00%    passed     99.92%
  39  Symphalangus_syndactylus        0.00%    passed     99.37%
  40  Papio_hamadryas                 0.00%    passed    100.00%
  41  Macaca_sylvanus                 0.00%    passed    100.00%
  42  Macaca_mulatta                  0.00%    passed     99.96%
  43  Macaca_fascicularis             0.00%    passed     69.30%
  44  Macaca_thibetana                0.00%    passed     99.91%
  45  Chlorocebus_aethiops            0.00%    passed     99.83%
  46  Chlorocebus_tantalus            0.00%    passed     99.83%
  47  Chlorocebus_pygerythrus         0.00%    passed     99.83%
  48  Chlorocebus_sabaeus             0.00%    passed     99.43%
  49  Trachypithecus_obscurus         0.00%    passed     99.38%
  50  Presbytis_melalophos            0.00%    passed     99.48%
  51  Nasalis_larvatus                0.00%    passed     83.72%
  52  Pygathrix_roxellana             0.00%    passed     96.59%
  53  Pygathrix_nemaeus               0.00%    passed     75.20%
  54  Semnopithecus_entellus          0.00%    passed     99.77%
  55  Colobus_guereza                 0.00%    passed     99.85%
  56  Procolobus_badius               0.00%    passed     99.61%
  57  Cebus_albifrons                 0.00%    passed     95.21%
  58  Saimiri_sciureus                0.00%    passed     35.49%
  59  Cynocephalus_variegatus         0.00%    passed     95.94%
  60  Nycticebus_coucang              0.00%    passed    100.00%
  61  Loris_tardigradus               0.00%    passed    100.00%
  62  Galago_senegalensis             0.00%    passed     99.79%
  63  Otolemur_crassicaudatus         0.00%    passed     99.99%
  64  Perodicticus_potto              0.00%    passed     99.93%
  65  Lemur_catta                     0.00%    passed     99.98%
  66  Eulemur_mongoz                  0.00%    passed    100.00%
  67  Eulemur_fulvus                  0.00%    passed    100.00%
  68  Eulemur_macaco                  0.00%    passed    100.00%
  69  Varecia_variegata               0.00%    passed    100.00%
  70  Propithecus_coquereli           0.00%    passed    100.00%
  71  Daubentonia_madagascariensis    0.00%    passed     99.97%
  72  Tarsius_bancanus                0.00%    passed     83.52%
  73  Tarsius_syrichta                0.00%    passed     51.97%
  74  Tupaia_belangeri                0.00%    passed     84.16%
  75  Ornithorhynchus_anatinus        0.00%    passed     99.98%
  76  Tachyglossus_aculeatus          0.00%    passed     99.98%
  77  Zaglossus_bruijni               0.00%    passed     99.81%
  78  Didelphis_virginiana            0.00%    passed     20.32%
  79  Metachirus_nudicaudatus         0.00%    passed     21.03%
  80  Thylamys_elegans                0.00%    passed     16.35%
  81  Monodelphis_domestica           0.00%    passed     99.53%
  82  Macropus_robustus               0.00%    passed     99.92%
  83  Lagorchestes_hirsutus           0.00%    passed     99.98%
  84  Lagostrophus_fasciatus          0.00%    passed     99.96%
  85  Potorous_tridactylus            0.00%    passed     99.97%
  86  Trichosurus_vulpecula           0.00%    passed     98.90%
  87  Phalanger_interpositus          0.00%    passed     99.66%
  88  Tarsipes_rostratus              0.00%    passed     86.55%
  89  Pseudocheirus_peregrinus        0.00%    passed     99.99%
  90  Petaurus_breviceps              0.00%    passed     99.55%
  91  Dactylopsila_trivirgata         0.00%    passed     99.72%
  92  Distoechurus_pennatus           0.00%    passed     56.91%
  93  Vombatus_ursinus                0.00%    passed     98.78%
  94  Phascolarctos_cinereus          0.00%    passed     99.93%
  95  Isoodon_macrourus               0.00%    passed     99.98%
  96  Perameles_gunnii                0.00%    passed    100.00%
  97  Echymipera_rufescens            0.00%    passed    100.00%
  98  Macrotis_lagotis                0.00%    passed     99.99%
  99  Dromiciops_gliroides            0.00%    passed     99.99%
 100  Sminthopsis_douglasi            0.00%    passed     97.99%
 101  Sminthopsis_crassicaudata       0.00%    passed     99.84%
 102  Phascogale_tapoatafa            0.00%    passed     99.83%
 103  Dasyurus_hallucatus             0.00%    passed     99.94%
 104  Myrmecobius_fasciatus           0.00%    passed     99.78%
 105  Thylacinus_cynocephalus         0.00%    passed     90.72%
 106  Notoryctes_typhlops             0.00%    passed     94.50%
 107  Caenolestes_fuliginosus         0.00%    passed     99.58%
 108  Rhyncholestes_raphanurus        0.00%    passed     50.32%
 109  Erinaceus_europaeus             0.00%    passed     90.09%
 110  Hemiechinus_auritus             0.00%    passed     93.09%
 111  Echinosorex_gymnura             0.00%    passed     98.54%
 112  Hylomys_suillus                 0.00%    passed     99.65%
 113  Dasypus_novemcinctus            0.00%    passed    100.00%
 114  Tamandua_tetradactyla           0.00%    passed     99.99%
 115  Bradypus_tridactylus            0.00%    passed    100.00%
 116  Choloepus_didactylus            0.00%    passed     99.86%
 117  Loxodonta_africana              0.00%    passed     96.65%
 118  Elephas_maximus                 0.00%    passed     88.49%
 119  Dugong_dugon                    0.00%    passed     99.98%
 120  Trichechus_manatus              0.00%    passed     99.99%
 121  Procavia_capensis               0.00%    passed     87.14%
 122  Dendrohyrax_dorsalis            0.00%    passed     99.60%
 123  Orycteropus_afer                0.00%    passed     99.93%
 124  Macroscelides_proboscideus      0.00%    passed    100.00%
 125  Elephantulus_sp.                0.00%    passed    100.00%
 126  Echinops_telfairi               0.00%    passed     99.95%
 127  Chrysochloris_asiatica          0.00%    passed     95.60%
 128  Eremitalpa_granti               0.00%    passed     98.97%
 129  Talpa_europaea                  0.00%    passed     95.08%
 130  Mogera_wogura                   0.00%    passed     99.98%
 131  Galemys_pyrenaicus              0.00%    passed     88.54%
 132  Urotrichus_talpoides            0.00%    passed     99.99%
 133  Episoriculus_fumidus            0.00%    passed     99.87%
 134  Sorex_unguiculatus              0.00%    passed     99.99%
 135  Crocidura_russula               0.00%    passed     83.31%
 136  Artibeus_jamaicensis            0.00%    passed    100.00%
 137  Mystacina_tuberculata           0.00%    passed    100.00%
 138  Chalinolobus_tuberculatus       0.00%    passed    100.00%
 139  Pipistrellus_abramus            0.00%    passed     96.70%
 140  Pteropus_dasymallus             0.00%    passed    100.00%
 141  Pteropus_scapulatus             0.00%    passed    100.00%
 142  Rousettus_aegyptiacus           0.00%    passed    100.00%
 143  Rhinolophus_monoceros           0.00%    passed     99.97%
 144  Rhinolophus_pumilus             0.00%    passed     99.97%
 145  Rhinolophus_formosae            0.00%    passed     99.94%
 146  Manis_tetradactyla              0.00%    passed     48.42%
 147  Phoca_vitulina                  0.00%    passed    100.00%
 148  Phoca_largha                    0.00%    passed    100.00%
 149  Phoca_sibirica                  0.00%    passed    100.00%
 150  Halichoerus_grypus              0.00%    passed     99.97%
 151  Phoca_caspica                   0.00%    passed    100.00%
 152  Phoca_hispida                   0.00%    passed    100.00%
 153  Phoca_fasciata                  0.00%    passed     99.96%
 154  Phoca_groenlandica              0.00%    passed    100.00%
 155  Cystophora_cristata             0.00%    passed     99.97%
 156  Erignathus_barbatus             0.00%    passed    100.00%
 157  Monachus_schauinslandi          0.00%    passed    100.00%
 158  Mirounga_leonina                0.00%    passed     99.99%
 159  Lobodon_carcinophaga            0.00%    passed     99.95%
 160  Leptonychotes_weddellii         0.00%    passed     99.81%
 161  Hydrurga_leptonyx               0.00%    passed     99.97%
 162  Arctocephalus_forsteri          0.00%    passed     99.88%
 163  Arctocephalus_townsendi         0.00%    passed     99.60%
 164  Phocarctos_hookeri              0.00%    passed     99.97%
 165  Neophoca_cinerea                0.00%    passed     99.84%
 166  Arctocephalus_pusillus          0.00%    passed    100.00%
 167  Zalophus_californianus          0.00%    passed     99.99%
 168  Eumetopias_jubatus              0.00%    passed    100.00%
 169  Callorhinus_ursinus             0.00%    passed    100.00%
 170  Odobenus_rosmarus               0.00%    passed     99.98%
 171  Procyon_lotor                   0.00%    passed     99.82%
 172  Spilogale_putorius              0.00%    passed     99.94%
 173  Martes_melampus                 0.00%    passed    100.00%
 174  Martes_zibellina                0.00%    passed    100.00%
 175  Martes_flavigula                0.00%    passed    100.00%
 176  Gulo_gulo                       0.00%    passed     99.98%
 177  Meles_meles                     0.00%    passed    100.00%
 178  Enhydra_lutris                  0.00%    passed     99.98%
 179  Lutra_lutra                     0.00%    passed     88.46%
 180  Ailurus_fulgens                 0.00%    passed     99.96%
 181  Ursus_americanus                0.00%    passed     99.99%
 182  Ursus_thibetanus                0.00%    passed    100.00%
 183  Helarctos_malayanus             0.00%    passed     99.99%
 184  Ursus_arctos                    0.00%    passed    100.00%
 185  Ursus_maritimus                 0.00%    passed    100.00%
 186  Melursus_ursinus                0.00%    passed    100.00%
 187  Tremarctos_ornatus              0.00%    passed    100.00%
 188  Ailuropoda_melanoleuca          0.00%    passed    100.00%
 189  Canis_lupus                     0.00%    passed    100.00%
 190  Canis_latrans                   0.00%    passed    100.00%
 191  Cuon_alpinus                    0.00%    passed     99.95%
 192  Vulpes_vulpes                   0.00%    passed    100.00%
 193  Nyctereutes_procyonoides        0.00%    passed    100.00%
 194  Felis_catus                     0.00%    passed    100.00%
 195  Acinonyx_jubatus                0.00%    passed    100.00%
 196  Neofelis_nebulosa               0.00%    passed    100.00%
 197  Uncia_uncia                     0.00%    passed     99.99%
 198  Panthera_pardus                 0.00%    passed    100.00%
 199  Panthera_tigris                 0.00%    passed    100.00%
 200  Herpestes_javanicus             0.00%    passed    100.00%
 201  Equus_caballus                  0.00%    passed    100.00%
 202  Equus_asinus                    0.00%    passed    100.00%
 203  Rhinoceros_unicornis            0.00%    passed     99.99%
 204  Rhinoceros_sondaicus            0.00%    passed     99.99%
 205  Ceratotherium_simum             0.00%    passed    100.00%
 206  Diceros_bicornis                0.00%    passed    100.00%
 207  Dicerorhinus_sumatrensis        0.00%    passed    100.00%
 208  Hippopotamus_amphibius          0.00%    passed    100.00%
 209  Balaenoptera_physalus           0.00%    passed     81.02%
 210  Megaptera_novaeangliae          0.00%    passed     81.02%
 211  Balaenoptera_acutorostrata      0.00%    passed     78.27%
 212  Balaenoptera_bonaerensis        0.00%    passed     67.07%
 213  Balaenoptera_musculus           0.00%    passed     66.82%
 214  Balaenoptera_brydei             0.00%    passed     65.80%
 215  Balaenoptera_edeni              0.00%    passed     65.80%
 216  Balaenoptera_borealis           0.00%    passed     65.80%
 217  Balaenoptera_omurai             0.00%    passed     59.04%
 218  Eschrichtius_robustus           0.00%    passed     81.02%
 219  Caperea_marginata               0.00%    passed     78.22%
 220  Balaena_mysticetus              0.00%    passed    100.00%
 221  Eubalaena_australis             0.00%    passed    100.00%
 222  Eubalaena_japonica              0.00%    passed    100.00%
 223  Physeter_catodon                0.00%    passed    100.00%
 224  Kogia_breviceps                 0.00%    passed     99.99%
 225  Hyperoodon_ampullatus           0.00%    passed     99.99%
 226  Berardius_bairdii               0.00%    passed     99.09%
 227  Platanista_minor                0.00%    passed     99.97%
 228  Inia_geoffrensis                0.00%    passed     99.97%
 229  Pontoporia_blainvillei          0.00%    passed     99.99%
 230  Lipotes_vexillifer              0.00%    passed    100.00%
 231  Lagenorhynchus_albirostris      0.00%    passed     99.91%
 232  Stenella_attenuata              0.00%    passed     99.90%
 233  Stenella_coeruleoalba           0.00%    passed     99.90%
 234  Tursiops_aduncus                0.00%    passed     99.84%
 235  Delphinus_capensis              0.00%    passed     99.90%
 236  Tursiops_truncatus              0.00%    passed     99.90%
 237  Sousa_chinensis                 0.00%    passed     99.90%
 238  Grampus_griseus                 0.00%    passed     99.77%
 239  Phocoena_phocoena               0.00%    passed     99.99%
 240  Monodon_monoceros               0.00%    passed     99.99%
 241  Ovis_aries                      0.00%    passed    100.00%
 242  Ammotragus_lervia               0.00%    passed    100.00%
 243  Budorcas_taxicolor              0.00%    passed    100.00%
 244  Capra_hircus                    0.00%    passed    100.00%
 245  Naemorhedus_swinhoei            0.00%    passed    100.00%
 246  Capricornis_crispus             0.00%    passed    100.00%
 247  Naemorhedus_caudatus            0.00%    passed    100.00%
 248  Pantholops_hodgsonii            0.00%    passed    100.00%
 249  Antilope_cervicapra             0.00%    passed     99.97%
 250  Bos_indicus                     0.00%    passed    100.00%
 251  Bos_taurus                      0.00%    passed    100.00%
 252  Bison_bonasus                   0.00%    passed    100.00%
 253  Bos_grunniens                   0.00%    passed     99.99%
 254  Bison_bison                     0.00%    passed     99.99%
 255  Bubalus_bubalis                 0.00%    passed     99.80%
 256  Moschus_berezovskii             0.00%    passed    100.00%
 257  Moschus_moschiferus             0.00%    passed    100.00%
 258  Muntiacus_reevesi               0.00%    passed    100.00%
 259  Muntiacus_muntjak               0.00%    passed    100.00%
 260  Muntiacus_crinifrons            0.00%    passed    100.00%
 261  Cervus_nippon                   0.00%    passed    100.00%
 262  Cervus_elaphus                  0.00%    passed    100.00%
 263  Cervus_unicolor                 0.00%    passed    100.00%
 264  Elaphodus_cephalophus           0.00%    passed     99.94%
 265  Rangifer_tarandus               0.00%    passed     99.97%
 266  Hydropotes_inermis              0.00%    passed    100.00%
 267  Giraffa_camelopardalis          0.00%    passed    100.00%
 268  Lama_pacos                      0.00%    passed    100.00%
 269  Lama_glama                      0.00%    passed    100.00%
 270  Lama_guanicoe                   0.00%    passed    100.00%
 271  Vicugna_vicugna                 0.00%    passed    100.00%
 272  Camelus_bactrianus              0.00%    passed    100.00%
 273  Camelus_dromedarius             0.00%    passed    100.00%
 274  Pecari_tajacu                   0.00%    passed    100.00%
****  TOTAL                           0.00%  0 sequences failed composition chi2 test (p-value<5%; df=19)
NOTE: Rattus_tanezumi is identical to Rattus_norvegicus but kept for subsequent analysis
NOTE: Ochotona_princeps is identical to Ochotona_collaris but kept for subsequent analysis
NOTE: Gorilla_gorilla is identical to Pan_paniscus but kept for subsequent analysis
NOTE: Hylobates_agilis is identical to Hylobates_lar but kept for subsequent analysis
NOTE: Chlorocebus_tantalus is identical to Chlorocebus_aethiops but kept for subsequent analysis
NOTE: Rhinolophus_pumilus is identical to Rhinolophus_monoceros but kept for subsequent analysis
NOTE: Phoca_largha is identical to Phoca_vitulina but kept for subsequent analysis
NOTE: Martes_zibellina is identical to Martes_melampus but kept for subsequent analysis
NOTE: Ursus_arctos is identical to Ursus_thibetanus but kept for subsequent analysis
NOTE: Canis_latrans is identical to Canis_lupus but kept for subsequent analysis
NOTE: Megaptera_novaeangliae is identical to Balaenoptera_physalus but kept for subsequent analysis
NOTE: Balaenoptera_edeni is identical to Balaenoptera_brydei but kept for subsequent analysis
NOTE: Eubalaena_australis is identical to Balaena_mysticetus but kept for subsequent analysis
NOTE: Stenella_coeruleoalba is identical to Stenella_attenuata but kept for subsequent analysis
NOTE: Bos_taurus is identical to Bos_indicus but kept for subsequent analysis
NOTE: Bison_bison is identical to Bos_grunniens but kept for subsequent analysis
NOTE: Muntiacus_muntjak is identical to Muntiacus_reevesi but kept for subsequent analysis
NOTE: 15 identical sequences (see below) will be ignored for subsequent analysis
NOTE: Rattus_exulans (identical to Rattus_norvegicus) is ignored but added at the end
NOTE: Chlorocebus_pygerythrus (identical to Chlorocebus_aethiops) is ignored but added at the end
NOTE: Phoca_sibirica (identical to Phoca_vitulina) is ignored but added at the end
NOTE: Phoca_caspica (identical to Phoca_vitulina) is ignored but added at the end
NOTE: Ursus_maritimus (identical to Ursus_thibetanus) is ignored but added at the end
NOTE: Melursus_ursinus (identical to Ursus_thibetanus) is ignored but added at the end
NOTE: Vulpes_vulpes (identical to Canis_lupus) is ignored but added at the end
NOTE: Eschrichtius_robustus (identical to Balaenoptera_physalus) is ignored but added at the end
NOTE: Balaenoptera_borealis (identical to Balaenoptera_brydei) is ignored but added at the end
NOTE: Eubalaena_japonica (identical to Balaena_mysticetus) is ignored but added at the end
NOTE: Delphinus_capensis (identical to Stenella_attenuata) is ignored but added at the end
NOTE: Tursiops_truncatus (identical to Stenella_attenuata) is ignored but added at the end
NOTE: Sousa_chinensis (identical to Stenella_attenuata) is ignored but added at the end
NOTE: Bison_bonasus (identical to Bos_indicus) is ignored but added at the end
NOTE: Muntiacus_crinifrons (identical to Muntiacus_reevesi) is ignored but added at the end

For your convenience alignment with unique sequences printed to /csm_data/spielman_lab/dms_modelselection//simulations/alignments_empirical/Gal4_dosreis_rep20_AA.fasta.uniqueseq.phy

Create initial parsimony tree by phylogenetic likelihood library (PLL)... 0.056 seconds

NOTE: 3 MB RAM (0 GB) is required!
WARNING: Number of threads seems too high for short alignments. Use -nt AUTO to determine best number of threads.
Estimate model parameters (epsilon = 0.100)
1. Initial log-likelihood: -6300.519
2. Current log-likelihood: -6126.557
Optimal log-likelihood: -6126.481
Proportion of invariable sites: 0.015
Parameters optimization took 2 rounds (0.109 sec)
Computing ML distances based on estimated model parameters... 4.569 sec
Computing BIONJ tree...
0.066 seconds
Log-likelihood of BIONJ tree: -6043.723
--------------------------------------------------------------------
|             INITIALIZING CANDIDATE TREE SET                      |
--------------------------------------------------------------------
Generating 98 parsimony trees... 5.492 second
Computing log-likelihood of 98 initial trees ... 5.288 seconds
Current best score: -6043.723

Do NNI search on 20 best initial trees
Estimate model parameters (epsilon = 0.100)
BETTER TREE FOUND at iteration 1: -6021.500
Iteration 10 / LogL: -6056.151 / Time: 0h:0m:14s
Iteration 20 / LogL: -6053.619 / Time: 0h:0m:18s
Finish initializing candidate tree set (20)
Current best tree score: -6021.500 / CPU time: 17.323
Number of iterations: 20
--------------------------------------------------------------------
|               OPTIMIZING CANDIDATE TREE SET                      |
--------------------------------------------------------------------
Estimate model parameters (epsilon = 0.100)
BETTER TREE FOUND at iteration 30: -6014.402
Iteration 30 / LogL: -6014.402 / Time: 0h:0m:24s (0h:1m:22s left)
Estimate model parameters (epsilon = 0.100)
BETTER TREE FOUND at iteration 38: -6008.460
Estimate model parameters (epsilon = 0.100)
BETTER TREE FOUND at iteration 39: -6006.725
Iteration 40 / LogL: -6029.835 / Time: 0h:0m:29s (0h:1m:15s left)
Iteration 50 / LogL: -6017.874 / Time: 0h:0m:34s (0h:1m:3s left)
Iteration 60 / LogL: -6016.204 / Time: 0h:0m:39s (0h:0m:53s left)
Iteration 70 / LogL: -6012.371 / Time: 0h:0m:44s (0h:0m:44s left)
Estimate model parameters (epsilon = 0.100)
BETTER TREE FOUND at iteration 76: -6005.236
Iteration 80 / LogL: -6008.053 / Time: 0h:0m:49s (0h:1m:0s left)
Estimate model parameters (epsilon = 0.100)
BETTER TREE FOUND at iteration 88: -6004.280
Iteration 90 / LogL: -6006.650 / Time: 0h:0m:54s (0h:0m:59s left)
Estimate model parameters (epsilon = 0.100)
BETTER TREE FOUND at iteration 91: -6004.120
Estimate model parameters (epsilon = 0.100)
BETTER TREE FOUND at iteration 98: -6003.011
Iteration 100 / LogL: -6005.794 / Time: 0h:0m:59s (0h:0m:59s left)
Estimate model parameters (epsilon = 0.100)
BETTER TREE FOUND at iteration 107: -6002.650
Estimate model parameters (epsilon = 0.100)
BETTER TREE FOUND at iteration 108: -6000.636
Iteration 110 / LogL: -6003.215 / Time: 0h:1m:4s (0h:0m:58s left)
Iteration 120 / LogL: -6020.476 / Time: 0h:1m:9s (0h:0m:51s left)
Estimate model parameters (epsilon = 0.100)
BETTER TREE FOUND at iteration 126: -5999.500
Iteration 130 / LogL: -6066.777 / Time: 0h:1m:14s (0h:0m:55s left)
Estimate model parameters (epsilon = 0.100)
BETTER TREE FOUND at iteration 139: -5994.970
Iteration 140 / LogL: -5997.487 / Time: 0h:1m:19s (0h:0m:56s left)
Iteration 150 / LogL: -6010.621 / Time: 0h:1m:24s (0h:0m:50s left)
Estimate model parameters (epsilon = 0.100)
BETTER TREE FOUND at iteration 151: -5994.937
Estimate model parameters (epsilon = 0.100)
BETTER TREE FOUND at iteration 155: -5994.505
Estimate model parameters (epsilon = 0.100)
BETTER TREE FOUND at iteration 160: -5993.759
Iteration 160 / LogL: -5993.759 / Time: 0h:1m:29s (0h:0m:55s left)
Iteration 170 / LogL: -6042.797 / Time: 0h:1m:33s (0h:0m:49s left)
Iteration 180 / LogL: -5995.337 / Time: 0h:1m:38s (0h:0m:44s left)
Estimate model parameters (epsilon = 0.100)
BETTER TREE FOUND at iteration 185: -5990.732
Iteration 190 / LogL: -6002.709 / Time: 0h:1m:43s (0h:0m:51s left)
Iteration 200 / LogL: -6000.622 / Time: 0h:1m:48s (0h:0m:46s left)
Iteration 210 / LogL: -5992.100 / Time: 0h:1m:53s (0h:0m:40s left)
Iteration 220 / LogL: -5998.542 / Time: 0h:1m:58s (0h:0m:35s left)
Iteration 230 / LogL: -5991.828 / Time: 0h:2m:3s (0h:0m:29s left)
Estimate model parameters (epsilon = 0.100)
BETTER TREE FOUND at iteration 235: -5989.557
Iteration 240 / LogL: -6026.921 / Time: 0h:2m:7s (0h:0m:50s left)
Estimate model parameters (epsilon = 0.100)
BETTER TREE FOUND at iteration 247: -5988.485
Iteration 250 / LogL: -5993.047 / Time: 0h:2m:12s (0h:0m:51s left)
Estimate model parameters (epsilon = 0.100)
BETTER TREE FOUND at iteration 252: -5987.109
Estimate model parameters (epsilon = 0.100)
BETTER TREE FOUND at iteration 257: -5986.604
Iteration 260 / LogL: -5989.480 / Time: 0h:2m:16s (0h:0m:51s left)
Iteration 270 / LogL: -6010.001 / Time: 0h:2m:21s (0h:0m:45s left)
Iteration 280 / LogL: -6001.192 / Time: 0h:2m:26s (0h:0m:40s left)
Estimate model parameters (epsilon = 0.100)
BETTER TREE FOUND at iteration 286: -5985.664
Iteration 290 / LogL: -5992.703 / Time: 0h:2m:31s (0h:0m:50s left)
Iteration 300 / LogL: -5988.839 / Time: 0h:2m:35s (0h:0m:44s left)
BETTER TREE FOUND at iteration 307: -5985.663
Iteration 310 / LogL: -5994.081 / Time: 0h:2m:40s (0h:0m:50s left)
Estimate model parameters (epsilon = 0.100)
BETTER TREE FOUND at iteration 312: -5984.960
Iteration 320 / LogL: -5992.851 / Time: 0h:2m:44s (0h:0m:47s left)
Iteration 330 / LogL: -5993.231 / Time: 0h:2m:49s (0h:0m:42s left)
Estimate model parameters (epsilon = 0.100)
BETTER TREE FOUND at iteration 339: -5981.919
Iteration 340 / LogL: -6002.807 / Time: 0h:2m:54s (0h:0m:50s left)
Iteration 350 / LogL: -5995.869 / Time: 0h:2m:58s (0h:0m:45s left)
Estimate model parameters (epsilon = 0.100)
BETTER TREE FOUND at iteration 354: -5981.533
Iteration 360 / LogL: -5984.020 / Time: 0h:3m:2s (0h:0m:47s left)
Iteration 370 / LogL: -5990.120 / Time: 0h:3m:7s (0h:0m:42s left)
BETTER TREE FOUND at iteration 372: -5981.533
Iteration 380 / LogL: -6006.507 / Time: 0h:3m:11s (0h:0m:46s left)
Iteration 390 / LogL: -6007.625 / Time: 0h:3m:15s (0h:0m:41s left)
Iteration 400 / LogL: -6041.527 / Time: 0h:3m:19s (0h:0m:36s left)
Iteration 410 / LogL: -5986.477 / Time: 0h:3m:24s (0h:0m:30s left)
Iteration 420 / LogL: -5996.356 / Time: 0h:3m:28s (0h:0m:25s left)
Iteration 430 / LogL: -5991.487 / Time: 0h:3m:32s (0h:0m:20s left)
Iteration 440 / LogL: -6017.720 / Time: 0h:3m:37s (0h:0m:15s left)
Iteration 450 / LogL: -5986.042 / Time: 0h:3m:41s (0h:0m:10s left)
Iteration 460 / LogL: -6009.143 / Time: 0h:3m:45s (0h:0m:5s left)
Iteration 470 / LogL: -5989.516 / Time: 0h:3m:49s (0h:0m:0s left)
TREE SEARCH COMPLETED AFTER 473 ITERATIONS / Time: 0h:3m:51s

--------------------------------------------------------------------
|                    FINALIZING TREE SEARCH                        |
--------------------------------------------------------------------
Performs final model parameters optimization
Estimate model parameters (epsilon = 0.010)
1. Initial log-likelihood: -5981.533
Optimal log-likelihood: -5981.533
Proportion of invariable sites: 0.016
Parameters optimization took 1 rounds (0.021 sec)
BEST SCORE FOUND : -5981.533
Total tree length: 14.912

Total number of iterations: 473
CPU time used for tree search: 1800.375 sec (0h:30m:0s)
Wall-clock time used for tree search: 230.224 sec (0h:3m:50s)
Total CPU time used: 1807.550 sec (0h:30m:7s)
Total wall-clock time used: 231.183 sec (0h:3m:51s)

Analysis results written to: 
  IQ-TREE report:                /csm_data/spielman_lab/dms_modelselection//simulations/alignments_empirical/Gal4_dosreis_rep20_AA.fasta.iqtree
  Maximum-likelihood tree:       /csm_data/spielman_lab/dms_modelselection//simulations/alignments_empirical/Gal4_dosreis_rep20_AA.fasta.treefile
  Likelihood distances:          /csm_data/spielman_lab/dms_modelselection//simulations/alignments_empirical/Gal4_dosreis_rep20_AA.fasta.mldist
  Screen log file:               /csm_data/spielman_lab/dms_modelselection//simulations/alignments_empirical/Gal4_dosreis_rep20_AA.fasta.log

Date and Time: Tue Apr 16 15:20:54 2019
