IQ-TREE multicore version 1.6.7 for Linux 64-bit built Aug 23 2018
Developed by Bui Quang Minh, Nguyen Lam Tung, Olga Chernomor,
Heiko Schmidt, Dominik Schrempf, Michael Woodhams.

Host:    csm-com-007 (AVX2, FMA3, 62 GB RAM)
Command: iqtree -nt 8 -m mtVer+F+G4 -s /csm_data/spielman_lab/dms_modelselection//simulations/alignments_empirical/Gal4_opisthokonta_rep11_AA.fasta -st AA
Seed:    348079 (Using SPRNG - Scalable Parallel Random Number Generator)
Time:    Tue Apr 16 10:52:47 2019
Kernel:  AVX+FMA - 8 threads (48 CPU cores detected)

Reading alignment file /csm_data/spielman_lab/dms_modelselection//simulations/alignments_empirical/Gal4_opisthokonta_rep11_AA.fasta ... Fasta format detected
Alignment most likely contains protein sequences
Alignment has 70 sequences with 64 columns, 64 distinct patterns
60 parsimony-informative, 2 singleton sites, 2 constant sites
                                  Gap/Ambiguity  Composition  p-value
   1  Oscarella_carmela                   0.00%    passed     99.16%
   2  Leucetta_chagosensis                0.00%    passed     74.13%
   3  Sycon_raphanus                      0.00%    passed     46.29%
   4  Oopsacas_minuta                     0.00%    passed     66.95%
   5  Carteriospongia_foliascens          0.00%    passed     87.46%
   6  Amphimedon_queenslandica            0.00%    passed     87.79%
   7  Suberites_domuncula                 0.00%    passed     96.61%
   8  Lubomirskia_baicalensis             0.00%    passed     97.69%
   9  Ephydatia_muelleri                  0.00%    passed     97.42%
  10  Trichoplax_adhaerens                0.00%    passed     99.51%
  11  Nematostella_vectensis              0.00%    passed     96.95%
  12  Anemonia_viridis                    0.00%    passed     99.77%
  13  Aiptasia_pallida                    0.00%    passed     97.78%
  14  Metridium_senile                    0.00%    passed     98.32%
  15  Acropora_palmata                    0.00%    passed     98.47%
  16  Acropora_millepora                  0.00%    passed     98.84%
  17  Porites_astreoides                  0.00%    passed     72.80%
  18  Montastraea_faveolata               0.00%    passed     98.72%
  19  Cyanea_capillata                    0.00%    passed     97.23%
  20  Clytia_hemisphaerica                0.00%    passed     97.92%
  21  Podocoryna_carnea                   0.00%    passed     96.87%
  22  Hydractinia_echinata                0.00%    passed     98.88%
  23  Hydra_magnipapillata                0.00%    passed     99.77%
  24  Saccoglossus_kowalevskii            0.00%    passed     99.98%
  25  Ptychodera_flava                    0.00%    passed     99.99%
  26  Strongylocentrotus_purpuratus       0.00%    passed     99.78%
  27  Asterina_pectinifera                0.00%    passed     99.96%
  28  Branchiostoma_floridae              0.00%    passed     89.82%
  29  Petromyzon_marinus                  0.00%    passed     98.45%
  30  Gallus                              0.00%    passed     98.27%
  31  Ciona_intestinalis                  0.00%    passed     96.09%
  32  Halocynthia_roretzi                 0.00%    passed     95.94%
  33  Anoplodactylus_eroticus             0.00%    passed     98.55%
  34  Boophilus_microplus                 0.00%    passed     95.33%
  35  Daphnia_pulex                       0.00%    passed     94.01%
  36  Drosophila_melanogaster             0.00%    passed     97.60%
  37  Euperipatoides_kanangrensis         0.00%    passed     88.61%
  38  Echinoderes_horni                   0.00%    passed     95.74%
  39  Xiphinema_index                     0.00%    passed     99.42%
  40  Cerebratulus_lacteus                0.00%    passed     99.77%
  41  Terebratalia_transversa             0.00%    passed     98.92%
  42  Lottia_gigantea                     0.00%    passed     96.95%
  43  Crassostrea_virginica               0.00%    passed     84.11%
  44  Euprymna_scolopes                   0.00%    passed     98.07%
  45  Capitella_telata                    0.00%    passed     62.91%
  46  Helobdella_robusta                  0.00%    passed     99.95%
  47  Schmidtea_mediterranea              0.00%    passed     92.00%
  48  Paraplanocera_oligoglena            0.00%    passed     97.47%
  49  Xenoturbella_bocki                  0.00%    passed     98.71%
  50  Nemertoderma_westbladi              0.00%    passed     79.83%
  51  Meara_stichopi                      0.00%    failed      1.14%
  52  Isodiametra_pulchra                 0.00%    passed     70.08%
  53  Symsagittifera_roscoffensis         0.00%    passed     93.29%
  54  Convolutriloba_longifissura         0.00%    passed     99.50%
  55  Capsaspora_owczarzaki_ATCC_30864    0.00%    passed     99.86%
  56  Amoebidium_parasiticum              0.00%    passed     99.99%
  57  Sphaeroforma_arctica                0.00%    passed     64.44%
  58  Spizellomyces_punctatus             0.00%    passed     50.88%
  59  Batrachochytrium_dendrobatidis      0.00%    passed     89.57%
  60  Cryptococcus_neoformans             0.00%    passed     96.21%
  61  Saccharomyces_cerevisiae            0.00%    passed     49.79%
  62  Phycomyces_blakesleeanus            0.00%    passed     41.08%
  63  Rhizopus_orizae                     0.00%    passed     91.62%
  64  Monosiga_ovata                      0.00%    passed     99.66%
  65  Salpingoeca_rosetta                 0.00%    passed      6.85%
  66  Monosiga_brevicollis                0.00%    passed     38.41%
  67  Mnemiopsis                          0.00%    passed     38.47%
  68  Mertensiid_sp                       0.00%    passed     75.63%
  69  Pleurobrachia_pileus                0.00%    passed     88.83%
  70  Oscarella_lobularis                 0.00%    passed     97.86%
****  TOTAL                               0.00%  1 sequences failed composition chi2 test (p-value<5%; df=19)

Create initial parsimony tree by phylogenetic likelihood library (PLL)... 0.011 seconds

NOTE: 3 MB RAM (0 GB) is required!
WARNING: Number of threads seems too high for short alignments. Use -nt AUTO to determine best number of threads.
Estimate model parameters (epsilon = 0.100)
1. Initial log-likelihood: -5237.466
2. Current log-likelihood: -5189.037
3. Current log-likelihood: -5188.284
Optimal log-likelihood: -5188.238
Gamma shape alpha: 1.032
Parameters optimization took 3 rounds (0.075 sec)
Computing ML distances based on estimated model parameters... 2.012 sec
Computing BIONJ tree...
0.005 seconds
Log-likelihood of BIONJ tree: -5128.653
--------------------------------------------------------------------
|             INITIALIZING CANDIDATE TREE SET                      |
--------------------------------------------------------------------
Generating 98 parsimony trees... 1.156 second
Computing log-likelihood of 98 initial trees ... 1.820 seconds
Current best score: -5111.464

Do NNI search on 20 best initial trees
Estimate model parameters (epsilon = 0.100)
BETTER TREE FOUND at iteration 1: -5095.583
Iteration 10 / LogL: -5105.702 / Time: 0h:0m:6s
Iteration 20 / LogL: -5105.731 / Time: 0h:0m:9s
Finish initializing candidate tree set (20)
Current best tree score: -5095.583 / CPU time: 8.840
Number of iterations: 20
--------------------------------------------------------------------
|               OPTIMIZING CANDIDATE TREE SET                      |
--------------------------------------------------------------------
Estimate model parameters (epsilon = 0.100)
BETTER TREE FOUND at iteration 22: -5094.558
Estimate model parameters (epsilon = 0.100)
BETTER TREE FOUND at iteration 25: -5093.592
Estimate model parameters (epsilon = 0.100)
BETTER TREE FOUND at iteration 27: -5091.143
Estimate model parameters (epsilon = 0.100)
BETTER TREE FOUND at iteration 29: -5091.033
Iteration 30 / LogL: -5091.033 / Time: 0h:0m:11s (0h:0m:40s left)
Estimate model parameters (epsilon = 0.100)
BETTER TREE FOUND at iteration 31: -5090.523
Estimate model parameters (epsilon = 0.100)
BETTER TREE FOUND at iteration 32: -5086.979
Estimate model parameters (epsilon = 0.100)
BETTER TREE FOUND at iteration 37: -5084.616
Iteration 40 / LogL: -5086.209 / Time: 0h:0m:14s (0h:0m:37s left)
Estimate model parameters (epsilon = 0.100)
BETTER TREE FOUND at iteration 46: -5083.005
Estimate model parameters (epsilon = 0.100)
BETTER TREE FOUND at iteration 48: -5079.533
Estimate model parameters (epsilon = 0.100)
BETTER TREE FOUND at iteration 49: -5077.104
Iteration 50 / LogL: -5079.998 / Time: 0h:0m:18s (0h:0m:36s left)
Iteration 60 / LogL: -5082.599 / Time: 0h:0m:20s (0h:0m:31s left)
UPDATE BEST LOG-LIKELIHOOD: -5077.096
Iteration 70 / LogL: -5077.603 / Time: 0h:0m:23s (0h:0m:26s left)
Estimate model parameters (epsilon = 0.100)
BETTER TREE FOUND at iteration 71: -5074.174
Estimate model parameters (epsilon = 0.100)
BETTER TREE FOUND at iteration 78: -5073.095
Iteration 80 / LogL: -5074.196 / Time: 0h:0m:26s (0h:0m:32s left)
Estimate model parameters (epsilon = 0.100)
BETTER TREE FOUND at iteration 85: -5071.348
Iteration 90 / LogL: -5074.157 / Time: 0h:0m:29s (0h:0m:30s left)
Estimate model parameters (epsilon = 0.100)
BETTER TREE FOUND at iteration 94: -5071.102
Estimate model parameters (epsilon = 0.100)
BETTER TREE FOUND at iteration 97: -5070.659
Iteration 100 / LogL: -5072.844 / Time: 0h:0m:31s (0h:0m:30s left)
Estimate model parameters (epsilon = 0.100)
BETTER TREE FOUND at iteration 101: -5070.264
Iteration 110 / LogL: -5072.052 / Time: 0h:0m:33s (0h:0m:28s left)
Iteration 120 / LogL: -5083.083 / Time: 0h:0m:36s (0h:0m:24s left)
Estimate model parameters (epsilon = 0.100)
BETTER TREE FOUND at iteration 124: -5070.234
UPDATE BEST LOG-LIKELIHOOD: -5070.234
Iteration 130 / LogL: -5072.403 / Time: 0h:0m:38s (0h:0m:28s left)
Estimate model parameters (epsilon = 0.100)
BETTER TREE FOUND at iteration 139: -5070.154
Iteration 140 / LogL: -5070.523 / Time: 0h:0m:41s (0h:0m:29s left)
Iteration 150 / LogL: -5071.830 / Time: 0h:0m:43s (0h:0m:26s left)
Estimate model parameters (epsilon = 0.100)
BETTER TREE FOUND at iteration 154: -5069.977
Iteration 160 / LogL: -5071.109 / Time: 0h:0m:46s (0h:0m:27s left)
BETTER TREE FOUND at iteration 161: -5069.969
Iteration 170 / LogL: -5075.322 / Time: 0h:0m:48s (0h:0m:26s left)
Estimate model parameters (epsilon = 0.100)
BETTER TREE FOUND at iteration 175: -5069.621
BETTER TREE FOUND at iteration 177: -5069.618
UPDATE BEST LOG-LIKELIHOOD: -5069.618
UPDATE BEST LOG-LIKELIHOOD: -5069.618
Iteration 180 / LogL: -5069.618 / Time: 0h:0m:51s (0h:0m:27s left)
UPDATE BEST LOG-LIKELIHOOD: -5069.618
Iteration 190 / LogL: -5069.618 / Time: 0h:0m:54s (0h:0m:25s left)
Estimate model parameters (epsilon = 0.100)
BETTER TREE FOUND at iteration 198: -5069.466
Iteration 200 / LogL: -5069.975 / Time: 0h:0m:57s (0h:0m:28s left)
Estimate model parameters (epsilon = 0.100)
BETTER TREE FOUND at iteration 209: -5068.544
Iteration 210 / LogL: -5069.692 / Time: 0h:0m:59s (0h:0m:28s left)
UPDATE BEST LOG-LIKELIHOOD: -5068.544
Iteration 220 / LogL: -5068.619 / Time: 0h:1m:2s (0h:0m:25s left)
UPDATE BEST LOG-LIKELIHOOD: -5068.544
Iteration 230 / LogL: -5071.752 / Time: 0h:1m:4s (0h:0m:22s left)
UPDATE BEST LOG-LIKELIHOOD: -5068.544
Iteration 240 / LogL: -5068.544 / Time: 0h:1m:7s (0h:0m:19s left)
UPDATE BEST LOG-LIKELIHOOD: -5068.544
Iteration 250 / LogL: -5073.460 / Time: 0h:1m:10s (0h:0m:16s left)
Iteration 260 / LogL: -5073.924 / Time: 0h:1m:12s (0h:0m:13s left)
Iteration 270 / LogL: -5070.963 / Time: 0h:1m:15s (0h:0m:10s left)
Iteration 280 / LogL: -5070.017 / Time: 0h:1m:17s (0h:0m:8s left)
Iteration 290 / LogL: -5079.883 / Time: 0h:1m:20s (0h:0m:5s left)
UPDATE BEST LOG-LIKELIHOOD: -5068.544
Iteration 300 / LogL: -5069.709 / Time: 0h:1m:22s (0h:0m:2s left)
UPDATE BEST LOG-LIKELIHOOD: -5068.544
Estimate model parameters (epsilon = 0.100)
BETTER TREE FOUND at iteration 308: -5068.452
Iteration 310 / LogL: -5069.535 / Time: 0h:1m:25s (0h:0m:27s left)
UPDATE BEST LOG-LIKELIHOOD: -5068.451
Iteration 320 / LogL: -5068.545 / Time: 0h:1m:28s (0h:0m:24s left)
UPDATE BEST LOG-LIKELIHOOD: -5068.451
Iteration 330 / LogL: -5071.947 / Time: 0h:1m:30s (0h:0m:21s left)
Iteration 340 / LogL: -5074.461 / Time: 0h:1m:33s (0h:0m:18s left)
Iteration 350 / LogL: -5068.545 / Time: 0h:1m:36s (0h:0m:15s left)
Iteration 360 / LogL: -5068.451 / Time: 0h:1m:38s (0h:0m:13s left)
Iteration 370 / LogL: -5072.421 / Time: 0h:1m:41s (0h:0m:10s left)
Iteration 380 / LogL: -5068.451 / Time: 0h:1m:43s (0h:0m:7s left)
Iteration 390 / LogL: -5070.017 / Time: 0h:1m:46s (0h:0m:4s left)
Iteration 400 / LogL: -5072.754 / Time: 0h:1m:49s (0h:0m:2s left)
TREE SEARCH COMPLETED AFTER 409 ITERATIONS / Time: 0h:1m:51s

--------------------------------------------------------------------
|                    FINALIZING TREE SEARCH                        |
--------------------------------------------------------------------
Performs final model parameters optimization
Estimate model parameters (epsilon = 0.010)
1. Initial log-likelihood: -5068.451
Optimal log-likelihood: -5068.450
Gamma shape alpha: 0.946
Parameters optimization took 1 rounds (0.016 sec)
BEST SCORE FOUND : -5068.450
Total tree length: 27.290

Total number of iterations: 409
CPU time used for tree search: 878.703 sec (0h:14m:38s)
Wall-clock time used for tree search: 111.085 sec (0h:1m:51s)
Total CPU time used: 882.147 sec (0h:14m:42s)
Total wall-clock time used: 111.536 sec (0h:1m:51s)

Analysis results written to: 
  IQ-TREE report:                /csm_data/spielman_lab/dms_modelselection//simulations/alignments_empirical/Gal4_opisthokonta_rep11_AA.fasta.iqtree
  Maximum-likelihood tree:       /csm_data/spielman_lab/dms_modelselection//simulations/alignments_empirical/Gal4_opisthokonta_rep11_AA.fasta.treefile
  Likelihood distances:          /csm_data/spielman_lab/dms_modelselection//simulations/alignments_empirical/Gal4_opisthokonta_rep11_AA.fasta.mldist
  Screen log file:               /csm_data/spielman_lab/dms_modelselection//simulations/alignments_empirical/Gal4_opisthokonta_rep11_AA.fasta.log

Date and Time: Tue Apr 16 10:54:38 2019
