IQ-TREE multicore version 1.6.7 for Linux 64-bit built Aug 23 2018
Developed by Bui Quang Minh, Nguyen Lam Tung, Olga Chernomor,
Heiko Schmidt, Dominik Schrempf, Michael Woodhams.

Host:    csm-gpu-001 (AVX2, FMA3, 62 GB RAM)
Command: iqtree -nt 8 -m HIVb+G4 -s /csm_data/spielman_lab/dms_modelselection//simulations/alignments_empirical/Gal4_spiralia_rep16_AA.fasta -st AA
Seed:    739718 (Using SPRNG - Scalable Parallel Random Number Generator)
Time:    Tue Apr 16 15:58:21 2019
Kernel:  AVX+FMA - 8 threads (48 CPU cores detected)

Reading alignment file /csm_data/spielman_lab/dms_modelselection//simulations/alignments_empirical/Gal4_spiralia_rep16_AA.fasta ... Fasta format detected
Alignment most likely contains protein sequences
Alignment has 103 sequences with 64 columns, 64 distinct patterns
52 parsimony-informative, 7 singleton sites, 5 constant sites
                                Gap/Ambiguity  Composition  p-value
   1  Adineta_vaga                      0.00%    passed     99.98%
   2  Rotaria_rotatoria                 0.00%    passed     99.62%
   3  Lepadella_patella                 0.00%    passed    100.00%
   4  Brachionus_plicatilis             0.00%    passed    100.00%
   5  Brachionus_manjavacas             0.00%    passed    100.00%
   6  Rhabdopleura_compacta             0.00%    passed    100.00%
   7  Ptychodera_flava                  0.00%    passed    100.00%
   8  SchizocardiumCalif_cl             0.00%    passed    100.00%
   9  Sackow                            0.00%    passed    100.00%
  10  Patmin                            0.00%    passed     95.77%
  11  Parastichopus_parvimensis         0.00%    passed     97.04%
  12  Strpur                            0.00%    passed     78.57%
  13  Florometra_serratissima           0.00%    passed     94.73%
  14  Calmil                            0.00%    passed    100.00%
  15  HUMAN                             0.00%    passed    100.00%
  16  LATCH                             0.00%    passed    100.00%
  17  LEPOC                             0.00%    passed    100.00%
  18  Petromyzon_marins                 0.00%    passed    100.00%
  19  Halocynthia_roretzi               0.00%    passed     99.98%
  20  Molgula_tectiformis               0.00%    passed     99.98%
  21  CIOIN                             0.00%    passed     99.96%
  22  Asymmetron_lucayanum              0.00%    passed    100.00%
  23  BraLan                            0.00%    passed    100.00%
  24  Leucoselenia_complicata           0.00%    passed    100.00%
  25  Sycon_ciliatum                    0.00%    passed     98.86%
  26  Oscarella_carmella                0.00%    passed     88.23%
  27  AMPQE                             0.00%    passed     99.63%
  28  Ephidatia_mulleri                 0.00%    passed     99.09%
  29  NEMVE                             0.00%    passed     84.94%
  30  Acropora_digitifera               0.00%    passed     99.97%
  31  Aurelia_aurita                    0.00%    passed     99.90%
  32  Clytia_hemisphaerica              0.00%    passed     99.82%
  33  Isodiametra_pulchra               0.00%    passed     99.95%
  34  Childia_submaculatum              0.00%    passed     96.86%
  35  Diopisthoporus_gymnopharyngeus    0.00%    passed     28.60%
  36  Hofstenia_miamia                  0.00%    passed     99.99%
  37  Meara_stichopi                    0.00%    passed     56.59%
  38  Nemertoderma_westbladi            0.00%    passed     99.98%
  39  Xenoturbella_profunda             0.00%    passed    100.00%
  40  Xenoturbella_bocki                0.00%    passed    100.00%
  41  TRICA                             0.00%    passed     98.95%
  42  DROME                             0.00%    passed     99.73%
  43  Apis_mellifera                    0.00%    passed    100.00%
  44  Daphnia_pulex                     0.00%    passed     99.86%
  45  Eudigraphis_taiwaniensis          0.00%    passed     99.99%
  46  STRMM                             0.00%    passed    100.00%
  47  Mesobuthus_martensii              0.00%    passed     94.58%
  48  Limulus_polyphemus                0.00%    passed    100.00%
  49  Peripatopsis_capensis             0.00%    passed     99.99%
  50  Enoplus_brevis                    0.00%    passed     99.96%
  51  Romanomermis_culicivorax          0.00%    passed     99.99%
  52  Ramazzottius_varieornatus         0.00%    passed     97.94%
  53  Hypsibius_dujardini               0.00%    passed     98.24%
  54  Priapulus_caudatus                0.00%    passed     99.99%
  55  Halicryptus_spinulosus            0.00%    passed    100.00%
  56  Tubiluchus_corallicola            0.00%    passed    100.00%
  57  Lepidodermella_squamata           0.00%    passed     57.57%
  58  Diuronotus_aspetos                0.00%    passed    100.00%
  59  Macrodasys_sp                     0.00%    passed     95.35%
  60  Megadasys_sp                      0.00%    passed    100.00%
  61  Catenulida_sp                     0.00%    passed    100.00%
  62  Stylochoplana_maculata            0.00%    passed     99.09%
  63  Stylochus_ellipticus              0.00%    passed     95.71%
  64  Macrostomum_lignano               0.00%    passed     98.37%
  65  LOTGI                             0.00%    passed    100.00%
  66  Aplysia_californica               0.00%    passed    100.00%
  67  CRAGI                             0.00%    passed    100.00%
  68  Leptochiton_rugatus               0.00%    passed    100.00%
  69  Neomenia_megatrapezata            0.00%    passed    100.00%
  70  CAPI1                             0.00%    passed     99.32%
  71  Lumbricus_terrestris              0.00%    passed     99.98%
  72  Nephtys_caeca                     0.00%    passed    100.00%
  73  Owenia_fusiformis                 0.00%    passed    100.00%
  74  Lineus_longissimus                0.00%    passed    100.00%
  75  Paranemertes_peregrina            0.00%    passed     99.75%
  76  Malacobdella_grossa               0.00%    passed    100.00%
  77  Tubulanus_polymorphus             0.00%    passed    100.00%
  78  Cephalothrix_linearis             0.00%    passed     99.65%
  79  Hemithiris_psittacea              0.00%    passed    100.00%
  80  Terebratalia_transversa           0.00%    passed    100.00%
  81  Glottidia_pyramidata              0.00%    passed     98.49%
  82  Linana                            0.00%    passed     99.98%
  83  Phoronopsis_harmeri               0.00%    passed    100.00%
  84  Phoronis_vancouverensis           0.00%    passed    100.00%
  85  Phoronis_psammophila              0.00%    passed    100.00%
  86  Membranipora_membranacea          0.00%    passed    100.00%
  87  Bugula_neritina                   0.00%    passed    100.00%
  88  Loxosoma_pectinaricola            0.00%    passed     99.52%
  89  Barentsia_gracilis                0.00%    passed     97.32%
  90  Sagitta_gazellae                  0.00%    passed    100.00%
  91  Sagitta_setosa                    0.00%    passed    100.00%
  92  Pterosagitta_draco                0.00%    passed    100.00%
  93  Sagitta_elegans                   0.00%    passed    100.00%
  94  Sagitta_serratodentata            0.00%    passed    100.00%
  95  Sagitta_hexaptera                 0.00%    passed    100.00%
  96  Krohnitta_sp                      0.00%    passed    100.00%
  97  Paraspadella_ovovivipara          0.00%    passed    100.00%
  98  Pargo1                            0.00%    passed    100.00%
  99  Spadella_cephaloptera             0.00%    passed    100.00%
 100  Eukrohnia_hamata                  0.00%    passed    100.00%
 101  Gnathostomula_paradoxa            0.00%    passed     99.87%
 102  Austrognathia_sp                  0.00%    passed     73.66%
 103  Limnognathia_maerski              0.00%    passed    100.00%
****  TOTAL                             0.00%  0 sequences failed composition chi2 test (p-value<5%; df=19)
NOTE: Brachionus_manjavacas is identical to Brachionus_plicatilis but kept for subsequent analysis
NOTE: Phoronis_vancouverensis is identical to Phoronopsis_harmeri but kept for subsequent analysis
NOTE: Sagitta_serratodentata is identical to Sagitta_setosa but kept for subsequent analysis
NOTE: Pargo1 is identical to Paraspadella_ovovivipara but kept for subsequent analysis
NOTE: 2 identical sequences (see below) will be ignored for subsequent analysis
NOTE: Spadella_cephaloptera (identical to Sagitta_setosa) is ignored but added at the end
NOTE: Eukrohnia_hamata (identical to Sagitta_setosa) is ignored but added at the end

For your convenience alignment with unique sequences printed to /csm_data/spielman_lab/dms_modelselection//simulations/alignments_empirical/Gal4_spiralia_rep16_AA.fasta.uniqueseq.phy

Create initial parsimony tree by phylogenetic likelihood library (PLL)... 0.008 seconds

NOTE: 5 MB RAM (0 GB) is required!
WARNING: Number of threads seems too high for short alignments. Use -nt AUTO to determine best number of threads.
Estimate model parameters (epsilon = 0.100)
1. Initial log-likelihood: -2669.785
2. Current log-likelihood: -2612.161
Optimal log-likelihood: -2612.076
Gamma shape alpha: 1.333
Parameters optimization took 2 rounds (0.072 sec)
Computing ML distances based on estimated model parameters... 2.981 sec
Computing BIONJ tree...
0.008 seconds
Log-likelihood of BIONJ tree: -2583.238
--------------------------------------------------------------------
|             INITIALIZING CANDIDATE TREE SET                      |
--------------------------------------------------------------------
Generating 98 parsimony trees... 1.275 second
Computing log-likelihood of 98 initial trees ... 2.694 seconds
Current best score: -2583.238

Do NNI search on 20 best initial trees
Estimate model parameters (epsilon = 0.100)
BETTER TREE FOUND at iteration 1: -2569.456
Iteration 10 / LogL: -2608.030 / Time: 0h:0m:7s
Iteration 20 / LogL: -2607.692 / Time: 0h:0m:9s
Finish initializing candidate tree set (20)
Current best tree score: -2569.456 / CPU time: 9.432
Number of iterations: 20
--------------------------------------------------------------------
|               OPTIMIZING CANDIDATE TREE SET                      |
--------------------------------------------------------------------
Estimate model parameters (epsilon = 0.100)
BETTER TREE FOUND at iteration 22: -2569.080
Estimate model parameters (epsilon = 0.100)
BETTER TREE FOUND at iteration 25: -2566.630
Iteration 30 / LogL: -2566.939 / Time: 0h:0m:13s (0h:0m:44s left)
Estimate model parameters (epsilon = 0.100)
BETTER TREE FOUND at iteration 36: -2565.923
Iteration 40 / LogL: -2566.864 / Time: 0h:0m:17s (0h:0m:43s left)
Estimate model parameters (epsilon = 0.100)
BETTER TREE FOUND at iteration 46: -2563.892
Iteration 50 / LogL: -2565.529 / Time: 0h:0m:21s (0h:0m:42s left)
Estimate model parameters (epsilon = 0.100)
BETTER TREE FOUND at iteration 53: -2563.707
BETTER TREE FOUND at iteration 58: -2563.707
Estimate model parameters (epsilon = 0.100)
BETTER TREE FOUND at iteration 60: -2563.162
Iteration 60 / LogL: -2563.162 / Time: 0h:0m:25s (0h:0m:43s left)
Estimate model parameters (epsilon = 0.100)
BETTER TREE FOUND at iteration 65: -2562.519
Iteration 70 / LogL: -2563.721 / Time: 0h:0m:29s (0h:0m:40s left)
BETTER TREE FOUND at iteration 78: -2562.517
Iteration 80 / LogL: -2563.165 / Time: 0h:0m:33s (0h:0m:41s left)
Iteration 90 / LogL: -2566.557 / Time: 0h:0m:37s (0h:0m:36s left)
BETTER TREE FOUND at iteration 93: -2562.517
Iteration 100 / LogL: -2562.519 / Time: 0h:0m:41s (0h:0m:38s left)
BETTER TREE FOUND at iteration 102: -2562.517
Iteration 110 / LogL: -2562.697 / Time: 0h:0m:45s (0h:0m:38s left)
Iteration 120 / LogL: -2563.467 / Time: 0h:0m:49s (0h:0m:34s left)
BETTER TREE FOUND at iteration 130: -2562.517
Iteration 130 / LogL: -2562.517 / Time: 0h:0m:53s (0h:0m:41s left)
Iteration 140 / LogL: -2574.906 / Time: 0h:0m:56s (0h:0m:36s left)
Iteration 150 / LogL: -2565.323 / Time: 0h:0m:59s (0h:0m:32s left)
Iteration 160 / LogL: -2566.832 / Time: 0h:1m:3s (0h:0m:28s left)
Estimate model parameters (epsilon = 0.100)
BETTER TREE FOUND at iteration 170: -2560.118
Iteration 170 / LogL: -2560.118 / Time: 0h:1m:7s (0h:0m:40s left)
Iteration 180 / LogL: -2562.519 / Time: 0h:1m:11s (0h:0m:36s left)
Iteration 190 / LogL: -2565.400 / Time: 0h:1m:15s (0h:0m:31s left)
Iteration 200 / LogL: -2562.300 / Time: 0h:1m:19s (0h:0m:28s left)
BETTER TREE FOUND at iteration 207: -2560.118
Iteration 210 / LogL: -2576.882 / Time: 0h:1m:23s (0h:0m:38s left)
Iteration 220 / LogL: -2560.233 / Time: 0h:1m:27s (0h:0m:34s left)
Iteration 230 / LogL: -2560.118 / Time: 0h:1m:31s (0h:0m:30s left)
Iteration 240 / LogL: -2562.044 / Time: 0h:1m:34s (0h:0m:26s left)
Estimate model parameters (epsilon = 0.100)
BETTER TREE FOUND at iteration 241: -2559.320
Iteration 250 / LogL: -2560.141 / Time: 0h:1m:38s (0h:0m:35s left)
Iteration 260 / LogL: -2565.778 / Time: 0h:1m:42s (0h:0m:31s left)
Estimate model parameters (epsilon = 0.100)
BETTER TREE FOUND at iteration 265: -2559.038
Iteration 270 / LogL: -2559.225 / Time: 0h:1m:46s (0h:0m:37s left)
Iteration 280 / LogL: -2560.861 / Time: 0h:1m:49s (0h:0m:33s left)
BETTER TREE FOUND at iteration 290: -2559.038
Iteration 290 / LogL: -2559.038 / Time: 0h:1m:53s (0h:0m:39s left)
BETTER TREE FOUND at iteration 294: -2559.038
BETTER TREE FOUND at iteration 296: -2559.038
Iteration 300 / LogL: -2562.332 / Time: 0h:1m:57s (0h:0m:37s left)
Iteration 310 / LogL: -2561.696 / Time: 0h:2m:1s (0h:0m:33s left)
BETTER TREE FOUND at iteration 318: -2559.038
Iteration 320 / LogL: -2561.307 / Time: 0h:2m:5s (0h:0m:38s left)
Iteration 330 / LogL: -2572.272 / Time: 0h:2m:9s (0h:0m:34s left)
Iteration 340 / LogL: -2559.040 / Time: 0h:2m:13s (0h:0m:30s left)
Iteration 350 / LogL: -2562.472 / Time: 0h:2m:17s (0h:0m:26s left)
Iteration 360 / LogL: -2566.277 / Time: 0h:2m:20s (0h:0m:22s left)
Iteration 370 / LogL: -2561.694 / Time: 0h:2m:24s (0h:0m:18s left)
Iteration 380 / LogL: -2561.040 / Time: 0h:2m:28s (0h:0m:14s left)
Iteration 390 / LogL: -2566.111 / Time: 0h:2m:31s (0h:0m:10s left)
Iteration 400 / LogL: -2559.323 / Time: 0h:2m:35s (0h:0m:7s left)
Iteration 410 / LogL: -2571.914 / Time: 0h:2m:39s (0h:0m:3s left)
TREE SEARCH COMPLETED AFTER 419 ITERATIONS / Time: 0h:2m:42s

--------------------------------------------------------------------
|                    FINALIZING TREE SEARCH                        |
--------------------------------------------------------------------
Performs final model parameters optimization
Estimate model parameters (epsilon = 0.010)
1. Initial log-likelihood: -2559.038
Optimal log-likelihood: -2559.038
Gamma shape alpha: 1.268
Parameters optimization took 1 rounds (0.019 sec)
BEST SCORE FOUND : -2559.038
Total tree length: 8.118

Total number of iterations: 419
CPU time used for tree search: 1286.275 sec (0h:21m:26s)
Wall-clock time used for tree search: 162.412 sec (0h:2m:42s)
Total CPU time used: 1290.611 sec (0h:21m:30s)
Total wall-clock time used: 162.974 sec (0h:2m:42s)

Analysis results written to: 
  IQ-TREE report:                /csm_data/spielman_lab/dms_modelselection//simulations/alignments_empirical/Gal4_spiralia_rep16_AA.fasta.iqtree
  Maximum-likelihood tree:       /csm_data/spielman_lab/dms_modelselection//simulations/alignments_empirical/Gal4_spiralia_rep16_AA.fasta.treefile
  Likelihood distances:          /csm_data/spielman_lab/dms_modelselection//simulations/alignments_empirical/Gal4_spiralia_rep16_AA.fasta.mldist
  Screen log file:               /csm_data/spielman_lab/dms_modelselection//simulations/alignments_empirical/Gal4_spiralia_rep16_AA.fasta.log

Date and Time: Tue Apr 16 16:01:04 2019
