IQ-TREE multicore version 1.6.7 for Linux 64-bit built Aug 23 2018
Developed by Bui Quang Minh, Nguyen Lam Tung, Olga Chernomor,
Heiko Schmidt, Dominik Schrempf, Michael Woodhams.

Host:    csm-gpu-001 (AVX2, FMA3, 62 GB RAM)
Command: iqtree -nt 8 -m mtMet+F+I+G4 -s /csm_data/spielman_lab/dms_modelselection//simulations/alignments_empirical/Gal4_salichos_rep16_AA.fasta -st AA -te simulations/true_trees/salichos.tree
Seed:    331946 (Using SPRNG - Scalable Parallel Random Number Generator)
Time:    Tue Apr 16 13:55:47 2019
Kernel:  AVX+FMA - 8 threads (48 CPU cores detected)

Reading alignment file /csm_data/spielman_lab/dms_modelselection//simulations/alignments_empirical/Gal4_salichos_rep16_AA.fasta ... Fasta format detected
Alignment most likely contains protein sequences
Alignment has 23 sequences with 64 columns, 62 distinct patterns
52 parsimony-informative, 7 singleton sites, 5 constant sites
      Gap/Ambiguity  Composition  p-value
   1  Agos    0.00%    passed     99.66%
   2  Klac    0.00%    passed     91.64%
   3  Calb    0.00%    passed     46.08%
   4  Cdub    0.00%    passed     70.22%
   5  Ctro    0.00%    passed     99.87%
   6  Cpar    0.00%    passed     82.65%
   7  Lelo    0.00%    passed     87.49%
   8  Psti    0.00%    passed    100.00%
   9  Cgui    0.00%    passed     96.09%
  10  Dhan    0.00%    passed     99.90%
  11  Clus    0.00%    passed     99.87%
  12  Cgla    0.00%    passed     91.02%
  13  Sbay    0.00%    passed     97.93%
  14  Scer    0.00%    passed     93.71%
  15  Spar    0.00%    passed     98.59%
  16  Smik    0.00%    passed     99.58%
  17  Skud    0.00%    passed     97.76%
  18  Scas    0.00%    passed     56.85%
  19  Kpol    0.00%    passed     99.91%
  20  Zrou    0.00%    passed     96.83%
  21  Kthe    0.00%    passed     84.37%
  22  Kwal    0.00%    passed     78.97%
  23  Sklu    0.00%    passed     53.90%
****  TOTAL    0.00%  0 sequences failed composition chi2 test (p-value<5%; df=19)
Reading input tree file simulations/true_trees/salichos.tree ...

NOTE: 1 MB RAM (0 GB) is required!
WARNING: Number of threads seems too high for short alignments. Use -nt AUTO to determine best number of threads.
Estimate model parameters (epsilon = 0.010)
Thoroughly optimizing +I+G parameters from 10 start values...
Init pinv, alpha: 0.000, 1.000 / Estimate: 0.000, 1.038 / LogL: -1949.860
Init pinv, alpha: 0.009, 1.000 / Estimate: 0.001, 1.039 / LogL: -1949.875
Init pinv, alpha: 0.017, 1.000 / Estimate: 0.001, 1.039 / LogL: -1949.877
Init pinv, alpha: 0.026, 1.000 / Estimate: 0.001, 1.039 / LogL: -1949.875
Init pinv, alpha: 0.035, 1.000 / Estimate: 0.001, 1.039 / LogL: -1949.879
Init pinv, alpha: 0.043, 1.000 / Estimate: 0.001, 1.039 / LogL: -1949.874
Init pinv, alpha: 0.052, 1.000 / Estimate: 0.001, 1.039 / LogL: -1949.876
Init pinv, alpha: 0.061, 1.000 / Estimate: 0.001, 1.039 / LogL: -1949.877
Init pinv, alpha: 0.069, 1.000 / Estimate: 0.001, 1.040 / LogL: -1949.878
Init pinv, alpha: 0.078, 1.000 / Estimate: 0.001, 1.040 / LogL: -1949.879
Optimal pinv,alpha: 0.000, 1.038 / LogL: -1949.860

Parameters optimization took 0.400 sec
BEST SCORE FOUND : -1949.860
Total tree length: 10.286

Total number of iterations: 0
CPU time used for tree search: 0.000 sec (0h:0m:0s)
Wall-clock time used for tree search: 0.000 sec (0h:0m:0s)
Total CPU time used: 3.207 sec (0h:0m:3s)
Total wall-clock time used: 0.410 sec (0h:0m:0s)

Analysis results written to: 
  IQ-TREE report:                /csm_data/spielman_lab/dms_modelselection//simulations/alignments_empirical/Gal4_salichos_rep16_AA.fasta.iqtree
  Maximum-likelihood tree:       /csm_data/spielman_lab/dms_modelselection//simulations/alignments_empirical/Gal4_salichos_rep16_AA.fasta.treefile
  Screen log file:               /csm_data/spielman_lab/dms_modelselection//simulations/alignments_empirical/Gal4_salichos_rep16_AA.fasta.log

Date and Time: Tue Apr 16 13:55:47 2019
