IQ-TREE multicore version 1.6.7 for Linux 64-bit built Aug 23 2018
Developed by Bui Quang Minh, Nguyen Lam Tung, Olga Chernomor,
Heiko Schmidt, Dominik Schrempf, Michael Woodhams.

Host:    csm-com-005 (AVX2, FMA3, 62 GB RAM)
Command: iqtree -nt 8 -m mtMet+I+G4 -s /csm_data/spielman_lab/dms_modelselection//simulations/alignments_empirical/HA_anderson_rep20_AA.fasta -st AA -te simulations/true_trees/anderson.tree
Seed:    894603 (Using SPRNG - Scalable Parallel Random Number Generator)
Time:    Tue Apr  9 15:52:36 2019
Kernel:  AVX+FMA - 8 threads (48 CPU cores detected)

Reading alignment file /csm_data/spielman_lab/dms_modelselection//simulations/alignments_empirical/HA_anderson_rep20_AA.fasta ... Fasta format detected
Alignment most likely contains protein sequences
Alignment has 179 sequences with 564 columns, 557 distinct patterns
497 parsimony-informative, 54 singleton sites, 13 constant sites
                      Gap/Ambiguity  Composition  p-value
   1  AV-S-CIV-1999           0.00%    passed     97.05%
   2  BA366-S-GIN-2003        0.00%    passed     98.20%
   3  G502-S-SLE-2009         0.00%    passed     96.65%
   4  G1180-S-SLE-2010        0.00%    passed     98.85%
   5  G2147-S-SLE-2011        0.00%    passed     94.06%
   6  G2165-S-SLE-2011        0.00%    passed     98.25%
   7  LM222-S-SLE-2010        0.00%    passed     99.90%
   8  LM774-S-SLE-2012        0.00%    passed     99.65%
   9  LM778-S-SLE-2012        0.00%    passed     99.73%
  10  G2184-S-SLE-2011        0.00%    passed     98.80%
  11  LM776-S-SLE-2012        0.00%    passed     99.51%
  12  G503-S-SLE-2009         0.00%    passed     99.98%
  13  G2318-S-SLE-2012        0.00%    passed     98.78%
  14  G1959-S-SLE-2011        0.00%    passed     92.00%
  15  G3010-S-SLE-2013        0.00%    passed     87.41%
  16  G610-S-SLE-2009         0.00%    passed     99.02%
  17  G693-S-SLE-2009         0.00%    passed     99.37%
  18  G771-S-SLE-2010         0.00%    passed     99.37%
  19  G1792-S-SLE-2011        0.00%    passed     99.62%
  20  G1960-S-SLE-2011        0.00%    passed     99.59%
  21  G2565-S-SLE-2012        0.00%    passed     99.66%
  22  G2197-S-SLE-2011        0.00%    passed     99.81%
  23  LM032-S-SLE-2010        0.00%    passed     99.43%
  24  Josiah-S-SLE-1976       0.00%    passed     99.76%
  25  G808-S-SLE-2010         0.00%    passed     93.18%
  26  G2868-S-SLE-2012        0.00%    passed     98.46%
  27  G676-S-SLE-2009         0.00%    passed     99.20%
  28  G2405-S-SLE-2012        0.00%    passed     98.84%
  29  G1190-S-SLE-2010        0.00%    passed     99.87%
  30  G2944-S-SLE-2012        0.00%    passed     99.24%
  31  LM765-S-SLE-2012        0.00%    passed     99.90%
  32  G3148-S-SLE-2013        0.00%    passed     99.94%
  33  Z0947-S-SLE-2011        0.00%    passed     99.61%
  34  Z0948-S-SLE-2011        0.00%    passed     99.61%
  35  G1727-S-SLE-2011        0.00%    passed     99.80%
  36  G1647-S-SLE-2011        0.00%    passed     99.86%
  37  G2295-S-SLE-2012        0.00%    passed     99.97%
  38  G2587-S-SLE-2012        0.00%    passed     99.97%
  39  G2280-S-SLE-2012        0.00%    passed     98.99%
  40  G3016-S-SLE-2013        0.00%    passed     99.91%
  41  G3106-S-SLE-2013        0.00%    passed     99.91%
  42  G2612-S-SLE-2012        0.00%    passed     99.33%
  43  LM779-S-SLE-2012        0.00%    passed     99.67%
  44  G692-S-SLE-2009         0.00%    passed     99.98%
  45  LM395-S-SLE-2009        0.00%    passed     99.79%
  46  G1774-S-SLE-2011        0.00%    passed     99.74%
  47  G2222-S-SLE-2011        0.00%    passed     99.66%
  48  G636-S-SLE-2009         0.00%    passed     97.90%
  49  G2315-S-SLE-2012        0.00%    passed     99.00%
  50  G2903-S-SLE-2012        0.00%    passed     92.30%
  51  G3206-S-SLE-2013        0.00%    passed     99.76%
  52  G733-S-SLE-2010         0.00%    passed     99.48%
  53  G2554-S-SLE-2012        0.00%    passed     99.70%
  54  G1618-S-SLE-2011        0.00%    passed     99.97%
  55  G1646-S-SLE-2011        0.00%    passed     99.98%
  56  G2427-S-SLE-2012        0.00%    passed     99.32%
  57  G2392-S-SLE-2012        0.00%    passed     99.28%
  58  G3229-S-SLE-2013        0.00%    passed     99.87%
  59  G3151-S-SLE-2013        0.00%    passed     99.98%
  60  G3248-S-SLE-2013        0.00%    passed     99.98%
  61  G3170-S-SLE-2013        0.00%    passed     99.98%
  62  NL-S-SLE-2000           0.00%    passed     99.97%
  63  G2263-S-SLE-2012        0.00%    passed     99.55%
  64  G2431-S-SLE-2012        0.00%    passed     99.36%
  65  G1442-S-SLE-2011        0.00%    passed     99.22%
  66  G2141-S-SLE-2011        0.00%    passed     97.50%
  67  G1529-S-SLE-2011        0.00%    passed     99.99%
  68  G3234-S-SLE-2013        0.00%    passed     99.99%
  69  G2363-S-SLE-2012        0.00%    passed     99.95%
  70  G2259-S-SLE-2012        0.00%    passed     99.94%
  71  G2723-S-SLE-2012        0.00%    passed     99.82%
  72  G3278-S-SLE-2013        0.00%    passed     99.77%
  73  G2557-S-SLE-2012        0.00%    passed     99.98%
  74  G2615-S-SLE-2012        0.00%    passed     99.49%
  75  G1200-S-LIB-2010        0.00%    passed     99.34%
  76  Macenta-S-GIN-1982      0.00%    passed     94.92%
  77  Z148-S-LIB-1981         0.00%    passed     98.31%
  78  Nig08-A18-S-NIG-2008    0.00%    passed     48.03%
  79  Nig08-A19-S-NIG-2008    0.00%    passed     45.05%
  80  CSF-S-NIG-2001          0.00%    passed     63.32%
  81  ISTH0009-S-NIG-2011     0.00%    passed    100.00%
  82  LASV979-S-NIG-2009      0.00%    passed    100.00%
  83  LASV237-S-NIG-2010      0.00%    passed    100.00%
  84  LASV711-S-NIG-2009      0.00%    passed    100.00%
  85  LASV992-S-NIG-2009      0.00%    passed    100.00%
  86  ISTH0230-S-NIG-2011     0.00%    passed    100.00%
  87  LASV975-S-NIG-2009      0.00%    passed    100.00%
  88  ISTH2061-S-NIG-2012     0.00%    passed    100.00%
  89  Nig08-A41-S-NIG-2008    0.00%    passed    100.00%
  90  ISTH2217-S-NIG-2012     0.00%    passed    100.00%
  91  ISTH1064-S-NIG-2011     0.00%    passed    100.00%
  92  ISTH2334-S-NIG-2012     0.00%    passed    100.00%
  93  LASV245-S-NIG-2011      0.00%    passed    100.00%
  94  LASV1011-S-NIG-2009     0.00%    passed    100.00%
  95  ISTH2312-S-NIG-2012     0.00%    passed     99.99%
  96  LASV1000-S-NIG-2009     0.00%    passed    100.00%
  97  ISTH2010-S-NIG-2012     0.00%    passed    100.00%
  98  ISTH2016-S-NIG-2012     0.00%    passed    100.00%
  99  Nig08-A37-S-NIG-2008    0.00%    passed     99.98%
 100  LASV737-S-NIG-2009      0.00%    passed     99.98%
 101  LASV719-S-NIG-2009      0.00%    passed     99.99%
 102  LASV046-S-NIG-2009      0.00%    passed    100.00%
 103  ISTH2042-S-NIG-2012     0.00%    passed    100.00%
 104  LASV274-S-NIG-2010      0.00%    passed    100.00%
 105  LASV263-S-NIG-2011      0.00%    passed     99.96%
 106  ISTH1137-S-NIG-2011     0.00%    passed    100.00%
 107  LASV976-S-NIG-2009      0.00%    passed    100.00%
 108  LASV1016-S-NIG-2009     0.00%    passed    100.00%
 109  LASV229-S-NIG-2010      0.00%    passed    100.00%
 110  ISTH2129-S-NIG-2012     0.00%    passed     99.22%
 111  ISTH2057-S-NIG-2012     0.00%    passed    100.00%
 112  LASV058-S-NIG-2008      0.00%    passed     99.99%
 113  ISTH1038-S-NIG-2011     0.00%    passed    100.00%
 114  LASV056-S-NIG-2008      0.00%    passed    100.00%
 115  LASV042-S-NIG-2009      0.00%    passed    100.00%
 116  LASV981-S-NIG-2009      0.00%    passed    100.00%
 117  LASV256-S-NIG-2010      0.00%    passed    100.00%
 118  LASV052-S-NIG-2008      0.00%    passed    100.00%
 119  LASV063-S-NIG-2009      0.00%    passed    100.00%
 120  ISTH0595-S-NIG-2011     0.00%    passed    100.00%
 121  ISTH1096-S-NIG-2012     0.00%    passed    100.00%
 122  LASV221-S-NIG-2010      0.00%    passed    100.00%
 123  LASV977-S-NIG-2009      0.00%    passed    100.00%
 124  LASV971-S-NIG-2009      0.00%    passed    100.00%
 125  LASV967-S-NIG-2009      0.00%    passed     99.99%
 126  ISTH2050-S-NIG-2012     0.00%    passed    100.00%
 127  ISTH2031-S-NIG-2012     0.00%    passed     99.99%
 128  ISTH2376-S-NIG-2012     0.00%    passed     99.85%
 129  LASV991-S-NIG-2009      0.00%    passed     99.79%
 130  LASV267-S-NIG-2010      0.00%    passed     99.95%
 131  LASV049-S-NIG-2009      0.00%    passed     99.98%
 132  LASV239-S-NIG-2010      0.00%    passed    100.00%
 133  ISTH2037-S-NIG-2012     0.00%    passed     99.50%
 134  ISTH1069-S-NIG-2011     0.00%    passed     99.98%
 135  ISTH1129-S-NIG-2012     0.00%    passed     99.88%
 136  ISTH2304-S-NIG-2012     0.00%    passed     99.95%
 137  LASV246-S-NIG-2010      0.00%    passed     99.99%
 138  ISTH1111-S-NIG-2011     0.00%    passed     99.99%
 139  LASV006-S-NIG-2008      0.00%    passed    100.00%
 140  ISTH0531-S-NIG-2011     0.00%    passed     99.95%
 141  LASV254-S-NIG-2011      0.00%    passed    100.00%
 142  ISTH2358-S-NIG-2012     0.00%    passed     99.99%
 143  LASV966-S-NIG-2009      0.00%    passed     99.93%
 144  ISTH1058-S-NIG-2011     0.00%    passed    100.00%
 145  LASV241-S-NIG-2011      0.00%    passed     99.86%
 146  LASV271-S-NIG-2010      0.00%    passed     99.91%
 147  Nig08-A47-S-NIG-2008    0.00%    passed     99.99%
 148  ISTH0012-S-NIG-2011     0.00%    passed     99.94%
 149  LASV993-S-NIG-2009      0.00%    passed    100.00%
 150  ISTH2046-S-NIG-2012     0.00%    passed    100.00%
 151  LASV1008-S-NIG-2009     0.00%    passed     99.38%
 152  ISTH2020-S-NIG-2012     0.00%    passed     99.97%
 153  LASV003-S-NIG-2008      0.00%    passed     99.91%
 154  LASV242-S-NIG-2010      0.00%    passed     99.40%
 155  LASV253-S-NIG-2011      0.00%    passed     99.54%
 156  LASV982-S-NIG-2009      0.00%    passed     99.97%
 157  LASV251-S-NIG-2010      0.00%    passed     99.68%
 158  LASV989-S-NIG-2009      0.00%    passed     99.24%
 159  ISTH0047-S-NIG-2011     0.00%    passed    100.00%
 160  LASV990-S-NIG-2009      0.00%    passed     99.99%
 161  ISTH1003-S-NIG-2011     0.00%    passed     99.98%
 162  ISTH0073-S-NIG-2011     0.00%    passed     99.97%
 163  ISTH2316-S-NIG-2012     0.00%    passed     99.89%
 164  LASV225-S-NIG-2010      0.00%    passed     99.87%
 165  LASV978-S-NIG-2009      0.00%    passed    100.00%
 166  ISTH1048-S-NIG-2011     0.00%    passed     99.95%
 167  LASV045-S-NIG-2009      0.00%    passed     99.95%
 168  ISTH2025-S-NIG-2012     0.00%    passed    100.00%
 169  LASV250-S-NIG-2011      0.00%    passed     99.99%
 170  LASV1015-S-NIG-2009     0.00%    passed     99.99%
 171  LASV035-S-NIG-2009      0.00%    passed     99.99%
 172  ISTH1107-S-NIG-2012     0.00%    passed    100.00%
 173  ISTH2271-S-NIG-2012     0.00%    passed     99.95%
 174  ISTH1121-S-NIG-2012     0.00%    passed     99.99%
 175  ISTH2065-S-NIG-2012     0.00%    passed     95.75%
 176  ISTH2066-S-NIG-2012     0.00%    passed     95.75%
 177  ISTH2094-S-NIG-2012     0.00%    passed     96.79%
 178  Nig08-04-S-NIG-2008     0.00%    passed     99.54%
 179  Pinneo-S-NIG-1969       0.00%    passed     25.85%
****  TOTAL                   0.00%  0 sequences failed composition chi2 test (p-value<5%; df=19)
NOTE: G771-S-SLE-2010 is identical to G693-S-SLE-2009 but kept for subsequent analysis
NOTE: Z0948-S-SLE-2011 is identical to Z0947-S-SLE-2011 but kept for subsequent analysis
NOTE: G2587-S-SLE-2012 is identical to G2295-S-SLE-2012 but kept for subsequent analysis
NOTE: G3106-S-SLE-2013 is identical to G3016-S-SLE-2013 but kept for subsequent analysis
NOTE: G3248-S-SLE-2013 is identical to G3151-S-SLE-2013 but kept for subsequent analysis
NOTE: ISTH0230-S-NIG-2011 is identical to LASV979-S-NIG-2009 but kept for subsequent analysis
NOTE: LASV1015-S-NIG-2009 is identical to LASV250-S-NIG-2011 but kept for subsequent analysis
NOTE: ISTH2066-S-NIG-2012 is identical to ISTH2065-S-NIG-2012 but kept for subsequent analysis
NOTE: 1 identical sequences (see below) will be ignored for subsequent analysis
NOTE: G3170-S-SLE-2013 (identical to G3151-S-SLE-2013) is ignored but added at the end

For your convenience alignment with unique sequences printed to /csm_data/spielman_lab/dms_modelselection//simulations/alignments_empirical/HA_anderson_rep20_AA.fasta.uniqueseq.phy
Reading input tree file simulations/true_trees/anderson.tree ...

NOTE: 63 MB RAM (0 GB) is required!
Estimate model parameters (epsilon = 0.010)
Thoroughly optimizing +I+G parameters from 10 start values...
Init pinv, alpha: 0.000, 1.000 / Estimate: 0.000, 1.609 / LogL: -29083.234
Init pinv, alpha: 0.003, 1.000 / Estimate: 0.001, 1.616 / LogL: -29083.259
Init pinv, alpha: 0.005, 1.000 / Estimate: 0.001, 1.619 / LogL: -29083.274
Init pinv, alpha: 0.008, 1.000 / Estimate: 0.001, 1.618 / LogL: -29083.278
Init pinv, alpha: 0.010, 1.000 / Estimate: 0.001, 1.619 / LogL: -29083.277
Init pinv, alpha: 0.013, 1.000 / Estimate: 0.001, 1.619 / LogL: -29083.282
Init pinv, alpha: 0.015, 1.000 / Estimate: 0.001, 1.618 / LogL: -29083.277
Init pinv, alpha: 0.018, 1.000 / Estimate: 0.001, 1.619 / LogL: -29083.279
Init pinv, alpha: 0.020, 1.000 / Estimate: 0.001, 1.619 / LogL: -29083.281
Init pinv, alpha: 0.023, 1.000 / Estimate: 0.001, 1.618 / LogL: -29083.282
Optimal pinv,alpha: 0.000, 1.609 / LogL: -29083.234

Parameters optimization took 12.314 sec
BEST SCORE FOUND : -29083.234
Total tree length: 11.660

Total number of iterations: 0
CPU time used for tree search: 0.000 sec (0h:0m:0s)
Wall-clock time used for tree search: 0.000 sec (0h:0m:0s)
Total CPU time used: 98.125 sec (0h:1m:38s)
Total wall-clock time used: 12.335 sec (0h:0m:12s)

Analysis results written to: 
  IQ-TREE report:                /csm_data/spielman_lab/dms_modelselection//simulations/alignments_empirical/HA_anderson_rep20_AA.fasta.iqtree
  Maximum-likelihood tree:       /csm_data/spielman_lab/dms_modelselection//simulations/alignments_empirical/HA_anderson_rep20_AA.fasta.treefile
  Screen log file:               /csm_data/spielman_lab/dms_modelselection//simulations/alignments_empirical/HA_anderson_rep20_AA.fasta.log

Date and Time: Tue Apr  9 15:52:49 2019
