IQ-TREE multicore version 1.6.7 for Linux 64-bit built Aug 23 2018
Developed by Bui Quang Minh, Nguyen Lam Tung, Olga Chernomor,
Heiko Schmidt, Dominik Schrempf, Michael Woodhams.

Host:    csm-com-001 (AVX2, FMA3, 62 GB RAM)
Command: iqtree -nt 8 -m JTT+F+G4 -s /csm_data/spielman_lab/dms_modelselection//simulations/empirical_alignments/HA_greenplant_rep1_AA.fasta -st AA
Seed:    595777 (Using SPRNG - Scalable Parallel Random Number Generator)
Time:    Sat Apr  6 10:44:56 2019
Kernel:  AVX+FMA - 8 threads (48 CPU cores detected)

Reading alignment file /csm_data/spielman_lab/dms_modelselection//simulations/empirical_alignments/HA_greenplant_rep1_AA.fasta ... Fasta format detected
Alignment most likely contains protein sequences
Alignment has 360 sequences with 564 columns, 564 distinct patterns
564 parsimony-informative, 0 singleton sites, 0 constant sites
                                  Gap/Ambiguity  Composition  p-value
   1  Physcomitrella_patens               0.00%    passed     85.49%
   2  Syntrichia_ruralis                  0.00%    passed     89.03%
   3  Marchantia_polymorpha               0.00%    passed     99.99%
   4  Aneura_mirabilis                    0.00%    passed     87.86%
   5  Ptilidium_pulcherrimum              0.00%    passed     90.77%
   6  Amborella_trichopoda                0.00%    passed     99.75%
   7  Illicium_oligandrum                 0.00%    passed    100.00%
   8  Chloranthus_spicatus                0.00%    passed    100.00%
   9  Drimys_granadensis                  0.00%    passed    100.00%
  10  Calycanthus_floridus                0.00%    passed    100.00%
  11  Liriodendron_tulipifera             0.00%    passed    100.00%
  12  Magnolia_kwangsiensis               0.00%    passed    100.00%
  13  Piper_cenocladum                    0.00%    passed    100.00%
  14  Ceratophyllum_demersum              0.00%    passed     99.98%
  15  Acorus_americanus                   0.00%    passed     99.67%
  16  Acorus_calamus                      0.00%    passed     99.61%
  17  Colocasia_esculenta                 0.00%    passed     99.04%
  18  Wolffia_australiana                 0.00%    passed     99.72%
  19  Wolffiella_lingulata                0.00%    passed     99.46%
  20  Lemna_minor                         0.00%    passed     99.81%
  21  Spirodela_polyrhiza                 0.00%    passed     99.97%
  22  Apostasia_wallichii                 0.00%    passed     99.67%
  23  Phalaenopsis_aphrodite              0.00%    passed     99.90%
  24  Oncidium_Gower                      0.00%    passed     99.99%
  25  Rhizanthella_gardneri               0.00%    passed     96.64%
  26  Neottia_nidus                       0.00%    passed     99.33%
  27  Curculigo_capitulata                0.00%    passed    100.00%
  28  Neoastelia_spectabilis              0.00%    passed     99.94%
  29  Iris_virginica                      0.00%    passed     98.96%
  30  Phormium_tenax                      0.00%    passed     99.84%
  31  Albuca_kirkii                       0.00%    passed     99.51%
  32  Chlorophytum_rhizopendulum          0.00%    passed     99.98%
  33  Hosta_ventricosa                    0.00%    passed     99.90%
  34  Yucca_schidigera                    0.00%    passed     99.92%
  35  Hesperaloe_parviflora               0.00%    passed     99.87%
  36  Nolina_atopocarpa                   0.00%    passed     99.97%
  37  Asparagus_officinalis               0.00%    passed     99.96%
  38  Lomandra_longifolia                 0.00%    passed     99.98%
  39  Agapanthus_praecox                  0.00%    passed     99.98%
  40  Dasypogon_bromeliifolius            0.00%    passed     99.92%
  41  Kingia_australis                    0.00%    passed     99.98%
  42  Phoenix_dactylifera                 0.00%    passed     99.97%
  43  Chamaedorea_seifrizii               0.00%    passed     99.99%
  44  Ravenea_hildebrandtii               0.00%    passed     99.99%
  45  Elaeis_oleifera                     0.00%    passed     99.91%
  46  Belosynapsis_ciliata                0.00%    passed     99.68%
  47  Tradescantia_ohiensis               0.00%    passed     99.86%
  48  Renealmia_alpinia                   0.00%    passed     99.97%
  49  Musa_acuminata                      0.00%    passed     99.23%
  50  Brocchinia_micrantha                0.00%    passed     99.99%
  51  Navia_saxicola                      0.00%    passed     99.98%
  52  Neoregelia_carolinae                0.00%    passed     99.92%
  53  Puya_laxa                           0.00%    passed     99.24%
  54  Pitcairnia_feliciana                0.00%    passed     99.98%
  55  Fosterella_caulescens               0.00%    passed     99.70%
  56  Typha_latifolia                     0.00%    passed     99.99%
  57  Sparganium_eurycarpum               0.00%    passed    100.00%
  58  Potarophytum_riparium               0.00%    passed     99.62%
  59  Abolboda_macrostachya               0.00%    passed     97.78%
  60  Thurnia_sphaerocephala              0.00%    passed     98.46%
  61  Cyperus_alternifolius               0.00%    passed     97.97%
  62  Juncus_effusus                      0.00%    passed     98.80%
  63  Centrolepis_monogyna                0.00%    passed     99.64%
  64  Thamnochortus_insignis              0.00%    passed     99.97%
  65  Joinvillea_ascendens                0.00%    passed    100.00%
  66  Georgeantha_hexandra                0.00%    passed     99.97%
  67  Ecdeiocolea_monostachya             0.00%    passed     99.20%
  68  Streptochaeta_angustifolia          0.00%    passed     97.86%
  69  Anomochloa_marantoidea              0.00%    passed     98.00%
  70  Puelia_olyriformis                  0.00%    passed     99.01%
  71  Eleusine_coracana                   0.00%    passed     92.83%
  72  Panicum_virgatum                    0.00%    passed     99.12%
  73  Zea_mays                            0.00%    passed     93.16%
  74  Sorghum_bicolor                     0.00%    passed     98.20%
  75  Saccharum_hybrid310                 0.00%    passed     97.62%
  76  Coix_lacryma                        0.00%    passed     98.09%
  77  Microlaena_stipoides                0.00%    passed     95.28%
  78  Leersia_tisserantii                 0.00%    passed     99.63%
  79  Oryza_meridionalis                  0.00%    passed     97.82%
  80  Oryza_rufipogonB                    0.00%    passed     97.82%
  81  Oryza_sativaJaponica                0.00%    passed     97.09%
  82  Oryza_rufipogonA                    0.00%    passed     97.02%
  83  Oryza_sativaIndica                  0.00%    passed     97.02%
  84  Oryza_nivara                        0.00%    passed     97.82%
  85  Oryza_australiensis                 0.00%    passed     98.78%
  86  Potamophila_parviflora              0.00%    passed     98.95%
  87  Rhynchoryza_subulata                0.00%    passed     96.32%
  88  Triticum_aestivum                   0.00%    passed     99.55%
  89  Hordeum_vulgare                     0.00%    passed     99.78%
  90  Agrostis_stolonifera                0.00%    passed     98.95%
  91  Festuca_arundinacea                 0.00%    passed     98.50%
  92  Lolium_perenne                      0.00%    passed     96.74%
  93  Brachypodium_distachyon             0.00%    passed     99.40%
  94  Bambusa_emeiensis                   0.00%    passed     97.03%
  95  Dendrocalamus_latiflorus            0.00%    passed     95.55%
  96  Bambusa_oldhamii                    0.00%    passed     97.03%
  97  Acidosasa_purpurea                  0.00%    passed     99.79%
  98  Ferrocalamus_rimosivaginus          0.00%    passed     99.46%
  99  Indocalamus_longiauritus            0.00%    passed     99.71%
 100  Phyllostachys_propinqua             0.00%    passed     99.68%
 101  Phyllostachys_edulis                0.00%    passed     99.73%
 102  Phyllostachys_nigra                 0.00%    passed     99.73%
 103  Flagellaria_indica                  0.00%    passed     99.86%
 104  Mayaca_fluviatilis                  0.00%    passed     97.31%
 105  Syngonanthus_chrysanthus            0.00%    passed     97.31%
 106  Lilium_superbum                     0.00%    passed     99.52%
 107  Pandanus_utilis                     0.00%    passed     98.15%
 108  Dioscorea_elephantipes              0.00%    passed     98.01%
 109  Nandina_domestica                   0.00%    passed     99.69%
 110  Megaleranthis_saniculifolia         0.00%    passed     97.37%
 111  Ranunculus_macranthus               0.00%    passed     99.99%
 112  Dillenia_indica                     0.00%    passed     98.61%
 113  Berberidopsis_corallina             0.00%    passed    100.00%
 114  Fagopyrum_esculentum                0.00%    passed     96.83%
 115  Plumbago_auriculata                 0.00%    passed     96.39%
 116  Mollugo_verticillata                0.00%    passed     98.76%
 117  Anredera_baselloides                0.00%    passed     99.98%
 118  Portulacaria_afra                   0.00%    passed     99.93%
 119  Didierea_madagascariensis           0.00%    passed     98.69%
 120  Pereskia_sacharosa                  0.00%    passed     99.64%
 121  Maihuenia_poeppigii                 0.00%    passed     95.99%
 122  Weingartia_kargliana                0.00%    passed     99.31%
 123  Blossfeldia_liliputana              0.00%    passed     96.43%
 124  Pereskiopsis_diguetii               0.00%    passed     99.54%
 125  Opuntia_decumbens                   0.00%    passed     98.70%
 126  Portulaca_oleracea                  0.00%    passed     99.89%
 127  Spinacia_oleracea                   0.00%    passed     98.59%
 128  Silene_noctiflora                   0.00%    passed     96.78%
 129  Silene_conica                       0.00%    passed     92.38%
 130  Silene_vulgaris                     0.00%    passed     99.58%
 131  Silene_latifolia                    0.00%    passed     99.51%
 132  Davidia_involucrata                 0.00%    passed     99.71%
 133  Cornus_florida                      0.00%    passed     99.48%
 134  Arbutus_unedo                       0.00%    passed     99.54%
 135  Rhododendron_simsii                 0.00%    passed     98.48%
 136  Franklinia_alatamaha                0.00%    passed     99.41%
 137  Trachelium_caeruleum                0.00%    passed     99.77%
 138  Scaevola_aemula                     0.00%    passed     97.72%
 139  Lactuca_sativa                      0.00%    passed     99.64%
 140  Jacobaea_vulgaris                   0.00%    passed     99.81%
 141  Guizotia_abyssinica                 0.00%    passed     99.59%
 142  Ageratina_adenophora                0.00%    passed     99.98%
 143  Parthenium_argentatum               0.00%    passed     99.26%
 144  Helianthus_annuus                   0.00%    passed     97.82%
 145  Eleutherococcus_senticosus          0.00%    passed     99.96%
 146  Panax_ginseng                       0.00%    passed     99.94%
 147  Hydrocotyle_sp                      0.00%    passed     99.66%
 148  Oxypolis_greenmanii                 0.00%    passed     99.69%
 149  Crithmum_maritimum                  0.00%    passed     99.50%
 150  Anethum_graveolens                  0.00%    passed     99.84%
 151  Petroselinum_crispum                0.00%    passed     99.88%
 152  Daucus_carota                       0.00%    passed     99.95%
 153  Anthriscus_cerefolium               0.00%    passed     99.74%
 154  Lonicera_japonica                   0.00%    passed     99.35%
 155  Ilex_cornuta                        0.00%    passed     99.93%
 156  Aucuba_japonica                     0.00%    passed     99.99%
 157  Epifagus_virginiana                 0.00%    passed     63.37%
 158  Antirrhinum_majus                   0.00%    passed     99.93%
 159  Boea_hygrometrica                   0.00%    passed     98.63%
 160  Sesamum_indicum                     0.00%    passed     94.66%
 161  Jasminum_nudiflorum                 0.00%    passed     62.61%
 162  Olea_woodiana                       0.00%    passed     99.82%
 163  Olea_europaeacuspi                  0.00%    passed     99.93%
 164  Olea_europaeamaro                   0.00%    passed     99.94%
 165  Olea_europaeaeuro                   0.00%    passed     99.93%
 166  Ipomoea_purpurea                    0.00%    passed     82.46%
 167  Cuscuta_exaltata                    0.00%    passed     84.19%
 168  Cuscuta_reflexa                     0.00%    passed     83.89%
 169  Cuscuta_gronovii                    0.00%    passed     96.40%
 170  Cuscuta_obtusiflora                 0.00%    passed     84.60%
 171  Nicotiana_undulata                  0.00%    passed     99.76%
 172  Nicotiana_sylvestris                0.00%    passed     99.44%
 173  Nicotiana_tabacum                   0.00%    passed     99.44%
 174  Nicotiana_tomentosiformis           0.00%    passed     99.39%
 175  Atropa_belladonna                   0.00%    passed     99.87%
 176  Solanum_bulbocastanum               0.00%    passed     99.74%
 177  Solanum_tuberosum                   0.00%    passed     99.89%
 178  Solanum_lycopersicum                0.00%    passed     99.95%
 179  Ehretia_acuminata                   0.00%    passed     99.86%
 180  Coffea_arabica                      0.00%    passed     99.93%
 181  Nerium_oleander                     0.00%    passed     99.73%
 182  Phoradendron_serotinum              0.00%    passed     61.54%
 183  Ximenia_americana                   0.00%    passed     99.84%
 184  Liquidambar_styraciflua             0.00%    passed     99.96%
 185  Heuchera_sanguinea                  0.00%    passed     99.71%
 186  Vitis_vinifera                      0.00%    passed    100.00%
 187  Bulnesia_arborea                    0.00%    passed     87.97%
 188  Geranium_palmatum                   0.00%    passed     98.05%
 189  Erodium_texanum                     0.00%    passed     88.54%
 190  Erodium_carvifolium                 0.00%    passed     41.04%
 191  Monsonia_speciosa                   0.00%    passed     97.90%
 192  Pelargonium_x                       0.00%    passed     89.74%
 193  Eucalyptus_grandis                  0.00%    passed     99.97%
 194  Eucalyptus_globulus                 0.00%    passed     99.94%
 195  Oenothera_argillicola               0.00%    passed     90.00%
 196  Oenothera_parviflora                0.00%    passed     88.04%
 197  Oenothera_biennis                   0.00%    passed     88.46%
 198  Oenothera_elata                     0.00%    passed     89.06%
 199  Oenothera_glazioviana               0.00%    passed     87.02%
 200  Staphylea_colchica                  0.00%    passed     99.94%
 201  Citrus_sinensis                     0.00%    passed     99.96%
 202  Theobroma_cacao                     0.00%    passed     99.92%
 203  Gossypium_raimondii                 0.00%    passed     99.91%
 204  Gossypium_thurberi                  0.00%    passed     99.84%
 205  Gossypium_arboreum                  0.00%    passed     99.85%
 206  Gossypium_herbaceum                 0.00%    passed     99.85%
 207  Gossypium_mustelinum                0.00%    passed     99.85%
 208  Gossypium_darwinii                  0.00%    passed     99.85%
 209  Gossypium_hirsutum                  0.00%    passed     99.85%
 210  Gossypium_tomentosum                0.00%    passed     99.85%
 211  Gossypium_barbadense                0.00%    passed     99.81%
 212  Carica_papaya                       0.00%    passed    100.00%
 213  Aethionema_grandiflorum             0.00%    passed    100.00%
 214  Aethionema_cordifolium              0.00%    passed     99.99%
 215  Crucihimalaya_wallichii             0.00%    passed    100.00%
 216  Olimarabidopsis_pumila              0.00%    passed    100.00%
 217  Capsella_bursa                      0.00%    passed    100.00%
 218  Arabidopsis_thaliana                0.00%    passed    100.00%
 219  Nasturtium_officinale               0.00%    passed    100.00%
 220  Barbarea_verna                      0.00%    passed    100.00%
 221  Lepidium_virginicum                 0.00%    passed     99.99%
 222  Lobularia_maritima                  0.00%    passed    100.00%
 223  Draba_nemorosa                      0.00%    passed     99.89%
 224  Arabis_hirsuta                      0.00%    passed    100.00%
 225  Millettia_pinnata                   0.00%    passed     99.89%
 226  Vigna_radiata                       0.00%    passed     99.93%
 227  Phaseolus_vulgaris                  0.00%    passed     98.96%
 228  Glycine_max                         0.00%    passed     99.91%
 229  Lotus_japonicus                     0.00%    passed     99.48%
 230  Medicago_truncatula                 0.00%    passed     99.99%
 231  Trifolium_subterraneum              0.00%    passed     99.87%
 232  Lathyrus_sativus                    0.00%    passed     95.56%
 233  Pisum_sativum                       0.00%    passed     99.86%
 234  Cicer_arietinum                     0.00%    passed     99.49%
 235  Corynocarpus_laevigata              0.00%    passed     99.99%
 236  Cucumis_melo                        0.00%    passed     99.74%
 237  Cucumis_sativus                     0.00%    passed     99.63%
 238  Prunus_persica                      0.00%    passed     99.94%
 239  Pentactina_rupicola                 0.00%    passed     99.97%
 240  Pyrus_pyrifolia                     0.00%    passed     99.93%
 241  Fragaria_vesca                      0.00%    passed     99.99%
 242  Morus_indica                        0.00%    passed     99.97%
 243  Ficus_sp                            0.00%    passed     99.89%
 244  Quercus_nigra                       0.00%    passed     99.95%
 245  Castanea_mollissima                 0.00%    passed     99.88%
 246  Euonymus_americanus                 0.00%    passed     99.09%
 247  Oxalis_latifolia                    0.00%    passed     99.91%
 248  Populus_alba                        0.00%    passed     99.98%
 249  Populus_trichocarpa                 0.00%    passed     99.99%
 250  Passiflora_biflora                  0.00%    passed     99.99%
 251  Ricinus_communis                    0.00%    passed     99.79%
 252  Manihot_esculenta                   0.00%    passed     99.91%
 253  Hevea_brasiliensis                  0.00%    passed     99.98%
 254  Jatropha_curcas                     0.00%    passed    100.00%
 255  Gunnera_manicata                    0.00%    passed     99.86%
 256  Buxus_microphylla                   0.00%    passed     99.99%
 257  Trochodendron_aralioides            0.00%    passed    100.00%
 258  Nelumbo_lutea                       0.00%    passed    100.00%
 259  Nelumbo_nuciferaNC                  0.00%    passed    100.00%
 260  Platanus_occidentalis               0.00%    passed    100.00%
 261  Meliosma_aff_cuneifolia             0.00%    passed     99.73%
 262  Nymphaea_alba                       0.00%    passed     99.99%
 263  Nuphar_advena                       0.00%    passed     98.93%
 264  Ginkgo_biloba                       0.00%    passed     86.04%
 265  Cycas_micronesica                   0.00%    passed     65.42%
 266  Cycas_taitungensis                  0.00%    passed     67.43%
 267  Ephedra_equisetina                  0.00%    passed     29.85%
 268  Welwitschia_mirabilis               0.00%    passed     75.85%
 269  Gnetum_parvifolium                  0.00%    passed     96.66%
 270  Halocarpus_kirkii                   0.00%    passed     81.26%
 271  Podocarpus_totara                   0.00%    passed     73.26%
 272  Agathis_australis                   0.00%    passed     76.25%
 273  Cryptomeria_japonica                0.00%    passed     86.37%
 274  Taiwania_cryptomerioides            0.00%    passed     86.12%
 275  Cephalotaxus_wilsoniana             0.00%    passed     92.77%
 276  Cedrus_deodaraNC                    0.00%    passed     99.04%
 277  Abies_firma                         0.00%    passed     98.10%
 278  Keteleeria_davidiana                0.00%    passed     96.69%
 279  Pseudotsuga_sinensis                0.00%    passed     90.93%
 280  Larix_decidua                       0.00%    passed     88.95%
 281  Larix_occidentalis                  0.00%    passed     86.73%
 282  Cathaya_argyrophylla                0.00%    passed     87.00%
 283  Picea_sitchensis                    0.00%    passed     98.37%
 284  Picea_morrisonicola                 0.00%    passed     96.61%
 285  Pinus_pinaster                      0.00%    passed     96.95%
 286  Pinus_canariensis                   0.00%    passed     95.49%
 287  Pinus_thunbergiiNC                  0.00%    passed     96.99%
 288  Pinus_resinosa                      0.00%    passed     95.77%
 289  Pinus_merkusii                      0.00%    passed     97.37%
 290  Pinus_attenuata                     0.00%    passed     98.61%
 291  Pinus_taeda                         0.00%    passed     98.70%
 292  Pinus_leiophylla_var_chihuahuana    0.00%    passed     95.46%
 293  Pinus_ponderosa                     0.00%    passed     94.21%
 294  Pinus_torreyana_subsp_insularis     0.00%    passed     95.94%
 295  Pinus_torreyana_subsp_torreyana     0.00%    passed     95.94%
 296  Pinus_banksiana                     0.00%    passed     94.47%
 297  Pinus_contorta                      0.00%    passed     95.49%
 298  Pinus_monophylla                    0.00%    passed     98.68%
 299  Pinus_rzedowskii                    0.00%    passed     98.81%
 300  Pinus_nelsonii                      0.00%    passed     98.42%
 301  Pinus_aristata                      0.00%    passed     96.68%
 302  Pinus_squamata                      0.00%    passed     95.78%
 303  Pinus_gerardiana                    0.00%    passed     93.40%
 304  Pinus_krempfii                      0.00%    passed     92.56%
 305  Pinus_strobus                       0.00%    passed     93.14%
 306  Pinus_flexilis                      0.00%    passed     93.74%
 307  Pinus_ayacahuite                    0.00%    passed     93.74%
 308  Pinus_peuce                         0.00%    passed     94.84%
 309  Pinus_monticola                     0.00%    passed     93.42%
 310  Pinus_lambertiana                   0.00%    passed     94.14%
 311  Pinus_albicaulis                    0.00%    passed     93.55%
 312  Pinus_koraiensis                    0.00%    passed     94.09%
 313  Pinus_cembra                        0.00%    passed     95.10%
 314  Pinus_sibirica                      0.00%    passed     95.10%
 315  Pinus_armandii                      0.00%    passed     93.85%
 316  Pinus_parviflora_var_pentaphylla    0.00%    passed     95.10%
 317  Equisetum_arvense                   0.00%    passed     10.57%
 318  Psilotum_nudum                      0.00%    passed     33.09%
 319  Pteridium_aquilinum                 0.00%    passed     72.71%
 320  Adiantum_capillus                   0.00%    passed     82.86%
 321  Cheilanthes_lindheimeri             0.00%    passed     88.98%
 322  Alsophila_spinulosa                 0.00%    passed     73.33%
 323  Angiopteris_evecta                  0.00%    passed     85.71%
 324  Huperzia_lucidula                   0.00%    passed     78.83%
 325  Isoetes_flaccida                    0.00%    passed     82.82%
 326  Selaginella_uncinata                0.00%    passed     87.75%
 327  Selaginella_moellendorffii          0.00%    passed     23.93%
 328  Anthoceros_formosae                 0.00%    passed     75.55%
 329  Staurastrum_punctulatum             0.00%    passed     96.33%
 330  Zygnema_circumcarinatum             0.00%    failed      4.74%
 331  Chaetosphaeridium_globosum          0.00%    passed     12.56%
 332  Chara_vulgaris                      0.00%    passed     85.20%
 333  Mesostigma_viride                   0.00%    passed     11.39%
 334  Chlorokybus_atmophyticus            0.00%    passed     33.47%
 335  Bryopsis_hypnoides                  0.00%    passed     44.85%
 336  Stigeoclonium_helveticum            0.00%    passed     47.50%
 337  Schizomeris_leibleinii              0.00%    passed     95.22%
 338  Floydiella_terrestris               0.00%    passed     66.77%
 339  Oedogonium_cardiacum                0.00%    passed     35.63%
 340  Chlamydomonas_reinhardtii           0.00%    passed     76.29%
 341  Volvox_carteri                      0.00%    passed     98.28%
 342  Dunaliella_salina                   0.00%    passed     90.76%
 343  Scenedesmus_obliquus                0.00%    passed     62.68%
 344  Oocystis_solitaria                  0.00%    passed     70.85%
 345  Leptosira_terrestris                0.00%    passed     37.91%
 346  Coccomyxa_sp                        0.00%    passed      8.51%
 347  Pedinomonas_minor                   0.00%    passed     65.38%
 348  Helicosporidium_sp                  0.00%    passed     63.08%
 349  Chlorella_variabilis                0.00%    passed     35.35%
 350  Chlorella_vulgaris                  0.00%    passed     63.16%
 351  Parachlorella_kessleri              0.00%    passed     96.54%
 352  Pseudendoclonium_akinetum           0.00%    passed     40.91%
 353  Oltmannsiellopsis_viridis           0.00%    passed     17.32%
 354  Pycnococcus_provasolii              0.00%    passed     52.45%
 355  Pyramimonas_parkeae                 0.00%    failed      0.36%
 356  Micromonas_pusilla                  0.00%    passed     56.91%
 357  Micromonas_sp                       0.00%    passed     31.47%
 358  Ostreococcus_tauri                  0.00%    failed      3.83%
 359  Monomastix_sp                       0.00%    failed      3.07%
 360  Nephroselmis_olivacea               0.00%    passed     30.70%
****  TOTAL                               0.00%  4 sequences failed composition chi2 test (p-value<5%; df=19)
NOTE: Oryza_rufipogonB is identical to Oryza_meridionalis but kept for subsequent analysis
NOTE: Oryza_sativaIndica is identical to Oryza_rufipogonA but kept for subsequent analysis
NOTE: Bambusa_oldhamii is identical to Bambusa_emeiensis but kept for subsequent analysis
NOTE: Phyllostachys_nigra is identical to Phyllostachys_edulis but kept for subsequent analysis
NOTE: Nicotiana_tabacum is identical to Nicotiana_sylvestris but kept for subsequent analysis
NOTE: Gossypium_herbaceum is identical to Gossypium_arboreum but kept for subsequent analysis
NOTE: Nelumbo_nuciferaNC is identical to Nelumbo_lutea but kept for subsequent analysis
NOTE: Pinus_torreyana_subsp_torreyana is identical to Pinus_torreyana_subsp_insularis but kept for subsequent analysis
NOTE: Pinus_ayacahuite is identical to Pinus_flexilis but kept for subsequent analysis
NOTE: Pinus_sibirica is identical to Pinus_cembra but kept for subsequent analysis
NOTE: 5 identical sequences (see below) will be ignored for subsequent analysis
NOTE: Oryza_nivara (identical to Oryza_meridionalis) is ignored but added at the end
NOTE: Gossypium_mustelinum (identical to Gossypium_arboreum) is ignored but added at the end
NOTE: Gossypium_darwinii (identical to Gossypium_arboreum) is ignored but added at the end
NOTE: Gossypium_hirsutum (identical to Gossypium_arboreum) is ignored but added at the end
NOTE: Gossypium_tomentosum (identical to Gossypium_arboreum) is ignored but added at the end

For your convenience alignment with unique sequences printed to /csm_data/spielman_lab/dms_modelselection//simulations/empirical_alignments/HA_greenplant_rep1_AA.fasta.uniqueseq.phy

Create initial parsimony tree by phylogenetic likelihood library (PLL)... 0.273 seconds

NOTE: 128 MB RAM (0 GB) is required!
Estimate model parameters (epsilon = 0.100)
1. Initial log-likelihood: -118925.241
2. Current log-likelihood: -117966.759
3. Current log-likelihood: -117932.876
4. Current log-likelihood: -117922.476
5. Current log-likelihood: -117921.277
Optimal log-likelihood: -117921.180
Gamma shape alpha: 2.754
Parameters optimization took 5 rounds (2.154 sec)
Computing ML distances based on estimated model parameters... 44.974 sec
Computing BIONJ tree...
0.140 seconds
Log-likelihood of BIONJ tree: -118045.492
--------------------------------------------------------------------
|             INITIALIZING CANDIDATE TREE SET                      |
--------------------------------------------------------------------
Generating 98 parsimony trees... 26.936 second
Computing log-likelihood of 98 initial trees ... 22.818 seconds
Current best score: -117839.008

Do NNI search on 20 best initial trees
Estimate model parameters (epsilon = 0.100)
BETTER TREE FOUND at iteration 1: -117808.412
BETTER TREE FOUND at iteration 2: -117808.412
Iteration 10 / LogL: -117812.365 / Time: 0h:1m:38s
Estimate model parameters (epsilon = 0.100)
BETTER TREE FOUND at iteration 16: -117807.224
Iteration 20 / LogL: -117812.371 / Time: 0h:2m:8s
Finish initializing candidate tree set (20)
Current best tree score: -117807.224 / CPU time: 118.504
Number of iterations: 20
--------------------------------------------------------------------
|               OPTIMIZING CANDIDATE TREE SET                      |
--------------------------------------------------------------------
BETTER TREE FOUND at iteration 24: -117807.221
Iteration 30 / LogL: -117815.871 / Time: 0h:2m:43s (0h:8m:47s left)
Iteration 40 / LogL: -117807.222 / Time: 0h:3m:18s (0h:7m:7s left)
BETTER TREE FOUND at iteration 43: -117807.221
BETTER TREE FOUND at iteration 47: -117807.221
Iteration 50 / LogL: -117824.230 / Time: 0h:3m:54s (0h:7m:43s left)
BETTER TREE FOUND at iteration 55: -117807.220
Iteration 60 / LogL: -117808.108 / Time: 0h:4m:29s (0h:7m:13s left)
BETTER TREE FOUND at iteration 64: -117807.220
BETTER TREE FOUND at iteration 65: -117807.218
Iteration 70 / LogL: -117807.220 / Time: 0h:5m:5s (0h:6m:59s left)
Iteration 80 / LogL: -117832.229 / Time: 0h:5m:40s (0h:6m:5s left)
Iteration 90 / LogL: -117847.345 / Time: 0h:6m:14s (0h:5m:15s left)
BETTER TREE FOUND at iteration 93: -117807.218
BETTER TREE FOUND at iteration 100: -117807.216
Iteration 100 / LogL: -117807.216 / Time: 0h:6m:46s (0h:6m:50s left)
Iteration 110 / LogL: -117808.407 / Time: 0h:7m:22s (0h:6m:4s left)
Iteration 120 / LogL: -117807.218 / Time: 0h:7m:56s (0h:5m:20s left)
Iteration 130 / LogL: -117807.217 / Time: 0h:8m:30s (0h:4m:36s left)
Iteration 140 / LogL: -117808.746 / Time: 0h:9m:6s (0h:3m:55s left)
BETTER TREE FOUND at iteration 143: -117807.216
Iteration 150 / LogL: -117807.217 / Time: 0h:9m:42s (0h:6m:3s left)
BETTER TREE FOUND at iteration 156: -117807.216
Iteration 160 / LogL: -117807.216 / Time: 0h:10m:17s (0h:6m:12s left)
BETTER TREE FOUND at iteration 163: -117807.215
Iteration 170 / LogL: -117809.310 / Time: 0h:10m:53s (0h:5m:59s left)
BETTER TREE FOUND at iteration 178: -117807.215
Iteration 180 / LogL: -117875.437 / Time: 0h:11m:29s (0h:6m:17s left)
BETTER TREE FOUND at iteration 185: -117807.215
Iteration 190 / LogL: -117808.404 / Time: 0h:12m:3s (0h:6m:3s left)
Iteration 200 / LogL: -117815.925 / Time: 0h:12m:38s (0h:5m:23s left)
Iteration 210 / LogL: -117807.217 / Time: 0h:13m:14s (0h:4m:44s left)
Iteration 220 / LogL: -117807.216 / Time: 0h:13m:50s (0h:4m:6s left)
BETTER TREE FOUND at iteration 226: -117807.215
BETTER TREE FOUND at iteration 230: -117807.214
Iteration 230 / LogL: -117807.214 / Time: 0h:14m:24s (0h:6m:17s left)
Iteration 240 / LogL: -117846.437 / Time: 0h:15m:0s (0h:5m:39s left)
BETTER TREE FOUND at iteration 243: -117807.214
Iteration 250 / LogL: -117807.214 / Time: 0h:15m:35s (0h:5m:49s left)
Iteration 260 / LogL: -117815.930 / Time: 0h:16m:10s (0h:5m:10s left)
Iteration 270 / LogL: -117807.214 / Time: 0h:16m:44s (0h:4m:32s left)
Iteration 280 / LogL: -117807.214 / Time: 0h:17m:18s (0h:3m:54s left)
Iteration 290 / LogL: -117824.226 / Time: 0h:17m:54s (0h:3m:16s left)
Iteration 300 / LogL: -117807.215 / Time: 0h:18m:29s (0h:2m:39s left)
Iteration 310 / LogL: -117807.214 / Time: 0h:19m:3s (0h:2m:2s left)
BETTER TREE FOUND at iteration 316: -117807.213
BETTER TREE FOUND at iteration 319: -117807.213
Iteration 320 / LogL: -117848.130 / Time: 0h:19m:40s (0h:6m:6s left)
Iteration 330 / LogL: -117854.848 / Time: 0h:20m:14s (0h:5m:28s left)
Iteration 340 / LogL: -117831.790 / Time: 0h:20m:47s (0h:4m:50s left)
Iteration 350 / LogL: -117837.385 / Time: 0h:21m:21s (0h:4m:13s left)
Iteration 360 / LogL: -117807.214 / Time: 0h:21m:54s (0h:3m:35s left)
BETTER TREE FOUND at iteration 366: -117807.213
Iteration 370 / LogL: -117807.214 / Time: 0h:22m:28s (0h:5m:50s left)
BETTER TREE FOUND at iteration 372: -117807.213
Iteration 380 / LogL: -117808.869 / Time: 0h:23m:4s (0h:5m:35s left)
Iteration 390 / LogL: -117815.863 / Time: 0h:23m:39s (0h:4m:59s left)
Iteration 400 / LogL: -117807.215 / Time: 0h:24m:13s (0h:4m:22s left)
Iteration 410 / LogL: -117809.310 / Time: 0h:24m:47s (0h:3m:45s left)
Iteration 420 / LogL: -117839.448 / Time: 0h:25m:23s (0h:3m:9s left)
BETTER TREE FOUND at iteration 425: -117807.213
Iteration 430 / LogL: -117954.221 / Time: 0h:25m:58s (0h:5m:45s left)
Iteration 440 / LogL: -117823.549 / Time: 0h:26m:34s (0h:5m:8s left)
Iteration 450 / LogL: -117848.960 / Time: 0h:27m:9s (0h:4m:32s left)
BETTER TREE FOUND at iteration 456: -117807.212
BETTER TREE FOUND at iteration 460: -117807.212
Iteration 460 / LogL: -117807.212 / Time: 0h:27m:42s (0h:6m:2s left)
BETTER TREE FOUND at iteration 464: -117807.212
Iteration 470 / LogL: -117810.715 / Time: 0h:28m:17s (0h:5m:40s left)
Iteration 480 / LogL: -117807.212 / Time: 0h:28m:54s (0h:5m:4s left)
Iteration 490 / LogL: -117818.749 / Time: 0h:29m:29s (0h:4m:27s left)
Iteration 500 / LogL: -117841.231 / Time: 0h:30m:3s (0h:3m:51s left)
Iteration 510 / LogL: -117825.880 / Time: 0h:30m:38s (0h:3m:15s left)
BETTER TREE FOUND at iteration 517: -117807.212
Iteration 520 / LogL: -117807.213 / Time: 0h:31m:15s (0h:5m:50s left)
Iteration 530 / LogL: -117807.212 / Time: 0h:31m:49s (0h:5m:13s left)
Iteration 540 / LogL: -117807.213 / Time: 0h:32m:24s (0h:4m:37s left)
Iteration 550 / LogL: -117807.214 / Time: 0h:32m:59s (0h:4m:1s left)
BETTER TREE FOUND at iteration 553: -117807.212
BETTER TREE FOUND at iteration 554: -117807.211
Iteration 560 / LogL: -117807.212 / Time: 0h:33m:33s (0h:5m:38s left)
Iteration 570 / LogL: -117829.713 / Time: 0h:34m:10s (0h:5m:2s left)
BETTER TREE FOUND at iteration 573: -117807.211
Iteration 580 / LogL: -117807.213 / Time: 0h:34m:44s (0h:5m:34s left)
Iteration 590 / LogL: -117814.790 / Time: 0h:35m:19s (0h:4m:58s left)
Iteration 600 / LogL: -117807.213 / Time: 0h:35m:54s (0h:4m:22s left)
Iteration 610 / LogL: -117807.213 / Time: 0h:36m:31s (0h:3m:46s left)
Iteration 620 / LogL: -117837.383 / Time: 0h:37m:6s (0h:3m:10s left)
Iteration 630 / LogL: -117807.212 / Time: 0h:37m:40s (0h:2m:34s left)
Iteration 640 / LogL: -117848.198 / Time: 0h:38m:14s (0h:1m:58s left)
Iteration 650 / LogL: -117807.212 / Time: 0h:38m:50s (0h:1m:22s left)
Iteration 660 / LogL: -117829.832 / Time: 0h:39m:25s (0h:0m:46s left)
Iteration 670 / LogL: -117825.273 / Time: 0h:40m:0s (0h:0m:10s left)
TREE SEARCH COMPLETED AFTER 674 ITERATIONS / Time: 0h:40m:13s

--------------------------------------------------------------------
|                    FINALIZING TREE SEARCH                        |
--------------------------------------------------------------------
Performs final model parameters optimization
Estimate model parameters (epsilon = 0.010)
1. Initial log-likelihood: -117807.211
Optimal log-likelihood: -117807.210
Gamma shape alpha: 2.717
Parameters optimization took 1 rounds (0.277 sec)
BEST SCORE FOUND : -117807.210
Total tree length: 48.075

Total number of iterations: 674
CPU time used for tree search: 18962.169 sec (5h:16m:2s)
Wall-clock time used for tree search: 2403.690 sec (0h:40m:3s)
Total CPU time used: 19037.091 sec (5h:17m:17s)
Total wall-clock time used: 2413.615 sec (0h:40m:13s)

Analysis results written to: 
  IQ-TREE report:                /csm_data/spielman_lab/dms_modelselection//simulations/empirical_alignments/HA_greenplant_rep1_AA.fasta.iqtree
  Maximum-likelihood tree:       /csm_data/spielman_lab/dms_modelselection//simulations/empirical_alignments/HA_greenplant_rep1_AA.fasta.treefile
  Likelihood distances:          /csm_data/spielman_lab/dms_modelselection//simulations/empirical_alignments/HA_greenplant_rep1_AA.fasta.mldist
  Screen log file:               /csm_data/spielman_lab/dms_modelselection//simulations/empirical_alignments/HA_greenplant_rep1_AA.fasta.log

Date and Time: Sat Apr  6 11:25:10 2019
