IQ-TREE multicore version 1.6.7 for Linux 64-bit built Aug 23 2018
Developed by Bui Quang Minh, Nguyen Lam Tung, Olga Chernomor,
Heiko Schmidt, Dominik Schrempf, Michael Woodhams.

Host:    csm-com-006 (AVX2, FMA3, 62 GB RAM)
Command: iqtree -nt 8 -m DCMut+F+I+G4 -s /csm_data/spielman_lab/dms_modelselection//simulations/empirical_alignments/HA_greenplant_rep6_AA.fasta -st AA
Seed:    594583 (Using SPRNG - Scalable Parallel Random Number Generator)
Time:    Sat Apr  6 11:36:12 2019
Kernel:  AVX+FMA - 8 threads (48 CPU cores detected)

Reading alignment file /csm_data/spielman_lab/dms_modelselection//simulations/empirical_alignments/HA_greenplant_rep6_AA.fasta ... Fasta format detected
Alignment most likely contains protein sequences
Alignment has 360 sequences with 564 columns, 564 distinct patterns
560 parsimony-informative, 3 singleton sites, 1 constant sites
                                  Gap/Ambiguity  Composition  p-value
   1  Physcomitrella_patens               0.00%    passed     55.17%
   2  Syntrichia_ruralis                  0.00%    passed     42.14%
   3  Marchantia_polymorpha               0.00%    passed     66.45%
   4  Aneura_mirabilis                    0.00%    passed     47.63%
   5  Ptilidium_pulcherrimum              0.00%    passed     85.05%
   6  Amborella_trichopoda                0.00%    passed     99.56%
   7  Illicium_oligandrum                 0.00%    passed     99.63%
   8  Chloranthus_spicatus                0.00%    passed     99.85%
   9  Drimys_granadensis                  0.00%    passed     98.76%
  10  Calycanthus_floridus                0.00%    passed     99.41%
  11  Liriodendron_tulipifera             0.00%    passed     99.94%
  12  Magnolia_kwangsiensis               0.00%    passed    100.00%
  13  Piper_cenocladum                    0.00%    passed    100.00%
  14  Ceratophyllum_demersum              0.00%    passed     99.50%
  15  Acorus_americanus                   0.00%    passed     99.72%
  16  Acorus_calamus                      0.00%    passed     99.72%
  17  Colocasia_esculenta                 0.00%    passed     96.27%
  18  Wolffia_australiana                 0.00%    passed     98.67%
  19  Wolffiella_lingulata                0.00%    passed     92.12%
  20  Lemna_minor                         0.00%    passed     61.84%
  21  Spirodela_polyrhiza                 0.00%    passed     74.19%
  22  Apostasia_wallichii                 0.00%    passed     98.98%
  23  Phalaenopsis_aphrodite              0.00%    passed     99.65%
  24  Oncidium_Gower                      0.00%    passed     96.11%
  25  Rhizanthella_gardneri               0.00%    passed     99.15%
  26  Neottia_nidus                       0.00%    passed     99.21%
  27  Curculigo_capitulata                0.00%    passed     99.99%
  28  Neoastelia_spectabilis              0.00%    passed     99.95%
  29  Iris_virginica                      0.00%    passed     99.73%
  30  Phormium_tenax                      0.00%    passed     99.53%
  31  Albuca_kirkii                       0.00%    passed     99.82%
  32  Chlorophytum_rhizopendulum          0.00%    passed     99.99%
  33  Hosta_ventricosa                    0.00%    passed     99.90%
  34  Yucca_schidigera                    0.00%    passed     99.94%
  35  Hesperaloe_parviflora               0.00%    passed     99.97%
  36  Nolina_atopocarpa                   0.00%    passed     98.68%
  37  Asparagus_officinalis               0.00%    passed     99.69%
  38  Lomandra_longifolia                 0.00%    passed     99.75%
  39  Agapanthus_praecox                  0.00%    passed     99.93%
  40  Dasypogon_bromeliifolius            0.00%    passed    100.00%
  41  Kingia_australis                    0.00%    passed    100.00%
  42  Phoenix_dactylifera                 0.00%    passed     96.39%
  43  Chamaedorea_seifrizii               0.00%    passed     96.44%
  44  Ravenea_hildebrandtii               0.00%    passed     97.05%
  45  Elaeis_oleifera                     0.00%    passed     98.98%
  46  Belosynapsis_ciliata                0.00%    passed     99.87%
  47  Tradescantia_ohiensis               0.00%    passed     96.76%
  48  Renealmia_alpinia                   0.00%    passed     99.83%
  49  Musa_acuminata                      0.00%    passed     99.99%
  50  Brocchinia_micrantha                0.00%    passed     98.70%
  51  Navia_saxicola                      0.00%    passed     99.36%
  52  Neoregelia_carolinae                0.00%    passed     99.72%
  53  Puya_laxa                           0.00%    passed     99.97%
  54  Pitcairnia_feliciana                0.00%    passed     99.93%
  55  Fosterella_caulescens               0.00%    passed     99.77%
  56  Typha_latifolia                     0.00%    passed     99.82%
  57  Sparganium_eurycarpum               0.00%    passed     99.92%
  58  Potarophytum_riparium               0.00%    passed     99.98%
  59  Abolboda_macrostachya               0.00%    passed     92.96%
  60  Thurnia_sphaerocephala              0.00%    passed     80.62%
  61  Cyperus_alternifolius               0.00%    passed     98.51%
  62  Juncus_effusus                      0.00%    passed     71.55%
  63  Centrolepis_monogyna                0.00%    passed     96.48%
  64  Thamnochortus_insignis              0.00%    passed     98.54%
  65  Joinvillea_ascendens                0.00%    passed     99.94%
  66  Georgeantha_hexandra                0.00%    passed     98.98%
  67  Ecdeiocolea_monostachya             0.00%    passed     99.42%
  68  Streptochaeta_angustifolia          0.00%    passed     99.16%
  69  Anomochloa_marantoidea              0.00%    passed     89.81%
  70  Puelia_olyriformis                  0.00%    passed     99.51%
  71  Eleusine_coracana                   0.00%    passed     99.97%
  72  Panicum_virgatum                    0.00%    passed     99.91%
  73  Zea_mays                            0.00%    passed     99.95%
  74  Sorghum_bicolor                     0.00%    passed     99.68%
  75  Saccharum_hybrid310                 0.00%    passed     99.80%
  76  Coix_lacryma                        0.00%    passed     99.94%
  77  Microlaena_stipoides                0.00%    passed     94.19%
  78  Leersia_tisserantii                 0.00%    passed    100.00%
  79  Oryza_meridionalis                  0.00%    passed     99.99%
  80  Oryza_rufipogonB                    0.00%    passed     99.99%
  81  Oryza_sativaJaponica                0.00%    passed     99.99%
  82  Oryza_rufipogonA                    0.00%    passed     99.99%
  83  Oryza_sativaIndica                  0.00%    passed     99.99%
  84  Oryza_nivara                        0.00%    passed     99.99%
  85  Oryza_australiensis                 0.00%    passed     99.96%
  86  Potamophila_parviflora              0.00%    passed    100.00%
  87  Rhynchoryza_subulata                0.00%    passed     99.99%
  88  Triticum_aestivum                   0.00%    passed     99.99%
  89  Hordeum_vulgare                     0.00%    passed     99.65%
  90  Agrostis_stolonifera                0.00%    passed     99.83%
  91  Festuca_arundinacea                 0.00%    passed     99.21%
  92  Lolium_perenne                      0.00%    passed     99.46%
  93  Brachypodium_distachyon             0.00%    passed     99.99%
  94  Bambusa_emeiensis                   0.00%    passed     99.99%
  95  Dendrocalamus_latiflorus            0.00%    passed     99.90%
  96  Bambusa_oldhamii                    0.00%    passed     99.99%
  97  Acidosasa_purpurea                  0.00%    passed     99.99%
  98  Ferrocalamus_rimosivaginus          0.00%    passed     99.99%
  99  Indocalamus_longiauritus            0.00%    passed     99.99%
 100  Phyllostachys_propinqua             0.00%    passed     99.95%
 101  Phyllostachys_edulis                0.00%    passed     99.99%
 102  Phyllostachys_nigra                 0.00%    passed     99.99%
 103  Flagellaria_indica                  0.00%    passed    100.00%
 104  Mayaca_fluviatilis                  0.00%    passed     99.04%
 105  Syngonanthus_chrysanthus            0.00%    passed     95.38%
 106  Lilium_superbum                     0.00%    passed     85.78%
 107  Pandanus_utilis                     0.00%    passed     92.18%
 108  Dioscorea_elephantipes              0.00%    passed     95.53%
 109  Nandina_domestica                   0.00%    passed     99.94%
 110  Megaleranthis_saniculifolia         0.00%    passed     99.85%
 111  Ranunculus_macranthus               0.00%    passed     99.74%
 112  Dillenia_indica                     0.00%    passed     99.96%
 113  Berberidopsis_corallina             0.00%    passed    100.00%
 114  Fagopyrum_esculentum                0.00%    passed     99.98%
 115  Plumbago_auriculata                 0.00%    passed     89.26%
 116  Mollugo_verticillata                0.00%    passed     99.33%
 117  Anredera_baselloides                0.00%    passed     98.80%
 118  Portulacaria_afra                   0.00%    passed     99.80%
 119  Didierea_madagascariensis           0.00%    passed     99.54%
 120  Pereskia_sacharosa                  0.00%    passed     98.91%
 121  Maihuenia_poeppigii                 0.00%    passed     99.12%
 122  Weingartia_kargliana                0.00%    passed     99.87%
 123  Blossfeldia_liliputana              0.00%    passed     95.97%
 124  Pereskiopsis_diguetii               0.00%    passed     99.68%
 125  Opuntia_decumbens                   0.00%    passed     99.81%
 126  Portulaca_oleracea                  0.00%    passed     99.63%
 127  Spinacia_oleracea                   0.00%    passed     99.90%
 128  Silene_noctiflora                   0.00%    passed     99.65%
 129  Silene_conica                       0.00%    passed     99.94%
 130  Silene_vulgaris                     0.00%    passed     99.99%
 131  Silene_latifolia                    0.00%    passed     99.96%
 132  Davidia_involucrata                 0.00%    passed     99.99%
 133  Cornus_florida                      0.00%    passed     99.95%
 134  Arbutus_unedo                       0.00%    passed     99.94%
 135  Rhododendron_simsii                 0.00%    passed     99.41%
 136  Franklinia_alatamaha                0.00%    passed    100.00%
 137  Trachelium_caeruleum                0.00%    passed     98.07%
 138  Scaevola_aemula                     0.00%    passed     98.94%
 139  Lactuca_sativa                      0.00%    passed     96.49%
 140  Jacobaea_vulgaris                   0.00%    passed     99.83%
 141  Guizotia_abyssinica                 0.00%    passed     98.69%
 142  Ageratina_adenophora                0.00%    passed     99.72%
 143  Parthenium_argentatum               0.00%    passed     99.88%
 144  Helianthus_annuus                   0.00%    passed     99.86%
 145  Eleutherococcus_senticosus          0.00%    passed     99.83%
 146  Panax_ginseng                       0.00%    passed     99.87%
 147  Hydrocotyle_sp                      0.00%    passed     99.51%
 148  Oxypolis_greenmanii                 0.00%    passed     99.77%
 149  Crithmum_maritimum                  0.00%    passed     99.93%
 150  Anethum_graveolens                  0.00%    passed     99.76%
 151  Petroselinum_crispum                0.00%    passed     99.58%
 152  Daucus_carota                       0.00%    passed     99.58%
 153  Anthriscus_cerefolium               0.00%    passed     99.66%
 154  Lonicera_japonica                   0.00%    passed     97.44%
 155  Ilex_cornuta                        0.00%    passed     99.66%
 156  Aucuba_japonica                     0.00%    passed     96.57%
 157  Epifagus_virginiana                 0.00%    passed     89.56%
 158  Antirrhinum_majus                   0.00%    passed     99.86%
 159  Boea_hygrometrica                   0.00%    passed     99.98%
 160  Sesamum_indicum                     0.00%    passed     99.48%
 161  Jasminum_nudiflorum                 0.00%    passed     99.19%
 162  Olea_woodiana                       0.00%    passed     99.65%
 163  Olea_europaeacuspi                  0.00%    passed     99.67%
 164  Olea_europaeamaro                   0.00%    passed     99.25%
 165  Olea_europaeaeuro                   0.00%    passed     99.25%
 166  Ipomoea_purpurea                    0.00%    passed     97.75%
 167  Cuscuta_exaltata                    0.00%    passed     99.14%
 168  Cuscuta_reflexa                     0.00%    passed     99.71%
 169  Cuscuta_gronovii                    0.00%    passed     99.88%
 170  Cuscuta_obtusiflora                 0.00%    passed     98.08%
 171  Nicotiana_undulata                  0.00%    passed     99.22%
 172  Nicotiana_sylvestris                0.00%    passed     99.31%
 173  Nicotiana_tabacum                   0.00%    passed     99.31%
 174  Nicotiana_tomentosiformis           0.00%    passed     99.53%
 175  Atropa_belladonna                   0.00%    passed     99.80%
 176  Solanum_bulbocastanum               0.00%    passed     96.23%
 177  Solanum_tuberosum                   0.00%    passed     95.97%
 178  Solanum_lycopersicum                0.00%    passed     91.26%
 179  Ehretia_acuminata                   0.00%    passed     99.26%
 180  Coffea_arabica                      0.00%    passed     98.46%
 181  Nerium_oleander                     0.00%    passed     92.51%
 182  Phoradendron_serotinum              0.00%    passed     99.01%
 183  Ximenia_americana                   0.00%    passed     99.63%
 184  Liquidambar_styraciflua             0.00%    passed     99.97%
 185  Heuchera_sanguinea                  0.00%    passed     99.97%
 186  Vitis_vinifera                      0.00%    passed     99.99%
 187  Bulnesia_arborea                    0.00%    passed     70.81%
 188  Geranium_palmatum                   0.00%    passed     89.48%
 189  Erodium_texanum                     0.00%    passed     99.39%
 190  Erodium_carvifolium                 0.00%    passed     88.19%
 191  Monsonia_speciosa                   0.00%    passed     79.59%
 192  Pelargonium_x                       0.00%    passed     88.83%
 193  Eucalyptus_grandis                  0.00%    passed     99.65%
 194  Eucalyptus_globulus                 0.00%    passed     99.57%
 195  Oenothera_argillicola               0.00%    passed     99.89%
 196  Oenothera_parviflora                0.00%    passed     99.92%
 197  Oenothera_biennis                   0.00%    passed     99.90%
 198  Oenothera_elata                     0.00%    passed     99.88%
 199  Oenothera_glazioviana               0.00%    passed     99.72%
 200  Staphylea_colchica                  0.00%    passed    100.00%
 201  Citrus_sinensis                     0.00%    passed     80.38%
 202  Theobroma_cacao                     0.00%    passed     99.74%
 203  Gossypium_raimondii                 0.00%    passed     99.02%
 204  Gossypium_thurberi                  0.00%    passed     99.49%
 205  Gossypium_arboreum                  0.00%    passed     99.49%
 206  Gossypium_herbaceum                 0.00%    passed     99.49%
 207  Gossypium_mustelinum                0.00%    passed     99.55%
 208  Gossypium_darwinii                  0.00%    passed     99.43%
 209  Gossypium_hirsutum                  0.00%    passed     99.55%
 210  Gossypium_tomentosum                0.00%    passed     99.55%
 211  Gossypium_barbadense                0.00%    passed     99.85%
 212  Carica_papaya                       0.00%    passed     99.34%
 213  Aethionema_grandiflorum             0.00%    passed     98.63%
 214  Aethionema_cordifolium              0.00%    passed     94.72%
 215  Crucihimalaya_wallichii             0.00%    passed     98.17%
 216  Olimarabidopsis_pumila              0.00%    passed     98.53%
 217  Capsella_bursa                      0.00%    passed     98.57%
 218  Arabidopsis_thaliana                0.00%    passed     99.50%
 219  Nasturtium_officinale               0.00%    passed     99.41%
 220  Barbarea_verna                      0.00%    passed     99.60%
 221  Lepidium_virginicum                 0.00%    passed     99.20%
 222  Lobularia_maritima                  0.00%    passed     98.60%
 223  Draba_nemorosa                      0.00%    passed     99.66%
 224  Arabis_hirsuta                      0.00%    passed     96.65%
 225  Millettia_pinnata                   0.00%    passed     99.44%
 226  Vigna_radiata                       0.00%    passed     98.43%
 227  Phaseolus_vulgaris                  0.00%    passed     98.07%
 228  Glycine_max                         0.00%    passed     97.81%
 229  Lotus_japonicus                     0.00%    passed     99.55%
 230  Medicago_truncatula                 0.00%    passed     96.69%
 231  Trifolium_subterraneum              0.00%    passed     97.96%
 232  Lathyrus_sativus                    0.00%    passed     99.93%
 233  Pisum_sativum                       0.00%    passed     88.58%
 234  Cicer_arietinum                     0.00%    passed     75.03%
 235  Corynocarpus_laevigata              0.00%    passed    100.00%
 236  Cucumis_melo                        0.00%    passed     99.92%
 237  Cucumis_sativus                     0.00%    passed     99.80%
 238  Prunus_persica                      0.00%    passed     98.36%
 239  Pentactina_rupicola                 0.00%    passed     99.22%
 240  Pyrus_pyrifolia                     0.00%    passed     99.73%
 241  Fragaria_vesca                      0.00%    passed     80.20%
 242  Morus_indica                        0.00%    passed     99.78%
 243  Ficus_sp                            0.00%    passed     99.01%
 244  Quercus_nigra                       0.00%    passed     98.06%
 245  Castanea_mollissima                 0.00%    passed     95.78%
 246  Euonymus_americanus                 0.00%    passed     95.57%
 247  Oxalis_latifolia                    0.00%    passed     99.74%
 248  Populus_alba                        0.00%    passed     99.99%
 249  Populus_trichocarpa                 0.00%    passed     99.95%
 250  Passiflora_biflora                  0.00%    passed     99.99%
 251  Ricinus_communis                    0.00%    passed     99.77%
 252  Manihot_esculenta                   0.00%    passed     99.90%
 253  Hevea_brasiliensis                  0.00%    passed     99.92%
 254  Jatropha_curcas                     0.00%    passed     97.37%
 255  Gunnera_manicata                    0.00%    passed     99.86%
 256  Buxus_microphylla                   0.00%    passed     99.90%
 257  Trochodendron_aralioides            0.00%    passed    100.00%
 258  Nelumbo_lutea                       0.00%    passed     99.90%
 259  Nelumbo_nuciferaNC                  0.00%    passed     99.69%
 260  Platanus_occidentalis               0.00%    passed     99.91%
 261  Meliosma_aff_cuneifolia             0.00%    passed     99.97%
 262  Nymphaea_alba                       0.00%    passed     99.96%
 263  Nuphar_advena                       0.00%    passed    100.00%
 264  Ginkgo_biloba                       0.00%    passed     66.81%
 265  Cycas_micronesica                   0.00%    passed     87.13%
 266  Cycas_taitungensis                  0.00%    passed     90.42%
 267  Ephedra_equisetina                  0.00%    passed     94.19%
 268  Welwitschia_mirabilis               0.00%    passed     62.92%
 269  Gnetum_parvifolium                  0.00%    passed     33.66%
 270  Halocarpus_kirkii                   0.00%    passed     47.40%
 271  Podocarpus_totara                   0.00%    passed     81.57%
 272  Agathis_australis                   0.00%    passed     79.51%
 273  Cryptomeria_japonica                0.00%    passed     19.73%
 274  Taiwania_cryptomerioides            0.00%    passed     16.12%
 275  Cephalotaxus_wilsoniana             0.00%    passed     21.91%
 276  Cedrus_deodaraNC                    0.00%    passed     80.25%
 277  Abies_firma                         0.00%    passed     90.11%
 278  Keteleeria_davidiana                0.00%    passed     84.53%
 279  Pseudotsuga_sinensis                0.00%    passed     64.59%
 280  Larix_decidua                       0.00%    passed     70.52%
 281  Larix_occidentalis                  0.00%    passed     70.44%
 282  Cathaya_argyrophylla                0.00%    passed     99.07%
 283  Picea_sitchensis                    0.00%    passed     67.03%
 284  Picea_morrisonicola                 0.00%    passed     72.46%
 285  Pinus_pinaster                      0.00%    passed     85.39%
 286  Pinus_canariensis                   0.00%    passed     91.56%
 287  Pinus_thunbergiiNC                  0.00%    passed     87.57%
 288  Pinus_resinosa                      0.00%    passed     94.45%
 289  Pinus_merkusii                      0.00%    passed     91.26%
 290  Pinus_attenuata                     0.00%    passed     89.96%
 291  Pinus_taeda                         0.00%    passed     84.84%
 292  Pinus_leiophylla_var_chihuahuana    0.00%    passed     87.73%
 293  Pinus_ponderosa                     0.00%    passed     77.89%
 294  Pinus_torreyana_subsp_insularis     0.00%    passed     80.76%
 295  Pinus_torreyana_subsp_torreyana     0.00%    passed     80.76%
 296  Pinus_banksiana                     0.00%    passed     84.96%
 297  Pinus_contorta                      0.00%    passed     82.48%
 298  Pinus_monophylla                    0.00%    passed     71.61%
 299  Pinus_rzedowskii                    0.00%    passed     73.03%
 300  Pinus_nelsonii                      0.00%    passed     77.76%
 301  Pinus_aristata                      0.00%    passed     80.02%
 302  Pinus_squamata                      0.00%    passed     68.39%
 303  Pinus_gerardiana                    0.00%    passed     67.19%
 304  Pinus_krempfii                      0.00%    passed     76.48%
 305  Pinus_strobus                       0.00%    passed     65.04%
 306  Pinus_flexilis                      0.00%    passed     63.48%
 307  Pinus_ayacahuite                    0.00%    passed     66.75%
 308  Pinus_peuce                         0.00%    passed     72.91%
 309  Pinus_monticola                     0.00%    passed     64.17%
 310  Pinus_lambertiana                   0.00%    passed     63.85%
 311  Pinus_albicaulis                    0.00%    passed     63.37%
 312  Pinus_koraiensis                    0.00%    passed     64.95%
 313  Pinus_cembra                        0.00%    passed     63.39%
 314  Pinus_sibirica                      0.00%    passed     63.39%
 315  Pinus_armandii                      0.00%    passed     72.89%
 316  Pinus_parviflora_var_pentaphylla    0.00%    passed     61.55%
 317  Equisetum_arvense                   0.00%    passed     97.79%
 318  Psilotum_nudum                      0.00%    passed     75.28%
 319  Pteridium_aquilinum                 0.00%    passed     83.55%
 320  Adiantum_capillus                   0.00%    passed     45.38%
 321  Cheilanthes_lindheimeri             0.00%    passed     94.02%
 322  Alsophila_spinulosa                 0.00%    passed     95.55%
 323  Angiopteris_evecta                  0.00%    passed     96.06%
 324  Huperzia_lucidula                   0.00%    passed     29.36%
 325  Isoetes_flaccida                    0.00%    passed     49.14%
 326  Selaginella_uncinata                0.00%    passed      8.65%
 327  Selaginella_moellendorffii          0.00%    passed     36.27%
 328  Anthoceros_formosae                 0.00%    passed     11.35%
 329  Staurastrum_punctulatum             0.00%    passed     84.74%
 330  Zygnema_circumcarinatum             0.00%    passed     52.75%
 331  Chaetosphaeridium_globosum          0.00%    passed     53.00%
 332  Chara_vulgaris                      0.00%    passed     84.21%
 333  Mesostigma_viride                   0.00%    passed     58.92%
 334  Chlorokybus_atmophyticus            0.00%    passed     64.10%
 335  Bryopsis_hypnoides                  0.00%    passed     63.91%
 336  Stigeoclonium_helveticum            0.00%    passed     34.18%
 337  Schizomeris_leibleinii              0.00%    passed     29.83%
 338  Floydiella_terrestris               0.00%    passed     65.21%
 339  Oedogonium_cardiacum                0.00%    passed     24.12%
 340  Chlamydomonas_reinhardtii           0.00%    passed      9.05%
 341  Volvox_carteri                      0.00%    passed     34.46%
 342  Dunaliella_salina                   0.00%    passed     42.63%
 343  Scenedesmus_obliquus                0.00%    passed     46.70%
 344  Oocystis_solitaria                  0.00%    passed     39.13%
 345  Leptosira_terrestris                0.00%    passed     51.26%
 346  Coccomyxa_sp                        0.00%    passed     10.11%
 347  Pedinomonas_minor                   0.00%    passed     42.21%
 348  Helicosporidium_sp                  0.00%    passed     76.29%
 349  Chlorella_variabilis                0.00%    passed     87.39%
 350  Chlorella_vulgaris                  0.00%    passed     15.03%
 351  Parachlorella_kessleri              0.00%    passed     70.07%
 352  Pseudendoclonium_akinetum           0.00%    passed     47.67%
 353  Oltmannsiellopsis_viridis           0.00%    passed     53.81%
 354  Pycnococcus_provasolii              0.00%    passed     37.93%
 355  Pyramimonas_parkeae                 0.00%    passed     89.69%
 356  Micromonas_pusilla                  0.00%    passed     64.72%
 357  Micromonas_sp                       0.00%    passed     95.76%
 358  Ostreococcus_tauri                  0.00%    passed     91.75%
 359  Monomastix_sp                       0.00%    passed     67.53%
 360  Nephroselmis_olivacea               0.00%    passed     25.12%
****  TOTAL                               0.00%  0 sequences failed composition chi2 test (p-value<5%; df=19)
NOTE: Acorus_calamus is identical to Acorus_americanus but kept for subsequent analysis
NOTE: Oryza_rufipogonB is identical to Oryza_meridionalis but kept for subsequent analysis
NOTE: Phyllostachys_nigra is identical to Phyllostachys_edulis but kept for subsequent analysis
NOTE: Olea_europaeaeuro is identical to Olea_europaeamaro but kept for subsequent analysis
NOTE: Nicotiana_tabacum is identical to Nicotiana_sylvestris but kept for subsequent analysis
NOTE: Gossypium_arboreum is identical to Gossypium_thurberi but kept for subsequent analysis
NOTE: Gossypium_hirsutum is identical to Gossypium_mustelinum but kept for subsequent analysis
NOTE: Pinus_torreyana_subsp_torreyana is identical to Pinus_torreyana_subsp_insularis but kept for subsequent analysis
NOTE: Pinus_sibirica is identical to Pinus_cembra but kept for subsequent analysis
NOTE: 5 identical sequences (see below) will be ignored for subsequent analysis
NOTE: Oryza_rufipogonA (identical to Oryza_meridionalis) is ignored but added at the end
NOTE: Oryza_sativaIndica (identical to Oryza_meridionalis) is ignored but added at the end
NOTE: Oryza_nivara (identical to Oryza_meridionalis) is ignored but added at the end
NOTE: Gossypium_herbaceum (identical to Gossypium_thurberi) is ignored but added at the end
NOTE: Gossypium_tomentosum (identical to Gossypium_mustelinum) is ignored but added at the end

For your convenience alignment with unique sequences printed to /csm_data/spielman_lab/dms_modelselection//simulations/empirical_alignments/HA_greenplant_rep6_AA.fasta.uniqueseq.phy

Create initial parsimony tree by phylogenetic likelihood library (PLL)... 0.232 seconds

NOTE: 128 MB RAM (0 GB) is required!
Estimate model parameters (epsilon = 0.100)
Thoroughly optimizing +I+G parameters from 10 start values...
Init pinv, alpha: 0.000, 1.000 / Estimate: 0.002, 2.073 / LogL: -123256.871
Init pinv, alpha: 0.000, 1.000 / Estimate: 0.002, 2.075 / LogL: -123256.864
Init pinv, alpha: 0.000, 1.000 / Estimate: 0.002, 2.075 / LogL: -123256.865
Init pinv, alpha: 0.001, 1.000 / Estimate: 0.002, 2.075 / LogL: -123256.865
Init pinv, alpha: 0.001, 1.000 / Estimate: 0.002, 2.075 / LogL: -123256.866
Init pinv, alpha: 0.001, 1.000 / Estimate: 0.002, 2.075 / LogL: -123256.867
Init pinv, alpha: 0.001, 1.000 / Estimate: 0.002, 2.074 / LogL: -123256.867
Init pinv, alpha: 0.001, 1.000 / Estimate: 0.002, 2.074 / LogL: -123256.868
Init pinv, alpha: 0.002, 1.000 / Estimate: 0.002, 2.074 / LogL: -123256.869
Init pinv, alpha: 0.002, 1.000 / Estimate: 0.002, 2.074 / LogL: -123256.869
Optimal pinv,alpha: 0.002, 2.075 / LogL: -123256.864

Parameters optimization took 12.444 sec
Computing ML distances based on estimated model parameters... 43.477 sec
Computing BIONJ tree...
0.140 seconds
Log-likelihood of BIONJ tree: -123213.936
--------------------------------------------------------------------
|             INITIALIZING CANDIDATE TREE SET                      |
--------------------------------------------------------------------
Generating 98 parsimony trees... 26.034 second
Computing log-likelihood of 98 initial trees ... 21.710 seconds
Current best score: -123001.198

Do NNI search on 20 best initial trees
Estimate model parameters (epsilon = 0.100)
BETTER TREE FOUND at iteration 1: -122912.651
Estimate model parameters (epsilon = 0.100)
BETTER TREE FOUND at iteration 6: -122910.906
Iteration 10 / LogL: -122972.344 / Time: 0h:1m:45s
Iteration 20 / LogL: -122941.813 / Time: 0h:2m:23s
Finish initializing candidate tree set (20)
Current best tree score: -122910.906 / CPU time: 122.825
Number of iterations: 20
--------------------------------------------------------------------
|               OPTIMIZING CANDIDATE TREE SET                      |
--------------------------------------------------------------------
Iteration 30 / LogL: -122918.892 / Time: 0h:3m:0s (0h:7m:51s left)
Iteration 40 / LogL: -122942.152 / Time: 0h:3m:37s (0h:6m:7s left)
BETTER TREE FOUND at iteration 49: -122910.904
Iteration 50 / LogL: -122912.192 / Time: 0h:4m:13s (0h:8m:32s left)
BETTER TREE FOUND at iteration 51: -122910.904
BETTER TREE FOUND at iteration 59: -122910.903
Iteration 60 / LogL: -122910.905 / Time: 0h:4m:53s (0h:8m:11s left)
BETTER TREE FOUND at iteration 68: -122910.903
Iteration 70 / LogL: -122910.904 / Time: 0h:5m:30s (0h:7m:49s left)
Iteration 80 / LogL: -122910.903 / Time: 0h:6m:7s (0h:6m:48s left)
Iteration 90 / LogL: -122910.903 / Time: 0h:6m:41s (0h:5m:51s left)
BETTER TREE FOUND at iteration 96: -122910.902
Iteration 100 / LogL: -122910.903 / Time: 0h:7m:17s (0h:7m:3s left)
Iteration 110 / LogL: -122910.903 / Time: 0h:7m:56s (0h:6m:15s left)
Iteration 120 / LogL: -122915.084 / Time: 0h:8m:34s (0h:5m:28s left)
Iteration 130 / LogL: -122912.650 / Time: 0h:9m:11s (0h:4m:42s left)
Iteration 140 / LogL: -123011.522 / Time: 0h:9m:48s (0h:3m:57s left)
Iteration 150 / LogL: -122985.427 / Time: 0h:10m:26s (0h:3m:13s left)
BETTER TREE FOUND at iteration 157: -122910.902
Iteration 160 / LogL: -122910.903 / Time: 0h:11m:3s (0h:6m:44s left)
Iteration 170 / LogL: -122912.189 / Time: 0h:11m:40s (0h:6m:0s left)
Iteration 180 / LogL: -122920.626 / Time: 0h:12m:16s (0h:5m:16s left)
Iteration 190 / LogL: -122912.595 / Time: 0h:12m:55s (0h:4m:34s left)
Iteration 200 / LogL: -122930.277 / Time: 0h:13m:31s (0h:3m:52s left)
Iteration 210 / LogL: -122911.626 / Time: 0h:14m:11s (0h:3m:11s left)
Iteration 220 / LogL: -122984.864 / Time: 0h:14m:46s (0h:2m:29s left)
Iteration 230 / LogL: -122923.592 / Time: 0h:15m:23s (0h:1m:48s left)
BETTER TREE FOUND at iteration 235: -122910.901
Iteration 240 / LogL: -122923.421 / Time: 0h:16m:3s (0h:6m:22s left)
Iteration 250 / LogL: -122912.188 / Time: 0h:16m:40s (0h:5m:41s left)
Iteration 260 / LogL: -122918.690 / Time: 0h:17m:17s (0h:5m:0s left)
Iteration 270 / LogL: -122914.010 / Time: 0h:17m:55s (0h:4m:19s left)
Iteration 280 / LogL: -122910.902 / Time: 0h:18m:32s (0h:3m:39s left)
BETTER TREE FOUND at iteration 289: -122910.900
Iteration 290 / LogL: -122913.393 / Time: 0h:19m:10s (0h:6m:33s left)
Iteration 300 / LogL: -122911.362 / Time: 0h:19m:46s (0h:5m:53s left)
Iteration 310 / LogL: -122913.263 / Time: 0h:20m:23s (0h:5m:12s left)
Iteration 320 / LogL: -122911.624 / Time: 0h:21m:3s (0h:4m:33s left)
Iteration 330 / LogL: -122913.946 / Time: 0h:21m:41s (0h:3m:53s left)
BETTER TREE FOUND at iteration 340: -122910.899
Iteration 340 / LogL: -122910.899 / Time: 0h:22m:19s (0h:6m:35s left)
Iteration 350 / LogL: -122924.052 / Time: 0h:22m:57s (0h:5m:55s left)
Iteration 360 / LogL: -122917.941 / Time: 0h:23m:35s (0h:5m:15s left)
Iteration 370 / LogL: -122910.902 / Time: 0h:24m:14s (0h:4m:35s left)
Iteration 380 / LogL: -122910.901 / Time: 0h:24m:49s (0h:3m:55s left)
Iteration 390 / LogL: -122930.997 / Time: 0h:25m:26s (0h:3m:16s left)
Iteration 400 / LogL: -122919.986 / Time: 0h:26m:5s (0h:2m:36s left)
Iteration 410 / LogL: -122912.186 / Time: 0h:26m:41s (0h:1m:57s left)
Iteration 420 / LogL: -122912.188 / Time: 0h:27m:17s (0h:1m:18s left)
Iteration 430 / LogL: -122912.931 / Time: 0h:27m:56s (0h:0m:39s left)
Iteration 440 / LogL: -122988.273 / Time: 0h:28m:33s (0h:0m:0s left)
TREE SEARCH COMPLETED AFTER 441 ITERATIONS / Time: 0h:28m:36s

--------------------------------------------------------------------
|                    FINALIZING TREE SEARCH                        |
--------------------------------------------------------------------
Performs final model parameters optimization
Estimate model parameters (epsilon = 0.010)
1. Initial log-likelihood: -122910.899
Optimal log-likelihood: -122910.898
Proportion of invariable sites: 0.002
Gamma shape alpha: 2.074
Parameters optimization took 1 rounds (0.301 sec)
BEST SCORE FOUND : -122910.898
Total tree length: 62.574

Total number of iterations: 441
CPU time used for tree search: 13329.687 sec (3h:42m:9s)
Wall-clock time used for tree search: 1696.177 sec (0h:28m:16s)
Total CPU time used: 13488.479 sec (3h:44m:48s)
Total wall-clock time used: 1716.825 sec (0h:28m:36s)

Analysis results written to: 
  IQ-TREE report:                /csm_data/spielman_lab/dms_modelselection//simulations/empirical_alignments/HA_greenplant_rep6_AA.fasta.iqtree
  Maximum-likelihood tree:       /csm_data/spielman_lab/dms_modelselection//simulations/empirical_alignments/HA_greenplant_rep6_AA.fasta.treefile
  Likelihood distances:          /csm_data/spielman_lab/dms_modelselection//simulations/empirical_alignments/HA_greenplant_rep6_AA.fasta.mldist
  Screen log file:               /csm_data/spielman_lab/dms_modelselection//simulations/empirical_alignments/HA_greenplant_rep6_AA.fasta.log

Date and Time: Sat Apr  6 12:04:49 2019
