IQ-TREE multicore version 1.6.7 for Linux 64-bit built Aug 23 2018
Developed by Bui Quang Minh, Nguyen Lam Tung, Olga Chernomor,
Heiko Schmidt, Dominik Schrempf, Michael Woodhams.

Host:    csm-com-012 (AVX2, FMA3, 62 GB RAM)
Command: iqtree -nt 8 -m mtART -s /csm_data/spielman_lab/dms_modelselection//simulations/alignments_empirical/HA_greenalga_rep15_AA.fasta -st AA
Seed:    554799 (Using SPRNG - Scalable Parallel Random Number Generator)
Time:    Tue Apr  9 10:16:58 2019
Kernel:  AVX+FMA - 8 threads (48 CPU cores detected)

Reading alignment file /csm_data/spielman_lab/dms_modelselection//simulations/alignments_empirical/HA_greenalga_rep15_AA.fasta ... Fasta format detected
Alignment most likely contains protein sequences
Alignment has 23 sequences with 564 columns, 496 distinct patterns
364 parsimony-informative, 119 singleton sites, 81 constant sites
                                Gap/Ambiguity  Composition  p-value
   1  Schizomeris_leibleinii            0.00%    passed     83.62%
   2  Stigeoclonium_helveticum          0.00%    passed     86.86%
   3  Floydiella_terrestris             0.00%    passed     47.74%
   4  Oedogonium_cardiacum              0.00%    passed     97.34%
   5  Dunaliella_salina                 0.00%    passed     99.65%
   6  Chlamydomonas_reinhardtii         0.00%    passed     99.85%
   7  Gonium_pectorale                  0.00%    passed     99.85%
   8  Pleodorina_starrii                0.00%    passed     99.66%
   9  Volvox_carteri                    0.00%    passed     99.99%
  10  Bracteacoccus_aerius              0.00%    passed     99.97%
  11  Bracteacoccus_minor               0.00%    passed     99.99%
  12  Mychonastes_homosphaera           0.00%    passed     99.49%
  13  Pseudomuriella_schumacherensis    0.00%    passed     99.52%
  14  Kirchneriella_aperta              0.00%    passed     99.89%
  15  Ourococcus_multisporus            0.00%    passed     99.99%
  16  Pediastrum_duplex                 0.00%    passed     99.91%
  17  Chlorotetraedron_incus            0.00%    passed     99.64%
  18  Neochloris_aquatica               0.00%    passed     99.91%
  19  Scenedesmus_obliquus              0.00%    passed     93.77%
  20  Rotundella_rotunda                0.00%    passed     99.80%
  21  Chromochloris_zofingiensis        0.00%    passed     96.14%
  22  Atractomorpha_echinata            0.00%    passed     77.38%
  23  Ankyra_judai                      0.00%    passed     98.67%
****  TOTAL                             0.00%  0 sequences failed composition chi2 test (p-value<5%; df=19)

Create initial parsimony tree by phylogenetic likelihood library (PLL)... 0.003 seconds

NOTE: 1 MB RAM (0 GB) is required!
Estimate model parameters (epsilon = 0.100)
1. Initial log-likelihood: -12527.217
Optimal log-likelihood: -12476.528
Parameters optimization took 1 rounds (0.008 sec)
Computing ML distances based on estimated model parameters... 0.085 sec
Computing BIONJ tree...
0.002 seconds
Log-likelihood of BIONJ tree: -12476.528
--------------------------------------------------------------------
|             INITIALIZING CANDIDATE TREE SET                      |
--------------------------------------------------------------------
Generating 99 parsimony trees... 0.375 second
Computing log-likelihood of 99 initial trees ... 0.530 seconds
Current best score: -12476.528

Do NNI search on 20 best initial trees
Estimate model parameters (epsilon = 0.100)
BETTER TREE FOUND at iteration 1: -12469.835
Iteration 10 / LogL: -12469.835 / Time: 0h:0m:1s
Iteration 20 / LogL: -12469.844 / Time: 0h:0m:1s
Finish initializing candidate tree set (1)
Current best tree score: -12469.835 / CPU time: 1.627
Number of iterations: 20
--------------------------------------------------------------------
|               OPTIMIZING CANDIDATE TREE SET                      |
--------------------------------------------------------------------
Iteration 30 / LogL: -12469.862 / Time: 0h:0m:2s (0h:0m:5s left)
Iteration 40 / LogL: -12469.845 / Time: 0h:0m:2s (0h:0m:3s left)
Iteration 50 / LogL: -12469.835 / Time: 0h:0m:2s (0h:0m:3s left)
Iteration 60 / LogL: -12469.842 / Time: 0h:0m:3s (0h:0m:2s left)
Iteration 70 / LogL: -12469.835 / Time: 0h:0m:3s (0h:0m:1s left)
Iteration 80 / LogL: -12469.851 / Time: 0h:0m:4s (0h:0m:1s left)
Iteration 90 / LogL: -12469.837 / Time: 0h:0m:4s (0h:0m:0s left)
Iteration 100 / LogL: -12469.836 / Time: 0h:0m:5s (0h:0m:0s left)
TREE SEARCH COMPLETED AFTER 102 ITERATIONS / Time: 0h:0m:5s

--------------------------------------------------------------------
|                    FINALIZING TREE SEARCH                        |
--------------------------------------------------------------------
Performs final model parameters optimization
Estimate model parameters (epsilon = 0.010)
1. Initial log-likelihood: -12469.835
Optimal log-likelihood: -12469.835
Parameters optimization took 1 rounds (0.004 sec)
BEST SCORE FOUND : -12469.835
Total tree length: 4.219

Total number of iterations: 102
CPU time used for tree search: 40.630 sec (0h:0m:40s)
Wall-clock time used for tree search: 5.253 sec (0h:0m:5s)
Total CPU time used: 40.931 sec (0h:0m:40s)
Total wall-clock time used: 5.301 sec (0h:0m:5s)

Analysis results written to: 
  IQ-TREE report:                /csm_data/spielman_lab/dms_modelselection//simulations/alignments_empirical/HA_greenalga_rep15_AA.fasta.iqtree
  Maximum-likelihood tree:       /csm_data/spielman_lab/dms_modelselection//simulations/alignments_empirical/HA_greenalga_rep15_AA.fasta.treefile
  Likelihood distances:          /csm_data/spielman_lab/dms_modelselection//simulations/alignments_empirical/HA_greenalga_rep15_AA.fasta.mldist
  Screen log file:               /csm_data/spielman_lab/dms_modelselection//simulations/alignments_empirical/HA_greenalga_rep15_AA.fasta.log

Date and Time: Tue Apr  9 10:17:03 2019
