IQ-TREE multicore version 1.6.7 for Linux 64-bit built Aug 23 2018
Developed by Bui Quang Minh, Nguyen Lam Tung, Olga Chernomor,
Heiko Schmidt, Dominik Schrempf, Michael Woodhams.

Host:    csm-com-009 (AVX2, FMA3, 62 GB RAM)
Command: iqtree -nt 8 -m Blosum62+F+I+G4 -s /csm_data/spielman_lab/dms_modelselection//simulations/empirical_alignments/HA_greenalga_rep9_AA.fasta -st AA
Seed:    692036 (Using SPRNG - Scalable Parallel Random Number Generator)
Time:    Sat Apr  6 11:29:48 2019
Kernel:  AVX+FMA - 8 threads (48 CPU cores detected)

Reading alignment file /csm_data/spielman_lab/dms_modelselection//simulations/empirical_alignments/HA_greenalga_rep9_AA.fasta ... Fasta format detected
Alignment most likely contains protein sequences
Alignment has 23 sequences with 564 columns, 510 distinct patterns
368 parsimony-informative, 124 singleton sites, 72 constant sites
                                Gap/Ambiguity  Composition  p-value
   1  Schizomeris_leibleinii            0.00%    passed     94.50%
   2  Stigeoclonium_helveticum          0.00%    passed     93.82%
   3  Floydiella_terrestris             0.00%    passed     99.93%
   4  Oedogonium_cardiacum              0.00%    passed     77.42%
   5  Dunaliella_salina                 0.00%    passed     99.89%
   6  Chlamydomonas_reinhardtii         0.00%    passed     99.97%
   7  Gonium_pectorale                  0.00%    passed     99.98%
   8  Pleodorina_starrii                0.00%    passed    100.00%
   9  Volvox_carteri                    0.00%    passed     99.87%
  10  Bracteacoccus_aerius              0.00%    passed     99.98%
  11  Bracteacoccus_minor               0.00%    passed    100.00%
  12  Mychonastes_homosphaera           0.00%    passed     99.61%
  13  Pseudomuriella_schumacherensis    0.00%    passed     99.75%
  14  Kirchneriella_aperta              0.00%    passed     99.96%
  15  Ourococcus_multisporus            0.00%    passed     99.95%
  16  Pediastrum_duplex                 0.00%    passed     99.96%
  17  Chlorotetraedron_incus            0.00%    passed     99.97%
  18  Neochloris_aquatica               0.00%    passed     97.20%
  19  Scenedesmus_obliquus              0.00%    passed     99.97%
  20  Rotundella_rotunda                0.00%    passed     99.52%
  21  Chromochloris_zofingiensis        0.00%    passed     99.87%
  22  Atractomorpha_echinata            0.00%    passed     97.49%
  23  Ankyra_judai                      0.00%    passed     94.56%
****  TOTAL                             0.00%  0 sequences failed composition chi2 test (p-value<5%; df=19)

Create initial parsimony tree by phylogenetic likelihood library (PLL)... 0.002 seconds

NOTE: 7 MB RAM (0 GB) is required!
Estimate model parameters (epsilon = 0.100)
Thoroughly optimizing +I+G parameters from 10 start values...
Init pinv, alpha: 0.000, 1.000 / Estimate: 0.000, 1.988 / LogL: -11041.351
Init pinv, alpha: 0.014, 1.000 / Estimate: 0.012, 2.114 / LogL: -11041.509
Init pinv, alpha: 0.028, 1.000 / Estimate: 0.022, 2.221 / LogL: -11041.803
Init pinv, alpha: 0.043, 1.000 / Estimate: 0.023, 2.228 / LogL: -11041.829
Init pinv, alpha: 0.057, 1.000 / Estimate: 0.024, 2.240 / LogL: -11041.870
Init pinv, alpha: 0.071, 1.000 / Estimate: 0.023, 2.237 / LogL: -11041.861
Init pinv, alpha: 0.085, 1.000 / Estimate: 0.023, 2.228 / LogL: -11041.829
Init pinv, alpha: 0.099, 1.000 / Estimate: 0.023, 2.235 / LogL: -11041.855
Init pinv, alpha: 0.113, 1.000 / Estimate: 0.024, 2.241 / LogL: -11041.875
Init pinv, alpha: 0.128, 1.000 / Estimate: 0.024, 2.245 / LogL: -11041.890
Optimal pinv,alpha: 0.000, 1.988 / LogL: -11041.351

Parameters optimization took 1.194 sec
Computing ML distances based on estimated model parameters... 0.172 sec
Computing BIONJ tree...
0.001 seconds
Log-likelihood of BIONJ tree: -11048.188
--------------------------------------------------------------------
|             INITIALIZING CANDIDATE TREE SET                      |
--------------------------------------------------------------------
Generating 98 parsimony trees... 0.329 second
Computing log-likelihood of 97 initial trees ... 1.075 seconds
Current best score: -11041.351

Do NNI search on 20 best initial trees
Estimate model parameters (epsilon = 0.100)
BETTER TREE FOUND at iteration 1: -11041.351
Iteration 10 / LogL: -11041.683 / Time: 0h:0m:3s
Iteration 20 / LogL: -11041.510 / Time: 0h:0m:3s
Finish initializing candidate tree set (1)
Current best tree score: -11041.351 / CPU time: 2.673
Number of iterations: 20
--------------------------------------------------------------------
|               OPTIMIZING CANDIDATE TREE SET                      |
--------------------------------------------------------------------
Iteration 30 / LogL: -11041.597 / Time: 0h:0m:4s (0h:0m:11s left)
Iteration 40 / LogL: -11041.451 / Time: 0h:0m:5s (0h:0m:9s left)
Iteration 50 / LogL: -11041.379 / Time: 0h:0m:6s (0h:0m:7s left)
Iteration 60 / LogL: -11041.360 / Time: 0h:0m:7s (0h:0m:5s left)
Iteration 70 / LogL: -11041.383 / Time: 0h:0m:8s (0h:0m:4s left)
Iteration 80 / LogL: -11041.389 / Time: 0h:0m:9s (0h:0m:2s left)
Iteration 90 / LogL: -11041.472 / Time: 0h:0m:10s (0h:0m:1s left)
Iteration 100 / LogL: -11041.402 / Time: 0h:0m:11s (0h:0m:0s left)
TREE SEARCH COMPLETED AFTER 102 ITERATIONS / Time: 0h:0m:11s

--------------------------------------------------------------------
|                    FINALIZING TREE SEARCH                        |
--------------------------------------------------------------------
Performs final model parameters optimization
Estimate model parameters (epsilon = 0.010)
1. Initial log-likelihood: -11041.351
Optimal log-likelihood: -11041.351
Proportion of invariable sites: 0.000
Gamma shape alpha: 1.988
Parameters optimization took 1 rounds (0.014 sec)
BEST SCORE FOUND : -11041.351
Total tree length: 3.433

Total number of iterations: 102
CPU time used for tree search: 84.200 sec (0h:1m:24s)
Wall-clock time used for tree search: 10.678 sec (0h:0m:10s)
Total CPU time used: 94.211 sec (0h:1m:34s)
Total wall-clock time used: 11.944 sec (0h:0m:11s)

Analysis results written to: 
  IQ-TREE report:                /csm_data/spielman_lab/dms_modelselection//simulations/empirical_alignments/HA_greenalga_rep9_AA.fasta.iqtree
  Maximum-likelihood tree:       /csm_data/spielman_lab/dms_modelselection//simulations/empirical_alignments/HA_greenalga_rep9_AA.fasta.treefile
  Likelihood distances:          /csm_data/spielman_lab/dms_modelselection//simulations/empirical_alignments/HA_greenalga_rep9_AA.fasta.mldist
  Screen log file:               /csm_data/spielman_lab/dms_modelselection//simulations/empirical_alignments/HA_greenalga_rep9_AA.fasta.log

Date and Time: Sat Apr  6 11:30:00 2019
