IQ-TREE multicore version 1.6.7 for Linux 64-bit built Aug 23 2018
Developed by Bui Quang Minh, Nguyen Lam Tung, Olga Chernomor,
Heiko Schmidt, Dominik Schrempf, Michael Woodhams.

Host:    csm-com-002 (AVX2, FMA3, 62 GB RAM)
Command: iqtree -nt 8 -m cpREV -s /csm_data/spielman_lab/dms_modelselection//simulations/empirical_alignments/HA_ruhfel_rep2_AA.fasta -st AA
Seed:    780114 (Using SPRNG - Scalable Parallel Random Number Generator)
Time:    Sat Apr  6 14:16:05 2019
Kernel:  AVX+FMA - 8 threads (48 CPU cores detected)

Reading alignment file /csm_data/spielman_lab/dms_modelselection//simulations/empirical_alignments/HA_ruhfel_rep2_AA.fasta ... Fasta format detected
Alignment most likely contains protein sequences
Alignment has 360 sequences with 564 columns, 564 distinct patterns
555 parsimony-informative, 9 singleton sites, 0 constant sites
                                  Gap/Ambiguity  Composition  p-value
   1  Abies_firma                         0.00%    passed     99.77%
   2  Abolboda_macrostachya               0.00%    passed     99.98%
   3  Cyperus_alternifolius               0.00%    passed     99.97%
   4  Juncus_effusus                      0.00%    passed     99.62%
   5  Thurnia_sphaerocephala              0.00%    passed     99.97%
   6  Acidosasa_purpurea                  0.00%    passed     99.93%
   7  Ferrocalamus_rimosivaginus          0.00%    passed     99.80%
   8  Indocalamus_longiauritus            0.00%    passed     99.94%
   9  Phyllostachys_edulis                0.00%    passed     99.94%
  10  Phyllostachys_nigra                 0.00%    passed     99.94%
  11  Phyllostachys_propinqua             0.00%    passed     99.94%
  12  Bambusa_emeiensis                   0.00%    passed     99.86%
  13  Bambusa_oldhamii                    0.00%    passed     99.91%
  14  Dendrocalamus_latiflorus            0.00%    passed     99.88%
  15  Agrostis_stolonifera                0.00%    passed     99.97%
  16  Festuca_arundinacea                 0.00%    passed     99.92%
  17  Lolium_perenne                      0.00%    passed     99.76%
  18  Hordeum_vulgare                     0.00%    passed     99.69%
  19  Triticum_aestivum                   0.00%    passed     99.70%
  20  Brachypodium_distachyon             0.00%    passed     99.88%
  21  Leersia_tisserantii                 0.00%    passed     99.50%
  22  Oryza_australiensis                 0.00%    passed     99.83%
  23  Oryza_meridionalis                  0.00%    passed     99.34%
  24  Oryza_rufipogonB                    0.00%    passed     99.34%
  25  Oryza_nivara                        0.00%    passed     99.34%
  26  Oryza_rufipogonA                    0.00%    passed     99.34%
  27  Oryza_sativaIndica                  0.00%    passed     99.34%
  28  Oryza_sativaJaponica                0.00%    passed     99.32%
  29  Potamophila_parviflora              0.00%    passed     99.92%
  30  Rhynchoryza_subulata                0.00%    passed     99.95%
  31  Microlaena_stipoides                0.00%    passed     99.68%
  32  Coix_lacryma                        0.00%    passed     99.94%
  33  Saccharum_hybrid310                 0.00%    passed     99.94%
  34  Sorghum_bicolor                     0.00%    passed     99.94%
  35  Zea_mays                            0.00%    passed     99.84%
  36  Panicum_virgatum                    0.00%    passed     99.76%
  37  Eleusine_coracana                   0.00%    passed     99.70%
  38  Puelia_olyriformis                  0.00%    passed     99.66%
  39  Anomochloa_marantoidea              0.00%    passed    100.00%
  40  Streptochaeta_angustifolia          0.00%    passed     99.99%
  41  Ecdeiocolea_monostachya             0.00%    passed     99.75%
  42  Georgeantha_hexandra                0.00%    passed     97.99%
  43  Joinvillea_ascendens                0.00%    passed     99.96%
  44  Flagellaria_indica                  0.00%    passed     99.99%
  45  Centrolepis_monogyna                0.00%    passed     99.93%
  46  Thamnochortus_insignis              0.00%    passed     99.99%
  47  Mayaca_fluviatilis                  0.00%    passed     99.93%
  48  Syngonanthus_chrysanthus            0.00%    passed     99.97%
  49  Potarophytum_riparium               0.00%    passed    100.00%
  50  Sparganium_eurycarpum               0.00%    passed     99.97%
  51  Typha_latifolia                     0.00%    passed    100.00%
  52  Brocchinia_micrantha                0.00%    passed     99.98%
  53  Fosterella_caulescens               0.00%    passed     99.99%
  54  Pitcairnia_feliciana                0.00%    passed     99.98%
  55  Neoregelia_carolinae                0.00%    passed     99.91%
  56  Puya_laxa                           0.00%    passed     99.88%
  57  Navia_saxicola                      0.00%    passed    100.00%
  58  Belosynapsis_ciliata                0.00%    passed    100.00%
  59  Tradescantia_ohiensis               0.00%    passed    100.00%
  60  Musa_acuminata                      0.00%    passed    100.00%
  61  Renealmia_alpinia                   0.00%    passed    100.00%
  62  Chamaedorea_seifrizii               0.00%    passed    100.00%
  63  Elaeis_oleifera                     0.00%    passed    100.00%
  64  Ravenea_hildebrandtii               0.00%    passed    100.00%
  65  Phoenix_dactylifera                 0.00%    passed    100.00%
  66  Dasypogon_bromeliifolius            0.00%    passed     99.21%
  67  Kingia_australis                    0.00%    passed    100.00%
  68  Agapanthus_praecox                  0.00%    passed    100.00%
  69  Albuca_kirkii                       0.00%    passed    100.00%
  70  Chlorophytum_rhizopendulum          0.00%    passed    100.00%
  71  Hesperaloe_parviflora               0.00%    passed    100.00%
  72  Yucca_schidigera                    0.00%    passed     99.99%
  73  Hosta_ventricosa                    0.00%    passed    100.00%
  74  Asparagus_officinalis               0.00%    passed    100.00%
  75  Lomandra_longifolia                 0.00%    passed     99.95%
  76  Nolina_atopocarpa                   0.00%    passed    100.00%
  77  Phormium_tenax                      0.00%    passed     99.96%
  78  Iris_virginica                      0.00%    passed     99.99%
  79  Curculigo_capitulata                0.00%    passed     99.87%
  80  Neoastelia_spectabilis              0.00%    passed    100.00%
  81  Apostasia_wallichii                 0.00%    passed     99.75%
  82  Neottia_nidus                       0.00%    passed     99.04%
  83  Rhizanthella_gardneri               0.00%    passed     90.82%
  84  Oncidium_Gower                      0.00%    passed     99.96%
  85  Phalaenopsis_aphrodite              0.00%    passed     99.90%
  86  Dioscorea_elephantipes              0.00%    passed     99.98%
  87  Pandanus_utilis                     0.00%    passed    100.00%
  88  Lilium_superbum                     0.00%    passed    100.00%
  89  Colocasia_esculenta                 0.00%    passed     99.86%
  90  Lemna_minor                         0.00%    passed     99.10%
  91  Wolffia_australiana                 0.00%    passed     99.13%
  92  Wolffiella_lingulata                0.00%    passed     92.72%
  93  Spirodela_polyrhiza                 0.00%    passed     99.69%
  94  Acorus_americanus                   0.00%    passed     99.98%
  95  Acorus_calamus                      0.00%    passed     99.98%
  96  Ceratophyllum_demersum              0.00%    passed     99.93%
  97  Piper_cenocladum                    0.00%    passed     99.93%
  98  Aethionema_cordifolium              0.00%    passed     99.96%
  99  Aethionema_grandiflorum             0.00%    passed     99.97%
 100  Arabidopsis_thaliana                0.00%    passed     99.96%
 101  Capsella_bursa                      0.00%    passed     99.99%
 102  Olimarabidopsis_pumila              0.00%    passed     99.98%
 103  Crucihimalaya_wallichii             0.00%    passed     99.95%
 104  Barbarea_verna                      0.00%    passed     99.99%
 105  Nasturtium_officinale               0.00%    passed     99.97%
 106  Lepidium_virginicum                 0.00%    passed     99.86%
 107  Arabis_hirsuta                      0.00%    passed     99.61%
 108  Draba_nemorosa                      0.00%    passed     99.94%
 109  Lobularia_maritima                  0.00%    passed     99.99%
 110  Carica_papaya                       0.00%    passed    100.00%
 111  Gossypium_arboreum                  0.00%    passed    100.00%
 112  Gossypium_herbaceum                 0.00%    passed    100.00%
 113  Gossypium_thurberi                  0.00%    passed    100.00%
 114  Gossypium_barbadense                0.00%    passed    100.00%
 115  Gossypium_tomentosum                0.00%    passed    100.00%
 116  Gossypium_darwinii                  0.00%    passed    100.00%
 117  Gossypium_hirsutum                  0.00%    passed    100.00%
 118  Gossypium_mustelinum                0.00%    passed    100.00%
 119  Gossypium_raimondii                 0.00%    passed    100.00%
 120  Theobroma_cacao                     0.00%    passed    100.00%
 121  Citrus_sinensis                     0.00%    passed     99.42%
 122  Staphylea_colchica                  0.00%    passed     99.99%
 123  Bulnesia_arborea                    0.00%    passed     99.84%
 124  Erodium_carvifolium                 0.00%    passed     99.97%
 125  Erodium_texanum                     0.00%    passed    100.00%
 126  Geranium_palmatum                   0.00%    passed    100.00%
 127  Monsonia_speciosa                   0.00%    passed     99.40%
 128  Pelargonium_x                       0.00%    passed     93.46%
 129  Eucalyptus_globulus                 0.00%    passed    100.00%
 130  Eucalyptus_grandis                  0.00%    passed    100.00%
 131  Oenothera_argillicola               0.00%    passed     99.97%
 132  Oenothera_parviflora                0.00%    passed     99.96%
 133  Oenothera_biennis                   0.00%    passed     99.96%
 134  Oenothera_elata                     0.00%    passed     99.96%
 135  Oenothera_glazioviana               0.00%    passed     99.97%
 136  Castanea_mollissima                 0.00%    passed     99.99%
 137  Quercus_nigra                       0.00%    passed     99.99%
 138  Ficus_sp                            0.00%    passed    100.00%
 139  Morus_indica                        0.00%    passed    100.00%
 140  Fragaria_vesca                      0.00%    passed    100.00%
 141  Pentactina_rupicola                 0.00%    passed     99.96%
 142  Pyrus_pyrifolia                     0.00%    passed    100.00%
 143  Prunus_persica                      0.00%    passed    100.00%
 144  Cicer_arietinum                     0.00%    passed    100.00%
 145  Lathyrus_sativus                    0.00%    passed     99.04%
 146  Pisum_sativum                       0.00%    passed     99.77%
 147  Trifolium_subterraneum              0.00%    passed     97.10%
 148  Medicago_truncatula                 0.00%    passed     99.37%
 149  Lotus_japonicus                     0.00%    passed     99.69%
 150  Glycine_max                         0.00%    passed    100.00%
 151  Phaseolus_vulgaris                  0.00%    passed     99.99%
 152  Vigna_radiata                       0.00%    passed     99.80%
 153  Millettia_pinnata                   0.00%    passed     99.99%
 154  Corynocarpus_laevigata              0.00%    passed    100.00%
 155  Cucumis_melo                        0.00%    passed    100.00%
 156  Cucumis_sativus                     0.00%    passed    100.00%
 157  Euonymus_americanus                 0.00%    passed     99.91%
 158  Oxalis_latifolia                    0.00%    passed     99.39%
 159  Hevea_brasiliensis                  0.00%    passed     99.99%
 160  Manihot_esculenta                   0.00%    passed    100.00%
 161  Ricinus_communis                    0.00%    passed    100.00%
 162  Jatropha_curcas                     0.00%    passed     99.90%
 163  Passiflora_biflora                  0.00%    passed     99.33%
 164  Populus_alba                        0.00%    passed    100.00%
 165  Populus_trichocarpa                 0.00%    passed    100.00%
 166  Heuchera_sanguinea                  0.00%    passed    100.00%
 167  Liquidambar_styraciflua             0.00%    passed    100.00%
 168  Vitis_vinifera                      0.00%    passed    100.00%
 169  Dillenia_indica                     0.00%    passed     99.99%
 170  Ageratina_adenophora                0.00%    passed     99.97%
 171  Helianthus_annuus                   0.00%    passed     99.98%
 172  Parthenium_argentatum               0.00%    passed     99.99%
 173  Guizotia_abyssinica                 0.00%    passed     99.99%
 174  Jacobaea_vulgaris                   0.00%    passed     99.93%
 175  Lactuca_sativa                      0.00%    passed    100.00%
 176  Scaevola_aemula                     0.00%    passed     99.78%
 177  Trachelium_caeruleum                0.00%    passed     99.08%
 178  Anethum_graveolens                  0.00%    passed     99.94%
 179  Petroselinum_crispum                0.00%    passed     99.92%
 180  Crithmum_maritimum                  0.00%    passed     99.59%
 181  Anthriscus_cerefolium               0.00%    passed     99.94%
 182  Daucus_carota                       0.00%    passed     99.80%
 183  Oxypolis_greenmanii                 0.00%    passed     99.96%
 184  Eleutherococcus_senticosus          0.00%    passed    100.00%
 185  Panax_ginseng                       0.00%    passed     99.97%
 186  Hydrocotyle_sp                      0.00%    passed     99.52%
 187  Lonicera_japonica                   0.00%    passed    100.00%
 188  Ilex_cornuta                        0.00%    passed    100.00%
 189  Antirrhinum_majus                   0.00%    passed    100.00%
 190  Epifagus_virginiana                 0.00%    passed     98.33%
 191  Boea_hygrometrica                   0.00%    passed    100.00%
 192  Sesamum_indicum                     0.00%    passed    100.00%
 193  Jasminum_nudiflorum                 0.00%    passed     95.54%
 194  Olea_europaeacuspi                  0.00%    passed    100.00%
 195  Olea_europaeaeuro                   0.00%    passed    100.00%
 196  Olea_europaeamaro                   0.00%    passed    100.00%
 197  Olea_woodiana                       0.00%    passed    100.00%
 198  Atropa_belladonna                   0.00%    passed    100.00%
 199  Solanum_bulbocastanum               0.00%    passed    100.00%
 200  Solanum_tuberosum                   0.00%    passed    100.00%
 201  Solanum_lycopersicum                0.00%    passed    100.00%
 202  Nicotiana_sylvestris                0.00%    passed    100.00%
 203  Nicotiana_tabacum                   0.00%    passed    100.00%
 204  Nicotiana_tomentosiformis           0.00%    passed    100.00%
 205  Nicotiana_undulata                  0.00%    passed    100.00%
 206  Cuscuta_exaltata                    0.00%    passed     98.52%
 207  Cuscuta_reflexa                     0.00%    passed     99.67%
 208  Cuscuta_gronovii                    0.00%    passed     95.31%
 209  Cuscuta_obtusiflora                 0.00%    passed     96.52%
 210  Ipomoea_purpurea                    0.00%    passed     99.90%
 211  Coffea_arabica                      0.00%    passed     99.92%
 212  Nerium_oleander                     0.00%    passed     99.99%
 213  Ehretia_acuminata                   0.00%    passed     99.99%
 214  Aucuba_japonica                     0.00%    passed    100.00%
 215  Arbutus_unedo                       0.00%    passed     99.99%
 216  Rhododendron_simsii                 0.00%    passed     99.95%
 217  Franklinia_alatamaha                0.00%    passed     99.99%
 218  Cornus_florida                      0.00%    passed     99.90%
 219  Davidia_involucrata                 0.00%    passed    100.00%
 220  Anredera_baselloides                0.00%    passed    100.00%
 221  Blossfeldia_liliputana              0.00%    passed     99.95%
 222  Weingartia_kargliana                0.00%    passed     99.77%
 223  Opuntia_decumbens                   0.00%    passed     99.96%
 224  Pereskiopsis_diguetii               0.00%    passed     99.99%
 225  Maihuenia_poeppigii                 0.00%    passed     99.90%
 226  Pereskia_sacharosa                  0.00%    passed     99.95%
 227  Portulaca_oleracea                  0.00%    passed     99.92%
 228  Didierea_madagascariensis           0.00%    passed     99.95%
 229  Portulacaria_afra                   0.00%    passed    100.00%
 230  Mollugo_verticillata                0.00%    passed     99.95%
 231  Silene_conica                       0.00%    passed    100.00%
 232  Silene_noctiflora                   0.00%    passed    100.00%
 233  Silene_latifolia                    0.00%    passed    100.00%
 234  Silene_vulgaris                     0.00%    passed    100.00%
 235  Spinacia_oleracea                   0.00%    passed    100.00%
 236  Fagopyrum_esculentum                0.00%    passed     99.98%
 237  Plumbago_auriculata                 0.00%    passed     99.99%
 238  Berberidopsis_corallina             0.00%    passed    100.00%
 239  Phoradendron_serotinum              0.00%    passed     99.86%
 240  Ximenia_americana                   0.00%    passed    100.00%
 241  Gunnera_manicata                    0.00%    passed    100.00%
 242  Buxus_microphylla                   0.00%    passed    100.00%
 243  Trochodendron_aralioides            0.00%    passed    100.00%
 244  Meliosma_aff_cuneifolia             0.00%    passed    100.00%
 245  Nelumbo_lutea                       0.00%    passed    100.00%
 246  Nelumbo_nuciferaNC                  0.00%    passed    100.00%
 247  Platanus_occidentalis               0.00%    passed    100.00%
 248  Megaleranthis_saniculifolia         0.00%    passed    100.00%
 249  Ranunculus_macranthus               0.00%    passed     99.98%
 250  Nandina_domestica                   0.00%    passed    100.00%
 251  Calycanthus_floridus                0.00%    passed     99.99%
 252  Liriodendron_tulipifera             0.00%    passed    100.00%
 253  Magnolia_kwangsiensis               0.00%    passed    100.00%
 254  Drimys_granadensis                  0.00%    passed    100.00%
 255  Chloranthus_spicatus                0.00%    passed    100.00%
 256  Illicium_oligandrum                 0.00%    passed     99.86%
 257  Nuphar_advena                       0.00%    passed    100.00%
 258  Nymphaea_alba                       0.00%    passed     99.97%
 259  Amborella_trichopoda                0.00%    passed    100.00%
 260  Adiantum_capillus                   0.00%    passed     89.74%
 261  Cheilanthes_lindheimeri             0.00%    passed     98.62%
 262  Pteridium_aquilinum                 0.00%    passed     95.38%
 263  Alsophila_spinulosa                 0.00%    passed     99.94%
 264  Angiopteris_evecta                  0.00%    passed     93.12%
 265  Equisetum_arvense                   0.00%    passed     17.44%
 266  Psilotum_nudum                      0.00%    passed     38.95%
 267  Aneura_mirabilis                    0.00%    passed     54.24%
 268  Ptilidium_pulcherrimum              0.00%    passed     94.40%
 269  Marchantia_polymorpha               0.00%    passed     99.98%
 270  Physcomitrella_patens               0.00%    passed     99.74%
 271  Syntrichia_ruralis                  0.00%    passed     99.72%
 272  Bryopsis_hypnoides                  0.00%    passed     38.56%
 273  Chlamydomonas_reinhardtii           0.00%    passed     95.95%
 274  Volvox_carteri                      0.00%    passed     97.62%
 275  Dunaliella_salina                   0.00%    passed     50.47%
 276  Scenedesmus_obliquus                0.00%    passed     25.83%
 277  Floydiella_terrestris               0.00%    passed     56.17%
 278  Schizomeris_leibleinii              0.00%    passed     88.00%
 279  Stigeoclonium_helveticum            0.00%    passed     39.93%
 280  Oedogonium_cardiacum                0.00%    passed     50.89%
 281  Chlorella_variabilis                0.00%    passed     51.30%
 282  Chlorella_vulgaris                  0.00%    passed     11.78%
 283  Parachlorella_kessleri              0.00%    passed     73.83%
 284  Helicosporidium_sp                  0.00%    passed      9.51%
 285  Pedinomonas_minor                   0.00%    passed     32.68%
 286  Oltmannsiellopsis_viridis           0.00%    passed     31.11%
 287  Pseudendoclonium_akinetum           0.00%    passed     57.97%
 288  Coccomyxa_sp                        0.00%    passed     15.56%
 289  Leptosira_terrestris                0.00%    passed     95.59%
 290  Oocystis_solitaria                  0.00%    passed     23.95%
 291  Micromonas_pusilla                  0.00%    passed      5.37%
 292  Micromonas_sp                       0.00%    failed      2.13%
 293  Ostreococcus_tauri                  0.00%    passed     13.33%
 294  Monomastix_sp                       0.00%    passed      8.33%
 295  Pyramimonas_parkeae                 0.00%    passed     43.49%
 296  Pycnococcus_provasolii              0.00%    passed     31.31%
 297  Nephroselmis_olivacea               0.00%    passed     15.55%
 298  Chlorokybus_atmophyticus            0.00%    passed     21.73%
 299  Mesostigma_viride                   0.00%    passed     12.09%
 300  Chara_vulgaris                      0.00%    passed     78.54%
 301  Chaetosphaeridium_globosum          0.00%    passed     34.69%
 302  Staurastrum_punctulatum             0.00%    passed     62.03%
 303  Zygnema_circumcarinatum             0.00%    passed     16.10%
 304  Anthoceros_formosae                 0.00%    passed     78.33%
 305  Huperzia_lucidula                   0.00%    passed     98.46%
 306  Isoetes_flaccida                    0.00%    passed     89.74%
 307  Selaginella_moellendorffii          0.00%    passed     69.95%
 308  Selaginella_uncinata                0.00%    passed     90.17%
 309  Cycas_micronesica                   0.00%    passed     97.62%
 310  Cycas_taitungensis                  0.00%    passed     98.39%
 311  Ginkgo_biloba                       0.00%    passed     96.57%
 312  Agathis_australis                   0.00%    passed     94.48%
 313  Halocarpus_kirkii                   0.00%    passed     96.55%
 314  Podocarpus_totara                   0.00%    passed     83.02%
 315  Cephalotaxus_wilsoniana             0.00%    passed     93.78%
 316  Cryptomeria_japonica                0.00%    passed     95.00%
 317  Taiwania_cryptomerioides            0.00%    passed     79.69%
 318  Ephedra_equisetina                  0.00%    passed     97.76%
 319  Gnetum_parvifolium                  0.00%    passed     88.11%
 320  Welwitschia_mirabilis               0.00%    passed     68.46%
 321  Cedrus_deodaraNC                    0.00%    passed     99.35%
 322  Cathaya_argyrophylla                0.00%    passed     98.36%
 323  Pinus_albicaulis                    0.00%    passed     99.63%
 324  Pinus_armandii                      0.00%    passed     99.50%
 325  Pinus_cembra                        0.00%    passed     99.63%
 326  Pinus_sibirica                      0.00%    passed     99.63%
 327  Pinus_koraiensis                    0.00%    passed     99.52%
 328  Pinus_lambertiana                   0.00%    passed     99.84%
 329  Pinus_parviflora_var_pentaphylla    0.00%    passed     99.63%
 330  Pinus_monticola                     0.00%    passed     99.36%
 331  Pinus_peuce                         0.00%    passed     99.53%
 332  Pinus_ayacahuite                    0.00%    passed     99.77%
 333  Pinus_flexilis                      0.00%    passed     99.77%
 334  Pinus_strobus                       0.00%    passed     99.53%
 335  Pinus_krempfii                      0.00%    passed     99.64%
 336  Pinus_gerardiana                    0.00%    passed     99.47%
 337  Pinus_squamata                      0.00%    passed     99.29%
 338  Pinus_aristata                      0.00%    passed     99.21%
 339  Pinus_nelsonii                      0.00%    passed     99.61%
 340  Pinus_monophylla                    0.00%    passed     99.06%
 341  Pinus_rzedowskii                    0.00%    passed     99.35%
 342  Pinus_attenuata                     0.00%    passed     99.38%
 343  Pinus_leiophylla_var_chihuahuana    0.00%    passed     98.94%
 344  Pinus_taeda                         0.00%    passed     99.48%
 345  Pinus_ponderosa                     0.00%    passed     99.31%
 346  Pinus_torreyana_subsp_insularis     0.00%    passed     99.21%
 347  Pinus_torreyana_subsp_torreyana     0.00%    passed     99.21%
 348  Pinus_banksiana                     0.00%    passed     99.54%
 349  Pinus_contorta                      0.00%    passed     99.23%
 350  Pinus_canariensis                   0.00%    passed     99.61%
 351  Pinus_pinaster                      0.00%    passed     99.37%
 352  Pinus_merkusii                      0.00%    passed     99.24%
 353  Pinus_resinosa                      0.00%    passed     99.56%
 354  Pinus_thunbergiiNC                  0.00%    passed     99.65%
 355  Picea_morrisonicola                 0.00%    passed     99.55%
 356  Picea_sitchensis                    0.00%    passed     99.78%
 357  Larix_decidua                       0.00%    passed     92.12%
 358  Larix_occidentalis                  0.00%    passed     95.50%
 359  Pseudotsuga_sinensis                0.00%    passed     99.02%
 360  Keteleeria_davidiana                0.00%    passed     99.92%
****  TOTAL                               0.00%  1 sequences failed composition chi2 test (p-value<5%; df=19)
NOTE: Phyllostachys_nigra is identical to Phyllostachys_edulis but kept for subsequent analysis
NOTE: Oryza_rufipogonB is identical to Oryza_meridionalis but kept for subsequent analysis
NOTE: Sorghum_bicolor is identical to Saccharum_hybrid310 but kept for subsequent analysis
NOTE: Acorus_calamus is identical to Acorus_americanus but kept for subsequent analysis
NOTE: Gossypium_herbaceum is identical to Gossypium_arboreum but kept for subsequent analysis
NOTE: Gossypium_darwinii is identical to Gossypium_tomentosum but kept for subsequent analysis
NOTE: Oenothera_elata is identical to Oenothera_biennis but kept for subsequent analysis
NOTE: Olea_europaeamaro is identical to Olea_europaeaeuro but kept for subsequent analysis
NOTE: Nicotiana_tabacum is identical to Nicotiana_sylvestris but kept for subsequent analysis
NOTE: Nelumbo_nuciferaNC is identical to Nelumbo_lutea but kept for subsequent analysis
NOTE: Pinus_cembra is identical to Pinus_albicaulis but kept for subsequent analysis
NOTE: Pinus_flexilis is identical to Pinus_ayacahuite but kept for subsequent analysis
NOTE: Pinus_torreyana_subsp_torreyana is identical to Pinus_torreyana_subsp_insularis but kept for subsequent analysis
NOTE: 10 identical sequences (see below) will be ignored for subsequent analysis
NOTE: Phyllostachys_propinqua (identical to Phyllostachys_edulis) is ignored but added at the end
NOTE: Oryza_nivara (identical to Oryza_meridionalis) is ignored but added at the end
NOTE: Oryza_rufipogonA (identical to Oryza_meridionalis) is ignored but added at the end
NOTE: Oryza_sativaIndica (identical to Oryza_meridionalis) is ignored but added at the end
NOTE: Gossypium_thurberi (identical to Gossypium_arboreum) is ignored but added at the end
NOTE: Gossypium_hirsutum (identical to Gossypium_tomentosum) is ignored but added at the end
NOTE: Gossypium_mustelinum (identical to Gossypium_tomentosum) is ignored but added at the end
NOTE: Olea_woodiana (identical to Olea_europaeaeuro) is ignored but added at the end
NOTE: Pinus_sibirica (identical to Pinus_albicaulis) is ignored but added at the end
NOTE: Pinus_parviflora_var_pentaphylla (identical to Pinus_albicaulis) is ignored but added at the end

For your convenience alignment with unique sequences printed to /csm_data/spielman_lab/dms_modelselection//simulations/empirical_alignments/HA_ruhfel_rep2_AA.fasta.uniqueseq.phy

Create initial parsimony tree by phylogenetic likelihood library (PLL)... 0.257 seconds

NOTE: 31 MB RAM (0 GB) is required!
Estimate model parameters (epsilon = 0.100)
1. Initial log-likelihood: -89003.929
Optimal log-likelihood: -88317.816
Parameters optimization took 1 rounds (0.174 sec)
Computing ML distances based on estimated model parameters... 9.821 sec
Computing BIONJ tree...
0.138 seconds
Log-likelihood of BIONJ tree: -88523.956
--------------------------------------------------------------------
|             INITIALIZING CANDIDATE TREE SET                      |
--------------------------------------------------------------------
Generating 98 parsimony trees... 23.685 second
Computing log-likelihood of 98 initial trees ... 10.660 seconds
Current best score: -88315.164

Do NNI search on 20 best initial trees
Estimate model parameters (epsilon = 0.100)
BETTER TREE FOUND at iteration 1: -88287.921
Estimate model parameters (epsilon = 0.100)
BETTER TREE FOUND at iteration 3: -88287.289
Iteration 10 / LogL: -88287.305 / Time: 0h:0m:40s
Iteration 20 / LogL: -88287.922 / Time: 0h:0m:45s
Finish initializing candidate tree set (20)
Current best tree score: -88287.289 / CPU time: 43.367
Number of iterations: 20
--------------------------------------------------------------------
|               OPTIMIZING CANDIDATE TREE SET                      |
--------------------------------------------------------------------
BETTER TREE FOUND at iteration 24: -88287.286
Iteration 30 / LogL: -88287.286 / Time: 0h:0m:55s (0h:3m:0s left)
BETTER TREE FOUND at iteration 31: -88287.285
BETTER TREE FOUND at iteration 38: -88287.285
Iteration 40 / LogL: -88287.285 / Time: 0h:1m:6s (0h:2m:46s left)
Iteration 50 / LogL: -88313.283 / Time: 0h:1m:16s (0h:2m:16s left)
BETTER TREE FOUND at iteration 53: -88287.285
Iteration 60 / LogL: -88291.763 / Time: 0h:1m:26s (0h:2m:15s left)
BETTER TREE FOUND at iteration 61: -88287.284
BETTER TREE FOUND at iteration 67: -88287.283
Iteration 70 / LogL: -88287.361 / Time: 0h:1m:37s (0h:2m:16s left)
Iteration 80 / LogL: -88287.913 / Time: 0h:1m:47s (0h:1m:57s left)
BETTER TREE FOUND at iteration 88: -88287.283
Iteration 90 / LogL: -88287.285 / Time: 0h:1m:57s (0h:2m:9s left)
Iteration 100 / LogL: -88291.233 / Time: 0h:2m:7s (0h:1m:53s left)
BETTER TREE FOUND at iteration 101: -88287.283
Iteration 110 / LogL: -88376.789 / Time: 0h:2m:18s (0h:1m:55s left)
Iteration 120 / LogL: -88289.929 / Time: 0h:2m:28s (0h:1m:41s left)
Iteration 130 / LogL: -88304.458 / Time: 0h:2m:38s (0h:1m:27s left)
BETTER TREE FOUND at iteration 139: -88287.283
Iteration 140 / LogL: -88291.100 / Time: 0h:2m:49s (0h:2m:0s left)
Iteration 150 / LogL: -88287.283 / Time: 0h:2m:59s (0h:1m:47s left)
BETTER TREE FOUND at iteration 158: -88287.282
Iteration 160 / LogL: -88287.284 / Time: 0h:3m:9s (0h:1m:56s left)
Iteration 170 / LogL: -88371.555 / Time: 0h:3m:20s (0h:1m:44s left)
Iteration 180 / LogL: -88287.283 / Time: 0h:3m:31s (0h:1m:31s left)
BETTER TREE FOUND at iteration 181: -88287.281
Iteration 190 / LogL: -88287.282 / Time: 0h:3m:41s (0h:1m:46s left)
BETTER TREE FOUND at iteration 195: -88287.281
Iteration 200 / LogL: -88395.209 / Time: 0h:3m:51s (0h:1m:50s left)
Iteration 210 / LogL: -88287.833 / Time: 0h:4m:2s (0h:1m:38s left)
Iteration 220 / LogL: -88287.282 / Time: 0h:4m:12s (0h:1m:26s left)
Iteration 230 / LogL: -88287.282 / Time: 0h:4m:22s (0h:1m:14s left)
BETTER TREE FOUND at iteration 232: -88287.281
Iteration 240 / LogL: -88293.724 / Time: 0h:4m:33s (0h:1m:45s left)
Iteration 250 / LogL: -88321.254 / Time: 0h:4m:43s (0h:1m:33s left)
Iteration 260 / LogL: -88307.012 / Time: 0h:4m:54s (0h:1m:21s left)
Iteration 270 / LogL: -88319.541 / Time: 0h:5m:4s (0h:1m:10s left)
BETTER TREE FOUND at iteration 271: -88287.280
Iteration 280 / LogL: -88341.431 / Time: 0h:5m:14s (0h:1m:42s left)
Iteration 290 / LogL: -88296.398 / Time: 0h:5m:24s (0h:1m:30s left)
BETTER TREE FOUND at iteration 299: -88287.280
BETTER TREE FOUND at iteration 300: -88287.279
Iteration 300 / LogL: -88287.279 / Time: 0h:5m:35s (0h:1m:52s left)
Iteration 310 / LogL: -88287.829 / Time: 0h:5m:45s (0h:1m:40s left)
BETTER TREE FOUND at iteration 313: -88287.279
Iteration 320 / LogL: -88287.280 / Time: 0h:5m:55s (0h:1m:43s left)
Iteration 330 / LogL: -88371.552 / Time: 0h:6m:5s (0h:1m:32s left)
Iteration 340 / LogL: -88335.301 / Time: 0h:6m:16s (0h:1m:20s left)
Iteration 350 / LogL: -88287.389 / Time: 0h:6m:26s (0h:1m:9s left)
Iteration 360 / LogL: -88293.567 / Time: 0h:6m:36s (0h:0m:58s left)
Iteration 370 / LogL: -88439.046 / Time: 0h:6m:47s (0h:0m:47s left)
Iteration 380 / LogL: -88289.271 / Time: 0h:6m:57s (0h:0m:36s left)
Iteration 390 / LogL: -88626.276 / Time: 0h:7m:7s (0h:0m:25s left)
Iteration 400 / LogL: -88287.830 / Time: 0h:7m:17s (0h:0m:14s left)
Iteration 410 / LogL: -88287.281 / Time: 0h:7m:27s (0h:0m:3s left)
TREE SEARCH COMPLETED AFTER 414 ITERATIONS / Time: 0h:7m:31s

--------------------------------------------------------------------
|                    FINALIZING TREE SEARCH                        |
--------------------------------------------------------------------
Performs final model parameters optimization
Estimate model parameters (epsilon = 0.010)
1. Initial log-likelihood: -88287.279
Optimal log-likelihood: -88287.279
Parameters optimization took 1 rounds (0.078 sec)
BEST SCORE FOUND : -88287.279
Total tree length: 30.307

Total number of iterations: 414
CPU time used for tree search: 3424.225 sec (0h:57m:4s)
Wall-clock time used for tree search: 449.833 sec (0h:7m:29s)
Total CPU time used: 3438.467 sec (0h:57m:18s)
Total wall-clock time used: 451.992 sec (0h:7m:31s)

Analysis results written to: 
  IQ-TREE report:                /csm_data/spielman_lab/dms_modelselection//simulations/empirical_alignments/HA_ruhfel_rep2_AA.fasta.iqtree
  Maximum-likelihood tree:       /csm_data/spielman_lab/dms_modelselection//simulations/empirical_alignments/HA_ruhfel_rep2_AA.fasta.treefile
  Likelihood distances:          /csm_data/spielman_lab/dms_modelselection//simulations/empirical_alignments/HA_ruhfel_rep2_AA.fasta.mldist
  Screen log file:               /csm_data/spielman_lab/dms_modelselection//simulations/empirical_alignments/HA_ruhfel_rep2_AA.fasta.log

Date and Time: Sat Apr  6 14:23:37 2019
