IQ-TREE multicore version 1.6.7 for Linux 64-bit built Aug 23 2018
Developed by Bui Quang Minh, Nguyen Lam Tung, Olga Chernomor,
Heiko Schmidt, Dominik Schrempf, Michael Woodhams.

Host:    csm-com-003 (AVX2, FMA3, 62 GB RAM)
Command: iqtree -nt 8 -m JTT+F+G4 -s /csm_data/spielman_lab/dms_modelselection//simulations/empirical_alignments/HA_ruhfel_rep3_AA.fasta -st AA
Seed:    12900 (Using SPRNG - Scalable Parallel Random Number Generator)
Time:    Sat Apr  6 12:41:35 2019
Kernel:  AVX+FMA - 8 threads (48 CPU cores detected)

Reading alignment file /csm_data/spielman_lab/dms_modelselection//simulations/empirical_alignments/HA_ruhfel_rep3_AA.fasta ... Fasta format detected
Alignment most likely contains protein sequences
Alignment has 360 sequences with 564 columns, 564 distinct patterns
561 parsimony-informative, 3 singleton sites, 0 constant sites
                                  Gap/Ambiguity  Composition  p-value
   1  Abies_firma                         0.00%    passed     92.53%
   2  Abolboda_macrostachya               0.00%    passed     99.43%
   3  Cyperus_alternifolius               0.00%    passed     99.32%
   4  Juncus_effusus                      0.00%    passed     99.92%
   5  Thurnia_sphaerocephala              0.00%    passed    100.00%
   6  Acidosasa_purpurea                  0.00%    passed    100.00%
   7  Ferrocalamus_rimosivaginus          0.00%    passed    100.00%
   8  Indocalamus_longiauritus            0.00%    passed    100.00%
   9  Phyllostachys_edulis                0.00%    passed    100.00%
  10  Phyllostachys_nigra                 0.00%    passed    100.00%
  11  Phyllostachys_propinqua             0.00%    passed    100.00%
  12  Bambusa_emeiensis                   0.00%    passed    100.00%
  13  Bambusa_oldhamii                    0.00%    passed     99.99%
  14  Dendrocalamus_latiflorus            0.00%    passed     99.99%
  15  Agrostis_stolonifera                0.00%    passed     99.98%
  16  Festuca_arundinacea                 0.00%    passed     99.61%
  17  Lolium_perenne                      0.00%    passed     99.96%
  18  Hordeum_vulgare                     0.00%    passed     99.97%
  19  Triticum_aestivum                   0.00%    passed     99.92%
  20  Brachypodium_distachyon             0.00%    passed     99.90%
  21  Leersia_tisserantii                 0.00%    passed     99.97%
  22  Oryza_australiensis                 0.00%    passed     99.98%
  23  Oryza_meridionalis                  0.00%    passed     99.98%
  24  Oryza_rufipogonB                    0.00%    passed     99.98%
  25  Oryza_nivara                        0.00%    passed     99.98%
  26  Oryza_rufipogonA                    0.00%    passed     99.98%
  27  Oryza_sativaIndica                  0.00%    passed     99.98%
  28  Oryza_sativaJaponica                0.00%    passed     99.98%
  29  Potamophila_parviflora              0.00%    passed     99.99%
  30  Rhynchoryza_subulata                0.00%    passed    100.00%
  31  Microlaena_stipoides                0.00%    passed    100.00%
  32  Coix_lacryma                        0.00%    passed    100.00%
  33  Saccharum_hybrid310                 0.00%    passed    100.00%
  34  Sorghum_bicolor                     0.00%    passed    100.00%
  35  Zea_mays                            0.00%    passed    100.00%
  36  Panicum_virgatum                    0.00%    passed    100.00%
  37  Eleusine_coracana                   0.00%    passed    100.00%
  38  Puelia_olyriformis                  0.00%    passed     99.99%
  39  Anomochloa_marantoidea              0.00%    passed     99.99%
  40  Streptochaeta_angustifolia          0.00%    passed    100.00%
  41  Ecdeiocolea_monostachya             0.00%    passed     99.67%
  42  Georgeantha_hexandra                0.00%    passed     99.42%
  43  Joinvillea_ascendens                0.00%    passed    100.00%
  44  Flagellaria_indica                  0.00%    passed     99.74%
  45  Centrolepis_monogyna                0.00%    passed     99.94%
  46  Thamnochortus_insignis              0.00%    passed     99.97%
  47  Mayaca_fluviatilis                  0.00%    passed     99.06%
  48  Syngonanthus_chrysanthus            0.00%    passed     99.83%
  49  Potarophytum_riparium               0.00%    passed    100.00%
  50  Sparganium_eurycarpum               0.00%    passed    100.00%
  51  Typha_latifolia                     0.00%    passed    100.00%
  52  Brocchinia_micrantha                0.00%    passed     99.95%
  53  Fosterella_caulescens               0.00%    passed    100.00%
  54  Pitcairnia_feliciana                0.00%    passed     99.99%
  55  Neoregelia_carolinae                0.00%    passed    100.00%
  56  Puya_laxa                           0.00%    passed    100.00%
  57  Navia_saxicola                      0.00%    passed     99.99%
  58  Belosynapsis_ciliata                0.00%    passed     99.99%
  59  Tradescantia_ohiensis               0.00%    passed     99.01%
  60  Musa_acuminata                      0.00%    passed    100.00%
  61  Renealmia_alpinia                   0.00%    passed     99.85%
  62  Chamaedorea_seifrizii               0.00%    passed     99.95%
  63  Elaeis_oleifera                     0.00%    passed     99.93%
  64  Ravenea_hildebrandtii               0.00%    passed     99.93%
  65  Phoenix_dactylifera                 0.00%    passed     99.98%
  66  Dasypogon_bromeliifolius            0.00%    passed    100.00%
  67  Kingia_australis                    0.00%    passed    100.00%
  68  Agapanthus_praecox                  0.00%    passed    100.00%
  69  Albuca_kirkii                       0.00%    passed    100.00%
  70  Chlorophytum_rhizopendulum          0.00%    passed     99.99%
  71  Hesperaloe_parviflora               0.00%    passed    100.00%
  72  Yucca_schidigera                    0.00%    passed    100.00%
  73  Hosta_ventricosa                    0.00%    passed    100.00%
  74  Asparagus_officinalis               0.00%    passed     99.99%
  75  Lomandra_longifolia                 0.00%    passed    100.00%
  76  Nolina_atopocarpa                   0.00%    passed    100.00%
  77  Phormium_tenax                      0.00%    passed    100.00%
  78  Iris_virginica                      0.00%    passed     99.96%
  79  Curculigo_capitulata                0.00%    passed    100.00%
  80  Neoastelia_spectabilis              0.00%    passed    100.00%
  81  Apostasia_wallichii                 0.00%    passed     99.97%
  82  Neottia_nidus                       0.00%    passed     98.33%
  83  Rhizanthella_gardneri               0.00%    passed     97.66%
  84  Oncidium_Gower                      0.00%    passed     99.97%
  85  Phalaenopsis_aphrodite              0.00%    passed     99.82%
  86  Dioscorea_elephantipes              0.00%    passed    100.00%
  87  Pandanus_utilis                     0.00%    passed     99.98%
  88  Lilium_superbum                     0.00%    passed    100.00%
  89  Colocasia_esculenta                 0.00%    passed    100.00%
  90  Lemna_minor                         0.00%    passed     99.91%
  91  Wolffia_australiana                 0.00%    passed     96.97%
  92  Wolffiella_lingulata                0.00%    passed     96.78%
  93  Spirodela_polyrhiza                 0.00%    passed     99.97%
  94  Acorus_americanus                   0.00%    passed     99.91%
  95  Acorus_calamus                      0.00%    passed     99.91%
  96  Ceratophyllum_demersum              0.00%    passed    100.00%
  97  Piper_cenocladum                    0.00%    passed     99.03%
  98  Aethionema_cordifolium              0.00%    passed    100.00%
  99  Aethionema_grandiflorum             0.00%    passed    100.00%
 100  Arabidopsis_thaliana                0.00%    passed    100.00%
 101  Capsella_bursa                      0.00%    passed    100.00%
 102  Olimarabidopsis_pumila              0.00%    passed    100.00%
 103  Crucihimalaya_wallichii             0.00%    passed    100.00%
 104  Barbarea_verna                      0.00%    passed    100.00%
 105  Nasturtium_officinale               0.00%    passed    100.00%
 106  Lepidium_virginicum                 0.00%    passed    100.00%
 107  Arabis_hirsuta                      0.00%    passed    100.00%
 108  Draba_nemorosa                      0.00%    passed     99.98%
 109  Lobularia_maritima                  0.00%    passed    100.00%
 110  Carica_papaya                       0.00%    passed    100.00%
 111  Gossypium_arboreum                  0.00%    passed     99.99%
 112  Gossypium_herbaceum                 0.00%    passed     99.99%
 113  Gossypium_thurberi                  0.00%    passed     99.99%
 114  Gossypium_barbadense                0.00%    passed    100.00%
 115  Gossypium_tomentosum                0.00%    passed     99.99%
 116  Gossypium_darwinii                  0.00%    passed     99.99%
 117  Gossypium_hirsutum                  0.00%    passed     99.99%
 118  Gossypium_mustelinum                0.00%    passed     99.99%
 119  Gossypium_raimondii                 0.00%    passed     99.99%
 120  Theobroma_cacao                     0.00%    passed     99.99%
 121  Citrus_sinensis                     0.00%    passed     99.98%
 122  Staphylea_colchica                  0.00%    passed    100.00%
 123  Bulnesia_arborea                    0.00%    passed     99.97%
 124  Erodium_carvifolium                 0.00%    passed     97.80%
 125  Erodium_texanum                     0.00%    passed     61.75%
 126  Geranium_palmatum                   0.00%    passed     98.97%
 127  Monsonia_speciosa                   0.00%    passed     99.02%
 128  Pelargonium_x                       0.00%    passed     97.11%
 129  Eucalyptus_globulus                 0.00%    passed     99.96%
 130  Eucalyptus_grandis                  0.00%    passed     99.94%
 131  Oenothera_argillicola               0.00%    passed     99.93%
 132  Oenothera_parviflora                0.00%    passed     99.93%
 133  Oenothera_biennis                   0.00%    passed     99.86%
 134  Oenothera_elata                     0.00%    passed     99.86%
 135  Oenothera_glazioviana               0.00%    passed     99.65%
 136  Castanea_mollissima                 0.00%    passed     99.82%
 137  Quercus_nigra                       0.00%    passed     99.94%
 138  Ficus_sp                            0.00%    passed     99.87%
 139  Morus_indica                        0.00%    passed     99.83%
 140  Fragaria_vesca                      0.00%    passed    100.00%
 141  Pentactina_rupicola                 0.00%    passed    100.00%
 142  Pyrus_pyrifolia                     0.00%    passed    100.00%
 143  Prunus_persica                      0.00%    passed    100.00%
 144  Cicer_arietinum                     0.00%    passed    100.00%
 145  Lathyrus_sativus                    0.00%    passed     99.98%
 146  Pisum_sativum                       0.00%    passed     99.97%
 147  Trifolium_subterraneum              0.00%    passed     99.99%
 148  Medicago_truncatula                 0.00%    passed    100.00%
 149  Lotus_japonicus                     0.00%    passed     99.89%
 150  Glycine_max                         0.00%    passed    100.00%
 151  Phaseolus_vulgaris                  0.00%    passed     99.99%
 152  Vigna_radiata                       0.00%    passed    100.00%
 153  Millettia_pinnata                   0.00%    passed    100.00%
 154  Corynocarpus_laevigata              0.00%    passed    100.00%
 155  Cucumis_melo                        0.00%    passed     99.99%
 156  Cucumis_sativus                     0.00%    passed     99.99%
 157  Euonymus_americanus                 0.00%    passed     99.76%
 158  Oxalis_latifolia                    0.00%    passed     99.99%
 159  Hevea_brasiliensis                  0.00%    passed     99.99%
 160  Manihot_esculenta                   0.00%    passed     99.92%
 161  Ricinus_communis                    0.00%    passed    100.00%
 162  Jatropha_curcas                     0.00%    passed    100.00%
 163  Passiflora_biflora                  0.00%    passed     94.99%
 164  Populus_alba                        0.00%    passed     99.96%
 165  Populus_trichocarpa                 0.00%    passed     99.99%
 166  Heuchera_sanguinea                  0.00%    passed    100.00%
 167  Liquidambar_styraciflua             0.00%    passed    100.00%
 168  Vitis_vinifera                      0.00%    passed     99.99%
 169  Dillenia_indica                     0.00%    passed    100.00%
 170  Ageratina_adenophora                0.00%    passed     99.99%
 171  Helianthus_annuus                   0.00%    passed    100.00%
 172  Parthenium_argentatum               0.00%    passed     99.98%
 173  Guizotia_abyssinica                 0.00%    passed     99.99%
 174  Jacobaea_vulgaris                   0.00%    passed    100.00%
 175  Lactuca_sativa                      0.00%    passed     99.98%
 176  Scaevola_aemula                     0.00%    passed     99.87%
 177  Trachelium_caeruleum                0.00%    passed     99.98%
 178  Anethum_graveolens                  0.00%    passed     99.96%
 179  Petroselinum_crispum                0.00%    passed     99.95%
 180  Crithmum_maritimum                  0.00%    passed     99.96%
 181  Anthriscus_cerefolium               0.00%    passed     99.98%
 182  Daucus_carota                       0.00%    passed    100.00%
 183  Oxypolis_greenmanii                 0.00%    passed     99.90%
 184  Eleutherococcus_senticosus          0.00%    passed     99.99%
 185  Panax_ginseng                       0.00%    passed     99.99%
 186  Hydrocotyle_sp                      0.00%    passed     99.99%
 187  Lonicera_japonica                   0.00%    passed    100.00%
 188  Ilex_cornuta                        0.00%    passed    100.00%
 189  Antirrhinum_majus                   0.00%    passed    100.00%
 190  Epifagus_virginiana                 0.00%    passed     99.49%
 191  Boea_hygrometrica                   0.00%    passed    100.00%
 192  Sesamum_indicum                     0.00%    passed    100.00%
 193  Jasminum_nudiflorum                 0.00%    passed     99.99%
 194  Olea_europaeacuspi                  0.00%    passed    100.00%
 195  Olea_europaeaeuro                   0.00%    passed    100.00%
 196  Olea_europaeamaro                   0.00%    passed    100.00%
 197  Olea_woodiana                       0.00%    passed    100.00%
 198  Atropa_belladonna                   0.00%    passed     99.99%
 199  Solanum_bulbocastanum               0.00%    passed    100.00%
 200  Solanum_tuberosum                   0.00%    passed    100.00%
 201  Solanum_lycopersicum                0.00%    passed    100.00%
 202  Nicotiana_sylvestris                0.00%    passed    100.00%
 203  Nicotiana_tabacum                   0.00%    passed    100.00%
 204  Nicotiana_tomentosiformis           0.00%    passed    100.00%
 205  Nicotiana_undulata                  0.00%    passed    100.00%
 206  Cuscuta_exaltata                    0.00%    passed     99.87%
 207  Cuscuta_reflexa                     0.00%    passed     99.83%
 208  Cuscuta_gronovii                    0.00%    passed     99.06%
 209  Cuscuta_obtusiflora                 0.00%    passed     94.76%
 210  Ipomoea_purpurea                    0.00%    passed     98.85%
 211  Coffea_arabica                      0.00%    passed     99.99%
 212  Nerium_oleander                     0.00%    passed    100.00%
 213  Ehretia_acuminata                   0.00%    passed     99.99%
 214  Aucuba_japonica                     0.00%    passed    100.00%
 215  Arbutus_unedo                       0.00%    passed     99.91%
 216  Rhododendron_simsii                 0.00%    passed     99.98%
 217  Franklinia_alatamaha                0.00%    passed    100.00%
 218  Cornus_florida                      0.00%    passed    100.00%
 219  Davidia_involucrata                 0.00%    passed    100.00%
 220  Anredera_baselloides                0.00%    passed    100.00%
 221  Blossfeldia_liliputana              0.00%    passed     98.81%
 222  Weingartia_kargliana                0.00%    passed     99.99%
 223  Opuntia_decumbens                   0.00%    passed     99.99%
 224  Pereskiopsis_diguetii               0.00%    passed    100.00%
 225  Maihuenia_poeppigii                 0.00%    passed    100.00%
 226  Pereskia_sacharosa                  0.00%    passed    100.00%
 227  Portulaca_oleracea                  0.00%    passed    100.00%
 228  Didierea_madagascariensis           0.00%    passed    100.00%
 229  Portulacaria_afra                   0.00%    passed    100.00%
 230  Mollugo_verticillata                0.00%    passed     99.99%
 231  Silene_conica                       0.00%    passed    100.00%
 232  Silene_noctiflora                   0.00%    passed     99.69%
 233  Silene_latifolia                    0.00%    passed    100.00%
 234  Silene_vulgaris                     0.00%    passed    100.00%
 235  Spinacia_oleracea                   0.00%    passed    100.00%
 236  Fagopyrum_esculentum                0.00%    passed     99.99%
 237  Plumbago_auriculata                 0.00%    passed     99.82%
 238  Berberidopsis_corallina             0.00%    passed    100.00%
 239  Phoradendron_serotinum              0.00%    passed     99.75%
 240  Ximenia_americana                   0.00%    passed     99.56%
 241  Gunnera_manicata                    0.00%    passed     99.91%
 242  Buxus_microphylla                   0.00%    passed    100.00%
 243  Trochodendron_aralioides            0.00%    passed    100.00%
 244  Meliosma_aff_cuneifolia             0.00%    passed    100.00%
 245  Nelumbo_lutea                       0.00%    passed    100.00%
 246  Nelumbo_nuciferaNC                  0.00%    passed    100.00%
 247  Platanus_occidentalis               0.00%    passed    100.00%
 248  Megaleranthis_saniculifolia         0.00%    passed     99.99%
 249  Ranunculus_macranthus               0.00%    passed     99.93%
 250  Nandina_domestica                   0.00%    passed     99.98%
 251  Calycanthus_floridus                0.00%    passed     99.80%
 252  Liriodendron_tulipifera             0.00%    passed    100.00%
 253  Magnolia_kwangsiensis               0.00%    passed    100.00%
 254  Drimys_granadensis                  0.00%    passed     99.98%
 255  Chloranthus_spicatus                0.00%    passed    100.00%
 256  Illicium_oligandrum                 0.00%    passed    100.00%
 257  Nuphar_advena                       0.00%    passed     99.98%
 258  Nymphaea_alba                       0.00%    passed     99.76%
 259  Amborella_trichopoda                0.00%    passed    100.00%
 260  Adiantum_capillus                   0.00%    passed     58.49%
 261  Cheilanthes_lindheimeri             0.00%    passed     67.33%
 262  Pteridium_aquilinum                 0.00%    passed     86.43%
 263  Alsophila_spinulosa                 0.00%    passed     90.12%
 264  Angiopteris_evecta                  0.00%    passed     76.62%
 265  Equisetum_arvense                   0.00%    passed     98.32%
 266  Psilotum_nudum                      0.00%    passed     91.07%
 267  Aneura_mirabilis                    0.00%    passed     32.83%
 268  Ptilidium_pulcherrimum              0.00%    passed     93.76%
 269  Marchantia_polymorpha               0.00%    passed     93.53%
 270  Physcomitrella_patens               0.00%    passed     42.52%
 271  Syntrichia_ruralis                  0.00%    passed     76.71%
 272  Bryopsis_hypnoides                  0.00%    passed     57.45%
 273  Chlamydomonas_reinhardtii           0.00%    failed      0.46%
 274  Volvox_carteri                      0.00%    failed      0.75%
 275  Dunaliella_salina                   0.00%    passed      5.57%
 276  Scenedesmus_obliquus                0.00%    failed      4.25%
 277  Floydiella_terrestris               0.00%    passed     79.26%
 278  Schizomeris_leibleinii              0.00%    passed     34.70%
 279  Stigeoclonium_helveticum            0.00%    passed     90.30%
 280  Oedogonium_cardiacum                0.00%    passed     17.43%
 281  Chlorella_variabilis                0.00%    passed      7.27%
 282  Chlorella_vulgaris                  0.00%    failed      0.61%
 283  Parachlorella_kessleri              0.00%    passed      8.00%
 284  Helicosporidium_sp                  0.00%    failed      0.09%
 285  Pedinomonas_minor                   0.00%    passed     12.97%
 286  Oltmannsiellopsis_viridis           0.00%    passed     24.92%
 287  Pseudendoclonium_akinetum           0.00%    passed      6.43%
 288  Coccomyxa_sp                        0.00%    passed     55.63%
 289  Leptosira_terrestris                0.00%    passed     33.37%
 290  Oocystis_solitaria                  0.00%    passed     25.25%
 291  Micromonas_pusilla                  0.00%    failed      2.55%
 292  Micromonas_sp                       0.00%    passed     36.52%
 293  Ostreococcus_tauri                  0.00%    passed     88.44%
 294  Monomastix_sp                       0.00%    passed     14.32%
 295  Pyramimonas_parkeae                 0.00%    passed     92.85%
 296  Pycnococcus_provasolii              0.00%    passed     93.41%
 297  Nephroselmis_olivacea               0.00%    passed     56.06%
 298  Chlorokybus_atmophyticus            0.00%    passed     16.20%
 299  Mesostigma_viride                   0.00%    passed     20.43%
 300  Chara_vulgaris                      0.00%    passed     67.03%
 301  Chaetosphaeridium_globosum          0.00%    passed     95.99%
 302  Staurastrum_punctulatum             0.00%    passed      8.94%
 303  Zygnema_circumcarinatum             0.00%    passed     95.52%
 304  Anthoceros_formosae                 0.00%    passed     89.98%
 305  Huperzia_lucidula                   0.00%    passed     72.62%
 306  Isoetes_flaccida                    0.00%    passed     96.10%
 307  Selaginella_moellendorffii          0.00%    passed     93.26%
 308  Selaginella_uncinata                0.00%    passed     97.77%
 309  Cycas_micronesica                   0.00%    passed     80.71%
 310  Cycas_taitungensis                  0.00%    passed     84.45%
 311  Ginkgo_biloba                       0.00%    passed     96.18%
 312  Agathis_australis                   0.00%    passed     90.74%
 313  Halocarpus_kirkii                   0.00%    passed     99.24%
 314  Podocarpus_totara                   0.00%    passed     99.67%
 315  Cephalotaxus_wilsoniana             0.00%    passed     90.67%
 316  Cryptomeria_japonica                0.00%    passed     99.92%
 317  Taiwania_cryptomerioides            0.00%    passed    100.00%
 318  Ephedra_equisetina                  0.00%    passed     55.95%
 319  Gnetum_parvifolium                  0.00%    passed     60.85%
 320  Welwitschia_mirabilis               0.00%    passed     97.42%
 321  Cedrus_deodaraNC                    0.00%    passed     98.13%
 322  Cathaya_argyrophylla                0.00%    passed     99.82%
 323  Pinus_albicaulis                    0.00%    passed     99.90%
 324  Pinus_armandii                      0.00%    passed     99.91%
 325  Pinus_cembra                        0.00%    passed     99.93%
 326  Pinus_sibirica                      0.00%    passed     99.93%
 327  Pinus_koraiensis                    0.00%    passed     99.80%
 328  Pinus_lambertiana                   0.00%    passed     99.96%
 329  Pinus_parviflora_var_pentaphylla    0.00%    passed     99.89%
 330  Pinus_monticola                     0.00%    passed     99.89%
 331  Pinus_peuce                         0.00%    passed     99.88%
 332  Pinus_ayacahuite                    0.00%    passed     99.89%
 333  Pinus_flexilis                      0.00%    passed     99.89%
 334  Pinus_strobus                       0.00%    passed     99.85%
 335  Pinus_krempfii                      0.00%    passed     99.78%
 336  Pinus_gerardiana                    0.00%    passed     99.84%
 337  Pinus_squamata                      0.00%    passed     99.88%
 338  Pinus_aristata                      0.00%    passed     99.85%
 339  Pinus_nelsonii                      0.00%    passed     99.69%
 340  Pinus_monophylla                    0.00%    passed     99.89%
 341  Pinus_rzedowskii                    0.00%    passed     99.89%
 342  Pinus_attenuata                     0.00%    passed     99.69%
 343  Pinus_leiophylla_var_chihuahuana    0.00%    passed     99.91%
 344  Pinus_taeda                         0.00%    passed     99.90%
 345  Pinus_ponderosa                     0.00%    passed     99.58%
 346  Pinus_torreyana_subsp_insularis     0.00%    passed     99.81%
 347  Pinus_torreyana_subsp_torreyana     0.00%    passed     99.81%
 348  Pinus_banksiana                     0.00%    passed     99.95%
 349  Pinus_contorta                      0.00%    passed     99.94%
 350  Pinus_canariensis                   0.00%    passed     99.77%
 351  Pinus_pinaster                      0.00%    passed     99.64%
 352  Pinus_merkusii                      0.00%    passed     99.89%
 353  Pinus_resinosa                      0.00%    passed     99.75%
 354  Pinus_thunbergiiNC                  0.00%    passed     99.74%
 355  Picea_morrisonicola                 0.00%    passed     98.52%
 356  Picea_sitchensis                    0.00%    passed     99.23%
 357  Larix_decidua                       0.00%    passed     97.01%
 358  Larix_occidentalis                  0.00%    passed     98.00%
 359  Pseudotsuga_sinensis                0.00%    passed     98.85%
 360  Keteleeria_davidiana                0.00%    passed     95.73%
****  TOTAL                               0.00%  6 sequences failed composition chi2 test (p-value<5%; df=19)
NOTE: Indocalamus_longiauritus is identical to Acidosasa_purpurea but kept for subsequent analysis
NOTE: Oryza_rufipogonB is identical to Oryza_meridionalis but kept for subsequent analysis
NOTE: Acorus_calamus is identical to Acorus_americanus but kept for subsequent analysis
NOTE: Gossypium_herbaceum is identical to Gossypium_arboreum but kept for subsequent analysis
NOTE: Oenothera_parviflora is identical to Oenothera_argillicola but kept for subsequent analysis
NOTE: Oenothera_elata is identical to Oenothera_biennis but kept for subsequent analysis
NOTE: Panax_ginseng is identical to Eleutherococcus_senticosus but kept for subsequent analysis
NOTE: Olea_europaeamaro is identical to Olea_europaeaeuro but kept for subsequent analysis
NOTE: Solanum_tuberosum is identical to Solanum_bulbocastanum but kept for subsequent analysis
NOTE: Nicotiana_tabacum is identical to Nicotiana_sylvestris but kept for subsequent analysis
NOTE: Pinus_sibirica is identical to Pinus_cembra but kept for subsequent analysis
NOTE: Pinus_monticola is identical to Pinus_parviflora_var_pentaphylla but kept for subsequent analysis
NOTE: Pinus_flexilis is identical to Pinus_ayacahuite but kept for subsequent analysis
NOTE: Pinus_rzedowskii is identical to Pinus_monophylla but kept for subsequent analysis
NOTE: Pinus_torreyana_subsp_torreyana is identical to Pinus_torreyana_subsp_insularis but kept for subsequent analysis
NOTE: 10 identical sequences (see below) will be ignored for subsequent analysis
NOTE: Phyllostachys_edulis (identical to Acidosasa_purpurea) is ignored but added at the end
NOTE: Phyllostachys_nigra (identical to Acidosasa_purpurea) is ignored but added at the end
NOTE: Oryza_nivara (identical to Oryza_meridionalis) is ignored but added at the end
NOTE: Oryza_rufipogonA (identical to Oryza_meridionalis) is ignored but added at the end
NOTE: Oryza_sativaIndica (identical to Oryza_meridionalis) is ignored but added at the end
NOTE: Oryza_sativaJaponica (identical to Oryza_meridionalis) is ignored but added at the end
NOTE: Gossypium_tomentosum (identical to Gossypium_arboreum) is ignored but added at the end
NOTE: Gossypium_darwinii (identical to Gossypium_arboreum) is ignored but added at the end
NOTE: Gossypium_hirsutum (identical to Gossypium_arboreum) is ignored but added at the end
NOTE: Gossypium_mustelinum (identical to Gossypium_arboreum) is ignored but added at the end

For your convenience alignment with unique sequences printed to /csm_data/spielman_lab/dms_modelselection//simulations/empirical_alignments/HA_ruhfel_rep3_AA.fasta.uniqueseq.phy

Create initial parsimony tree by phylogenetic likelihood library (PLL)... 0.286 seconds

NOTE: 126 MB RAM (0 GB) is required!
Estimate model parameters (epsilon = 0.100)
1. Initial log-likelihood: -83945.027
2. Current log-likelihood: -83315.882
3. Current log-likelihood: -83290.983
4. Current log-likelihood: -83266.189
5. Current log-likelihood: -83256.923
6. Current log-likelihood: -83255.458
Optimal log-likelihood: -83255.324
Gamma shape alpha: 2.226
Parameters optimization took 6 rounds (2.737 sec)
Computing ML distances based on estimated model parameters... 35.968 sec
Computing BIONJ tree...
0.138 seconds
Log-likelihood of BIONJ tree: -83400.755
--------------------------------------------------------------------
|             INITIALIZING CANDIDATE TREE SET                      |
--------------------------------------------------------------------
Generating 98 parsimony trees... 23.797 second
Computing log-likelihood of 98 initial trees ... 22.233 seconds
Current best score: -83246.315

Do NNI search on 20 best initial trees
Estimate model parameters (epsilon = 0.100)
BETTER TREE FOUND at iteration 1: -83226.356
Iteration 10 / LogL: -83226.356 / Time: 0h:1m:29s
Estimate model parameters (epsilon = 0.100)
BETTER TREE FOUND at iteration 11: -83226.233
Iteration 20 / LogL: -83226.356 / Time: 0h:2m:3s
Finish initializing candidate tree set (20)
Current best tree score: -83226.233 / CPU time: 113.801
Number of iterations: 20
--------------------------------------------------------------------
|               OPTIMIZING CANDIDATE TREE SET                      |
--------------------------------------------------------------------
BETTER TREE FOUND at iteration 24: -83226.231
BETTER TREE FOUND at iteration 27: -83226.231
Iteration 30 / LogL: -83226.354 / Time: 0h:2m:40s (0h:8m:57s left)
BETTER TREE FOUND at iteration 34: -83226.230
BETTER TREE FOUND at iteration 36: -83226.227
Iteration 40 / LogL: -83226.228 / Time: 0h:3m:19s (0h:8m:9s left)
BETTER TREE FOUND at iteration 42: -83226.226
BETTER TREE FOUND at iteration 45: -83226.226
BETTER TREE FOUND at iteration 48: -83226.225
Iteration 50 / LogL: -83263.726 / Time: 0h:3m:55s (0h:7m:50s left)
BETTER TREE FOUND at iteration 51: -83226.225
Iteration 60 / LogL: -83226.225 / Time: 0h:4m:32s (0h:6m:59s left)
BETTER TREE FOUND at iteration 67: -83226.223
Iteration 70 / LogL: -83226.224 / Time: 0h:5m:10s (0h:7m:15s left)
BETTER TREE FOUND at iteration 74: -83226.223
Iteration 80 / LogL: -83226.224 / Time: 0h:5m:48s (0h:6m:53s left)
Iteration 90 / LogL: -83227.594 / Time: 0h:6m:28s (0h:6m:6s left)
BETTER TREE FOUND at iteration 93: -83226.223
BETTER TREE FOUND at iteration 94: -83226.223
BETTER TREE FOUND at iteration 97: -83226.222
Iteration 100 / LogL: -83226.223 / Time: 0h:7m:5s (0h:6m:56s left)
Iteration 110 / LogL: -83226.223 / Time: 0h:7m:44s (0h:6m:10s left)
BETTER TREE FOUND at iteration 118: -83226.222
Iteration 120 / LogL: -83226.344 / Time: 0h:8m:27s (0h:6m:57s left)
BETTER TREE FOUND at iteration 124: -83226.222
Iteration 130 / LogL: -83226.223 / Time: 0h:9m:6s (0h:6m:37s left)
Iteration 140 / LogL: -83226.222 / Time: 0h:9m:46s (0h:5m:54s left)
BETTER TREE FOUND at iteration 145: -83226.221
Iteration 150 / LogL: -83226.345 / Time: 0h:10m:25s (0h:6m:38s left)
Iteration 160 / LogL: -83226.223 / Time: 0h:11m:5s (0h:5m:55s left)
Iteration 170 / LogL: -83226.223 / Time: 0h:11m:43s (0h:5m:12s left)
Iteration 180 / LogL: -83226.223 / Time: 0h:12m:23s (0h:4m:30s left)
BETTER TREE FOUND at iteration 188: -83226.221
Iteration 190 / LogL: -83263.735 / Time: 0h:13m:3s (0h:6m:45s left)
BETTER TREE FOUND at iteration 196: -83226.221
BETTER TREE FOUND at iteration 200: -83226.220
Iteration 200 / LogL: -83226.220 / Time: 0h:13m:39s (0h:6m:51s left)
Iteration 210 / LogL: -83226.221 / Time: 0h:14m:17s (0h:6m:8s left)
Iteration 220 / LogL: -83226.223 / Time: 0h:14m:55s (0h:5m:27s left)
Iteration 230 / LogL: -83227.592 / Time: 0h:15m:35s (0h:4m:45s left)
BETTER TREE FOUND at iteration 235: -83226.220
Iteration 240 / LogL: -83226.221 / Time: 0h:16m:13s (0h:6m:26s left)
BETTER TREE FOUND at iteration 241: -83226.220
Iteration 250 / LogL: -83226.221 / Time: 0h:16m:52s (0h:6m:9s left)
Iteration 260 / LogL: -83226.221 / Time: 0h:17m:32s (0h:5m:28s left)
Iteration 270 / LogL: -83246.546 / Time: 0h:18m:9s (0h:4m:47s left)
BETTER TREE FOUND at iteration 273: -83226.220
Iteration 280 / LogL: -83226.221 / Time: 0h:18m:46s (0h:6m:15s left)
BETTER TREE FOUND at iteration 286: -83226.220
BETTER TREE FOUND at iteration 287: -83226.219
Iteration 290 / LogL: -83226.221 / Time: 0h:19m:25s (0h:6m:30s left)
BETTER TREE FOUND at iteration 299: -83226.219
Iteration 300 / LogL: -83231.063 / Time: 0h:20m:2s (0h:6m:38s left)
Iteration 310 / LogL: -83226.221 / Time: 0h:20m:38s (0h:5m:56s left)
Iteration 320 / LogL: -83226.220 / Time: 0h:21m:16s (0h:5m:16s left)
BETTER TREE FOUND at iteration 324: -83226.219
BETTER TREE FOUND at iteration 328: -83226.219
Iteration 330 / LogL: -83226.221 / Time: 0h:21m:54s (0h:6m:31s left)
Iteration 340 / LogL: -83226.220 / Time: 0h:22m:29s (0h:5m:50s left)
BETTER TREE FOUND at iteration 345: -83226.219
BETTER TREE FOUND at iteration 350: -83226.218
Iteration 350 / LogL: -83226.218 / Time: 0h:23m:7s (0h:6m:37s left)
Iteration 360 / LogL: -83226.219 / Time: 0h:23m:43s (0h:5m:56s left)
Iteration 370 / LogL: -83226.221 / Time: 0h:24m:21s (0h:5m:16s left)
BETTER TREE FOUND at iteration 378: -83226.218
Iteration 380 / LogL: -83226.220 / Time: 0h:24m:58s (0h:6m:27s left)
Iteration 390 / LogL: -83234.240 / Time: 0h:25m:34s (0h:5m:47s left)
Iteration 400 / LogL: -83226.342 / Time: 0h:26m:13s (0h:5m:7s left)
Iteration 410 / LogL: -83226.218 / Time: 0h:26m:52s (0h:4m:27s left)
Iteration 420 / LogL: -83231.573 / Time: 0h:27m:29s (0h:3m:48s left)
Iteration 430 / LogL: -83239.890 / Time: 0h:28m:7s (0h:3m:8s left)
BETTER TREE FOUND at iteration 436: -83226.218
BETTER TREE FOUND at iteration 438: -83226.217
Iteration 440 / LogL: -83226.218 / Time: 0h:28m:42s (0h:6m:24s left)
Iteration 450 / LogL: -83263.854 / Time: 0h:29m:20s (0h:5m:44s left)
Iteration 460 / LogL: -83226.220 / Time: 0h:30m:2s (0h:5m:6s left)
Iteration 470 / LogL: -83226.220 / Time: 0h:30m:40s (0h:4m:26s left)
Iteration 480 / LogL: -83226.220 / Time: 0h:31m:20s (0h:3m:47s left)
Iteration 490 / LogL: -83239.660 / Time: 0h:31m:58s (0h:3m:8s left)
Iteration 500 / LogL: -83226.218 / Time: 0h:32m:38s (0h:2m:29s left)
Iteration 510 / LogL: -83226.220 / Time: 0h:33m:16s (0h:1m:49s left)
Iteration 520 / LogL: -83226.218 / Time: 0h:33m:54s (0h:1m:10s left)
Iteration 530 / LogL: -83226.219 / Time: 0h:34m:32s (0h:0m:31s left)
TREE SEARCH COMPLETED AFTER 539 ITERATIONS / Time: 0h:35m:8s

--------------------------------------------------------------------
|                    FINALIZING TREE SEARCH                        |
--------------------------------------------------------------------
Performs final model parameters optimization
Estimate model parameters (epsilon = 0.010)
1. Initial log-likelihood: -83226.217
Optimal log-likelihood: -83226.217
Gamma shape alpha: 2.222
Parameters optimization took 1 rounds (0.270 sec)
BEST SCORE FOUND : -83226.217
Total tree length: 29.184

Total number of iterations: 539
CPU time used for tree search: 16561.063 sec (4h:36m:1s)
Wall-clock time used for tree search: 2099.449 sec (0h:34m:59s)
Total CPU time used: 16631.185 sec (4h:37m:11s)
Total wall-clock time used: 2109.033 sec (0h:35m:9s)

Analysis results written to: 
  IQ-TREE report:                /csm_data/spielman_lab/dms_modelselection//simulations/empirical_alignments/HA_ruhfel_rep3_AA.fasta.iqtree
  Maximum-likelihood tree:       /csm_data/spielman_lab/dms_modelselection//simulations/empirical_alignments/HA_ruhfel_rep3_AA.fasta.treefile
  Likelihood distances:          /csm_data/spielman_lab/dms_modelselection//simulations/empirical_alignments/HA_ruhfel_rep3_AA.fasta.mldist
  Screen log file:               /csm_data/spielman_lab/dms_modelselection//simulations/empirical_alignments/HA_ruhfel_rep3_AA.fasta.log

Date and Time: Sat Apr  6 13:16:44 2019
