IQ-TREE multicore version 1.6.7 for Linux 64-bit built Aug 23 2018
Developed by Bui Quang Minh, Nguyen Lam Tung, Olga Chernomor,
Heiko Schmidt, Dominik Schrempf, Michael Woodhams.

Host:    csm-com-010 (AVX2, FMA3, 62 GB RAM)
Command: iqtree -nt 8 -m rtREV+F -s /csm_data/spielman_lab/dms_modelselection//simulations/alignments_empirical/HA_ruhfel_rep13_AA.fasta -st AA -te simulations/true_trees/ruhfel.tree
Seed:    799554 (Using SPRNG - Scalable Parallel Random Number Generator)
Time:    Tue Apr  9 14:35:40 2019
Kernel:  AVX+FMA - 8 threads (48 CPU cores detected)

Reading alignment file /csm_data/spielman_lab/dms_modelselection//simulations/alignments_empirical/HA_ruhfel_rep13_AA.fasta ... Fasta format detected
Alignment most likely contains protein sequences
Alignment has 360 sequences with 564 columns, 564 distinct patterns
557 parsimony-informative, 7 singleton sites, 0 constant sites
                                  Gap/Ambiguity  Composition  p-value
   1  Abies_firma                         0.00%    passed     96.12%
   2  Abolboda_macrostachya               0.00%    passed     98.02%
   3  Cyperus_alternifolius               0.00%    passed     98.36%
   4  Juncus_effusus                      0.00%    passed     97.39%
   5  Thurnia_sphaerocephala              0.00%    passed     98.64%
   6  Acidosasa_purpurea                  0.00%    passed     99.86%
   7  Ferrocalamus_rimosivaginus          0.00%    passed     99.94%
   8  Indocalamus_longiauritus            0.00%    passed     99.93%
   9  Phyllostachys_edulis                0.00%    passed     99.93%
  10  Phyllostachys_nigra                 0.00%    passed     99.93%
  11  Phyllostachys_propinqua             0.00%    passed     99.97%
  12  Bambusa_emeiensis                   0.00%    passed     99.94%
  13  Bambusa_oldhamii                    0.00%    passed     99.97%
  14  Dendrocalamus_latiflorus            0.00%    passed     99.97%
  15  Agrostis_stolonifera                0.00%    passed     99.98%
  16  Festuca_arundinacea                 0.00%    passed     99.94%
  17  Lolium_perenne                      0.00%    passed     99.91%
  18  Hordeum_vulgare                     0.00%    passed     99.95%
  19  Triticum_aestivum                   0.00%    passed     99.96%
  20  Brachypodium_distachyon             0.00%    passed     99.70%
  21  Leersia_tisserantii                 0.00%    passed     99.94%
  22  Oryza_australiensis                 0.00%    passed     99.90%
  23  Oryza_meridionalis                  0.00%    passed     99.92%
  24  Oryza_rufipogonB                    0.00%    passed     99.92%
  25  Oryza_nivara                        0.00%    passed     99.82%
  26  Oryza_rufipogonA                    0.00%    passed     99.92%
  27  Oryza_sativaIndica                  0.00%    passed     99.92%
  28  Oryza_sativaJaponica                0.00%    passed     99.92%
  29  Potamophila_parviflora              0.00%    passed    100.00%
  30  Rhynchoryza_subulata                0.00%    passed    100.00%
  31  Microlaena_stipoides                0.00%    passed     99.99%
  32  Coix_lacryma                        0.00%    passed     99.91%
  33  Saccharum_hybrid310                 0.00%    passed     99.93%
  34  Sorghum_bicolor                     0.00%    passed     99.93%
  35  Zea_mays                            0.00%    passed     99.91%
  36  Panicum_virgatum                    0.00%    passed     99.93%
  37  Eleusine_coracana                   0.00%    passed     99.91%
  38  Puelia_olyriformis                  0.00%    passed     99.99%
  39  Anomochloa_marantoidea              0.00%    passed     99.87%
  40  Streptochaeta_angustifolia          0.00%    passed     99.78%
  41  Ecdeiocolea_monostachya             0.00%    passed     99.98%
  42  Georgeantha_hexandra                0.00%    passed     99.23%
  43  Joinvillea_ascendens                0.00%    passed     99.93%
  44  Flagellaria_indica                  0.00%    passed    100.00%
  45  Centrolepis_monogyna                0.00%    passed     99.90%
  46  Thamnochortus_insignis              0.00%    passed     99.96%
  47  Mayaca_fluviatilis                  0.00%    passed     99.70%
  48  Syngonanthus_chrysanthus            0.00%    passed     99.25%
  49  Potarophytum_riparium               0.00%    passed     99.97%
  50  Sparganium_eurycarpum               0.00%    passed     99.96%
  51  Typha_latifolia                     0.00%    passed     99.99%
  52  Brocchinia_micrantha                0.00%    passed    100.00%
  53  Fosterella_caulescens               0.00%    passed    100.00%
  54  Pitcairnia_feliciana                0.00%    passed    100.00%
  55  Neoregelia_carolinae                0.00%    passed    100.00%
  56  Puya_laxa                           0.00%    passed    100.00%
  57  Navia_saxicola                      0.00%    passed     99.98%
  58  Belosynapsis_ciliata                0.00%    passed    100.00%
  59  Tradescantia_ohiensis               0.00%    passed     99.97%
  60  Musa_acuminata                      0.00%    passed    100.00%
  61  Renealmia_alpinia                   0.00%    passed     99.05%
  62  Chamaedorea_seifrizii               0.00%    passed     99.91%
  63  Elaeis_oleifera                     0.00%    passed     99.99%
  64  Ravenea_hildebrandtii               0.00%    passed     99.99%
  65  Phoenix_dactylifera                 0.00%    passed     99.99%
  66  Dasypogon_bromeliifolius            0.00%    passed     99.99%
  67  Kingia_australis                    0.00%    passed    100.00%
  68  Agapanthus_praecox                  0.00%    passed    100.00%
  69  Albuca_kirkii                       0.00%    passed    100.00%
  70  Chlorophytum_rhizopendulum          0.00%    passed    100.00%
  71  Hesperaloe_parviflora               0.00%    passed    100.00%
  72  Yucca_schidigera                    0.00%    passed    100.00%
  73  Hosta_ventricosa                    0.00%    passed    100.00%
  74  Asparagus_officinalis               0.00%    passed    100.00%
  75  Lomandra_longifolia                 0.00%    passed     99.95%
  76  Nolina_atopocarpa                   0.00%    passed    100.00%
  77  Phormium_tenax                      0.00%    passed    100.00%
  78  Iris_virginica                      0.00%    passed    100.00%
  79  Curculigo_capitulata                0.00%    passed     99.98%
  80  Neoastelia_spectabilis              0.00%    passed     99.94%
  81  Apostasia_wallichii                 0.00%    passed     99.93%
  82  Neottia_nidus                       0.00%    passed     99.99%
  83  Rhizanthella_gardneri               0.00%    passed     97.37%
  84  Oncidium_Gower                      0.00%    passed     99.92%
  85  Phalaenopsis_aphrodite              0.00%    passed     99.91%
  86  Dioscorea_elephantipes              0.00%    passed     98.58%
  87  Pandanus_utilis                     0.00%    passed     99.99%
  88  Lilium_superbum                     0.00%    passed    100.00%
  89  Colocasia_esculenta                 0.00%    passed     99.68%
  90  Lemna_minor                         0.00%    passed     99.99%
  91  Wolffia_australiana                 0.00%    passed     99.50%
  92  Wolffiella_lingulata                0.00%    passed     99.58%
  93  Spirodela_polyrhiza                 0.00%    passed    100.00%
  94  Acorus_americanus                   0.00%    passed     99.82%
  95  Acorus_calamus                      0.00%    passed     99.83%
  96  Ceratophyllum_demersum              0.00%    passed     99.88%
  97  Piper_cenocladum                    0.00%    passed     99.92%
  98  Aethionema_cordifolium              0.00%    passed     99.99%
  99  Aethionema_grandiflorum             0.00%    passed    100.00%
 100  Arabidopsis_thaliana                0.00%    passed     99.90%
 101  Capsella_bursa                      0.00%    passed     99.79%
 102  Olimarabidopsis_pumila              0.00%    passed     99.90%
 103  Crucihimalaya_wallichii             0.00%    passed     99.99%
 104  Barbarea_verna                      0.00%    passed     99.96%
 105  Nasturtium_officinale               0.00%    passed     99.98%
 106  Lepidium_virginicum                 0.00%    passed     99.97%
 107  Arabis_hirsuta                      0.00%    passed    100.00%
 108  Draba_nemorosa                      0.00%    passed     99.74%
 109  Lobularia_maritima                  0.00%    passed     99.87%
 110  Carica_papaya                       0.00%    passed    100.00%
 111  Gossypium_arboreum                  0.00%    passed    100.00%
 112  Gossypium_herbaceum                 0.00%    passed    100.00%
 113  Gossypium_thurberi                  0.00%    passed    100.00%
 114  Gossypium_barbadense                0.00%    passed     99.98%
 115  Gossypium_tomentosum                0.00%    passed    100.00%
 116  Gossypium_darwinii                  0.00%    passed    100.00%
 117  Gossypium_hirsutum                  0.00%    passed    100.00%
 118  Gossypium_mustelinum                0.00%    passed    100.00%
 119  Gossypium_raimondii                 0.00%    passed    100.00%
 120  Theobroma_cacao                     0.00%    passed    100.00%
 121  Citrus_sinensis                     0.00%    passed     99.91%
 122  Staphylea_colchica                  0.00%    passed    100.00%
 123  Bulnesia_arborea                    0.00%    passed     99.99%
 124  Erodium_carvifolium                 0.00%    passed     99.43%
 125  Erodium_texanum                     0.00%    passed     95.45%
 126  Geranium_palmatum                   0.00%    passed     99.84%
 127  Monsonia_speciosa                   0.00%    passed     98.47%
 128  Pelargonium_x                       0.00%    passed    100.00%
 129  Eucalyptus_globulus                 0.00%    passed    100.00%
 130  Eucalyptus_grandis                  0.00%    passed    100.00%
 131  Oenothera_argillicola               0.00%    passed     99.77%
 132  Oenothera_parviflora                0.00%    passed     99.90%
 133  Oenothera_biennis                   0.00%    passed     99.92%
 134  Oenothera_elata                     0.00%    passed     99.89%
 135  Oenothera_glazioviana               0.00%    passed     99.89%
 136  Castanea_mollissima                 0.00%    passed    100.00%
 137  Quercus_nigra                       0.00%    passed    100.00%
 138  Ficus_sp                            0.00%    passed     99.99%
 139  Morus_indica                        0.00%    passed     99.97%
 140  Fragaria_vesca                      0.00%    passed     99.99%
 141  Pentactina_rupicola                 0.00%    passed     99.95%
 142  Pyrus_pyrifolia                     0.00%    passed    100.00%
 143  Prunus_persica                      0.00%    passed    100.00%
 144  Cicer_arietinum                     0.00%    passed     99.82%
 145  Lathyrus_sativus                    0.00%    passed     96.34%
 146  Pisum_sativum                       0.00%    passed     98.12%
 147  Trifolium_subterraneum              0.00%    passed     97.07%
 148  Medicago_truncatula                 0.00%    passed     99.49%
 149  Lotus_japonicus                     0.00%    passed     99.99%
 150  Glycine_max                         0.00%    passed     99.98%
 151  Phaseolus_vulgaris                  0.00%    passed     98.20%
 152  Vigna_radiata                       0.00%    passed     98.78%
 153  Millettia_pinnata                   0.00%    passed     99.30%
 154  Corynocarpus_laevigata              0.00%    passed     99.98%
 155  Cucumis_melo                        0.00%    passed     99.99%
 156  Cucumis_sativus                     0.00%    passed     99.99%
 157  Euonymus_americanus                 0.00%    passed    100.00%
 158  Oxalis_latifolia                    0.00%    passed    100.00%
 159  Hevea_brasiliensis                  0.00%    passed     99.91%
 160  Manihot_esculenta                   0.00%    passed     99.61%
 161  Ricinus_communis                    0.00%    passed     99.95%
 162  Jatropha_curcas                     0.00%    passed     99.92%
 163  Passiflora_biflora                  0.00%    passed     89.62%
 164  Populus_alba                        0.00%    passed     99.94%
 165  Populus_trichocarpa                 0.00%    passed     99.94%
 166  Heuchera_sanguinea                  0.00%    passed    100.00%
 167  Liquidambar_styraciflua             0.00%    passed    100.00%
 168  Vitis_vinifera                      0.00%    passed    100.00%
 169  Dillenia_indica                     0.00%    passed     99.99%
 170  Ageratina_adenophora                0.00%    passed    100.00%
 171  Helianthus_annuus                   0.00%    passed    100.00%
 172  Parthenium_argentatum               0.00%    passed    100.00%
 173  Guizotia_abyssinica                 0.00%    passed    100.00%
 174  Jacobaea_vulgaris                   0.00%    passed    100.00%
 175  Lactuca_sativa                      0.00%    passed    100.00%
 176  Scaevola_aemula                     0.00%    passed     99.91%
 177  Trachelium_caeruleum                0.00%    passed     99.43%
 178  Anethum_graveolens                  0.00%    passed     99.73%
 179  Petroselinum_crispum                0.00%    passed     99.89%
 180  Crithmum_maritimum                  0.00%    passed     99.81%
 181  Anthriscus_cerefolium               0.00%    passed     99.89%
 182  Daucus_carota                       0.00%    passed     99.66%
 183  Oxypolis_greenmanii                 0.00%    passed     99.93%
 184  Eleutherococcus_senticosus          0.00%    passed     99.99%
 185  Panax_ginseng                       0.00%    passed     99.97%
 186  Hydrocotyle_sp                      0.00%    passed     99.99%
 187  Lonicera_japonica                   0.00%    passed     99.99%
 188  Ilex_cornuta                        0.00%    passed    100.00%
 189  Antirrhinum_majus                   0.00%    passed    100.00%
 190  Epifagus_virginiana                 0.00%    passed     99.79%
 191  Boea_hygrometrica                   0.00%    passed    100.00%
 192  Sesamum_indicum                     0.00%    passed    100.00%
 193  Jasminum_nudiflorum                 0.00%    passed     99.70%
 194  Olea_europaeacuspi                  0.00%    passed    100.00%
 195  Olea_europaeaeuro                   0.00%    passed    100.00%
 196  Olea_europaeamaro                   0.00%    passed    100.00%
 197  Olea_woodiana                       0.00%    passed    100.00%
 198  Atropa_belladonna                   0.00%    passed     99.46%
 199  Solanum_bulbocastanum               0.00%    passed     99.81%
 200  Solanum_tuberosum                   0.00%    passed     99.40%
 201  Solanum_lycopersicum                0.00%    passed     99.78%
 202  Nicotiana_sylvestris                0.00%    passed     99.41%
 203  Nicotiana_tabacum                   0.00%    passed     99.41%
 204  Nicotiana_tomentosiformis           0.00%    passed     99.17%
 205  Nicotiana_undulata                  0.00%    passed     99.87%
 206  Cuscuta_exaltata                    0.00%    passed     99.09%
 207  Cuscuta_reflexa                     0.00%    passed     99.13%
 208  Cuscuta_gronovii                    0.00%    passed     84.40%
 209  Cuscuta_obtusiflora                 0.00%    passed     96.95%
 210  Ipomoea_purpurea                    0.00%    passed     99.99%
 211  Coffea_arabica                      0.00%    passed     99.96%
 212  Nerium_oleander                     0.00%    passed    100.00%
 213  Ehretia_acuminata                   0.00%    passed     99.99%
 214  Aucuba_japonica                     0.00%    passed    100.00%
 215  Arbutus_unedo                       0.00%    passed    100.00%
 216  Rhododendron_simsii                 0.00%    passed     99.99%
 217  Franklinia_alatamaha                0.00%    passed     99.96%
 218  Cornus_florida                      0.00%    passed    100.00%
 219  Davidia_involucrata                 0.00%    passed    100.00%
 220  Anredera_baselloides                0.00%    passed     99.62%
 221  Blossfeldia_liliputana              0.00%    passed     92.12%
 222  Weingartia_kargliana                0.00%    passed     87.05%
 223  Opuntia_decumbens                   0.00%    passed     98.39%
 224  Pereskiopsis_diguetii               0.00%    passed     99.42%
 225  Maihuenia_poeppigii                 0.00%    passed     96.51%
 226  Pereskia_sacharosa                  0.00%    passed     99.28%
 227  Portulaca_oleracea                  0.00%    passed     99.77%
 228  Didierea_madagascariensis           0.00%    passed     99.94%
 229  Portulacaria_afra                   0.00%    passed     99.72%
 230  Mollugo_verticillata                0.00%    passed    100.00%
 231  Silene_conica                       0.00%    passed     99.92%
 232  Silene_noctiflora                   0.00%    passed     99.68%
 233  Silene_latifolia                    0.00%    passed     99.85%
 234  Silene_vulgaris                     0.00%    passed     99.48%
 235  Spinacia_oleracea                   0.00%    passed     99.85%
 236  Fagopyrum_esculentum                0.00%    passed     99.67%
 237  Plumbago_auriculata                 0.00%    passed     99.92%
 238  Berberidopsis_corallina             0.00%    passed    100.00%
 239  Phoradendron_serotinum              0.00%    passed     99.93%
 240  Ximenia_americana                   0.00%    passed     99.97%
 241  Gunnera_manicata                    0.00%    passed    100.00%
 242  Buxus_microphylla                   0.00%    passed    100.00%
 243  Trochodendron_aralioides            0.00%    passed    100.00%
 244  Meliosma_aff_cuneifolia             0.00%    passed    100.00%
 245  Nelumbo_lutea                       0.00%    passed    100.00%
 246  Nelumbo_nuciferaNC                  0.00%    passed    100.00%
 247  Platanus_occidentalis               0.00%    passed    100.00%
 248  Megaleranthis_saniculifolia         0.00%    passed     99.99%
 249  Ranunculus_macranthus               0.00%    passed     99.97%
 250  Nandina_domestica                   0.00%    passed    100.00%
 251  Calycanthus_floridus                0.00%    passed    100.00%
 252  Liriodendron_tulipifera             0.00%    passed     99.86%
 253  Magnolia_kwangsiensis               0.00%    passed     99.82%
 254  Drimys_granadensis                  0.00%    passed     99.82%
 255  Chloranthus_spicatus                0.00%    passed     99.96%
 256  Illicium_oligandrum                 0.00%    passed    100.00%
 257  Nuphar_advena                       0.00%    passed     99.99%
 258  Nymphaea_alba                       0.00%    passed     99.96%
 259  Amborella_trichopoda                0.00%    passed    100.00%
 260  Adiantum_capillus                   0.00%    passed     56.58%
 261  Cheilanthes_lindheimeri             0.00%    passed     92.85%
 262  Pteridium_aquilinum                 0.00%    passed     84.22%
 263  Alsophila_spinulosa                 0.00%    passed     73.34%
 264  Angiopteris_evecta                  0.00%    passed     94.81%
 265  Equisetum_arvense                   0.00%    passed     99.80%
 266  Psilotum_nudum                      0.00%    passed     40.57%
 267  Aneura_mirabilis                    0.00%    passed     95.66%
 268  Ptilidium_pulcherrimum              0.00%    passed     97.30%
 269  Marchantia_polymorpha               0.00%    passed     95.24%
 270  Physcomitrella_patens               0.00%    passed     82.61%
 271  Syntrichia_ruralis                  0.00%    passed     90.54%
 272  Bryopsis_hypnoides                  0.00%    passed     63.64%
 273  Chlamydomonas_reinhardtii           0.00%    passed     31.78%
 274  Volvox_carteri                      0.00%    passed     48.43%
 275  Dunaliella_salina                   0.00%    passed     83.00%
 276  Scenedesmus_obliquus                0.00%    passed     91.44%
 277  Floydiella_terrestris               0.00%    passed     40.33%
 278  Schizomeris_leibleinii              0.00%    passed     82.27%
 279  Stigeoclonium_helveticum            0.00%    passed     93.18%
 280  Oedogonium_cardiacum                0.00%    passed     86.02%
 281  Chlorella_variabilis                0.00%    passed     44.44%
 282  Chlorella_vulgaris                  0.00%    passed     58.77%
 283  Parachlorella_kessleri              0.00%    passed     30.50%
 284  Helicosporidium_sp                  0.00%    passed     97.21%
 285  Pedinomonas_minor                   0.00%    passed     99.86%
 286  Oltmannsiellopsis_viridis           0.00%    passed     91.02%
 287  Pseudendoclonium_akinetum           0.00%    passed     60.58%
 288  Coccomyxa_sp                        0.00%    passed     14.23%
 289  Leptosira_terrestris                0.00%    passed     56.36%
 290  Oocystis_solitaria                  0.00%    passed     72.39%
 291  Micromonas_pusilla                  0.00%    passed     94.47%
 292  Micromonas_sp                       0.00%    passed     75.52%
 293  Ostreococcus_tauri                  0.00%    passed     88.48%
 294  Monomastix_sp                       0.00%    passed     71.79%
 295  Pyramimonas_parkeae                 0.00%    passed     95.22%
 296  Pycnococcus_provasolii              0.00%    passed     38.16%
 297  Nephroselmis_olivacea               0.00%    passed     43.71%
 298  Chlorokybus_atmophyticus            0.00%    passed     80.27%
 299  Mesostigma_viride                   0.00%    passed     57.63%
 300  Chara_vulgaris                      0.00%    passed     68.03%
 301  Chaetosphaeridium_globosum          0.00%    passed     91.90%
 302  Staurastrum_punctulatum             0.00%    passed     74.58%
 303  Zygnema_circumcarinatum             0.00%    passed     92.34%
 304  Anthoceros_formosae                 0.00%    passed     99.70%
 305  Huperzia_lucidula                   0.00%    passed     73.85%
 306  Isoetes_flaccida                    0.00%    passed     68.11%
 307  Selaginella_moellendorffii          0.00%    passed     92.27%
 308  Selaginella_uncinata                0.00%    passed     96.82%
 309  Cycas_micronesica                   0.00%    passed     82.65%
 310  Cycas_taitungensis                  0.00%    passed     85.18%
 311  Ginkgo_biloba                       0.00%    passed     99.76%
 312  Agathis_australis                   0.00%    passed     98.46%
 313  Halocarpus_kirkii                   0.00%    passed     95.81%
 314  Podocarpus_totara                   0.00%    passed     88.89%
 315  Cephalotaxus_wilsoniana             0.00%    passed     88.60%
 316  Cryptomeria_japonica                0.00%    passed     95.28%
 317  Taiwania_cryptomerioides            0.00%    passed     92.20%
 318  Ephedra_equisetina                  0.00%    passed     93.26%
 319  Gnetum_parvifolium                  0.00%    passed     93.85%
 320  Welwitschia_mirabilis               0.00%    passed     96.23%
 321  Cedrus_deodaraNC                    0.00%    passed     97.09%
 322  Cathaya_argyrophylla                0.00%    passed     98.39%
 323  Pinus_albicaulis                    0.00%    passed     79.68%
 324  Pinus_armandii                      0.00%    passed     79.68%
 325  Pinus_cembra                        0.00%    passed     81.17%
 326  Pinus_sibirica                      0.00%    passed     81.17%
 327  Pinus_koraiensis                    0.00%    passed     79.88%
 328  Pinus_lambertiana                   0.00%    passed     76.87%
 329  Pinus_parviflora_var_pentaphylla    0.00%    passed     80.27%
 330  Pinus_monticola                     0.00%    passed     80.85%
 331  Pinus_peuce                         0.00%    passed     80.85%
 332  Pinus_ayacahuite                    0.00%    passed     82.44%
 333  Pinus_flexilis                      0.00%    passed     82.44%
 334  Pinus_strobus                       0.00%    passed     80.85%
 335  Pinus_krempfii                      0.00%    passed     77.43%
 336  Pinus_gerardiana                    0.00%    passed     76.74%
 337  Pinus_squamata                      0.00%    passed     80.24%
 338  Pinus_aristata                      0.00%    passed     79.51%
 339  Pinus_nelsonii                      0.00%    passed     70.22%
 340  Pinus_monophylla                    0.00%    passed     75.82%
 341  Pinus_rzedowskii                    0.00%    passed     82.65%
 342  Pinus_attenuata                     0.00%    passed     87.95%
 343  Pinus_leiophylla_var_chihuahuana    0.00%    passed     87.31%
 344  Pinus_taeda                         0.00%    passed     89.13%
 345  Pinus_ponderosa                     0.00%    passed     86.85%
 346  Pinus_torreyana_subsp_insularis     0.00%    passed     86.42%
 347  Pinus_torreyana_subsp_torreyana     0.00%    passed     86.42%
 348  Pinus_banksiana                     0.00%    passed     90.32%
 349  Pinus_contorta                      0.00%    passed     90.32%
 350  Pinus_canariensis                   0.00%    passed     85.66%
 351  Pinus_pinaster                      0.00%    passed     89.79%
 352  Pinus_merkusii                      0.00%    passed     86.51%
 353  Pinus_resinosa                      0.00%    passed     83.96%
 354  Pinus_thunbergiiNC                  0.00%    passed     79.98%
 355  Picea_morrisonicola                 0.00%    passed     96.51%
 356  Picea_sitchensis                    0.00%    passed     90.48%
 357  Larix_decidua                       0.00%    passed     89.63%
 358  Larix_occidentalis                  0.00%    passed     93.52%
 359  Pseudotsuga_sinensis                0.00%    passed     92.52%
 360  Keteleeria_davidiana                0.00%    passed     91.85%
****  TOTAL                               0.00%  0 sequences failed composition chi2 test (p-value<5%; df=19)
NOTE: Phyllostachys_edulis is identical to Indocalamus_longiauritus but kept for subsequent analysis
NOTE: Dendrocalamus_latiflorus is identical to Bambusa_oldhamii but kept for subsequent analysis
NOTE: Oryza_rufipogonB is identical to Oryza_meridionalis but kept for subsequent analysis
NOTE: Sorghum_bicolor is identical to Saccharum_hybrid310 but kept for subsequent analysis
NOTE: Gossypium_herbaceum is identical to Gossypium_arboreum but kept for subsequent analysis
NOTE: Gossypium_darwinii is identical to Gossypium_tomentosum but kept for subsequent analysis
NOTE: Oenothera_glazioviana is identical to Oenothera_elata but kept for subsequent analysis
NOTE: Olea_europaeaeuro is identical to Olea_europaeacuspi but kept for subsequent analysis
NOTE: Nicotiana_tabacum is identical to Nicotiana_sylvestris but kept for subsequent analysis
NOTE: Pinus_armandii is identical to Pinus_albicaulis but kept for subsequent analysis
NOTE: Pinus_sibirica is identical to Pinus_cembra but kept for subsequent analysis
NOTE: Pinus_peuce is identical to Pinus_monticola but kept for subsequent analysis
NOTE: Pinus_flexilis is identical to Pinus_ayacahuite but kept for subsequent analysis
NOTE: Pinus_torreyana_subsp_torreyana is identical to Pinus_torreyana_subsp_insularis but kept for subsequent analysis
NOTE: Pinus_contorta is identical to Pinus_banksiana but kept for subsequent analysis
NOTE: 7 identical sequences (see below) will be ignored for subsequent analysis
NOTE: Phyllostachys_nigra (identical to Indocalamus_longiauritus) is ignored but added at the end
NOTE: Oryza_rufipogonA (identical to Oryza_meridionalis) is ignored but added at the end
NOTE: Oryza_sativaIndica (identical to Oryza_meridionalis) is ignored but added at the end
NOTE: Gossypium_hirsutum (identical to Gossypium_tomentosum) is ignored but added at the end
NOTE: Gossypium_mustelinum (identical to Gossypium_tomentosum) is ignored but added at the end
NOTE: Olea_europaeamaro (identical to Olea_europaeacuspi) is ignored but added at the end
NOTE: Pinus_strobus (identical to Pinus_monticola) is ignored but added at the end

For your convenience alignment with unique sequences printed to /csm_data/spielman_lab/dms_modelselection//simulations/alignments_empirical/HA_ruhfel_rep13_AA.fasta.uniqueseq.phy
Reading input tree file simulations/true_trees/ruhfel.tree ...

NOTE: 31 MB RAM (0 GB) is required!
Estimate model parameters (epsilon = 0.010)
1. Initial log-likelihood: -92032.318
Optimal log-likelihood: -91112.331
Parameters optimization took 1 rounds (0.211 sec)
BEST SCORE FOUND : -91112.331
Total tree length: 31.657

Total number of iterations: 0
CPU time used for tree search: 0.000 sec (0h:0m:0s)
Wall-clock time used for tree search: 0.000 sec (0h:0m:0s)
Total CPU time used: 1.775 sec (0h:0m:1s)
Total wall-clock time used: 0.244 sec (0h:0m:0s)

Analysis results written to: 
  IQ-TREE report:                /csm_data/spielman_lab/dms_modelselection//simulations/alignments_empirical/HA_ruhfel_rep13_AA.fasta.iqtree
  Maximum-likelihood tree:       /csm_data/spielman_lab/dms_modelselection//simulations/alignments_empirical/HA_ruhfel_rep13_AA.fasta.treefile
  Screen log file:               /csm_data/spielman_lab/dms_modelselection//simulations/alignments_empirical/HA_ruhfel_rep13_AA.fasta.log

Date and Time: Tue Apr  9 14:35:41 2019
