IQ-TREE multicore version 1.6.7 for Linux 64-bit built Aug 23 2018
Developed by Bui Quang Minh, Nguyen Lam Tung, Olga Chernomor,
Heiko Schmidt, Dominik Schrempf, Michael Woodhams.

Host:    csm-com-008 (AVX2, FMA3, 62 GB RAM)
Command: iqtree -nt 8 -m cpREV+F+G4 -s /csm_data/spielman_lab/dms_modelselection//simulations/alignments_empirical/HIV_andersen_rep6_AA.fasta -st AA
Seed:    236500 (Using SPRNG - Scalable Parallel Random Number Generator)
Time:    Mon Apr 15 21:35:55 2019
Kernel:  AVX+FMA - 8 threads (48 CPU cores detected)

Reading alignment file /csm_data/spielman_lab/dms_modelselection//simulations/alignments_empirical/HIV_andersen_rep6_AA.fasta ... Fasta format detected
Alignment most likely contains protein sequences
Alignment has 179 sequences with 661 columns, 661 distinct patterns
649 parsimony-informative, 11 singleton sites, 1 constant sites
                      Gap/Ambiguity  Composition  p-value
   1  BA366-S-GIN-2003        0.00%    passed     45.47%
   2  G502-S-SLE-2009         0.00%    passed     59.51%
   3  G1180-S-SLE-2010        0.00%    passed     74.34%
   4  G2147-S-SLE-2011        0.00%    passed     68.42%
   5  G2165-S-SLE-2011        0.00%    passed     88.73%
   6  LM222-S-SLE-2010        0.00%    passed     84.32%
   7  LM774-S-SLE-2012        0.00%    passed     76.37%
   8  LM778-S-SLE-2012        0.00%    passed     71.51%
   9  G2184-S-SLE-2011        0.00%    passed     76.91%
  10  LM776-S-SLE-2012        0.00%    passed     73.75%
  11  G503-S-SLE-2009         0.00%    passed     68.34%
  12  G2318-S-SLE-2012        0.00%    passed     95.31%
  13  G1959-S-SLE-2011        0.00%    passed     98.80%
  14  G3010-S-SLE-2013        0.00%    passed     92.86%
  15  G610-S-SLE-2009         0.00%    passed     93.00%
  16  G693-S-SLE-2009         0.00%    passed     91.29%
  17  G771-S-SLE-2010         0.00%    passed     91.62%
  18  G1792-S-SLE-2011        0.00%    passed     93.90%
  19  G1960-S-SLE-2011        0.00%    passed     93.70%
  20  G2565-S-SLE-2012        0.00%    passed     93.90%
  21  G2197-S-SLE-2011        0.00%    passed     91.42%
  22  LM032-S-SLE-2010        0.00%    passed     94.78%
  23  Josiah-S-SLE-1976       0.00%    passed     94.21%
  24  G808-S-SLE-2010         0.00%    passed     74.54%
  25  G2868-S-SLE-2012        0.00%    passed     94.44%
  26  G676-S-SLE-2009         0.00%    passed     71.11%
  27  G2405-S-SLE-2012        0.00%    passed     60.80%
  28  G1190-S-SLE-2010        0.00%    passed     80.24%
  29  G2944-S-SLE-2012        0.00%    passed     83.78%
  30  LM765-S-SLE-2012        0.00%    passed     80.13%
  31  G3148-S-SLE-2013        0.00%    passed     81.28%
  32  Z0947-S-SLE-2011        0.00%    passed     79.21%
  33  Z0948-S-SLE-2011        0.00%    passed     79.21%
  34  G1727-S-SLE-2011        0.00%    passed     82.16%
  35  G1647-S-SLE-2011        0.00%    passed     75.79%
  36  G2295-S-SLE-2012        0.00%    passed     77.96%
  37  G2587-S-SLE-2012        0.00%    passed     75.77%
  38  G2280-S-SLE-2012        0.00%    passed     56.35%
  39  G3016-S-SLE-2013        0.00%    passed     62.29%
  40  G3106-S-SLE-2013        0.00%    passed     62.29%
  41  G2612-S-SLE-2012        0.00%    passed     49.99%
  42  LM779-S-SLE-2012        0.00%    passed     49.70%
  43  G692-S-SLE-2009         0.00%    passed     67.71%
  44  LM395-S-SLE-2009        0.00%    passed     86.25%
  45  G1774-S-SLE-2011        0.00%    passed     85.51%
  46  G2222-S-SLE-2011        0.00%    passed     72.99%
  47  G636-S-SLE-2009         0.00%    passed     93.40%
  48  G2315-S-SLE-2012        0.00%    passed     95.82%
  49  G2903-S-SLE-2012        0.00%    passed     99.40%
  50  G3206-S-SLE-2013        0.00%    passed     64.38%
  51  G733-S-SLE-2010         0.00%    passed     94.50%
  52  G2554-S-SLE-2012        0.00%    passed     89.83%
  53  G1618-S-SLE-2011        0.00%    passed     97.45%
  54  G1646-S-SLE-2011        0.00%    passed     97.03%
  55  G2427-S-SLE-2012        0.00%    passed     85.49%
  56  G2392-S-SLE-2012        0.00%    passed     98.20%
  57  G3229-S-SLE-2013        0.00%    passed     96.47%
  58  G3151-S-SLE-2013        0.00%    passed     98.22%
  59  G3248-S-SLE-2013        0.00%    passed     98.22%
  60  G3170-S-SLE-2013        0.00%    passed     98.22%
  61  NL-S-SLE-2000           0.00%    passed     97.70%
  62  G2263-S-SLE-2012        0.00%    passed     87.81%
  63  G2431-S-SLE-2012        0.00%    passed     89.74%
  64  G1442-S-SLE-2011        0.00%    passed     26.36%
  65  G2141-S-SLE-2011        0.00%    passed     77.07%
  66  G1529-S-SLE-2011        0.00%    passed     79.70%
  67  G3234-S-SLE-2013        0.00%    passed     80.66%
  68  G2363-S-SLE-2012        0.00%    passed     74.26%
  69  G2259-S-SLE-2012        0.00%    passed     60.61%
  70  G2723-S-SLE-2012        0.00%    passed     52.54%
  71  G3278-S-SLE-2013        0.00%    passed     29.95%
  72  G2557-S-SLE-2012        0.00%    passed     54.86%
  73  G2615-S-SLE-2012        0.00%    passed     28.92%
  74  G1200-S-LIB-2010        0.00%    passed     99.18%
  75  Macenta-S-GIN-1982      0.00%    passed     99.38%
  76  Z148-S-LIB-1981         0.00%    passed     97.71%
  77  Nig08-A18-S-NIG-2008    0.00%    passed     47.43%
  78  Nig08-A19-S-NIG-2008    0.00%    passed     77.88%
  79  CSF-S-NIG-2001          0.00%    passed     20.56%
  80  ISTH0009-S-NIG-2011     0.00%    passed     99.71%
  81  LASV979-S-NIG-2009      0.00%    passed     99.49%
  82  LASV237-S-NIG-2010      0.00%    passed     99.84%
  83  LASV711-S-NIG-2009      0.00%    passed     99.87%
  84  LASV992-S-NIG-2009      0.00%    passed     99.88%
  85  ISTH0230-S-NIG-2011     0.00%    passed     99.82%
  86  LASV975-S-NIG-2009      0.00%    passed     99.30%
  87  ISTH2061-S-NIG-2012     0.00%    passed     99.63%
  88  Nig08-A41-S-NIG-2008    0.00%    passed     97.94%
  89  ISTH2217-S-NIG-2012     0.00%    passed     99.45%
  90  ISTH1064-S-NIG-2011     0.00%    passed     97.20%
  91  ISTH2334-S-NIG-2012     0.00%    passed     98.02%
  92  LASV245-S-NIG-2011      0.00%    passed     97.90%
  93  LASV1011-S-NIG-2009     0.00%    passed     98.80%
  94  ISTH2312-S-NIG-2012     0.00%    passed     98.34%
  95  LASV1000-S-NIG-2009     0.00%    passed     97.06%
  96  ISTH2010-S-NIG-2012     0.00%    passed     99.11%
  97  ISTH2016-S-NIG-2012     0.00%    passed     98.80%
  98  Nig08-A37-S-NIG-2008    0.00%    passed     97.12%
  99  LASV737-S-NIG-2009      0.00%    passed     97.49%
 100  LASV719-S-NIG-2009      0.00%    passed     98.28%
 101  LASV046-S-NIG-2009      0.00%    passed     96.51%
 102  ISTH2042-S-NIG-2012     0.00%    passed     96.79%
 103  LASV274-S-NIG-2010      0.00%    passed     94.79%
 104  LASV263-S-NIG-2011      0.00%    passed     96.20%
 105  ISTH1137-S-NIG-2011     0.00%    passed     95.95%
 106  LASV976-S-NIG-2009      0.00%    passed     95.14%
 107  LASV1016-S-NIG-2009     0.00%    passed     94.12%
 108  LASV229-S-NIG-2010      0.00%    passed     97.93%
 109  ISTH2129-S-NIG-2012     0.00%    passed     97.17%
 110  ISTH2057-S-NIG-2012     0.00%    passed     70.39%
 111  LASV058-S-NIG-2008      0.00%    passed     94.94%
 112  ISTH1038-S-NIG-2011     0.00%    passed     95.32%
 113  LASV056-S-NIG-2008      0.00%    passed     99.24%
 114  LASV042-S-NIG-2009      0.00%    passed     95.62%
 115  LASV981-S-NIG-2009      0.00%    passed     99.89%
 116  LASV256-S-NIG-2010      0.00%    passed     95.22%
 117  LASV052-S-NIG-2008      0.00%    passed     92.20%
 118  LASV063-S-NIG-2009      0.00%    passed     95.91%
 119  ISTH0595-S-NIG-2011     0.00%    passed     98.01%
 120  ISTH1096-S-NIG-2012     0.00%    passed     98.77%
 121  LASV221-S-NIG-2010      0.00%    passed     98.56%
 122  LASV977-S-NIG-2009      0.00%    passed     97.90%
 123  LASV971-S-NIG-2009      0.00%    passed     99.31%
 124  LASV967-S-NIG-2009      0.00%    passed     76.79%
 125  ISTH2050-S-NIG-2012     0.00%    passed     97.06%
 126  ISTH2031-S-NIG-2012     0.00%    passed     95.71%
 127  ISTH2376-S-NIG-2012     0.00%    passed     91.35%
 128  LASV991-S-NIG-2009      0.00%    passed     96.87%
 129  LASV267-S-NIG-2010      0.00%    passed     93.87%
 130  LASV049-S-NIG-2009      0.00%    passed     96.02%
 131  LASV239-S-NIG-2010      0.00%    passed     99.68%
 132  ISTH2037-S-NIG-2012     0.00%    passed     96.30%
 133  ISTH1069-S-NIG-2011     0.00%    passed     99.53%
 134  ISTH1129-S-NIG-2012     0.00%    passed     99.60%
 135  ISTH2304-S-NIG-2012     0.00%    passed     99.83%
 136  LASV246-S-NIG-2010      0.00%    passed     99.57%
 137  ISTH1111-S-NIG-2011     0.00%    passed     99.98%
 138  LASV006-S-NIG-2008      0.00%    passed     99.60%
 139  ISTH0531-S-NIG-2011     0.00%    passed     99.79%
 140  LASV254-S-NIG-2011      0.00%    passed     99.84%
 141  ISTH2358-S-NIG-2012     0.00%    passed     99.71%
 142  LASV966-S-NIG-2009      0.00%    passed     96.42%
 143  ISTH1058-S-NIG-2011     0.00%    passed     98.98%
 144  LASV241-S-NIG-2011      0.00%    passed     99.89%
 145  LASV271-S-NIG-2010      0.00%    passed     99.84%
 146  Nig08-A47-S-NIG-2008    0.00%    passed     97.99%
 147  ISTH0012-S-NIG-2011     0.00%    passed     98.94%
 148  LASV993-S-NIG-2009      0.00%    passed     99.40%
 149  ISTH2046-S-NIG-2012     0.00%    passed     99.61%
 150  LASV1008-S-NIG-2009     0.00%    passed     99.36%
 151  ISTH2020-S-NIG-2012     0.00%    passed     99.29%
 152  LASV003-S-NIG-2008      0.00%    passed     98.43%
 153  LASV242-S-NIG-2010      0.00%    passed     99.29%
 154  LASV253-S-NIG-2011      0.00%    passed     99.85%
 155  LASV982-S-NIG-2009      0.00%    passed     99.83%
 156  LASV251-S-NIG-2010      0.00%    passed     98.93%
 157  LASV989-S-NIG-2009      0.00%    passed     98.47%
 158  ISTH0047-S-NIG-2011     0.00%    passed     95.29%
 159  LASV990-S-NIG-2009      0.00%    passed     92.01%
 160  ISTH1003-S-NIG-2011     0.00%    passed     96.74%
 161  ISTH0073-S-NIG-2011     0.00%    passed     90.08%
 162  ISTH2316-S-NIG-2012     0.00%    passed     89.12%
 163  LASV225-S-NIG-2010      0.00%    passed     94.41%
 164  LASV978-S-NIG-2009      0.00%    passed     97.97%
 165  ISTH1048-S-NIG-2011     0.00%    passed     99.33%
 166  LASV045-S-NIG-2009      0.00%    passed     94.79%
 167  ISTH2025-S-NIG-2012     0.00%    passed     95.83%
 168  LASV250-S-NIG-2011      0.00%    passed     97.79%
 169  LASV1015-S-NIG-2009     0.00%    passed     98.63%
 170  LASV035-S-NIG-2009      0.00%    passed     96.52%
 171  ISTH1107-S-NIG-2012     0.00%    passed     97.71%
 172  ISTH2271-S-NIG-2012     0.00%    passed     92.95%
 173  ISTH1121-S-NIG-2012     0.00%    passed     97.81%
 174  ISTH2065-S-NIG-2012     0.00%    passed     46.76%
 175  ISTH2066-S-NIG-2012     0.00%    passed     46.76%
 176  ISTH2094-S-NIG-2012     0.00%    passed     90.14%
 177  Nig08-04-S-NIG-2008     0.00%    passed     97.65%
 178  Pinneo-S-NIG-1969       0.00%    passed     73.18%
 179  AV-S-CIV-1999           0.00%    passed     72.15%
****  TOTAL                   0.00%  0 sequences failed composition chi2 test (p-value<5%; df=19)
NOTE: G2565-S-SLE-2012 is identical to G1792-S-SLE-2011 but kept for subsequent analysis
NOTE: Z0948-S-SLE-2011 is identical to Z0947-S-SLE-2011 but kept for subsequent analysis
NOTE: G3106-S-SLE-2013 is identical to G3016-S-SLE-2013 but kept for subsequent analysis
NOTE: G3248-S-SLE-2013 is identical to G3151-S-SLE-2013 but kept for subsequent analysis
NOTE: ISTH2066-S-NIG-2012 is identical to ISTH2065-S-NIG-2012 but kept for subsequent analysis
NOTE: 1 identical sequences (see below) will be ignored for subsequent analysis
NOTE: G3170-S-SLE-2013 (identical to G3151-S-SLE-2013) is ignored but added at the end

For your convenience alignment with unique sequences printed to /csm_data/spielman_lab/dms_modelselection//simulations/alignments_empirical/HIV_andersen_rep6_AA.fasta.uniqueseq.phy

Create initial parsimony tree by phylogenetic likelihood library (PLL)... 0.114 seconds

NOTE: 75 MB RAM (0 GB) is required!
Estimate model parameters (epsilon = 0.100)
1. Initial log-likelihood: -43404.926
2. Current log-likelihood: -43015.588
3. Current log-likelihood: -43013.607
Optimal log-likelihood: -43013.599
Gamma shape alpha: 4.853
Parameters optimization took 3 rounds (0.596 sec)
Computing ML distances based on estimated model parameters... 10.803 sec
Computing BIONJ tree...
0.025 seconds
Log-likelihood of BIONJ tree: -43782.919
--------------------------------------------------------------------
|             INITIALIZING CANDIDATE TREE SET                      |
--------------------------------------------------------------------
Generating 98 parsimony trees... 8.274 second
Computing log-likelihood of 98 initial trees ... 10.849 seconds
Current best score: -43005.258

Do NNI search on 20 best initial trees
Estimate model parameters (epsilon = 0.100)
BETTER TREE FOUND at iteration 1: -43005.205
Iteration 10 / LogL: -43005.383 / Time: 0h:0m:27s
Iteration 20 / LogL: -43005.206 / Time: 0h:0m:33s
Finish initializing candidate tree set (18)
Current best tree score: -43005.205 / CPU time: 31.074
Number of iterations: 20
--------------------------------------------------------------------
|               OPTIMIZING CANDIDATE TREE SET                      |
--------------------------------------------------------------------
Estimate model parameters (epsilon = 0.100)
BETTER TREE FOUND at iteration 22: -43005.172
Iteration 30 / LogL: -43005.206 / Time: 0h:0m:49s (0h:2m:38s left)
BETTER TREE FOUND at iteration 39: -43005.172
Iteration 40 / LogL: -43005.172 / Time: 0h:1m:6s (0h:2m:48s left)
BETTER TREE FOUND at iteration 42: -43005.172
Iteration 50 / LogL: -43005.172 / Time: 0h:1m:23s (0h:2m:35s left)
UPDATE BEST LOG-LIKELIHOOD: -43005.172
Iteration 60 / LogL: -43005.172 / Time: 0h:1m:40s (0h:2m:19s left)
Iteration 70 / LogL: -43005.172 / Time: 0h:1m:59s (0h:2m:4s left)
UPDATE BEST LOG-LIKELIHOOD: -43005.171
Iteration 80 / LogL: -43005.172 / Time: 0h:2m:16s (0h:1m:46s left)
UPDATE BEST LOG-LIKELIHOOD: -43005.171
Iteration 90 / LogL: -43006.124 / Time: 0h:2m:32s (0h:1m:29s left)
Iteration 100 / LogL: -43005.173 / Time: 0h:2m:49s (0h:1m:11s left)
BETTER TREE FOUND at iteration 108: -43005.171
Iteration 110 / LogL: -43005.173 / Time: 0h:3m:6s (0h:2m:47s left)
Iteration 120 / LogL: -43005.204 / Time: 0h:3m:24s (0h:2m:30s left)
Iteration 130 / LogL: -43005.171 / Time: 0h:3m:41s (0h:2m:13s left)
BETTER TREE FOUND at iteration 133: -43005.171
Iteration 140 / LogL: -43005.171 / Time: 0h:3m:58s (0h:2m:39s left)
BETTER TREE FOUND at iteration 147: -43005.171
Iteration 150 / LogL: -43005.172 / Time: 0h:4m:14s (0h:2m:45s left)
BETTER TREE FOUND at iteration 155: -43005.171
BETTER TREE FOUND at iteration 156: -43005.170
Iteration 160 / LogL: -43021.119 / Time: 0h:4m:31s (0h:2m:43s left)
Iteration 170 / LogL: -43005.173 / Time: 0h:4m:48s (0h:2m:26s left)
Iteration 180 / LogL: -43005.172 / Time: 0h:5m:4s (0h:2m:9s left)
Iteration 190 / LogL: -43021.120 / Time: 0h:5m:20s (0h:1m:51s left)
Iteration 200 / LogL: -43007.041 / Time: 0h:5m:36s (0h:1m:34s left)
BETTER TREE FOUND at iteration 210: -43005.170
Iteration 210 / LogL: -43005.170 / Time: 0h:5m:53s (0h:2m:48s left)
Iteration 220 / LogL: -43005.171 / Time: 0h:6m:9s (0h:2m:31s left)
Iteration 230 / LogL: -43005.171 / Time: 0h:6m:26s (0h:2m:14s left)
Iteration 240 / LogL: -43005.171 / Time: 0h:6m:43s (0h:1m:58s left)
BETTER TREE FOUND at iteration 243: -43005.170
Iteration 250 / LogL: -43005.171 / Time: 0h:6m:59s (0h:2m:36s left)
Iteration 260 / LogL: -43009.366 / Time: 0h:7m:16s (0h:2m:19s left)
BETTER TREE FOUND at iteration 264: -43005.170
UPDATE BEST LOG-LIKELIHOOD: -43005.169
Iteration 270 / LogL: -43007.196 / Time: 0h:7m:33s (0h:2m:38s left)
BETTER TREE FOUND at iteration 278: -43005.169
Iteration 280 / LogL: -43005.170 / Time: 0h:7m:49s (0h:2m:44s left)
Iteration 290 / LogL: -43005.171 / Time: 0h:8m:5s (0h:2m:27s left)
UPDATE BEST LOG-LIKELIHOOD: -43005.169
Iteration 300 / LogL: -43005.170 / Time: 0h:8m:22s (0h:2m:11s left)
Iteration 310 / LogL: -43140.077 / Time: 0h:8m:39s (0h:1m:54s left)
UPDATE BEST LOG-LIKELIHOOD: -43005.169
Iteration 320 / LogL: -43005.171 / Time: 0h:8m:56s (0h:1m:37s left)
Iteration 330 / LogL: -43005.171 / Time: 0h:9m:12s (0h:1m:20s left)
Iteration 340 / LogL: -43005.170 / Time: 0h:9m:28s (0h:1m:3s left)
Iteration 350 / LogL: -43005.169 / Time: 0h:9m:45s (0h:0m:46s left)
Iteration 360 / LogL: -43005.201 / Time: 0h:10m:2s (0h:0m:30s left)
Iteration 370 / LogL: -43005.171 / Time: 0h:10m:19s (0h:0m:13s left)
TREE SEARCH COMPLETED AFTER 379 ITERATIONS / Time: 0h:10m:34s

--------------------------------------------------------------------
|                    FINALIZING TREE SEARCH                        |
--------------------------------------------------------------------
Performs final model parameters optimization
Estimate model parameters (epsilon = 0.010)
1. Initial log-likelihood: -43005.169
Optimal log-likelihood: -43005.169
Gamma shape alpha: 4.853
Parameters optimization took 1 rounds (0.133 sec)
BEST SCORE FOUND : -43005.169
Total tree length: 13.291

Total number of iterations: 379
CPU time used for tree search: 4985.711 sec (1h:23m:5s)
Wall-clock time used for tree search: 632.373 sec (0h:10m:32s)
Total CPU time used: 5004.560 sec (1h:23m:24s)
Total wall-clock time used: 635.006 sec (0h:10m:35s)

Analysis results written to: 
  IQ-TREE report:                /csm_data/spielman_lab/dms_modelselection//simulations/alignments_empirical/HIV_andersen_rep6_AA.fasta.iqtree
  Maximum-likelihood tree:       /csm_data/spielman_lab/dms_modelselection//simulations/alignments_empirical/HIV_andersen_rep6_AA.fasta.treefile
  Likelihood distances:          /csm_data/spielman_lab/dms_modelselection//simulations/alignments_empirical/HIV_andersen_rep6_AA.fasta.mldist
  Screen log file:               /csm_data/spielman_lab/dms_modelselection//simulations/alignments_empirical/HIV_andersen_rep6_AA.fasta.log

Date and Time: Mon Apr 15 21:46:30 2019
