IQ-TREE multicore version 1.6.7 for Linux 64-bit built Aug 23 2018
Developed by Bui Quang Minh, Nguyen Lam Tung, Olga Chernomor,
Heiko Schmidt, Dominik Schrempf, Michael Woodhams.

Host:    csm-com-002 (AVX2, FMA3, 62 GB RAM)
Command: iqtree -nt 8 -m HIVw+F+I -s /csm_data/spielman_lab/dms_modelselection//simulations/alignments_empirical/HIV_greenalga_rep13_AA.fasta -st AA -te simulations/true_trees/greenalga.tree
Seed:    747324 (Using SPRNG - Scalable Parallel Random Number Generator)
Time:    Mon Apr 15 19:45:16 2019
Kernel:  AVX+FMA - 8 threads (48 CPU cores detected)

Reading alignment file /csm_data/spielman_lab/dms_modelselection//simulations/alignments_empirical/HIV_greenalga_rep13_AA.fasta ... Fasta format detected
Alignment most likely contains protein sequences
Alignment has 23 sequences with 661 columns, 646 distinct patterns
545 parsimony-informative, 89 singleton sites, 26 constant sites
                                Gap/Ambiguity  Composition  p-value
   1  Schizomeris_leibleinii            0.00%    passed     99.16%
   2  Stigeoclonium_helveticum          0.00%    passed     99.16%
   3  Floydiella_terrestris             0.00%    passed     75.60%
   4  Oedogonium_cardiacum              0.00%    passed     65.55%
   5  Dunaliella_salina                 0.00%    passed     99.87%
   6  Chlamydomonas_reinhardtii         0.00%    passed     89.22%
   7  Gonium_pectorale                  0.00%    passed     98.99%
   8  Pleodorina_starrii                0.00%    passed     99.74%
   9  Volvox_carteri                    0.00%    passed     98.73%
  10  Bracteacoccus_aerius              0.00%    passed     99.99%
  11  Bracteacoccus_minor               0.00%    passed     99.99%
  12  Mychonastes_homosphaera           0.00%    passed     94.02%
  13  Pseudomuriella_schumacherensis    0.00%    passed     97.84%
  14  Kirchneriella_aperta              0.00%    passed     98.18%
  15  Ourococcus_multisporus            0.00%    passed     99.16%
  16  Pediastrum_duplex                 0.00%    passed     99.64%
  17  Chlorotetraedron_incus            0.00%    passed     99.95%
  18  Neochloris_aquatica               0.00%    passed     98.64%
  19  Scenedesmus_obliquus              0.00%    passed     89.44%
  20  Rotundella_rotunda                0.00%    passed     99.99%
  21  Chromochloris_zofingiensis        0.00%    passed     99.45%
  22  Atractomorpha_echinata            0.00%    passed     97.37%
  23  Ankyra_judai                      0.00%    passed     90.56%
****  TOTAL                             0.00%  0 sequences failed composition chi2 test (p-value<5%; df=19)
Reading input tree file simulations/true_trees/greenalga.tree ... rooted tree
Converting rooted to unrooted tree...

NOTE: 2 MB RAM (0 GB) is required!
Estimate model parameters (epsilon = 0.010)
1. Initial log-likelihood: -16397.834
2. Current log-likelihood: -15951.146
3. Current log-likelihood: -15951.080
Optimal log-likelihood: -15951.080
Proportion of invariable sites: 0.031
Parameters optimization took 3 rounds (0.026 sec)
BEST SCORE FOUND : -15951.080
Total tree length: 4.748

Total number of iterations: 0
CPU time used for tree search: 0.000 sec (0h:0m:0s)
Wall-clock time used for tree search: 0.000 sec (0h:0m:0s)
Total CPU time used: 0.220 sec (0h:0m:0s)
Total wall-clock time used: 0.037 sec (0h:0m:0s)

Analysis results written to: 
  IQ-TREE report:                /csm_data/spielman_lab/dms_modelselection//simulations/alignments_empirical/HIV_greenalga_rep13_AA.fasta.iqtree
  Maximum-likelihood tree:       /csm_data/spielman_lab/dms_modelselection//simulations/alignments_empirical/HIV_greenalga_rep13_AA.fasta.treefile
  Screen log file:               /csm_data/spielman_lab/dms_modelselection//simulations/alignments_empirical/HIV_greenalga_rep13_AA.fasta.log

Date and Time: Mon Apr 15 19:45:16 2019
