IQ-TREE multicore version 1.6.7 for Linux 64-bit built Aug 23 2018
Developed by Bui Quang Minh, Nguyen Lam Tung, Olga Chernomor,
Heiko Schmidt, Dominik Schrempf, Michael Woodhams.

Host:    csm-com-010 (AVX2, FMA3, 62 GB RAM)
Command: iqtree -nt 8 -m mtZOA+F+G4 -s /csm_data/spielman_lab/dms_modelselection//simulations/alignments_empirical/HIV_salichos_rep8_AA.fasta -st AA
Seed:    233586 (Using SPRNG - Scalable Parallel Random Number Generator)
Time:    Mon Apr 15 21:18:55 2019
Kernel:  AVX+FMA - 8 threads (48 CPU cores detected)

Reading alignment file /csm_data/spielman_lab/dms_modelselection//simulations/alignments_empirical/HIV_salichos_rep8_AA.fasta ... Fasta format detected
Alignment most likely contains protein sequences
Alignment has 23 sequences with 661 columns, 661 distinct patterns
650 parsimony-informative, 11 singleton sites, 0 constant sites
      Gap/Ambiguity  Composition  p-value
   1  Agos    0.00%    passed     44.31%
   2  Klac    0.00%    passed     17.45%
   3  Calb    0.00%    passed     74.09%
   4  Cdub    0.00%    passed     80.49%
   5  Ctro    0.00%    passed     34.50%
   6  Cpar    0.00%    passed     85.94%
   7  Lelo    0.00%    passed     70.97%
   8  Psti    0.00%    passed     38.11%
   9  Cgui    0.00%    passed     59.71%
  10  Dhan    0.00%    passed     53.05%
  11  Clus    0.00%    passed     53.59%
  12  Cgla    0.00%    passed     82.24%
  13  Sbay    0.00%    passed     98.82%
  14  Scer    0.00%    passed     88.20%
  15  Spar    0.00%    passed     94.24%
  16  Smik    0.00%    passed     85.22%
  17  Skud    0.00%    passed     81.53%
  18  Scas    0.00%    passed     80.67%
  19  Kpol    0.00%    passed     75.76%
  20  Zrou    0.00%    passed     64.82%
  21  Kthe    0.00%    passed     83.26%
  22  Kwal    0.00%    passed     37.22%
  23  Sklu    0.00%    passed     28.49%
****  TOTAL    0.00%  0 sequences failed composition chi2 test (p-value<5%; df=19)

Create initial parsimony tree by phylogenetic likelihood library (PLL)... 0.005 seconds

NOTE: 9 MB RAM (0 GB) is required!
Estimate model parameters (epsilon = 0.100)
1. Initial log-likelihood: -32400.200
2. Current log-likelihood: -31874.244
3. Current log-likelihood: -31852.541
4. Current log-likelihood: -31852.159
Optimal log-likelihood: -31852.115
Gamma shape alpha: 1.717
Parameters optimization took 4 rounds (0.128 sec)
Computing ML distances based on estimated model parameters... 0.663 sec
WARNING: Some pairwise ML distances are too long (saturated)
Computing BIONJ tree...
0.002 seconds
Log-likelihood of BIONJ tree: -31898.104
--------------------------------------------------------------------
|             INITIALIZING CANDIDATE TREE SET                      |
--------------------------------------------------------------------
Generating 98 parsimony trees... 0.562 second
Computing log-likelihood of 98 initial trees ... 1.297 seconds
Current best score: -31834.274

Do NNI search on 20 best initial trees
Estimate model parameters (epsilon = 0.100)
BETTER TREE FOUND at iteration 1: -31820.812
UPDATE BEST LOG-LIKELIHOOD: -31820.811
Iteration 10 / LogL: -31820.912 / Time: 0h:0m:3s
UPDATE BEST LOG-LIKELIHOOD: -31820.811
Iteration 20 / LogL: -31820.871 / Time: 0h:0m:4s
Finish initializing candidate tree set (3)
Current best tree score: -31820.811 / CPU time: 3.849
Number of iterations: 20
--------------------------------------------------------------------
|               OPTIMIZING CANDIDATE TREE SET                      |
--------------------------------------------------------------------
Iteration 30 / LogL: -31825.880 / Time: 0h:0m:5s (0h:0m:13s left)
UPDATE BEST LOG-LIKELIHOOD: -31820.810
Iteration 40 / LogL: -31820.967 / Time: 0h:0m:6s (0h:0m:10s left)
Iteration 50 / LogL: -31820.886 / Time: 0h:0m:8s (0h:0m:8s left)
Iteration 60 / LogL: -31823.319 / Time: 0h:0m:9s (0h:0m:6s left)
UPDATE BEST LOG-LIKELIHOOD: -31820.810
Iteration 70 / LogL: -31820.833 / Time: 0h:0m:11s (0h:0m:4s left)
Iteration 80 / LogL: -31820.894 / Time: 0h:0m:12s (0h:0m:3s left)
Iteration 90 / LogL: -31823.215 / Time: 0h:0m:13s (0h:0m:1s left)
Iteration 100 / LogL: -31823.283 / Time: 0h:0m:14s (0h:0m:0s left)
TREE SEARCH COMPLETED AFTER 102 ITERATIONS / Time: 0h:0m:15s

--------------------------------------------------------------------
|                    FINALIZING TREE SEARCH                        |
--------------------------------------------------------------------
Performs final model parameters optimization
Estimate model parameters (epsilon = 0.010)
1. Initial log-likelihood: -31820.810
Optimal log-likelihood: -31820.808
Gamma shape alpha: 1.709
Parameters optimization took 1 rounds (0.017 sec)
BEST SCORE FOUND : -31820.808
Total tree length: 33.535

Total number of iterations: 102
CPU time used for tree search: 117.321 sec (0h:1m:57s)
Wall-clock time used for tree search: 15.025 sec (0h:0m:15s)
Total CPU time used: 119.538 sec (0h:1m:59s)
Total wall-clock time used: 15.316 sec (0h:0m:15s)

Analysis results written to: 
  IQ-TREE report:                /csm_data/spielman_lab/dms_modelselection//simulations/alignments_empirical/HIV_salichos_rep8_AA.fasta.iqtree
  Maximum-likelihood tree:       /csm_data/spielman_lab/dms_modelselection//simulations/alignments_empirical/HIV_salichos_rep8_AA.fasta.treefile
  Likelihood distances:          /csm_data/spielman_lab/dms_modelselection//simulations/alignments_empirical/HIV_salichos_rep8_AA.fasta.mldist
  Screen log file:               /csm_data/spielman_lab/dms_modelselection//simulations/alignments_empirical/HIV_salichos_rep8_AA.fasta.log

Date and Time: Mon Apr 15 21:19:10 2019
