IQ-TREE multicore version 1.6.7 for Linux 64-bit built Aug 23 2018
Developed by Bui Quang Minh, Nguyen Lam Tung, Olga Chernomor,
Heiko Schmidt, Dominik Schrempf, Michael Woodhams.

Host:    csm-com-012 (AVX2, FMA3, 62 GB RAM)
Command: iqtree -nt 8 -m Poisson -s /csm_data/spielman_lab/dms_modelselection//simulations/alignments_empirical/HIV_greenalga_rep10_AA.fasta -st AA
Seed:    70406 (Using SPRNG - Scalable Parallel Random Number Generator)
Time:    Mon Apr 15 19:27:29 2019
Kernel:  AVX+FMA - 8 threads (48 CPU cores detected)

Reading alignment file /csm_data/spielman_lab/dms_modelselection//simulations/alignments_empirical/HIV_greenalga_rep10_AA.fasta ... Fasta format detected
Alignment most likely contains protein sequences
Alignment has 23 sequences with 661 columns, 650 distinct patterns
560 parsimony-informative, 78 singleton sites, 23 constant sites
                                Gap/Ambiguity  Composition  p-value
   1  Schizomeris_leibleinii            0.00%    passed     96.19%
   2  Stigeoclonium_helveticum          0.00%    passed     92.89%
   3  Floydiella_terrestris             0.00%    passed     92.97%
   4  Oedogonium_cardiacum              0.00%    passed     99.98%
   5  Dunaliella_salina                 0.00%    passed     98.58%
   6  Chlamydomonas_reinhardtii         0.00%    passed     98.92%
   7  Gonium_pectorale                  0.00%    passed     99.84%
   8  Pleodorina_starrii                0.00%    passed     99.92%
   9  Volvox_carteri                    0.00%    passed     99.99%
  10  Bracteacoccus_aerius              0.00%    passed    100.00%
  11  Bracteacoccus_minor               0.00%    passed    100.00%
  12  Mychonastes_homosphaera           0.00%    passed     99.54%
  13  Pseudomuriella_schumacherensis    0.00%    passed     99.82%
  14  Kirchneriella_aperta              0.00%    passed     99.67%
  15  Ourococcus_multisporus            0.00%    passed     99.59%
  16  Pediastrum_duplex                 0.00%    passed     99.82%
  17  Chlorotetraedron_incus            0.00%    passed     99.98%
  18  Neochloris_aquatica               0.00%    passed     90.18%
  19  Scenedesmus_obliquus              0.00%    passed     95.45%
  20  Rotundella_rotunda                0.00%    passed     99.18%
  21  Chromochloris_zofingiensis        0.00%    passed     99.96%
  22  Atractomorpha_echinata            0.00%    passed     99.99%
  23  Ankyra_judai                      0.00%    passed     99.95%
****  TOTAL                             0.00%  0 sequences failed composition chi2 test (p-value<5%; df=19)

Create initial parsimony tree by phylogenetic likelihood library (PLL)... 0.004 seconds

NOTE: 2 MB RAM (0 GB) is required!
Estimate model parameters (epsilon = 0.100)
1. Initial log-likelihood: -17512.183
Optimal log-likelihood: -17406.953
Parameters optimization took 1 rounds (0.009 sec)
Computing ML distances based on estimated model parameters... 0.026 sec
Computing BIONJ tree...
0.001 seconds
Log-likelihood of BIONJ tree: -17401.031
--------------------------------------------------------------------
|             INITIALIZING CANDIDATE TREE SET                      |
--------------------------------------------------------------------
Generating 98 parsimony trees... 0.390 second
Computing log-likelihood of 98 initial trees ... 0.620 seconds
Current best score: -17401.031

Do NNI search on 20 best initial trees
Estimate model parameters (epsilon = 0.100)
BETTER TREE FOUND at iteration 1: -17401.031
Iteration 10 / LogL: -17401.034 / Time: 0h:0m:1s
Iteration 20 / LogL: -17401.039 / Time: 0h:0m:1s
Finish initializing candidate tree set (1)
Current best tree score: -17401.031 / CPU time: 1.785
Number of iterations: 20
--------------------------------------------------------------------
|               OPTIMIZING CANDIDATE TREE SET                      |
--------------------------------------------------------------------
Iteration 30 / LogL: -17401.034 / Time: 0h:0m:2s (0h:0m:5s left)
Iteration 40 / LogL: -17401.035 / Time: 0h:0m:2s (0h:0m:4s left)
Iteration 50 / LogL: -17401.034 / Time: 0h:0m:3s (0h:0m:3s left)
Iteration 60 / LogL: -17401.143 / Time: 0h:0m:3s (0h:0m:2s left)
Iteration 70 / LogL: -17401.056 / Time: 0h:0m:4s (0h:0m:1s left)
Iteration 80 / LogL: -17401.051 / Time: 0h:0m:4s (0h:0m:1s left)
Iteration 90 / LogL: -17402.605 / Time: 0h:0m:5s (0h:0m:0s left)
Iteration 100 / LogL: -17401.048 / Time: 0h:0m:5s (0h:0m:0s left)
TREE SEARCH COMPLETED AFTER 102 ITERATIONS / Time: 0h:0m:6s

--------------------------------------------------------------------
|                    FINALIZING TREE SEARCH                        |
--------------------------------------------------------------------
Performs final model parameters optimization
Estimate model parameters (epsilon = 0.010)
1. Initial log-likelihood: -17401.031
Optimal log-likelihood: -17401.031
Parameters optimization took 1 rounds (0.004 sec)
BEST SCORE FOUND : -17401.031
Total tree length: 4.592

Total number of iterations: 102
CPU time used for tree search: 46.817 sec (0h:0m:46s)
Wall-clock time used for tree search: 6.033 sec (0h:0m:6s)
Total CPU time used: 47.066 sec (0h:0m:47s)
Total wall-clock time used: 6.075 sec (0h:0m:6s)

Analysis results written to: 
  IQ-TREE report:                /csm_data/spielman_lab/dms_modelselection//simulations/alignments_empirical/HIV_greenalga_rep10_AA.fasta.iqtree
  Maximum-likelihood tree:       /csm_data/spielman_lab/dms_modelselection//simulations/alignments_empirical/HIV_greenalga_rep10_AA.fasta.treefile
  Likelihood distances:          /csm_data/spielman_lab/dms_modelselection//simulations/alignments_empirical/HIV_greenalga_rep10_AA.fasta.mldist
  Screen log file:               /csm_data/spielman_lab/dms_modelselection//simulations/alignments_empirical/HIV_greenalga_rep10_AA.fasta.log

Date and Time: Mon Apr 15 19:27:35 2019
