IQ-TREE multicore version 1.6.7 for Linux 64-bit built Aug 23 2018
Developed by Bui Quang Minh, Nguyen Lam Tung, Olga Chernomor,
Heiko Schmidt, Dominik Schrempf, Michael Woodhams.

Host:    csm-com-010 (AVX2, FMA3, 62 GB RAM)
Command: iqtree -nt 8 -m Blosum62+G4 -s /csm_data/spielman_lab/dms_modelselection//simulations/alignments_empirical/LAC_spiralia_rep1_AA.fasta -st AA -te simulations/true_trees/spiralia.tree
Seed:    947700 (Using SPRNG - Scalable Parallel Random Number Generator)
Time:    Tue Apr 16 18:09:52 2019
Kernel:  AVX+FMA - 8 threads (48 CPU cores detected)

Reading alignment file /csm_data/spielman_lab/dms_modelselection//simulations/alignments_empirical/LAC_spiralia_rep1_AA.fasta ... Fasta format detected
Alignment most likely contains protein sequences
Alignment has 103 sequences with 262 columns, 253 distinct patterns
226 parsimony-informative, 15 singleton sites, 21 constant sites
                                Gap/Ambiguity  Composition  p-value
   1  Adineta_vaga                      0.00%    passed     99.81%
   2  Rotaria_rotatoria                 0.00%    passed     91.70%
   3  Lepadella_patella                 0.00%    passed     99.95%
   4  Brachionus_plicatilis             0.00%    passed     97.93%
   5  Brachionus_manjavacas             0.00%    passed     99.60%
   6  Rhabdopleura_compacta             0.00%    passed    100.00%
   7  Ptychodera_flava                  0.00%    passed    100.00%
   8  SchizocardiumCalif_cl             0.00%    passed     99.99%
   9  Sackow                            0.00%    passed    100.00%
  10  Patmin                            0.00%    passed     99.96%
  11  Parastichopus_parvimensis         0.00%    passed     94.23%
  12  Strpur                            0.00%    passed     99.99%
  13  Florometra_serratissima           0.00%    passed     99.60%
  14  Calmil                            0.00%    passed    100.00%
  15  HUMAN                             0.00%    passed     99.99%
  16  LATCH                             0.00%    passed     99.55%
  17  LEPOC                             0.00%    passed     99.32%
  18  Petromyzon_marins                 0.00%    passed     99.99%
  19  Halocynthia_roretzi               0.00%    passed     95.84%
  20  Molgula_tectiformis               0.00%    passed     99.99%
  21  CIOIN                             0.00%    passed     99.98%
  22  Asymmetron_lucayanum              0.00%    passed     99.99%
  23  BraLan                            0.00%    passed     99.99%
  24  Leucoselenia_complicata           0.00%    passed     99.41%
  25  Sycon_ciliatum                    0.00%    passed     99.68%
  26  Oscarella_carmella                0.00%    passed     86.30%
  27  AMPQE                             0.00%    passed     90.21%
  28  Ephidatia_mulleri                 0.00%    passed     99.52%
  29  NEMVE                             0.00%    passed     99.23%
  30  Acropora_digitifera               0.00%    passed     99.98%
  31  Aurelia_aurita                    0.00%    passed     92.50%
  32  Clytia_hemisphaerica              0.00%    passed     99.89%
  33  Isodiametra_pulchra               0.00%    passed     99.85%
  34  Childia_submaculatum              0.00%    passed     88.44%
  35  Diopisthoporus_gymnopharyngeus    0.00%    passed     99.94%
  36  Hofstenia_miamia                  0.00%    passed     99.64%
  37  Meara_stichopi                    0.00%    passed     99.99%
  38  Nemertoderma_westbladi            0.00%    passed    100.00%
  39  Xenoturbella_profunda             0.00%    passed     99.39%
  40  Xenoturbella_bocki                0.00%    passed     99.90%
  41  TRICA                             0.00%    passed     99.98%
  42  DROME                             0.00%    passed     99.92%
  43  Apis_mellifera                    0.00%    passed     99.94%
  44  Daphnia_pulex                     0.00%    passed     99.96%
  45  Eudigraphis_taiwaniensis          0.00%    passed     99.46%
  46  STRMM                             0.00%    passed     97.70%
  47  Mesobuthus_martensii              0.00%    passed    100.00%
  48  Limulus_polyphemus                0.00%    passed     99.98%
  49  Peripatopsis_capensis             0.00%    passed    100.00%
  50  Enoplus_brevis                    0.00%    passed     99.93%
  51  Romanomermis_culicivorax          0.00%    passed     99.76%
  52  Ramazzottius_varieornatus         0.00%    passed     92.28%
  53  Hypsibius_dujardini               0.00%    passed     97.03%
  54  Priapulus_caudatus                0.00%    passed    100.00%
  55  Halicryptus_spinulosus            0.00%    passed    100.00%
  56  Tubiluchus_corallicola            0.00%    passed    100.00%
  57  Lepidodermella_squamata           0.00%    passed     99.57%
  58  Diuronotus_aspetos                0.00%    passed     87.48%
  59  Macrodasys_sp                     0.00%    passed     99.32%
  60  Megadasys_sp                      0.00%    passed     97.56%
  61  Catenulida_sp                     0.00%    passed     94.71%
  62  Stylochoplana_maculata            0.00%    passed     99.59%
  63  Stylochus_ellipticus              0.00%    passed     97.85%
  64  Macrostomum_lignano               0.00%    passed     95.68%
  65  LOTGI                             0.00%    passed    100.00%
  66  Aplysia_californica               0.00%    passed     99.39%
  67  CRAGI                             0.00%    passed     99.99%
  68  Leptochiton_rugatus               0.00%    passed     99.88%
  69  Neomenia_megatrapezata            0.00%    passed     99.36%
  70  CAPI1                             0.00%    passed     99.36%
  71  Lumbricus_terrestris              0.00%    passed     99.92%
  72  Nephtys_caeca                     0.00%    passed     99.99%
  73  Owenia_fusiformis                 0.00%    passed    100.00%
  74  Lineus_longissimus                0.00%    passed    100.00%
  75  Paranemertes_peregrina            0.00%    passed     98.02%
  76  Malacobdella_grossa               0.00%    passed     99.28%
  77  Tubulanus_polymorphus             0.00%    passed    100.00%
  78  Cephalothrix_linearis             0.00%    passed     99.99%
  79  Hemithiris_psittacea              0.00%    passed     99.99%
  80  Terebratalia_transversa           0.00%    passed     99.97%
  81  Glottidia_pyramidata              0.00%    passed     99.83%
  82  Linana                            0.00%    passed     99.86%
  83  Phoronopsis_harmeri               0.00%    passed    100.00%
  84  Phoronis_vancouverensis           0.00%    passed    100.00%
  85  Phoronis_psammophila              0.00%    passed    100.00%
  86  Membranipora_membranacea          0.00%    passed     99.99%
  87  Bugula_neritina                   0.00%    passed    100.00%
  88  Loxosoma_pectinaricola            0.00%    passed     99.96%
  89  Barentsia_gracilis                0.00%    passed    100.00%
  90  Sagitta_gazellae                  0.00%    passed     99.99%
  91  Sagitta_setosa                    0.00%    passed     99.96%
  92  Pterosagitta_draco                0.00%    passed     99.67%
  93  Sagitta_elegans                   0.00%    passed     99.95%
  94  Sagitta_serratodentata            0.00%    passed     99.87%
  95  Sagitta_hexaptera                 0.00%    passed     99.96%
  96  Krohnitta_sp                      0.00%    passed     99.98%
  97  Paraspadella_ovovivipara          0.00%    passed     99.95%
  98  Pargo1                            0.00%    passed     99.99%
  99  Spadella_cephaloptera             0.00%    passed     99.75%
 100  Eukrohnia_hamata                  0.00%    passed     99.95%
 101  Gnathostomula_paradoxa            0.00%    passed     98.46%
 102  Austrognathia_sp                  0.00%    passed     97.53%
 103  Limnognathia_maerski              0.00%    passed     99.87%
****  TOTAL                             0.00%  0 sequences failed composition chi2 test (p-value<5%; df=19)
Reading input tree file simulations/true_trees/spiralia.tree ...

NOTE: 17 MB RAM (0 GB) is required!
Estimate model parameters (epsilon = 0.010)
1. Initial log-likelihood: -16720.602
2. Current log-likelihood: -16578.967
3. Current log-likelihood: -16546.917
4. Current log-likelihood: -16538.303
5. Current log-likelihood: -16537.339
6. Current log-likelihood: -16537.227
Optimal log-likelihood: -16537.216
Gamma shape alpha: 1.292
Parameters optimization took 6 rounds (0.442 sec)
BEST SCORE FOUND : -16537.216
Total tree length: 12.426

Total number of iterations: 0
CPU time used for tree search: 0.000 sec (0h:0m:0s)
Wall-clock time used for tree search: 0.000 sec (0h:0m:0s)
Total CPU time used: 3.561 sec (0h:0m:3s)
Total wall-clock time used: 0.457 sec (0h:0m:0s)

Analysis results written to: 
  IQ-TREE report:                /csm_data/spielman_lab/dms_modelselection//simulations/alignments_empirical/LAC_spiralia_rep1_AA.fasta.iqtree
  Maximum-likelihood tree:       /csm_data/spielman_lab/dms_modelselection//simulations/alignments_empirical/LAC_spiralia_rep1_AA.fasta.treefile
  Screen log file:               /csm_data/spielman_lab/dms_modelselection//simulations/alignments_empirical/LAC_spiralia_rep1_AA.fasta.log

Date and Time: Tue Apr 16 18:09:53 2019
