IQ-TREE multicore version 1.6.7 for Linux 64-bit built Aug 23 2018
Developed by Bui Quang Minh, Nguyen Lam Tung, Olga Chernomor,
Heiko Schmidt, Dominik Schrempf, Michael Woodhams.

Host:    csm-com-010 (AVX2, FMA3, 62 GB RAM)
Command: iqtree -nt 8 -m mtMet+F -s /csm_data/spielman_lab/dms_modelselection//simulations/alignments_empirical/LAC_ruhfel_rep1_AA.fasta -st AA
Seed:    592450 (Using SPRNG - Scalable Parallel Random Number Generator)
Time:    Tue Apr 16 15:04:19 2019
Kernel:  AVX+FMA - 8 threads (48 CPU cores detected)

Reading alignment file /csm_data/spielman_lab/dms_modelselection//simulations/alignments_empirical/LAC_ruhfel_rep1_AA.fasta ... Fasta format detected
Alignment most likely contains protein sequences
Alignment has 360 sequences with 262 columns, 262 distinct patterns
242 parsimony-informative, 13 singleton sites, 7 constant sites
                                  Gap/Ambiguity  Composition  p-value
   1  Keteleeria_davidiana                0.00%    passed     99.36%
   2  Abies_firma                         0.00%    passed     98.84%
   3  Abolboda_macrostachya               0.00%    passed     99.89%
   4  Cyperus_alternifolius               0.00%    passed     99.92%
   5  Juncus_effusus                      0.00%    passed     99.82%
   6  Thurnia_sphaerocephala              0.00%    passed     99.71%
   7  Acidosasa_purpurea                  0.00%    passed     98.59%
   8  Ferrocalamus_rimosivaginus          0.00%    passed     98.59%
   9  Indocalamus_longiauritus            0.00%    passed     98.59%
  10  Phyllostachys_edulis                0.00%    passed     98.59%
  11  Phyllostachys_nigra                 0.00%    passed     98.59%
  12  Phyllostachys_propinqua             0.00%    passed     98.59%
  13  Bambusa_emeiensis                   0.00%    passed     99.16%
  14  Bambusa_oldhamii                    0.00%    passed     99.16%
  15  Dendrocalamus_latiflorus            0.00%    passed     99.28%
  16  Agrostis_stolonifera                0.00%    passed     98.95%
  17  Festuca_arundinacea                 0.00%    passed     86.51%
  18  Lolium_perenne                      0.00%    passed     98.71%
  19  Hordeum_vulgare                     0.00%    passed     99.49%
  20  Triticum_aestivum                   0.00%    passed     98.87%
  21  Brachypodium_distachyon             0.00%    passed     97.61%
  22  Leersia_tisserantii                 0.00%    passed     99.31%
  23  Oryza_australiensis                 0.00%    passed     99.39%
  24  Oryza_meridionalis                  0.00%    passed     98.52%
  25  Oryza_rufipogonB                    0.00%    passed     98.52%
  26  Oryza_nivara                        0.00%    passed     98.52%
  27  Oryza_rufipogonA                    0.00%    passed     98.52%
  28  Oryza_sativaIndica                  0.00%    passed     98.52%
  29  Oryza_sativaJaponica                0.00%    passed     99.31%
  30  Potamophila_parviflora              0.00%    passed     98.32%
  31  Rhynchoryza_subulata                0.00%    passed     99.61%
  32  Microlaena_stipoides                0.00%    passed     97.97%
  33  Coix_lacryma                        0.00%    passed     99.31%
  34  Saccharum_hybrid310                 0.00%    passed     99.65%
  35  Sorghum_bicolor                     0.00%    passed     99.95%
  36  Zea_mays                            0.00%    passed     98.95%
  37  Panicum_virgatum                    0.00%    passed     97.42%
  38  Eleusine_coracana                   0.00%    passed     94.31%
  39  Puelia_olyriformis                  0.00%    passed     99.23%
  40  Anomochloa_marantoidea              0.00%    passed     98.32%
  41  Streptochaeta_angustifolia          0.00%    passed     99.99%
  42  Ecdeiocolea_monostachya             0.00%    passed     96.56%
  43  Georgeantha_hexandra                0.00%    passed     88.69%
  44  Joinvillea_ascendens                0.00%    passed     99.59%
  45  Flagellaria_indica                  0.00%    passed    100.00%
  46  Centrolepis_monogyna                0.00%    passed     99.83%
  47  Thamnochortus_insignis              0.00%    passed     99.88%
  48  Mayaca_fluviatilis                  0.00%    passed     99.72%
  49  Syngonanthus_chrysanthus            0.00%    passed     97.70%
  50  Potarophytum_riparium               0.00%    passed     99.96%
  51  Sparganium_eurycarpum               0.00%    passed    100.00%
  52  Typha_latifolia                     0.00%    passed     99.96%
  53  Brocchinia_micrantha                0.00%    passed    100.00%
  54  Fosterella_caulescens               0.00%    passed    100.00%
  55  Pitcairnia_feliciana                0.00%    passed    100.00%
  56  Neoregelia_carolinae                0.00%    passed    100.00%
  57  Puya_laxa                           0.00%    passed    100.00%
  58  Navia_saxicola                      0.00%    passed    100.00%
  59  Belosynapsis_ciliata                0.00%    passed    100.00%
  60  Tradescantia_ohiensis               0.00%    passed    100.00%
  61  Musa_acuminata                      0.00%    passed     99.99%
  62  Renealmia_alpinia                   0.00%    passed     99.85%
  63  Chamaedorea_seifrizii               0.00%    passed    100.00%
  64  Elaeis_oleifera                     0.00%    passed    100.00%
  65  Ravenea_hildebrandtii               0.00%    passed    100.00%
  66  Phoenix_dactylifera                 0.00%    passed    100.00%
  67  Dasypogon_bromeliifolius            0.00%    passed    100.00%
  68  Kingia_australis                    0.00%    passed    100.00%
  69  Agapanthus_praecox                  0.00%    passed    100.00%
  70  Albuca_kirkii                       0.00%    passed    100.00%
  71  Chlorophytum_rhizopendulum          0.00%    passed     99.98%
  72  Hesperaloe_parviflora               0.00%    passed    100.00%
  73  Yucca_schidigera                    0.00%    passed    100.00%
  74  Hosta_ventricosa                    0.00%    passed    100.00%
  75  Asparagus_officinalis               0.00%    passed     99.85%
  76  Lomandra_longifolia                 0.00%    passed     99.98%
  77  Nolina_atopocarpa                   0.00%    passed    100.00%
  78  Phormium_tenax                      0.00%    passed    100.00%
  79  Iris_virginica                      0.00%    passed     99.99%
  80  Curculigo_capitulata                0.00%    passed    100.00%
  81  Neoastelia_spectabilis              0.00%    passed     99.99%
  82  Apostasia_wallichii                 0.00%    passed     99.90%
  83  Neottia_nidus                       0.00%    passed    100.00%
  84  Rhizanthella_gardneri               0.00%    passed     99.76%
  85  Oncidium_Gower                      0.00%    passed     99.85%
  86  Phalaenopsis_aphrodite              0.00%    passed     99.59%
  87  Dioscorea_elephantipes              0.00%    passed    100.00%
  88  Pandanus_utilis                     0.00%    passed     99.96%
  89  Lilium_superbum                     0.00%    passed     99.98%
  90  Colocasia_esculenta                 0.00%    passed    100.00%
  91  Lemna_minor                         0.00%    passed    100.00%
  92  Wolffia_australiana                 0.00%    passed     99.97%
  93  Wolffiella_lingulata                0.00%    passed     99.88%
  94  Spirodela_polyrhiza                 0.00%    passed    100.00%
  95  Acorus_americanus                   0.00%    passed    100.00%
  96  Acorus_calamus                      0.00%    passed    100.00%
  97  Ceratophyllum_demersum              0.00%    passed     99.99%
  98  Piper_cenocladum                    0.00%    passed    100.00%
  99  Aethionema_cordifolium              0.00%    passed     99.99%
 100  Aethionema_grandiflorum             0.00%    passed    100.00%
 101  Arabidopsis_thaliana                0.00%    passed    100.00%
 102  Capsella_bursa                      0.00%    passed    100.00%
 103  Olimarabidopsis_pumila              0.00%    passed    100.00%
 104  Crucihimalaya_wallichii             0.00%    passed    100.00%
 105  Barbarea_verna                      0.00%    passed    100.00%
 106  Nasturtium_officinale               0.00%    passed    100.00%
 107  Lepidium_virginicum                 0.00%    passed    100.00%
 108  Arabis_hirsuta                      0.00%    passed    100.00%
 109  Draba_nemorosa                      0.00%    passed    100.00%
 110  Lobularia_maritima                  0.00%    passed    100.00%
 111  Carica_papaya                       0.00%    passed    100.00%
 112  Gossypium_arboreum                  0.00%    passed    100.00%
 113  Gossypium_herbaceum                 0.00%    passed    100.00%
 114  Gossypium_thurberi                  0.00%    passed    100.00%
 115  Gossypium_barbadense                0.00%    passed    100.00%
 116  Gossypium_tomentosum                0.00%    passed    100.00%
 117  Gossypium_darwinii                  0.00%    passed    100.00%
 118  Gossypium_hirsutum                  0.00%    passed    100.00%
 119  Gossypium_mustelinum                0.00%    passed    100.00%
 120  Gossypium_raimondii                 0.00%    passed    100.00%
 121  Theobroma_cacao                     0.00%    passed     99.98%
 122  Citrus_sinensis                     0.00%    passed    100.00%
 123  Staphylea_colchica                  0.00%    passed    100.00%
 124  Bulnesia_arborea                    0.00%    passed    100.00%
 125  Erodium_carvifolium                 0.00%    passed     97.10%
 126  Erodium_texanum                     0.00%    passed     95.62%
 127  Geranium_palmatum                   0.00%    passed     99.19%
 128  Monsonia_speciosa                   0.00%    passed    100.00%
 129  Pelargonium_x                       0.00%    passed     98.91%
 130  Eucalyptus_globulus                 0.00%    passed    100.00%
 131  Eucalyptus_grandis                  0.00%    passed    100.00%
 132  Oenothera_argillicola               0.00%    passed     99.69%
 133  Oenothera_parviflora                0.00%    passed     99.69%
 134  Oenothera_biennis                   0.00%    passed     99.25%
 135  Oenothera_elata                     0.00%    passed     99.25%
 136  Oenothera_glazioviana               0.00%    passed     99.25%
 137  Castanea_mollissima                 0.00%    passed    100.00%
 138  Quercus_nigra                       0.00%    passed    100.00%
 139  Ficus_sp                            0.00%    passed     99.98%
 140  Morus_indica                        0.00%    passed     99.99%
 141  Fragaria_vesca                      0.00%    passed    100.00%
 142  Pentactina_rupicola                 0.00%    passed    100.00%
 143  Pyrus_pyrifolia                     0.00%    passed    100.00%
 144  Prunus_persica                      0.00%    passed    100.00%
 145  Cicer_arietinum                     0.00%    passed     99.96%
 146  Lathyrus_sativus                    0.00%    passed    100.00%
 147  Pisum_sativum                       0.00%    passed    100.00%
 148  Trifolium_subterraneum              0.00%    passed     99.98%
 149  Medicago_truncatula                 0.00%    passed     99.54%
 150  Lotus_japonicus                     0.00%    passed    100.00%
 151  Glycine_max                         0.00%    passed    100.00%
 152  Phaseolus_vulgaris                  0.00%    passed     99.99%
 153  Vigna_radiata                       0.00%    passed    100.00%
 154  Millettia_pinnata                   0.00%    passed    100.00%
 155  Corynocarpus_laevigata              0.00%    passed    100.00%
 156  Cucumis_melo                        0.00%    passed     99.94%
 157  Cucumis_sativus                     0.00%    passed     99.99%
 158  Euonymus_americanus                 0.00%    passed     99.99%
 159  Oxalis_latifolia                    0.00%    passed     99.99%
 160  Hevea_brasiliensis                  0.00%    passed    100.00%
 161  Manihot_esculenta                   0.00%    passed    100.00%
 162  Ricinus_communis                    0.00%    passed    100.00%
 163  Jatropha_curcas                     0.00%    passed    100.00%
 164  Passiflora_biflora                  0.00%    passed     99.80%
 165  Populus_alba                        0.00%    passed     99.99%
 166  Populus_trichocarpa                 0.00%    passed     99.99%
 167  Heuchera_sanguinea                  0.00%    passed    100.00%
 168  Liquidambar_styraciflua             0.00%    passed    100.00%
 169  Vitis_vinifera                      0.00%    passed    100.00%
 170  Dillenia_indica                     0.00%    passed    100.00%
 171  Ageratina_adenophora                0.00%    passed     99.95%
 172  Helianthus_annuus                   0.00%    passed     99.99%
 173  Parthenium_argentatum               0.00%    passed     99.97%
 174  Guizotia_abyssinica                 0.00%    passed     99.98%
 175  Jacobaea_vulgaris                   0.00%    passed     99.99%
 176  Lactuca_sativa                      0.00%    passed     99.98%
 177  Scaevola_aemula                     0.00%    passed     99.78%
 178  Trachelium_caeruleum                0.00%    passed     99.92%
 179  Anethum_graveolens                  0.00%    passed    100.00%
 180  Petroselinum_crispum                0.00%    passed    100.00%
 181  Crithmum_maritimum                  0.00%    passed     99.99%
 182  Anthriscus_cerefolium               0.00%    passed    100.00%
 183  Daucus_carota                       0.00%    passed     99.99%
 184  Oxypolis_greenmanii                 0.00%    passed    100.00%
 185  Eleutherococcus_senticosus          0.00%    passed    100.00%
 186  Panax_ginseng                       0.00%    passed    100.00%
 187  Hydrocotyle_sp                      0.00%    passed    100.00%
 188  Lonicera_japonica                   0.00%    passed    100.00%
 189  Ilex_cornuta                        0.00%    passed    100.00%
 190  Antirrhinum_majus                   0.00%    passed     99.97%
 191  Epifagus_virginiana                 0.00%    passed     96.07%
 192  Boea_hygrometrica                   0.00%    passed     99.83%
 193  Sesamum_indicum                     0.00%    passed     99.98%
 194  Jasminum_nudiflorum                 0.00%    passed     99.96%
 195  Olea_europaeacuspi                  0.00%    passed     99.98%
 196  Olea_europaeaeuro                   0.00%    passed     99.98%
 197  Olea_europaeamaro                   0.00%    passed     99.98%
 198  Olea_woodiana                       0.00%    passed     99.95%
 199  Atropa_belladonna                   0.00%    passed    100.00%
 200  Solanum_bulbocastanum               0.00%    passed    100.00%
 201  Solanum_tuberosum                   0.00%    passed    100.00%
 202  Solanum_lycopersicum                0.00%    passed    100.00%
 203  Nicotiana_sylvestris                0.00%    passed    100.00%
 204  Nicotiana_tabacum                   0.00%    passed    100.00%
 205  Nicotiana_tomentosiformis           0.00%    passed    100.00%
 206  Nicotiana_undulata                  0.00%    passed    100.00%
 207  Cuscuta_exaltata                    0.00%    passed     99.08%
 208  Cuscuta_reflexa                     0.00%    passed     88.85%
 209  Cuscuta_gronovii                    0.00%    passed     99.19%
 210  Cuscuta_obtusiflora                 0.00%    passed     99.91%
 211  Ipomoea_purpurea                    0.00%    passed     98.50%
 212  Coffea_arabica                      0.00%    passed     99.96%
 213  Nerium_oleander                     0.00%    passed     99.98%
 214  Ehretia_acuminata                   0.00%    passed     99.87%
 215  Aucuba_japonica                     0.00%    passed     99.99%
 216  Arbutus_unedo                       0.00%    passed    100.00%
 217  Rhododendron_simsii                 0.00%    passed     99.68%
 218  Franklinia_alatamaha                0.00%    passed    100.00%
 219  Cornus_florida                      0.00%    passed    100.00%
 220  Davidia_involucrata                 0.00%    passed     99.99%
 221  Anredera_baselloides                0.00%    passed     99.99%
 222  Blossfeldia_liliputana              0.00%    passed     99.61%
 223  Weingartia_kargliana                0.00%    passed     93.40%
 224  Opuntia_decumbens                   0.00%    passed     99.58%
 225  Pereskiopsis_diguetii               0.00%    passed     99.58%
 226  Maihuenia_poeppigii                 0.00%    passed     99.62%
 227  Pereskia_sacharosa                  0.00%    passed     99.70%
 228  Portulaca_oleracea                  0.00%    passed     99.81%
 229  Didierea_madagascariensis           0.00%    passed     99.83%
 230  Portulacaria_afra                   0.00%    passed    100.00%
 231  Mollugo_verticillata                0.00%    passed     96.60%
 232  Silene_conica                       0.00%    passed     99.92%
 233  Silene_noctiflora                   0.00%    passed     99.81%
 234  Silene_latifolia                    0.00%    passed     99.86%
 235  Silene_vulgaris                     0.00%    passed     99.42%
 236  Spinacia_oleracea                   0.00%    passed     92.52%
 237  Fagopyrum_esculentum                0.00%    passed     99.97%
 238  Plumbago_auriculata                 0.00%    passed     99.96%
 239  Berberidopsis_corallina             0.00%    passed    100.00%
 240  Phoradendron_serotinum              0.00%    passed     99.98%
 241  Ximenia_americana                   0.00%    passed     99.99%
 242  Gunnera_manicata                    0.00%    passed    100.00%
 243  Buxus_microphylla                   0.00%    passed    100.00%
 244  Trochodendron_aralioides            0.00%    passed    100.00%
 245  Meliosma_aff_cuneifolia             0.00%    passed    100.00%
 246  Nelumbo_lutea                       0.00%    passed    100.00%
 247  Nelumbo_nuciferaNC                  0.00%    passed    100.00%
 248  Platanus_occidentalis               0.00%    passed    100.00%
 249  Megaleranthis_saniculifolia         0.00%    passed     99.90%
 250  Ranunculus_macranthus               0.00%    passed     99.86%
 251  Nandina_domestica                   0.00%    passed    100.00%
 252  Calycanthus_floridus                0.00%    passed    100.00%
 253  Liriodendron_tulipifera             0.00%    passed    100.00%
 254  Magnolia_kwangsiensis               0.00%    passed    100.00%
 255  Drimys_granadensis                  0.00%    passed    100.00%
 256  Chloranthus_spicatus                0.00%    passed    100.00%
 257  Illicium_oligandrum                 0.00%    passed     99.99%
 258  Nuphar_advena                       0.00%    passed     99.92%
 259  Nymphaea_alba                       0.00%    passed     99.98%
 260  Amborella_trichopoda                0.00%    passed    100.00%
 261  Adiantum_capillus                   0.00%    passed     10.96%
 262  Cheilanthes_lindheimeri             0.00%    passed      7.59%
 263  Pteridium_aquilinum                 0.00%    passed     26.75%
 264  Alsophila_spinulosa                 0.00%    passed     65.52%
 265  Angiopteris_evecta                  0.00%    passed     89.15%
 266  Equisetum_arvense                   0.00%    passed     99.98%
 267  Psilotum_nudum                      0.00%    passed     89.91%
 268  Aneura_mirabilis                    0.00%    passed     94.38%
 269  Ptilidium_pulcherrimum              0.00%    passed     97.35%
 270  Marchantia_polymorpha               0.00%    passed     93.16%
 271  Physcomitrella_patens               0.00%    passed     93.28%
 272  Syntrichia_ruralis                  0.00%    passed     99.00%
 273  Bryopsis_hypnoides                  0.00%    passed     11.52%
 274  Chlamydomonas_reinhardtii           0.00%    failed      0.57%
 275  Volvox_carteri                      0.00%    failed      4.01%
 276  Dunaliella_salina                   0.00%    passed     37.47%
 277  Scenedesmus_obliquus                0.00%    passed     90.76%
 278  Floydiella_terrestris               0.00%    passed     11.05%
 279  Schizomeris_leibleinii              0.00%    passed     37.56%
 280  Stigeoclonium_helveticum            0.00%    passed     73.01%
 281  Oedogonium_cardiacum                0.00%    passed      9.04%
 282  Chlorella_variabilis                0.00%    passed     80.91%
 283  Chlorella_vulgaris                  0.00%    passed     80.88%
 284  Parachlorella_kessleri              0.00%    passed     61.50%
 285  Helicosporidium_sp                  0.00%    passed     65.01%
 286  Pedinomonas_minor                   0.00%    passed     49.94%
 287  Oltmannsiellopsis_viridis           0.00%    passed     91.13%
 288  Pseudendoclonium_akinetum           0.00%    passed     82.53%
 289  Coccomyxa_sp                        0.00%    passed     90.46%
 290  Leptosira_terrestris                0.00%    passed     19.63%
 291  Oocystis_solitaria                  0.00%    passed     39.14%
 292  Micromonas_pusilla                  0.00%    passed     37.14%
 293  Micromonas_sp                       0.00%    passed     39.48%
 294  Ostreococcus_tauri                  0.00%    passed     90.85%
 295  Monomastix_sp                       0.00%    passed     97.35%
 296  Pyramimonas_parkeae                 0.00%    passed     88.69%
 297  Pycnococcus_provasolii              0.00%    passed     32.08%
 298  Nephroselmis_olivacea               0.00%    passed     88.25%
 299  Chlorokybus_atmophyticus            0.00%    passed     96.37%
 300  Mesostigma_viride                   0.00%    passed     93.42%
 301  Chara_vulgaris                      0.00%    passed     45.28%
 302  Chaetosphaeridium_globosum          0.00%    passed     92.17%
 303  Staurastrum_punctulatum             0.00%    passed     75.40%
 304  Zygnema_circumcarinatum             0.00%    passed     73.76%
 305  Anthoceros_formosae                 0.00%    passed     89.23%
 306  Huperzia_lucidula                   0.00%    passed     43.99%
 307  Isoetes_flaccida                    0.00%    passed     95.04%
 308  Selaginella_moellendorffii          0.00%    passed     50.36%
 309  Selaginella_uncinata                0.00%    passed     15.57%
 310  Cycas_micronesica                   0.00%    passed     96.97%
 311  Cycas_taitungensis                  0.00%    passed     96.97%
 312  Ginkgo_biloba                       0.00%    passed     99.64%
 313  Agathis_australis                   0.00%    passed     98.00%
 314  Halocarpus_kirkii                   0.00%    passed     92.49%
 315  Podocarpus_totara                   0.00%    passed     99.84%
 316  Cephalotaxus_wilsoniana             0.00%    passed     81.23%
 317  Cryptomeria_japonica                0.00%    passed     99.47%
 318  Taiwania_cryptomerioides            0.00%    passed     97.79%
 319  Ephedra_equisetina                  0.00%    passed     91.34%
 320  Gnetum_parvifolium                  0.00%    passed     81.17%
 321  Welwitschia_mirabilis               0.00%    passed     90.97%
 322  Cedrus_deodaraNC                    0.00%    passed     99.58%
 323  Cathaya_argyrophylla                0.00%    passed     90.23%
 324  Pinus_albicaulis                    0.00%    passed     93.21%
 325  Pinus_armandii                      0.00%    passed     93.21%
 326  Pinus_cembra                        0.00%    passed     93.21%
 327  Pinus_sibirica                      0.00%    passed     93.21%
 328  Pinus_koraiensis                    0.00%    passed     93.21%
 329  Pinus_lambertiana                   0.00%    passed     93.21%
 330  Pinus_parviflora_var_pentaphylla    0.00%    passed     93.21%
 331  Pinus_monticola                     0.00%    passed     93.21%
 332  Pinus_peuce                         0.00%    passed     91.59%
 333  Pinus_ayacahuite                    0.00%    passed     93.21%
 334  Pinus_flexilis                      0.00%    passed     93.21%
 335  Pinus_strobus                       0.00%    passed     95.04%
 336  Pinus_krempfii                      0.00%    passed     94.17%
 337  Pinus_gerardiana                    0.00%    passed     90.43%
 338  Pinus_squamata                      0.00%    passed     90.43%
 339  Pinus_aristata                      0.00%    passed     93.24%
 340  Pinus_nelsonii                      0.00%    passed     89.77%
 341  Pinus_monophylla                    0.00%    passed     93.06%
 342  Pinus_rzedowskii                    0.00%    passed     83.01%
 343  Pinus_attenuata                     0.00%    passed     95.87%
 344  Pinus_leiophylla_var_chihuahuana    0.00%    passed     94.45%
 345  Pinus_taeda                         0.00%    passed     95.94%
 346  Pinus_ponderosa                     0.00%    passed     95.87%
 347  Pinus_torreyana_subsp_insularis     0.00%    passed     95.87%
 348  Pinus_torreyana_subsp_torreyana     0.00%    passed     95.87%
 349  Pinus_banksiana                     0.00%    passed     97.97%
 350  Pinus_contorta                      0.00%    passed     97.88%
 351  Pinus_canariensis                   0.00%    passed     95.95%
 352  Pinus_pinaster                      0.00%    passed     94.82%
 353  Pinus_merkusii                      0.00%    passed     94.26%
 354  Pinus_resinosa                      0.00%    passed     95.00%
 355  Pinus_thunbergiiNC                  0.00%    passed     92.22%
 356  Picea_morrisonicola                 0.00%    passed     96.33%
 357  Picea_sitchensis                    0.00%    passed     93.21%
 358  Larix_decidua                       0.00%    passed     99.07%
 359  Larix_occidentalis                  0.00%    passed     99.33%
 360  Pseudotsuga_sinensis                0.00%    passed     98.76%
****  TOTAL                               0.00%  2 sequences failed composition chi2 test (p-value<5%; df=19)
NOTE: Ferrocalamus_rimosivaginus is identical to Acidosasa_purpurea but kept for subsequent analysis
NOTE: Oryza_rufipogonB is identical to Oryza_meridionalis but kept for subsequent analysis
NOTE: Gossypium_herbaceum is identical to Gossypium_arboreum but kept for subsequent analysis
NOTE: Oenothera_parviflora is identical to Oenothera_argillicola but kept for subsequent analysis
NOTE: Oenothera_elata is identical to Oenothera_biennis but kept for subsequent analysis
NOTE: Quercus_nigra is identical to Castanea_mollissima but kept for subsequent analysis
NOTE: Populus_trichocarpa is identical to Populus_alba but kept for subsequent analysis
NOTE: Olea_europaeaeuro is identical to Olea_europaeacuspi but kept for subsequent analysis
NOTE: Solanum_lycopersicum is identical to Solanum_tuberosum but kept for subsequent analysis
NOTE: Nicotiana_tabacum is identical to Nicotiana_sylvestris but kept for subsequent analysis
NOTE: Cycas_taitungensis is identical to Cycas_micronesica but kept for subsequent analysis
NOTE: Pinus_armandii is identical to Pinus_albicaulis but kept for subsequent analysis
NOTE: Pinus_squamata is identical to Pinus_gerardiana but kept for subsequent analysis
NOTE: Pinus_ponderosa is identical to Pinus_attenuata but kept for subsequent analysis
NOTE: 23 identical sequences (see below) will be ignored for subsequent analysis
NOTE: Indocalamus_longiauritus (identical to Acidosasa_purpurea) is ignored but added at the end
NOTE: Phyllostachys_edulis (identical to Acidosasa_purpurea) is ignored but added at the end
NOTE: Phyllostachys_nigra (identical to Acidosasa_purpurea) is ignored but added at the end
NOTE: Phyllostachys_propinqua (identical to Acidosasa_purpurea) is ignored but added at the end
NOTE: Oryza_nivara (identical to Oryza_meridionalis) is ignored but added at the end
NOTE: Oryza_rufipogonA (identical to Oryza_meridionalis) is ignored but added at the end
NOTE: Oryza_sativaIndica (identical to Oryza_meridionalis) is ignored but added at the end
NOTE: Gossypium_tomentosum (identical to Gossypium_arboreum) is ignored but added at the end
NOTE: Gossypium_darwinii (identical to Gossypium_arboreum) is ignored but added at the end
NOTE: Gossypium_hirsutum (identical to Gossypium_arboreum) is ignored but added at the end
NOTE: Gossypium_mustelinum (identical to Gossypium_arboreum) is ignored but added at the end
NOTE: Oenothera_glazioviana (identical to Oenothera_biennis) is ignored but added at the end
NOTE: Olea_europaeamaro (identical to Olea_europaeacuspi) is ignored but added at the end
NOTE: Pinus_cembra (identical to Pinus_albicaulis) is ignored but added at the end
NOTE: Pinus_sibirica (identical to Pinus_albicaulis) is ignored but added at the end
NOTE: Pinus_koraiensis (identical to Pinus_albicaulis) is ignored but added at the end
NOTE: Pinus_lambertiana (identical to Pinus_albicaulis) is ignored but added at the end
NOTE: Pinus_parviflora_var_pentaphylla (identical to Pinus_albicaulis) is ignored but added at the end
NOTE: Pinus_monticola (identical to Pinus_albicaulis) is ignored but added at the end
NOTE: Pinus_ayacahuite (identical to Pinus_albicaulis) is ignored but added at the end
NOTE: Pinus_flexilis (identical to Pinus_albicaulis) is ignored but added at the end
NOTE: Pinus_torreyana_subsp_insularis (identical to Pinus_attenuata) is ignored but added at the end
NOTE: Pinus_torreyana_subsp_torreyana (identical to Pinus_attenuata) is ignored but added at the end

For your convenience alignment with unique sequences printed to /csm_data/spielman_lab/dms_modelselection//simulations/alignments_empirical/LAC_ruhfel_rep1_AA.fasta.uniqueseq.phy

Create initial parsimony tree by phylogenetic likelihood library (PLL)... 0.138 seconds

NOTE: 14 MB RAM (0 GB) is required!
Estimate model parameters (epsilon = 0.100)
1. Initial log-likelihood: -39411.075
Optimal log-likelihood: -39098.089
Parameters optimization took 1 rounds (0.131 sec)
Computing ML distances based on estimated model parameters... 9.678 sec
Computing BIONJ tree...
0.123 seconds
Log-likelihood of BIONJ tree: -39170.302
--------------------------------------------------------------------
|             INITIALIZING CANDIDATE TREE SET                      |
--------------------------------------------------------------------
Generating 98 parsimony trees... 12.766 second
Computing log-likelihood of 98 initial trees ... 8.339 seconds
Current best score: -39062.085

Do NNI search on 20 best initial trees
Estimate model parameters (epsilon = 0.100)
BETTER TREE FOUND at iteration 1: -39039.321
Estimate model parameters (epsilon = 0.100)
BETTER TREE FOUND at iteration 2: -39035.844
Estimate model parameters (epsilon = 0.100)
BETTER TREE FOUND at iteration 3: -39035.076
Iteration 10 / LogL: -39051.847 / Time: 0h:0m:27s
Estimate model parameters (epsilon = 0.100)
BETTER TREE FOUND at iteration 19: -39031.390
Iteration 20 / LogL: -39050.302 / Time: 0h:0m:32s
Finish initializing candidate tree set (20)
Current best tree score: -39031.390 / CPU time: 30.314
Number of iterations: 20
--------------------------------------------------------------------
|               OPTIMIZING CANDIDATE TREE SET                      |
--------------------------------------------------------------------
Iteration 30 / LogL: -39036.724 / Time: 0h:0m:40s (0h:2m:3s left)
Estimate model parameters (epsilon = 0.100)
BETTER TREE FOUND at iteration 38: -39025.978
Iteration 40 / LogL: -39049.339 / Time: 0h:0m:48s (0h:2m:1s left)
Iteration 50 / LogL: -39106.493 / Time: 0h:0m:57s (0h:1m:42s left)
Estimate model parameters (epsilon = 0.100)
BETTER TREE FOUND at iteration 59: -39025.915
Iteration 60 / LogL: -39028.393 / Time: 0h:1m:5s (0h:1m:49s left)
Iteration 70 / LogL: -39046.966 / Time: 0h:1m:13s (0h:1m:34s left)
Iteration 80 / LogL: -39034.494 / Time: 0h:1m:21s (0h:1m:21s left)
BETTER TREE FOUND at iteration 81: -39025.915
Iteration 90 / LogL: -39039.906 / Time: 0h:1m:29s (0h:1m:31s left)
BETTER TREE FOUND at iteration 99: -39025.910
Iteration 100 / LogL: -39030.904 / Time: 0h:1m:38s (0h:1m:37s left)
Iteration 110 / LogL: -39116.594 / Time: 0h:1m:46s (0h:1m:26s left)
Iteration 120 / LogL: -39026.200 / Time: 0h:1m:54s (0h:1m:15s left)
Iteration 130 / LogL: -39035.323 / Time: 0h:2m:2s (0h:1m:5s left)
Iteration 140 / LogL: -39047.077 / Time: 0h:2m:10s (0h:0m:55s left)
BETTER TREE FOUND at iteration 141: -39025.910
Iteration 150 / LogL: -39025.979 / Time: 0h:2m:18s (0h:1m:24s left)
BETTER TREE FOUND at iteration 160: -39025.908
Iteration 160 / LogL: -39025.908 / Time: 0h:2m:25s (0h:1m:31s left)
Iteration 170 / LogL: -39026.916 / Time: 0h:2m:33s (0h:1m:21s left)
Iteration 180 / LogL: -39034.296 / Time: 0h:2m:41s (0h:1m:12s left)
Iteration 190 / LogL: -39029.829 / Time: 0h:2m:49s (0h:1m:2s left)
Iteration 200 / LogL: -39032.036 / Time: 0h:2m:56s (0h:0m:53s left)
Iteration 210 / LogL: -39025.974 / Time: 0h:3m:4s (0h:0m:44s left)
Iteration 220 / LogL: -39030.920 / Time: 0h:3m:12s (0h:0m:35s left)
Iteration 230 / LogL: -39026.888 / Time: 0h:3m:20s (0h:0m:26s left)
Iteration 240 / LogL: -39058.012 / Time: 0h:3m:28s (0h:0m:17s left)
Iteration 250 / LogL: -39038.755 / Time: 0h:3m:36s (0h:0m:8s left)
Iteration 260 / LogL: -39025.927 / Time: 0h:3m:43s (0h:0m:0s left)
TREE SEARCH COMPLETED AFTER 261 ITERATIONS / Time: 0h:3m:44s

--------------------------------------------------------------------
|                    FINALIZING TREE SEARCH                        |
--------------------------------------------------------------------
Performs final model parameters optimization
Estimate model parameters (epsilon = 0.010)
1. Initial log-likelihood: -39025.908
Optimal log-likelihood: -39025.908
Parameters optimization took 1 rounds (0.036 sec)
BEST SCORE FOUND : -39025.908
Total tree length: 30.756

Total number of iterations: 261
CPU time used for tree search: 1690.661 sec (0h:28m:10s)
Wall-clock time used for tree search: 223.000 sec (0h:3m:42s)
Total CPU time used: 1703.702 sec (0h:28m:23s)
Total wall-clock time used: 224.871 sec (0h:3m:44s)

Analysis results written to: 
  IQ-TREE report:                /csm_data/spielman_lab/dms_modelselection//simulations/alignments_empirical/LAC_ruhfel_rep1_AA.fasta.iqtree
  Maximum-likelihood tree:       /csm_data/spielman_lab/dms_modelselection//simulations/alignments_empirical/LAC_ruhfel_rep1_AA.fasta.treefile
  Likelihood distances:          /csm_data/spielman_lab/dms_modelselection//simulations/alignments_empirical/LAC_ruhfel_rep1_AA.fasta.mldist
  Screen log file:               /csm_data/spielman_lab/dms_modelselection//simulations/alignments_empirical/LAC_ruhfel_rep1_AA.fasta.log

Date and Time: Tue Apr 16 15:08:04 2019
