IQ-TREE multicore version 1.6.7 for Linux 64-bit built Aug 23 2018
Developed by Bui Quang Minh, Nguyen Lam Tung, Olga Chernomor,
Heiko Schmidt, Dominik Schrempf, Michael Woodhams.

Host:    csm-com-004 (AVX2, FMA3, 62 GB RAM)
Command: iqtree -nt 8 -m JTT+F+I+G4 -s /csm_data/spielman_lab/dms_modelselection//simulations/alignments_empirical/LAC_salichos_rep7_AA.fasta -st AA
Seed:    32486 (Using SPRNG - Scalable Parallel Random Number Generator)
Time:    Tue Apr 16 17:51:53 2019
Kernel:  AVX+FMA - 8 threads (48 CPU cores detected)

Reading alignment file /csm_data/spielman_lab/dms_modelselection//simulations/alignments_empirical/LAC_salichos_rep7_AA.fasta ... Fasta format detected
Alignment most likely contains protein sequences
Alignment has 23 sequences with 262 columns, 256 distinct patterns
229 parsimony-informative, 16 singleton sites, 17 constant sites
      Gap/Ambiguity  Composition  p-value
   1  Agos    0.00%    passed     44.14%
   2  Klac    0.00%    passed     99.83%
   3  Calb    0.00%    passed     87.55%
   4  Cdub    0.00%    passed     91.52%
   5  Ctro    0.00%    passed     31.37%
   6  Cpar    0.00%    passed     85.24%
   7  Lelo    0.00%    passed     91.80%
   8  Psti    0.00%    passed     90.45%
   9  Cgui    0.00%    passed     71.05%
  10  Dhan    0.00%    passed     77.89%
  11  Clus    0.00%    passed     90.29%
  12  Cgla    0.00%    passed     60.42%
  13  Sbay    0.00%    passed     97.37%
  14  Scer    0.00%    passed     87.43%
  15  Spar    0.00%    passed     98.04%
  16  Smik    0.00%    passed     97.95%
  17  Skud    0.00%    passed     85.51%
  18  Scas    0.00%    passed     75.73%
  19  Kpol    0.00%    passed     62.47%
  20  Zrou    0.00%    passed     87.46%
  21  Kthe    0.00%    passed     78.79%
  22  Kwal    0.00%    passed     49.71%
  23  Sklu    0.00%    passed     72.55%
****  TOTAL    0.00%  0 sequences failed composition chi2 test (p-value<5%; df=19)

Create initial parsimony tree by phylogenetic likelihood library (PLL)... 0.003 seconds

NOTE: 3 MB RAM (0 GB) is required!
Estimate model parameters (epsilon = 0.100)
Thoroughly optimizing +I+G parameters from 10 start values...
Init pinv, alpha: 0.000, 1.000 / Estimate: 0.000, 1.334 / LogL: -9068.931
Init pinv, alpha: 0.007, 1.000 / Estimate: 0.042, 1.694 / LogL: -9063.120
Init pinv, alpha: 0.014, 1.000 / Estimate: 0.042, 1.695 / LogL: -9063.116
Init pinv, alpha: 0.022, 1.000 / Estimate: 0.042, 1.690 / LogL: -9063.119
Init pinv, alpha: 0.029, 1.000 / Estimate: 0.043, 1.701 / LogL: -9063.108
Init pinv, alpha: 0.036, 1.000 / Estimate: 0.044, 1.706 / LogL: -9063.105
Init pinv, alpha: 0.043, 1.000 / Estimate: 0.044, 1.710 / LogL: -9063.105
Init pinv, alpha: 0.050, 1.000 / Estimate: 0.045, 1.714 / LogL: -9063.106
Init pinv, alpha: 0.058, 1.000 / Estimate: 0.045, 1.715 / LogL: -9063.107
Init pinv, alpha: 0.065, 1.000 / Estimate: 0.045, 1.716 / LogL: -9063.108
Optimal pinv,alpha: 0.044, 1.710 / LogL: -9063.105

Parameters optimization took 0.499 sec
Computing ML distances based on estimated model parameters... 0.203 sec
Computing BIONJ tree...
0.001 seconds
Log-likelihood of BIONJ tree: -9064.622
--------------------------------------------------------------------
|             INITIALIZING CANDIDATE TREE SET                      |
--------------------------------------------------------------------
Generating 98 parsimony trees... 0.274 second
Computing log-likelihood of 98 initial trees ... 0.837 seconds
Current best score: -9053.432

Do NNI search on 20 best initial trees
Estimate model parameters (epsilon = 0.100)
BETTER TREE FOUND at iteration 1: -9047.053
Iteration 10 / LogL: -9047.065 / Time: 0h:0m:2s
Iteration 20 / LogL: -9055.795 / Time: 0h:0m:2s
Finish initializing candidate tree set (6)
Current best tree score: -9047.053 / CPU time: 2.078
Number of iterations: 20
--------------------------------------------------------------------
|               OPTIMIZING CANDIDATE TREE SET                      |
--------------------------------------------------------------------
Iteration 30 / LogL: -9048.779 / Time: 0h:0m:3s (0h:0m:8s left)
Iteration 40 / LogL: -9047.510 / Time: 0h:0m:4s (0h:0m:6s left)
Iteration 50 / LogL: -9047.075 / Time: 0h:0m:5s (0h:0m:5s left)
Iteration 60 / LogL: -9047.459 / Time: 0h:0m:5s (0h:0m:4s left)
Iteration 70 / LogL: -9047.058 / Time: 0h:0m:6s (0h:0m:2s left)
Iteration 80 / LogL: -9050.194 / Time: 0h:0m:7s (0h:0m:1s left)
Iteration 90 / LogL: -9050.667 / Time: 0h:0m:8s (0h:0m:1s left)
Iteration 100 / LogL: -9047.113 / Time: 0h:0m:8s (0h:0m:0s left)
TREE SEARCH COMPLETED AFTER 102 ITERATIONS / Time: 0h:0m:9s

--------------------------------------------------------------------
|                    FINALIZING TREE SEARCH                        |
--------------------------------------------------------------------
Performs final model parameters optimization
Estimate model parameters (epsilon = 0.010)
1. Initial log-likelihood: -9047.053
Optimal log-likelihood: -9047.053
Proportion of invariable sites: 0.044
Gamma shape alpha: 1.710
Parameters optimization took 1 rounds (0.009 sec)
BEST SCORE FOUND : -9047.053
Total tree length: 11.642

Total number of iterations: 102
CPU time used for tree search: 67.692 sec (0h:1m:7s)
Wall-clock time used for tree search: 8.560 sec (0h:0m:8s)
Total CPU time used: 72.144 sec (0h:1m:12s)
Total wall-clock time used: 9.131 sec (0h:0m:9s)

Analysis results written to: 
  IQ-TREE report:                /csm_data/spielman_lab/dms_modelselection//simulations/alignments_empirical/LAC_salichos_rep7_AA.fasta.iqtree
  Maximum-likelihood tree:       /csm_data/spielman_lab/dms_modelselection//simulations/alignments_empirical/LAC_salichos_rep7_AA.fasta.treefile
  Likelihood distances:          /csm_data/spielman_lab/dms_modelselection//simulations/alignments_empirical/LAC_salichos_rep7_AA.fasta.mldist
  Screen log file:               /csm_data/spielman_lab/dms_modelselection//simulations/alignments_empirical/LAC_salichos_rep7_AA.fasta.log

Date and Time: Tue Apr 16 17:52:02 2019
