IQ-TREE multicore version 1.6.7 for Linux 64-bit built Aug 23 2018
Developed by Bui Quang Minh, Nguyen Lam Tung, Olga Chernomor,
Heiko Schmidt, Dominik Schrempf, Michael Woodhams.

Host:    csm-com-006 (AVX2, FMA3, 62 GB RAM)
Command: iqtree -nt 8 -m LG+I -s /csm_data/spielman_lab/dms_modelselection//simulations/alignments_empirical/LAC_salichos_rep19_AA.fasta -st AA
Seed:    810536 (Using SPRNG - Scalable Parallel Random Number Generator)
Time:    Tue Apr 16 21:39:39 2019
Kernel:  AVX+FMA - 8 threads (48 CPU cores detected)

Reading alignment file /csm_data/spielman_lab/dms_modelselection//simulations/alignments_empirical/LAC_salichos_rep19_AA.fasta ... Fasta format detected
Alignment most likely contains protein sequences
Alignment has 23 sequences with 262 columns, 256 distinct patterns
227 parsimony-informative, 18 singleton sites, 17 constant sites
      Gap/Ambiguity  Composition  p-value
   1  Agos    0.00%    passed     48.90%
   2  Klac    0.00%    passed     79.01%
   3  Calb    0.00%    passed     59.31%
   4  Cdub    0.00%    passed     59.64%
   5  Ctro    0.00%    passed     33.65%
   6  Cpar    0.00%    passed     91.29%
   7  Lelo    0.00%    passed     80.01%
   8  Psti    0.00%    passed     67.30%
   9  Cgui    0.00%    passed     78.72%
  10  Dhan    0.00%    passed     55.01%
  11  Clus    0.00%    passed     79.76%
  12  Cgla    0.00%    passed     81.84%
  13  Sbay    0.00%    passed     96.87%
  14  Scer    0.00%    passed     99.34%
  15  Spar    0.00%    passed     90.95%
  16  Smik    0.00%    passed     73.16%
  17  Skud    0.00%    passed     82.91%
  18  Scas    0.00%    passed     99.95%
  19  Kpol    0.00%    passed     83.86%
  20  Zrou    0.00%    passed     69.06%
  21  Kthe    0.00%    passed     66.63%
  22  Kwal    0.00%    passed     93.22%
  23  Sklu    0.00%    passed     96.21%
****  TOTAL    0.00%  0 sequences failed composition chi2 test (p-value<5%; df=19)

Create initial parsimony tree by phylogenetic likelihood library (PLL)... 0.003 seconds

NOTE: 0 MB RAM (0 GB) is required!
Estimate model parameters (epsilon = 0.100)
1. Initial log-likelihood: -9523.561
2. Current log-likelihood: -9442.354
3. Current log-likelihood: -9441.460
Optimal log-likelihood: -9441.400
Proportion of invariable sites: 0.062
Parameters optimization took 3 rounds (0.017 sec)
Computing ML distances based on estimated model parameters... 0.052 sec
Computing BIONJ tree...
0.001 seconds
Log-likelihood of BIONJ tree: -9447.431
--------------------------------------------------------------------
|             INITIALIZING CANDIDATE TREE SET                      |
--------------------------------------------------------------------
Generating 98 parsimony trees... 0.297 second
Computing log-likelihood of 98 initial trees ... 0.449 seconds
Current best score: -9438.605

Do NNI search on 20 best initial trees
Estimate model parameters (epsilon = 0.100)
BETTER TREE FOUND at iteration 1: -9430.226
Iteration 10 / LogL: -9430.296 / Time: 0h:0m:1s
Iteration 20 / LogL: -9430.227 / Time: 0h:0m:1s
Finish initializing candidate tree set (2)
Current best tree score: -9430.226 / CPU time: 1.315
Number of iterations: 20
--------------------------------------------------------------------
|               OPTIMIZING CANDIDATE TREE SET                      |
--------------------------------------------------------------------
Iteration 30 / LogL: -9437.157 / Time: 0h:0m:1s (0h:0m:4s left)
Iteration 40 / LogL: -9430.311 / Time: 0h:0m:2s (0h:0m:3s left)
Iteration 50 / LogL: -9430.793 / Time: 0h:0m:2s (0h:0m:2s left)
Iteration 60 / LogL: -9430.234 / Time: 0h:0m:2s (0h:0m:1s left)
Iteration 70 / LogL: -9432.716 / Time: 0h:0m:3s (0h:0m:1s left)
Iteration 80 / LogL: -9435.200 / Time: 0h:0m:3s (0h:0m:0s left)
Iteration 90 / LogL: -9430.240 / Time: 0h:0m:4s (0h:0m:0s left)
Iteration 100 / LogL: -9430.255 / Time: 0h:0m:4s (0h:0m:0s left)
TREE SEARCH COMPLETED AFTER 102 ITERATIONS / Time: 0h:0m:4s

--------------------------------------------------------------------
|                    FINALIZING TREE SEARCH                        |
--------------------------------------------------------------------
Performs final model parameters optimization
Estimate model parameters (epsilon = 0.010)
1. Initial log-likelihood: -9430.226
Optimal log-likelihood: -9430.226
Proportion of invariable sites: 0.062
Parameters optimization took 1 rounds (0.004 sec)
BEST SCORE FOUND : -9430.226
Total tree length: 9.534

Total number of iterations: 102
CPU time used for tree search: 34.499 sec (0h:0m:34s)
Wall-clock time used for tree search: 4.408 sec (0h:0m:4s)
Total CPU time used: 34.834 sec (0h:0m:34s)
Total wall-clock time used: 4.460 sec (0h:0m:4s)

Analysis results written to: 
  IQ-TREE report:                /csm_data/spielman_lab/dms_modelselection//simulations/alignments_empirical/LAC_salichos_rep19_AA.fasta.iqtree
  Maximum-likelihood tree:       /csm_data/spielman_lab/dms_modelselection//simulations/alignments_empirical/LAC_salichos_rep19_AA.fasta.treefile
  Likelihood distances:          /csm_data/spielman_lab/dms_modelselection//simulations/alignments_empirical/LAC_salichos_rep19_AA.fasta.mldist
  Screen log file:               /csm_data/spielman_lab/dms_modelselection//simulations/alignments_empirical/LAC_salichos_rep19_AA.fasta.log

Date and Time: Tue Apr 16 21:39:44 2019
