IQ-TREE multicore version 1.6.7 for Linux 64-bit built Aug 23 2018
Developed by Bui Quang Minh, Nguyen Lam Tung, Olga Chernomor,
Heiko Schmidt, Dominik Schrempf, Michael Woodhams.

Host:    csm-com-002 (AVX2, FMA3, 62 GB RAM)
Command: iqtree -nt 8 -m mtART+I -s /csm_data/spielman_lab/dms_modelselection//simulations/alignments_empirical/NP_opisthokonta_rep9_AA.fasta -st AA -te simulations/true_trees/opisthokonta.tree
Seed:    412813 (Using SPRNG - Scalable Parallel Random Number Generator)
Time:    Tue Apr 16 02:33:07 2019
Kernel:  AVX+FMA - 8 threads (48 CPU cores detected)

Reading alignment file /csm_data/spielman_lab/dms_modelselection//simulations/alignments_empirical/NP_opisthokonta_rep9_AA.fasta ... Fasta format detected
Alignment most likely contains protein sequences
Alignment has 70 sequences with 498 columns, 498 distinct patterns
489 parsimony-informative, 8 singleton sites, 0 constant sites
                                  Gap/Ambiguity  Composition  p-value
   1  Oscarella_carmela                   0.00%    passed     47.37%
   2  Leucetta_chagosensis                0.00%    passed     87.33%
   3  Sycon_raphanus                      0.00%    passed     73.59%
   4  Oopsacas_minuta                     0.00%    passed     93.64%
   5  Carteriospongia_foliascens          0.00%    passed     97.65%
   6  Amphimedon_queenslandica            0.00%    passed     73.78%
   7  Suberites_domuncula                 0.00%    passed     99.44%
   8  Lubomirskia_baicalensis             0.00%    passed     92.46%
   9  Ephydatia_muelleri                  0.00%    passed     91.69%
  10  Trichoplax_adhaerens                0.00%    passed     59.91%
  11  Nematostella_vectensis              0.00%    passed     90.70%
  12  Anemonia_viridis                    0.00%    passed     99.77%
  13  Aiptasia_pallida                    0.00%    passed     94.16%
  14  Metridium_senile                    0.00%    passed     99.68%
  15  Acropora_palmata                    0.00%    passed     96.94%
  16  Acropora_millepora                  0.00%    passed     99.34%
  17  Porites_astreoides                  0.00%    passed     98.40%
  18  Montastraea_faveolata               0.00%    passed     99.65%
  19  Cyanea_capillata                    0.00%    passed     94.85%
  20  Clytia_hemisphaerica                0.00%    passed     91.05%
  21  Podocoryna_carnea                   0.00%    passed     90.35%
  22  Hydractinia_echinata                0.00%    passed     69.79%
  23  Hydra_magnipapillata                0.00%    passed     97.75%
  24  Saccoglossus_kowalevskii            0.00%    passed     74.99%
  25  Ptychodera_flava                    0.00%    passed     90.99%
  26  Strongylocentrotus_purpuratus       0.00%    passed     89.39%
  27  Asterina_pectinifera                0.00%    passed     36.46%
  28  Branchiostoma_floridae              0.00%    passed     67.17%
  29  Petromyzon_marinus                  0.00%    passed     89.25%
  30  Gallus                              0.00%    passed     99.35%
  31  Ciona_intestinalis                  0.00%    passed     68.56%
  32  Halocynthia_roretzi                 0.00%    passed     60.36%
  33  Anoplodactylus_eroticus             0.00%    passed     99.97%
  34  Boophilus_microplus                 0.00%    passed     98.62%
  35  Daphnia_pulex                       0.00%    passed     99.99%
  36  Drosophila_melanogaster             0.00%    passed     24.17%
  37  Euperipatoides_kanangrensis         0.00%    passed     98.20%
  38  Echinoderes_horni                   0.00%    passed     97.76%
  39  Xiphinema_index                     0.00%    passed     49.03%
  40  Cerebratulus_lacteus                0.00%    passed     95.30%
  41  Terebratalia_transversa             0.00%    passed     97.40%
  42  Lottia_gigantea                     0.00%    passed     45.34%
  43  Crassostrea_virginica               0.00%    passed     99.81%
  44  Euprymna_scolopes                   0.00%    passed     99.73%
  45  Capitella_telata                    0.00%    passed     88.68%
  46  Helobdella_robusta                  0.00%    passed     80.42%
  47  Schmidtea_mediterranea              0.00%    passed     58.75%
  48  Paraplanocera_oligoglena            0.00%    passed     87.46%
  49  Xenoturbella_bocki                  0.00%    passed     71.88%
  50  Nemertoderma_westbladi              0.00%    passed     94.54%
  51  Meara_stichopi                      0.00%    passed     40.66%
  52  Isodiametra_pulchra                 0.00%    passed     81.28%
  53  Symsagittifera_roscoffensis         0.00%    passed     69.03%
  54  Convolutriloba_longifissura         0.00%    passed     95.46%
  55  Capsaspora_owczarzaki_ATCC_30864    0.00%    passed     92.67%
  56  Amoebidium_parasiticum              0.00%    passed     93.52%
  57  Sphaeroforma_arctica                0.00%    passed     88.53%
  58  Spizellomyces_punctatus             0.00%    passed     99.19%
  59  Batrachochytrium_dendrobatidis      0.00%    passed     67.36%
  60  Cryptococcus_neoformans             0.00%    passed     92.18%
  61  Saccharomyces_cerevisiae            0.00%    passed     54.48%
  62  Phycomyces_blakesleeanus            0.00%    passed     49.29%
  63  Rhizopus_orizae                     0.00%    passed     38.42%
  64  Monosiga_ovata                      0.00%    passed     88.99%
  65  Salpingoeca_rosetta                 0.00%    passed     49.62%
  66  Monosiga_brevicollis                0.00%    passed     25.36%
  67  Mnemiopsis                          0.00%    passed     98.52%
  68  Mertensiid_sp                       0.00%    passed     95.76%
  69  Pleurobrachia_pileus                0.00%    passed     73.63%
  70  Oscarella_lobularis                 0.00%    passed     75.71%
****  TOTAL                               0.00%  0 sequences failed composition chi2 test (p-value<5%; df=19)
Reading input tree file simulations/true_trees/opisthokonta.tree ...

NOTE: 5 MB RAM (0 GB) is required!
Estimate model parameters (epsilon = 0.010)
1. Initial log-likelihood: -64750.352
2. Current log-likelihood: -62404.073
3. Current log-likelihood: -62402.674
Optimal log-likelihood: -62402.674
Proportion of invariable sites: 0.000
Parameters optimization took 3 rounds (0.127 sec)
BEST SCORE FOUND : -62402.674
Total tree length: 44.847

Total number of iterations: 0
CPU time used for tree search: 0.000 sec (0h:0m:0s)
Wall-clock time used for tree search: 0.000 sec (0h:0m:0s)
Total CPU time used: 1.028 sec (0h:0m:1s)
Total wall-clock time used: 0.139 sec (0h:0m:0s)

Analysis results written to: 
  IQ-TREE report:                /csm_data/spielman_lab/dms_modelselection//simulations/alignments_empirical/NP_opisthokonta_rep9_AA.fasta.iqtree
  Maximum-likelihood tree:       /csm_data/spielman_lab/dms_modelselection//simulations/alignments_empirical/NP_opisthokonta_rep9_AA.fasta.treefile
  Screen log file:               /csm_data/spielman_lab/dms_modelselection//simulations/alignments_empirical/NP_opisthokonta_rep9_AA.fasta.log

Date and Time: Tue Apr 16 02:33:07 2019
