IQ-TREE multicore version 1.6.7 for Linux 64-bit built Aug 23 2018
Developed by Bui Quang Minh, Nguyen Lam Tung, Olga Chernomor,
Heiko Schmidt, Dominik Schrempf, Michael Woodhams.

Host:    csm-com-012 (AVX2, FMA3, 62 GB RAM)
Command: iqtree -nt 8 -m HIVw+F+I+G4 -s /csm_data/spielman_lab/dms_modelselection/pandit_aa_alignments/PF03065.fasta -st AA -te /csm_data/spielman_lab/dms_modelselection/fitted_trees_pandit/PF03065_m1_inferredtree.treefile
Seed:    39345 (Using SPRNG - Scalable Parallel Random Number Generator)
Time:    Thu Apr 25 08:34:42 2019
Kernel:  AVX+FMA - 8 threads (48 CPU cores detected)

Reading alignment file /csm_data/spielman_lab/dms_modelselection/pandit_aa_alignments/PF03065.fasta ... Fasta format detected
Alignment most likely contains protein sequences
Alignment has 23 sequences with 657 columns, 619 distinct patterns
396 parsimony-informative, 161 singleton sites, 100 constant sites
                   Gap/Ambiguity  Composition  p-value
   1  Q9KD04BACHD7382     42.77%    passed      5.70%
   2  O50094PYRHO6394     40.79%    failed      2.09%
   3  Q8U136PYRFU6395     40.64%    failed      2.10%
   4  Q9HLU6THEAC262747   26.03%    failed      0.00%
   5  Q972N0SULTO342681   48.25%    failed      0.00%
   6  Q8ZT36PYRAE22486    29.22%    passed     20.31%
   7  Q8TZQ1PYRFU35537    23.44%    passed      5.81%
   8  Q8YXA5ANASP8473     29.07%    failed      0.00%
   9  Q55545SYNY38468     29.83%    failed      0.00%
  10  O66934AQUAE7429     35.62%    failed      1.39%
  11  AMY1DICTH7293       56.32%    passed     13.32%
  12  AMYAPYRHO7291       56.62%    passed     37.18%
  13  MALQPYRKO7291       56.62%    passed     37.57%
  14  Q9HL91THEAC8289     57.08%    passed      6.91%
  15  Q97BM4THEVO7311     53.58%    failed      1.29%
  16  Q97ZD2SULSO7324     51.60%    passed     39.25%
  17  Q973T0SULTO7324     51.60%    passed     64.72%
  18  Q8ZT57PYRAE6321     51.90%    failed      0.03%
  19  AMYAMETJA6319       52.21%    passed     34.53%
  20  Q8TIT9METAC7321     52.05%    passed     19.86%
  21  Q8TIT8METAC38312    58.14%    failed      2.08%
  22  O58106PYRHO3316     52.21%    failed      0.24%
  23  O83182TREPA12351    48.25%    failed      0.00%
WARNING: 12 sequences contain more than 50% gaps/ambiguity
****  TOTAL               45.38%  12 sequences failed composition chi2 test (p-value<5%; df=19)
Reading input tree file /csm_data/spielman_lab/dms_modelselection/fitted_trees_pandit/PF03065_m1_inferredtree.treefile ...

NOTE: 9 MB RAM (0 GB) is required!
Estimate model parameters (epsilon = 0.010)
Thoroughly optimizing +I+G parameters from 10 start values...
Init pinv, alpha: 0.000, 1.000 / Estimate: 0.000, 2.156 / LogL: -18282.208
Init pinv, alpha: 0.017, 1.000 / Estimate: 0.000, 2.160 / LogL: -18282.209
Init pinv, alpha: 0.034, 1.000 / Estimate: 0.000, 2.160 / LogL: -18282.210
Init pinv, alpha: 0.051, 1.000 / Estimate: 0.000, 2.160 / LogL: -18282.211
Init pinv, alpha: 0.068, 1.000 / Estimate: 0.000, 2.159 / LogL: -18282.212
Init pinv, alpha: 0.085, 1.000 / Estimate: 0.000, 2.159 / LogL: -18282.209
Init pinv, alpha: 0.101, 1.000 / Estimate: 0.000, 2.160 / LogL: -18282.209
Init pinv, alpha: 0.118, 1.000 / Estimate: 0.000, 2.160 / LogL: -18282.209
Init pinv, alpha: 0.135, 1.000 / Estimate: 0.000, 2.160 / LogL: -18282.210
Init pinv, alpha: 0.152, 1.000 / Estimate: 0.000, 2.160 / LogL: -18282.210
Optimal pinv,alpha: 0.000, 2.156 / LogL: -18282.208

Parameters optimization took 1.449 sec
BEST SCORE FOUND : -18282.208
Total tree length: 33.832

Total number of iterations: 0
CPU time used for tree search: 0.000 sec (0h:0m:0s)
Wall-clock time used for tree search: 0.000 sec (0h:0m:0s)
Total CPU time used: 11.558 sec (0h:0m:11s)
Total wall-clock time used: 1.459 sec (0h:0m:1s)

Analysis results written to: 
  IQ-TREE report:                /csm_data/spielman_lab/dms_modelselection/pandit_aa_alignments/PF03065.fasta.iqtree
  Maximum-likelihood tree:       /csm_data/spielman_lab/dms_modelselection/pandit_aa_alignments/PF03065.fasta.treefile
  Screen log file:               /csm_data/spielman_lab/dms_modelselection/pandit_aa_alignments/PF03065.fasta.log

Date and Time: Thu Apr 25 08:34:43 2019
