IQ-TREE multicore version 1.6.7 for Linux 64-bit built Aug 23 2018
Developed by Bui Quang Minh, Nguyen Lam Tung, Olga Chernomor,
Heiko Schmidt, Dominik Schrempf, Michael Woodhams.

Host:    csm-com-002 (AVX2, FMA3, 62 GB RAM)
Command: iqtree -nt 8 -m cpREV+I -s /csm_data/spielman_lab/dms_modelselection/pandit_aa_alignments/PF07703.fasta -st AA
Seed:    386205 (Using SPRNG - Scalable Parallel Random Number Generator)
Time:    Fri Apr 12 21:05:44 2019
Kernel:  AVX+FMA - 8 threads (48 CPU cores detected)

Reading alignment file /csm_data/spielman_lab/dms_modelselection/pandit_aa_alignments/PF07703.fasta ... Fasta format detected
Alignment most likely contains protein sequences
Alignment has 72 sequences with 240 columns, 238 distinct patterns
174 parsimony-informative, 53 singleton sites, 13 constant sites
                        Gap/Ambiguity  Composition  p-value
   1  Q9VLT3_DROME_663_804     40.83%    passed     24.84%
   2  Q7Q4I0_ANOGA_540_681     40.83%    passed      7.88%
   3  Q9PVU4_CYPCA_434_592     33.75%    passed     39.46%
   4  A2MG_MOUSE_454_609       35.00%    passed     18.46%
   5  Q60488_CAVPO_459_614     35.00%    passed     10.29%
   6  A1I3_RAT_453_610         34.17%    failed      4.66%
   7  Q60486_CAVPO_455_607     36.25%    passed     75.91%
   8  A2MG_HUMAN_455_610       35.00%    passed     26.41%
   9  PZP_HUMAN_451_606        35.00%    passed      8.72%
  10  A2MG_RAT_458_613         35.00%    passed     18.82%
  11  O12978_XENLA_448_604     34.58%    passed     26.02%
  12  OVOS_CHICK_462_616       35.42%    passed     21.71%
  13  Q8IT76_ORNMO_457_640     23.33%    passed     53.18%
  14  O01717_9CHEL_466_652     22.08%    passed     12.30%
  15  Q91076_LAMJA_470_631     32.50%    failed      0.95%
  16  Q8QGD4_RANCA_455_616     32.50%    failed      1.58%
  17  Q8T770_BRAFL_457_601     39.58%    passed     40.93%
  18  Q8I7P1_9CNID_460_603     40.00%    passed     94.75%
  19  O44344_STRPU_468_626     33.75%    passed     30.91%
  20  Q8R422_MOUSE_466_604     42.08%    passed     56.62%
  21  Q8N915_HUMAN_464_602     42.08%    passed     35.29%
  22  Q8IZJ3_HUMAN_451_629     25.42%    failed      0.19%
  23  O46015_CAEEL_491_634     40.00%    passed     32.65%
  24  Q8T398_CIOIN_483_629     38.75%    passed     13.16%
  25  Q9NFV8_DROME_384_546     32.08%    passed     36.73%
  26  Q8IPH4_DROME_439_580     40.83%    passed     47.07%
  27  Q9NFV6_DROME_441_581     41.25%    passed     80.14%
  28  Q9PTY1_PAROL_453_600     38.33%    passed     94.95%
  29  Q98TS6_ANAMI_453_600     38.33%    passed     96.39%
  30  Q9IBH0_ORYLA_453_600     38.33%    passed     97.01%
  31  Q7SXK0_BRARE_447_595     37.92%    passed     50.56%
  32  Q98977_ONCMY_404_556     36.25%    passed     69.39%
  33  Q9GKP1_PIG_450_606       34.58%    passed     69.73%
  34  CO3_CAVPO_450_611        32.50%    passed     83.95%
  35  CO3_HUMAN_452_608        34.58%    passed     92.07%
  36  Q91588_9PIPI_372_529     34.17%    passed     46.99%
  37  Q90633_CHICK_447_601     35.42%    passed     36.95%
  38  CO3_NAJNA_443_596        35.83%    passed     69.77%
  39  Q9I933_CYPCA_455_602     38.33%    passed     93.12%
  40  Q91741_XENLA_457_600     40.00%    passed     87.20%
  41  CO3_LAMJA_447_594        38.33%    passed     76.16%
  42  Q9IBG9_ORYLA_460_602     40.42%    passed     84.03%
  43  Q7SZG2_FUGRU_455_597     40.42%    passed     66.63%
  44  Q9I932_CYPCA_449_594     39.17%    passed     95.12%
  45  Q90XS7_ONCMY_74_228      35.42%    passed     71.22%
  46  Q7ZT80_CYPCA_463_619     34.58%    passed     34.96%
  47  CO5_MOUSE_461_615        35.42%    passed     14.46%
  48  CO5_HUMAN_461_615        35.42%    passed     61.94%
  49  CO3_EPTBU_427_574        38.33%    passed      8.46%
  50  CO4_HUMAN_469_614        39.17%    passed     34.10%
  51  O70346_MOUSE_466_612     38.75%    passed     77.02%
  52  Q8WPD8_CIOIN_468_611     40.00%    passed      6.51%
  53  Q8WPD7_CIOIN_380_521     40.83%    passed     36.90%
  54  O97019_HALRO_475_615     41.25%    passed     63.48%
  55  Y2993_DEIRA_482_628      38.75%    failed      0.43%
  56  Y4489_PSEAE_644_795      36.67%    passed     35.13%
  57  Y3030_RALSO_656_807      36.67%    passed     62.67%
  58  Y5100_ANASP_987_1146     33.33%    passed      6.98%
  59  Y659_PASMU_1006_1152     38.75%    passed     89.06%
  60  Y2573_YERPE_1097_1243    38.75%    passed     90.27%
  61  Q8EKM6_SHEON_1010_1156   38.75%    passed     75.13%
  62  Q7P8Y1_RICSI_1009_1155   38.75%    failed      0.17%
  63  Q98K29_RHILO_956_1107    36.67%    passed      7.72%
  64  Q92VA6_RHIME_945_1096    36.67%    failed      0.22%
  65  Q8U9N1_AGRT5_946_1097    36.67%    passed      6.08%
  66  Q89LV5_BRAJA_864_1015    36.67%    passed     12.41%
  67  Q87VU0_PSESM_750_905     35.00%    passed      7.63%
  68  Q7N712_PHOLL_774_930     34.58%    passed      5.30%
  69  YFHM_ECOLI_754_909       35.00%    passed     19.66%
  70  Y518_XYLFT_743_893       37.08%    passed     47.86%
  71  Q8ABE6_BACTN_998_1148    37.08%    passed     81.64%
  72  Q7ULY0_RHOBA_987_1128    40.83%    failed      0.00%
****  TOTAL                    36.61%  8 sequences failed composition chi2 test (p-value<5%; df=19)

Create initial parsimony tree by phylogenetic likelihood library (PLL)... 0.018 seconds

NOTE: 2 MB RAM (0 GB) is required!
Estimate model parameters (epsilon = 0.100)
1. Initial log-likelihood: -21169.788
2. Current log-likelihood: -20785.123
3. Current log-likelihood: -20781.971
Optimal log-likelihood: -20781.969
Proportion of invariable sites: 0.000
Parameters optimization took 3 rounds (0.112 sec)
Computing ML distances based on estimated model parameters... 0.784 sec
Computing BIONJ tree...
0.004 seconds
Log-likelihood of BIONJ tree: -20755.992
--------------------------------------------------------------------
|             INITIALIZING CANDIDATE TREE SET                      |
--------------------------------------------------------------------
Generating 98 parsimony trees... 1.705 second
Computing log-likelihood of 98 initial trees ... 1.600 seconds
Current best score: -20755.992

Do NNI search on 20 best initial trees
Estimate model parameters (epsilon = 0.100)
BETTER TREE FOUND at iteration 1: -20729.683
Estimate model parameters (epsilon = 0.100)
BETTER TREE FOUND at iteration 4: -20728.305
Estimate model parameters (epsilon = 0.100)
BETTER TREE FOUND at iteration 7: -20724.680
Estimate model parameters (epsilon = 0.100)
BETTER TREE FOUND at iteration 10: -20722.702
Iteration 10 / LogL: -20722.702 / Time: 0h:0m:5s
Iteration 20 / LogL: -20728.173 / Time: 0h:0m:6s
Finish initializing candidate tree set (20)
Current best tree score: -20722.702 / CPU time: 5.998
Number of iterations: 20
--------------------------------------------------------------------
|               OPTIMIZING CANDIDATE TREE SET                      |
--------------------------------------------------------------------
Estimate model parameters (epsilon = 0.100)
BETTER TREE FOUND at iteration 26: -20720.531
Iteration 30 / LogL: -20749.073 / Time: 0h:0m:7s (0h:0m:26s left)
Iteration 40 / LogL: -20720.921 / Time: 0h:0m:9s (0h:0m:20s left)
Iteration 50 / LogL: -20720.538 / Time: 0h:0m:11s (0h:0m:17s left)
Estimate model parameters (epsilon = 0.100)
BETTER TREE FOUND at iteration 58: -20720.420
Iteration 60 / LogL: -20725.656 / Time: 0h:0m:12s (0h:0m:21s left)
Iteration 70 / LogL: -20720.832 / Time: 0h:0m:14s (0h:0m:18s left)
Iteration 80 / LogL: -20721.998 / Time: 0h:0m:15s (0h:0m:15s left)
Iteration 90 / LogL: -20720.742 / Time: 0h:0m:17s (0h:0m:13s left)
Iteration 100 / LogL: -20721.169 / Time: 0h:0m:19s (0h:0m:11s left)
Iteration 110 / LogL: -20720.435 / Time: 0h:0m:20s (0h:0m:9s left)
Iteration 120 / LogL: -20720.466 / Time: 0h:0m:22s (0h:0m:7s left)
Iteration 130 / LogL: -20720.643 / Time: 0h:0m:23s (0h:0m:5s left)
Iteration 140 / LogL: -20726.063 / Time: 0h:0m:25s (0h:0m:3s left)
Iteration 150 / LogL: -20723.340 / Time: 0h:0m:27s (0h:0m:1s left)
TREE SEARCH COMPLETED AFTER 159 ITERATIONS / Time: 0h:0m:28s

--------------------------------------------------------------------
|                    FINALIZING TREE SEARCH                        |
--------------------------------------------------------------------
Performs final model parameters optimization
Estimate model parameters (epsilon = 0.010)
1. Initial log-likelihood: -20720.420
Optimal log-likelihood: -20720.420
Proportion of invariable sites: 0.000
Parameters optimization took 1 rounds (0.022 sec)
BEST SCORE FOUND : -20720.420
Total tree length: 45.479

Total number of iterations: 159
CPU time used for tree search: 215.229 sec (0h:3m:35s)
Wall-clock time used for tree search: 28.275 sec (0h:0m:28s)
Total CPU time used: 217.533 sec (0h:3m:37s)
Total wall-clock time used: 28.590 sec (0h:0m:28s)

Analysis results written to: 
  IQ-TREE report:                /csm_data/spielman_lab/dms_modelselection/pandit_aa_alignments/PF07703.fasta.iqtree
  Maximum-likelihood tree:       /csm_data/spielman_lab/dms_modelselection/pandit_aa_alignments/PF07703.fasta.treefile
  Likelihood distances:          /csm_data/spielman_lab/dms_modelselection/pandit_aa_alignments/PF07703.fasta.mldist
  Screen log file:               /csm_data/spielman_lab/dms_modelselection/pandit_aa_alignments/PF07703.fasta.log

Date and Time: Fri Apr 12 21:06:13 2019
