IQ-TREE multicore version 1.6.7 for Linux 64-bit built Aug 23 2018
Developed by Bui Quang Minh, Nguyen Lam Tung, Olga Chernomor,
Heiko Schmidt, Dominik Schrempf, Michael Woodhams.

Host:    csm-com-004 (AVX2, FMA3, 62 GB RAM)
Command: iqtree -quiet -nt AUTO -ntmax 8 -m GTR20 -s /csm_data/spielman_lab/aa_phylo_fit_topology/simulations/alignments/wag_control/HA_andersen_rep3_AA.fasta -st AA -redo -bb 1000
Seed:    306351 (Using SPRNG - Scalable Parallel Random Number Generator)
Time:    Sat Feb  1 23:13:21 2020
Kernel:  AVX+FMA - auto-detect threads (48 CPU cores detected)

Reading alignment file /csm_data/spielman_lab/aa_phylo_fit_topology/simulations/alignments/wag_control/HA_andersen_rep3_AA.fasta ... Fasta format detected
Alignment most likely contains protein sequences
Alignment has 179 sequences with 564 columns, 462 distinct patterns
373 parsimony-informative, 69 singleton sites, 122 constant sites
                      Gap/Ambiguity  Composition  p-value
   1  BA366-S-GIN-2003        0.00%    passed     89.38%
   2  G502-S-SLE-2009         0.00%    passed     99.94%
   3  G1180-S-SLE-2010        0.00%    passed     99.67%
   4  G2147-S-SLE-2011        0.00%    passed     98.68%
   5  G2165-S-SLE-2011        0.00%    passed     99.92%
   6  LM222-S-SLE-2010        0.00%    passed     99.94%
   7  LM774-S-SLE-2012        0.00%    passed     99.76%
   8  LM778-S-SLE-2012        0.00%    passed     99.76%
   9  G2184-S-SLE-2011        0.00%    passed     99.99%
  10  LM776-S-SLE-2012        0.00%    passed     99.98%
  11  G503-S-SLE-2009         0.00%    passed     98.72%
  12  G2318-S-SLE-2012        0.00%    passed     99.65%
  13  G1959-S-SLE-2011        0.00%    passed     99.61%
  14  G3010-S-SLE-2013        0.00%    passed     99.49%
  15  G610-S-SLE-2009         0.00%    passed     99.34%
  16  G693-S-SLE-2009         0.00%    passed     99.34%
  17  G771-S-SLE-2010         0.00%    passed     99.34%
  18  G1792-S-SLE-2011        0.00%    passed     99.28%
  19  G1960-S-SLE-2011        0.00%    passed     99.50%
  20  G2565-S-SLE-2012        0.00%    passed     99.50%
  21  G2197-S-SLE-2011        0.00%    passed     99.61%
  22  LM032-S-SLE-2010        0.00%    passed     99.46%
  23  Josiah-S-SLE-1976       0.00%    passed     99.88%
  24  G808-S-SLE-2010         0.00%    passed     99.80%
  25  G2868-S-SLE-2012        0.00%    passed     98.92%
  26  G676-S-SLE-2009         0.00%    passed     99.94%
  27  G2405-S-SLE-2012        0.00%    passed     99.95%
  28  G1190-S-SLE-2010        0.00%    passed     99.97%
  29  G2944-S-SLE-2012        0.00%    passed     99.97%
  30  LM765-S-SLE-2012        0.00%    passed     99.73%
  31  G3148-S-SLE-2013        0.00%    passed     99.86%
  32  Z0947-S-SLE-2011        0.00%    passed     99.73%
  33  Z0948-S-SLE-2011        0.00%    passed     99.60%
  34  G1727-S-SLE-2011        0.00%    passed     99.60%
  35  G1647-S-SLE-2011        0.00%    passed     99.88%
  36  G2295-S-SLE-2012        0.00%    passed     99.80%
  37  G2587-S-SLE-2012        0.00%    passed     99.84%
  38  G2280-S-SLE-2012        0.00%    passed     99.89%
  39  G3016-S-SLE-2013        0.00%    passed     99.91%
  40  G3106-S-SLE-2013        0.00%    passed     99.91%
  41  G2612-S-SLE-2012        0.00%    passed     99.94%
  42  LM779-S-SLE-2012        0.00%    passed     99.97%
  43  G692-S-SLE-2009         0.00%    passed     99.96%
  44  LM395-S-SLE-2009        0.00%    passed     99.54%
  45  G1774-S-SLE-2011        0.00%    passed     99.89%
  46  G2222-S-SLE-2011        0.00%    passed     99.94%
  47  G636-S-SLE-2009         0.00%    passed     99.88%
  48  G2315-S-SLE-2012        0.00%    passed     99.74%
  49  G2903-S-SLE-2012        0.00%    passed     99.81%
  50  G3206-S-SLE-2013        0.00%    passed     99.87%
  51  G733-S-SLE-2010         0.00%    passed     99.81%
  52  G2554-S-SLE-2012        0.00%    passed     99.37%
  53  G1618-S-SLE-2011        0.00%    passed     99.42%
  54  G1646-S-SLE-2011        0.00%    passed     98.85%
  55  G2427-S-SLE-2012        0.00%    passed     98.72%
  56  G2392-S-SLE-2012        0.00%    passed     89.28%
  57  G3229-S-SLE-2013        0.00%    passed     98.49%
  58  G3151-S-SLE-2013        0.00%    passed     94.67%
  59  G3248-S-SLE-2013        0.00%    passed     94.67%
  60  G3170-S-SLE-2013        0.00%    passed     94.67%
  61  NL-S-SLE-2000           0.00%    passed     99.79%
  62  G2263-S-SLE-2012        0.00%    passed     99.95%
  63  G2431-S-SLE-2012        0.00%    passed     99.62%
  64  G1442-S-SLE-2011        0.00%    passed     99.97%
  65  G2141-S-SLE-2011        0.00%    passed     99.85%
  66  G1529-S-SLE-2011        0.00%    passed     97.80%
  67  G3234-S-SLE-2013        0.00%    passed     95.37%
  68  G2363-S-SLE-2012        0.00%    passed     99.56%
  69  G2259-S-SLE-2012        0.00%    passed     99.16%
  70  G2723-S-SLE-2012        0.00%    passed     99.42%
  71  G3278-S-SLE-2013        0.00%    passed     99.52%
  72  G2557-S-SLE-2012        0.00%    passed     98.45%
  73  G2615-S-SLE-2012        0.00%    passed     99.49%
  74  G1200-S-LIB-2010        0.00%    passed     99.97%
  75  Macenta-S-GIN-1982      0.00%    passed     94.68%
  76  Z148-S-LIB-1981         0.00%    passed     98.82%
  77  AV-S-CIV-1999           0.00%    passed     77.70%
  78  Nig08-A18-S-NIG-2008    0.00%    passed     94.38%
  79  Nig08-A19-S-NIG-2008    0.00%    passed     92.73%
  80  CSF-S-NIG-2001          0.00%    passed     96.79%
  81  ISTH0009-S-NIG-2011     0.00%    passed    100.00%
  82  LASV979-S-NIG-2009      0.00%    passed    100.00%
  83  LASV237-S-NIG-2010      0.00%    passed    100.00%
  84  LASV711-S-NIG-2009      0.00%    passed    100.00%
  85  LASV992-S-NIG-2009      0.00%    passed    100.00%
  86  ISTH0230-S-NIG-2011     0.00%    passed    100.00%
  87  LASV975-S-NIG-2009      0.00%    passed    100.00%
  88  ISTH2061-S-NIG-2012     0.00%    passed     99.99%
  89  Nig08-A41-S-NIG-2008    0.00%    passed     99.99%
  90  ISTH2217-S-NIG-2012     0.00%    passed     99.99%
  91  ISTH1064-S-NIG-2011     0.00%    passed     99.98%
  92  ISTH2334-S-NIG-2012     0.00%    passed     99.99%
  93  LASV245-S-NIG-2011      0.00%    passed     99.99%
  94  LASV1011-S-NIG-2009     0.00%    passed     99.99%
  95  ISTH2312-S-NIG-2012     0.00%    passed    100.00%
  96  LASV1000-S-NIG-2009     0.00%    passed     99.93%
  97  ISTH2010-S-NIG-2012     0.00%    passed    100.00%
  98  ISTH2016-S-NIG-2012     0.00%    passed     99.99%
  99  Nig08-A37-S-NIG-2008    0.00%    passed     99.99%
 100  LASV737-S-NIG-2009      0.00%    passed     99.99%
 101  LASV719-S-NIG-2009      0.00%    passed     99.98%
 102  LASV046-S-NIG-2009      0.00%    passed     99.98%
 103  ISTH2042-S-NIG-2012     0.00%    passed     99.94%
 104  LASV274-S-NIG-2010      0.00%    passed     99.98%
 105  LASV263-S-NIG-2011      0.00%    passed     99.97%
 106  ISTH1137-S-NIG-2011     0.00%    passed     99.99%
 107  LASV976-S-NIG-2009      0.00%    passed    100.00%
 108  LASV1016-S-NIG-2009     0.00%    passed     99.99%
 109  LASV229-S-NIG-2010      0.00%    passed     99.96%
 110  ISTH2129-S-NIG-2012     0.00%    passed     99.99%
 111  ISTH2057-S-NIG-2012     0.00%    passed     99.99%
 112  LASV058-S-NIG-2008      0.00%    passed     99.98%
 113  ISTH1038-S-NIG-2011     0.00%    passed    100.00%
 114  LASV056-S-NIG-2008      0.00%    passed     99.96%
 115  LASV042-S-NIG-2009      0.00%    passed     99.87%
 116  LASV981-S-NIG-2009      0.00%    passed     99.91%
 117  LASV256-S-NIG-2010      0.00%    passed    100.00%
 118  LASV052-S-NIG-2008      0.00%    passed    100.00%
 119  LASV063-S-NIG-2009      0.00%    passed    100.00%
 120  ISTH0595-S-NIG-2011     0.00%    passed     99.98%
 121  ISTH1096-S-NIG-2012     0.00%    passed     99.96%
 122  LASV221-S-NIG-2010      0.00%    passed     99.99%
 123  LASV977-S-NIG-2009      0.00%    passed    100.00%
 124  LASV971-S-NIG-2009      0.00%    passed    100.00%
 125  LASV967-S-NIG-2009      0.00%    passed     99.99%
 126  ISTH2050-S-NIG-2012     0.00%    passed     99.93%
 127  ISTH2031-S-NIG-2012     0.00%    passed     99.99%
 128  ISTH2376-S-NIG-2012     0.00%    passed    100.00%
 129  LASV991-S-NIG-2009      0.00%    passed    100.00%
 130  LASV267-S-NIG-2010      0.00%    passed    100.00%
 131  LASV049-S-NIG-2009      0.00%    passed    100.00%
 132  LASV239-S-NIG-2010      0.00%    passed     99.94%
 133  ISTH2037-S-NIG-2012     0.00%    passed     99.98%
 134  ISTH1069-S-NIG-2011     0.00%    passed    100.00%
 135  ISTH1129-S-NIG-2012     0.00%    passed     99.99%
 136  ISTH2304-S-NIG-2012     0.00%    passed    100.00%
 137  LASV246-S-NIG-2010      0.00%    passed    100.00%
 138  ISTH1111-S-NIG-2011     0.00%    passed     99.98%
 139  LASV006-S-NIG-2008      0.00%    passed     99.98%
 140  ISTH0531-S-NIG-2011     0.00%    passed     99.99%
 141  LASV254-S-NIG-2011      0.00%    passed    100.00%
 142  ISTH2358-S-NIG-2012     0.00%    passed    100.00%
 143  LASV966-S-NIG-2009      0.00%    passed     99.98%
 144  ISTH1058-S-NIG-2011     0.00%    passed     99.90%
 145  LASV241-S-NIG-2011      0.00%    passed     99.93%
 146  LASV271-S-NIG-2010      0.00%    passed     99.87%
 147  Nig08-A47-S-NIG-2008    0.00%    passed     99.94%
 148  ISTH0012-S-NIG-2011     0.00%    passed     99.93%
 149  LASV993-S-NIG-2009      0.00%    passed     99.90%
 150  ISTH2046-S-NIG-2012     0.00%    passed     99.38%
 151  LASV1008-S-NIG-2009     0.00%    passed     99.92%
 152  ISTH2020-S-NIG-2012     0.00%    passed     99.88%
 153  LASV003-S-NIG-2008      0.00%    passed     99.94%
 154  LASV242-S-NIG-2010      0.00%    passed     99.98%
 155  LASV253-S-NIG-2011      0.00%    passed     99.97%
 156  LASV982-S-NIG-2009      0.00%    passed     99.97%
 157  LASV251-S-NIG-2010      0.00%    passed     99.98%
 158  LASV989-S-NIG-2009      0.00%    passed     99.99%
 159  ISTH0047-S-NIG-2011     0.00%    passed     99.99%
 160  LASV990-S-NIG-2009      0.00%    passed    100.00%
 161  ISTH1003-S-NIG-2011     0.00%    passed    100.00%
 162  ISTH0073-S-NIG-2011     0.00%    passed    100.00%
 163  ISTH2316-S-NIG-2012     0.00%    passed    100.00%
 164  LASV225-S-NIG-2010      0.00%    passed     99.99%
 165  LASV978-S-NIG-2009      0.00%    passed    100.00%
 166  ISTH1048-S-NIG-2011     0.00%    passed    100.00%
 167  LASV045-S-NIG-2009      0.00%    passed    100.00%
 168  ISTH2025-S-NIG-2012     0.00%    passed     99.98%
 169  LASV250-S-NIG-2011      0.00%    passed    100.00%
 170  LASV1015-S-NIG-2009     0.00%    passed    100.00%
 171  LASV035-S-NIG-2009      0.00%    passed    100.00%
 172  ISTH1107-S-NIG-2012     0.00%    passed    100.00%
 173  ISTH2271-S-NIG-2012     0.00%    passed     99.98%
 174  ISTH1121-S-NIG-2012     0.00%    passed     99.89%
 175  ISTH2065-S-NIG-2012     0.00%    passed    100.00%
 176  ISTH2066-S-NIG-2012     0.00%    passed    100.00%
 177  ISTH2094-S-NIG-2012     0.00%    passed     99.95%
 178  Nig08-04-S-NIG-2008     0.00%    passed     99.98%
 179  Pinneo-S-NIG-1969       0.00%    passed     42.17%
****  TOTAL                   0.00%  0 sequences failed composition chi2 test (p-value<5%; df=19)
NOTE: LM778-S-SLE-2012 is identical to LM774-S-SLE-2012 but kept for subsequent analysis
NOTE: G693-S-SLE-2009 is identical to G610-S-SLE-2009 but kept for subsequent analysis
NOTE: G2565-S-SLE-2012 is identical to G1960-S-SLE-2011 but kept for subsequent analysis
NOTE: G3106-S-SLE-2013 is identical to G3016-S-SLE-2013 but kept for subsequent analysis
NOTE: G3248-S-SLE-2013 is identical to G3151-S-SLE-2013 but kept for subsequent analysis
NOTE: LASV711-S-NIG-2009 is identical to LASV979-S-NIG-2009 but kept for subsequent analysis
NOTE: ISTH2066-S-NIG-2012 is identical to ISTH2065-S-NIG-2012 but kept for subsequent analysis
NOTE: 3 identical sequences (see below) will be ignored for subsequent analysis
NOTE: G771-S-SLE-2010 (identical to G610-S-SLE-2009) is ignored but added at the end
NOTE: G3170-S-SLE-2013 (identical to G3151-S-SLE-2013) is ignored but added at the end
NOTE: LASV992-S-NIG-2009 (identical to LASV979-S-NIG-2009) is ignored but added at the end

For your convenience alignment with unique sequences printed to /csm_data/spielman_lab/aa_phylo_fit_topology/simulations/alignments/wag_control/HA_andersen_rep3_AA.fasta.uniqueseq.phy

Create initial parsimony tree by phylogenetic likelihood library (PLL)... 0.068 seconds
Generating 1000 samples for ultrafast bootstrap (seed: 306351)...
WARNING: GTR20 model will estimate 189 substitution rates that might be overfitting!
WARNING: Please only use GTR20 with very large data and always test for model fit!

NOTE: 15 MB RAM (0 GB) is required!
Measuring multi-threading efficiency up to 8 CPU cores
Increase to 10 rounds for branch lengths
20 trees examined
Threads: 1 / Time: 8.114 sec / Speedup: 1.000 / Efficiency: 100% / LogL: -88796
Threads: 2 / Time: 4.548 sec / Speedup: 1.784 / Efficiency: 89% / LogL: -88796
Threads: 3 / Time: 3.705 sec / Speedup: 2.190 / Efficiency: 73% / LogL: -88796
Threads: 4 / Time: 3.695 sec / Speedup: 2.196 / Efficiency: 55% / LogL: -88796
Threads: 5 / Time: 3.354 sec / Speedup: 2.419 / Efficiency: 48% / LogL: -88796
BEST NUMBER OF THREADS: 3

Estimate model parameters (epsilon = 0.100)
1. Initial log-likelihood: -20732.619
2. Current log-likelihood: -20262.494
3. Current log-likelihood: -20217.318
4. Current log-likelihood: -20210.261
5. Current log-likelihood: -20210.029
Optimal log-likelihood: -20209.938
Parameters optimization took 5 rounds (59.225 sec)
Computing ML distances based on estimated model parameters... 2.196 sec
Computing BIONJ tree...
0.025 seconds
Log-likelihood of BIONJ tree: -20271.178
--------------------------------------------------------------------
|             INITIALIZING CANDIDATE TREE SET                      |
--------------------------------------------------------------------
Generating 98 parsimony trees... 5.938 second
Computing log-likelihood of 98 initial trees ... 5.753 seconds
Current best score: -20191.210

Do NNI search on 20 best initial trees
Estimate model parameters (epsilon = 0.100)
BETTER TREE FOUND at iteration 1: -20188.569
Iteration 10 / LogL: -20191.513 / Time: 0h:1m:49s
Estimate model parameters (epsilon = 0.100)
BETTER TREE FOUND at iteration 13: -20187.321
Iteration 20 / LogL: -20191.402 / Time: 0h:1m:56s
Finish initializing candidate tree set (20)
Current best tree score: -20187.321 / CPU time: 32.783
Number of iterations: 20
--------------------------------------------------------------------
|               OPTIMIZING CANDIDATE TREE SET                      |
--------------------------------------------------------------------
Iteration 30 / LogL: -20191.284 / Time: 0h:2m:3s (0h:5m:54s left)
BETTER TREE FOUND at iteration 33: -20187.317
Iteration 40 / LogL: -20188.202 / Time: 0h:2m:10s (0h:5m:10s left)
Iteration 50 / LogL: -20187.317 / Time: 0h:2m:17s (0h:3m:52s left)
Log-likelihood cutoff on original alignment: -20249.638
BETTER TREE FOUND at iteration 52: -20187.315
Iteration 60 / LogL: -20191.871 / Time: 0h:2m:24s (0h:3m:45s left)
Iteration 70 / LogL: -20187.330 / Time: 0h:2m:30s (0h:2m:58s left)
BETTER TREE FOUND at iteration 75: -20187.315
Iteration 80 / LogL: -20189.064 / Time: 0h:2m:37s (0h:3m:8s left)
BETTER TREE FOUND at iteration 87: -20187.315
BETTER TREE FOUND at iteration 88: -20187.315
Iteration 90 / LogL: -20189.064 / Time: 0h:2m:43s (0h:2m:59s left)
Iteration 100 / LogL: -20187.315 / Time: 0h:2m:51s (0h:2m:32s left)
Log-likelihood cutoff on original alignment: -20249.638
NOTE: Bootstrap correlation coefficient of split occurrence frequencies: 0.998
UPDATE BEST LOG-LIKELIHOOD: -20187.314
BETTER TREE FOUND at iteration 108: -20187.314
Iteration 110 / LogL: -20268.606 / Time: 0h:2m:59s (0h:2m:41s left)
BETTER TREE FOUND at iteration 119: -20187.313
Iteration 120 / LogL: -20188.880 / Time: 0h:3m:6s (0h:2m:35s left)
Iteration 130 / LogL: -20187.313 / Time: 0h:3m:14s (0h:2m:14s left)
BETTER TREE FOUND at iteration 137: -20187.313
Iteration 140 / LogL: -20214.269 / Time: 0h:3m:22s (0h:2m:21s left)
BETTER TREE FOUND at iteration 141: -20187.313
Iteration 150 / LogL: -20246.141 / Time: 0h:3m:28s (0h:2m:7s left)
Log-likelihood cutoff on original alignment: -20249.638
Iteration 160 / LogL: -20317.830 / Time: 0h:3m:36s (0h:1m:50s left)
BETTER TREE FOUND at iteration 167: -20187.313
Iteration 170 / LogL: -20191.896 / Time: 0h:3m:43s (0h:2m:8s left)
Iteration 180 / LogL: -20214.470 / Time: 0h:3m:50s (0h:1m:52s left)
Iteration 190 / LogL: -20187.313 / Time: 0h:3m:58s (0h:1m:37s left)
Iteration 200 / LogL: -20189.764 / Time: 0h:4m:5s (0h:1m:22s left)
Log-likelihood cutoff on original alignment: -20249.638
NOTE: Bootstrap correlation coefficient of split occurrence frequencies: 0.999
Iteration 210 / LogL: -20187.314 / Time: 0h:4m:13s (0h:1m:49s left)
Iteration 220 / LogL: -20187.313 / Time: 0h:4m:22s (0h:1m:35s left)
BETTER TREE FOUND at iteration 230: -20187.312
Iteration 230 / LogL: -20187.312 / Time: 0h:4m:30s (0h:1m:58s left)
BETTER TREE FOUND at iteration 233: -20187.312
Iteration 240 / LogL: -20187.314 / Time: 0h:4m:37s (0h:1m:47s left)
Iteration 250 / LogL: -20206.021 / Time: 0h:4m:43s (0h:1m:34s left)
Log-likelihood cutoff on original alignment: -20249.638
Iteration 260 / LogL: -20187.315 / Time: 0h:4m:52s (0h:1m:22s left)
BETTER TREE FOUND at iteration 264: -20187.312
Iteration 270 / LogL: -20187.312 / Time: 0h:4m:59s (0h:1m:44s left)
BETTER TREE FOUND at iteration 271: -20187.312
Iteration 280 / LogL: -20187.312 / Time: 0h:5m:6s (0h:1m:39s left)
BETTER TREE FOUND at iteration 290: -20187.311
Iteration 290 / LogL: -20187.311 / Time: 0h:5m:14s (0h:1m:48s left)
BETTER TREE FOUND at iteration 300: -20187.311
Iteration 300 / LogL: -20187.311 / Time: 0h:5m:20s (0h:1m:47s left)
Log-likelihood cutoff on original alignment: -20249.638
NOTE: Bootstrap correlation coefficient of split occurrence frequencies: 0.998
Iteration 310 / LogL: -20195.603 / Time: 0h:5m:28s (0h:1m:35s left)
Iteration 320 / LogL: -20197.031 / Time: 0h:5m:36s (0h:1m:24s left)
Iteration 330 / LogL: -20189.321 / Time: 0h:5m:44s (0h:1m:13s left)
BETTER TREE FOUND at iteration 333: -20187.311
BETTER TREE FOUND at iteration 336: -20187.311
Iteration 340 / LogL: -20188.467 / Time: 0h:5m:51s (0h:1m:39s left)
Iteration 350 / LogL: -20188.498 / Time: 0h:5m:58s (0h:1m:28s left)
Log-likelihood cutoff on original alignment: -20249.638
BETTER TREE FOUND at iteration 353: -20187.310
Iteration 360 / LogL: -20196.703 / Time: 0h:6m:5s (0h:1m:34s left)
Iteration 370 / LogL: -20188.876 / Time: 0h:6m:12s (0h:1m:23s left)
Iteration 380 / LogL: -20187.312 / Time: 0h:6m:20s (0h:1m:13s left)
Iteration 390 / LogL: -20261.979 / Time: 0h:6m:28s (0h:1m:2s left)
BETTER TREE FOUND at iteration 393: -20187.310
Iteration 400 / LogL: -20193.106 / Time: 0h:6m:35s (0h:1m:32s left)
Log-likelihood cutoff on original alignment: -20249.638
NOTE: Bootstrap correlation coefficient of split occurrence frequencies: 0.999
Iteration 410 / LogL: -20187.311 / Time: 0h:6m:43s (0h:1m:28s left)
BETTER TREE FOUND at iteration 418: -20187.310
Iteration 420 / LogL: -20193.106 / Time: 0h:6m:51s (0h:1m:36s left)
Iteration 430 / LogL: -20187.312 / Time: 0h:6m:58s (0h:1m:25s left)
Iteration 440 / LogL: -20187.312 / Time: 0h:7m:6s (0h:1m:15s left)
Iteration 450 / LogL: -20187.312 / Time: 0h:7m:15s (0h:1m:5s left)
Log-likelihood cutoff on original alignment: -20249.638
Iteration 460 / LogL: -20187.312 / Time: 0h:7m:21s (0h:0m:55s left)
Iteration 470 / LogL: -20190.625 / Time: 0h:7m:28s (0h:0m:45s left)
Iteration 480 / LogL: -20187.310 / Time: 0h:7m:37s (0h:0m:36s left)
Iteration 490 / LogL: -20187.310 / Time: 0h:7m:46s (0h:0m:26s left)
Iteration 500 / LogL: -20196.941 / Time: 0h:7m:54s (0h:0m:17s left)
Log-likelihood cutoff on original alignment: -20249.638
NOTE: Bootstrap correlation coefficient of split occurrence frequencies: 0.998
Iteration 510 / LogL: -20190.625 / Time: 0h:8m:3s (0h:1m:25s left)
TREE SEARCH COMPLETED AFTER 519 ITERATIONS / Time: 0h:8m:10s

--------------------------------------------------------------------
|                    FINALIZING TREE SEARCH                        |
--------------------------------------------------------------------
Performs final model parameters optimization
Estimate model parameters (epsilon = 0.010)
1. Initial log-likelihood: -20187.310
2. Current log-likelihood: -20187.231
3. Current log-likelihood: -20187.127
4. Current log-likelihood: -20187.094
Optimal log-likelihood: -20187.084
Parameters optimization took 4 rounds (14.171 sec)
BEST SCORE FOUND : -20187.084
Creating bootstrap support values...
Split supports printed to NEXUS file /csm_data/spielman_lab/aa_phylo_fit_topology/simulations/alignments/wag_control/HA_andersen_rep3_AA.fasta.splits.nex
Total tree length: 5.539

Total number of iterations: 519
CPU time used for tree search: 1197.203 sec (0h:19m:57s)
Wall-clock time used for tree search: 407.245 sec (0h:6m:47s)
Total CPU time used: 1493.311 sec (0h:24m:53s)
Total wall-clock time used: 505.745 sec (0h:8m:25s)

Computing bootstrap consensus tree...
Reading input file /csm_data/spielman_lab/aa_phylo_fit_topology/simulations/alignments/wag_control/HA_andersen_rep3_AA.fasta.splits.nex...
176 taxa and 1060 splits.
Consensus tree written to /csm_data/spielman_lab/aa_phylo_fit_topology/simulations/alignments/wag_control/HA_andersen_rep3_AA.fasta.contree
Reading input trees file /csm_data/spielman_lab/aa_phylo_fit_topology/simulations/alignments/wag_control/HA_andersen_rep3_AA.fasta.contree
Log-likelihood of consensus tree: -20187.096

Analysis results written to: 
  IQ-TREE report:                /csm_data/spielman_lab/aa_phylo_fit_topology/simulations/alignments/wag_control/HA_andersen_rep3_AA.fasta.iqtree
  Maximum-likelihood tree:       /csm_data/spielman_lab/aa_phylo_fit_topology/simulations/alignments/wag_control/HA_andersen_rep3_AA.fasta.treefile
  Likelihood distances:          /csm_data/spielman_lab/aa_phylo_fit_topology/simulations/alignments/wag_control/HA_andersen_rep3_AA.fasta.mldist

Ultrafast bootstrap approximation results written to:
  Split support values:          /csm_data/spielman_lab/aa_phylo_fit_topology/simulations/alignments/wag_control/HA_andersen_rep3_AA.fasta.splits.nex
  Consensus tree:                /csm_data/spielman_lab/aa_phylo_fit_topology/simulations/alignments/wag_control/HA_andersen_rep3_AA.fasta.contree
  Screen log file:               /csm_data/spielman_lab/aa_phylo_fit_topology/simulations/alignments/wag_control/HA_andersen_rep3_AA.fasta.log

Date and Time: Sat Feb  1 23:21:47 2020
