IQ-TREE multicore version 1.6.7 for Linux 64-bit built Aug 23 2018
Developed by Bui Quang Minh, Nguyen Lam Tung, Olga Chernomor,
Heiko Schmidt, Dominik Schrempf, Michael Woodhams.

Host:    csm-gpu-001 (AVX2, FMA3, 62 GB RAM)
Command: iqtree -quiet -nt AUTO -ntmax 8 -m WAG+I+G4 -s /csm_data/spielman_lab/aa_phylo_fit_topology/simulations/alignments/wag_control/HA_dosreis_rep10_AA.fasta -st AA -redo -bb 1000
Seed:    478679 (Using SPRNG - Scalable Parallel Random Number Generator)
Time:    Sun Feb  2 02:46:34 2020
Kernel:  AVX+FMA - auto-detect threads (48 CPU cores detected)

Reading alignment file /csm_data/spielman_lab/aa_phylo_fit_topology/simulations/alignments/wag_control/HA_dosreis_rep10_AA.fasta ... Fasta format detected
Alignment most likely contains protein sequences
Alignment has 274 sequences with 564 columns, 506 distinct patterns
429 parsimony-informative, 57 singleton sites, 78 constant sites
                              Gap/Ambiguity  Composition  p-value
   1  Cavia_porcellus                 0.00%    passed     99.76%
   2  Thryonomys_swinderianus         0.00%    passed     99.98%
   3  Rattus_norvegicus               0.00%    passed     99.99%
   4  Rattus_tanezumi                 0.00%    passed    100.00%
   5  Rattus_rattus                   0.00%    passed    100.00%
   6  Rattus_exulans                  0.00%    passed    100.00%
   7  Rattus_praetor                  0.00%    passed     99.98%
   8  Mus_musculus                    0.00%    passed     99.96%
   9  Mus_terricolor                  0.00%    passed     99.99%
  10  Microtus_kikuchii               0.00%    passed     99.98%
  11  Microtus_rossiaemeridionalis    0.00%    passed     99.91%
  12  Proedromys_sp.                  0.00%    passed     99.90%
  13  Eothenomys_chinensis            0.00%    passed     99.95%
  14  Cricetulus_griseus              0.00%    passed     99.76%
  15  Tscherskia_triton               0.00%    passed     99.81%
  16  Mesocricetus_auratus            0.00%    passed     99.87%
  17  Nannospalax_ehrenbergi          0.00%    passed    100.00%
  18  Jaculus_jaculus                 0.00%    passed     99.88%
  19  Myoxus_glis                     0.00%    passed    100.00%
  20  Sciurus_vulgaris                0.00%    passed    100.00%
  21  Anomalurus_sp.                  0.00%    passed     94.48%
  22  Oryctolagus_cuniculus           0.00%    passed    100.00%
  23  Lepus_europaeus                 0.00%    passed     99.98%
  24  Ochotona_collaris               0.00%    passed     99.79%
  25  Ochotona_princeps               0.00%    passed    100.00%
  26  Ochotona_curzoniae              0.00%    passed    100.00%
  27  Pan_troglodytes                 0.00%    passed     99.99%
  28  Pan_paniscus                    0.00%    passed     99.98%
  29  Homo_sapiens                    0.00%    passed    100.00%
  30  Gorilla_gorilla                 0.00%    passed    100.00%
  31  Pongo_pygmaeus                  0.00%    passed     99.95%
  32  Pongo_abelii                    0.00%    passed     99.41%
  33  Hylobates_lar                   0.00%    passed     99.99%
  34  Hylobates_agilis                0.00%    passed    100.00%
  35  Hylobates_pileatus              0.00%    passed     99.88%
  36  Nomascus_siki                   0.00%    passed     99.99%
  37  Symphalangus_syndactylus        0.00%    passed    100.00%
  38  Papio_hamadryas                 0.00%    passed     99.36%
  39  Macaca_sylvanus                 0.00%    passed     99.73%
  40  Macaca_mulatta                  0.00%    passed     99.96%
  41  Macaca_fascicularis             0.00%    passed     99.86%
  42  Macaca_thibetana                0.00%    passed     99.98%
  43  Chlorocebus_aethiops            0.00%    passed     99.91%
  44  Chlorocebus_tantalus            0.00%    passed     99.88%
  45  Chlorocebus_pygerythrus         0.00%    passed     99.90%
  46  Chlorocebus_sabaeus             0.00%    passed     99.88%
  47  Trachypithecus_obscurus         0.00%    passed     99.94%
  48  Presbytis_melalophos            0.00%    passed     99.94%
  49  Nasalis_larvatus                0.00%    passed     99.97%
  50  Pygathrix_roxellana             0.00%    passed     99.96%
  51  Pygathrix_nemaeus               0.00%    passed     99.62%
  52  Semnopithecus_entellus          0.00%    passed     99.91%
  53  Colobus_guereza                 0.00%    passed     99.99%
  54  Procolobus_badius               0.00%    passed    100.00%
  55  Cebus_albifrons                 0.00%    passed     99.35%
  56  Saimiri_sciureus                0.00%    passed     99.09%
  57  Cynocephalus_variegatus         0.00%    passed     99.73%
  58  Nycticebus_coucang              0.00%    passed    100.00%
  59  Loris_tardigradus               0.00%    passed     99.98%
  60  Galago_senegalensis             0.00%    passed    100.00%
  61  Otolemur_crassicaudatus         0.00%    passed     99.97%
  62  Perodicticus_potto              0.00%    passed    100.00%
  63  Lemur_catta                     0.00%    passed    100.00%
  64  Eulemur_mongoz                  0.00%    passed    100.00%
  65  Eulemur_fulvus                  0.00%    passed    100.00%
  66  Eulemur_macaco                  0.00%    passed    100.00%
  67  Varecia_variegata               0.00%    passed     99.99%
  68  Propithecus_coquereli           0.00%    passed    100.00%
  69  Daubentonia_madagascariensis    0.00%    passed     99.99%
  70  Tarsius_bancanus                0.00%    passed    100.00%
  71  Tarsius_syrichta                0.00%    passed    100.00%
  72  Tupaia_belangeri                0.00%    passed     99.97%
  73  Ornithorhynchus_anatinus        0.00%    passed     99.66%
  74  Tachyglossus_aculeatus          0.00%    passed     99.18%
  75  Zaglossus_bruijni               0.00%    passed     98.54%
  76  Didelphis_virginiana            0.00%    passed     98.11%
  77  Metachirus_nudicaudatus         0.00%    passed     99.25%
  78  Thylamys_elegans                0.00%    passed     99.99%
  79  Monodelphis_domestica           0.00%    passed     99.75%
  80  Macropus_robustus               0.00%    passed     99.91%
  81  Lagorchestes_hirsutus           0.00%    passed     99.64%
  82  Lagostrophus_fasciatus          0.00%    passed     99.98%
  83  Potorous_tridactylus            0.00%    passed     99.89%
  84  Trichosurus_vulpecula           0.00%    passed    100.00%
  85  Phalanger_interpositus          0.00%    passed    100.00%
  86  Tarsipes_rostratus              0.00%    passed     99.58%
  87  Pseudocheirus_peregrinus        0.00%    passed     99.90%
  88  Petaurus_breviceps              0.00%    passed     99.99%
  89  Dactylopsila_trivirgata         0.00%    passed     99.79%
  90  Distoechurus_pennatus           0.00%    passed     99.26%
  91  Vombatus_ursinus                0.00%    passed     99.88%
  92  Phascolarctos_cinereus          0.00%    passed     99.08%
  93  Isoodon_macrourus               0.00%    passed     99.98%
  94  Perameles_gunnii                0.00%    passed     99.68%
  95  Echymipera_rufescens            0.00%    passed     99.91%
  96  Macrotis_lagotis                0.00%    passed    100.00%
  97  Dromiciops_gliroides            0.00%    passed     99.95%
  98  Sminthopsis_douglasi            0.00%    passed     99.96%
  99  Sminthopsis_crassicaudata       0.00%    passed     98.89%
 100  Phascogale_tapoatafa            0.00%    passed     99.17%
 101  Dasyurus_hallucatus             0.00%    passed     99.88%
 102  Myrmecobius_fasciatus           0.00%    passed     99.97%
 103  Thylacinus_cynocephalus         0.00%    passed     99.79%
 104  Notoryctes_typhlops             0.00%    passed     99.17%
 105  Caenolestes_fuliginosus         0.00%    passed     99.97%
 106  Rhyncholestes_raphanurus        0.00%    passed     98.99%
 107  Erinaceus_europaeus             0.00%    passed     99.76%
 108  Hemiechinus_auritus             0.00%    passed     97.87%
 109  Echinosorex_gymnura             0.00%    passed     99.07%
 110  Hylomys_suillus                 0.00%    passed     99.98%
 111  Dasypus_novemcinctus            0.00%    passed    100.00%
 112  Tamandua_tetradactyla           0.00%    passed     99.98%
 113  Bradypus_tridactylus            0.00%    passed     99.97%
 114  Choloepus_didactylus            0.00%    passed    100.00%
 115  Loxodonta_africana              0.00%    passed    100.00%
 116  Elephas_maximus                 0.00%    passed    100.00%
 117  Dugong_dugon                    0.00%    passed     99.86%
 118  Trichechus_manatus              0.00%    passed     99.98%
 119  Procavia_capensis               0.00%    passed     99.95%
 120  Dendrohyrax_dorsalis            0.00%    passed    100.00%
 121  Orycteropus_afer                0.00%    passed     99.95%
 122  Macroscelides_proboscideus      0.00%    passed     96.91%
 123  Elephantulus_sp.                0.00%    passed     99.97%
 124  Echinops_telfairi               0.00%    passed     93.27%
 125  Chrysochloris_asiatica          0.00%    passed     99.97%
 126  Eremitalpa_granti               0.00%    passed     99.67%
 127  Talpa_europaea                  0.00%    passed    100.00%
 128  Mogera_wogura                   0.00%    passed    100.00%
 129  Galemys_pyrenaicus              0.00%    passed    100.00%
 130  Urotrichus_talpoides            0.00%    passed    100.00%
 131  Episoriculus_fumidus            0.00%    passed     99.99%
 132  Sorex_unguiculatus              0.00%    passed     99.90%
 133  Crocidura_russula               0.00%    passed     99.93%
 134  Artibeus_jamaicensis            0.00%    passed     99.97%
 135  Mystacina_tuberculata           0.00%    passed     99.99%
 136  Chalinolobus_tuberculatus       0.00%    passed    100.00%
 137  Pipistrellus_abramus            0.00%    passed     99.97%
 138  Pteropus_dasymallus             0.00%    passed    100.00%
 139  Pteropus_scapulatus             0.00%    passed    100.00%
 140  Rousettus_aegyptiacus           0.00%    passed    100.00%
 141  Rhinolophus_monoceros           0.00%    passed    100.00%
 142  Rhinolophus_pumilus             0.00%    passed    100.00%
 143  Rhinolophus_formosae            0.00%    passed    100.00%
 144  Manis_tetradactyla              0.00%    passed     99.92%
 145  Phoca_vitulina                  0.00%    passed    100.00%
 146  Phoca_largha                    0.00%    passed    100.00%
 147  Phoca_sibirica                  0.00%    passed    100.00%
 148  Halichoerus_grypus              0.00%    passed    100.00%
 149  Phoca_caspica                   0.00%    passed    100.00%
 150  Phoca_hispida                   0.00%    passed    100.00%
 151  Phoca_fasciata                  0.00%    passed    100.00%
 152  Phoca_groenlandica              0.00%    passed    100.00%
 153  Cystophora_cristata             0.00%    passed    100.00%
 154  Erignathus_barbatus             0.00%    passed    100.00%
 155  Monachus_schauinslandi          0.00%    passed    100.00%
 156  Mirounga_leonina                0.00%    passed    100.00%
 157  Lobodon_carcinophaga            0.00%    passed    100.00%
 158  Leptonychotes_weddellii         0.00%    passed    100.00%
 159  Hydrurga_leptonyx               0.00%    passed    100.00%
 160  Arctocephalus_forsteri          0.00%    passed    100.00%
 161  Arctocephalus_townsendi         0.00%    passed    100.00%
 162  Phocarctos_hookeri              0.00%    passed    100.00%
 163  Neophoca_cinerea                0.00%    passed    100.00%
 164  Arctocephalus_pusillus          0.00%    passed    100.00%
 165  Zalophus_californianus          0.00%    passed    100.00%
 166  Eumetopias_jubatus              0.00%    passed    100.00%
 167  Callorhinus_ursinus             0.00%    passed    100.00%
 168  Odobenus_rosmarus               0.00%    passed     99.94%
 169  Procyon_lotor                   0.00%    passed    100.00%
 170  Spilogale_putorius              0.00%    passed     99.99%
 171  Martes_melampus                 0.00%    passed    100.00%
 172  Martes_zibellina                0.00%    passed    100.00%
 173  Martes_flavigula                0.00%    passed    100.00%
 174  Gulo_gulo                       0.00%    passed    100.00%
 175  Meles_meles                     0.00%    passed    100.00%
 176  Enhydra_lutris                  0.00%    passed    100.00%
 177  Lutra_lutra                     0.00%    passed    100.00%
 178  Ailurus_fulgens                 0.00%    passed    100.00%
 179  Ursus_americanus                0.00%    passed     99.97%
 180  Ursus_thibetanus                0.00%    passed     99.96%
 181  Helarctos_malayanus             0.00%    passed     99.96%
 182  Ursus_arctos                    0.00%    passed    100.00%
 183  Ursus_maritimus                 0.00%    passed    100.00%
 184  Melursus_ursinus                0.00%    passed    100.00%
 185  Tremarctos_ornatus              0.00%    passed    100.00%
 186  Ailuropoda_melanoleuca          0.00%    passed    100.00%
 187  Canis_lupus                     0.00%    passed     99.99%
 188  Canis_latrans                   0.00%    passed    100.00%
 189  Cuon_alpinus                    0.00%    passed    100.00%
 190  Vulpes_vulpes                   0.00%    passed     99.99%
 191  Nyctereutes_procyonoides        0.00%    passed    100.00%
 192  Felis_catus                     0.00%    passed    100.00%
 193  Acinonyx_jubatus                0.00%    passed    100.00%
 194  Neofelis_nebulosa               0.00%    passed     99.99%
 195  Uncia_uncia                     0.00%    passed    100.00%
 196  Panthera_pardus                 0.00%    passed    100.00%
 197  Panthera_tigris                 0.00%    passed    100.00%
 198  Herpestes_javanicus             0.00%    passed    100.00%
 199  Equus_caballus                  0.00%    passed    100.00%
 200  Equus_asinus                    0.00%    passed    100.00%
 201  Rhinoceros_unicornis            0.00%    passed    100.00%
 202  Rhinoceros_sondaicus            0.00%    passed    100.00%
 203  Ceratotherium_simum             0.00%    passed    100.00%
 204  Diceros_bicornis                0.00%    passed    100.00%
 205  Dicerorhinus_sumatrensis        0.00%    passed    100.00%
 206  Hippopotamus_amphibius          0.00%    passed    100.00%
 207  Balaenoptera_physalus           0.00%    passed     99.81%
 208  Megaptera_novaeangliae          0.00%    passed     99.90%
 209  Balaenoptera_acutorostrata      0.00%    passed     99.97%
 210  Balaenoptera_bonaerensis        0.00%    passed     99.99%
 211  Balaenoptera_musculus           0.00%    passed     99.86%
 212  Balaenoptera_brydei             0.00%    passed     99.99%
 213  Balaenoptera_edeni              0.00%    passed     99.96%
 214  Balaenoptera_borealis           0.00%    passed     99.97%
 215  Balaenoptera_omurai             0.00%    passed     99.95%
 216  Eschrichtius_robustus           0.00%    passed     99.99%
 217  Caperea_marginata               0.00%    passed     99.99%
 218  Balaena_mysticetus              0.00%    passed    100.00%
 219  Eubalaena_australis             0.00%    passed    100.00%
 220  Eubalaena_japonica              0.00%    passed    100.00%
 221  Physeter_catodon                0.00%    passed     99.98%
 222  Kogia_breviceps                 0.00%    passed    100.00%
 223  Hyperoodon_ampullatus           0.00%    passed     99.95%
 224  Berardius_bairdii               0.00%    passed    100.00%
 225  Platanista_minor                0.00%    passed    100.00%
 226  Inia_geoffrensis                0.00%    passed     99.99%
 227  Pontoporia_blainvillei          0.00%    passed    100.00%
 228  Lipotes_vexillifer              0.00%    passed     99.99%
 229  Lagenorhynchus_albirostris      0.00%    passed    100.00%
 230  Stenella_attenuata              0.00%    passed    100.00%
 231  Stenella_coeruleoalba           0.00%    passed    100.00%
 232  Tursiops_aduncus                0.00%    passed    100.00%
 233  Delphinus_capensis              0.00%    passed    100.00%
 234  Tursiops_truncatus              0.00%    passed     99.99%
 235  Sousa_chinensis                 0.00%    passed    100.00%
 236  Grampus_griseus                 0.00%    passed     99.99%
 237  Phocoena_phocoena               0.00%    passed    100.00%
 238  Monodon_monoceros               0.00%    passed    100.00%
 239  Ovis_aries                      0.00%    passed    100.00%
 240  Ammotragus_lervia               0.00%    passed    100.00%
 241  Budorcas_taxicolor              0.00%    passed    100.00%
 242  Capra_hircus                    0.00%    passed    100.00%
 243  Naemorhedus_swinhoei            0.00%    passed     99.98%
 244  Capricornis_crispus             0.00%    passed     99.98%
 245  Naemorhedus_caudatus            0.00%    passed     99.97%
 246  Pantholops_hodgsonii            0.00%    passed    100.00%
 247  Antilope_cervicapra             0.00%    passed    100.00%
 248  Bos_indicus                     0.00%    passed     99.98%
 249  Bos_taurus                      0.00%    passed     99.98%
 250  Bison_bonasus                   0.00%    passed     99.97%
 251  Bos_grunniens                   0.00%    passed     99.97%
 252  Bison_bison                     0.00%    passed     99.99%
 253  Bubalus_bubalis                 0.00%    passed    100.00%
 254  Moschus_berezovskii             0.00%    passed    100.00%
 255  Moschus_moschiferus             0.00%    passed    100.00%
 256  Muntiacus_reevesi               0.00%    passed    100.00%
 257  Muntiacus_muntjak               0.00%    passed    100.00%
 258  Muntiacus_crinifrons            0.00%    passed    100.00%
 259  Cervus_nippon                   0.00%    passed     99.99%
 260  Cervus_elaphus                  0.00%    passed    100.00%
 261  Cervus_unicolor                 0.00%    passed    100.00%
 262  Elaphodus_cephalophus           0.00%    passed    100.00%
 263  Rangifer_tarandus               0.00%    passed    100.00%
 264  Hydropotes_inermis              0.00%    passed    100.00%
 265  Giraffa_camelopardalis          0.00%    passed    100.00%
 266  Lama_pacos                      0.00%    passed    100.00%
 267  Lama_glama                      0.00%    passed    100.00%
 268  Lama_guanicoe                   0.00%    passed    100.00%
 269  Vicugna_vicugna                 0.00%    passed    100.00%
 270  Camelus_bactrianus              0.00%    passed    100.00%
 271  Camelus_dromedarius             0.00%    passed     99.99%
 272  Pecari_tajacu                   0.00%    passed    100.00%
 273  Sus_scrofa                      0.00%    passed    100.00%
 274  Phacochoerus_africanus          0.00%    passed    100.00%
****  TOTAL                           0.00%  0 sequences failed composition chi2 test (p-value<5%; df=19)
NOTE: Eubalaena_japonica is identical to Eubalaena_australis but kept for subsequent analysis

Create initial parsimony tree by phylogenetic likelihood library (PLL)... 0.139 seconds
Generating 1000 samples for ultrafast bootstrap (seed: 478679)...

NOTE: 91 MB RAM (0 GB) is required!
Measuring multi-threading efficiency up to 8 CPU cores
Increase to 10 rounds for branch lengths
3 trees examined
Threads: 1 / Time: 10.452 sec / Speedup: 1.000 / Efficiency: 100% / LogL: -89798
Threads: 2 / Time: 4.966 sec / Speedup: 2.105 / Efficiency: 105% / LogL: -89798
Threads: 3 / Time: 3.634 sec / Speedup: 2.877 / Efficiency: 96% / LogL: -89798
Threads: 4 / Time: 2.755 sec / Speedup: 3.793 / Efficiency: 95% / LogL: -89798
Threads: 5 / Time: 2.549 sec / Speedup: 4.101 / Efficiency: 82% / LogL: -89798
Threads: 6 / Time: 2.406 sec / Speedup: 4.344 / Efficiency: 72% / LogL: -89798
Threads: 7 / Time: 2.191 sec / Speedup: 4.770 / Efficiency: 68% / LogL: -89798
Threads: 8 / Time: 2.032 sec / Speedup: 5.143 / Efficiency: 64% / LogL: -89798
BEST NUMBER OF THREADS: 8

Estimate model parameters (epsilon = 0.100)
Thoroughly optimizing +I+G parameters from 10 start values...
Init pinv, alpha: 0.000, 1.000 / Estimate: 0.000, 0.702 / LogL: -42607.054
Init pinv, alpha: 0.015, 1.000 / Estimate: 0.107, 0.886 / LogL: -42571.773
Init pinv, alpha: 0.031, 1.000 / Estimate: 0.107, 0.886 / LogL: -42571.778
Init pinv, alpha: 0.046, 1.000 / Estimate: 0.108, 0.887 / LogL: -42571.769
Init pinv, alpha: 0.061, 1.000 / Estimate: 0.107, 0.886 / LogL: -42571.775
Init pinv, alpha: 0.077, 1.000 / Estimate: 0.108, 0.887 / LogL: -42571.771
Init pinv, alpha: 0.092, 1.000 / Estimate: 0.108, 0.888 / LogL: -42571.769
Init pinv, alpha: 0.108, 1.000 / Estimate: 0.108, 0.887 / LogL: -42571.776
Init pinv, alpha: 0.123, 1.000 / Estimate: 0.108, 0.889 / LogL: -42571.772
Init pinv, alpha: 0.138, 1.000 / Estimate: 0.108, 0.889 / LogL: -42571.770
Optimal pinv,alpha: 0.108, 0.888 / LogL: -42571.769

Parameters optimization took 14.184 sec
Computing ML distances based on estimated model parameters... 18.043 sec
Computing BIONJ tree...
0.071 seconds
Log-likelihood of BIONJ tree: -42629.133
--------------------------------------------------------------------
|             INITIALIZING CANDIDATE TREE SET                      |
--------------------------------------------------------------------
Generating 98 parsimony trees... 15.337 second
Computing log-likelihood of 98 initial trees ... 16.634 seconds
Current best score: -42571.769

Do NNI search on 20 best initial trees
Estimate model parameters (epsilon = 0.100)
BETTER TREE FOUND at iteration 1: -42569.842
Estimate model parameters (epsilon = 0.100)
BETTER TREE FOUND at iteration 2: -42568.490
Estimate model parameters (epsilon = 0.100)
BETTER TREE FOUND at iteration 7: -42568.480
BETTER TREE FOUND at iteration 9: -42568.480
BETTER TREE FOUND at iteration 10: -42568.478
Iteration 10 / LogL: -42568.478 / Time: 0h:1m:42s
Iteration 20 / LogL: -42568.479 / Time: 0h:2m:4s
Finish initializing candidate tree set (20)
Current best tree score: -42568.478 / CPU time: 75.607
Number of iterations: 20
--------------------------------------------------------------------
|               OPTIMIZING CANDIDATE TREE SET                      |
--------------------------------------------------------------------
BETTER TREE FOUND at iteration 21: -42568.478
Iteration 30 / LogL: -42568.479 / Time: 0h:2m:29s (0h:7m:46s left)
BETTER TREE FOUND at iteration 35: -42568.477
Iteration 40 / LogL: -42581.062 / Time: 0h:2m:51s (0h:6m:55s left)
Iteration 50 / LogL: -42573.258 / Time: 0h:3m:14s (0h:5m:36s left)
Log-likelihood cutoff on original alignment: -42621.944
Iteration 60 / LogL: -42568.562 / Time: 0h:3m:39s (0h:4m:38s left)
UPDATE BEST LOG-LIKELIHOOD: -42568.476
Iteration 70 / LogL: -42568.478 / Time: 0h:4m:2s (0h:3m:47s left)
BETTER TREE FOUND at iteration 72: -42568.476
BETTER TREE FOUND at iteration 78: -42568.476
Iteration 80 / LogL: -42573.255 / Time: 0h:4m:26s (0h:5m:29s left)
Iteration 90 / LogL: -42568.485 / Time: 0h:4m:49s (0h:4m:45s left)
Iteration 100 / LogL: -42568.486 / Time: 0h:5m:11s (0h:4m:4s left)
Log-likelihood cutoff on original alignment: -42615.356
NOTE: Bootstrap correlation coefficient of split occurrence frequencies: 0.999
Iteration 110 / LogL: -42568.487 / Time: 0h:5m:34s (0h:4m:35s left)
BETTER TREE FOUND at iteration 112: -42568.476
BETTER TREE FOUND at iteration 118: -42568.475
Iteration 120 / LogL: -42568.477 / Time: 0h:5m:57s (0h:4m:53s left)
Iteration 130 / LogL: -42581.439 / Time: 0h:6m:20s (0h:4m:19s left)
Iteration 140 / LogL: -42568.570 / Time: 0h:6m:44s (0h:3m:46s left)
Iteration 150 / LogL: -42568.563 / Time: 0h:7m:8s (0h:3m:15s left)
Log-likelihood cutoff on original alignment: -42615.356
Iteration 160 / LogL: -42568.476 / Time: 0h:7m:33s (0h:2m:45s left)
Iteration 170 / LogL: -42581.155 / Time: 0h:7m:55s (0h:2m:14s left)
BETTER TREE FOUND at iteration 173: -42568.475
Iteration 180 / LogL: -42568.487 / Time: 0h:8m:18s (0h:4m:18s left)
BETTER TREE FOUND at iteration 186: -42568.475
Iteration 190 / LogL: -42568.562 / Time: 0h:8m:41s (0h:4m:24s left)
UPDATE BEST LOG-LIKELIHOOD: -42568.475
Iteration 200 / LogL: -42568.475 / Time: 0h:9m:4s (0h:3m:55s left)
Log-likelihood cutoff on original alignment: -42615.356
NOTE: Bootstrap correlation coefficient of split occurrence frequencies: 0.999
Iteration 210 / LogL: -42568.477 / Time: 0h:9m:29s (0h:4m:5s left)
Iteration 220 / LogL: -42568.477 / Time: 0h:9m:53s (0h:3m:36s left)
Iteration 230 / LogL: -42568.477 / Time: 0h:10m:16s (0h:3m:8s left)
Iteration 240 / LogL: -42568.476 / Time: 0h:10m:38s (0h:2m:40s left)
UPDATE BEST LOG-LIKELIHOOD: -42568.475
BETTER TREE FOUND at iteration 249: -42568.475
Iteration 250 / LogL: -42568.477 / Time: 0h:11m:1s (0h:4m:22s left)
Log-likelihood cutoff on original alignment: -42615.356
Iteration 260 / LogL: -42568.477 / Time: 0h:11m:25s (0h:3m:55s left)
Iteration 270 / LogL: -42568.486 / Time: 0h:11m:50s (0h:3m:28s left)
BETTER TREE FOUND at iteration 278: -42568.475
Iteration 280 / LogL: -42576.561 / Time: 0h:12m:14s (0h:4m:17s left)
BETTER TREE FOUND at iteration 282: -42568.474
Iteration 290 / LogL: -42569.839 / Time: 0h:12m:38s (0h:4m:1s left)
Iteration 300 / LogL: -42568.475 / Time: 0h:13m:1s (0h:3m:34s left)
Log-likelihood cutoff on original alignment: -42615.356
NOTE: Bootstrap correlation coefficient of split occurrence frequencies: 0.999
Iteration 310 / LogL: -42568.475 / Time: 0h:13m:26s (0h:3m:54s left)
Iteration 320 / LogL: -42568.475 / Time: 0h:13m:48s (0h:3m:27s left)
Iteration 330 / LogL: -42568.562 / Time: 0h:14m:10s (0h:3m:0s left)
Iteration 340 / LogL: -42574.618 / Time: 0h:14m:36s (0h:2m:34s left)
BETTER TREE FOUND at iteration 348: -42568.474
Iteration 350 / LogL: -42569.934 / Time: 0h:15m:0s (0h:4m:12s left)
Log-likelihood cutoff on original alignment: -42615.707
Iteration 360 / LogL: -42582.793 / Time: 0h:15m:25s (0h:3m:46s left)
Iteration 370 / LogL: -42568.475 / Time: 0h:15m:47s (0h:3m:20s left)
Iteration 380 / LogL: -42568.476 / Time: 0h:16m:12s (0h:2m:54s left)
Iteration 390 / LogL: -42568.476 / Time: 0h:16m:35s (0h:2m:28s left)
Iteration 400 / LogL: -42568.484 / Time: 0h:16m:59s (0h:2m:2s left)
Log-likelihood cutoff on original alignment: -42616.269
NOTE: Bootstrap correlation coefficient of split occurrence frequencies: 0.999
Iteration 410 / LogL: -42568.560 / Time: 0h:17m:24s (0h:3m:49s left)
Iteration 420 / LogL: -42568.560 / Time: 0h:17m:49s (0h:3m:24s left)
BETTER TREE FOUND at iteration 427: -42568.474
Iteration 430 / LogL: -42568.476 / Time: 0h:18m:12s (0h:4m:6s left)
Iteration 440 / LogL: -42568.562 / Time: 0h:18m:36s (0h:3m:41s left)
BETTER TREE FOUND at iteration 443: -42568.474
BETTER TREE FOUND at iteration 445: -42568.474
Iteration 450 / LogL: -42568.569 / Time: 0h:19m:1s (0h:4m:1s left)
Log-likelihood cutoff on original alignment: -42616.269
Iteration 460 / LogL: -42568.485 / Time: 0h:19m:26s (0h:3m:35s left)
Iteration 470 / LogL: -42568.560 / Time: 0h:19m:49s (0h:3m:10s left)
Iteration 480 / LogL: -42568.475 / Time: 0h:20m:12s (0h:2m:44s left)
Iteration 490 / LogL: -42569.848 / Time: 0h:20m:36s (0h:2m:19s left)
Iteration 500 / LogL: -42568.475 / Time: 0h:20m:59s (0h:1m:53s left)
Log-likelihood cutoff on original alignment: -42615.707
NOTE: Bootstrap correlation coefficient of split occurrence frequencies: 0.999
Iteration 510 / LogL: -42581.060 / Time: 0h:21m:23s (0h:3m:46s left)
Iteration 520 / LogL: -42568.474 / Time: 0h:21m:47s (0h:3m:21s left)
UPDATE BEST LOG-LIKELIHOOD: -42568.474
Iteration 530 / LogL: -42569.838 / Time: 0h:22m:9s (0h:2m:55s left)
BETTER TREE FOUND at iteration 533: -42568.474
Iteration 540 / LogL: -42568.475 / Time: 0h:22m:34s (0h:3m:53s left)
Iteration 550 / LogL: -42568.475 / Time: 0h:22m:57s (0h:3m:28s left)
Log-likelihood cutoff on original alignment: -42615.707
Iteration 560 / LogL: -42581.516 / Time: 0h:23m:21s (0h:3m:2s left)
Iteration 570 / LogL: -42568.570 / Time: 0h:23m:48s (0h:2m:38s left)
Iteration 580 / LogL: -42568.569 / Time: 0h:24m:13s (0h:2m:12s left)
Iteration 590 / LogL: -42568.474 / Time: 0h:24m:37s (0h:1m:47s left)
Iteration 600 / LogL: -42568.476 / Time: 0h:25m:0s (0h:1m:22s left)
Log-likelihood cutoff on original alignment: -42615.707
NOTE: Bootstrap correlation coefficient of split occurrence frequencies: 0.999
Iteration 610 / LogL: -42568.474 / Time: 0h:25m:25s (0h:3m:45s left)
Iteration 620 / LogL: -42569.839 / Time: 0h:25m:51s (0h:3m:20s left)
Iteration 630 / LogL: -42574.695 / Time: 0h:26m:16s (0h:2m:55s left)
TREE SEARCH COMPLETED AFTER 634 ITERATIONS / Time: 0h:26m:26s

--------------------------------------------------------------------
|                    FINALIZING TREE SEARCH                        |
--------------------------------------------------------------------
Performs final model parameters optimization
Estimate model parameters (epsilon = 0.010)
1. Initial log-likelihood: -42568.474
Optimal log-likelihood: -42568.474
Proportion of invariable sites: 0.108
Gamma shape alpha: 0.888
Parameters optimization took 1 rounds (0.232 sec)
BEST SCORE FOUND : -42568.474
Creating bootstrap support values...
Split supports printed to NEXUS file /csm_data/spielman_lab/aa_phylo_fit_topology/simulations/alignments/wag_control/HA_dosreis_rep10_AA.fasta.splits.nex
Total tree length: 17.522

Total number of iterations: 634
CPU time used for tree search: 12030.158 sec (3h:20m:30s)
Wall-clock time used for tree search: 1537.328 sec (0h:25m:37s)
Total CPU time used: 12296.486 sec (3h:24m:56s)
Total wall-clock time used: 1587.614 sec (0h:26m:27s)

Computing bootstrap consensus tree...
Reading input file /csm_data/spielman_lab/aa_phylo_fit_topology/simulations/alignments/wag_control/HA_dosreis_rep10_AA.fasta.splits.nex...
274 taxa and 1061 splits.
Consensus tree written to /csm_data/spielman_lab/aa_phylo_fit_topology/simulations/alignments/wag_control/HA_dosreis_rep10_AA.fasta.contree
Reading input trees file /csm_data/spielman_lab/aa_phylo_fit_topology/simulations/alignments/wag_control/HA_dosreis_rep10_AA.fasta.contree
Log-likelihood of consensus tree: -42568.480

Analysis results written to: 
  IQ-TREE report:                /csm_data/spielman_lab/aa_phylo_fit_topology/simulations/alignments/wag_control/HA_dosreis_rep10_AA.fasta.iqtree
  Maximum-likelihood tree:       /csm_data/spielman_lab/aa_phylo_fit_topology/simulations/alignments/wag_control/HA_dosreis_rep10_AA.fasta.treefile
  Likelihood distances:          /csm_data/spielman_lab/aa_phylo_fit_topology/simulations/alignments/wag_control/HA_dosreis_rep10_AA.fasta.mldist

Ultrafast bootstrap approximation results written to:
  Split support values:          /csm_data/spielman_lab/aa_phylo_fit_topology/simulations/alignments/wag_control/HA_dosreis_rep10_AA.fasta.splits.nex
  Consensus tree:                /csm_data/spielman_lab/aa_phylo_fit_topology/simulations/alignments/wag_control/HA_dosreis_rep10_AA.fasta.contree
  Screen log file:               /csm_data/spielman_lab/aa_phylo_fit_topology/simulations/alignments/wag_control/HA_dosreis_rep10_AA.fasta.log

Date and Time: Sun Feb  2 03:13:03 2020
