IQ-TREE multicore version 1.6.7 for Linux 64-bit built Aug 23 2018
Developed by Bui Quang Minh, Nguyen Lam Tung, Olga Chernomor,
Heiko Schmidt, Dominik Schrempf, Michael Woodhams.

Host:    csm-com-009 (AVX2, FMA3, 62 GB RAM)
Command: iqtree -quiet -nt AUTO -ntmax 8 -m WAG+I+G4 -s /csm_data/spielman_lab/aa_phylo_fit_topology/simulations/alignments/wag_control/HA_ruhfel_rep2_AA.fasta -st AA -redo -bb 1000
Seed:    926632 (Using SPRNG - Scalable Parallel Random Number Generator)
Time:    Sat Feb  1 20:06:07 2020
Kernel:  AVX+FMA - auto-detect threads (48 CPU cores detected)

Reading alignment file /csm_data/spielman_lab/aa_phylo_fit_topology/simulations/alignments/wag_control/HA_ruhfel_rep2_AA.fasta ... Fasta format detected
Alignment most likely contains protein sequences
Alignment has 360 sequences with 564 columns, 527 distinct patterns
467 parsimony-informative, 44 singleton sites, 53 constant sites
                                  Gap/Ambiguity  Composition  p-value
   1  Abies_firma                         0.00%    passed     99.96%
   2  Abolboda_macrostachya               0.00%    passed     99.98%
   3  Cyperus_alternifolius               0.00%    passed     97.09%
   4  Juncus_effusus                      0.00%    passed     99.52%
   5  Thurnia_sphaerocephala              0.00%    passed     99.92%
   6  Acidosasa_purpurea                  0.00%    passed     99.95%
   7  Ferrocalamus_rimosivaginus          0.00%    passed     99.95%
   8  Indocalamus_longiauritus            0.00%    passed     99.95%
   9  Phyllostachys_edulis                0.00%    passed     99.95%
  10  Phyllostachys_nigra                 0.00%    passed     99.95%
  11  Phyllostachys_propinqua             0.00%    passed     99.95%
  12  Bambusa_emeiensis                   0.00%    passed     99.78%
  13  Bambusa_oldhamii                    0.00%    passed     99.90%
  14  Dendrocalamus_latiflorus            0.00%    passed     99.90%
  15  Agrostis_stolonifera                0.00%    passed     99.98%
  16  Festuca_arundinacea                 0.00%    passed     99.94%
  17  Lolium_perenne                      0.00%    passed     99.56%
  18  Hordeum_vulgare                     0.00%    passed     99.96%
  19  Triticum_aestivum                   0.00%    passed     99.98%
  20  Brachypodium_distachyon             0.00%    passed     99.53%
  21  Leersia_tisserantii                 0.00%    passed    100.00%
  22  Oryza_australiensis                 0.00%    passed    100.00%
  23  Oryza_meridionalis                  0.00%    passed    100.00%
  24  Oryza_rufipogonB                    0.00%    passed    100.00%
  25  Oryza_nivara                        0.00%    passed    100.00%
  26  Oryza_rufipogonA                    0.00%    passed    100.00%
  27  Oryza_sativaIndica                  0.00%    passed    100.00%
  28  Oryza_sativaJaponica                0.00%    passed    100.00%
  29  Potamophila_parviflora              0.00%    passed     99.99%
  30  Rhynchoryza_subulata                0.00%    passed     99.99%
  31  Microlaena_stipoides                0.00%    passed     99.99%
  32  Coix_lacryma                        0.00%    passed     99.63%
  33  Saccharum_hybrid310                 0.00%    passed     99.34%
  34  Sorghum_bicolor                     0.00%    passed     99.25%
  35  Zea_mays                            0.00%    passed     99.52%
  36  Panicum_virgatum                    0.00%    passed     99.68%
  37  Eleusine_coracana                   0.00%    passed     99.74%
  38  Puelia_olyriformis                  0.00%    passed     99.94%
  39  Anomochloa_marantoidea              0.00%    passed     99.98%
  40  Streptochaeta_angustifolia          0.00%    passed     99.60%
  41  Ecdeiocolea_monostachya             0.00%    passed     99.92%
  42  Georgeantha_hexandra                0.00%    passed    100.00%
  43  Joinvillea_ascendens                0.00%    passed     99.98%
  44  Flagellaria_indica                  0.00%    passed    100.00%
  45  Centrolepis_monogyna                0.00%    passed     99.81%
  46  Thamnochortus_insignis              0.00%    passed     99.68%
  47  Mayaca_fluviatilis                  0.00%    passed     99.98%
  48  Syngonanthus_chrysanthus            0.00%    passed     99.97%
  49  Potarophytum_riparium               0.00%    passed    100.00%
  50  Sparganium_eurycarpum               0.00%    passed    100.00%
  51  Typha_latifolia                     0.00%    passed    100.00%
  52  Brocchinia_micrantha                0.00%    passed    100.00%
  53  Fosterella_caulescens               0.00%    passed    100.00%
  54  Pitcairnia_feliciana                0.00%    passed    100.00%
  55  Neoregelia_carolinae                0.00%    passed    100.00%
  56  Puya_laxa                           0.00%    passed    100.00%
  57  Navia_saxicola                      0.00%    passed    100.00%
  58  Belosynapsis_ciliata                0.00%    passed    100.00%
  59  Tradescantia_ohiensis               0.00%    passed    100.00%
  60  Musa_acuminata                      0.00%    passed    100.00%
  61  Renealmia_alpinia                   0.00%    passed    100.00%
  62  Chamaedorea_seifrizii               0.00%    passed    100.00%
  63  Elaeis_oleifera                     0.00%    passed    100.00%
  64  Ravenea_hildebrandtii               0.00%    passed    100.00%
  65  Phoenix_dactylifera                 0.00%    passed    100.00%
  66  Dasypogon_bromeliifolius            0.00%    passed    100.00%
  67  Kingia_australis                    0.00%    passed    100.00%
  68  Agapanthus_praecox                  0.00%    passed    100.00%
  69  Albuca_kirkii                       0.00%    passed     99.99%
  70  Chlorophytum_rhizopendulum          0.00%    passed    100.00%
  71  Hesperaloe_parviflora               0.00%    passed    100.00%
  72  Yucca_schidigera                    0.00%    passed    100.00%
  73  Hosta_ventricosa                    0.00%    passed    100.00%
  74  Asparagus_officinalis               0.00%    passed    100.00%
  75  Lomandra_longifolia                 0.00%    passed    100.00%
  76  Nolina_atopocarpa                   0.00%    passed    100.00%
  77  Phormium_tenax                      0.00%    passed    100.00%
  78  Iris_virginica                      0.00%    passed     99.95%
  79  Curculigo_capitulata                0.00%    passed    100.00%
  80  Neoastelia_spectabilis              0.00%    passed    100.00%
  81  Apostasia_wallichii                 0.00%    passed    100.00%
  82  Neottia_nidus                       0.00%    passed    100.00%
  83  Rhizanthella_gardneri               0.00%    passed    100.00%
  84  Oncidium_Gower                      0.00%    passed    100.00%
  85  Phalaenopsis_aphrodite              0.00%    passed    100.00%
  86  Dioscorea_elephantipes              0.00%    passed    100.00%
  87  Pandanus_utilis                     0.00%    passed    100.00%
  88  Lilium_superbum                     0.00%    passed    100.00%
  89  Colocasia_esculenta                 0.00%    passed    100.00%
  90  Lemna_minor                         0.00%    passed    100.00%
  91  Wolffia_australiana                 0.00%    passed    100.00%
  92  Wolffiella_lingulata                0.00%    passed    100.00%
  93  Spirodela_polyrhiza                 0.00%    passed    100.00%
  94  Acorus_americanus                   0.00%    passed    100.00%
  95  Acorus_calamus                      0.00%    passed    100.00%
  96  Ceratophyllum_demersum              0.00%    passed    100.00%
  97  Piper_cenocladum                    0.00%    passed     99.94%
  98  Aethionema_cordifolium              0.00%    passed     99.93%
  99  Aethionema_grandiflorum             0.00%    passed     99.96%
 100  Arabidopsis_thaliana                0.00%    passed     99.97%
 101  Capsella_bursa                      0.00%    passed     99.75%
 102  Olimarabidopsis_pumila              0.00%    passed     99.79%
 103  Crucihimalaya_wallichii             0.00%    passed     99.55%
 104  Barbarea_verna                      0.00%    passed     99.74%
 105  Nasturtium_officinale               0.00%    passed     99.66%
 106  Lepidium_virginicum                 0.00%    passed     99.93%
 107  Arabis_hirsuta                      0.00%    passed     99.95%
 108  Draba_nemorosa                      0.00%    passed     99.99%
 109  Lobularia_maritima                  0.00%    passed     99.97%
 110  Carica_papaya                       0.00%    passed    100.00%
 111  Gossypium_arboreum                  0.00%    passed    100.00%
 112  Gossypium_herbaceum                 0.00%    passed    100.00%
 113  Gossypium_thurberi                  0.00%    passed    100.00%
 114  Gossypium_barbadense                0.00%    passed    100.00%
 115  Gossypium_tomentosum                0.00%    passed    100.00%
 116  Gossypium_darwinii                  0.00%    passed    100.00%
 117  Gossypium_hirsutum                  0.00%    passed    100.00%
 118  Gossypium_mustelinum                0.00%    passed    100.00%
 119  Gossypium_raimondii                 0.00%    passed    100.00%
 120  Theobroma_cacao                     0.00%    passed    100.00%
 121  Citrus_sinensis                     0.00%    passed    100.00%
 122  Staphylea_colchica                  0.00%    passed    100.00%
 123  Bulnesia_arborea                    0.00%    passed    100.00%
 124  Erodium_carvifolium                 0.00%    passed     99.66%
 125  Erodium_texanum                     0.00%    passed     99.98%
 126  Geranium_palmatum                   0.00%    passed     99.81%
 127  Monsonia_speciosa                   0.00%    passed     99.94%
 128  Pelargonium_x                       0.00%    passed    100.00%
 129  Eucalyptus_globulus                 0.00%    passed    100.00%
 130  Eucalyptus_grandis                  0.00%    passed    100.00%
 131  Oenothera_argillicola               0.00%    passed    100.00%
 132  Oenothera_parviflora                0.00%    passed    100.00%
 133  Oenothera_biennis                   0.00%    passed    100.00%
 134  Oenothera_elata                     0.00%    passed    100.00%
 135  Oenothera_glazioviana               0.00%    passed    100.00%
 136  Castanea_mollissima                 0.00%    passed    100.00%
 137  Quercus_nigra                       0.00%    passed     99.99%
 138  Ficus_sp                            0.00%    passed    100.00%
 139  Morus_indica                        0.00%    passed    100.00%
 140  Fragaria_vesca                      0.00%    passed    100.00%
 141  Pentactina_rupicola                 0.00%    passed    100.00%
 142  Pyrus_pyrifolia                     0.00%    passed    100.00%
 143  Prunus_persica                      0.00%    passed    100.00%
 144  Cicer_arietinum                     0.00%    passed    100.00%
 145  Lathyrus_sativus                    0.00%    passed     99.99%
 146  Pisum_sativum                       0.00%    passed    100.00%
 147  Trifolium_subterraneum              0.00%    passed     99.96%
 148  Medicago_truncatula                 0.00%    passed     99.96%
 149  Lotus_japonicus                     0.00%    passed     99.98%
 150  Glycine_max                         0.00%    passed     99.99%
 151  Phaseolus_vulgaris                  0.00%    passed     99.99%
 152  Vigna_radiata                       0.00%    passed     99.99%
 153  Millettia_pinnata                   0.00%    passed    100.00%
 154  Corynocarpus_laevigata              0.00%    passed    100.00%
 155  Cucumis_melo                        0.00%    passed     99.97%
 156  Cucumis_sativus                     0.00%    passed     99.99%
 157  Euonymus_americanus                 0.00%    passed    100.00%
 158  Oxalis_latifolia                    0.00%    passed     99.97%
 159  Hevea_brasiliensis                  0.00%    passed    100.00%
 160  Manihot_esculenta                   0.00%    passed    100.00%
 161  Ricinus_communis                    0.00%    passed     99.97%
 162  Jatropha_curcas                     0.00%    passed    100.00%
 163  Passiflora_biflora                  0.00%    passed     99.99%
 164  Populus_alba                        0.00%    passed    100.00%
 165  Populus_trichocarpa                 0.00%    passed    100.00%
 166  Heuchera_sanguinea                  0.00%    passed    100.00%
 167  Liquidambar_styraciflua             0.00%    passed    100.00%
 168  Vitis_vinifera                      0.00%    passed    100.00%
 169  Dillenia_indica                     0.00%    passed    100.00%
 170  Ageratina_adenophora                0.00%    passed    100.00%
 171  Helianthus_annuus                   0.00%    passed     99.99%
 172  Parthenium_argentatum               0.00%    passed     99.99%
 173  Guizotia_abyssinica                 0.00%    passed    100.00%
 174  Jacobaea_vulgaris                   0.00%    passed     99.99%
 175  Lactuca_sativa                      0.00%    passed    100.00%
 176  Scaevola_aemula                     0.00%    passed     99.94%
 177  Trachelium_caeruleum                0.00%    passed     99.25%
 178  Anethum_graveolens                  0.00%    passed    100.00%
 179  Petroselinum_crispum                0.00%    passed    100.00%
 180  Crithmum_maritimum                  0.00%    passed    100.00%
 181  Anthriscus_cerefolium               0.00%    passed    100.00%
 182  Daucus_carota                       0.00%    passed    100.00%
 183  Oxypolis_greenmanii                 0.00%    passed    100.00%
 184  Eleutherococcus_senticosus          0.00%    passed    100.00%
 185  Panax_ginseng                       0.00%    passed     99.99%
 186  Hydrocotyle_sp                      0.00%    passed    100.00%
 187  Lonicera_japonica                   0.00%    passed    100.00%
 188  Ilex_cornuta                        0.00%    passed    100.00%
 189  Antirrhinum_majus                   0.00%    passed    100.00%
 190  Epifagus_virginiana                 0.00%    passed     99.95%
 191  Boea_hygrometrica                   0.00%    passed    100.00%
 192  Sesamum_indicum                     0.00%    passed    100.00%
 193  Jasminum_nudiflorum                 0.00%    passed    100.00%
 194  Olea_europaeacuspi                  0.00%    passed    100.00%
 195  Olea_europaeaeuro                   0.00%    passed    100.00%
 196  Olea_europaeamaro                   0.00%    passed    100.00%
 197  Olea_woodiana                       0.00%    passed    100.00%
 198  Atropa_belladonna                   0.00%    passed    100.00%
 199  Solanum_bulbocastanum               0.00%    passed    100.00%
 200  Solanum_tuberosum                   0.00%    passed     99.99%
 201  Solanum_lycopersicum                0.00%    passed     99.99%
 202  Nicotiana_sylvestris                0.00%    passed    100.00%
 203  Nicotiana_tabacum                   0.00%    passed    100.00%
 204  Nicotiana_tomentosiformis           0.00%    passed    100.00%
 205  Nicotiana_undulata                  0.00%    passed    100.00%
 206  Cuscuta_exaltata                    0.00%    passed     99.97%
 207  Cuscuta_reflexa                     0.00%    passed     99.80%
 208  Cuscuta_gronovii                    0.00%    passed     99.99%
 209  Cuscuta_obtusiflora                 0.00%    passed     99.99%
 210  Ipomoea_purpurea                    0.00%    passed     99.97%
 211  Coffea_arabica                      0.00%    passed    100.00%
 212  Nerium_oleander                     0.00%    passed     99.99%
 213  Ehretia_acuminata                   0.00%    passed    100.00%
 214  Aucuba_japonica                     0.00%    passed    100.00%
 215  Arbutus_unedo                       0.00%    passed     99.97%
 216  Rhododendron_simsii                 0.00%    passed     99.99%
 217  Franklinia_alatamaha                0.00%    passed    100.00%
 218  Cornus_florida                      0.00%    passed    100.00%
 219  Davidia_involucrata                 0.00%    passed    100.00%
 220  Anredera_baselloides                0.00%    passed     99.99%
 221  Blossfeldia_liliputana              0.00%    passed     99.95%
 222  Weingartia_kargliana                0.00%    passed     99.51%
 223  Opuntia_decumbens                   0.00%    passed     99.48%
 224  Pereskiopsis_diguetii               0.00%    passed     99.94%
 225  Maihuenia_poeppigii                 0.00%    passed     99.97%
 226  Pereskia_sacharosa                  0.00%    passed     99.95%
 227  Portulaca_oleracea                  0.00%    passed    100.00%
 228  Didierea_madagascariensis           0.00%    passed    100.00%
 229  Portulacaria_afra                   0.00%    passed     99.99%
 230  Mollugo_verticillata                0.00%    passed     99.99%
 231  Silene_conica                       0.00%    passed     99.64%
 232  Silene_noctiflora                   0.00%    passed     99.99%
 233  Silene_latifolia                    0.00%    passed     99.97%
 234  Silene_vulgaris                     0.00%    passed     99.94%
 235  Spinacia_oleracea                   0.00%    passed     99.99%
 236  Fagopyrum_esculentum                0.00%    passed     99.99%
 237  Plumbago_auriculata                 0.00%    passed    100.00%
 238  Berberidopsis_corallina             0.00%    passed    100.00%
 239  Phoradendron_serotinum              0.00%    passed    100.00%
 240  Ximenia_americana                   0.00%    passed     99.99%
 241  Gunnera_manicata                    0.00%    passed     99.98%
 242  Buxus_microphylla                   0.00%    passed    100.00%
 243  Trochodendron_aralioides            0.00%    passed    100.00%
 244  Meliosma_aff_cuneifolia             0.00%    passed    100.00%
 245  Nelumbo_lutea                       0.00%    passed    100.00%
 246  Nelumbo_nuciferaNC                  0.00%    passed    100.00%
 247  Platanus_occidentalis               0.00%    passed    100.00%
 248  Megaleranthis_saniculifolia         0.00%    passed    100.00%
 249  Ranunculus_macranthus               0.00%    passed     99.91%
 250  Nandina_domestica                   0.00%    passed    100.00%
 251  Calycanthus_floridus                0.00%    passed    100.00%
 252  Liriodendron_tulipifera             0.00%    passed    100.00%
 253  Magnolia_kwangsiensis               0.00%    passed    100.00%
 254  Drimys_granadensis                  0.00%    passed    100.00%
 255  Chloranthus_spicatus                0.00%    passed    100.00%
 256  Illicium_oligandrum                 0.00%    passed    100.00%
 257  Nuphar_advena                       0.00%    passed    100.00%
 258  Nymphaea_alba                       0.00%    passed    100.00%
 259  Amborella_trichopoda                0.00%    passed    100.00%
 260  Adiantum_capillus                   0.00%    passed     65.52%
 261  Cheilanthes_lindheimeri             0.00%    passed     71.76%
 262  Pteridium_aquilinum                 0.00%    passed     98.31%
 263  Alsophila_spinulosa                 0.00%    passed     69.89%
 264  Angiopteris_evecta                  0.00%    passed     81.72%
 265  Equisetum_arvense                   0.00%    passed     87.23%
 266  Psilotum_nudum                      0.00%    passed     70.06%
 267  Aneura_mirabilis                    0.00%    passed     95.65%
 268  Ptilidium_pulcherrimum              0.00%    passed     96.05%
 269  Marchantia_polymorpha               0.00%    passed     96.60%
 270  Physcomitrella_patens               0.00%    passed     80.07%
 271  Syntrichia_ruralis                  0.00%    passed     83.85%
 272  Bryopsis_hypnoides                  0.00%    passed     45.80%
 273  Chlamydomonas_reinhardtii           0.00%    passed     92.84%
 274  Volvox_carteri                      0.00%    passed     76.39%
 275  Dunaliella_salina                   0.00%    passed     71.12%
 276  Scenedesmus_obliquus                0.00%    passed     46.49%
 277  Floydiella_terrestris               0.00%    passed     20.50%
 278  Schizomeris_leibleinii              0.00%    passed     69.56%
 279  Stigeoclonium_helveticum            0.00%    passed     67.09%
 280  Oedogonium_cardiacum                0.00%    passed     17.26%
 281  Chlorella_variabilis                0.00%    passed     54.07%
 282  Chlorella_vulgaris                  0.00%    passed     75.21%
 283  Parachlorella_kessleri              0.00%    passed     51.97%
 284  Helicosporidium_sp                  0.00%    passed     17.91%
 285  Pedinomonas_minor                   0.00%    passed     43.32%
 286  Oltmannsiellopsis_viridis           0.00%    passed     49.10%
 287  Pseudendoclonium_akinetum           0.00%    passed     88.65%
 288  Coccomyxa_sp                        0.00%    passed     10.90%
 289  Leptosira_terrestris                0.00%    passed     43.94%
 290  Oocystis_solitaria                  0.00%    passed     37.60%
 291  Micromonas_pusilla                  0.00%    passed     91.91%
 292  Micromonas_sp                       0.00%    passed     60.50%
 293  Ostreococcus_tauri                  0.00%    passed     63.64%
 294  Monomastix_sp                       0.00%    passed     77.25%
 295  Pyramimonas_parkeae                 0.00%    passed     51.75%
 296  Pycnococcus_provasolii              0.00%    passed     95.84%
 297  Nephroselmis_olivacea               0.00%    passed     37.85%
 298  Chlorokybus_atmophyticus            0.00%    passed     51.81%
 299  Mesostigma_viride                   0.00%    passed     80.35%
 300  Chara_vulgaris                      0.00%    passed     81.76%
 301  Chaetosphaeridium_globosum          0.00%    passed     92.33%
 302  Staurastrum_punctulatum             0.00%    passed     73.62%
 303  Zygnema_circumcarinatum             0.00%    passed     87.22%
 304  Anthoceros_formosae                 0.00%    passed     97.94%
 305  Huperzia_lucidula                   0.00%    passed     98.64%
 306  Isoetes_flaccida                    0.00%    passed     91.40%
 307  Selaginella_moellendorffii          0.00%    passed     82.67%
 308  Selaginella_uncinata                0.00%    passed     82.44%
 309  Cycas_micronesica                   0.00%    passed     99.84%
 310  Cycas_taitungensis                  0.00%    passed     99.89%
 311  Ginkgo_biloba                       0.00%    passed     99.98%
 312  Agathis_australis                   0.00%    passed     99.47%
 313  Halocarpus_kirkii                   0.00%    passed     99.06%
 314  Podocarpus_totara                   0.00%    passed     96.74%
 315  Cephalotaxus_wilsoniana             0.00%    passed     99.94%
 316  Cryptomeria_japonica                0.00%    passed     99.90%
 317  Taiwania_cryptomerioides            0.00%    passed     99.92%
 318  Ephedra_equisetina                  0.00%    passed     97.23%
 319  Gnetum_parvifolium                  0.00%    passed     89.30%
 320  Welwitschia_mirabilis               0.00%    passed     98.20%
 321  Cedrus_deodaraNC                    0.00%    passed     99.89%
 322  Cathaya_argyrophylla                0.00%    passed     99.24%
 323  Pinus_albicaulis                    0.00%    passed     99.81%
 324  Pinus_armandii                      0.00%    passed     99.50%
 325  Pinus_cembra                        0.00%    passed     99.43%
 326  Pinus_sibirica                      0.00%    passed     99.43%
 327  Pinus_koraiensis                    0.00%    passed     99.26%
 328  Pinus_lambertiana                   0.00%    passed     99.45%
 329  Pinus_parviflora_var_pentaphylla    0.00%    passed     99.41%
 330  Pinus_monticola                     0.00%    passed     99.43%
 331  Pinus_peuce                         0.00%    passed     99.43%
 332  Pinus_ayacahuite                    0.00%    passed     99.43%
 333  Pinus_flexilis                      0.00%    passed     99.43%
 334  Pinus_strobus                       0.00%    passed     99.43%
 335  Pinus_krempfii                      0.00%    passed     99.33%
 336  Pinus_gerardiana                    0.00%    passed     99.22%
 337  Pinus_squamata                      0.00%    passed     99.01%
 338  Pinus_aristata                      0.00%    passed     99.49%
 339  Pinus_nelsonii                      0.00%    passed     99.03%
 340  Pinus_monophylla                    0.00%    passed     99.43%
 341  Pinus_rzedowskii                    0.00%    passed     99.26%
 342  Pinus_attenuata                     0.00%    passed     99.74%
 343  Pinus_leiophylla_var_chihuahuana    0.00%    passed     99.82%
 344  Pinus_taeda                         0.00%    passed     99.68%
 345  Pinus_ponderosa                     0.00%    passed     99.58%
 346  Pinus_torreyana_subsp_insularis     0.00%    passed     99.53%
 347  Pinus_torreyana_subsp_torreyana     0.00%    passed     99.53%
 348  Pinus_banksiana                     0.00%    passed     99.54%
 349  Pinus_contorta                      0.00%    passed     99.37%
 350  Pinus_canariensis                   0.00%    passed     99.14%
 351  Pinus_pinaster                      0.00%    passed     99.83%
 352  Pinus_merkusii                      0.00%    passed     99.31%
 353  Pinus_resinosa                      0.00%    passed     99.16%
 354  Pinus_thunbergiiNC                  0.00%    passed     99.33%
 355  Picea_morrisonicola                 0.00%    passed     99.18%
 356  Picea_sitchensis                    0.00%    passed     99.39%
 357  Larix_decidua                       0.00%    passed    100.00%
 358  Larix_occidentalis                  0.00%    passed     99.98%
 359  Pseudotsuga_sinensis                0.00%    passed     99.98%
 360  Keteleeria_davidiana                0.00%    passed     99.97%
****  TOTAL                               0.00%  0 sequences failed composition chi2 test (p-value<5%; df=19)
NOTE: Indocalamus_longiauritus is identical to Acidosasa_purpurea but kept for subsequent analysis
NOTE: Dendrocalamus_latiflorus is identical to Bambusa_oldhamii but kept for subsequent analysis
NOTE: Oryza_rufipogonB is identical to Oryza_meridionalis but kept for subsequent analysis
NOTE: Acorus_calamus is identical to Acorus_americanus but kept for subsequent analysis
NOTE: Gossypium_herbaceum is identical to Gossypium_arboreum but kept for subsequent analysis
NOTE: Eucalyptus_grandis is identical to Eucalyptus_globulus but kept for subsequent analysis
NOTE: Oenothera_parviflora is identical to Oenothera_argillicola but kept for subsequent analysis
NOTE: Olea_europaeamaro is identical to Olea_europaeaeuro but kept for subsequent analysis
NOTE: Nicotiana_tabacum is identical to Nicotiana_sylvestris but kept for subsequent analysis
NOTE: Pinus_sibirica is identical to Pinus_cembra but kept for subsequent analysis
NOTE: Pinus_torreyana_subsp_torreyana is identical to Pinus_torreyana_subsp_insularis but kept for subsequent analysis
NOTE: 20 identical sequences (see below) will be ignored for subsequent analysis
NOTE: Phyllostachys_edulis (identical to Acidosasa_purpurea) is ignored but added at the end
NOTE: Phyllostachys_nigra (identical to Acidosasa_purpurea) is ignored but added at the end
NOTE: Phyllostachys_propinqua (identical to Acidosasa_purpurea) is ignored but added at the end
NOTE: Oryza_nivara (identical to Oryza_meridionalis) is ignored but added at the end
NOTE: Oryza_rufipogonA (identical to Oryza_meridionalis) is ignored but added at the end
NOTE: Oryza_sativaIndica (identical to Oryza_meridionalis) is ignored but added at the end
NOTE: Oryza_sativaJaponica (identical to Oryza_meridionalis) is ignored but added at the end
NOTE: Gossypium_thurberi (identical to Gossypium_arboreum) is ignored but added at the end
NOTE: Gossypium_tomentosum (identical to Gossypium_arboreum) is ignored but added at the end
NOTE: Gossypium_darwinii (identical to Gossypium_arboreum) is ignored but added at the end
NOTE: Gossypium_hirsutum (identical to Gossypium_arboreum) is ignored but added at the end
NOTE: Gossypium_mustelinum (identical to Gossypium_arboreum) is ignored but added at the end
NOTE: Oenothera_biennis (identical to Oenothera_argillicola) is ignored but added at the end
NOTE: Oenothera_elata (identical to Oenothera_argillicola) is ignored but added at the end
NOTE: Oenothera_glazioviana (identical to Oenothera_argillicola) is ignored but added at the end
NOTE: Pinus_monticola (identical to Pinus_cembra) is ignored but added at the end
NOTE: Pinus_peuce (identical to Pinus_cembra) is ignored but added at the end
NOTE: Pinus_ayacahuite (identical to Pinus_cembra) is ignored but added at the end
NOTE: Pinus_flexilis (identical to Pinus_cembra) is ignored but added at the end
NOTE: Pinus_strobus (identical to Pinus_cembra) is ignored but added at the end

For your convenience alignment with unique sequences printed to /csm_data/spielman_lab/aa_phylo_fit_topology/simulations/alignments/wag_control/HA_ruhfel_rep2_AA.fasta.uniqueseq.phy

Create initial parsimony tree by phylogenetic likelihood library (PLL)... 0.184 seconds
Generating 1000 samples for ultrafast bootstrap (seed: 926632)...

NOTE: 117 MB RAM (0 GB) is required!
Measuring multi-threading efficiency up to 8 CPU cores
Increase to 10 rounds for branch lengths
3 trees examined
Threads: 1 / Time: 11.674 sec / Speedup: 1.000 / Efficiency: 100% / LogL: -130279
Threads: 2 / Time: 6.297 sec / Speedup: 1.854 / Efficiency: 93% / LogL: -130279
Threads: 3 / Time: 4.495 sec / Speedup: 2.597 / Efficiency: 87% / LogL: -130279
Threads: 4 / Time: 3.720 sec / Speedup: 3.138 / Efficiency: 78% / LogL: -130279
Threads: 5 / Time: 3.372 sec / Speedup: 3.462 / Efficiency: 69% / LogL: -130279
Threads: 6 / Time: 3.043 sec / Speedup: 3.836 / Efficiency: 64% / LogL: -130279
Threads: 7 / Time: 2.811 sec / Speedup: 4.153 / Efficiency: 59% / LogL: -130279
Threads: 8 / Time: 2.681 sec / Speedup: 4.355 / Efficiency: 54% / LogL: -130279
BEST NUMBER OF THREADS: 7

Estimate model parameters (epsilon = 0.100)
Thoroughly optimizing +I+G parameters from 10 start values...
Init pinv, alpha: 0.000, 1.000 / Estimate: 0.086, 0.900 / LogL: -59135.104
Init pinv, alpha: 0.010, 1.000 / Estimate: 0.086, 0.900 / LogL: -59135.106
Init pinv, alpha: 0.021, 1.000 / Estimate: 0.086, 0.900 / LogL: -59135.107
Init pinv, alpha: 0.031, 1.000 / Estimate: 0.086, 0.900 / LogL: -59135.107
Init pinv, alpha: 0.042, 1.000 / Estimate: 0.086, 0.900 / LogL: -59135.108
Init pinv, alpha: 0.052, 1.000 / Estimate: 0.086, 0.900 / LogL: -59135.114
Init pinv, alpha: 0.063, 1.000 / Estimate: 0.086, 0.900 / LogL: -59135.115
Init pinv, alpha: 0.073, 1.000 / Estimate: 0.086, 0.900 / LogL: -59135.115
Init pinv, alpha: 0.084, 1.000 / Estimate: 0.086, 0.900 / LogL: -59135.116
Init pinv, alpha: 0.094, 1.000 / Estimate: 0.086, 0.900 / LogL: -59135.116
Optimal pinv,alpha: 0.086, 0.900 / LogL: -59135.104

Parameters optimization took 18.550 sec
Computing ML distances based on estimated model parameters... 30.704 sec
Computing BIONJ tree...
0.123 seconds
Log-likelihood of BIONJ tree: -59171.697
--------------------------------------------------------------------
|             INITIALIZING CANDIDATE TREE SET                      |
--------------------------------------------------------------------
Generating 98 parsimony trees... 18.806 second
Computing log-likelihood of 98 initial trees ... 22.610 seconds
Current best score: -59135.104

Do NNI search on 20 best initial trees
Estimate model parameters (epsilon = 0.100)
BETTER TREE FOUND at iteration 1: -59109.053
Estimate model parameters (epsilon = 0.100)
BETTER TREE FOUND at iteration 2: -59108.954
Estimate model parameters (epsilon = 0.100)
BETTER TREE FOUND at iteration 5: -59108.859
Iteration 10 / LogL: -59108.859 / Time: 0h:2m:20s
Iteration 20 / LogL: -59110.668 / Time: 0h:2m:57s
Finish initializing candidate tree set (20)
Current best tree score: -59108.859 / CPU time: 114.488
Number of iterations: 20
--------------------------------------------------------------------
|               OPTIMIZING CANDIDATE TREE SET                      |
--------------------------------------------------------------------
BETTER TREE FOUND at iteration 21: -59108.855
Iteration 30 / LogL: -59109.211 / Time: 0h:3m:34s (0h:11m:11s left)
BETTER TREE FOUND at iteration 36: -59108.855
BETTER TREE FOUND at iteration 37: -59108.853
Iteration 40 / LogL: -59108.854 / Time: 0h:4m:10s (0h:10m:21s left)
BETTER TREE FOUND at iteration 42: -59108.853
Iteration 50 / LogL: -59109.461 / Time: 0h:4m:47s (0h:8m:59s left)
Log-likelihood cutoff on original alignment: -59142.087
BETTER TREE FOUND at iteration 57: -59108.852
Iteration 60 / LogL: -59114.927 / Time: 0h:5m:22s (0h:8m:49s left)
Iteration 70 / LogL: -59126.423 / Time: 0h:5m:58s (0h:7m:31s left)
BETTER TREE FOUND at iteration 72: -59108.852
BETTER TREE FOUND at iteration 75: -59108.852
BETTER TREE FOUND at iteration 79: -59108.852
Iteration 80 / LogL: -59120.954 / Time: 0h:6m:38s (0h:8m:18s left)
BETTER TREE FOUND at iteration 81: -59108.851
Iteration 90 / LogL: -59161.412 / Time: 0h:7m:14s (0h:7m:24s left)
BETTER TREE FOUND at iteration 95: -59108.851
Iteration 100 / LogL: -59157.836 / Time: 0h:7m:51s (0h:7m:32s left)
Log-likelihood cutoff on original alignment: -59142.087
NOTE: Bootstrap correlation coefficient of split occurrence frequencies: 0.997
BETTER TREE FOUND at iteration 102: -59108.850
BETTER TREE FOUND at iteration 110: -59108.850
Iteration 110 / LogL: -59108.850 / Time: 0h:8m:31s (0h:7m:48s left)
Iteration 120 / LogL: -59119.729 / Time: 0h:9m:7s (0h:6m:54s left)
BETTER TREE FOUND at iteration 122: -59108.849
BETTER TREE FOUND at iteration 126: -59108.848
Iteration 130 / LogL: -59109.204 / Time: 0h:9m:44s (0h:7m:14s left)
Iteration 140 / LogL: -59108.849 / Time: 0h:10m:22s (0h:6m:24s left)
BETTER TREE FOUND at iteration 141: -59108.848
BETTER TREE FOUND at iteration 146: -59108.847
Iteration 150 / LogL: -59114.191 / Time: 0h:10m:59s (0h:7m:4s left)
Log-likelihood cutoff on original alignment: -59142.087
BETTER TREE FOUND at iteration 159: -59108.847
Iteration 160 / LogL: -59108.944 / Time: 0h:11m:37s (0h:7m:14s left)
Iteration 170 / LogL: -59108.944 / Time: 0h:12m:18s (0h:6m:28s left)
Iteration 180 / LogL: -59108.848 / Time: 0h:12m:57s (0h:5m:43s left)
BETTER TREE FOUND at iteration 186: -59108.847
Iteration 190 / LogL: -59110.049 / Time: 0h:13m:34s (0h:6m:53s left)
BETTER TREE FOUND at iteration 191: -59108.847
Iteration 200 / LogL: -59108.847 / Time: 0h:14m:10s (0h:6m:28s left)
Log-likelihood cutoff on original alignment: -59142.087
NOTE: Bootstrap correlation coefficient of split occurrence frequencies: 0.999
BETTER TREE FOUND at iteration 202: -59108.846
BETTER TREE FOUND at iteration 203: -59108.846
Iteration 210 / LogL: -59109.202 / Time: 0h:14m:48s (0h:6m:35s left)
BETTER TREE FOUND at iteration 220: -59108.845
Iteration 220 / LogL: -59108.845 / Time: 0h:15m:24s (0h:7m:2s left)
Iteration 230 / LogL: -59111.475 / Time: 0h:16m:2s (0h:6m:18s left)
BETTER TREE FOUND at iteration 236: -59108.845
Iteration 240 / LogL: -59110.048 / Time: 0h:16m:40s (0h:6m:41s left)
BETTER TREE FOUND at iteration 248: -59108.845
Iteration 250 / LogL: -59225.600 / Time: 0h:17m:14s (0h:6m:47s left)
Log-likelihood cutoff on original alignment: -59142.257
BETTER TREE FOUND at iteration 251: -59108.845
Iteration 260 / LogL: -59110.047 / Time: 0h:17m:54s (0h:6m:17s left)
Iteration 270 / LogL: -59115.391 / Time: 0h:18m:32s (0h:5m:34s left)
Iteration 280 / LogL: -59108.845 / Time: 0h:19m:8s (0h:4m:52s left)
BETTER TREE FOUND at iteration 283: -59108.845
BETTER TREE FOUND at iteration 288: -59108.844
BETTER TREE FOUND at iteration 289: -59108.844
Iteration 290 / LogL: -59109.048 / Time: 0h:19m:45s (0h:6m:46s left)
Iteration 300 / LogL: -59120.495 / Time: 0h:20m:22s (0h:6m:3s left)
Log-likelihood cutoff on original alignment: -59143.371
NOTE: Bootstrap correlation coefficient of split occurrence frequencies: 0.999
Iteration 310 / LogL: -59108.844 / Time: 0h:21m:1s (0h:6m:7s left)
BETTER TREE FOUND at iteration 311: -59108.844
Iteration 320 / LogL: -59108.845 / Time: 0h:21m:38s (0h:6m:10s left)
BETTER TREE FOUND at iteration 324: -59108.843
BETTER TREE FOUND at iteration 325: -59108.843
Iteration 330 / LogL: -59108.843 / Time: 0h:22m:14s (0h:6m:25s left)
Iteration 340 / LogL: -59108.843 / Time: 0h:22m:51s (0h:5m:43s left)
Iteration 350 / LogL: -59108.844 / Time: 0h:23m:29s (0h:5m:2s left)
Log-likelihood cutoff on original alignment: -59143.371
Iteration 360 / LogL: -59119.723 / Time: 0h:24m:9s (0h:4m:22s left)
Iteration 370 / LogL: -59133.188 / Time: 0h:24m:47s (0h:3m:41s left)
Iteration 380 / LogL: -59108.844 / Time: 0h:25m:25s (0h:3m:1s left)
BETTER TREE FOUND at iteration 387: -59108.843
Iteration 390 / LogL: -59108.939 / Time: 0h:26m:2s (0h:6m:29s left)
Iteration 400 / LogL: -59108.844 / Time: 0h:26m:40s (0h:5m:48s left)
Log-likelihood cutoff on original alignment: -59143.820
NOTE: Bootstrap correlation coefficient of split occurrence frequencies: 0.999
Iteration 410 / LogL: -59144.246 / Time: 0h:27m:19s (0h:6m:0s left)
Iteration 420 / LogL: -59108.843 / Time: 0h:27m:57s (0h:5m:20s left)
Iteration 430 / LogL: -59115.388 / Time: 0h:28m:32s (0h:4m:39s left)
BETTER TREE FOUND at iteration 439: -59108.842
Iteration 440 / LogL: -59126.595 / Time: 0h:29m:9s (0h:6m:34s left)
Iteration 450 / LogL: -59109.199 / Time: 0h:29m:47s (0h:5m:54s left)
Log-likelihood cutoff on original alignment: -59143.820
Iteration 460 / LogL: -59108.843 / Time: 0h:30m:26s (0h:5m:14s left)
Iteration 470 / LogL: -59118.614 / Time: 0h:31m:5s (0h:4m:34s left)
Iteration 480 / LogL: -59108.843 / Time: 0h:31m:42s (0h:3m:54s left)
Iteration 490 / LogL: -59183.074 / Time: 0h:32m:20s (0h:3m:14s left)
Iteration 500 / LogL: -59108.843 / Time: 0h:32m:58s (0h:2m:34s left)
Log-likelihood cutoff on original alignment: -59143.820
NOTE: Bootstrap correlation coefficient of split occurrence frequencies: 0.999
Iteration 510 / LogL: -59113.170 / Time: 0h:33m:36s (0h:5m:56s left)
Iteration 520 / LogL: -59116.083 / Time: 0h:34m:13s (0h:5m:16s left)
Iteration 530 / LogL: -59108.845 / Time: 0h:34m:50s (0h:4m:36s left)
Iteration 540 / LogL: -59108.844 / Time: 0h:35m:27s (0h:3m:56s left)
TREE SEARCH COMPLETED AFTER 540 ITERATIONS / Time: 0h:35m:27s

--------------------------------------------------------------------
|                    FINALIZING TREE SEARCH                        |
--------------------------------------------------------------------
Performs final model parameters optimization
Estimate model parameters (epsilon = 0.010)
1. Initial log-likelihood: -59108.842
Optimal log-likelihood: -59108.842
Proportion of invariable sites: 0.086
Gamma shape alpha: 0.903
Parameters optimization took 1 rounds (0.300 sec)
BEST SCORE FOUND : -59108.842
Creating bootstrap support values...
Split supports printed to NEXUS file /csm_data/spielman_lab/aa_phylo_fit_topology/simulations/alignments/wag_control/HA_ruhfel_rep2_AA.fasta.splits.nex
Total tree length: 31.775

Total number of iterations: 540
CPU time used for tree search: 14163.105 sec (3h:56m:3s)
Wall-clock time used for tree search: 2064.611 sec (0h:34m:24s)
Total CPU time used: 14476.082 sec (4h:1m:16s)
Total wall-clock time used: 2129.302 sec (0h:35m:29s)

Computing bootstrap consensus tree...
Reading input file /csm_data/spielman_lab/aa_phylo_fit_topology/simulations/alignments/wag_control/HA_ruhfel_rep2_AA.fasta.splits.nex...
340 taxa and 1731 splits.
Consensus tree written to /csm_data/spielman_lab/aa_phylo_fit_topology/simulations/alignments/wag_control/HA_ruhfel_rep2_AA.fasta.contree
Reading input trees file /csm_data/spielman_lab/aa_phylo_fit_topology/simulations/alignments/wag_control/HA_ruhfel_rep2_AA.fasta.contree
Log-likelihood of consensus tree: -59108.850

Analysis results written to: 
  IQ-TREE report:                /csm_data/spielman_lab/aa_phylo_fit_topology/simulations/alignments/wag_control/HA_ruhfel_rep2_AA.fasta.iqtree
  Maximum-likelihood tree:       /csm_data/spielman_lab/aa_phylo_fit_topology/simulations/alignments/wag_control/HA_ruhfel_rep2_AA.fasta.treefile
  Likelihood distances:          /csm_data/spielman_lab/aa_phylo_fit_topology/simulations/alignments/wag_control/HA_ruhfel_rep2_AA.fasta.mldist

Ultrafast bootstrap approximation results written to:
  Split support values:          /csm_data/spielman_lab/aa_phylo_fit_topology/simulations/alignments/wag_control/HA_ruhfel_rep2_AA.fasta.splits.nex
  Consensus tree:                /csm_data/spielman_lab/aa_phylo_fit_topology/simulations/alignments/wag_control/HA_ruhfel_rep2_AA.fasta.contree
  Screen log file:               /csm_data/spielman_lab/aa_phylo_fit_topology/simulations/alignments/wag_control/HA_ruhfel_rep2_AA.fasta.log

Date and Time: Sat Feb  1 20:41:39 2020
