IQ-TREE multicore version 1.6.7 for Linux 64-bit built Aug 23 2018
Developed by Bui Quang Minh, Nguyen Lam Tung, Olga Chernomor,
Heiko Schmidt, Dominik Schrempf, Michael Woodhams.

Host:    csm-com-011 (AVX2, FMA3, 62 GB RAM)
Command: iqtree -quiet -nt AUTO -ntmax 8 -m FLU+F+I -s /csm_data/spielman_lab/aa_phylo_fit_topology/simulations/alignments/wag_control/HA_ruhfel_rep8_AA.fasta -st AA -redo -bb 1000
Seed:    654292 (Using SPRNG - Scalable Parallel Random Number Generator)
Time:    Sun Feb  2 01:24:51 2020
Kernel:  AVX+FMA - auto-detect threads (48 CPU cores detected)

Reading alignment file /csm_data/spielman_lab/aa_phylo_fit_topology/simulations/alignments/wag_control/HA_ruhfel_rep8_AA.fasta ... Fasta format detected
Alignment most likely contains protein sequences
Alignment has 360 sequences with 564 columns, 529 distinct patterns
479 parsimony-informative, 34 singleton sites, 51 constant sites
                                  Gap/Ambiguity  Composition  p-value
   1  Abies_firma                         0.00%    passed     99.95%
   2  Abolboda_macrostachya               0.00%    passed    100.00%
   3  Cyperus_alternifolius               0.00%    passed    100.00%
   4  Juncus_effusus                      0.00%    passed     99.97%
   5  Thurnia_sphaerocephala              0.00%    passed     99.99%
   6  Acidosasa_purpurea                  0.00%    passed    100.00%
   7  Ferrocalamus_rimosivaginus          0.00%    passed    100.00%
   8  Indocalamus_longiauritus            0.00%    passed    100.00%
   9  Phyllostachys_edulis                0.00%    passed    100.00%
  10  Phyllostachys_nigra                 0.00%    passed    100.00%
  11  Phyllostachys_propinqua             0.00%    passed    100.00%
  12  Bambusa_emeiensis                   0.00%    passed     99.99%
  13  Bambusa_oldhamii                    0.00%    passed    100.00%
  14  Dendrocalamus_latiflorus            0.00%    passed     99.99%
  15  Agrostis_stolonifera                0.00%    passed     99.99%
  16  Festuca_arundinacea                 0.00%    passed     99.98%
  17  Lolium_perenne                      0.00%    passed     99.98%
  18  Hordeum_vulgare                     0.00%    passed     99.99%
  19  Triticum_aestivum                   0.00%    passed     99.99%
  20  Brachypodium_distachyon             0.00%    passed     99.99%
  21  Leersia_tisserantii                 0.00%    passed    100.00%
  22  Oryza_australiensis                 0.00%    passed    100.00%
  23  Oryza_meridionalis                  0.00%    passed    100.00%
  24  Oryza_rufipogonB                    0.00%    passed    100.00%
  25  Oryza_nivara                        0.00%    passed    100.00%
  26  Oryza_rufipogonA                    0.00%    passed    100.00%
  27  Oryza_sativaIndica                  0.00%    passed    100.00%
  28  Oryza_sativaJaponica                0.00%    passed    100.00%
  29  Potamophila_parviflora              0.00%    passed     99.99%
  30  Rhynchoryza_subulata                0.00%    passed     99.99%
  31  Microlaena_stipoides                0.00%    passed     99.99%
  32  Coix_lacryma                        0.00%    passed    100.00%
  33  Saccharum_hybrid310                 0.00%    passed    100.00%
  34  Sorghum_bicolor                     0.00%    passed    100.00%
  35  Zea_mays                            0.00%    passed    100.00%
  36  Panicum_virgatum                    0.00%    passed    100.00%
  37  Eleusine_coracana                   0.00%    passed    100.00%
  38  Puelia_olyriformis                  0.00%    passed     99.99%
  39  Anomochloa_marantoidea              0.00%    passed     99.99%
  40  Streptochaeta_angustifolia          0.00%    passed    100.00%
  41  Ecdeiocolea_monostachya             0.00%    passed     99.86%
  42  Georgeantha_hexandra                0.00%    passed     99.96%
  43  Joinvillea_ascendens                0.00%    passed     99.99%
  44  Flagellaria_indica                  0.00%    passed    100.00%
  45  Centrolepis_monogyna                0.00%    passed    100.00%
  46  Thamnochortus_insignis              0.00%    passed    100.00%
  47  Mayaca_fluviatilis                  0.00%    passed    100.00%
  48  Syngonanthus_chrysanthus            0.00%    passed     99.98%
  49  Potarophytum_riparium               0.00%    passed    100.00%
  50  Sparganium_eurycarpum               0.00%    passed    100.00%
  51  Typha_latifolia                     0.00%    passed    100.00%
  52  Brocchinia_micrantha                0.00%    passed    100.00%
  53  Fosterella_caulescens               0.00%    passed    100.00%
  54  Pitcairnia_feliciana                0.00%    passed    100.00%
  55  Neoregelia_carolinae                0.00%    passed    100.00%
  56  Puya_laxa                           0.00%    passed    100.00%
  57  Navia_saxicola                      0.00%    passed    100.00%
  58  Belosynapsis_ciliata                0.00%    passed    100.00%
  59  Tradescantia_ohiensis               0.00%    passed    100.00%
  60  Musa_acuminata                      0.00%    passed    100.00%
  61  Renealmia_alpinia                   0.00%    passed    100.00%
  62  Chamaedorea_seifrizii               0.00%    passed    100.00%
  63  Elaeis_oleifera                     0.00%    passed    100.00%
  64  Ravenea_hildebrandtii               0.00%    passed    100.00%
  65  Phoenix_dactylifera                 0.00%    passed    100.00%
  66  Dasypogon_bromeliifolius            0.00%    passed    100.00%
  67  Kingia_australis                    0.00%    passed    100.00%
  68  Agapanthus_praecox                  0.00%    passed    100.00%
  69  Albuca_kirkii                       0.00%    passed    100.00%
  70  Chlorophytum_rhizopendulum          0.00%    passed    100.00%
  71  Hesperaloe_parviflora               0.00%    passed    100.00%
  72  Yucca_schidigera                    0.00%    passed    100.00%
  73  Hosta_ventricosa                    0.00%    passed    100.00%
  74  Asparagus_officinalis               0.00%    passed    100.00%
  75  Lomandra_longifolia                 0.00%    passed    100.00%
  76  Nolina_atopocarpa                   0.00%    passed    100.00%
  77  Phormium_tenax                      0.00%    passed    100.00%
  78  Iris_virginica                      0.00%    passed    100.00%
  79  Curculigo_capitulata                0.00%    passed    100.00%
  80  Neoastelia_spectabilis              0.00%    passed    100.00%
  81  Apostasia_wallichii                 0.00%    passed    100.00%
  82  Neottia_nidus                       0.00%    passed    100.00%
  83  Rhizanthella_gardneri               0.00%    passed     99.85%
  84  Oncidium_Gower                      0.00%    passed     99.99%
  85  Phalaenopsis_aphrodite              0.00%    passed     99.92%
  86  Dioscorea_elephantipes              0.00%    passed    100.00%
  87  Pandanus_utilis                     0.00%    passed    100.00%
  88  Lilium_superbum                     0.00%    passed    100.00%
  89  Colocasia_esculenta                 0.00%    passed    100.00%
  90  Lemna_minor                         0.00%    passed    100.00%
  91  Wolffia_australiana                 0.00%    passed    100.00%
  92  Wolffiella_lingulata                0.00%    passed    100.00%
  93  Spirodela_polyrhiza                 0.00%    passed    100.00%
  94  Acorus_americanus                   0.00%    passed    100.00%
  95  Acorus_calamus                      0.00%    passed    100.00%
  96  Ceratophyllum_demersum              0.00%    passed    100.00%
  97  Piper_cenocladum                    0.00%    passed    100.00%
  98  Aethionema_cordifolium              0.00%    passed    100.00%
  99  Aethionema_grandiflorum             0.00%    passed    100.00%
 100  Arabidopsis_thaliana                0.00%    passed    100.00%
 101  Capsella_bursa                      0.00%    passed    100.00%
 102  Olimarabidopsis_pumila              0.00%    passed    100.00%
 103  Crucihimalaya_wallichii             0.00%    passed    100.00%
 104  Barbarea_verna                      0.00%    passed    100.00%
 105  Nasturtium_officinale               0.00%    passed    100.00%
 106  Lepidium_virginicum                 0.00%    passed    100.00%
 107  Arabis_hirsuta                      0.00%    passed    100.00%
 108  Draba_nemorosa                      0.00%    passed    100.00%
 109  Lobularia_maritima                  0.00%    passed    100.00%
 110  Carica_papaya                       0.00%    passed    100.00%
 111  Gossypium_arboreum                  0.00%    passed    100.00%
 112  Gossypium_herbaceum                 0.00%    passed    100.00%
 113  Gossypium_thurberi                  0.00%    passed    100.00%
 114  Gossypium_barbadense                0.00%    passed    100.00%
 115  Gossypium_tomentosum                0.00%    passed    100.00%
 116  Gossypium_darwinii                  0.00%    passed    100.00%
 117  Gossypium_hirsutum                  0.00%    passed    100.00%
 118  Gossypium_mustelinum                0.00%    passed    100.00%
 119  Gossypium_raimondii                 0.00%    passed    100.00%
 120  Theobroma_cacao                     0.00%    passed    100.00%
 121  Citrus_sinensis                     0.00%    passed    100.00%
 122  Staphylea_colchica                  0.00%    passed    100.00%
 123  Bulnesia_arborea                    0.00%    passed     99.98%
 124  Erodium_carvifolium                 0.00%    passed     99.99%
 125  Erodium_texanum                     0.00%    passed     99.99%
 126  Geranium_palmatum                   0.00%    passed     99.94%
 127  Monsonia_speciosa                   0.00%    passed    100.00%
 128  Pelargonium_x                       0.00%    passed     99.82%
 129  Eucalyptus_globulus                 0.00%    passed    100.00%
 130  Eucalyptus_grandis                  0.00%    passed    100.00%
 131  Oenothera_argillicola               0.00%    passed    100.00%
 132  Oenothera_parviflora                0.00%    passed     99.99%
 133  Oenothera_biennis                   0.00%    passed     99.99%
 134  Oenothera_elata                     0.00%    passed     99.99%
 135  Oenothera_glazioviana               0.00%    passed     99.99%
 136  Castanea_mollissima                 0.00%    passed     99.99%
 137  Quercus_nigra                       0.00%    passed     99.99%
 138  Ficus_sp                            0.00%    passed    100.00%
 139  Morus_indica                        0.00%    passed    100.00%
 140  Fragaria_vesca                      0.00%    passed    100.00%
 141  Pentactina_rupicola                 0.00%    passed    100.00%
 142  Pyrus_pyrifolia                     0.00%    passed    100.00%
 143  Prunus_persica                      0.00%    passed    100.00%
 144  Cicer_arietinum                     0.00%    passed     99.99%
 145  Lathyrus_sativus                    0.00%    passed     99.96%
 146  Pisum_sativum                       0.00%    passed     99.99%
 147  Trifolium_subterraneum              0.00%    passed     99.98%
 148  Medicago_truncatula                 0.00%    passed     99.99%
 149  Lotus_japonicus                     0.00%    passed    100.00%
 150  Glycine_max                         0.00%    passed     99.99%
 151  Phaseolus_vulgaris                  0.00%    passed    100.00%
 152  Vigna_radiata                       0.00%    passed    100.00%
 153  Millettia_pinnata                   0.00%    passed     99.98%
 154  Corynocarpus_laevigata              0.00%    passed    100.00%
 155  Cucumis_melo                        0.00%    passed    100.00%
 156  Cucumis_sativus                     0.00%    passed    100.00%
 157  Euonymus_americanus                 0.00%    passed    100.00%
 158  Oxalis_latifolia                    0.00%    passed    100.00%
 159  Hevea_brasiliensis                  0.00%    passed    100.00%
 160  Manihot_esculenta                   0.00%    passed    100.00%
 161  Ricinus_communis                    0.00%    passed    100.00%
 162  Jatropha_curcas                     0.00%    passed    100.00%
 163  Passiflora_biflora                  0.00%    passed     99.90%
 164  Populus_alba                        0.00%    passed     99.99%
 165  Populus_trichocarpa                 0.00%    passed     99.99%
 166  Heuchera_sanguinea                  0.00%    passed    100.00%
 167  Liquidambar_styraciflua             0.00%    passed    100.00%
 168  Vitis_vinifera                      0.00%    passed    100.00%
 169  Dillenia_indica                     0.00%    passed     99.99%
 170  Ageratina_adenophora                0.00%    passed     99.99%
 171  Helianthus_annuus                   0.00%    passed    100.00%
 172  Parthenium_argentatum               0.00%    passed     99.96%
 173  Guizotia_abyssinica                 0.00%    passed     99.99%
 174  Jacobaea_vulgaris                   0.00%    passed    100.00%
 175  Lactuca_sativa                      0.00%    passed     99.91%
 176  Scaevola_aemula                     0.00%    passed     98.73%
 177  Trachelium_caeruleum                0.00%    passed     98.49%
 178  Anethum_graveolens                  0.00%    passed    100.00%
 179  Petroselinum_crispum                0.00%    passed    100.00%
 180  Crithmum_maritimum                  0.00%    passed    100.00%
 181  Anthriscus_cerefolium               0.00%    passed    100.00%
 182  Daucus_carota                       0.00%    passed    100.00%
 183  Oxypolis_greenmanii                 0.00%    passed    100.00%
 184  Eleutherococcus_senticosus          0.00%    passed    100.00%
 185  Panax_ginseng                       0.00%    passed    100.00%
 186  Hydrocotyle_sp                      0.00%    passed    100.00%
 187  Lonicera_japonica                   0.00%    passed     99.97%
 188  Ilex_cornuta                        0.00%    passed    100.00%
 189  Antirrhinum_majus                   0.00%    passed    100.00%
 190  Epifagus_virginiana                 0.00%    passed     99.99%
 191  Boea_hygrometrica                   0.00%    passed    100.00%
 192  Sesamum_indicum                     0.00%    passed     99.94%
 193  Jasminum_nudiflorum                 0.00%    passed     99.99%
 194  Olea_europaeacuspi                  0.00%    passed    100.00%
 195  Olea_europaeaeuro                   0.00%    passed    100.00%
 196  Olea_europaeamaro                   0.00%    passed    100.00%
 197  Olea_woodiana                       0.00%    passed    100.00%
 198  Atropa_belladonna                   0.00%    passed    100.00%
 199  Solanum_bulbocastanum               0.00%    passed    100.00%
 200  Solanum_tuberosum                   0.00%    passed    100.00%
 201  Solanum_lycopersicum                0.00%    passed    100.00%
 202  Nicotiana_sylvestris                0.00%    passed    100.00%
 203  Nicotiana_tabacum                   0.00%    passed    100.00%
 204  Nicotiana_tomentosiformis           0.00%    passed    100.00%
 205  Nicotiana_undulata                  0.00%    passed    100.00%
 206  Cuscuta_exaltata                    0.00%    passed     95.98%
 207  Cuscuta_reflexa                     0.00%    passed     86.85%
 208  Cuscuta_gronovii                    0.00%    passed     99.47%
 209  Cuscuta_obtusiflora                 0.00%    passed     99.60%
 210  Ipomoea_purpurea                    0.00%    passed     99.87%
 211  Coffea_arabica                      0.00%    passed    100.00%
 212  Nerium_oleander                     0.00%    passed    100.00%
 213  Ehretia_acuminata                   0.00%    passed    100.00%
 214  Aucuba_japonica                     0.00%    passed    100.00%
 215  Arbutus_unedo                       0.00%    passed    100.00%
 216  Rhododendron_simsii                 0.00%    passed     99.99%
 217  Franklinia_alatamaha                0.00%    passed    100.00%
 218  Cornus_florida                      0.00%    passed    100.00%
 219  Davidia_involucrata                 0.00%    passed    100.00%
 220  Anredera_baselloides                0.00%    passed     99.99%
 221  Blossfeldia_liliputana              0.00%    passed     99.45%
 222  Weingartia_kargliana                0.00%    passed     99.39%
 223  Opuntia_decumbens                   0.00%    passed     99.79%
 224  Pereskiopsis_diguetii               0.00%    passed     99.90%
 225  Maihuenia_poeppigii                 0.00%    passed     99.87%
 226  Pereskia_sacharosa                  0.00%    passed     99.97%
 227  Portulaca_oleracea                  0.00%    passed    100.00%
 228  Didierea_madagascariensis           0.00%    passed     99.99%
 229  Portulacaria_afra                   0.00%    passed     99.99%
 230  Mollugo_verticillata                0.00%    passed    100.00%
 231  Silene_conica                       0.00%    passed     97.84%
 232  Silene_noctiflora                   0.00%    passed     99.51%
 233  Silene_latifolia                    0.00%    passed     99.84%
 234  Silene_vulgaris                     0.00%    passed     99.88%
 235  Spinacia_oleracea                   0.00%    passed    100.00%
 236  Fagopyrum_esculentum                0.00%    passed    100.00%
 237  Plumbago_auriculata                 0.00%    passed     99.97%
 238  Berberidopsis_corallina             0.00%    passed    100.00%
 239  Phoradendron_serotinum              0.00%    passed     99.81%
 240  Ximenia_americana                   0.00%    passed    100.00%
 241  Gunnera_manicata                    0.00%    passed    100.00%
 242  Buxus_microphylla                   0.00%    passed    100.00%
 243  Trochodendron_aralioides            0.00%    passed    100.00%
 244  Meliosma_aff_cuneifolia             0.00%    passed    100.00%
 245  Nelumbo_lutea                       0.00%    passed    100.00%
 246  Nelumbo_nuciferaNC                  0.00%    passed    100.00%
 247  Platanus_occidentalis               0.00%    passed    100.00%
 248  Megaleranthis_saniculifolia         0.00%    passed    100.00%
 249  Ranunculus_macranthus               0.00%    passed    100.00%
 250  Nandina_domestica                   0.00%    passed    100.00%
 251  Calycanthus_floridus                0.00%    passed    100.00%
 252  Liriodendron_tulipifera             0.00%    passed    100.00%
 253  Magnolia_kwangsiensis               0.00%    passed    100.00%
 254  Drimys_granadensis                  0.00%    passed    100.00%
 255  Chloranthus_spicatus                0.00%    passed    100.00%
 256  Illicium_oligandrum                 0.00%    passed    100.00%
 257  Nuphar_advena                       0.00%    passed    100.00%
 258  Nymphaea_alba                       0.00%    passed    100.00%
 259  Amborella_trichopoda                0.00%    passed    100.00%
 260  Adiantum_capillus                   0.00%    passed     98.91%
 261  Cheilanthes_lindheimeri             0.00%    passed     97.17%
 262  Pteridium_aquilinum                 0.00%    passed     82.01%
 263  Alsophila_spinulosa                 0.00%    passed     99.66%
 264  Angiopteris_evecta                  0.00%    passed     93.47%
 265  Equisetum_arvense                   0.00%    passed     92.78%
 266  Psilotum_nudum                      0.00%    passed     99.64%
 267  Aneura_mirabilis                    0.00%    passed     87.32%
 268  Ptilidium_pulcherrimum              0.00%    passed     99.00%
 269  Marchantia_polymorpha               0.00%    passed     98.73%
 270  Physcomitrella_patens               0.00%    passed     90.41%
 271  Syntrichia_ruralis                  0.00%    passed     92.28%
 272  Bryopsis_hypnoides                  0.00%    passed     65.29%
 273  Chlamydomonas_reinhardtii           0.00%    passed     92.21%
 274  Volvox_carteri                      0.00%    passed     90.08%
 275  Dunaliella_salina                   0.00%    passed     75.20%
 276  Scenedesmus_obliquus                0.00%    passed     58.85%
 277  Floydiella_terrestris               0.00%    passed     44.12%
 278  Schizomeris_leibleinii              0.00%    passed     65.55%
 279  Stigeoclonium_helveticum            0.00%    passed     91.35%
 280  Oedogonium_cardiacum                0.00%    passed     69.69%
 281  Chlorella_variabilis                0.00%    passed     59.23%
 282  Chlorella_vulgaris                  0.00%    passed     94.19%
 283  Parachlorella_kessleri              0.00%    passed     35.88%
 284  Helicosporidium_sp                  0.00%    passed     56.12%
 285  Pedinomonas_minor                   0.00%    passed     96.14%
 286  Oltmannsiellopsis_viridis           0.00%    passed     25.88%
 287  Pseudendoclonium_akinetum           0.00%    passed     74.71%
 288  Coccomyxa_sp                        0.00%    passed     95.59%
 289  Leptosira_terrestris                0.00%    passed     40.75%
 290  Oocystis_solitaria                  0.00%    passed     82.05%
 291  Micromonas_pusilla                  0.00%    passed     33.35%
 292  Micromonas_sp                       0.00%    passed     56.09%
 293  Ostreococcus_tauri                  0.00%    passed     45.82%
 294  Monomastix_sp                       0.00%    passed     49.17%
 295  Pyramimonas_parkeae                 0.00%    passed     88.98%
 296  Pycnococcus_provasolii              0.00%    passed     94.56%
 297  Nephroselmis_olivacea               0.00%    passed     98.69%
 298  Chlorokybus_atmophyticus            0.00%    passed     98.74%
 299  Mesostigma_viride                   0.00%    passed     96.58%
 300  Chara_vulgaris                      0.00%    passed     46.76%
 301  Chaetosphaeridium_globosum          0.00%    passed     83.78%
 302  Staurastrum_punctulatum             0.00%    passed     94.72%
 303  Zygnema_circumcarinatum             0.00%    passed     60.26%
 304  Anthoceros_formosae                 0.00%    passed     97.27%
 305  Huperzia_lucidula                   0.00%    passed     98.64%
 306  Isoetes_flaccida                    0.00%    passed     92.25%
 307  Selaginella_moellendorffii          0.00%    passed     34.38%
 308  Selaginella_uncinata                0.00%    passed     86.66%
 309  Cycas_micronesica                   0.00%    passed     99.98%
 310  Cycas_taitungensis                  0.00%    passed     99.98%
 311  Ginkgo_biloba                       0.00%    passed     99.98%
 312  Agathis_australis                   0.00%    passed     99.99%
 313  Halocarpus_kirkii                   0.00%    passed     99.94%
 314  Podocarpus_totara                   0.00%    passed     99.71%
 315  Cephalotaxus_wilsoniana             0.00%    passed     99.86%
 316  Cryptomeria_japonica                0.00%    passed     99.62%
 317  Taiwania_cryptomerioides            0.00%    passed     99.78%
 318  Ephedra_equisetina                  0.00%    passed     97.09%
 319  Gnetum_parvifolium                  0.00%    passed     81.82%
 320  Welwitschia_mirabilis               0.00%    passed     96.50%
 321  Cedrus_deodaraNC                    0.00%    passed     99.98%
 322  Cathaya_argyrophylla                0.00%    passed    100.00%
 323  Pinus_albicaulis                    0.00%    passed     99.98%
 324  Pinus_armandii                      0.00%    passed     99.98%
 325  Pinus_cembra                        0.00%    passed     99.98%
 326  Pinus_sibirica                      0.00%    passed     99.98%
 327  Pinus_koraiensis                    0.00%    passed     99.95%
 328  Pinus_lambertiana                   0.00%    passed     99.98%
 329  Pinus_parviflora_var_pentaphylla    0.00%    passed     99.98%
 330  Pinus_monticola                     0.00%    passed     99.98%
 331  Pinus_peuce                         0.00%    passed     99.99%
 332  Pinus_ayacahuite                    0.00%    passed     99.99%
 333  Pinus_flexilis                      0.00%    passed     99.99%
 334  Pinus_strobus                       0.00%    passed     99.99%
 335  Pinus_krempfii                      0.00%    passed    100.00%
 336  Pinus_gerardiana                    0.00%    passed     99.99%
 337  Pinus_squamata                      0.00%    passed     99.99%
 338  Pinus_aristata                      0.00%    passed     99.97%
 339  Pinus_nelsonii                      0.00%    passed     99.95%
 340  Pinus_monophylla                    0.00%    passed     99.89%
 341  Pinus_rzedowskii                    0.00%    passed     99.95%
 342  Pinus_attenuata                     0.00%    passed     99.97%
 343  Pinus_leiophylla_var_chihuahuana    0.00%    passed     99.95%
 344  Pinus_taeda                         0.00%    passed     99.97%
 345  Pinus_ponderosa                     0.00%    passed     99.98%
 346  Pinus_torreyana_subsp_insularis     0.00%    passed     99.98%
 347  Pinus_torreyana_subsp_torreyana     0.00%    passed     99.98%
 348  Pinus_banksiana                     0.00%    passed     99.97%
 349  Pinus_contorta                      0.00%    passed     99.97%
 350  Pinus_canariensis                   0.00%    passed     99.96%
 351  Pinus_pinaster                      0.00%    passed     99.97%
 352  Pinus_merkusii                      0.00%    passed     99.97%
 353  Pinus_resinosa                      0.00%    passed     99.97%
 354  Pinus_thunbergiiNC                  0.00%    passed     99.97%
 355  Picea_morrisonicola                 0.00%    passed     99.99%
 356  Picea_sitchensis                    0.00%    passed    100.00%
 357  Larix_decidua                       0.00%    passed     99.99%
 358  Larix_occidentalis                  0.00%    passed    100.00%
 359  Pseudotsuga_sinensis                0.00%    passed    100.00%
 360  Keteleeria_davidiana                0.00%    passed    100.00%
****  TOTAL                               0.00%  0 sequences failed composition chi2 test (p-value<5%; df=19)
NOTE: Ferrocalamus_rimosivaginus is identical to Acidosasa_purpurea but kept for subsequent analysis
NOTE: Phyllostachys_nigra is identical to Phyllostachys_edulis but kept for subsequent analysis
NOTE: Oryza_meridionalis is identical to Oryza_australiensis but kept for subsequent analysis
NOTE: Sorghum_bicolor is identical to Saccharum_hybrid310 but kept for subsequent analysis
NOTE: Acorus_calamus is identical to Acorus_americanus but kept for subsequent analysis
NOTE: Gossypium_herbaceum is identical to Gossypium_arboreum but kept for subsequent analysis
NOTE: Eucalyptus_grandis is identical to Eucalyptus_globulus but kept for subsequent analysis
NOTE: Oenothera_elata is identical to Oenothera_biennis but kept for subsequent analysis
NOTE: Olea_europaeamaro is identical to Olea_europaeaeuro but kept for subsequent analysis
NOTE: Nicotiana_tabacum is identical to Nicotiana_sylvestris but kept for subsequent analysis
NOTE: Pinus_lambertiana is identical to Pinus_albicaulis but kept for subsequent analysis
NOTE: Pinus_cembra is identical to Pinus_armandii but kept for subsequent analysis
NOTE: Pinus_ayacahuite is identical to Pinus_peuce but kept for subsequent analysis
NOTE: Pinus_torreyana_subsp_insularis is identical to Pinus_ponderosa but kept for subsequent analysis
NOTE: Pinus_contorta is identical to Pinus_banksiana but kept for subsequent analysis
NOTE: 15 identical sequences (see below) will be ignored for subsequent analysis
NOTE: Indocalamus_longiauritus (identical to Acidosasa_purpurea) is ignored but added at the end
NOTE: Oryza_rufipogonB (identical to Oryza_australiensis) is ignored but added at the end
NOTE: Oryza_nivara (identical to Oryza_australiensis) is ignored but added at the end
NOTE: Oryza_rufipogonA (identical to Oryza_australiensis) is ignored but added at the end
NOTE: Oryza_sativaIndica (identical to Oryza_australiensis) is ignored but added at the end
NOTE: Oryza_sativaJaponica (identical to Oryza_australiensis) is ignored but added at the end
NOTE: Gossypium_tomentosum (identical to Gossypium_arboreum) is ignored but added at the end
NOTE: Gossypium_hirsutum (identical to Gossypium_arboreum) is ignored but added at the end
NOTE: Gossypium_mustelinum (identical to Gossypium_arboreum) is ignored but added at the end
NOTE: Gossypium_raimondii (identical to Gossypium_arboreum) is ignored but added at the end
NOTE: Pinus_sibirica (identical to Pinus_armandii) is ignored but added at the end
NOTE: Pinus_flexilis (identical to Pinus_peuce) is ignored but added at the end
NOTE: Pinus_gerardiana (identical to Pinus_peuce) is ignored but added at the end
NOTE: Pinus_squamata (identical to Pinus_peuce) is ignored but added at the end
NOTE: Pinus_torreyana_subsp_torreyana (identical to Pinus_ponderosa) is ignored but added at the end

For your convenience alignment with unique sequences printed to /csm_data/spielman_lab/aa_phylo_fit_topology/simulations/alignments/wag_control/HA_ruhfel_rep8_AA.fasta.uniqueseq.phy

Create initial parsimony tree by phylogenetic likelihood library (PLL)... 0.216 seconds
Generating 1000 samples for ultrafast bootstrap (seed: 654292)...

NOTE: 31 MB RAM (0 GB) is required!
Measuring multi-threading efficiency up to 8 CPU cores
Increase to 10 rounds for branch lengths
8 trees examined
Threads: 1 / Time: 8.368 sec / Speedup: 1.000 / Efficiency: 100% / LogL: -149071
Threads: 2 / Time: 5.671 sec / Speedup: 1.476 / Efficiency: 74% / LogL: -149071
Threads: 3 / Time: 4.446 sec / Speedup: 1.882 / Efficiency: 63% / LogL: -149071
Threads: 4 / Time: 3.839 sec / Speedup: 2.180 / Efficiency: 54% / LogL: -149071
Threads: 5 / Time: 3.306 sec / Speedup: 2.531 / Efficiency: 51% / LogL: -149071
Threads: 6 / Time: 3.181 sec / Speedup: 2.630 / Efficiency: 44% / LogL: -149071
BEST NUMBER OF THREADS: 5

Estimate model parameters (epsilon = 0.100)
1. Initial log-likelihood: -63272.529
2. Current log-likelihood: -62912.806
3. Current log-likelihood: -62909.680
4. Current log-likelihood: -62908.849
5. Current log-likelihood: -62908.580
Optimal log-likelihood: -62908.461
Proportion of invariable sites: 0.084
Parameters optimization took 5 rounds (0.820 sec)
Computing ML distances based on estimated model parameters... 9.765 sec
Computing BIONJ tree...
0.130 seconds
Log-likelihood of BIONJ tree: -63026.141
--------------------------------------------------------------------
|             INITIALIZING CANDIDATE TREE SET                      |
--------------------------------------------------------------------
Generating 98 parsimony trees... 20.833 second
Computing log-likelihood of 98 initial trees ... 11.418 seconds
Current best score: -62890.953

Do NNI search on 20 best initial trees
Estimate model parameters (epsilon = 0.100)
BETTER TREE FOUND at iteration 1: -62889.971
Estimate model parameters (epsilon = 0.100)
BETTER TREE FOUND at iteration 2: -62889.473
BETTER TREE FOUND at iteration 6: -62889.473
Estimate model parameters (epsilon = 0.100)
BETTER TREE FOUND at iteration 8: -62888.689
Iteration 10 / LogL: -62889.470 / Time: 0h:1m:18s
Iteration 20 / LogL: -62890.304 / Time: 0h:1m:33s
Finish initializing candidate tree set (20)
Current best tree score: -62888.689 / CPU time: 60.735
Number of iterations: 20
--------------------------------------------------------------------
|               OPTIMIZING CANDIDATE TREE SET                      |
--------------------------------------------------------------------
Iteration 30 / LogL: -62889.644 / Time: 0h:1m:45s (0h:4m:42s left)
BETTER TREE FOUND at iteration 34: -62888.685
BETTER TREE FOUND at iteration 37: -62888.685
BETTER TREE FOUND at iteration 40: -62888.684
Iteration 40 / LogL: -62888.684 / Time: 0h:1m:58s (0h:5m:1s left)
Iteration 50 / LogL: -63100.309 / Time: 0h:2m:11s (0h:3m:59s left)
Log-likelihood cutoff on original alignment: -62952.559
BETTER TREE FOUND at iteration 52: -62888.684
BETTER TREE FOUND at iteration 53: -62888.682
Iteration 60 / LogL: -62890.798 / Time: 0h:2m:25s (0h:3m:48s left)
BETTER TREE FOUND at iteration 66: -62888.681
Iteration 70 / LogL: -62888.682 / Time: 0h:2m:39s (0h:3m:40s left)
BETTER TREE FOUND at iteration 71: -62888.680
BETTER TREE FOUND at iteration 77: -62888.680
Iteration 80 / LogL: -62893.980 / Time: 0h:2m:52s (0h:3m:30s left)
BETTER TREE FOUND at iteration 87: -62888.680
Iteration 90 / LogL: -62888.713 / Time: 0h:3m:4s (0h:3m:20s left)
BETTER TREE FOUND at iteration 95: -62888.679
Iteration 100 / LogL: -62888.681 / Time: 0h:3m:17s (0h:3m:9s left)
Log-likelihood cutoff on original alignment: -62952.559
NOTE: Bootstrap correlation coefficient of split occurrence frequencies: 0.998
BETTER TREE FOUND at iteration 101: -62888.679
BETTER TREE FOUND at iteration 104: -62888.678
Iteration 110 / LogL: -62889.952 / Time: 0h:3m:31s (0h:3m:1s left)
BETTER TREE FOUND at iteration 115: -62888.677
Iteration 120 / LogL: -62888.680 / Time: 0h:3m:44s (0h:2m:58s left)
Iteration 130 / LogL: -62902.905 / Time: 0h:3m:56s (0h:2m:35s left)
Iteration 140 / LogL: -62895.042 / Time: 0h:4m:9s (0h:2m:14s left)
Iteration 150 / LogL: -62899.889 / Time: 0h:4m:21s (0h:1m:53s left)
Log-likelihood cutoff on original alignment: -62952.559
Iteration 160 / LogL: -62929.664 / Time: 0h:4m:36s (0h:1m:35s left)
Iteration 170 / LogL: -62888.680 / Time: 0h:4m:49s (0h:1m:16s left)
Iteration 180 / LogL: -62900.557 / Time: 0h:5m:2s (0h:0m:58s left)
Iteration 190 / LogL: -62888.679 / Time: 0h:5m:14s (0h:0m:41s left)
BETTER TREE FOUND at iteration 196: -62888.677
Iteration 200 / LogL: -62888.857 / Time: 0h:5m:27s (0h:2m:37s left)
Log-likelihood cutoff on original alignment: -62952.559
NOTE: Bootstrap correlation coefficient of split occurrence frequencies: 0.999
Iteration 210 / LogL: -62898.163 / Time: 0h:5m:40s (0h:2m:26s left)
Iteration 220 / LogL: -62891.613 / Time: 0h:5m:53s (0h:2m:8s left)
Iteration 230 / LogL: -62900.456 / Time: 0h:6m:5s (0h:1m:51s left)
Iteration 240 / LogL: -63097.035 / Time: 0h:6m:17s (0h:1m:34s left)
Iteration 250 / LogL: -62914.538 / Time: 0h:6m:29s (0h:1m:18s left)
Log-likelihood cutoff on original alignment: -62952.559
Iteration 260 / LogL: -62898.903 / Time: 0h:6m:44s (0h:1m:2s left)
BETTER TREE FOUND at iteration 266: -62888.676
Iteration 270 / LogL: -62888.678 / Time: 0h:6m:56s (0h:2m:28s left)
Iteration 280 / LogL: -62898.807 / Time: 0h:7m:9s (0h:2m:12s left)
Iteration 290 / LogL: -62915.877 / Time: 0h:7m:21s (0h:1m:56s left)
Iteration 300 / LogL: -62923.915 / Time: 0h:7m:33s (0h:1m:40s left)
Log-likelihood cutoff on original alignment: -62952.559
NOTE: Bootstrap correlation coefficient of split occurrence frequencies: 1.000
Iteration 310 / LogL: -62905.771 / Time: 0h:7m:48s (0h:2m:16s left)
Iteration 320 / LogL: -62919.968 / Time: 0h:8m:0s (0h:2m:0s left)
Iteration 330 / LogL: -62896.184 / Time: 0h:8m:13s (0h:1m:44s left)
Iteration 340 / LogL: -62892.768 / Time: 0h:8m:26s (0h:1m:29s left)
BETTER TREE FOUND at iteration 342: -62888.676
Iteration 350 / LogL: -63080.193 / Time: 0h:8m:38s (0h:2m:16s left)
Log-likelihood cutoff on original alignment: -62952.559
Iteration 360 / LogL: -62888.677 / Time: 0h:8m:52s (0h:2m:1s left)
BETTER TREE FOUND at iteration 368: -62888.675
Iteration 370 / LogL: -62888.677 / Time: 0h:9m:6s (0h:2m:24s left)
Iteration 380 / LogL: -62892.767 / Time: 0h:9m:19s (0h:2m:9s left)
Iteration 390 / LogL: -62890.793 / Time: 0h:9m:31s (0h:1m:54s left)
Iteration 400 / LogL: -62888.678 / Time: 0h:9m:44s (0h:1m:39s left)
Log-likelihood cutoff on original alignment: -62952.559
NOTE: Bootstrap correlation coefficient of split occurrence frequencies: 1.000
Iteration 410 / LogL: -62899.685 / Time: 0h:9m:58s (0h:2m:11s left)
Iteration 420 / LogL: -62900.024 / Time: 0h:10m:11s (0h:1m:56s left)
Iteration 430 / LogL: -62889.460 / Time: 0h:10m:24s (0h:1m:41s left)
Iteration 440 / LogL: -62896.231 / Time: 0h:10m:36s (0h:1m:26s left)
Iteration 450 / LogL: -62888.676 / Time: 0h:10m:50s (0h:1m:12s left)
Log-likelihood cutoff on original alignment: -62952.559
Iteration 460 / LogL: -62888.950 / Time: 0h:11m:3s (0h:0m:57s left)
TREE SEARCH COMPLETED AFTER 469 ITERATIONS / Time: 0h:11m:15s

--------------------------------------------------------------------
|                    FINALIZING TREE SEARCH                        |
--------------------------------------------------------------------
Performs final model parameters optimization
Estimate model parameters (epsilon = 0.010)
1. Initial log-likelihood: -62888.675
Optimal log-likelihood: -62888.674
Proportion of invariable sites: 0.087
Parameters optimization took 1 rounds (0.146 sec)
BEST SCORE FOUND : -62888.674
Creating bootstrap support values...
Split supports printed to NEXUS file /csm_data/spielman_lab/aa_phylo_fit_topology/simulations/alignments/wag_control/HA_ruhfel_rep8_AA.fasta.splits.nex
Total tree length: 21.654

Total number of iterations: 469
CPU time used for tree search: 3069.383 sec (0h:51m:9s)
Wall-clock time used for tree search: 643.196 sec (0h:10m:43s)
Total CPU time used: 3193.748 sec (0h:53m:13s)
Total wall-clock time used: 677.225 sec (0h:11m:17s)

Computing bootstrap consensus tree...
Reading input file /csm_data/spielman_lab/aa_phylo_fit_topology/simulations/alignments/wag_control/HA_ruhfel_rep8_AA.fasta.splits.nex...
345 taxa and 1356 splits.
Consensus tree written to /csm_data/spielman_lab/aa_phylo_fit_topology/simulations/alignments/wag_control/HA_ruhfel_rep8_AA.fasta.contree
Reading input trees file /csm_data/spielman_lab/aa_phylo_fit_topology/simulations/alignments/wag_control/HA_ruhfel_rep8_AA.fasta.contree
Log-likelihood of consensus tree: -62888.687

Analysis results written to: 
  IQ-TREE report:                /csm_data/spielman_lab/aa_phylo_fit_topology/simulations/alignments/wag_control/HA_ruhfel_rep8_AA.fasta.iqtree
  Maximum-likelihood tree:       /csm_data/spielman_lab/aa_phylo_fit_topology/simulations/alignments/wag_control/HA_ruhfel_rep8_AA.fasta.treefile
  Likelihood distances:          /csm_data/spielman_lab/aa_phylo_fit_topology/simulations/alignments/wag_control/HA_ruhfel_rep8_AA.fasta.mldist

Ultrafast bootstrap approximation results written to:
  Split support values:          /csm_data/spielman_lab/aa_phylo_fit_topology/simulations/alignments/wag_control/HA_ruhfel_rep8_AA.fasta.splits.nex
  Consensus tree:                /csm_data/spielman_lab/aa_phylo_fit_topology/simulations/alignments/wag_control/HA_ruhfel_rep8_AA.fasta.contree
  Screen log file:               /csm_data/spielman_lab/aa_phylo_fit_topology/simulations/alignments/wag_control/HA_ruhfel_rep8_AA.fasta.log

Date and Time: Sun Feb  2 01:36:09 2020
