IQ-TREE multicore version 1.6.7 for Linux 64-bit built Aug 23 2018
Developed by Bui Quang Minh, Nguyen Lam Tung, Olga Chernomor,
Heiko Schmidt, Dominik Schrempf, Michael Woodhams.

Host:    csm-com-009 (AVX2, FMA3, 62 GB RAM)
Command: iqtree -quiet -nt AUTO -ntmax 8 -m mtART+I+G4 -s /csm_data/spielman_lab/aa_phylo_fit_topology/simulations/alignments/wag_control/HA_salichos_rep2_AA.fasta -st AA -redo -bb 1000
Seed:    257733 (Using SPRNG - Scalable Parallel Random Number Generator)
Time:    Sat Feb  1 22:46:30 2020
Kernel:  AVX+FMA - auto-detect threads (48 CPU cores detected)

Reading alignment file /csm_data/spielman_lab/aa_phylo_fit_topology/simulations/alignments/wag_control/HA_salichos_rep2_AA.fasta ... Fasta format detected
Alignment most likely contains protein sequences
Alignment has 23 sequences with 564 columns, 498 distinct patterns
386 parsimony-informative, 93 singleton sites, 85 constant sites
      Gap/Ambiguity  Composition  p-value
   1  Agos    0.00%    passed     44.28%
   2  Klac    0.00%    passed     98.87%
   3  Calb    0.00%    passed     99.10%
   4  Cdub    0.00%    passed     99.83%
   5  Ctro    0.00%    passed     99.43%
   6  Cpar    0.00%    passed     90.82%
   7  Lelo    0.00%    passed     86.28%
   8  Psti    0.00%    passed     99.70%
   9  Cgui    0.00%    passed     83.18%
  10  Dhan    0.00%    passed     94.21%
  11  Clus    0.00%    passed     98.21%
  12  Cgla    0.00%    passed     98.35%
  13  Sbay    0.00%    passed     98.64%
  14  Scer    0.00%    passed     99.97%
  15  Spar    0.00%    passed     99.48%
  16  Smik    0.00%    passed     99.99%
  17  Skud    0.00%    passed     95.71%
  18  Scas    0.00%    passed     98.54%
  19  Kpol    0.00%    passed     95.65%
  20  Zrou    0.00%    passed     71.37%
  21  Kthe    0.00%    passed     94.78%
  22  Kwal    0.00%    passed     98.36%
  23  Sklu    0.00%    passed     95.37%
****  TOTAL    0.00%  0 sequences failed composition chi2 test (p-value<5%; df=19)

Create initial parsimony tree by phylogenetic likelihood library (PLL)... 0.003 seconds
Generating 1000 samples for ultrafast bootstrap (seed: 257733)...

NOTE: 9 MB RAM (0 GB) is required!
Measuring multi-threading efficiency up to 8 CPU cores
Increase to 10 rounds for branch lengths
38 trees examined
Threads: 1 / Time: 8.214 sec / Speedup: 1.000 / Efficiency: 100% / LogL: -22079
Threads: 2 / Time: 4.776 sec / Speedup: 1.720 / Efficiency: 86% / LogL: -22079
Threads: 3 / Time: 3.443 sec / Speedup: 2.386 / Efficiency: 80% / LogL: -22079
Threads: 4 / Time: 2.786 sec / Speedup: 2.949 / Efficiency: 74% / LogL: -22079
Threads: 5 / Time: 2.361 sec / Speedup: 3.479 / Efficiency: 70% / LogL: -22079
Threads: 6 / Time: 2.135 sec / Speedup: 3.848 / Efficiency: 64% / LogL: -22079
Threads: 7 / Time: 1.982 sec / Speedup: 4.144 / Efficiency: 59% / LogL: -22079
Threads: 8 / Time: 1.877 sec / Speedup: 4.375 / Efficiency: 55% / LogL: -22079
BEST NUMBER OF THREADS: 8

Estimate model parameters (epsilon = 0.100)
Thoroughly optimizing +I+G parameters from 10 start values...
Init pinv, alpha: 0.000, 1.000 / Estimate: 0.000, 0.520 / LogL: -16828.050
Init pinv, alpha: 0.017, 1.000 / Estimate: 0.022, 0.551 / LogL: -16826.626
Init pinv, alpha: 0.033, 1.000 / Estimate: 0.034, 0.569 / LogL: -16826.163
Init pinv, alpha: 0.050, 1.000 / Estimate: 0.043, 0.582 / LogL: -16826.027
Init pinv, alpha: 0.067, 1.000 / Estimate: 0.048, 0.590 / LogL: -16826.040
Init pinv, alpha: 0.084, 1.000 / Estimate: 0.052, 0.596 / LogL: -16826.094
Init pinv, alpha: 0.100, 1.000 / Estimate: 0.053, 0.596 / LogL: -16826.099
Init pinv, alpha: 0.117, 1.000 / Estimate: 0.054, 0.599 / LogL: -16826.131
Init pinv, alpha: 0.134, 1.000 / Estimate: 0.053, 0.596 / LogL: -16826.103
Init pinv, alpha: 0.151, 1.000 / Estimate: 0.053, 0.597 / LogL: -16826.116
Optimal pinv,alpha: 0.043, 0.582 / LogL: -16826.027

Parameters optimization took 0.995 sec
Computing ML distances based on estimated model parameters... 0.292 sec
Computing BIONJ tree...
0.002 seconds
Log-likelihood of BIONJ tree: -16819.731
--------------------------------------------------------------------
|             INITIALIZING CANDIDATE TREE SET                      |
--------------------------------------------------------------------
Generating 98 parsimony trees... 0.399 second
Computing log-likelihood of 98 initial trees ... 1.170 seconds
Current best score: -16819.731

Do NNI search on 20 best initial trees
Estimate model parameters (epsilon = 0.100)
BETTER TREE FOUND at iteration 1: -16815.972
Iteration 10 / LogL: -16818.257 / Time: 0h:0m:31s
Iteration 20 / LogL: -16816.104 / Time: 0h:0m:31s
Finish initializing candidate tree set (1)
Current best tree score: -16815.972 / CPU time: 3.282
Number of iterations: 20
--------------------------------------------------------------------
|               OPTIMIZING CANDIDATE TREE SET                      |
--------------------------------------------------------------------
Iteration 30 / LogL: -16816.338 / Time: 0h:0m:33s (0h:1m:21s left)
Iteration 40 / LogL: -16816.075 / Time: 0h:0m:34s (0h:0m:53s left)
Iteration 50 / LogL: -16816.151 / Time: 0h:0m:35s (0h:0m:36s left)
Log-likelihood cutoff on original alignment: -16859.431
Iteration 60 / LogL: -16816.433 / Time: 0h:0m:36s (0h:0m:25s left)
Iteration 70 / LogL: -16816.148 / Time: 0h:0m:37s (0h:0m:16s left)
Iteration 80 / LogL: -16815.981 / Time: 0h:0m:38s (0h:0m:10s left)
Iteration 90 / LogL: -16816.006 / Time: 0h:0m:39s (0h:0m:4s left)
Iteration 100 / LogL: -16817.227 / Time: 0h:0m:40s (0h:0m:0s left)
Log-likelihood cutoff on original alignment: -16859.431
NOTE: Bootstrap correlation coefficient of split occurrence frequencies: 1.000
TREE SEARCH COMPLETED AFTER 102 ITERATIONS / Time: 0h:0m:41s

--------------------------------------------------------------------
|                    FINALIZING TREE SEARCH                        |
--------------------------------------------------------------------
Performs final model parameters optimization
Estimate model parameters (epsilon = 0.010)
1. Initial log-likelihood: -16815.972
2. Current log-likelihood: -16815.962
Optimal log-likelihood: -16815.954
Proportion of invariable sites: 0.045
Gamma shape alpha: 0.589
Parameters optimization took 2 rounds (0.025 sec)
BEST SCORE FOUND : -16815.954
Creating bootstrap support values...
Split supports printed to NEXUS file /csm_data/spielman_lab/aa_phylo_fit_topology/simulations/alignments/wag_control/HA_salichos_rep2_AA.fasta.splits.nex
Total tree length: 22.103

Total number of iterations: 102
CPU time used for tree search: 97.007 sec (0h:1m:37s)
Wall-clock time used for tree search: 12.364 sec (0h:0m:12s)
Total CPU time used: 206.305 sec (0h:3m:26s)
Total wall-clock time used: 41.133 sec (0h:0m:41s)

Computing bootstrap consensus tree...
Reading input file /csm_data/spielman_lab/aa_phylo_fit_topology/simulations/alignments/wag_control/HA_salichos_rep2_AA.fasta.splits.nex...
23 taxa and 93 splits.
Consensus tree written to /csm_data/spielman_lab/aa_phylo_fit_topology/simulations/alignments/wag_control/HA_salichos_rep2_AA.fasta.contree
Reading input trees file /csm_data/spielman_lab/aa_phylo_fit_topology/simulations/alignments/wag_control/HA_salichos_rep2_AA.fasta.contree
Log-likelihood of consensus tree: -16815.955

Analysis results written to: 
  IQ-TREE report:                /csm_data/spielman_lab/aa_phylo_fit_topology/simulations/alignments/wag_control/HA_salichos_rep2_AA.fasta.iqtree
  Maximum-likelihood tree:       /csm_data/spielman_lab/aa_phylo_fit_topology/simulations/alignments/wag_control/HA_salichos_rep2_AA.fasta.treefile
  Likelihood distances:          /csm_data/spielman_lab/aa_phylo_fit_topology/simulations/alignments/wag_control/HA_salichos_rep2_AA.fasta.mldist

Ultrafast bootstrap approximation results written to:
  Split support values:          /csm_data/spielman_lab/aa_phylo_fit_topology/simulations/alignments/wag_control/HA_salichos_rep2_AA.fasta.splits.nex
  Consensus tree:                /csm_data/spielman_lab/aa_phylo_fit_topology/simulations/alignments/wag_control/HA_salichos_rep2_AA.fasta.contree
  Screen log file:               /csm_data/spielman_lab/aa_phylo_fit_topology/simulations/alignments/wag_control/HA_salichos_rep2_AA.fasta.log

Date and Time: Sat Feb  1 22:47:11 2020
