IQ-TREE multicore version 1.6.7 for Linux 64-bit built Aug 23 2018
Developed by Bui Quang Minh, Nguyen Lam Tung, Olga Chernomor,
Heiko Schmidt, Dominik Schrempf, Michael Woodhams.

Host:    csm-com-003 (AVX2, FMA3, 62 GB RAM)
Command: iqtree -quiet -nt AUTO -ntmax 8 -m FLU+I -s /csm_data/spielman_lab/aa_phylo_fit_topology/simulations/alignments/wag_control/HA_salichos_rep17_AA.fasta -st AA -redo -bb 1000
Seed:    10299 (Using SPRNG - Scalable Parallel Random Number Generator)
Time:    Sun Feb  2 07:55:43 2020
Kernel:  AVX+FMA - auto-detect threads (48 CPU cores detected)

Reading alignment file /csm_data/spielman_lab/aa_phylo_fit_topology/simulations/alignments/wag_control/HA_salichos_rep17_AA.fasta ... Fasta format detected
Alignment most likely contains protein sequences
Alignment has 23 sequences with 564 columns, 481 distinct patterns
377 parsimony-informative, 86 singleton sites, 101 constant sites
      Gap/Ambiguity  Composition  p-value
   1  Agos    0.00%    passed     99.72%
   2  Klac    0.00%    passed     89.31%
   3  Calb    0.00%    passed     30.63%
   4  Cdub    0.00%    passed     35.05%
   5  Ctro    0.00%    passed     85.52%
   6  Cpar    0.00%    passed     99.78%
   7  Lelo    0.00%    passed     98.81%
   8  Psti    0.00%    passed     97.81%
   9  Cgui    0.00%    passed     94.22%
  10  Dhan    0.00%    passed     83.03%
  11  Clus    0.00%    passed     95.51%
  12  Cgla    0.00%    passed     88.80%
  13  Sbay    0.00%    passed     98.75%
  14  Scer    0.00%    passed     99.16%
  15  Spar    0.00%    passed     99.82%
  16  Smik    0.00%    passed     97.56%
  17  Skud    0.00%    passed     99.47%
  18  Scas    0.00%    passed     88.27%
  19  Kpol    0.00%    passed     99.21%
  20  Zrou    0.00%    passed     99.56%
  21  Kthe    0.00%    passed     98.51%
  22  Kwal    0.00%    passed     96.92%
  23  Sklu    0.00%    passed     99.50%
****  TOTAL    0.00%  0 sequences failed composition chi2 test (p-value<5%; df=19)

Create initial parsimony tree by phylogenetic likelihood library (PLL)... 0.004 seconds
Generating 1000 samples for ultrafast bootstrap (seed: 10299)...

NOTE: 3 MB RAM (0 GB) is required!
Measuring multi-threading efficiency up to 8 CPU cores
Increase to 10 rounds for branch lengths
159 trees examined
Threads: 1 / Time: 8.003 sec / Speedup: 1.000 / Efficiency: 100% / LogL: -21567
Threads: 2 / Time: 4.548 sec / Speedup: 1.760 / Efficiency: 88% / LogL: -21567
Threads: 3 / Time: 3.297 sec / Speedup: 2.428 / Efficiency: 81% / LogL: -21567
Threads: 4 / Time: 2.726 sec / Speedup: 2.936 / Efficiency: 73% / LogL: -21567
Threads: 5 / Time: 2.475 sec / Speedup: 3.234 / Efficiency: 65% / LogL: -21567
Threads: 6 / Time: 2.936 sec / Speedup: 2.726 / Efficiency: 45% / LogL: -21567
BEST NUMBER OF THREADS: 5

Estimate model parameters (epsilon = 0.100)
1. Initial log-likelihood: -16394.580
2. Current log-likelihood: -16271.964
3. Current log-likelihood: -16267.129
4. Current log-likelihood: -16266.344
5. Current log-likelihood: -16266.179
Optimal log-likelihood: -16266.136
Proportion of invariable sites: 0.170
Parameters optimization took 5 rounds (0.044 sec)
Computing ML distances based on estimated model parameters... 0.071 sec
Computing BIONJ tree...
0.002 seconds
Log-likelihood of BIONJ tree: -16262.978
--------------------------------------------------------------------
|             INITIALIZING CANDIDATE TREE SET                      |
--------------------------------------------------------------------
Generating 98 parsimony trees... 0.440 second
Computing log-likelihood of 98 initial trees ... 0.593 seconds
Current best score: -16262.978

Do NNI search on 20 best initial trees
Estimate model parameters (epsilon = 0.100)
BETTER TREE FOUND at iteration 1: -16262.786
Iteration 10 / LogL: -16266.133 / Time: 0h:0m:25s
Iteration 20 / LogL: -16266.159 / Time: 0h:0m:26s
Finish initializing candidate tree set (2)
Current best tree score: -16262.786 / CPU time: 1.938
Number of iterations: 20
--------------------------------------------------------------------
|               OPTIMIZING CANDIDATE TREE SET                      |
--------------------------------------------------------------------
Iteration 30 / LogL: -16262.795 / Time: 0h:0m:26s (0h:1m:5s left)
Iteration 40 / LogL: -16262.856 / Time: 0h:0m:27s (0h:0m:42s left)
Iteration 50 / LogL: -16262.795 / Time: 0h:0m:27s (0h:0m:28s left)
Log-likelihood cutoff on original alignment: -16302.406
Iteration 60 / LogL: -16266.133 / Time: 0h:0m:28s (0h:0m:19s left)
Iteration 70 / LogL: -16262.788 / Time: 0h:0m:29s (0h:0m:13s left)
Iteration 80 / LogL: -16262.970 / Time: 0h:0m:29s (0h:0m:7s left)
Iteration 90 / LogL: -16262.789 / Time: 0h:0m:30s (0h:0m:3s left)
Iteration 100 / LogL: -16262.842 / Time: 0h:0m:30s (0h:0m:0s left)
Log-likelihood cutoff on original alignment: -16302.406
NOTE: Bootstrap correlation coefficient of split occurrence frequencies: 1.000
TREE SEARCH COMPLETED AFTER 102 ITERATIONS / Time: 0h:0m:31s

--------------------------------------------------------------------
|                    FINALIZING TREE SEARCH                        |
--------------------------------------------------------------------
Performs final model parameters optimization
Estimate model parameters (epsilon = 0.010)
1. Initial log-likelihood: -16262.786
Optimal log-likelihood: -16262.785
Proportion of invariable sites: 0.171
Parameters optimization took 1 rounds (0.007 sec)
BEST SCORE FOUND : -16262.785
Creating bootstrap support values...
Split supports printed to NEXUS file /csm_data/spielman_lab/aa_phylo_fit_topology/simulations/alignments/wag_control/HA_salichos_rep17_AA.fasta.splits.nex
Total tree length: 7.660

Total number of iterations: 102
CPU time used for tree search: 33.436 sec (0h:0m:33s)
Wall-clock time used for tree search: 6.890 sec (0h:0m:6s)
Total CPU time used: 110.417 sec (0h:1m:50s)
Total wall-clock time used: 31.059 sec (0h:0m:31s)

Computing bootstrap consensus tree...
Reading input file /csm_data/spielman_lab/aa_phylo_fit_topology/simulations/alignments/wag_control/HA_salichos_rep17_AA.fasta.splits.nex...
23 taxa and 90 splits.
Consensus tree written to /csm_data/spielman_lab/aa_phylo_fit_topology/simulations/alignments/wag_control/HA_salichos_rep17_AA.fasta.contree
Reading input trees file /csm_data/spielman_lab/aa_phylo_fit_topology/simulations/alignments/wag_control/HA_salichos_rep17_AA.fasta.contree
Log-likelihood of consensus tree: -16262.785

Analysis results written to: 
  IQ-TREE report:                /csm_data/spielman_lab/aa_phylo_fit_topology/simulations/alignments/wag_control/HA_salichos_rep17_AA.fasta.iqtree
  Maximum-likelihood tree:       /csm_data/spielman_lab/aa_phylo_fit_topology/simulations/alignments/wag_control/HA_salichos_rep17_AA.fasta.treefile
  Likelihood distances:          /csm_data/spielman_lab/aa_phylo_fit_topology/simulations/alignments/wag_control/HA_salichos_rep17_AA.fasta.mldist

Ultrafast bootstrap approximation results written to:
  Split support values:          /csm_data/spielman_lab/aa_phylo_fit_topology/simulations/alignments/wag_control/HA_salichos_rep17_AA.fasta.splits.nex
  Consensus tree:                /csm_data/spielman_lab/aa_phylo_fit_topology/simulations/alignments/wag_control/HA_salichos_rep17_AA.fasta.contree
  Screen log file:               /csm_data/spielman_lab/aa_phylo_fit_topology/simulations/alignments/wag_control/HA_salichos_rep17_AA.fasta.log

Date and Time: Sun Feb  2 07:56:14 2020
