IQ-TREE multicore version 1.6.7 for Linux 64-bit built Aug 23 2018
Developed by Bui Quang Minh, Nguyen Lam Tung, Olga Chernomor,
Heiko Schmidt, Dominik Schrempf, Michael Woodhams.

Host:    csm-com-002 (AVX2, FMA3, 62 GB RAM)
Command: iqtree -quiet -nt AUTO -ntmax 8 -m Blosum62+F+I -s /csm_data/spielman_lab/aa_phylo_fit_topology/simulations/alignments/wag_control/HIV_spiralia_rep19_AA.fasta -st AA -redo -bb 1000
Seed:    520693 (Using SPRNG - Scalable Parallel Random Number Generator)
Time:    Sat Feb  1 23:14:20 2020
Kernel:  AVX+FMA - auto-detect threads (48 CPU cores detected)

Reading alignment file /csm_data/spielman_lab/aa_phylo_fit_topology/simulations/alignments/wag_control/HIV_spiralia_rep19_AA.fasta ... Fasta format detected
Alignment most likely contains protein sequences
Alignment has 103 sequences with 661 columns, 614 distinct patterns
550 parsimony-informative, 46 singleton sites, 65 constant sites
                                Gap/Ambiguity  Composition  p-value
   1  Adineta_vaga                      0.00%    passed     90.08%
   2  Rotaria_rotatoria                 0.00%    passed     84.87%
   3  Lepadella_patella                 0.00%    passed     86.52%
   4  Brachionus_plicatilis             0.00%    passed     81.29%
   5  Brachionus_manjavacas             0.00%    passed     79.48%
   6  Rhabdopleura_compacta             0.00%    passed    100.00%
   7  Ptychodera_flava                  0.00%    passed     99.30%
   8  SchizocardiumCalif_cl             0.00%    passed     97.39%
   9  Sackow                            0.00%    passed     98.57%
  10  Patmin                            0.00%    passed     99.98%
  11  Parastichopus_parvimensis         0.00%    passed     82.39%
  12  Strpur                            0.00%    passed     99.81%
  13  Florometra_serratissima           0.00%    passed     92.28%
  14  Calmil                            0.00%    passed     99.99%
  15  HUMAN                             0.00%    passed     99.90%
  16  LATCH                             0.00%    passed     99.98%
  17  LEPOC                             0.00%    passed     99.52%
  18  Petromyzon_marins                 0.00%    passed     99.88%
  19  Halocynthia_roretzi               0.00%    passed     99.96%
  20  Molgula_tectiformis               0.00%    passed     99.87%
  21  CIOIN                             0.00%    passed     97.29%
  22  Asymmetron_lucayanum              0.00%    passed     99.98%
  23  BraLan                            0.00%    passed    100.00%
  24  Leucoselenia_complicata           0.00%    passed     97.20%
  25  Sycon_ciliatum                    0.00%    passed     99.02%
  26  Oscarella_carmella                0.00%    passed     99.99%
  27  AMPQE                             0.00%    passed     97.02%
  28  Ephidatia_mulleri                 0.00%    passed     99.26%
  29  NEMVE                             0.00%    passed     98.93%
  30  Acropora_digitifera               0.00%    passed     98.02%
  31  Aurelia_aurita                    0.00%    passed     99.88%
  32  Clytia_hemisphaerica              0.00%    passed     85.85%
  33  Isodiametra_pulchra               0.00%    passed     60.51%
  34  Childia_submaculatum              0.00%    passed     85.15%
  35  Diopisthoporus_gymnopharyngeus    0.00%    passed     77.93%
  36  Hofstenia_miamia                  0.00%    passed     84.76%
  37  Meara_stichopi                    0.00%    passed     79.70%
  38  Nemertoderma_westbladi            0.00%    passed     58.53%
  39  Xenoturbella_profunda             0.00%    passed     97.79%
  40  Xenoturbella_bocki                0.00%    passed     98.44%
  41  TRICA                             0.00%    passed     98.02%
  42  DROME                             0.00%    passed     84.95%
  43  Apis_mellifera                    0.00%    passed     98.05%
  44  Daphnia_pulex                     0.00%    passed     98.80%
  45  Eudigraphis_taiwaniensis          0.00%    passed     99.17%
  46  STRMM                             0.00%    passed     99.97%
  47  Mesobuthus_martensii              0.00%    passed     99.94%
  48  Limulus_polyphemus                0.00%    passed     99.70%
  49  Peripatopsis_capensis             0.00%    passed     99.99%
  50  Enoplus_brevis                    0.00%    passed     83.36%
  51  Romanomermis_culicivorax          0.00%    passed     90.72%
  52  Ramazzottius_varieornatus         0.00%    passed     89.24%
  53  Hypsibius_dujardini               0.00%    passed     90.88%
  54  Priapulus_caudatus                0.00%    passed     99.52%
  55  Halicryptus_spinulosus            0.00%    passed     99.96%
  56  Tubiluchus_corallicola            0.00%    passed     99.91%
  57  Lepidodermella_squamata           0.00%    passed     65.57%
  58  Diuronotus_aspetos                0.00%    passed     99.57%
  59  Macrodasys_sp                     0.00%    passed     97.83%
  60  Megadasys_sp                      0.00%    passed     98.45%
  61  Catenulida_sp                     0.00%    passed     99.46%
  62  Stylochoplana_maculata            0.00%    passed     86.04%
  63  Stylochus_ellipticus              0.00%    passed     43.13%
  64  Macrostomum_lignano               0.00%    passed     95.70%
  65  LOTGI                             0.00%    passed    100.00%
  66  Aplysia_californica               0.00%    passed     99.28%
  67  CRAGI                             0.00%    passed    100.00%
  68  Leptochiton_rugatus               0.00%    passed     99.21%
  69  Neomenia_megatrapezata            0.00%    passed     98.01%
  70  CAPI1                             0.00%    passed     99.38%
  71  Lumbricus_terrestris              0.00%    passed     99.99%
  72  Nephtys_caeca                     0.00%    passed     99.96%
  73  Owenia_fusiformis                 0.00%    passed     99.97%
  74  Lineus_longissimus                0.00%    passed     98.78%
  75  Paranemertes_peregrina            0.00%    passed     98.90%
  76  Malacobdella_grossa               0.00%    passed     99.78%
  77  Tubulanus_polymorphus             0.00%    passed     99.06%
  78  Cephalothrix_linearis             0.00%    passed     94.97%
  79  Hemithiris_psittacea              0.00%    passed     99.34%
  80  Terebratalia_transversa           0.00%    passed     99.97%
  81  Glottidia_pyramidata              0.00%    passed     98.76%
  82  Linana                            0.00%    passed     99.87%
  83  Phoronopsis_harmeri               0.00%    passed     99.85%
  84  Phoronis_vancouverensis           0.00%    passed     99.06%
  85  Phoronis_psammophila              0.00%    passed     96.94%
  86  Membranipora_membranacea          0.00%    passed     99.89%
  87  Bugula_neritina                   0.00%    passed     99.56%
  88  Loxosoma_pectinaricola            0.00%    passed     99.55%
  89  Barentsia_gracilis                0.00%    passed     97.79%
  90  Sagitta_gazellae                  0.00%    passed     99.25%
  91  Sagitta_setosa                    0.00%    passed     99.40%
  92  Pterosagitta_draco                0.00%    passed     99.23%
  93  Sagitta_elegans                   0.00%    passed     99.83%
  94  Sagitta_serratodentata            0.00%    passed     99.60%
  95  Sagitta_hexaptera                 0.00%    passed     99.93%
  96  Krohnitta_sp                      0.00%    passed     99.96%
  97  Paraspadella_ovovivipara          0.00%    passed     99.72%
  98  Pargo1                            0.00%    passed     98.82%
  99  Spadella_cephaloptera             0.00%    passed     99.88%
 100  Eukrohnia_hamata                  0.00%    passed     99.65%
 101  Gnathostomula_paradoxa            0.00%    passed     99.86%
 102  Austrognathia_sp                  0.00%    passed     99.43%
 103  Limnognathia_maerski              0.00%    passed     97.29%
****  TOTAL                             0.00%  0 sequences failed composition chi2 test (p-value<5%; df=19)

Create initial parsimony tree by phylogenetic likelihood library (PLL)... 0.050 seconds
Generating 1000 samples for ultrafast bootstrap (seed: 520693)...

NOTE: 12 MB RAM (0 GB) is required!
Measuring multi-threading efficiency up to 8 CPU cores
Increase to 10 rounds for branch lengths
32 trees examined
Threads: 1 / Time: 8.200 sec / Speedup: 1.000 / Efficiency: 100% / LogL: -84671
Threads: 2 / Time: 4.570 sec / Speedup: 1.794 / Efficiency: 90% / LogL: -84671
Threads: 3 / Time: 3.363 sec / Speedup: 2.438 / Efficiency: 81% / LogL: -84671
Threads: 4 / Time: 2.787 sec / Speedup: 2.942 / Efficiency: 74% / LogL: -84671
Threads: 5 / Time: 2.362 sec / Speedup: 3.472 / Efficiency: 69% / LogL: -84671
Threads: 6 / Time: 2.228 sec / Speedup: 3.681 / Efficiency: 61% / LogL: -84671
Threads: 7 / Time: 2.062 sec / Speedup: 3.976 / Efficiency: 57% / LogL: -84671
Threads: 8 / Time: 2.235 sec / Speedup: 3.668 / Efficiency: 46% / LogL: -84671
BEST NUMBER OF THREADS: 7

Estimate model parameters (epsilon = 0.100)
1. Initial log-likelihood: -65143.185
2. Current log-likelihood: -64596.700
3. Current log-likelihood: -64591.773
4. Current log-likelihood: -64590.451
5. Current log-likelihood: -64589.991
6. Current log-likelihood: -64589.817
Optimal log-likelihood: -64589.728
Proportion of invariable sites: 0.096
Parameters optimization took 6 rounds (0.210 sec)
Computing ML distances based on estimated model parameters... 0.815 sec
Computing BIONJ tree...
0.009 seconds
Log-likelihood of BIONJ tree: -64629.834
--------------------------------------------------------------------
|             INITIALIZING CANDIDATE TREE SET                      |
--------------------------------------------------------------------
Generating 98 parsimony trees... 6.013 second
Computing log-likelihood of 98 initial trees ... 2.861 seconds
Current best score: -64582.219

Do NNI search on 20 best initial trees
Estimate model parameters (epsilon = 0.100)
BETTER TREE FOUND at iteration 1: -64555.242
UPDATE BEST LOG-LIKELIHOOD: -64555.242
UPDATE BEST LOG-LIKELIHOOD: -64555.242
Iteration 10 / LogL: -64555.242 / Time: 0h:0m:39s
UPDATE BEST LOG-LIKELIHOOD: -64555.242
Iteration 20 / LogL: -64584.304 / Time: 0h:0m:41s
Finish initializing candidate tree set (2)
Current best tree score: -64555.242 / CPU time: 13.341
Number of iterations: 20
--------------------------------------------------------------------
|               OPTIMIZING CANDIDATE TREE SET                      |
--------------------------------------------------------------------
Estimate model parameters (epsilon = 0.100)
BETTER TREE FOUND at iteration 27: -64554.078
Iteration 30 / LogL: -64606.947 / Time: 0h:0m:44s (0h:2m:29s left)
Iteration 40 / LogL: -64554.106 / Time: 0h:0m:48s (0h:1m:46s left)
Iteration 50 / LogL: -64554.110 / Time: 0h:0m:51s (0h:1m:20s left)
Log-likelihood cutoff on original alignment: -64609.506
Iteration 60 / LogL: -64569.279 / Time: 0h:0m:54s (0h:1m:2s left)
Iteration 70 / LogL: -64569.328 / Time: 0h:0m:57s (0h:0m:47s left)
Iteration 80 / LogL: -64554.086 / Time: 0h:1m:1s (0h:0m:36s left)
Iteration 90 / LogL: -64555.258 / Time: 0h:1m:4s (0h:0m:26s left)
Iteration 100 / LogL: -64555.245 / Time: 0h:1m:7s (0h:0m:18s left)
Log-likelihood cutoff on original alignment: -64609.506
NOTE: Bootstrap correlation coefficient of split occurrence frequencies: 1.000
Iteration 110 / LogL: -64570.323 / Time: 0h:1m:10s (0h:0m:58s left)
Iteration 120 / LogL: -64569.328 / Time: 0h:1m:13s (0h:0m:49s left)
TREE SEARCH COMPLETED AFTER 128 ITERATIONS / Time: 0h:1m:16s

--------------------------------------------------------------------
|                    FINALIZING TREE SEARCH                        |
--------------------------------------------------------------------
Performs final model parameters optimization
Estimate model parameters (epsilon = 0.010)
1. Initial log-likelihood: -64554.078
Optimal log-likelihood: -64554.075
Proportion of invariable sites: 0.098
Parameters optimization took 1 rounds (0.038 sec)
BEST SCORE FOUND : -64554.075
Creating bootstrap support values...
Split supports printed to NEXUS file /csm_data/spielman_lab/aa_phylo_fit_topology/simulations/alignments/wag_control/HIV_spiralia_rep19_AA.fasta.splits.nex
Total tree length: 20.935

Total number of iterations: 128
CPU time used for tree search: 298.090 sec (0h:4m:58s)
Wall-clock time used for tree search: 47.927 sec (0h:0m:47s)
Total CPU time used: 414.532 sec (0h:6m:54s)
Total wall-clock time used: 76.689 sec (0h:1m:16s)

Computing bootstrap consensus tree...
Reading input file /csm_data/spielman_lab/aa_phylo_fit_topology/simulations/alignments/wag_control/HIV_spiralia_rep19_AA.fasta.splits.nex...
103 taxa and 337 splits.
Consensus tree written to /csm_data/spielman_lab/aa_phylo_fit_topology/simulations/alignments/wag_control/HIV_spiralia_rep19_AA.fasta.contree
Reading input trees file /csm_data/spielman_lab/aa_phylo_fit_topology/simulations/alignments/wag_control/HIV_spiralia_rep19_AA.fasta.contree
Log-likelihood of consensus tree: -64554.075

Analysis results written to: 
  IQ-TREE report:                /csm_data/spielman_lab/aa_phylo_fit_topology/simulations/alignments/wag_control/HIV_spiralia_rep19_AA.fasta.iqtree
  Maximum-likelihood tree:       /csm_data/spielman_lab/aa_phylo_fit_topology/simulations/alignments/wag_control/HIV_spiralia_rep19_AA.fasta.treefile
  Likelihood distances:          /csm_data/spielman_lab/aa_phylo_fit_topology/simulations/alignments/wag_control/HIV_spiralia_rep19_AA.fasta.mldist

Ultrafast bootstrap approximation results written to:
  Split support values:          /csm_data/spielman_lab/aa_phylo_fit_topology/simulations/alignments/wag_control/HIV_spiralia_rep19_AA.fasta.splits.nex
  Consensus tree:                /csm_data/spielman_lab/aa_phylo_fit_topology/simulations/alignments/wag_control/HIV_spiralia_rep19_AA.fasta.contree
  Screen log file:               /csm_data/spielman_lab/aa_phylo_fit_topology/simulations/alignments/wag_control/HIV_spiralia_rep19_AA.fasta.log

Date and Time: Sat Feb  1 23:15:37 2020
