IQ-TREE multicore version 1.6.7 for Linux 64-bit built Aug 23 2018
Developed by Bui Quang Minh, Nguyen Lam Tung, Olga Chernomor,
Heiko Schmidt, Dominik Schrempf, Michael Woodhams.

Host:    csm-com-005 (AVX2, FMA3, 62 GB RAM)
Command: iqtree -quiet -nt AUTO -ntmax 8 -m WAG+I+G4 -s /csm_data/spielman_lab/aa_phylo_fit_topology/simulations/alignments/wag_control/HIV_salichos_rep14_AA.fasta -st AA -redo -bb 1000
Seed:    635134 (Using SPRNG - Scalable Parallel Random Number Generator)
Time:    Sat Feb  1 19:20:58 2020
Kernel:  AVX+FMA - auto-detect threads (48 CPU cores detected)

Reading alignment file /csm_data/spielman_lab/aa_phylo_fit_topology/simulations/alignments/wag_control/HIV_salichos_rep14_AA.fasta ... Fasta format detected
Alignment most likely contains protein sequences
Alignment has 23 sequences with 661 columns, 570 distinct patterns
479 parsimony-informative, 72 singleton sites, 109 constant sites
      Gap/Ambiguity  Composition  p-value
   1  Agos    0.00%    passed     50.55%
   2  Klac    0.00%    passed     99.83%
   3  Calb    0.00%    passed     90.38%
   4  Cdub    0.00%    passed     68.03%
   5  Ctro    0.00%    passed     99.18%
   6  Cpar    0.00%    passed     65.90%
   7  Lelo    0.00%    passed     93.47%
   8  Psti    0.00%    passed     98.15%
   9  Cgui    0.00%    passed     98.59%
  10  Dhan    0.00%    passed     99.83%
  11  Clus    0.00%    passed     79.63%
  12  Cgla    0.00%    passed     98.17%
  13  Sbay    0.00%    passed     99.07%
  14  Scer    0.00%    passed     99.99%
  15  Spar    0.00%    passed     99.97%
  16  Smik    0.00%    passed     99.81%
  17  Skud    0.00%    passed     99.95%
  18  Scas    0.00%    passed     96.60%
  19  Kpol    0.00%    passed     48.79%
  20  Zrou    0.00%    passed     79.69%
  21  Kthe    0.00%    passed     63.73%
  22  Kwal    0.00%    passed     99.74%
  23  Sklu    0.00%    passed     98.62%
****  TOTAL    0.00%  0 sequences failed composition chi2 test (p-value<5%; df=19)

Create initial parsimony tree by phylogenetic likelihood library (PLL)... 0.003 seconds
Generating 1000 samples for ultrafast bootstrap (seed: 635134)...

NOTE: 10 MB RAM (0 GB) is required!
Measuring multi-threading efficiency up to 8 CPU cores
Increase to 10 rounds for branch lengths
32 trees examined
Threads: 1 / Time: 8.074 sec / Speedup: 1.000 / Efficiency: 100% / LogL: -23826
Threads: 2 / Time: 4.237 sec / Speedup: 1.905 / Efficiency: 95% / LogL: -23826
Threads: 3 / Time: 2.967 sec / Speedup: 2.722 / Efficiency: 91% / LogL: -23826
Threads: 4 / Time: 2.336 sec / Speedup: 3.457 / Efficiency: 86% / LogL: -23826
Threads: 5 / Time: 2.033 sec / Speedup: 3.971 / Efficiency: 79% / LogL: -23826
Threads: 6 / Time: 1.727 sec / Speedup: 4.676 / Efficiency: 78% / LogL: -23826
Threads: 7 / Time: 1.537 sec / Speedup: 5.254 / Efficiency: 75% / LogL: -23826
Threads: 8 / Time: 1.587 sec / Speedup: 5.087 / Efficiency: 64% / LogL: -23826
BEST NUMBER OF THREADS: 7

Estimate model parameters (epsilon = 0.100)
Thoroughly optimizing +I+G parameters from 10 start values...
Init pinv, alpha: 0.000, 1.000 / Estimate: 0.000, 0.688 / LogL: -19321.381
Init pinv, alpha: 0.018, 1.000 / Estimate: 0.101, 0.934 / LogL: -19309.361
Init pinv, alpha: 0.037, 1.000 / Estimate: 0.101, 0.936 / LogL: -19309.350
Init pinv, alpha: 0.055, 1.000 / Estimate: 0.100, 0.932 / LogL: -19309.379
Init pinv, alpha: 0.074, 1.000 / Estimate: 0.101, 0.937 / LogL: -19309.345
Init pinv, alpha: 0.092, 1.000 / Estimate: 0.102, 0.938 / LogL: -19309.342
Init pinv, alpha: 0.111, 1.000 / Estimate: 0.105, 0.949 / LogL: -19309.314
Init pinv, alpha: 0.129, 1.000 / Estimate: 0.108, 0.960 / LogL: -19309.315
Init pinv, alpha: 0.148, 1.000 / Estimate: 0.108, 0.959 / LogL: -19309.314
Init pinv, alpha: 0.166, 1.000 / Estimate: 0.109, 0.962 / LogL: -19309.321
Optimal pinv,alpha: 0.105, 0.949 / LogL: -19309.314

Parameters optimization took 1.351 sec
Computing ML distances based on estimated model parameters... 0.198 sec
Computing BIONJ tree...
0.002 seconds
Log-likelihood of BIONJ tree: -19305.067
--------------------------------------------------------------------
|             INITIALIZING CANDIDATE TREE SET                      |
--------------------------------------------------------------------
Generating 98 parsimony trees... 0.414 second
Computing log-likelihood of 98 initial trees ... 1.286 seconds
Current best score: -19305.067

Do NNI search on 20 best initial trees
Estimate model parameters (epsilon = 0.100)
BETTER TREE FOUND at iteration 1: -19305.066
Iteration 10 / LogL: -19305.482 / Time: 0h:0m:28s
Iteration 20 / LogL: -19305.357 / Time: 0h:0m:29s
Finish initializing candidate tree set (1)
Current best tree score: -19305.066 / CPU time: 3.338
Number of iterations: 20
--------------------------------------------------------------------
|               OPTIMIZING CANDIDATE TREE SET                      |
--------------------------------------------------------------------
Iteration 30 / LogL: -19305.107 / Time: 0h:0m:30s (0h:1m:14s left)
Iteration 40 / LogL: -19305.452 / Time: 0h:0m:31s (0h:0m:49s left)
Iteration 50 / LogL: -19305.227 / Time: 0h:0m:33s (0h:0m:34s left)
Log-likelihood cutoff on original alignment: -19337.124
Iteration 60 / LogL: -19305.192 / Time: 0h:0m:34s (0h:0m:23s left)
Iteration 70 / LogL: -19305.676 / Time: 0h:0m:35s (0h:0m:16s left)
Iteration 80 / LogL: -19305.708 / Time: 0h:0m:37s (0h:0m:9s left)
Iteration 90 / LogL: -19306.195 / Time: 0h:0m:38s (0h:0m:4s left)
Iteration 100 / LogL: -19305.368 / Time: 0h:0m:39s (0h:0m:0s left)
Log-likelihood cutoff on original alignment: -19335.176
NOTE: Bootstrap correlation coefficient of split occurrence frequencies: 1.000
TREE SEARCH COMPLETED AFTER 102 ITERATIONS / Time: 0h:0m:40s

--------------------------------------------------------------------
|                    FINALIZING TREE SEARCH                        |
--------------------------------------------------------------------
Performs final model parameters optimization
Estimate model parameters (epsilon = 0.010)
1. Initial log-likelihood: -19305.066
Optimal log-likelihood: -19305.066
Proportion of invariable sites: 0.105
Gamma shape alpha: 0.950
Parameters optimization took 1 rounds (0.019 sec)
BEST SCORE FOUND : -19305.066
Creating bootstrap support values...
Split supports printed to NEXUS file /csm_data/spielman_lab/aa_phylo_fit_topology/simulations/alignments/wag_control/HIV_salichos_rep14_AA.fasta.splits.nex
Total tree length: 10.453

Total number of iterations: 102
CPU time used for tree search: 97.026 sec (0h:1m:37s)
Wall-clock time used for tree search: 14.114 sec (0h:0m:14s)
Total CPU time used: 197.330 sec (0h:3m:17s)
Total wall-clock time used: 40.230 sec (0h:0m:40s)

Computing bootstrap consensus tree...
Reading input file /csm_data/spielman_lab/aa_phylo_fit_topology/simulations/alignments/wag_control/HIV_salichos_rep14_AA.fasta.splits.nex...
23 taxa and 80 splits.
Consensus tree written to /csm_data/spielman_lab/aa_phylo_fit_topology/simulations/alignments/wag_control/HIV_salichos_rep14_AA.fasta.contree
Reading input trees file /csm_data/spielman_lab/aa_phylo_fit_topology/simulations/alignments/wag_control/HIV_salichos_rep14_AA.fasta.contree
Log-likelihood of consensus tree: -19305.066

Analysis results written to: 
  IQ-TREE report:                /csm_data/spielman_lab/aa_phylo_fit_topology/simulations/alignments/wag_control/HIV_salichos_rep14_AA.fasta.iqtree
  Maximum-likelihood tree:       /csm_data/spielman_lab/aa_phylo_fit_topology/simulations/alignments/wag_control/HIV_salichos_rep14_AA.fasta.treefile
  Likelihood distances:          /csm_data/spielman_lab/aa_phylo_fit_topology/simulations/alignments/wag_control/HIV_salichos_rep14_AA.fasta.mldist

Ultrafast bootstrap approximation results written to:
  Split support values:          /csm_data/spielman_lab/aa_phylo_fit_topology/simulations/alignments/wag_control/HIV_salichos_rep14_AA.fasta.splits.nex
  Consensus tree:                /csm_data/spielman_lab/aa_phylo_fit_topology/simulations/alignments/wag_control/HIV_salichos_rep14_AA.fasta.contree
  Screen log file:               /csm_data/spielman_lab/aa_phylo_fit_topology/simulations/alignments/wag_control/HIV_salichos_rep14_AA.fasta.log

Date and Time: Sat Feb  1 19:21:38 2020
