IQ-TREE multicore version 1.6.7 for Linux 64-bit built Aug 23 2018
Developed by Bui Quang Minh, Nguyen Lam Tung, Olga Chernomor,
Heiko Schmidt, Dominik Schrempf, Michael Woodhams.

Host:    csm-com-006 (AVX2, FMA3, 62 GB RAM)
Command: iqtree -quiet -nt AUTO -ntmax 8 -m mtMAM -s /csm_data/spielman_lab/aa_phylo_fit_topology/simulations/alignments/wag_control/HIV_spiralia_rep20_AA.fasta -st AA -redo -bb 1000
Seed:    62283 (Using SPRNG - Scalable Parallel Random Number Generator)
Time:    Sun Feb  2 00:09:29 2020
Kernel:  AVX+FMA - auto-detect threads (48 CPU cores detected)

Reading alignment file /csm_data/spielman_lab/aa_phylo_fit_topology/simulations/alignments/wag_control/HIV_spiralia_rep20_AA.fasta ... Fasta format detected
Alignment most likely contains protein sequences
Alignment has 103 sequences with 661 columns, 615 distinct patterns
537 parsimony-informative, 60 singleton sites, 64 constant sites
                                Gap/Ambiguity  Composition  p-value
   1  Adineta_vaga                      0.00%    passed     99.96%
   2  Rotaria_rotatoria                 0.00%    passed     98.45%
   3  Lepadella_patella                 0.00%    passed     94.77%
   4  Brachionus_plicatilis             0.00%    passed     83.69%
   5  Brachionus_manjavacas             0.00%    passed     91.26%
   6  Rhabdopleura_compacta             0.00%    passed     99.97%
   7  Ptychodera_flava                  0.00%    passed     99.93%
   8  SchizocardiumCalif_cl             0.00%    passed     99.26%
   9  Sackow                            0.00%    passed     99.99%
  10  Patmin                            0.00%    passed     99.95%
  11  Parastichopus_parvimensis         0.00%    passed     89.11%
  12  Strpur                            0.00%    passed     98.75%
  13  Florometra_serratissima           0.00%    passed     98.47%
  14  Calmil                            0.00%    passed     96.98%
  15  HUMAN                             0.00%    passed     99.18%
  16  LATCH                             0.00%    passed     98.96%
  17  LEPOC                             0.00%    passed     98.29%
  18  Petromyzon_marins                 0.00%    passed     98.97%
  19  Halocynthia_roretzi               0.00%    passed     96.87%
  20  Molgula_tectiformis               0.00%    passed     95.74%
  21  CIOIN                             0.00%    passed     99.57%
  22  Asymmetron_lucayanum              0.00%    passed     99.96%
  23  BraLan                            0.00%    passed     99.97%
  24  Leucoselenia_complicata           0.00%    passed     99.94%
  25  Sycon_ciliatum                    0.00%    passed     99.38%
  26  Oscarella_carmella                0.00%    passed     90.44%
  27  AMPQE                             0.00%    passed     99.18%
  28  Ephidatia_mulleri                 0.00%    passed     86.99%
  29  NEMVE                             0.00%    passed     99.34%
  30  Acropora_digitifera               0.00%    passed     98.68%
  31  Aurelia_aurita                    0.00%    passed     93.31%
  32  Clytia_hemisphaerica              0.00%    passed     99.54%
  33  Isodiametra_pulchra               0.00%    passed     69.12%
  34  Childia_submaculatum              0.00%    passed     89.36%
  35  Diopisthoporus_gymnopharyngeus    0.00%    passed     97.57%
  36  Hofstenia_miamia                  0.00%    passed     84.93%
  37  Meara_stichopi                    0.00%    passed     74.58%
  38  Nemertoderma_westbladi            0.00%    passed     99.26%
  39  Xenoturbella_profunda             0.00%    passed     99.91%
  40  Xenoturbella_bocki                0.00%    passed     99.91%
  41  TRICA                             0.00%    passed     95.70%
  42  DROME                             0.00%    passed     99.24%
  43  Apis_mellifera                    0.00%    passed     99.92%
  44  Daphnia_pulex                     0.00%    passed     99.85%
  45  Eudigraphis_taiwaniensis          0.00%    passed     94.40%
  46  STRMM                             0.00%    passed     97.93%
  47  Mesobuthus_martensii              0.00%    passed     99.95%
  48  Limulus_polyphemus                0.00%    passed     96.57%
  49  Peripatopsis_capensis             0.00%    passed     99.94%
  50  Enoplus_brevis                    0.00%    passed     99.50%
  51  Romanomermis_culicivorax          0.00%    passed     79.10%
  52  Ramazzottius_varieornatus         0.00%    passed     98.71%
  53  Hypsibius_dujardini               0.00%    passed     95.84%
  54  Priapulus_caudatus                0.00%    passed     99.31%
  55  Halicryptus_spinulosus            0.00%    passed     99.24%
  56  Tubiluchus_corallicola            0.00%    passed     98.27%
  57  Lepidodermella_squamata           0.00%    passed     82.02%
  58  Diuronotus_aspetos                0.00%    passed     86.93%
  59  Macrodasys_sp                     0.00%    passed     93.88%
  60  Megadasys_sp                      0.00%    passed     97.49%
  61  Catenulida_sp                     0.00%    passed     82.19%
  62  Stylochoplana_maculata            0.00%    passed     99.62%
  63  Stylochus_ellipticus              0.00%    passed     99.34%
  64  Macrostomum_lignano               0.00%    passed     95.97%
  65  LOTGI                             0.00%    passed     99.92%
  66  Aplysia_californica               0.00%    passed     94.98%
  67  CRAGI                             0.00%    passed     87.14%
  68  Leptochiton_rugatus               0.00%    passed     99.77%
  69  Neomenia_megatrapezata            0.00%    passed     99.48%
  70  CAPI1                             0.00%    passed     99.73%
  71  Lumbricus_terrestris              0.00%    passed     90.82%
  72  Nephtys_caeca                     0.00%    passed    100.00%
  73  Owenia_fusiformis                 0.00%    passed     99.49%
  74  Lineus_longissimus                0.00%    passed     98.87%
  75  Paranemertes_peregrina            0.00%    passed     99.32%
  76  Malacobdella_grossa               0.00%    passed     97.33%
  77  Tubulanus_polymorphus             0.00%    passed     99.98%
  78  Cephalothrix_linearis             0.00%    passed     98.63%
  79  Hemithiris_psittacea              0.00%    passed     99.75%
  80  Terebratalia_transversa           0.00%    passed     99.97%
  81  Glottidia_pyramidata              0.00%    passed     99.69%
  82  Linana                            0.00%    passed     99.91%
  83  Phoronopsis_harmeri               0.00%    passed     99.82%
  84  Phoronis_vancouverensis           0.00%    passed     99.98%
  85  Phoronis_psammophila              0.00%    passed     99.92%
  86  Membranipora_membranacea          0.00%    passed     99.84%
  87  Bugula_neritina                   0.00%    passed     99.79%
  88  Loxosoma_pectinaricola            0.00%    passed     97.58%
  89  Barentsia_gracilis                0.00%    passed     98.40%
  90  Sagitta_gazellae                  0.00%    passed     99.50%
  91  Sagitta_setosa                    0.00%    passed     99.45%
  92  Pterosagitta_draco                0.00%    passed     99.73%
  93  Sagitta_elegans                   0.00%    passed     99.37%
  94  Sagitta_serratodentata            0.00%    passed     99.15%
  95  Sagitta_hexaptera                 0.00%    passed     99.71%
  96  Krohnitta_sp                      0.00%    passed     99.45%
  97  Paraspadella_ovovivipara          0.00%    passed    100.00%
  98  Pargo1                            0.00%    passed     99.95%
  99  Spadella_cephaloptera             0.00%    passed     99.56%
 100  Eukrohnia_hamata                  0.00%    passed     99.99%
 101  Gnathostomula_paradoxa            0.00%    passed     99.96%
 102  Austrognathia_sp                  0.00%    passed     99.98%
 103  Limnognathia_maerski              0.00%    passed     99.99%
****  TOTAL                             0.00%  0 sequences failed composition chi2 test (p-value<5%; df=19)

Create initial parsimony tree by phylogenetic likelihood library (PLL)... 0.061 seconds
Generating 1000 samples for ultrafast bootstrap (seed: 62283)...

NOTE: 12 MB RAM (0 GB) is required!
Measuring multi-threading efficiency up to 8 CPU cores
Increase to 10 rounds for branch lengths
31 trees examined
Threads: 1 / Time: 8.037 sec / Speedup: 1.000 / Efficiency: 100% / LogL: -100127
Threads: 2 / Time: 5.222 sec / Speedup: 1.539 / Efficiency: 77% / LogL: -100127
Threads: 3 / Time: 4.031 sec / Speedup: 1.994 / Efficiency: 66% / LogL: -100127
Threads: 4 / Time: 3.396 sec / Speedup: 2.367 / Efficiency: 59% / LogL: -100127
Threads: 5 / Time: 2.666 sec / Speedup: 3.015 / Efficiency: 60% / LogL: -100127
Threads: 6 / Time: 2.607 sec / Speedup: 3.083 / Efficiency: 51% / LogL: -100127
Threads: 7 / Time: 2.397 sec / Speedup: 3.354 / Efficiency: 48% / LogL: -100127
BEST NUMBER OF THREADS: 5

Estimate model parameters (epsilon = 0.100)
1. Initial log-likelihood: -76180.868
Optimal log-likelihood: -75538.646
Parameters optimization took 1 rounds (0.055 sec)
Computing ML distances based on estimated model parameters... 1.472 sec
Computing BIONJ tree...
0.008 seconds
Log-likelihood of BIONJ tree: -75559.169
--------------------------------------------------------------------
|             INITIALIZING CANDIDATE TREE SET                      |
--------------------------------------------------------------------
Generating 98 parsimony trees... 5.949 second
Computing log-likelihood of 98 initial trees ... 3.215 seconds
Current best score: -75499.171

Do NNI search on 20 best initial trees
Estimate model parameters (epsilon = 0.100)
BETTER TREE FOUND at iteration 1: -75484.704
Estimate model parameters (epsilon = 0.100)
BETTER TREE FOUND at iteration 10: -75482.795
Iteration 10 / LogL: -75482.795 / Time: 0h:0m:40s
Iteration 20 / LogL: -75484.711 / Time: 0h:0m:42s
Finish initializing candidate tree set (3)
Current best tree score: -75482.795 / CPU time: 13.773
Number of iterations: 20
--------------------------------------------------------------------
|               OPTIMIZING CANDIDATE TREE SET                      |
--------------------------------------------------------------------
Iteration 30 / LogL: -75484.709 / Time: 0h:0m:46s (0h:2m:7s left)
Iteration 40 / LogL: -75482.797 / Time: 0h:0m:49s (0h:1m:29s left)
Iteration 50 / LogL: -75485.009 / Time: 0h:0m:53s (0h:1m:4s left)
Log-likelihood cutoff on original alignment: -75539.593
Iteration 60 / LogL: -75509.609 / Time: 0h:0m:56s (0h:0m:47s left)
Iteration 70 / LogL: -75482.800 / Time: 0h:0m:59s (0h:0m:34s left)
Iteration 80 / LogL: -75482.807 / Time: 0h:1m:3s (0h:0m:23s left)
Iteration 90 / LogL: -75484.714 / Time: 0h:1m:6s (0h:0m:14s left)
Iteration 100 / LogL: -75482.796 / Time: 0h:1m:10s (0h:0m:7s left)
Log-likelihood cutoff on original alignment: -75539.593
NOTE: Bootstrap correlation coefficient of split occurrence frequencies: 1.000
Iteration 110 / LogL: -75482.797 / Time: 0h:1m:13s (0h:1m:0s left)
TREE SEARCH COMPLETED AFTER 111 ITERATIONS / Time: 0h:1m:14s

--------------------------------------------------------------------
|                    FINALIZING TREE SEARCH                        |
--------------------------------------------------------------------
Performs final model parameters optimization
Estimate model parameters (epsilon = 0.010)
1. Initial log-likelihood: -75482.795
Optimal log-likelihood: -75482.795
Parameters optimization took 1 rounds (0.023 sec)
BEST SCORE FOUND : -75482.795
Creating bootstrap support values...
Split supports printed to NEXUS file /csm_data/spielman_lab/aa_phylo_fit_topology/simulations/alignments/wag_control/HIV_spiralia_rep20_AA.fasta.splits.nex
Total tree length: 31.381

Total number of iterations: 111
CPU time used for tree search: 201.913 sec (0h:3m:21s)
Wall-clock time used for tree search: 45.286 sec (0h:0m:45s)
Total CPU time used: 306.547 sec (0h:5m:6s)
Total wall-clock time used: 74.528 sec (0h:1m:14s)

Computing bootstrap consensus tree...
Reading input file /csm_data/spielman_lab/aa_phylo_fit_topology/simulations/alignments/wag_control/HIV_spiralia_rep20_AA.fasta.splits.nex...
103 taxa and 318 splits.
Consensus tree written to /csm_data/spielman_lab/aa_phylo_fit_topology/simulations/alignments/wag_control/HIV_spiralia_rep20_AA.fasta.contree
Reading input trees file /csm_data/spielman_lab/aa_phylo_fit_topology/simulations/alignments/wag_control/HIV_spiralia_rep20_AA.fasta.contree
Log-likelihood of consensus tree: -75484.704

Analysis results written to: 
  IQ-TREE report:                /csm_data/spielman_lab/aa_phylo_fit_topology/simulations/alignments/wag_control/HIV_spiralia_rep20_AA.fasta.iqtree
  Maximum-likelihood tree:       /csm_data/spielman_lab/aa_phylo_fit_topology/simulations/alignments/wag_control/HIV_spiralia_rep20_AA.fasta.treefile
  Likelihood distances:          /csm_data/spielman_lab/aa_phylo_fit_topology/simulations/alignments/wag_control/HIV_spiralia_rep20_AA.fasta.mldist

Ultrafast bootstrap approximation results written to:
  Split support values:          /csm_data/spielman_lab/aa_phylo_fit_topology/simulations/alignments/wag_control/HIV_spiralia_rep20_AA.fasta.splits.nex
  Consensus tree:                /csm_data/spielman_lab/aa_phylo_fit_topology/simulations/alignments/wag_control/HIV_spiralia_rep20_AA.fasta.contree
  Screen log file:               /csm_data/spielman_lab/aa_phylo_fit_topology/simulations/alignments/wag_control/HIV_spiralia_rep20_AA.fasta.log

Date and Time: Sun Feb  2 00:10:43 2020
