IQ-TREE multicore version 1.6.7 for Linux 64-bit built Aug 23 2018
Developed by Bui Quang Minh, Nguyen Lam Tung, Olga Chernomor,
Heiko Schmidt, Dominik Schrempf, Michael Woodhams.

Host:    csm-com-001 (AVX2, FMA3, 62 GB RAM)
Command: iqtree -quiet -nt AUTO -ntmax 8 -m mtMAM+G4 -s /csm_data/spielman_lab/aa_phylo_fit_topology/simulations/alignments/wag_control/HIV_opisthokonta_rep18_AA.fasta -st AA -redo -bb 1000
Seed:    583182 (Using SPRNG - Scalable Parallel Random Number Generator)
Time:    Sat Feb  1 18:07:26 2020
Kernel:  AVX+FMA - auto-detect threads (48 CPU cores detected)

Reading alignment file /csm_data/spielman_lab/aa_phylo_fit_topology/simulations/alignments/wag_control/HIV_opisthokonta_rep18_AA.fasta ... Fasta format detected
Alignment most likely contains protein sequences
Alignment has 70 sequences with 661 columns, 604 distinct patterns
525 parsimony-informative, 61 singleton sites, 75 constant sites
                                  Gap/Ambiguity  Composition  p-value
   1  Oscarella_carmela                   0.00%    passed     91.87%
   2  Oscarella_lobularis                 0.00%    passed     99.23%
   3  Leucetta_chagosensis                0.00%    passed     99.26%
   4  Sycon_raphanus                      0.00%    passed     98.51%
   5  Oopsacas_minuta                     0.00%    passed     99.15%
   6  Carteriospongia_foliascens          0.00%    passed     98.60%
   7  Amphimedon_queenslandica            0.00%    passed     99.48%
   8  Suberites_domuncula                 0.00%    passed     99.53%
   9  Lubomirskia_baicalensis             0.00%    passed     98.33%
  10  Ephydatia_muelleri                  0.00%    passed     98.81%
  11  Trichoplax_adhaerens                0.00%    passed     95.40%
  12  Nematostella_vectensis              0.00%    passed     99.98%
  13  Anemonia_viridis                    0.00%    passed     96.65%
  14  Aiptasia_pallida                    0.00%    passed     99.43%
  15  Metridium_senile                    0.00%    passed     95.85%
  16  Acropora_palmata                    0.00%    passed     99.97%
  17  Acropora_millepora                  0.00%    passed     99.99%
  18  Porites_astreoides                  0.00%    passed     99.83%
  19  Montastraea_faveolata               0.00%    passed     98.61%
  20  Cyanea_capillata                    0.00%    passed     99.74%
  21  Clytia_hemisphaerica                0.00%    passed     99.76%
  22  Podocoryna_carnea                   0.00%    passed     99.87%
  23  Hydractinia_echinata                0.00%    passed    100.00%
  24  Hydra_magnipapillata                0.00%    passed     99.03%
  25  Saccoglossus_kowalevskii            0.00%    passed     99.89%
  26  Ptychodera_flava                    0.00%    passed    100.00%
  27  Strongylocentrotus_purpuratus       0.00%    passed     98.64%
  28  Asterina_pectinifera                0.00%    passed    100.00%
  29  Branchiostoma_floridae              0.00%    passed     99.88%
  30  Petromyzon_marinus                  0.00%    passed     98.44%
  31  Gallus                              0.00%    passed     98.86%
  32  Ciona_intestinalis                  0.00%    passed     91.82%
  33  Halocynthia_roretzi                 0.00%    passed     99.80%
  34  Anoplodactylus_eroticus             0.00%    passed     99.31%
  35  Boophilus_microplus                 0.00%    passed     99.98%
  36  Daphnia_pulex                       0.00%    passed     99.77%
  37  Drosophila_melanogaster             0.00%    passed     99.93%
  38  Euperipatoides_kanangrensis         0.00%    passed     96.81%
  39  Echinoderes_horni                   0.00%    passed     99.94%
  40  Xiphinema_index                     0.00%    passed     82.22%
  41  Cerebratulus_lacteus                0.00%    passed     99.67%
  42  Terebratalia_transversa             0.00%    passed     99.99%
  43  Lottia_gigantea                     0.00%    passed     99.71%
  44  Crassostrea_virginica               0.00%    passed     99.98%
  45  Euprymna_scolopes                   0.00%    passed     99.97%
  46  Capitella_telata                    0.00%    passed     97.79%
  47  Helobdella_robusta                  0.00%    passed     99.84%
  48  Schmidtea_mediterranea              0.00%    passed     99.82%
  49  Paraplanocera_oligoglena            0.00%    passed     99.77%
  50  Xenoturbella_bocki                  0.00%    passed     97.33%
  51  Nemertoderma_westbladi              0.00%    passed     99.68%
  52  Meara_stichopi                      0.00%    passed     95.48%
  53  Isodiametra_pulchra                 0.00%    passed     99.45%
  54  Symsagittifera_roscoffensis         0.00%    passed     92.28%
  55  Convolutriloba_longifissura         0.00%    passed     93.16%
  56  Capsaspora_owczarzaki_ATCC_30864    0.00%    passed     92.52%
  57  Amoebidium_parasiticum              0.00%    passed     97.32%
  58  Sphaeroforma_arctica                0.00%    passed     89.57%
  59  Spizellomyces_punctatus             0.00%    passed     99.29%
  60  Batrachochytrium_dendrobatidis      0.00%    passed     98.33%
  61  Cryptococcus_neoformans             0.00%    passed     96.32%
  62  Saccharomyces_cerevisiae            0.00%    passed     79.17%
  63  Phycomyces_blakesleeanus            0.00%    passed     99.28%
  64  Rhizopus_orizae                     0.00%    passed     99.76%
  65  Monosiga_ovata                      0.00%    passed     96.95%
  66  Salpingoeca_rosetta                 0.00%    passed     68.06%
  67  Monosiga_brevicollis                0.00%    passed     93.74%
  68  Mnemiopsis                          0.00%    passed     96.18%
  69  Mertensiid_sp                       0.00%    passed     97.52%
  70  Pleurobrachia_pileus                0.00%    passed     98.74%
****  TOTAL                               0.00%  0 sequences failed composition chi2 test (p-value<5%; df=19)

Create initial parsimony tree by phylogenetic likelihood library (PLL)... 0.021 seconds
Generating 1000 samples for ultrafast bootstrap (seed: 583182)...

NOTE: 29 MB RAM (0 GB) is required!
Measuring multi-threading efficiency up to 8 CPU cores
Increase to 10 rounds for branch lengths
10 trees examined
Threads: 1 / Time: 8.228 sec / Speedup: 1.000 / Efficiency: 100% / LogL: -63600
Threads: 2 / Time: 4.378 sec / Speedup: 1.879 / Efficiency: 94% / LogL: -63600
Threads: 3 / Time: 3.036 sec / Speedup: 2.710 / Efficiency: 90% / LogL: -63600
Threads: 4 / Time: 2.304 sec / Speedup: 3.572 / Efficiency: 89% / LogL: -63600
Threads: 5 / Time: 1.930 sec / Speedup: 4.264 / Efficiency: 85% / LogL: -63600
Threads: 6 / Time: 1.761 sec / Speedup: 4.673 / Efficiency: 78% / LogL: -63600
Threads: 7 / Time: 1.582 sec / Speedup: 5.201 / Efficiency: 74% / LogL: -63600
Threads: 8 / Time: 1.623 sec / Speedup: 5.070 / Efficiency: 63% / LogL: -63600
BEST NUMBER OF THREADS: 7

Estimate model parameters (epsilon = 0.100)
1. Initial log-likelihood: -55000.997
2. Current log-likelihood: -53197.133
3. Current log-likelihood: -53140.334
4. Current log-likelihood: -53135.202
5. Current log-likelihood: -53132.219
6. Current log-likelihood: -53131.516
Optimal log-likelihood: -53131.456
Gamma shape alpha: 0.501
Parameters optimization took 6 rounds (0.582 sec)
Computing ML distances based on estimated model parameters... 2.600 sec
Computing BIONJ tree...
0.004 seconds
Log-likelihood of BIONJ tree: -53119.514
--------------------------------------------------------------------
|             INITIALIZING CANDIDATE TREE SET                      |
--------------------------------------------------------------------
Generating 98 parsimony trees... 2.964 second
Computing log-likelihood of 98 initial trees ... 4.618 seconds
Current best score: -53119.514

Do NNI search on 20 best initial trees
Estimate model parameters (epsilon = 0.100)
BETTER TREE FOUND at iteration 1: -53113.829
UPDATE BEST LOG-LIKELIHOOD: -53113.828
Iteration 10 / LogL: -53118.791 / Time: 0h:0m:36s
Iteration 20 / LogL: -53117.929 / Time: 0h:0m:40s
Finish initializing candidate tree set (2)
Current best tree score: -53113.828 / CPU time: 14.628
Number of iterations: 20
--------------------------------------------------------------------
|               OPTIMIZING CANDIDATE TREE SET                      |
--------------------------------------------------------------------
Iteration 30 / LogL: -53113.842 / Time: 0h:0m:45s (0h:1m:50s left)
Iteration 40 / LogL: -53113.830 / Time: 0h:0m:49s (0h:1m:17s left)
Iteration 50 / LogL: -53127.159 / Time: 0h:0m:53s (0h:0m:56s left)
Log-likelihood cutoff on original alignment: -53217.249
Iteration 60 / LogL: -53113.836 / Time: 0h:0m:58s (0h:0m:40s left)
Iteration 70 / LogL: -53127.009 / Time: 0h:1m:3s (0h:0m:28s left)
Iteration 80 / LogL: -53114.228 / Time: 0h:1m:7s (0h:0m:17s left)
Iteration 90 / LogL: -53113.996 / Time: 0h:1m:11s (0h:0m:8s left)
Iteration 100 / LogL: -53113.829 / Time: 0h:1m:15s (0h:0m:0s left)
Log-likelihood cutoff on original alignment: -53217.249
NOTE: Bootstrap correlation coefficient of split occurrence frequencies: 1.000
TREE SEARCH COMPLETED AFTER 102 ITERATIONS / Time: 0h:1m:16s

--------------------------------------------------------------------
|                    FINALIZING TREE SEARCH                        |
--------------------------------------------------------------------
Performs final model parameters optimization
Estimate model parameters (epsilon = 0.010)
1. Initial log-likelihood: -53113.828
Optimal log-likelihood: -53113.826
Gamma shape alpha: 0.499
Parameters optimization took 1 rounds (0.065 sec)
BEST SCORE FOUND : -53113.826
Creating bootstrap support values...
Split supports printed to NEXUS file /csm_data/spielman_lab/aa_phylo_fit_topology/simulations/alignments/wag_control/HIV_opisthokonta_rep18_AA.fasta.splits.nex
Total tree length: 59.490

Total number of iterations: 102
CPU time used for tree search: 337.075 sec (0h:5m:37s)
Wall-clock time used for tree search: 50.755 sec (0h:0m:50s)
Total CPU time used: 438.069 sec (0h:7m:18s)
Total wall-clock time used: 77.225 sec (0h:1m:17s)

Computing bootstrap consensus tree...
Reading input file /csm_data/spielman_lab/aa_phylo_fit_topology/simulations/alignments/wag_control/HIV_opisthokonta_rep18_AA.fasta.splits.nex...
70 taxa and 232 splits.
Consensus tree written to /csm_data/spielman_lab/aa_phylo_fit_topology/simulations/alignments/wag_control/HIV_opisthokonta_rep18_AA.fasta.contree
Reading input trees file /csm_data/spielman_lab/aa_phylo_fit_topology/simulations/alignments/wag_control/HIV_opisthokonta_rep18_AA.fasta.contree
Log-likelihood of consensus tree: -53113.827

Analysis results written to: 
  IQ-TREE report:                /csm_data/spielman_lab/aa_phylo_fit_topology/simulations/alignments/wag_control/HIV_opisthokonta_rep18_AA.fasta.iqtree
  Maximum-likelihood tree:       /csm_data/spielman_lab/aa_phylo_fit_topology/simulations/alignments/wag_control/HIV_opisthokonta_rep18_AA.fasta.treefile
  Likelihood distances:          /csm_data/spielman_lab/aa_phylo_fit_topology/simulations/alignments/wag_control/HIV_opisthokonta_rep18_AA.fasta.mldist

Ultrafast bootstrap approximation results written to:
  Split support values:          /csm_data/spielman_lab/aa_phylo_fit_topology/simulations/alignments/wag_control/HIV_opisthokonta_rep18_AA.fasta.splits.nex
  Consensus tree:                /csm_data/spielman_lab/aa_phylo_fit_topology/simulations/alignments/wag_control/HIV_opisthokonta_rep18_AA.fasta.contree
  Screen log file:               /csm_data/spielman_lab/aa_phylo_fit_topology/simulations/alignments/wag_control/HIV_opisthokonta_rep18_AA.fasta.log

Date and Time: Sat Feb  1 18:08:44 2020
