IQ-TREE multicore version 1.6.7 for Linux 64-bit built Aug 23 2018
Developed by Bui Quang Minh, Nguyen Lam Tung, Olga Chernomor,
Heiko Schmidt, Dominik Schrempf, Michael Woodhams.

Host:    csm-com-006 (AVX2, FMA3, 62 GB RAM)
Command: iqtree -quiet -nt AUTO -ntmax 8 -m WAG+I+G4 -s /csm_data/spielman_lab/aa_phylo_fit_topology/simulations/alignments/wag_control/HIV_dosreis_rep20_AA.fasta -st AA -redo -bb 1000
Seed:    80355 (Using SPRNG - Scalable Parallel Random Number Generator)
Time:    Sat Feb  1 20:57:00 2020
Kernel:  AVX+FMA - auto-detect threads (48 CPU cores detected)

Reading alignment file /csm_data/spielman_lab/aa_phylo_fit_topology/simulations/alignments/wag_control/HIV_dosreis_rep20_AA.fasta ... Fasta format detected
Alignment most likely contains protein sequences
Alignment has 274 sequences with 661 columns, 596 distinct patterns
520 parsimony-informative, 57 singleton sites, 84 constant sites
                              Gap/Ambiguity  Composition  p-value
   1  Cavia_porcellus                 0.00%    passed     98.67%
   2  Thryonomys_swinderianus         0.00%    passed     99.95%
   3  Rattus_norvegicus               0.00%    passed     99.51%
   4  Rattus_tanezumi                 0.00%    passed     99.85%
   5  Rattus_rattus                   0.00%    passed     99.89%
   6  Rattus_exulans                  0.00%    passed     99.96%
   7  Rattus_praetor                  0.00%    passed    100.00%
   8  Mus_musculus                    0.00%    passed     99.96%
   9  Mus_terricolor                  0.00%    passed     99.97%
  10  Microtus_kikuchii               0.00%    passed     99.96%
  11  Microtus_rossiaemeridionalis    0.00%    passed    100.00%
  12  Proedromys_sp.                  0.00%    passed     99.46%
  13  Eothenomys_chinensis            0.00%    passed     99.99%
  14  Cricetulus_griseus              0.00%    passed     99.97%
  15  Tscherskia_triton               0.00%    passed     99.91%
  16  Mesocricetus_auratus            0.00%    passed     99.32%
  17  Nannospalax_ehrenbergi          0.00%    passed     97.37%
  18  Jaculus_jaculus                 0.00%    passed     99.90%
  19  Myoxus_glis                     0.00%    passed     99.62%
  20  Sciurus_vulgaris                0.00%    passed    100.00%
  21  Anomalurus_sp.                  0.00%    passed     99.94%
  22  Oryctolagus_cuniculus           0.00%    passed     99.24%
  23  Lepus_europaeus                 0.00%    passed     99.74%
  24  Ochotona_collaris               0.00%    passed     99.58%
  25  Ochotona_princeps               0.00%    passed     99.62%
  26  Ochotona_curzoniae              0.00%    passed     99.95%
  27  Pan_troglodytes                 0.00%    passed     99.52%
  28  Pan_paniscus                    0.00%    passed     99.26%
  29  Homo_sapiens                    0.00%    passed     98.09%
  30  Gorilla_gorilla                 0.00%    passed     99.71%
  31  Pongo_pygmaeus                  0.00%    passed     99.61%
  32  Pongo_abelii                    0.00%    passed     99.20%
  33  Hylobates_lar                   0.00%    passed     99.40%
  34  Hylobates_agilis                0.00%    passed     96.45%
  35  Hylobates_pileatus              0.00%    passed     99.74%
  36  Nomascus_siki                   0.00%    passed     96.28%
  37  Symphalangus_syndactylus        0.00%    passed     99.02%
  38  Papio_hamadryas                 0.00%    passed     99.20%
  39  Macaca_sylvanus                 0.00%    passed     99.95%
  40  Macaca_mulatta                  0.00%    passed     99.38%
  41  Macaca_fascicularis             0.00%    passed     98.56%
  42  Macaca_thibetana                0.00%    passed     97.20%
  43  Chlorocebus_aethiops            0.00%    passed     98.39%
  44  Chlorocebus_tantalus            0.00%    passed     99.09%
  45  Chlorocebus_pygerythrus         0.00%    passed     97.12%
  46  Chlorocebus_sabaeus             0.00%    passed     98.34%
  47  Trachypithecus_obscurus         0.00%    passed     98.33%
  48  Presbytis_melalophos            0.00%    passed     90.14%
  49  Nasalis_larvatus                0.00%    passed     99.93%
  50  Pygathrix_roxellana             0.00%    passed     95.93%
  51  Pygathrix_nemaeus               0.00%    passed     98.76%
  52  Semnopithecus_entellus          0.00%    passed     99.35%
  53  Colobus_guereza                 0.00%    passed     99.41%
  54  Procolobus_badius               0.00%    passed     99.88%
  55  Cebus_albifrons                 0.00%    passed     99.36%
  56  Saimiri_sciureus                0.00%    passed     98.13%
  57  Cynocephalus_variegatus         0.00%    passed     99.96%
  58  Nycticebus_coucang              0.00%    passed    100.00%
  59  Loris_tardigradus               0.00%    passed    100.00%
  60  Galago_senegalensis             0.00%    passed     99.99%
  61  Otolemur_crassicaudatus         0.00%    passed    100.00%
  62  Perodicticus_potto              0.00%    passed    100.00%
  63  Lemur_catta                     0.00%    passed    100.00%
  64  Eulemur_mongoz                  0.00%    passed     99.91%
  65  Eulemur_fulvus                  0.00%    passed     99.88%
  66  Eulemur_macaco                  0.00%    passed     99.71%
  67  Varecia_variegata               0.00%    passed     99.95%
  68  Propithecus_coquereli           0.00%    passed    100.00%
  69  Daubentonia_madagascariensis    0.00%    passed    100.00%
  70  Tarsius_bancanus                0.00%    passed     99.91%
  71  Tarsius_syrichta                0.00%    passed     99.91%
  72  Tupaia_belangeri                0.00%    passed     99.93%
  73  Ornithorhynchus_anatinus        0.00%    passed     99.39%
  74  Tachyglossus_aculeatus          0.00%    passed     99.63%
  75  Zaglossus_bruijni               0.00%    passed     99.84%
  76  Didelphis_virginiana            0.00%    passed     99.31%
  77  Metachirus_nudicaudatus         0.00%    passed     99.65%
  78  Thylamys_elegans                0.00%    passed     99.61%
  79  Monodelphis_domestica           0.00%    passed     99.99%
  80  Macropus_robustus               0.00%    passed    100.00%
  81  Lagorchestes_hirsutus           0.00%    passed     99.99%
  82  Lagostrophus_fasciatus          0.00%    passed    100.00%
  83  Potorous_tridactylus            0.00%    passed     99.93%
  84  Trichosurus_vulpecula           0.00%    passed     99.99%
  85  Phalanger_interpositus          0.00%    passed     99.92%
  86  Tarsipes_rostratus              0.00%    passed     99.99%
  87  Pseudocheirus_peregrinus        0.00%    passed     99.99%
  88  Petaurus_breviceps              0.00%    passed     99.81%
  89  Dactylopsila_trivirgata         0.00%    passed     99.96%
  90  Distoechurus_pennatus           0.00%    passed     95.48%
  91  Vombatus_ursinus                0.00%    passed     99.99%
  92  Phascolarctos_cinereus          0.00%    passed     99.77%
  93  Isoodon_macrourus               0.00%    passed     99.52%
  94  Perameles_gunnii                0.00%    passed     99.86%
  95  Echymipera_rufescens            0.00%    passed    100.00%
  96  Macrotis_lagotis                0.00%    passed     99.94%
  97  Dromiciops_gliroides            0.00%    passed     99.87%
  98  Sminthopsis_douglasi            0.00%    passed     99.99%
  99  Sminthopsis_crassicaudata       0.00%    passed     99.99%
 100  Phascogale_tapoatafa            0.00%    passed     99.98%
 101  Dasyurus_hallucatus             0.00%    passed     99.55%
 102  Myrmecobius_fasciatus           0.00%    passed     99.92%
 103  Thylacinus_cynocephalus         0.00%    passed     95.06%
 104  Notoryctes_typhlops             0.00%    passed    100.00%
 105  Caenolestes_fuliginosus         0.00%    passed     99.99%
 106  Rhyncholestes_raphanurus        0.00%    passed     99.89%
 107  Erinaceus_europaeus             0.00%    passed     99.29%
 108  Hemiechinus_auritus             0.00%    passed     99.99%
 109  Echinosorex_gymnura             0.00%    passed     99.89%
 110  Hylomys_suillus                 0.00%    passed     99.35%
 111  Dasypus_novemcinctus            0.00%    passed     99.99%
 112  Tamandua_tetradactyla           0.00%    passed     99.68%
 113  Bradypus_tridactylus            0.00%    passed     99.99%
 114  Choloepus_didactylus            0.00%    passed     99.99%
 115  Loxodonta_africana              0.00%    passed     97.95%
 116  Elephas_maximus                 0.00%    passed     99.59%
 117  Dugong_dugon                    0.00%    passed     99.83%
 118  Trichechus_manatus              0.00%    passed    100.00%
 119  Procavia_capensis               0.00%    passed     99.93%
 120  Dendrohyrax_dorsalis            0.00%    passed     99.99%
 121  Orycteropus_afer                0.00%    passed     99.96%
 122  Macroscelides_proboscideus      0.00%    passed    100.00%
 123  Elephantulus_sp.                0.00%    passed    100.00%
 124  Echinops_telfairi               0.00%    passed     99.99%
 125  Chrysochloris_asiatica          0.00%    passed     99.75%
 126  Eremitalpa_granti               0.00%    passed    100.00%
 127  Talpa_europaea                  0.00%    passed    100.00%
 128  Mogera_wogura                   0.00%    passed    100.00%
 129  Galemys_pyrenaicus              0.00%    passed    100.00%
 130  Urotrichus_talpoides            0.00%    passed    100.00%
 131  Episoriculus_fumidus            0.00%    passed    100.00%
 132  Sorex_unguiculatus              0.00%    passed    100.00%
 133  Crocidura_russula               0.00%    passed    100.00%
 134  Artibeus_jamaicensis            0.00%    passed    100.00%
 135  Mystacina_tuberculata           0.00%    passed    100.00%
 136  Chalinolobus_tuberculatus       0.00%    passed     99.12%
 137  Pipistrellus_abramus            0.00%    passed    100.00%
 138  Pteropus_dasymallus             0.00%    passed     98.73%
 139  Pteropus_scapulatus             0.00%    passed    100.00%
 140  Rousettus_aegyptiacus           0.00%    passed    100.00%
 141  Rhinolophus_monoceros           0.00%    passed     99.95%
 142  Rhinolophus_pumilus             0.00%    passed     99.94%
 143  Rhinolophus_formosae            0.00%    passed     99.97%
 144  Manis_tetradactyla              0.00%    passed    100.00%
 145  Phoca_vitulina                  0.00%    passed    100.00%
 146  Phoca_largha                    0.00%    passed    100.00%
 147  Phoca_sibirica                  0.00%    passed    100.00%
 148  Halichoerus_grypus              0.00%    passed    100.00%
 149  Phoca_caspica                   0.00%    passed    100.00%
 150  Phoca_hispida                   0.00%    passed    100.00%
 151  Phoca_fasciata                  0.00%    passed    100.00%
 152  Phoca_groenlandica              0.00%    passed    100.00%
 153  Cystophora_cristata             0.00%    passed    100.00%
 154  Erignathus_barbatus             0.00%    passed    100.00%
 155  Monachus_schauinslandi          0.00%    passed     99.96%
 156  Mirounga_leonina                0.00%    passed    100.00%
 157  Lobodon_carcinophaga            0.00%    passed    100.00%
 158  Leptonychotes_weddellii         0.00%    passed    100.00%
 159  Hydrurga_leptonyx               0.00%    passed    100.00%
 160  Arctocephalus_forsteri          0.00%    passed    100.00%
 161  Arctocephalus_townsendi         0.00%    passed    100.00%
 162  Phocarctos_hookeri              0.00%    passed     99.84%
 163  Neophoca_cinerea                0.00%    passed    100.00%
 164  Arctocephalus_pusillus          0.00%    passed     99.98%
 165  Zalophus_californianus          0.00%    passed     99.99%
 166  Eumetopias_jubatus              0.00%    passed     99.99%
 167  Callorhinus_ursinus             0.00%    passed     99.93%
 168  Odobenus_rosmarus               0.00%    passed     99.99%
 169  Procyon_lotor                   0.00%    passed     99.82%
 170  Spilogale_putorius              0.00%    passed     99.96%
 171  Martes_melampus                 0.00%    passed    100.00%
 172  Martes_zibellina                0.00%    passed    100.00%
 173  Martes_flavigula                0.00%    passed     99.99%
 174  Gulo_gulo                       0.00%    passed     99.99%
 175  Meles_meles                     0.00%    passed     99.99%
 176  Enhydra_lutris                  0.00%    passed    100.00%
 177  Lutra_lutra                     0.00%    passed     99.99%
 178  Ailurus_fulgens                 0.00%    passed    100.00%
 179  Ursus_americanus                0.00%    passed    100.00%
 180  Ursus_thibetanus                0.00%    passed    100.00%
 181  Helarctos_malayanus             0.00%    passed    100.00%
 182  Ursus_arctos                    0.00%    passed    100.00%
 183  Ursus_maritimus                 0.00%    passed    100.00%
 184  Melursus_ursinus                0.00%    passed     99.99%
 185  Tremarctos_ornatus              0.00%    passed     99.89%
 186  Ailuropoda_melanoleuca          0.00%    passed    100.00%
 187  Canis_lupus                     0.00%    passed     99.96%
 188  Canis_latrans                   0.00%    passed    100.00%
 189  Cuon_alpinus                    0.00%    passed     99.99%
 190  Vulpes_vulpes                   0.00%    passed     99.99%
 191  Nyctereutes_procyonoides        0.00%    passed     99.98%
 192  Felis_catus                     0.00%    passed    100.00%
 193  Acinonyx_jubatus                0.00%    passed     99.97%
 194  Neofelis_nebulosa               0.00%    passed     99.99%
 195  Uncia_uncia                     0.00%    passed    100.00%
 196  Panthera_pardus                 0.00%    passed    100.00%
 197  Panthera_tigris                 0.00%    passed    100.00%
 198  Herpestes_javanicus             0.00%    passed    100.00%
 199  Equus_caballus                  0.00%    passed    100.00%
 200  Equus_asinus                    0.00%    passed     99.99%
 201  Rhinoceros_unicornis            0.00%    passed    100.00%
 202  Rhinoceros_sondaicus            0.00%    passed    100.00%
 203  Ceratotherium_simum             0.00%    passed    100.00%
 204  Diceros_bicornis                0.00%    passed    100.00%
 205  Dicerorhinus_sumatrensis        0.00%    passed    100.00%
 206  Hippopotamus_amphibius          0.00%    passed     99.98%
 207  Balaenoptera_physalus           0.00%    passed     99.97%
 208  Megaptera_novaeangliae          0.00%    passed    100.00%
 209  Balaenoptera_acutorostrata      0.00%    passed     99.98%
 210  Balaenoptera_bonaerensis        0.00%    passed     99.99%
 211  Balaenoptera_musculus           0.00%    passed    100.00%
 212  Balaenoptera_brydei             0.00%    passed    100.00%
 213  Balaenoptera_edeni              0.00%    passed    100.00%
 214  Balaenoptera_borealis           0.00%    passed    100.00%
 215  Balaenoptera_omurai             0.00%    passed     99.99%
 216  Eschrichtius_robustus           0.00%    passed    100.00%
 217  Caperea_marginata               0.00%    passed    100.00%
 218  Balaena_mysticetus              0.00%    passed     99.93%
 219  Eubalaena_australis             0.00%    passed     99.99%
 220  Eubalaena_japonica              0.00%    passed     99.98%
 221  Physeter_catodon                0.00%    passed    100.00%
 222  Kogia_breviceps                 0.00%    passed    100.00%
 223  Hyperoodon_ampullatus           0.00%    passed    100.00%
 224  Berardius_bairdii               0.00%    passed    100.00%
 225  Platanista_minor                0.00%    passed    100.00%
 226  Inia_geoffrensis                0.00%    passed    100.00%
 227  Pontoporia_blainvillei          0.00%    passed    100.00%
 228  Lipotes_vexillifer              0.00%    passed    100.00%
 229  Lagenorhynchus_albirostris      0.00%    passed    100.00%
 230  Stenella_attenuata              0.00%    passed    100.00%
 231  Stenella_coeruleoalba           0.00%    passed    100.00%
 232  Tursiops_aduncus                0.00%    passed    100.00%
 233  Delphinus_capensis              0.00%    passed    100.00%
 234  Tursiops_truncatus              0.00%    passed    100.00%
 235  Sousa_chinensis                 0.00%    passed    100.00%
 236  Grampus_griseus                 0.00%    passed    100.00%
 237  Phocoena_phocoena               0.00%    passed    100.00%
 238  Monodon_monoceros               0.00%    passed    100.00%
 239  Ovis_aries                      0.00%    passed    100.00%
 240  Ammotragus_lervia               0.00%    passed    100.00%
 241  Budorcas_taxicolor              0.00%    passed    100.00%
 242  Capra_hircus                    0.00%    passed    100.00%
 243  Naemorhedus_swinhoei            0.00%    passed    100.00%
 244  Capricornis_crispus             0.00%    passed    100.00%
 245  Naemorhedus_caudatus            0.00%    passed    100.00%
 246  Pantholops_hodgsonii            0.00%    passed    100.00%
 247  Antilope_cervicapra             0.00%    passed    100.00%
 248  Bos_indicus                     0.00%    passed     99.99%
 249  Bos_taurus                      0.00%    passed    100.00%
 250  Bison_bonasus                   0.00%    passed     99.94%
 251  Bos_grunniens                   0.00%    passed     99.97%
 252  Bison_bison                     0.00%    passed     99.97%
 253  Bubalus_bubalis                 0.00%    passed     99.97%
 254  Moschus_berezovskii             0.00%    passed    100.00%
 255  Moschus_moschiferus             0.00%    passed     99.99%
 256  Muntiacus_reevesi               0.00%    passed     99.86%
 257  Muntiacus_muntjak               0.00%    passed     99.78%
 258  Muntiacus_crinifrons            0.00%    passed     99.79%
 259  Cervus_nippon                   0.00%    passed     99.34%
 260  Cervus_elaphus                  0.00%    passed     99.43%
 261  Cervus_unicolor                 0.00%    passed     99.68%
 262  Elaphodus_cephalophus           0.00%    passed     99.58%
 263  Rangifer_tarandus               0.00%    passed     99.08%
 264  Hydropotes_inermis              0.00%    passed     99.40%
 265  Giraffa_camelopardalis          0.00%    passed     99.94%
 266  Lama_pacos                      0.00%    passed    100.00%
 267  Lama_glama                      0.00%    passed    100.00%
 268  Lama_guanicoe                   0.00%    passed    100.00%
 269  Vicugna_vicugna                 0.00%    passed    100.00%
 270  Camelus_bactrianus              0.00%    passed    100.00%
 271  Camelus_dromedarius             0.00%    passed    100.00%
 272  Pecari_tajacu                   0.00%    passed     99.95%
 273  Sus_scrofa                      0.00%    passed    100.00%
 274  Phacochoerus_africanus          0.00%    passed    100.00%
****  TOTAL                           0.00%  0 sequences failed composition chi2 test (p-value<5%; df=19)

Create initial parsimony tree by phylogenetic likelihood library (PLL)... 0.164 seconds
Generating 1000 samples for ultrafast bootstrap (seed: 80355)...

NOTE: 106 MB RAM (0 GB) is required!
Measuring multi-threading efficiency up to 8 CPU cores
Increase to 10 rounds for branch lengths
3 trees examined
Threads: 1 / Time: 10.277 sec / Speedup: 1.000 / Efficiency: 100% / LogL: -113576
Threads: 2 / Time: 5.386 sec / Speedup: 1.908 / Efficiency: 95% / LogL: -113576
Threads: 3 / Time: 3.782 sec / Speedup: 2.717 / Efficiency: 91% / LogL: -113576
Threads: 4 / Time: 3.180 sec / Speedup: 3.232 / Efficiency: 81% / LogL: -113576
Threads: 5 / Time: 2.762 sec / Speedup: 3.721 / Efficiency: 74% / LogL: -113576
Threads: 6 / Time: 2.471 sec / Speedup: 4.160 / Efficiency: 69% / LogL: -113576
Threads: 7 / Time: 2.223 sec / Speedup: 4.622 / Efficiency: 66% / LogL: -113576
Threads: 8 / Time: 2.111 sec / Speedup: 4.868 / Efficiency: 61% / LogL: -113576
BEST NUMBER OF THREADS: 8

Estimate model parameters (epsilon = 0.100)
Thoroughly optimizing +I+G parameters from 10 start values...
Init pinv, alpha: 0.000, 1.000 / Estimate: 0.000, 0.747 / LogL: -54137.214
Init pinv, alpha: 0.014, 1.000 / Estimate: 0.104, 0.964 / LogL: -54092.149
Init pinv, alpha: 0.028, 1.000 / Estimate: 0.104, 0.963 / LogL: -54092.163
Init pinv, alpha: 0.042, 1.000 / Estimate: 0.104, 0.965 / LogL: -54092.143
Init pinv, alpha: 0.056, 1.000 / Estimate: 0.104, 0.965 / LogL: -54092.143
Init pinv, alpha: 0.071, 1.000 / Estimate: 0.104, 0.965 / LogL: -54092.147
Init pinv, alpha: 0.085, 1.000 / Estimate: 0.104, 0.964 / LogL: -54092.157
Init pinv, alpha: 0.099, 1.000 / Estimate: 0.104, 0.965 / LogL: -54092.149
Init pinv, alpha: 0.113, 1.000 / Estimate: 0.104, 0.965 / LogL: -54092.144
Init pinv, alpha: 0.127, 1.000 / Estimate: 0.105, 0.967 / LogL: -54092.140
Optimal pinv,alpha: 0.105, 0.967 / LogL: -54092.140

Parameters optimization took 16.543 sec
Computing ML distances based on estimated model parameters... 17.916 sec
Computing BIONJ tree...
0.077 seconds
Log-likelihood of BIONJ tree: -54140.285
--------------------------------------------------------------------
|             INITIALIZING CANDIDATE TREE SET                      |
--------------------------------------------------------------------
Generating 98 parsimony trees... 14.959 second
Computing log-likelihood of 98 initial trees ... 16.569 seconds
Current best score: -54092.140

Do NNI search on 20 best initial trees
Estimate model parameters (epsilon = 0.100)
BETTER TREE FOUND at iteration 1: -54086.275
BETTER TREE FOUND at iteration 2: -54086.274
BETTER TREE FOUND at iteration 3: -54086.274
BETTER TREE FOUND at iteration 4: -54086.274
Iteration 10 / LogL: -54086.274 / Time: 0h:1m:53s
BETTER TREE FOUND at iteration 18: -54086.274
BETTER TREE FOUND at iteration 19: -54086.274
Iteration 20 / LogL: -54086.274 / Time: 0h:2m:23s
Finish initializing candidate tree set (20)
Current best tree score: -54086.274 / CPU time: 91.146
Number of iterations: 20
--------------------------------------------------------------------
|               OPTIMIZING CANDIDATE TREE SET                      |
--------------------------------------------------------------------
BETTER TREE FOUND at iteration 21: -54086.274
BETTER TREE FOUND at iteration 23: -54086.274
Iteration 30 / LogL: -54086.274 / Time: 0h:2m:51s (0h:9m:7s left)
Iteration 40 / LogL: -54086.274 / Time: 0h:3m:18s (0h:7m:1s left)
BETTER TREE FOUND at iteration 43: -54086.274
Iteration 50 / LogL: -54086.274 / Time: 0h:3m:46s (0h:7m:9s left)
Log-likelihood cutoff on original alignment: -54137.427
Iteration 60 / LogL: -54086.274 / Time: 0h:4m:14s (0h:5m:57s left)
BETTER TREE FOUND at iteration 63: -54086.273
BETTER TREE FOUND at iteration 67: -54086.273
Iteration 70 / LogL: -54086.273 / Time: 0h:4m:42s (0h:6m:36s left)
Iteration 80 / LogL: -54086.274 / Time: 0h:5m:9s (0h:5m:40s left)
Iteration 90 / LogL: -54086.891 / Time: 0h:5m:35s (0h:4m:49s left)
Iteration 100 / LogL: -54086.273 / Time: 0h:6m:3s (0h:4m:5s left)
Log-likelihood cutoff on original alignment: -54129.324
NOTE: Bootstrap correlation coefficient of split occurrence frequencies: 0.999
Iteration 110 / LogL: -54086.273 / Time: 0h:6m:30s (0h:5m:21s left)
Iteration 120 / LogL: -54086.274 / Time: 0h:6m:58s (0h:4m:41s left)
Iteration 130 / LogL: -54110.558 / Time: 0h:7m:25s (0h:4m:1s left)
Iteration 140 / LogL: -54086.891 / Time: 0h:7m:51s (0h:3m:23s left)
BETTER TREE FOUND at iteration 143: -54086.273
Iteration 150 / LogL: -54086.274 / Time: 0h:8m:19s (0h:5m:11s left)
Log-likelihood cutoff on original alignment: -54129.324
Iteration 160 / LogL: -54086.274 / Time: 0h:8m:47s (0h:4m:35s left)
Iteration 170 / LogL: -54086.273 / Time: 0h:9m:15s (0h:3m:59s left)
Iteration 180 / LogL: -54086.274 / Time: 0h:9m:43s (0h:3m:25s left)
BETTER TREE FOUND at iteration 187: -54086.273
Iteration 190 / LogL: -54086.273 / Time: 0h:10m:10s (0h:5m:13s left)
BETTER TREE FOUND at iteration 196: -54086.273
Iteration 200 / LogL: -54086.275 / Time: 0h:10m:39s (0h:5m:8s left)
Log-likelihood cutoff on original alignment: -54129.324
NOTE: Bootstrap correlation coefficient of split occurrence frequencies: 1.000
BETTER TREE FOUND at iteration 204: -54086.273
Iteration 210 / LogL: -54098.357 / Time: 0h:11m:10s (0h:5m:1s left)
Iteration 220 / LogL: -54098.355 / Time: 0h:11m:38s (0h:4m:27s left)
Iteration 230 / LogL: -54086.428 / Time: 0h:12m:6s (0h:3m:54s left)
Iteration 240 / LogL: -54086.273 / Time: 0h:12m:33s (0h:3m:21s left)
Iteration 250 / LogL: -54086.273 / Time: 0h:13m:0s (0h:2m:49s left)
Log-likelihood cutoff on original alignment: -54130.282
Iteration 260 / LogL: -54086.273 / Time: 0h:13m:29s (0h:2m:17s left)
Iteration 270 / LogL: -54086.273 / Time: 0h:13m:57s (0h:1m:45s left)
Iteration 280 / LogL: -54086.274 / Time: 0h:14m:24s (0h:1m:14s left)
Iteration 290 / LogL: -54086.274 / Time: 0h:14m:51s (0h:0m:43s left)
Iteration 300 / LogL: -54086.273 / Time: 0h:15m:18s (0h:0m:12s left)
Log-likelihood cutoff on original alignment: -54130.282
NOTE: Bootstrap correlation coefficient of split occurrence frequencies: 0.999
TREE SEARCH COMPLETED AFTER 305 ITERATIONS / Time: 0h:15m:33s

--------------------------------------------------------------------
|                    FINALIZING TREE SEARCH                        |
--------------------------------------------------------------------
Performs final model parameters optimization
Estimate model parameters (epsilon = 0.010)
1. Initial log-likelihood: -54086.273
Optimal log-likelihood: -54086.272
Proportion of invariable sites: 0.105
Gamma shape alpha: 0.968
Parameters optimization took 1 rounds (0.239 sec)
BEST SCORE FOUND : -54086.272
Creating bootstrap support values...
Split supports printed to NEXUS file /csm_data/spielman_lab/aa_phylo_fit_topology/simulations/alignments/wag_control/HIV_dosreis_rep20_AA.fasta.splits.nex
Total tree length: 17.980

Total number of iterations: 305
CPU time used for tree search: 6863.930 sec (1h:54m:23s)
Wall-clock time used for tree search: 880.523 sec (0h:14m:40s)
Total CPU time used: 7146.182 sec (1h:59m:6s)
Total wall-clock time used: 934.283 sec (0h:15m:34s)

Computing bootstrap consensus tree...
Reading input file /csm_data/spielman_lab/aa_phylo_fit_topology/simulations/alignments/wag_control/HIV_dosreis_rep20_AA.fasta.splits.nex...
274 taxa and 978 splits.
Consensus tree written to /csm_data/spielman_lab/aa_phylo_fit_topology/simulations/alignments/wag_control/HIV_dosreis_rep20_AA.fasta.contree
Reading input trees file /csm_data/spielman_lab/aa_phylo_fit_topology/simulations/alignments/wag_control/HIV_dosreis_rep20_AA.fasta.contree
Log-likelihood of consensus tree: -54086.274

Analysis results written to: 
  IQ-TREE report:                /csm_data/spielman_lab/aa_phylo_fit_topology/simulations/alignments/wag_control/HIV_dosreis_rep20_AA.fasta.iqtree
  Maximum-likelihood tree:       /csm_data/spielman_lab/aa_phylo_fit_topology/simulations/alignments/wag_control/HIV_dosreis_rep20_AA.fasta.treefile
  Likelihood distances:          /csm_data/spielman_lab/aa_phylo_fit_topology/simulations/alignments/wag_control/HIV_dosreis_rep20_AA.fasta.mldist

Ultrafast bootstrap approximation results written to:
  Split support values:          /csm_data/spielman_lab/aa_phylo_fit_topology/simulations/alignments/wag_control/HIV_dosreis_rep20_AA.fasta.splits.nex
  Consensus tree:                /csm_data/spielman_lab/aa_phylo_fit_topology/simulations/alignments/wag_control/HIV_dosreis_rep20_AA.fasta.contree
  Screen log file:               /csm_data/spielman_lab/aa_phylo_fit_topology/simulations/alignments/wag_control/HIV_dosreis_rep20_AA.fasta.log

Date and Time: Sat Feb  1 21:12:35 2020
