IQ-TREE multicore version 1.6.7 for Linux 64-bit built Aug 23 2018
Developed by Bui Quang Minh, Nguyen Lam Tung, Olga Chernomor,
Heiko Schmidt, Dominik Schrempf, Michael Woodhams.

Host:    csm-com-003 (AVX2, FMA3, 62 GB RAM)
Command: iqtree -quiet -nt AUTO -ntmax 8 -m mtMAM -s /csm_data/spielman_lab/aa_phylo_fit_topology/simulations/alignments/wag_control/HIV_andersen_rep13_AA.fasta -st AA -redo -bb 1000
Seed:    200879 (Using SPRNG - Scalable Parallel Random Number Generator)
Time:    Sat Feb  1 20:45:35 2020
Kernel:  AVX+FMA - auto-detect threads (48 CPU cores detected)

Reading alignment file /csm_data/spielman_lab/aa_phylo_fit_topology/simulations/alignments/wag_control/HIV_andersen_rep13_AA.fasta ... Fasta format detected
Alignment most likely contains protein sequences
Alignment has 179 sequences with 661 columns, 552 distinct patterns
457 parsimony-informative, 75 singleton sites, 129 constant sites
                      Gap/Ambiguity  Composition  p-value
   1  BA366-S-GIN-2003        0.00%    passed     97.68%
   2  G502-S-SLE-2009         0.00%    passed     98.15%
   3  G1180-S-SLE-2010        0.00%    passed     98.94%
   4  G2147-S-SLE-2011        0.00%    passed     99.52%
   5  G2165-S-SLE-2011        0.00%    passed     99.37%
   6  LM222-S-SLE-2010        0.00%    passed     99.94%
   7  LM774-S-SLE-2012        0.00%    passed     99.92%
   8  LM778-S-SLE-2012        0.00%    passed     99.83%
   9  G2184-S-SLE-2011        0.00%    passed     99.81%
  10  LM776-S-SLE-2012        0.00%    passed     99.85%
  11  G503-S-SLE-2009         0.00%    passed     96.44%
  12  G2318-S-SLE-2012        0.00%    passed     99.41%
  13  G1959-S-SLE-2011        0.00%    passed     99.90%
  14  G3010-S-SLE-2013        0.00%    passed     98.17%
  15  G610-S-SLE-2009         0.00%    passed     99.91%
  16  G693-S-SLE-2009         0.00%    passed     99.89%
  17  G771-S-SLE-2010         0.00%    passed     99.89%
  18  G1792-S-SLE-2011        0.00%    passed     99.70%
  19  G1960-S-SLE-2011        0.00%    passed     99.90%
  20  G2565-S-SLE-2012        0.00%    passed     99.79%
  21  G2197-S-SLE-2011        0.00%    passed     99.86%
  22  LM032-S-SLE-2010        0.00%    passed     99.92%
  23  Josiah-S-SLE-1976       0.00%    passed     99.30%
  24  G808-S-SLE-2010         0.00%    passed     96.66%
  25  G2868-S-SLE-2012        0.00%    passed     99.85%
  26  G676-S-SLE-2009         0.00%    passed     99.43%
  27  G2405-S-SLE-2012        0.00%    passed     99.53%
  28  G1190-S-SLE-2010        0.00%    passed     98.61%
  29  G2944-S-SLE-2012        0.00%    passed     97.11%
  30  LM765-S-SLE-2012        0.00%    passed     97.27%
  31  G3148-S-SLE-2013        0.00%    passed     98.86%
  32  Z0947-S-SLE-2011        0.00%    passed     94.65%
  33  Z0948-S-SLE-2011        0.00%    passed     94.65%
  34  G1727-S-SLE-2011        0.00%    passed     95.39%
  35  G1647-S-SLE-2011        0.00%    passed     98.75%
  36  G2295-S-SLE-2012        0.00%    passed     98.51%
  37  G2587-S-SLE-2012        0.00%    passed     98.27%
  38  G2280-S-SLE-2012        0.00%    passed     97.72%
  39  G3016-S-SLE-2013        0.00%    passed     98.66%
  40  G3106-S-SLE-2013        0.00%    passed     98.66%
  41  G2612-S-SLE-2012        0.00%    passed     99.08%
  42  LM779-S-SLE-2012        0.00%    passed     96.25%
  43  G692-S-SLE-2009         0.00%    passed     98.35%
  44  LM395-S-SLE-2009        0.00%    passed     95.36%
  45  G1774-S-SLE-2011        0.00%    passed     97.04%
  46  G2222-S-SLE-2011        0.00%    passed     96.33%
  47  G636-S-SLE-2009         0.00%    passed     99.91%
  48  G2315-S-SLE-2012        0.00%    passed     99.96%
  49  G2903-S-SLE-2012        0.00%    passed     99.99%
  50  G3206-S-SLE-2013        0.00%    passed     99.94%
  51  G733-S-SLE-2010         0.00%    passed     99.63%
  52  G2554-S-SLE-2012        0.00%    passed     98.10%
  53  G1618-S-SLE-2011        0.00%    passed     99.95%
  54  G1646-S-SLE-2011        0.00%    passed     99.96%
  55  G2427-S-SLE-2012        0.00%    passed     98.77%
  56  G2392-S-SLE-2012        0.00%    passed     98.19%
  57  G3229-S-SLE-2013        0.00%    passed     97.87%
  58  G3151-S-SLE-2013        0.00%    passed     98.93%
  59  G3248-S-SLE-2013        0.00%    passed     98.93%
  60  G3170-S-SLE-2013        0.00%    passed     98.93%
  61  NL-S-SLE-2000           0.00%    passed     99.86%
  62  G2263-S-SLE-2012        0.00%    passed     99.57%
  63  G2431-S-SLE-2012        0.00%    passed     99.99%
  64  G1442-S-SLE-2011        0.00%    passed    100.00%
  65  G2141-S-SLE-2011        0.00%    passed     96.52%
  66  G1529-S-SLE-2011        0.00%    passed     98.80%
  67  G3234-S-SLE-2013        0.00%    passed     99.65%
  68  G2363-S-SLE-2012        0.00%    passed     99.76%
  69  G2259-S-SLE-2012        0.00%    passed     99.86%
  70  G2723-S-SLE-2012        0.00%    passed     99.74%
  71  G3278-S-SLE-2013        0.00%    passed     99.75%
  72  G2557-S-SLE-2012        0.00%    passed     99.86%
  73  G2615-S-SLE-2012        0.00%    passed     99.90%
  74  G1200-S-LIB-2010        0.00%    passed     99.77%
  75  Macenta-S-GIN-1982      0.00%    passed     97.95%
  76  Z148-S-LIB-1981         0.00%    passed     90.02%
  77  AV-S-CIV-1999           0.00%    passed     99.99%
  78  Nig08-A18-S-NIG-2008    0.00%    passed     99.96%
  79  Nig08-A19-S-NIG-2008    0.00%    passed     99.96%
  80  CSF-S-NIG-2001          0.00%    passed     96.90%
  81  ISTH0009-S-NIG-2011     0.00%    passed     99.97%
  82  LASV979-S-NIG-2009      0.00%    passed     99.98%
  83  LASV237-S-NIG-2010      0.00%    passed     99.99%
  84  LASV711-S-NIG-2009      0.00%    passed     99.98%
  85  LASV992-S-NIG-2009      0.00%    passed     99.98%
  86  ISTH0230-S-NIG-2011     0.00%    passed     99.95%
  87  LASV975-S-NIG-2009      0.00%    passed     99.95%
  88  ISTH2061-S-NIG-2012     0.00%    passed    100.00%
  89  Nig08-A41-S-NIG-2008    0.00%    passed    100.00%
  90  ISTH2217-S-NIG-2012     0.00%    passed     99.86%
  91  ISTH1064-S-NIG-2011     0.00%    passed    100.00%
  92  ISTH2334-S-NIG-2012     0.00%    passed     99.99%
  93  LASV245-S-NIG-2011      0.00%    passed     99.98%
  94  LASV1011-S-NIG-2009     0.00%    passed    100.00%
  95  ISTH2312-S-NIG-2012     0.00%    passed     99.94%
  96  LASV1000-S-NIG-2009     0.00%    passed     99.99%
  97  ISTH2010-S-NIG-2012     0.00%    passed     99.96%
  98  ISTH2016-S-NIG-2012     0.00%    passed     99.98%
  99  Nig08-A37-S-NIG-2008    0.00%    passed     99.98%
 100  LASV737-S-NIG-2009      0.00%    passed     99.98%
 101  LASV719-S-NIG-2009      0.00%    passed    100.00%
 102  LASV046-S-NIG-2009      0.00%    passed     99.86%
 103  ISTH2042-S-NIG-2012     0.00%    passed     99.96%
 104  LASV274-S-NIG-2010      0.00%    passed     99.98%
 105  LASV263-S-NIG-2011      0.00%    passed     99.98%
 106  ISTH1137-S-NIG-2011     0.00%    passed     99.99%
 107  LASV976-S-NIG-2009      0.00%    passed     99.93%
 108  LASV1016-S-NIG-2009     0.00%    passed     99.98%
 109  LASV229-S-NIG-2010      0.00%    passed     99.57%
 110  ISTH2129-S-NIG-2012     0.00%    passed     99.77%
 111  ISTH2057-S-NIG-2012     0.00%    passed     99.96%
 112  LASV058-S-NIG-2008      0.00%    passed     99.97%
 113  ISTH1038-S-NIG-2011     0.00%    passed     99.99%
 114  LASV056-S-NIG-2008      0.00%    passed     99.99%
 115  LASV042-S-NIG-2009      0.00%    passed     99.98%
 116  LASV981-S-NIG-2009      0.00%    passed     99.98%
 117  LASV256-S-NIG-2010      0.00%    passed     99.95%
 118  LASV052-S-NIG-2008      0.00%    passed     99.92%
 119  LASV063-S-NIG-2009      0.00%    passed    100.00%
 120  ISTH0595-S-NIG-2011     0.00%    passed     99.98%
 121  ISTH1096-S-NIG-2012     0.00%    passed     99.88%
 122  LASV221-S-NIG-2010      0.00%    passed     99.90%
 123  LASV977-S-NIG-2009      0.00%    passed     99.62%
 124  LASV971-S-NIG-2009      0.00%    passed     99.96%
 125  LASV967-S-NIG-2009      0.00%    passed     99.95%
 126  ISTH2050-S-NIG-2012     0.00%    passed     99.99%
 127  ISTH2031-S-NIG-2012     0.00%    passed     99.84%
 128  ISTH2376-S-NIG-2012     0.00%    passed     99.91%
 129  LASV991-S-NIG-2009      0.00%    passed    100.00%
 130  LASV267-S-NIG-2010      0.00%    passed     99.93%
 131  LASV049-S-NIG-2009      0.00%    passed     99.98%
 132  LASV239-S-NIG-2010      0.00%    passed    100.00%
 133  ISTH2037-S-NIG-2012     0.00%    passed     99.99%
 134  ISTH1069-S-NIG-2011     0.00%    passed     99.95%
 135  ISTH1129-S-NIG-2012     0.00%    passed    100.00%
 136  ISTH2304-S-NIG-2012     0.00%    passed     99.99%
 137  LASV246-S-NIG-2010      0.00%    passed     99.99%
 138  ISTH1111-S-NIG-2011     0.00%    passed     99.74%
 139  LASV006-S-NIG-2008      0.00%    passed     99.87%
 140  ISTH0531-S-NIG-2011     0.00%    passed     99.95%
 141  LASV254-S-NIG-2011      0.00%    passed     99.98%
 142  ISTH2358-S-NIG-2012     0.00%    passed     99.92%
 143  LASV966-S-NIG-2009      0.00%    passed    100.00%
 144  ISTH1058-S-NIG-2011     0.00%    passed     99.99%
 145  LASV241-S-NIG-2011      0.00%    passed     99.89%
 146  LASV271-S-NIG-2010      0.00%    passed     99.73%
 147  Nig08-A47-S-NIG-2008    0.00%    passed     99.93%
 148  ISTH0012-S-NIG-2011     0.00%    passed     99.85%
 149  LASV993-S-NIG-2009      0.00%    passed     99.94%
 150  ISTH2046-S-NIG-2012     0.00%    passed     99.86%
 151  LASV1008-S-NIG-2009     0.00%    passed     99.64%
 152  ISTH2020-S-NIG-2012     0.00%    passed     99.92%
 153  LASV003-S-NIG-2008      0.00%    passed     99.97%
 154  LASV242-S-NIG-2010      0.00%    passed     99.89%
 155  LASV253-S-NIG-2011      0.00%    passed    100.00%
 156  LASV982-S-NIG-2009      0.00%    passed     99.97%
 157  LASV251-S-NIG-2010      0.00%    passed     99.97%
 158  LASV989-S-NIG-2009      0.00%    passed     99.92%
 159  ISTH0047-S-NIG-2011     0.00%    passed    100.00%
 160  LASV990-S-NIG-2009      0.00%    passed    100.00%
 161  ISTH1003-S-NIG-2011     0.00%    passed    100.00%
 162  ISTH0073-S-NIG-2011     0.00%    passed    100.00%
 163  ISTH2316-S-NIG-2012     0.00%    passed    100.00%
 164  LASV225-S-NIG-2010      0.00%    passed    100.00%
 165  LASV978-S-NIG-2009      0.00%    passed    100.00%
 166  ISTH1048-S-NIG-2011     0.00%    passed    100.00%
 167  LASV045-S-NIG-2009      0.00%    passed    100.00%
 168  ISTH2025-S-NIG-2012     0.00%    passed    100.00%
 169  LASV250-S-NIG-2011      0.00%    passed     99.99%
 170  LASV1015-S-NIG-2009     0.00%    passed     99.99%
 171  LASV035-S-NIG-2009      0.00%    passed    100.00%
 172  ISTH1107-S-NIG-2012     0.00%    passed     99.99%
 173  ISTH2271-S-NIG-2012     0.00%    passed     99.48%
 174  ISTH1121-S-NIG-2012     0.00%    passed     99.57%
 175  ISTH2065-S-NIG-2012     0.00%    passed     98.87%
 176  ISTH2066-S-NIG-2012     0.00%    passed     98.87%
 177  ISTH2094-S-NIG-2012     0.00%    passed     99.98%
 178  Nig08-04-S-NIG-2008     0.00%    passed     99.91%
 179  Pinneo-S-NIG-1969       0.00%    passed     97.41%
****  TOTAL                   0.00%  0 sequences failed composition chi2 test (p-value<5%; df=19)
NOTE: G771-S-SLE-2010 is identical to G693-S-SLE-2009 but kept for subsequent analysis
NOTE: Z0948-S-SLE-2011 is identical to Z0947-S-SLE-2011 but kept for subsequent analysis
NOTE: G3106-S-SLE-2013 is identical to G3016-S-SLE-2013 but kept for subsequent analysis
NOTE: G3248-S-SLE-2013 is identical to G3151-S-SLE-2013 but kept for subsequent analysis
NOTE: LASV711-S-NIG-2009 is identical to LASV979-S-NIG-2009 but kept for subsequent analysis
NOTE: ISTH2066-S-NIG-2012 is identical to ISTH2065-S-NIG-2012 but kept for subsequent analysis
NOTE: 2 identical sequences (see below) will be ignored for subsequent analysis
NOTE: G3170-S-SLE-2013 (identical to G3151-S-SLE-2013) is ignored but added at the end
NOTE: LASV992-S-NIG-2009 (identical to LASV979-S-NIG-2009) is ignored but added at the end

For your convenience alignment with unique sequences printed to /csm_data/spielman_lab/aa_phylo_fit_topology/simulations/alignments/wag_control/HIV_andersen_rep13_AA.fasta.uniqueseq.phy

Create initial parsimony tree by phylogenetic likelihood library (PLL)... 0.065 seconds
Generating 1000 samples for ultrafast bootstrap (seed: 200879)...

NOTE: 17 MB RAM (0 GB) is required!
Measuring multi-threading efficiency up to 8 CPU cores
Increase to 10 rounds for branch lengths
17 trees examined
Threads: 1 / Time: 8.257 sec / Speedup: 1.000 / Efficiency: 100% / LogL: -112858
Threads: 2 / Time: 5.266 sec / Speedup: 1.568 / Efficiency: 78% / LogL: -112858
Threads: 3 / Time: 3.941 sec / Speedup: 2.095 / Efficiency: 70% / LogL: -112858
Threads: 4 / Time: 3.352 sec / Speedup: 2.463 / Efficiency: 62% / LogL: -112858
Threads: 5 / Time: 2.910 sec / Speedup: 2.838 / Efficiency: 57% / LogL: -112858
Threads: 6 / Time: 2.824 sec / Speedup: 2.923 / Efficiency: 49% / LogL: -112858
BEST NUMBER OF THREADS: 5

Estimate model parameters (epsilon = 0.100)
1. Initial log-likelihood: -30635.794
Optimal log-likelihood: -30457.564
Parameters optimization took 1 rounds (0.066 sec)
Computing ML distances based on estimated model parameters... 3.673 sec
Computing BIONJ tree...
0.025 seconds
Log-likelihood of BIONJ tree: -30836.775
--------------------------------------------------------------------
|             INITIALIZING CANDIDATE TREE SET                      |
--------------------------------------------------------------------
Generating 98 parsimony trees... 6.905 second
Computing log-likelihood of 98 initial trees ... 5.024 seconds
Current best score: -30445.354

Do NNI search on 20 best initial trees
Estimate model parameters (epsilon = 0.100)
BETTER TREE FOUND at iteration 1: -30440.051
Estimate model parameters (epsilon = 0.100)
BETTER TREE FOUND at iteration 5: -30438.931
Estimate model parameters (epsilon = 0.100)
BETTER TREE FOUND at iteration 6: -30438.584
Estimate model parameters (epsilon = 0.100)
BETTER TREE FOUND at iteration 8: -30438.430
Iteration 10 / LogL: -30439.550 / Time: 0h:0m:44s
Estimate model parameters (epsilon = 0.100)
BETTER TREE FOUND at iteration 12: -30438.245
BETTER TREE FOUND at iteration 13: -30438.244
Iteration 20 / LogL: -30441.233 / Time: 0h:0m:50s
Finish initializing candidate tree set (20)
Current best tree score: -30438.244 / CPU time: 22.524
Number of iterations: 20
--------------------------------------------------------------------
|               OPTIMIZING CANDIDATE TREE SET                      |
--------------------------------------------------------------------
BETTER TREE FOUND at iteration 23: -30438.244
Iteration 30 / LogL: -30438.245 / Time: 0h:0m:56s (0h:3m:0s left)
BETTER TREE FOUND at iteration 31: -30438.244
Iteration 40 / LogL: -30438.244 / Time: 0h:1m:2s (0h:2m:25s left)
UPDATE BEST LOG-LIKELIHOOD: -30438.244
Iteration 50 / LogL: -30484.016 / Time: 0h:1m:8s (0h:1m:52s left)
Log-likelihood cutoff on original alignment: -30490.638
UPDATE BEST LOG-LIKELIHOOD: -30438.243
UPDATE BEST LOG-LIKELIHOOD: -30438.243
Iteration 60 / LogL: -30440.430 / Time: 0h:1m:14s (0h:1m:29s left)
BETTER TREE FOUND at iteration 65: -30438.243
Iteration 70 / LogL: -30446.435 / Time: 0h:1m:20s (0h:1m:51s left)
Iteration 80 / LogL: -30438.314 / Time: 0h:1m:27s (0h:1m:33s left)
BETTER TREE FOUND at iteration 85: -30438.243
Iteration 90 / LogL: -30524.384 / Time: 0h:1m:32s (0h:1m:39s left)
Iteration 100 / LogL: -30448.692 / Time: 0h:1m:39s (0h:1m:24s left)
Log-likelihood cutoff on original alignment: -30490.638
NOTE: Bootstrap correlation coefficient of split occurrence frequencies: 0.999
UPDATE BEST LOG-LIKELIHOOD: -30438.243
Iteration 110 / LogL: -30438.243 / Time: 0h:1m:46s (0h:1m:27s left)
Iteration 120 / LogL: -30438.744 / Time: 0h:1m:52s (0h:1m:15s left)
BETTER TREE FOUND at iteration 121: -30438.241
Iteration 130 / LogL: -30451.915 / Time: 0h:1m:58s (0h:1m:23s left)
Iteration 140 / LogL: -30438.243 / Time: 0h:2m:4s (0h:1m:12s left)
Iteration 150 / LogL: -30493.294 / Time: 0h:2m:10s (0h:1m:2s left)
Log-likelihood cutoff on original alignment: -30490.638
Iteration 160 / LogL: -30440.050 / Time: 0h:2m:17s (0h:0m:52s left)
Iteration 170 / LogL: -30446.398 / Time: 0h:2m:23s (0h:0m:43s left)
Iteration 180 / LogL: -30438.245 / Time: 0h:2m:29s (0h:0m:34s left)
Iteration 190 / LogL: -30438.243 / Time: 0h:2m:35s (0h:0m:25s left)
Iteration 200 / LogL: -30439.549 / Time: 0h:2m:41s (0h:0m:17s left)
Log-likelihood cutoff on original alignment: -30490.638
NOTE: Bootstrap correlation coefficient of split occurrence frequencies: 0.998
Iteration 210 / LogL: -30438.742 / Time: 0h:2m:48s (0h:1m:12s left)
Iteration 220 / LogL: -30438.244 / Time: 0h:2m:54s (0h:1m:3s left)
TREE SEARCH COMPLETED AFTER 222 ITERATIONS / Time: 0h:2m:56s

--------------------------------------------------------------------
|                    FINALIZING TREE SEARCH                        |
--------------------------------------------------------------------
Performs final model parameters optimization
Estimate model parameters (epsilon = 0.010)
1. Initial log-likelihood: -30438.241
Optimal log-likelihood: -30438.241
Parameters optimization took 1 rounds (0.034 sec)
BEST SCORE FOUND : -30438.241
Creating bootstrap support values...
Split supports printed to NEXUS file /csm_data/spielman_lab/aa_phylo_fit_topology/simulations/alignments/wag_control/HIV_andersen_rep13_AA.fasta.splits.nex
Total tree length: 8.303

Total number of iterations: 222
CPU time used for tree search: 706.084 sec (0h:11m:46s)
Wall-clock time used for tree search: 148.457 sec (0h:2m:28s)
Total CPU time used: 799.783 sec (0h:13m:19s)
Total wall-clock time used: 176.753 sec (0h:2m:56s)

Computing bootstrap consensus tree...
Reading input file /csm_data/spielman_lab/aa_phylo_fit_topology/simulations/alignments/wag_control/HIV_andersen_rep13_AA.fasta.splits.nex...
177 taxa and 810 splits.
Consensus tree written to /csm_data/spielman_lab/aa_phylo_fit_topology/simulations/alignments/wag_control/HIV_andersen_rep13_AA.fasta.contree
Reading input trees file /csm_data/spielman_lab/aa_phylo_fit_topology/simulations/alignments/wag_control/HIV_andersen_rep13_AA.fasta.contree
Log-likelihood of consensus tree: -30438.244

Analysis results written to: 
  IQ-TREE report:                /csm_data/spielman_lab/aa_phylo_fit_topology/simulations/alignments/wag_control/HIV_andersen_rep13_AA.fasta.iqtree
  Maximum-likelihood tree:       /csm_data/spielman_lab/aa_phylo_fit_topology/simulations/alignments/wag_control/HIV_andersen_rep13_AA.fasta.treefile
  Likelihood distances:          /csm_data/spielman_lab/aa_phylo_fit_topology/simulations/alignments/wag_control/HIV_andersen_rep13_AA.fasta.mldist

Ultrafast bootstrap approximation results written to:
  Split support values:          /csm_data/spielman_lab/aa_phylo_fit_topology/simulations/alignments/wag_control/HIV_andersen_rep13_AA.fasta.splits.nex
  Consensus tree:                /csm_data/spielman_lab/aa_phylo_fit_topology/simulations/alignments/wag_control/HIV_andersen_rep13_AA.fasta.contree
  Screen log file:               /csm_data/spielman_lab/aa_phylo_fit_topology/simulations/alignments/wag_control/HIV_andersen_rep13_AA.fasta.log

Date and Time: Sat Feb  1 20:48:32 2020
