IQ-TREE multicore version 1.6.7 for Linux 64-bit built Aug 23 2018
Developed by Bui Quang Minh, Nguyen Lam Tung, Olga Chernomor,
Heiko Schmidt, Dominik Schrempf, Michael Woodhams.

Host:    csm-com-011 (AVX2, FMA3, 62 GB RAM)
Command: iqtree -quiet -nt AUTO -ntmax 8 -m Dayhoff -s /csm_data/spielman_lab/aa_phylo_fit_topology/simulations/alignments/wag_control/HIV_spiralia_rep4_AA.fasta -st AA -redo -bb 1000
Seed:    911873 (Using SPRNG - Scalable Parallel Random Number Generator)
Time:    Sat Feb  1 17:07:02 2020
Kernel:  AVX+FMA - auto-detect threads (48 CPU cores detected)

Reading alignment file /csm_data/spielman_lab/aa_phylo_fit_topology/simulations/alignments/wag_control/HIV_spiralia_rep4_AA.fasta ... Fasta format detected
Alignment most likely contains protein sequences
Alignment has 103 sequences with 661 columns, 612 distinct patterns
545 parsimony-informative, 50 singleton sites, 66 constant sites
                                Gap/Ambiguity  Composition  p-value
   1  Adineta_vaga                      0.00%    passed     76.18%
   2  Rotaria_rotatoria                 0.00%    passed     94.46%
   3  Lepadella_patella                 0.00%    passed     99.96%
   4  Brachionus_plicatilis             0.00%    passed     97.87%
   5  Brachionus_manjavacas             0.00%    passed     99.68%
   6  Rhabdopleura_compacta             0.00%    passed     99.38%
   7  Ptychodera_flava                  0.00%    passed     99.59%
   8  SchizocardiumCalif_cl             0.00%    passed     99.61%
   9  Sackow                            0.00%    passed     99.97%
  10  Patmin                            0.00%    passed     99.46%
  11  Parastichopus_parvimensis         0.00%    passed     99.48%
  12  Strpur                            0.00%    passed    100.00%
  13  Florometra_serratissima           0.00%    passed     99.06%
  14  Calmil                            0.00%    passed     98.56%
  15  HUMAN                             0.00%    passed     97.23%
  16  LATCH                             0.00%    passed     97.79%
  17  LEPOC                             0.00%    passed     99.43%
  18  Petromyzon_marins                 0.00%    passed     97.87%
  19  Halocynthia_roretzi               0.00%    passed     97.48%
  20  Molgula_tectiformis               0.00%    passed     90.20%
  21  CIOIN                             0.00%    passed     99.62%
  22  Asymmetron_lucayanum              0.00%    passed     98.21%
  23  BraLan                            0.00%    passed     98.91%
  24  Leucoselenia_complicata           0.00%    passed     99.44%
  25  Sycon_ciliatum                    0.00%    passed     99.59%
  26  Oscarella_carmella                0.00%    passed     99.96%
  27  AMPQE                             0.00%    passed     99.78%
  28  Ephidatia_mulleri                 0.00%    passed     91.71%
  29  NEMVE                             0.00%    passed     98.85%
  30  Acropora_digitifera               0.00%    passed     99.57%
  31  Aurelia_aurita                    0.00%    passed    100.00%
  32  Clytia_hemisphaerica              0.00%    passed     94.86%
  33  Isodiametra_pulchra               0.00%    passed     99.97%
  34  Childia_submaculatum              0.00%    passed     98.00%
  35  Diopisthoporus_gymnopharyngeus    0.00%    passed     98.24%
  36  Hofstenia_miamia                  0.00%    passed     94.77%
  37  Meara_stichopi                    0.00%    passed     92.06%
  38  Nemertoderma_westbladi            0.00%    passed     91.69%
  39  Xenoturbella_profunda             0.00%    passed     89.29%
  40  Xenoturbella_bocki                0.00%    passed     88.88%
  41  TRICA                             0.00%    passed     99.26%
  42  DROME                             0.00%    passed     97.22%
  43  Apis_mellifera                    0.00%    passed     99.33%
  44  Daphnia_pulex                     0.00%    passed     99.49%
  45  Eudigraphis_taiwaniensis          0.00%    passed     99.82%
  46  STRMM                             0.00%    passed     97.44%
  47  Mesobuthus_martensii              0.00%    passed     99.85%
  48  Limulus_polyphemus                0.00%    passed     99.86%
  49  Peripatopsis_capensis             0.00%    passed     99.08%
  50  Enoplus_brevis                    0.00%    passed     45.85%
  51  Romanomermis_culicivorax          0.00%    passed     65.95%
  52  Ramazzottius_varieornatus         0.00%    passed     99.39%
  53  Hypsibius_dujardini               0.00%    passed     96.38%
  54  Priapulus_caudatus                0.00%    passed     98.55%
  55  Halicryptus_spinulosus            0.00%    passed    100.00%
  56  Tubiluchus_corallicola            0.00%    passed     99.97%
  57  Lepidodermella_squamata           0.00%    passed     38.10%
  58  Diuronotus_aspetos                0.00%    passed     94.79%
  59  Macrodasys_sp                     0.00%    passed     99.98%
  60  Megadasys_sp                      0.00%    passed     97.37%
  61  Catenulida_sp                     0.00%    passed     91.95%
  62  Stylochoplana_maculata            0.00%    passed     96.12%
  63  Stylochus_ellipticus              0.00%    passed     94.94%
  64  Macrostomum_lignano               0.00%    passed     73.09%
  65  LOTGI                             0.00%    passed     96.78%
  66  Aplysia_californica               0.00%    passed     98.80%
  67  CRAGI                             0.00%    passed     99.88%
  68  Leptochiton_rugatus               0.00%    passed     97.21%
  69  Neomenia_megatrapezata            0.00%    passed     89.44%
  70  CAPI1                             0.00%    passed     99.83%
  71  Lumbricus_terrestris              0.00%    passed     99.98%
  72  Nephtys_caeca                     0.00%    passed     99.12%
  73  Owenia_fusiformis                 0.00%    passed     93.43%
  74  Lineus_longissimus                0.00%    passed    100.00%
  75  Paranemertes_peregrina            0.00%    passed     99.41%
  76  Malacobdella_grossa               0.00%    passed     99.53%
  77  Tubulanus_polymorphus             0.00%    passed     99.80%
  78  Cephalothrix_linearis             0.00%    passed     99.98%
  79  Hemithiris_psittacea              0.00%    passed     99.95%
  80  Terebratalia_transversa           0.00%    passed     99.74%
  81  Glottidia_pyramidata              0.00%    passed     99.91%
  82  Linana                            0.00%    passed     99.93%
  83  Phoronopsis_harmeri               0.00%    passed     99.77%
  84  Phoronis_vancouverensis           0.00%    passed    100.00%
  85  Phoronis_psammophila              0.00%    passed     99.57%
  86  Membranipora_membranacea          0.00%    passed     99.18%
  87  Bugula_neritina                   0.00%    passed     93.64%
  88  Loxosoma_pectinaricola            0.00%    passed     99.75%
  89  Barentsia_gracilis                0.00%    passed     98.92%
  90  Sagitta_gazellae                  0.00%    passed     97.85%
  91  Sagitta_setosa                    0.00%    passed     98.89%
  92  Pterosagitta_draco                0.00%    passed     99.40%
  93  Sagitta_elegans                   0.00%    passed     96.24%
  94  Sagitta_serratodentata            0.00%    passed     99.89%
  95  Sagitta_hexaptera                 0.00%    passed     99.18%
  96  Krohnitta_sp                      0.00%    passed     98.51%
  97  Paraspadella_ovovivipara          0.00%    passed     99.96%
  98  Pargo1                            0.00%    passed     99.83%
  99  Spadella_cephaloptera             0.00%    passed     99.98%
 100  Eukrohnia_hamata                  0.00%    passed     99.91%
 101  Gnathostomula_paradoxa            0.00%    passed     86.58%
 102  Austrognathia_sp                  0.00%    passed     45.12%
 103  Limnognathia_maerski              0.00%    passed     91.69%
****  TOTAL                             0.00%  0 sequences failed composition chi2 test (p-value<5%; df=19)

Create initial parsimony tree by phylogenetic likelihood library (PLL)... 0.060 seconds
Generating 1000 samples for ultrafast bootstrap (seed: 911873)...

NOTE: 12 MB RAM (0 GB) is required!
Measuring multi-threading efficiency up to 8 CPU cores
Increase to 10 rounds for branch lengths
30 trees examined
Threads: 1 / Time: 8.065 sec / Speedup: 1.000 / Efficiency: 100% / LogL: -90237
Threads: 2 / Time: 5.366 sec / Speedup: 1.503 / Efficiency: 75% / LogL: -90237
Threads: 3 / Time: 3.754 sec / Speedup: 2.148 / Efficiency: 72% / LogL: -90237
Threads: 4 / Time: 3.313 sec / Speedup: 2.434 / Efficiency: 61% / LogL: -90237
Threads: 5 / Time: 2.783 sec / Speedup: 2.898 / Efficiency: 58% / LogL: -90237
Threads: 6 / Time: 2.719 sec / Speedup: 2.966 / Efficiency: 49% / LogL: -90237
BEST NUMBER OF THREADS: 5

Estimate model parameters (epsilon = 0.100)
1. Initial log-likelihood: -69253.040
Optimal log-likelihood: -68521.693
Parameters optimization took 1 rounds (0.055 sec)
Computing ML distances based on estimated model parameters... 0.982 sec
Computing BIONJ tree...
0.008 seconds
Log-likelihood of BIONJ tree: -68538.265
--------------------------------------------------------------------
|             INITIALIZING CANDIDATE TREE SET                      |
--------------------------------------------------------------------
Generating 98 parsimony trees... 5.706 second
Computing log-likelihood of 98 initial trees ... 3.238 seconds
Current best score: -68521.693

Do NNI search on 20 best initial trees
Estimate model parameters (epsilon = 0.100)
BETTER TREE FOUND at iteration 1: -68483.866
Iteration 10 / LogL: -68483.871 / Time: 0h:0m:37s
Iteration 20 / LogL: -68483.878 / Time: 0h:0m:39s
Finish initializing candidate tree set (2)
Current best tree score: -68483.866 / CPU time: 13.093
Number of iterations: 20
--------------------------------------------------------------------
|               OPTIMIZING CANDIDATE TREE SET                      |
--------------------------------------------------------------------
Iteration 30 / LogL: -68522.222 / Time: 0h:0m:42s (0h:1m:44s left)
Iteration 40 / LogL: -68484.131 / Time: 0h:0m:46s (0h:1m:12s left)
Iteration 50 / LogL: -68509.707 / Time: 0h:0m:50s (0h:0m:51s left)
Log-likelihood cutoff on original alignment: -68542.539
Iteration 60 / LogL: -68483.873 / Time: 0h:0m:53s (0h:0m:37s left)
Iteration 70 / LogL: -68483.917 / Time: 0h:0m:56s (0h:0m:25s left)
Iteration 80 / LogL: -68483.867 / Time: 0h:1m:0s (0h:0m:16s left)
Iteration 90 / LogL: -68509.725 / Time: 0h:1m:3s (0h:0m:7s left)
Iteration 100 / LogL: -68509.726 / Time: 0h:1m:7s (0h:0m:0s left)
Log-likelihood cutoff on original alignment: -68542.986
NOTE: Bootstrap correlation coefficient of split occurrence frequencies: 1.000
TREE SEARCH COMPLETED AFTER 102 ITERATIONS / Time: 0h:1m:7s

--------------------------------------------------------------------
|                    FINALIZING TREE SEARCH                        |
--------------------------------------------------------------------
Performs final model parameters optimization
Estimate model parameters (epsilon = 0.010)
1. Initial log-likelihood: -68483.866
Optimal log-likelihood: -68483.866
Parameters optimization took 1 rounds (0.022 sec)
BEST SCORE FOUND : -68483.866
Creating bootstrap support values...
Split supports printed to NEXUS file /csm_data/spielman_lab/aa_phylo_fit_topology/simulations/alignments/wag_control/HIV_spiralia_rep4_AA.fasta.splits.nex
Total tree length: 21.902

Total number of iterations: 102
CPU time used for tree search: 183.812 sec (0h:3m:3s)
Wall-clock time used for tree search: 41.493 sec (0h:0m:41s)
Total CPU time used: 270.344 sec (0h:4m:30s)
Total wall-clock time used: 68.290 sec (0h:1m:8s)

Computing bootstrap consensus tree...
Reading input file /csm_data/spielman_lab/aa_phylo_fit_topology/simulations/alignments/wag_control/HIV_spiralia_rep4_AA.fasta.splits.nex...
103 taxa and 324 splits.
Consensus tree written to /csm_data/spielman_lab/aa_phylo_fit_topology/simulations/alignments/wag_control/HIV_spiralia_rep4_AA.fasta.contree
Reading input trees file /csm_data/spielman_lab/aa_phylo_fit_topology/simulations/alignments/wag_control/HIV_spiralia_rep4_AA.fasta.contree
Log-likelihood of consensus tree: -68483.866

Analysis results written to: 
  IQ-TREE report:                /csm_data/spielman_lab/aa_phylo_fit_topology/simulations/alignments/wag_control/HIV_spiralia_rep4_AA.fasta.iqtree
  Maximum-likelihood tree:       /csm_data/spielman_lab/aa_phylo_fit_topology/simulations/alignments/wag_control/HIV_spiralia_rep4_AA.fasta.treefile
  Likelihood distances:          /csm_data/spielman_lab/aa_phylo_fit_topology/simulations/alignments/wag_control/HIV_spiralia_rep4_AA.fasta.mldist

Ultrafast bootstrap approximation results written to:
  Split support values:          /csm_data/spielman_lab/aa_phylo_fit_topology/simulations/alignments/wag_control/HIV_spiralia_rep4_AA.fasta.splits.nex
  Consensus tree:                /csm_data/spielman_lab/aa_phylo_fit_topology/simulations/alignments/wag_control/HIV_spiralia_rep4_AA.fasta.contree
  Screen log file:               /csm_data/spielman_lab/aa_phylo_fit_topology/simulations/alignments/wag_control/HIV_spiralia_rep4_AA.fasta.log

Date and Time: Sat Feb  1 17:08:11 2020
