IQ-TREE multicore version 1.6.7 for Linux 64-bit built Aug 23 2018
Developed by Bui Quang Minh, Nguyen Lam Tung, Olga Chernomor,
Heiko Schmidt, Dominik Schrempf, Michael Woodhams.

Host:    csm-com-010 (AVX2, FMA3, 62 GB RAM)
Command: iqtree -quiet -nt AUTO -ntmax 8 -m mtMAM -s /csm_data/spielman_lab/aa_phylo_fit_topology/simulations/alignments/wag_control/HIV_opisthokonta_rep11_AA.fasta -st AA -redo -bb 1000
Seed:    246765 (Using SPRNG - Scalable Parallel Random Number Generator)
Time:    Sat Feb  1 13:56:24 2020
Kernel:  AVX+FMA - auto-detect threads (48 CPU cores detected)

Reading alignment file /csm_data/spielman_lab/aa_phylo_fit_topology/simulations/alignments/wag_control/HIV_opisthokonta_rep11_AA.fasta ... Fasta format detected
Alignment most likely contains protein sequences
Alignment has 70 sequences with 661 columns, 612 distinct patterns
536 parsimony-informative, 57 singleton sites, 68 constant sites
                                  Gap/Ambiguity  Composition  p-value
   1  Oscarella_carmela                   0.00%    passed     97.89%
   2  Oscarella_lobularis                 0.00%    passed     99.98%
   3  Leucetta_chagosensis                0.00%    passed     99.46%
   4  Sycon_raphanus                      0.00%    passed     97.59%
   5  Oopsacas_minuta                     0.00%    passed     97.25%
   6  Carteriospongia_foliascens          0.00%    passed     99.52%
   7  Amphimedon_queenslandica            0.00%    passed     96.89%
   8  Suberites_domuncula                 0.00%    passed     95.53%
   9  Lubomirskia_baicalensis             0.00%    passed     97.85%
  10  Ephydatia_muelleri                  0.00%    passed     96.54%
  11  Trichoplax_adhaerens                0.00%    passed     99.81%
  12  Nematostella_vectensis              0.00%    passed     99.93%
  13  Anemonia_viridis                    0.00%    passed     99.97%
  14  Aiptasia_pallida                    0.00%    passed     96.62%
  15  Metridium_senile                    0.00%    passed    100.00%
  16  Acropora_palmata                    0.00%    passed     99.86%
  17  Acropora_millepora                  0.00%    passed     99.88%
  18  Porites_astreoides                  0.00%    passed     99.48%
  19  Montastraea_faveolata               0.00%    passed     99.79%
  20  Cyanea_capillata                    0.00%    passed     98.77%
  21  Clytia_hemisphaerica                0.00%    passed     76.66%
  22  Podocoryna_carnea                   0.00%    passed     99.84%
  23  Hydractinia_echinata                0.00%    passed     99.20%
  24  Hydra_magnipapillata                0.00%    passed     99.95%
  25  Saccoglossus_kowalevskii            0.00%    passed    100.00%
  26  Ptychodera_flava                    0.00%    passed     99.78%
  27  Strongylocentrotus_purpuratus       0.00%    passed     95.45%
  28  Asterina_pectinifera                0.00%    passed     99.00%
  29  Branchiostoma_floridae              0.00%    passed     99.79%
  30  Petromyzon_marinus                  0.00%    passed     99.99%
  31  Gallus                              0.00%    passed     94.94%
  32  Ciona_intestinalis                  0.00%    passed     92.45%
  33  Halocynthia_roretzi                 0.00%    passed     99.40%
  34  Anoplodactylus_eroticus             0.00%    passed     99.94%
  35  Boophilus_microplus                 0.00%    passed     93.22%
  36  Daphnia_pulex                       0.00%    passed     99.35%
  37  Drosophila_melanogaster             0.00%    passed     99.99%
  38  Euperipatoides_kanangrensis         0.00%    passed    100.00%
  39  Echinoderes_horni                   0.00%    passed     83.46%
  40  Xiphinema_index                     0.00%    passed     95.66%
  41  Cerebratulus_lacteus                0.00%    passed     98.67%
  42  Terebratalia_transversa             0.00%    passed     99.89%
  43  Lottia_gigantea                     0.00%    passed     99.90%
  44  Crassostrea_virginica               0.00%    passed     99.86%
  45  Euprymna_scolopes                   0.00%    passed     98.95%
  46  Capitella_telata                    0.00%    passed     81.92%
  47  Helobdella_robusta                  0.00%    passed     99.95%
  48  Schmidtea_mediterranea              0.00%    passed     97.49%
  49  Paraplanocera_oligoglena            0.00%    passed     95.70%
  50  Xenoturbella_bocki                  0.00%    passed     99.25%
  51  Nemertoderma_westbladi              0.00%    passed     69.46%
  52  Meara_stichopi                      0.00%    passed     83.97%
  53  Isodiametra_pulchra                 0.00%    passed     90.79%
  54  Symsagittifera_roscoffensis         0.00%    passed     99.99%
  55  Convolutriloba_longifissura         0.00%    passed     99.44%
  56  Capsaspora_owczarzaki_ATCC_30864    0.00%    passed     99.27%
  57  Amoebidium_parasiticum              0.00%    passed     98.88%
  58  Sphaeroforma_arctica                0.00%    passed     66.20%
  59  Spizellomyces_punctatus             0.00%    passed     99.97%
  60  Batrachochytrium_dendrobatidis      0.00%    passed     57.41%
  61  Cryptococcus_neoformans             0.00%    passed     97.37%
  62  Saccharomyces_cerevisiae            0.00%    passed     81.19%
  63  Phycomyces_blakesleeanus            0.00%    passed     96.98%
  64  Rhizopus_orizae                     0.00%    passed     89.14%
  65  Monosiga_ovata                      0.00%    passed     89.47%
  66  Salpingoeca_rosetta                 0.00%    passed     99.48%
  67  Monosiga_brevicollis                0.00%    passed     86.20%
  68  Mnemiopsis                          0.00%    passed     97.03%
  69  Mertensiid_sp                       0.00%    passed     99.40%
  70  Pleurobrachia_pileus                0.00%    passed     99.79%
****  TOTAL                               0.00%  0 sequences failed composition chi2 test (p-value<5%; df=19)

Create initial parsimony tree by phylogenetic likelihood library (PLL)... 0.029 seconds
Generating 1000 samples for ultrafast bootstrap (seed: 246765)...

NOTE: 9 MB RAM (0 GB) is required!
Measuring multi-threading efficiency up to 8 CPU cores
Increase to 10 rounds for branch lengths
53 trees examined
Threads: 1 / Time: 8.090 sec / Speedup: 1.000 / Efficiency: 100% / LogL: -73887
Threads: 2 / Time: 5.282 sec / Speedup: 1.531 / Efficiency: 77% / LogL: -73887
Threads: 3 / Time: 3.734 sec / Speedup: 2.166 / Efficiency: 72% / LogL: -73887
Threads: 4 / Time: 3.228 sec / Speedup: 2.506 / Efficiency: 63% / LogL: -73887
Threads: 5 / Time: 2.831 sec / Speedup: 2.857 / Efficiency: 57% / LogL: -73887
Threads: 6 / Time: 2.755 sec / Speedup: 2.937 / Efficiency: 49% / LogL: -73887
BEST NUMBER OF THREADS: 5

Estimate model parameters (epsilon = 0.100)
1. Initial log-likelihood: -60618.589
Optimal log-likelihood: -60083.517
Parameters optimization took 1 rounds (0.039 sec)
Computing ML distances based on estimated model parameters... 0.713 sec
Computing BIONJ tree...
0.005 seconds
Log-likelihood of BIONJ tree: -60095.360
--------------------------------------------------------------------
|             INITIALIZING CANDIDATE TREE SET                      |
--------------------------------------------------------------------
Generating 98 parsimony trees... 2.761 second
Computing log-likelihood of 98 initial trees ... 2.217 seconds
Current best score: -60083.517

Do NNI search on 20 best initial trees
Estimate model parameters (epsilon = 0.100)
BETTER TREE FOUND at iteration 1: -60028.706
Estimate model parameters (epsilon = 0.100)
BETTER TREE FOUND at iteration 3: -60027.593
Iteration 10 / LogL: -60027.607 / Time: 0h:0m:33s
Iteration 20 / LogL: -60027.597 / Time: 0h:0m:35s
Finish initializing candidate tree set (6)
Current best tree score: -60027.593 / CPU time: 9.460
Number of iterations: 20
--------------------------------------------------------------------
|               OPTIMIZING CANDIDATE TREE SET                      |
--------------------------------------------------------------------
Iteration 30 / LogL: -60027.594 / Time: 0h:0m:37s (0h:1m:35s left)
Iteration 40 / LogL: -60027.676 / Time: 0h:0m:40s (0h:1m:4s left)
Iteration 50 / LogL: -60027.601 / Time: 0h:0m:42s (0h:0m:45s left)
Log-likelihood cutoff on original alignment: -60095.039
Iteration 60 / LogL: -60027.595 / Time: 0h:0m:44s (0h:0m:32s left)
Iteration 70 / LogL: -60027.601 / Time: 0h:0m:46s (0h:0m:22s left)
Iteration 80 / LogL: -60027.597 / Time: 0h:0m:48s (0h:0m:14s left)
Iteration 90 / LogL: -60027.595 / Time: 0h:0m:50s (0h:0m:7s left)
Iteration 100 / LogL: -60027.599 / Time: 0h:0m:53s (0h:0m:1s left)
Log-likelihood cutoff on original alignment: -60092.253
NOTE: Bootstrap correlation coefficient of split occurrence frequencies: 1.000
TREE SEARCH COMPLETED AFTER 104 ITERATIONS / Time: 0h:0m:54s

--------------------------------------------------------------------
|                    FINALIZING TREE SEARCH                        |
--------------------------------------------------------------------
Performs final model parameters optimization
Estimate model parameters (epsilon = 0.010)
1. Initial log-likelihood: -60027.593
Optimal log-likelihood: -60027.593
Parameters optimization took 1 rounds (0.023 sec)
BEST SCORE FOUND : -60027.593
Creating bootstrap support values...
Split supports printed to NEXUS file /csm_data/spielman_lab/aa_phylo_fit_topology/simulations/alignments/wag_control/HIV_opisthokonta_rep11_AA.fasta.splits.nex
Total tree length: 25.985

Total number of iterations: 104
CPU time used for tree search: 128.926 sec (0h:2m:8s)
Wall-clock time used for tree search: 27.943 sec (0h:0m:27s)
Total CPU time used: 213.459 sec (0h:3m:33s)
Total wall-clock time used: 54.400 sec (0h:0m:54s)

Computing bootstrap consensus tree...
Reading input file /csm_data/spielman_lab/aa_phylo_fit_topology/simulations/alignments/wag_control/HIV_opisthokonta_rep11_AA.fasta.splits.nex...
70 taxa and 215 splits.
Consensus tree written to /csm_data/spielman_lab/aa_phylo_fit_topology/simulations/alignments/wag_control/HIV_opisthokonta_rep11_AA.fasta.contree
Reading input trees file /csm_data/spielman_lab/aa_phylo_fit_topology/simulations/alignments/wag_control/HIV_opisthokonta_rep11_AA.fasta.contree
Log-likelihood of consensus tree: -60027.593

Analysis results written to: 
  IQ-TREE report:                /csm_data/spielman_lab/aa_phylo_fit_topology/simulations/alignments/wag_control/HIV_opisthokonta_rep11_AA.fasta.iqtree
  Maximum-likelihood tree:       /csm_data/spielman_lab/aa_phylo_fit_topology/simulations/alignments/wag_control/HIV_opisthokonta_rep11_AA.fasta.treefile
  Likelihood distances:          /csm_data/spielman_lab/aa_phylo_fit_topology/simulations/alignments/wag_control/HIV_opisthokonta_rep11_AA.fasta.mldist

Ultrafast bootstrap approximation results written to:
  Split support values:          /csm_data/spielman_lab/aa_phylo_fit_topology/simulations/alignments/wag_control/HIV_opisthokonta_rep11_AA.fasta.splits.nex
  Consensus tree:                /csm_data/spielman_lab/aa_phylo_fit_topology/simulations/alignments/wag_control/HIV_opisthokonta_rep11_AA.fasta.contree
  Screen log file:               /csm_data/spielman_lab/aa_phylo_fit_topology/simulations/alignments/wag_control/HIV_opisthokonta_rep11_AA.fasta.log

Date and Time: Sat Feb  1 13:57:18 2020
