IQ-TREE multicore version 1.6.7 for Linux 64-bit built Aug 23 2018
Developed by Bui Quang Minh, Nguyen Lam Tung, Olga Chernomor,
Heiko Schmidt, Dominik Schrempf, Michael Woodhams.

Host:    csm-gpu-001 (AVX2, FMA3, 62 GB RAM)
Command: iqtree -quiet -nt AUTO -ntmax 8 -m JTTDCMut+I -s /csm_data/spielman_lab/aa_phylo_fit_topology/simulations/alignments/wag_control/HIV_spiralia_rep17_AA.fasta -st AA -redo -bb 1000
Seed:    311687 (Using SPRNG - Scalable Parallel Random Number Generator)
Time:    Sat Feb  1 23:00:40 2020
Kernel:  AVX+FMA - auto-detect threads (48 CPU cores detected)

Reading alignment file /csm_data/spielman_lab/aa_phylo_fit_topology/simulations/alignments/wag_control/HIV_spiralia_rep17_AA.fasta ... Fasta format detected
Alignment most likely contains protein sequences
Alignment has 103 sequences with 661 columns, 614 distinct patterns
542 parsimony-informative, 55 singleton sites, 64 constant sites
                                Gap/Ambiguity  Composition  p-value
   1  Adineta_vaga                      0.00%    passed     95.62%
   2  Rotaria_rotatoria                 0.00%    passed     83.12%
   3  Lepadella_patella                 0.00%    passed     99.92%
   4  Brachionus_plicatilis             0.00%    passed     98.96%
   5  Brachionus_manjavacas             0.00%    passed     99.66%
   6  Rhabdopleura_compacta             0.00%    passed     99.99%
   7  Ptychodera_flava                  0.00%    passed     99.99%
   8  SchizocardiumCalif_cl             0.00%    passed     99.99%
   9  Sackow                            0.00%    passed     99.15%
  10  Patmin                            0.00%    passed     98.34%
  11  Parastichopus_parvimensis         0.00%    passed     94.62%
  12  Strpur                            0.00%    passed    100.00%
  13  Florometra_serratissima           0.00%    passed     99.99%
  14  Calmil                            0.00%    passed     97.59%
  15  HUMAN                             0.00%    passed     97.52%
  16  LATCH                             0.00%    passed     99.00%
  17  LEPOC                             0.00%    passed     98.21%
  18  Petromyzon_marins                 0.00%    passed     96.41%
  19  Halocynthia_roretzi               0.00%    passed     98.68%
  20  Molgula_tectiformis               0.00%    passed     99.59%
  21  CIOIN                             0.00%    passed     96.24%
  22  Asymmetron_lucayanum              0.00%    passed     99.92%
  23  BraLan                            0.00%    passed     99.58%
  24  Leucoselenia_complicata           0.00%    passed     95.52%
  25  Sycon_ciliatum                    0.00%    passed     29.44%
  26  Oscarella_carmella                0.00%    passed     99.62%
  27  AMPQE                             0.00%    passed     99.02%
  28  Ephidatia_mulleri                 0.00%    passed     72.35%
  29  NEMVE                             0.00%    passed     91.80%
  30  Acropora_digitifera               0.00%    passed     99.83%
  31  Aurelia_aurita                    0.00%    passed     99.74%
  32  Clytia_hemisphaerica              0.00%    passed     98.13%
  33  Isodiametra_pulchra               0.00%    passed     93.42%
  34  Childia_submaculatum              0.00%    passed     96.13%
  35  Diopisthoporus_gymnopharyngeus    0.00%    passed     99.94%
  36  Hofstenia_miamia                  0.00%    passed     84.77%
  37  Meara_stichopi                    0.00%    passed     83.68%
  38  Nemertoderma_westbladi            0.00%    passed     98.58%
  39  Xenoturbella_profunda             0.00%    passed     99.98%
  40  Xenoturbella_bocki                0.00%    passed     99.88%
  41  TRICA                             0.00%    passed     97.75%
  42  DROME                             0.00%    passed     99.57%
  43  Apis_mellifera                    0.00%    passed     99.67%
  44  Daphnia_pulex                     0.00%    passed     98.10%
  45  Eudigraphis_taiwaniensis          0.00%    passed     94.54%
  46  STRMM                             0.00%    passed     94.49%
  47  Mesobuthus_martensii              0.00%    passed     99.75%
  48  Limulus_polyphemus                0.00%    passed     93.26%
  49  Peripatopsis_capensis             0.00%    passed     99.82%
  50  Enoplus_brevis                    0.00%    passed     97.48%
  51  Romanomermis_culicivorax          0.00%    passed     92.35%
  52  Ramazzottius_varieornatus         0.00%    passed     88.37%
  53  Hypsibius_dujardini               0.00%    passed     94.48%
  54  Priapulus_caudatus                0.00%    passed    100.00%
  55  Halicryptus_spinulosus            0.00%    passed     99.64%
  56  Tubiluchus_corallicola            0.00%    passed     99.68%
  57  Lepidodermella_squamata           0.00%    passed     98.33%
  58  Diuronotus_aspetos                0.00%    passed     98.24%
  59  Macrodasys_sp                     0.00%    passed     99.94%
  60  Megadasys_sp                      0.00%    passed     86.86%
  61  Catenulida_sp                     0.00%    passed     99.24%
  62  Stylochoplana_maculata            0.00%    passed     97.70%
  63  Stylochus_ellipticus              0.00%    passed     98.71%
  64  Macrostomum_lignano               0.00%    passed     92.81%
  65  LOTGI                             0.00%    passed     99.86%
  66  Aplysia_californica               0.00%    passed     99.59%
  67  CRAGI                             0.00%    passed    100.00%
  68  Leptochiton_rugatus               0.00%    passed     99.91%
  69  Neomenia_megatrapezata            0.00%    passed     87.55%
  70  CAPI1                             0.00%    passed     99.50%
  71  Lumbricus_terrestris              0.00%    passed     96.52%
  72  Nephtys_caeca                     0.00%    passed     99.81%
  73  Owenia_fusiformis                 0.00%    passed     99.43%
  74  Lineus_longissimus                0.00%    passed     97.09%
  75  Paranemertes_peregrina            0.00%    passed     96.11%
  76  Malacobdella_grossa               0.00%    passed     99.63%
  77  Tubulanus_polymorphus             0.00%    passed     99.75%
  78  Cephalothrix_linearis             0.00%    passed     94.46%
  79  Hemithiris_psittacea              0.00%    passed     99.37%
  80  Terebratalia_transversa           0.00%    passed     99.90%
  81  Glottidia_pyramidata              0.00%    passed     99.22%
  82  Linana                            0.00%    passed     99.63%
  83  Phoronopsis_harmeri               0.00%    passed    100.00%
  84  Phoronis_vancouverensis           0.00%    passed     99.98%
  85  Phoronis_psammophila              0.00%    passed     99.85%
  86  Membranipora_membranacea          0.00%    passed     98.86%
  87  Bugula_neritina                   0.00%    passed     98.94%
  88  Loxosoma_pectinaricola            0.00%    passed     94.97%
  89  Barentsia_gracilis                0.00%    passed     95.91%
  90  Sagitta_gazellae                  0.00%    passed     76.98%
  91  Sagitta_setosa                    0.00%    passed     82.53%
  92  Pterosagitta_draco                0.00%    passed     51.22%
  93  Sagitta_elegans                   0.00%    passed     42.12%
  94  Sagitta_serratodentata            0.00%    passed     60.00%
  95  Sagitta_hexaptera                 0.00%    passed     43.34%
  96  Krohnitta_sp                      0.00%    passed     85.33%
  97  Paraspadella_ovovivipara          0.00%    passed     91.99%
  98  Pargo1                            0.00%    passed     98.78%
  99  Spadella_cephaloptera             0.00%    passed     93.73%
 100  Eukrohnia_hamata                  0.00%    passed     93.98%
 101  Gnathostomula_paradoxa            0.00%    passed     79.62%
 102  Austrognathia_sp                  0.00%    passed     99.94%
 103  Limnognathia_maerski              0.00%    passed     99.91%
****  TOTAL                             0.00%  0 sequences failed composition chi2 test (p-value<5%; df=19)

Create initial parsimony tree by phylogenetic likelihood library (PLL)... 0.049 seconds
Generating 1000 samples for ultrafast bootstrap (seed: 311687)...

NOTE: 12 MB RAM (0 GB) is required!
Measuring multi-threading efficiency up to 8 CPU cores
Increase to 10 rounds for branch lengths
30 trees examined
Threads: 1 / Time: 8.106 sec / Speedup: 1.000 / Efficiency: 100% / LogL: -84793
Threads: 2 / Time: 4.861 sec / Speedup: 1.668 / Efficiency: 83% / LogL: -84793
Threads: 3 / Time: 3.796 sec / Speedup: 2.135 / Efficiency: 71% / LogL: -84793
Threads: 4 / Time: 3.288 sec / Speedup: 2.465 / Efficiency: 62% / LogL: -84793
Threads: 5 / Time: 2.420 sec / Speedup: 3.350 / Efficiency: 67% / LogL: -84793
Threads: 6 / Time: 2.875 sec / Speedup: 2.819 / Efficiency: 47% / LogL: -84793
BEST NUMBER OF THREADS: 5

Estimate model parameters (epsilon = 0.100)
1. Initial log-likelihood: -65984.004
2. Current log-likelihood: -65456.897
3. Current log-likelihood: -65452.227
4. Current log-likelihood: -65450.943
5. Current log-likelihood: -65450.498
6. Current log-likelihood: -65450.329
Optimal log-likelihood: -65450.243
Proportion of invariable sites: 0.094
Parameters optimization took 6 rounds (0.301 sec)
Computing ML distances based on estimated model parameters... 1.009 sec
Computing BIONJ tree...
0.008 seconds
Log-likelihood of BIONJ tree: -65449.583
--------------------------------------------------------------------
|             INITIALIZING CANDIDATE TREE SET                      |
--------------------------------------------------------------------
Generating 98 parsimony trees... 6.200 second
Computing log-likelihood of 98 initial trees ... 3.444 seconds
Current best score: -65449.583

Do NNI search on 20 best initial trees
Estimate model parameters (epsilon = 0.100)
BETTER TREE FOUND at iteration 1: -65429.780
Iteration 10 / LogL: -65429.784 / Time: 0h:0m:38s
Iteration 20 / LogL: -65429.931 / Time: 0h:0m:41s
Finish initializing candidate tree set (3)
Current best tree score: -65429.780 / CPU time: 15.018
Number of iterations: 20
--------------------------------------------------------------------
|               OPTIMIZING CANDIDATE TREE SET                      |
--------------------------------------------------------------------
Iteration 30 / LogL: -65429.782 / Time: 0h:0m:44s (0h:1m:49s left)
Iteration 40 / LogL: -65429.783 / Time: 0h:0m:48s (0h:1m:15s left)
Iteration 50 / LogL: -65477.309 / Time: 0h:0m:53s (0h:0m:54s left)
Log-likelihood cutoff on original alignment: -65484.503
Iteration 60 / LogL: -65431.407 / Time: 0h:0m:57s (0h:0m:39s left)
Iteration 70 / LogL: -65456.603 / Time: 0h:1m:0s (0h:0m:26s left)
Iteration 80 / LogL: -65429.790 / Time: 0h:1m:3s (0h:0m:16s left)
Iteration 90 / LogL: -65431.555 / Time: 0h:1m:7s (0h:0m:8s left)
Iteration 100 / LogL: -65429.781 / Time: 0h:1m:10s (0h:0m:0s left)
Log-likelihood cutoff on original alignment: -65484.503
NOTE: Bootstrap correlation coefficient of split occurrence frequencies: 0.999
TREE SEARCH COMPLETED AFTER 102 ITERATIONS / Time: 0h:1m:11s

--------------------------------------------------------------------
|                    FINALIZING TREE SEARCH                        |
--------------------------------------------------------------------
Performs final model parameters optimization
Estimate model parameters (epsilon = 0.010)
1. Initial log-likelihood: -65429.780
Optimal log-likelihood: -65429.773
Proportion of invariable sites: 0.096
Parameters optimization took 1 rounds (0.049 sec)
BEST SCORE FOUND : -65429.773
Creating bootstrap support values...
Split supports printed to NEXUS file /csm_data/spielman_lab/aa_phylo_fit_topology/simulations/alignments/wag_control/HIV_spiralia_rep17_AA.fasta.splits.nex
Total tree length: 22.443

Total number of iterations: 102
CPU time used for tree search: 199.650 sec (0h:3m:19s)
Wall-clock time used for tree search: 45.127 sec (0h:0m:45s)
Total CPU time used: 286.184 sec (0h:4m:46s)
Total wall-clock time used: 71.596 sec (0h:1m:11s)

Computing bootstrap consensus tree...
Reading input file /csm_data/spielman_lab/aa_phylo_fit_topology/simulations/alignments/wag_control/HIV_spiralia_rep17_AA.fasta.splits.nex...
103 taxa and 319 splits.
Consensus tree written to /csm_data/spielman_lab/aa_phylo_fit_topology/simulations/alignments/wag_control/HIV_spiralia_rep17_AA.fasta.contree
Reading input trees file /csm_data/spielman_lab/aa_phylo_fit_topology/simulations/alignments/wag_control/HIV_spiralia_rep17_AA.fasta.contree
Log-likelihood of consensus tree: -65429.773

Analysis results written to: 
  IQ-TREE report:                /csm_data/spielman_lab/aa_phylo_fit_topology/simulations/alignments/wag_control/HIV_spiralia_rep17_AA.fasta.iqtree
  Maximum-likelihood tree:       /csm_data/spielman_lab/aa_phylo_fit_topology/simulations/alignments/wag_control/HIV_spiralia_rep17_AA.fasta.treefile
  Likelihood distances:          /csm_data/spielman_lab/aa_phylo_fit_topology/simulations/alignments/wag_control/HIV_spiralia_rep17_AA.fasta.mldist

Ultrafast bootstrap approximation results written to:
  Split support values:          /csm_data/spielman_lab/aa_phylo_fit_topology/simulations/alignments/wag_control/HIV_spiralia_rep17_AA.fasta.splits.nex
  Consensus tree:                /csm_data/spielman_lab/aa_phylo_fit_topology/simulations/alignments/wag_control/HIV_spiralia_rep17_AA.fasta.contree
  Screen log file:               /csm_data/spielman_lab/aa_phylo_fit_topology/simulations/alignments/wag_control/HIV_spiralia_rep17_AA.fasta.log

Date and Time: Sat Feb  1 23:01:52 2020
