IQ-TREE multicore version 1.6.7 for Linux 64-bit built Aug 23 2018
Developed by Bui Quang Minh, Nguyen Lam Tung, Olga Chernomor,
Heiko Schmidt, Dominik Schrempf, Michael Woodhams.

Host:    csm-com-005 (AVX2, FMA3, 62 GB RAM)
Command: iqtree -quiet -nt AUTO -ntmax 8 -m GTR20 -s /csm_data/spielman_lab/aa_phylo_fit_topology/simulations/alignments/wag_control/HIV_spiralia_rep2_AA.fasta -st AA -redo -bb 1000
Seed:    311021 (Using SPRNG - Scalable Parallel Random Number Generator)
Time:    Sat Feb  1 16:55:54 2020
Kernel:  AVX+FMA - auto-detect threads (48 CPU cores detected)

Reading alignment file /csm_data/spielman_lab/aa_phylo_fit_topology/simulations/alignments/wag_control/HIV_spiralia_rep2_AA.fasta ... Fasta format detected
Alignment most likely contains protein sequences
Alignment has 103 sequences with 661 columns, 614 distinct patterns
558 parsimony-informative, 38 singleton sites, 65 constant sites
                                Gap/Ambiguity  Composition  p-value
   1  Adineta_vaga                      0.00%    passed     99.37%
   2  Rotaria_rotatoria                 0.00%    passed     98.91%
   3  Lepadella_patella                 0.00%    passed     96.27%
   4  Brachionus_plicatilis             0.00%    passed     98.34%
   5  Brachionus_manjavacas             0.00%    passed     98.27%
   6  Rhabdopleura_compacta             0.00%    passed     99.99%
   7  Ptychodera_flava                  0.00%    passed     98.98%
   8  SchizocardiumCalif_cl             0.00%    passed     98.88%
   9  Sackow                            0.00%    passed     99.66%
  10  Patmin                            0.00%    passed     99.69%
  11  Parastichopus_parvimensis         0.00%    passed     99.91%
  12  Strpur                            0.00%    passed     99.91%
  13  Florometra_serratissima           0.00%    passed    100.00%
  14  Calmil                            0.00%    passed     99.98%
  15  HUMAN                             0.00%    passed     94.98%
  16  LATCH                             0.00%    passed     99.86%
  17  LEPOC                             0.00%    passed     99.74%
  18  Petromyzon_marins                 0.00%    passed     99.61%
  19  Halocynthia_roretzi               0.00%    passed     97.30%
  20  Molgula_tectiformis               0.00%    passed     83.83%
  21  CIOIN                             0.00%    passed     98.58%
  22  Asymmetron_lucayanum              0.00%    passed     99.97%
  23  BraLan                            0.00%    passed     99.37%
  24  Leucoselenia_complicata           0.00%    passed     98.16%
  25  Sycon_ciliatum                    0.00%    passed     99.74%
  26  Oscarella_carmella                0.00%    passed     98.41%
  27  AMPQE                             0.00%    passed     84.07%
  28  Ephidatia_mulleri                 0.00%    passed     96.36%
  29  NEMVE                             0.00%    passed     99.89%
  30  Acropora_digitifera               0.00%    passed     98.89%
  31  Aurelia_aurita                    0.00%    passed     99.97%
  32  Clytia_hemisphaerica              0.00%    passed     99.23%
  33  Isodiametra_pulchra               0.00%    passed     99.98%
  34  Childia_submaculatum              0.00%    passed     99.97%
  35  Diopisthoporus_gymnopharyngeus    0.00%    passed     91.21%
  36  Hofstenia_miamia                  0.00%    passed     99.30%
  37  Meara_stichopi                    0.00%    passed     76.10%
  38  Nemertoderma_westbladi            0.00%    passed     98.62%
  39  Xenoturbella_profunda             0.00%    passed     99.35%
  40  Xenoturbella_bocki                0.00%    passed     94.30%
  41  TRICA                             0.00%    passed     99.49%
  42  DROME                             0.00%    passed     99.92%
  43  Apis_mellifera                    0.00%    passed     99.72%
  44  Daphnia_pulex                     0.00%    passed     90.18%
  45  Eudigraphis_taiwaniensis          0.00%    passed     97.94%
  46  STRMM                             0.00%    passed     99.94%
  47  Mesobuthus_martensii              0.00%    passed     99.80%
  48  Limulus_polyphemus                0.00%    passed     99.83%
  49  Peripatopsis_capensis             0.00%    passed     99.90%
  50  Enoplus_brevis                    0.00%    passed     99.80%
  51  Romanomermis_culicivorax          0.00%    passed     98.97%
  52  Ramazzottius_varieornatus         0.00%    passed     97.71%
  53  Hypsibius_dujardini               0.00%    passed     96.61%
  54  Priapulus_caudatus                0.00%    passed    100.00%
  55  Halicryptus_spinulosus            0.00%    passed     99.98%
  56  Tubiluchus_corallicola            0.00%    passed     98.77%
  57  Lepidodermella_squamata           0.00%    passed     98.10%
  58  Diuronotus_aspetos                0.00%    passed     73.96%
  59  Macrodasys_sp                     0.00%    passed     83.79%
  60  Megadasys_sp                      0.00%    passed     97.13%
  61  Catenulida_sp                     0.00%    passed     88.61%
  62  Stylochoplana_maculata            0.00%    passed     98.78%
  63  Stylochus_ellipticus              0.00%    passed     97.68%
  64  Macrostomum_lignano               0.00%    passed     90.29%
  65  LOTGI                             0.00%    passed     98.88%
  66  Aplysia_californica               0.00%    passed     99.42%
  67  CRAGI                             0.00%    passed     97.54%
  68  Leptochiton_rugatus               0.00%    passed     99.91%
  69  Neomenia_megatrapezata            0.00%    passed     93.83%
  70  CAPI1                             0.00%    passed     99.42%
  71  Lumbricus_terrestris              0.00%    passed     99.70%
  72  Nephtys_caeca                     0.00%    passed     99.98%
  73  Owenia_fusiformis                 0.00%    passed     99.82%
  74  Lineus_longissimus                0.00%    passed     98.28%
  75  Paranemertes_peregrina            0.00%    passed     91.22%
  76  Malacobdella_grossa               0.00%    passed     81.75%
  77  Tubulanus_polymorphus             0.00%    passed     99.46%
  78  Cephalothrix_linearis             0.00%    passed     99.99%
  79  Hemithiris_psittacea              0.00%    passed    100.00%
  80  Terebratalia_transversa           0.00%    passed    100.00%
  81  Glottidia_pyramidata              0.00%    passed     99.99%
  82  Linana                            0.00%    passed    100.00%
  83  Phoronopsis_harmeri               0.00%    passed     99.92%
  84  Phoronis_vancouverensis           0.00%    passed     99.98%
  85  Phoronis_psammophila              0.00%    passed     99.93%
  86  Membranipora_membranacea          0.00%    passed     99.90%
  87  Bugula_neritina                   0.00%    passed     99.78%
  88  Loxosoma_pectinaricola            0.00%    passed     95.41%
  89  Barentsia_gracilis                0.00%    passed     99.87%
  90  Sagitta_gazellae                  0.00%    passed     99.89%
  91  Sagitta_setosa                    0.00%    passed     95.11%
  92  Pterosagitta_draco                0.00%    passed     98.84%
  93  Sagitta_elegans                   0.00%    passed     99.42%
  94  Sagitta_serratodentata            0.00%    passed     99.38%
  95  Sagitta_hexaptera                 0.00%    passed     99.93%
  96  Krohnitta_sp                      0.00%    passed     98.94%
  97  Paraspadella_ovovivipara          0.00%    passed     99.18%
  98  Pargo1                            0.00%    passed     98.94%
  99  Spadella_cephaloptera             0.00%    passed     99.80%
 100  Eukrohnia_hamata                  0.00%    passed     96.90%
 101  Gnathostomula_paradoxa            0.00%    passed     99.62%
 102  Austrognathia_sp                  0.00%    passed     99.66%
 103  Limnognathia_maerski              0.00%    passed     96.93%
****  TOTAL                             0.00%  0 sequences failed composition chi2 test (p-value<5%; df=19)

Create initial parsimony tree by phylogenetic likelihood library (PLL)... 0.076 seconds
Generating 1000 samples for ultrafast bootstrap (seed: 311021)...
WARNING: GTR20 model will estimate 189 substitution rates that might be overfitting!
WARNING: Please only use GTR20 with very large data and always test for model fit!

NOTE: 12 MB RAM (0 GB) is required!
Measuring multi-threading efficiency up to 8 CPU cores
Increase to 10 rounds for branch lengths
30 trees examined
Threads: 1 / Time: 8.228 sec / Speedup: 1.000 / Efficiency: 100% / LogL: -85767
Threads: 2 / Time: 5.483 sec / Speedup: 1.501 / Efficiency: 75% / LogL: -85767
Threads: 3 / Time: 3.914 sec / Speedup: 2.102 / Efficiency: 70% / LogL: -85767
Threads: 4 / Time: 3.317 sec / Speedup: 2.481 / Efficiency: 62% / LogL: -85767
Threads: 5 / Time: 2.824 sec / Speedup: 2.913 / Efficiency: 58% / LogL: -85767
Threads: 6 / Time: 2.626 sec / Speedup: 3.134 / Efficiency: 52% / LogL: -85767
Threads: 7 / Time: 2.371 sec / Speedup: 3.470 / Efficiency: 50% / LogL: -85767
BEST NUMBER OF THREADS: 6

Estimate model parameters (epsilon = 0.100)
1. Initial log-likelihood: -65734.208
2. Current log-likelihood: -64304.480
3. Current log-likelihood: -64290.221
4. Current log-likelihood: -64289.957
Optimal log-likelihood: -64289.871
Parameters optimization took 4 rounds (13.979 sec)
Computing ML distances based on estimated model parameters... 0.807 sec
Computing BIONJ tree...
0.008 seconds
Log-likelihood of BIONJ tree: -64293.320
--------------------------------------------------------------------
|             INITIALIZING CANDIDATE TREE SET                      |
--------------------------------------------------------------------
Generating 98 parsimony trees... 5.899 second
Computing log-likelihood of 98 initial trees ... 3.305 seconds
Current best score: -64270.130

Do NNI search on 20 best initial trees
Estimate model parameters (epsilon = 0.100)
BETTER TREE FOUND at iteration 1: -64249.329
Iteration 10 / LogL: -64266.568 / Time: 0h:0m:57s
Iteration 20 / LogL: -64266.568 / Time: 0h:0m:58s
Finish initializing candidate tree set (4)
Current best tree score: -64249.329 / CPU time: 15.843
Number of iterations: 20
--------------------------------------------------------------------
|               OPTIMIZING CANDIDATE TREE SET                      |
--------------------------------------------------------------------
Iteration 30 / LogL: -64249.436 / Time: 0h:1m:2s (0h:2m:31s left)
Iteration 40 / LogL: -64249.442 / Time: 0h:1m:5s (0h:1m:41s left)
Iteration 50 / LogL: -64249.491 / Time: 0h:1m:8s (0h:1m:11s left)
Log-likelihood cutoff on original alignment: -64300.234
Iteration 60 / LogL: -64259.460 / Time: 0h:1m:12s (0h:0m:49s left)
Iteration 70 / LogL: -64266.611 / Time: 0h:1m:15s (0h:0m:33s left)
Iteration 80 / LogL: -64249.417 / Time: 0h:1m:18s (0h:0m:20s left)
Iteration 90 / LogL: -64266.559 / Time: 0h:1m:21s (0h:0m:10s left)
Iteration 100 / LogL: -64249.359 / Time: 0h:1m:24s (0h:0m:0s left)
Log-likelihood cutoff on original alignment: -64300.234
NOTE: Bootstrap correlation coefficient of split occurrence frequencies: 1.000
TREE SEARCH COMPLETED AFTER 102 ITERATIONS / Time: 0h:1m:25s

--------------------------------------------------------------------
|                    FINALIZING TREE SEARCH                        |
--------------------------------------------------------------------
Performs final model parameters optimization
Estimate model parameters (epsilon = 0.010)
1. Initial log-likelihood: -64249.329
2. Current log-likelihood: -64249.208
3. Current log-likelihood: -64249.168
Optimal log-likelihood: -64249.158
Parameters optimization took 3 rounds (1.951 sec)
BEST SCORE FOUND : -64249.158
Creating bootstrap support values...
Split supports printed to NEXUS file /csm_data/spielman_lab/aa_phylo_fit_topology/simulations/alignments/wag_control/HIV_spiralia_rep2_AA.fasta.splits.nex
Total tree length: 20.580

Total number of iterations: 102
CPU time used for tree search: 223.243 sec (0h:3m:43s)
Wall-clock time used for tree search: 42.294 sec (0h:0m:42s)
Total CPU time used: 423.382 sec (0h:7m:3s)
Total wall-clock time used: 87.689 sec (0h:1m:27s)

Computing bootstrap consensus tree...
Reading input file /csm_data/spielman_lab/aa_phylo_fit_topology/simulations/alignments/wag_control/HIV_spiralia_rep2_AA.fasta.splits.nex...
103 taxa and 318 splits.
Consensus tree written to /csm_data/spielman_lab/aa_phylo_fit_topology/simulations/alignments/wag_control/HIV_spiralia_rep2_AA.fasta.contree
Reading input trees file /csm_data/spielman_lab/aa_phylo_fit_topology/simulations/alignments/wag_control/HIV_spiralia_rep2_AA.fasta.contree
Log-likelihood of consensus tree: -64249.158

Analysis results written to: 
  IQ-TREE report:                /csm_data/spielman_lab/aa_phylo_fit_topology/simulations/alignments/wag_control/HIV_spiralia_rep2_AA.fasta.iqtree
  Maximum-likelihood tree:       /csm_data/spielman_lab/aa_phylo_fit_topology/simulations/alignments/wag_control/HIV_spiralia_rep2_AA.fasta.treefile
  Likelihood distances:          /csm_data/spielman_lab/aa_phylo_fit_topology/simulations/alignments/wag_control/HIV_spiralia_rep2_AA.fasta.mldist

Ultrafast bootstrap approximation results written to:
  Split support values:          /csm_data/spielman_lab/aa_phylo_fit_topology/simulations/alignments/wag_control/HIV_spiralia_rep2_AA.fasta.splits.nex
  Consensus tree:                /csm_data/spielman_lab/aa_phylo_fit_topology/simulations/alignments/wag_control/HIV_spiralia_rep2_AA.fasta.contree
  Screen log file:               /csm_data/spielman_lab/aa_phylo_fit_topology/simulations/alignments/wag_control/HIV_spiralia_rep2_AA.fasta.log

Date and Time: Sat Feb  1 16:57:22 2020
