IQ-TREE multicore version 1.6.7 for Linux 64-bit built Aug 23 2018
Developed by Bui Quang Minh, Nguyen Lam Tung, Olga Chernomor,
Heiko Schmidt, Dominik Schrempf, Michael Woodhams.

Host:    csm-com-009 (AVX2, FMA3, 62 GB RAM)
Command: iqtree -quiet -nt AUTO -ntmax 8 -m GTR20 -s /csm_data/spielman_lab/aa_phylo_fit_topology/simulations/alignments/wag_control/HIV_andersen_rep9_AA.fasta -st AA -redo -bb 1000
Seed:    123658 (Using SPRNG - Scalable Parallel Random Number Generator)
Time:    Sat Feb  1 17:41:07 2020
Kernel:  AVX+FMA - auto-detect threads (48 CPU cores detected)

Reading alignment file /csm_data/spielman_lab/aa_phylo_fit_topology/simulations/alignments/wag_control/HIV_andersen_rep9_AA.fasta ... Fasta format detected
Alignment most likely contains protein sequences
Alignment has 179 sequences with 661 columns, 546 distinct patterns
450 parsimony-informative, 78 singleton sites, 133 constant sites
                      Gap/Ambiguity  Composition  p-value
   1  BA366-S-GIN-2003        0.00%    passed     85.74%
   2  G502-S-SLE-2009         0.00%    passed     99.88%
   3  G1180-S-SLE-2010        0.00%    passed     99.89%
   4  G2147-S-SLE-2011        0.00%    passed     99.57%
   5  G2165-S-SLE-2011        0.00%    passed     99.23%
   6  LM222-S-SLE-2010        0.00%    passed     99.96%
   7  LM774-S-SLE-2012        0.00%    passed     99.87%
   8  LM778-S-SLE-2012        0.00%    passed     99.87%
   9  G2184-S-SLE-2011        0.00%    passed     99.87%
  10  LM776-S-SLE-2012        0.00%    passed     99.89%
  11  G503-S-SLE-2009         0.00%    passed     99.88%
  12  G2318-S-SLE-2012        0.00%    passed     99.24%
  13  G1959-S-SLE-2011        0.00%    passed     99.34%
  14  G3010-S-SLE-2013        0.00%    passed     99.68%
  15  G610-S-SLE-2009         0.00%    passed     99.99%
  16  G693-S-SLE-2009         0.00%    passed     99.99%
  17  G771-S-SLE-2010         0.00%    passed     99.98%
  18  G1792-S-SLE-2011        0.00%    passed     99.98%
  19  G1960-S-SLE-2011        0.00%    passed     99.96%
  20  G2565-S-SLE-2012        0.00%    passed     99.98%
  21  G2197-S-SLE-2011        0.00%    passed     99.73%
  22  LM032-S-SLE-2010        0.00%    passed     99.89%
  23  Josiah-S-SLE-1976       0.00%    passed     99.84%
  24  G808-S-SLE-2010         0.00%    passed     99.81%
  25  G2868-S-SLE-2012        0.00%    passed     99.53%
  26  G676-S-SLE-2009         0.00%    passed     99.27%
  27  G2405-S-SLE-2012        0.00%    passed     99.21%
  28  G1190-S-SLE-2010        0.00%    passed     99.11%
  29  G2944-S-SLE-2012        0.00%    passed     99.68%
  30  LM765-S-SLE-2012        0.00%    passed     99.56%
  31  G3148-S-SLE-2013        0.00%    passed     99.09%
  32  Z0947-S-SLE-2011        0.00%    passed     99.33%
  33  Z0948-S-SLE-2011        0.00%    passed     99.33%
  34  G1727-S-SLE-2011        0.00%    passed     98.24%
  35  G1647-S-SLE-2011        0.00%    passed     99.22%
  36  G2295-S-SLE-2012        0.00%    passed     98.91%
  37  G2587-S-SLE-2012        0.00%    passed     98.91%
  38  G2280-S-SLE-2012        0.00%    passed     99.62%
  39  G3016-S-SLE-2013        0.00%    passed     98.22%
  40  G3106-S-SLE-2013        0.00%    passed     98.22%
  41  G2612-S-SLE-2012        0.00%    passed     99.00%
  42  LM779-S-SLE-2012        0.00%    passed     98.45%
  43  G692-S-SLE-2009         0.00%    passed     99.61%
  44  LM395-S-SLE-2009        0.00%    passed     99.75%
  45  G1774-S-SLE-2011        0.00%    passed     98.60%
  46  G2222-S-SLE-2011        0.00%    passed     99.07%
  47  G636-S-SLE-2009         0.00%    passed     99.48%
  48  G2315-S-SLE-2012        0.00%    passed     99.56%
  49  G2903-S-SLE-2012        0.00%    passed     98.31%
  50  G3206-S-SLE-2013        0.00%    passed     98.36%
  51  G733-S-SLE-2010         0.00%    passed     99.95%
  52  G2554-S-SLE-2012        0.00%    passed     99.82%
  53  G1618-S-SLE-2011        0.00%    passed     99.74%
  54  G1646-S-SLE-2011        0.00%    passed     99.51%
  55  G2427-S-SLE-2012        0.00%    passed     99.56%
  56  G2392-S-SLE-2012        0.00%    passed    100.00%
  57  G3229-S-SLE-2013        0.00%    passed    100.00%
  58  G3151-S-SLE-2013        0.00%    passed    100.00%
  59  G3248-S-SLE-2013        0.00%    passed    100.00%
  60  G3170-S-SLE-2013        0.00%    passed    100.00%
  61  NL-S-SLE-2000           0.00%    passed     98.58%
  62  G2263-S-SLE-2012        0.00%    passed     99.70%
  63  G2431-S-SLE-2012        0.00%    passed     97.76%
  64  G1442-S-SLE-2011        0.00%    passed     88.54%
  65  G2141-S-SLE-2011        0.00%    passed     99.38%
  66  G1529-S-SLE-2011        0.00%    passed     93.60%
  67  G3234-S-SLE-2013        0.00%    passed     87.34%
  68  G2363-S-SLE-2012        0.00%    passed     86.98%
  69  G2259-S-SLE-2012        0.00%    passed     97.18%
  70  G2723-S-SLE-2012        0.00%    passed     99.18%
  71  G3278-S-SLE-2013        0.00%    passed     97.92%
  72  G2557-S-SLE-2012        0.00%    passed     99.83%
  73  G2615-S-SLE-2012        0.00%    passed     99.43%
  74  G1200-S-LIB-2010        0.00%    passed     88.19%
  75  Macenta-S-GIN-1982      0.00%    passed     99.94%
  76  Z148-S-LIB-1981         0.00%    passed     99.93%
  77  AV-S-CIV-1999           0.00%    passed     55.41%
  78  Nig08-A18-S-NIG-2008    0.00%    passed     96.37%
  79  Nig08-A19-S-NIG-2008    0.00%    passed     97.43%
  80  CSF-S-NIG-2001          0.00%    passed     92.20%
  81  ISTH0009-S-NIG-2011     0.00%    passed     99.95%
  82  LASV979-S-NIG-2009      0.00%    passed     99.98%
  83  LASV237-S-NIG-2010      0.00%    passed     99.97%
  84  LASV711-S-NIG-2009      0.00%    passed     99.97%
  85  LASV992-S-NIG-2009      0.00%    passed     99.97%
  86  ISTH0230-S-NIG-2011     0.00%    passed     99.97%
  87  LASV975-S-NIG-2009      0.00%    passed     99.88%
  88  ISTH2061-S-NIG-2012     0.00%    passed     99.95%
  89  Nig08-A41-S-NIG-2008    0.00%    passed     99.97%
  90  ISTH2217-S-NIG-2012     0.00%    passed    100.00%
  91  ISTH1064-S-NIG-2011     0.00%    passed    100.00%
  92  ISTH2334-S-NIG-2012     0.00%    passed    100.00%
  93  LASV245-S-NIG-2011      0.00%    passed    100.00%
  94  LASV1011-S-NIG-2009     0.00%    passed     99.76%
  95  ISTH2312-S-NIG-2012     0.00%    passed     99.99%
  96  LASV1000-S-NIG-2009     0.00%    passed     99.90%
  97  ISTH2010-S-NIG-2012     0.00%    passed     99.88%
  98  ISTH2016-S-NIG-2012     0.00%    passed     99.84%
  99  Nig08-A37-S-NIG-2008    0.00%    passed     99.93%
 100  LASV737-S-NIG-2009      0.00%    passed     99.89%
 101  LASV719-S-NIG-2009      0.00%    passed     99.87%
 102  LASV046-S-NIG-2009      0.00%    passed     99.83%
 103  ISTH2042-S-NIG-2012     0.00%    passed     99.84%
 104  LASV274-S-NIG-2010      0.00%    passed     99.87%
 105  LASV263-S-NIG-2011      0.00%    passed     99.62%
 106  ISTH1137-S-NIG-2011     0.00%    passed     99.98%
 107  LASV976-S-NIG-2009      0.00%    passed     99.99%
 108  LASV1016-S-NIG-2009     0.00%    passed     99.99%
 109  LASV229-S-NIG-2010      0.00%    passed     99.93%
 110  ISTH2129-S-NIG-2012     0.00%    passed     99.89%
 111  ISTH2057-S-NIG-2012     0.00%    passed     99.67%
 112  LASV058-S-NIG-2008      0.00%    passed     99.78%
 113  ISTH1038-S-NIG-2011     0.00%    passed    100.00%
 114  LASV056-S-NIG-2008      0.00%    passed     99.48%
 115  LASV042-S-NIG-2009      0.00%    passed     99.94%
 116  LASV981-S-NIG-2009      0.00%    passed     99.98%
 117  LASV256-S-NIG-2010      0.00%    passed     99.97%
 118  LASV052-S-NIG-2008      0.00%    passed     99.93%
 119  LASV063-S-NIG-2009      0.00%    passed     99.97%
 120  ISTH0595-S-NIG-2011     0.00%    passed     98.05%
 121  ISTH1096-S-NIG-2012     0.00%    passed     99.94%
 122  LASV221-S-NIG-2010      0.00%    passed     99.90%
 123  LASV977-S-NIG-2009      0.00%    passed     99.92%
 124  LASV971-S-NIG-2009      0.00%    passed     99.93%
 125  LASV967-S-NIG-2009      0.00%    passed     99.79%
 126  ISTH2050-S-NIG-2012     0.00%    passed     99.69%
 127  ISTH2031-S-NIG-2012     0.00%    passed     99.18%
 128  ISTH2376-S-NIG-2012     0.00%    passed     99.14%
 129  LASV991-S-NIG-2009      0.00%    passed     99.99%
 130  LASV267-S-NIG-2010      0.00%    passed     99.99%
 131  LASV049-S-NIG-2009      0.00%    passed    100.00%
 132  LASV239-S-NIG-2010      0.00%    passed     99.88%
 133  ISTH2037-S-NIG-2012     0.00%    passed     99.95%
 134  ISTH1069-S-NIG-2011     0.00%    passed     99.86%
 135  ISTH1129-S-NIG-2012     0.00%    passed     99.97%
 136  ISTH2304-S-NIG-2012     0.00%    passed     99.93%
 137  LASV246-S-NIG-2010      0.00%    passed     99.96%
 138  ISTH1111-S-NIG-2011     0.00%    passed     99.99%
 139  LASV006-S-NIG-2008      0.00%    passed    100.00%
 140  ISTH0531-S-NIG-2011     0.00%    passed     99.98%
 141  LASV254-S-NIG-2011      0.00%    passed     99.98%
 142  ISTH2358-S-NIG-2012     0.00%    passed     99.91%
 143  LASV966-S-NIG-2009      0.00%    passed     99.93%
 144  ISTH1058-S-NIG-2011     0.00%    passed    100.00%
 145  LASV241-S-NIG-2011      0.00%    passed     99.99%
 146  LASV271-S-NIG-2010      0.00%    passed     99.99%
 147  Nig08-A47-S-NIG-2008    0.00%    passed     99.95%
 148  ISTH0012-S-NIG-2011     0.00%    passed     99.97%
 149  LASV993-S-NIG-2009      0.00%    passed     99.98%
 150  ISTH2046-S-NIG-2012     0.00%    passed     99.99%
 151  LASV1008-S-NIG-2009     0.00%    passed     99.99%
 152  ISTH2020-S-NIG-2012     0.00%    passed    100.00%
 153  LASV003-S-NIG-2008      0.00%    passed    100.00%
 154  LASV242-S-NIG-2010      0.00%    passed    100.00%
 155  LASV253-S-NIG-2011      0.00%    passed    100.00%
 156  LASV982-S-NIG-2009      0.00%    passed    100.00%
 157  LASV251-S-NIG-2010      0.00%    passed     99.98%
 158  LASV989-S-NIG-2009      0.00%    passed     99.86%
 159  ISTH0047-S-NIG-2011     0.00%    passed     99.89%
 160  LASV990-S-NIG-2009      0.00%    passed     99.97%
 161  ISTH1003-S-NIG-2011     0.00%    passed     99.97%
 162  ISTH0073-S-NIG-2011     0.00%    passed     99.98%
 163  ISTH2316-S-NIG-2012     0.00%    passed     99.98%
 164  LASV225-S-NIG-2010      0.00%    passed    100.00%
 165  LASV978-S-NIG-2009      0.00%    passed     99.99%
 166  ISTH1048-S-NIG-2011     0.00%    passed     99.96%
 167  LASV045-S-NIG-2009      0.00%    passed     99.98%
 168  ISTH2025-S-NIG-2012     0.00%    passed     99.97%
 169  LASV250-S-NIG-2011      0.00%    passed    100.00%
 170  LASV1015-S-NIG-2009     0.00%    passed    100.00%
 171  LASV035-S-NIG-2009      0.00%    passed     99.98%
 172  ISTH1107-S-NIG-2012     0.00%    passed     99.97%
 173  ISTH2271-S-NIG-2012     0.00%    passed     99.99%
 174  ISTH1121-S-NIG-2012     0.00%    passed     99.97%
 175  ISTH2065-S-NIG-2012     0.00%    passed     99.44%
 176  ISTH2066-S-NIG-2012     0.00%    passed     99.44%
 177  ISTH2094-S-NIG-2012     0.00%    passed     92.93%
 178  Nig08-04-S-NIG-2008     0.00%    passed     93.65%
 179  Pinneo-S-NIG-1969       0.00%    passed     96.26%
****  TOTAL                   0.00%  0 sequences failed composition chi2 test (p-value<5%; df=19)
NOTE: LM778-S-SLE-2012 is identical to LM774-S-SLE-2012 but kept for subsequent analysis
NOTE: G693-S-SLE-2009 is identical to G610-S-SLE-2009 but kept for subsequent analysis
NOTE: G2565-S-SLE-2012 is identical to G1792-S-SLE-2011 but kept for subsequent analysis
NOTE: Z0948-S-SLE-2011 is identical to Z0947-S-SLE-2011 but kept for subsequent analysis
NOTE: G2587-S-SLE-2012 is identical to G2295-S-SLE-2012 but kept for subsequent analysis
NOTE: G3106-S-SLE-2013 is identical to G3016-S-SLE-2013 but kept for subsequent analysis
NOTE: G3248-S-SLE-2013 is identical to G3151-S-SLE-2013 but kept for subsequent analysis
NOTE: ISTH0230-S-NIG-2011 is identical to LASV711-S-NIG-2009 but kept for subsequent analysis
NOTE: LASV1015-S-NIG-2009 is identical to LASV250-S-NIG-2011 but kept for subsequent analysis
NOTE: ISTH2066-S-NIG-2012 is identical to ISTH2065-S-NIG-2012 but kept for subsequent analysis
NOTE: 1 identical sequences (see below) will be ignored for subsequent analysis
NOTE: G3170-S-SLE-2013 (identical to G3151-S-SLE-2013) is ignored but added at the end

For your convenience alignment with unique sequences printed to /csm_data/spielman_lab/aa_phylo_fit_topology/simulations/alignments/wag_control/HIV_andersen_rep9_AA.fasta.uniqueseq.phy

Create initial parsimony tree by phylogenetic likelihood library (PLL)... 0.065 seconds
Generating 1000 samples for ultrafast bootstrap (seed: 123658)...
WARNING: GTR20 model will estimate 189 substitution rates that might be overfitting!
WARNING: Please only use GTR20 with very large data and always test for model fit!

NOTE: 17 MB RAM (0 GB) is required!
Measuring multi-threading efficiency up to 8 CPU cores
Increase to 10 rounds for branch lengths
17 trees examined
Threads: 1 / Time: 8.016 sec / Speedup: 1.000 / Efficiency: 100% / LogL: -103230
Threads: 2 / Time: 4.488 sec / Speedup: 1.786 / Efficiency: 89% / LogL: -103230
Threads: 3 / Time: 3.265 sec / Speedup: 2.455 / Efficiency: 82% / LogL: -103230
Threads: 4 / Time: 2.683 sec / Speedup: 2.987 / Efficiency: 75% / LogL: -103230
Threads: 5 / Time: 2.722 sec / Speedup: 2.945 / Efficiency: 59% / LogL: -103230
Threads: 6 / Time: 2.691 sec / Speedup: 2.979 / Efficiency: 50% / LogL: -103230
BEST NUMBER OF THREADS: 4

Estimate model parameters (epsilon = 0.100)
1. Initial log-likelihood: -26535.238
2. Current log-likelihood: -26032.633
3. Current log-likelihood: -26014.775
4. Current log-likelihood: -26011.928
5. Current log-likelihood: -26011.405
Optimal log-likelihood: -26011.394
Parameters optimization took 5 rounds (78.179 sec)
Computing ML distances based on estimated model parameters... 2.199 sec
Computing BIONJ tree...
0.024 seconds
Log-likelihood of BIONJ tree: -26189.536
--------------------------------------------------------------------
|             INITIALIZING CANDIDATE TREE SET                      |
--------------------------------------------------------------------
Generating 98 parsimony trees... 6.996 second
Computing log-likelihood of 98 initial trees ... 5.217 seconds
Current best score: -25998.198

Do NNI search on 20 best initial trees
Estimate model parameters (epsilon = 0.100)
BETTER TREE FOUND at iteration 1: -25995.369
BETTER TREE FOUND at iteration 2: -25995.369
Iteration 10 / LogL: -26001.044 / Time: 0h:2m:7s
BETTER TREE FOUND at iteration 17: -25995.369
Iteration 20 / LogL: -26000.788 / Time: 0h:2m:12s
Finish initializing candidate tree set (20)
Current best tree score: -25995.369 / CPU time: 29.639
Number of iterations: 20
--------------------------------------------------------------------
|               OPTIMIZING CANDIDATE TREE SET                      |
--------------------------------------------------------------------
UPDATE BEST LOG-LIKELIHOOD: -25995.369
Iteration 30 / LogL: -25995.369 / Time: 0h:2m:19s (0h:6m:56s left)
BETTER TREE FOUND at iteration 33: -25995.368
Iteration 40 / LogL: -25995.369 / Time: 0h:2m:25s (0h:5m:46s left)
Iteration 50 / LogL: -25997.090 / Time: 0h:2m:31s (0h:4m:16s left)
Log-likelihood cutoff on original alignment: -26030.252
Iteration 60 / LogL: -26007.126 / Time: 0h:2m:38s (0h:3m:16s left)
BETTER TREE FOUND at iteration 62: -25995.367
BETTER TREE FOUND at iteration 65: -25995.367
Iteration 70 / LogL: -25995.367 / Time: 0h:2m:45s (0h:3m:47s left)
Iteration 80 / LogL: -25995.368 / Time: 0h:2m:51s (0h:3m:4s left)
BETTER TREE FOUND at iteration 85: -25995.367
Iteration 90 / LogL: -25995.368 / Time: 0h:2m:58s (0h:3m:10s left)
Iteration 100 / LogL: -25995.368 / Time: 0h:3m:4s (0h:2m:38s left)
Log-likelihood cutoff on original alignment: -26030.501
NOTE: Bootstrap correlation coefficient of split occurrence frequencies: 0.998
Iteration 110 / LogL: -26022.753 / Time: 0h:3m:11s (0h:2m:38s left)
BETTER TREE FOUND at iteration 116: -25995.367
Iteration 120 / LogL: -25995.368 / Time: 0h:3m:18s (0h:2m:39s left)
Iteration 130 / LogL: -25999.593 / Time: 0h:3m:24s (0h:2m:16s left)
Iteration 140 / LogL: -25995.367 / Time: 0h:3m:30s (0h:1m:55s left)
Iteration 150 / LogL: -25996.390 / Time: 0h:3m:36s (0h:1m:35s left)
Log-likelihood cutoff on original alignment: -26030.856
Iteration 160 / LogL: -25995.367 / Time: 0h:3m:43s (0h:1m:18s left)
Iteration 170 / LogL: -25995.368 / Time: 0h:3m:49s (0h:1m:2s left)
Iteration 180 / LogL: -26022.155 / Time: 0h:3m:55s (0h:0m:47s left)
Iteration 190 / LogL: -25995.367 / Time: 0h:4m:1s (0h:0m:33s left)
Iteration 200 / LogL: -25999.316 / Time: 0h:4m:7s (0h:0m:19s left)
Log-likelihood cutoff on original alignment: -26030.856
NOTE: Bootstrap correlation coefficient of split occurrence frequencies: 0.999
Iteration 210 / LogL: -25997.092 / Time: 0h:4m:14s (0h:1m:49s left)
TREE SEARCH COMPLETED AFTER 217 ITERATIONS / Time: 0h:4m:18s

--------------------------------------------------------------------
|                    FINALIZING TREE SEARCH                        |
--------------------------------------------------------------------
Performs final model parameters optimization
Estimate model parameters (epsilon = 0.010)
1. Initial log-likelihood: -25995.367
2. Current log-likelihood: -25995.331
3. Current log-likelihood: -25995.282
4. Current log-likelihood: -25995.268
Optimal log-likelihood: -25995.266
Parameters optimization took 4 rounds (14.535 sec)
BEST SCORE FOUND : -25995.266
Creating bootstrap support values...
Split supports printed to NEXUS file /csm_data/spielman_lab/aa_phylo_fit_topology/simulations/alignments/wag_control/HIV_andersen_rep9_AA.fasta.splits.nex
Total tree length: 6.116

Total number of iterations: 217
CPU time used for tree search: 593.565 sec (0h:9m:53s)
Wall-clock time used for tree search: 155.299 sec (0h:2m:35s)
Total CPU time used: 1046.398 sec (0h:17m:26s)
Total wall-clock time used: 273.376 sec (0h:4m:33s)

Computing bootstrap consensus tree...
Reading input file /csm_data/spielman_lab/aa_phylo_fit_topology/simulations/alignments/wag_control/HIV_andersen_rep9_AA.fasta.splits.nex...
178 taxa and 890 splits.
Consensus tree written to /csm_data/spielman_lab/aa_phylo_fit_topology/simulations/alignments/wag_control/HIV_andersen_rep9_AA.fasta.contree
Reading input trees file /csm_data/spielman_lab/aa_phylo_fit_topology/simulations/alignments/wag_control/HIV_andersen_rep9_AA.fasta.contree
Log-likelihood of consensus tree: -25995.268

Analysis results written to: 
  IQ-TREE report:                /csm_data/spielman_lab/aa_phylo_fit_topology/simulations/alignments/wag_control/HIV_andersen_rep9_AA.fasta.iqtree
  Maximum-likelihood tree:       /csm_data/spielman_lab/aa_phylo_fit_topology/simulations/alignments/wag_control/HIV_andersen_rep9_AA.fasta.treefile
  Likelihood distances:          /csm_data/spielman_lab/aa_phylo_fit_topology/simulations/alignments/wag_control/HIV_andersen_rep9_AA.fasta.mldist

Ultrafast bootstrap approximation results written to:
  Split support values:          /csm_data/spielman_lab/aa_phylo_fit_topology/simulations/alignments/wag_control/HIV_andersen_rep9_AA.fasta.splits.nex
  Consensus tree:                /csm_data/spielman_lab/aa_phylo_fit_topology/simulations/alignments/wag_control/HIV_andersen_rep9_AA.fasta.contree
  Screen log file:               /csm_data/spielman_lab/aa_phylo_fit_topology/simulations/alignments/wag_control/HIV_andersen_rep9_AA.fasta.log

Date and Time: Sat Feb  1 17:45:40 2020
