IQ-TREE multicore version 1.6.7 for Linux 64-bit built Aug 23 2018
Developed by Bui Quang Minh, Nguyen Lam Tung, Olga Chernomor,
Heiko Schmidt, Dominik Schrempf, Michael Woodhams.

Host:    csm-com-011 (AVX2, FMA3, 62 GB RAM)
Command: iqtree -quiet -nt AUTO -ntmax 8 -m GTR20 -s /csm_data/spielman_lab/aa_phylo_fit_topology/simulations/alignments/wag_control/HIV_opisthokonta_rep15_AA.fasta -st AA -redo -bb 1000
Seed:    145907 (Using SPRNG - Scalable Parallel Random Number Generator)
Time:    Sat Feb  1 17:18:43 2020
Kernel:  AVX+FMA - auto-detect threads (48 CPU cores detected)

Reading alignment file /csm_data/spielman_lab/aa_phylo_fit_topology/simulations/alignments/wag_control/HIV_opisthokonta_rep15_AA.fasta ... Fasta format detected
Alignment most likely contains protein sequences
Alignment has 70 sequences with 661 columns, 610 distinct patterns
555 parsimony-informative, 37 singleton sites, 69 constant sites
                                  Gap/Ambiguity  Composition  p-value
   1  Oscarella_carmela                   0.00%    passed     63.17%
   2  Oscarella_lobularis                 0.00%    passed     96.25%
   3  Leucetta_chagosensis                0.00%    passed     97.09%
   4  Sycon_raphanus                      0.00%    passed     99.99%
   5  Oopsacas_minuta                     0.00%    passed     99.53%
   6  Carteriospongia_foliascens          0.00%    passed     99.41%
   7  Amphimedon_queenslandica            0.00%    passed     99.52%
   8  Suberites_domuncula                 0.00%    passed     88.66%
   9  Lubomirskia_baicalensis             0.00%    passed     97.87%
  10  Ephydatia_muelleri                  0.00%    passed     95.67%
  11  Trichoplax_adhaerens                0.00%    passed     99.95%
  12  Nematostella_vectensis              0.00%    passed     83.99%
  13  Anemonia_viridis                    0.00%    passed     79.97%
  14  Aiptasia_pallida                    0.00%    passed     99.64%
  15  Metridium_senile                    0.00%    passed     96.65%
  16  Acropora_palmata                    0.00%    passed     99.34%
  17  Acropora_millepora                  0.00%    passed     99.95%
  18  Porites_astreoides                  0.00%    passed     97.43%
  19  Montastraea_faveolata               0.00%    passed     98.30%
  20  Cyanea_capillata                    0.00%    passed     99.97%
  21  Clytia_hemisphaerica                0.00%    passed     99.86%
  22  Podocoryna_carnea                   0.00%    passed     99.76%
  23  Hydractinia_echinata                0.00%    passed     99.20%
  24  Hydra_magnipapillata                0.00%    passed     97.36%
  25  Saccoglossus_kowalevskii            0.00%    passed     99.96%
  26  Ptychodera_flava                    0.00%    passed     99.93%
  27  Strongylocentrotus_purpuratus       0.00%    passed     96.35%
  28  Asterina_pectinifera                0.00%    passed     99.90%
  29  Branchiostoma_floridae              0.00%    passed     99.96%
  30  Petromyzon_marinus                  0.00%    passed     72.53%
  31  Gallus                              0.00%    passed     99.90%
  32  Ciona_intestinalis                  0.00%    passed     99.18%
  33  Halocynthia_roretzi                 0.00%    passed     98.46%
  34  Anoplodactylus_eroticus             0.00%    passed     99.21%
  35  Boophilus_microplus                 0.00%    passed     98.28%
  36  Daphnia_pulex                       0.00%    passed     99.96%
  37  Drosophila_melanogaster             0.00%    passed     94.95%
  38  Euperipatoides_kanangrensis         0.00%    passed     99.78%
  39  Echinoderes_horni                   0.00%    passed     99.63%
  40  Xiphinema_index                     0.00%    passed     99.97%
  41  Cerebratulus_lacteus                0.00%    passed     96.11%
  42  Terebratalia_transversa             0.00%    passed     99.94%
  43  Lottia_gigantea                     0.00%    passed     97.89%
  44  Crassostrea_virginica               0.00%    passed     95.95%
  45  Euprymna_scolopes                   0.00%    passed     89.47%
  46  Capitella_telata                    0.00%    passed     99.87%
  47  Helobdella_robusta                  0.00%    passed     92.15%
  48  Schmidtea_mediterranea              0.00%    passed     38.82%
  49  Paraplanocera_oligoglena            0.00%    passed     93.41%
  50  Xenoturbella_bocki                  0.00%    passed     99.78%
  51  Nemertoderma_westbladi              0.00%    passed     99.93%
  52  Meara_stichopi                      0.00%    passed     99.83%
  53  Isodiametra_pulchra                 0.00%    passed     97.53%
  54  Symsagittifera_roscoffensis         0.00%    passed     59.52%
  55  Convolutriloba_longifissura         0.00%    passed     93.66%
  56  Capsaspora_owczarzaki_ATCC_30864    0.00%    passed     94.28%
  57  Amoebidium_parasiticum              0.00%    passed     99.97%
  58  Sphaeroforma_arctica                0.00%    passed     89.12%
  59  Spizellomyces_punctatus             0.00%    passed     99.27%
  60  Batrachochytrium_dendrobatidis      0.00%    passed     92.11%
  61  Cryptococcus_neoformans             0.00%    passed     92.47%
  62  Saccharomyces_cerevisiae            0.00%    passed     97.78%
  63  Phycomyces_blakesleeanus            0.00%    passed     67.12%
  64  Rhizopus_orizae                     0.00%    passed     96.24%
  65  Monosiga_ovata                      0.00%    passed     92.66%
  66  Salpingoeca_rosetta                 0.00%    passed     64.64%
  67  Monosiga_brevicollis                0.00%    passed     70.46%
  68  Mnemiopsis                          0.00%    passed     97.77%
  69  Mertensiid_sp                       0.00%    passed     99.99%
  70  Pleurobrachia_pileus                0.00%    passed     95.25%
****  TOTAL                               0.00%  0 sequences failed composition chi2 test (p-value<5%; df=19)

Create initial parsimony tree by phylogenetic likelihood library (PLL)... 0.021 seconds
Generating 1000 samples for ultrafast bootstrap (seed: 145907)...
WARNING: GTR20 model will estimate 189 substitution rates that might be overfitting!
WARNING: Please only use GTR20 with very large data and always test for model fit!

NOTE: 9 MB RAM (0 GB) is required!
Measuring multi-threading efficiency up to 8 CPU cores
Increase to 10 rounds for branch lengths
50 trees examined
Threads: 1 / Time: 8.059 sec / Speedup: 1.000 / Efficiency: 100% / LogL: -67499
Threads: 2 / Time: 4.413 sec / Speedup: 1.826 / Efficiency: 91% / LogL: -67499
Threads: 3 / Time: 3.180 sec / Speedup: 2.534 / Efficiency: 84% / LogL: -67499
Threads: 4 / Time: 2.627 sec / Speedup: 3.068 / Efficiency: 77% / LogL: -67499
Threads: 5 / Time: 2.278 sec / Speedup: 3.537 / Efficiency: 71% / LogL: -67499
Threads: 6 / Time: 2.086 sec / Speedup: 3.863 / Efficiency: 64% / LogL: -67499
Threads: 7 / Time: 1.930 sec / Speedup: 4.177 / Efficiency: 60% / LogL: -67499
Threads: 8 / Time: 1.854 sec / Speedup: 4.347 / Efficiency: 54% / LogL: -67499
BEST NUMBER OF THREADS: 7

Estimate model parameters (epsilon = 0.100)
1. Initial log-likelihood: -54973.629
2. Current log-likelihood: -53524.861
3. Current log-likelihood: -53364.547
4. Current log-likelihood: -53347.315
5. Current log-likelihood: -53341.828
6. Current log-likelihood: -53341.228
Optimal log-likelihood: -53341.182
Parameters optimization took 6 rounds (12.762 sec)
Computing ML distances based on estimated model parameters... 0.412 sec
Computing BIONJ tree...
0.005 seconds
Log-likelihood of BIONJ tree: -53319.422
--------------------------------------------------------------------
|             INITIALIZING CANDIDATE TREE SET                      |
--------------------------------------------------------------------
Generating 98 parsimony trees... 2.964 second
Computing log-likelihood of 98 initial trees ... 1.959 seconds
Current best score: -53319.422

Do NNI search on 20 best initial trees
Estimate model parameters (epsilon = 0.100)
BETTER TREE FOUND at iteration 1: -53311.951
Iteration 10 / LogL: -53311.967 / Time: 0h:0m:49s
Iteration 20 / LogL: -53312.001 / Time: 0h:0m:51s
Finish initializing candidate tree set (2)
Current best tree score: -53311.951 / CPU time: 11.984
Number of iterations: 20
--------------------------------------------------------------------
|               OPTIMIZING CANDIDATE TREE SET                      |
--------------------------------------------------------------------
Iteration 30 / LogL: -53312.005 / Time: 0h:0m:53s (0h:2m:10s left)
Iteration 40 / LogL: -53311.964 / Time: 0h:0m:55s (0h:1m:26s left)
Iteration 50 / LogL: -53312.000 / Time: 0h:0m:57s (0h:0m:59s left)
Log-likelihood cutoff on original alignment: -53361.317
Iteration 60 / LogL: -53312.035 / Time: 0h:0m:59s (0h:0m:40s left)
Iteration 70 / LogL: -53311.997 / Time: 0h:1m:0s (0h:0m:27s left)
Iteration 80 / LogL: -53311.971 / Time: 0h:1m:2s (0h:0m:16s left)
Iteration 90 / LogL: -53311.969 / Time: 0h:1m:4s (0h:0m:7s left)
Iteration 100 / LogL: -53311.954 / Time: 0h:1m:6s (0h:0m:0s left)
Log-likelihood cutoff on original alignment: -53361.317
NOTE: Bootstrap correlation coefficient of split occurrence frequencies: 1.000
TREE SEARCH COMPLETED AFTER 102 ITERATIONS / Time: 0h:1m:6s

--------------------------------------------------------------------
|                    FINALIZING TREE SEARCH                        |
--------------------------------------------------------------------
Performs final model parameters optimization
Estimate model parameters (epsilon = 0.010)
1. Initial log-likelihood: -53311.951
2. Current log-likelihood: -53311.935
Optimal log-likelihood: -53311.933
Parameters optimization took 2 rounds (2.872 sec)
BEST SCORE FOUND : -53311.933
Creating bootstrap support values...
Split supports printed to NEXUS file /csm_data/spielman_lab/aa_phylo_fit_topology/simulations/alignments/wag_control/HIV_opisthokonta_rep15_AA.fasta.splits.nex
Total tree length: 17.661

Total number of iterations: 102
CPU time used for tree search: 175.475 sec (0h:2m:55s)
Wall-clock time used for tree search: 27.558 sec (0h:0m:27s)
Total CPU time used: 385.382 sec (0h:6m:25s)
Total wall-clock time used: 70.039 sec (0h:1m:10s)

Computing bootstrap consensus tree...
Reading input file /csm_data/spielman_lab/aa_phylo_fit_topology/simulations/alignments/wag_control/HIV_opisthokonta_rep15_AA.fasta.splits.nex...
70 taxa and 219 splits.
Consensus tree written to /csm_data/spielman_lab/aa_phylo_fit_topology/simulations/alignments/wag_control/HIV_opisthokonta_rep15_AA.fasta.contree
Reading input trees file /csm_data/spielman_lab/aa_phylo_fit_topology/simulations/alignments/wag_control/HIV_opisthokonta_rep15_AA.fasta.contree
Log-likelihood of consensus tree: -53311.933

Analysis results written to: 
  IQ-TREE report:                /csm_data/spielman_lab/aa_phylo_fit_topology/simulations/alignments/wag_control/HIV_opisthokonta_rep15_AA.fasta.iqtree
  Maximum-likelihood tree:       /csm_data/spielman_lab/aa_phylo_fit_topology/simulations/alignments/wag_control/HIV_opisthokonta_rep15_AA.fasta.treefile
  Likelihood distances:          /csm_data/spielman_lab/aa_phylo_fit_topology/simulations/alignments/wag_control/HIV_opisthokonta_rep15_AA.fasta.mldist

Ultrafast bootstrap approximation results written to:
  Split support values:          /csm_data/spielman_lab/aa_phylo_fit_topology/simulations/alignments/wag_control/HIV_opisthokonta_rep15_AA.fasta.splits.nex
  Consensus tree:                /csm_data/spielman_lab/aa_phylo_fit_topology/simulations/alignments/wag_control/HIV_opisthokonta_rep15_AA.fasta.contree
  Screen log file:               /csm_data/spielman_lab/aa_phylo_fit_topology/simulations/alignments/wag_control/HIV_opisthokonta_rep15_AA.fasta.log

Date and Time: Sat Feb  1 17:19:53 2020
