IQ-TREE multicore version 1.6.7 for Linux 64-bit built Aug 23 2018
Developed by Bui Quang Minh, Nguyen Lam Tung, Olga Chernomor,
Heiko Schmidt, Dominik Schrempf, Michael Woodhams.

Host:    csm-com-005 (AVX2, FMA3, 62 GB RAM)
Command: iqtree -quiet -nt AUTO -ntmax 8 -m WAG+I+G4 -s /csm_data/spielman_lab/aa_phylo_fit_topology/simulations/alignments/wag_control/LAC_prum_rep5_AA.fasta -st AA -redo -bb 1000
Seed:    205528 (Using SPRNG - Scalable Parallel Random Number Generator)
Time:    Fri Jan 31 14:13:49 2020
Kernel:  AVX+FMA - auto-detect threads (48 CPU cores detected)

Reading alignment file /csm_data/spielman_lab/aa_phylo_fit_topology/simulations/alignments/wag_control/LAC_prum_rep5_AA.fasta ... Fasta format detected
Alignment most likely contains protein sequences
Alignment has 200 sequences with 262 columns, 209 distinct patterns
153 parsimony-informative, 39 singleton sites, 70 constant sites
                                                           Gap/Ambiguity  Composition  p-value
   1  I0186_111_Momotidae_Momotus_lessonii                         0.00%    passed     99.96%
   2  I0194_495_Alcedinidae_Alcedo_quadribrachys                   0.00%    passed    100.00%
   3  I0272_5303_Alcedinidae_Chloroceryle_inda                     0.00%    passed    100.00%
   4  I0234_1994_Todidae_Todus_mexicanus                           0.00%    passed    100.00%
   5  I0199_955_Meropidae_Merops_muelleri                          0.00%    passed    100.00%
   6  I0284_6031_Coraciidae_Coracias_cyanogaster                   0.00%    passed    100.00%
   7  I0364_384759_Brachypteraciidae_Atelornis_pittoides           0.00%    passed    100.00%
   8  I0191_344_Indicatoridae_Indicator_exilis                     0.00%    passed    100.00%
   9  I0213_1334_Picidae_Jynx_torquilla                            0.00%    passed     99.66%
  10  I0259_3344_Picidae_Picus_canus                               0.00%    passed     99.98%
  11  I0195_522_Ramphastidae_Buccanodon_duchaillui                 0.00%    passed     99.97%
  12  I0266_3617_Ramphastidae_Capito_niger                         0.00%    passed     99.56%
  13  I0286_6061_Ramphastidae_Ramphastos_ambiguus                  0.00%    passed     99.97%
  14  I0397_17790_Ramphastidae_Megalaima_chrysopogon               0.00%    passed     99.98%
  15  I0267_3690_Bucconidae_Bucco_capensis                         0.00%    passed    100.00%
  16  I0274_5339_Bucconidae_Chelidoptera_tenebrosa                 0.00%    passed    100.00%
  17  I0273_5315_Galbulidae_Galbula_dea                            0.00%    passed    100.00%
  18  I0198_937_Bucerotidae_Tockus_camurus                         0.00%    passed    100.00%
  19  I2828_3250_Bucerotidae_Bucorvus_leadbeateri                  0.00%    passed    100.00%
  20  I0233_1920_Upupidae_Upupa_epops                              0.00%    passed     99.96%
  21  I0392_15430_Phoeniculidae_Phoeniculus_purpureus              0.00%    passed    100.00%
  22  I0187_115_Trogonidae_Trogon_elegans                          0.00%    passed    100.00%
  23  I0190_295_Trogonidae_Apaloderma_aequatoriale                 0.00%    passed    100.00%
  24  I0367_449184_Leptosomidae_Leptosomus_discolor                0.00%    passed    100.00%
  25  I0410_52764_Coliidae_Colius_colius                           0.00%    passed    100.00%
  26  I0413_67124_Coliidae_Colius_indicus                          0.00%    passed    100.00%
  27  I0208_1208_Strigidae_Strix_varia                             0.00%    passed    100.00%
  28  I0452_88784_Tytonidae_Tyto_alba                              0.00%    passed    100.00%
  29  I0189_225_Eurylaimidae_Smithornis_rufolateralis              0.00%    passed    100.00%
  30  I0459_6323_Eurylaimidae_Calyptomena_viridis                  0.00%    passed    100.00%
  31  I0400_19788_Pittidae_Pitta_angolensis                        0.00%    passed    100.00%
  32  I0387_12368_Eurylaimidae_Eurylaimus_ochromalus               0.00%    passed    100.00%
  33  I0438_345711_Eurylaimidae_Neodrepanis_coruscans              0.00%    passed    100.00%
  34  I0200_988_Furnariidae_Furnarius_rufus                        0.00%    passed    100.00%
  35  I0242_2273_Furnariidae_Lepidocolaptes_angustirostris         0.00%    passed    100.00%
  36  I0223_1586_Furnariidae_Sclerurus_mexicanus                   0.00%    passed    100.00%
  37  I0429_3677_Grallariidae_Myrmothera_campanisona               0.00%    passed    100.00%
  38  I0207_1193_Thamnophilidae_Thamnophilus_ruficapillus          0.00%    passed    100.00%
  39  I0261_3515_Thamnophilidae_Terenura_callinota                 0.00%    passed     99.99%
  40  I0237_2182_Thamnophilidae_Myrmornis_torquata                 0.00%    passed    100.00%
  41  I0377_2841_Melanopareiidae_Melanopareia_maximiliani          0.00%    passed    100.00%
  42  I0203_1087_Tyrannidae_Hymenops_perspicillatus                0.00%    passed    100.00%
  43  I0246_2823_Tyrannidae_Tyrannus_albogularis                   0.00%    passed    100.00%
  44  I0430_5336_Tyrannidae_Elaenia_flavogaster                    0.00%    passed    100.00%
  45  I0205_1183_Tyrannidae_Hirundinea_ferruginea                  0.00%    passed    100.00%
  46  I0227_1698_Tyrannidae_Rhynchocyclus_olivaceus                0.00%    passed    100.00%
  47  I0225_1616_Incertae_sedis_Piprites_chloris                   0.00%    passed    100.00%
  48  I0251_3044_Tityridae_Tityra_cayana                           0.00%    passed    100.00%
  49  I0265_3576_Tityridae_Schiffornis_turdina                     0.00%    passed    100.00%
  50  I0218_1474_Tityridae_Myiobius_barbatus                       0.00%    passed    100.00%
  51  I0262_3562_Oxyruncidae_Oxyruncus_cristatus                   0.00%    passed    100.00%
  52  I0217_1452_Cotingidae_Rupicola_rupicola                      0.00%    passed    100.00%
  53  I0238_2211_Cotingidae_Cotinga_cayana                         0.00%    passed    100.00%
  54  I0228_1712_Pipridae_Neopelma_chrysocephalum                  0.00%    passed    100.00%
  55  I0241_2249_Pipridae_Pipra_erythrocephala                     0.00%    passed    100.00%
  56  I0416_76941_Pipridae_Cryptopipo_holochlora                   0.00%    passed    100.00%
  57  I0197_832_Corvidae_Corvus_albus                              0.00%    passed    100.00%
  58  I0457_6346_Paradisaeidae_Lophorina_superba                   0.00%    passed    100.00%
  59  I0214_1354_Sylviidae_Sylvia_melanocephala                    0.00%    passed    100.00%
  60  I2826_181173_Pycnonotidae_Pycnonotus_macrotis                0.00%    passed    100.00%
  61  I0455_1245_Alaudidae_Calandrella_brachydactyla               0.00%    passed    100.00%
  62  I0456_3321_Paridae_Poecile_lugubris                          0.00%    passed    100.00%
  63  I0215_1370_Regulidae_Regulus_ignicapilla                     0.00%    passed    100.00%
  64  I0222_1568_Turdidae_Turdus_olivater                          0.00%    passed    100.00%
  65  I0232_1837_Fringillidae_Fringilla_coelebs                    0.00%    passed    100.00%
  66  I2825_21896_Emberizidae_Spizella_arborea                     0.00%    passed    100.00%
  67  I0381_6209_Maluridae_Malurus_splendens                       0.00%    passed    100.00%
  68  I0380_6178_Climacteridae_Climacteris_melanura                0.00%    passed    100.00%
  69  I0440_10756_D_Ptilonorhynchidae_Ptilonorhynchus_violaceus    0.00%    passed    100.00%
  70  I2824_12230_Ptilonorhynchidae_Sericulus_bakeri               0.00%    passed    100.00%
  71  I0415_76638_Menuridae_Menura_novaehollandiae                 0.00%    passed    100.00%
  72  I2829_RIFL_Acanthisittidae_Acanthisitta_chloris              0.00%    passed    100.00%
  73  I0240_2217_Psittacidae_Deroptyus_accipitrinus                0.00%    passed    100.00%
  74  I0370_1566_Psittacidae_Psittacus_erithacus                   0.00%    passed    100.00%
  75  I0271_5253_Psittacidae_Psittrichas_fulgidus                  0.00%    passed    100.00%
  76  I0383_8723_Psittacidae_Barnardius_zonarius                   0.00%    passed    100.00%
  77  I0280_5927_Psittacidae_Probosciger_aterrimus                 0.00%    passed    100.00%
  78  I0389_14873_Psittacidae_Nestor_meridionalis                  0.00%    passed    100.00%
  79  I0216_1413_Falconidae_Micrastur_gilvicollis                  0.00%    passed    100.00%
  80  I0236_2079_Falconidae_Falco_sparverius                       0.00%    passed    100.00%
  81  I0248_2938_Falconidae_Caracara_cheriway                      0.00%    passed    100.00%
  82  I0264_3574_Falconidae_Ibycter_americanus                     0.00%    passed    100.00%
  83  I0421_1173_Cariamidae_Cariama_cristata                       0.00%    passed    100.00%
  84  I0454_77230_Cariamidae_Chunga_burmeisteri                    0.00%    passed    100.00%
  85  I0188_135_Apodidae_Streptoprocne_zonaris                     0.00%    passed    100.00%
  86  I0247_2886_Apodidae_Chaetura_brachyura                       0.00%    passed    100.00%
  87  I0388_12571_Hemiprocnidae_Hemiprocne_comata                  0.00%    passed    100.00%
  88  I0219_1489_Trochilidae_Topaza_pella                          0.00%    passed    100.00%
  89  I0220_1514_Trochilidae_Phaethornis_superciliosus             0.00%    passed    100.00%
  90  I0277_5465_Trochilidae_Archilochus_colubris                  0.00%    passed     99.86%
  91  I0394_16098_Aegothelidae_Aegotheles_insignis                 0.00%    passed    100.00%
  92  I0255_3161_Podargidae_Podargus_strigoides                    0.00%    passed    100.00%
  93  I0436_20224_D_Steatornithidae_Steatornis_caripensis          0.00%    passed    100.00%
  94  I0249_2220_Nyctibiidae_Nyctibius_griseus                     0.00%    passed    100.00%
  95  I0244_2276_Caprimulgidae_Chordeiles_pusillus                 0.00%    passed    100.00%
  96  I0258_3336_Caprimulgidae_Caprimulgus_europaeus               0.00%    passed    100.00%
  97  I0399_18174_Caprimulgidae_Eurostopodus_macrotis              0.00%    passed    100.00%
  98  I0224_1607_Cracidae_Crax_alector                             0.00%    passed    100.00%
  99  I0426_2963_Cracidae_Ortalis_motmot                           0.00%    passed    100.00%
 100  I0226_1619_Odontophoridae_Odontophorus_gujanensis            0.00%    passed    100.00%
 101  I0250_2944_Odontophoridae_Colinus_cristatus                  0.00%    passed    100.00%
 102  I0278_5642_Phasianidae_Bonasa_umbellus                       0.00%    passed    100.00%
 103  I0374_2419_Phasianidae_Gallus_gallus                         0.00%    passed    100.00%
 104  I0371_1587_Phasianidae_Rollulus_rouloul                      0.00%    passed    100.00%
 105  I0448_52755_Numididae_Numida_malagris                        0.00%    passed    100.00%
 106  I0256_3178_Megapodiidae_Leipoa_ocellata                      0.00%    passed    100.00%
 107  I0252_3154_Anatidae_Anas_superciliosa                        0.00%    passed    100.00%
 108  I0288_6097_Anatidae_Aythya_valisineria                       0.00%    passed    100.00%
 109  I0285_6059_Anatidae_Anser_canagicus                          0.00%    passed    100.00%
 110  I0257_3236_Anatidae_Oxyura_jamaicensis                       0.00%    passed    100.00%
 111  I0283_6026_Anatidae_Dendrocygna_viduata                      0.00%    passed    100.00%
 112  I0253_3158_Anseranatidae_Anseranas_semipalmata               0.00%    passed    100.00%
 113  I0373_1829_Anhimidae_Chauna_torquata                         0.00%    passed    100.00%
 114  I0229_1748_Tinamidae_Nothoprocta_ornata                      0.00%    passed     99.98%
 115  I0432_5886_Tinamidae_Eudromia_elegans                        0.00%    passed    100.00%
 116  I0230_1770_Tinamidae_Crypturellus_tataupa                    0.00%    passed    100.00%
 117  I0231_1774_Tinamidae_Tinamus_major                           0.00%    passed    100.00%
 118  I0260_3380_Dromaiidae_Dromaius_novaehollandiae               0.00%    passed    100.00%
 119  I0382_6875_Casuariidae_Casuarius_bennetti                    0.00%    passed    100.00%
 120  I0390_14905_Apterygidae_Apteryx_sp                           0.00%    passed    100.00%
 121  I0414_72512_Rheidae_Rhea_americana                           0.00%    passed    100.00%
 122  I0453_90121_Struthionidae_Struthio_camelus                   0.00%    passed    100.00%
 123  I0460_HERP_14722_Crocodylidae_Crocodylus_porosus             0.00%    passed     99.96%
 124  I0461_HERP_15451_Alligatoridae_Caiman_croccodilus            0.00%    passed     99.75%
 125  I0192_375_Musophagidae_Tauraco_macrorhynchus                 0.00%    passed    100.00%
 126  I0196_523_Musophagidae_Corythaeola_cristata                  0.00%    passed    100.00%
 127  I0235_2065_Cuculidae_Coccyzus_melacoryphus                   0.00%    passed    100.00%
 128  I0423_2497_Cuculidae_Cuculus_optatus                         0.00%    passed    100.00%
 129  I0398_17932_Cuculidae_Centropus_bengalensis                  0.00%    passed     99.99%
 130  I0424_2923_Cuculidae_Tapera_naevia                           0.00%    passed    100.00%
 131  I0281_5967_Otididae_Ardeotis_kori                            0.00%    passed    100.00%
 132  I0193_447_Columbidae_Treron_calvus                           0.00%    passed    100.00%
 133  I0434_6298_Columbidae_Ptilinopus_magnificus                  0.00%    passed    100.00%
 134  I0211_1232_Columbidae_Columba_livia                          0.00%    passed    100.00%
 135  I0221_1526_Columbidae_Leptotila_rufaxilla                    0.00%    passed    100.00%
 136  I0243_2275_Columbidae_Columbina_minuta                       0.00%    passed    100.00%
 137  I0363_345610_Mesitornithidae_Mesitornis_unicolor             0.00%    passed    100.00%
 138  I0366_438526_Mesitornithidae_Monias_benschi                  0.00%    passed    100.00%
 139  I0403_20547_Pteroclididae_Syrrhaptes_paradoxus               0.00%    passed    100.00%
 140  I0411_53231_Pteroclididae_Pterocles_bicinctus                0.00%    passed    100.00%
 141  I0263_3569_Psophiidae_Psophia_crepitans                      0.00%    passed    100.00%
 142  I0405_21897_Gruidae_Grus_canadensis                          0.00%    passed    100.00%
 143  I0433_6296_Gruidae_Balearica_regulorum                       0.00%    passed    100.00%
 144  I0419_90368_Aramidae_Aramus_guarauna                         0.00%    passed    100.00%
 145  I0365_384805_Rallidae_Sarothrura_rufa_elizabethae            0.00%    passed    100.00%
 146  I0378_3087_Heliornithidae_Heliornis_fulica                   0.00%    passed    100.00%
 147  I0407_22888_Rallidae_Porphyrio_porphyrio                     0.00%    passed    100.00%
 148  I0425_2961_Rallidae_Micropygia_schomburgkii                  0.00%    passed    100.00%
 149  I0428_3386_Rallidae_Rallus_longirostris                      0.00%    passed    100.00%
 150  I0201_999_Scolopacidae_Tringa_solitaria                      0.00%    passed    100.00%
 151  I0427_3383_Scolopacidae_Arenaria_interpres                   0.00%    passed    100.00%
 152  I0431_5370_Scolopacidae_Limosa_lapponica                     0.00%    passed    100.00%
 153  I0279_5911_Jacanidae_Jacana_jacana                           0.00%    passed    100.00%
 154  I0402_20061_Rostratulidae_Rostratula_benghalensis            0.00%    passed    100.00%
 155  I2827_2685_Pedionomidae_Pedionomus_torquatus                 0.00%    passed    100.00%
 156  I0206_1192_Laridae_Chroicocephalus_cirrocephalus             0.00%    passed    100.00%
 157  I0270_4099_Sternidae_Sterna_hirundo                          0.00%    passed    100.00%
 158  I0393_15950_Rynchopidae_Rhynchops_niger                      0.00%    passed    100.00%
 159  I0408_25293_Alcidae_Uria_aalge                               0.00%    passed    100.00%
 160  I0401_19903_Glareolidae_Glareola_nuchalis                    0.00%    passed    100.00%
 161  I0409_25985_Turnicidae_Turnix_ocellata                       0.00%    passed    100.00%
 162  I0209_1223_Burhinidae_Burhinus_oedicnemus                    0.00%    passed    100.00%
 163  I0212_1289_Charadriidae_Charadrius_hiaticula                 0.00%    passed    100.00%
 164  I0289_6295_Haematopodidae_Haematopus_palliatus               0.00%    passed    100.00%
 165  I0368_21_Recurvirostridae_Recurvirostra_americana            0.00%    passed    100.00%
 166  I0287_6069_Phoenicopteridae_Phoenicopterus_ruber             0.00%    passed    100.00%
 167  I0422_1201_Podicipedidae_Rollandia_rolland                   0.00%    passed    100.00%
 168  I0204_1174_Threskiornithidae_Harpiprion_caerulescens         0.00%    passed    100.00%
 169  I0239_2212_Ardeidae_Tigrisoma_lineatum                       0.00%    passed    100.00%
 170  I0245_2800_Ardeidae_Ardea_herodias                           0.00%    passed    100.00%
 171  I0420_730_Ardeidae_Ixobrychus_minutus                        0.00%    passed    100.00%
 172  I0275_5404_Balaenicipitidae_Balaeniceps_rex                  0.00%    passed    100.00%
 173  I0391_15014_Pelecanidae_Pelecanus_occidentalis               0.00%    passed    100.00%
 174  I0418_89784_Scopidae_Scopus_umbretta                         0.00%    passed    100.00%
 175  I0254_3160_Sulidae_Morus_serrator                            0.00%    passed    100.00%
 176  I0372_1658_Phalacrocoracidae_Phalacrocorax_brasilianus       0.00%    passed    100.00%
 177  I0379_3106_Anhingidae_Anhinga_anhinga                        0.00%    passed    100.00%
 178  I0384_9129_Fregatidae_Fregata_magnificens                    0.00%    passed    100.00%
 179  I0210_1226_Ciconiidae_Ciconia_nigra                          0.00%    passed    100.00%
 180  I0376_2661_Ciconiidae_Leptoptilos_crumeniferus               0.00%    passed    100.00%
 181  I0282_6008_Hydrobatidae_Oceanodroma_leucorhoa                0.00%    passed    100.00%
 182  I0386_10701_Pelecanoididae_Pelecanoides_urinatrix            0.00%    passed    100.00%
 183  I0395_16363_Procellariidae_Pterodroma_externa                0.00%    passed    100.00%
 184  I0406_22550_Procellariidae_Puffinus_griseus                  0.00%    passed    100.00%
 185  I0404_21828_Procellariidae_Fulmarus_glacialoides             0.00%    passed    100.00%
 186  I0362_3175_Hydrobatidae_Oceanites_oceanicus                  0.00%    passed    100.00%
 187  I0412_62853_Hydrobatidae_Pelagodroma_marina                  0.00%    passed    100.00%
 188  I0417_82096_Diomedeidae_Phoebastria_nigripes                 0.00%    passed    100.00%
 189  I0451_85124_Spheniscidae_Spheniscus_humboldti                0.00%    passed    100.00%
 190  I0449_66928_Gaviidae_Gavia_immer                             0.00%    passed    100.00%
 191  I0375_2613_Phaethontidae_Phaethon_rubricauda                 0.00%    passed    100.00%
 192  I0396_16818_Eurypygidae_Eurypyga_helias                      0.00%    passed    100.00%
 193  I0369_848_Opisthocomidae_Opisthocomus_hoazin                 0.00%    passed    100.00%
 194  I0202_1066_Cathartidae_Cathartes_burrovianus                 0.00%    passed    100.00%
 195  I0276_5411_Cathartidae_Vultur_gryphus                        0.00%    passed    100.00%
 196  I0361_9545_Sagittariidae_Sagittarius_serpentarius            0.00%    passed    100.00%
 197  I0450_81668_Pandionidae_Pandion_haliaetus                    0.00%    passed    100.00%
 198  I0385_9309_Accipitridae_Elanus_leucurus                      0.00%    passed    100.00%
 199  I0268_3790_Accipitridae_Accipiter_superciliosus              0.00%    passed    100.00%
 200  I0185_86_Accipitridae_Buteo_jamaicensis                      0.00%    passed    100.00%
****  TOTAL                                                        0.00%  0 sequences failed composition chi2 test (p-value<5%; df=19)
NOTE: I0276_5411_Cathartidae_Vultur_gryphus is identical to I0202_1066_Cathartidae_Cathartes_burrovianus but kept for subsequent analysis

Create initial parsimony tree by phylogenetic likelihood library (PLL)... 0.056 seconds
Generating 1000 samples for ultrafast bootstrap (seed: 205528)...

NOTE: 29 MB RAM (0 GB) is required!
Measuring multi-threading efficiency up to 8 CPU cores
Increase to 10 rounds for branch lengths
10 trees examined
Threads: 1 / Time: 8.844 sec / Speedup: 1.000 / Efficiency: 100% / LogL: -15620
Threads: 2 / Time: 5.734 sec / Speedup: 1.542 / Efficiency: 77% / LogL: -15620
Threads: 3 / Time: 4.357 sec / Speedup: 2.030 / Efficiency: 68% / LogL: -15620
Threads: 4 / Time: 3.712 sec / Speedup: 2.383 / Efficiency: 60% / LogL: -15620
Threads: 5 / Time: 3.373 sec / Speedup: 2.622 / Efficiency: 52% / LogL: -15620
Threads: 6 / Time: 3.119 sec / Speedup: 2.835 / Efficiency: 47% / LogL: -15620
BEST NUMBER OF THREADS: 5

Estimate model parameters (epsilon = 0.100)
Thoroughly optimizing +I+G parameters from 10 start values...
Init pinv, alpha: 0.000, 1.000 / Estimate: 0.000, 0.635 / LogL: -9112.923
Init pinv, alpha: 0.030, 1.000 / Estimate: 0.166, 1.014 / LogL: -9106.127
Init pinv, alpha: 0.059, 1.000 / Estimate: 0.166, 1.014 / LogL: -9106.131
Init pinv, alpha: 0.089, 1.000 / Estimate: 0.165, 1.009 / LogL: -9106.150
Init pinv, alpha: 0.119, 1.000 / Estimate: 0.166, 1.012 / LogL: -9106.140
Init pinv, alpha: 0.148, 1.000 / Estimate: 0.166, 1.014 / LogL: -9106.136
Init pinv, alpha: 0.178, 1.000 / Estimate: 0.171, 1.032 / LogL: -9106.087
Init pinv, alpha: 0.208, 1.000 / Estimate: 0.176, 1.054 / LogL: -9106.055
Init pinv, alpha: 0.237, 1.000 / Estimate: 0.182, 1.081 / LogL: -9106.043
Init pinv, alpha: 0.267, 1.000 / Estimate: 0.187, 1.100 / LogL: -9106.058
Optimal pinv,alpha: 0.182, 1.081 / LogL: -9106.043

Parameters optimization took 10.669 sec
Computing ML distances based on estimated model parameters... 9.907 sec
Computing BIONJ tree...
0.038 seconds
Log-likelihood of BIONJ tree: -9085.563
--------------------------------------------------------------------
|             INITIALIZING CANDIDATE TREE SET                      |
--------------------------------------------------------------------
Generating 98 parsimony trees... 4.887 second
Computing log-likelihood of 98 initial trees ... 9.173 seconds
Current best score: -9057.359

Do NNI search on 20 best initial trees
Estimate model parameters (epsilon = 0.100)
BETTER TREE FOUND at iteration 1: -9049.825
Estimate model parameters (epsilon = 0.100)
BETTER TREE FOUND at iteration 2: -9048.738
Iteration 10 / LogL: -9057.851 / Time: 0h:1m:16s
Iteration 20 / LogL: -9060.602 / Time: 0h:1m:36s
Finish initializing candidate tree set (20)
Current best tree score: -9048.738 / CPU time: 54.302
Number of iterations: 20
--------------------------------------------------------------------
|               OPTIMIZING CANDIDATE TREE SET                      |
--------------------------------------------------------------------
Estimate model parameters (epsilon = 0.100)
BETTER TREE FOUND at iteration 27: -9046.759
Estimate model parameters (epsilon = 0.100)
BETTER TREE FOUND at iteration 29: -9041.150
Iteration 30 / LogL: -9043.074 / Time: 0h:1m:55s (0h:6m:32s left)
Estimate model parameters (epsilon = 0.100)
BETTER TREE FOUND at iteration 32: -9040.642
BETTER TREE FOUND at iteration 34: -9040.641
Estimate model parameters (epsilon = 0.100)
BETTER TREE FOUND at iteration 37: -9039.920
Iteration 40 / LogL: -9042.626 / Time: 0h:2m:14s (0h:5m:33s left)
Iteration 50 / LogL: -9040.046 / Time: 0h:2m:32s (0h:4m:30s left)
Log-likelihood cutoff on original alignment: -9088.357
Iteration 60 / LogL: -9041.909 / Time: 0h:2m:49s (0h:3m:41s left)
BETTER TREE FOUND at iteration 62: -9039.919
BETTER TREE FOUND at iteration 68: -9039.919
BETTER TREE FOUND at iteration 70: -9039.919
Iteration 70 / LogL: -9039.919 / Time: 0h:3m:8s (0h:4m:33s left)
Iteration 80 / LogL: -9048.382 / Time: 0h:3m:26s (0h:3m:55s left)
Iteration 90 / LogL: -9051.343 / Time: 0h:3m:46s (0h:3m:23s left)
Estimate model parameters (epsilon = 0.100)
BETTER TREE FOUND at iteration 93: -9039.836
Estimate model parameters (epsilon = 0.100)
BETTER TREE FOUND at iteration 95: -9037.946
Iteration 100 / LogL: -9047.365 / Time: 0h:4m:5s (0h:3m:55s left)
Log-likelihood cutoff on original alignment: -9088.357
NOTE: Bootstrap correlation coefficient of split occurrence frequencies: 0.993
BETTER TREE FOUND at iteration 102: -9037.946
Iteration 110 / LogL: -9044.181 / Time: 0h:4m:24s (0h:3m:43s left)
Iteration 120 / LogL: -9057.214 / Time: 0h:4m:43s (0h:3m:15s left)
BETTER TREE FOUND at iteration 123: -9037.946
BETTER TREE FOUND at iteration 128: -9037.946
Iteration 130 / LogL: -9057.992 / Time: 0h:5m:0s (0h:3m:48s left)
Iteration 140 / LogL: -9065.658 / Time: 0h:5m:19s (0h:3m:22s left)
Iteration 150 / LogL: -9051.728 / Time: 0h:5m:38s (0h:2m:57s left)
Log-likelihood cutoff on original alignment: -9088.357
Iteration 160 / LogL: -9046.267 / Time: 0h:5m:58s (0h:2m:33s left)
Iteration 170 / LogL: -9040.045 / Time: 0h:6m:18s (0h:2m:9s left)
Iteration 180 / LogL: -9040.611 / Time: 0h:6m:36s (0h:1m:46s left)
Iteration 190 / LogL: -9041.405 / Time: 0h:6m:56s (0h:1m:23s left)
Iteration 200 / LogL: -9039.918 / Time: 0h:7m:16s (0h:1m:1s left)
Log-likelihood cutoff on original alignment: -9088.357
NOTE: Bootstrap correlation coefficient of split occurrence frequencies: 0.996
BETTER TREE FOUND at iteration 206: -9037.945
Iteration 210 / LogL: -9037.946 / Time: 0h:7m:34s (0h:3m:28s left)
BETTER TREE FOUND at iteration 215: -9037.945
Iteration 220 / LogL: -9039.004 / Time: 0h:7m:54s (0h:3m:25s left)
Iteration 230 / LogL: -9051.704 / Time: 0h:8m:13s (0h:3m:3s left)
BETTER TREE FOUND at iteration 233: -9037.945
Iteration 240 / LogL: -9039.251 / Time: 0h:8m:33s (0h:3m:19s left)
BETTER TREE FOUND at iteration 242: -9037.945
Iteration 250 / LogL: -9045.415 / Time: 0h:8m:52s (0h:3m:16s left)
Log-likelihood cutoff on original alignment: -9088.357
Iteration 260 / LogL: -9078.578 / Time: 0h:9m:13s (0h:2m:55s left)
Iteration 270 / LogL: -9088.083 / Time: 0h:9m:31s (0h:2m:32s left)
Iteration 280 / LogL: -9070.649 / Time: 0h:9m:50s (0h:2m:11s left)
Iteration 290 / LogL: -9042.277 / Time: 0h:10m:9s (0h:1m:49s left)
BETTER TREE FOUND at iteration 298: -9037.944
Iteration 300 / LogL: -9044.861 / Time: 0h:10m:28s (0h:3m:25s left)
Log-likelihood cutoff on original alignment: -9088.357
NOTE: Bootstrap correlation coefficient of split occurrence frequencies: 0.998
Iteration 310 / LogL: -9045.003 / Time: 0h:10m:50s (0h:3m:9s left)
BETTER TREE FOUND at iteration 314: -9037.944
BETTER TREE FOUND at iteration 316: -9037.944
Iteration 320 / LogL: -9049.560 / Time: 0h:11m:9s (0h:3m:21s left)
Iteration 330 / LogL: -9045.918 / Time: 0h:11m:28s (0h:2m:59s left)
BETTER TREE FOUND at iteration 337: -9037.944
Iteration 340 / LogL: -9039.003 / Time: 0h:11m:49s (0h:3m:22s left)
Estimate model parameters (epsilon = 0.100)
BETTER TREE FOUND at iteration 341: -9036.848
Iteration 350 / LogL: -9038.049 / Time: 0h:12m:8s (0h:3m:9s left)
Log-likelihood cutoff on original alignment: -9088.357
Iteration 360 / LogL: -9038.347 / Time: 0h:12m:28s (0h:2m:48s left)
Estimate model parameters (epsilon = 0.100)
BETTER TREE FOUND at iteration 370: -9036.609
Iteration 370 / LogL: -9036.609 / Time: 0h:12m:46s (0h:3m:27s left)
BETTER TREE FOUND at iteration 377: -9036.609
Iteration 380 / LogL: -9036.609 / Time: 0h:13m:5s (0h:3m:21s left)
Iteration 390 / LogL: -9037.669 / Time: 0h:13m:25s (0h:3m:0s left)
Iteration 400 / LogL: -9036.610 / Time: 0h:13m:45s (0h:2m:39s left)
Log-likelihood cutoff on original alignment: -9088.357
NOTE: Bootstrap correlation coefficient of split occurrence frequencies: 0.995
Iteration 410 / LogL: -9036.610 / Time: 0h:14m:5s (0h:3m:5s left)
Iteration 420 / LogL: -9042.817 / Time: 0h:14m:25s (0h:2m:45s left)
Iteration 430 / LogL: -9038.735 / Time: 0h:14m:45s (0h:2m:24s left)
Iteration 440 / LogL: -9038.610 / Time: 0h:15m:5s (0h:2m:3s left)
Iteration 450 / LogL: -9045.179 / Time: 0h:15m:24s (0h:1m:42s left)
Log-likelihood cutoff on original alignment: -9088.357
Iteration 460 / LogL: -9052.377 / Time: 0h:15m:43s (0h:1m:22s left)
Iteration 470 / LogL: -9048.034 / Time: 0h:16m:1s (0h:1m:1s left)
TREE SEARCH COMPLETED AFTER 478 ITERATIONS / Time: 0h:16m:16s

--------------------------------------------------------------------
|                    FINALIZING TREE SEARCH                        |
--------------------------------------------------------------------
Performs final model parameters optimization
Estimate model parameters (epsilon = 0.010)
1. Initial log-likelihood: -9036.609
Optimal log-likelihood: -9036.609
Proportion of invariable sites: 0.180
Gamma shape alpha: 1.072
Parameters optimization took 1 rounds (0.117 sec)
BEST SCORE FOUND : -9036.609
Creating bootstrap support values...
Split supports printed to NEXUS file /csm_data/spielman_lab/aa_phylo_fit_topology/simulations/alignments/wag_control/LAC_prum_rep5_AA.fasta.splits.nex
Total tree length: 5.701

Total number of iterations: 478
CPU time used for tree search: 4580.371 sec (1h:16m:20s)
Wall-clock time used for tree search: 934.528 sec (0h:15m:34s)
Total CPU time used: 4744.941 sec (1h:19m:4s)
Total wall-clock time used: 977.899 sec (0h:16m:17s)

Computing bootstrap consensus tree...
Reading input file /csm_data/spielman_lab/aa_phylo_fit_topology/simulations/alignments/wag_control/LAC_prum_rep5_AA.fasta.splits.nex...
200 taxa and 3511 splits.
Consensus tree written to /csm_data/spielman_lab/aa_phylo_fit_topology/simulations/alignments/wag_control/LAC_prum_rep5_AA.fasta.contree
Reading input trees file /csm_data/spielman_lab/aa_phylo_fit_topology/simulations/alignments/wag_control/LAC_prum_rep5_AA.fasta.contree
Log-likelihood of consensus tree: -9036.611

Analysis results written to: 
  IQ-TREE report:                /csm_data/spielman_lab/aa_phylo_fit_topology/simulations/alignments/wag_control/LAC_prum_rep5_AA.fasta.iqtree
  Maximum-likelihood tree:       /csm_data/spielman_lab/aa_phylo_fit_topology/simulations/alignments/wag_control/LAC_prum_rep5_AA.fasta.treefile
  Likelihood distances:          /csm_data/spielman_lab/aa_phylo_fit_topology/simulations/alignments/wag_control/LAC_prum_rep5_AA.fasta.mldist

Ultrafast bootstrap approximation results written to:
  Split support values:          /csm_data/spielman_lab/aa_phylo_fit_topology/simulations/alignments/wag_control/LAC_prum_rep5_AA.fasta.splits.nex
  Consensus tree:                /csm_data/spielman_lab/aa_phylo_fit_topology/simulations/alignments/wag_control/LAC_prum_rep5_AA.fasta.contree
  Screen log file:               /csm_data/spielman_lab/aa_phylo_fit_topology/simulations/alignments/wag_control/LAC_prum_rep5_AA.fasta.log

Date and Time: Fri Jan 31 14:30:08 2020
