IQ-TREE multicore version 1.6.7 for Linux 64-bit built Aug 23 2018
Developed by Bui Quang Minh, Nguyen Lam Tung, Olga Chernomor,
Heiko Schmidt, Dominik Schrempf, Michael Woodhams.

Host:    csm-com-001 (AVX2, FMA3, 62 GB RAM)
Command: iqtree -quiet -nt AUTO -ntmax 8 -m Dayhoff+F+G4 -s /csm_data/spielman_lab/aa_phylo_fit_topology/simulations/alignments/wag_control/LAC_dosreis_rep1_AA.fasta -st AA -redo -bb 1000
Seed:    6045 (Using SPRNG - Scalable Parallel Random Number Generator)
Time:    Fri Jan 31 17:34:53 2020
Kernel:  AVX+FMA - auto-detect threads (48 CPU cores detected)

Reading alignment file /csm_data/spielman_lab/aa_phylo_fit_topology/simulations/alignments/wag_control/LAC_dosreis_rep1_AA.fasta ... Fasta format detected
Alignment most likely contains protein sequences
Alignment has 274 sequences with 262 columns, 234 distinct patterns
197 parsimony-informative, 20 singleton sites, 45 constant sites
                              Gap/Ambiguity  Composition  p-value
   1  Cavia_porcellus                 0.00%    passed    100.00%
   2  Thryonomys_swinderianus         0.00%    passed    100.00%
   3  Rattus_norvegicus               0.00%    passed     96.82%
   4  Rattus_tanezumi                 0.00%    passed     97.64%
   5  Rattus_rattus                   0.00%    passed     98.91%
   6  Rattus_exulans                  0.00%    passed     96.66%
   7  Rattus_praetor                  0.00%    passed     96.35%
   8  Mus_musculus                    0.00%    passed     99.98%
   9  Mus_terricolor                  0.00%    passed     99.60%
  10  Microtus_kikuchii               0.00%    passed     99.98%
  11  Microtus_rossiaemeridionalis    0.00%    passed     99.93%
  12  Proedromys_sp.                  0.00%    passed     99.97%
  13  Eothenomys_chinensis            0.00%    passed     99.90%
  14  Cricetulus_griseus              0.00%    passed     99.97%
  15  Tscherskia_triton               0.00%    passed     99.99%
  16  Mesocricetus_auratus            0.00%    passed    100.00%
  17  Nannospalax_ehrenbergi          0.00%    passed     99.99%
  18  Jaculus_jaculus                 0.00%    passed     99.97%
  19  Myoxus_glis                     0.00%    passed     99.94%
  20  Sciurus_vulgaris                0.00%    passed    100.00%
  21  Anomalurus_sp.                  0.00%    passed     99.96%
  22  Oryctolagus_cuniculus           0.00%    passed    100.00%
  23  Lepus_europaeus                 0.00%    passed    100.00%
  24  Ochotona_collaris               0.00%    passed     99.92%
  25  Ochotona_princeps               0.00%    passed     99.74%
  26  Ochotona_curzoniae              0.00%    passed     99.97%
  27  Pan_troglodytes                 0.00%    passed    100.00%
  28  Pan_paniscus                    0.00%    passed    100.00%
  29  Homo_sapiens                    0.00%    passed    100.00%
  30  Gorilla_gorilla                 0.00%    passed     99.86%
  31  Pongo_pygmaeus                  0.00%    passed    100.00%
  32  Pongo_abelii                    0.00%    passed     99.75%
  33  Hylobates_lar                   0.00%    passed     99.27%
  34  Hylobates_agilis                0.00%    passed     99.48%
  35  Hylobates_pileatus              0.00%    passed     99.49%
  36  Nomascus_siki                   0.00%    passed     99.73%
  37  Symphalangus_syndactylus        0.00%    passed     99.90%
  38  Papio_hamadryas                 0.00%    passed     83.00%
  39  Macaca_sylvanus                 0.00%    passed     98.97%
  40  Macaca_mulatta                  0.00%    passed     99.66%
  41  Macaca_fascicularis             0.00%    passed     99.84%
  42  Macaca_thibetana                0.00%    passed     99.58%
  43  Chlorocebus_aethiops            0.00%    passed     97.39%
  44  Chlorocebus_tantalus            0.00%    passed     98.09%
  45  Chlorocebus_pygerythrus         0.00%    passed     99.86%
  46  Chlorocebus_sabaeus             0.00%    passed     94.81%
  47  Trachypithecus_obscurus         0.00%    passed     99.98%
  48  Presbytis_melalophos            0.00%    passed     99.79%
  49  Nasalis_larvatus                0.00%    passed    100.00%
  50  Pygathrix_roxellana             0.00%    passed     99.99%
  51  Pygathrix_nemaeus               0.00%    passed     99.95%
  52  Semnopithecus_entellus          0.00%    passed     99.99%
  53  Colobus_guereza                 0.00%    passed     99.93%
  54  Procolobus_badius               0.00%    passed     99.96%
  55  Cebus_albifrons                 0.00%    passed     99.96%
  56  Saimiri_sciureus                0.00%    passed     99.96%
  57  Cynocephalus_variegatus         0.00%    passed     99.95%
  58  Nycticebus_coucang              0.00%    passed    100.00%
  59  Loris_tardigradus               0.00%    passed    100.00%
  60  Galago_senegalensis             0.00%    passed     99.99%
  61  Otolemur_crassicaudatus         0.00%    passed    100.00%
  62  Perodicticus_potto              0.00%    passed     99.99%
  63  Lemur_catta                     0.00%    passed    100.00%
  64  Eulemur_mongoz                  0.00%    passed    100.00%
  65  Eulemur_fulvus                  0.00%    passed    100.00%
  66  Eulemur_macaco                  0.00%    passed    100.00%
  67  Varecia_variegata               0.00%    passed     99.99%
  68  Propithecus_coquereli           0.00%    passed    100.00%
  69  Daubentonia_madagascariensis    0.00%    passed     99.99%
  70  Tarsius_bancanus                0.00%    passed     99.99%
  71  Tarsius_syrichta                0.00%    passed     99.99%
  72  Tupaia_belangeri                0.00%    passed     99.12%
  73  Ornithorhynchus_anatinus        0.00%    passed     99.59%
  74  Tachyglossus_aculeatus          0.00%    passed     99.98%
  75  Zaglossus_bruijni               0.00%    passed     99.99%
  76  Didelphis_virginiana            0.00%    passed     99.86%
  77  Metachirus_nudicaudatus         0.00%    passed     99.90%
  78  Thylamys_elegans                0.00%    passed     99.99%
  79  Monodelphis_domestica           0.00%    passed    100.00%
  80  Macropus_robustus               0.00%    passed     99.92%
  81  Lagorchestes_hirsutus           0.00%    passed     99.77%
  82  Lagostrophus_fasciatus          0.00%    passed     99.78%
  83  Potorous_tridactylus            0.00%    passed     99.68%
  84  Trichosurus_vulpecula           0.00%    passed     99.92%
  85  Phalanger_interpositus          0.00%    passed    100.00%
  86  Tarsipes_rostratus              0.00%    passed     99.81%
  87  Pseudocheirus_peregrinus        0.00%    passed    100.00%
  88  Petaurus_breviceps              0.00%    passed    100.00%
  89  Dactylopsila_trivirgata         0.00%    passed     99.92%
  90  Distoechurus_pennatus           0.00%    passed     99.71%
  91  Vombatus_ursinus                0.00%    passed    100.00%
  92  Phascolarctos_cinereus          0.00%    passed     99.99%
  93  Isoodon_macrourus               0.00%    passed     99.89%
  94  Perameles_gunnii                0.00%    passed     99.97%
  95  Echymipera_rufescens            0.00%    passed     99.77%
  96  Macrotis_lagotis                0.00%    passed     99.78%
  97  Dromiciops_gliroides            0.00%    passed     99.86%
  98  Sminthopsis_douglasi            0.00%    passed    100.00%
  99  Sminthopsis_crassicaudata       0.00%    passed     99.98%
 100  Phascogale_tapoatafa            0.00%    passed     99.97%
 101  Dasyurus_hallucatus             0.00%    passed     99.43%
 102  Myrmecobius_fasciatus           0.00%    passed    100.00%
 103  Thylacinus_cynocephalus         0.00%    passed     99.83%
 104  Notoryctes_typhlops             0.00%    passed     99.27%
 105  Caenolestes_fuliginosus         0.00%    passed     99.97%
 106  Rhyncholestes_raphanurus        0.00%    passed     99.77%
 107  Erinaceus_europaeus             0.00%    passed     98.98%
 108  Hemiechinus_auritus             0.00%    passed     97.67%
 109  Echinosorex_gymnura             0.00%    passed    100.00%
 110  Hylomys_suillus                 0.00%    passed     99.96%
 111  Dasypus_novemcinctus            0.00%    passed    100.00%
 112  Tamandua_tetradactyla           0.00%    passed    100.00%
 113  Bradypus_tridactylus            0.00%    passed     99.96%
 114  Choloepus_didactylus            0.00%    passed    100.00%
 115  Loxodonta_africana              0.00%    passed     99.89%
 116  Elephas_maximus                 0.00%    passed     99.96%
 117  Dugong_dugon                    0.00%    passed     99.96%
 118  Trichechus_manatus              0.00%    passed     99.99%
 119  Procavia_capensis               0.00%    passed     99.85%
 120  Dendrohyrax_dorsalis            0.00%    passed    100.00%
 121  Orycteropus_afer                0.00%    passed    100.00%
 122  Macroscelides_proboscideus      0.00%    passed     99.66%
 123  Elephantulus_sp.                0.00%    passed    100.00%
 124  Echinops_telfairi               0.00%    passed     99.33%
 125  Chrysochloris_asiatica          0.00%    passed    100.00%
 126  Eremitalpa_granti               0.00%    passed    100.00%
 127  Talpa_europaea                  0.00%    passed     99.92%
 128  Mogera_wogura                   0.00%    passed     99.95%
 129  Galemys_pyrenaicus              0.00%    passed     99.98%
 130  Urotrichus_talpoides            0.00%    passed    100.00%
 131  Episoriculus_fumidus            0.00%    passed    100.00%
 132  Sorex_unguiculatus              0.00%    passed     99.80%
 133  Crocidura_russula               0.00%    passed     99.82%
 134  Artibeus_jamaicensis            0.00%    passed    100.00%
 135  Mystacina_tuberculata           0.00%    passed    100.00%
 136  Chalinolobus_tuberculatus       0.00%    passed     99.73%
 137  Pipistrellus_abramus            0.00%    passed     99.95%
 138  Pteropus_dasymallus             0.00%    passed     99.95%
 139  Pteropus_scapulatus             0.00%    passed    100.00%
 140  Rousettus_aegyptiacus           0.00%    passed    100.00%
 141  Rhinolophus_monoceros           0.00%    passed     99.99%
 142  Rhinolophus_pumilus             0.00%    passed     99.99%
 143  Rhinolophus_formosae            0.00%    passed    100.00%
 144  Manis_tetradactyla              0.00%    passed    100.00%
 145  Phoca_vitulina                  0.00%    passed    100.00%
 146  Phoca_largha                    0.00%    passed    100.00%
 147  Phoca_sibirica                  0.00%    passed    100.00%
 148  Halichoerus_grypus              0.00%    passed    100.00%
 149  Phoca_caspica                   0.00%    passed    100.00%
 150  Phoca_hispida                   0.00%    passed    100.00%
 151  Phoca_fasciata                  0.00%    passed    100.00%
 152  Phoca_groenlandica              0.00%    passed    100.00%
 153  Cystophora_cristata             0.00%    passed    100.00%
 154  Erignathus_barbatus             0.00%    passed    100.00%
 155  Monachus_schauinslandi          0.00%    passed    100.00%
 156  Mirounga_leonina                0.00%    passed     99.99%
 157  Lobodon_carcinophaga            0.00%    passed    100.00%
 158  Leptonychotes_weddellii         0.00%    passed    100.00%
 159  Hydrurga_leptonyx               0.00%    passed    100.00%
 160  Arctocephalus_forsteri          0.00%    passed    100.00%
 161  Arctocephalus_townsendi         0.00%    passed    100.00%
 162  Phocarctos_hookeri              0.00%    passed    100.00%
 163  Neophoca_cinerea                0.00%    passed    100.00%
 164  Arctocephalus_pusillus          0.00%    passed    100.00%
 165  Zalophus_californianus          0.00%    passed    100.00%
 166  Eumetopias_jubatus              0.00%    passed    100.00%
 167  Callorhinus_ursinus             0.00%    passed    100.00%
 168  Odobenus_rosmarus               0.00%    passed    100.00%
 169  Procyon_lotor                   0.00%    passed    100.00%
 170  Spilogale_putorius              0.00%    passed     99.99%
 171  Martes_melampus                 0.00%    passed    100.00%
 172  Martes_zibellina                0.00%    passed    100.00%
 173  Martes_flavigula                0.00%    passed     99.98%
 174  Gulo_gulo                       0.00%    passed     99.99%
 175  Meles_meles                     0.00%    passed     99.95%
 176  Enhydra_lutris                  0.00%    passed    100.00%
 177  Lutra_lutra                     0.00%    passed     99.99%
 178  Ailurus_fulgens                 0.00%    passed    100.00%
 179  Ursus_americanus                0.00%    passed    100.00%
 180  Ursus_thibetanus                0.00%    passed    100.00%
 181  Helarctos_malayanus             0.00%    passed    100.00%
 182  Ursus_arctos                    0.00%    passed    100.00%
 183  Ursus_maritimus                 0.00%    passed    100.00%
 184  Melursus_ursinus                0.00%    passed    100.00%
 185  Tremarctos_ornatus              0.00%    passed    100.00%
 186  Ailuropoda_melanoleuca          0.00%    passed    100.00%
 187  Canis_lupus                     0.00%    passed    100.00%
 188  Canis_latrans                   0.00%    passed    100.00%
 189  Cuon_alpinus                    0.00%    passed    100.00%
 190  Vulpes_vulpes                   0.00%    passed    100.00%
 191  Nyctereutes_procyonoides        0.00%    passed    100.00%
 192  Felis_catus                     0.00%    passed    100.00%
 193  Acinonyx_jubatus                0.00%    passed    100.00%
 194  Neofelis_nebulosa               0.00%    passed    100.00%
 195  Uncia_uncia                     0.00%    passed    100.00%
 196  Panthera_pardus                 0.00%    passed    100.00%
 197  Panthera_tigris                 0.00%    passed    100.00%
 198  Herpestes_javanicus             0.00%    passed    100.00%
 199  Equus_caballus                  0.00%    passed    100.00%
 200  Equus_asinus                    0.00%    passed    100.00%
 201  Rhinoceros_unicornis            0.00%    passed     99.99%
 202  Rhinoceros_sondaicus            0.00%    passed     99.99%
 203  Ceratotherium_simum             0.00%    passed     99.99%
 204  Diceros_bicornis                0.00%    passed    100.00%
 205  Dicerorhinus_sumatrensis        0.00%    passed     99.99%
 206  Hippopotamus_amphibius          0.00%    passed    100.00%
 207  Balaenoptera_physalus           0.00%    passed     99.21%
 208  Megaptera_novaeangliae          0.00%    passed     99.89%
 209  Balaenoptera_acutorostrata      0.00%    passed     99.99%
 210  Balaenoptera_bonaerensis        0.00%    passed     99.99%
 211  Balaenoptera_musculus           0.00%    passed     99.98%
 212  Balaenoptera_brydei             0.00%    passed     99.97%
 213  Balaenoptera_edeni              0.00%    passed     99.89%
 214  Balaenoptera_borealis           0.00%    passed     99.74%
 215  Balaenoptera_omurai             0.00%    passed     99.74%
 216  Eschrichtius_robustus           0.00%    passed     99.97%
 217  Caperea_marginata               0.00%    passed     99.98%
 218  Balaena_mysticetus              0.00%    passed    100.00%
 219  Eubalaena_australis             0.00%    passed    100.00%
 220  Eubalaena_japonica              0.00%    passed    100.00%
 221  Physeter_catodon                0.00%    passed    100.00%
 222  Kogia_breviceps                 0.00%    passed    100.00%
 223  Hyperoodon_ampullatus           0.00%    passed    100.00%
 224  Berardius_bairdii               0.00%    passed    100.00%
 225  Platanista_minor                0.00%    passed    100.00%
 226  Inia_geoffrensis                0.00%    passed    100.00%
 227  Pontoporia_blainvillei          0.00%    passed     99.60%
 228  Lipotes_vexillifer              0.00%    passed     99.97%
 229  Lagenorhynchus_albirostris      0.00%    passed     99.99%
 230  Stenella_attenuata              0.00%    passed     99.97%
 231  Stenella_coeruleoalba           0.00%    passed     99.99%
 232  Tursiops_aduncus                0.00%    passed     99.99%
 233  Delphinus_capensis              0.00%    passed     99.99%
 234  Tursiops_truncatus              0.00%    passed     99.99%
 235  Sousa_chinensis                 0.00%    passed     99.99%
 236  Grampus_griseus                 0.00%    passed     99.97%
 237  Phocoena_phocoena               0.00%    passed     99.99%
 238  Monodon_monoceros               0.00%    passed     99.94%
 239  Ovis_aries                      0.00%    passed    100.00%
 240  Ammotragus_lervia               0.00%    passed    100.00%
 241  Budorcas_taxicolor              0.00%    passed    100.00%
 242  Capra_hircus                    0.00%    passed     99.94%
 243  Naemorhedus_swinhoei            0.00%    passed    100.00%
 244  Capricornis_crispus             0.00%    passed    100.00%
 245  Naemorhedus_caudatus            0.00%    passed    100.00%
 246  Pantholops_hodgsonii            0.00%    passed    100.00%
 247  Antilope_cervicapra             0.00%    passed    100.00%
 248  Bos_indicus                     0.00%    passed    100.00%
 249  Bos_taurus                      0.00%    passed    100.00%
 250  Bison_bonasus                   0.00%    passed    100.00%
 251  Bos_grunniens                   0.00%    passed    100.00%
 252  Bison_bison                     0.00%    passed    100.00%
 253  Bubalus_bubalis                 0.00%    passed    100.00%
 254  Moschus_berezovskii             0.00%    passed    100.00%
 255  Moschus_moschiferus             0.00%    passed    100.00%
 256  Muntiacus_reevesi               0.00%    passed    100.00%
 257  Muntiacus_muntjak               0.00%    passed    100.00%
 258  Muntiacus_crinifrons            0.00%    passed    100.00%
 259  Cervus_nippon                   0.00%    passed    100.00%
 260  Cervus_elaphus                  0.00%    passed    100.00%
 261  Cervus_unicolor                 0.00%    passed    100.00%
 262  Elaphodus_cephalophus           0.00%    passed    100.00%
 263  Rangifer_tarandus               0.00%    passed    100.00%
 264  Hydropotes_inermis              0.00%    passed    100.00%
 265  Giraffa_camelopardalis          0.00%    passed     99.99%
 266  Lama_pacos                      0.00%    passed     99.99%
 267  Lama_glama                      0.00%    passed    100.00%
 268  Lama_guanicoe                   0.00%    passed    100.00%
 269  Vicugna_vicugna                 0.00%    passed     99.99%
 270  Camelus_bactrianus              0.00%    passed    100.00%
 271  Camelus_dromedarius             0.00%    passed     99.99%
 272  Pecari_tajacu                   0.00%    passed    100.00%
 273  Sus_scrofa                      0.00%    passed    100.00%
 274  Phacochoerus_africanus          0.00%    passed    100.00%
****  TOTAL                           0.00%  0 sequences failed composition chi2 test (p-value<5%; df=19)
NOTE: Rhinolophus_pumilus is identical to Rhinolophus_monoceros but kept for subsequent analysis
NOTE: Phoca_hispida is identical to Phoca_caspica but kept for subsequent analysis
NOTE: Eubalaena_japonica is identical to Eubalaena_australis but kept for subsequent analysis
NOTE: Tursiops_truncatus is identical to Stenella_coeruleoalba but kept for subsequent analysis
NOTE: 1 identical sequences (see below) will be ignored for subsequent analysis
NOTE: Sousa_chinensis (identical to Stenella_coeruleoalba) is ignored but added at the end

For your convenience alignment with unique sequences printed to /csm_data/spielman_lab/aa_phylo_fit_topology/simulations/alignments/wag_control/LAC_dosreis_rep1_AA.fasta.uniqueseq.phy

Create initial parsimony tree by phylogenetic likelihood library (PLL)... 0.073 seconds
Generating 1000 samples for ultrafast bootstrap (seed: 6045)...

NOTE: 44 MB RAM (0 GB) is required!
Measuring multi-threading efficiency up to 8 CPU cores
Increase to 10 rounds for branch lengths
6 trees examined
Threads: 1 / Time: 8.538 sec / Speedup: 1.000 / Efficiency: 100% / LogL: -42095
Threads: 2 / Time: 4.768 sec / Speedup: 1.791 / Efficiency: 90% / LogL: -42095
Threads: 3 / Time: 3.520 sec / Speedup: 2.426 / Efficiency: 81% / LogL: -42095
Threads: 4 / Time: 2.931 sec / Speedup: 2.913 / Efficiency: 73% / LogL: -42095
Threads: 5 / Time: 2.621 sec / Speedup: 3.258 / Efficiency: 65% / LogL: -42095
Threads: 6 / Time: 2.391 sec / Speedup: 3.571 / Efficiency: 60% / LogL: -42095
Threads: 7 / Time: 2.267 sec / Speedup: 3.766 / Efficiency: 54% / LogL: -42095
Threads: 8 / Time: 2.170 sec / Speedup: 3.935 / Efficiency: 49% / LogL: -42095
BEST NUMBER OF THREADS: 7

Estimate model parameters (epsilon = 0.100)
1. Initial log-likelihood: -20210.357
2. Current log-likelihood: -20008.591
3. Current log-likelihood: -20007.779
Optimal log-likelihood: -20007.760
Gamma shape alpha: 0.590
Parameters optimization took 3 rounds (0.468 sec)
Computing ML distances based on estimated model parameters... 22.748 sec
Computing BIONJ tree...
0.074 seconds
Log-likelihood of BIONJ tree: -20108.695
--------------------------------------------------------------------
|             INITIALIZING CANDIDATE TREE SET                      |
--------------------------------------------------------------------
Generating 98 parsimony trees... 8.759 second
Computing log-likelihood of 98 initial trees ... 11.133 seconds
Current best score: -19997.134

Do NNI search on 20 best initial trees
Estimate model parameters (epsilon = 0.100)
BETTER TREE FOUND at iteration 1: -19985.750
BETTER TREE FOUND at iteration 5: -19985.750
BETTER TREE FOUND at iteration 10: -19985.750
Iteration 10 / LogL: -19985.750 / Time: 0h:1m:10s
BETTER TREE FOUND at iteration 19: -19985.750
Iteration 20 / LogL: -19985.786 / Time: 0h:1m:28s
Finish initializing candidate tree set (20)
Current best tree score: -19985.750 / CPU time: 55.153
Number of iterations: 20
--------------------------------------------------------------------
|               OPTIMIZING CANDIDATE TREE SET                      |
--------------------------------------------------------------------
BETTER TREE FOUND at iteration 23: -19985.748
BETTER TREE FOUND at iteration 24: -19985.748
BETTER TREE FOUND at iteration 28: -19985.747
Iteration 30 / LogL: -19985.877 / Time: 0h:1m:51s (0h:6m:15s left)
BETTER TREE FOUND at iteration 39: -19985.747
Iteration 40 / LogL: -19993.297 / Time: 0h:2m:12s (0h:5m:34s left)
BETTER TREE FOUND at iteration 43: -19985.747
BETTER TREE FOUND at iteration 50: -19985.746
Iteration 50 / LogL: -19985.746 / Time: 0h:2m:34s (0h:5m:13s left)
Log-likelihood cutoff on original alignment: -20037.044
Iteration 60 / LogL: -20015.747 / Time: 0h:2m:56s (0h:4m:29s left)
BETTER TREE FOUND at iteration 63: -19985.746
BETTER TREE FOUND at iteration 69: -19985.746
Iteration 70 / LogL: -19990.725 / Time: 0h:3m:18s (0h:4m:44s left)
BETTER TREE FOUND at iteration 75: -19985.745
BETTER TREE FOUND at iteration 76: -19985.745
Iteration 80 / LogL: -20007.482 / Time: 0h:3m:41s (0h:4m:29s left)
Iteration 90 / LogL: -19985.876 / Time: 0h:4m:3s (0h:3m:54s left)
Iteration 100 / LogL: -19992.148 / Time: 0h:4m:24s (0h:3m:23s left)
Log-likelihood cutoff on original alignment: -20036.287
NOTE: Bootstrap correlation coefficient of split occurrence frequencies: 0.999
Iteration 110 / LogL: -19985.891 / Time: 0h:4m:47s (0h:3m:56s left)
BETTER TREE FOUND at iteration 120: -19985.745
Iteration 120 / LogL: -19985.745 / Time: 0h:5m:9s (0h:4m:19s left)
Iteration 130 / LogL: -19985.772 / Time: 0h:5m:30s (0h:3m:50s left)
Iteration 140 / LogL: -19985.745 / Time: 0h:5m:53s (0h:3m:23s left)
Iteration 150 / LogL: -20004.820 / Time: 0h:6m:13s (0h:2m:55s left)
Log-likelihood cutoff on original alignment: -20036.287
Iteration 160 / LogL: -19985.745 / Time: 0h:6m:35s (0h:2m:29s left)
Iteration 170 / LogL: -19985.745 / Time: 0h:6m:56s (0h:2m:3s left)
Iteration 180 / LogL: -19985.746 / Time: 0h:7m:18s (0h:1m:37s left)
Iteration 190 / LogL: -20003.193 / Time: 0h:7m:39s (0h:1m:12s left)
BETTER TREE FOUND at iteration 193: -19985.745
Iteration 200 / LogL: -19985.876 / Time: 0h:8m:1s (0h:3m:45s left)
Log-likelihood cutoff on original alignment: -20036.287
NOTE: Bootstrap correlation coefficient of split occurrence frequencies: 1.000
Iteration 210 / LogL: -19987.425 / Time: 0h:8m:25s (0h:3m:37s left)
BETTER TREE FOUND at iteration 212: -19985.745
Iteration 220 / LogL: -19985.745 / Time: 0h:8m:48s (0h:3m:42s left)
Iteration 230 / LogL: -20003.193 / Time: 0h:9m:9s (0h:3m:16s left)
BETTER TREE FOUND at iteration 234: -19985.745
Iteration 240 / LogL: -19990.859 / Time: 0h:9m:34s (0h:3m:45s left)
Iteration 250 / LogL: -20007.928 / Time: 0h:9m:55s (0h:3m:20s left)
Log-likelihood cutoff on original alignment: -20036.275
Iteration 260 / LogL: -19985.745 / Time: 0h:10m:19s (0h:2m:56s left)
Iteration 270 / LogL: -19992.147 / Time: 0h:10m:42s (0h:2m:32s left)
BETTER TREE FOUND at iteration 277: -19985.744
Iteration 280 / LogL: -19994.088 / Time: 0h:11m:4s (0h:3m:50s left)
Iteration 290 / LogL: -20009.517 / Time: 0h:11m:26s (0h:3m:26s left)
Iteration 300 / LogL: -19985.890 / Time: 0h:11m:47s (0h:3m:2s left)
Log-likelihood cutoff on original alignment: -20036.275
NOTE: Bootstrap correlation coefficient of split occurrence frequencies: 0.999
BETTER TREE FOUND at iteration 310: -19985.744
Iteration 310 / LogL: -19985.744 / Time: 0h:12m:11s (0h:3m:56s left)
Iteration 320 / LogL: -19985.745 / Time: 0h:12m:32s (0h:3m:32s left)
Iteration 330 / LogL: -19990.953 / Time: 0h:12m:56s (0h:3m:8s left)
Iteration 340 / LogL: -19985.745 / Time: 0h:13m:19s (0h:2m:44s left)
Iteration 350 / LogL: -19985.745 / Time: 0h:13m:41s (0h:2m:21s left)
Log-likelihood cutoff on original alignment: -20036.275
Iteration 360 / LogL: -19985.876 / Time: 0h:14m:5s (0h:1m:57s left)
Iteration 370 / LogL: -19985.744 / Time: 0h:14m:27s (0h:1m:33s left)
BETTER TREE FOUND at iteration 380: -19985.744
Iteration 380 / LogL: -19985.744 / Time: 0h:14m:49s (0h:3m:54s left)
Iteration 390 / LogL: -19987.695 / Time: 0h:15m:10s (0h:3m:30s left)
Iteration 400 / LogL: -20014.691 / Time: 0h:15m:33s (0h:3m:7s left)
Log-likelihood cutoff on original alignment: -20036.275
NOTE: Bootstrap correlation coefficient of split occurrence frequencies: 0.999
Iteration 410 / LogL: -19985.745 / Time: 0h:15m:57s (0h:3m:30s left)
Iteration 420 / LogL: -19985.745 / Time: 0h:16m:20s (0h:3m:7s left)
Iteration 430 / LogL: -19986.758 / Time: 0h:16m:42s (0h:2m:43s left)
Iteration 440 / LogL: -19990.444 / Time: 0h:17m:4s (0h:2m:20s left)
Iteration 450 / LogL: -19991.698 / Time: 0h:17m:26s (0h:1m:56s left)
Log-likelihood cutoff on original alignment: -20033.921
Iteration 460 / LogL: -19993.163 / Time: 0h:17m:50s (0h:1m:33s left)
BETTER TREE FOUND at iteration 466: -19985.744
Iteration 470 / LogL: -19990.407 / Time: 0h:18m:12s (0h:3m:43s left)
Iteration 480 / LogL: -19985.744 / Time: 0h:18m:36s (0h:3m:20s left)
Iteration 490 / LogL: -19985.780 / Time: 0h:18m:59s (0h:2m:57s left)
Iteration 500 / LogL: -19986.757 / Time: 0h:19m:21s (0h:2m:33s left)
Log-likelihood cutoff on original alignment: -20033.921
NOTE: Bootstrap correlation coefficient of split occurrence frequencies: 0.999
BETTER TREE FOUND at iteration 502: -19985.744
Iteration 510 / LogL: -19985.890 / Time: 0h:19m:43s (0h:3m:33s left)
Iteration 520 / LogL: -19985.911 / Time: 0h:20m:4s (0h:3m:10s left)
Iteration 530 / LogL: -19987.702 / Time: 0h:20m:27s (0h:2m:47s left)
Iteration 540 / LogL: -19991.847 / Time: 0h:20m:49s (0h:2m:23s left)
Iteration 550 / LogL: -19985.745 / Time: 0h:21m:10s (0h:2m:0s left)
Log-likelihood cutoff on original alignment: -20033.921
Iteration 560 / LogL: -19985.744 / Time: 0h:21m:32s (0h:1m:37s left)
Iteration 570 / LogL: -19992.439 / Time: 0h:21m:54s (0h:1m:13s left)
BETTER TREE FOUND at iteration 572: -19985.744
Iteration 580 / LogL: -19995.547 / Time: 0h:22m:16s (0h:3m:32s left)
Iteration 590 / LogL: -19985.745 / Time: 0h:22m:38s (0h:3m:9s left)
BETTER TREE FOUND at iteration 599: -19985.744
Iteration 600 / LogL: -19985.889 / Time: 0h:23m:1s (0h:3m:48s left)
Log-likelihood cutoff on original alignment: -20033.921
NOTE: Bootstrap correlation coefficient of split occurrence frequencies: 0.999
BETTER TREE FOUND at iteration 607: -19985.744
BETTER TREE FOUND at iteration 608: -19985.744
Iteration 610 / LogL: -19985.926 / Time: 0h:23m:25s (0h:3m:46s left)
Iteration 620 / LogL: -19985.744 / Time: 0h:23m:48s (0h:3m:23s left)
Iteration 630 / LogL: -19986.313 / Time: 0h:24m:10s (0h:2m:59s left)
Iteration 640 / LogL: -19985.744 / Time: 0h:24m:33s (0h:2m:36s left)
BETTER TREE FOUND at iteration 641: -19985.743
Iteration 650 / LogL: -19985.744 / Time: 0h:24m:56s (0h:3m:29s left)
Log-likelihood cutoff on original alignment: -20033.921
Iteration 660 / LogL: -19985.744 / Time: 0h:25m:18s (0h:3m:6s left)
Iteration 670 / LogL: -19997.739 / Time: 0h:25m:40s (0h:2m:43s left)
Iteration 680 / LogL: -19985.744 / Time: 0h:26m:3s (0h:2m:20s left)
Iteration 690 / LogL: -20006.426 / Time: 0h:26m:26s (0h:1m:57s left)
Iteration 700 / LogL: -19985.780 / Time: 0h:26m:48s (0h:1m:34s left)
Log-likelihood cutoff on original alignment: -20033.921
NOTE: Bootstrap correlation coefficient of split occurrence frequencies: 0.999
Iteration 710 / LogL: -19985.744 / Time: 0h:27m:12s (0h:3m:27s left)
Iteration 720 / LogL: -19985.780 / Time: 0h:27m:36s (0h:3m:4s left)
Iteration 730 / LogL: -19985.744 / Time: 0h:28m:0s (0h:2m:41s left)
Iteration 740 / LogL: -19985.875 / Time: 0h:28m:22s (0h:2m:18s left)
TREE SEARCH COMPLETED AFTER 742 ITERATIONS / Time: 0h:28m:27s

--------------------------------------------------------------------
|                    FINALIZING TREE SEARCH                        |
--------------------------------------------------------------------
Performs final model parameters optimization
Estimate model parameters (epsilon = 0.010)
1. Initial log-likelihood: -19985.743
Optimal log-likelihood: -19985.743
Gamma shape alpha: 0.589
Parameters optimization took 1 rounds (0.105 sec)
BEST SCORE FOUND : -19985.743
Creating bootstrap support values...
Split supports printed to NEXUS file /csm_data/spielman_lab/aa_phylo_fit_topology/simulations/alignments/wag_control/LAC_dosreis_rep1_AA.fasta.splits.nex
Total tree length: 16.621

Total number of iterations: 742
CPU time used for tree search: 11485.997 sec (3h:11m:25s)
Wall-clock time used for tree search: 1674.228 sec (0h:27m:54s)
Total CPU time used: 11632.173 sec (3h:13m:52s)
Total wall-clock time used: 1708.952 sec (0h:28m:28s)

Computing bootstrap consensus tree...
Reading input file /csm_data/spielman_lab/aa_phylo_fit_topology/simulations/alignments/wag_control/LAC_dosreis_rep1_AA.fasta.splits.nex...
273 taxa and 1469 splits.
Consensus tree written to /csm_data/spielman_lab/aa_phylo_fit_topology/simulations/alignments/wag_control/LAC_dosreis_rep1_AA.fasta.contree
Reading input trees file /csm_data/spielman_lab/aa_phylo_fit_topology/simulations/alignments/wag_control/LAC_dosreis_rep1_AA.fasta.contree
Log-likelihood of consensus tree: -19985.750

Analysis results written to: 
  IQ-TREE report:                /csm_data/spielman_lab/aa_phylo_fit_topology/simulations/alignments/wag_control/LAC_dosreis_rep1_AA.fasta.iqtree
  Maximum-likelihood tree:       /csm_data/spielman_lab/aa_phylo_fit_topology/simulations/alignments/wag_control/LAC_dosreis_rep1_AA.fasta.treefile
  Likelihood distances:          /csm_data/spielman_lab/aa_phylo_fit_topology/simulations/alignments/wag_control/LAC_dosreis_rep1_AA.fasta.mldist

Ultrafast bootstrap approximation results written to:
  Split support values:          /csm_data/spielman_lab/aa_phylo_fit_topology/simulations/alignments/wag_control/LAC_dosreis_rep1_AA.fasta.splits.nex
  Consensus tree:                /csm_data/spielman_lab/aa_phylo_fit_topology/simulations/alignments/wag_control/LAC_dosreis_rep1_AA.fasta.contree
  Screen log file:               /csm_data/spielman_lab/aa_phylo_fit_topology/simulations/alignments/wag_control/LAC_dosreis_rep1_AA.fasta.log

Date and Time: Fri Jan 31 18:03:22 2020
