IQ-TREE multicore version 1.6.7 for Linux 64-bit built Aug 23 2018
Developed by Bui Quang Minh, Nguyen Lam Tung, Olga Chernomor,
Heiko Schmidt, Dominik Schrempf, Michael Woodhams.

Host:    csm-com-006 (AVX2, FMA3, 62 GB RAM)
Command: iqtree -quiet -nt AUTO -ntmax 8 -m mtMAM+F+G4 -s /csm_data/spielman_lab/aa_phylo_fit_topology/simulations/alignments/wag_control/LAC_opisthokonta_rep6_AA.fasta -st AA -redo -bb 1000
Seed:    849406 (Using SPRNG - Scalable Parallel Random Number Generator)
Time:    Fri Jan 31 14:09:25 2020
Kernel:  AVX+FMA - auto-detect threads (48 CPU cores detected)

Reading alignment file /csm_data/spielman_lab/aa_phylo_fit_topology/simulations/alignments/wag_control/LAC_opisthokonta_rep6_AA.fasta ... Fasta format detected
Alignment most likely contains protein sequences
Alignment has 70 sequences with 262 columns, 242 distinct patterns
196 parsimony-informative, 33 singleton sites, 33 constant sites
                                  Gap/Ambiguity  Composition  p-value
   1  Oscarella_carmela                   0.00%    passed     97.87%
   2  Oscarella_lobularis                 0.00%    passed     98.47%
   3  Leucetta_chagosensis                0.00%    passed     97.80%
   4  Sycon_raphanus                      0.00%    passed     79.57%
   5  Oopsacas_minuta                     0.00%    passed     99.71%
   6  Carteriospongia_foliascens          0.00%    passed    100.00%
   7  Amphimedon_queenslandica            0.00%    passed     95.92%
   8  Suberites_domuncula                 0.00%    passed     97.17%
   9  Lubomirskia_baicalensis             0.00%    passed     99.91%
  10  Ephydatia_muelleri                  0.00%    passed     99.68%
  11  Trichoplax_adhaerens                0.00%    passed     98.54%
  12  Nematostella_vectensis              0.00%    passed     99.95%
  13  Anemonia_viridis                    0.00%    passed     95.27%
  14  Aiptasia_pallida                    0.00%    passed     99.66%
  15  Metridium_senile                    0.00%    passed     97.78%
  16  Acropora_palmata                    0.00%    passed     99.00%
  17  Acropora_millepora                  0.00%    passed     99.92%
  18  Porites_astreoides                  0.00%    passed     99.61%
  19  Montastraea_faveolata               0.00%    passed     99.52%
  20  Cyanea_capillata                    0.00%    passed     99.89%
  21  Clytia_hemisphaerica                0.00%    passed     99.96%
  22  Podocoryna_carnea                   0.00%    passed     99.88%
  23  Hydractinia_echinata                0.00%    passed     99.62%
  24  Hydra_magnipapillata                0.00%    passed    100.00%
  25  Saccoglossus_kowalevskii            0.00%    passed     93.30%
  26  Ptychodera_flava                    0.00%    passed     99.78%
  27  Strongylocentrotus_purpuratus       0.00%    passed     84.53%
  28  Asterina_pectinifera                0.00%    passed     99.99%
  29  Branchiostoma_floridae              0.00%    passed     99.96%
  30  Petromyzon_marinus                  0.00%    passed     98.73%
  31  Gallus                              0.00%    passed     99.93%
  32  Ciona_intestinalis                  0.00%    passed     99.72%
  33  Halocynthia_roretzi                 0.00%    passed     97.96%
  34  Anoplodactylus_eroticus             0.00%    passed     98.98%
  35  Boophilus_microplus                 0.00%    passed     98.58%
  36  Daphnia_pulex                       0.00%    passed     99.36%
  37  Drosophila_melanogaster             0.00%    passed     99.81%
  38  Euperipatoides_kanangrensis         0.00%    passed     98.75%
  39  Echinoderes_horni                   0.00%    passed     99.82%
  40  Xiphinema_index                     0.00%    passed     97.44%
  41  Cerebratulus_lacteus                0.00%    passed     99.98%
  42  Terebratalia_transversa             0.00%    passed     99.04%
  43  Lottia_gigantea                     0.00%    passed     99.54%
  44  Crassostrea_virginica               0.00%    passed     95.84%
  45  Euprymna_scolopes                   0.00%    passed    100.00%
  46  Capitella_telata                    0.00%    passed     99.72%
  47  Helobdella_robusta                  0.00%    passed    100.00%
  48  Schmidtea_mediterranea              0.00%    passed     98.80%
  49  Paraplanocera_oligoglena            0.00%    passed     98.19%
  50  Xenoturbella_bocki                  0.00%    passed    100.00%
  51  Nemertoderma_westbladi              0.00%    passed     99.02%
  52  Meara_stichopi                      0.00%    passed     98.53%
  53  Isodiametra_pulchra                 0.00%    passed     98.94%
  54  Symsagittifera_roscoffensis         0.00%    passed     95.22%
  55  Convolutriloba_longifissura         0.00%    passed     97.44%
  56  Capsaspora_owczarzaki_ATCC_30864    0.00%    passed     99.58%
  57  Amoebidium_parasiticum              0.00%    passed     99.75%
  58  Sphaeroforma_arctica                0.00%    passed     97.94%
  59  Spizellomyces_punctatus             0.00%    passed     99.86%
  60  Batrachochytrium_dendrobatidis      0.00%    passed     93.65%
  61  Cryptococcus_neoformans             0.00%    passed     64.14%
  62  Saccharomyces_cerevisiae            0.00%    passed     92.67%
  63  Phycomyces_blakesleeanus            0.00%    passed     97.21%
  64  Rhizopus_orizae                     0.00%    passed     94.27%
  65  Monosiga_ovata                      0.00%    passed     99.78%
  66  Salpingoeca_rosetta                 0.00%    passed     82.01%
  67  Monosiga_brevicollis                0.00%    passed     79.86%
  68  Mnemiopsis                          0.00%    passed     99.38%
  69  Mertensiid_sp                       0.00%    passed     99.64%
  70  Pleurobrachia_pileus                0.00%    passed     99.17%
****  TOTAL                               0.00%  0 sequences failed composition chi2 test (p-value<5%; df=19)

Create initial parsimony tree by phylogenetic likelihood library (PLL)... 0.016 seconds
Generating 1000 samples for ultrafast bootstrap (seed: 849406)...

NOTE: 12 MB RAM (0 GB) is required!
Measuring multi-threading efficiency up to 8 CPU cores
Increase to 10 rounds for branch lengths
24 trees examined
Threads: 1 / Time: 8.240 sec / Speedup: 1.000 / Efficiency: 100% / LogL: -23881
Threads: 2 / Time: 4.930 sec / Speedup: 1.671 / Efficiency: 84% / LogL: -23881
Threads: 3 / Time: 3.900 sec / Speedup: 2.113 / Efficiency: 70% / LogL: -23881
Threads: 4 / Time: 3.187 sec / Speedup: 2.586 / Efficiency: 65% / LogL: -23881
Threads: 5 / Time: 2.848 sec / Speedup: 2.894 / Efficiency: 58% / LogL: -23881
Threads: 6 / Time: 2.627 sec / Speedup: 3.137 / Efficiency: 52% / LogL: -23881
Threads: 7 / Time: 2.627 sec / Speedup: 3.137 / Efficiency: 45% / LogL: -23881
BEST NUMBER OF THREADS: 6

Estimate model parameters (epsilon = 0.100)
1. Initial log-likelihood: -20097.104
2. Current log-likelihood: -19577.959
3. Current log-likelihood: -19543.544
4. Current log-likelihood: -19542.364
Optimal log-likelihood: -19542.282
Gamma shape alpha: 0.518
Parameters optimization took 4 rounds (0.212 sec)
Computing ML distances based on estimated model parameters... 2.413 sec
Computing BIONJ tree...
0.005 seconds
Log-likelihood of BIONJ tree: -19525.235
--------------------------------------------------------------------
|             INITIALIZING CANDIDATE TREE SET                      |
--------------------------------------------------------------------
Generating 98 parsimony trees... 1.626 second
Computing log-likelihood of 98 initial trees ... 3.012 seconds
Current best score: -19525.235

Do NNI search on 20 best initial trees
Estimate model parameters (epsilon = 0.100)
BETTER TREE FOUND at iteration 1: -19499.522
Iteration 10 / LogL: -19504.437 / Time: 0h:0m:38s
Iteration 20 / LogL: -19500.138 / Time: 0h:0m:42s
Finish initializing candidate tree set (10)
Current best tree score: -19499.522 / CPU time: 13.517
Number of iterations: 20
--------------------------------------------------------------------
|               OPTIMIZING CANDIDATE TREE SET                      |
--------------------------------------------------------------------
UPDATE BEST LOG-LIKELIHOOD: -19499.521
UPDATE BEST LOG-LIKELIHOOD: -19499.521
BETTER TREE FOUND at iteration 28: -19499.521
Iteration 30 / LogL: -19501.858 / Time: 0h:0m:46s (0h:2m:38s left)
UPDATE BEST LOG-LIKELIHOOD: -19499.521
Iteration 40 / LogL: -19499.521 / Time: 0h:0m:51s (0h:1m:55s left)
Iteration 50 / LogL: -19517.884 / Time: 0h:0m:55s (0h:1m:28s left)
Log-likelihood cutoff on original alignment: -19559.055
Iteration 60 / LogL: -19499.522 / Time: 0h:0m:59s (0h:1m:8s left)
Iteration 70 / LogL: -19499.521 / Time: 0h:1m:3s (0h:0m:53s left)
Iteration 80 / LogL: -19499.522 / Time: 0h:1m:7s (0h:0m:41s left)
Iteration 90 / LogL: -19499.521 / Time: 0h:1m:12s (0h:0m:30s left)
Iteration 100 / LogL: -19505.567 / Time: 0h:1m:16s (0h:0m:21s left)
Log-likelihood cutoff on original alignment: -19559.055
NOTE: Bootstrap correlation coefficient of split occurrence frequencies: 0.999
Iteration 110 / LogL: -19499.521 / Time: 0h:1m:21s (0h:1m:7s left)
Iteration 120 / LogL: -19499.521 / Time: 0h:1m:25s (0h:0m:57s left)
TREE SEARCH COMPLETED AFTER 129 ITERATIONS / Time: 0h:1m:29s

--------------------------------------------------------------------
|                    FINALIZING TREE SEARCH                        |
--------------------------------------------------------------------
Performs final model parameters optimization
Estimate model parameters (epsilon = 0.010)
1. Initial log-likelihood: -19499.521
Optimal log-likelihood: -19499.519
Gamma shape alpha: 0.515
Parameters optimization took 1 rounds (0.035 sec)
BEST SCORE FOUND : -19499.519
Creating bootstrap support values...
Split supports printed to NEXUS file /csm_data/spielman_lab/aa_phylo_fit_topology/simulations/alignments/wag_control/LAC_opisthokonta_rep6_AA.fasta.splits.nex
Total tree length: 46.935

Total number of iterations: 129
CPU time used for tree search: 352.092 sec (0h:5m:52s)
Wall-clock time used for tree search: 60.174 sec (0h:1m:0s)
Total CPU time used: 457.959 sec (0h:7m:37s)
Total wall-clock time used: 89.627 sec (0h:1m:29s)

Computing bootstrap consensus tree...
Reading input file /csm_data/spielman_lab/aa_phylo_fit_topology/simulations/alignments/wag_control/LAC_opisthokonta_rep6_AA.fasta.splits.nex...
70 taxa and 376 splits.
Consensus tree written to /csm_data/spielman_lab/aa_phylo_fit_topology/simulations/alignments/wag_control/LAC_opisthokonta_rep6_AA.fasta.contree
Reading input trees file /csm_data/spielman_lab/aa_phylo_fit_topology/simulations/alignments/wag_control/LAC_opisthokonta_rep6_AA.fasta.contree
Log-likelihood of consensus tree: -19499.520

Analysis results written to: 
  IQ-TREE report:                /csm_data/spielman_lab/aa_phylo_fit_topology/simulations/alignments/wag_control/LAC_opisthokonta_rep6_AA.fasta.iqtree
  Maximum-likelihood tree:       /csm_data/spielman_lab/aa_phylo_fit_topology/simulations/alignments/wag_control/LAC_opisthokonta_rep6_AA.fasta.treefile
  Likelihood distances:          /csm_data/spielman_lab/aa_phylo_fit_topology/simulations/alignments/wag_control/LAC_opisthokonta_rep6_AA.fasta.mldist

Ultrafast bootstrap approximation results written to:
  Split support values:          /csm_data/spielman_lab/aa_phylo_fit_topology/simulations/alignments/wag_control/LAC_opisthokonta_rep6_AA.fasta.splits.nex
  Consensus tree:                /csm_data/spielman_lab/aa_phylo_fit_topology/simulations/alignments/wag_control/LAC_opisthokonta_rep6_AA.fasta.contree
  Screen log file:               /csm_data/spielman_lab/aa_phylo_fit_topology/simulations/alignments/wag_control/LAC_opisthokonta_rep6_AA.fasta.log

Date and Time: Fri Jan 31 14:10:55 2020
