IQ-TREE multicore version 1.6.7 for Linux 64-bit built Aug 23 2018
Developed by Bui Quang Minh, Nguyen Lam Tung, Olga Chernomor,
Heiko Schmidt, Dominik Schrempf, Michael Woodhams.

Host:    csm-com-009 (AVX2, FMA3, 62 GB RAM)
Command: iqtree -quiet -nt AUTO -ntmax 8 -m WAG+I+G4 -s /csm_data/spielman_lab/aa_phylo_fit_topology/simulations/alignments/wag_control/LAC_spiralia_rep9_AA.fasta -st AA -redo -bb 1000
Seed:    134484 (Using SPRNG - Scalable Parallel Random Number Generator)
Time:    Fri Jan 31 21:33:44 2020
Kernel:  AVX+FMA - auto-detect threads (48 CPU cores detected)

Reading alignment file /csm_data/spielman_lab/aa_phylo_fit_topology/simulations/alignments/wag_control/LAC_spiralia_rep9_AA.fasta ... Fasta format detected
Alignment most likely contains protein sequences
Alignment has 103 sequences with 262 columns, 244 distinct patterns
210 parsimony-informative, 20 singleton sites, 32 constant sites
                                Gap/Ambiguity  Composition  p-value
   1  Adineta_vaga                      0.00%    passed     80.19%
   2  Rotaria_rotatoria                 0.00%    passed     91.36%
   3  Lepadella_patella                 0.00%    passed     97.86%
   4  Brachionus_plicatilis             0.00%    passed     89.97%
   5  Brachionus_manjavacas             0.00%    passed     89.05%
   6  Rhabdopleura_compacta             0.00%    passed    100.00%
   7  Ptychodera_flava                  0.00%    passed     99.90%
   8  SchizocardiumCalif_cl             0.00%    passed     99.95%
   9  Sackow                            0.00%    passed     99.91%
  10  Patmin                            0.00%    passed     95.61%
  11  Parastichopus_parvimensis         0.00%    passed     98.24%
  12  Strpur                            0.00%    passed     98.14%
  13  Florometra_serratissima           0.00%    passed     99.32%
  14  Calmil                            0.00%    passed    100.00%
  15  HUMAN                             0.00%    passed     99.95%
  16  LATCH                             0.00%    passed     99.75%
  17  LEPOC                             0.00%    passed     99.98%
  18  Petromyzon_marins                 0.00%    passed     98.80%
  19  Halocynthia_roretzi               0.00%    passed     99.97%
  20  Molgula_tectiformis               0.00%    passed     98.94%
  21  CIOIN                             0.00%    passed     98.85%
  22  Asymmetron_lucayanum              0.00%    passed    100.00%
  23  BraLan                            0.00%    passed     99.97%
  24  Leucoselenia_complicata           0.00%    passed     97.90%
  25  Sycon_ciliatum                    0.00%    passed     89.56%
  26  Oscarella_carmella                0.00%    passed     96.83%
  27  AMPQE                             0.00%    passed     99.61%
  28  Ephidatia_mulleri                 0.00%    passed     92.18%
  29  NEMVE                             0.00%    passed     98.28%
  30  Acropora_digitifera               0.00%    passed     99.98%
  31  Aurelia_aurita                    0.00%    passed     99.23%
  32  Clytia_hemisphaerica              0.00%    passed     85.30%
  33  Isodiametra_pulchra               0.00%    passed     98.97%
  34  Childia_submaculatum              0.00%    passed     79.53%
  35  Diopisthoporus_gymnopharyngeus    0.00%    passed     96.03%
  36  Hofstenia_miamia                  0.00%    passed     95.49%
  37  Meara_stichopi                    0.00%    passed     92.41%
  38  Nemertoderma_westbladi            0.00%    passed     88.20%
  39  Xenoturbella_profunda             0.00%    passed     98.84%
  40  Xenoturbella_bocki                0.00%    passed     99.98%
  41  TRICA                             0.00%    passed     98.97%
  42  DROME                             0.00%    passed     96.49%
  43  Apis_mellifera                    0.00%    passed     93.08%
  44  Daphnia_pulex                     0.00%    passed     99.01%
  45  Eudigraphis_taiwaniensis          0.00%    passed     90.75%
  46  STRMM                             0.00%    passed     99.05%
  47  Mesobuthus_martensii              0.00%    passed     99.22%
  48  Limulus_polyphemus                0.00%    passed     98.47%
  49  Peripatopsis_capensis             0.00%    passed     99.69%
  50  Enoplus_brevis                    0.00%    passed     99.78%
  51  Romanomermis_culicivorax          0.00%    passed     99.13%
  52  Ramazzottius_varieornatus         0.00%    passed     99.99%
  53  Hypsibius_dujardini               0.00%    passed     99.11%
  54  Priapulus_caudatus                0.00%    passed     94.54%
  55  Halicryptus_spinulosus            0.00%    passed    100.00%
  56  Tubiluchus_corallicola            0.00%    passed     99.78%
  57  Lepidodermella_squamata           0.00%    passed     79.67%
  58  Diuronotus_aspetos                0.00%    passed     96.02%
  59  Macrodasys_sp                     0.00%    passed     91.71%
  60  Megadasys_sp                      0.00%    passed     99.95%
  61  Catenulida_sp                     0.00%    passed     97.22%
  62  Stylochoplana_maculata            0.00%    passed     99.82%
  63  Stylochus_ellipticus              0.00%    passed     96.33%
  64  Macrostomum_lignano               0.00%    passed     98.83%
  65  LOTGI                             0.00%    passed     99.92%
  66  Aplysia_californica               0.00%    passed     99.95%
  67  CRAGI                             0.00%    passed     99.57%
  68  Leptochiton_rugatus               0.00%    passed     98.81%
  69  Neomenia_megatrapezata            0.00%    passed     99.81%
  70  CAPI1                             0.00%    passed     99.46%
  71  Lumbricus_terrestris              0.00%    passed     98.42%
  72  Nephtys_caeca                     0.00%    passed     99.98%
  73  Owenia_fusiformis                 0.00%    passed     99.70%
  74  Lineus_longissimus                0.00%    passed     99.98%
  75  Paranemertes_peregrina            0.00%    passed    100.00%
  76  Malacobdella_grossa               0.00%    passed     99.86%
  77  Tubulanus_polymorphus             0.00%    passed     99.32%
  78  Cephalothrix_linearis             0.00%    passed     99.89%
  79  Hemithiris_psittacea              0.00%    passed     99.41%
  80  Terebratalia_transversa           0.00%    passed     99.49%
  81  Glottidia_pyramidata              0.00%    passed    100.00%
  82  Linana                            0.00%    passed     99.93%
  83  Phoronopsis_harmeri               0.00%    passed    100.00%
  84  Phoronis_vancouverensis           0.00%    passed    100.00%
  85  Phoronis_psammophila              0.00%    passed    100.00%
  86  Membranipora_membranacea          0.00%    passed     95.65%
  87  Bugula_neritina                   0.00%    passed     98.68%
  88  Loxosoma_pectinaricola            0.00%    passed     99.72%
  89  Barentsia_gracilis                0.00%    passed     99.40%
  90  Sagitta_gazellae                  0.00%    passed     97.76%
  91  Sagitta_setosa                    0.00%    passed     99.88%
  92  Pterosagitta_draco                0.00%    passed     96.10%
  93  Sagitta_elegans                   0.00%    passed     99.30%
  94  Sagitta_serratodentata            0.00%    passed     99.61%
  95  Sagitta_hexaptera                 0.00%    passed     99.55%
  96  Krohnitta_sp                      0.00%    passed     90.80%
  97  Paraspadella_ovovivipara          0.00%    passed     99.73%
  98  Pargo1                            0.00%    passed     99.48%
  99  Spadella_cephaloptera             0.00%    passed     98.84%
 100  Eukrohnia_hamata                  0.00%    passed     99.13%
 101  Gnathostomula_paradoxa            0.00%    passed     84.79%
 102  Austrognathia_sp                  0.00%    passed     94.70%
 103  Limnognathia_maerski              0.00%    passed     99.94%
****  TOTAL                             0.00%  0 sequences failed composition chi2 test (p-value<5%; df=19)

Create initial parsimony tree by phylogenetic likelihood library (PLL)... 0.033 seconds
Generating 1000 samples for ultrafast bootstrap (seed: 134484)...

NOTE: 17 MB RAM (0 GB) is required!
Measuring multi-threading efficiency up to 8 CPU cores
Increase to 10 rounds for branch lengths
16 trees examined
Threads: 1 / Time: 8.350 sec / Speedup: 1.000 / Efficiency: 100% / LogL: -29240
Threads: 2 / Time: 4.607 sec / Speedup: 1.813 / Efficiency: 91% / LogL: -29240
Threads: 3 / Time: 3.362 sec / Speedup: 2.483 / Efficiency: 83% / LogL: -29240
Threads: 4 / Time: 2.800 sec / Speedup: 2.982 / Efficiency: 75% / LogL: -29240
Threads: 5 / Time: 2.488 sec / Speedup: 3.356 / Efficiency: 67% / LogL: -29240
Threads: 6 / Time: 2.256 sec / Speedup: 3.701 / Efficiency: 62% / LogL: -29240
Threads: 7 / Time: 1.969 sec / Speedup: 4.241 / Efficiency: 61% / LogL: -29240
Threads: 8 / Time: 2.282 sec / Speedup: 3.659 / Efficiency: 46% / LogL: -29240
BEST NUMBER OF THREADS: 7

Estimate model parameters (epsilon = 0.100)
Thoroughly optimizing +I+G parameters from 10 start values...
Init pinv, alpha: 0.000, 1.000 / Estimate: 0.000, 0.650 / LogL: -22544.154
Init pinv, alpha: 0.014, 1.000 / Estimate: 0.105, 0.794 / LogL: -22518.697
Init pinv, alpha: 0.027, 1.000 / Estimate: 0.105, 0.793 / LogL: -22518.698
Init pinv, alpha: 0.041, 1.000 / Estimate: 0.104, 0.792 / LogL: -22518.704
Init pinv, alpha: 0.054, 1.000 / Estimate: 0.105, 0.793 / LogL: -22518.700
Init pinv, alpha: 0.068, 1.000 / Estimate: 0.105, 0.793 / LogL: -22518.698
Init pinv, alpha: 0.081, 1.000 / Estimate: 0.105, 0.794 / LogL: -22518.697
Init pinv, alpha: 0.095, 1.000 / Estimate: 0.105, 0.794 / LogL: -22518.696
Init pinv, alpha: 0.109, 1.000 / Estimate: 0.105, 0.794 / LogL: -22518.695
Init pinv, alpha: 0.122, 1.000 / Estimate: 0.105, 0.794 / LogL: -22518.696
Optimal pinv,alpha: 0.105, 0.794 / LogL: -22518.695

Parameters optimization took 2.552 sec
Computing ML distances based on estimated model parameters... 3.301 sec
Computing BIONJ tree...
0.008 seconds
Log-likelihood of BIONJ tree: -22483.742
--------------------------------------------------------------------
|             INITIALIZING CANDIDATE TREE SET                      |
--------------------------------------------------------------------
Generating 98 parsimony trees... 2.978 second
Computing log-likelihood of 98 initial trees ... 4.251 seconds
Current best score: -22468.665

Do NNI search on 20 best initial trees
Estimate model parameters (epsilon = 0.100)
BETTER TREE FOUND at iteration 1: -22451.120
Iteration 10 / LogL: -22451.474 / Time: 0h:0m:42s
Estimate model parameters (epsilon = 0.100)
BETTER TREE FOUND at iteration 13: -22450.461
Iteration 20 / LogL: -22453.001 / Time: 0h:0m:47s
Finish initializing candidate tree set (18)
Current best tree score: -22450.461 / CPU time: 16.075
Number of iterations: 20
--------------------------------------------------------------------
|               OPTIMIZING CANDIDATE TREE SET                      |
--------------------------------------------------------------------
Estimate model parameters (epsilon = 0.100)
BETTER TREE FOUND at iteration 26: -22450.366
BETTER TREE FOUND at iteration 28: -22450.365
Iteration 30 / LogL: -22450.366 / Time: 0h:0m:54s (0h:3m:5s left)
UPDATE BEST LOG-LIKELIHOOD: -22450.365
UPDATE BEST LOG-LIKELIHOOD: -22450.364
Iteration 40 / LogL: -22474.661 / Time: 0h:1m:3s (0h:2m:22s left)
Iteration 50 / LogL: -22461.608 / Time: 0h:1m:11s (0h:1m:53s left)
Log-likelihood cutoff on original alignment: -22495.761
Iteration 60 / LogL: -22450.461 / Time: 0h:1m:18s (0h:1m:30s left)
Iteration 70 / LogL: -22450.366 / Time: 0h:1m:26s (0h:1m:12s left)
UPDATE BEST LOG-LIKELIHOOD: -22450.364
Iteration 80 / LogL: -22452.298 / Time: 0h:1m:33s (0h:0m:56s left)
UPDATE BEST LOG-LIKELIHOOD: -22450.364
Iteration 90 / LogL: -22451.144 / Time: 0h:1m:40s (0h:0m:42s left)
Iteration 100 / LogL: -22450.461 / Time: 0h:1m:47s (0h:0m:30s left)
Log-likelihood cutoff on original alignment: -22495.604
NOTE: Bootstrap correlation coefficient of split occurrence frequencies: 0.999
Iteration 110 / LogL: -22450.366 / Time: 0h:1m:55s (0h:1m:35s left)
Iteration 120 / LogL: -22450.365 / Time: 0h:2m:4s (0h:1m:23s left)
TREE SEARCH COMPLETED AFTER 129 ITERATIONS / Time: 0h:2m:11s

--------------------------------------------------------------------
|                    FINALIZING TREE SEARCH                        |
--------------------------------------------------------------------
Performs final model parameters optimization
Estimate model parameters (epsilon = 0.010)
1. Initial log-likelihood: -22450.364
Optimal log-likelihood: -22450.364
Proportion of invariable sites: 0.104
Gamma shape alpha: 0.784
Parameters optimization took 1 rounds (0.052 sec)
BEST SCORE FOUND : -22450.364
Creating bootstrap support values...
Split supports printed to NEXUS file /csm_data/spielman_lab/aa_phylo_fit_topology/simulations/alignments/wag_control/LAC_spiralia_rep9_AA.fasta.splits.nex
Total tree length: 25.970

Total number of iterations: 129
CPU time used for tree search: 674.500 sec (0h:11m:14s)
Wall-clock time used for tree search: 99.640 sec (0h:1m:39s)
Total CPU time used: 806.784 sec (0h:13m:26s)
Total wall-clock time used: 131.444 sec (0h:2m:11s)

Computing bootstrap consensus tree...
Reading input file /csm_data/spielman_lab/aa_phylo_fit_topology/simulations/alignments/wag_control/LAC_spiralia_rep9_AA.fasta.splits.nex...
103 taxa and 578 splits.
Consensus tree written to /csm_data/spielman_lab/aa_phylo_fit_topology/simulations/alignments/wag_control/LAC_spiralia_rep9_AA.fasta.contree
Reading input trees file /csm_data/spielman_lab/aa_phylo_fit_topology/simulations/alignments/wag_control/LAC_spiralia_rep9_AA.fasta.contree
Log-likelihood of consensus tree: -22450.461

Analysis results written to: 
  IQ-TREE report:                /csm_data/spielman_lab/aa_phylo_fit_topology/simulations/alignments/wag_control/LAC_spiralia_rep9_AA.fasta.iqtree
  Maximum-likelihood tree:       /csm_data/spielman_lab/aa_phylo_fit_topology/simulations/alignments/wag_control/LAC_spiralia_rep9_AA.fasta.treefile
  Likelihood distances:          /csm_data/spielman_lab/aa_phylo_fit_topology/simulations/alignments/wag_control/LAC_spiralia_rep9_AA.fasta.mldist

Ultrafast bootstrap approximation results written to:
  Split support values:          /csm_data/spielman_lab/aa_phylo_fit_topology/simulations/alignments/wag_control/LAC_spiralia_rep9_AA.fasta.splits.nex
  Consensus tree:                /csm_data/spielman_lab/aa_phylo_fit_topology/simulations/alignments/wag_control/LAC_spiralia_rep9_AA.fasta.contree
  Screen log file:               /csm_data/spielman_lab/aa_phylo_fit_topology/simulations/alignments/wag_control/LAC_spiralia_rep9_AA.fasta.log

Date and Time: Fri Jan 31 21:35:55 2020
