IQ-TREE multicore version 1.6.7 for Linux 64-bit built Aug 23 2018
Developed by Bui Quang Minh, Nguyen Lam Tung, Olga Chernomor,
Heiko Schmidt, Dominik Schrempf, Michael Woodhams.

Host:    csm-com-005 (AVX2, FMA3, 62 GB RAM)
Command: iqtree -quiet -nt AUTO -ntmax 8 -m Poisson -s /csm_data/spielman_lab/aa_phylo_fit_topology/simulations/alignments/wag_control/LAC_dosreis_rep5_AA.fasta -st AA -redo -bb 1000
Seed:    465845 (Using SPRNG - Scalable Parallel Random Number Generator)
Time:    Fri Jan 31 18:36:44 2020
Kernel:  AVX+FMA - auto-detect threads (48 CPU cores detected)

Reading alignment file /csm_data/spielman_lab/aa_phylo_fit_topology/simulations/alignments/wag_control/LAC_dosreis_rep5_AA.fasta ... Fasta format detected
Alignment most likely contains protein sequences
Alignment has 274 sequences with 262 columns, 241 distinct patterns
198 parsimony-informative, 25 singleton sites, 39 constant sites
                              Gap/Ambiguity  Composition  p-value
   1  Cavia_porcellus                 0.00%    passed     99.47%
   2  Thryonomys_swinderianus         0.00%    passed     99.72%
   3  Rattus_norvegicus               0.00%    passed     95.92%
   4  Rattus_tanezumi                 0.00%    passed     97.33%
   5  Rattus_rattus                   0.00%    passed     98.49%
   6  Rattus_exulans                  0.00%    passed     98.95%
   7  Rattus_praetor                  0.00%    passed     99.88%
   8  Mus_musculus                    0.00%    passed     99.34%
   9  Mus_terricolor                  0.00%    passed     99.53%
  10  Microtus_kikuchii               0.00%    passed    100.00%
  11  Microtus_rossiaemeridionalis    0.00%    passed     99.99%
  12  Proedromys_sp.                  0.00%    passed    100.00%
  13  Eothenomys_chinensis            0.00%    passed     99.91%
  14  Cricetulus_griseus              0.00%    passed     99.16%
  15  Tscherskia_triton               0.00%    passed     97.83%
  16  Mesocricetus_auratus            0.00%    passed     99.62%
  17  Nannospalax_ehrenbergi          0.00%    passed     99.97%
  18  Jaculus_jaculus                 0.00%    passed     99.92%
  19  Myoxus_glis                     0.00%    passed     99.96%
  20  Sciurus_vulgaris                0.00%    passed    100.00%
  21  Anomalurus_sp.                  0.00%    passed     99.15%
  22  Oryctolagus_cuniculus           0.00%    passed     99.99%
  23  Lepus_europaeus                 0.00%    passed    100.00%
  24  Ochotona_collaris               0.00%    passed    100.00%
  25  Ochotona_princeps               0.00%    passed     99.99%
  26  Ochotona_curzoniae              0.00%    passed    100.00%
  27  Pan_troglodytes                 0.00%    passed     99.88%
  28  Pan_paniscus                    0.00%    passed     99.93%
  29  Homo_sapiens                    0.00%    passed     99.72%
  30  Gorilla_gorilla                 0.00%    passed     99.62%
  31  Pongo_pygmaeus                  0.00%    passed     99.99%
  32  Pongo_abelii                    0.00%    passed     99.74%
  33  Hylobates_lar                   0.00%    passed     99.92%
  34  Hylobates_agilis                0.00%    passed     99.64%
  35  Hylobates_pileatus              0.00%    passed     99.93%
  36  Nomascus_siki                   0.00%    passed     99.81%
  37  Symphalangus_syndactylus        0.00%    passed     99.91%
  38  Papio_hamadryas                 0.00%    passed     99.91%
  39  Macaca_sylvanus                 0.00%    passed     94.78%
  40  Macaca_mulatta                  0.00%    passed     88.14%
  41  Macaca_fascicularis             0.00%    passed     95.40%
  42  Macaca_thibetana                0.00%    passed     98.51%
  43  Chlorocebus_aethiops            0.00%    passed     99.75%
  44  Chlorocebus_tantalus            0.00%    passed     99.89%
  45  Chlorocebus_pygerythrus         0.00%    passed     99.66%
  46  Chlorocebus_sabaeus             0.00%    passed     99.94%
  47  Trachypithecus_obscurus         0.00%    passed     99.98%
  48  Presbytis_melalophos            0.00%    passed     99.91%
  49  Nasalis_larvatus                0.00%    passed     98.77%
  50  Pygathrix_roxellana             0.00%    passed     99.47%
  51  Pygathrix_nemaeus               0.00%    passed     99.98%
  52  Semnopithecus_entellus          0.00%    passed     99.91%
  53  Colobus_guereza                 0.00%    passed    100.00%
  54  Procolobus_badius               0.00%    passed    100.00%
  55  Cebus_albifrons                 0.00%    passed     99.52%
  56  Saimiri_sciureus                0.00%    passed     99.97%
  57  Cynocephalus_variegatus         0.00%    passed     99.58%
  58  Nycticebus_coucang              0.00%    passed     99.54%
  59  Loris_tardigradus               0.00%    passed     99.66%
  60  Galago_senegalensis             0.00%    passed     99.98%
  61  Otolemur_crassicaudatus         0.00%    passed     99.82%
  62  Perodicticus_potto              0.00%    passed     99.75%
  63  Lemur_catta                     0.00%    passed    100.00%
  64  Eulemur_mongoz                  0.00%    passed     99.45%
  65  Eulemur_fulvus                  0.00%    passed     99.88%
  66  Eulemur_macaco                  0.00%    passed     99.68%
  67  Varecia_variegata               0.00%    passed     99.99%
  68  Propithecus_coquereli           0.00%    passed     99.95%
  69  Daubentonia_madagascariensis    0.00%    passed    100.00%
  70  Tarsius_bancanus                0.00%    passed    100.00%
  71  Tarsius_syrichta                0.00%    passed    100.00%
  72  Tupaia_belangeri                0.00%    passed     99.44%
  73  Ornithorhynchus_anatinus        0.00%    passed     99.95%
  74  Tachyglossus_aculeatus          0.00%    passed     99.39%
  75  Zaglossus_bruijni               0.00%    passed     98.81%
  76  Didelphis_virginiana            0.00%    passed    100.00%
  77  Metachirus_nudicaudatus         0.00%    passed     99.99%
  78  Thylamys_elegans                0.00%    passed    100.00%
  79  Monodelphis_domestica           0.00%    passed     99.92%
  80  Macropus_robustus               0.00%    passed    100.00%
  81  Lagorchestes_hirsutus           0.00%    passed    100.00%
  82  Lagostrophus_fasciatus          0.00%    passed    100.00%
  83  Potorous_tridactylus            0.00%    passed     99.99%
  84  Trichosurus_vulpecula           0.00%    passed    100.00%
  85  Phalanger_interpositus          0.00%    passed     99.99%
  86  Tarsipes_rostratus              0.00%    passed     99.99%
  87  Pseudocheirus_peregrinus        0.00%    passed    100.00%
  88  Petaurus_breviceps              0.00%    passed    100.00%
  89  Dactylopsila_trivirgata         0.00%    passed     99.99%
  90  Distoechurus_pennatus           0.00%    passed     99.97%
  91  Vombatus_ursinus                0.00%    passed    100.00%
  92  Phascolarctos_cinereus          0.00%    passed     99.92%
  93  Isoodon_macrourus               0.00%    passed    100.00%
  94  Perameles_gunnii                0.00%    passed     99.85%
  95  Echymipera_rufescens            0.00%    passed     99.97%
  96  Macrotis_lagotis                0.00%    passed    100.00%
  97  Dromiciops_gliroides            0.00%    passed    100.00%
  98  Sminthopsis_douglasi            0.00%    passed    100.00%
  99  Sminthopsis_crassicaudata       0.00%    passed     99.99%
 100  Phascogale_tapoatafa            0.00%    passed    100.00%
 101  Dasyurus_hallucatus             0.00%    passed     99.66%
 102  Myrmecobius_fasciatus           0.00%    passed     95.51%
 103  Thylacinus_cynocephalus         0.00%    passed     99.47%
 104  Notoryctes_typhlops             0.00%    passed     99.99%
 105  Caenolestes_fuliginosus         0.00%    passed     99.88%
 106  Rhyncholestes_raphanurus        0.00%    passed     99.99%
 107  Erinaceus_europaeus             0.00%    passed     98.37%
 108  Hemiechinus_auritus             0.00%    passed     97.95%
 109  Echinosorex_gymnura             0.00%    passed     83.81%
 110  Hylomys_suillus                 0.00%    passed     99.67%
 111  Dasypus_novemcinctus            0.00%    passed    100.00%
 112  Tamandua_tetradactyla           0.00%    passed    100.00%
 113  Bradypus_tridactylus            0.00%    passed    100.00%
 114  Choloepus_didactylus            0.00%    passed    100.00%
 115  Loxodonta_africana              0.00%    passed     99.95%
 116  Elephas_maximus                 0.00%    passed     99.96%
 117  Dugong_dugon                    0.00%    passed     99.84%
 118  Trichechus_manatus              0.00%    passed     99.95%
 119  Procavia_capensis               0.00%    passed     99.63%
 120  Dendrohyrax_dorsalis            0.00%    passed     98.65%
 121  Orycteropus_afer                0.00%    passed    100.00%
 122  Macroscelides_proboscideus      0.00%    passed     99.85%
 123  Elephantulus_sp.                0.00%    passed    100.00%
 124  Echinops_telfairi               0.00%    passed     91.39%
 125  Chrysochloris_asiatica          0.00%    passed     96.20%
 126  Eremitalpa_granti               0.00%    passed     99.71%
 127  Talpa_europaea                  0.00%    passed    100.00%
 128  Mogera_wogura                   0.00%    passed    100.00%
 129  Galemys_pyrenaicus              0.00%    passed     99.99%
 130  Urotrichus_talpoides            0.00%    passed     99.88%
 131  Episoriculus_fumidus            0.00%    passed     99.92%
 132  Sorex_unguiculatus              0.00%    passed    100.00%
 133  Crocidura_russula               0.00%    passed     99.99%
 134  Artibeus_jamaicensis            0.00%    passed    100.00%
 135  Mystacina_tuberculata           0.00%    passed     99.85%
 136  Chalinolobus_tuberculatus       0.00%    passed     99.99%
 137  Pipistrellus_abramus            0.00%    passed     99.93%
 138  Pteropus_dasymallus             0.00%    passed    100.00%
 139  Pteropus_scapulatus             0.00%    passed    100.00%
 140  Rousettus_aegyptiacus           0.00%    passed    100.00%
 141  Rhinolophus_monoceros           0.00%    passed    100.00%
 142  Rhinolophus_pumilus             0.00%    passed    100.00%
 143  Rhinolophus_formosae            0.00%    passed     99.99%
 144  Manis_tetradactyla              0.00%    passed     99.98%
 145  Phoca_vitulina                  0.00%    passed     99.99%
 146  Phoca_largha                    0.00%    passed     99.99%
 147  Phoca_sibirica                  0.00%    passed    100.00%
 148  Halichoerus_grypus              0.00%    passed    100.00%
 149  Phoca_caspica                   0.00%    passed    100.00%
 150  Phoca_hispida                   0.00%    passed     99.99%
 151  Phoca_fasciata                  0.00%    passed     99.99%
 152  Phoca_groenlandica              0.00%    passed     99.99%
 153  Cystophora_cristata             0.00%    passed     99.99%
 154  Erignathus_barbatus             0.00%    passed    100.00%
 155  Monachus_schauinslandi          0.00%    passed    100.00%
 156  Mirounga_leonina                0.00%    passed    100.00%
 157  Lobodon_carcinophaga            0.00%    passed     99.99%
 158  Leptonychotes_weddellii         0.00%    passed    100.00%
 159  Hydrurga_leptonyx               0.00%    passed    100.00%
 160  Arctocephalus_forsteri          0.00%    passed     99.53%
 161  Arctocephalus_townsendi         0.00%    passed     99.74%
 162  Phocarctos_hookeri              0.00%    passed     99.87%
 163  Neophoca_cinerea                0.00%    passed     99.97%
 164  Arctocephalus_pusillus          0.00%    passed     99.93%
 165  Zalophus_californianus          0.00%    passed     99.95%
 166  Eumetopias_jubatus              0.00%    passed     99.97%
 167  Callorhinus_ursinus             0.00%    passed    100.00%
 168  Odobenus_rosmarus               0.00%    passed    100.00%
 169  Procyon_lotor                   0.00%    passed    100.00%
 170  Spilogale_putorius              0.00%    passed    100.00%
 171  Martes_melampus                 0.00%    passed    100.00%
 172  Martes_zibellina                0.00%    passed    100.00%
 173  Martes_flavigula                0.00%    passed    100.00%
 174  Gulo_gulo                       0.00%    passed    100.00%
 175  Meles_meles                     0.00%    passed    100.00%
 176  Enhydra_lutris                  0.00%    passed    100.00%
 177  Lutra_lutra                     0.00%    passed     99.99%
 178  Ailurus_fulgens                 0.00%    passed     99.99%
 179  Ursus_americanus                0.00%    passed    100.00%
 180  Ursus_thibetanus                0.00%    passed    100.00%
 181  Helarctos_malayanus             0.00%    passed    100.00%
 182  Ursus_arctos                    0.00%    passed     99.99%
 183  Ursus_maritimus                 0.00%    passed    100.00%
 184  Melursus_ursinus                0.00%    passed     99.99%
 185  Tremarctos_ornatus              0.00%    passed     99.92%
 186  Ailuropoda_melanoleuca          0.00%    passed     99.98%
 187  Canis_lupus                     0.00%    passed    100.00%
 188  Canis_latrans                   0.00%    passed    100.00%
 189  Cuon_alpinus                    0.00%    passed    100.00%
 190  Vulpes_vulpes                   0.00%    passed    100.00%
 191  Nyctereutes_procyonoides        0.00%    passed    100.00%
 192  Felis_catus                     0.00%    passed    100.00%
 193  Acinonyx_jubatus                0.00%    passed    100.00%
 194  Neofelis_nebulosa               0.00%    passed    100.00%
 195  Uncia_uncia                     0.00%    passed    100.00%
 196  Panthera_pardus                 0.00%    passed    100.00%
 197  Panthera_tigris                 0.00%    passed    100.00%
 198  Herpestes_javanicus             0.00%    passed    100.00%
 199  Equus_caballus                  0.00%    passed    100.00%
 200  Equus_asinus                    0.00%    passed     99.99%
 201  Rhinoceros_unicornis            0.00%    passed    100.00%
 202  Rhinoceros_sondaicus            0.00%    passed    100.00%
 203  Ceratotherium_simum             0.00%    passed     99.99%
 204  Diceros_bicornis                0.00%    passed    100.00%
 205  Dicerorhinus_sumatrensis        0.00%    passed    100.00%
 206  Hippopotamus_amphibius          0.00%    passed    100.00%
 207  Balaenoptera_physalus           0.00%    passed    100.00%
 208  Megaptera_novaeangliae          0.00%    passed    100.00%
 209  Balaenoptera_acutorostrata      0.00%    passed    100.00%
 210  Balaenoptera_bonaerensis        0.00%    passed    100.00%
 211  Balaenoptera_musculus           0.00%    passed    100.00%
 212  Balaenoptera_brydei             0.00%    passed    100.00%
 213  Balaenoptera_edeni              0.00%    passed    100.00%
 214  Balaenoptera_borealis           0.00%    passed    100.00%
 215  Balaenoptera_omurai             0.00%    passed    100.00%
 216  Eschrichtius_robustus           0.00%    passed    100.00%
 217  Caperea_marginata               0.00%    passed    100.00%
 218  Balaena_mysticetus              0.00%    passed    100.00%
 219  Eubalaena_australis             0.00%    passed    100.00%
 220  Eubalaena_japonica              0.00%    passed    100.00%
 221  Physeter_catodon                0.00%    passed    100.00%
 222  Kogia_breviceps                 0.00%    passed     99.95%
 223  Hyperoodon_ampullatus           0.00%    passed     99.90%
 224  Berardius_bairdii               0.00%    passed     99.98%
 225  Platanista_minor                0.00%    passed     99.92%
 226  Inia_geoffrensis                0.00%    passed    100.00%
 227  Pontoporia_blainvillei          0.00%    passed     99.24%
 228  Lipotes_vexillifer              0.00%    passed     99.61%
 229  Lagenorhynchus_albirostris      0.00%    passed     99.95%
 230  Stenella_attenuata              0.00%    passed    100.00%
 231  Stenella_coeruleoalba           0.00%    passed    100.00%
 232  Tursiops_aduncus                0.00%    passed    100.00%
 233  Delphinus_capensis              0.00%    passed    100.00%
 234  Tursiops_truncatus              0.00%    passed     99.99%
 235  Sousa_chinensis                 0.00%    passed    100.00%
 236  Grampus_griseus                 0.00%    passed     99.98%
 237  Phocoena_phocoena               0.00%    passed     99.83%
 238  Monodon_monoceros               0.00%    passed    100.00%
 239  Ovis_aries                      0.00%    passed    100.00%
 240  Ammotragus_lervia               0.00%    passed    100.00%
 241  Budorcas_taxicolor              0.00%    passed    100.00%
 242  Capra_hircus                    0.00%    passed    100.00%
 243  Naemorhedus_swinhoei            0.00%    passed    100.00%
 244  Capricornis_crispus             0.00%    passed    100.00%
 245  Naemorhedus_caudatus            0.00%    passed    100.00%
 246  Pantholops_hodgsonii            0.00%    passed    100.00%
 247  Antilope_cervicapra             0.00%    passed    100.00%
 248  Bos_indicus                     0.00%    passed     99.98%
 249  Bos_taurus                      0.00%    passed     99.98%
 250  Bison_bonasus                   0.00%    passed     99.98%
 251  Bos_grunniens                   0.00%    passed     99.85%
 252  Bison_bison                     0.00%    passed     99.81%
 253  Bubalus_bubalis                 0.00%    passed    100.00%
 254  Moschus_berezovskii             0.00%    passed    100.00%
 255  Moschus_moschiferus             0.00%    passed    100.00%
 256  Muntiacus_reevesi               0.00%    passed     99.95%
 257  Muntiacus_muntjak               0.00%    passed     99.97%
 258  Muntiacus_crinifrons            0.00%    passed     99.97%
 259  Cervus_nippon                   0.00%    passed     99.93%
 260  Cervus_elaphus                  0.00%    passed     99.96%
 261  Cervus_unicolor                 0.00%    passed     99.92%
 262  Elaphodus_cephalophus           0.00%    passed     99.85%
 263  Rangifer_tarandus               0.00%    passed     99.94%
 264  Hydropotes_inermis              0.00%    passed     99.83%
 265  Giraffa_camelopardalis          0.00%    passed    100.00%
 266  Lama_pacos                      0.00%    passed    100.00%
 267  Lama_glama                      0.00%    passed    100.00%
 268  Lama_guanicoe                   0.00%    passed    100.00%
 269  Vicugna_vicugna                 0.00%    passed     99.99%
 270  Camelus_bactrianus              0.00%    passed    100.00%
 271  Camelus_dromedarius             0.00%    passed    100.00%
 272  Pecari_tajacu                   0.00%    passed    100.00%
 273  Sus_scrofa                      0.00%    passed    100.00%
 274  Phacochoerus_africanus          0.00%    passed    100.00%
****  TOTAL                           0.00%  0 sequences failed composition chi2 test (p-value<5%; df=19)
NOTE: Phoca_hispida is identical to Phoca_largha but kept for subsequent analysis
NOTE: Bos_taurus is identical to Bos_indicus but kept for subsequent analysis

Create initial parsimony tree by phylogenetic likelihood library (PLL)... 0.105 seconds
Generating 1000 samples for ultrafast bootstrap (seed: 465845)...

NOTE: 12 MB RAM (0 GB) is required!
Measuring multi-threading efficiency up to 8 CPU cores
Increase to 10 rounds for branch lengths
21 trees examined
Threads: 1 / Time: 8.410 sec / Speedup: 1.000 / Efficiency: 100% / LogL: -52239
Threads: 2 / Time: 6.389 sec / Speedup: 1.316 / Efficiency: 66% / LogL: -52239
Threads: 3 / Time: 5.036 sec / Speedup: 1.670 / Efficiency: 56% / LogL: -52239
Threads: 4 / Time: 4.505 sec / Speedup: 1.867 / Efficiency: 47% / LogL: -52239
BEST NUMBER OF THREADS: 3

Estimate model parameters (epsilon = 0.100)
1. Initial log-likelihood: -22983.116
Optimal log-likelihood: -22886.280
Parameters optimization took 1 rounds (0.089 sec)
Computing ML distances based on estimated model parameters... 1.608 sec
Computing BIONJ tree...
0.073 seconds
Log-likelihood of BIONJ tree: -22971.363
--------------------------------------------------------------------
|             INITIALIZING CANDIDATE TREE SET                      |
--------------------------------------------------------------------
Generating 98 parsimony trees... 9.148 second
Computing log-likelihood of 98 initial trees ... 5.400 seconds
Current best score: -22874.449

Do NNI search on 20 best initial trees
Estimate model parameters (epsilon = 0.100)
BETTER TREE FOUND at iteration 1: -22871.270
Estimate model parameters (epsilon = 0.100)
BETTER TREE FOUND at iteration 2: -22871.194
Iteration 10 / LogL: -22871.202 / Time: 0h:0m:49s
Estimate model parameters (epsilon = 0.100)
BETTER TREE FOUND at iteration 13: -22871.106
Iteration 20 / LogL: -22873.043 / Time: 0h:0m:59s
Finish initializing candidate tree set (20)
Current best tree score: -22871.106 / CPU time: 33.917
Number of iterations: 20
--------------------------------------------------------------------
|               OPTIMIZING CANDIDATE TREE SET                      |
--------------------------------------------------------------------
Iteration 30 / LogL: -22882.823 / Time: 0h:1m:7s (0h:3m:13s left)
Iteration 40 / LogL: -22871.145 / Time: 0h:1m:16s (0h:2m:22s left)
BETTER TREE FOUND at iteration 43: -22871.106
BETTER TREE FOUND at iteration 50: -22871.105
Iteration 50 / LogL: -22871.105 / Time: 0h:1m:25s (0h:2m:54s left)
Log-likelihood cutoff on original alignment: -22914.470
Iteration 60 / LogL: -22871.223 / Time: 0h:1m:35s (0h:2m:25s left)
Iteration 70 / LogL: -22871.107 / Time: 0h:1m:43s (0h:1m:59s left)
Iteration 80 / LogL: -22871.213 / Time: 0h:1m:50s (0h:1m:37s left)
BETTER TREE FOUND at iteration 81: -22871.104
Iteration 90 / LogL: -22871.194 / Time: 0h:2m:0s (0h:2m:2s left)
Iteration 100 / LogL: -22878.302 / Time: 0h:2m:9s (0h:1m:45s left)
Log-likelihood cutoff on original alignment: -22914.275
NOTE: Bootstrap correlation coefficient of split occurrence frequencies: 1.000
Iteration 110 / LogL: -22919.407 / Time: 0h:2m:19s (0h:1m:54s left)
Iteration 120 / LogL: -22871.107 / Time: 0h:2m:28s (0h:1m:39s left)
Iteration 130 / LogL: -22880.649 / Time: 0h:2m:37s (0h:1m:25s left)
Iteration 140 / LogL: -22871.126 / Time: 0h:2m:47s (0h:1m:12s left)
Iteration 150 / LogL: -22903.315 / Time: 0h:2m:56s (0h:0m:59s left)
Log-likelihood cutoff on original alignment: -22914.275
Iteration 160 / LogL: -22871.314 / Time: 0h:3m:6s (0h:0m:46s left)
BETTER TREE FOUND at iteration 161: -22871.104
Iteration 170 / LogL: -22884.430 / Time: 0h:3m:16s (0h:1m:45s left)
Iteration 180 / LogL: -22872.242 / Time: 0h:3m:26s (0h:1m:33s left)
Iteration 190 / LogL: -22934.417 / Time: 0h:3m:35s (0h:1m:20s left)
Iteration 200 / LogL: -22871.123 / Time: 0h:3m:44s (0h:1m:8s left)
Log-likelihood cutoff on original alignment: -22914.275
NOTE: Bootstrap correlation coefficient of split occurrence frequencies: 1.000
Iteration 210 / LogL: -22883.784 / Time: 0h:3m:54s (0h:1m:40s left)
Iteration 220 / LogL: -22871.330 / Time: 0h:4m:3s (0h:1m:28s left)
Iteration 230 / LogL: -22872.206 / Time: 0h:4m:13s (0h:1m:17s left)
Iteration 240 / LogL: -22871.107 / Time: 0h:4m:23s (0h:1m:6s left)
Iteration 250 / LogL: -22890.973 / Time: 0h:4m:32s (0h:0m:54s left)
Log-likelihood cutoff on original alignment: -22914.275
Iteration 260 / LogL: -22878.859 / Time: 0h:4m:41s (0h:0m:43s left)
TREE SEARCH COMPLETED AFTER 262 ITERATIONS / Time: 0h:4m:43s

--------------------------------------------------------------------
|                    FINALIZING TREE SEARCH                        |
--------------------------------------------------------------------
Performs final model parameters optimization
Estimate model parameters (epsilon = 0.010)
1. Initial log-likelihood: -22871.104
Optimal log-likelihood: -22871.104
Parameters optimization took 1 rounds (0.034 sec)
BEST SCORE FOUND : -22871.104
Creating bootstrap support values...
Split supports printed to NEXUS file /csm_data/spielman_lab/aa_phylo_fit_topology/simulations/alignments/wag_control/LAC_dosreis_rep5_AA.fasta.splits.nex
Total tree length: 12.113

Total number of iterations: 262
CPU time used for tree search: 742.631 sec (0h:12m:22s)
Wall-clock time used for tree search: 257.938 sec (0h:4m:17s)
Total CPU time used: 815.073 sec (0h:13m:35s)
Total wall-clock time used: 284.354 sec (0h:4m:44s)

Computing bootstrap consensus tree...
Reading input file /csm_data/spielman_lab/aa_phylo_fit_topology/simulations/alignments/wag_control/LAC_dosreis_rep5_AA.fasta.splits.nex...
274 taxa and 1160 splits.
Consensus tree written to /csm_data/spielman_lab/aa_phylo_fit_topology/simulations/alignments/wag_control/LAC_dosreis_rep5_AA.fasta.contree
Reading input trees file /csm_data/spielman_lab/aa_phylo_fit_topology/simulations/alignments/wag_control/LAC_dosreis_rep5_AA.fasta.contree
Log-likelihood of consensus tree: -22871.141

Analysis results written to: 
  IQ-TREE report:                /csm_data/spielman_lab/aa_phylo_fit_topology/simulations/alignments/wag_control/LAC_dosreis_rep5_AA.fasta.iqtree
  Maximum-likelihood tree:       /csm_data/spielman_lab/aa_phylo_fit_topology/simulations/alignments/wag_control/LAC_dosreis_rep5_AA.fasta.treefile
  Likelihood distances:          /csm_data/spielman_lab/aa_phylo_fit_topology/simulations/alignments/wag_control/LAC_dosreis_rep5_AA.fasta.mldist

Ultrafast bootstrap approximation results written to:
  Split support values:          /csm_data/spielman_lab/aa_phylo_fit_topology/simulations/alignments/wag_control/LAC_dosreis_rep5_AA.fasta.splits.nex
  Consensus tree:                /csm_data/spielman_lab/aa_phylo_fit_topology/simulations/alignments/wag_control/LAC_dosreis_rep5_AA.fasta.contree
  Screen log file:               /csm_data/spielman_lab/aa_phylo_fit_topology/simulations/alignments/wag_control/LAC_dosreis_rep5_AA.fasta.log

Date and Time: Fri Jan 31 18:41:29 2020
