IQ-TREE multicore version 1.6.7 for Linux 64-bit built Aug 23 2018
Developed by Bui Quang Minh, Nguyen Lam Tung, Olga Chernomor,
Heiko Schmidt, Dominik Schrempf, Michael Woodhams.

Host:    csm-com-009 (AVX2, FMA3, 62 GB RAM)
Command: iqtree -quiet -nt AUTO -ntmax 8 -m GTR20 -s /csm_data/spielman_lab/aa_phylo_fit_topology/simulations/alignments/wag_control/LAC_andersen_rep9_AA.fasta -st AA -redo -bb 1000
Seed:    643114 (Using SPRNG - Scalable Parallel Random Number Generator)
Time:    Fri Jan 31 20:32:50 2020
Kernel:  AVX+FMA - auto-detect threads (48 CPU cores detected)

Reading alignment file /csm_data/spielman_lab/aa_phylo_fit_topology/simulations/alignments/wag_control/LAC_andersen_rep9_AA.fasta ... Fasta format detected
Alignment most likely contains protein sequences
Alignment has 179 sequences with 262 columns, 212 distinct patterns
165 parsimony-informative, 29 singleton sites, 68 constant sites
                      Gap/Ambiguity  Composition  p-value
   1  BA366-S-GIN-2003        0.00%    passed     97.85%
   2  G502-S-SLE-2009         0.00%    passed     92.98%
   3  G1180-S-SLE-2010        0.00%    passed     99.31%
   4  G2147-S-SLE-2011        0.00%    passed     95.03%
   5  G2165-S-SLE-2011        0.00%    passed     99.85%
   6  LM222-S-SLE-2010        0.00%    passed     98.77%
   7  LM774-S-SLE-2012        0.00%    passed     99.64%
   8  LM778-S-SLE-2012        0.00%    passed     99.64%
   9  G2184-S-SLE-2011        0.00%    passed     99.60%
  10  LM776-S-SLE-2012        0.00%    passed     99.69%
  11  G503-S-SLE-2009         0.00%    passed     89.55%
  12  G2318-S-SLE-2012        0.00%    passed     98.48%
  13  G1959-S-SLE-2011        0.00%    passed     93.95%
  14  G3010-S-SLE-2013        0.00%    passed     95.04%
  15  G610-S-SLE-2009         0.00%    passed     99.04%
  16  G693-S-SLE-2009         0.00%    passed     99.04%
  17  G771-S-SLE-2010         0.00%    passed     99.04%
  18  G1792-S-SLE-2011        0.00%    passed     98.35%
  19  G1960-S-SLE-2011        0.00%    passed     98.35%
  20  G2565-S-SLE-2012        0.00%    passed     98.35%
  21  G2197-S-SLE-2011        0.00%    passed     91.57%
  22  LM032-S-SLE-2010        0.00%    passed     98.29%
  23  Josiah-S-SLE-1976       0.00%    passed     99.76%
  24  G808-S-SLE-2010         0.00%    passed     96.44%
  25  G2868-S-SLE-2012        0.00%    passed     98.89%
  26  G676-S-SLE-2009         0.00%    passed     98.19%
  27  G2405-S-SLE-2012        0.00%    passed     97.57%
  28  G1190-S-SLE-2010        0.00%    passed     95.79%
  29  G2944-S-SLE-2012        0.00%    passed     98.29%
  30  LM765-S-SLE-2012        0.00%    passed     97.26%
  31  G3148-S-SLE-2013        0.00%    passed     97.86%
  32  Z0947-S-SLE-2011        0.00%    passed     96.90%
  33  Z0948-S-SLE-2011        0.00%    passed     96.90%
  34  G1727-S-SLE-2011        0.00%    passed     97.64%
  35  G1647-S-SLE-2011        0.00%    passed     98.43%
  36  G2295-S-SLE-2012        0.00%    passed     97.76%
  37  G2587-S-SLE-2012        0.00%    passed     96.79%
  38  G2280-S-SLE-2012        0.00%    passed     96.35%
  39  G3016-S-SLE-2013        0.00%    passed     92.75%
  40  G3106-S-SLE-2013        0.00%    passed     92.75%
  41  G2612-S-SLE-2012        0.00%    passed     96.79%
  42  LM779-S-SLE-2012        0.00%    passed     98.76%
  43  G692-S-SLE-2009         0.00%    passed     96.89%
  44  LM395-S-SLE-2009        0.00%    passed     99.30%
  45  G1774-S-SLE-2011        0.00%    passed     98.96%
  46  G2222-S-SLE-2011        0.00%    passed     98.91%
  47  G636-S-SLE-2009         0.00%    passed     93.41%
  48  G2315-S-SLE-2012        0.00%    passed     93.07%
  49  G2903-S-SLE-2012        0.00%    passed     97.37%
  50  G3206-S-SLE-2013        0.00%    passed     98.82%
  51  G733-S-SLE-2010         0.00%    passed     95.34%
  52  G2554-S-SLE-2012        0.00%    passed     99.41%
  53  G1618-S-SLE-2011        0.00%    passed     99.66%
  54  G1646-S-SLE-2011        0.00%    passed     99.46%
  55  G2427-S-SLE-2012        0.00%    passed     98.38%
  56  G2392-S-SLE-2012        0.00%    passed     89.63%
  57  G3229-S-SLE-2013        0.00%    passed     88.79%
  58  G3151-S-SLE-2013        0.00%    passed     91.69%
  59  G3248-S-SLE-2013        0.00%    passed     91.69%
  60  G3170-S-SLE-2013        0.00%    passed     91.69%
  61  NL-S-SLE-2000           0.00%    passed     92.24%
  62  G2263-S-SLE-2012        0.00%    passed     95.40%
  63  G2431-S-SLE-2012        0.00%    passed     85.25%
  64  G1442-S-SLE-2011        0.00%    passed     61.23%
  65  G2141-S-SLE-2011        0.00%    passed     98.07%
  66  G1529-S-SLE-2011        0.00%    passed     92.92%
  67  G3234-S-SLE-2013        0.00%    passed     88.44%
  68  G2363-S-SLE-2012        0.00%    passed     94.09%
  69  G2259-S-SLE-2012        0.00%    passed     98.12%
  70  G2723-S-SLE-2012        0.00%    passed     99.66%
  71  G3278-S-SLE-2013        0.00%    passed     99.25%
  72  G2557-S-SLE-2012        0.00%    passed     98.18%
  73  G2615-S-SLE-2012        0.00%    passed     98.30%
  74  G1200-S-LIB-2010        0.00%    passed     97.40%
  75  Macenta-S-GIN-1982      0.00%    passed     98.89%
  76  Z148-S-LIB-1981         0.00%    passed     97.30%
  77  AV-S-CIV-1999           0.00%    passed     57.67%
  78  Nig08-A18-S-NIG-2008    0.00%    passed     34.16%
  79  Nig08-A19-S-NIG-2008    0.00%    passed     21.25%
  80  CSF-S-NIG-2001          0.00%    passed     99.59%
  81  ISTH0009-S-NIG-2011     0.00%    passed     96.18%
  82  LASV979-S-NIG-2009      0.00%    passed     96.18%
  83  LASV237-S-NIG-2010      0.00%    passed     97.50%
  84  LASV711-S-NIG-2009      0.00%    passed     97.50%
  85  LASV992-S-NIG-2009      0.00%    passed     97.50%
  86  ISTH0230-S-NIG-2011     0.00%    passed     96.93%
  87  LASV975-S-NIG-2009      0.00%    passed     97.67%
  88  ISTH2061-S-NIG-2012     0.00%    passed     99.27%
  89  Nig08-A41-S-NIG-2008    0.00%    passed     99.55%
  90  ISTH2217-S-NIG-2012     0.00%    passed     99.96%
  91  ISTH1064-S-NIG-2011     0.00%    passed     99.87%
  92  ISTH2334-S-NIG-2012     0.00%    passed     99.87%
  93  LASV245-S-NIG-2011      0.00%    passed     99.92%
  94  LASV1011-S-NIG-2009     0.00%    passed     99.79%
  95  ISTH2312-S-NIG-2012     0.00%    passed    100.00%
  96  LASV1000-S-NIG-2009     0.00%    passed     99.71%
  97  ISTH2010-S-NIG-2012     0.00%    passed     99.71%
  98  ISTH2016-S-NIG-2012     0.00%    passed     99.68%
  99  Nig08-A37-S-NIG-2008    0.00%    passed     99.68%
 100  LASV737-S-NIG-2009      0.00%    passed     99.68%
 101  LASV719-S-NIG-2009      0.00%    passed     99.25%
 102  LASV046-S-NIG-2009      0.00%    passed     99.00%
 103  ISTH2042-S-NIG-2012     0.00%    passed     99.26%
 104  LASV274-S-NIG-2010      0.00%    passed     99.82%
 105  LASV263-S-NIG-2011      0.00%    passed     99.64%
 106  ISTH1137-S-NIG-2011     0.00%    passed     99.83%
 107  LASV976-S-NIG-2009      0.00%    passed     99.92%
 108  LASV1016-S-NIG-2009     0.00%    passed     99.78%
 109  LASV229-S-NIG-2010      0.00%    passed     99.94%
 110  ISTH2129-S-NIG-2012     0.00%    passed     99.34%
 111  ISTH2057-S-NIG-2012     0.00%    passed     99.88%
 112  LASV058-S-NIG-2008      0.00%    passed     99.71%
 113  ISTH1038-S-NIG-2011     0.00%    passed     99.73%
 114  LASV056-S-NIG-2008      0.00%    passed     99.98%
 115  LASV042-S-NIG-2009      0.00%    passed    100.00%
 116  LASV981-S-NIG-2009      0.00%    passed     99.92%
 117  LASV256-S-NIG-2010      0.00%    passed     99.92%
 118  LASV052-S-NIG-2008      0.00%    passed     99.83%
 119  LASV063-S-NIG-2009      0.00%    passed    100.00%
 120  ISTH0595-S-NIG-2011     0.00%    passed    100.00%
 121  ISTH1096-S-NIG-2012     0.00%    passed     99.75%
 122  LASV221-S-NIG-2010      0.00%    passed     99.82%
 123  LASV977-S-NIG-2009      0.00%    passed     99.82%
 124  LASV971-S-NIG-2009      0.00%    passed     99.88%
 125  LASV967-S-NIG-2009      0.00%    passed     99.98%
 126  ISTH2050-S-NIG-2012     0.00%    passed     99.93%
 127  ISTH2031-S-NIG-2012     0.00%    passed     99.96%
 128  ISTH2376-S-NIG-2012     0.00%    passed     99.71%
 129  LASV991-S-NIG-2009      0.00%    passed     99.97%
 130  LASV267-S-NIG-2010      0.00%    passed     99.96%
 131  LASV049-S-NIG-2009      0.00%    passed     99.82%
 132  LASV239-S-NIG-2010      0.00%    passed     99.59%
 133  ISTH2037-S-NIG-2012     0.00%    passed     99.52%
 134  ISTH1069-S-NIG-2011     0.00%    passed     99.95%
 135  ISTH1129-S-NIG-2012     0.00%    passed     99.97%
 136  ISTH2304-S-NIG-2012     0.00%    passed     99.97%
 137  LASV246-S-NIG-2010      0.00%    passed     99.58%
 138  ISTH1111-S-NIG-2011     0.00%    passed     97.63%
 139  LASV006-S-NIG-2008      0.00%    passed     98.24%
 140  ISTH0531-S-NIG-2011     0.00%    passed     99.86%
 141  LASV254-S-NIG-2011      0.00%    passed     99.84%
 142  ISTH2358-S-NIG-2012     0.00%    passed     99.85%
 143  LASV966-S-NIG-2009      0.00%    passed     97.60%
 144  ISTH1058-S-NIG-2011     0.00%    passed     99.61%
 145  LASV241-S-NIG-2011      0.00%    passed     99.90%
 146  LASV271-S-NIG-2010      0.00%    passed     99.90%
 147  Nig08-A47-S-NIG-2008    0.00%    passed     99.86%
 148  ISTH0012-S-NIG-2011     0.00%    passed     99.89%
 149  LASV993-S-NIG-2009      0.00%    passed     99.61%
 150  ISTH2046-S-NIG-2012     0.00%    passed     99.99%
 151  LASV1008-S-NIG-2009     0.00%    passed     99.98%
 152  ISTH2020-S-NIG-2012     0.00%    passed     99.53%
 153  LASV003-S-NIG-2008      0.00%    passed     99.65%
 154  LASV242-S-NIG-2010      0.00%    passed     99.79%
 155  LASV253-S-NIG-2011      0.00%    passed     99.80%
 156  LASV982-S-NIG-2009      0.00%    passed     99.77%
 157  LASV251-S-NIG-2010      0.00%    passed     99.61%
 158  LASV989-S-NIG-2009      0.00%    passed     99.88%
 159  ISTH0047-S-NIG-2011     0.00%    passed     99.97%
 160  LASV990-S-NIG-2009      0.00%    passed     99.97%
 161  ISTH1003-S-NIG-2011     0.00%    passed     99.96%
 162  ISTH0073-S-NIG-2011     0.00%    passed     99.96%
 163  ISTH2316-S-NIG-2012     0.00%    passed     99.98%
 164  LASV225-S-NIG-2010      0.00%    passed     99.99%
 165  LASV978-S-NIG-2009      0.00%    passed     99.92%
 166  ISTH1048-S-NIG-2011     0.00%    passed     99.97%
 167  LASV045-S-NIG-2009      0.00%    passed     99.99%
 168  ISTH2025-S-NIG-2012     0.00%    passed     99.73%
 169  LASV250-S-NIG-2011      0.00%    passed     99.88%
 170  LASV1015-S-NIG-2009     0.00%    passed     99.91%
 171  LASV035-S-NIG-2009      0.00%    passed     99.90%
 172  ISTH1107-S-NIG-2012     0.00%    passed     99.52%
 173  ISTH2271-S-NIG-2012     0.00%    passed    100.00%
 174  ISTH1121-S-NIG-2012     0.00%    passed     99.61%
 175  ISTH2065-S-NIG-2012     0.00%    passed     97.75%
 176  ISTH2066-S-NIG-2012     0.00%    passed     97.75%
 177  ISTH2094-S-NIG-2012     0.00%    passed     99.36%
 178  Nig08-04-S-NIG-2008     0.00%    passed     99.66%
 179  Pinneo-S-NIG-1969       0.00%    passed     96.45%
****  TOTAL                   0.00%  0 sequences failed composition chi2 test (p-value<5%; df=19)
NOTE: LM778-S-SLE-2012 is identical to LM774-S-SLE-2012 but kept for subsequent analysis
NOTE: G693-S-SLE-2009 is identical to G610-S-SLE-2009 but kept for subsequent analysis
NOTE: G1960-S-SLE-2011 is identical to G1792-S-SLE-2011 but kept for subsequent analysis
NOTE: Z0948-S-SLE-2011 is identical to Z0947-S-SLE-2011 but kept for subsequent analysis
NOTE: G3106-S-SLE-2013 is identical to G3016-S-SLE-2013 but kept for subsequent analysis
NOTE: G3248-S-SLE-2013 is identical to G3151-S-SLE-2013 but kept for subsequent analysis
NOTE: LASV979-S-NIG-2009 is identical to ISTH0009-S-NIG-2011 but kept for subsequent analysis
NOTE: LASV711-S-NIG-2009 is identical to LASV237-S-NIG-2010 but kept for subsequent analysis
NOTE: ISTH2334-S-NIG-2012 is identical to ISTH1064-S-NIG-2011 but kept for subsequent analysis
NOTE: Nig08-A37-S-NIG-2008 is identical to ISTH2016-S-NIG-2012 but kept for subsequent analysis
NOTE: LASV977-S-NIG-2009 is identical to LASV221-S-NIG-2010 but kept for subsequent analysis
NOTE: ISTH2304-S-NIG-2012 is identical to ISTH1129-S-NIG-2012 but kept for subsequent analysis
NOTE: LASV271-S-NIG-2010 is identical to LASV241-S-NIG-2011 but kept for subsequent analysis
NOTE: LASV990-S-NIG-2009 is identical to ISTH0047-S-NIG-2011 but kept for subsequent analysis
NOTE: ISTH0073-S-NIG-2011 is identical to ISTH1003-S-NIG-2011 but kept for subsequent analysis
NOTE: ISTH2066-S-NIG-2012 is identical to ISTH2065-S-NIG-2012 but kept for subsequent analysis
NOTE: 5 identical sequences (see below) will be ignored for subsequent analysis
NOTE: G771-S-SLE-2010 (identical to G610-S-SLE-2009) is ignored but added at the end
NOTE: G2565-S-SLE-2012 (identical to G1792-S-SLE-2011) is ignored but added at the end
NOTE: G3170-S-SLE-2013 (identical to G3151-S-SLE-2013) is ignored but added at the end
NOTE: LASV992-S-NIG-2009 (identical to LASV237-S-NIG-2010) is ignored but added at the end
NOTE: LASV737-S-NIG-2009 (identical to ISTH2016-S-NIG-2012) is ignored but added at the end

For your convenience alignment with unique sequences printed to /csm_data/spielman_lab/aa_phylo_fit_topology/simulations/alignments/wag_control/LAC_andersen_rep9_AA.fasta.uniqueseq.phy

Create initial parsimony tree by phylogenetic likelihood library (PLL)... 0.034 seconds
Generating 1000 samples for ultrafast bootstrap (seed: 643114)...
WARNING: GTR20 model will estimate 189 substitution rates that might be overfitting!
WARNING: Please only use GTR20 with very large data and always test for model fit!

NOTE: 7 MB RAM (0 GB) is required!
Measuring multi-threading efficiency up to 8 CPU cores
Increase to 10 rounds for branch lengths
39 trees examined
Threads: 1 / Time: 8.143 sec / Speedup: 1.000 / Efficiency: 100% / LogL: -40180
Threads: 2 / Time: 6.214 sec / Speedup: 1.311 / Efficiency: 66% / LogL: -40180
Threads: 3 / Time: 5.215 sec / Speedup: 1.561 / Efficiency: 52% / LogL: -40180
Threads: 4 / Time: 4.519 sec / Speedup: 1.802 / Efficiency: 45% / LogL: -40180
BEST NUMBER OF THREADS: 3

Estimate model parameters (epsilon = 0.100)
1. Initial log-likelihood: -9580.282
2. Current log-likelihood: -9228.487
3. Current log-likelihood: -9203.359
4. Current log-likelihood: -9201.994
5. Current log-likelihood: -9201.524
6. Current log-likelihood: -9201.413
Optimal log-likelihood: -9201.383
Parameters optimization took 6 rounds (35.707 sec)
Computing ML distances based on estimated model parameters... 1.939 sec
Computing BIONJ tree...
0.023 seconds
Log-likelihood of BIONJ tree: -9270.697
--------------------------------------------------------------------
|             INITIALIZING CANDIDATE TREE SET                      |
--------------------------------------------------------------------
Generating 98 parsimony trees... 3.892 second
Computing log-likelihood of 98 initial trees ... 2.863 seconds
Current best score: -9178.144

Do NNI search on 20 best initial trees
Estimate model parameters (epsilon = 0.100)
BETTER TREE FOUND at iteration 1: -9174.206
Estimate model parameters (epsilon = 0.100)
BETTER TREE FOUND at iteration 2: -9174.103
Iteration 10 / LogL: -9174.189 / Time: 0h:1m:26s
Iteration 20 / LogL: -9179.582 / Time: 0h:1m:31s
Finish initializing candidate tree set (20)
Current best tree score: -9174.103 / CPU time: 31.263
Number of iterations: 20
--------------------------------------------------------------------
|               OPTIMIZING CANDIDATE TREE SET                      |
--------------------------------------------------------------------
Iteration 30 / LogL: -9177.376 / Time: 0h:1m:35s (0h:3m:57s left)
Iteration 40 / LogL: -9174.659 / Time: 0h:1m:39s (0h:2m:38s left)
BETTER TREE FOUND at iteration 41: -9174.099
Iteration 50 / LogL: -9200.286 / Time: 0h:1m:43s (0h:3m:12s left)
Log-likelihood cutoff on original alignment: -9224.919
Estimate model parameters (epsilon = 0.100)
BETTER TREE FOUND at iteration 52: -9174.059
Iteration 60 / LogL: -9190.458 / Time: 0h:1m:50s (0h:2m:52s left)
BETTER TREE FOUND at iteration 65: -9174.059
Iteration 70 / LogL: -9175.019 / Time: 0h:1m:55s (0h:2m:38s left)
BETTER TREE FOUND at iteration 76: -9174.058
Iteration 80 / LogL: -9178.478 / Time: 0h:1m:59s (0h:2m:25s left)
BETTER TREE FOUND at iteration 88: -9174.058
Iteration 90 / LogL: -9194.251 / Time: 0h:2m:3s (0h:2m:15s left)
BETTER TREE FOUND at iteration 95: -9174.058
BETTER TREE FOUND at iteration 96: -9174.058
BETTER TREE FOUND at iteration 99: -9174.057
Iteration 100 / LogL: -9174.647 / Time: 0h:2m:7s (0h:2m:7s left)
Log-likelihood cutoff on original alignment: -9224.919
NOTE: Bootstrap correlation coefficient of split occurrence frequencies: 0.996
BETTER TREE FOUND at iteration 101: -9174.057
Iteration 110 / LogL: -9179.489 / Time: 0h:2m:12s (0h:1m:50s left)
Iteration 120 / LogL: -9174.057 / Time: 0h:2m:16s (0h:1m:33s left)
BETTER TREE FOUND at iteration 128: -9174.056
Iteration 130 / LogL: -9192.752 / Time: 0h:2m:21s (0h:1m:47s left)
BETTER TREE FOUND at iteration 137: -9174.056
BETTER TREE FOUND at iteration 140: -9174.056
Iteration 140 / LogL: -9174.056 / Time: 0h:2m:25s (0h:1m:44s left)
BETTER TREE FOUND at iteration 141: -9174.055
BETTER TREE FOUND at iteration 145: -9174.055
Iteration 150 / LogL: -9174.057 / Time: 0h:2m:29s (0h:1m:35s left)
Log-likelihood cutoff on original alignment: -9224.919
Iteration 160 / LogL: -9180.070 / Time: 0h:2m:35s (0h:1m:22s left)
Iteration 170 / LogL: -9174.056 / Time: 0h:2m:40s (0h:1m:11s left)
Iteration 180 / LogL: -9183.947 / Time: 0h:2m:45s (0h:0m:59s left)
Iteration 190 / LogL: -9174.056 / Time: 0h:2m:50s (0h:0m:49s left)
BETTER TREE FOUND at iteration 194: -9174.055
Iteration 200 / LogL: -9184.439 / Time: 0h:2m:55s (0h:1m:22s left)
Log-likelihood cutoff on original alignment: -9224.919
NOTE: Bootstrap correlation coefficient of split occurrence frequencies: 0.998
Iteration 210 / LogL: -9200.386 / Time: 0h:3m:1s (0h:1m:18s left)
BETTER TREE FOUND at iteration 216: -9174.054
Iteration 220 / LogL: -9174.055 / Time: 0h:3m:6s (0h:1m:21s left)
Iteration 230 / LogL: -9174.166 / Time: 0h:3m:11s (0h:1m:11s left)
Iteration 240 / LogL: -9180.069 / Time: 0h:3m:15s (0h:1m:2s left)
BETTER TREE FOUND at iteration 246: -9174.054
BETTER TREE FOUND at iteration 247: -9174.054
Iteration 250 / LogL: -9174.054 / Time: 0h:3m:20s (0h:1m:18s left)
Log-likelihood cutoff on original alignment: -9224.919
Iteration 260 / LogL: -9178.324 / Time: 0h:3m:25s (0h:1m:8s left)
BETTER TREE FOUND at iteration 268: -9174.053
BETTER TREE FOUND at iteration 269: -9174.053
Iteration 270 / LogL: -9178.474 / Time: 0h:3m:29s (0h:1m:17s left)
Iteration 280 / LogL: -9176.539 / Time: 0h:3m:34s (0h:1m:8s left)
Iteration 290 / LogL: -9202.501 / Time: 0h:3m:39s (0h:0m:59s left)
Iteration 300 / LogL: -9174.054 / Time: 0h:3m:43s (0h:0m:51s left)
Log-likelihood cutoff on original alignment: -9224.919
NOTE: Bootstrap correlation coefficient of split occurrence frequencies: 0.999
Iteration 310 / LogL: -9192.749 / Time: 0h:3m:48s (0h:1m:6s left)
BETTER TREE FOUND at iteration 312: -9174.053
BETTER TREE FOUND at iteration 314: -9174.053
Iteration 320 / LogL: -9193.993 / Time: 0h:3m:53s (0h:1m:8s left)
Iteration 330 / LogL: -9175.013 / Time: 0h:3m:58s (0h:1m:0s left)
Iteration 340 / LogL: -9195.428 / Time: 0h:4m:3s (0h:0m:53s left)
BETTER TREE FOUND at iteration 341: -9174.053
Iteration 350 / LogL: -9180.197 / Time: 0h:4m:9s (0h:1m:4s left)
Log-likelihood cutoff on original alignment: -9224.919
Iteration 360 / LogL: -9179.640 / Time: 0h:4m:14s (0h:0m:57s left)
Iteration 370 / LogL: -9174.054 / Time: 0h:4m:18s (0h:0m:49s left)
Iteration 380 / LogL: -9176.539 / Time: 0h:4m:23s (0h:0m:42s left)
Iteration 390 / LogL: -9179.012 / Time: 0h:4m:27s (0h:0m:35s left)
Iteration 400 / LogL: -9174.642 / Time: 0h:4m:33s (0h:0m:28s left)
Log-likelihood cutoff on original alignment: -9224.919
NOTE: Bootstrap correlation coefficient of split occurrence frequencies: 0.999
Iteration 410 / LogL: -9174.054 / Time: 0h:4m:38s (0h:1m:1s left)
Iteration 420 / LogL: -9178.324 / Time: 0h:4m:43s (0h:0m:54s left)
BETTER TREE FOUND at iteration 427: -9174.053
Iteration 430 / LogL: -9197.444 / Time: 0h:4m:48s (0h:1m:5s left)
Iteration 440 / LogL: -9180.068 / Time: 0h:4m:54s (0h:0m:58s left)
Iteration 450 / LogL: -9174.054 / Time: 0h:5m:0s (0h:0m:51s left)
Log-likelihood cutoff on original alignment: -9224.919
Iteration 460 / LogL: -9174.053 / Time: 0h:5m:7s (0h:0m:44s left)
Iteration 470 / LogL: -9174.644 / Time: 0h:5m:13s (0h:0m:38s left)
Iteration 480 / LogL: -9174.054 / Time: 0h:5m:19s (0h:0m:31s left)
BETTER TREE FOUND at iteration 485: -9174.052
Iteration 490 / LogL: -9174.054 / Time: 0h:5m:24s (0h:1m:3s left)
Iteration 500 / LogL: -9179.051 / Time: 0h:5m:29s (0h:0m:56s left)
Log-likelihood cutoff on original alignment: -9224.919
NOTE: Bootstrap correlation coefficient of split occurrence frequencies: 0.998
Iteration 510 / LogL: -9174.055 / Time: 0h:5m:35s (0h:0m:59s left)
Iteration 520 / LogL: -9191.863 / Time: 0h:5m:40s (0h:0m:52s left)
Iteration 530 / LogL: -9204.712 / Time: 0h:5m:46s (0h:0m:45s left)
Iteration 540 / LogL: -9185.547 / Time: 0h:5m:53s (0h:0m:39s left)
Iteration 550 / LogL: -9174.053 / Time: 0h:5m:59s (0h:0m:32s left)
Log-likelihood cutoff on original alignment: -9224.919
Iteration 560 / LogL: -9174.054 / Time: 0h:6m:6s (0h:0m:26s left)
Iteration 570 / LogL: -9174.053 / Time: 0h:6m:11s (0h:0m:19s left)
Iteration 580 / LogL: -9213.836 / Time: 0h:6m:16s (0h:0m:13s left)
TREE SEARCH COMPLETED AFTER 586 ITERATIONS / Time: 0h:6m:19s

--------------------------------------------------------------------
|                    FINALIZING TREE SEARCH                        |
--------------------------------------------------------------------
Performs final model parameters optimization
Estimate model parameters (epsilon = 0.010)
1. Initial log-likelihood: -9174.052
Optimal log-likelihood: -9174.048
Parameters optimization took 1 rounds (1.212 sec)
BEST SCORE FOUND : -9174.048
Creating bootstrap support values...
Split supports printed to NEXUS file /csm_data/spielman_lab/aa_phylo_fit_topology/simulations/alignments/wag_control/LAC_andersen_rep9_AA.fasta.splits.nex
Total tree length: 5.531

Total number of iterations: 586
CPU time used for tree search: 934.229 sec (0h:15m:34s)
Wall-clock time used for tree search: 319.089 sec (0h:5m:19s)
Total CPU time used: 1114.694 sec (0h:18m:34s)
Total wall-clock time used: 381.582 sec (0h:6m:21s)

Computing bootstrap consensus tree...
Reading input file /csm_data/spielman_lab/aa_phylo_fit_topology/simulations/alignments/wag_control/LAC_andersen_rep9_AA.fasta.splits.nex...
174 taxa and 1660 splits.
Consensus tree written to /csm_data/spielman_lab/aa_phylo_fit_topology/simulations/alignments/wag_control/LAC_andersen_rep9_AA.fasta.contree
Reading input trees file /csm_data/spielman_lab/aa_phylo_fit_topology/simulations/alignments/wag_control/LAC_andersen_rep9_AA.fasta.contree
Log-likelihood of consensus tree: -9174.058

Analysis results written to: 
  IQ-TREE report:                /csm_data/spielman_lab/aa_phylo_fit_topology/simulations/alignments/wag_control/LAC_andersen_rep9_AA.fasta.iqtree
  Maximum-likelihood tree:       /csm_data/spielman_lab/aa_phylo_fit_topology/simulations/alignments/wag_control/LAC_andersen_rep9_AA.fasta.treefile
  Likelihood distances:          /csm_data/spielman_lab/aa_phylo_fit_topology/simulations/alignments/wag_control/LAC_andersen_rep9_AA.fasta.mldist

Ultrafast bootstrap approximation results written to:
  Split support values:          /csm_data/spielman_lab/aa_phylo_fit_topology/simulations/alignments/wag_control/LAC_andersen_rep9_AA.fasta.splits.nex
  Consensus tree:                /csm_data/spielman_lab/aa_phylo_fit_topology/simulations/alignments/wag_control/LAC_andersen_rep9_AA.fasta.contree
  Screen log file:               /csm_data/spielman_lab/aa_phylo_fit_topology/simulations/alignments/wag_control/LAC_andersen_rep9_AA.fasta.log

Date and Time: Fri Jan 31 20:39:12 2020
