IQ-TREE multicore version 1.6.7 for Linux 64-bit built Aug 23 2018
Developed by Bui Quang Minh, Nguyen Lam Tung, Olga Chernomor,
Heiko Schmidt, Dominik Schrempf, Michael Woodhams.

Host:    csm-com-004 (AVX2, FMA3, 62 GB RAM)
Command: iqtree -quiet -nt AUTO -ntmax 8 -m WAG+I+G4 -s /csm_data/spielman_lab/aa_phylo_fit_topology/simulations/alignments/wag_control/LAC_ruhfel_rep4_AA.fasta -st AA -redo -bb 1000
Seed:    370841 (Using SPRNG - Scalable Parallel Random Number Generator)
Time:    Fri Jan 31 15:19:16 2020
Kernel:  AVX+FMA - auto-detect threads (48 CPU cores detected)

Reading alignment file /csm_data/spielman_lab/aa_phylo_fit_topology/simulations/alignments/wag_control/LAC_ruhfel_rep4_AA.fasta ... Fasta format detected
Alignment most likely contains protein sequences
Alignment has 360 sequences with 262 columns, 243 distinct patterns
216 parsimony-informative, 10 singleton sites, 36 constant sites
                                  Gap/Ambiguity  Composition  p-value
   1  Abies_firma                         0.00%    passed     99.98%
   2  Abolboda_macrostachya               0.00%    passed     97.95%
   3  Cyperus_alternifolius               0.00%    passed     99.68%
   4  Juncus_effusus                      0.00%    passed     99.98%
   5  Thurnia_sphaerocephala              0.00%    passed    100.00%
   6  Acidosasa_purpurea                  0.00%    passed     99.88%
   7  Ferrocalamus_rimosivaginus          0.00%    passed     99.82%
   8  Indocalamus_longiauritus            0.00%    passed     99.84%
   9  Phyllostachys_edulis                0.00%    passed     99.84%
  10  Phyllostachys_nigra                 0.00%    passed     99.84%
  11  Phyllostachys_propinqua             0.00%    passed     99.84%
  12  Bambusa_emeiensis                   0.00%    passed     99.92%
  13  Bambusa_oldhamii                    0.00%    passed     99.92%
  14  Dendrocalamus_latiflorus            0.00%    passed     99.96%
  15  Agrostis_stolonifera                0.00%    passed     99.82%
  16  Festuca_arundinacea                 0.00%    passed     99.84%
  17  Lolium_perenne                      0.00%    passed     99.95%
  18  Hordeum_vulgare                     0.00%    passed     99.92%
  19  Triticum_aestivum                   0.00%    passed     99.91%
  20  Brachypodium_distachyon             0.00%    passed     99.82%
  21  Leersia_tisserantii                 0.00%    passed     99.61%
  22  Oryza_australiensis                 0.00%    passed     99.85%
  23  Oryza_meridionalis                  0.00%    passed     99.64%
  24  Oryza_rufipogonB                    0.00%    passed     99.64%
  25  Oryza_nivara                        0.00%    passed     99.64%
  26  Oryza_rufipogonA                    0.00%    passed     99.64%
  27  Oryza_sativaIndica                  0.00%    passed     99.64%
  28  Oryza_sativaJaponica                0.00%    passed     99.64%
  29  Potamophila_parviflora              0.00%    passed     99.72%
  30  Rhynchoryza_subulata                0.00%    passed     99.78%
  31  Microlaena_stipoides                0.00%    passed     99.84%
  32  Coix_lacryma                        0.00%    passed     99.99%
  33  Saccharum_hybrid310                 0.00%    passed     99.99%
  34  Sorghum_bicolor                     0.00%    passed     99.99%
  35  Zea_mays                            0.00%    passed     99.99%
  36  Panicum_virgatum                    0.00%    passed     99.99%
  37  Eleusine_coracana                   0.00%    passed     99.94%
  38  Puelia_olyriformis                  0.00%    passed     99.96%
  39  Anomochloa_marantoidea              0.00%    passed     99.54%
  40  Streptochaeta_angustifolia          0.00%    passed     99.98%
  41  Ecdeiocolea_monostachya             0.00%    passed     98.44%
  42  Georgeantha_hexandra                0.00%    passed    100.00%
  43  Joinvillea_ascendens                0.00%    passed    100.00%
  44  Flagellaria_indica                  0.00%    passed    100.00%
  45  Centrolepis_monogyna                0.00%    passed    100.00%
  46  Thamnochortus_insignis              0.00%    passed    100.00%
  47  Mayaca_fluviatilis                  0.00%    passed     99.94%
  48  Syngonanthus_chrysanthus            0.00%    passed     99.98%
  49  Potarophytum_riparium               0.00%    passed    100.00%
  50  Sparganium_eurycarpum               0.00%    passed    100.00%
  51  Typha_latifolia                     0.00%    passed    100.00%
  52  Brocchinia_micrantha                0.00%    passed    100.00%
  53  Fosterella_caulescens               0.00%    passed    100.00%
  54  Pitcairnia_feliciana                0.00%    passed    100.00%
  55  Neoregelia_carolinae                0.00%    passed    100.00%
  56  Puya_laxa                           0.00%    passed    100.00%
  57  Navia_saxicola                      0.00%    passed    100.00%
  58  Belosynapsis_ciliata                0.00%    passed     99.99%
  59  Tradescantia_ohiensis               0.00%    passed    100.00%
  60  Musa_acuminata                      0.00%    passed    100.00%
  61  Renealmia_alpinia                   0.00%    passed    100.00%
  62  Chamaedorea_seifrizii               0.00%    passed    100.00%
  63  Elaeis_oleifera                     0.00%    passed     99.96%
  64  Ravenea_hildebrandtii               0.00%    passed     99.97%
  65  Phoenix_dactylifera                 0.00%    passed     99.98%
  66  Dasypogon_bromeliifolius            0.00%    passed     99.99%
  67  Kingia_australis                    0.00%    passed    100.00%
  68  Agapanthus_praecox                  0.00%    passed     99.99%
  69  Albuca_kirkii                       0.00%    passed     99.88%
  70  Chlorophytum_rhizopendulum          0.00%    passed     99.98%
  71  Hesperaloe_parviflora               0.00%    passed     99.96%
  72  Yucca_schidigera                    0.00%    passed     99.99%
  73  Hosta_ventricosa                    0.00%    passed     99.99%
  74  Asparagus_officinalis               0.00%    passed    100.00%
  75  Lomandra_longifolia                 0.00%    passed     99.99%
  76  Nolina_atopocarpa                   0.00%    passed    100.00%
  77  Phormium_tenax                      0.00%    passed     99.98%
  78  Iris_virginica                      0.00%    passed     99.97%
  79  Curculigo_capitulata                0.00%    passed    100.00%
  80  Neoastelia_spectabilis              0.00%    passed    100.00%
  81  Apostasia_wallichii                 0.00%    passed     99.99%
  82  Neottia_nidus                       0.00%    passed     99.83%
  83  Rhizanthella_gardneri               0.00%    passed     99.96%
  84  Oncidium_Gower                      0.00%    passed     99.99%
  85  Phalaenopsis_aphrodite              0.00%    passed     99.99%
  86  Dioscorea_elephantipes              0.00%    passed    100.00%
  87  Pandanus_utilis                     0.00%    passed     99.99%
  88  Lilium_superbum                     0.00%    passed    100.00%
  89  Colocasia_esculenta                 0.00%    passed    100.00%
  90  Lemna_minor                         0.00%    passed    100.00%
  91  Wolffia_australiana                 0.00%    passed    100.00%
  92  Wolffiella_lingulata                0.00%    passed    100.00%
  93  Spirodela_polyrhiza                 0.00%    passed    100.00%
  94  Acorus_americanus                   0.00%    passed    100.00%
  95  Acorus_calamus                      0.00%    passed    100.00%
  96  Ceratophyllum_demersum              0.00%    passed    100.00%
  97  Piper_cenocladum                    0.00%    passed    100.00%
  98  Aethionema_cordifolium              0.00%    passed    100.00%
  99  Aethionema_grandiflorum             0.00%    passed     99.99%
 100  Arabidopsis_thaliana                0.00%    passed     99.99%
 101  Capsella_bursa                      0.00%    passed    100.00%
 102  Olimarabidopsis_pumila              0.00%    passed    100.00%
 103  Crucihimalaya_wallichii             0.00%    passed     99.99%
 104  Barbarea_verna                      0.00%    passed    100.00%
 105  Nasturtium_officinale               0.00%    passed    100.00%
 106  Lepidium_virginicum                 0.00%    passed    100.00%
 107  Arabis_hirsuta                      0.00%    passed    100.00%
 108  Draba_nemorosa                      0.00%    passed    100.00%
 109  Lobularia_maritima                  0.00%    passed    100.00%
 110  Carica_papaya                       0.00%    passed    100.00%
 111  Gossypium_arboreum                  0.00%    passed    100.00%
 112  Gossypium_herbaceum                 0.00%    passed    100.00%
 113  Gossypium_thurberi                  0.00%    passed    100.00%
 114  Gossypium_barbadense                0.00%    passed    100.00%
 115  Gossypium_tomentosum                0.00%    passed    100.00%
 116  Gossypium_darwinii                  0.00%    passed    100.00%
 117  Gossypium_hirsutum                  0.00%    passed    100.00%
 118  Gossypium_mustelinum                0.00%    passed    100.00%
 119  Gossypium_raimondii                 0.00%    passed    100.00%
 120  Theobroma_cacao                     0.00%    passed    100.00%
 121  Citrus_sinensis                     0.00%    passed    100.00%
 122  Staphylea_colchica                  0.00%    passed    100.00%
 123  Bulnesia_arborea                    0.00%    passed    100.00%
 124  Erodium_carvifolium                 0.00%    passed     99.99%
 125  Erodium_texanum                     0.00%    passed     99.89%
 126  Geranium_palmatum                   0.00%    passed     99.98%
 127  Monsonia_speciosa                   0.00%    passed     99.97%
 128  Pelargonium_x                       0.00%    passed    100.00%
 129  Eucalyptus_globulus                 0.00%    passed    100.00%
 130  Eucalyptus_grandis                  0.00%    passed    100.00%
 131  Oenothera_argillicola               0.00%    passed     99.97%
 132  Oenothera_parviflora                0.00%    passed     99.97%
 133  Oenothera_biennis                   0.00%    passed     99.98%
 134  Oenothera_elata                     0.00%    passed     99.97%
 135  Oenothera_glazioviana               0.00%    passed     99.87%
 136  Castanea_mollissima                 0.00%    passed    100.00%
 137  Quercus_nigra                       0.00%    passed    100.00%
 138  Ficus_sp                            0.00%    passed    100.00%
 139  Morus_indica                        0.00%    passed    100.00%
 140  Fragaria_vesca                      0.00%    passed    100.00%
 141  Pentactina_rupicola                 0.00%    passed    100.00%
 142  Pyrus_pyrifolia                     0.00%    passed    100.00%
 143  Prunus_persica                      0.00%    passed    100.00%
 144  Cicer_arietinum                     0.00%    passed     99.95%
 145  Lathyrus_sativus                    0.00%    passed     99.93%
 146  Pisum_sativum                       0.00%    passed     99.14%
 147  Trifolium_subterraneum              0.00%    passed     99.88%
 148  Medicago_truncatula                 0.00%    passed     98.13%
 149  Lotus_japonicus                     0.00%    passed    100.00%
 150  Glycine_max                         0.00%    passed     99.94%
 151  Phaseolus_vulgaris                  0.00%    passed     99.98%
 152  Vigna_radiata                       0.00%    passed     99.86%
 153  Millettia_pinnata                   0.00%    passed    100.00%
 154  Corynocarpus_laevigata              0.00%    passed    100.00%
 155  Cucumis_melo                        0.00%    passed    100.00%
 156  Cucumis_sativus                     0.00%    passed     99.99%
 157  Euonymus_americanus                 0.00%    passed    100.00%
 158  Oxalis_latifolia                    0.00%    passed    100.00%
 159  Hevea_brasiliensis                  0.00%    passed    100.00%
 160  Manihot_esculenta                   0.00%    passed    100.00%
 161  Ricinus_communis                    0.00%    passed    100.00%
 162  Jatropha_curcas                     0.00%    passed    100.00%
 163  Passiflora_biflora                  0.00%    passed    100.00%
 164  Populus_alba                        0.00%    passed    100.00%
 165  Populus_trichocarpa                 0.00%    passed    100.00%
 166  Heuchera_sanguinea                  0.00%    passed    100.00%
 167  Liquidambar_styraciflua             0.00%    passed    100.00%
 168  Vitis_vinifera                      0.00%    passed    100.00%
 169  Dillenia_indica                     0.00%    passed    100.00%
 170  Ageratina_adenophora                0.00%    passed     99.99%
 171  Helianthus_annuus                   0.00%    passed     99.98%
 172  Parthenium_argentatum               0.00%    passed    100.00%
 173  Guizotia_abyssinica                 0.00%    passed     99.98%
 174  Jacobaea_vulgaris                   0.00%    passed     99.98%
 175  Lactuca_sativa                      0.00%    passed     99.96%
 176  Scaevola_aemula                     0.00%    passed    100.00%
 177  Trachelium_caeruleum                0.00%    passed     99.99%
 178  Anethum_graveolens                  0.00%    passed    100.00%
 179  Petroselinum_crispum                0.00%    passed    100.00%
 180  Crithmum_maritimum                  0.00%    passed    100.00%
 181  Anthriscus_cerefolium               0.00%    passed    100.00%
 182  Daucus_carota                       0.00%    passed    100.00%
 183  Oxypolis_greenmanii                 0.00%    passed    100.00%
 184  Eleutherococcus_senticosus          0.00%    passed    100.00%
 185  Panax_ginseng                       0.00%    passed    100.00%
 186  Hydrocotyle_sp                      0.00%    passed    100.00%
 187  Lonicera_japonica                   0.00%    passed     99.98%
 188  Ilex_cornuta                        0.00%    passed    100.00%
 189  Antirrhinum_majus                   0.00%    passed    100.00%
 190  Epifagus_virginiana                 0.00%    passed    100.00%
 191  Boea_hygrometrica                   0.00%    passed    100.00%
 192  Sesamum_indicum                     0.00%    passed    100.00%
 193  Jasminum_nudiflorum                 0.00%    passed    100.00%
 194  Olea_europaeacuspi                  0.00%    passed    100.00%
 195  Olea_europaeaeuro                   0.00%    passed    100.00%
 196  Olea_europaeamaro                   0.00%    passed    100.00%
 197  Olea_woodiana                       0.00%    passed    100.00%
 198  Atropa_belladonna                   0.00%    passed    100.00%
 199  Solanum_bulbocastanum               0.00%    passed    100.00%
 200  Solanum_tuberosum                   0.00%    passed    100.00%
 201  Solanum_lycopersicum                0.00%    passed    100.00%
 202  Nicotiana_sylvestris                0.00%    passed    100.00%
 203  Nicotiana_tabacum                   0.00%    passed    100.00%
 204  Nicotiana_tomentosiformis           0.00%    passed    100.00%
 205  Nicotiana_undulata                  0.00%    passed    100.00%
 206  Cuscuta_exaltata                    0.00%    passed     99.90%
 207  Cuscuta_reflexa                     0.00%    passed     99.93%
 208  Cuscuta_gronovii                    0.00%    passed    100.00%
 209  Cuscuta_obtusiflora                 0.00%    passed    100.00%
 210  Ipomoea_purpurea                    0.00%    passed    100.00%
 211  Coffea_arabica                      0.00%    passed    100.00%
 212  Nerium_oleander                     0.00%    passed    100.00%
 213  Ehretia_acuminata                   0.00%    passed    100.00%
 214  Aucuba_japonica                     0.00%    passed    100.00%
 215  Arbutus_unedo                       0.00%    passed    100.00%
 216  Rhododendron_simsii                 0.00%    passed    100.00%
 217  Franklinia_alatamaha                0.00%    passed    100.00%
 218  Cornus_florida                      0.00%    passed    100.00%
 219  Davidia_involucrata                 0.00%    passed    100.00%
 220  Anredera_baselloides                0.00%    passed    100.00%
 221  Blossfeldia_liliputana              0.00%    passed     99.99%
 222  Weingartia_kargliana                0.00%    passed    100.00%
 223  Opuntia_decumbens                   0.00%    passed    100.00%
 224  Pereskiopsis_diguetii               0.00%    passed    100.00%
 225  Maihuenia_poeppigii                 0.00%    passed     99.99%
 226  Pereskia_sacharosa                  0.00%    passed    100.00%
 227  Portulaca_oleracea                  0.00%    passed     99.99%
 228  Didierea_madagascariensis           0.00%    passed    100.00%
 229  Portulacaria_afra                   0.00%    passed    100.00%
 230  Mollugo_verticillata                0.00%    passed    100.00%
 231  Silene_conica                       0.00%    passed    100.00%
 232  Silene_noctiflora                   0.00%    passed     99.99%
 233  Silene_latifolia                    0.00%    passed    100.00%
 234  Silene_vulgaris                     0.00%    passed    100.00%
 235  Spinacia_oleracea                   0.00%    passed    100.00%
 236  Fagopyrum_esculentum                0.00%    passed    100.00%
 237  Plumbago_auriculata                 0.00%    passed    100.00%
 238  Berberidopsis_corallina             0.00%    passed    100.00%
 239  Phoradendron_serotinum              0.00%    passed    100.00%
 240  Ximenia_americana                   0.00%    passed    100.00%
 241  Gunnera_manicata                    0.00%    passed    100.00%
 242  Buxus_microphylla                   0.00%    passed    100.00%
 243  Trochodendron_aralioides            0.00%    passed    100.00%
 244  Meliosma_aff_cuneifolia             0.00%    passed     99.86%
 245  Nelumbo_lutea                       0.00%    passed    100.00%
 246  Nelumbo_nuciferaNC                  0.00%    passed    100.00%
 247  Platanus_occidentalis               0.00%    passed    100.00%
 248  Megaleranthis_saniculifolia         0.00%    passed    100.00%
 249  Ranunculus_macranthus               0.00%    passed    100.00%
 250  Nandina_domestica                   0.00%    passed     99.99%
 251  Calycanthus_floridus                0.00%    passed    100.00%
 252  Liriodendron_tulipifera             0.00%    passed    100.00%
 253  Magnolia_kwangsiensis               0.00%    passed    100.00%
 254  Drimys_granadensis                  0.00%    passed    100.00%
 255  Chloranthus_spicatus                0.00%    passed    100.00%
 256  Illicium_oligandrum                 0.00%    passed    100.00%
 257  Nuphar_advena                       0.00%    passed     99.98%
 258  Nymphaea_alba                       0.00%    passed     99.99%
 259  Amborella_trichopoda                0.00%    passed    100.00%
 260  Adiantum_capillus                   0.00%    passed     63.26%
 261  Cheilanthes_lindheimeri             0.00%    passed     94.43%
 262  Pteridium_aquilinum                 0.00%    passed     99.80%
 263  Alsophila_spinulosa                 0.00%    passed     99.10%
 264  Angiopteris_evecta                  0.00%    passed     99.96%
 265  Equisetum_arvense                   0.00%    passed     99.28%
 266  Psilotum_nudum                      0.00%    passed     97.86%
 267  Aneura_mirabilis                    0.00%    passed     93.47%
 268  Ptilidium_pulcherrimum              0.00%    passed     80.73%
 269  Marchantia_polymorpha               0.00%    passed     93.99%
 270  Physcomitrella_patens               0.00%    passed     85.82%
 271  Syntrichia_ruralis                  0.00%    passed     88.97%
 272  Bryopsis_hypnoides                  0.00%    passed      8.80%
 273  Chlamydomonas_reinhardtii           0.00%    passed     79.19%
 274  Volvox_carteri                      0.00%    passed     75.46%
 275  Dunaliella_salina                   0.00%    passed     23.24%
 276  Scenedesmus_obliquus                0.00%    passed     71.57%
 277  Floydiella_terrestris               0.00%    passed     84.78%
 278  Schizomeris_leibleinii              0.00%    passed     80.34%
 279  Stigeoclonium_helveticum            0.00%    passed     93.32%
 280  Oedogonium_cardiacum                0.00%    passed     25.96%
 281  Chlorella_variabilis                0.00%    passed     98.62%
 282  Chlorella_vulgaris                  0.00%    passed     93.68%
 283  Parachlorella_kessleri              0.00%    passed     96.59%
 284  Helicosporidium_sp                  0.00%    passed     10.54%
 285  Pedinomonas_minor                   0.00%    passed     96.32%
 286  Oltmannsiellopsis_viridis           0.00%    passed     82.68%
 287  Pseudendoclonium_akinetum           0.00%    passed     25.83%
 288  Coccomyxa_sp                        0.00%    passed     57.14%
 289  Leptosira_terrestris                0.00%    passed     68.93%
 290  Oocystis_solitaria                  0.00%    passed     81.87%
 291  Micromonas_pusilla                  0.00%    passed     68.06%
 292  Micromonas_sp                       0.00%    passed     64.90%
 293  Ostreococcus_tauri                  0.00%    passed     84.31%
 294  Monomastix_sp                       0.00%    passed     94.06%
 295  Pyramimonas_parkeae                 0.00%    passed     50.69%
 296  Pycnococcus_provasolii              0.00%    passed     84.33%
 297  Nephroselmis_olivacea               0.00%    passed     69.18%
 298  Chlorokybus_atmophyticus            0.00%    passed     84.38%
 299  Mesostigma_viride                   0.00%    passed     88.98%
 300  Chara_vulgaris                      0.00%    passed     68.07%
 301  Chaetosphaeridium_globosum          0.00%    passed     87.43%
 302  Staurastrum_punctulatum             0.00%    passed     99.55%
 303  Zygnema_circumcarinatum             0.00%    passed     99.69%
 304  Anthoceros_formosae                 0.00%    passed     95.24%
 305  Huperzia_lucidula                   0.00%    passed     93.22%
 306  Isoetes_flaccida                    0.00%    passed    100.00%
 307  Selaginella_moellendorffii          0.00%    passed     91.66%
 308  Selaginella_uncinata                0.00%    passed     99.42%
 309  Cycas_micronesica                   0.00%    passed     99.97%
 310  Cycas_taitungensis                  0.00%    passed     99.97%
 311  Ginkgo_biloba                       0.00%    passed    100.00%
 312  Agathis_australis                   0.00%    passed    100.00%
 313  Halocarpus_kirkii                   0.00%    passed     99.99%
 314  Podocarpus_totara                   0.00%    passed     99.97%
 315  Cephalotaxus_wilsoniana             0.00%    passed    100.00%
 316  Cryptomeria_japonica                0.00%    passed     99.93%
 317  Taiwania_cryptomerioides            0.00%    passed     99.96%
 318  Ephedra_equisetina                  0.00%    passed     98.82%
 319  Gnetum_parvifolium                  0.00%    passed     99.73%
 320  Welwitschia_mirabilis               0.00%    passed     75.94%
 321  Cedrus_deodaraNC                    0.00%    passed     99.95%
 322  Cathaya_argyrophylla                0.00%    passed     99.40%
 323  Pinus_albicaulis                    0.00%    passed     99.99%
 324  Pinus_armandii                      0.00%    passed    100.00%
 325  Pinus_cembra                        0.00%    passed    100.00%
 326  Pinus_sibirica                      0.00%    passed    100.00%
 327  Pinus_koraiensis                    0.00%    passed    100.00%
 328  Pinus_lambertiana                   0.00%    passed    100.00%
 329  Pinus_parviflora_var_pentaphylla    0.00%    passed    100.00%
 330  Pinus_monticola                     0.00%    passed    100.00%
 331  Pinus_peuce                         0.00%    passed    100.00%
 332  Pinus_ayacahuite                    0.00%    passed    100.00%
 333  Pinus_flexilis                      0.00%    passed    100.00%
 334  Pinus_strobus                       0.00%    passed    100.00%
 335  Pinus_krempfii                      0.00%    passed    100.00%
 336  Pinus_gerardiana                    0.00%    passed    100.00%
 337  Pinus_squamata                      0.00%    passed    100.00%
 338  Pinus_aristata                      0.00%    passed    100.00%
 339  Pinus_nelsonii                      0.00%    passed    100.00%
 340  Pinus_monophylla                    0.00%    passed    100.00%
 341  Pinus_rzedowskii                    0.00%    passed    100.00%
 342  Pinus_attenuata                     0.00%    passed    100.00%
 343  Pinus_leiophylla_var_chihuahuana    0.00%    passed    100.00%
 344  Pinus_taeda                         0.00%    passed    100.00%
 345  Pinus_ponderosa                     0.00%    passed    100.00%
 346  Pinus_torreyana_subsp_insularis     0.00%    passed    100.00%
 347  Pinus_torreyana_subsp_torreyana     0.00%    passed    100.00%
 348  Pinus_banksiana                     0.00%    passed    100.00%
 349  Pinus_contorta                      0.00%    passed    100.00%
 350  Pinus_canariensis                   0.00%    passed    100.00%
 351  Pinus_pinaster                      0.00%    passed    100.00%
 352  Pinus_merkusii                      0.00%    passed    100.00%
 353  Pinus_resinosa                      0.00%    passed    100.00%
 354  Pinus_thunbergiiNC                  0.00%    passed    100.00%
 355  Picea_morrisonicola                 0.00%    passed     99.88%
 356  Picea_sitchensis                    0.00%    passed     99.73%
 357  Larix_decidua                       0.00%    passed     99.99%
 358  Larix_occidentalis                  0.00%    passed    100.00%
 359  Pseudotsuga_sinensis                0.00%    passed     99.99%
 360  Keteleeria_davidiana                0.00%    passed     99.96%
****  TOTAL                               0.00%  0 sequences failed composition chi2 test (p-value<5%; df=19)
NOTE: Phyllostachys_edulis is identical to Indocalamus_longiauritus but kept for subsequent analysis
NOTE: Bambusa_oldhamii is identical to Bambusa_emeiensis but kept for subsequent analysis
NOTE: Oryza_rufipogonB is identical to Oryza_meridionalis but kept for subsequent analysis
NOTE: Sorghum_bicolor is identical to Saccharum_hybrid310 but kept for subsequent analysis
NOTE: Pitcairnia_feliciana is identical to Fosterella_caulescens but kept for subsequent analysis
NOTE: Acorus_calamus is identical to Acorus_americanus but kept for subsequent analysis
NOTE: Gossypium_herbaceum is identical to Gossypium_arboreum but kept for subsequent analysis
NOTE: Eucalyptus_grandis is identical to Eucalyptus_globulus but kept for subsequent analysis
NOTE: Oenothera_parviflora is identical to Oenothera_argillicola but kept for subsequent analysis
NOTE: Quercus_nigra is identical to Castanea_mollissima but kept for subsequent analysis
NOTE: Guizotia_abyssinica is identical to Helianthus_annuus but kept for subsequent analysis
NOTE: Petroselinum_crispum is identical to Anethum_graveolens but kept for subsequent analysis
NOTE: Olea_europaeaeuro is identical to Olea_europaeacuspi but kept for subsequent analysis
NOTE: Nicotiana_tabacum is identical to Nicotiana_sylvestris but kept for subsequent analysis
NOTE: Nelumbo_nuciferaNC is identical to Nelumbo_lutea but kept for subsequent analysis
NOTE: Cycas_taitungensis is identical to Cycas_micronesica but kept for subsequent analysis
NOTE: Pinus_cembra is identical to Pinus_armandii but kept for subsequent analysis
NOTE: Pinus_rzedowskii is identical to Pinus_monophylla but kept for subsequent analysis
NOTE: Pinus_taeda is identical to Pinus_leiophylla_var_chihuahuana but kept for subsequent analysis
NOTE: Pinus_contorta is identical to Pinus_banksiana but kept for subsequent analysis
NOTE: Pinus_merkusii is identical to Pinus_canariensis but kept for subsequent analysis
NOTE: 30 identical sequences (see below) will be ignored for subsequent analysis
NOTE: Phyllostachys_nigra (identical to Indocalamus_longiauritus) is ignored but added at the end
NOTE: Phyllostachys_propinqua (identical to Indocalamus_longiauritus) is ignored but added at the end
NOTE: Oryza_nivara (identical to Oryza_meridionalis) is ignored but added at the end
NOTE: Oryza_rufipogonA (identical to Oryza_meridionalis) is ignored but added at the end
NOTE: Oryza_sativaIndica (identical to Oryza_meridionalis) is ignored but added at the end
NOTE: Oryza_sativaJaponica (identical to Oryza_meridionalis) is ignored but added at the end
NOTE: Gossypium_thurberi (identical to Gossypium_arboreum) is ignored but added at the end
NOTE: Gossypium_tomentosum (identical to Gossypium_arboreum) is ignored but added at the end
NOTE: Gossypium_darwinii (identical to Gossypium_arboreum) is ignored but added at the end
NOTE: Gossypium_hirsutum (identical to Gossypium_arboreum) is ignored but added at the end
NOTE: Gossypium_mustelinum (identical to Gossypium_arboreum) is ignored but added at the end
NOTE: Gossypium_raimondii (identical to Gossypium_arboreum) is ignored but added at the end
NOTE: Oenothera_elata (identical to Oenothera_argillicola) is ignored but added at the end
NOTE: Olea_europaeamaro (identical to Olea_europaeacuspi) is ignored but added at the end
NOTE: Olea_woodiana (identical to Olea_europaeacuspi) is ignored but added at the end
NOTE: Nicotiana_undulata (identical to Nicotiana_sylvestris) is ignored but added at the end
NOTE: Pinus_sibirica (identical to Pinus_armandii) is ignored but added at the end
NOTE: Pinus_koraiensis (identical to Pinus_armandii) is ignored but added at the end
NOTE: Pinus_parviflora_var_pentaphylla (identical to Pinus_armandii) is ignored but added at the end
NOTE: Pinus_monticola (identical to Pinus_armandii) is ignored but added at the end
NOTE: Pinus_peuce (identical to Pinus_armandii) is ignored but added at the end
NOTE: Pinus_ayacahuite (identical to Pinus_armandii) is ignored but added at the end
NOTE: Pinus_flexilis (identical to Pinus_armandii) is ignored but added at the end
NOTE: Pinus_strobus (identical to Pinus_armandii) is ignored but added at the end
NOTE: Pinus_krempfii (identical to Pinus_armandii) is ignored but added at the end
NOTE: Pinus_squamata (identical to Pinus_armandii) is ignored but added at the end
NOTE: Pinus_ponderosa (identical to Pinus_leiophylla_var_chihuahuana) is ignored but added at the end
NOTE: Pinus_torreyana_subsp_insularis (identical to Pinus_leiophylla_var_chihuahuana) is ignored but added at the end
NOTE: Pinus_torreyana_subsp_torreyana (identical to Pinus_leiophylla_var_chihuahuana) is ignored but added at the end
NOTE: Pinus_resinosa (identical to Pinus_canariensis) is ignored but added at the end

For your convenience alignment with unique sequences printed to /csm_data/spielman_lab/aa_phylo_fit_topology/simulations/alignments/wag_control/LAC_ruhfel_rep4_AA.fasta.uniqueseq.phy

Create initial parsimony tree by phylogenetic likelihood library (PLL)... 0.129 seconds
Generating 1000 samples for ultrafast bootstrap (seed: 370841)...

NOTE: 54 MB RAM (0 GB) is required!
Measuring multi-threading efficiency up to 8 CPU cores
Increase to 10 rounds for branch lengths
5 trees examined
Threads: 1 / Time: 9.448 sec / Speedup: 1.000 / Efficiency: 100% / LogL: -57961
Threads: 2 / Time: 5.281 sec / Speedup: 1.789 / Efficiency: 89% / LogL: -57961
Threads: 3 / Time: 3.968 sec / Speedup: 2.381 / Efficiency: 79% / LogL: -57961
Threads: 4 / Time: 3.330 sec / Speedup: 2.837 / Efficiency: 71% / LogL: -57961
Threads: 5 / Time: 2.980 sec / Speedup: 3.170 / Efficiency: 63% / LogL: -57961
Threads: 6 / Time: 2.742 sec / Speedup: 3.446 / Efficiency: 57% / LogL: -57961
Threads: 7 / Time: 2.541 sec / Speedup: 3.719 / Efficiency: 53% / LogL: -57961
Threads: 8 / Time: 2.436 sec / Speedup: 3.878 / Efficiency: 48% / LogL: -57961
BEST NUMBER OF THREADS: 7

Estimate model parameters (epsilon = 0.100)
Thoroughly optimizing +I+G parameters from 10 start values...
Init pinv, alpha: 0.000, 1.000 / Estimate: 0.000, 0.638 / LogL: -27008.644
Init pinv, alpha: 0.015, 1.000 / Estimate: 0.134, 1.053 / LogL: -26949.145
Init pinv, alpha: 0.031, 1.000 / Estimate: 0.134, 1.053 / LogL: -26949.146
Init pinv, alpha: 0.046, 1.000 / Estimate: 0.134, 1.055 / LogL: -26949.159
Init pinv, alpha: 0.061, 1.000 / Estimate: 0.134, 1.055 / LogL: -26949.158
Init pinv, alpha: 0.076, 1.000 / Estimate: 0.134, 1.055 / LogL: -26949.157
Init pinv, alpha: 0.092, 1.000 / Estimate: 0.134, 1.054 / LogL: -26949.157
Init pinv, alpha: 0.107, 1.000 / Estimate: 0.134, 1.054 / LogL: -26949.156
Init pinv, alpha: 0.122, 1.000 / Estimate: 0.134, 1.054 / LogL: -26949.157
Init pinv, alpha: 0.137, 1.000 / Estimate: 0.134, 1.054 / LogL: -26949.157
Optimal pinv,alpha: 0.134, 1.053 / LogL: -26949.145

Parameters optimization took 9.011 sec
Computing ML distances based on estimated model parameters... 28.613 sec
Computing BIONJ tree...
0.116 seconds
Log-likelihood of BIONJ tree: -26993.991
--------------------------------------------------------------------
|             INITIALIZING CANDIDATE TREE SET                      |
--------------------------------------------------------------------
Generating 98 parsimony trees... 11.704 second
Computing log-likelihood of 98 initial trees ... 15.242 seconds
Current best score: -26931.291

Do NNI search on 20 best initial trees
Estimate model parameters (epsilon = 0.100)
BETTER TREE FOUND at iteration 1: -26904.028
Estimate model parameters (epsilon = 0.100)
BETTER TREE FOUND at iteration 5: -26902.603
Iteration 10 / LogL: -26904.365 / Time: 0h:2m:4s
Iteration 20 / LogL: -26904.528 / Time: 0h:2m:50s
Finish initializing candidate tree set (20)
Current best tree score: -26902.603 / CPU time: 123.232
Number of iterations: 20
--------------------------------------------------------------------
|               OPTIMIZING CANDIDATE TREE SET                      |
--------------------------------------------------------------------
Estimate model parameters (epsilon = 0.100)
BETTER TREE FOUND at iteration 21: -26902.505
Iteration 30 / LogL: -26911.208 / Time: 0h:3m:21s (0h:10m:31s left)
BETTER TREE FOUND at iteration 38: -26902.503
BETTER TREE FOUND at iteration 40: -26902.502
Iteration 40 / LogL: -26902.502 / Time: 0h:3m:49s (0h:9m:48s left)
BETTER TREE FOUND at iteration 43: -26902.501
BETTER TREE FOUND at iteration 46: -26902.501
Iteration 50 / LogL: -26917.413 / Time: 0h:4m:21s (0h:8m:31s left)
Log-likelihood cutoff on original alignment: -26951.315
BETTER TREE FOUND at iteration 59: -26902.501
Iteration 60 / LogL: -26916.955 / Time: 0h:4m:52s (0h:8m:10s left)
BETTER TREE FOUND at iteration 61: -26902.500
BETTER TREE FOUND at iteration 69: -26902.499
Iteration 70 / LogL: -26902.596 / Time: 0h:5m:22s (0h:7m:42s left)
BETTER TREE FOUND at iteration 77: -26902.499
Iteration 80 / LogL: -26905.298 / Time: 0h:5m:50s (0h:7m:10s left)
BETTER TREE FOUND at iteration 86: -26902.499
Iteration 90 / LogL: -26902.499 / Time: 0h:6m:18s (0h:6m:47s left)
Iteration 100 / LogL: -26910.907 / Time: 0h:6m:49s (0h:5m:55s left)
Log-likelihood cutoff on original alignment: -26951.339
NOTE: Bootstrap correlation coefficient of split occurrence frequencies: 0.997
BETTER TREE FOUND at iteration 104: -26902.498
BETTER TREE FOUND at iteration 105: -26902.498
Iteration 110 / LogL: -26925.614 / Time: 0h:7m:19s (0h:6m:22s left)
BETTER TREE FOUND at iteration 111: -26902.498
BETTER TREE FOUND at iteration 115: -26902.498
Iteration 120 / LogL: -26933.157 / Time: 0h:7m:48s (0h:6m:13s left)
Iteration 130 / LogL: -26917.409 / Time: 0h:8m:18s (0h:5m:28s left)
Iteration 140 / LogL: -26902.594 / Time: 0h:8m:50s (0h:4m:46s left)
BETTER TREE FOUND at iteration 142: -26902.498
BETTER TREE FOUND at iteration 146: -26902.497
Iteration 150 / LogL: -26902.498 / Time: 0h:9m:23s (0h:6m:3s left)
Log-likelihood cutoff on original alignment: -26951.339
BETTER TREE FOUND at iteration 152: -26902.497
BETTER TREE FOUND at iteration 156: -26902.497
Iteration 160 / LogL: -26908.908 / Time: 0h:9m:54s (0h:5m:58s left)
BETTER TREE FOUND at iteration 163: -26902.497
Iteration 170 / LogL: -26905.854 / Time: 0h:10m:28s (0h:5m:45s left)
Iteration 180 / LogL: -26914.417 / Time: 0h:10m:59s (0h:5m:5s left)
Iteration 190 / LogL: -26902.498 / Time: 0h:11m:30s (0h:4m:26s left)
BETTER TREE FOUND at iteration 198: -26902.496
Iteration 200 / LogL: -26912.122 / Time: 0h:12m:1s (0h:5m:55s left)
Log-likelihood cutoff on original alignment: -26951.339
NOTE: Bootstrap correlation coefficient of split occurrence frequencies: 0.998
Iteration 210 / LogL: -26920.769 / Time: 0h:12m:34s (0h:5m:24s left)
Iteration 220 / LogL: -26905.584 / Time: 0h:13m:4s (0h:4m:46s left)
Iteration 230 / LogL: -26909.079 / Time: 0h:13m:36s (0h:4m:9s left)
Iteration 240 / LogL: -26902.497 / Time: 0h:14m:7s (0h:3m:32s left)
Iteration 250 / LogL: -26902.593 / Time: 0h:14m:38s (0h:2m:56s left)
Log-likelihood cutoff on original alignment: -26951.839
Iteration 260 / LogL: -26948.129 / Time: 0h:15m:11s (0h:2m:20s left)
BETTER TREE FOUND at iteration 262: -26902.496
Iteration 270 / LogL: -26903.080 / Time: 0h:15m:40s (0h:5m:21s left)
Iteration 280 / LogL: -26915.575 / Time: 0h:16m:11s (0h:4m:45s left)
Iteration 290 / LogL: -26947.320 / Time: 0h:16m:42s (0h:4m:9s left)
Iteration 300 / LogL: -26902.496 / Time: 0h:17m:13s (0h:3m:34s left)
Log-likelihood cutoff on original alignment: -26951.839
NOTE: Bootstrap correlation coefficient of split occurrence frequencies: 0.999
BETTER TREE FOUND at iteration 308: -26902.496
Iteration 310 / LogL: -26909.478 / Time: 0h:17m:45s (0h:5m:37s left)
Iteration 320 / LogL: -26906.238 / Time: 0h:18m:15s (0h:5m:2s left)
BETTER TREE FOUND at iteration 321: -26902.496
Iteration 330 / LogL: -26902.497 / Time: 0h:18m:46s (0h:5m:11s left)
Iteration 340 / LogL: -26909.318 / Time: 0h:19m:17s (0h:4m:36s left)
Iteration 350 / LogL: -26902.496 / Time: 0h:19m:47s (0h:4m:1s left)
Log-likelihood cutoff on original alignment: -26951.839
Iteration 360 / LogL: -26906.160 / Time: 0h:20m:19s (0h:3m:27s left)
Iteration 370 / LogL: -26902.496 / Time: 0h:20m:50s (0h:2m:52s left)
Iteration 380 / LogL: -26902.496 / Time: 0h:21m:22s (0h:2m:18s left)
Iteration 390 / LogL: -26933.397 / Time: 0h:21m:51s (0h:1m:44s left)
Iteration 400 / LogL: -26902.496 / Time: 0h:22m:24s (0h:1m:10s left)
Log-likelihood cutoff on original alignment: -26951.839
NOTE: Bootstrap correlation coefficient of split occurrence frequencies: 0.999
Iteration 410 / LogL: -26927.792 / Time: 0h:22m:58s (0h:5m:3s left)
Iteration 420 / LogL: -26902.496 / Time: 0h:23m:31s (0h:4m:29s left)
TREE SEARCH COMPLETED AFTER 422 ITERATIONS / Time: 0h:23m:37s

--------------------------------------------------------------------
|                    FINALIZING TREE SEARCH                        |
--------------------------------------------------------------------
Performs final model parameters optimization
Estimate model parameters (epsilon = 0.010)
1. Initial log-likelihood: -26902.496
Optimal log-likelihood: -26902.495
Proportion of invariable sites: 0.134
Gamma shape alpha: 1.048
Parameters optimization took 1 rounds (0.181 sec)
BEST SCORE FOUND : -26902.495
Creating bootstrap support values...
Split supports printed to NEXUS file /csm_data/spielman_lab/aa_phylo_fit_topology/simulations/alignments/wag_control/LAC_ruhfel_rep4_AA.fasta.splits.nex
Total tree length: 31.272

Total number of iterations: 422
CPU time used for tree search: 9358.934 sec (2h:35m:58s)
Wall-clock time used for tree search: 1370.368 sec (0h:22m:50s)
Total CPU time used: 9592.796 sec (2h:39m:52s)
Total wall-clock time used: 1419.165 sec (0h:23m:39s)

Computing bootstrap consensus tree...
Reading input file /csm_data/spielman_lab/aa_phylo_fit_topology/simulations/alignments/wag_control/LAC_ruhfel_rep4_AA.fasta.splits.nex...
330 taxa and 2239 splits.
Consensus tree written to /csm_data/spielman_lab/aa_phylo_fit_topology/simulations/alignments/wag_control/LAC_ruhfel_rep4_AA.fasta.contree
Reading input trees file /csm_data/spielman_lab/aa_phylo_fit_topology/simulations/alignments/wag_control/LAC_ruhfel_rep4_AA.fasta.contree
Log-likelihood of consensus tree: -26902.552

Analysis results written to: 
  IQ-TREE report:                /csm_data/spielman_lab/aa_phylo_fit_topology/simulations/alignments/wag_control/LAC_ruhfel_rep4_AA.fasta.iqtree
  Maximum-likelihood tree:       /csm_data/spielman_lab/aa_phylo_fit_topology/simulations/alignments/wag_control/LAC_ruhfel_rep4_AA.fasta.treefile
  Likelihood distances:          /csm_data/spielman_lab/aa_phylo_fit_topology/simulations/alignments/wag_control/LAC_ruhfel_rep4_AA.fasta.mldist

Ultrafast bootstrap approximation results written to:
  Split support values:          /csm_data/spielman_lab/aa_phylo_fit_topology/simulations/alignments/wag_control/LAC_ruhfel_rep4_AA.fasta.splits.nex
  Consensus tree:                /csm_data/spielman_lab/aa_phylo_fit_topology/simulations/alignments/wag_control/LAC_ruhfel_rep4_AA.fasta.contree
  Screen log file:               /csm_data/spielman_lab/aa_phylo_fit_topology/simulations/alignments/wag_control/LAC_ruhfel_rep4_AA.fasta.log

Date and Time: Fri Jan 31 15:42:56 2020
