IQ-TREE multicore version 1.6.7 for Linux 64-bit built Aug 23 2018
Developed by Bui Quang Minh, Nguyen Lam Tung, Olga Chernomor,
Heiko Schmidt, Dominik Schrempf, Michael Woodhams.

Host:    csm-com-003 (AVX2, FMA3, 62 GB RAM)
Command: iqtree -quiet -nt AUTO -ntmax 8 -m Dayhoff+F+G4 -s /csm_data/spielman_lab/aa_phylo_fit_topology/simulations/alignments/wag_control/NP_andersen_rep11_AA.fasta -st AA -redo -bb 1000
Seed:    62980 (Using SPRNG - Scalable Parallel Random Number Generator)
Time:    Sat Feb  1 09:42:30 2020
Kernel:  AVX+FMA - auto-detect threads (48 CPU cores detected)

Reading alignment file /csm_data/spielman_lab/aa_phylo_fit_topology/simulations/alignments/wag_control/NP_andersen_rep11_AA.fasta ... Fasta format detected
Alignment most likely contains protein sequences
Alignment has 179 sequences with 498 columns, 412 distinct patterns
326 parsimony-informative, 66 singleton sites, 106 constant sites
                      Gap/Ambiguity  Composition  p-value
   1  BA366-S-GIN-2003        0.00%    passed     98.06%
   2  G502-S-SLE-2009         0.00%    passed     99.98%
   3  G1180-S-SLE-2010        0.00%    passed     99.15%
   4  G2147-S-SLE-2011        0.00%    passed     99.67%
   5  G2165-S-SLE-2011        0.00%    passed     99.98%
   6  LM222-S-SLE-2010        0.00%    passed     99.98%
   7  LM774-S-SLE-2012        0.00%    passed     99.98%
   8  LM778-S-SLE-2012        0.00%    passed     99.98%
   9  G2184-S-SLE-2011        0.00%    passed    100.00%
  10  LM776-S-SLE-2012        0.00%    passed     99.99%
  11  G503-S-SLE-2009         0.00%    passed    100.00%
  12  G2318-S-SLE-2012        0.00%    passed     99.99%
  13  G1959-S-SLE-2011        0.00%    passed     99.92%
  14  G3010-S-SLE-2013        0.00%    passed     99.95%
  15  G610-S-SLE-2009         0.00%    passed     99.99%
  16  G693-S-SLE-2009         0.00%    passed    100.00%
  17  G771-S-SLE-2010         0.00%    passed    100.00%
  18  G1792-S-SLE-2011        0.00%    passed    100.00%
  19  G1960-S-SLE-2011        0.00%    passed    100.00%
  20  G2565-S-SLE-2012        0.00%    passed    100.00%
  21  G2197-S-SLE-2011        0.00%    passed     99.99%
  22  LM032-S-SLE-2010        0.00%    passed    100.00%
  23  Josiah-S-SLE-1976       0.00%    passed    100.00%
  24  G808-S-SLE-2010         0.00%    passed    100.00%
  25  G2868-S-SLE-2012        0.00%    passed    100.00%
  26  G676-S-SLE-2009         0.00%    passed    100.00%
  27  G2405-S-SLE-2012        0.00%    passed    100.00%
  28  G1190-S-SLE-2010        0.00%    passed    100.00%
  29  G2944-S-SLE-2012        0.00%    passed     99.99%
  30  LM765-S-SLE-2012        0.00%    passed    100.00%
  31  G3148-S-SLE-2013        0.00%    passed    100.00%
  32  Z0947-S-SLE-2011        0.00%    passed    100.00%
  33  Z0948-S-SLE-2011        0.00%    passed    100.00%
  34  G1727-S-SLE-2011        0.00%    passed    100.00%
  35  G1647-S-SLE-2011        0.00%    passed    100.00%
  36  G2295-S-SLE-2012        0.00%    passed     99.71%
  37  G2587-S-SLE-2012        0.00%    passed     99.74%
  38  G2280-S-SLE-2012        0.00%    passed    100.00%
  39  G3016-S-SLE-2013        0.00%    passed     99.97%
  40  G3106-S-SLE-2013        0.00%    passed     99.97%
  41  G2612-S-SLE-2012        0.00%    passed     99.98%
  42  LM779-S-SLE-2012        0.00%    passed    100.00%
  43  G692-S-SLE-2009         0.00%    passed     99.97%
  44  LM395-S-SLE-2009        0.00%    passed     99.99%
  45  G1774-S-SLE-2011        0.00%    passed    100.00%
  46  G2222-S-SLE-2011        0.00%    passed     99.96%
  47  G636-S-SLE-2009         0.00%    passed     99.96%
  48  G2315-S-SLE-2012        0.00%    passed     99.97%
  49  G2903-S-SLE-2012        0.00%    passed    100.00%
  50  G3206-S-SLE-2013        0.00%    passed     99.87%
  51  G733-S-SLE-2010         0.00%    passed     99.74%
  52  G2554-S-SLE-2012        0.00%    passed     99.94%
  53  G1618-S-SLE-2011        0.00%    passed     99.78%
  54  G1646-S-SLE-2011        0.00%    passed     99.99%
  55  G2427-S-SLE-2012        0.00%    passed     99.72%
  56  G2392-S-SLE-2012        0.00%    passed     98.54%
  57  G3229-S-SLE-2013        0.00%    passed     99.36%
  58  G3151-S-SLE-2013        0.00%    passed     99.00%
  59  G3248-S-SLE-2013        0.00%    passed     99.00%
  60  G3170-S-SLE-2013        0.00%    passed     99.00%
  61  NL-S-SLE-2000           0.00%    passed     99.76%
  62  G2263-S-SLE-2012        0.00%    passed     99.90%
  63  G2431-S-SLE-2012        0.00%    passed     99.99%
  64  G1442-S-SLE-2011        0.00%    passed     99.99%
  65  G2141-S-SLE-2011        0.00%    passed     99.98%
  66  G1529-S-SLE-2011        0.00%    passed     99.86%
  67  G3234-S-SLE-2013        0.00%    passed     99.92%
  68  G2363-S-SLE-2012        0.00%    passed     99.64%
  69  G2259-S-SLE-2012        0.00%    passed     99.58%
  70  G2723-S-SLE-2012        0.00%    passed     99.68%
  71  G3278-S-SLE-2013        0.00%    passed     99.98%
  72  G2557-S-SLE-2012        0.00%    passed     99.85%
  73  G2615-S-SLE-2012        0.00%    passed     99.77%
  74  G1200-S-LIB-2010        0.00%    passed     99.80%
  75  Macenta-S-GIN-1982      0.00%    passed     94.33%
  76  Z148-S-LIB-1981         0.00%    passed     95.76%
  77  AV-S-CIV-1999           0.00%    passed     98.57%
  78  Nig08-A18-S-NIG-2008    0.00%    passed     89.91%
  79  Nig08-A19-S-NIG-2008    0.00%    passed     99.22%
  80  CSF-S-NIG-2001          0.00%    passed     99.44%
  81  ISTH0009-S-NIG-2011     0.00%    passed    100.00%
  82  LASV979-S-NIG-2009      0.00%    passed    100.00%
  83  LASV237-S-NIG-2010      0.00%    passed    100.00%
  84  LASV711-S-NIG-2009      0.00%    passed    100.00%
  85  LASV992-S-NIG-2009      0.00%    passed    100.00%
  86  ISTH0230-S-NIG-2011     0.00%    passed    100.00%
  87  LASV975-S-NIG-2009      0.00%    passed    100.00%
  88  ISTH2061-S-NIG-2012     0.00%    passed     99.99%
  89  Nig08-A41-S-NIG-2008    0.00%    passed     99.99%
  90  ISTH2217-S-NIG-2012     0.00%    passed    100.00%
  91  ISTH1064-S-NIG-2011     0.00%    passed    100.00%
  92  ISTH2334-S-NIG-2012     0.00%    passed    100.00%
  93  LASV245-S-NIG-2011      0.00%    passed    100.00%
  94  LASV1011-S-NIG-2009     0.00%    passed    100.00%
  95  ISTH2312-S-NIG-2012     0.00%    passed    100.00%
  96  LASV1000-S-NIG-2009     0.00%    passed    100.00%
  97  ISTH2010-S-NIG-2012     0.00%    passed    100.00%
  98  ISTH2016-S-NIG-2012     0.00%    passed    100.00%
  99  Nig08-A37-S-NIG-2008    0.00%    passed    100.00%
 100  LASV737-S-NIG-2009      0.00%    passed    100.00%
 101  LASV719-S-NIG-2009      0.00%    passed     99.99%
 102  LASV046-S-NIG-2009      0.00%    passed    100.00%
 103  ISTH2042-S-NIG-2012     0.00%    passed    100.00%
 104  LASV274-S-NIG-2010      0.00%    passed    100.00%
 105  LASV263-S-NIG-2011      0.00%    passed     99.98%
 106  ISTH1137-S-NIG-2011     0.00%    passed     99.99%
 107  LASV976-S-NIG-2009      0.00%    passed    100.00%
 108  LASV1016-S-NIG-2009     0.00%    passed    100.00%
 109  LASV229-S-NIG-2010      0.00%    passed     99.99%
 110  ISTH2129-S-NIG-2012     0.00%    passed     99.99%
 111  ISTH2057-S-NIG-2012     0.00%    passed     99.99%
 112  LASV058-S-NIG-2008      0.00%    passed     99.99%
 113  ISTH1038-S-NIG-2011     0.00%    passed     99.99%
 114  LASV056-S-NIG-2008      0.00%    passed     99.99%
 115  LASV042-S-NIG-2009      0.00%    passed     99.94%
 116  LASV981-S-NIG-2009      0.00%    passed     99.99%
 117  LASV256-S-NIG-2010      0.00%    passed    100.00%
 118  LASV052-S-NIG-2008      0.00%    passed    100.00%
 119  LASV063-S-NIG-2009      0.00%    passed    100.00%
 120  ISTH0595-S-NIG-2011     0.00%    passed     99.99%
 121  ISTH1096-S-NIG-2012     0.00%    passed    100.00%
 122  LASV221-S-NIG-2010      0.00%    passed    100.00%
 123  LASV977-S-NIG-2009      0.00%    passed    100.00%
 124  LASV971-S-NIG-2009      0.00%    passed    100.00%
 125  LASV967-S-NIG-2009      0.00%    passed     99.99%
 126  ISTH2050-S-NIG-2012     0.00%    passed     99.98%
 127  ISTH2031-S-NIG-2012     0.00%    passed    100.00%
 128  ISTH2376-S-NIG-2012     0.00%    passed    100.00%
 129  LASV991-S-NIG-2009      0.00%    passed     99.97%
 130  LASV267-S-NIG-2010      0.00%    passed     99.98%
 131  LASV049-S-NIG-2009      0.00%    passed    100.00%
 132  LASV239-S-NIG-2010      0.00%    passed    100.00%
 133  ISTH2037-S-NIG-2012     0.00%    passed    100.00%
 134  ISTH1069-S-NIG-2011     0.00%    passed    100.00%
 135  ISTH1129-S-NIG-2012     0.00%    passed    100.00%
 136  ISTH2304-S-NIG-2012     0.00%    passed    100.00%
 137  LASV246-S-NIG-2010      0.00%    passed    100.00%
 138  ISTH1111-S-NIG-2011     0.00%    passed    100.00%
 139  LASV006-S-NIG-2008      0.00%    passed    100.00%
 140  ISTH0531-S-NIG-2011     0.00%    passed    100.00%
 141  LASV254-S-NIG-2011      0.00%    passed    100.00%
 142  ISTH2358-S-NIG-2012     0.00%    passed    100.00%
 143  LASV966-S-NIG-2009      0.00%    passed    100.00%
 144  ISTH1058-S-NIG-2011     0.00%    passed    100.00%
 145  LASV241-S-NIG-2011      0.00%    passed    100.00%
 146  LASV271-S-NIG-2010      0.00%    passed    100.00%
 147  Nig08-A47-S-NIG-2008    0.00%    passed    100.00%
 148  ISTH0012-S-NIG-2011     0.00%    passed    100.00%
 149  LASV993-S-NIG-2009      0.00%    passed    100.00%
 150  ISTH2046-S-NIG-2012     0.00%    passed    100.00%
 151  LASV1008-S-NIG-2009     0.00%    passed    100.00%
 152  ISTH2020-S-NIG-2012     0.00%    passed    100.00%
 153  LASV003-S-NIG-2008      0.00%    passed    100.00%
 154  LASV242-S-NIG-2010      0.00%    passed    100.00%
 155  LASV253-S-NIG-2011      0.00%    passed    100.00%
 156  LASV982-S-NIG-2009      0.00%    passed     99.99%
 157  LASV251-S-NIG-2010      0.00%    passed    100.00%
 158  LASV989-S-NIG-2009      0.00%    passed    100.00%
 159  ISTH0047-S-NIG-2011     0.00%    passed    100.00%
 160  LASV990-S-NIG-2009      0.00%    passed    100.00%
 161  ISTH1003-S-NIG-2011     0.00%    passed    100.00%
 162  ISTH0073-S-NIG-2011     0.00%    passed    100.00%
 163  ISTH2316-S-NIG-2012     0.00%    passed    100.00%
 164  LASV225-S-NIG-2010      0.00%    passed    100.00%
 165  LASV978-S-NIG-2009      0.00%    passed    100.00%
 166  ISTH1048-S-NIG-2011     0.00%    passed    100.00%
 167  LASV045-S-NIG-2009      0.00%    passed    100.00%
 168  ISTH2025-S-NIG-2012     0.00%    passed    100.00%
 169  LASV250-S-NIG-2011      0.00%    passed    100.00%
 170  LASV1015-S-NIG-2009     0.00%    passed    100.00%
 171  LASV035-S-NIG-2009      0.00%    passed    100.00%
 172  ISTH1107-S-NIG-2012     0.00%    passed    100.00%
 173  ISTH2271-S-NIG-2012     0.00%    passed    100.00%
 174  ISTH1121-S-NIG-2012     0.00%    passed    100.00%
 175  ISTH2065-S-NIG-2012     0.00%    passed    100.00%
 176  ISTH2066-S-NIG-2012     0.00%    passed    100.00%
 177  ISTH2094-S-NIG-2012     0.00%    passed     99.71%
 178  Nig08-04-S-NIG-2008     0.00%    passed     99.93%
 179  Pinneo-S-NIG-1969       0.00%    passed     99.65%
****  TOTAL                   0.00%  0 sequences failed composition chi2 test (p-value<5%; df=19)
NOTE: LM778-S-SLE-2012 is identical to LM774-S-SLE-2012 but kept for subsequent analysis
NOTE: G771-S-SLE-2010 is identical to G693-S-SLE-2009 but kept for subsequent analysis
NOTE: G2405-S-SLE-2012 is identical to G676-S-SLE-2009 but kept for subsequent analysis
NOTE: Z0948-S-SLE-2011 is identical to Z0947-S-SLE-2011 but kept for subsequent analysis
NOTE: G3106-S-SLE-2013 is identical to G3016-S-SLE-2013 but kept for subsequent analysis
NOTE: G3248-S-SLE-2013 is identical to G3151-S-SLE-2013 but kept for subsequent analysis
NOTE: ISTH2066-S-NIG-2012 is identical to ISTH2065-S-NIG-2012 but kept for subsequent analysis
NOTE: 1 identical sequences (see below) will be ignored for subsequent analysis
NOTE: G3170-S-SLE-2013 (identical to G3151-S-SLE-2013) is ignored but added at the end

For your convenience alignment with unique sequences printed to /csm_data/spielman_lab/aa_phylo_fit_topology/simulations/alignments/wag_control/NP_andersen_rep11_AA.fasta.uniqueseq.phy

Create initial parsimony tree by phylogenetic likelihood library (PLL)... 0.054 seconds
Generating 1000 samples for ultrafast bootstrap (seed: 62980)...

NOTE: 49 MB RAM (0 GB) is required!
Measuring multi-threading efficiency up to 8 CPU cores
Increase to 10 rounds for branch lengths
6 trees examined
Threads: 1 / Time: 9.230 sec / Speedup: 1.000 / Efficiency: 100% / LogL: -61051
Threads: 2 / Time: 5.201 sec / Speedup: 1.774 / Efficiency: 89% / LogL: -61051
Threads: 3 / Time: 3.721 sec / Speedup: 2.480 / Efficiency: 83% / LogL: -61051
Threads: 4 / Time: 2.997 sec / Speedup: 3.080 / Efficiency: 77% / LogL: -61051
Threads: 5 / Time: 2.671 sec / Speedup: 3.456 / Efficiency: 69% / LogL: -61051
Threads: 6 / Time: 2.393 sec / Speedup: 3.857 / Efficiency: 64% / LogL: -61051
Threads: 7 / Time: 2.258 sec / Speedup: 4.087 / Efficiency: 58% / LogL: -61051
Threads: 8 / Time: 2.111 sec / Speedup: 4.371 / Efficiency: 55% / LogL: -61051
BEST NUMBER OF THREADS: 8

Estimate model parameters (epsilon = 0.100)
1. Initial log-likelihood: -17402.549
2. Current log-likelihood: -17226.980
3. Current log-likelihood: -17224.812
Optimal log-likelihood: -17224.788
Gamma shape alpha: 0.599
Parameters optimization took 3 rounds (0.462 sec)
Computing ML distances based on estimated model parameters... 11.544 sec
Computing BIONJ tree...
0.025 seconds
Log-likelihood of BIONJ tree: -17581.792
--------------------------------------------------------------------
|             INITIALIZING CANDIDATE TREE SET                      |
--------------------------------------------------------------------
Generating 98 parsimony trees... 5.735 second
Computing log-likelihood of 98 initial trees ... 10.163 seconds
Current best score: -17224.788

Do NNI search on 20 best initial trees
Estimate model parameters (epsilon = 0.100)
BETTER TREE FOUND at iteration 1: -17222.372
BETTER TREE FOUND at iteration 3: -17222.372
BETTER TREE FOUND at iteration 8: -17222.372
BETTER TREE FOUND at iteration 9: -17222.372
Iteration 10 / LogL: -17222.372 / Time: 0h:1m:6s
BETTER TREE FOUND at iteration 13: -17222.372
Iteration 20 / LogL: -17222.372 / Time: 0h:1m:23s
Finish initializing candidate tree set (20)
Current best tree score: -17222.372 / CPU time: 50.844
Number of iterations: 20
--------------------------------------------------------------------
|               OPTIMIZING CANDIDATE TREE SET                      |
--------------------------------------------------------------------
BETTER TREE FOUND at iteration 21: -17222.369
BETTER TREE FOUND at iteration 28: -17222.369
BETTER TREE FOUND at iteration 29: -17222.366
Iteration 30 / LogL: -17222.367 / Time: 0h:1m:42s (0h:5m:50s left)
BETTER TREE FOUND at iteration 34: -17222.366
BETTER TREE FOUND at iteration 36: -17222.365
Iteration 40 / LogL: -17225.394 / Time: 0h:2m:0s (0h:4m:56s left)
BETTER TREE FOUND at iteration 45: -17222.364
BETTER TREE FOUND at iteration 48: -17222.364
Iteration 50 / LogL: -17256.048 / Time: 0h:2m:18s (0h:4m:36s left)
Log-likelihood cutoff on original alignment: -17270.230
BETTER TREE FOUND at iteration 54: -17222.363
BETTER TREE FOUND at iteration 59: -17222.362
Iteration 60 / LogL: -17232.659 / Time: 0h:2m:38s (0h:4m:25s left)
BETTER TREE FOUND at iteration 68: -17222.362
Iteration 70 / LogL: -17222.362 / Time: 0h:2m:57s (0h:4m:12s left)
BETTER TREE FOUND at iteration 72: -17222.362
Iteration 80 / LogL: -17227.009 / Time: 0h:3m:16s (0h:3m:48s left)
BETTER TREE FOUND at iteration 83: -17222.361
BETTER TREE FOUND at iteration 86: -17222.361
Iteration 90 / LogL: -17222.361 / Time: 0h:3m:34s (0h:3m:50s left)
BETTER TREE FOUND at iteration 92: -17222.361
BETTER TREE FOUND at iteration 94: -17222.360
BETTER TREE FOUND at iteration 95: -17222.360
BETTER TREE FOUND at iteration 97: -17222.360
Iteration 100 / LogL: -17222.360 / Time: 0h:3m:51s (0h:3m:47s left)
Log-likelihood cutoff on original alignment: -17270.751
NOTE: Bootstrap correlation coefficient of split occurrence frequencies: 0.995
BETTER TREE FOUND at iteration 110: -17222.360
Iteration 110 / LogL: -17222.360 / Time: 0h:4m:11s (0h:3m:51s left)
Iteration 120 / LogL: -17236.199 / Time: 0h:4m:31s (0h:3m:25s left)
BETTER TREE FOUND at iteration 127: -17222.359
Iteration 130 / LogL: -17222.490 / Time: 0h:4m:49s (0h:3m:37s left)
BETTER TREE FOUND at iteration 134: -17222.358
BETTER TREE FOUND at iteration 138: -17222.358
Iteration 140 / LogL: -17236.200 / Time: 0h:5m:7s (0h:3m:36s left)
BETTER TREE FOUND at iteration 143: -17222.358
BETTER TREE FOUND at iteration 144: -17222.358
Iteration 150 / LogL: -17222.359 / Time: 0h:5m:25s (0h:3m:25s left)
Log-likelihood cutoff on original alignment: -17270.230
BETTER TREE FOUND at iteration 157: -17222.358
Iteration 160 / LogL: -17222.359 / Time: 0h:5m:45s (0h:3m:30s left)
Iteration 170 / LogL: -17222.360 / Time: 0h:6m:3s (0h:3m:7s left)
Iteration 180 / LogL: -17222.490 / Time: 0h:6m:22s (0h:2m:44s left)
Iteration 190 / LogL: -17222.358 / Time: 0h:6m:40s (0h:2m:22s left)
Iteration 200 / LogL: -17237.080 / Time: 0h:6m:59s (0h:2m:0s left)
Log-likelihood cutoff on original alignment: -17270.230
NOTE: Bootstrap correlation coefficient of split occurrence frequencies: 0.997
Iteration 210 / LogL: -17222.358 / Time: 0h:7m:18s (0h:3m:8s left)
BETTER TREE FOUND at iteration 217: -17222.358
Iteration 220 / LogL: -17222.358 / Time: 0h:7m:36s (0h:3m:22s left)
BETTER TREE FOUND at iteration 229: -17222.357
Iteration 230 / LogL: -17222.495 / Time: 0h:7m:54s (0h:3m:25s left)
Iteration 240 / LogL: -17226.758 / Time: 0h:8m:13s (0h:3m:3s left)
Iteration 250 / LogL: -17222.495 / Time: 0h:8m:33s (0h:2m:42s left)
Log-likelihood cutoff on original alignment: -17269.644
BETTER TREE FOUND at iteration 252: -17222.357
Iteration 260 / LogL: -17222.358 / Time: 0h:8m:53s (0h:3m:9s left)
Iteration 270 / LogL: -17222.357 / Time: 0h:9m:10s (0h:2m:47s left)
Iteration 280 / LogL: -17223.753 / Time: 0h:9m:29s (0h:2m:26s left)
Iteration 290 / LogL: -17222.357 / Time: 0h:9m:48s (0h:2m:6s left)
BETTER TREE FOUND at iteration 292: -17222.357
Iteration 300 / LogL: -17222.357 / Time: 0h:10m:7s (0h:3m:6s left)
Log-likelihood cutoff on original alignment: -17269.644
NOTE: Bootstrap correlation coefficient of split occurrence frequencies: 0.996
Iteration 310 / LogL: -17222.358 / Time: 0h:10m:26s (0h:3m:2s left)
Iteration 320 / LogL: -17248.954 / Time: 0h:10m:44s (0h:2m:41s left)
Iteration 330 / LogL: -17222.357 / Time: 0h:11m:5s (0h:2m:21s left)
Iteration 340 / LogL: -17241.753 / Time: 0h:11m:24s (0h:2m:1s left)
Iteration 350 / LogL: -17222.358 / Time: 0h:11m:43s (0h:1m:40s left)
Log-likelihood cutoff on original alignment: -17269.644
Iteration 360 / LogL: -17222.358 / Time: 0h:12m:3s (0h:1m:20s left)
Iteration 370 / LogL: -17226.757 / Time: 0h:12m:23s (0h:1m:0s left)
Iteration 380 / LogL: -17226.758 / Time: 0h:12m:43s (0h:0m:40s left)
Iteration 390 / LogL: -17222.489 / Time: 0h:13m:3s (0h:0m:20s left)
TREE SEARCH COMPLETED AFTER 393 ITERATIONS / Time: 0h:13m:8s

--------------------------------------------------------------------
|                    FINALIZING TREE SEARCH                        |
--------------------------------------------------------------------
Performs final model parameters optimization
Estimate model parameters (epsilon = 0.010)
1. Initial log-likelihood: -17222.357
Optimal log-likelihood: -17222.357
Gamma shape alpha: 0.600
Parameters optimization took 1 rounds (0.105 sec)
BEST SCORE FOUND : -17222.357
Creating bootstrap support values...
Split supports printed to NEXUS file /csm_data/spielman_lab/aa_phylo_fit_topology/simulations/alignments/wag_control/NP_andersen_rep11_AA.fasta.splits.nex
Total tree length: 8.304

Total number of iterations: 393
CPU time used for tree search: 5943.671 sec (1h:39m:3s)
Wall-clock time used for tree search: 755.709 sec (0h:12m:35s)
Total CPU time used: 6078.596 sec (1h:41m:18s)
Total wall-clock time used: 789.589 sec (0h:13m:9s)

Computing bootstrap consensus tree...
Reading input file /csm_data/spielman_lab/aa_phylo_fit_topology/simulations/alignments/wag_control/NP_andersen_rep11_AA.fasta.splits.nex...
178 taxa and 1340 splits.
Consensus tree written to /csm_data/spielman_lab/aa_phylo_fit_topology/simulations/alignments/wag_control/NP_andersen_rep11_AA.fasta.contree
Reading input trees file /csm_data/spielman_lab/aa_phylo_fit_topology/simulations/alignments/wag_control/NP_andersen_rep11_AA.fasta.contree
Log-likelihood of consensus tree: -17222.373

Analysis results written to: 
  IQ-TREE report:                /csm_data/spielman_lab/aa_phylo_fit_topology/simulations/alignments/wag_control/NP_andersen_rep11_AA.fasta.iqtree
  Maximum-likelihood tree:       /csm_data/spielman_lab/aa_phylo_fit_topology/simulations/alignments/wag_control/NP_andersen_rep11_AA.fasta.treefile
  Likelihood distances:          /csm_data/spielman_lab/aa_phylo_fit_topology/simulations/alignments/wag_control/NP_andersen_rep11_AA.fasta.mldist

Ultrafast bootstrap approximation results written to:
  Split support values:          /csm_data/spielman_lab/aa_phylo_fit_topology/simulations/alignments/wag_control/NP_andersen_rep11_AA.fasta.splits.nex
  Consensus tree:                /csm_data/spielman_lab/aa_phylo_fit_topology/simulations/alignments/wag_control/NP_andersen_rep11_AA.fasta.contree
  Screen log file:               /csm_data/spielman_lab/aa_phylo_fit_topology/simulations/alignments/wag_control/NP_andersen_rep11_AA.fasta.log

Date and Time: Sat Feb  1 09:55:40 2020
