IQ-TREE multicore version 1.6.7 for Linux 64-bit built Aug 23 2018
Developed by Bui Quang Minh, Nguyen Lam Tung, Olga Chernomor,
Heiko Schmidt, Dominik Schrempf, Michael Woodhams.

Host:    csm-com-009 (AVX2, FMA3, 62 GB RAM)
Command: iqtree -quiet -nt AUTO -ntmax 8 -m WAG+I+G4 -s /csm_data/spielman_lab/aa_phylo_fit_topology/simulations/alignments/wag_control/NP_opisthokonta_rep15_AA.fasta -st AA -redo -bb 1000
Seed:    897106 (Using SPRNG - Scalable Parallel Random Number Generator)
Time:    Sat Feb  1 05:25:57 2020
Kernel:  AVX+FMA - auto-detect threads (48 CPU cores detected)

Reading alignment file /csm_data/spielman_lab/aa_phylo_fit_topology/simulations/alignments/wag_control/NP_opisthokonta_rep15_AA.fasta ... Fasta format detected
Alignment most likely contains protein sequences
Alignment has 70 sequences with 498 columns, 463 distinct patterns
402 parsimony-informative, 44 singleton sites, 52 constant sites
                                  Gap/Ambiguity  Composition  p-value
   1  Oscarella_carmela                   0.00%    passed     91.92%
   2  Oscarella_lobularis                 0.00%    passed     99.50%
   3  Leucetta_chagosensis                0.00%    passed     99.55%
   4  Sycon_raphanus                      0.00%    passed     99.99%
   5  Oopsacas_minuta                     0.00%    passed     83.28%
   6  Carteriospongia_foliascens          0.00%    passed     99.04%
   7  Amphimedon_queenslandica            0.00%    passed     97.94%
   8  Suberites_domuncula                 0.00%    passed     96.04%
   9  Lubomirskia_baicalensis             0.00%    passed     92.79%
  10  Ephydatia_muelleri                  0.00%    passed     93.76%
  11  Trichoplax_adhaerens                0.00%    passed     99.89%
  12  Nematostella_vectensis              0.00%    passed    100.00%
  13  Anemonia_viridis                    0.00%    passed     99.75%
  14  Aiptasia_pallida                    0.00%    passed    100.00%
  15  Metridium_senile                    0.00%    passed     99.99%
  16  Acropora_palmata                    0.00%    passed     99.86%
  17  Acropora_millepora                  0.00%    passed     99.93%
  18  Porites_astreoides                  0.00%    passed     99.97%
  19  Montastraea_faveolata               0.00%    passed     99.92%
  20  Cyanea_capillata                    0.00%    passed     99.62%
  21  Clytia_hemisphaerica                0.00%    passed     97.95%
  22  Podocoryna_carnea                   0.00%    passed     99.50%
  23  Hydractinia_echinata                0.00%    passed     98.91%
  24  Hydra_magnipapillata                0.00%    passed     98.66%
  25  Saccoglossus_kowalevskii            0.00%    passed     99.20%
  26  Ptychodera_flava                    0.00%    passed     99.83%
  27  Strongylocentrotus_purpuratus       0.00%    passed     99.93%
  28  Asterina_pectinifera                0.00%    passed     99.67%
  29  Branchiostoma_floridae              0.00%    passed     99.79%
  30  Petromyzon_marinus                  0.00%    passed     99.51%
  31  Gallus                              0.00%    passed     99.56%
  32  Ciona_intestinalis                  0.00%    passed     99.11%
  33  Halocynthia_roretzi                 0.00%    passed     99.57%
  34  Anoplodactylus_eroticus             0.00%    passed     96.66%
  35  Boophilus_microplus                 0.00%    passed     99.99%
  36  Daphnia_pulex                       0.00%    passed    100.00%
  37  Drosophila_melanogaster             0.00%    passed     99.54%
  38  Euperipatoides_kanangrensis         0.00%    passed     92.01%
  39  Echinoderes_horni                   0.00%    passed     98.87%
  40  Xiphinema_index                     0.00%    passed     99.20%
  41  Cerebratulus_lacteus                0.00%    passed     99.95%
  42  Terebratalia_transversa             0.00%    passed     99.97%
  43  Lottia_gigantea                     0.00%    passed     97.85%
  44  Crassostrea_virginica               0.00%    passed     99.99%
  45  Euprymna_scolopes                   0.00%    passed     96.35%
  46  Capitella_telata                    0.00%    passed     99.48%
  47  Helobdella_robusta                  0.00%    passed     99.92%
  48  Schmidtea_mediterranea              0.00%    passed     96.95%
  49  Paraplanocera_oligoglena            0.00%    passed     94.99%
  50  Xenoturbella_bocki                  0.00%    passed     96.69%
  51  Nemertoderma_westbladi              0.00%    passed     99.52%
  52  Meara_stichopi                      0.00%    passed     99.78%
  53  Isodiametra_pulchra                 0.00%    passed     88.40%
  54  Symsagittifera_roscoffensis         0.00%    passed     96.23%
  55  Convolutriloba_longifissura         0.00%    passed     99.92%
  56  Capsaspora_owczarzaki_ATCC_30864    0.00%    passed     99.94%
  57  Amoebidium_parasiticum              0.00%    passed     88.23%
  58  Sphaeroforma_arctica                0.00%    passed     99.23%
  59  Spizellomyces_punctatus             0.00%    passed     69.86%
  60  Batrachochytrium_dendrobatidis      0.00%    passed     72.79%
  61  Cryptococcus_neoformans             0.00%    passed     90.47%
  62  Saccharomyces_cerevisiae            0.00%    passed     90.06%
  63  Phycomyces_blakesleeanus            0.00%    passed     71.48%
  64  Rhizopus_orizae                     0.00%    passed     99.33%
  65  Monosiga_ovata                      0.00%    passed     94.55%
  66  Salpingoeca_rosetta                 0.00%    passed     99.57%
  67  Monosiga_brevicollis                0.00%    passed     77.34%
  68  Mnemiopsis                          0.00%    passed     98.53%
  69  Mertensiid_sp                       0.00%    passed     99.34%
  70  Pleurobrachia_pileus                0.00%    passed     98.20%
****  TOTAL                               0.00%  0 sequences failed composition chi2 test (p-value<5%; df=19)

Create initial parsimony tree by phylogenetic likelihood library (PLL)... 0.030 seconds
Generating 1000 samples for ultrafast bootstrap (seed: 897106)...

NOTE: 22 MB RAM (0 GB) is required!
Measuring multi-threading efficiency up to 8 CPU cores
Increase to 10 rounds for branch lengths
12 trees examined
Threads: 1 / Time: 8.124 sec / Speedup: 1.000 / Efficiency: 100% / LogL: -42031
Threads: 2 / Time: 4.545 sec / Speedup: 1.787 / Efficiency: 89% / LogL: -42031
Threads: 3 / Time: 3.220 sec / Speedup: 2.523 / Efficiency: 84% / LogL: -42031
Threads: 4 / Time: 2.525 sec / Speedup: 3.217 / Efficiency: 80% / LogL: -42031
Threads: 5 / Time: 2.156 sec / Speedup: 3.768 / Efficiency: 75% / LogL: -42031
Threads: 6 / Time: 1.746 sec / Speedup: 4.653 / Efficiency: 78% / LogL: -42031
Threads: 7 / Time: 1.798 sec / Speedup: 4.519 / Efficiency: 65% / LogL: -42031
Threads: 8 / Time: 1.643 sec / Speedup: 4.945 / Efficiency: 62% / LogL: -42031
BEST NUMBER OF THREADS: 8

Estimate model parameters (epsilon = 0.100)
Thoroughly optimizing +I+G parameters from 10 start values...
Init pinv, alpha: 0.000, 1.000 / Estimate: 0.000, 0.631 / LogL: -34848.936
Init pinv, alpha: 0.012, 1.000 / Estimate: 0.093, 0.910 / LogL: -34816.751
Init pinv, alpha: 0.023, 1.000 / Estimate: 0.093, 0.910 / LogL: -34816.750
Init pinv, alpha: 0.035, 1.000 / Estimate: 0.093, 0.909 / LogL: -34816.760
Init pinv, alpha: 0.046, 1.000 / Estimate: 0.093, 0.910 / LogL: -34816.762
Init pinv, alpha: 0.058, 1.000 / Estimate: 0.093, 0.910 / LogL: -34816.750
Init pinv, alpha: 0.070, 1.000 / Estimate: 0.093, 0.910 / LogL: -34816.795
Init pinv, alpha: 0.081, 1.000 / Estimate: 0.093, 0.909 / LogL: -34816.784
Init pinv, alpha: 0.093, 1.000 / Estimate: 0.093, 0.910 / LogL: -34816.775
Init pinv, alpha: 0.104, 1.000 / Estimate: 0.093, 0.910 / LogL: -34816.769
Optimal pinv,alpha: 0.093, 0.910 / LogL: -34816.750

Parameters optimization took 3.185 sec
Computing ML distances based on estimated model parameters... 1.648 sec
Computing BIONJ tree...
0.005 seconds
Log-likelihood of BIONJ tree: -34808.842
--------------------------------------------------------------------
|             INITIALIZING CANDIDATE TREE SET                      |
--------------------------------------------------------------------
Generating 98 parsimony trees... 2.542 second
Computing log-likelihood of 98 initial trees ... 3.447 seconds
Current best score: -34808.842

Do NNI search on 20 best initial trees
Estimate model parameters (epsilon = 0.100)
BETTER TREE FOUND at iteration 1: -34808.840
Iteration 10 / LogL: -34811.307 / Time: 0h:0m:37s
Iteration 20 / LogL: -34810.086 / Time: 0h:0m:38s
Finish initializing candidate tree set (1)
Current best tree score: -34808.840 / CPU time: 9.214
Number of iterations: 20
--------------------------------------------------------------------
|               OPTIMIZING CANDIDATE TREE SET                      |
--------------------------------------------------------------------
Iteration 30 / LogL: -34808.866 / Time: 0h:0m:41s (0h:1m:42s left)
Iteration 40 / LogL: -34808.864 / Time: 0h:0m:45s (0h:1m:10s left)
Iteration 50 / LogL: -34808.960 / Time: 0h:0m:48s (0h:0m:50s left)
Log-likelihood cutoff on original alignment: -34861.685
Iteration 60 / LogL: -34809.060 / Time: 0h:0m:51s (0h:0m:36s left)
Iteration 70 / LogL: -34808.925 / Time: 0h:0m:55s (0h:0m:24s left)
Iteration 80 / LogL: -34809.117 / Time: 0h:0m:58s (0h:0m:15s left)
Iteration 90 / LogL: -34809.013 / Time: 0h:1m:2s (0h:0m:7s left)
Iteration 100 / LogL: -34809.128 / Time: 0h:1m:5s (0h:0m:0s left)
Log-likelihood cutoff on original alignment: -34861.685
NOTE: Bootstrap correlation coefficient of split occurrence frequencies: 1.000
TREE SEARCH COMPLETED AFTER 102 ITERATIONS / Time: 0h:1m:6s

--------------------------------------------------------------------
|                    FINALIZING TREE SEARCH                        |
--------------------------------------------------------------------
Performs final model parameters optimization
Estimate model parameters (epsilon = 0.010)
1. Initial log-likelihood: -34808.840
Optimal log-likelihood: -34808.839
Proportion of invariable sites: 0.093
Gamma shape alpha: 0.907
Parameters optimization took 1 rounds (0.044 sec)
BEST SCORE FOUND : -34808.839
Creating bootstrap support values...
Split supports printed to NEXUS file /csm_data/spielman_lab/aa_phylo_fit_topology/simulations/alignments/wag_control/NP_opisthokonta_rep15_AA.fasta.splits.nex
Total tree length: 26.818

Total number of iterations: 102
CPU time used for tree search: 274.417 sec (0h:4m:34s)
Wall-clock time used for tree search: 36.530 sec (0h:0m:36s)
Total CPU time used: 398.927 sec (0h:6m:38s)
Total wall-clock time used: 66.277 sec (0h:1m:6s)

Computing bootstrap consensus tree...
Reading input file /csm_data/spielman_lab/aa_phylo_fit_topology/simulations/alignments/wag_control/NP_opisthokonta_rep15_AA.fasta.splits.nex...
70 taxa and 242 splits.
Consensus tree written to /csm_data/spielman_lab/aa_phylo_fit_topology/simulations/alignments/wag_control/NP_opisthokonta_rep15_AA.fasta.contree
Reading input trees file /csm_data/spielman_lab/aa_phylo_fit_topology/simulations/alignments/wag_control/NP_opisthokonta_rep15_AA.fasta.contree
Log-likelihood of consensus tree: -34808.840

Analysis results written to: 
  IQ-TREE report:                /csm_data/spielman_lab/aa_phylo_fit_topology/simulations/alignments/wag_control/NP_opisthokonta_rep15_AA.fasta.iqtree
  Maximum-likelihood tree:       /csm_data/spielman_lab/aa_phylo_fit_topology/simulations/alignments/wag_control/NP_opisthokonta_rep15_AA.fasta.treefile
  Likelihood distances:          /csm_data/spielman_lab/aa_phylo_fit_topology/simulations/alignments/wag_control/NP_opisthokonta_rep15_AA.fasta.mldist

Ultrafast bootstrap approximation results written to:
  Split support values:          /csm_data/spielman_lab/aa_phylo_fit_topology/simulations/alignments/wag_control/NP_opisthokonta_rep15_AA.fasta.splits.nex
  Consensus tree:                /csm_data/spielman_lab/aa_phylo_fit_topology/simulations/alignments/wag_control/NP_opisthokonta_rep15_AA.fasta.contree
  Screen log file:               /csm_data/spielman_lab/aa_phylo_fit_topology/simulations/alignments/wag_control/NP_opisthokonta_rep15_AA.fasta.log

Date and Time: Sat Feb  1 05:27:04 2020
