IQ-TREE multicore version 1.6.7 for Linux 64-bit built Aug 23 2018
Developed by Bui Quang Minh, Nguyen Lam Tung, Olga Chernomor,
Heiko Schmidt, Dominik Schrempf, Michael Woodhams.

Host:    csm-com-006 (AVX2, FMA3, 62 GB RAM)
Command: iqtree -quiet -nt AUTO -ntmax 8 -m DCMut -s /csm_data/spielman_lab/aa_phylo_fit_topology/simulations/alignments/wag_control/NP_opisthokonta_rep13_AA.fasta -st AA -redo -bb 1000
Seed:    722075 (Using SPRNG - Scalable Parallel Random Number Generator)
Time:    Sat Feb  1 05:03:10 2020
Kernel:  AVX+FMA - auto-detect threads (48 CPU cores detected)

Reading alignment file /csm_data/spielman_lab/aa_phylo_fit_topology/simulations/alignments/wag_control/NP_opisthokonta_rep13_AA.fasta ... Fasta format detected
Alignment most likely contains protein sequences
Alignment has 70 sequences with 498 columns, 461 distinct patterns
391 parsimony-informative, 54 singleton sites, 53 constant sites
                                  Gap/Ambiguity  Composition  p-value
   1  Oscarella_carmela                   0.00%    passed     99.48%
   2  Oscarella_lobularis                 0.00%    passed     97.23%
   3  Leucetta_chagosensis                0.00%    passed     99.17%
   4  Sycon_raphanus                      0.00%    passed     99.18%
   5  Oopsacas_minuta                     0.00%    passed     87.11%
   6  Carteriospongia_foliascens          0.00%    passed     99.62%
   7  Amphimedon_queenslandica            0.00%    passed     99.35%
   8  Suberites_domuncula                 0.00%    passed     89.32%
   9  Lubomirskia_baicalensis             0.00%    passed     99.00%
  10  Ephydatia_muelleri                  0.00%    passed     98.72%
  11  Trichoplax_adhaerens                0.00%    passed    100.00%
  12  Nematostella_vectensis              0.00%    passed     99.52%
  13  Anemonia_viridis                    0.00%    passed     99.75%
  14  Aiptasia_pallida                    0.00%    passed     98.54%
  15  Metridium_senile                    0.00%    passed     99.97%
  16  Acropora_palmata                    0.00%    passed     95.68%
  17  Acropora_millepora                  0.00%    passed     96.66%
  18  Porites_astreoides                  0.00%    passed     97.90%
  19  Montastraea_faveolata               0.00%    passed     90.82%
  20  Cyanea_capillata                    0.00%    passed     99.97%
  21  Clytia_hemisphaerica                0.00%    passed     98.81%
  22  Podocoryna_carnea                   0.00%    passed     95.21%
  23  Hydractinia_echinata                0.00%    passed     98.68%
  24  Hydra_magnipapillata                0.00%    passed     99.15%
  25  Saccoglossus_kowalevskii            0.00%    passed     99.84%
  26  Ptychodera_flava                    0.00%    passed    100.00%
  27  Strongylocentrotus_purpuratus       0.00%    passed     99.80%
  28  Asterina_pectinifera                0.00%    passed     99.27%
  29  Branchiostoma_floridae              0.00%    passed    100.00%
  30  Petromyzon_marinus                  0.00%    passed     83.66%
  31  Gallus                              0.00%    passed     99.98%
  32  Ciona_intestinalis                  0.00%    passed     87.70%
  33  Halocynthia_roretzi                 0.00%    passed     98.83%
  34  Anoplodactylus_eroticus             0.00%    passed     99.94%
  35  Boophilus_microplus                 0.00%    passed     99.97%
  36  Daphnia_pulex                       0.00%    passed     98.31%
  37  Drosophila_melanogaster             0.00%    passed     99.77%
  38  Euperipatoides_kanangrensis         0.00%    passed     99.78%
  39  Echinoderes_horni                   0.00%    passed     99.64%
  40  Xiphinema_index                     0.00%    passed     87.94%
  41  Cerebratulus_lacteus                0.00%    passed     75.08%
  42  Terebratalia_transversa             0.00%    passed     98.29%
  43  Lottia_gigantea                     0.00%    passed     98.53%
  44  Crassostrea_virginica               0.00%    passed     99.93%
  45  Euprymna_scolopes                   0.00%    passed     98.60%
  46  Capitella_telata                    0.00%    passed     99.55%
  47  Helobdella_robusta                  0.00%    passed     97.40%
  48  Schmidtea_mediterranea              0.00%    passed     82.41%
  49  Paraplanocera_oligoglena            0.00%    passed     97.79%
  50  Xenoturbella_bocki                  0.00%    passed     98.16%
  51  Nemertoderma_westbladi              0.00%    passed     97.10%
  52  Meara_stichopi                      0.00%    passed     99.83%
  53  Isodiametra_pulchra                 0.00%    passed     44.55%
  54  Symsagittifera_roscoffensis         0.00%    passed     99.12%
  55  Convolutriloba_longifissura         0.00%    passed     95.97%
  56  Capsaspora_owczarzaki_ATCC_30864    0.00%    passed     98.35%
  57  Amoebidium_parasiticum              0.00%    passed     98.82%
  58  Sphaeroforma_arctica                0.00%    passed     82.39%
  59  Spizellomyces_punctatus             0.00%    passed     97.93%
  60  Batrachochytrium_dendrobatidis      0.00%    passed     98.69%
  61  Cryptococcus_neoformans             0.00%    passed     75.52%
  62  Saccharomyces_cerevisiae            0.00%    passed     99.05%
  63  Phycomyces_blakesleeanus            0.00%    passed     87.29%
  64  Rhizopus_orizae                     0.00%    passed     99.87%
  65  Monosiga_ovata                      0.00%    passed     90.08%
  66  Salpingoeca_rosetta                 0.00%    passed     99.45%
  67  Monosiga_brevicollis                0.00%    passed     90.50%
  68  Mnemiopsis                          0.00%    passed     97.39%
  69  Mertensiid_sp                       0.00%    passed     98.14%
  70  Pleurobrachia_pileus                0.00%    passed     85.76%
****  TOTAL                               0.00%  0 sequences failed composition chi2 test (p-value<5%; df=19)

Create initial parsimony tree by phylogenetic likelihood library (PLL)... 0.030 seconds
Generating 1000 samples for ultrafast bootstrap (seed: 722075)...

NOTE: 7 MB RAM (0 GB) is required!
Measuring multi-threading efficiency up to 8 CPU cores
Increase to 10 rounds for branch lengths
64 trees examined
Threads: 1 / Time: 8.020 sec / Speedup: 1.000 / Efficiency: 100% / LogL: -45848
Threads: 2 / Time: 6.035 sec / Speedup: 1.329 / Efficiency: 66% / LogL: -45848
Threads: 3 / Time: 4.164 sec / Speedup: 1.926 / Efficiency: 64% / LogL: -45848
Threads: 4 / Time: 3.825 sec / Speedup: 2.097 / Efficiency: 52% / LogL: -45848
Threads: 5 / Time: 3.343 sec / Speedup: 2.399 / Efficiency: 48% / LogL: -45848
BEST NUMBER OF THREADS: 4

Estimate model parameters (epsilon = 0.100)
1. Initial log-likelihood: -38223.852
Optimal log-likelihood: -37865.434
Parameters optimization took 1 rounds (0.036 sec)
Computing ML distances based on estimated model parameters... 0.485 sec
Computing BIONJ tree...
0.005 seconds
Log-likelihood of BIONJ tree: -37846.959
--------------------------------------------------------------------
|             INITIALIZING CANDIDATE TREE SET                      |
--------------------------------------------------------------------
Generating 98 parsimony trees... 2.469 second
Computing log-likelihood of 98 initial trees ... 2.091 seconds
Current best score: -37831.278

Do NNI search on 20 best initial trees
Estimate model parameters (epsilon = 0.100)
BETTER TREE FOUND at iteration 1: -37822.167
Estimate model parameters (epsilon = 0.100)
BETTER TREE FOUND at iteration 8: -37822.085
Iteration 10 / LogL: -37822.171 / Time: 0h:0m:31s
Iteration 20 / LogL: -37822.171 / Time: 0h:0m:32s
Finish initializing candidate tree set (3)
Current best tree score: -37822.085 / CPU time: 6.984
Number of iterations: 20
--------------------------------------------------------------------
|               OPTIMIZING CANDIDATE TREE SET                      |
--------------------------------------------------------------------
Iteration 30 / LogL: -37835.693 / Time: 0h:0m:34s (0h:1m:31s left)
Iteration 40 / LogL: -37835.611 / Time: 0h:0m:35s (0h:1m:1s left)
Iteration 50 / LogL: -37822.086 / Time: 0h:0m:37s (0h:0m:43s left)
Log-likelihood cutoff on original alignment: -37894.869
Iteration 60 / LogL: -37822.187 / Time: 0h:0m:38s (0h:0m:31s left)
Iteration 70 / LogL: -37835.639 / Time: 0h:0m:40s (0h:0m:22s left)
Iteration 80 / LogL: -37822.180 / Time: 0h:0m:41s (0h:0m:14s left)
Iteration 90 / LogL: -37839.386 / Time: 0h:0m:43s (0h:0m:8s left)
Iteration 100 / LogL: -37822.182 / Time: 0h:0m:45s (0h:0m:3s left)
Log-likelihood cutoff on original alignment: -37894.869
NOTE: Bootstrap correlation coefficient of split occurrence frequencies: 1.000
TREE SEARCH COMPLETED AFTER 109 ITERATIONS / Time: 0h:0m:47s

--------------------------------------------------------------------
|                    FINALIZING TREE SEARCH                        |
--------------------------------------------------------------------
Performs final model parameters optimization
Estimate model parameters (epsilon = 0.010)
1. Initial log-likelihood: -37822.085
Optimal log-likelihood: -37822.085
Parameters optimization took 1 rounds (0.015 sec)
BEST SCORE FOUND : -37822.085
Creating bootstrap support values...
Split supports printed to NEXUS file /csm_data/spielman_lab/aa_phylo_fit_topology/simulations/alignments/wag_control/NP_opisthokonta_rep13_AA.fasta.splits.nex
Total tree length: 16.061

Total number of iterations: 109
CPU time used for tree search: 80.568 sec (0h:1m:20s)
Wall-clock time used for tree search: 21.957 sec (0h:0m:21s)
Total CPU time used: 155.694 sec (0h:2m:35s)
Total wall-clock time used: 47.873 sec (0h:0m:47s)

Computing bootstrap consensus tree...
Reading input file /csm_data/spielman_lab/aa_phylo_fit_topology/simulations/alignments/wag_control/NP_opisthokonta_rep13_AA.fasta.splits.nex...
70 taxa and 250 splits.
Consensus tree written to /csm_data/spielman_lab/aa_phylo_fit_topology/simulations/alignments/wag_control/NP_opisthokonta_rep13_AA.fasta.contree
Reading input trees file /csm_data/spielman_lab/aa_phylo_fit_topology/simulations/alignments/wag_control/NP_opisthokonta_rep13_AA.fasta.contree
Log-likelihood of consensus tree: -37822.085

Analysis results written to: 
  IQ-TREE report:                /csm_data/spielman_lab/aa_phylo_fit_topology/simulations/alignments/wag_control/NP_opisthokonta_rep13_AA.fasta.iqtree
  Maximum-likelihood tree:       /csm_data/spielman_lab/aa_phylo_fit_topology/simulations/alignments/wag_control/NP_opisthokonta_rep13_AA.fasta.treefile
  Likelihood distances:          /csm_data/spielman_lab/aa_phylo_fit_topology/simulations/alignments/wag_control/NP_opisthokonta_rep13_AA.fasta.mldist

Ultrafast bootstrap approximation results written to:
  Split support values:          /csm_data/spielman_lab/aa_phylo_fit_topology/simulations/alignments/wag_control/NP_opisthokonta_rep13_AA.fasta.splits.nex
  Consensus tree:                /csm_data/spielman_lab/aa_phylo_fit_topology/simulations/alignments/wag_control/NP_opisthokonta_rep13_AA.fasta.contree
  Screen log file:               /csm_data/spielman_lab/aa_phylo_fit_topology/simulations/alignments/wag_control/NP_opisthokonta_rep13_AA.fasta.log

Date and Time: Sat Feb  1 05:03:58 2020
