IQ-TREE multicore version 1.6.7 for Linux 64-bit built Aug 23 2018
Developed by Bui Quang Minh, Nguyen Lam Tung, Olga Chernomor,
Heiko Schmidt, Dominik Schrempf, Michael Woodhams.

Host:    csm-com-012 (AVX2, FMA3, 62 GB RAM)
Command: iqtree -quiet -nt AUTO -ntmax 8 -m DCMut+F+G4 -s /csm_data/spielman_lab/aa_phylo_fit_topology/simulations/alignments/wag_control/NP_opisthokonta_rep6_AA.fasta -st AA -redo -bb 1000
Seed:    791317 (Using SPRNG - Scalable Parallel Random Number Generator)
Time:    Sat Feb  1 01:37:04 2020
Kernel:  AVX+FMA - auto-detect threads (48 CPU cores detected)

Reading alignment file /csm_data/spielman_lab/aa_phylo_fit_topology/simulations/alignments/wag_control/NP_opisthokonta_rep6_AA.fasta ... Fasta format detected
Alignment most likely contains protein sequences
Alignment has 70 sequences with 498 columns, 468 distinct patterns
398 parsimony-informative, 53 singleton sites, 47 constant sites
                                  Gap/Ambiguity  Composition  p-value
   1  Oscarella_carmela                   0.00%    passed     93.99%
   2  Oscarella_lobularis                 0.00%    passed     92.17%
   3  Leucetta_chagosensis                0.00%    passed     69.36%
   4  Sycon_raphanus                      0.00%    passed    100.00%
   5  Oopsacas_minuta                     0.00%    passed     94.44%
   6  Carteriospongia_foliascens          0.00%    passed     88.30%
   7  Amphimedon_queenslandica            0.00%    passed     99.66%
   8  Suberites_domuncula                 0.00%    passed     95.55%
   9  Lubomirskia_baicalensis             0.00%    passed     99.45%
  10  Ephydatia_muelleri                  0.00%    passed     99.48%
  11  Trichoplax_adhaerens                0.00%    passed     99.98%
  12  Nematostella_vectensis              0.00%    passed     99.61%
  13  Anemonia_viridis                    0.00%    passed     97.78%
  14  Aiptasia_pallida                    0.00%    passed     91.56%
  15  Metridium_senile                    0.00%    passed     99.29%
  16  Acropora_palmata                    0.00%    passed     99.86%
  17  Acropora_millepora                  0.00%    passed    100.00%
  18  Porites_astreoides                  0.00%    passed     99.99%
  19  Montastraea_faveolata               0.00%    passed     99.90%
  20  Cyanea_capillata                    0.00%    passed     98.59%
  21  Clytia_hemisphaerica                0.00%    passed     99.15%
  22  Podocoryna_carnea                   0.00%    passed     99.98%
  23  Hydractinia_echinata                0.00%    passed     99.97%
  24  Hydra_magnipapillata                0.00%    passed     97.17%
  25  Saccoglossus_kowalevskii            0.00%    passed    100.00%
  26  Ptychodera_flava                    0.00%    passed     99.42%
  27  Strongylocentrotus_purpuratus       0.00%    passed     99.81%
  28  Asterina_pectinifera                0.00%    passed     99.83%
  29  Branchiostoma_floridae              0.00%    passed     99.97%
  30  Petromyzon_marinus                  0.00%    passed     99.99%
  31  Gallus                              0.00%    passed     98.15%
  32  Ciona_intestinalis                  0.00%    passed     99.99%
  33  Halocynthia_roretzi                 0.00%    passed     95.80%
  34  Anoplodactylus_eroticus             0.00%    passed     99.99%
  35  Boophilus_microplus                 0.00%    passed     99.76%
  36  Daphnia_pulex                       0.00%    passed     99.99%
  37  Drosophila_melanogaster             0.00%    passed     99.98%
  38  Euperipatoides_kanangrensis         0.00%    passed     98.88%
  39  Echinoderes_horni                   0.00%    passed     86.75%
  40  Xiphinema_index                     0.00%    passed     80.41%
  41  Cerebratulus_lacteus                0.00%    passed     99.79%
  42  Terebratalia_transversa             0.00%    passed     99.95%
  43  Lottia_gigantea                     0.00%    passed     99.99%
  44  Crassostrea_virginica               0.00%    passed     99.35%
  45  Euprymna_scolopes                   0.00%    passed     96.54%
  46  Capitella_telata                    0.00%    passed     97.93%
  47  Helobdella_robusta                  0.00%    passed     99.20%
  48  Schmidtea_mediterranea              0.00%    passed     98.85%
  49  Paraplanocera_oligoglena            0.00%    passed     99.78%
  50  Xenoturbella_bocki                  0.00%    passed     98.84%
  51  Nemertoderma_westbladi              0.00%    passed     99.02%
  52  Meara_stichopi                      0.00%    passed     89.03%
  53  Isodiametra_pulchra                 0.00%    passed    100.00%
  54  Symsagittifera_roscoffensis         0.00%    passed     89.42%
  55  Convolutriloba_longifissura         0.00%    passed     92.80%
  56  Capsaspora_owczarzaki_ATCC_30864    0.00%    passed     91.54%
  57  Amoebidium_parasiticum              0.00%    passed     98.24%
  58  Sphaeroforma_arctica                0.00%    passed     90.03%
  59  Spizellomyces_punctatus             0.00%    passed     98.57%
  60  Batrachochytrium_dendrobatidis      0.00%    passed     90.57%
  61  Cryptococcus_neoformans             0.00%    passed     96.06%
  62  Saccharomyces_cerevisiae            0.00%    passed     94.39%
  63  Phycomyces_blakesleeanus            0.00%    passed     97.52%
  64  Rhizopus_orizae                     0.00%    passed     84.52%
  65  Monosiga_ovata                      0.00%    passed     96.32%
  66  Salpingoeca_rosetta                 0.00%    passed     95.07%
  67  Monosiga_brevicollis                0.00%    passed     98.44%
  68  Mnemiopsis                          0.00%    passed     99.19%
  69  Mertensiid_sp                       0.00%    passed     99.02%
  70  Pleurobrachia_pileus                0.00%    passed     86.38%
****  TOTAL                               0.00%  0 sequences failed composition chi2 test (p-value<5%; df=19)

Create initial parsimony tree by phylogenetic likelihood library (PLL)... 0.017 seconds
Generating 1000 samples for ultrafast bootstrap (seed: 791317)...

NOTE: 22 MB RAM (0 GB) is required!
Measuring multi-threading efficiency up to 8 CPU cores
Increase to 10 rounds for branch lengths
12 trees examined
Threads: 1 / Time: 8.178 sec / Speedup: 1.000 / Efficiency: 100% / LogL: -42195
Threads: 2 / Time: 4.594 sec / Speedup: 1.780 / Efficiency: 89% / LogL: -42195
Threads: 3 / Time: 3.574 sec / Speedup: 2.288 / Efficiency: 76% / LogL: -42195
Threads: 4 / Time: 2.607 sec / Speedup: 3.137 / Efficiency: 78% / LogL: -42195
Threads: 5 / Time: 2.286 sec / Speedup: 3.577 / Efficiency: 72% / LogL: -42195
Threads: 6 / Time: 1.963 sec / Speedup: 4.167 / Efficiency: 69% / LogL: -42195
Threads: 7 / Time: 1.861 sec / Speedup: 4.394 / Efficiency: 63% / LogL: -42195
Threads: 8 / Time: 1.717 sec / Speedup: 4.763 / Efficiency: 60% / LogL: -42195
BEST NUMBER OF THREADS: 8

Estimate model parameters (epsilon = 0.100)
1. Initial log-likelihood: -35599.649
2. Current log-likelihood: -35166.626
3. Current log-likelihood: -35150.903
4. Current log-likelihood: -35149.683
Optimal log-likelihood: -35149.550
Gamma shape alpha: 0.642
Parameters optimization took 4 rounds (0.243 sec)
Computing ML distances based on estimated model parameters... 1.999 sec
Computing BIONJ tree...
0.004 seconds
Log-likelihood of BIONJ tree: -35147.265
--------------------------------------------------------------------
|             INITIALIZING CANDIDATE TREE SET                      |
--------------------------------------------------------------------
Generating 98 parsimony trees... 2.598 second
Computing log-likelihood of 98 initial trees ... 3.785 seconds
Current best score: -35147.265

Do NNI search on 20 best initial trees
Estimate model parameters (epsilon = 0.100)
BETTER TREE FOUND at iteration 1: -35129.676
Iteration 10 / LogL: -35130.918 / Time: 0h:0m:37s
Iteration 20 / LogL: -35129.981 / Time: 0h:0m:41s
Finish initializing candidate tree set (3)
Current best tree score: -35129.676 / CPU time: 13.591
Number of iterations: 20
--------------------------------------------------------------------
|               OPTIMIZING CANDIDATE TREE SET                      |
--------------------------------------------------------------------
Iteration 30 / LogL: -35129.676 / Time: 0h:0m:45s (0h:1m:51s left)
Iteration 40 / LogL: -35129.676 / Time: 0h:0m:49s (0h:1m:17s left)
Estimate model parameters (epsilon = 0.100)
UPDATE BEST LOG-LIKELIHOOD: -35129.631
Iteration 50 / LogL: -35129.686 / Time: 0h:0m:53s (0h:0m:55s left)
Log-likelihood cutoff on original alignment: -35166.443
Iteration 60 / LogL: -35129.691 / Time: 0h:0m:57s (0h:0m:40s left)
Iteration 70 / LogL: -35129.686 / Time: 0h:1m:2s (0h:0m:27s left)
Iteration 80 / LogL: -35129.866 / Time: 0h:1m:6s (0h:0m:17s left)
Iteration 90 / LogL: -35129.686 / Time: 0h:1m:10s (0h:0m:8s left)
Iteration 100 / LogL: -35129.686 / Time: 0h:1m:15s (0h:0m:0s left)
Log-likelihood cutoff on original alignment: -35163.898
NOTE: Bootstrap correlation coefficient of split occurrence frequencies: 1.000
TREE SEARCH COMPLETED AFTER 102 ITERATIONS / Time: 0h:1m:16s

--------------------------------------------------------------------
|                    FINALIZING TREE SEARCH                        |
--------------------------------------------------------------------
Performs final model parameters optimization
Estimate model parameters (epsilon = 0.010)
1. Initial log-likelihood: -35129.631
Optimal log-likelihood: -35129.629
Gamma shape alpha: 0.637
Parameters optimization took 1 rounds (0.042 sec)
BEST SCORE FOUND : -35129.629
Creating bootstrap support values...
Split supports printed to NEXUS file /csm_data/spielman_lab/aa_phylo_fit_topology/simulations/alignments/wag_control/NP_opisthokonta_rep6_AA.fasta.splits.nex
Total tree length: 30.473

Total number of iterations: 102
CPU time used for tree search: 370.568 sec (0h:6m:10s)
Wall-clock time used for tree search: 48.773 sec (0h:0m:48s)
Total CPU time used: 475.473 sec (0h:7m:55s)
Total wall-clock time used: 76.687 sec (0h:1m:16s)

Computing bootstrap consensus tree...
Reading input file /csm_data/spielman_lab/aa_phylo_fit_topology/simulations/alignments/wag_control/NP_opisthokonta_rep6_AA.fasta.splits.nex...
70 taxa and 246 splits.
Consensus tree written to /csm_data/spielman_lab/aa_phylo_fit_topology/simulations/alignments/wag_control/NP_opisthokonta_rep6_AA.fasta.contree
Reading input trees file /csm_data/spielman_lab/aa_phylo_fit_topology/simulations/alignments/wag_control/NP_opisthokonta_rep6_AA.fasta.contree
Log-likelihood of consensus tree: -35129.629

Analysis results written to: 
  IQ-TREE report:                /csm_data/spielman_lab/aa_phylo_fit_topology/simulations/alignments/wag_control/NP_opisthokonta_rep6_AA.fasta.iqtree
  Maximum-likelihood tree:       /csm_data/spielman_lab/aa_phylo_fit_topology/simulations/alignments/wag_control/NP_opisthokonta_rep6_AA.fasta.treefile
  Likelihood distances:          /csm_data/spielman_lab/aa_phylo_fit_topology/simulations/alignments/wag_control/NP_opisthokonta_rep6_AA.fasta.mldist

Ultrafast bootstrap approximation results written to:
  Split support values:          /csm_data/spielman_lab/aa_phylo_fit_topology/simulations/alignments/wag_control/NP_opisthokonta_rep6_AA.fasta.splits.nex
  Consensus tree:                /csm_data/spielman_lab/aa_phylo_fit_topology/simulations/alignments/wag_control/NP_opisthokonta_rep6_AA.fasta.contree
  Screen log file:               /csm_data/spielman_lab/aa_phylo_fit_topology/simulations/alignments/wag_control/NP_opisthokonta_rep6_AA.fasta.log

Date and Time: Sat Feb  1 01:38:21 2020
