IQ-TREE multicore version 1.6.7 for Linux 64-bit built Aug 23 2018
Developed by Bui Quang Minh, Nguyen Lam Tung, Olga Chernomor,
Heiko Schmidt, Dominik Schrempf, Michael Woodhams.

Host:    csm-gpu-001 (AVX2, FMA3, 62 GB RAM)
Command: iqtree -quiet -nt AUTO -ntmax 8 -m GTR20 -s /csm_data/spielman_lab/aa_phylo_fit_topology/simulations/alignments/wag_control/NP_opisthokonta_rep17_AA.fasta -st AA -redo -bb 1000
Seed:    22019 (Using SPRNG - Scalable Parallel Random Number Generator)
Time:    Sat Feb  1 06:16:31 2020
Kernel:  AVX+FMA - auto-detect threads (48 CPU cores detected)

Reading alignment file /csm_data/spielman_lab/aa_phylo_fit_topology/simulations/alignments/wag_control/NP_opisthokonta_rep17_AA.fasta ... Fasta format detected
Alignment most likely contains protein sequences
Alignment has 70 sequences with 498 columns, 473 distinct patterns
393 parsimony-informative, 61 singleton sites, 44 constant sites
                                  Gap/Ambiguity  Composition  p-value
   1  Oscarella_carmela                   0.00%    passed     99.99%
   2  Oscarella_lobularis                 0.00%    passed     99.68%
   3  Leucetta_chagosensis                0.00%    passed     99.49%
   4  Sycon_raphanus                      0.00%    passed     93.13%
   5  Oopsacas_minuta                     0.00%    passed     75.55%
   6  Carteriospongia_foliascens          0.00%    passed     97.95%
   7  Amphimedon_queenslandica            0.00%    passed     97.50%
   8  Suberites_domuncula                 0.00%    passed     96.62%
   9  Lubomirskia_baicalensis             0.00%    passed     97.34%
  10  Ephydatia_muelleri                  0.00%    passed     97.54%
  11  Trichoplax_adhaerens                0.00%    passed     99.81%
  12  Nematostella_vectensis              0.00%    passed     99.88%
  13  Anemonia_viridis                    0.00%    passed     96.76%
  14  Aiptasia_pallida                    0.00%    passed     94.52%
  15  Metridium_senile                    0.00%    passed     93.70%
  16  Acropora_palmata                    0.00%    passed     93.45%
  17  Acropora_millepora                  0.00%    passed     88.84%
  18  Porites_astreoides                  0.00%    passed     92.12%
  19  Montastraea_faveolata               0.00%    passed     96.29%
  20  Cyanea_capillata                    0.00%    passed     99.26%
  21  Clytia_hemisphaerica                0.00%    passed     99.92%
  22  Podocoryna_carnea                   0.00%    passed     99.77%
  23  Hydractinia_echinata                0.00%    passed     98.17%
  24  Hydra_magnipapillata                0.00%    passed     98.61%
  25  Saccoglossus_kowalevskii            0.00%    passed     99.76%
  26  Ptychodera_flava                    0.00%    passed     99.70%
  27  Strongylocentrotus_purpuratus       0.00%    passed     99.98%
  28  Asterina_pectinifera                0.00%    passed     99.39%
  29  Branchiostoma_floridae              0.00%    passed     99.43%
  30  Petromyzon_marinus                  0.00%    passed    100.00%
  31  Gallus                              0.00%    passed     99.60%
  32  Ciona_intestinalis                  0.00%    passed     99.72%
  33  Halocynthia_roretzi                 0.00%    passed     98.34%
  34  Anoplodactylus_eroticus             0.00%    passed     98.92%
  35  Boophilus_microplus                 0.00%    passed     96.54%
  36  Daphnia_pulex                       0.00%    passed     96.76%
  37  Drosophila_melanogaster             0.00%    passed     90.08%
  38  Euperipatoides_kanangrensis         0.00%    passed     99.87%
  39  Echinoderes_horni                   0.00%    passed     98.36%
  40  Xiphinema_index                     0.00%    passed     99.27%
  41  Cerebratulus_lacteus                0.00%    passed     97.64%
  42  Terebratalia_transversa             0.00%    passed     99.94%
  43  Lottia_gigantea                     0.00%    passed     99.96%
  44  Crassostrea_virginica               0.00%    passed     98.50%
  45  Euprymna_scolopes                   0.00%    passed     97.31%
  46  Capitella_telata                    0.00%    passed     99.71%
  47  Helobdella_robusta                  0.00%    passed     99.50%
  48  Schmidtea_mediterranea              0.00%    passed     98.71%
  49  Paraplanocera_oligoglena            0.00%    passed     99.37%
  50  Xenoturbella_bocki                  0.00%    passed    100.00%
  51  Nemertoderma_westbladi              0.00%    passed     99.91%
  52  Meara_stichopi                      0.00%    passed     95.46%
  53  Isodiametra_pulchra                 0.00%    passed     96.46%
  54  Symsagittifera_roscoffensis         0.00%    passed     92.43%
  55  Convolutriloba_longifissura         0.00%    passed     99.33%
  56  Capsaspora_owczarzaki_ATCC_30864    0.00%    passed     99.81%
  57  Amoebidium_parasiticum              0.00%    passed     43.89%
  58  Sphaeroforma_arctica                0.00%    passed     71.30%
  59  Spizellomyces_punctatus             0.00%    passed     94.48%
  60  Batrachochytrium_dendrobatidis      0.00%    passed     97.75%
  61  Cryptococcus_neoformans             0.00%    passed     99.90%
  62  Saccharomyces_cerevisiae            0.00%    passed     98.15%
  63  Phycomyces_blakesleeanus            0.00%    passed     74.22%
  64  Rhizopus_orizae                     0.00%    passed     96.97%
  65  Monosiga_ovata                      0.00%    passed     93.50%
  66  Salpingoeca_rosetta                 0.00%    passed     96.79%
  67  Monosiga_brevicollis                0.00%    passed     92.00%
  68  Mnemiopsis                          0.00%    passed     98.72%
  69  Mertensiid_sp                       0.00%    passed     97.40%
  70  Pleurobrachia_pileus                0.00%    passed     99.30%
****  TOTAL                               0.00%  0 sequences failed composition chi2 test (p-value<5%; df=19)

Create initial parsimony tree by phylogenetic likelihood library (PLL)... 0.018 seconds
Generating 1000 samples for ultrafast bootstrap (seed: 22019)...
WARNING: GTR20 model will estimate 189 substitution rates that might be overfitting!
WARNING: Please only use GTR20 with very large data and always test for model fit!

NOTE: 7 MB RAM (0 GB) is required!
Measuring multi-threading efficiency up to 8 CPU cores
Increase to 10 rounds for branch lengths
54 trees examined
Threads: 1 / Time: 8.026 sec / Speedup: 1.000 / Efficiency: 100% / LogL: -47575
Threads: 2 / Time: 4.500 sec / Speedup: 1.783 / Efficiency: 89% / LogL: -47575
Threads: 3 / Time: 2.897 sec / Speedup: 2.771 / Efficiency: 92% / LogL: -47575
Threads: 4 / Time: 3.162 sec / Speedup: 2.538 / Efficiency: 63% / LogL: -47575
Threads: 5 / Time: 3.018 sec / Speedup: 2.659 / Efficiency: 53% / LogL: -47575
Threads: 6 / Time: 2.651 sec / Speedup: 3.027 / Efficiency: 50% / LogL: -47575
Threads: 7 / Time: 2.601 sec / Speedup: 3.085 / Efficiency: 44% / LogL: -47575
BEST NUMBER OF THREADS: 6

Estimate model parameters (epsilon = 0.100)
1. Initial log-likelihood: -38517.402
2. Current log-likelihood: -37469.555
3. Current log-likelihood: -37457.029
Optimal log-likelihood: -37457.011
Parameters optimization took 3 rounds (10.577 sec)
Computing ML distances based on estimated model parameters... 0.381 sec
Computing BIONJ tree...
0.005 seconds
Log-likelihood of BIONJ tree: -37485.532
--------------------------------------------------------------------
|             INITIALIZING CANDIDATE TREE SET                      |
--------------------------------------------------------------------
Generating 98 parsimony trees... 3.101 second
Computing log-likelihood of 98 initial trees ... 1.424 seconds
Current best score: -37453.824

Do NNI search on 20 best initial trees
Estimate model parameters (epsilon = 0.100)
BETTER TREE FOUND at iteration 1: -37448.057
Estimate model parameters (epsilon = 0.100)
BETTER TREE FOUND at iteration 5: -37442.753
Iteration 10 / LogL: -37442.754 / Time: 0h:0m:50s
Iteration 20 / LogL: -37442.754 / Time: 0h:0m:52s
Finish initializing candidate tree set (3)
Current best tree score: -37442.753 / CPU time: 14.555
Number of iterations: 20
--------------------------------------------------------------------
|               OPTIMIZING CANDIDATE TREE SET                      |
--------------------------------------------------------------------
Iteration 30 / LogL: -37482.928 / Time: 0h:0m:53s (0h:2m:18s left)
Iteration 40 / LogL: -37442.861 / Time: 0h:0m:55s (0h:1m:32s left)
Iteration 50 / LogL: -37482.907 / Time: 0h:0m:56s (0h:1m:3s left)
Log-likelihood cutoff on original alignment: -37490.687
Iteration 60 / LogL: -37442.767 / Time: 0h:0m:58s (0h:0m:44s left)
Iteration 70 / LogL: -37442.755 / Time: 0h:0m:59s (0h:0m:30s left)
Iteration 80 / LogL: -37483.702 / Time: 0h:1m:1s (0h:0m:19s left)
Iteration 90 / LogL: -37477.066 / Time: 0h:1m:3s (0h:0m:10s left)
Iteration 100 / LogL: -37448.549 / Time: 0h:1m:4s (0h:0m:3s left)
Log-likelihood cutoff on original alignment: -37490.687
NOTE: Bootstrap correlation coefficient of split occurrence frequencies: 1.000
TREE SEARCH COMPLETED AFTER 106 ITERATIONS / Time: 0h:1m:6s

--------------------------------------------------------------------
|                    FINALIZING TREE SEARCH                        |
--------------------------------------------------------------------
Performs final model parameters optimization
Estimate model parameters (epsilon = 0.010)
1. Initial log-likelihood: -37442.753
Optimal log-likelihood: -37442.743
Parameters optimization took 1 rounds (0.798 sec)
BEST SCORE FOUND : -37442.743
Creating bootstrap support values...
Split supports printed to NEXUS file /csm_data/spielman_lab/aa_phylo_fit_topology/simulations/alignments/wag_control/NP_opisthokonta_rep17_AA.fasta.splits.nex
Total tree length: 15.849

Total number of iterations: 106
CPU time used for tree search: 154.832 sec (0h:2m:34s)
Wall-clock time used for tree search: 28.360 sec (0h:0m:28s)
Total CPU time used: 323.098 sec (0h:5m:23s)
Total wall-clock time used: 67.044 sec (0h:1m:7s)

Computing bootstrap consensus tree...
Reading input file /csm_data/spielman_lab/aa_phylo_fit_topology/simulations/alignments/wag_control/NP_opisthokonta_rep17_AA.fasta.splits.nex...
70 taxa and 237 splits.
Consensus tree written to /csm_data/spielman_lab/aa_phylo_fit_topology/simulations/alignments/wag_control/NP_opisthokonta_rep17_AA.fasta.contree
Reading input trees file /csm_data/spielman_lab/aa_phylo_fit_topology/simulations/alignments/wag_control/NP_opisthokonta_rep17_AA.fasta.contree
Log-likelihood of consensus tree: -37442.743

Analysis results written to: 
  IQ-TREE report:                /csm_data/spielman_lab/aa_phylo_fit_topology/simulations/alignments/wag_control/NP_opisthokonta_rep17_AA.fasta.iqtree
  Maximum-likelihood tree:       /csm_data/spielman_lab/aa_phylo_fit_topology/simulations/alignments/wag_control/NP_opisthokonta_rep17_AA.fasta.treefile
  Likelihood distances:          /csm_data/spielman_lab/aa_phylo_fit_topology/simulations/alignments/wag_control/NP_opisthokonta_rep17_AA.fasta.mldist

Ultrafast bootstrap approximation results written to:
  Split support values:          /csm_data/spielman_lab/aa_phylo_fit_topology/simulations/alignments/wag_control/NP_opisthokonta_rep17_AA.fasta.splits.nex
  Consensus tree:                /csm_data/spielman_lab/aa_phylo_fit_topology/simulations/alignments/wag_control/NP_opisthokonta_rep17_AA.fasta.contree
  Screen log file:               /csm_data/spielman_lab/aa_phylo_fit_topology/simulations/alignments/wag_control/NP_opisthokonta_rep17_AA.fasta.log

Date and Time: Sat Feb  1 06:17:38 2020
