IQ-TREE multicore version 1.6.7 for Linux 64-bit built Aug 23 2018
Developed by Bui Quang Minh, Nguyen Lam Tung, Olga Chernomor,
Heiko Schmidt, Dominik Schrempf, Michael Woodhams.

Host:    csm-com-001 (AVX2, FMA3, 62 GB RAM)
Command: iqtree -quiet -nt AUTO -ntmax 8 -m DCMut+F+G4 -s /csm_data/spielman_lab/aa_phylo_fit_topology/simulations/alignments/wag_control/NP_salichos_rep14_AA.fasta -st AA -redo -bb 1000
Seed:    935091 (Using SPRNG - Scalable Parallel Random Number Generator)
Time:    Sat Feb  1 08:45:49 2020
Kernel:  AVX+FMA - auto-detect threads (48 CPU cores detected)

Reading alignment file /csm_data/spielman_lab/aa_phylo_fit_topology/simulations/alignments/wag_control/NP_salichos_rep14_AA.fasta ... Fasta format detected
Alignment most likely contains protein sequences
Alignment has 23 sequences with 498 columns, 430 distinct patterns
351 parsimony-informative, 61 singleton sites, 86 constant sites
      Gap/Ambiguity  Composition  p-value
   1  Agos    0.00%    passed     98.79%
   2  Klac    0.00%    passed     96.23%
   3  Calb    0.00%    passed     99.67%
   4  Cdub    0.00%    passed     99.00%
   5  Ctro    0.00%    passed     85.09%
   6  Cpar    0.00%    passed     90.06%
   7  Lelo    0.00%    passed     76.40%
   8  Psti    0.00%    passed     99.84%
   9  Cgui    0.00%    passed     99.96%
  10  Dhan    0.00%    passed     96.97%
  11  Clus    0.00%    passed     97.99%
  12  Cgla    0.00%    passed     93.26%
  13  Sbay    0.00%    passed     99.97%
  14  Scer    0.00%    passed     99.35%
  15  Spar    0.00%    passed     99.31%
  16  Smik    0.00%    passed     99.67%
  17  Skud    0.00%    passed     99.84%
  18  Scas    0.00%    passed     98.94%
  19  Kpol    0.00%    passed     99.80%
  20  Zrou    0.00%    passed     98.58%
  21  Kthe    0.00%    passed     90.61%
  22  Kwal    0.00%    passed     98.85%
  23  Sklu    0.00%    passed     83.20%
****  TOTAL    0.00%  0 sequences failed composition chi2 test (p-value<5%; df=19)

Create initial parsimony tree by phylogenetic likelihood library (PLL)... 0.003 seconds
Generating 1000 samples for ultrafast bootstrap (seed: 935091)...

NOTE: 8 MB RAM (0 GB) is required!
Measuring multi-threading efficiency up to 8 CPU cores
Increase to 10 rounds for branch lengths
44 trees examined
Threads: 1 / Time: 8.054 sec / Speedup: 1.000 / Efficiency: 100% / LogL: -17579
Threads: 2 / Time: 4.297 sec / Speedup: 1.874 / Efficiency: 94% / LogL: -17579
Threads: 3 / Time: 3.023 sec / Speedup: 2.664 / Efficiency: 89% / LogL: -17579
Threads: 4 / Time: 2.434 sec / Speedup: 3.309 / Efficiency: 83% / LogL: -17579
Threads: 5 / Time: 2.071 sec / Speedup: 3.889 / Efficiency: 78% / LogL: -17579
Threads: 6 / Time: 1.805 sec / Speedup: 4.463 / Efficiency: 74% / LogL: -17579
Threads: 7 / Time: 1.654 sec / Speedup: 4.870 / Efficiency: 70% / LogL: -17579
Threads: 8 / Time: 1.520 sec / Speedup: 5.300 / Efficiency: 66% / LogL: -17579
BEST NUMBER OF THREADS: 8

Estimate model parameters (epsilon = 0.100)
1. Initial log-likelihood: -14248.462
2. Current log-likelihood: -14044.310
3. Current log-likelihood: -14037.894
4. Current log-likelihood: -14036.908
Optimal log-likelihood: -14036.763
Gamma shape alpha: 0.598
Parameters optimization took 4 rounds (0.072 sec)
Computing ML distances based on estimated model parameters... 0.261 sec
Computing BIONJ tree...
0.001 seconds
Log-likelihood of BIONJ tree: -14006.356
--------------------------------------------------------------------
|             INITIALIZING CANDIDATE TREE SET                      |
--------------------------------------------------------------------
Generating 98 parsimony trees... 0.360 second
Computing log-likelihood of 98 initial trees ... 1.045 seconds
Current best score: -14006.356

Do NNI search on 20 best initial trees
Estimate model parameters (epsilon = 0.100)
BETTER TREE FOUND at iteration 1: -14004.812
Iteration 10 / LogL: -14004.881 / Time: 0h:0m:27s
Iteration 20 / LogL: -14005.705 / Time: 0h:0m:28s
Finish initializing candidate tree set (3)
Current best tree score: -14004.812 / CPU time: 3.310
Number of iterations: 20
--------------------------------------------------------------------
|               OPTIMIZING CANDIDATE TREE SET                      |
--------------------------------------------------------------------
Iteration 30 / LogL: -14005.002 / Time: 0h:0m:29s (0h:1m:12s left)
Iteration 40 / LogL: -14004.957 / Time: 0h:0m:30s (0h:0m:48s left)
Iteration 50 / LogL: -14005.030 / Time: 0h:0m:32s (0h:0m:33s left)
Log-likelihood cutoff on original alignment: -14040.335
Iteration 60 / LogL: -14005.717 / Time: 0h:0m:33s (0h:0m:23s left)
Iteration 70 / LogL: -14004.994 / Time: 0h:0m:34s (0h:0m:15s left)
Iteration 80 / LogL: -14005.035 / Time: 0h:0m:35s (0h:0m:9s left)
Iteration 90 / LogL: -14005.763 / Time: 0h:0m:36s (0h:0m:4s left)
Iteration 100 / LogL: -14005.022 / Time: 0h:0m:37s (0h:0m:0s left)
Log-likelihood cutoff on original alignment: -14040.385
NOTE: Bootstrap correlation coefficient of split occurrence frequencies: 1.000
TREE SEARCH COMPLETED AFTER 102 ITERATIONS / Time: 0h:0m:37s

--------------------------------------------------------------------
|                    FINALIZING TREE SEARCH                        |
--------------------------------------------------------------------
Performs final model parameters optimization
Estimate model parameters (epsilon = 0.010)
1. Initial log-likelihood: -14004.812
Optimal log-likelihood: -14004.812
Gamma shape alpha: 0.593
Parameters optimization took 1 rounds (0.012 sec)
BEST SCORE FOUND : -14004.812
Creating bootstrap support values...
Split supports printed to NEXUS file /csm_data/spielman_lab/aa_phylo_fit_topology/simulations/alignments/wag_control/NP_salichos_rep14_AA.fasta.splits.nex
Total tree length: 12.543

Total number of iterations: 102
CPU time used for tree search: 101.038 sec (0h:1m:41s)
Wall-clock time used for tree search: 12.835 sec (0h:0m:12s)
Total CPU time used: 193.327 sec (0h:3m:13s)
Total wall-clock time used: 37.992 sec (0h:0m:37s)

Computing bootstrap consensus tree...
Reading input file /csm_data/spielman_lab/aa_phylo_fit_topology/simulations/alignments/wag_control/NP_salichos_rep14_AA.fasta.splits.nex...
23 taxa and 82 splits.
Consensus tree written to /csm_data/spielman_lab/aa_phylo_fit_topology/simulations/alignments/wag_control/NP_salichos_rep14_AA.fasta.contree
Reading input trees file /csm_data/spielman_lab/aa_phylo_fit_topology/simulations/alignments/wag_control/NP_salichos_rep14_AA.fasta.contree
Log-likelihood of consensus tree: -14004.813

Analysis results written to: 
  IQ-TREE report:                /csm_data/spielman_lab/aa_phylo_fit_topology/simulations/alignments/wag_control/NP_salichos_rep14_AA.fasta.iqtree
  Maximum-likelihood tree:       /csm_data/spielman_lab/aa_phylo_fit_topology/simulations/alignments/wag_control/NP_salichos_rep14_AA.fasta.treefile
  Likelihood distances:          /csm_data/spielman_lab/aa_phylo_fit_topology/simulations/alignments/wag_control/NP_salichos_rep14_AA.fasta.mldist

Ultrafast bootstrap approximation results written to:
  Split support values:          /csm_data/spielman_lab/aa_phylo_fit_topology/simulations/alignments/wag_control/NP_salichos_rep14_AA.fasta.splits.nex
  Consensus tree:                /csm_data/spielman_lab/aa_phylo_fit_topology/simulations/alignments/wag_control/NP_salichos_rep14_AA.fasta.contree
  Screen log file:               /csm_data/spielman_lab/aa_phylo_fit_topology/simulations/alignments/wag_control/NP_salichos_rep14_AA.fasta.log

Date and Time: Sat Feb  1 08:46:28 2020
