IQ-TREE multicore version 1.6.7 for Linux 64-bit built Aug 23 2018
Developed by Bui Quang Minh, Nguyen Lam Tung, Olga Chernomor,
Heiko Schmidt, Dominik Schrempf, Michael Woodhams.

Host:    csm-com-006 (AVX2, FMA3, 62 GB RAM)
Command: iqtree -quiet -nt AUTO -ntmax 8 -m cpREV+F -s /csm_data/spielman_lab/aa_phylo_fit_topology/simulations/alignments/wag_control/NP_spiralia_rep13_AA.fasta -st AA -redo -bb 1000
Seed:    100696 (Using SPRNG - Scalable Parallel Random Number Generator)
Time:    Sat Feb  1 12:10:42 2020
Kernel:  AVX+FMA - auto-detect threads (48 CPU cores detected)

Reading alignment file /csm_data/spielman_lab/aa_phylo_fit_topology/simulations/alignments/wag_control/NP_spiralia_rep13_AA.fasta ... Fasta format detected
Alignment most likely contains protein sequences
Alignment has 103 sequences with 498 columns, 471 distinct patterns
418 parsimony-informative, 34 singleton sites, 46 constant sites
                                Gap/Ambiguity  Composition  p-value
   1  Adineta_vaga                      0.00%    passed     99.93%
   2  Rotaria_rotatoria                 0.00%    passed     98.98%
   3  Lepadella_patella                 0.00%    passed     98.58%
   4  Brachionus_plicatilis             0.00%    passed     99.37%
   5  Brachionus_manjavacas             0.00%    passed     99.90%
   6  Rhabdopleura_compacta             0.00%    passed     99.79%
   7  Ptychodera_flava                  0.00%    passed     99.99%
   8  SchizocardiumCalif_cl             0.00%    passed     99.72%
   9  Sackow                            0.00%    passed     99.98%
  10  Patmin                            0.00%    passed     99.99%
  11  Parastichopus_parvimensis         0.00%    passed     97.66%
  12  Strpur                            0.00%    passed     99.98%
  13  Florometra_serratissima           0.00%    passed     99.97%
  14  Calmil                            0.00%    passed    100.00%
  15  HUMAN                             0.00%    passed     99.97%
  16  LATCH                             0.00%    passed     99.58%
  17  LEPOC                             0.00%    passed     99.81%
  18  Petromyzon_marins                 0.00%    passed     99.99%
  19  Halocynthia_roretzi               0.00%    passed     98.65%
  20  Molgula_tectiformis               0.00%    passed     99.71%
  21  CIOIN                             0.00%    passed    100.00%
  22  Asymmetron_lucayanum              0.00%    passed     99.97%
  23  BraLan                            0.00%    passed     99.83%
  24  Leucoselenia_complicata           0.00%    passed     99.41%
  25  Sycon_ciliatum                    0.00%    passed     99.96%
  26  Oscarella_carmella                0.00%    passed     98.12%
  27  AMPQE                             0.00%    passed     99.09%
  28  Ephidatia_mulleri                 0.00%    passed     99.89%
  29  NEMVE                             0.00%    passed     99.99%
  30  Acropora_digitifera               0.00%    passed     98.37%
  31  Aurelia_aurita                    0.00%    passed     97.24%
  32  Clytia_hemisphaerica              0.00%    passed     98.28%
  33  Isodiametra_pulchra               0.00%    passed     98.75%
  34  Childia_submaculatum              0.00%    passed     86.66%
  35  Diopisthoporus_gymnopharyngeus    0.00%    passed     98.98%
  36  Hofstenia_miamia                  0.00%    passed     99.95%
  37  Meara_stichopi                    0.00%    passed     95.11%
  38  Nemertoderma_westbladi            0.00%    passed     98.00%
  39  Xenoturbella_profunda             0.00%    passed     99.98%
  40  Xenoturbella_bocki                0.00%    passed     99.93%
  41  TRICA                             0.00%    passed     99.96%
  42  DROME                             0.00%    passed     99.82%
  43  Apis_mellifera                    0.00%    passed     99.20%
  44  Daphnia_pulex                     0.00%    passed     99.98%
  45  Eudigraphis_taiwaniensis          0.00%    passed     97.82%
  46  STRMM                             0.00%    passed     99.97%
  47  Mesobuthus_martensii              0.00%    passed     99.91%
  48  Limulus_polyphemus                0.00%    passed     98.55%
  49  Peripatopsis_capensis             0.00%    passed     99.22%
  50  Enoplus_brevis                    0.00%    passed     97.54%
  51  Romanomermis_culicivorax          0.00%    passed     84.08%
  52  Ramazzottius_varieornatus         0.00%    passed     70.49%
  53  Hypsibius_dujardini               0.00%    passed     88.37%
  54  Priapulus_caudatus                0.00%    passed     99.05%
  55  Halicryptus_spinulosus            0.00%    passed     95.02%
  56  Tubiluchus_corallicola            0.00%    passed     96.13%
  57  Lepidodermella_squamata           0.00%    passed     54.51%
  58  Diuronotus_aspetos                0.00%    passed     86.98%
  59  Macrodasys_sp                     0.00%    passed     76.94%
  60  Megadasys_sp                      0.00%    passed     90.11%
  61  Catenulida_sp                     0.00%    passed     99.32%
  62  Stylochoplana_maculata            0.00%    passed     99.77%
  63  Stylochus_ellipticus              0.00%    passed     99.90%
  64  Macrostomum_lignano               0.00%    passed     56.02%
  65  LOTGI                             0.00%    passed     99.84%
  66  Aplysia_californica               0.00%    passed     99.98%
  67  CRAGI                             0.00%    passed     99.92%
  68  Leptochiton_rugatus               0.00%    passed     99.72%
  69  Neomenia_megatrapezata            0.00%    passed     97.39%
  70  CAPI1                             0.00%    passed     99.90%
  71  Lumbricus_terrestris              0.00%    passed     99.90%
  72  Nephtys_caeca                     0.00%    passed    100.00%
  73  Owenia_fusiformis                 0.00%    passed     99.51%
  74  Lineus_longissimus                0.00%    passed     99.73%
  75  Paranemertes_peregrina            0.00%    passed     55.35%
  76  Malacobdella_grossa               0.00%    passed     60.89%
  77  Tubulanus_polymorphus             0.00%    passed     99.93%
  78  Cephalothrix_linearis             0.00%    passed     99.49%
  79  Hemithiris_psittacea              0.00%    passed     99.91%
  80  Terebratalia_transversa           0.00%    passed     99.92%
  81  Glottidia_pyramidata              0.00%    passed     99.99%
  82  Linana                            0.00%    passed     99.98%
  83  Phoronopsis_harmeri               0.00%    passed     99.85%
  84  Phoronis_vancouverensis           0.00%    passed    100.00%
  85  Phoronis_psammophila              0.00%    passed     99.39%
  86  Membranipora_membranacea          0.00%    passed     97.83%
  87  Bugula_neritina                   0.00%    passed     99.54%
  88  Loxosoma_pectinaricola            0.00%    passed     97.93%
  89  Barentsia_gracilis                0.00%    passed     99.71%
  90  Sagitta_gazellae                  0.00%    passed     99.83%
  91  Sagitta_setosa                    0.00%    passed     99.98%
  92  Pterosagitta_draco                0.00%    passed     99.98%
  93  Sagitta_elegans                   0.00%    passed     99.77%
  94  Sagitta_serratodentata            0.00%    passed     99.93%
  95  Sagitta_hexaptera                 0.00%    passed     99.53%
  96  Krohnitta_sp                      0.00%    passed     99.82%
  97  Paraspadella_ovovivipara          0.00%    passed     99.58%
  98  Pargo1                            0.00%    passed     99.52%
  99  Spadella_cephaloptera             0.00%    passed     95.96%
 100  Eukrohnia_hamata                  0.00%    passed     98.07%
 101  Gnathostomula_paradoxa            0.00%    passed     97.07%
 102  Austrognathia_sp                  0.00%    passed     96.35%
 103  Limnognathia_maerski              0.00%    passed     93.19%
****  TOTAL                             0.00%  0 sequences failed composition chi2 test (p-value<5%; df=19)

Create initial parsimony tree by phylogenetic likelihood library (PLL)... 0.041 seconds
Generating 1000 samples for ultrafast bootstrap (seed: 100696)...

NOTE: 9 MB RAM (0 GB) is required!
Measuring multi-threading efficiency up to 8 CPU cores
Increase to 10 rounds for branch lengths
38 trees examined
Threads: 1 / Time: 8.168 sec / Speedup: 1.000 / Efficiency: 100% / LogL: -63054
Threads: 2 / Time: 4.616 sec / Speedup: 1.769 / Efficiency: 88% / LogL: -63054
Threads: 3 / Time: 3.339 sec / Speedup: 2.446 / Efficiency: 82% / LogL: -63054
Threads: 4 / Time: 2.776 sec / Speedup: 2.943 / Efficiency: 74% / LogL: -63054
Threads: 5 / Time: 2.976 sec / Speedup: 2.744 / Efficiency: 55% / LogL: -63054
Threads: 6 / Time: 2.765 sec / Speedup: 2.954 / Efficiency: 49% / LogL: -63054
BEST NUMBER OF THREADS: 4

Estimate model parameters (epsilon = 0.100)
1. Initial log-likelihood: -48644.927
Optimal log-likelihood: -48235.169
Parameters optimization took 1 rounds (0.042 sec)
Computing ML distances based on estimated model parameters... 1.079 sec
Computing BIONJ tree...
0.008 seconds
Log-likelihood of BIONJ tree: -48253.428
--------------------------------------------------------------------
|             INITIALIZING CANDIDATE TREE SET                      |
--------------------------------------------------------------------
Generating 98 parsimony trees... 4.867 second
Computing log-likelihood of 98 initial trees ... 2.381 seconds
Current best score: -48180.614

Do NNI search on 20 best initial trees
Estimate model parameters (epsilon = 0.100)
BETTER TREE FOUND at iteration 1: -48172.876
Iteration 10 / LogL: -48172.879 / Time: 0h:0m:33s
Iteration 20 / LogL: -48172.878 / Time: 0h:0m:35s
Finish initializing candidate tree set (2)
Current best tree score: -48172.876 / CPU time: 10.889
Number of iterations: 20
--------------------------------------------------------------------
|               OPTIMIZING CANDIDATE TREE SET                      |
--------------------------------------------------------------------
Iteration 30 / LogL: -48172.897 / Time: 0h:0m:39s (0h:1m:35s left)
Iteration 40 / LogL: -48172.966 / Time: 0h:0m:42s (0h:1m:6s left)
Iteration 50 / LogL: -48172.880 / Time: 0h:0m:45s (0h:0m:47s left)
Log-likelihood cutoff on original alignment: -48231.665
Iteration 60 / LogL: -48173.150 / Time: 0h:0m:49s (0h:0m:34s left)
Iteration 70 / LogL: -48172.877 / Time: 0h:0m:52s (0h:0m:23s left)
Iteration 80 / LogL: -48176.821 / Time: 0h:0m:56s (0h:0m:14s left)
Iteration 90 / LogL: -48172.884 / Time: 0h:0m:59s (0h:0m:7s left)
Iteration 100 / LogL: -48172.889 / Time: 0h:1m:2s (0h:0m:0s left)
Log-likelihood cutoff on original alignment: -48231.665
NOTE: Bootstrap correlation coefficient of split occurrence frequencies: 0.999
TREE SEARCH COMPLETED AFTER 102 ITERATIONS / Time: 0h:1m:3s

--------------------------------------------------------------------
|                    FINALIZING TREE SEARCH                        |
--------------------------------------------------------------------
Performs final model parameters optimization
Estimate model parameters (epsilon = 0.010)
1. Initial log-likelihood: -48172.876
Optimal log-likelihood: -48172.876
Parameters optimization took 1 rounds (0.021 sec)
BEST SCORE FOUND : -48172.876
Creating bootstrap support values...
Split supports printed to NEXUS file /csm_data/spielman_lab/aa_phylo_fit_topology/simulations/alignments/wag_control/NP_spiralia_rep13_AA.fasta.splits.nex
Total tree length: 20.173

Total number of iterations: 102
CPU time used for tree search: 137.315 sec (0h:2m:17s)
Wall-clock time used for tree search: 38.125 sec (0h:0m:38s)
Total CPU time used: 219.039 sec (0h:3m:39s)
Total wall-clock time used: 63.502 sec (0h:1m:3s)

Computing bootstrap consensus tree...
Reading input file /csm_data/spielman_lab/aa_phylo_fit_topology/simulations/alignments/wag_control/NP_spiralia_rep13_AA.fasta.splits.nex...
103 taxa and 381 splits.
Consensus tree written to /csm_data/spielman_lab/aa_phylo_fit_topology/simulations/alignments/wag_control/NP_spiralia_rep13_AA.fasta.contree
Reading input trees file /csm_data/spielman_lab/aa_phylo_fit_topology/simulations/alignments/wag_control/NP_spiralia_rep13_AA.fasta.contree
Log-likelihood of consensus tree: -48172.876

Analysis results written to: 
  IQ-TREE report:                /csm_data/spielman_lab/aa_phylo_fit_topology/simulations/alignments/wag_control/NP_spiralia_rep13_AA.fasta.iqtree
  Maximum-likelihood tree:       /csm_data/spielman_lab/aa_phylo_fit_topology/simulations/alignments/wag_control/NP_spiralia_rep13_AA.fasta.treefile
  Likelihood distances:          /csm_data/spielman_lab/aa_phylo_fit_topology/simulations/alignments/wag_control/NP_spiralia_rep13_AA.fasta.mldist

Ultrafast bootstrap approximation results written to:
  Split support values:          /csm_data/spielman_lab/aa_phylo_fit_topology/simulations/alignments/wag_control/NP_spiralia_rep13_AA.fasta.splits.nex
  Consensus tree:                /csm_data/spielman_lab/aa_phylo_fit_topology/simulations/alignments/wag_control/NP_spiralia_rep13_AA.fasta.contree
  Screen log file:               /csm_data/spielman_lab/aa_phylo_fit_topology/simulations/alignments/wag_control/NP_spiralia_rep13_AA.fasta.log

Date and Time: Sat Feb  1 12:11:45 2020
