IQ-TREE multicore version 1.6.7 for Linux 64-bit built Aug 23 2018
Developed by Bui Quang Minh, Nguyen Lam Tung, Olga Chernomor,
Heiko Schmidt, Dominik Schrempf, Michael Woodhams.

Host:    csm-com-010 (AVX2, FMA3, 62 GB RAM)
Command: iqtree -quiet -nt AUTO -ntmax 8 -m mtZOA+G4 -s /csm_data/spielman_lab/aa_phylo_fit_topology/simulations/alignments/wag_control/NP_salichos_rep4_AA.fasta -st AA -redo -bb 1000
Seed:    930691 (Using SPRNG - Scalable Parallel Random Number Generator)
Time:    Sat Feb  1 02:07:58 2020
Kernel:  AVX+FMA - auto-detect threads (48 CPU cores detected)

Reading alignment file /csm_data/spielman_lab/aa_phylo_fit_topology/simulations/alignments/wag_control/NP_salichos_rep4_AA.fasta ... Fasta format detected
Alignment most likely contains protein sequences
Alignment has 23 sequences with 498 columns, 441 distinct patterns
351 parsimony-informative, 72 singleton sites, 75 constant sites
      Gap/Ambiguity  Composition  p-value
   1  Agos    0.00%    passed     85.91%
   2  Klac    0.00%    passed     99.99%
   3  Calb    0.00%    passed     88.70%
   4  Cdub    0.00%    passed     94.53%
   5  Ctro    0.00%    passed     99.50%
   6  Cpar    0.00%    passed     46.16%
   7  Lelo    0.00%    passed     92.71%
   8  Psti    0.00%    passed     99.37%
   9  Cgui    0.00%    passed     98.27%
  10  Dhan    0.00%    passed     99.36%
  11  Clus    0.00%    passed     99.38%
  12  Cgla    0.00%    passed     99.90%
  13  Sbay    0.00%    passed     99.98%
  14  Scer    0.00%    passed     99.74%
  15  Spar    0.00%    passed     99.68%
  16  Smik    0.00%    passed     99.90%
  17  Skud    0.00%    passed     99.90%
  18  Scas    0.00%    passed     99.10%
  19  Kpol    0.00%    passed     96.53%
  20  Zrou    0.00%    passed     95.57%
  21  Kthe    0.00%    passed     98.97%
  22  Kwal    0.00%    passed     99.95%
  23  Sklu    0.00%    passed     97.23%
****  TOTAL    0.00%  0 sequences failed composition chi2 test (p-value<5%; df=19)

Create initial parsimony tree by phylogenetic likelihood library (PLL)... 0.003 seconds
Generating 1000 samples for ultrafast bootstrap (seed: 930691)...

NOTE: 8 MB RAM (0 GB) is required!
Measuring multi-threading efficiency up to 8 CPU cores
Increase to 10 rounds for branch lengths
43 trees examined
Threads: 1 / Time: 8.026 sec / Speedup: 1.000 / Efficiency: 100% / LogL: -19327
Threads: 2 / Time: 4.317 sec / Speedup: 1.859 / Efficiency: 93% / LogL: -19327
Threads: 3 / Time: 3.214 sec / Speedup: 2.497 / Efficiency: 83% / LogL: -19327
Threads: 4 / Time: 2.666 sec / Speedup: 3.010 / Efficiency: 75% / LogL: -19327
Threads: 5 / Time: 2.265 sec / Speedup: 3.543 / Efficiency: 71% / LogL: -19327
Threads: 6 / Time: 2.065 sec / Speedup: 3.886 / Efficiency: 65% / LogL: -19327
Threads: 7 / Time: 2.027 sec / Speedup: 3.959 / Efficiency: 57% / LogL: -19327
Threads: 8 / Time: 1.885 sec / Speedup: 4.258 / Efficiency: 53% / LogL: -19327
BEST NUMBER OF THREADS: 8

Estimate model parameters (epsilon = 0.100)
1. Initial log-likelihood: -14876.481
2. Current log-likelihood: -14546.662
3. Current log-likelihood: -14535.414
4. Current log-likelihood: -14535.106
Optimal log-likelihood: -14535.071
Gamma shape alpha: 0.533
Parameters optimization took 4 rounds (0.069 sec)
Computing ML distances based on estimated model parameters... 0.291 sec
Computing BIONJ tree...
0.002 seconds
Log-likelihood of BIONJ tree: -14537.453
--------------------------------------------------------------------
|             INITIALIZING CANDIDATE TREE SET                      |
--------------------------------------------------------------------
Generating 98 parsimony trees... 0.424 second
Computing log-likelihood of 98 initial trees ... 1.105 seconds
Current best score: -14535.071

Do NNI search on 20 best initial trees
Estimate model parameters (epsilon = 0.100)
BETTER TREE FOUND at iteration 1: -14522.776
Iteration 10 / LogL: -14523.341 / Time: 0h:0m:28s
Iteration 20 / LogL: -14523.475 / Time: 0h:0m:29s
Finish initializing candidate tree set (2)
Current best tree score: -14522.776 / CPU time: 3.138
Number of iterations: 20
--------------------------------------------------------------------
|               OPTIMIZING CANDIDATE TREE SET                      |
--------------------------------------------------------------------
Iteration 30 / LogL: -14522.778 / Time: 0h:0m:30s (0h:1m:15s left)
Iteration 40 / LogL: -14522.879 / Time: 0h:0m:31s (0h:0m:49s left)
Iteration 50 / LogL: -14523.323 / Time: 0h:0m:32s (0h:0m:34s left)
Log-likelihood cutoff on original alignment: -14562.846
Iteration 60 / LogL: -14523.054 / Time: 0h:0m:33s (0h:0m:23s left)
Iteration 70 / LogL: -14522.811 / Time: 0h:0m:34s (0h:0m:15s left)
Iteration 80 / LogL: -14522.796 / Time: 0h:0m:36s (0h:0m:9s left)
Iteration 90 / LogL: -14531.559 / Time: 0h:0m:37s (0h:0m:4s left)
Iteration 100 / LogL: -14522.787 / Time: 0h:0m:38s (0h:0m:0s left)
Log-likelihood cutoff on original alignment: -14562.855
NOTE: Bootstrap correlation coefficient of split occurrence frequencies: 1.000
TREE SEARCH COMPLETED AFTER 102 ITERATIONS / Time: 0h:0m:38s

--------------------------------------------------------------------
|                    FINALIZING TREE SEARCH                        |
--------------------------------------------------------------------
Performs final model parameters optimization
Estimate model parameters (epsilon = 0.010)
1. Initial log-likelihood: -14522.776
Optimal log-likelihood: -14522.776
Gamma shape alpha: 0.534
Parameters optimization took 1 rounds (0.012 sec)
BEST SCORE FOUND : -14522.776
Creating bootstrap support values...
Split supports printed to NEXUS file /csm_data/spielman_lab/aa_phylo_fit_topology/simulations/alignments/wag_control/NP_salichos_rep4_AA.fasta.splits.nex
Total tree length: 17.038

Total number of iterations: 102
CPU time used for tree search: 91.490 sec (0h:1m:31s)
Wall-clock time used for tree search: 11.688 sec (0h:0m:11s)
Total CPU time used: 190.667 sec (0h:3m:10s)
Total wall-clock time used: 38.427 sec (0h:0m:38s)

Computing bootstrap consensus tree...
Reading input file /csm_data/spielman_lab/aa_phylo_fit_topology/simulations/alignments/wag_control/NP_salichos_rep4_AA.fasta.splits.nex...
23 taxa and 93 splits.
Consensus tree written to /csm_data/spielman_lab/aa_phylo_fit_topology/simulations/alignments/wag_control/NP_salichos_rep4_AA.fasta.contree
Reading input trees file /csm_data/spielman_lab/aa_phylo_fit_topology/simulations/alignments/wag_control/NP_salichos_rep4_AA.fasta.contree
Log-likelihood of consensus tree: -14522.777

Analysis results written to: 
  IQ-TREE report:                /csm_data/spielman_lab/aa_phylo_fit_topology/simulations/alignments/wag_control/NP_salichos_rep4_AA.fasta.iqtree
  Maximum-likelihood tree:       /csm_data/spielman_lab/aa_phylo_fit_topology/simulations/alignments/wag_control/NP_salichos_rep4_AA.fasta.treefile
  Likelihood distances:          /csm_data/spielman_lab/aa_phylo_fit_topology/simulations/alignments/wag_control/NP_salichos_rep4_AA.fasta.mldist

Ultrafast bootstrap approximation results written to:
  Split support values:          /csm_data/spielman_lab/aa_phylo_fit_topology/simulations/alignments/wag_control/NP_salichos_rep4_AA.fasta.splits.nex
  Consensus tree:                /csm_data/spielman_lab/aa_phylo_fit_topology/simulations/alignments/wag_control/NP_salichos_rep4_AA.fasta.contree
  Screen log file:               /csm_data/spielman_lab/aa_phylo_fit_topology/simulations/alignments/wag_control/NP_salichos_rep4_AA.fasta.log

Date and Time: Sat Feb  1 02:08:37 2020
