IQ-TREE multicore version 1.6.7 for Linux 64-bit built Aug 23 2018
Developed by Bui Quang Minh, Nguyen Lam Tung, Olga Chernomor,
Heiko Schmidt, Dominik Schrempf, Michael Woodhams.

Host:    csm-com-006 (AVX2, FMA3, 62 GB RAM)
Command: iqtree -quiet -nt AUTO -ntmax 8 -m mtMAM -s /csm_data/spielman_lab/aa_phylo_fit_topology/simulations/alignments/wag_control/NP_salichos_rep13_AA.fasta -st AA -redo -bb 1000
Seed:    182378 (Using SPRNG - Scalable Parallel Random Number Generator)
Time:    Sat Feb  1 08:26:42 2020
Kernel:  AVX+FMA - auto-detect threads (48 CPU cores detected)

Reading alignment file /csm_data/spielman_lab/aa_phylo_fit_topology/simulations/alignments/wag_control/NP_salichos_rep13_AA.fasta ... Fasta format detected
Alignment most likely contains protein sequences
Alignment has 23 sequences with 498 columns, 428 distinct patterns
347 parsimony-informative, 63 singleton sites, 88 constant sites
      Gap/Ambiguity  Composition  p-value
   1  Agos    0.00%    passed     96.97%
   2  Klac    0.00%    passed     98.33%
   3  Calb    0.00%    passed     99.49%
   4  Cdub    0.00%    passed     99.30%
   5  Ctro    0.00%    passed     97.32%
   6  Cpar    0.00%    passed     97.26%
   7  Lelo    0.00%    passed     92.42%
   8  Psti    0.00%    passed     95.05%
   9  Cgui    0.00%    passed     95.81%
  10  Dhan    0.00%    passed     92.44%
  11  Clus    0.00%    passed     86.86%
  12  Cgla    0.00%    passed     98.93%
  13  Sbay    0.00%    passed     98.02%
  14  Scer    0.00%    passed     94.71%
  15  Spar    0.00%    passed     96.78%
  16  Smik    0.00%    passed     96.79%
  17  Skud    0.00%    passed     83.70%
  18  Scas    0.00%    passed     96.38%
  19  Kpol    0.00%    passed     98.42%
  20  Zrou    0.00%    passed     95.43%
  21  Kthe    0.00%    passed     76.06%
  22  Kwal    0.00%    passed     97.84%
  23  Sklu    0.00%    passed     97.68%
****  TOTAL    0.00%  0 sequences failed composition chi2 test (p-value<5%; df=19)

Create initial parsimony tree by phylogenetic likelihood library (PLL)... 0.002 seconds
Generating 1000 samples for ultrafast bootstrap (seed: 182378)...

NOTE: 3 MB RAM (0 GB) is required!
Measuring multi-threading efficiency up to 8 CPU cores
Increase to 10 rounds for branch lengths
169 trees examined
Threads: 1 / Time: 8.018 sec / Speedup: 1.000 / Efficiency: 100% / LogL: -21710
Threads: 2 / Time: 4.591 sec / Speedup: 1.746 / Efficiency: 87% / LogL: -21710
Threads: 3 / Time: 3.432 sec / Speedup: 2.336 / Efficiency: 78% / LogL: -21710
Threads: 4 / Time: 2.912 sec / Speedup: 2.753 / Efficiency: 69% / LogL: -21710
Threads: 5 / Time: 2.645 sec / Speedup: 3.032 / Efficiency: 61% / LogL: -21710
Threads: 6 / Time: 2.919 sec / Speedup: 2.747 / Efficiency: 46% / LogL: -21710
BEST NUMBER OF THREADS: 5

Estimate model parameters (epsilon = 0.100)
1. Initial log-likelihood: -16923.823
Optimal log-likelihood: -16750.034
Parameters optimization took 1 rounds (0.008 sec)
Computing ML distances based on estimated model parameters... 0.089 sec
Computing BIONJ tree...
0.002 seconds
Log-likelihood of BIONJ tree: -16776.077
--------------------------------------------------------------------
|             INITIALIZING CANDIDATE TREE SET                      |
--------------------------------------------------------------------
Generating 98 parsimony trees... 0.362 second
Computing log-likelihood of 98 initial trees ... 0.610 seconds
Current best score: -16746.678

Do NNI search on 20 best initial trees
Estimate model parameters (epsilon = 0.100)
BETTER TREE FOUND at iteration 1: -16744.591
Iteration 10 / LogL: -16744.624 / Time: 0h:0m:25s
Iteration 20 / LogL: -16744.595 / Time: 0h:0m:26s
Finish initializing candidate tree set (1)
Current best tree score: -16744.591 / CPU time: 1.757
Number of iterations: 20
--------------------------------------------------------------------
|               OPTIMIZING CANDIDATE TREE SET                      |
--------------------------------------------------------------------
Iteration 30 / LogL: -16744.595 / Time: 0h:0m:26s (0h:1m:5s left)
Iteration 40 / LogL: -16744.622 / Time: 0h:0m:27s (0h:0m:42s left)
Iteration 50 / LogL: -16744.602 / Time: 0h:0m:28s (0h:0m:29s left)
Log-likelihood cutoff on original alignment: -16791.904
Iteration 60 / LogL: -16766.462 / Time: 0h:0m:28s (0h:0m:19s left)
Iteration 70 / LogL: -16744.607 / Time: 0h:0m:29s (0h:0m:13s left)
Iteration 80 / LogL: -16744.624 / Time: 0h:0m:29s (0h:0m:7s left)
Iteration 90 / LogL: -16744.613 / Time: 0h:0m:30s (0h:0m:3s left)
Iteration 100 / LogL: -16748.541 / Time: 0h:0m:30s (0h:0m:0s left)
Log-likelihood cutoff on original alignment: -16791.904
NOTE: Bootstrap correlation coefficient of split occurrence frequencies: 0.999
TREE SEARCH COMPLETED AFTER 102 ITERATIONS / Time: 0h:0m:31s

--------------------------------------------------------------------
|                    FINALIZING TREE SEARCH                        |
--------------------------------------------------------------------
Performs final model parameters optimization
Estimate model parameters (epsilon = 0.010)
1. Initial log-likelihood: -16744.591
Optimal log-likelihood: -16744.591
Parameters optimization took 1 rounds (0.004 sec)
BEST SCORE FOUND : -16744.591
Creating bootstrap support values...
Split supports printed to NEXUS file /csm_data/spielman_lab/aa_phylo_fit_topology/simulations/alignments/wag_control/NP_salichos_rep13_AA.fasta.splits.nex
Total tree length: 10.036

Total number of iterations: 102
CPU time used for tree search: 32.026 sec (0h:0m:32s)
Wall-clock time used for tree search: 6.534 sec (0h:0m:6s)
Total CPU time used: 110.923 sec (0h:1m:50s)
Total wall-clock time used: 31.193 sec (0h:0m:31s)

Computing bootstrap consensus tree...
Reading input file /csm_data/spielman_lab/aa_phylo_fit_topology/simulations/alignments/wag_control/NP_salichos_rep13_AA.fasta.splits.nex...
23 taxa and 84 splits.
Consensus tree written to /csm_data/spielman_lab/aa_phylo_fit_topology/simulations/alignments/wag_control/NP_salichos_rep13_AA.fasta.contree
Reading input trees file /csm_data/spielman_lab/aa_phylo_fit_topology/simulations/alignments/wag_control/NP_salichos_rep13_AA.fasta.contree
Log-likelihood of consensus tree: -16744.591

Analysis results written to: 
  IQ-TREE report:                /csm_data/spielman_lab/aa_phylo_fit_topology/simulations/alignments/wag_control/NP_salichos_rep13_AA.fasta.iqtree
  Maximum-likelihood tree:       /csm_data/spielman_lab/aa_phylo_fit_topology/simulations/alignments/wag_control/NP_salichos_rep13_AA.fasta.treefile
  Likelihood distances:          /csm_data/spielman_lab/aa_phylo_fit_topology/simulations/alignments/wag_control/NP_salichos_rep13_AA.fasta.mldist

Ultrafast bootstrap approximation results written to:
  Split support values:          /csm_data/spielman_lab/aa_phylo_fit_topology/simulations/alignments/wag_control/NP_salichos_rep13_AA.fasta.splits.nex
  Consensus tree:                /csm_data/spielman_lab/aa_phylo_fit_topology/simulations/alignments/wag_control/NP_salichos_rep13_AA.fasta.contree
  Screen log file:               /csm_data/spielman_lab/aa_phylo_fit_topology/simulations/alignments/wag_control/NP_salichos_rep13_AA.fasta.log

Date and Time: Sat Feb  1 08:27:13 2020
