IQ-TREE multicore version 1.6.7 for Linux 64-bit built Aug 23 2018
Developed by Bui Quang Minh, Nguyen Lam Tung, Olga Chernomor,
Heiko Schmidt, Dominik Schrempf, Michael Woodhams.

Host:    csm-com-010 (AVX2, FMA3, 62 GB RAM)
Command: iqtree -quiet -nt AUTO -ntmax 8 -m GTR20 -s /csm_data/spielman_lab/aa_phylo_fit_topology/simulations/alignments/wag_control/NP_salichos_rep18_AA.fasta -st AA -redo -bb 1000
Seed:    71416 (Using SPRNG - Scalable Parallel Random Number Generator)
Time:    Sat Feb  1 10:55:25 2020
Kernel:  AVX+FMA - auto-detect threads (48 CPU cores detected)

Reading alignment file /csm_data/spielman_lab/aa_phylo_fit_topology/simulations/alignments/wag_control/NP_salichos_rep18_AA.fasta ... Fasta format detected
Alignment most likely contains protein sequences
Alignment has 23 sequences with 498 columns, 425 distinct patterns
346 parsimony-informative, 61 singleton sites, 91 constant sites
      Gap/Ambiguity  Composition  p-value
   1  Agos    0.00%    passed     99.89%
   2  Klac    0.00%    passed     97.61%
   3  Calb    0.00%    passed     99.49%
   4  Cdub    0.00%    passed     98.76%
   5  Ctro    0.00%    passed     89.45%
   6  Cpar    0.00%    passed     97.31%
   7  Lelo    0.00%    passed     85.70%
   8  Psti    0.00%    passed     99.78%
   9  Cgui    0.00%    passed     99.88%
  10  Dhan    0.00%    passed     89.76%
  11  Clus    0.00%    passed     99.41%
  12  Cgla    0.00%    passed     98.36%
  13  Sbay    0.00%    passed    100.00%
  14  Scer    0.00%    passed     99.93%
  15  Spar    0.00%    passed     98.50%
  16  Smik    0.00%    passed     99.51%
  17  Skud    0.00%    passed     99.97%
  18  Scas    0.00%    passed     84.63%
  19  Kpol    0.00%    passed     87.48%
  20  Zrou    0.00%    passed     99.30%
  21  Kthe    0.00%    passed     83.71%
  22  Kwal    0.00%    passed     99.45%
  23  Sklu    0.00%    passed     97.59%
****  TOTAL    0.00%  0 sequences failed composition chi2 test (p-value<5%; df=19)

Create initial parsimony tree by phylogenetic likelihood library (PLL)... 0.003 seconds
Generating 1000 samples for ultrafast bootstrap (seed: 71416)...
WARNING: GTR20 model will estimate 189 substitution rates that might be overfitting!
WARNING: Please only use GTR20 with very large data and always test for model fit!

NOTE: 3 MB RAM (0 GB) is required!
Measuring multi-threading efficiency up to 8 CPU cores
Increase to 10 rounds for branch lengths
185 trees examined
Threads: 1 / Time: 8.038 sec / Speedup: 1.000 / Efficiency: 100% / LogL: -19828
Threads: 2 / Time: 4.591 sec / Speedup: 1.751 / Efficiency: 88% / LogL: -19828
Threads: 3 / Time: 3.420 sec / Speedup: 2.351 / Efficiency: 78% / LogL: -19828
Threads: 4 / Time: 2.927 sec / Speedup: 2.746 / Efficiency: 69% / LogL: -19828
Threads: 5 / Time: 3.508 sec / Speedup: 2.291 / Efficiency: 46% / LogL: -19828
BEST NUMBER OF THREADS: 4

Estimate model parameters (epsilon = 0.100)
1. Initial log-likelihood: -14833.930
2. Current log-likelihood: -14470.273
3. Current log-likelihood: -14398.532
4. Current log-likelihood: -14386.755
5. Current log-likelihood: -14375.930
6. Current log-likelihood: -14372.873
7. Current log-likelihood: -14371.513
8. Current log-likelihood: -14370.010
9. Current log-likelihood: -14369.041
10. Current log-likelihood: -14368.158
11. Current log-likelihood: -14367.644
12. Current log-likelihood: -14366.741
13. Current log-likelihood: -14366.344
14. Current log-likelihood: -14366.016
15. Current log-likelihood: -14365.498
16. Current log-likelihood: -14365.063
17. Current log-likelihood: -14364.638
18. Current log-likelihood: -14364.216
19. Current log-likelihood: -14363.812
20. Current log-likelihood: -14363.460
21. Current log-likelihood: -14363.257
22. Current log-likelihood: -14363.089
23. Current log-likelihood: -14362.915
24. Current log-likelihood: -14362.738
25. Current log-likelihood: -14362.552
26. Current log-likelihood: -14362.363
27. Current log-likelihood: -14362.126
28. Current log-likelihood: -14361.960
29. Current log-likelihood: -14361.749
30. Current log-likelihood: -14361.548
31. Current log-likelihood: -14361.382
32. Current log-likelihood: -14361.212
33. Current log-likelihood: -14361.050
34. Current log-likelihood: -14360.904
35. Current log-likelihood: -14360.713
36. Current log-likelihood: -14360.555
37. Current log-likelihood: -14360.374
38. Current log-likelihood: -14360.271
39. Current log-likelihood: -14359.927
40. Current log-likelihood: -14359.620
41. Current log-likelihood: -14359.389
42. Current log-likelihood: -14359.276
43. Current log-likelihood: -14359.176
44. Current log-likelihood: -14358.998
45. Current log-likelihood: -14358.810
46. Current log-likelihood: -14358.690
Optimal log-likelihood: -14358.604
Parameters optimization took 46 rounds (20.332 sec)
Computing ML distances based on estimated model parameters... 0.046 sec
Computing BIONJ tree...
0.001 seconds
Log-likelihood of BIONJ tree: -14347.320
--------------------------------------------------------------------
|             INITIALIZING CANDIDATE TREE SET                      |
--------------------------------------------------------------------
Generating 98 parsimony trees... 0.368 second
Computing log-likelihood of 98 initial trees ... 0.634 seconds
Current best score: -14347.320

Do NNI search on 20 best initial trees
Estimate model parameters (epsilon = 0.100)
BETTER TREE FOUND at iteration 1: -14345.242
Iteration 10 / LogL: -14345.308 / Time: 0h:0m:47s
Iteration 20 / LogL: -14345.251 / Time: 0h:0m:47s
Finish initializing candidate tree set (2)
Current best tree score: -14345.242 / CPU time: 4.481
Number of iterations: 20
--------------------------------------------------------------------
|               OPTIMIZING CANDIDATE TREE SET                      |
--------------------------------------------------------------------
Iteration 30 / LogL: -14345.247 / Time: 0h:0m:48s (0h:1m:57s left)
Iteration 40 / LogL: -14345.276 / Time: 0h:0m:48s (0h:1m:16s left)
Iteration 50 / LogL: -14345.245 / Time: 0h:0m:49s (0h:0m:51s left)
Log-likelihood cutoff on original alignment: -14378.689
Iteration 60 / LogL: -14345.264 / Time: 0h:0m:50s (0h:0m:34s left)
Iteration 70 / LogL: -14345.470 / Time: 0h:0m:50s (0h:0m:22s left)
Iteration 80 / LogL: -14345.277 / Time: 0h:0m:51s (0h:0m:13s left)
Iteration 90 / LogL: -14345.354 / Time: 0h:0m:52s (0h:0m:6s left)
Iteration 100 / LogL: -14345.271 / Time: 0h:0m:52s (0h:0m:0s left)
Log-likelihood cutoff on original alignment: -14378.689
NOTE: Bootstrap correlation coefficient of split occurrence frequencies: 1.000
TREE SEARCH COMPLETED AFTER 102 ITERATIONS / Time: 0h:0m:53s

--------------------------------------------------------------------
|                    FINALIZING TREE SEARCH                        |
--------------------------------------------------------------------
Performs final model parameters optimization
Estimate model parameters (epsilon = 0.010)
1. Initial log-likelihood: -14345.242
2. Current log-likelihood: -14345.164
3. Current log-likelihood: -14345.079
4. Current log-likelihood: -14344.961
5. Current log-likelihood: -14344.903
6. Current log-likelihood: -14344.850
7. Current log-likelihood: -14344.779
8. Current log-likelihood: -14344.585
9. Current log-likelihood: -14343.970
10. Current log-likelihood: -14343.874
Optimal log-likelihood: -14343.865
Parameters optimization took 10 rounds (5.480 sec)
BEST SCORE FOUND : -14343.865
Creating bootstrap support values...
Split supports printed to NEXUS file /csm_data/spielman_lab/aa_phylo_fit_topology/simulations/alignments/wag_control/NP_salichos_rep18_AA.fasta.splits.nex
Total tree length: 6.106

Total number of iterations: 102
CPU time used for tree search: 39.917 sec (0h:0m:39s)
Wall-clock time used for tree search: 10.160 sec (0h:0m:10s)
Total CPU time used: 214.405 sec (0h:3m:34s)
Total wall-clock time used: 58.711 sec (0h:0m:58s)

Computing bootstrap consensus tree...
Reading input file /csm_data/spielman_lab/aa_phylo_fit_topology/simulations/alignments/wag_control/NP_salichos_rep18_AA.fasta.splits.nex...
23 taxa and 91 splits.
Consensus tree written to /csm_data/spielman_lab/aa_phylo_fit_topology/simulations/alignments/wag_control/NP_salichos_rep18_AA.fasta.contree
Reading input trees file /csm_data/spielman_lab/aa_phylo_fit_topology/simulations/alignments/wag_control/NP_salichos_rep18_AA.fasta.contree
Log-likelihood of consensus tree: -14343.865

Analysis results written to: 
  IQ-TREE report:                /csm_data/spielman_lab/aa_phylo_fit_topology/simulations/alignments/wag_control/NP_salichos_rep18_AA.fasta.iqtree
  Maximum-likelihood tree:       /csm_data/spielman_lab/aa_phylo_fit_topology/simulations/alignments/wag_control/NP_salichos_rep18_AA.fasta.treefile
  Likelihood distances:          /csm_data/spielman_lab/aa_phylo_fit_topology/simulations/alignments/wag_control/NP_salichos_rep18_AA.fasta.mldist

Ultrafast bootstrap approximation results written to:
  Split support values:          /csm_data/spielman_lab/aa_phylo_fit_topology/simulations/alignments/wag_control/NP_salichos_rep18_AA.fasta.splits.nex
  Consensus tree:                /csm_data/spielman_lab/aa_phylo_fit_topology/simulations/alignments/wag_control/NP_salichos_rep18_AA.fasta.contree
  Screen log file:               /csm_data/spielman_lab/aa_phylo_fit_topology/simulations/alignments/wag_control/NP_salichos_rep18_AA.fasta.log

Date and Time: Sat Feb  1 10:56:23 2020
