IQ-TREE multicore version 1.6.7 for Linux 64-bit built Aug 23 2018
Developed by Bui Quang Minh, Nguyen Lam Tung, Olga Chernomor,
Heiko Schmidt, Dominik Schrempf, Michael Woodhams.

Host:    csm-com-001 (AVX2, FMA3, 62 GB RAM)
Command: iqtree -quiet -nt AUTO -ntmax 8 -m mtMAM+G4 -s /csm_data/spielman_lab/aa_phylo_fit_topology/simulations/alignments/wag_control/NP_spiralia_rep14_AA.fasta -st AA -redo -bb 1000
Seed:    846718 (Using SPRNG - Scalable Parallel Random Number Generator)
Time:    Sat Feb  1 11:35:39 2020
Kernel:  AVX+FMA - auto-detect threads (48 CPU cores detected)

Reading alignment file /csm_data/spielman_lab/aa_phylo_fit_topology/simulations/alignments/wag_control/NP_spiralia_rep14_AA.fasta ... Fasta format detected
Alignment most likely contains protein sequences
Alignment has 103 sequences with 498 columns, 465 distinct patterns
408 parsimony-informative, 39 singleton sites, 51 constant sites
                                Gap/Ambiguity  Composition  p-value
   1  Adineta_vaga                      0.00%    passed     86.07%
   2  Rotaria_rotatoria                 0.00%    passed     95.75%
   3  Lepadella_patella                 0.00%    passed     93.46%
   4  Brachionus_plicatilis             0.00%    passed     97.08%
   5  Brachionus_manjavacas             0.00%    passed     98.64%
   6  Rhabdopleura_compacta             0.00%    passed     99.99%
   7  Ptychodera_flava                  0.00%    passed     99.90%
   8  SchizocardiumCalif_cl             0.00%    passed     98.58%
   9  Sackow                            0.00%    passed     99.67%
  10  Patmin                            0.00%    passed     98.41%
  11  Parastichopus_parvimensis         0.00%    passed     97.38%
  12  Strpur                            0.00%    passed     97.63%
  13  Florometra_serratissima           0.00%    passed     96.39%
  14  Calmil                            0.00%    passed    100.00%
  15  HUMAN                             0.00%    passed     99.72%
  16  LATCH                             0.00%    passed     98.89%
  17  LEPOC                             0.00%    passed     98.73%
  18  Petromyzon_marins                 0.00%    passed     99.72%
  19  Halocynthia_roretzi               0.00%    passed     98.97%
  20  Molgula_tectiformis               0.00%    passed     93.13%
  21  CIOIN                             0.00%    passed     99.91%
  22  Asymmetron_lucayanum              0.00%    passed     99.91%
  23  BraLan                            0.00%    passed     99.92%
  24  Leucoselenia_complicata           0.00%    passed     95.20%
  25  Sycon_ciliatum                    0.00%    passed     91.00%
  26  Oscarella_carmella                0.00%    passed     77.10%
  27  AMPQE                             0.00%    passed     99.62%
  28  Ephidatia_mulleri                 0.00%    passed     99.78%
  29  NEMVE                             0.00%    passed     96.86%
  30  Acropora_digitifera               0.00%    passed     98.58%
  31  Aurelia_aurita                    0.00%    passed     91.52%
  32  Clytia_hemisphaerica              0.00%    passed     99.60%
  33  Isodiametra_pulchra               0.00%    passed     96.29%
  34  Childia_submaculatum              0.00%    passed     98.80%
  35  Diopisthoporus_gymnopharyngeus    0.00%    passed     97.21%
  36  Hofstenia_miamia                  0.00%    passed     99.60%
  37  Meara_stichopi                    0.00%    passed     99.81%
  38  Nemertoderma_westbladi            0.00%    passed     99.56%
  39  Xenoturbella_profunda             0.00%    passed     99.89%
  40  Xenoturbella_bocki                0.00%    passed     99.67%
  41  TRICA                             0.00%    passed     77.31%
  42  DROME                             0.00%    passed     98.06%
  43  Apis_mellifera                    0.00%    passed     94.79%
  44  Daphnia_pulex                     0.00%    passed     96.12%
  45  Eudigraphis_taiwaniensis          0.00%    passed     99.31%
  46  STRMM                             0.00%    passed     92.04%
  47  Mesobuthus_martensii              0.00%    passed     96.23%
  48  Limulus_polyphemus                0.00%    passed     98.55%
  49  Peripatopsis_capensis             0.00%    passed    100.00%
  50  Enoplus_brevis                    0.00%    passed     99.75%
  51  Romanomermis_culicivorax          0.00%    passed     93.57%
  52  Ramazzottius_varieornatus         0.00%    passed     88.74%
  53  Hypsibius_dujardini               0.00%    passed     60.88%
  54  Priapulus_caudatus                0.00%    passed    100.00%
  55  Halicryptus_spinulosus            0.00%    passed     99.57%
  56  Tubiluchus_corallicola            0.00%    passed     99.71%
  57  Lepidodermella_squamata           0.00%    passed     89.57%
  58  Diuronotus_aspetos                0.00%    passed     98.29%
  59  Macrodasys_sp                     0.00%    passed     99.88%
  60  Megadasys_sp                      0.00%    passed     97.23%
  61  Catenulida_sp                     0.00%    passed     87.35%
  62  Stylochoplana_maculata            0.00%    passed     99.70%
  63  Stylochus_ellipticus              0.00%    passed     99.81%
  64  Macrostomum_lignano               0.00%    passed     93.06%
  65  LOTGI                             0.00%    passed     98.98%
  66  Aplysia_californica               0.00%    passed     99.67%
  67  CRAGI                             0.00%    passed     99.48%
  68  Leptochiton_rugatus               0.00%    passed     99.99%
  69  Neomenia_megatrapezata            0.00%    passed     99.99%
  70  CAPI1                             0.00%    passed     99.37%
  71  Lumbricus_terrestris              0.00%    passed     99.98%
  72  Nephtys_caeca                     0.00%    passed     99.92%
  73  Owenia_fusiformis                 0.00%    passed    100.00%
  74  Lineus_longissimus                0.00%    passed    100.00%
  75  Paranemertes_peregrina            0.00%    passed     99.70%
  76  Malacobdella_grossa               0.00%    passed     99.80%
  77  Tubulanus_polymorphus             0.00%    passed     99.64%
  78  Cephalothrix_linearis             0.00%    passed     99.00%
  79  Hemithiris_psittacea              0.00%    passed    100.00%
  80  Terebratalia_transversa           0.00%    passed     99.92%
  81  Glottidia_pyramidata              0.00%    passed     99.90%
  82  Linana                            0.00%    passed     99.85%
  83  Phoronopsis_harmeri               0.00%    passed     99.95%
  84  Phoronis_vancouverensis           0.00%    passed     99.08%
  85  Phoronis_psammophila              0.00%    passed    100.00%
  86  Membranipora_membranacea          0.00%    passed     99.97%
  87  Bugula_neritina                   0.00%    passed     99.93%
  88  Loxosoma_pectinaricola            0.00%    passed     99.95%
  89  Barentsia_gracilis                0.00%    passed     99.74%
  90  Sagitta_gazellae                  0.00%    passed     96.02%
  91  Sagitta_setosa                    0.00%    passed     99.27%
  92  Pterosagitta_draco                0.00%    passed     95.57%
  93  Sagitta_elegans                   0.00%    passed     97.24%
  94  Sagitta_serratodentata            0.00%    passed     98.29%
  95  Sagitta_hexaptera                 0.00%    passed     95.92%
  96  Krohnitta_sp                      0.00%    passed     96.36%
  97  Paraspadella_ovovivipara          0.00%    passed     98.73%
  98  Pargo1                            0.00%    passed     98.80%
  99  Spadella_cephaloptera             0.00%    passed     99.41%
 100  Eukrohnia_hamata                  0.00%    passed     99.94%
 101  Gnathostomula_paradoxa            0.00%    passed     85.59%
 102  Austrognathia_sp                  0.00%    passed     98.12%
 103  Limnognathia_maerski              0.00%    passed     98.80%
****  TOTAL                             0.00%  0 sequences failed composition chi2 test (p-value<5%; df=19)

Create initial parsimony tree by phylogenetic likelihood library (PLL)... 0.053 seconds
Generating 1000 samples for ultrafast bootstrap (seed: 846718)...

NOTE: 32 MB RAM (0 GB) is required!
Measuring multi-threading efficiency up to 8 CPU cores
Increase to 10 rounds for branch lengths
8 trees examined
Threads: 1 / Time: 8.184 sec / Speedup: 1.000 / Efficiency: 100% / LogL: -59946
Threads: 2 / Time: 4.306 sec / Speedup: 1.901 / Efficiency: 95% / LogL: -59946
Threads: 3 / Time: 3.002 sec / Speedup: 2.726 / Efficiency: 91% / LogL: -59946
Threads: 4 / Time: 2.376 sec / Speedup: 3.445 / Efficiency: 86% / LogL: -59946
Threads: 5 / Time: 2.024 sec / Speedup: 4.043 / Efficiency: 81% / LogL: -59946
Threads: 6 / Time: 1.783 sec / Speedup: 4.590 / Efficiency: 76% / LogL: -59946
Threads: 7 / Time: 1.694 sec / Speedup: 4.831 / Efficiency: 69% / LogL: -59946
Threads: 8 / Time: 1.653 sec / Speedup: 4.952 / Efficiency: 62% / LogL: -59946
BEST NUMBER OF THREADS: 8

Estimate model parameters (epsilon = 0.100)
1. Initial log-likelihood: -48548.753
2. Current log-likelihood: -46956.283
3. Current log-likelihood: -46883.690
4. Current log-likelihood: -46877.984
5. Current log-likelihood: -46877.636
Optimal log-likelihood: -46877.584
Gamma shape alpha: 0.569
Parameters optimization took 5 rounds (0.487 sec)
Computing ML distances based on estimated model parameters... 5.365 sec
Computing BIONJ tree...
0.008 seconds
Log-likelihood of BIONJ tree: -46862.234
--------------------------------------------------------------------
|             INITIALIZING CANDIDATE TREE SET                      |
--------------------------------------------------------------------
Generating 98 parsimony trees... 5.340 second
Computing log-likelihood of 98 initial trees ... 5.231 seconds
Current best score: -46862.234

Do NNI search on 20 best initial trees
Estimate model parameters (epsilon = 0.100)
BETTER TREE FOUND at iteration 1: -46792.477
Iteration 10 / LogL: -46799.384 / Time: 0h:0m:41s
Iteration 20 / LogL: -46813.104 / Time: 0h:0m:45s
Finish initializing candidate tree set (3)
Current best tree score: -46792.477 / CPU time: 18.367
Number of iterations: 20
--------------------------------------------------------------------
|               OPTIMIZING CANDIDATE TREE SET                      |
--------------------------------------------------------------------
Iteration 30 / LogL: -46792.529 / Time: 0h:0m:50s (0h:2m:3s left)
Iteration 40 / LogL: -46796.592 / Time: 0h:0m:56s (0h:1m:27s left)
Iteration 50 / LogL: -46792.541 / Time: 0h:1m:1s (0h:1m:3s left)
Log-likelihood cutoff on original alignment: -46861.655
Iteration 60 / LogL: -46795.576 / Time: 0h:1m:7s (0h:0m:46s left)
Iteration 70 / LogL: -46792.592 / Time: 0h:1m:12s (0h:0m:32s left)
Iteration 80 / LogL: -46795.687 / Time: 0h:1m:18s (0h:0m:20s left)
Iteration 90 / LogL: -46795.600 / Time: 0h:1m:24s (0h:0m:10s left)
Iteration 100 / LogL: -46795.571 / Time: 0h:1m:29s (0h:0m:0s left)
Log-likelihood cutoff on original alignment: -46861.655
NOTE: Bootstrap correlation coefficient of split occurrence frequencies: 1.000
TREE SEARCH COMPLETED AFTER 102 ITERATIONS / Time: 0h:1m:31s

--------------------------------------------------------------------
|                    FINALIZING TREE SEARCH                        |
--------------------------------------------------------------------
Performs final model parameters optimization
Estimate model parameters (epsilon = 0.010)
1. Initial log-likelihood: -46792.477
Optimal log-likelihood: -46792.474
Gamma shape alpha: 0.572
Parameters optimization took 1 rounds (0.063 sec)
BEST SCORE FOUND : -46792.474
Creating bootstrap support values...
Split supports printed to NEXUS file /csm_data/spielman_lab/aa_phylo_fit_topology/simulations/alignments/wag_control/NP_spiralia_rep14_AA.fasta.splits.nex
Total tree length: 68.271

Total number of iterations: 102
CPU time used for tree search: 474.134 sec (0h:7m:54s)
Wall-clock time used for tree search: 64.336 sec (0h:1m:4s)
Total CPU time used: 584.362 sec (0h:9m:44s)
Total wall-clock time used: 91.407 sec (0h:1m:31s)

Computing bootstrap consensus tree...
Reading input file /csm_data/spielman_lab/aa_phylo_fit_topology/simulations/alignments/wag_control/NP_spiralia_rep14_AA.fasta.splits.nex...
103 taxa and 388 splits.
Consensus tree written to /csm_data/spielman_lab/aa_phylo_fit_topology/simulations/alignments/wag_control/NP_spiralia_rep14_AA.fasta.contree
Reading input trees file /csm_data/spielman_lab/aa_phylo_fit_topology/simulations/alignments/wag_control/NP_spiralia_rep14_AA.fasta.contree
Log-likelihood of consensus tree: -46792.474

Analysis results written to: 
  IQ-TREE report:                /csm_data/spielman_lab/aa_phylo_fit_topology/simulations/alignments/wag_control/NP_spiralia_rep14_AA.fasta.iqtree
  Maximum-likelihood tree:       /csm_data/spielman_lab/aa_phylo_fit_topology/simulations/alignments/wag_control/NP_spiralia_rep14_AA.fasta.treefile
  Likelihood distances:          /csm_data/spielman_lab/aa_phylo_fit_topology/simulations/alignments/wag_control/NP_spiralia_rep14_AA.fasta.mldist

Ultrafast bootstrap approximation results written to:
  Split support values:          /csm_data/spielman_lab/aa_phylo_fit_topology/simulations/alignments/wag_control/NP_spiralia_rep14_AA.fasta.splits.nex
  Consensus tree:                /csm_data/spielman_lab/aa_phylo_fit_topology/simulations/alignments/wag_control/NP_spiralia_rep14_AA.fasta.contree
  Screen log file:               /csm_data/spielman_lab/aa_phylo_fit_topology/simulations/alignments/wag_control/NP_spiralia_rep14_AA.fasta.log

Date and Time: Sat Feb  1 11:37:11 2020
