IQ-TREE multicore version 1.6.7 for Linux 64-bit built Aug 23 2018
Developed by Bui Quang Minh, Nguyen Lam Tung, Olga Chernomor,
Heiko Schmidt, Dominik Schrempf, Michael Woodhams.

Host:    csm-com-004 (AVX2, FMA3, 62 GB RAM)
Command: iqtree -quiet -nt AUTO -ntmax 8 -m FLU+I -s /csm_data/spielman_lab/aa_phylo_fit_topology/simulations/alignments/wag_control/NP_salichos_rep2_AA.fasta -st AA -redo -bb 1000
Seed:    328201 (Using SPRNG - Scalable Parallel Random Number Generator)
Time:    Sat Feb  1 02:08:41 2020
Kernel:  AVX+FMA - auto-detect threads (48 CPU cores detected)

Reading alignment file /csm_data/spielman_lab/aa_phylo_fit_topology/simulations/alignments/wag_control/NP_salichos_rep2_AA.fasta ... Fasta format detected
Alignment most likely contains protein sequences
Alignment has 23 sequences with 498 columns, 445 distinct patterns
358 parsimony-informative, 68 singleton sites, 72 constant sites
      Gap/Ambiguity  Composition  p-value
   1  Agos    0.00%    passed     98.87%
   2  Klac    0.00%    passed     73.71%
   3  Calb    0.00%    passed     98.76%
   4  Cdub    0.00%    passed     99.35%
   5  Ctro    0.00%    passed     71.71%
   6  Cpar    0.00%    passed     73.76%
   7  Lelo    0.00%    passed     64.79%
   8  Psti    0.00%    passed     97.27%
   9  Cgui    0.00%    passed     77.16%
  10  Dhan    0.00%    passed     75.00%
  11  Clus    0.00%    passed     97.94%
  12  Cgla    0.00%    passed     98.65%
  13  Sbay    0.00%    passed     99.77%
  14  Scer    0.00%    passed     99.98%
  15  Spar    0.00%    passed     99.99%
  16  Smik    0.00%    passed     99.87%
  17  Skud    0.00%    passed     99.92%
  18  Scas    0.00%    passed     99.92%
  19  Kpol    0.00%    passed     82.42%
  20  Zrou    0.00%    passed     99.79%
  21  Kthe    0.00%    passed     98.46%
  22  Kwal    0.00%    passed     98.93%
  23  Sklu    0.00%    passed     98.52%
****  TOTAL    0.00%  0 sequences failed composition chi2 test (p-value<5%; df=19)

Create initial parsimony tree by phylogenetic likelihood library (PLL)... 0.003 seconds
Generating 1000 samples for ultrafast bootstrap (seed: 328201)...

NOTE: 3 MB RAM (0 GB) is required!
Measuring multi-threading efficiency up to 8 CPU cores
Increase to 10 rounds for branch lengths
159 trees examined
Threads: 1 / Time: 8.007 sec / Speedup: 1.000 / Efficiency: 100% / LogL: -20208
Threads: 2 / Time: 4.597 sec / Speedup: 1.742 / Efficiency: 87% / LogL: -20208
Threads: 3 / Time: 3.459 sec / Speedup: 2.315 / Efficiency: 77% / LogL: -20208
Threads: 4 / Time: 2.897 sec / Speedup: 2.764 / Efficiency: 69% / LogL: -20208
Threads: 5 / Time: 2.588 sec / Speedup: 3.093 / Efficiency: 62% / LogL: -20208
Threads: 6 / Time: 2.383 sec / Speedup: 3.360 / Efficiency: 56% / LogL: -20208
Threads: 7 / Time: 2.262 sec / Speedup: 3.539 / Efficiency: 51% / LogL: -20208
Threads: 8 / Time: 2.658 sec / Speedup: 3.012 / Efficiency: 38% / LogL: -20208
BEST NUMBER OF THREADS: 7

Estimate model parameters (epsilon = 0.100)
1. Initial log-likelihood: -15135.602
2. Current log-likelihood: -15020.082
3. Current log-likelihood: -15017.255
4. Current log-likelihood: -15016.862
Optimal log-likelihood: -15016.786
Proportion of invariable sites: 0.132
Parameters optimization took 4 rounds (0.022 sec)
Computing ML distances based on estimated model parameters... 0.068 sec
Computing BIONJ tree...
0.002 seconds
Log-likelihood of BIONJ tree: -15011.637
--------------------------------------------------------------------
|             INITIALIZING CANDIDATE TREE SET                      |
--------------------------------------------------------------------
Generating 98 parsimony trees... 0.359 second
Computing log-likelihood of 98 initial trees ... 0.557 seconds
Current best score: -15011.637

Do NNI search on 20 best initial trees
Estimate model parameters (epsilon = 0.100)
BETTER TREE FOUND at iteration 1: -15011.633
Iteration 10 / LogL: -15011.897 / Time: 0h:0m:30s
Iteration 20 / LogL: -15011.717 / Time: 0h:0m:30s
Finish initializing candidate tree set (1)
Current best tree score: -15011.633 / CPU time: 1.580
Number of iterations: 20
--------------------------------------------------------------------
|               OPTIMIZING CANDIDATE TREE SET                      |
--------------------------------------------------------------------
Iteration 30 / LogL: -15011.681 / Time: 0h:0m:31s (0h:1m:15s left)
Iteration 40 / LogL: -15011.669 / Time: 0h:0m:31s (0h:0m:49s left)
Iteration 50 / LogL: -15011.875 / Time: 0h:0m:32s (0h:0m:33s left)
Log-likelihood cutoff on original alignment: -15046.114
Iteration 60 / LogL: -15011.666 / Time: 0h:0m:32s (0h:0m:22s left)
Iteration 70 / LogL: -15011.724 / Time: 0h:0m:33s (0h:0m:14s left)
Iteration 80 / LogL: -15023.958 / Time: 0h:0m:33s (0h:0m:8s left)
Iteration 90 / LogL: -15012.730 / Time: 0h:0m:34s (0h:0m:4s left)
Iteration 100 / LogL: -15011.854 / Time: 0h:0m:34s (0h:0m:0s left)
Log-likelihood cutoff on original alignment: -15047.043
NOTE: Bootstrap correlation coefficient of split occurrence frequencies: 1.000
TREE SEARCH COMPLETED AFTER 102 ITERATIONS / Time: 0h:0m:34s

--------------------------------------------------------------------
|                    FINALIZING TREE SEARCH                        |
--------------------------------------------------------------------
Performs final model parameters optimization
Estimate model parameters (epsilon = 0.010)
1. Initial log-likelihood: -15011.633
Optimal log-likelihood: -15011.633
Proportion of invariable sites: 0.133
Parameters optimization took 1 rounds (0.006 sec)
BEST SCORE FOUND : -15011.633
Creating bootstrap support values...
Split supports printed to NEXUS file /csm_data/spielman_lab/aa_phylo_fit_topology/simulations/alignments/wag_control/NP_salichos_rep2_AA.fasta.splits.nex
Total tree length: 7.928

Total number of iterations: 102
CPU time used for tree search: 40.852 sec (0h:0m:40s)
Wall-clock time used for tree search: 5.977 sec (0h:0m:5s)
Total CPU time used: 154.168 sec (0h:2m:34s)
Total wall-clock time used: 34.987 sec (0h:0m:34s)

Computing bootstrap consensus tree...
Reading input file /csm_data/spielman_lab/aa_phylo_fit_topology/simulations/alignments/wag_control/NP_salichos_rep2_AA.fasta.splits.nex...
23 taxa and 83 splits.
Consensus tree written to /csm_data/spielman_lab/aa_phylo_fit_topology/simulations/alignments/wag_control/NP_salichos_rep2_AA.fasta.contree
Reading input trees file /csm_data/spielman_lab/aa_phylo_fit_topology/simulations/alignments/wag_control/NP_salichos_rep2_AA.fasta.contree
Log-likelihood of consensus tree: -15011.633

Analysis results written to: 
  IQ-TREE report:                /csm_data/spielman_lab/aa_phylo_fit_topology/simulations/alignments/wag_control/NP_salichos_rep2_AA.fasta.iqtree
  Maximum-likelihood tree:       /csm_data/spielman_lab/aa_phylo_fit_topology/simulations/alignments/wag_control/NP_salichos_rep2_AA.fasta.treefile
  Likelihood distances:          /csm_data/spielman_lab/aa_phylo_fit_topology/simulations/alignments/wag_control/NP_salichos_rep2_AA.fasta.mldist

Ultrafast bootstrap approximation results written to:
  Split support values:          /csm_data/spielman_lab/aa_phylo_fit_topology/simulations/alignments/wag_control/NP_salichos_rep2_AA.fasta.splits.nex
  Consensus tree:                /csm_data/spielman_lab/aa_phylo_fit_topology/simulations/alignments/wag_control/NP_salichos_rep2_AA.fasta.contree
  Screen log file:               /csm_data/spielman_lab/aa_phylo_fit_topology/simulations/alignments/wag_control/NP_salichos_rep2_AA.fasta.log

Date and Time: Sat Feb  1 02:09:16 2020
