IQ-TREE multicore version 1.6.7 for Linux 64-bit built Aug 23 2018
Developed by Bui Quang Minh, Nguyen Lam Tung, Olga Chernomor,
Heiko Schmidt, Dominik Schrempf, Michael Woodhams.

Host:    csm-com-007 (AVX2, FMA3, 62 GB RAM)
Command: iqtree -quiet -nt AUTO -ntmax 8 -m rtREV+F+G4 -s /csm_data/spielman_lab/aa_phylo_fit_topology/simulations/alignments/wag_control/NP_salichos_rep19_AA.fasta -st AA -redo -bb 1000
Seed:    391118 (Using SPRNG - Scalable Parallel Random Number Generator)
Time:    Sat Feb  1 13:52:42 2020
Kernel:  AVX+FMA - auto-detect threads (48 CPU cores detected)

Reading alignment file /csm_data/spielman_lab/aa_phylo_fit_topology/simulations/alignments/wag_control/NP_salichos_rep19_AA.fasta ... Fasta format detected
Alignment most likely contains protein sequences
Alignment has 23 sequences with 498 columns, 432 distinct patterns
358 parsimony-informative, 56 singleton sites, 84 constant sites
      Gap/Ambiguity  Composition  p-value
   1  Agos    0.00%    passed     46.67%
   2  Klac    0.00%    passed     97.24%
   3  Calb    0.00%    passed     71.07%
   4  Cdub    0.00%    passed     96.91%
   5  Ctro    0.00%    passed     83.30%
   6  Cpar    0.00%    passed     90.78%
   7  Lelo    0.00%    passed     29.52%
   8  Psti    0.00%    passed     88.35%
   9  Cgui    0.00%    passed     88.51%
  10  Dhan    0.00%    passed     91.67%
  11  Clus    0.00%    passed     70.01%
  12  Cgla    0.00%    passed     90.71%
  13  Sbay    0.00%    passed     99.96%
  14  Scer    0.00%    passed     95.77%
  15  Spar    0.00%    passed     99.11%
  16  Smik    0.00%    passed     92.74%
  17  Skud    0.00%    passed     87.81%
  18  Scas    0.00%    passed     94.75%
  19  Kpol    0.00%    passed     89.62%
  20  Zrou    0.00%    passed     99.95%
  21  Kthe    0.00%    passed     92.48%
  22  Kwal    0.00%    passed     53.51%
  23  Sklu    0.00%    passed     78.03%
****  TOTAL    0.00%  0 sequences failed composition chi2 test (p-value<5%; df=19)

Create initial parsimony tree by phylogenetic likelihood library (PLL)... 0.003 seconds
Generating 1000 samples for ultrafast bootstrap (seed: 391118)...

NOTE: 8 MB RAM (0 GB) is required!
Measuring multi-threading efficiency up to 8 CPU cores
Increase to 10 rounds for branch lengths
45 trees examined
Threads: 1 / Time: 8.056 sec / Speedup: 1.000 / Efficiency: 100% / LogL: -18122
Threads: 2 / Time: 4.288 sec / Speedup: 1.879 / Efficiency: 94% / LogL: -18122
Threads: 3 / Time: 3.030 sec / Speedup: 2.659 / Efficiency: 89% / LogL: -18122
Threads: 4 / Time: 2.403 sec / Speedup: 3.352 / Efficiency: 84% / LogL: -18122
Threads: 5 / Time: 2.109 sec / Speedup: 3.820 / Efficiency: 76% / LogL: -18122
Threads: 6 / Time: 2.071 sec / Speedup: 3.890 / Efficiency: 65% / LogL: -18122
Threads: 7 / Time: 1.933 sec / Speedup: 4.168 / Efficiency: 60% / LogL: -18122
Threads: 8 / Time: 1.903 sec / Speedup: 4.233 / Efficiency: 53% / LogL: -18122
BEST NUMBER OF THREADS: 7

Estimate model parameters (epsilon = 0.100)
1. Initial log-likelihood: -14114.939
2. Current log-likelihood: -13952.295
3. Current log-likelihood: -13948.532
Optimal log-likelihood: -13948.457
Gamma shape alpha: 0.597
Parameters optimization took 3 rounds (0.058 sec)
Computing ML distances based on estimated model parameters... 0.306 sec
Computing BIONJ tree...
0.002 seconds
Log-likelihood of BIONJ tree: -13959.029
--------------------------------------------------------------------
|             INITIALIZING CANDIDATE TREE SET                      |
--------------------------------------------------------------------
Generating 98 parsimony trees... 0.347 second
Computing log-likelihood of 98 initial trees ... 1.116 seconds
Current best score: -13948.457

Do NNI search on 20 best initial trees
Estimate model parameters (epsilon = 0.100)
BETTER TREE FOUND at iteration 1: -13945.540
Iteration 10 / LogL: -13945.561 / Time: 0h:0m:28s
Iteration 20 / LogL: -13945.622 / Time: 0h:0m:29s
Finish initializing candidate tree set (1)
Current best tree score: -13945.540 / CPU time: 3.257
Number of iterations: 20
--------------------------------------------------------------------
|               OPTIMIZING CANDIDATE TREE SET                      |
--------------------------------------------------------------------
Iteration 30 / LogL: -13945.562 / Time: 0h:0m:30s (0h:1m:14s left)
Iteration 40 / LogL: -13945.565 / Time: 0h:0m:31s (0h:0m:49s left)
Iteration 50 / LogL: -13946.722 / Time: 0h:0m:32s (0h:0m:34s left)
Log-likelihood cutoff on original alignment: -13975.014
Iteration 60 / LogL: -13946.113 / Time: 0h:0m:33s (0h:0m:23s left)
Iteration 70 / LogL: -13945.541 / Time: 0h:0m:35s (0h:0m:15s left)
Iteration 80 / LogL: -13945.581 / Time: 0h:0m:36s (0h:0m:9s left)
Iteration 90 / LogL: -13945.931 / Time: 0h:0m:37s (0h:0m:4s left)
Iteration 100 / LogL: -13945.552 / Time: 0h:0m:38s (0h:0m:0s left)
Log-likelihood cutoff on original alignment: -13975.014
NOTE: Bootstrap correlation coefficient of split occurrence frequencies: 1.000
TREE SEARCH COMPLETED AFTER 102 ITERATIONS / Time: 0h:0m:39s

--------------------------------------------------------------------
|                    FINALIZING TREE SEARCH                        |
--------------------------------------------------------------------
Performs final model parameters optimization
Estimate model parameters (epsilon = 0.010)
1. Initial log-likelihood: -13945.540
Optimal log-likelihood: -13945.540
Gamma shape alpha: 0.593
Parameters optimization took 1 rounds (0.013 sec)
BEST SCORE FOUND : -13945.540
Creating bootstrap support values...
Split supports printed to NEXUS file /csm_data/spielman_lab/aa_phylo_fit_topology/simulations/alignments/wag_control/NP_salichos_rep19_AA.fasta.splits.nex
Total tree length: 11.075

Total number of iterations: 102
CPU time used for tree search: 90.964 sec (0h:1m:30s)
Wall-clock time used for tree search: 13.176 sec (0h:0m:13s)
Total CPU time used: 187.873 sec (0h:3m:7s)
Total wall-clock time used: 39.207 sec (0h:0m:39s)

Computing bootstrap consensus tree...
Reading input file /csm_data/spielman_lab/aa_phylo_fit_topology/simulations/alignments/wag_control/NP_salichos_rep19_AA.fasta.splits.nex...
23 taxa and 93 splits.
Consensus tree written to /csm_data/spielman_lab/aa_phylo_fit_topology/simulations/alignments/wag_control/NP_salichos_rep19_AA.fasta.contree
Reading input trees file /csm_data/spielman_lab/aa_phylo_fit_topology/simulations/alignments/wag_control/NP_salichos_rep19_AA.fasta.contree
Log-likelihood of consensus tree: -13945.540

Analysis results written to: 
  IQ-TREE report:                /csm_data/spielman_lab/aa_phylo_fit_topology/simulations/alignments/wag_control/NP_salichos_rep19_AA.fasta.iqtree
  Maximum-likelihood tree:       /csm_data/spielman_lab/aa_phylo_fit_topology/simulations/alignments/wag_control/NP_salichos_rep19_AA.fasta.treefile
  Likelihood distances:          /csm_data/spielman_lab/aa_phylo_fit_topology/simulations/alignments/wag_control/NP_salichos_rep19_AA.fasta.mldist

Ultrafast bootstrap approximation results written to:
  Split support values:          /csm_data/spielman_lab/aa_phylo_fit_topology/simulations/alignments/wag_control/NP_salichos_rep19_AA.fasta.splits.nex
  Consensus tree:                /csm_data/spielman_lab/aa_phylo_fit_topology/simulations/alignments/wag_control/NP_salichos_rep19_AA.fasta.contree
  Screen log file:               /csm_data/spielman_lab/aa_phylo_fit_topology/simulations/alignments/wag_control/NP_salichos_rep19_AA.fasta.log

Date and Time: Sat Feb  1 13:53:21 2020
