IQ-TREE multicore version 1.6.7 for Linux 64-bit built Aug 23 2018
Developed by Bui Quang Minh, Nguyen Lam Tung, Olga Chernomor,
Heiko Schmidt, Dominik Schrempf, Michael Woodhams.

Host:    csm-com-007 (AVX2, FMA3, 62 GB RAM)
Command: iqtree -nt 8 -m mtVer+F+I+G4 -s /csm_data/spielman_lab/dms_modelselection//simulations/alignments/HA_anderson_rep7_AA.fasta -st AA
Seed:    103248 (Using SPRNG - Scalable Parallel Random Number Generator)
Time:    Sat Apr  6 15:32:13 2019
Kernel:  AVX+FMA - 8 threads (48 CPU cores detected)

Reading alignment file /csm_data/spielman_lab/dms_modelselection//simulations/alignments/HA_anderson_rep7_AA.fasta ... Fasta format detected
Alignment most likely contains protein sequences
Alignment has 179 sequences with 564 columns, 558 distinct patterns
502 parsimony-informative, 47 singleton sites, 15 constant sites
                      Gap/Ambiguity  Composition  p-value
   1  AV-S-CIV-1999           0.00%    passed     81.14%
   2  BA366-S-GIN-2003        0.00%    passed     88.38%
   3  G502-S-SLE-2009         0.00%    passed     99.72%
   4  G1180-S-SLE-2010        0.00%    passed     99.88%
   5  G2147-S-SLE-2011        0.00%    passed     99.65%
   6  G2165-S-SLE-2011        0.00%    passed     99.43%
   7  LM222-S-SLE-2010        0.00%    passed     99.98%
   8  LM774-S-SLE-2012        0.00%    passed     99.32%
   9  LM778-S-SLE-2012        0.00%    passed     99.64%
  10  G2184-S-SLE-2011        0.00%    passed     99.37%
  11  LM776-S-SLE-2012        0.00%    passed     99.56%
  12  G503-S-SLE-2009         0.00%    passed     99.65%
  13  G2318-S-SLE-2012        0.00%    passed     98.55%
  14  G1959-S-SLE-2011        0.00%    passed     99.55%
  15  G3010-S-SLE-2013        0.00%    passed     99.83%
  16  G610-S-SLE-2009         0.00%    passed     99.20%
  17  G693-S-SLE-2009         0.00%    passed     98.91%
  18  G771-S-SLE-2010         0.00%    passed     98.91%
  19  G1792-S-SLE-2011        0.00%    passed     98.26%
  20  G1960-S-SLE-2011        0.00%    passed     98.93%
  21  G2565-S-SLE-2012        0.00%    passed     97.59%
  22  G2197-S-SLE-2011        0.00%    passed     98.90%
  23  LM032-S-SLE-2010        0.00%    passed     99.02%
  24  Josiah-S-SLE-1976       0.00%    passed     99.68%
  25  G808-S-SLE-2010         0.00%    passed     92.51%
  26  G2868-S-SLE-2012        0.00%    passed     99.89%
  27  G676-S-SLE-2009         0.00%    passed     99.62%
  28  G2405-S-SLE-2012        0.00%    passed     98.60%
  29  G1190-S-SLE-2010        0.00%    passed     97.93%
  30  G2944-S-SLE-2012        0.00%    passed     98.69%
  31  LM765-S-SLE-2012        0.00%    passed     97.61%
  32  G3148-S-SLE-2013        0.00%    passed     96.75%
  33  Z0947-S-SLE-2011        0.00%    passed     98.86%
  34  Z0948-S-SLE-2011        0.00%    passed     98.86%
  35  G1727-S-SLE-2011        0.00%    passed     99.44%
  36  G1647-S-SLE-2011        0.00%    passed     98.87%
  37  G2295-S-SLE-2012        0.00%    passed     96.37%
  38  G2587-S-SLE-2012        0.00%    passed     96.37%
  39  G2280-S-SLE-2012        0.00%    passed     99.68%
  40  G3016-S-SLE-2013        0.00%    passed     99.96%
  41  G3106-S-SLE-2013        0.00%    passed     99.96%
  42  G2612-S-SLE-2012        0.00%    passed     98.31%
  43  LM779-S-SLE-2012        0.00%    passed     99.09%
  44  G692-S-SLE-2009         0.00%    passed     99.42%
  45  LM395-S-SLE-2009        0.00%    passed     99.61%
  46  G1774-S-SLE-2011        0.00%    passed     94.40%
  47  G2222-S-SLE-2011        0.00%    passed     96.67%
  48  G636-S-SLE-2009         0.00%    passed     99.93%
  49  G2315-S-SLE-2012        0.00%    passed     99.13%
  50  G2903-S-SLE-2012        0.00%    passed     99.20%
  51  G3206-S-SLE-2013        0.00%    passed     98.37%
  52  G733-S-SLE-2010         0.00%    passed     99.12%
  53  G2554-S-SLE-2012        0.00%    passed     94.70%
  54  G1618-S-SLE-2011        0.00%    passed     99.81%
  55  G1646-S-SLE-2011        0.00%    passed     99.77%
  56  G2427-S-SLE-2012        0.00%    passed     99.86%
  57  G2392-S-SLE-2012        0.00%    passed     99.88%
  58  G3229-S-SLE-2013        0.00%    passed     99.75%
  59  G3151-S-SLE-2013        0.00%    passed     99.96%
  60  G3248-S-SLE-2013        0.00%    passed     99.96%
  61  G3170-S-SLE-2013        0.00%    passed     99.96%
  62  NL-S-SLE-2000           0.00%    passed     98.18%
  63  G2263-S-SLE-2012        0.00%    passed     99.39%
  64  G2431-S-SLE-2012        0.00%    passed     99.17%
  65  G1442-S-SLE-2011        0.00%    passed    100.00%
  66  G2141-S-SLE-2011        0.00%    passed     98.09%
  67  G1529-S-SLE-2011        0.00%    passed     99.75%
  68  G3234-S-SLE-2013        0.00%    passed     99.30%
  69  G2363-S-SLE-2012        0.00%    passed     91.56%
  70  G2259-S-SLE-2012        0.00%    passed     99.57%
  71  G2723-S-SLE-2012        0.00%    passed     98.42%
  72  G3278-S-SLE-2013        0.00%    passed     96.21%
  73  G2557-S-SLE-2012        0.00%    passed     99.36%
  74  G2615-S-SLE-2012        0.00%    passed     98.87%
  75  G1200-S-LIB-2010        0.00%    passed     97.41%
  76  Macenta-S-GIN-1982      0.00%    passed     78.37%
  77  Z148-S-LIB-1981         0.00%    passed     73.83%
  78  Nig08-A18-S-NIG-2008    0.00%    passed     63.51%
  79  Nig08-A19-S-NIG-2008    0.00%    passed     23.37%
  80  CSF-S-NIG-2001          0.00%    passed     78.71%
  81  ISTH0009-S-NIG-2011     0.00%    passed     99.90%
  82  LASV979-S-NIG-2009      0.00%    passed     99.95%
  83  LASV237-S-NIG-2010      0.00%    passed     99.95%
  84  LASV711-S-NIG-2009      0.00%    passed     99.92%
  85  LASV992-S-NIG-2009      0.00%    passed     99.92%
  86  ISTH0230-S-NIG-2011     0.00%    passed     99.89%
  87  LASV975-S-NIG-2009      0.00%    passed     99.88%
  88  ISTH2061-S-NIG-2012     0.00%    passed     99.98%
  89  Nig08-A41-S-NIG-2008    0.00%    passed     99.87%
  90  ISTH2217-S-NIG-2012     0.00%    passed     99.29%
  91  ISTH1064-S-NIG-2011     0.00%    passed     99.08%
  92  ISTH2334-S-NIG-2012     0.00%    passed     99.18%
  93  LASV245-S-NIG-2011      0.00%    passed     99.25%
  94  LASV1011-S-NIG-2009     0.00%    passed     99.88%
  95  ISTH2312-S-NIG-2012     0.00%    passed     99.20%
  96  LASV1000-S-NIG-2009     0.00%    passed     99.92%
  97  ISTH2010-S-NIG-2012     0.00%    passed     99.93%
  98  ISTH2016-S-NIG-2012     0.00%    passed     99.68%
  99  Nig08-A37-S-NIG-2008    0.00%    passed     99.88%
 100  LASV737-S-NIG-2009      0.00%    passed     99.24%
 101  LASV719-S-NIG-2009      0.00%    passed     99.95%
 102  LASV046-S-NIG-2009      0.00%    passed     99.96%
 103  ISTH2042-S-NIG-2012     0.00%    passed     99.77%
 104  LASV274-S-NIG-2010      0.00%    passed     99.56%
 105  LASV263-S-NIG-2011      0.00%    passed     99.93%
 106  ISTH1137-S-NIG-2011     0.00%    passed     99.90%
 107  LASV976-S-NIG-2009      0.00%    passed     99.96%
 108  LASV1016-S-NIG-2009     0.00%    passed     99.93%
 109  LASV229-S-NIG-2010      0.00%    passed     99.86%
 110  ISTH2129-S-NIG-2012     0.00%    passed     99.38%
 111  ISTH2057-S-NIG-2012     0.00%    passed     99.69%
 112  LASV058-S-NIG-2008      0.00%    passed     99.95%
 113  ISTH1038-S-NIG-2011     0.00%    passed     99.92%
 114  LASV056-S-NIG-2008      0.00%    passed     99.21%
 115  LASV042-S-NIG-2009      0.00%    passed     99.31%
 116  LASV981-S-NIG-2009      0.00%    passed     99.84%
 117  LASV256-S-NIG-2010      0.00%    passed     99.67%
 118  LASV052-S-NIG-2008      0.00%    passed     99.77%
 119  LASV063-S-NIG-2009      0.00%    passed     99.99%
 120  ISTH0595-S-NIG-2011     0.00%    passed     99.38%
 121  ISTH1096-S-NIG-2012     0.00%    passed     99.98%
 122  LASV221-S-NIG-2010      0.00%    passed     99.99%
 123  LASV977-S-NIG-2009      0.00%    passed     99.99%
 124  LASV971-S-NIG-2009      0.00%    passed    100.00%
 125  LASV967-S-NIG-2009      0.00%    passed    100.00%
 126  ISTH2050-S-NIG-2012     0.00%    passed    100.00%
 127  ISTH2031-S-NIG-2012     0.00%    passed     98.74%
 128  ISTH2376-S-NIG-2012     0.00%    passed     99.79%
 129  LASV991-S-NIG-2009      0.00%    passed     99.97%
 130  LASV267-S-NIG-2010      0.00%    passed     99.97%
 131  LASV049-S-NIG-2009      0.00%    passed     99.75%
 132  LASV239-S-NIG-2010      0.00%    passed    100.00%
 133  ISTH2037-S-NIG-2012     0.00%    passed     99.99%
 134  ISTH1069-S-NIG-2011     0.00%    passed     99.33%
 135  ISTH1129-S-NIG-2012     0.00%    passed     99.79%
 136  ISTH2304-S-NIG-2012     0.00%    passed     99.41%
 137  LASV246-S-NIG-2010      0.00%    passed     98.51%
 138  ISTH1111-S-NIG-2011     0.00%    passed     99.95%
 139  LASV006-S-NIG-2008      0.00%    passed     99.97%
 140  ISTH0531-S-NIG-2011     0.00%    passed     99.96%
 141  LASV254-S-NIG-2011      0.00%    passed     99.97%
 142  ISTH2358-S-NIG-2012     0.00%    passed     99.83%
 143  LASV966-S-NIG-2009      0.00%    passed     99.41%
 144  ISTH1058-S-NIG-2011     0.00%    passed     99.96%
 145  LASV241-S-NIG-2011      0.00%    passed    100.00%
 146  LASV271-S-NIG-2010      0.00%    passed    100.00%
 147  Nig08-A47-S-NIG-2008    0.00%    passed     99.99%
 148  ISTH0012-S-NIG-2011     0.00%    passed    100.00%
 149  LASV993-S-NIG-2009      0.00%    passed    100.00%
 150  ISTH2046-S-NIG-2012     0.00%    passed     99.97%
 151  LASV1008-S-NIG-2009     0.00%    passed     99.99%
 152  ISTH2020-S-NIG-2012     0.00%    passed     99.92%
 153  LASV003-S-NIG-2008      0.00%    passed     99.99%
 154  LASV242-S-NIG-2010      0.00%    passed     99.99%
 155  LASV253-S-NIG-2011      0.00%    passed     99.97%
 156  LASV982-S-NIG-2009      0.00%    passed     99.92%
 157  LASV251-S-NIG-2010      0.00%    passed     99.87%
 158  LASV989-S-NIG-2009      0.00%    passed     99.97%
 159  ISTH0047-S-NIG-2011     0.00%    passed    100.00%
 160  LASV990-S-NIG-2009      0.00%    passed    100.00%
 161  ISTH1003-S-NIG-2011     0.00%    passed     99.99%
 162  ISTH0073-S-NIG-2011     0.00%    passed    100.00%
 163  ISTH2316-S-NIG-2012     0.00%    passed     99.97%
 164  LASV225-S-NIG-2010      0.00%    passed     99.99%
 165  LASV978-S-NIG-2009      0.00%    passed     99.99%
 166  ISTH1048-S-NIG-2011     0.00%    passed     99.96%
 167  LASV045-S-NIG-2009      0.00%    passed     99.96%
 168  ISTH2025-S-NIG-2012     0.00%    passed    100.00%
 169  LASV250-S-NIG-2011      0.00%    passed    100.00%
 170  LASV1015-S-NIG-2009     0.00%    passed    100.00%
 171  LASV035-S-NIG-2009      0.00%    passed    100.00%
 172  ISTH1107-S-NIG-2012     0.00%    passed     99.98%
 173  ISTH2271-S-NIG-2012     0.00%    passed     98.38%
 174  ISTH1121-S-NIG-2012     0.00%    passed     97.82%
 175  ISTH2065-S-NIG-2012     0.00%    passed     99.48%
 176  ISTH2066-S-NIG-2012     0.00%    passed     99.48%
 177  ISTH2094-S-NIG-2012     0.00%    passed     94.02%
 178  Nig08-04-S-NIG-2008     0.00%    passed     97.67%
 179  Pinneo-S-NIG-1969       0.00%    passed     10.96%
****  TOTAL                   0.00%  0 sequences failed composition chi2 test (p-value<5%; df=19)
NOTE: G771-S-SLE-2010 is identical to G693-S-SLE-2009 but kept for subsequent analysis
NOTE: Z0948-S-SLE-2011 is identical to Z0947-S-SLE-2011 but kept for subsequent analysis
NOTE: G2587-S-SLE-2012 is identical to G2295-S-SLE-2012 but kept for subsequent analysis
NOTE: G3106-S-SLE-2013 is identical to G3016-S-SLE-2013 but kept for subsequent analysis
NOTE: G3248-S-SLE-2013 is identical to G3151-S-SLE-2013 but kept for subsequent analysis
NOTE: LASV992-S-NIG-2009 is identical to LASV711-S-NIG-2009 but kept for subsequent analysis
NOTE: ISTH2066-S-NIG-2012 is identical to ISTH2065-S-NIG-2012 but kept for subsequent analysis
NOTE: 1 identical sequences (see below) will be ignored for subsequent analysis
NOTE: G3170-S-SLE-2013 (identical to G3151-S-SLE-2013) is ignored but added at the end

For your convenience alignment with unique sequences printed to /csm_data/spielman_lab/dms_modelselection//simulations/alignments/HA_anderson_rep7_AA.fasta.uniqueseq.phy

Create initial parsimony tree by phylogenetic likelihood library (PLL)... 0.067 seconds

NOTE: 63 MB RAM (0 GB) is required!
Estimate model parameters (epsilon = 0.100)
Thoroughly optimizing +I+G parameters from 10 start values...
Init pinv, alpha: 0.000, 1.000 / Estimate: 0.000, 1.693 / LogL: -28163.040
Init pinv, alpha: 0.003, 1.000 / Estimate: 0.002, 1.710 / LogL: -28163.036
Init pinv, alpha: 0.006, 1.000 / Estimate: 0.003, 1.718 / LogL: -28163.081
Init pinv, alpha: 0.009, 1.000 / Estimate: 0.004, 1.724 / LogL: -28163.122
Init pinv, alpha: 0.012, 1.000 / Estimate: 0.003, 1.721 / LogL: -28163.104
Init pinv, alpha: 0.015, 1.000 / Estimate: 0.004, 1.723 / LogL: -28163.120
Init pinv, alpha: 0.018, 1.000 / Estimate: 0.004, 1.724 / LogL: -28163.133
Init pinv, alpha: 0.021, 1.000 / Estimate: 0.004, 1.725 / LogL: -28163.144
Init pinv, alpha: 0.024, 1.000 / Estimate: 0.004, 1.726 / LogL: -28163.154
Init pinv, alpha: 0.027, 1.000 / Estimate: 0.003, 1.721 / LogL: -28163.110
Optimal pinv,alpha: 0.002, 1.710 / LogL: -28163.036

Parameters optimization took 6.695 sec
Computing ML distances based on estimated model parameters... 12.694 sec
Computing BIONJ tree...
0.025 seconds
Log-likelihood of BIONJ tree: -28574.731
--------------------------------------------------------------------
|             INITIALIZING CANDIDATE TREE SET                      |
--------------------------------------------------------------------
Generating 98 parsimony trees... 7.558 second
Computing log-likelihood of 98 initial trees ... 9.885 seconds
Current best score: -28162.761

Do NNI search on 20 best initial trees
Estimate model parameters (epsilon = 0.100)
BETTER TREE FOUND at iteration 1: -28156.782
Iteration 10 / LogL: -28156.783 / Time: 0h:0m:36s
Iteration 20 / LogL: -28166.185 / Time: 0h:0m:47s
Finish initializing candidate tree set (20)
Current best tree score: -28156.782 / CPU time: 38.264
Number of iterations: 20
--------------------------------------------------------------------
|               OPTIMIZING CANDIDATE TREE SET                      |
--------------------------------------------------------------------
BETTER TREE FOUND at iteration 21: -28156.781
BETTER TREE FOUND at iteration 28: -28156.781
BETTER TREE FOUND at iteration 30: -28156.779
Iteration 30 / LogL: -28156.779 / Time: 0h:1m:4s (0h:3m:42s left)
BETTER TREE FOUND at iteration 32: -28156.779
BETTER TREE FOUND at iteration 33: -28156.779
BETTER TREE FOUND at iteration 35: -28156.779
BETTER TREE FOUND at iteration 37: -28156.779
BETTER TREE FOUND at iteration 39: -28156.779
Iteration 40 / LogL: -28156.780 / Time: 0h:1m:22s (0h:3m:29s left)
BETTER TREE FOUND at iteration 42: -28156.779
Iteration 50 / LogL: -28202.146 / Time: 0h:1m:41s (0h:3m:9s left)
BETTER TREE FOUND at iteration 54: -28156.778
BETTER TREE FOUND at iteration 55: -28156.778
Iteration 60 / LogL: -28156.779 / Time: 0h:1m:59s (0h:3m:12s left)
BETTER TREE FOUND at iteration 67: -28156.777
BETTER TREE FOUND at iteration 68: -28156.777
Iteration 70 / LogL: -28156.779 / Time: 0h:2m:17s (0h:3m:15s left)
Estimate model parameters (epsilon = 0.100)
BETTER TREE FOUND at iteration 72: -28156.669
Iteration 80 / LogL: -28156.775 / Time: 0h:2m:36s (0h:3m:1s left)
BETTER TREE FOUND at iteration 81: -28156.668
Iteration 90 / LogL: -28184.848 / Time: 0h:2m:54s (0h:2m:57s left)
Iteration 100 / LogL: -28156.775 / Time: 0h:3m:12s (0h:2m:37s left)
Iteration 110 / LogL: -28160.326 / Time: 0h:3m:29s (0h:2m:16s left)
BETTER TREE FOUND at iteration 113: -28156.668
Iteration 120 / LogL: -28156.669 / Time: 0h:3m:49s (0h:2m:59s left)
Iteration 130 / LogL: -28163.974 / Time: 0h:4m:7s (0h:2m:39s left)
Iteration 140 / LogL: -28156.776 / Time: 0h:4m:25s (0h:2m:19s left)
Iteration 150 / LogL: -28156.669 / Time: 0h:4m:44s (0h:2m:0s left)
Iteration 160 / LogL: -28165.866 / Time: 0h:5m:3s (0h:1m:41s left)
Iteration 170 / LogL: -28188.435 / Time: 0h:5m:20s (0h:1m:21s left)
BETTER TREE FOUND at iteration 177: -28156.667
Iteration 180 / LogL: -28169.398 / Time: 0h:5m:39s (0h:3m:4s left)
Iteration 190 / LogL: -28156.668 / Time: 0h:5m:57s (0h:2m:44s left)
BETTER TREE FOUND at iteration 191: -28156.667
Iteration 200 / LogL: -28159.755 / Time: 0h:6m:16s (0h:2m:52s left)
Iteration 210 / LogL: -28161.542 / Time: 0h:6m:33s (0h:2m:32s left)
Iteration 220 / LogL: -28156.669 / Time: 0h:6m:52s (0h:2m:13s left)
Iteration 230 / LogL: -28159.646 / Time: 0h:7m:10s (0h:1m:54s left)
Iteration 240 / LogL: -28156.667 / Time: 0h:7m:28s (0h:1m:35s left)
Iteration 250 / LogL: -28161.060 / Time: 0h:7m:47s (0h:1m:16s left)
BETTER TREE FOUND at iteration 255: -28156.667
Iteration 260 / LogL: -28156.668 / Time: 0h:8m:5s (0h:2m:57s left)
Iteration 270 / LogL: -28173.596 / Time: 0h:8m:22s (0h:2m:38s left)
Iteration 280 / LogL: -28183.984 / Time: 0h:8m:40s (0h:2m:19s left)
Iteration 290 / LogL: -28158.541 / Time: 0h:8m:58s (0h:2m:1s left)
Iteration 300 / LogL: -28161.165 / Time: 0h:9m:16s (0h:1m:42s left)
BETTER TREE FOUND at iteration 303: -28156.667
Iteration 310 / LogL: -28167.936 / Time: 0h:9m:32s (0h:2m:52s left)
Iteration 320 / LogL: -28156.668 / Time: 0h:9m:51s (0h:2m:33s left)
Iteration 330 / LogL: -28156.667 / Time: 0h:10m:9s (0h:2m:15s left)
Iteration 340 / LogL: -28156.668 / Time: 0h:10m:26s (0h:1m:56s left)
Iteration 350 / LogL: -28156.774 / Time: 0h:10m:45s (0h:1m:38s left)
Iteration 360 / LogL: -28156.668 / Time: 0h:11m:2s (0h:1m:19s left)
Iteration 370 / LogL: -28166.329 / Time: 0h:11m:19s (0h:1m:0s left)
Iteration 380 / LogL: -28156.668 / Time: 0h:11m:38s (0h:0m:42s left)
Iteration 390 / LogL: -28156.776 / Time: 0h:11m:55s (0h:0m:23s left)
Iteration 400 / LogL: -28159.753 / Time: 0h:12m:12s (0h:0m:5s left)
TREE SEARCH COMPLETED AFTER 404 ITERATIONS / Time: 0h:12m:20s

--------------------------------------------------------------------
|                    FINALIZING TREE SEARCH                        |
--------------------------------------------------------------------
Performs final model parameters optimization
Estimate model parameters (epsilon = 0.010)
1. Initial log-likelihood: -28156.667
Optimal log-likelihood: -28156.665
Proportion of invariable sites: 0.002
Gamma shape alpha: 1.711
Parameters optimization took 1 rounds (0.193 sec)
BEST SCORE FOUND : -28156.665
Total tree length: 10.458

Total number of iterations: 404
CPU time used for tree search: 5780.177 sec (1h:36m:20s)
Wall-clock time used for tree search: 731.416 sec (0h:12m:11s)
Total CPU time used: 5850.448 sec (1h:37m:30s)
Total wall-clock time used: 740.468 sec (0h:12m:20s)

Analysis results written to: 
  IQ-TREE report:                /csm_data/spielman_lab/dms_modelselection//simulations/alignments/HA_anderson_rep7_AA.fasta.iqtree
  Maximum-likelihood tree:       /csm_data/spielman_lab/dms_modelselection//simulations/alignments/HA_anderson_rep7_AA.fasta.treefile
  Likelihood distances:          /csm_data/spielman_lab/dms_modelselection//simulations/alignments/HA_anderson_rep7_AA.fasta.mldist
  Screen log file:               /csm_data/spielman_lab/dms_modelselection//simulations/alignments/HA_anderson_rep7_AA.fasta.log

Date and Time: Sat Apr  6 15:44:33 2019
