IQ-TREE multicore version 1.6.9 for Linux 64-bit built Dec 20 2018
Developed by Bui Quang Minh, Nguyen Lam Tung, Olga Chernomor,
Heiko Schmidt, Dominik Schrempf, Michael Woodhams.

Host:    spielmanlab (AVX512, FMA3, 125 GB RAM)
Command: iqtree -nt 4 -m GTR20 -s /home/spielman/dms_modelselection//simulations/alignments/HA_dosreis_rep14_AA.fasta -st AA -quiet
Seed:    602643 (Using SPRNG - Scalable Parallel Random Number Generator)
Time:    Fri Jun  7 09:09:51 2019
Kernel:  AVX+FMA - 4 threads (24 CPU cores detected)

Reading alignment file /home/spielman/dms_modelselection//simulations/alignments/HA_dosreis_rep14_AA.fasta ... Fasta format detected
Alignment most likely contains protein sequences
Alignment has 274 sequences with 564 columns, 564 distinct patterns
551 parsimony-informative, 13 singleton sites, 0 constant sites
                              Gap/Ambiguity  Composition  p-value
   1  Sus_scrofa                      0.00%    passed     99.95%
   2  Cavia_porcellus                 0.00%    passed     99.91%
   3  Thryonomys_swinderianus         0.00%    passed     99.99%
   4  Rattus_norvegicus               0.00%    passed     98.64%
   5  Rattus_tanezumi                 0.00%    passed     99.15%
   6  Rattus_rattus                   0.00%    passed     99.13%
   7  Rattus_exulans                  0.00%    passed     97.27%
   8  Rattus_praetor                  0.00%    passed     99.83%
   9  Mus_musculus                    0.00%    passed     99.98%
  10  Mus_terricolor                  0.00%    passed     99.70%
  11  Microtus_kikuchii               0.00%    passed     98.61%
  12  Microtus_rossiaemeridionalis    0.00%    passed     99.46%
  13  Proedromys_sp.                  0.00%    passed     99.41%
  14  Eothenomys_chinensis            0.00%    passed     96.90%
  15  Cricetulus_griseus              0.00%    passed     88.28%
  16  Tscherskia_triton               0.00%    passed     94.11%
  17  Mesocricetus_auratus            0.00%    passed     99.51%
  18  Nannospalax_ehrenbergi          0.00%    passed     98.88%
  19  Jaculus_jaculus                 0.00%    passed     96.81%
  20  Myoxus_glis                     0.00%    passed     78.18%
  21  Sciurus_vulgaris                0.00%    passed     95.09%
  22  Anomalurus_sp.                  0.00%    passed     64.63%
  23  Oryctolagus_cuniculus           0.00%    passed     99.80%
  24  Lepus_europaeus                 0.00%    passed     99.97%
  25  Ochotona_collaris               0.00%    passed     99.96%
  26  Ochotona_princeps               0.00%    passed    100.00%
  27  Ochotona_curzoniae              0.00%    passed     99.89%
  28  Pan_troglodytes                 0.00%    passed     99.10%
  29  Pan_paniscus                    0.00%    passed     98.22%
  30  Homo_sapiens                    0.00%    passed     99.70%
  31  Gorilla_gorilla                 0.00%    passed     97.69%
  32  Pongo_pygmaeus                  0.00%    passed     99.81%
  33  Pongo_abelii                    0.00%    passed     91.31%
  34  Hylobates_lar                   0.00%    passed     93.83%
  35  Hylobates_agilis                0.00%    passed     93.04%
  36  Hylobates_pileatus              0.00%    passed     90.34%
  37  Nomascus_siki                   0.00%    passed     97.13%
  38  Symphalangus_syndactylus        0.00%    passed     97.20%
  39  Papio_hamadryas                 0.00%    passed     99.90%
  40  Macaca_sylvanus                 0.00%    passed     97.45%
  41  Macaca_mulatta                  0.00%    passed     91.76%
  42  Macaca_fascicularis             0.00%    passed     89.34%
  43  Macaca_thibetana                0.00%    passed     94.76%
  44  Chlorocebus_aethiops            0.00%    passed     95.86%
  45  Chlorocebus_tantalus            0.00%    passed     96.87%
  46  Chlorocebus_pygerythrus         0.00%    passed     94.30%
  47  Chlorocebus_sabaeus             0.00%    passed     97.96%
  48  Trachypithecus_obscurus         0.00%    passed     97.86%
  49  Presbytis_melalophos            0.00%    passed     98.96%
  50  Nasalis_larvatus                0.00%    passed     97.74%
  51  Pygathrix_roxellana             0.00%    passed     98.54%
  52  Pygathrix_nemaeus               0.00%    passed     96.84%
  53  Semnopithecus_entellus          0.00%    passed     84.19%
  54  Colobus_guereza                 0.00%    passed     93.60%
  55  Procolobus_badius               0.00%    passed     97.31%
  56  Cebus_albifrons                 0.00%    passed     92.35%
  57  Saimiri_sciureus                0.00%    passed     96.37%
  58  Cynocephalus_variegatus         0.00%    passed     99.89%
  59  Nycticebus_coucang              0.00%    passed     99.92%
  60  Loris_tardigradus               0.00%    passed     99.89%
  61  Galago_senegalensis             0.00%    passed     96.85%
  62  Otolemur_crassicaudatus         0.00%    passed     93.69%
  63  Perodicticus_potto              0.00%    passed     97.04%
  64  Lemur_catta                     0.00%    passed     99.98%
  65  Eulemur_mongoz                  0.00%    passed     98.89%
  66  Eulemur_fulvus                  0.00%    passed     99.59%
  67  Eulemur_macaco                  0.00%    passed     97.03%
  68  Varecia_variegata               0.00%    passed     99.60%
  69  Propithecus_coquereli           0.00%    passed     99.86%
  70  Daubentonia_madagascariensis    0.00%    passed     99.79%
  71  Tarsius_bancanus                0.00%    passed     99.99%
  72  Tarsius_syrichta                0.00%    passed     99.89%
  73  Tupaia_belangeri                0.00%    passed     99.89%
  74  Ornithorhynchus_anatinus        0.00%    passed     99.84%
  75  Tachyglossus_aculeatus          0.00%    passed     99.97%
  76  Zaglossus_bruijni               0.00%    passed     99.95%
  77  Didelphis_virginiana            0.00%    passed     99.16%
  78  Metachirus_nudicaudatus         0.00%    passed     99.47%
  79  Thylamys_elegans                0.00%    passed     99.37%
  80  Monodelphis_domestica           0.00%    passed     99.94%
  81  Macropus_robustus               0.00%    passed     99.89%
  82  Lagorchestes_hirsutus           0.00%    passed     99.50%
  83  Lagostrophus_fasciatus          0.00%    passed     99.98%
  84  Potorous_tridactylus            0.00%    passed     99.89%
  85  Trichosurus_vulpecula           0.00%    passed     99.49%
  86  Phalanger_interpositus          0.00%    passed     99.79%
  87  Tarsipes_rostratus              0.00%    passed     99.24%
  88  Pseudocheirus_peregrinus        0.00%    passed     99.96%
  89  Petaurus_breviceps              0.00%    passed     98.95%
  90  Dactylopsila_trivirgata         0.00%    passed     99.35%
  91  Distoechurus_pennatus           0.00%    passed     99.94%
  92  Vombatus_ursinus                0.00%    passed     99.99%
  93  Phascolarctos_cinereus          0.00%    passed     75.72%
  94  Isoodon_macrourus               0.00%    passed     96.15%
  95  Perameles_gunnii                0.00%    passed     82.98%
  96  Echymipera_rufescens            0.00%    passed     95.13%
  97  Macrotis_lagotis                0.00%    passed     90.81%
  98  Dromiciops_gliroides            0.00%    passed     99.52%
  99  Sminthopsis_douglasi            0.00%    passed     98.18%
 100  Sminthopsis_crassicaudata       0.00%    passed     98.98%
 101  Phascogale_tapoatafa            0.00%    passed     98.82%
 102  Dasyurus_hallucatus             0.00%    passed     94.68%
 103  Myrmecobius_fasciatus           0.00%    passed     98.87%
 104  Thylacinus_cynocephalus         0.00%    passed     95.68%
 105  Notoryctes_typhlops             0.00%    passed     97.65%
 106  Caenolestes_fuliginosus         0.00%    passed     99.89%
 107  Rhyncholestes_raphanurus        0.00%    passed     99.77%
 108  Erinaceus_europaeus             0.00%    passed     97.48%
 109  Hemiechinus_auritus             0.00%    passed     96.74%
 110  Echinosorex_gymnura             0.00%    passed     97.33%
 111  Hylomys_suillus                 0.00%    passed     85.97%
 112  Dasypus_novemcinctus            0.00%    passed     98.96%
 113  Tamandua_tetradactyla           0.00%    passed     99.60%
 114  Bradypus_tridactylus            0.00%    passed     99.36%
 115  Choloepus_didactylus            0.00%    passed     95.52%
 116  Loxodonta_africana              0.00%    passed     99.90%
 117  Elephas_maximus                 0.00%    passed     99.51%
 118  Dugong_dugon                    0.00%    passed     98.78%
 119  Trichechus_manatus              0.00%    passed    100.00%
 120  Procavia_capensis               0.00%    passed     98.04%
 121  Dendrohyrax_dorsalis            0.00%    passed     96.53%
 122  Orycteropus_afer                0.00%    passed     99.89%
 123  Macroscelides_proboscideus      0.00%    passed     99.58%
 124  Elephantulus_sp.                0.00%    passed     99.76%
 125  Echinops_telfairi               0.00%    passed     99.08%
 126  Chrysochloris_asiatica          0.00%    passed     99.75%
 127  Eremitalpa_granti               0.00%    passed     99.72%
 128  Talpa_europaea                  0.00%    passed    100.00%
 129  Mogera_wogura                   0.00%    passed     99.86%
 130  Galemys_pyrenaicus              0.00%    passed     99.80%
 131  Urotrichus_talpoides            0.00%    passed    100.00%
 132  Episoriculus_fumidus            0.00%    passed     99.58%
 133  Sorex_unguiculatus              0.00%    passed    100.00%
 134  Crocidura_russula               0.00%    passed     99.47%
 135  Artibeus_jamaicensis            0.00%    passed    100.00%
 136  Mystacina_tuberculata           0.00%    passed    100.00%
 137  Chalinolobus_tuberculatus       0.00%    passed     98.04%
 138  Pipistrellus_abramus            0.00%    passed     98.63%
 139  Pteropus_dasymallus             0.00%    passed     99.98%
 140  Pteropus_scapulatus             0.00%    passed     99.97%
 141  Rousettus_aegyptiacus           0.00%    passed     99.95%
 142  Rhinolophus_monoceros           0.00%    passed    100.00%
 143  Rhinolophus_pumilus             0.00%    passed     99.98%
 144  Rhinolophus_formosae            0.00%    passed    100.00%
 145  Manis_tetradactyla              0.00%    passed     99.99%
 146  Phoca_vitulina                  0.00%    passed    100.00%
 147  Phoca_largha                    0.00%    passed    100.00%
 148  Phoca_sibirica                  0.00%    passed    100.00%
 149  Halichoerus_grypus              0.00%    passed    100.00%
 150  Phoca_caspica                   0.00%    passed    100.00%
 151  Phoca_hispida                   0.00%    passed    100.00%
 152  Phoca_fasciata                  0.00%    passed    100.00%
 153  Phoca_groenlandica              0.00%    passed    100.00%
 154  Cystophora_cristata             0.00%    passed    100.00%
 155  Erignathus_barbatus             0.00%    passed    100.00%
 156  Monachus_schauinslandi          0.00%    passed    100.00%
 157  Mirounga_leonina                0.00%    passed     99.77%
 158  Lobodon_carcinophaga            0.00%    passed     99.99%
 159  Leptonychotes_weddellii         0.00%    passed    100.00%
 160  Hydrurga_leptonyx               0.00%    passed    100.00%
 161  Arctocephalus_forsteri          0.00%    passed     99.95%
 162  Arctocephalus_townsendi         0.00%    passed     99.65%
 163  Phocarctos_hookeri              0.00%    passed     99.68%
 164  Neophoca_cinerea                0.00%    passed     99.63%
 165  Arctocephalus_pusillus          0.00%    passed     99.61%
 166  Zalophus_californianus          0.00%    passed     99.89%
 167  Eumetopias_jubatus              0.00%    passed     99.93%
 168  Callorhinus_ursinus             0.00%    passed     99.99%
 169  Odobenus_rosmarus               0.00%    passed     99.89%
 170  Procyon_lotor                   0.00%    passed     99.95%
 171  Spilogale_putorius              0.00%    passed     99.71%
 172  Martes_melampus                 0.00%    passed     99.96%
 173  Martes_zibellina                0.00%    passed     99.96%
 174  Martes_flavigula                0.00%    passed     99.97%
 175  Gulo_gulo                       0.00%    passed    100.00%
 176  Meles_meles                     0.00%    passed     99.96%
 177  Enhydra_lutris                  0.00%    passed     99.98%
 178  Lutra_lutra                     0.00%    passed    100.00%
 179  Ailurus_fulgens                 0.00%    passed     99.98%
 180  Ursus_americanus                0.00%    passed     99.98%
 181  Ursus_thibetanus                0.00%    passed    100.00%
 182  Helarctos_malayanus             0.00%    passed    100.00%
 183  Ursus_arctos                    0.00%    passed     99.98%
 184  Ursus_maritimus                 0.00%    passed    100.00%
 185  Melursus_ursinus                0.00%    passed     99.99%
 186  Tremarctos_ornatus              0.00%    passed    100.00%
 187  Ailuropoda_melanoleuca          0.00%    passed     99.98%
 188  Canis_lupus                     0.00%    passed     99.99%
 189  Canis_latrans                   0.00%    passed     99.91%
 190  Cuon_alpinus                    0.00%    passed     99.91%
 191  Vulpes_vulpes                   0.00%    passed    100.00%
 192  Nyctereutes_procyonoides        0.00%    passed    100.00%
 193  Felis_catus                     0.00%    passed    100.00%
 194  Acinonyx_jubatus                0.00%    passed    100.00%
 195  Neofelis_nebulosa               0.00%    passed     99.98%
 196  Uncia_uncia                     0.00%    passed    100.00%
 197  Panthera_pardus                 0.00%    passed    100.00%
 198  Panthera_tigris                 0.00%    passed    100.00%
 199  Herpestes_javanicus             0.00%    passed    100.00%
 200  Equus_caballus                  0.00%    passed    100.00%
 201  Equus_asinus                    0.00%    passed    100.00%
 202  Rhinoceros_unicornis            0.00%    passed     99.99%
 203  Rhinoceros_sondaicus            0.00%    passed     99.99%
 204  Ceratotherium_simum             0.00%    passed    100.00%
 205  Diceros_bicornis                0.00%    passed     99.90%
 206  Dicerorhinus_sumatrensis        0.00%    passed    100.00%
 207  Hippopotamus_amphibius          0.00%    passed     99.96%
 208  Balaenoptera_physalus           0.00%    passed     99.88%
 209  Megaptera_novaeangliae          0.00%    passed     99.99%
 210  Balaenoptera_acutorostrata      0.00%    passed     99.86%
 211  Balaenoptera_bonaerensis        0.00%    passed     99.99%
 212  Balaenoptera_musculus           0.00%    passed     99.97%
 213  Balaenoptera_brydei             0.00%    passed     99.97%
 214  Balaenoptera_edeni              0.00%    passed     99.91%
 215  Balaenoptera_borealis           0.00%    passed     99.92%
 216  Balaenoptera_omurai             0.00%    passed     99.93%
 217  Eschrichtius_robustus           0.00%    passed    100.00%
 218  Caperea_marginata               0.00%    passed     99.97%
 219  Balaena_mysticetus              0.00%    passed    100.00%
 220  Eubalaena_australis             0.00%    passed     99.99%
 221  Eubalaena_japonica              0.00%    passed     99.99%
 222  Physeter_catodon                0.00%    passed    100.00%
 223  Kogia_breviceps                 0.00%    passed     99.72%
 224  Hyperoodon_ampullatus           0.00%    passed     99.81%
 225  Berardius_bairdii               0.00%    passed     99.83%
 226  Platanista_minor                0.00%    passed     99.90%
 227  Inia_geoffrensis                0.00%    passed     99.96%
 228  Pontoporia_blainvillei          0.00%    passed     99.29%
 229  Lipotes_vexillifer              0.00%    passed    100.00%
 230  Lagenorhynchus_albirostris      0.00%    passed     98.13%
 231  Stenella_attenuata              0.00%    passed     99.56%
 232  Stenella_coeruleoalba           0.00%    passed     99.66%
 233  Tursiops_aduncus                0.00%    passed     99.80%
 234  Delphinus_capensis              0.00%    passed     99.81%
 235  Tursiops_truncatus              0.00%    passed     99.36%
 236  Sousa_chinensis                 0.00%    passed     99.87%
 237  Grampus_griseus                 0.00%    passed     98.70%
 238  Phocoena_phocoena               0.00%    passed     99.99%
 239  Monodon_monoceros               0.00%    passed     99.91%
 240  Ovis_aries                      0.00%    passed    100.00%
 241  Ammotragus_lervia               0.00%    passed    100.00%
 242  Budorcas_taxicolor              0.00%    passed    100.00%
 243  Capra_hircus                    0.00%    passed     99.98%
 244  Naemorhedus_swinhoei            0.00%    passed     99.83%
 245  Capricornis_crispus             0.00%    passed     99.39%
 246  Naemorhedus_caudatus            0.00%    passed    100.00%
 247  Pantholops_hodgsonii            0.00%    passed     99.42%
 248  Antilope_cervicapra             0.00%    passed    100.00%
 249  Bos_indicus                     0.00%    passed     99.35%
 250  Bos_taurus                      0.00%    passed     99.54%
 251  Bison_bonasus                   0.00%    passed     99.70%
 252  Bos_grunniens                   0.00%    passed     99.85%
 253  Bison_bison                     0.00%    passed     99.57%
 254  Bubalus_bubalis                 0.00%    passed     99.98%
 255  Moschus_berezovskii             0.00%    passed     99.99%
 256  Moschus_moschiferus             0.00%    passed    100.00%
 257  Muntiacus_reevesi               0.00%    passed     99.82%
 258  Muntiacus_muntjak               0.00%    passed     99.81%
 259  Muntiacus_crinifrons            0.00%    passed     96.91%
 260  Cervus_nippon                   0.00%    passed     96.59%
 261  Cervus_elaphus                  0.00%    passed     98.40%
 262  Cervus_unicolor                 0.00%    passed     99.74%
 263  Elaphodus_cephalophus           0.00%    passed     99.93%
 264  Rangifer_tarandus               0.00%    passed     99.71%
 265  Hydropotes_inermis              0.00%    passed     99.93%
 266  Giraffa_camelopardalis          0.00%    passed     99.09%
 267  Lama_pacos                      0.00%    passed     99.61%
 268  Lama_glama                      0.00%    passed     99.90%
 269  Lama_guanicoe                   0.00%    passed     99.95%
 270  Vicugna_vicugna                 0.00%    passed     99.96%
 271  Camelus_bactrianus              0.00%    passed     99.75%
 272  Camelus_dromedarius             0.00%    passed     99.94%
 273  Pecari_tajacu                   0.00%    passed     99.79%
 274  Phacochoerus_africanus          0.00%    passed    100.00%
****  TOTAL                           0.00%  0 sequences failed composition chi2 test (p-value<5%; df=19)
NOTE: Phoca_largha is identical to Phoca_vitulina but kept for subsequent analysis

Create initial parsimony tree by phylogenetic likelihood library (PLL)... 0.303 seconds
WARNING: GTR20 model will estimate 189 substitution rates that might be overfitting!
WARNING: Please only use GTR20 with very large data and always test for model fit!

NOTE: 24 MB RAM (0 GB) is required!
Estimate model parameters (epsilon = 0.100)
1. Initial log-likelihood: -69013.239
2. Current log-likelihood: -62896.966
3. Current log-likelihood: -62228.457
4. Current log-likelihood: -62175.372
5. Current log-likelihood: -62150.593
6. Current log-likelihood: -62141.572
7. Current log-likelihood: -62139.246
8. Current log-likelihood: -62138.008
9. Current log-likelihood: -62137.400
10. Current log-likelihood: -62135.282
11. Current log-likelihood: -62134.338
12. Current log-likelihood: -62132.628
13. Current log-likelihood: -62131.749
14. Current log-likelihood: -62128.293
15. Current log-likelihood: -62127.574
16. Current log-likelihood: -62127.310
17. Current log-likelihood: -62126.155
18. Current log-likelihood: -62125.351
19. Current log-likelihood: -62124.879
20. Current log-likelihood: -62124.516
21. Current log-likelihood: -62123.711
22. Current log-likelihood: -62123.132
23. Current log-likelihood: -62122.923
24. Current log-likelihood: -62122.690
25. Current log-likelihood: -62122.538
Optimal log-likelihood: -62122.512
Parameters optimization took 25 rounds (681.941 sec)

WARNING: Estimated model parameters are at boundary that can cause numerical instability!

Computing ML distances based on estimated model parameters... 7.094 sec
Computing BIONJ tree...
0.102 seconds
Log-likelihood of BIONJ tree: -62155.301
--------------------------------------------------------------------
|             INITIALIZING CANDIDATE TREE SET                      |
--------------------------------------------------------------------
Generating 98 parsimony trees... 16.455 second
Computing log-likelihood of 98 initial trees ... 10.848 seconds
Current best score: -62118.504

Do NNI search on 20 best initial trees
Estimate model parameters (epsilon = 0.100)

WARNING: Estimated model parameters are at boundary that can cause numerical instability!

BETTER TREE FOUND at iteration 1: -62105.129
UPDATE BEST LOG-LIKELIHOOD: -62105.129
Iteration 10 / LogL: -62109.433 / Time: 0h:13m:21s
Iteration 20 / LogL: -62109.433 / Time: 0h:13m:26s
Finish initializing candidate tree set (12)
Current best tree score: -62105.129 / CPU time: 121.709
Number of iterations: 20
--------------------------------------------------------------------
|               OPTIMIZING CANDIDATE TREE SET                      |
--------------------------------------------------------------------
UPDATE BEST LOG-LIKELIHOOD: -62105.129
UPDATE BEST LOG-LIKELIHOOD: -62105.128
Iteration 30 / LogL: -62105.731 / Time: 0h:13m:36s (0h:33m:18s left)
BETTER TREE FOUND at iteration 34: -62105.128
Iteration 40 / LogL: -62105.129 / Time: 0h:13m:47s (0h:33m:13s left)
UPDATE BEST LOG-LIKELIHOOD: -62105.128
BETTER TREE FOUND at iteration 44: -62105.128
Iteration 50 / LogL: -62105.156 / Time: 0h:13m:58s (0h:26m:47s left)
UPDATE BEST LOG-LIKELIHOOD: -62105.128
Iteration 60 / LogL: -62105.130 / Time: 0h:14m:9s (0h:20m:8s left)
Iteration 70 / LogL: -62147.222 / Time: 0h:14m:20s (0h:15m:22s left)
UPDATE BEST LOG-LIKELIHOOD: -62105.128
UPDATE BEST LOG-LIKELIHOOD: -62105.127
Iteration 80 / LogL: -62105.128 / Time: 0h:14m:31s (0h:11m:45s left)
Iteration 90 / LogL: -62114.633 / Time: 0h:14m:42s (0h:8m:55s left)
Iteration 100 / LogL: -62105.146 / Time: 0h:14m:52s (0h:6m:36s left)
Iteration 110 / LogL: -62105.128 / Time: 0h:15m:3s (0h:4m:41s left)
Iteration 120 / LogL: -62105.127 / Time: 0h:15m:13s (0h:3m:4s left)
UPDATE BEST LOG-LIKELIHOOD: -62105.127
UPDATE BEST LOG-LIKELIHOOD: -62105.127
Iteration 130 / LogL: -62121.404 / Time: 0h:15m:24s (0h:1m:40s left)
Iteration 140 / LogL: -62105.131 / Time: 0h:15m:35s (0h:0m:26s left)
TREE SEARCH COMPLETED AFTER 145 ITERATIONS / Time: 0h:15m:40s

--------------------------------------------------------------------
|                    FINALIZING TREE SEARCH                        |
--------------------------------------------------------------------
Performs final model parameters optimization
Estimate model parameters (epsilon = 0.010)
1. Initial log-likelihood: -62105.127
2. Current log-likelihood: -62104.937
3. Current log-likelihood: -62104.773
4. Current log-likelihood: -62104.593
5. Current log-likelihood: -62104.433
6. Current log-likelihood: -62104.409
7. Current log-likelihood: -62103.991
8. Current log-likelihood: -62103.686
9. Current log-likelihood: -62103.470
10. Current log-likelihood: -62103.235
11. Current log-likelihood: -62102.884
12. Current log-likelihood: -62102.595
Optimal log-likelihood: -62102.590
Parameters optimization took 12 rounds (270.136 sec)

WARNING: Estimated model parameters are at boundary that can cause numerical instability!

BEST SCORE FOUND : -62102.590
Total tree length: 19.145

Total number of iterations: 145
CPU time used for tree search: 973.434 sec (0h:16m:13s)
Wall-clock time used for tree search: 255.989 sec (0h:4m:15s)
Total CPU time used: 4784.805 sec (1h:19m:44s)
Total wall-clock time used: 1210.515 sec (0h:20m:10s)

Analysis results written to: 
  IQ-TREE report:                /home/spielman/dms_modelselection//simulations/alignments/HA_dosreis_rep14_AA.fasta.iqtree
  Maximum-likelihood tree:       /home/spielman/dms_modelselection//simulations/alignments/HA_dosreis_rep14_AA.fasta.treefile
  Likelihood distances:          /home/spielman/dms_modelselection//simulations/alignments/HA_dosreis_rep14_AA.fasta.mldist
  Screen log file:               /home/spielman/dms_modelselection//simulations/alignments/HA_dosreis_rep14_AA.fasta.log

Date and Time: Fri Jun  7 09:30:02 2019
