IQ-TREE multicore version 1.6.7 for Linux 64-bit built Aug 23 2018
Developed by Bui Quang Minh, Nguyen Lam Tung, Olga Chernomor,
Heiko Schmidt, Dominik Schrempf, Michael Woodhams.

Host:    csm-com-010 (AVX2, FMA3, 62 GB RAM)
Command: iqtree -nt 8 -m JTT+F+G4 -s /csm_data/spielman_lab/dms_modelselection//simulations/alignments/HA_salichos_rep10_AA.fasta -st AA
Seed:    56748 (Using SPRNG - Scalable Parallel Random Number Generator)
Time:    Sat Apr  6 15:30:52 2019
Kernel:  AVX+FMA - 8 threads (48 CPU cores detected)

Reading alignment file /csm_data/spielman_lab/dms_modelselection//simulations/alignments/HA_salichos_rep10_AA.fasta ... Fasta format detected
Alignment most likely contains protein sequences
Alignment has 23 sequences with 564 columns, 563 distinct patterns
506 parsimony-informative, 50 singleton sites, 8 constant sites
      Gap/Ambiguity  Composition  p-value
   1  Agos    0.00%    passed     90.44%
   2  Calb    0.00%    passed     60.16%
   3  Cdub    0.00%    passed     36.19%
   4  Ctro    0.00%    passed     28.74%
   5  Cpar    0.00%    passed     97.35%
   6  Lelo    0.00%    passed     24.79%
   7  Psti    0.00%    passed     67.79%
   8  Cgui    0.00%    passed     89.22%
   9  Dhan    0.00%    passed     78.02%
  10  Clus    0.00%    passed     73.25%
  11  Cgla    0.00%    passed     96.05%
  12  Sbay    0.00%    passed     95.80%
  13  Scer    0.00%    passed     91.23%
  14  Spar    0.00%    passed     82.41%
  15  Smik    0.00%    passed     94.02%
  16  Skud    0.00%    passed     61.27%
  17  Scas    0.00%    passed     98.64%
  18  Kpol    0.00%    passed     84.69%
  19  Zrou    0.00%    passed     56.23%
  20  Kthe    0.00%    passed     88.04%
  21  Kwal    0.00%    passed     81.57%
  22  Sklu    0.00%    passed     98.90%
  23  Klac    0.00%    passed     27.44%
****  TOTAL    0.00%  0 sequences failed composition chi2 test (p-value<5%; df=19)

Create initial parsimony tree by phylogenetic likelihood library (PLL)... 0.004 seconds

NOTE: 8 MB RAM (0 GB) is required!
Estimate model parameters (epsilon = 0.100)
1. Initial log-likelihood: -20998.069
2. Current log-likelihood: -20757.807
3. Current log-likelihood: -20753.100
Optimal log-likelihood: -20753.082
Gamma shape alpha: 3.033
Parameters optimization took 3 rounds (0.075 sec)
Computing ML distances based on estimated model parameters... 0.191 sec
Computing BIONJ tree...
0.001 seconds
Log-likelihood of BIONJ tree: -20760.554
--------------------------------------------------------------------
|             INITIALIZING CANDIDATE TREE SET                      |
--------------------------------------------------------------------
Generating 98 parsimony trees... 0.411 second
Computing log-likelihood of 98 initial trees ... 1.164 seconds
Current best score: -20753.082

Do NNI search on 20 best initial trees
Estimate model parameters (epsilon = 0.100)
BETTER TREE FOUND at iteration 1: -20749.472
Iteration 10 / LogL: -20749.510 / Time: 0h:0m:2s
Iteration 20 / LogL: -20751.415 / Time: 0h:0m:3s
Finish initializing candidate tree set (2)
Current best tree score: -20749.472 / CPU time: 3.132
Number of iterations: 20
--------------------------------------------------------------------
|               OPTIMIZING CANDIDATE TREE SET                      |
--------------------------------------------------------------------
Iteration 30 / LogL: -20749.564 / Time: 0h:0m:4s (0h:0m:10s left)
Iteration 40 / LogL: -20749.496 / Time: 0h:0m:5s (0h:0m:8s left)
Iteration 50 / LogL: -20749.506 / Time: 0h:0m:6s (0h:0m:6s left)
Iteration 60 / LogL: -20751.436 / Time: 0h:0m:7s (0h:0m:4s left)
Iteration 70 / LogL: -20751.424 / Time: 0h:0m:8s (0h:0m:3s left)
Iteration 80 / LogL: -20751.507 / Time: 0h:0m:9s (0h:0m:2s left)
Iteration 90 / LogL: -20749.502 / Time: 0h:0m:10s (0h:0m:1s left)
Iteration 100 / LogL: -20749.518 / Time: 0h:0m:11s (0h:0m:0s left)
TREE SEARCH COMPLETED AFTER 102 ITERATIONS / Time: 0h:0m:11s

--------------------------------------------------------------------
|                    FINALIZING TREE SEARCH                        |
--------------------------------------------------------------------
Performs final model parameters optimization
Estimate model parameters (epsilon = 0.010)
1. Initial log-likelihood: -20749.472
Optimal log-likelihood: -20749.472
Gamma shape alpha: 3.037
Parameters optimization took 1 rounds (0.013 sec)
BEST SCORE FOUND : -20749.472
Total tree length: 10.516

Total number of iterations: 102
CPU time used for tree search: 88.373 sec (0h:1m:28s)
Wall-clock time used for tree search: 11.273 sec (0h:0m:11s)
Total CPU time used: 89.505 sec (0h:1m:29s)
Total wall-clock time used: 11.426 sec (0h:0m:11s)

Analysis results written to: 
  IQ-TREE report:                /csm_data/spielman_lab/dms_modelselection//simulations/alignments/HA_salichos_rep10_AA.fasta.iqtree
  Maximum-likelihood tree:       /csm_data/spielman_lab/dms_modelselection//simulations/alignments/HA_salichos_rep10_AA.fasta.treefile
  Likelihood distances:          /csm_data/spielman_lab/dms_modelselection//simulations/alignments/HA_salichos_rep10_AA.fasta.mldist
  Screen log file:               /csm_data/spielman_lab/dms_modelselection//simulations/alignments/HA_salichos_rep10_AA.fasta.log

Date and Time: Sat Apr  6 15:31:03 2019
