IQ-TREE multicore version 1.6.7 for Linux 64-bit built Aug 23 2018
Developed by Bui Quang Minh, Nguyen Lam Tung, Olga Chernomor,
Heiko Schmidt, Dominik Schrempf, Michael Woodhams.

Host:    csm-com-011 (AVX2, FMA3, 62 GB RAM)
Command: iqtree -nt 8 -m JTT+F+G4 -s /csm_data/spielman_lab/dms_modelselection//simulations/alignments/HA_salichos_rep14_AA.fasta -st AA
Seed:    855289 (Using SPRNG - Scalable Parallel Random Number Generator)
Time:    Tue Apr  9 14:35:53 2019
Kernel:  AVX+FMA - 8 threads (48 CPU cores detected)

Reading alignment file /csm_data/spielman_lab/dms_modelselection//simulations/alignments/HA_salichos_rep14_AA.fasta ... Fasta format detected
Alignment most likely contains protein sequences
Alignment has 23 sequences with 564 columns, 560 distinct patterns
503 parsimony-informative, 51 singleton sites, 10 constant sites
      Gap/Ambiguity  Composition  p-value
   1  Agos    0.00%    passed     61.62%
   2  Calb    0.00%    passed     82.75%
   3  Cdub    0.00%    passed     95.14%
   4  Ctro    0.00%    passed     86.55%
   5  Cpar    0.00%    passed     94.44%
   6  Lelo    0.00%    passed     87.41%
   7  Psti    0.00%    passed     79.26%
   8  Cgui    0.00%    passed     84.64%
   9  Dhan    0.00%    passed     99.68%
  10  Clus    0.00%    passed     89.44%
  11  Cgla    0.00%    passed     92.03%
  12  Sbay    0.00%    passed     76.64%
  13  Scer    0.00%    passed     99.93%
  14  Spar    0.00%    passed     99.25%
  15  Smik    0.00%    passed     98.34%
  16  Skud    0.00%    passed     98.86%
  17  Scas    0.00%    passed     81.66%
  18  Kpol    0.00%    passed     72.80%
  19  Zrou    0.00%    passed     98.22%
  20  Kthe    0.00%    passed     98.80%
  21  Kwal    0.00%    passed     88.18%
  22  Sklu    0.00%    passed     98.90%
  23  Klac    0.00%    passed     89.90%
****  TOTAL    0.00%  0 sequences failed composition chi2 test (p-value<5%; df=19)

Create initial parsimony tree by phylogenetic likelihood library (PLL)... 0.005 seconds

NOTE: 8 MB RAM (0 GB) is required!
Estimate model parameters (epsilon = 0.100)
1. Initial log-likelihood: -21167.482
2. Current log-likelihood: -20933.649
3. Current log-likelihood: -20929.001
Optimal log-likelihood: -20928.935
Gamma shape alpha: 2.425
Parameters optimization took 3 rounds (0.076 sec)
Computing ML distances based on estimated model parameters... 0.199 sec
Computing BIONJ tree...
0.001 seconds
Log-likelihood of BIONJ tree: -20919.421
--------------------------------------------------------------------
|             INITIALIZING CANDIDATE TREE SET                      |
--------------------------------------------------------------------
Generating 98 parsimony trees... 0.476 second
Computing log-likelihood of 98 initial trees ... 1.166 seconds
Current best score: -20919.421

Do NNI search on 20 best initial trees
Estimate model parameters (epsilon = 0.100)
BETTER TREE FOUND at iteration 1: -20907.263
Iteration 10 / LogL: -20907.281 / Time: 0h:0m:2s
Iteration 20 / LogL: -20907.311 / Time: 0h:0m:3s
Finish initializing candidate tree set (2)
Current best tree score: -20907.263 / CPU time: 3.342
Number of iterations: 20
--------------------------------------------------------------------
|               OPTIMIZING CANDIDATE TREE SET                      |
--------------------------------------------------------------------
Iteration 30 / LogL: -20907.271 / Time: 0h:0m:4s (0h:0m:11s left)
Iteration 40 / LogL: -20907.309 / Time: 0h:0m:5s (0h:0m:8s left)
Iteration 50 / LogL: -20907.619 / Time: 0h:0m:6s (0h:0m:6s left)
Iteration 60 / LogL: -20907.329 / Time: 0h:0m:7s (0h:0m:5s left)
Iteration 70 / LogL: -20907.274 / Time: 0h:0m:8s (0h:0m:3s left)
Iteration 80 / LogL: -20916.415 / Time: 0h:0m:9s (0h:0m:2s left)
Iteration 90 / LogL: -20907.288 / Time: 0h:0m:10s (0h:0m:1s left)
Iteration 100 / LogL: -20907.304 / Time: 0h:0m:11s (0h:0m:0s left)
TREE SEARCH COMPLETED AFTER 102 ITERATIONS / Time: 0h:0m:11s

--------------------------------------------------------------------
|                    FINALIZING TREE SEARCH                        |
--------------------------------------------------------------------
Performs final model parameters optimization
Estimate model parameters (epsilon = 0.010)
1. Initial log-likelihood: -20907.263
Optimal log-likelihood: -20907.263
Gamma shape alpha: 2.406
Parameters optimization took 1 rounds (0.014 sec)
BEST SCORE FOUND : -20907.263
Total tree length: 11.041

Total number of iterations: 102
CPU time used for tree search: 89.109 sec (0h:1m:29s)
Wall-clock time used for tree search: 11.421 sec (0h:0m:11s)
Total CPU time used: 90.307 sec (0h:1m:30s)
Total wall-clock time used: 11.584 sec (0h:0m:11s)

Analysis results written to: 
  IQ-TREE report:                /csm_data/spielman_lab/dms_modelselection//simulations/alignments/HA_salichos_rep14_AA.fasta.iqtree
  Maximum-likelihood tree:       /csm_data/spielman_lab/dms_modelselection//simulations/alignments/HA_salichos_rep14_AA.fasta.treefile
  Likelihood distances:          /csm_data/spielman_lab/dms_modelselection//simulations/alignments/HA_salichos_rep14_AA.fasta.mldist
  Screen log file:               /csm_data/spielman_lab/dms_modelselection//simulations/alignments/HA_salichos_rep14_AA.fasta.log

Date and Time: Tue Apr  9 14:36:05 2019
