IQ-TREE multicore version 1.6.7 for Linux 64-bit built Aug 23 2018
Developed by Bui Quang Minh, Nguyen Lam Tung, Olga Chernomor,
Heiko Schmidt, Dominik Schrempf, Michael Woodhams.

Host:    csm-com-007 (AVX2, FMA3, 62 GB RAM)
Command: iqtree -nt 8 -m mtART -s /csm_data/spielman_lab/dms_modelselection//simulations/alignments/HIV_salichos_rep15_AA.fasta -st AA
Seed:    56695 (Using SPRNG - Scalable Parallel Random Number Generator)
Time:    Tue Apr 16 00:11:12 2019
Kernel:  AVX+FMA - 8 threads (48 CPU cores detected)

Reading alignment file /csm_data/spielman_lab/dms_modelselection//simulations/alignments/HIV_salichos_rep15_AA.fasta ... Fasta format detected
Alignment most likely contains protein sequences
Alignment has 23 sequences with 661 columns, 661 distinct patterns
654 parsimony-informative, 7 singleton sites, 0 constant sites
      Gap/Ambiguity  Composition  p-value
   1  Agos    0.00%    passed     37.12%
   2  Klac    0.00%    passed     67.20%
   3  Calb    0.00%    passed     70.08%
   4  Cdub    0.00%    passed     89.03%
   5  Ctro    0.00%    passed     58.61%
   6  Cpar    0.00%    passed     65.44%
   7  Lelo    0.00%    passed     92.51%
   8  Psti    0.00%    failed      3.98%
   9  Cgui    0.00%    failed      2.70%
  10  Dhan    0.00%    passed      5.33%
  11  Clus    0.00%    passed     97.66%
  12  Cgla    0.00%    passed     77.07%
  13  Sbay    0.00%    passed     84.23%
  14  Scer    0.00%    passed     94.02%
  15  Spar    0.00%    passed     94.39%
  16  Smik    0.00%    passed     85.07%
  17  Skud    0.00%    passed     87.03%
  18  Scas    0.00%    passed     45.10%
  19  Kpol    0.00%    passed     76.63%
  20  Zrou    0.00%    passed     48.63%
  21  Kthe    0.00%    passed     91.07%
  22  Kwal    0.00%    passed     39.48%
  23  Sklu    0.00%    passed     68.62%
****  TOTAL    0.00%  2 sequences failed composition chi2 test (p-value<5%; df=19)

Create initial parsimony tree by phylogenetic likelihood library (PLL)... 0.006 seconds

NOTE: 2 MB RAM (0 GB) is required!
Estimate model parameters (epsilon = 0.100)
1. Initial log-likelihood: -34978.332
Optimal log-likelihood: -34372.020
Parameters optimization took 1 rounds (0.013 sec)
Computing ML distances based on estimated model parameters... 0.266 sec
WARNING: Some pairwise ML distances are too long (saturated)
Computing BIONJ tree...
0.001 seconds
Log-likelihood of BIONJ tree: -34478.300
--------------------------------------------------------------------
|             INITIALIZING CANDIDATE TREE SET                      |
--------------------------------------------------------------------
Generating 98 parsimony trees... 0.512 second
Computing log-likelihood of 98 initial trees ... 0.631 seconds
Current best score: -34372.020

Do NNI search on 20 best initial trees
Estimate model parameters (epsilon = 0.100)
BETTER TREE FOUND at iteration 1: -34369.528
Estimate model parameters (epsilon = 0.100)
BETTER TREE FOUND at iteration 10: -34368.173
Iteration 10 / LogL: -34368.173 / Time: 0h:0m:1s
Iteration 20 / LogL: -34369.530 / Time: 0h:0m:2s
Finish initializing candidate tree set (2)
Current best tree score: -34368.173 / CPU time: 2.008
Number of iterations: 20
--------------------------------------------------------------------
|               OPTIMIZING CANDIDATE TREE SET                      |
--------------------------------------------------------------------
Iteration 30 / LogL: -34369.534 / Time: 0h:0m:2s (0h:0m:7s left)
Iteration 40 / LogL: -34369.535 / Time: 0h:0m:3s (0h:0m:5s left)
Iteration 50 / LogL: -34368.187 / Time: 0h:0m:3s (0h:0m:4s left)
Iteration 60 / LogL: -34368.190 / Time: 0h:0m:4s (0h:0m:3s left)
Iteration 70 / LogL: -34368.786 / Time: 0h:0m:4s (0h:0m:2s left)
Iteration 80 / LogL: -34368.190 / Time: 0h:0m:5s (0h:0m:2s left)
Iteration 90 / LogL: -34369.530 / Time: 0h:0m:5s (0h:0m:1s left)
Iteration 100 / LogL: -34368.187 / Time: 0h:0m:6s (0h:0m:0s left)
Iteration 110 / LogL: -34368.267 / Time: 0h:0m:6s (0h:0m:0s left)
TREE SEARCH COMPLETED AFTER 111 ITERATIONS / Time: 0h:0m:6s

--------------------------------------------------------------------
|                    FINALIZING TREE SEARCH                        |
--------------------------------------------------------------------
Performs final model parameters optimization
Estimate model parameters (epsilon = 0.010)
1. Initial log-likelihood: -34368.173
Optimal log-likelihood: -34368.173
Parameters optimization took 1 rounds (0.004 sec)
BEST SCORE FOUND : -34368.173
Total tree length: 30.112

Total number of iterations: 111
CPU time used for tree search: 52.790 sec (0h:0m:52s)
Wall-clock time used for tree search: 6.887 sec (0h:0m:6s)
Total CPU time used: 53.401 sec (0h:0m:53s)
Total wall-clock time used: 6.977 sec (0h:0m:6s)

Analysis results written to: 
  IQ-TREE report:                /csm_data/spielman_lab/dms_modelselection//simulations/alignments/HIV_salichos_rep15_AA.fasta.iqtree
  Maximum-likelihood tree:       /csm_data/spielman_lab/dms_modelselection//simulations/alignments/HIV_salichos_rep15_AA.fasta.treefile
  Likelihood distances:          /csm_data/spielman_lab/dms_modelselection//simulations/alignments/HIV_salichos_rep15_AA.fasta.mldist
  Screen log file:               /csm_data/spielman_lab/dms_modelselection//simulations/alignments/HIV_salichos_rep15_AA.fasta.log

Date and Time: Tue Apr 16 00:11:19 2019
