IQ-TREE multicore version 1.6.7 for Linux 64-bit built Aug 23 2018
Developed by Bui Quang Minh, Nguyen Lam Tung, Olga Chernomor,
Heiko Schmidt, Dominik Schrempf, Michael Woodhams.

Host:    csm-com-003 (AVX2, FMA3, 62 GB RAM)
Command: iqtree -nt 8 -m mtART -s /csm_data/spielman_lab/dms_modelselection//simulations/alignments/HIV_ruhfel_rep17_AA.fasta -st AA -te simulations/true_trees/ruhfel.tree
Seed:    208441 (Using SPRNG - Scalable Parallel Random Number Generator)
Time:    Tue Apr 16 00:49:32 2019
Kernel:  AVX+FMA - 8 threads (48 CPU cores detected)

Reading alignment file /csm_data/spielman_lab/dms_modelselection//simulations/alignments/HIV_ruhfel_rep17_AA.fasta ... Fasta format detected
Alignment most likely contains protein sequences
Alignment has 360 sequences with 661 columns, 661 distinct patterns
661 parsimony-informative, 0 singleton sites, 0 constant sites
                                  Gap/Ambiguity  Composition  p-value
   1  Keteleeria_davidiana                0.00%    passed     84.61%
   2  Abies_firma                         0.00%    passed     84.01%
   3  Abolboda_macrostachya               0.00%    passed     60.17%
   4  Cyperus_alternifolius               0.00%    passed     75.44%
   5  Juncus_effusus                      0.00%    passed     99.67%
   6  Thurnia_sphaerocephala              0.00%    passed     99.77%
   7  Acidosasa_purpurea                  0.00%    passed     98.40%
   8  Ferrocalamus_rimosivaginus          0.00%    passed     98.41%
   9  Indocalamus_longiauritus            0.00%    passed     98.41%
  10  Phyllostachys_edulis                0.00%    passed     98.41%
  11  Phyllostachys_nigra                 0.00%    passed     98.41%
  12  Phyllostachys_propinqua             0.00%    passed     98.95%
  13  Bambusa_emeiensis                   0.00%    passed     90.37%
  14  Bambusa_oldhamii                    0.00%    passed     95.20%
  15  Dendrocalamus_latiflorus            0.00%    passed     92.92%
  16  Agrostis_stolonifera                0.00%    passed     95.67%
  17  Festuca_arundinacea                 0.00%    passed     81.22%
  18  Lolium_perenne                      0.00%    passed     87.87%
  19  Hordeum_vulgare                     0.00%    passed     81.75%
  20  Triticum_aestivum                   0.00%    passed     85.10%
  21  Brachypodium_distachyon             0.00%    passed     82.54%
  22  Leersia_tisserantii                 0.00%    passed     86.28%
  23  Oryza_australiensis                 0.00%    passed     93.45%
  24  Oryza_meridionalis                  0.00%    passed     94.82%
  25  Oryza_rufipogonB                    0.00%    passed     94.82%
  26  Oryza_nivara                        0.00%    passed     93.82%
  27  Oryza_rufipogonA                    0.00%    passed     93.82%
  28  Oryza_sativaIndica                  0.00%    passed     93.82%
  29  Oryza_sativaJaponica                0.00%    passed     93.49%
  30  Potamophila_parviflora              0.00%    passed     98.56%
  31  Rhynchoryza_subulata                0.00%    passed     95.94%
  32  Microlaena_stipoides                0.00%    passed     91.14%
  33  Coix_lacryma                        0.00%    passed     99.70%
  34  Saccharum_hybrid310                 0.00%    passed     99.76%
  35  Sorghum_bicolor                     0.00%    passed     99.74%
  36  Zea_mays                            0.00%    passed     99.56%
  37  Panicum_virgatum                    0.00%    passed     99.61%
  38  Eleusine_coracana                   0.00%    passed     95.44%
  39  Puelia_olyriformis                  0.00%    passed     99.14%
  40  Anomochloa_marantoidea              0.00%    passed     83.30%
  41  Streptochaeta_angustifolia          0.00%    passed     98.59%
  42  Ecdeiocolea_monostachya             0.00%    passed     99.98%
  43  Georgeantha_hexandra                0.00%    passed     93.39%
  44  Joinvillea_ascendens                0.00%    passed     99.97%
  45  Flagellaria_indica                  0.00%    passed     99.99%
  46  Centrolepis_monogyna                0.00%    passed     87.73%
  47  Thamnochortus_insignis              0.00%    passed     98.90%
  48  Mayaca_fluviatilis                  0.00%    passed     81.96%
  49  Syngonanthus_chrysanthus            0.00%    passed     68.07%
  50  Potarophytum_riparium               0.00%    passed     98.96%
  51  Sparganium_eurycarpum               0.00%    passed    100.00%
  52  Typha_latifolia                     0.00%    passed     99.93%
  53  Brocchinia_micrantha                0.00%    passed     99.88%
  54  Fosterella_caulescens               0.00%    passed     99.37%
  55  Pitcairnia_feliciana                0.00%    passed     99.50%
  56  Neoregelia_carolinae                0.00%    passed     99.86%
  57  Puya_laxa                           0.00%    passed     99.87%
  58  Navia_saxicola                      0.00%    passed     99.31%
  59  Belosynapsis_ciliata                0.00%    passed     98.53%
  60  Tradescantia_ohiensis               0.00%    passed     98.55%
  61  Musa_acuminata                      0.00%    passed     99.94%
  62  Renealmia_alpinia                   0.00%    passed     99.87%
  63  Chamaedorea_seifrizii               0.00%    passed     99.68%
  64  Elaeis_oleifera                     0.00%    passed     99.77%
  65  Ravenea_hildebrandtii               0.00%    passed     99.90%
  66  Phoenix_dactylifera                 0.00%    passed     99.65%
  67  Dasypogon_bromeliifolius            0.00%    passed     99.92%
  68  Kingia_australis                    0.00%    passed     99.81%
  69  Agapanthus_praecox                  0.00%    passed     99.97%
  70  Albuca_kirkii                       0.00%    passed     99.99%
  71  Chlorophytum_rhizopendulum          0.00%    passed     99.99%
  72  Hesperaloe_parviflora               0.00%    passed     99.88%
  73  Yucca_schidigera                    0.00%    passed     99.85%
  74  Hosta_ventricosa                    0.00%    passed     99.92%
  75  Asparagus_officinalis               0.00%    passed     99.98%
  76  Lomandra_longifolia                 0.00%    passed     99.77%
  77  Nolina_atopocarpa                   0.00%    passed    100.00%
  78  Phormium_tenax                      0.00%    passed    100.00%
  79  Iris_virginica                      0.00%    passed     99.42%
  80  Curculigo_capitulata                0.00%    passed     99.96%
  81  Neoastelia_spectabilis              0.00%    passed     99.98%
  82  Apostasia_wallichii                 0.00%    passed     99.95%
  83  Neottia_nidus                       0.00%    passed     99.42%
  84  Rhizanthella_gardneri               0.00%    passed     86.34%
  85  Oncidium_Gower                      0.00%    passed     99.94%
  86  Phalaenopsis_aphrodite              0.00%    passed     99.96%
  87  Dioscorea_elephantipes              0.00%    passed    100.00%
  88  Pandanus_utilis                     0.00%    passed    100.00%
  89  Lilium_superbum                     0.00%    passed    100.00%
  90  Colocasia_esculenta                 0.00%    passed     98.41%
  91  Lemna_minor                         0.00%    passed     97.37%
  92  Wolffia_australiana                 0.00%    passed     99.94%
  93  Wolffiella_lingulata                0.00%    passed     94.13%
  94  Spirodela_polyrhiza                 0.00%    passed     95.27%
  95  Acorus_americanus                   0.00%    passed     87.31%
  96  Acorus_calamus                      0.00%    passed     88.63%
  97  Ceratophyllum_demersum              0.00%    passed     98.83%
  98  Piper_cenocladum                    0.00%    passed     99.83%
  99  Aethionema_cordifolium              0.00%    passed     99.92%
 100  Aethionema_grandiflorum             0.00%    passed     99.95%
 101  Arabidopsis_thaliana                0.00%    passed     99.35%
 102  Capsella_bursa                      0.00%    passed     95.98%
 103  Olimarabidopsis_pumila              0.00%    passed     99.32%
 104  Crucihimalaya_wallichii             0.00%    passed     97.98%
 105  Barbarea_verna                      0.00%    passed     99.67%
 106  Nasturtium_officinale               0.00%    passed     98.41%
 107  Lepidium_virginicum                 0.00%    passed     99.06%
 108  Arabis_hirsuta                      0.00%    passed     98.09%
 109  Draba_nemorosa                      0.00%    passed     99.34%
 110  Lobularia_maritima                  0.00%    passed     99.65%
 111  Carica_papaya                       0.00%    passed     99.88%
 112  Gossypium_arboreum                  0.00%    passed     97.72%
 113  Gossypium_herbaceum                 0.00%    passed     96.85%
 114  Gossypium_thurberi                  0.00%    passed     96.78%
 115  Gossypium_barbadense                0.00%    passed     97.94%
 116  Gossypium_tomentosum                0.00%    passed     97.59%
 117  Gossypium_darwinii                  0.00%    passed     97.72%
 118  Gossypium_hirsutum                  0.00%    passed     97.72%
 119  Gossypium_mustelinum                0.00%    passed     97.72%
 120  Gossypium_raimondii                 0.00%    passed     99.02%
 121  Theobroma_cacao                     0.00%    passed     98.93%
 122  Citrus_sinensis                     0.00%    passed     97.24%
 123  Staphylea_colchica                  0.00%    passed     99.98%
 124  Bulnesia_arborea                    0.00%    passed     99.87%
 125  Erodium_carvifolium                 0.00%    passed     89.14%
 126  Erodium_texanum                     0.00%    passed     95.57%
 127  Geranium_palmatum                   0.00%    passed     95.22%
 128  Monsonia_speciosa                   0.00%    passed     97.97%
 129  Pelargonium_x                       0.00%    passed     99.78%
 130  Eucalyptus_globulus                 0.00%    passed     98.63%
 131  Eucalyptus_grandis                  0.00%    passed     98.98%
 132  Oenothera_argillicola               0.00%    passed     98.35%
 133  Oenothera_parviflora                0.00%    passed     98.65%
 134  Oenothera_biennis                   0.00%    passed     98.56%
 135  Oenothera_elata                     0.00%    passed     98.56%
 136  Oenothera_glazioviana               0.00%    passed     99.09%
 137  Castanea_mollissima                 0.00%    passed     99.75%
 138  Quercus_nigra                       0.00%    passed     99.54%
 139  Ficus_sp                            0.00%    passed     99.86%
 140  Morus_indica                        0.00%    passed     99.62%
 141  Fragaria_vesca                      0.00%    passed     99.92%
 142  Pentactina_rupicola                 0.00%    passed     99.93%
 143  Pyrus_pyrifolia                     0.00%    passed     99.95%
 144  Prunus_persica                      0.00%    passed    100.00%
 145  Cicer_arietinum                     0.00%    passed     99.01%
 146  Lathyrus_sativus                    0.00%    passed     92.52%
 147  Pisum_sativum                       0.00%    passed     98.20%
 148  Trifolium_subterraneum              0.00%    passed     85.27%
 149  Medicago_truncatula                 0.00%    passed     89.84%
 150  Lotus_japonicus                     0.00%    passed     99.98%
 151  Glycine_max                         0.00%    passed     98.06%
 152  Phaseolus_vulgaris                  0.00%    passed     92.81%
 153  Vigna_radiata                       0.00%    passed     91.11%
 154  Millettia_pinnata                   0.00%    passed     98.75%
 155  Corynocarpus_laevigata              0.00%    passed     99.93%
 156  Cucumis_melo                        0.00%    passed     99.92%
 157  Cucumis_sativus                     0.00%    passed     99.71%
 158  Euonymus_americanus                 0.00%    passed     97.31%
 159  Oxalis_latifolia                    0.00%    passed     99.67%
 160  Hevea_brasiliensis                  0.00%    passed     99.64%
 161  Manihot_esculenta                   0.00%    passed     99.92%
 162  Ricinus_communis                    0.00%    passed     99.40%
 163  Jatropha_curcas                     0.00%    passed     97.85%
 164  Passiflora_biflora                  0.00%    passed     94.00%
 165  Populus_alba                        0.00%    passed     98.57%
 166  Populus_trichocarpa                 0.00%    passed     98.38%
 167  Heuchera_sanguinea                  0.00%    passed     99.86%
 168  Liquidambar_styraciflua             0.00%    passed     99.99%
 169  Vitis_vinifera                      0.00%    passed     99.91%
 170  Dillenia_indica                     0.00%    passed     99.97%
 171  Ageratina_adenophora                0.00%    passed    100.00%
 172  Helianthus_annuus                   0.00%    passed    100.00%
 173  Parthenium_argentatum               0.00%    passed     99.99%
 174  Guizotia_abyssinica                 0.00%    passed    100.00%
 175  Jacobaea_vulgaris                   0.00%    passed     99.87%
 176  Lactuca_sativa                      0.00%    passed     99.98%
 177  Scaevola_aemula                     0.00%    passed     95.49%
 178  Trachelium_caeruleum                0.00%    passed     99.56%
 179  Anethum_graveolens                  0.00%    passed     92.83%
 180  Petroselinum_crispum                0.00%    passed     95.40%
 181  Crithmum_maritimum                  0.00%    passed     95.02%
 182  Anthriscus_cerefolium               0.00%    passed     92.39%
 183  Daucus_carota                       0.00%    passed     94.34%
 184  Oxypolis_greenmanii                 0.00%    passed     97.97%
 185  Eleutherococcus_senticosus          0.00%    passed     99.45%
 186  Panax_ginseng                       0.00%    passed     99.53%
 187  Hydrocotyle_sp                      0.00%    passed     97.71%
 188  Lonicera_japonica                   0.00%    passed     97.74%
 189  Ilex_cornuta                        0.00%    passed     99.98%
 190  Antirrhinum_majus                   0.00%    passed     99.99%
 191  Epifagus_virginiana                 0.00%    passed     92.56%
 192  Boea_hygrometrica                   0.00%    passed     99.90%
 193  Sesamum_indicum                     0.00%    passed     99.86%
 194  Jasminum_nudiflorum                 0.00%    passed     99.51%
 195  Olea_europaeacuspi                  0.00%    passed     99.98%
 196  Olea_europaeaeuro                   0.00%    passed     99.99%
 197  Olea_europaeamaro                   0.00%    passed     99.98%
 198  Olea_woodiana                       0.00%    passed     99.99%
 199  Atropa_belladonna                   0.00%    passed     99.84%
 200  Solanum_bulbocastanum               0.00%    passed     99.95%
 201  Solanum_tuberosum                   0.00%    passed     99.95%
 202  Solanum_lycopersicum                0.00%    passed     99.94%
 203  Nicotiana_sylvestris                0.00%    passed     99.74%
 204  Nicotiana_tabacum                   0.00%    passed     99.74%
 205  Nicotiana_tomentosiformis           0.00%    passed     99.90%
 206  Nicotiana_undulata                  0.00%    passed     99.89%
 207  Cuscuta_exaltata                    0.00%    passed     85.95%
 208  Cuscuta_reflexa                     0.00%    passed     62.88%
 209  Cuscuta_gronovii                    0.00%    passed     19.12%
 210  Cuscuta_obtusiflora                 0.00%    passed     22.61%
 211  Ipomoea_purpurea                    0.00%    passed     99.98%
 212  Coffea_arabica                      0.00%    passed     99.12%
 213  Nerium_oleander                     0.00%    passed     99.88%
 214  Ehretia_acuminata                   0.00%    passed     99.92%
 215  Aucuba_japonica                     0.00%    passed     99.85%
 216  Arbutus_unedo                       0.00%    passed     99.76%
 217  Rhododendron_simsii                 0.00%    passed     99.58%
 218  Franklinia_alatamaha                0.00%    passed     99.77%
 219  Cornus_florida                      0.00%    passed     99.98%
 220  Davidia_involucrata                 0.00%    passed     99.99%
 221  Anredera_baselloides                0.00%    passed     99.88%
 222  Blossfeldia_liliputana              0.00%    passed     96.90%
 223  Weingartia_kargliana                0.00%    passed     98.80%
 224  Opuntia_decumbens                   0.00%    passed     99.50%
 225  Pereskiopsis_diguetii               0.00%    passed     99.80%
 226  Maihuenia_poeppigii                 0.00%    passed     99.81%
 227  Pereskia_sacharosa                  0.00%    passed     99.55%
 228  Portulaca_oleracea                  0.00%    passed     99.96%
 229  Didierea_madagascariensis           0.00%    passed     99.99%
 230  Portulacaria_afra                   0.00%    passed     99.97%
 231  Mollugo_verticillata                0.00%    passed     99.95%
 232  Silene_conica                       0.00%    passed     99.17%
 233  Silene_noctiflora                   0.00%    passed     99.85%
 234  Silene_latifolia                    0.00%    passed     99.77%
 235  Silene_vulgaris                     0.00%    passed     99.07%
 236  Spinacia_oleracea                   0.00%    passed     99.97%
 237  Fagopyrum_esculentum                0.00%    passed     98.34%
 238  Plumbago_auriculata                 0.00%    passed     84.68%
 239  Berberidopsis_corallina             0.00%    passed    100.00%
 240  Phoradendron_serotinum              0.00%    passed     94.16%
 241  Ximenia_americana                   0.00%    passed     99.84%
 242  Gunnera_manicata                    0.00%    passed     99.80%
 243  Buxus_microphylla                   0.00%    passed     99.96%
 244  Trochodendron_aralioides            0.00%    passed     99.53%
 245  Meliosma_aff_cuneifolia             0.00%    passed    100.00%
 246  Nelumbo_lutea                       0.00%    passed     99.88%
 247  Nelumbo_nuciferaNC                  0.00%    passed     99.77%
 248  Platanus_occidentalis               0.00%    passed     99.84%
 249  Megaleranthis_saniculifolia         0.00%    passed     99.94%
 250  Ranunculus_macranthus               0.00%    passed    100.00%
 251  Nandina_domestica                   0.00%    passed    100.00%
 252  Calycanthus_floridus                0.00%    passed     99.49%
 253  Liriodendron_tulipifera             0.00%    passed     99.94%
 254  Magnolia_kwangsiensis               0.00%    passed     99.86%
 255  Drimys_granadensis                  0.00%    passed    100.00%
 256  Chloranthus_spicatus                0.00%    passed     99.79%
 257  Illicium_oligandrum                 0.00%    passed     99.95%
 258  Nuphar_advena                       0.00%    passed     96.27%
 259  Nymphaea_alba                       0.00%    passed     97.82%
 260  Amborella_trichopoda                0.00%    passed     99.69%
 261  Adiantum_capillus                   0.00%    passed     34.82%
 262  Cheilanthes_lindheimeri             0.00%    passed     24.17%
 263  Pteridium_aquilinum                 0.00%    passed     24.98%
 264  Alsophila_spinulosa                 0.00%    passed     45.67%
 265  Angiopteris_evecta                  0.00%    passed     89.47%
 266  Equisetum_arvense                   0.00%    failed      2.73%
 267  Psilotum_nudum                      0.00%    passed     38.76%
 268  Aneura_mirabilis                    0.00%    passed     38.07%
 269  Ptilidium_pulcherrimum              0.00%    passed     98.16%
 270  Marchantia_polymorpha               0.00%    passed     77.19%
 271  Physcomitrella_patens               0.00%    passed     93.18%
 272  Syntrichia_ruralis                  0.00%    passed     49.15%
 273  Bryopsis_hypnoides                  0.00%    passed     93.44%
 274  Chlamydomonas_reinhardtii           0.00%    failed      1.21%
 275  Volvox_carteri                      0.00%    failed      3.68%
 276  Dunaliella_salina                   0.00%    failed      0.90%
 277  Scenedesmus_obliquus                0.00%    passed     13.87%
 278  Floydiella_terrestris               0.00%    failed      3.88%
 279  Schizomeris_leibleinii              0.00%    failed      0.87%
 280  Stigeoclonium_helveticum            0.00%    passed      8.68%
 281  Oedogonium_cardiacum                0.00%    failed      0.77%
 282  Chlorella_variabilis                0.00%    passed     15.97%
 283  Chlorella_vulgaris                  0.00%    passed     22.62%
 284  Parachlorella_kessleri              0.00%    passed     78.10%
 285  Helicosporidium_sp                  0.00%    passed     72.03%
 286  Pedinomonas_minor                   0.00%    passed     66.76%
 287  Oltmannsiellopsis_viridis           0.00%    passed     39.00%
 288  Pseudendoclonium_akinetum           0.00%    passed     58.67%
 289  Coccomyxa_sp                        0.00%    passed     31.75%
 290  Leptosira_terrestris                0.00%    passed     63.63%
 291  Oocystis_solitaria                  0.00%    passed     24.95%
 292  Micromonas_pusilla                  0.00%    failed      2.32%
 293  Micromonas_sp                       0.00%    passed      6.20%
 294  Ostreococcus_tauri                  0.00%    failed      4.91%
 295  Monomastix_sp                       0.00%    passed     17.60%
 296  Pyramimonas_parkeae                 0.00%    failed      0.28%
 297  Pycnococcus_provasolii              0.00%    failed      1.12%
 298  Nephroselmis_olivacea               0.00%    passed     11.23%
 299  Chlorokybus_atmophyticus            0.00%    passed     12.62%
 300  Mesostigma_viride                   0.00%    passed     61.50%
 301  Chara_vulgaris                      0.00%    passed      7.28%
 302  Chaetosphaeridium_globosum          0.00%    passed     27.18%
 303  Staurastrum_punctulatum             0.00%    passed     89.67%
 304  Zygnema_circumcarinatum             0.00%    passed     27.46%
 305  Anthoceros_formosae                 0.00%    passed     87.89%
 306  Huperzia_lucidula                   0.00%    passed     26.59%
 307  Isoetes_flaccida                    0.00%    passed     54.91%
 308  Selaginella_moellendorffii          0.00%    passed     57.04%
 309  Selaginella_uncinata                0.00%    passed     38.67%
 310  Cycas_micronesica                   0.00%    passed     98.84%
 311  Cycas_taitungensis                  0.00%    passed     98.92%
 312  Ginkgo_biloba                       0.00%    passed     98.52%
 313  Agathis_australis                   0.00%    passed     86.75%
 314  Halocarpus_kirkii                   0.00%    passed     40.03%
 315  Podocarpus_totara                   0.00%    passed     30.88%
 316  Cephalotaxus_wilsoniana             0.00%    passed     17.11%
 317  Cryptomeria_japonica                0.00%    passed     36.33%
 318  Taiwania_cryptomerioides            0.00%    passed     74.63%
 319  Ephedra_equisetina                  0.00%    passed     82.63%
 320  Gnetum_parvifolium                  0.00%    passed     32.37%
 321  Welwitschia_mirabilis               0.00%    passed     43.08%
 322  Cedrus_deodaraNC                    0.00%    passed     96.78%
 323  Cathaya_argyrophylla                0.00%    passed     98.61%
 324  Pinus_albicaulis                    0.00%    passed     61.66%
 325  Pinus_armandii                      0.00%    passed     60.17%
 326  Pinus_cembra                        0.00%    passed     64.33%
 327  Pinus_sibirica                      0.00%    passed     64.33%
 328  Pinus_koraiensis                    0.00%    passed     68.64%
 329  Pinus_lambertiana                   0.00%    passed     61.26%
 330  Pinus_parviflora_var_pentaphylla    0.00%    passed     67.98%
 331  Pinus_monticola                     0.00%    passed     61.23%
 332  Pinus_peuce                         0.00%    passed     64.41%
 333  Pinus_ayacahuite                    0.00%    passed     63.13%
 334  Pinus_flexilis                      0.00%    passed     61.88%
 335  Pinus_strobus                       0.00%    passed     58.22%
 336  Pinus_krempfii                      0.00%    passed     65.09%
 337  Pinus_gerardiana                    0.00%    passed     63.70%
 338  Pinus_squamata                      0.00%    passed     61.88%
 339  Pinus_aristata                      0.00%    passed     73.54%
 340  Pinus_nelsonii                      0.00%    passed     83.71%
 341  Pinus_monophylla                    0.00%    passed     78.55%
 342  Pinus_rzedowskii                    0.00%    passed     71.48%
 343  Pinus_attenuata                     0.00%    passed     73.73%
 344  Pinus_leiophylla_var_chihuahuana    0.00%    passed     81.24%
 345  Pinus_taeda                         0.00%    passed     78.02%
 346  Pinus_ponderosa                     0.00%    passed     81.88%
 347  Pinus_torreyana_subsp_insularis     0.00%    passed     82.10%
 348  Pinus_torreyana_subsp_torreyana     0.00%    passed     82.10%
 349  Pinus_banksiana                     0.00%    passed     80.01%
 350  Pinus_contorta                      0.00%    passed     77.51%
 351  Pinus_canariensis                   0.00%    passed     86.16%
 352  Pinus_pinaster                      0.00%    passed     81.75%
 353  Pinus_merkusii                      0.00%    passed     88.91%
 354  Pinus_resinosa                      0.00%    passed     88.66%
 355  Pinus_thunbergiiNC                  0.00%    passed     88.18%
 356  Picea_morrisonicola                 0.00%    passed     98.97%
 357  Picea_sitchensis                    0.00%    passed     95.94%
 358  Larix_decidua                       0.00%    passed     91.36%
 359  Larix_occidentalis                  0.00%    passed     96.77%
 360  Pseudotsuga_sinensis                0.00%    passed     73.20%
****  TOTAL                               0.00%  11 sequences failed composition chi2 test (p-value<5%; df=19)
NOTE: Phyllostachys_edulis is identical to Indocalamus_longiauritus but kept for subsequent analysis
NOTE: Oryza_rufipogonB is identical to Oryza_meridionalis but kept for subsequent analysis
NOTE: Oryza_rufipogonA is identical to Oryza_nivara but kept for subsequent analysis
NOTE: Gossypium_darwinii is identical to Gossypium_arboreum but kept for subsequent analysis
NOTE: Oenothera_elata is identical to Oenothera_biennis but kept for subsequent analysis
NOTE: Nicotiana_tabacum is identical to Nicotiana_sylvestris but kept for subsequent analysis
NOTE: Pinus_sibirica is identical to Pinus_cembra but kept for subsequent analysis
NOTE: Pinus_squamata is identical to Pinus_flexilis but kept for subsequent analysis
NOTE: Pinus_torreyana_subsp_torreyana is identical to Pinus_torreyana_subsp_insularis but kept for subsequent analysis
NOTE: 4 identical sequences (see below) will be ignored for subsequent analysis
NOTE: Phyllostachys_nigra (identical to Indocalamus_longiauritus) is ignored but added at the end
NOTE: Oryza_sativaIndica (identical to Oryza_nivara) is ignored but added at the end
NOTE: Gossypium_hirsutum (identical to Gossypium_arboreum) is ignored but added at the end
NOTE: Gossypium_mustelinum (identical to Gossypium_arboreum) is ignored but added at the end

For your convenience alignment with unique sequences printed to /csm_data/spielman_lab/dms_modelselection//simulations/alignments/HIV_ruhfel_rep17_AA.fasta.uniqueseq.phy
Reading input tree file simulations/true_trees/ruhfel.tree ...

NOTE: 37 MB RAM (0 GB) is required!
Estimate model parameters (epsilon = 0.010)
1. Initial log-likelihood: -161176.968
Optimal log-likelihood: -153101.190
Parameters optimization took 1 rounds (0.286 sec)
BEST SCORE FOUND : -153101.190
Total tree length: 70.943

Total number of iterations: 0
CPU time used for tree search: 0.000 sec (0h:0m:0s)
Wall-clock time used for tree search: 0.000 sec (0h:0m:0s)
Total CPU time used: 2.358 sec (0h:0m:2s)
Total wall-clock time used: 0.317 sec (0h:0m:0s)

Analysis results written to: 
  IQ-TREE report:                /csm_data/spielman_lab/dms_modelselection//simulations/alignments/HIV_ruhfel_rep17_AA.fasta.iqtree
  Maximum-likelihood tree:       /csm_data/spielman_lab/dms_modelselection//simulations/alignments/HIV_ruhfel_rep17_AA.fasta.treefile
  Screen log file:               /csm_data/spielman_lab/dms_modelselection//simulations/alignments/HIV_ruhfel_rep17_AA.fasta.log

Date and Time: Tue Apr 16 00:49:32 2019
