IQ-TREE multicore version 1.6.7 for Linux 64-bit built Aug 23 2018
Developed by Bui Quang Minh, Nguyen Lam Tung, Olga Chernomor,
Heiko Schmidt, Dominik Schrempf, Michael Woodhams.

Host:    csm-com-009 (AVX2, FMA3, 62 GB RAM)
Command: iqtree -nt 8 -m mtREV+F -s /csm_data/spielman_lab/dms_modelselection//simulations/alignments/HIV_opisthokonta_rep18_AA.fasta -st AA
Seed:    6135 (Using SPRNG - Scalable Parallel Random Number Generator)
Time:    Mon Apr 15 23:15:12 2019
Kernel:  AVX+FMA - 8 threads (48 CPU cores detected)

Reading alignment file /csm_data/spielman_lab/dms_modelselection//simulations/alignments/HIV_opisthokonta_rep18_AA.fasta ... Fasta format detected
Alignment most likely contains protein sequences
Alignment has 70 sequences with 661 columns, 661 distinct patterns
661 parsimony-informative, 0 singleton sites, 0 constant sites
                                  Gap/Ambiguity  Composition  p-value
   1  Oscarella_carmela                   0.00%    passed     77.99%
   2  Leucetta_chagosensis                0.00%    passed     98.92%
   3  Sycon_raphanus                      0.00%    passed     95.72%
   4  Oopsacas_minuta                     0.00%    passed     54.55%
   5  Carteriospongia_foliascens          0.00%    passed     82.39%
   6  Amphimedon_queenslandica            0.00%    passed     81.71%
   7  Suberites_domuncula                 0.00%    passed     69.06%
   8  Lubomirskia_baicalensis             0.00%    passed     98.58%
   9  Ephydatia_muelleri                  0.00%    passed     97.50%
  10  Trichoplax_adhaerens                0.00%    passed     58.88%
  11  Nematostella_vectensis              0.00%    passed     36.58%
  12  Anemonia_viridis                    0.00%    passed     92.39%
  13  Aiptasia_pallida                    0.00%    passed     50.90%
  14  Metridium_senile                    0.00%    passed     82.46%
  15  Acropora_palmata                    0.00%    passed     95.24%
  16  Acropora_millepora                  0.00%    passed     96.24%
  17  Porites_astreoides                  0.00%    passed     96.51%
  18  Montastraea_faveolata               0.00%    passed     94.36%
  19  Cyanea_capillata                    0.00%    passed     92.92%
  20  Clytia_hemisphaerica                0.00%    passed     93.52%
  21  Podocoryna_carnea                   0.00%    passed     97.50%
  22  Hydractinia_echinata                0.00%    passed     83.98%
  23  Hydra_magnipapillata                0.00%    passed     83.78%
  24  Saccoglossus_kowalevskii            0.00%    passed     70.18%
  25  Ptychodera_flava                    0.00%    passed     80.75%
  26  Strongylocentrotus_purpuratus       0.00%    passed     91.32%
  27  Asterina_pectinifera                0.00%    passed     69.68%
  28  Branchiostoma_floridae              0.00%    passed     95.46%
  29  Petromyzon_marinus                  0.00%    passed     73.23%
  30  Gallus                              0.00%    passed     85.10%
  31  Ciona_intestinalis                  0.00%    passed     44.02%
  32  Halocynthia_roretzi                 0.00%    passed     74.45%
  33  Anoplodactylus_eroticus             0.00%    passed     54.73%
  34  Boophilus_microplus                 0.00%    passed     99.07%
  35  Daphnia_pulex                       0.00%    passed     98.76%
  36  Drosophila_melanogaster             0.00%    passed     97.73%
  37  Euperipatoides_kanangrensis         0.00%    passed     83.75%
  38  Echinoderes_horni                   0.00%    passed     90.86%
  39  Xiphinema_index                     0.00%    passed     63.14%
  40  Cerebratulus_lacteus                0.00%    passed     98.71%
  41  Terebratalia_transversa             0.00%    passed     76.46%
  42  Lottia_gigantea                     0.00%    passed     98.82%
  43  Crassostrea_virginica               0.00%    passed     61.68%
  44  Euprymna_scolopes                   0.00%    passed     92.53%
  45  Capitella_telata                    0.00%    passed     25.15%
  46  Helobdella_robusta                  0.00%    passed     97.77%
  47  Schmidtea_mediterranea              0.00%    passed     95.82%
  48  Paraplanocera_oligoglena            0.00%    passed     54.02%
  49  Xenoturbella_bocki                  0.00%    passed     36.48%
  50  Nemertoderma_westbladi              0.00%    passed     39.44%
  51  Meara_stichopi                      0.00%    passed     74.81%
  52  Isodiametra_pulchra                 0.00%    passed     16.52%
  53  Symsagittifera_roscoffensis         0.00%    passed     99.47%
  54  Convolutriloba_longifissura         0.00%    passed     95.27%
  55  Capsaspora_owczarzaki_ATCC_30864    0.00%    passed     31.77%
  56  Amoebidium_parasiticum              0.00%    passed     93.40%
  57  Sphaeroforma_arctica                0.00%    passed     92.27%
  58  Spizellomyces_punctatus             0.00%    passed     27.76%
  59  Batrachochytrium_dendrobatidis      0.00%    passed     87.43%
  60  Cryptococcus_neoformans             0.00%    passed     83.10%
  61  Saccharomyces_cerevisiae            0.00%    passed     13.45%
  62  Phycomyces_blakesleeanus            0.00%    passed     31.10%
  63  Rhizopus_orizae                     0.00%    passed     26.51%
  64  Monosiga_ovata                      0.00%    passed     97.47%
  65  Salpingoeca_rosetta                 0.00%    passed     59.42%
  66  Monosiga_brevicollis                0.00%    passed     42.61%
  67  Mnemiopsis                          0.00%    passed     88.11%
  68  Mertensiid_sp                       0.00%    passed     95.02%
  69  Pleurobrachia_pileus                0.00%    passed     81.93%
  70  Oscarella_lobularis                 0.00%    passed     45.51%
****  TOTAL                               0.00%  0 sequences failed composition chi2 test (p-value<5%; df=19)

Create initial parsimony tree by phylogenetic likelihood library (PLL)... 0.033 seconds

NOTE: 7 MB RAM (0 GB) is required!
Estimate model parameters (epsilon = 0.100)
1. Initial log-likelihood: -88248.788
Optimal log-likelihood: -87492.405
Parameters optimization took 1 rounds (0.042 sec)
Computing ML distances based on estimated model parameters... 0.674 sec
Computing BIONJ tree...
0.004 seconds
Log-likelihood of BIONJ tree: -87477.532
--------------------------------------------------------------------
|             INITIALIZING CANDIDATE TREE SET                      |
--------------------------------------------------------------------
Generating 98 parsimony trees... 3.778 second
Computing log-likelihood of 98 initial trees ... 1.982 seconds
Current best score: -87469.462

Do NNI search on 20 best initial trees
Estimate model parameters (epsilon = 0.100)
BETTER TREE FOUND at iteration 1: -87450.709
Iteration 10 / LogL: -87450.714 / Time: 0h:0m:6s
Iteration 20 / LogL: -87451.707 / Time: 0h:0m:8s
Finish initializing candidate tree set (1)
Current best tree score: -87450.709 / CPU time: 8.109
Number of iterations: 20
--------------------------------------------------------------------
|               OPTIMIZING CANDIDATE TREE SET                      |
--------------------------------------------------------------------
Iteration 30 / LogL: -87450.738 / Time: 0h:0m:10s (0h:0m:24s left)
Iteration 40 / LogL: -87450.885 / Time: 0h:0m:12s (0h:0m:18s left)
Iteration 50 / LogL: -87450.711 / Time: 0h:0m:14s (0h:0m:14s left)
Iteration 60 / LogL: -87450.952 / Time: 0h:0m:15s (0h:0m:11s left)
Iteration 70 / LogL: -87459.538 / Time: 0h:0m:17s (0h:0m:8s left)
Iteration 80 / LogL: -87450.793 / Time: 0h:0m:19s (0h:0m:5s left)
Iteration 90 / LogL: -87450.752 / Time: 0h:0m:21s (0h:0m:2s left)
Iteration 100 / LogL: -87450.740 / Time: 0h:0m:23s (0h:0m:0s left)
TREE SEARCH COMPLETED AFTER 102 ITERATIONS / Time: 0h:0m:23s

--------------------------------------------------------------------
|                    FINALIZING TREE SEARCH                        |
--------------------------------------------------------------------
Performs final model parameters optimization
Estimate model parameters (epsilon = 0.010)
1. Initial log-likelihood: -87450.709
Optimal log-likelihood: -87450.709
Parameters optimization took 1 rounds (0.014 sec)
BEST SCORE FOUND : -87450.709
Total tree length: 44.244

Total number of iterations: 102
CPU time used for tree search: 163.228 sec (0h:2m:43s)
Wall-clock time used for tree search: 23.570 sec (0h:0m:23s)
Total CPU time used: 164.821 sec (0h:2m:44s)
Total wall-clock time used: 23.808 sec (0h:0m:23s)

Analysis results written to: 
  IQ-TREE report:                /csm_data/spielman_lab/dms_modelselection//simulations/alignments/HIV_opisthokonta_rep18_AA.fasta.iqtree
  Maximum-likelihood tree:       /csm_data/spielman_lab/dms_modelselection//simulations/alignments/HIV_opisthokonta_rep18_AA.fasta.treefile
  Likelihood distances:          /csm_data/spielman_lab/dms_modelselection//simulations/alignments/HIV_opisthokonta_rep18_AA.fasta.mldist
  Screen log file:               /csm_data/spielman_lab/dms_modelselection//simulations/alignments/HIV_opisthokonta_rep18_AA.fasta.log

Date and Time: Mon Apr 15 23:15:35 2019
