IQ-TREE multicore version 1.6.9 for Linux 64-bit built Dec 20 2018
Developed by Bui Quang Minh, Nguyen Lam Tung, Olga Chernomor,
Heiko Schmidt, Dominik Schrempf, Michael Woodhams.

Host:    spielmanlab (AVX512, FMA3, 125 GB RAM)
Command: iqtree -nt 4 -m GTR20 -s /home/spielman/dms_modelselection//simulations/alignments/HIV_opisthokonta_rep7_AA.fasta -st AA -quiet
Seed:    187255 (Using SPRNG - Scalable Parallel Random Number Generator)
Time:    Thu Jun  6 18:43:04 2019
Kernel:  AVX+FMA - 4 threads (24 CPU cores detected)

Reading alignment file /home/spielman/dms_modelselection//simulations/alignments/HIV_opisthokonta_rep7_AA.fasta ... Fasta format detected
Alignment most likely contains protein sequences
Alignment has 70 sequences with 661 columns, 661 distinct patterns
660 parsimony-informative, 1 singleton sites, 0 constant sites
                                  Gap/Ambiguity  Composition  p-value
   1  Oscarella_carmela                   0.00%    passed     31.76%
   2  Leucetta_chagosensis                0.00%    passed     91.80%
   3  Sycon_raphanus                      0.00%    passed     82.77%
   4  Oopsacas_minuta                     0.00%    passed     24.22%
   5  Carteriospongia_foliascens          0.00%    passed     91.89%
   6  Amphimedon_queenslandica            0.00%    passed     64.67%
   7  Suberites_domuncula                 0.00%    passed     40.27%
   8  Lubomirskia_baicalensis             0.00%    passed     86.14%
   9  Ephydatia_muelleri                  0.00%    passed     97.03%
  10  Trichoplax_adhaerens                0.00%    passed     99.56%
  11  Nematostella_vectensis              0.00%    passed     99.77%
  12  Anemonia_viridis                    0.00%    passed     82.34%
  13  Aiptasia_pallida                    0.00%    passed     96.60%
  14  Metridium_senile                    0.00%    passed     95.82%
  15  Acropora_palmata                    0.00%    passed     76.05%
  16  Acropora_millepora                  0.00%    passed     43.56%
  17  Porites_astreoides                  0.00%    passed     86.57%
  18  Montastraea_faveolata               0.00%    passed     97.68%
  19  Cyanea_capillata                    0.00%    passed     88.63%
  20  Clytia_hemisphaerica                0.00%    passed     99.67%
  21  Podocoryna_carnea                   0.00%    passed     78.09%
  22  Hydractinia_echinata                0.00%    passed     98.05%
  23  Hydra_magnipapillata                0.00%    passed     95.82%
  24  Saccoglossus_kowalevskii            0.00%    passed     99.89%
  25  Ptychodera_flava                    0.00%    passed     98.96%
  26  Strongylocentrotus_purpuratus       0.00%    passed     63.28%
  27  Asterina_pectinifera                0.00%    passed     77.67%
  28  Branchiostoma_floridae              0.00%    passed     98.68%
  29  Petromyzon_marinus                  0.00%    passed     62.40%
  30  Gallus                              0.00%    passed     94.77%
  31  Ciona_intestinalis                  0.00%    passed     97.41%
  32  Halocynthia_roretzi                 0.00%    passed     46.29%
  33  Anoplodactylus_eroticus             0.00%    passed     97.58%
  34  Boophilus_microplus                 0.00%    passed     99.48%
  35  Daphnia_pulex                       0.00%    passed     87.47%
  36  Drosophila_melanogaster             0.00%    passed     94.25%
  37  Euperipatoides_kanangrensis         0.00%    passed     96.91%
  38  Echinoderes_horni                   0.00%    passed     43.56%
  39  Xiphinema_index                     0.00%    passed     77.73%
  40  Cerebratulus_lacteus                0.00%    passed     40.83%
  41  Terebratalia_transversa             0.00%    passed     60.15%
  42  Lottia_gigantea                     0.00%    passed     38.32%
  43  Crassostrea_virginica               0.00%    passed     79.68%
  44  Euprymna_scolopes                   0.00%    passed     54.49%
  45  Capitella_telata                    0.00%    passed     78.91%
  46  Helobdella_robusta                  0.00%    passed     52.59%
  47  Schmidtea_mediterranea              0.00%    passed     97.59%
  48  Paraplanocera_oligoglena            0.00%    passed     62.50%
  49  Xenoturbella_bocki                  0.00%    passed     96.81%
  50  Nemertoderma_westbladi              0.00%    passed     99.90%
  51  Meara_stichopi                      0.00%    passed     29.50%
  52  Isodiametra_pulchra                 0.00%    passed     98.99%
  53  Symsagittifera_roscoffensis         0.00%    passed     76.85%
  54  Convolutriloba_longifissura         0.00%    passed     76.71%
  55  Capsaspora_owczarzaki_ATCC_30864    0.00%    passed     95.10%
  56  Amoebidium_parasiticum              0.00%    passed     23.39%
  57  Sphaeroforma_arctica                0.00%    passed     99.72%
  58  Spizellomyces_punctatus             0.00%    passed     85.88%
  59  Batrachochytrium_dendrobatidis      0.00%    passed     56.44%
  60  Cryptococcus_neoformans             0.00%    passed     26.10%
  61  Saccharomyces_cerevisiae            0.00%    passed     34.23%
  62  Phycomyces_blakesleeanus            0.00%    passed     78.73%
  63  Rhizopus_orizae                     0.00%    passed     71.83%
  64  Monosiga_ovata                      0.00%    passed     52.82%
  65  Salpingoeca_rosetta                 0.00%    passed     44.96%
  66  Monosiga_brevicollis                0.00%    passed     63.73%
  67  Mnemiopsis                          0.00%    passed     11.12%
  68  Mertensiid_sp                       0.00%    passed     95.46%
  69  Pleurobrachia_pileus                0.00%    passed     94.47%
  70  Oscarella_lobularis                 0.00%    passed     93.62%
****  TOTAL                               0.00%  0 sequences failed composition chi2 test (p-value<5%; df=19)

Create initial parsimony tree by phylogenetic likelihood library (PLL)... 0.064 seconds
WARNING: GTR20 model will estimate 189 substitution rates that might be overfitting!
WARNING: Please only use GTR20 with very large data and always test for model fit!

NOTE: 7 MB RAM (0 GB) is required!
Estimate model parameters (epsilon = 0.100)
1. Initial log-likelihood: -86750.611
2. Current log-likelihood: -79018.846
3. Current log-likelihood: -78853.847
4. Current log-likelihood: -78845.747
5. Current log-likelihood: -78843.499
6. Current log-likelihood: -78842.320
7. Current log-likelihood: -78840.749
8. Current log-likelihood: -78839.494
9. Current log-likelihood: -78836.310
10. Current log-likelihood: -78835.989
11. Current log-likelihood: -78835.267
12. Current log-likelihood: -78835.010
13. Current log-likelihood: -78834.761
14. Current log-likelihood: -78834.632
15. Current log-likelihood: -78834.467
16. Current log-likelihood: -78831.489
17. Current log-likelihood: -78830.991
18. Current log-likelihood: -78830.639
19. Current log-likelihood: -78830.512
Optimal log-likelihood: -78830.494
Parameters optimization took 19 rounds (59.916 sec)
Computing ML distances based on estimated model parameters... 0.526 sec
Computing BIONJ tree...
0.004 seconds
Log-likelihood of BIONJ tree: -78801.070
--------------------------------------------------------------------
|             INITIALIZING CANDIDATE TREE SET                      |
--------------------------------------------------------------------
Generating 98 parsimony trees... 3.145 second
Computing log-likelihood of 98 initial trees ... 3.166 seconds
Current best score: -78801.070

Do NNI search on 20 best initial trees
Estimate model parameters (epsilon = 0.100)
BETTER TREE FOUND at iteration 1: -78786.626
Iteration 10 / LogL: -78786.734 / Time: 0h:1m:13s
Iteration 20 / LogL: -78786.680 / Time: 0h:1m:15s
Finish initializing candidate tree set (1)
Current best tree score: -78786.626 / CPU time: 15.476
Number of iterations: 20
--------------------------------------------------------------------
|               OPTIMIZING CANDIDATE TREE SET                      |
--------------------------------------------------------------------
Iteration 30 / LogL: -78786.738 / Time: 0h:1m:18s (0h:3m:11s left)
Iteration 40 / LogL: -78794.188 / Time: 0h:1m:21s (0h:2m:6s left)
Iteration 50 / LogL: -78873.764 / Time: 0h:1m:23s (0h:1m:27s left)
Iteration 60 / LogL: -78786.631 / Time: 0h:1m:26s (0h:1m:0s left)
Iteration 70 / LogL: -78786.926 / Time: 0h:1m:29s (0h:0m:40s left)
Iteration 80 / LogL: -78787.303 / Time: 0h:1m:32s (0h:0m:24s left)
Iteration 90 / LogL: -78786.723 / Time: 0h:1m:35s (0h:0m:11s left)
Iteration 100 / LogL: -78786.691 / Time: 0h:1m:38s (0h:0m:0s left)
TREE SEARCH COMPLETED AFTER 102 ITERATIONS / Time: 0h:1m:39s

--------------------------------------------------------------------
|                    FINALIZING TREE SEARCH                        |
--------------------------------------------------------------------
Performs final model parameters optimization
Estimate model parameters (epsilon = 0.010)
1. Initial log-likelihood: -78786.626
2. Current log-likelihood: -78786.446
3. Current log-likelihood: -78786.298
4. Current log-likelihood: -78786.264
5. Current log-likelihood: -78786.237
6. Current log-likelihood: -78786.071
7. Current log-likelihood: -78785.846
8. Current log-likelihood: -78785.825
9. Current log-likelihood: -78785.806
10. Current log-likelihood: -78785.789
11. Current log-likelihood: -78785.778
Optimal log-likelihood: -78785.774
Parameters optimization took 11 rounds (22.385 sec)
BEST SCORE FOUND : -78785.774
Total tree length: 35.907

Total number of iterations: 102
CPU time used for tree search: 147.910 sec (0h:2m:27s)
Wall-clock time used for tree search: 39.208 sec (0h:0m:39s)
Total CPU time used: 477.242 sec (0h:7m:57s)
Total wall-clock time used: 121.790 sec (0h:2m:1s)

Analysis results written to: 
  IQ-TREE report:                /home/spielman/dms_modelselection//simulations/alignments/HIV_opisthokonta_rep7_AA.fasta.iqtree
  Maximum-likelihood tree:       /home/spielman/dms_modelselection//simulations/alignments/HIV_opisthokonta_rep7_AA.fasta.treefile
  Likelihood distances:          /home/spielman/dms_modelselection//simulations/alignments/HIV_opisthokonta_rep7_AA.fasta.mldist
  Screen log file:               /home/spielman/dms_modelselection//simulations/alignments/HIV_opisthokonta_rep7_AA.fasta.log

Date and Time: Thu Jun  6 18:45:06 2019
