IQ-TREE multicore version 1.6.7 for Linux 64-bit built Aug 23 2018
Developed by Bui Quang Minh, Nguyen Lam Tung, Olga Chernomor,
Heiko Schmidt, Dominik Schrempf, Michael Woodhams.

Host:    csm-com-006 (AVX2, FMA3, 62 GB RAM)
Command: iqtree -nt 8 -m LG+G4 -s /csm_data/spielman_lab/dms_modelselection//simulations/alignments/HIV_andersen_rep19_AA.fasta -st AA
Seed:    714549 (Using SPRNG - Scalable Parallel Random Number Generator)
Time:    Tue Apr 16 02:07:59 2019
Kernel:  AVX+FMA - 8 threads (48 CPU cores detected)

Reading alignment file /csm_data/spielman_lab/dms_modelselection//simulations/alignments/HIV_andersen_rep19_AA.fasta ... Fasta format detected
Alignment most likely contains protein sequences
Alignment has 179 sequences with 661 columns, 661 distinct patterns
641 parsimony-informative, 17 singleton sites, 3 constant sites
                      Gap/Ambiguity  Composition  p-value
   1  BA366-S-GIN-2003        0.00%    passed     90.52%
   2  G502-S-SLE-2009         0.00%    passed     87.54%
   3  G1180-S-SLE-2010        0.00%    passed     92.90%
   4  G2147-S-SLE-2011        0.00%    passed     60.83%
   5  G2165-S-SLE-2011        0.00%    passed     71.52%
   6  LM222-S-SLE-2010        0.00%    passed     95.21%
   7  LM774-S-SLE-2012        0.00%    passed     97.01%
   8  LM778-S-SLE-2012        0.00%    passed     97.59%
   9  G2184-S-SLE-2011        0.00%    passed     94.17%
  10  LM776-S-SLE-2012        0.00%    passed     93.55%
  11  G503-S-SLE-2009         0.00%    passed     94.49%
  12  G2318-S-SLE-2012        0.00%    passed     93.36%
  13  G1959-S-SLE-2011        0.00%    passed     82.13%
  14  G3010-S-SLE-2013        0.00%    passed     82.09%
  15  G610-S-SLE-2009         0.00%    passed     95.94%
  16  G693-S-SLE-2009         0.00%    passed     96.36%
  17  G771-S-SLE-2010         0.00%    passed     96.36%
  18  G1792-S-SLE-2011        0.00%    passed     96.49%
  19  G1960-S-SLE-2011        0.00%    passed     96.43%
  20  G2565-S-SLE-2012        0.00%    passed     97.04%
  21  G2197-S-SLE-2011        0.00%    passed     96.95%
  22  LM032-S-SLE-2010        0.00%    passed     83.75%
  23  Josiah-S-SLE-1976       0.00%    passed     94.65%
  24  G808-S-SLE-2010         0.00%    passed     82.37%
  25  G2868-S-SLE-2012        0.00%    passed     58.25%
  26  G676-S-SLE-2009         0.00%    passed     81.38%
  27  G2405-S-SLE-2012        0.00%    passed     74.54%
  28  G1190-S-SLE-2010        0.00%    passed     90.17%
  29  G2944-S-SLE-2012        0.00%    passed     86.54%
  30  LM765-S-SLE-2012        0.00%    passed     85.18%
  31  G3148-S-SLE-2013        0.00%    passed     72.85%
  32  Z0947-S-SLE-2011        0.00%    passed     84.93%
  33  Z0948-S-SLE-2011        0.00%    passed     84.93%
  34  G1727-S-SLE-2011        0.00%    passed     80.40%
  35  G1647-S-SLE-2011        0.00%    passed     76.34%
  36  G2295-S-SLE-2012        0.00%    passed     92.27%
  37  G2587-S-SLE-2012        0.00%    passed     92.29%
  38  G2280-S-SLE-2012        0.00%    passed     93.46%
  39  G3016-S-SLE-2013        0.00%    passed     97.41%
  40  G3106-S-SLE-2013        0.00%    passed     97.41%
  41  G2612-S-SLE-2012        0.00%    passed     90.20%
  42  LM779-S-SLE-2012        0.00%    passed     58.21%
  43  G692-S-SLE-2009         0.00%    passed     64.38%
  44  LM395-S-SLE-2009        0.00%    passed     84.36%
  45  G1774-S-SLE-2011        0.00%    passed     88.10%
  46  G2222-S-SLE-2011        0.00%    passed     92.50%
  47  G636-S-SLE-2009         0.00%    passed     43.79%
  48  G2315-S-SLE-2012        0.00%    passed     46.69%
  49  G2903-S-SLE-2012        0.00%    passed     72.62%
  50  G3206-S-SLE-2013        0.00%    passed     55.43%
  51  G733-S-SLE-2010         0.00%    passed     90.98%
  52  G2554-S-SLE-2012        0.00%    passed     83.33%
  53  G1618-S-SLE-2011        0.00%    passed     98.46%
  54  G1646-S-SLE-2011        0.00%    passed     86.47%
  55  G2427-S-SLE-2012        0.00%    passed     68.99%
  56  G2392-S-SLE-2012        0.00%    passed     92.56%
  57  G3229-S-SLE-2013        0.00%    passed     92.50%
  58  G3151-S-SLE-2013        0.00%    passed     89.77%
  59  G3248-S-SLE-2013        0.00%    passed     89.77%
  60  G3170-S-SLE-2013        0.00%    passed     89.77%
  61  NL-S-SLE-2000           0.00%    passed     91.89%
  62  G2263-S-SLE-2012        0.00%    passed     79.55%
  63  G2431-S-SLE-2012        0.00%    passed     39.24%
  64  G1442-S-SLE-2011        0.00%    passed     94.57%
  65  G2141-S-SLE-2011        0.00%    passed     76.50%
  66  G1529-S-SLE-2011        0.00%    passed     93.25%
  67  G3234-S-SLE-2013        0.00%    passed     98.93%
  68  G2363-S-SLE-2012        0.00%    passed     99.21%
  69  G2259-S-SLE-2012        0.00%    passed     71.33%
  70  G2723-S-SLE-2012        0.00%    passed     55.69%
  71  G3278-S-SLE-2013        0.00%    passed     58.38%
  72  G2557-S-SLE-2012        0.00%    passed     62.45%
  73  G2615-S-SLE-2012        0.00%    passed     83.94%
  74  G1200-S-LIB-2010        0.00%    passed     99.38%
  75  Macenta-S-GIN-1982      0.00%    passed     88.11%
  76  Z148-S-LIB-1981         0.00%    passed     87.87%
  77  Nig08-A18-S-NIG-2008    0.00%    passed     61.07%
  78  Nig08-A19-S-NIG-2008    0.00%    passed     37.07%
  79  CSF-S-NIG-2001          0.00%    passed     28.85%
  80  ISTH0009-S-NIG-2011     0.00%    passed     95.44%
  81  LASV979-S-NIG-2009      0.00%    passed     96.61%
  82  LASV237-S-NIG-2010      0.00%    passed     96.21%
  83  LASV711-S-NIG-2009      0.00%    passed     97.72%
  84  LASV992-S-NIG-2009      0.00%    passed     97.57%
  85  ISTH0230-S-NIG-2011     0.00%    passed     94.22%
  86  LASV975-S-NIG-2009      0.00%    passed     99.75%
  87  ISTH2061-S-NIG-2012     0.00%    passed     99.72%
  88  Nig08-A41-S-NIG-2008    0.00%    passed     91.63%
  89  ISTH2217-S-NIG-2012     0.00%    passed     99.88%
  90  ISTH1064-S-NIG-2011     0.00%    passed     96.93%
  91  ISTH2334-S-NIG-2012     0.00%    passed     98.63%
  92  LASV245-S-NIG-2011      0.00%    passed     99.21%
  93  LASV1011-S-NIG-2009     0.00%    passed     98.88%
  94  ISTH2312-S-NIG-2012     0.00%    passed     99.78%
  95  LASV1000-S-NIG-2009     0.00%    passed     98.76%
  96  ISTH2010-S-NIG-2012     0.00%    passed     99.54%
  97  ISTH2016-S-NIG-2012     0.00%    passed     99.76%
  98  Nig08-A37-S-NIG-2008    0.00%    passed     98.94%
  99  LASV737-S-NIG-2009      0.00%    passed     98.81%
 100  LASV719-S-NIG-2009      0.00%    passed     90.51%
 101  LASV046-S-NIG-2009      0.00%    passed     98.36%
 102  ISTH2042-S-NIG-2012     0.00%    passed     98.27%
 103  LASV274-S-NIG-2010      0.00%    passed     96.77%
 104  LASV263-S-NIG-2011      0.00%    passed     99.66%
 105  ISTH1137-S-NIG-2011     0.00%    passed     98.93%
 106  LASV976-S-NIG-2009      0.00%    passed     98.58%
 107  LASV1016-S-NIG-2009     0.00%    passed     98.27%
 108  LASV229-S-NIG-2010      0.00%    passed     99.26%
 109  ISTH2129-S-NIG-2012     0.00%    passed     98.92%
 110  ISTH2057-S-NIG-2012     0.00%    passed     99.94%
 111  LASV058-S-NIG-2008      0.00%    passed     97.72%
 112  ISTH1038-S-NIG-2011     0.00%    passed     96.78%
 113  LASV056-S-NIG-2008      0.00%    passed     99.74%
 114  LASV042-S-NIG-2009      0.00%    passed     99.53%
 115  LASV981-S-NIG-2009      0.00%    passed     99.96%
 116  LASV256-S-NIG-2010      0.00%    passed     99.69%
 117  LASV052-S-NIG-2008      0.00%    passed     98.33%
 118  LASV063-S-NIG-2009      0.00%    passed     98.31%
 119  ISTH0595-S-NIG-2011     0.00%    passed     99.93%
 120  ISTH1096-S-NIG-2012     0.00%    passed     99.87%
 121  LASV221-S-NIG-2010      0.00%    passed     99.55%
 122  LASV977-S-NIG-2009      0.00%    passed     99.40%
 123  LASV971-S-NIG-2009      0.00%    passed     93.05%
 124  LASV967-S-NIG-2009      0.00%    passed     99.76%
 125  ISTH2050-S-NIG-2012     0.00%    passed     96.86%
 126  ISTH2031-S-NIG-2012     0.00%    passed     99.37%
 127  ISTH2376-S-NIG-2012     0.00%    passed     99.49%
 128  LASV991-S-NIG-2009      0.00%    passed     99.81%
 129  LASV267-S-NIG-2010      0.00%    passed     95.87%
 130  LASV049-S-NIG-2009      0.00%    passed     99.95%
 131  LASV239-S-NIG-2010      0.00%    passed     99.38%
 132  ISTH2037-S-NIG-2012     0.00%    passed     99.81%
 133  ISTH1069-S-NIG-2011     0.00%    passed     99.18%
 134  ISTH1129-S-NIG-2012     0.00%    passed     99.07%
 135  ISTH2304-S-NIG-2012     0.00%    passed     98.98%
 136  LASV246-S-NIG-2010      0.00%    passed     94.70%
 137  ISTH1111-S-NIG-2011     0.00%    passed     99.59%
 138  LASV006-S-NIG-2008      0.00%    passed     99.62%
 139  ISTH0531-S-NIG-2011     0.00%    passed     98.77%
 140  LASV254-S-NIG-2011      0.00%    passed     99.69%
 141  ISTH2358-S-NIG-2012     0.00%    passed     99.91%
 142  LASV966-S-NIG-2009      0.00%    passed     99.19%
 143  ISTH1058-S-NIG-2011     0.00%    passed     97.75%
 144  LASV241-S-NIG-2011      0.00%    passed     97.12%
 145  LASV271-S-NIG-2010      0.00%    passed     97.29%
 146  Nig08-A47-S-NIG-2008    0.00%    passed     97.62%
 147  ISTH0012-S-NIG-2011     0.00%    passed     99.56%
 148  LASV993-S-NIG-2009      0.00%    passed     99.98%
 149  ISTH2046-S-NIG-2012     0.00%    passed     99.84%
 150  LASV1008-S-NIG-2009     0.00%    passed     99.72%
 151  ISTH2020-S-NIG-2012     0.00%    passed     99.59%
 152  LASV003-S-NIG-2008      0.00%    passed     99.91%
 153  LASV242-S-NIG-2010      0.00%    passed     99.45%
 154  LASV253-S-NIG-2011      0.00%    passed     99.82%
 155  LASV982-S-NIG-2009      0.00%    passed     99.86%
 156  LASV251-S-NIG-2010      0.00%    passed     99.80%
 157  LASV989-S-NIG-2009      0.00%    passed     99.66%
 158  ISTH0047-S-NIG-2011     0.00%    passed     97.42%
 159  LASV990-S-NIG-2009      0.00%    passed     95.59%
 160  ISTH1003-S-NIG-2011     0.00%    passed     97.16%
 161  ISTH0073-S-NIG-2011     0.00%    passed     97.93%
 162  ISTH2316-S-NIG-2012     0.00%    passed     97.28%
 163  LASV225-S-NIG-2010      0.00%    passed     97.63%
 164  LASV978-S-NIG-2009      0.00%    passed     97.59%
 165  ISTH1048-S-NIG-2011     0.00%    passed     99.02%
 166  LASV045-S-NIG-2009      0.00%    passed     97.87%
 167  ISTH2025-S-NIG-2012     0.00%    passed     96.61%
 168  LASV250-S-NIG-2011      0.00%    passed     99.30%
 169  LASV1015-S-NIG-2009     0.00%    passed     99.50%
 170  LASV035-S-NIG-2009      0.00%    passed     97.75%
 171  ISTH1107-S-NIG-2012     0.00%    passed     96.03%
 172  ISTH2271-S-NIG-2012     0.00%    passed     98.70%
 173  ISTH1121-S-NIG-2012     0.00%    passed     97.94%
 174  ISTH2065-S-NIG-2012     0.00%    passed     90.60%
 175  ISTH2066-S-NIG-2012     0.00%    passed     90.60%
 176  ISTH2094-S-NIG-2012     0.00%    passed     64.71%
 177  Nig08-04-S-NIG-2008     0.00%    passed     55.69%
 178  Pinneo-S-NIG-1969       0.00%    passed     37.73%
 179  AV-S-CIV-1999           0.00%    passed     94.39%
****  TOTAL                   0.00%  0 sequences failed composition chi2 test (p-value<5%; df=19)
NOTE: G771-S-SLE-2010 is identical to G693-S-SLE-2009 but kept for subsequent analysis
NOTE: Z0948-S-SLE-2011 is identical to Z0947-S-SLE-2011 but kept for subsequent analysis
NOTE: G3106-S-SLE-2013 is identical to G3016-S-SLE-2013 but kept for subsequent analysis
NOTE: G3248-S-SLE-2013 is identical to G3151-S-SLE-2013 but kept for subsequent analysis
NOTE: ISTH2066-S-NIG-2012 is identical to ISTH2065-S-NIG-2012 but kept for subsequent analysis
NOTE: 1 identical sequences (see below) will be ignored for subsequent analysis
NOTE: G3170-S-SLE-2013 (identical to G3151-S-SLE-2013) is ignored but added at the end

For your convenience alignment with unique sequences printed to /csm_data/spielman_lab/dms_modelselection//simulations/alignments/HIV_andersen_rep19_AA.fasta.uniqueseq.phy

Create initial parsimony tree by phylogenetic likelihood library (PLL)... 0.095 seconds

NOTE: 75 MB RAM (0 GB) is required!
Estimate model parameters (epsilon = 0.100)
1. Initial log-likelihood: -43899.443
2. Current log-likelihood: -43513.985
3. Current log-likelihood: -43502.933
Optimal log-likelihood: -43502.896
Gamma shape alpha: 5.445
Parameters optimization took 3 rounds (1.188 sec)
Computing ML distances based on estimated model parameters... 11.835 sec
Computing BIONJ tree...
0.024 seconds
Log-likelihood of BIONJ tree: -43860.279
--------------------------------------------------------------------
|             INITIALIZING CANDIDATE TREE SET                      |
--------------------------------------------------------------------
Generating 98 parsimony trees... 8.665 second
Computing log-likelihood of 98 initial trees ... 10.585 seconds
Current best score: -43498.594

Do NNI search on 20 best initial trees
Estimate model parameters (epsilon = 0.100)
BETTER TREE FOUND at iteration 1: -43495.740
UPDATE BEST LOG-LIKELIHOOD: -43495.740
Iteration 10 / LogL: -43495.740 / Time: 0h:0m:29s
UPDATE BEST LOG-LIKELIHOOD: -43495.740
Iteration 20 / LogL: -43495.740 / Time: 0h:0m:36s
Finish initializing candidate tree set (11)
Current best tree score: -43495.740 / CPU time: 33.008
Number of iterations: 20
--------------------------------------------------------------------
|               OPTIMIZING CANDIDATE TREE SET                      |
--------------------------------------------------------------------
UPDATE BEST LOG-LIKELIHOOD: -43495.739
UPDATE BEST LOG-LIKELIHOOD: -43495.739
UPDATE BEST LOG-LIKELIHOOD: -43495.739
Iteration 30 / LogL: -43642.354 / Time: 0h:0m:51s (0h:2m:6s left)
UPDATE BEST LOG-LIKELIHOOD: -43495.739
UPDATE BEST LOG-LIKELIHOOD: -43495.739
BETTER TREE FOUND at iteration 36: -43495.738
Iteration 40 / LogL: -43496.366 / Time: 0h:1m:7s (0h:2m:46s left)
BETTER TREE FOUND at iteration 47: -43495.738
BETTER TREE FOUND at iteration 50: -43495.738
Iteration 50 / LogL: -43495.738 / Time: 0h:1m:23s (0h:2m:50s left)
Iteration 60 / LogL: -43496.332 / Time: 0h:1m:38s (0h:2m:30s left)
Iteration 70 / LogL: -43495.739 / Time: 0h:1m:54s (0h:2m:12s left)
UPDATE BEST LOG-LIKELIHOOD: -43495.738
UPDATE BEST LOG-LIKELIHOOD: -43495.738
Iteration 80 / LogL: -43495.739 / Time: 0h:2m:10s (0h:1m:55s left)
BETTER TREE FOUND at iteration 84: -43495.737
Iteration 90 / LogL: -43495.737 / Time: 0h:2m:26s (0h:2m:34s left)
UPDATE BEST LOG-LIKELIHOOD: -43495.737
Iteration 100 / LogL: -43495.738 / Time: 0h:2m:42s (0h:2m:17s left)
UPDATE BEST LOG-LIKELIHOOD: -43495.737
Iteration 110 / LogL: -43495.737 / Time: 0h:2m:57s (0h:2m:0s left)
Iteration 120 / LogL: -43568.191 / Time: 0h:3m:14s (0h:1m:44s left)
Iteration 130 / LogL: -43495.737 / Time: 0h:3m:29s (0h:1m:27s left)
Iteration 140 / LogL: -43495.737 / Time: 0h:3m:45s (0h:1m:11s left)
Iteration 150 / LogL: -43495.737 / Time: 0h:4m:0s (0h:0m:54s left)
Iteration 160 / LogL: -43495.738 / Time: 0h:4m:16s (0h:0m:38s left)
Iteration 170 / LogL: -43515.686 / Time: 0h:4m:32s (0h:0m:22s left)
Iteration 180 / LogL: -43496.331 / Time: 0h:4m:48s (0h:0m:6s left)
TREE SEARCH COMPLETED AFTER 185 ITERATIONS / Time: 0h:4m:55s

--------------------------------------------------------------------
|                    FINALIZING TREE SEARCH                        |
--------------------------------------------------------------------
Performs final model parameters optimization
Estimate model parameters (epsilon = 0.010)
1. Initial log-likelihood: -43495.737
Optimal log-likelihood: -43495.737
Gamma shape alpha: 5.439
Parameters optimization took 1 rounds (0.136 sec)
BEST SCORE FOUND : -43495.737
Total tree length: 12.400

Total number of iterations: 185
CPU time used for tree search: 2273.608 sec (0h:37m:53s)
Wall-clock time used for tree search: 292.567 sec (0h:4m:52s)
Total CPU time used: 2298.121 sec (0h:38m:18s)
Total wall-clock time used: 296.137 sec (0h:4m:56s)

Analysis results written to: 
  IQ-TREE report:                /csm_data/spielman_lab/dms_modelselection//simulations/alignments/HIV_andersen_rep19_AA.fasta.iqtree
  Maximum-likelihood tree:       /csm_data/spielman_lab/dms_modelselection//simulations/alignments/HIV_andersen_rep19_AA.fasta.treefile
  Likelihood distances:          /csm_data/spielman_lab/dms_modelselection//simulations/alignments/HIV_andersen_rep19_AA.fasta.mldist
  Screen log file:               /csm_data/spielman_lab/dms_modelselection//simulations/alignments/HIV_andersen_rep19_AA.fasta.log

Date and Time: Tue Apr 16 02:12:55 2019
