IQ-TREE multicore version 1.6.7 for Linux 64-bit built Aug 23 2018
Developed by Bui Quang Minh, Nguyen Lam Tung, Olga Chernomor,
Heiko Schmidt, Dominik Schrempf, Michael Woodhams.

Host:    csm-com-009 (AVX2, FMA3, 62 GB RAM)
Command: iqtree -nt 8 -m Poisson -s /csm_data/spielman_lab/dms_modelselection//simulations/alignments/HIV_salichos_rep7_AA.fasta -st AA
Seed:    226326 (Using SPRNG - Scalable Parallel Random Number Generator)
Time:    Mon Apr 15 20:51:29 2019
Kernel:  AVX+FMA - 8 threads (48 CPU cores detected)

Reading alignment file /csm_data/spielman_lab/dms_modelselection//simulations/alignments/HIV_salichos_rep7_AA.fasta ... Fasta format detected
Alignment most likely contains protein sequences
Alignment has 23 sequences with 661 columns, 661 distinct patterns
641 parsimony-informative, 19 singleton sites, 1 constant sites
      Gap/Ambiguity  Composition  p-value
   1  Agos    0.00%    passed     74.93%
   2  Klac    0.00%    passed     30.28%
   3  Calb    0.00%    passed     96.02%
   4  Cdub    0.00%    passed     93.12%
   5  Ctro    0.00%    passed     96.48%
   6  Cpar    0.00%    passed     84.95%
   7  Lelo    0.00%    passed     65.49%
   8  Psti    0.00%    passed     91.77%
   9  Cgui    0.00%    passed     45.18%
  10  Dhan    0.00%    passed     57.16%
  11  Clus    0.00%    passed     60.19%
  12  Cgla    0.00%    passed     15.15%
  13  Sbay    0.00%    passed     97.89%
  14  Scer    0.00%    passed     98.35%
  15  Spar    0.00%    passed     99.80%
  16  Smik    0.00%    passed     99.53%
  17  Skud    0.00%    passed     99.11%
  18  Scas    0.00%    passed     81.85%
  19  Kpol    0.00%    passed     64.22%
  20  Zrou    0.00%    passed     40.64%
  21  Kthe    0.00%    passed     97.01%
  22  Kwal    0.00%    passed     98.00%
  23  Sklu    0.00%    passed     92.60%
****  TOTAL    0.00%  0 sequences failed composition chi2 test (p-value<5%; df=19)

Create initial parsimony tree by phylogenetic likelihood library (PLL)... 0.005 seconds

NOTE: 2 MB RAM (0 GB) is required!
Estimate model parameters (epsilon = 0.100)
1. Initial log-likelihood: -32191.398
Optimal log-likelihood: -31635.562
Parameters optimization took 1 rounds (0.015 sec)
Computing ML distances based on estimated model parameters... 0.028 sec
Computing BIONJ tree...
0.001 seconds
Log-likelihood of BIONJ tree: -31637.446
--------------------------------------------------------------------
|             INITIALIZING CANDIDATE TREE SET                      |
--------------------------------------------------------------------
Generating 98 parsimony trees... 0.547 second
Computing log-likelihood of 98 initial trees ... 0.619 seconds
Current best score: -31616.604

Do NNI search on 20 best initial trees
Estimate model parameters (epsilon = 0.100)
BETTER TREE FOUND at iteration 1: -31610.343
Estimate model parameters (epsilon = 0.100)
BETTER TREE FOUND at iteration 4: -31610.151
Iteration 10 / LogL: -31610.696 / Time: 0h:0m:1s
Iteration 20 / LogL: -31610.348 / Time: 0h:0m:1s
Finish initializing candidate tree set (2)
Current best tree score: -31610.151 / CPU time: 1.937
Number of iterations: 20
--------------------------------------------------------------------
|               OPTIMIZING CANDIDATE TREE SET                      |
--------------------------------------------------------------------
Iteration 30 / LogL: -31610.958 / Time: 0h:0m:2s (0h:0m:6s left)
Iteration 40 / LogL: -31610.976 / Time: 0h:0m:3s (0h:0m:5s left)
Iteration 50 / LogL: -31610.428 / Time: 0h:0m:3s (0h:0m:4s left)
Iteration 60 / LogL: -31610.449 / Time: 0h:0m:4s (0h:0m:3s left)
Iteration 70 / LogL: -31610.619 / Time: 0h:0m:4s (0h:0m:2s left)
Iteration 80 / LogL: -31610.232 / Time: 0h:0m:5s (0h:0m:1s left)
Iteration 90 / LogL: -31610.963 / Time: 0h:0m:5s (0h:0m:0s left)
Iteration 100 / LogL: -31610.343 / Time: 0h:0m:6s (0h:0m:0s left)
TREE SEARCH COMPLETED AFTER 105 ITERATIONS / Time: 0h:0m:6s

--------------------------------------------------------------------
|                    FINALIZING TREE SEARCH                        |
--------------------------------------------------------------------
Performs final model parameters optimization
Estimate model parameters (epsilon = 0.010)
1. Initial log-likelihood: -31610.151
Optimal log-likelihood: -31610.151
Parameters optimization took 1 rounds (0.004 sec)
BEST SCORE FOUND : -31610.151
Total tree length: 12.860

Total number of iterations: 105
CPU time used for tree search: 47.936 sec (0h:0m:47s)
Wall-clock time used for tree search: 6.315 sec (0h:0m:6s)
Total CPU time used: 48.280 sec (0h:0m:48s)
Total wall-clock time used: 6.370 sec (0h:0m:6s)

Analysis results written to: 
  IQ-TREE report:                /csm_data/spielman_lab/dms_modelselection//simulations/alignments/HIV_salichos_rep7_AA.fasta.iqtree
  Maximum-likelihood tree:       /csm_data/spielman_lab/dms_modelselection//simulations/alignments/HIV_salichos_rep7_AA.fasta.treefile
  Likelihood distances:          /csm_data/spielman_lab/dms_modelselection//simulations/alignments/HIV_salichos_rep7_AA.fasta.mldist
  Screen log file:               /csm_data/spielman_lab/dms_modelselection//simulations/alignments/HIV_salichos_rep7_AA.fasta.log

Date and Time: Mon Apr 15 20:51:35 2019
