IQ-TREE multicore version 1.6.7 for Linux 64-bit built Aug 23 2018
Developed by Bui Quang Minh, Nguyen Lam Tung, Olga Chernomor,
Heiko Schmidt, Dominik Schrempf, Michael Woodhams.

Host:    csm-com-010 (AVX2, FMA3, 62 GB RAM)
Command: iqtree -nt 8 -m mtART -s /csm_data/spielman_lab/dms_modelselection//simulations/alignments/NP_salichos_rep17_AA.fasta -st AA
Seed:    586727 (Using SPRNG - Scalable Parallel Random Number Generator)
Time:    Tue Apr 16 08:06:00 2019
Kernel:  AVX+FMA - 8 threads (48 CPU cores detected)

Reading alignment file /csm_data/spielman_lab/dms_modelselection//simulations/alignments/NP_salichos_rep17_AA.fasta ... Fasta format detected
Alignment most likely contains protein sequences
Alignment has 23 sequences with 498 columns, 494 distinct patterns
455 parsimony-informative, 33 singleton sites, 10 constant sites
      Gap/Ambiguity  Composition  p-value
   1  Agos    0.00%    passed     87.41%
   2  Klac    0.00%    passed     97.14%
   3  Calb    0.00%    passed     90.12%
   4  Cdub    0.00%    passed     66.14%
   5  Ctro    0.00%    passed     86.65%
   6  Cpar    0.00%    passed     44.59%
   7  Lelo    0.00%    passed     42.49%
   8  Psti    0.00%    passed     88.77%
   9  Cgui    0.00%    passed     85.09%
  10  Dhan    0.00%    passed     96.92%
  11  Clus    0.00%    passed     71.32%
  12  Cgla    0.00%    passed     75.77%
  13  Sbay    0.00%    passed     89.00%
  14  Scer    0.00%    passed     91.80%
  15  Spar    0.00%    passed     97.22%
  16  Smik    0.00%    passed     59.76%
  17  Skud    0.00%    passed     98.77%
  18  Scas    0.00%    passed     76.77%
  19  Kpol    0.00%    passed     97.58%
  20  Zrou    0.00%    passed     29.35%
  21  Kthe    0.00%    passed     37.24%
  22  Kwal    0.00%    passed     90.33%
  23  Sklu    0.00%    passed     70.94%
****  TOTAL    0.00%  0 sequences failed composition chi2 test (p-value<5%; df=19)

Create initial parsimony tree by phylogenetic likelihood library (PLL)... 0.003 seconds

NOTE: 1 MB RAM (0 GB) is required!
Estimate model parameters (epsilon = 0.100)
1. Initial log-likelihood: -22199.249
Optimal log-likelihood: -21877.655
Parameters optimization took 1 rounds (0.011 sec)
Computing ML distances based on estimated model parameters... 0.158 sec
WARNING: Some pairwise ML distances are too long (saturated)
Computing BIONJ tree...
0.008 seconds
Log-likelihood of BIONJ tree: -21943.182
--------------------------------------------------------------------
|             INITIALIZING CANDIDATE TREE SET                      |
--------------------------------------------------------------------
Generating 98 parsimony trees... 0.405 second
Computing log-likelihood of 98 initial trees ... 0.566 seconds
Current best score: -21877.389

Do NNI search on 20 best initial trees
Estimate model parameters (epsilon = 0.100)
BETTER TREE FOUND at iteration 1: -21877.235
Estimate model parameters (epsilon = 0.100)
BETTER TREE FOUND at iteration 9: -21877.071
Iteration 10 / LogL: -21877.090 / Time: 0h:0m:1s
Iteration 20 / LogL: -21877.749 / Time: 0h:0m:1s
Finish initializing candidate tree set (3)
Current best tree score: -21877.071 / CPU time: 1.598
Number of iterations: 20
--------------------------------------------------------------------
|               OPTIMIZING CANDIDATE TREE SET                      |
--------------------------------------------------------------------
Iteration 30 / LogL: -21877.236 / Time: 0h:0m:2s (0h:0m:5s left)
Iteration 40 / LogL: -21877.307 / Time: 0h:0m:2s (0h:0m:4s left)
Iteration 50 / LogL: -21877.237 / Time: 0h:0m:3s (0h:0m:3s left)
Iteration 60 / LogL: -21877.357 / Time: 0h:0m:3s (0h:0m:3s left)
Iteration 70 / LogL: -21877.265 / Time: 0h:0m:4s (0h:0m:2s left)
Iteration 80 / LogL: -21877.240 / Time: 0h:0m:4s (0h:0m:1s left)
Iteration 90 / LogL: -21877.149 / Time: 0h:0m:5s (0h:0m:1s left)
Iteration 100 / LogL: -21877.111 / Time: 0h:0m:5s (0h:0m:0s left)
Iteration 110 / LogL: -21877.075 / Time: 0h:0m:6s (0h:0m:-1s left)
TREE SEARCH COMPLETED AFTER 110 ITERATIONS / Time: 0h:0m:6s

--------------------------------------------------------------------
|                    FINALIZING TREE SEARCH                        |
--------------------------------------------------------------------
Performs final model parameters optimization
Estimate model parameters (epsilon = 0.010)
1. Initial log-likelihood: -21877.071
Optimal log-likelihood: -21877.071
Parameters optimization took 1 rounds (0.003 sec)
BEST SCORE FOUND : -21877.071
Total tree length: 18.763

Total number of iterations: 110
CPU time used for tree search: 47.009 sec (0h:0m:47s)
Wall-clock time used for tree search: 6.076 sec (0h:0m:6s)
Total CPU time used: 47.508 sec (0h:0m:47s)
Total wall-clock time used: 6.152 sec (0h:0m:6s)

Analysis results written to: 
  IQ-TREE report:                /csm_data/spielman_lab/dms_modelselection//simulations/alignments/NP_salichos_rep17_AA.fasta.iqtree
  Maximum-likelihood tree:       /csm_data/spielman_lab/dms_modelselection//simulations/alignments/NP_salichos_rep17_AA.fasta.treefile
  Likelihood distances:          /csm_data/spielman_lab/dms_modelselection//simulations/alignments/NP_salichos_rep17_AA.fasta.mldist
  Screen log file:               /csm_data/spielman_lab/dms_modelselection//simulations/alignments/NP_salichos_rep17_AA.fasta.log

Date and Time: Tue Apr 16 08:06:06 2019
