IQ-TREE multicore version 1.6.7 for Linux 64-bit built Aug 23 2018
Developed by Bui Quang Minh, Nguyen Lam Tung, Olga Chernomor,
Heiko Schmidt, Dominik Schrempf, Michael Woodhams.

Host:    csm-com-004 (AVX2, FMA3, 62 GB RAM)
Command: iqtree -nt 8 -m PMB+I+G4 -s /csm_data/spielman_lab/dms_modelselection//simulations/alignments/NP_salichos_rep19_AA.fasta -st AA -te simulations/true_trees/salichos.tree
Seed:    442152 (Using SPRNG - Scalable Parallel Random Number Generator)
Time:    Tue Apr 16 09:29:19 2019
Kernel:  AVX+FMA - 8 threads (48 CPU cores detected)

Reading alignment file /csm_data/spielman_lab/dms_modelselection//simulations/alignments/NP_salichos_rep19_AA.fasta ... Fasta format detected
Alignment most likely contains protein sequences
Alignment has 23 sequences with 498 columns, 492 distinct patterns
449 parsimony-informative, 39 singleton sites, 10 constant sites
      Gap/Ambiguity  Composition  p-value
   1  Agos    0.00%    passed     76.64%
   2  Klac    0.00%    passed     41.04%
   3  Calb    0.00%    passed     65.38%
   4  Cdub    0.00%    passed     63.69%
   5  Ctro    0.00%    passed     95.51%
   6  Cpar    0.00%    passed     36.21%
   7  Lelo    0.00%    passed      6.15%
   8  Psti    0.00%    passed     90.75%
   9  Cgui    0.00%    passed     18.96%
  10  Dhan    0.00%    passed     45.26%
  11  Clus    0.00%    passed     82.96%
  12  Cgla    0.00%    passed     81.63%
  13  Sbay    0.00%    passed     99.27%
  14  Scer    0.00%    passed     99.35%
  15  Spar    0.00%    passed     98.67%
  16  Smik    0.00%    passed     98.13%
  17  Skud    0.00%    passed     92.62%
  18  Scas    0.00%    passed     91.61%
  19  Kpol    0.00%    passed     87.41%
  20  Zrou    0.00%    passed     94.05%
  21  Kthe    0.00%    passed     95.77%
  22  Kwal    0.00%    passed     73.55%
  23  Sklu    0.00%    passed     94.28%
****  TOTAL    0.00%  0 sequences failed composition chi2 test (p-value<5%; df=19)
Reading input tree file simulations/true_trees/salichos.tree ...

NOTE: 7 MB RAM (0 GB) is required!
Estimate model parameters (epsilon = 0.010)
Thoroughly optimizing +I+G parameters from 10 start values...
Init pinv, alpha: 0.000, 1.000 / Estimate: 0.016, 3.571 / LogL: -19714.391
Init pinv, alpha: 0.002, 1.000 / Estimate: 0.016, 3.570 / LogL: -19714.391
Init pinv, alpha: 0.004, 1.000 / Estimate: 0.016, 3.568 / LogL: -19714.391
Init pinv, alpha: 0.007, 1.000 / Estimate: 0.016, 3.570 / LogL: -19714.391
Init pinv, alpha: 0.009, 1.000 / Estimate: 0.016, 3.571 / LogL: -19714.391
Init pinv, alpha: 0.011, 1.000 / Estimate: 0.016, 3.571 / LogL: -19714.391
Init pinv, alpha: 0.013, 1.000 / Estimate: 0.016, 3.575 / LogL: -19714.391
Init pinv, alpha: 0.016, 1.000 / Estimate: 0.016, 3.575 / LogL: -19714.391
Init pinv, alpha: 0.018, 1.000 / Estimate: 0.016, 3.575 / LogL: -19714.391
Init pinv, alpha: 0.020, 1.000 / Estimate: 0.016, 3.571 / LogL: -19714.391
Optimal pinv,alpha: 0.016, 3.575 / LogL: -19714.391

Parameters optimization took 1.032 sec
BEST SCORE FOUND : -19714.391
Total tree length: 10.964

Total number of iterations: 0
CPU time used for tree search: 0.000 sec (0h:0m:0s)
Wall-clock time used for tree search: 0.000 sec (0h:0m:0s)
Total CPU time used: 8.229 sec (0h:0m:8s)
Total wall-clock time used: 1.042 sec (0h:0m:1s)

Analysis results written to: 
  IQ-TREE report:                /csm_data/spielman_lab/dms_modelselection//simulations/alignments/NP_salichos_rep19_AA.fasta.iqtree
  Maximum-likelihood tree:       /csm_data/spielman_lab/dms_modelselection//simulations/alignments/NP_salichos_rep19_AA.fasta.treefile
  Screen log file:               /csm_data/spielman_lab/dms_modelselection//simulations/alignments/NP_salichos_rep19_AA.fasta.log

Date and Time: Tue Apr 16 09:29:20 2019
