IQ-TREE multicore version 1.6.7 for Linux 64-bit built Aug 23 2018
Developed by Bui Quang Minh, Nguyen Lam Tung, Olga Chernomor,
Heiko Schmidt, Dominik Schrempf, Michael Woodhams.

Host:    csm-com-005 (AVX2, FMA3, 62 GB RAM)
Command: iqtree -nt 8 -m mtZOA+F+I+G4 -s /csm_data/spielman_lab/dms_modelselection//simulations/alignments/Gal4_opisthokonta_rep2_AA.fasta -st AA
Seed:    947246 (Using SPRNG - Scalable Parallel Random Number Generator)
Time:    Tue Apr 16 07:12:07 2019
Kernel:  AVX+FMA - 8 threads (48 CPU cores detected)

Reading alignment file /csm_data/spielman_lab/dms_modelselection//simulations/alignments/Gal4_opisthokonta_rep2_AA.fasta ... Fasta format detected
Alignment most likely contains protein sequences
Alignment has 70 sequences with 64 columns, 64 distinct patterns
61 parsimony-informative, 2 singleton sites, 1 constant sites
                                  Gap/Ambiguity  Composition  p-value
   1  Oscarella_carmela                   0.00%    passed     87.02%
   2  Leucetta_chagosensis                0.00%    passed     99.74%
   3  Sycon_raphanus                      0.00%    passed     98.81%
   4  Oopsacas_minuta                     0.00%    passed     84.51%
   5  Carteriospongia_foliascens          0.00%    passed     99.50%
   6  Amphimedon_queenslandica            0.00%    passed     99.12%
   7  Suberites_domuncula                 0.00%    passed     98.69%
   8  Lubomirskia_baicalensis             0.00%    passed     93.53%
   9  Ephydatia_muelleri                  0.00%    passed     93.94%
  10  Trichoplax_adhaerens                0.00%    passed     91.43%
  11  Nematostella_vectensis              0.00%    passed     99.98%
  12  Anemonia_viridis                    0.00%    passed     99.67%
  13  Aiptasia_pallida                    0.00%    passed     98.99%
  14  Metridium_senile                    0.00%    passed     98.20%
  15  Acropora_palmata                    0.00%    passed     99.09%
  16  Acropora_millepora                  0.00%    passed     97.62%
  17  Porites_astreoides                  0.00%    passed     99.49%
  18  Montastraea_faveolata               0.00%    passed     93.26%
  19  Cyanea_capillata                    0.00%    passed     97.82%
  20  Clytia_hemisphaerica                0.00%    passed     97.11%
  21  Podocoryna_carnea                   0.00%    passed     98.46%
  22  Hydractinia_echinata                0.00%    passed     95.74%
  23  Hydra_magnipapillata                0.00%    passed     75.64%
  24  Saccoglossus_kowalevskii            0.00%    passed     95.15%
  25  Ptychodera_flava                    0.00%    passed     99.25%
  26  Strongylocentrotus_purpuratus       0.00%    passed     99.03%
  27  Asterina_pectinifera                0.00%    passed     92.68%
  28  Branchiostoma_floridae              0.00%    passed     99.40%
  29  Petromyzon_marinus                  0.00%    passed     99.54%
  30  Gallus                              0.00%    passed     88.51%
  31  Ciona_intestinalis                  0.00%    passed     17.18%
  32  Halocynthia_roretzi                 0.00%    passed     85.30%
  33  Anoplodactylus_eroticus             0.00%    passed     92.59%
  34  Boophilus_microplus                 0.00%    passed     72.72%
  35  Daphnia_pulex                       0.00%    passed     98.88%
  36  Drosophila_melanogaster             0.00%    passed     98.84%
  37  Euperipatoides_kanangrensis         0.00%    passed     99.97%
  38  Echinoderes_horni                   0.00%    passed     96.69%
  39  Xiphinema_index                     0.00%    passed     91.95%
  40  Cerebratulus_lacteus                0.00%    passed     99.41%
  41  Terebratalia_transversa             0.00%    passed     99.41%
  42  Lottia_gigantea                     0.00%    passed     98.70%
  43  Crassostrea_virginica               0.00%    passed     83.00%
  44  Euprymna_scolopes                   0.00%    passed     83.50%
  45  Capitella_telata                    0.00%    passed     97.36%
  46  Helobdella_robusta                  0.00%    passed     98.80%
  47  Schmidtea_mediterranea              0.00%    passed     64.54%
  48  Paraplanocera_oligoglena            0.00%    passed     98.99%
  49  Xenoturbella_bocki                  0.00%    passed     74.86%
  50  Nemertoderma_westbladi              0.00%    passed     99.00%
  51  Meara_stichopi                      0.00%    passed     92.83%
  52  Isodiametra_pulchra                 0.00%    passed     70.75%
  53  Symsagittifera_roscoffensis         0.00%    passed     88.37%
  54  Convolutriloba_longifissura         0.00%    passed     66.80%
  55  Capsaspora_owczarzaki_ATCC_30864    0.00%    passed     99.80%
  56  Amoebidium_parasiticum              0.00%    passed     99.60%
  57  Sphaeroforma_arctica                0.00%    passed      5.12%
  58  Spizellomyces_punctatus             0.00%    passed     96.48%
  59  Batrachochytrium_dendrobatidis      0.00%    passed     99.66%
  60  Cryptococcus_neoformans             0.00%    passed     98.62%
  61  Saccharomyces_cerevisiae            0.00%    passed     92.60%
  62  Phycomyces_blakesleeanus            0.00%    passed     97.74%
  63  Rhizopus_orizae                     0.00%    passed     99.22%
  64  Monosiga_ovata                      0.00%    passed     87.72%
  65  Salpingoeca_rosetta                 0.00%    passed     99.12%
  66  Monosiga_brevicollis                0.00%    passed     96.94%
  67  Mnemiopsis                          0.00%    passed     95.43%
  68  Mertensiid_sp                       0.00%    passed     15.97%
  69  Pleurobrachia_pileus                0.00%    passed     94.16%
  70  Oscarella_lobularis                 0.00%    passed     91.75%
****  TOTAL                               0.00%  0 sequences failed composition chi2 test (p-value<5%; df=19)

Create initial parsimony tree by phylogenetic likelihood library (PLL)... 0.008 seconds

NOTE: 3 MB RAM (0 GB) is required!
WARNING: Number of threads seems too high for short alignments. Use -nt AUTO to determine best number of threads.
Estimate model parameters (epsilon = 0.100)
Thoroughly optimizing +I+G parameters from 10 start values...
Init pinv, alpha: 0.000, 1.000 / Estimate: 0.000, 0.833 / LogL: -5326.771
Init pinv, alpha: 0.002, 1.000 / Estimate: 0.000, 0.833 / LogL: -5326.771
Init pinv, alpha: 0.003, 1.000 / Estimate: 0.000, 0.833 / LogL: -5326.771
Init pinv, alpha: 0.005, 1.000 / Estimate: 0.000, 0.833 / LogL: -5326.772
Init pinv, alpha: 0.007, 1.000 / Estimate: 0.000, 0.833 / LogL: -5326.772
Init pinv, alpha: 0.009, 1.000 / Estimate: 0.000, 0.833 / LogL: -5326.772
Init pinv, alpha: 0.010, 1.000 / Estimate: 0.000, 0.833 / LogL: -5326.772
Init pinv, alpha: 0.012, 1.000 / Estimate: 0.000, 0.833 / LogL: -5326.773
Init pinv, alpha: 0.014, 1.000 / Estimate: 0.000, 0.833 / LogL: -5326.773
Init pinv, alpha: 0.016, 1.000 / Estimate: 0.000, 0.833 / LogL: -5326.773
Optimal pinv,alpha: 0.000, 0.833 / LogL: -5326.771

Parameters optimization took 0.852 sec
Computing ML distances based on estimated model parameters... 2.231 sec
Computing BIONJ tree...
0.004 seconds
Log-likelihood of BIONJ tree: -5312.291
--------------------------------------------------------------------
|             INITIALIZING CANDIDATE TREE SET                      |
--------------------------------------------------------------------
Generating 98 parsimony trees... 1.175 second
Computing log-likelihood of 98 initial trees ... 1.877 seconds
Current best score: -5299.763

Do NNI search on 20 best initial trees
Estimate model parameters (epsilon = 0.100)
BETTER TREE FOUND at iteration 1: -5259.932
Iteration 10 / LogL: -5307.223 / Time: 0h:0m:6s
Iteration 20 / LogL: -5310.347 / Time: 0h:0m:9s
Finish initializing candidate tree set (20)
Current best tree score: -5259.932 / CPU time: 7.865
Number of iterations: 20
--------------------------------------------------------------------
|               OPTIMIZING CANDIDATE TREE SET                      |
--------------------------------------------------------------------
Estimate model parameters (epsilon = 0.100)
BETTER TREE FOUND at iteration 29: -5258.645
Iteration 30 / LogL: -5260.858 / Time: 0h:0m:11s (0h:0m:39s left)
Iteration 40 / LogL: -5263.938 / Time: 0h:0m:13s (0h:0m:31s left)
Iteration 50 / LogL: -5266.184 / Time: 0h:0m:16s (0h:0m:26s left)
Estimate model parameters (epsilon = 0.100)
BETTER TREE FOUND at iteration 54: -5257.812
Iteration 60 / LogL: -5262.142 / Time: 0h:0m:19s (0h:0m:30s left)
Estimate model parameters (epsilon = 0.100)
BETTER TREE FOUND at iteration 63: -5256.652
Iteration 70 / LogL: -5263.240 / Time: 0h:0m:22s (0h:0m:29s left)
Iteration 80 / LogL: -5257.989 / Time: 0h:0m:24s (0h:0m:26s left)
Estimate model parameters (epsilon = 0.100)
BETTER TREE FOUND at iteration 87: -5254.293
Iteration 90 / LogL: -5257.981 / Time: 0h:0m:27s (0h:0m:29s left)
Iteration 100 / LogL: -5273.765 / Time: 0h:0m:29s (0h:0m:26s left)
BETTER TREE FOUND at iteration 109: -5254.293
Iteration 110 / LogL: -5300.576 / Time: 0h:0m:32s (0h:0m:29s left)
UPDATE BEST LOG-LIKELIHOOD: -5254.293
Iteration 120 / LogL: -5254.958 / Time: 0h:0m:34s (0h:0m:25s left)
Estimate model parameters (epsilon = 0.100)
BETTER TREE FOUND at iteration 129: -5253.603
Iteration 130 / LogL: -5254.309 / Time: 0h:0m:37s (0h:0m:28s left)
Iteration 140 / LogL: -5254.979 / Time: 0h:0m:39s (0h:0m:25s left)
Estimate model parameters (epsilon = 0.100)
BETTER TREE FOUND at iteration 142: -5252.586
BETTER TREE FOUND at iteration 146: -5252.586
BETTER TREE FOUND at iteration 149: -5252.585
Iteration 150 / LogL: -5255.795 / Time: 0h:0m:41s (0h:0m:27s left)
UPDATE BEST LOG-LIKELIHOOD: -5252.585
Iteration 160 / LogL: -5252.586 / Time: 0h:0m:44s (0h:0m:24s left)
Estimate model parameters (epsilon = 0.100)
BETTER TREE FOUND at iteration 168: -5251.706
Iteration 170 / LogL: -5253.487 / Time: 0h:0m:46s (0h:0m:27s left)
Estimate model parameters (epsilon = 0.100)
BETTER TREE FOUND at iteration 174: -5251.664
Iteration 180 / LogL: -5251.996 / Time: 0h:0m:48s (0h:0m:25s left)
Iteration 190 / LogL: -5262.256 / Time: 0h:0m:51s (0h:0m:22s left)
Iteration 200 / LogL: -5252.693 / Time: 0h:0m:53s (0h:0m:19s left)
Estimate model parameters (epsilon = 0.100)
BETTER TREE FOUND at iteration 202: -5250.907
Estimate model parameters (epsilon = 0.100)
BETTER TREE FOUND at iteration 208: -5250.795
Iteration 210 / LogL: -5251.955 / Time: 0h:0m:55s (0h:0m:26s left)
Iteration 220 / LogL: -5271.487 / Time: 0h:0m:57s (0h:0m:23s left)
Iteration 230 / LogL: -5255.122 / Time: 0h:1m:0s (0h:0m:20s left)
Iteration 240 / LogL: -5254.162 / Time: 0h:1m:2s (0h:0m:17s left)
Iteration 250 / LogL: -5254.268 / Time: 0h:1m:4s (0h:0m:15s left)
Iteration 260 / LogL: -5253.054 / Time: 0h:1m:6s (0h:0m:12s left)
Iteration 270 / LogL: -5264.665 / Time: 0h:1m:9s (0h:0m:9s left)
Iteration 280 / LogL: -5252.366 / Time: 0h:1m:11s (0h:0m:7s left)
Iteration 290 / LogL: -5252.366 / Time: 0h:1m:13s (0h:0m:4s left)
Iteration 300 / LogL: -5264.197 / Time: 0h:1m:16s (0h:0m:2s left)
TREE SEARCH COMPLETED AFTER 309 ITERATIONS / Time: 0h:1m:18s

--------------------------------------------------------------------
|                    FINALIZING TREE SEARCH                        |
--------------------------------------------------------------------
Performs final model parameters optimization
Estimate model parameters (epsilon = 0.010)
1. Initial log-likelihood: -5250.795
Optimal log-likelihood: -5250.795
Proportion of invariable sites: 0.000
Gamma shape alpha: 0.731
Parameters optimization took 1 rounds (0.016 sec)
BEST SCORE FOUND : -5250.795
Total tree length: 31.615

Total number of iterations: 309
CPU time used for tree search: 606.249 sec (0h:10m:6s)
Wall-clock time used for tree search: 76.921 sec (0h:1m:16s)
Total CPU time used: 616.026 sec (0h:10m:16s)
Total wall-clock time used: 78.165 sec (0h:1m:18s)

Analysis results written to: 
  IQ-TREE report:                /csm_data/spielman_lab/dms_modelselection//simulations/alignments/Gal4_opisthokonta_rep2_AA.fasta.iqtree
  Maximum-likelihood tree:       /csm_data/spielman_lab/dms_modelselection//simulations/alignments/Gal4_opisthokonta_rep2_AA.fasta.treefile
  Likelihood distances:          /csm_data/spielman_lab/dms_modelselection//simulations/alignments/Gal4_opisthokonta_rep2_AA.fasta.mldist
  Screen log file:               /csm_data/spielman_lab/dms_modelselection//simulations/alignments/Gal4_opisthokonta_rep2_AA.fasta.log

Date and Time: Tue Apr 16 07:13:26 2019
