IQ-TREE multicore version 1.6.8 for Mac OS X 64-bit built Oct 28 2018
Developed by Bui Quang Minh, Nguyen Lam Tung, Olga Chernomor,
Heiko Schmidt, Dominik Schrempf, Michael Woodhams.

Host:    sciespie0019 (AVX2, FMA3, 16 GB RAM)
Command: iqtree -nt 4 -m hb_models/Gal4_HB.paml+F -s /Users/spielman/Projects/dms_modelselection//simulations/alignments/Gal4_andersen_rep20_AA.fasta -st AA
Seed:    402800 (Using SPRNG - Scalable Parallel Random Number Generator)
Time:    Fri Jun  7 12:28:31 2019
Kernel:  AVX+FMA - 4 threads (8 CPU cores detected)

Reading alignment file /Users/spielman/Projects/dms_modelselection//simulations/alignments/Gal4_andersen_rep20_AA.fasta ... Fasta format detected
Alignment most likely contains protein sequences
Alignment has 179 sequences with 64 columns, 64 distinct patterns
50 parsimony-informative, 10 singleton sites, 4 constant sites
                      Gap/Ambiguity  Composition  p-value
   1  BA366-S-GIN-2003        0.00%    passed     92.45%
   2  G502-S-SLE-2009         0.00%    passed     99.99%
   3  G1180-S-SLE-2010        0.00%    passed    100.00%
   4  G2147-S-SLE-2011        0.00%    passed     99.96%
   5  G2165-S-SLE-2011        0.00%    passed    100.00%
   6  LM222-S-SLE-2010        0.00%    passed    100.00%
   7  LM774-S-SLE-2012        0.00%    passed    100.00%
   8  LM778-S-SLE-2012        0.00%    passed    100.00%
   9  G2184-S-SLE-2011        0.00%    passed    100.00%
  10  LM776-S-SLE-2012        0.00%    passed    100.00%
  11  G503-S-SLE-2009         0.00%    passed     75.98%
  12  G2318-S-SLE-2012        0.00%    passed    100.00%
  13  G1959-S-SLE-2011        0.00%    passed     99.99%
  14  G3010-S-SLE-2013        0.00%    passed     99.96%
  15  G610-S-SLE-2009         0.00%    passed    100.00%
  16  G693-S-SLE-2009         0.00%    passed    100.00%
  17  G771-S-SLE-2010         0.00%    passed    100.00%
  18  G1792-S-SLE-2011        0.00%    passed    100.00%
  19  G1960-S-SLE-2011        0.00%    passed    100.00%
  20  G2565-S-SLE-2012        0.00%    passed    100.00%
  21  G2197-S-SLE-2011        0.00%    failed      0.12%
  22  LM032-S-SLE-2010        0.00%    passed     90.72%
  23  Josiah-S-SLE-1976       0.00%    passed     99.97%
  24  G808-S-SLE-2010         0.00%    passed     99.99%
  25  G2868-S-SLE-2012        0.00%    passed    100.00%
  26  G676-S-SLE-2009         0.00%    passed     99.87%
  27  G2405-S-SLE-2012        0.00%    passed     99.87%
  28  G1190-S-SLE-2010        0.00%    passed     99.99%
  29  G2944-S-SLE-2012        0.00%    passed     99.47%
  30  LM765-S-SLE-2012        0.00%    passed     99.99%
  31  G3148-S-SLE-2013        0.00%    passed     99.99%
  32  Z0947-S-SLE-2011        0.00%    passed     99.62%
  33  Z0948-S-SLE-2011        0.00%    passed     99.62%
  34  G1727-S-SLE-2011        0.00%    passed     99.99%
  35  G1647-S-SLE-2011        0.00%    passed     99.96%
  36  G2295-S-SLE-2012        0.00%    passed     99.67%
  37  G2587-S-SLE-2012        0.00%    passed     99.67%
  38  G2280-S-SLE-2012        0.00%    passed     99.98%
  39  G3016-S-SLE-2013        0.00%    passed     99.96%
  40  G3106-S-SLE-2013        0.00%    passed     99.96%
  41  G2612-S-SLE-2012        0.00%    passed     99.91%
  42  LM779-S-SLE-2012        0.00%    passed     99.53%
  43  G692-S-SLE-2009         0.00%    passed     99.99%
  44  LM395-S-SLE-2009        0.00%    passed     99.99%
  45  G1774-S-SLE-2011        0.00%    passed     99.96%
  46  G2222-S-SLE-2011        0.00%    passed     99.92%
  47  G636-S-SLE-2009         0.00%    passed    100.00%
  48  G2315-S-SLE-2012        0.00%    passed    100.00%
  49  G2903-S-SLE-2012        0.00%    passed    100.00%
  50  G3206-S-SLE-2013        0.00%    passed    100.00%
  51  G733-S-SLE-2010         0.00%    passed    100.00%
  52  G2554-S-SLE-2012        0.00%    passed    100.00%
  53  G1618-S-SLE-2011        0.00%    passed    100.00%
  54  G1646-S-SLE-2011        0.00%    passed    100.00%
  55  G2427-S-SLE-2012        0.00%    passed     85.11%
  56  G2392-S-SLE-2012        0.00%    passed     99.93%
  57  G3229-S-SLE-2013        0.00%    passed     99.98%
  58  G3151-S-SLE-2013        0.00%    passed     78.21%
  59  G3248-S-SLE-2013        0.00%    passed     78.21%
  60  G3170-S-SLE-2013        0.00%    passed     78.21%
  61  NL-S-SLE-2000           0.00%    passed     99.99%
  62  G2263-S-SLE-2012        0.00%    passed    100.00%
  63  G2431-S-SLE-2012        0.00%    passed     99.97%
  64  G1442-S-SLE-2011        0.00%    passed    100.00%
  65  G2141-S-SLE-2011        0.00%    passed     99.91%
  66  G1529-S-SLE-2011        0.00%    passed     99.76%
  67  G3234-S-SLE-2013        0.00%    passed     98.92%
  68  G2363-S-SLE-2012        0.00%    passed     98.62%
  69  G2259-S-SLE-2012        0.00%    passed     99.93%
  70  G2723-S-SLE-2012        0.00%    passed     99.81%
  71  G3278-S-SLE-2013        0.00%    passed     99.97%
  72  G2557-S-SLE-2012        0.00%    passed     98.05%
  73  G2615-S-SLE-2012        0.00%    passed     99.97%
  74  G1200-S-LIB-2010        0.00%    passed     99.92%
  75  Macenta-S-GIN-1982      0.00%    passed     25.58%
  76  Z148-S-LIB-1981         0.00%    passed     25.58%
  77  Nig08-A18-S-NIG-2008    0.00%    passed     81.18%
  78  Nig08-A19-S-NIG-2008    0.00%    failed      3.80%
  79  CSF-S-NIG-2001          0.00%    failed      0.46%
  80  ISTH0009-S-NIG-2011     0.00%    passed    100.00%
  81  LASV979-S-NIG-2009      0.00%    passed    100.00%
  82  LASV237-S-NIG-2010      0.00%    passed    100.00%
  83  LASV711-S-NIG-2009      0.00%    passed    100.00%
  84  LASV992-S-NIG-2009      0.00%    passed    100.00%
  85  ISTH0230-S-NIG-2011     0.00%    passed    100.00%
  86  LASV975-S-NIG-2009      0.00%    passed    100.00%
  87  ISTH2061-S-NIG-2012     0.00%    passed    100.00%
  88  Nig08-A41-S-NIG-2008    0.00%    passed    100.00%
  89  ISTH2217-S-NIG-2012     0.00%    passed    100.00%
  90  ISTH1064-S-NIG-2011     0.00%    passed    100.00%
  91  ISTH2334-S-NIG-2012     0.00%    passed    100.00%
  92  LASV245-S-NIG-2011      0.00%    passed    100.00%
  93  LASV1011-S-NIG-2009     0.00%    passed    100.00%
  94  ISTH2312-S-NIG-2012     0.00%    passed    100.00%
  95  LASV1000-S-NIG-2009     0.00%    passed    100.00%
  96  ISTH2010-S-NIG-2012     0.00%    passed     99.97%
  97  ISTH2016-S-NIG-2012     0.00%    passed     99.26%
  98  Nig08-A37-S-NIG-2008    0.00%    passed     99.97%
  99  LASV737-S-NIG-2009      0.00%    passed     99.97%
 100  LASV719-S-NIG-2009      0.00%    passed     99.90%
 101  LASV046-S-NIG-2009      0.00%    passed     99.91%
 102  ISTH2042-S-NIG-2012     0.00%    passed     99.91%
 103  LASV274-S-NIG-2010      0.00%    passed     99.97%
 104  LASV263-S-NIG-2011      0.00%    passed     99.99%
 105  ISTH1137-S-NIG-2011     0.00%    passed     99.99%
 106  LASV976-S-NIG-2009      0.00%    passed    100.00%
 107  LASV1016-S-NIG-2009     0.00%    passed    100.00%
 108  LASV229-S-NIG-2010      0.00%    passed     99.99%
 109  ISTH2129-S-NIG-2012     0.00%    passed    100.00%
 110  ISTH2057-S-NIG-2012     0.00%    passed     98.82%
 111  LASV058-S-NIG-2008      0.00%    passed     99.85%
 112  ISTH1038-S-NIG-2011     0.00%    passed     99.41%
 113  LASV056-S-NIG-2008      0.00%    passed     99.85%
 114  LASV042-S-NIG-2009      0.00%    passed     99.85%
 115  LASV981-S-NIG-2009      0.00%    passed     99.87%
 116  LASV256-S-NIG-2010      0.00%    passed     99.30%
 117  LASV052-S-NIG-2008      0.00%    passed     99.87%
 118  LASV063-S-NIG-2009      0.00%    passed     99.85%
 119  ISTH0595-S-NIG-2011     0.00%    passed     98.71%
 120  ISTH1096-S-NIG-2012     0.00%    passed     98.67%
 121  LASV221-S-NIG-2010      0.00%    passed     99.66%
 122  LASV977-S-NIG-2009      0.00%    passed     99.66%
 123  LASV971-S-NIG-2009      0.00%    passed     99.80%
 124  LASV967-S-NIG-2009      0.00%    passed     99.90%
 125  ISTH2050-S-NIG-2012     0.00%    passed     99.51%
 126  ISTH2031-S-NIG-2012     0.00%    passed    100.00%
 127  ISTH2376-S-NIG-2012     0.00%    passed     99.86%
 128  LASV991-S-NIG-2009      0.00%    passed    100.00%
 129  LASV267-S-NIG-2010      0.00%    passed     99.99%
 130  LASV049-S-NIG-2009      0.00%    passed    100.00%
 131  LASV239-S-NIG-2010      0.00%    passed    100.00%
 132  ISTH2037-S-NIG-2012     0.00%    passed     78.66%
 133  ISTH1069-S-NIG-2011     0.00%    passed    100.00%
 134  ISTH1129-S-NIG-2012     0.00%    passed     99.94%
 135  ISTH2304-S-NIG-2012     0.00%    passed     75.67%
 136  LASV246-S-NIG-2010      0.00%    passed    100.00%
 137  ISTH1111-S-NIG-2011     0.00%    passed     99.99%
 138  LASV006-S-NIG-2008      0.00%    passed     99.99%
 139  ISTH0531-S-NIG-2011     0.00%    passed    100.00%
 140  LASV254-S-NIG-2011      0.00%    passed    100.00%
 141  ISTH2358-S-NIG-2012     0.00%    passed    100.00%
 142  LASV966-S-NIG-2009      0.00%    passed    100.00%
 143  ISTH1058-S-NIG-2011     0.00%    passed    100.00%
 144  LASV241-S-NIG-2011      0.00%    passed    100.00%
 145  LASV271-S-NIG-2010      0.00%    passed    100.00%
 146  Nig08-A47-S-NIG-2008    0.00%    passed    100.00%
 147  ISTH0012-S-NIG-2011     0.00%    passed    100.00%
 148  LASV993-S-NIG-2009      0.00%    passed    100.00%
 149  ISTH2046-S-NIG-2012     0.00%    passed    100.00%
 150  LASV1008-S-NIG-2009     0.00%    passed    100.00%
 151  ISTH2020-S-NIG-2012     0.00%    passed    100.00%
 152  LASV003-S-NIG-2008      0.00%    passed    100.00%
 153  LASV242-S-NIG-2010      0.00%    passed    100.00%
 154  LASV253-S-NIG-2011      0.00%    passed    100.00%
 155  LASV982-S-NIG-2009      0.00%    passed    100.00%
 156  LASV251-S-NIG-2010      0.00%    passed    100.00%
 157  LASV989-S-NIG-2009      0.00%    passed    100.00%
 158  ISTH0047-S-NIG-2011     0.00%    passed    100.00%
 159  LASV990-S-NIG-2009      0.00%    passed    100.00%
 160  ISTH1003-S-NIG-2011     0.00%    passed    100.00%
 161  ISTH0073-S-NIG-2011     0.00%    passed    100.00%
 162  ISTH2316-S-NIG-2012     0.00%    passed    100.00%
 163  LASV225-S-NIG-2010      0.00%    passed    100.00%
 164  LASV978-S-NIG-2009      0.00%    passed    100.00%
 165  ISTH1048-S-NIG-2011     0.00%    passed    100.00%
 166  LASV045-S-NIG-2009      0.00%    passed    100.00%
 167  ISTH2025-S-NIG-2012     0.00%    passed    100.00%
 168  LASV250-S-NIG-2011      0.00%    passed    100.00%
 169  LASV1015-S-NIG-2009     0.00%    passed    100.00%
 170  LASV035-S-NIG-2009      0.00%    passed    100.00%
 171  ISTH1107-S-NIG-2012     0.00%    passed    100.00%
 172  ISTH2271-S-NIG-2012     0.00%    passed    100.00%
 173  ISTH1121-S-NIG-2012     0.00%    passed    100.00%
 174  ISTH2065-S-NIG-2012     0.00%    passed     75.95%
 175  ISTH2066-S-NIG-2012     0.00%    passed     75.95%
 176  ISTH2094-S-NIG-2012     0.00%    passed     99.50%
 177  Nig08-04-S-NIG-2008     0.00%    passed     99.98%
 178  Pinneo-S-NIG-1969       0.00%    passed      9.92%
 179  AV-S-CIV-1999           0.00%    passed     54.79%
****  TOTAL                   0.00%  3 sequences failed composition chi2 test (p-value<5%; df=19)
NOTE: G610-S-SLE-2009 is identical to G1180-S-SLE-2010 but kept for subsequent analysis
NOTE: LM774-S-SLE-2012 is identical to G2165-S-SLE-2011 but kept for subsequent analysis
NOTE: G2405-S-SLE-2012 is identical to G676-S-SLE-2009 but kept for subsequent analysis
NOTE: LM765-S-SLE-2012 is identical to G1190-S-SLE-2010 but kept for subsequent analysis
NOTE: Z0948-S-SLE-2011 is identical to Z0947-S-SLE-2011 but kept for subsequent analysis
NOTE: G2587-S-SLE-2012 is identical to G2295-S-SLE-2012 but kept for subsequent analysis
NOTE: G3106-S-SLE-2013 is identical to G3016-S-SLE-2013 but kept for subsequent analysis
NOTE: LM395-S-SLE-2009 is identical to G692-S-SLE-2009 but kept for subsequent analysis
NOTE: G2315-S-SLE-2012 is identical to G636-S-SLE-2009 but kept for subsequent analysis
NOTE: G2554-S-SLE-2012 is identical to G733-S-SLE-2010 but kept for subsequent analysis
NOTE: G3248-S-SLE-2013 is identical to G3151-S-SLE-2013 but kept for subsequent analysis
NOTE: G2615-S-SLE-2012 is identical to G3278-S-SLE-2013 but kept for subsequent analysis
NOTE: Z148-S-LIB-1981 is identical to Macenta-S-GIN-1982 but kept for subsequent analysis
NOTE: LASV979-S-NIG-2009 is identical to ISTH0009-S-NIG-2011 but kept for subsequent analysis
NOTE: Nig08-A37-S-NIG-2008 is identical to ISTH2010-S-NIG-2012 but kept for subsequent analysis
NOTE: ISTH2042-S-NIG-2012 is identical to LASV046-S-NIG-2009 but kept for subsequent analysis
NOTE: LASV056-S-NIG-2008 is identical to LASV058-S-NIG-2008 but kept for subsequent analysis
NOTE: LASV977-S-NIG-2009 is identical to LASV221-S-NIG-2010 but kept for subsequent analysis
NOTE: LASV250-S-NIG-2011 is identical to LASV239-S-NIG-2010 but kept for subsequent analysis
NOTE: LASV271-S-NIG-2010 is identical to ISTH1058-S-NIG-2011 but kept for subsequent analysis
NOTE: LASV990-S-NIG-2009 is identical to ISTH0047-S-NIG-2011 but kept for subsequent analysis
NOTE: ISTH2066-S-NIG-2012 is identical to ISTH2065-S-NIG-2012 but kept for subsequent analysis
NOTE: 30 identical sequences (see below) will be ignored for subsequent analysis
NOTE: G693-S-SLE-2009 (identical to G1180-S-SLE-2010) is ignored but added at the end
NOTE: G771-S-SLE-2010 (identical to G1180-S-SLE-2010) is ignored but added at the end
NOTE: G1960-S-SLE-2011 (identical to G1180-S-SLE-2010) is ignored but added at the end
NOTE: LM778-S-SLE-2012 (identical to G2165-S-SLE-2011) is ignored but added at the end
NOTE: G3148-S-SLE-2013 (identical to G1190-S-SLE-2010) is ignored but added at the end
NOTE: G1727-S-SLE-2011 (identical to G1190-S-SLE-2010) is ignored but added at the end
NOTE: G1618-S-SLE-2011 (identical to G733-S-SLE-2010) is ignored but added at the end
NOTE: G1646-S-SLE-2011 (identical to G733-S-SLE-2010) is ignored but added at the end
NOTE: G3170-S-SLE-2013 (identical to G3151-S-SLE-2013) is ignored but added at the end
NOTE: LASV237-S-NIG-2010 (identical to ISTH0009-S-NIG-2011) is ignored but added at the end
NOTE: LASV711-S-NIG-2009 (identical to ISTH0009-S-NIG-2011) is ignored but added at the end
NOTE: ISTH0230-S-NIG-2011 (identical to ISTH0009-S-NIG-2011) is ignored but added at the end
NOTE: ISTH2061-S-NIG-2012 (identical to ISTH0009-S-NIG-2011) is ignored but added at the end
NOTE: ISTH2334-S-NIG-2012 (identical to ISTH0009-S-NIG-2011) is ignored but added at the end
NOTE: LASV976-S-NIG-2009 (identical to ISTH0009-S-NIG-2011) is ignored but added at the end
NOTE: LASV1016-S-NIG-2009 (identical to ISTH0009-S-NIG-2011) is ignored but added at the end
NOTE: LASV966-S-NIG-2009 (identical to ISTH0009-S-NIG-2011) is ignored but added at the end
NOTE: ISTH0012-S-NIG-2011 (identical to ISTH0009-S-NIG-2011) is ignored but added at the end
NOTE: LASV993-S-NIG-2009 (identical to ISTH0009-S-NIG-2011) is ignored but added at the end
NOTE: ISTH2046-S-NIG-2012 (identical to ISTH0009-S-NIG-2011) is ignored but added at the end
NOTE: LASV1008-S-NIG-2009 (identical to ISTH0009-S-NIG-2011) is ignored but added at the end
NOTE: LASV003-S-NIG-2008 (identical to ISTH0009-S-NIG-2011) is ignored but added at the end
NOTE: ISTH0073-S-NIG-2011 (identical to ISTH0009-S-NIG-2011) is ignored but added at the end
NOTE: LASV225-S-NIG-2010 (identical to ISTH0009-S-NIG-2011) is ignored but added at the end
NOTE: LASV978-S-NIG-2009 (identical to ISTH0009-S-NIG-2011) is ignored but added at the end
NOTE: LASV1015-S-NIG-2009 (identical to ISTH0009-S-NIG-2011) is ignored but added at the end
NOTE: LASV737-S-NIG-2009 (identical to ISTH2010-S-NIG-2012) is ignored but added at the end
NOTE: LASV274-S-NIG-2010 (identical to ISTH2010-S-NIG-2012) is ignored but added at the end
NOTE: LASV042-S-NIG-2009 (identical to LASV058-S-NIG-2008) is ignored but added at the end
NOTE: LASV063-S-NIG-2009 (identical to LASV058-S-NIG-2008) is ignored but added at the end

For your convenience alignment with unique sequences printed to /Users/spielman/Projects/dms_modelselection//simulations/alignments/Gal4_andersen_rep20_AA.fasta.uniqueseq.phy

Create initial parsimony tree by phylogenetic likelihood library (PLL)... 0.011 seconds
Reading model parameters from file hb_models/Gal4_HB.paml

NOTE: 1 MB RAM (0 GB) is required!
WARNING: Number of threads seems too high for short alignments. Use -nt AUTO to determine best number of threads.
Estimate model parameters (epsilon = 0.100)
1. Initial log-likelihood: -2499.780
Optimal log-likelihood: -2354.285
Parameters optimization took 1 rounds (0.016 sec)
Computing ML distances based on estimated model parameters... 1.061 sec
Computing BIONJ tree...
0.010 seconds
Log-likelihood of BIONJ tree: -2322.234
--------------------------------------------------------------------
|             INITIALIZING CANDIDATE TREE SET                      |
--------------------------------------------------------------------
Generating 98 parsimony trees... 1.241 second
Computing log-likelihood of 98 initial trees ... 1.112 seconds
Current best score: -2311.843

Do NNI search on 20 best initial trees
Estimate model parameters (epsilon = 0.100)
BETTER TREE FOUND at iteration 1: -2302.048
Iteration 10 / LogL: -2306.540 / Time: 0h:0m:3s
Estimate model parameters (epsilon = 0.100)
BETTER TREE FOUND at iteration 17: -2298.749
Iteration 20 / LogL: -2321.576 / Time: 0h:0m:4s
Finish initializing candidate tree set (20)
Current best tree score: -2298.749 / CPU time: 3.747
Number of iterations: 20
--------------------------------------------------------------------
|               OPTIMIZING CANDIDATE TREE SET                      |
--------------------------------------------------------------------
Estimate model parameters (epsilon = 0.100)
BETTER TREE FOUND at iteration 26: -2298.521
Iteration 30 / LogL: -2299.953 / Time: 0h:0m:5s (0h:0m:16s left)
Estimate model parameters (epsilon = 0.100)
BETTER TREE FOUND at iteration 32: -2298.358
Estimate model parameters (epsilon = 0.100)
BETTER TREE FOUND at iteration 35: -2297.308
Iteration 40 / LogL: -2298.192 / Time: 0h:0m:5s (0h:0m:14s left)
Estimate model parameters (epsilon = 0.100)
BETTER TREE FOUND at iteration 42: -2296.343
Estimate model parameters (epsilon = 0.100)
BETTER TREE FOUND at iteration 48: -2295.452
Estimate model parameters (epsilon = 0.100)
BETTER TREE FOUND at iteration 50: -2295.291
Iteration 50 / LogL: -2295.291 / Time: 0h:0m:6s (0h:0m:13s left)
Estimate model parameters (epsilon = 0.100)
BETTER TREE FOUND at iteration 53: -2290.928
Iteration 60 / LogL: -2296.503 / Time: 0h:0m:7s (0h:0m:12s left)
BETTER TREE FOUND at iteration 65: -2290.928
Estimate model parameters (epsilon = 0.100)
BETTER TREE FOUND at iteration 69: -2290.906
Iteration 70 / LogL: -2296.557 / Time: 0h:0m:8s (0h:0m:12s left)
Estimate model parameters (epsilon = 0.100)
BETTER TREE FOUND at iteration 76: -2290.037
BETTER TREE FOUND at iteration 79: -2290.037
Iteration 80 / LogL: -2294.363 / Time: 0h:0m:9s (0h:0m:11s left)
BETTER TREE FOUND at iteration 82: -2290.037
Estimate model parameters (epsilon = 0.100)
BETTER TREE FOUND at iteration 86: -2288.773
Iteration 90 / LogL: -2290.037 / Time: 0h:0m:10s (0h:0m:11s left)
Iteration 100 / LogL: -2293.011 / Time: 0h:0m:11s (0h:0m:9s left)
BETTER TREE FOUND at iteration 102: -2288.773
BETTER TREE FOUND at iteration 108: -2288.773
Iteration 110 / LogL: -2289.804 / Time: 0h:0m:12s (0h:0m:11s left)
BETTER TREE FOUND at iteration 120: -2288.773
Iteration 120 / LogL: -2288.773 / Time: 0h:0m:13s (0h:0m:11s left)
Estimate model parameters (epsilon = 0.100)
BETTER TREE FOUND at iteration 122: -2288.504
Iteration 130 / LogL: -2293.591 / Time: 0h:0m:14s (0h:0m:10s left)
Estimate model parameters (epsilon = 0.100)
BETTER TREE FOUND at iteration 133: -2288.124
Estimate model parameters (epsilon = 0.100)
BETTER TREE FOUND at iteration 135: -2287.896
Iteration 140 / LogL: -2293.580 / Time: 0h:0m:14s (0h:0m:10s left)
BETTER TREE FOUND at iteration 145: -2287.895
Iteration 150 / LogL: -2296.236 / Time: 0h:0m:15s (0h:0m:10s left)
Iteration 160 / LogL: -2310.399 / Time: 0h:0m:16s (0h:0m:8s left)
Estimate model parameters (epsilon = 0.100)
BETTER TREE FOUND at iteration 162: -2286.980
Iteration 170 / LogL: -2294.629 / Time: 0h:0m:17s (0h:0m:9s left)
Iteration 180 / LogL: -2288.903 / Time: 0h:0m:18s (0h:0m:8s left)
Iteration 190 / LogL: -2287.720 / Time: 0h:0m:19s (0h:0m:7s left)
Estimate model parameters (epsilon = 0.100)
BETTER TREE FOUND at iteration 196: -2286.389
Iteration 200 / LogL: -2292.641 / Time: 0h:0m:20s (0h:0m:9s left)
Iteration 210 / LogL: -2292.074 / Time: 0h:0m:21s (0h:0m:8s left)
Iteration 220 / LogL: -2287.988 / Time: 0h:0m:21s (0h:0m:7s left)
Estimate model parameters (epsilon = 0.100)
BETTER TREE FOUND at iteration 221: -2286.161
BETTER TREE FOUND at iteration 224: -2286.161
Iteration 230 / LogL: -2295.038 / Time: 0h:0m:22s (0h:0m:9s left)
BETTER TREE FOUND at iteration 235: -2286.161
Iteration 240 / LogL: -2287.296 / Time: 0h:0m:23s (0h:0m:9s left)
Iteration 250 / LogL: -2286.389 / Time: 0h:0m:24s (0h:0m:8s left)
Iteration 260 / LogL: -2286.389 / Time: 0h:0m:25s (0h:0m:7s left)
Iteration 270 / LogL: -2308.902 / Time: 0h:0m:26s (0h:0m:6s left)
BETTER TREE FOUND at iteration 275: -2286.161
Iteration 280 / LogL: -2297.350 / Time: 0h:0m:27s (0h:0m:9s left)
Iteration 290 / LogL: -2295.277 / Time: 0h:0m:27s (0h:0m:8s left)
BETTER TREE FOUND at iteration 293: -2286.160
Iteration 300 / LogL: -2314.483 / Time: 0h:0m:28s (0h:0m:8s left)
Iteration 310 / LogL: -2286.161 / Time: 0h:0m:29s (0h:0m:7s left)
Iteration 320 / LogL: -2287.441 / Time: 0h:0m:30s (0h:0m:6s left)
Iteration 330 / LogL: -2289.804 / Time: 0h:0m:31s (0h:0m:6s left)
Iteration 340 / LogL: -2287.441 / Time: 0h:0m:32s (0h:0m:5s left)
Estimate model parameters (epsilon = 0.100)
BETTER TREE FOUND at iteration 346: -2282.421
Iteration 350 / LogL: -2289.245 / Time: 0h:0m:33s (0h:0m:9s left)
Iteration 360 / LogL: -2287.212 / Time: 0h:0m:34s (0h:0m:8s left)
BETTER TREE FOUND at iteration 365: -2282.420
Iteration 370 / LogL: -2290.778 / Time: 0h:0m:34s (0h:0m:8s left)
Iteration 380 / LogL: -2286.298 / Time: 0h:0m:35s (0h:0m:8s left)
BETTER TREE FOUND at iteration 386: -2282.420
Iteration 390 / LogL: -2282.649 / Time: 0h:0m:36s (0h:0m:9s left)
Iteration 400 / LogL: -2282.421 / Time: 0h:0m:37s (0h:0m:8s left)
Iteration 410 / LogL: -2301.439 / Time: 0h:0m:38s (0h:0m:7s left)
Iteration 420 / LogL: -2282.420 / Time: 0h:0m:39s (0h:0m:6s left)
Iteration 430 / LogL: -2283.975 / Time: 0h:0m:40s (0h:0m:5s left)
Iteration 440 / LogL: -2282.420 / Time: 0h:0m:41s (0h:0m:4s left)
BETTER TREE FOUND at iteration 449: -2282.420
Iteration 450 / LogL: -2282.420 / Time: 0h:0m:42s (0h:0m:9s left)
BETTER TREE FOUND at iteration 456: -2282.420
Iteration 460 / LogL: -2282.420 / Time: 0h:0m:42s (0h:0m:8s left)
Iteration 470 / LogL: -2286.554 / Time: 0h:0m:43s (0h:0m:8s left)
Iteration 480 / LogL: -2283.701 / Time: 0h:0m:44s (0h:0m:7s left)
BETTER TREE FOUND at iteration 487: -2282.420
Iteration 490 / LogL: -2286.747 / Time: 0h:0m:45s (0h:0m:9s left)
Iteration 500 / LogL: -2288.753 / Time: 0h:0m:46s (0h:0m:8s left)
BETTER TREE FOUND at iteration 501: -2282.420
Iteration 510 / LogL: -2283.701 / Time: 0h:0m:47s (0h:0m:8s left)
BETTER TREE FOUND at iteration 513: -2282.420
Estimate model parameters (epsilon = 0.100)
BETTER TREE FOUND at iteration 515: -2280.632
Iteration 520 / LogL: -2280.783 / Time: 0h:0m:48s (0h:0m:8s left)
Iteration 530 / LogL: -2291.634 / Time: 0h:0m:48s (0h:0m:7s left)
Iteration 540 / LogL: -2281.683 / Time: 0h:0m:49s (0h:0m:6s left)
BETTER TREE FOUND at iteration 542: -2280.631
Iteration 550 / LogL: -2280.963 / Time: 0h:0m:50s (0h:0m:8s left)
Estimate model parameters (epsilon = 0.100)
BETTER TREE FOUND at iteration 556: -2280.403
Iteration 560 / LogL: -2281.684 / Time: 0h:0m:51s (0h:0m:8s left)
Iteration 570 / LogL: -2289.377 / Time: 0h:0m:52s (0h:0m:7s left)
Iteration 580 / LogL: -2290.681 / Time: 0h:0m:53s (0h:0m:7s left)
Iteration 590 / LogL: -2280.632 / Time: 0h:0m:54s (0h:0m:6s left)
BETTER TREE FOUND at iteration 598: -2280.403
Iteration 600 / LogL: -2303.674 / Time: 0h:0m:55s (0h:0m:9s left)
Iteration 610 / LogL: -2295.995 / Time: 0h:0m:56s (0h:0m:8s left)
Iteration 620 / LogL: -2288.029 / Time: 0h:0m:56s (0h:0m:7s left)
Iteration 630 / LogL: -2286.729 / Time: 0h:0m:57s (0h:0m:6s left)
Iteration 640 / LogL: -2282.766 / Time: 0h:0m:58s (0h:0m:5s left)
Iteration 650 / LogL: -2283.604 / Time: 0h:0m:59s (0h:0m:4s left)
BETTER TREE FOUND at iteration 657: -2280.403
Iteration 660 / LogL: -2280.583 / Time: 0h:1m:0s (0h:0m:8s left)
Iteration 670 / LogL: -2281.684 / Time: 0h:1m:1s (0h:0m:7s left)
BETTER TREE FOUND at iteration 676: -2280.403
Iteration 680 / LogL: -2286.632 / Time: 0h:1m:2s (0h:0m:8s left)
Iteration 690 / LogL: -2284.308 / Time: 0h:1m:3s (0h:0m:7s left)
Iteration 700 / LogL: -2280.403 / Time: 0h:1m:4s (0h:0m:6s left)
Iteration 710 / LogL: -2295.057 / Time: 0h:1m:4s (0h:0m:6s left)
Iteration 720 / LogL: -2280.447 / Time: 0h:1m:5s (0h:0m:5s left)
Iteration 730 / LogL: -2280.539 / Time: 0h:1m:6s (0h:0m:4s left)
Iteration 740 / LogL: -2287.361 / Time: 0h:1m:7s (0h:0m:3s left)
Iteration 750 / LogL: -2280.403 / Time: 0h:1m:8s (0h:0m:2s left)
Iteration 760 / LogL: -2286.761 / Time: 0h:1m:9s (0h:0m:1s left)
BETTER TREE FOUND at iteration 763: -2280.403
Iteration 770 / LogL: -2293.819 / Time: 0h:1m:10s (0h:0m:8s left)
Iteration 780 / LogL: -2286.936 / Time: 0h:1m:11s (0h:0m:7s left)
Iteration 790 / LogL: -2287.244 / Time: 0h:1m:12s (0h:0m:6s left)
BETTER TREE FOUND at iteration 795: -2280.403
Iteration 800 / LogL: -2280.403 / Time: 0h:1m:13s (0h:0m:8s left)
Iteration 810 / LogL: -2280.403 / Time: 0h:1m:14s (0h:0m:7s left)
Iteration 820 / LogL: -2298.353 / Time: 0h:1m:15s (0h:0m:6s left)
Iteration 830 / LogL: -2289.052 / Time: 0h:1m:16s (0h:0m:5s left)
Iteration 840 / LogL: -2280.403 / Time: 0h:1m:17s (0h:0m:5s left)
Iteration 850 / LogL: -2280.632 / Time: 0h:1m:18s (0h:0m:4s left)
Iteration 860 / LogL: -2288.416 / Time: 0h:1m:19s (0h:0m:3s left)
Iteration 870 / LogL: -2284.981 / Time: 0h:1m:20s (0h:0m:2s left)
Iteration 880 / LogL: -2289.573 / Time: 0h:1m:21s (0h:0m:1s left)
Iteration 890 / LogL: -2280.403 / Time: 0h:1m:22s (0h:0m:0s left)
TREE SEARCH COMPLETED AFTER 896 ITERATIONS / Time: 0h:1m:23s

--------------------------------------------------------------------
|                    FINALIZING TREE SEARCH                        |
--------------------------------------------------------------------
Performs final model parameters optimization
Estimate model parameters (epsilon = 0.010)
1. Initial log-likelihood: -2280.403
Optimal log-likelihood: -2280.403
Parameters optimization took 1 rounds (0.005 sec)
BEST SCORE FOUND : -2280.403
Total tree length: 6.009

Total number of iterations: 896
CPU time used for tree search: 327.584 sec (0h:5m:27s)
Wall-clock time used for tree search: 82.864 sec (0h:1m:22s)
Total CPU time used: 328.878 sec (0h:5m:28s)
Total wall-clock time used: 83.201 sec (0h:1m:23s)

Analysis results written to: 
  IQ-TREE report:                /Users/spielman/Projects/dms_modelselection//simulations/alignments/Gal4_andersen_rep20_AA.fasta.iqtree
  Maximum-likelihood tree:       /Users/spielman/Projects/dms_modelselection//simulations/alignments/Gal4_andersen_rep20_AA.fasta.treefile
  Likelihood distances:          /Users/spielman/Projects/dms_modelselection//simulations/alignments/Gal4_andersen_rep20_AA.fasta.mldist
  Screen log file:               /Users/spielman/Projects/dms_modelselection//simulations/alignments/Gal4_andersen_rep20_AA.fasta.log

Date and Time: Fri Jun  7 12:29:54 2019
