IQ-TREE multicore version 1.6.8 for Mac OS X 64-bit built Oct 28 2018
Developed by Bui Quang Minh, Nguyen Lam Tung, Olga Chernomor,
Heiko Schmidt, Dominik Schrempf, Michael Woodhams.

Host:    sciespie0019 (AVX2, FMA3, 16 GB RAM)
Command: iqtree -nt 4 -m hb_models/Gal4_HB.paml+F -s /Users/spielman/Projects/dms_modelselection//simulations/alignments/Gal4_spiralia_rep9_AA.fasta -st AA
Seed:    977119 (Using SPRNG - Scalable Parallel Random Number Generator)
Time:    Fri Jun  7 13:04:26 2019
Kernel:  AVX+FMA - 4 threads (8 CPU cores detected)

Reading alignment file /Users/spielman/Projects/dms_modelselection//simulations/alignments/Gal4_spiralia_rep9_AA.fasta ... Fasta format detected
Alignment most likely contains protein sequences
Alignment has 103 sequences with 64 columns, 62 distinct patterns
52 parsimony-informative, 6 singleton sites, 6 constant sites
                                Gap/Ambiguity  Composition  p-value
   1  Adineta_vaga                      0.00%    passed     97.22%
   2  Rotaria_rotatoria                 0.00%    passed     98.40%
   3  Lepadella_patella                 0.00%    passed     99.40%
   4  Brachionus_plicatilis             0.00%    passed     99.94%
   5  Brachionus_manjavacas             0.00%    passed     99.94%
   6  Rhabdopleura_compacta             0.00%    passed     99.99%
   7  Ptychodera_flava                  0.00%    passed     99.94%
   8  SchizocardiumCalif_cl             0.00%    passed     99.99%
   9  Sackow                            0.00%    passed    100.00%
  10  Patmin                            0.00%    passed     99.97%
  11  Parastichopus_parvimensis         0.00%    passed    100.00%
  12  Strpur                            0.00%    passed    100.00%
  13  Florometra_serratissima           0.00%    passed     99.97%
  14  Calmil                            0.00%    passed     99.98%
  15  HUMAN                             0.00%    passed     99.96%
  16  LATCH                             0.00%    passed     99.50%
  17  LEPOC                             0.00%    passed    100.00%
  18  Petromyzon_marins                 0.00%    passed    100.00%
  19  Halocynthia_roretzi               0.00%    passed    100.00%
  20  Molgula_tectiformis               0.00%    passed     99.42%
  21  CIOIN                             0.00%    passed    100.00%
  22  Asymmetron_lucayanum              0.00%    passed     99.64%
  23  BraLan                            0.00%    passed     99.64%
  24  Leucoselenia_complicata           0.00%    passed     88.93%
  25  Sycon_ciliatum                    0.00%    passed     84.38%
  26  Oscarella_carmella                0.00%    passed     81.55%
  27  AMPQE                             0.00%    passed     90.81%
  28  Ephidatia_mulleri                 0.00%    passed     99.96%
  29  NEMVE                             0.00%    passed    100.00%
  30  Acropora_digitifera               0.00%    passed     99.99%
  31  Aurelia_aurita                    0.00%    passed     83.99%
  32  Clytia_hemisphaerica              0.00%    passed     99.99%
  33  Isodiametra_pulchra               0.00%    passed     99.98%
  34  Childia_submaculatum              0.00%    passed     99.24%
  35  Diopisthoporus_gymnopharyngeus    0.00%    passed     99.93%
  36  Hofstenia_miamia                  0.00%    passed     99.99%
  37  Meara_stichopi                    0.00%    passed     99.91%
  38  Nemertoderma_westbladi            0.00%    passed     99.92%
  39  Xenoturbella_profunda             0.00%    passed     99.33%
  40  Xenoturbella_bocki                0.00%    passed     99.64%
  41  TRICA                             0.00%    passed     99.57%
  42  DROME                             0.00%    passed     98.34%
  43  Apis_mellifera                    0.00%    passed     99.66%
  44  Daphnia_pulex                     0.00%    passed     99.98%
  45  Eudigraphis_taiwaniensis          0.00%    passed     98.72%
  46  STRMM                             0.00%    passed     99.36%
  47  Mesobuthus_martensii              0.00%    passed     93.95%
  48  Limulus_polyphemus                0.00%    passed     99.96%
  49  Peripatopsis_capensis             0.00%    passed    100.00%
  50  Enoplus_brevis                    0.00%    passed     49.39%
  51  Romanomermis_culicivorax          0.00%    passed     96.46%
  52  Ramazzottius_varieornatus         0.00%    passed     99.89%
  53  Hypsibius_dujardini               0.00%    passed     99.88%
  54  Priapulus_caudatus                0.00%    passed     99.38%
  55  Halicryptus_spinulosus            0.00%    passed     99.50%
  56  Tubiluchus_corallicola            0.00%    passed     99.93%
  57  Lepidodermella_squamata           0.00%    passed     98.95%
  58  Diuronotus_aspetos                0.00%    passed     99.90%
  59  Macrodasys_sp                     0.00%    passed     99.27%
  60  Megadasys_sp                      0.00%    passed     99.90%
  61  Catenulida_sp                     0.00%    passed     65.34%
  62  Stylochoplana_maculata            0.00%    passed     96.85%
  63  Stylochus_ellipticus              0.00%    passed     97.18%
  64  Macrostomum_lignano               0.00%    passed     86.33%
  65  LOTGI                             0.00%    passed    100.00%
  66  Aplysia_californica               0.00%    passed    100.00%
  67  CRAGI                             0.00%    passed     99.99%
  68  Leptochiton_rugatus               0.00%    passed     66.89%
  69  Neomenia_megatrapezata            0.00%    passed    100.00%
  70  CAPI1                             0.00%    passed     92.06%
  71  Lumbricus_terrestris              0.00%    passed    100.00%
  72  Nephtys_caeca                     0.00%    passed     99.92%
  73  Owenia_fusiformis                 0.00%    passed    100.00%
  74  Lineus_longissimus                0.00%    passed     94.87%
  75  Paranemertes_peregrina            0.00%    passed     99.99%
  76  Malacobdella_grossa               0.00%    passed     99.99%
  77  Tubulanus_polymorphus             0.00%    passed     99.99%
  78  Cephalothrix_linearis             0.00%    passed    100.00%
  79  Hemithiris_psittacea              0.00%    passed     99.94%
  80  Terebratalia_transversa           0.00%    passed    100.00%
  81  Glottidia_pyramidata              0.00%    passed    100.00%
  82  Linana                            0.00%    passed    100.00%
  83  Phoronopsis_harmeri               0.00%    passed     99.98%
  84  Phoronis_vancouverensis           0.00%    passed     99.90%
  85  Phoronis_psammophila              0.00%    passed     99.96%
  86  Membranipora_membranacea          0.00%    passed     96.49%
  87  Bugula_neritina                   0.00%    passed     93.33%
  88  Loxosoma_pectinaricola            0.00%    passed     99.83%
  89  Barentsia_gracilis                0.00%    passed     99.96%
  90  Sagitta_gazellae                  0.00%    passed     99.75%
  91  Sagitta_setosa                    0.00%    passed     98.26%
  92  Pterosagitta_draco                0.00%    passed     99.12%
  93  Sagitta_elegans                   0.00%    passed     99.87%
  94  Sagitta_serratodentata            0.00%    passed     99.75%
  95  Sagitta_hexaptera                 0.00%    passed     99.61%
  96  Krohnitta_sp                      0.00%    passed     99.87%
  97  Paraspadella_ovovivipara          0.00%    passed     99.60%
  98  Pargo1                            0.00%    passed     99.60%
  99  Spadella_cephaloptera             0.00%    passed     65.80%
 100  Eukrohnia_hamata                  0.00%    passed     99.22%
 101  Gnathostomula_paradoxa            0.00%    passed     90.00%
 102  Austrognathia_sp                  0.00%    passed     99.81%
 103  Limnognathia_maerski              0.00%    passed     98.11%
****  TOTAL                             0.00%  0 sequences failed composition chi2 test (p-value<5%; df=19)
NOTE: Brachionus_manjavacas is identical to Brachionus_plicatilis but kept for subsequent analysis
NOTE: BraLan is identical to Asymmetron_lucayanum but kept for subsequent analysis
NOTE: Malacobdella_grossa is identical to Paranemertes_peregrina but kept for subsequent analysis
NOTE: Linana is identical to Glottidia_pyramidata but kept for subsequent analysis
NOTE: Pargo1 is identical to Paraspadella_ovovivipara but kept for subsequent analysis

Create initial parsimony tree by phylogenetic likelihood library (PLL)... 0.011 seconds
Reading model parameters from file hb_models/Gal4_HB.paml

NOTE: 1 MB RAM (0 GB) is required!
WARNING: Number of threads seems too high for short alignments. Use -nt AUTO to determine best number of threads.
Estimate model parameters (epsilon = 0.100)
1. Initial log-likelihood: -3121.488
Optimal log-likelihood: -3057.591
Parameters optimization took 1 rounds (0.009 sec)
Computing ML distances based on estimated model parameters... 0.434 sec
Computing BIONJ tree...
0.005 seconds
Log-likelihood of BIONJ tree: -3001.628
--------------------------------------------------------------------
|             INITIALIZING CANDIDATE TREE SET                      |
--------------------------------------------------------------------
Generating 98 parsimony trees... 0.899 second
Computing log-likelihood of 98 initial trees ... 0.700 seconds
Current best score: -3001.628

Do NNI search on 20 best initial trees
Estimate model parameters (epsilon = 0.100)
BETTER TREE FOUND at iteration 1: -2990.266
Estimate model parameters (epsilon = 0.100)
BETTER TREE FOUND at iteration 4: -2982.163
Iteration 10 / LogL: -3006.016 / Time: 0h:0m:2s
Iteration 20 / LogL: -3015.642 / Time: 0h:0m:2s
Finish initializing candidate tree set (20)
Current best tree score: -2982.163 / CPU time: 2.640
Number of iterations: 20
--------------------------------------------------------------------
|               OPTIMIZING CANDIDATE TREE SET                      |
--------------------------------------------------------------------
Estimate model parameters (epsilon = 0.100)
BETTER TREE FOUND at iteration 23: -2980.912
Estimate model parameters (epsilon = 0.100)
BETTER TREE FOUND at iteration 26: -2972.719
Iteration 30 / LogL: -2981.081 / Time: 0h:0m:3s (0h:0m:11s left)
Estimate model parameters (epsilon = 0.100)
BETTER TREE FOUND at iteration 31: -2971.300
BETTER TREE FOUND at iteration 35: -2971.300
Estimate model parameters (epsilon = 0.100)
BETTER TREE FOUND at iteration 36: -2971.054
BETTER TREE FOUND at iteration 39: -2971.053
Estimate model parameters (epsilon = 0.100)
BETTER TREE FOUND at iteration 40: -2970.854
Iteration 40 / LogL: -2970.854 / Time: 0h:0m:4s (0h:0m:10s left)
Estimate model parameters (epsilon = 0.100)
BETTER TREE FOUND at iteration 45: -2970.480
Iteration 50 / LogL: -2972.284 / Time: 0h:0m:4s (0h:0m:9s left)
Iteration 60 / LogL: -2973.700 / Time: 0h:0m:5s (0h:0m:7s left)
Iteration 70 / LogL: -2972.516 / Time: 0h:0m:6s (0h:0m:6s left)
BETTER TREE FOUND at iteration 74: -2970.480
Iteration 80 / LogL: -2972.432 / Time: 0h:0m:6s (0h:0m:8s left)
Iteration 90 / LogL: -2974.890 / Time: 0h:0m:7s (0h:0m:7s left)
Estimate model parameters (epsilon = 0.100)
BETTER TREE FOUND at iteration 93: -2970.280
BETTER TREE FOUND at iteration 100: -2970.280
Iteration 100 / LogL: -2970.280 / Time: 0h:0m:8s (0h:0m:8s left)
Estimate model parameters (epsilon = 0.100)
BETTER TREE FOUND at iteration 104: -2967.950
Iteration 110 / LogL: -2972.516 / Time: 0h:0m:8s (0h:0m:7s left)
Iteration 120 / LogL: -2969.763 / Time: 0h:0m:9s (0h:0m:6s left)
Iteration 130 / LogL: -2970.259 / Time: 0h:0m:10s (0h:0m:5s left)
Iteration 140 / LogL: -2968.642 / Time: 0h:0m:10s (0h:0m:5s left)
BETTER TREE FOUND at iteration 143: -2967.950
Iteration 150 / LogL: -2970.965 / Time: 0h:0m:11s (0h:0m:7s left)
Iteration 160 / LogL: -2967.954 / Time: 0h:0m:12s (0h:0m:6s left)
Estimate model parameters (epsilon = 0.100)
BETTER TREE FOUND at iteration 168: -2967.575
Iteration 170 / LogL: -2971.635 / Time: 0h:0m:12s (0h:0m:7s left)
Iteration 180 / LogL: -2969.481 / Time: 0h:0m:13s (0h:0m:6s left)
Iteration 190 / LogL: -2974.301 / Time: 0h:0m:14s (0h:0m:5s left)
Estimate model parameters (epsilon = 0.100)
BETTER TREE FOUND at iteration 193: -2965.671
Estimate model parameters (epsilon = 0.100)
BETTER TREE FOUND at iteration 200: -2965.347
Iteration 200 / LogL: -2965.347 / Time: 0h:0m:15s (0h:0m:7s left)
Estimate model parameters (epsilon = 0.100)
BETTER TREE FOUND at iteration 203: -2965.148
Iteration 210 / LogL: -2974.235 / Time: 0h:0m:15s (0h:0m:7s left)
Iteration 220 / LogL: -2966.289 / Time: 0h:0m:16s (0h:0m:6s left)
Estimate model parameters (epsilon = 0.100)
BETTER TREE FOUND at iteration 224: -2963.932
Estimate model parameters (epsilon = 0.100)
BETTER TREE FOUND at iteration 230: -2962.913
Iteration 230 / LogL: -2962.913 / Time: 0h:0m:17s (0h:0m:7s left)
BETTER TREE FOUND at iteration 239: -2962.913
Iteration 240 / LogL: -2963.932 / Time: 0h:0m:17s (0h:0m:7s left)
Estimate model parameters (epsilon = 0.100)
BETTER TREE FOUND at iteration 250: -2962.714
Iteration 250 / LogL: -2962.714 / Time: 0h:0m:18s (0h:0m:7s left)
Iteration 260 / LogL: -2964.248 / Time: 0h:0m:19s (0h:0m:6s left)
Iteration 270 / LogL: -2962.826 / Time: 0h:0m:19s (0h:0m:5s left)
BETTER TREE FOUND at iteration 273: -2962.714
Iteration 280 / LogL: -2971.347 / Time: 0h:0m:20s (0h:0m:6s left)
Iteration 290 / LogL: -2983.397 / Time: 0h:0m:21s (0h:0m:6s left)
Iteration 300 / LogL: -2970.069 / Time: 0h:0m:21s (0h:0m:5s left)
Iteration 310 / LogL: -2970.172 / Time: 0h:0m:22s (0h:0m:4s left)
Iteration 320 / LogL: -2962.913 / Time: 0h:0m:23s (0h:0m:3s left)
Iteration 330 / LogL: -2964.949 / Time: 0h:0m:23s (0h:0m:3s left)
Iteration 340 / LogL: -2968.762 / Time: 0h:0m:24s (0h:0m:2s left)
Iteration 350 / LogL: -2962.714 / Time: 0h:0m:25s (0h:0m:1s left)
Iteration 360 / LogL: -2967.018 / Time: 0h:0m:25s (0h:0m:0s left)
Iteration 370 / LogL: -2964.046 / Time: 0h:0m:26s (0h:0m:0s left)
TREE SEARCH COMPLETED AFTER 374 ITERATIONS / Time: 0h:0m:26s

--------------------------------------------------------------------
|                    FINALIZING TREE SEARCH                        |
--------------------------------------------------------------------
Performs final model parameters optimization
Estimate model parameters (epsilon = 0.010)
1. Initial log-likelihood: -2962.714
Optimal log-likelihood: -2962.714
Parameters optimization took 1 rounds (0.003 sec)
BEST SCORE FOUND : -2962.714
Total tree length: 7.647

Total number of iterations: 374
CPU time used for tree search: 103.714 sec (0h:1m:43s)
Wall-clock time used for tree search: 26.518 sec (0h:0m:26s)
Total CPU time used: 104.307 sec (0h:1m:44s)
Total wall-clock time used: 26.681 sec (0h:0m:26s)

Analysis results written to: 
  IQ-TREE report:                /Users/spielman/Projects/dms_modelselection//simulations/alignments/Gal4_spiralia_rep9_AA.fasta.iqtree
  Maximum-likelihood tree:       /Users/spielman/Projects/dms_modelselection//simulations/alignments/Gal4_spiralia_rep9_AA.fasta.treefile
  Likelihood distances:          /Users/spielman/Projects/dms_modelselection//simulations/alignments/Gal4_spiralia_rep9_AA.fasta.mldist
  Screen log file:               /Users/spielman/Projects/dms_modelselection//simulations/alignments/Gal4_spiralia_rep9_AA.fasta.log

Date and Time: Fri Jun  7 13:04:53 2019
