IQ-TREE multicore version 1.6.7 for Linux 64-bit built Aug 23 2018
Developed by Bui Quang Minh, Nguyen Lam Tung, Olga Chernomor,
Heiko Schmidt, Dominik Schrempf, Michael Woodhams.

Host:    csm-com-007 (AVX2, FMA3, 62 GB RAM)
Command: iqtree -nt 8 -m JTT+I+G4 -s /csm_data/spielman_lab/dms_modelselection//simulations/alignments/HA_greenalga_rep7_AA.fasta -st AA
Seed:    647905 (Using SPRNG - Scalable Parallel Random Number Generator)
Time:    Sat Apr  6 11:37:00 2019
Kernel:  AVX+FMA - 8 threads (48 CPU cores detected)

Reading alignment file /csm_data/spielman_lab/dms_modelselection//simulations/alignments/HA_greenalga_rep7_AA.fasta ... Fasta format detected
Alignment most likely contains protein sequences
Alignment has 23 sequences with 564 columns, 490 distinct patterns
381 parsimony-informative, 93 singleton sites, 90 constant sites
                                Gap/Ambiguity  Composition  p-value
   1  Schizomeris_leibleinii            0.00%    passed     96.65%
   2  Stigeoclonium_helveticum          0.00%    passed     98.33%
   3  Floydiella_terrestris             0.00%    passed     90.21%
   4  Oedogonium_cardiacum              0.00%    passed     99.81%
   5  Dunaliella_salina                 0.00%    passed     86.16%
   6  Chlamydomonas_reinhardtii         0.00%    passed     99.95%
   7  Gonium_pectorale                  0.00%    passed     99.98%
   8  Pleodorina_starrii                0.00%    passed    100.00%
   9  Volvox_carteri                    0.00%    passed     99.98%
  10  Bracteacoccus_aerius              0.00%    passed     99.91%
  11  Bracteacoccus_minor               0.00%    passed     94.98%
  12  Mychonastes_homosphaera           0.00%    passed     99.78%
  13  Pseudomuriella_schumacherensis    0.00%    passed     99.99%
  14  Kirchneriella_aperta              0.00%    passed     97.98%
  15  Ourococcus_multisporus            0.00%    passed     99.19%
  16  Pediastrum_duplex                 0.00%    passed     99.41%
  17  Chlorotetraedron_incus            0.00%    passed     99.74%
  18  Neochloris_aquatica               0.00%    passed     95.76%
  19  Scenedesmus_obliquus              0.00%    passed     99.98%
  20  Rotundella_rotunda                0.00%    passed     99.91%
  21  Chromochloris_zofingiensis        0.00%    passed     99.99%
  22  Atractomorpha_echinata            0.00%    passed     99.17%
  23  Ankyra_judai                      0.00%    passed     99.53%
****  TOTAL                             0.00%  0 sequences failed composition chi2 test (p-value<5%; df=19)

Create initial parsimony tree by phylogenetic likelihood library (PLL)... 0.002 seconds

NOTE: 7 MB RAM (0 GB) is required!
Estimate model parameters (epsilon = 0.100)
Thoroughly optimizing +I+G parameters from 10 start values...
Init pinv, alpha: 0.000, 1.000 / Estimate: 0.000, 2.147 / LogL: -10700.830
Init pinv, alpha: 0.018, 1.000 / Estimate: 0.056, 3.047 / LogL: -10696.505
Init pinv, alpha: 0.035, 1.000 / Estimate: 0.056, 3.044 / LogL: -10696.509
Init pinv, alpha: 0.053, 1.000 / Estimate: 0.059, 3.109 / LogL: -10696.434
Init pinv, alpha: 0.071, 1.000 / Estimate: 0.068, 3.293 / LogL: -10696.348
Init pinv, alpha: 0.089, 1.000 / Estimate: 0.073, 3.421 / LogL: -10696.389
Init pinv, alpha: 0.106, 1.000 / Estimate: 0.074, 3.443 / LogL: -10696.405
Init pinv, alpha: 0.124, 1.000 / Estimate: 0.074, 3.430 / LogL: -10696.395
Init pinv, alpha: 0.142, 1.000 / Estimate: 0.075, 3.450 / LogL: -10696.410
Init pinv, alpha: 0.160, 1.000 / Estimate: 0.075, 3.463 / LogL: -10696.421
Optimal pinv,alpha: 0.068, 3.293 / LogL: -10696.348

Parameters optimization took 1.034 sec
Computing ML distances based on estimated model parameters... 0.139 sec
Computing BIONJ tree...
0.001 seconds
Log-likelihood of BIONJ tree: -10706.428
--------------------------------------------------------------------
|             INITIALIZING CANDIDATE TREE SET                      |
--------------------------------------------------------------------
Generating 98 parsimony trees... 0.341 second
Computing log-likelihood of 98 initial trees ... 1.081 seconds
Current best score: -10694.535

Do NNI search on 20 best initial trees
Estimate model parameters (epsilon = 0.100)
BETTER TREE FOUND at iteration 1: -10694.500
Iteration 10 / LogL: -10694.518 / Time: 0h:0m:3s
Iteration 20 / LogL: -10694.513 / Time: 0h:0m:4s
Finish initializing candidate tree set (1)
Current best tree score: -10694.500 / CPU time: 2.932
Number of iterations: 20
--------------------------------------------------------------------
|               OPTIMIZING CANDIDATE TREE SET                      |
--------------------------------------------------------------------
Iteration 30 / LogL: -10694.509 / Time: 0h:0m:4s (0h:0m:11s left)
Iteration 40 / LogL: -10694.575 / Time: 0h:0m:5s (0h:0m:9s left)
Iteration 50 / LogL: -10694.500 / Time: 0h:0m:6s (0h:0m:7s left)
Iteration 60 / LogL: -10764.470 / Time: 0h:0m:7s (0h:0m:5s left)
Iteration 70 / LogL: -10694.505 / Time: 0h:0m:8s (0h:0m:3s left)
Iteration 80 / LogL: -10697.045 / Time: 0h:0m:9s (0h:0m:2s left)
Iteration 90 / LogL: -10694.511 / Time: 0h:0m:10s (0h:0m:1s left)
Iteration 100 / LogL: -10764.348 / Time: 0h:0m:11s (0h:0m:0s left)
TREE SEARCH COMPLETED AFTER 102 ITERATIONS / Time: 0h:0m:12s

--------------------------------------------------------------------
|                    FINALIZING TREE SEARCH                        |
--------------------------------------------------------------------
Performs final model parameters optimization
Estimate model parameters (epsilon = 0.010)
1. Initial log-likelihood: -10694.500
Optimal log-likelihood: -10694.500
Proportion of invariable sites: 0.068
Gamma shape alpha: 3.315
Parameters optimization took 1 rounds (0.014 sec)
BEST SCORE FOUND : -10694.500
Total tree length: 3.244

Total number of iterations: 102
CPU time used for tree search: 86.164 sec (0h:1m:26s)
Wall-clock time used for tree search: 10.938 sec (0h:0m:10s)
Total CPU time used: 94.871 sec (0h:1m:34s)
Total wall-clock time used: 12.043 sec (0h:0m:12s)

Analysis results written to: 
  IQ-TREE report:                /csm_data/spielman_lab/dms_modelselection//simulations/alignments/HA_greenalga_rep7_AA.fasta.iqtree
  Maximum-likelihood tree:       /csm_data/spielman_lab/dms_modelselection//simulations/alignments/HA_greenalga_rep7_AA.fasta.treefile
  Likelihood distances:          /csm_data/spielman_lab/dms_modelselection//simulations/alignments/HA_greenalga_rep7_AA.fasta.mldist
  Screen log file:               /csm_data/spielman_lab/dms_modelselection//simulations/alignments/HA_greenalga_rep7_AA.fasta.log

Date and Time: Sat Apr  6 11:37:12 2019
