IQ-TREE multicore version 1.6.9 for Linux 64-bit built Dec 20 2018
Developed by Bui Quang Minh, Nguyen Lam Tung, Olga Chernomor,
Heiko Schmidt, Dominik Schrempf, Michael Woodhams.

Host:    spielmanlab (AVX512, FMA3, 125 GB RAM)
Command: iqtree -nt 4 -m GTR20 -s /home/spielman/dms_modelselection//simulations/alignments/HA_prum_rep8_AA.fasta -st AA -quiet
Seed:    709960 (Using SPRNG - Scalable Parallel Random Number Generator)
Time:    Thu Jun  6 19:57:03 2019
Kernel:  AVX+FMA - 4 threads (24 CPU cores detected)

Reading alignment file /home/spielman/dms_modelselection//simulations/alignments/HA_prum_rep8_AA.fasta ... Fasta format detected
Alignment most likely contains protein sequences
Alignment has 200 sequences with 564 columns, 550 distinct patterns
470 parsimony-informative, 66 singleton sites, 28 constant sites
                                                           Gap/Ambiguity  Composition  p-value
   1  I0185_86_Accipitridae_Buteo_jamaicensis                      0.00%    passed    100.00%
   2  I0186_111_Momotidae_Momotus_lessonii                         0.00%    passed    100.00%
   3  I0194_495_Alcedinidae_Alcedo_quadribrachys                   0.00%    passed     99.97%
   4  I0272_5303_Alcedinidae_Chloroceryle_inda                     0.00%    passed     99.99%
   5  I0234_1994_Todidae_Todus_mexicanus                           0.00%    passed    100.00%
   6  I0199_955_Meropidae_Merops_muelleri                          0.00%    passed    100.00%
   7  I0284_6031_Coraciidae_Coracias_cyanogaster                   0.00%    passed    100.00%
   8  I0364_384759_Brachypteraciidae_Atelornis_pittoides           0.00%    passed     99.99%
   9  I0191_344_Indicatoridae_Indicator_exilis                     0.00%    passed    100.00%
  10  I0213_1334_Picidae_Jynx_torquilla                            0.00%    passed    100.00%
  11  I0259_3344_Picidae_Picus_canus                               0.00%    passed     99.99%
  12  I0195_522_Ramphastidae_Buccanodon_duchaillui                 0.00%    passed    100.00%
  13  I0266_3617_Ramphastidae_Capito_niger                         0.00%    passed     99.98%
  14  I0286_6061_Ramphastidae_Ramphastos_ambiguus                  0.00%    passed    100.00%
  15  I0397_17790_Ramphastidae_Megalaima_chrysopogon               0.00%    passed     99.91%
  16  I0267_3690_Bucconidae_Bucco_capensis                         0.00%    passed    100.00%
  17  I0274_5339_Bucconidae_Chelidoptera_tenebrosa                 0.00%    passed     99.99%
  18  I0273_5315_Galbulidae_Galbula_dea                            0.00%    passed    100.00%
  19  I0198_937_Bucerotidae_Tockus_camurus                         0.00%    passed     99.99%
  20  I2828_3250_Bucerotidae_Bucorvus_leadbeateri                  0.00%    passed     99.92%
  21  I0233_1920_Upupidae_Upupa_epops                              0.00%    passed     99.99%
  22  I0392_15430_Phoeniculidae_Phoeniculus_purpureus              0.00%    passed     99.85%
  23  I0187_115_Trogonidae_Trogon_elegans                          0.00%    passed    100.00%
  24  I0190_295_Trogonidae_Apaloderma_aequatoriale                 0.00%    passed    100.00%
  25  I0367_449184_Leptosomidae_Leptosomus_discolor                0.00%    passed    100.00%
  26  I0410_52764_Coliidae_Colius_colius                           0.00%    passed     99.96%
  27  I0413_67124_Coliidae_Colius_indicus                          0.00%    passed     99.99%
  28  I0208_1208_Strigidae_Strix_varia                             0.00%    passed    100.00%
  29  I0452_88784_Tytonidae_Tyto_alba                              0.00%    passed    100.00%
  30  I0189_225_Eurylaimidae_Smithornis_rufolateralis              0.00%    passed    100.00%
  31  I0459_6323_Eurylaimidae_Calyptomena_viridis                  0.00%    passed    100.00%
  32  I0400_19788_Pittidae_Pitta_angolensis                        0.00%    passed    100.00%
  33  I0387_12368_Eurylaimidae_Eurylaimus_ochromalus               0.00%    passed    100.00%
  34  I0438_345711_Eurylaimidae_Neodrepanis_coruscans              0.00%    passed    100.00%
  35  I0200_988_Furnariidae_Furnarius_rufus                        0.00%    passed    100.00%
  36  I0242_2273_Furnariidae_Lepidocolaptes_angustirostris         0.00%    passed    100.00%
  37  I0223_1586_Furnariidae_Sclerurus_mexicanus                   0.00%    passed    100.00%
  38  I0429_3677_Grallariidae_Myrmothera_campanisona               0.00%    passed    100.00%
  39  I0207_1193_Thamnophilidae_Thamnophilus_ruficapillus          0.00%    passed     99.99%
  40  I0261_3515_Thamnophilidae_Terenura_callinota                 0.00%    passed    100.00%
  41  I0237_2182_Thamnophilidae_Myrmornis_torquata                 0.00%    passed    100.00%
  42  I0377_2841_Melanopareiidae_Melanopareia_maximiliani          0.00%    passed    100.00%
  43  I0203_1087_Tyrannidae_Hymenops_perspicillatus                0.00%    passed    100.00%
  44  I0246_2823_Tyrannidae_Tyrannus_albogularis                   0.00%    passed    100.00%
  45  I0430_5336_Tyrannidae_Elaenia_flavogaster                    0.00%    passed    100.00%
  46  I0205_1183_Tyrannidae_Hirundinea_ferruginea                  0.00%    passed    100.00%
  47  I0227_1698_Tyrannidae_Rhynchocyclus_olivaceus                0.00%    passed    100.00%
  48  I0225_1616_Incertae_sedis_Piprites_chloris                   0.00%    passed    100.00%
  49  I0251_3044_Tityridae_Tityra_cayana                           0.00%    passed     99.98%
  50  I0265_3576_Tityridae_Schiffornis_turdina                     0.00%    passed    100.00%
  51  I0218_1474_Tityridae_Myiobius_barbatus                       0.00%    passed    100.00%
  52  I0262_3562_Oxyruncidae_Oxyruncus_cristatus                   0.00%    passed    100.00%
  53  I0217_1452_Cotingidae_Rupicola_rupicola                      0.00%    passed    100.00%
  54  I0238_2211_Cotingidae_Cotinga_cayana                         0.00%    passed    100.00%
  55  I0228_1712_Pipridae_Neopelma_chrysocephalum                  0.00%    passed    100.00%
  56  I0241_2249_Pipridae_Pipra_erythrocephala                     0.00%    passed    100.00%
  57  I0416_76941_Pipridae_Cryptopipo_holochlora                   0.00%    passed    100.00%
  58  I0197_832_Corvidae_Corvus_albus                              0.00%    passed    100.00%
  59  I0457_6346_Paradisaeidae_Lophorina_superba                   0.00%    passed    100.00%
  60  I0214_1354_Sylviidae_Sylvia_melanocephala                    0.00%    passed    100.00%
  61  I2826_181173_Pycnonotidae_Pycnonotus_macrotis                0.00%    passed    100.00%
  62  I0455_1245_Alaudidae_Calandrella_brachydactyla               0.00%    passed    100.00%
  63  I0456_3321_Paridae_Poecile_lugubris                          0.00%    passed    100.00%
  64  I0215_1370_Regulidae_Regulus_ignicapilla                     0.00%    passed    100.00%
  65  I0222_1568_Turdidae_Turdus_olivater                          0.00%    passed    100.00%
  66  I0232_1837_Fringillidae_Fringilla_coelebs                    0.00%    passed    100.00%
  67  I2825_21896_Emberizidae_Spizella_arborea                     0.00%    passed    100.00%
  68  I0381_6209_Maluridae_Malurus_splendens                       0.00%    passed    100.00%
  69  I0380_6178_Climacteridae_Climacteris_melanura                0.00%    passed    100.00%
  70  I0440_10756_D_Ptilonorhynchidae_Ptilonorhynchus_violaceus    0.00%    passed    100.00%
  71  I2824_12230_Ptilonorhynchidae_Sericulus_bakeri               0.00%    passed    100.00%
  72  I0415_76638_Menuridae_Menura_novaehollandiae                 0.00%    passed    100.00%
  73  I2829_RIFL_Acanthisittidae_Acanthisitta_chloris              0.00%    passed    100.00%
  74  I0240_2217_Psittacidae_Deroptyus_accipitrinus                0.00%    passed    100.00%
  75  I0370_1566_Psittacidae_Psittacus_erithacus                   0.00%    passed    100.00%
  76  I0271_5253_Psittacidae_Psittrichas_fulgidus                  0.00%    passed    100.00%
  77  I0383_8723_Psittacidae_Barnardius_zonarius                   0.00%    passed    100.00%
  78  I0280_5927_Psittacidae_Probosciger_aterrimus                 0.00%    passed    100.00%
  79  I0389_14873_Psittacidae_Nestor_meridionalis                  0.00%    passed    100.00%
  80  I0216_1413_Falconidae_Micrastur_gilvicollis                  0.00%    passed    100.00%
  81  I0236_2079_Falconidae_Falco_sparverius                       0.00%    passed     99.97%
  82  I0248_2938_Falconidae_Caracara_cheriway                      0.00%    passed     99.99%
  83  I0264_3574_Falconidae_Ibycter_americanus                     0.00%    passed    100.00%
  84  I0421_1173_Cariamidae_Cariama_cristata                       0.00%    passed    100.00%
  85  I0454_77230_Cariamidae_Chunga_burmeisteri                    0.00%    passed    100.00%
  86  I0188_135_Apodidae_Streptoprocne_zonaris                     0.00%    passed    100.00%
  87  I0247_2886_Apodidae_Chaetura_brachyura                       0.00%    passed    100.00%
  88  I0388_12571_Hemiprocnidae_Hemiprocne_comata                  0.00%    passed    100.00%
  89  I0219_1489_Trochilidae_Topaza_pella                          0.00%    passed    100.00%
  90  I0220_1514_Trochilidae_Phaethornis_superciliosus             0.00%    passed    100.00%
  91  I0277_5465_Trochilidae_Archilochus_colubris                  0.00%    passed    100.00%
  92  I0394_16098_Aegothelidae_Aegotheles_insignis                 0.00%    passed    100.00%
  93  I0255_3161_Podargidae_Podargus_strigoides                    0.00%    passed    100.00%
  94  I0436_20224_D_Steatornithidae_Steatornis_caripensis          0.00%    passed    100.00%
  95  I0249_2220_Nyctibiidae_Nyctibius_griseus                     0.00%    passed    100.00%
  96  I0244_2276_Caprimulgidae_Chordeiles_pusillus                 0.00%    passed    100.00%
  97  I0258_3336_Caprimulgidae_Caprimulgus_europaeus               0.00%    passed    100.00%
  98  I0399_18174_Caprimulgidae_Eurostopodus_macrotis              0.00%    passed    100.00%
  99  I0224_1607_Cracidae_Crax_alector                             0.00%    passed     99.94%
 100  I0426_2963_Cracidae_Ortalis_motmot                           0.00%    passed    100.00%
 101  I0226_1619_Odontophoridae_Odontophorus_gujanensis            0.00%    passed     99.84%
 102  I0250_2944_Odontophoridae_Colinus_cristatus                  0.00%    passed     99.96%
 103  I0278_5642_Phasianidae_Bonasa_umbellus                       0.00%    passed     99.64%
 104  I0374_2419_Phasianidae_Gallus_gallus                         0.00%    passed     99.93%
 105  I0371_1587_Phasianidae_Rollulus_rouloul                      0.00%    passed     99.79%
 106  I0448_52755_Numididae_Numida_malagris                        0.00%    passed     98.45%
 107  I0256_3178_Megapodiidae_Leipoa_ocellata                      0.00%    passed     99.88%
 108  I0252_3154_Anatidae_Anas_superciliosa                        0.00%    passed     99.96%
 109  I0288_6097_Anatidae_Aythya_valisineria                       0.00%    passed     99.65%
 110  I0285_6059_Anatidae_Anser_canagicus                          0.00%    passed    100.00%
 111  I0257_3236_Anatidae_Oxyura_jamaicensis                       0.00%    passed     99.99%
 112  I0283_6026_Anatidae_Dendrocygna_viduata                      0.00%    passed    100.00%
 113  I0253_3158_Anseranatidae_Anseranas_semipalmata               0.00%    passed    100.00%
 114  I0373_1829_Anhimidae_Chauna_torquata                         0.00%    passed     99.97%
 115  I0229_1748_Tinamidae_Nothoprocta_ornata                      0.00%    passed     99.76%
 116  I0432_5886_Tinamidae_Eudromia_elegans                        0.00%    passed     99.61%
 117  I0230_1770_Tinamidae_Crypturellus_tataupa                    0.00%    passed     99.74%
 118  I0231_1774_Tinamidae_Tinamus_major                           0.00%    passed     99.98%
 119  I0260_3380_Dromaiidae_Dromaius_novaehollandiae               0.00%    passed    100.00%
 120  I0382_6875_Casuariidae_Casuarius_bennetti                    0.00%    passed    100.00%
 121  I0390_14905_Apterygidae_Apteryx_sp                           0.00%    passed    100.00%
 122  I0414_72512_Rheidae_Rhea_americana                           0.00%    passed     99.82%
 123  I0453_90121_Struthionidae_Struthio_camelus                   0.00%    passed     99.99%
 124  I0460_HERP_14722_Crocodylidae_Crocodylus_porosus             0.00%    passed     84.59%
 125  I0461_HERP_15451_Alligatoridae_Caiman_croccodilus            0.00%    passed     98.31%
 126  I0192_375_Musophagidae_Tauraco_macrorhynchus                 0.00%    passed    100.00%
 127  I0196_523_Musophagidae_Corythaeola_cristata                  0.00%    passed    100.00%
 128  I0235_2065_Cuculidae_Coccyzus_melacoryphus                   0.00%    passed     99.97%
 129  I0423_2497_Cuculidae_Cuculus_optatus                         0.00%    passed    100.00%
 130  I0398_17932_Cuculidae_Centropus_bengalensis                  0.00%    passed    100.00%
 131  I0424_2923_Cuculidae_Tapera_naevia                           0.00%    passed     99.93%
 132  I0281_5967_Otididae_Ardeotis_kori                            0.00%    passed    100.00%
 133  I0193_447_Columbidae_Treron_calvus                           0.00%    passed    100.00%
 134  I0434_6298_Columbidae_Ptilinopus_magnificus                  0.00%    passed    100.00%
 135  I0211_1232_Columbidae_Columba_livia                          0.00%    passed    100.00%
 136  I0221_1526_Columbidae_Leptotila_rufaxilla                    0.00%    passed    100.00%
 137  I0243_2275_Columbidae_Columbina_minuta                       0.00%    passed    100.00%
 138  I0363_345610_Mesitornithidae_Mesitornis_unicolor             0.00%    passed    100.00%
 139  I0366_438526_Mesitornithidae_Monias_benschi                  0.00%    passed     99.99%
 140  I0403_20547_Pteroclididae_Syrrhaptes_paradoxus               0.00%    passed    100.00%
 141  I0411_53231_Pteroclididae_Pterocles_bicinctus                0.00%    passed    100.00%
 142  I0263_3569_Psophiidae_Psophia_crepitans                      0.00%    passed    100.00%
 143  I0405_21897_Gruidae_Grus_canadensis                          0.00%    passed    100.00%
 144  I0433_6296_Gruidae_Balearica_regulorum                       0.00%    passed    100.00%
 145  I0419_90368_Aramidae_Aramus_guarauna                         0.00%    passed    100.00%
 146  I0365_384805_Rallidae_Sarothrura_rufa_elizabethae            0.00%    passed     99.99%
 147  I0378_3087_Heliornithidae_Heliornis_fulica                   0.00%    passed    100.00%
 148  I0407_22888_Rallidae_Porphyrio_porphyrio                     0.00%    passed     99.99%
 149  I0425_2961_Rallidae_Micropygia_schomburgkii                  0.00%    passed    100.00%
 150  I0428_3386_Rallidae_Rallus_longirostris                      0.00%    passed    100.00%
 151  I0201_999_Scolopacidae_Tringa_solitaria                      0.00%    passed    100.00%
 152  I0427_3383_Scolopacidae_Arenaria_interpres                   0.00%    passed    100.00%
 153  I0431_5370_Scolopacidae_Limosa_lapponica                     0.00%    passed    100.00%
 154  I0279_5911_Jacanidae_Jacana_jacana                           0.00%    passed    100.00%
 155  I0402_20061_Rostratulidae_Rostratula_benghalensis            0.00%    passed    100.00%
 156  I2827_2685_Pedionomidae_Pedionomus_torquatus                 0.00%    passed    100.00%
 157  I0206_1192_Laridae_Chroicocephalus_cirrocephalus             0.00%    passed    100.00%
 158  I0270_4099_Sternidae_Sterna_hirundo                          0.00%    passed    100.00%
 159  I0393_15950_Rynchopidae_Rhynchops_niger                      0.00%    passed    100.00%
 160  I0408_25293_Alcidae_Uria_aalge                               0.00%    passed    100.00%
 161  I0401_19903_Glareolidae_Glareola_nuchalis                    0.00%    passed    100.00%
 162  I0409_25985_Turnicidae_Turnix_ocellata                       0.00%    passed     99.98%
 163  I0209_1223_Burhinidae_Burhinus_oedicnemus                    0.00%    passed    100.00%
 164  I0212_1289_Charadriidae_Charadrius_hiaticula                 0.00%    passed    100.00%
 165  I0289_6295_Haematopodidae_Haematopus_palliatus               0.00%    passed    100.00%
 166  I0368_21_Recurvirostridae_Recurvirostra_americana            0.00%    passed    100.00%
 167  I0287_6069_Phoenicopteridae_Phoenicopterus_ruber             0.00%    passed    100.00%
 168  I0422_1201_Podicipedidae_Rollandia_rolland                   0.00%    passed    100.00%
 169  I0204_1174_Threskiornithidae_Harpiprion_caerulescens         0.00%    passed    100.00%
 170  I0239_2212_Ardeidae_Tigrisoma_lineatum                       0.00%    passed    100.00%
 171  I0245_2800_Ardeidae_Ardea_herodias                           0.00%    passed    100.00%
 172  I0420_730_Ardeidae_Ixobrychus_minutus                        0.00%    passed    100.00%
 173  I0275_5404_Balaenicipitidae_Balaeniceps_rex                  0.00%    passed    100.00%
 174  I0391_15014_Pelecanidae_Pelecanus_occidentalis               0.00%    passed    100.00%
 175  I0418_89784_Scopidae_Scopus_umbretta                         0.00%    passed    100.00%
 176  I0254_3160_Sulidae_Morus_serrator                            0.00%    passed    100.00%
 177  I0372_1658_Phalacrocoracidae_Phalacrocorax_brasilianus       0.00%    passed    100.00%
 178  I0379_3106_Anhingidae_Anhinga_anhinga                        0.00%    passed    100.00%
 179  I0384_9129_Fregatidae_Fregata_magnificens                    0.00%    passed    100.00%
 180  I0210_1226_Ciconiidae_Ciconia_nigra                          0.00%    passed    100.00%
 181  I0376_2661_Ciconiidae_Leptoptilos_crumeniferus               0.00%    passed    100.00%
 182  I0282_6008_Hydrobatidae_Oceanodroma_leucorhoa                0.00%    passed    100.00%
 183  I0386_10701_Pelecanoididae_Pelecanoides_urinatrix            0.00%    passed    100.00%
 184  I0395_16363_Procellariidae_Pterodroma_externa                0.00%    passed    100.00%
 185  I0406_22550_Procellariidae_Puffinus_griseus                  0.00%    passed    100.00%
 186  I0404_21828_Procellariidae_Fulmarus_glacialoides             0.00%    passed    100.00%
 187  I0362_3175_Hydrobatidae_Oceanites_oceanicus                  0.00%    passed    100.00%
 188  I0412_62853_Hydrobatidae_Pelagodroma_marina                  0.00%    passed    100.00%
 189  I0417_82096_Diomedeidae_Phoebastria_nigripes                 0.00%    passed    100.00%
 190  I0451_85124_Spheniscidae_Spheniscus_humboldti                0.00%    passed    100.00%
 191  I0449_66928_Gaviidae_Gavia_immer                             0.00%    passed    100.00%
 192  I0375_2613_Phaethontidae_Phaethon_rubricauda                 0.00%    passed    100.00%
 193  I0396_16818_Eurypygidae_Eurypyga_helias                      0.00%    passed    100.00%
 194  I0369_848_Opisthocomidae_Opisthocomus_hoazin                 0.00%    passed    100.00%
 195  I0202_1066_Cathartidae_Cathartes_burrovianus                 0.00%    passed    100.00%
 196  I0276_5411_Cathartidae_Vultur_gryphus                        0.00%    passed    100.00%
 197  I0361_9545_Sagittariidae_Sagittarius_serpentarius            0.00%    passed    100.00%
 198  I0450_81668_Pandionidae_Pandion_haliaetus                    0.00%    passed    100.00%
 199  I0385_9309_Accipitridae_Elanus_leucurus                      0.00%    passed    100.00%
 200  I0268_3790_Accipitridae_Accipiter_superciliosus              0.00%    passed    100.00%
****  TOTAL                                                        0.00%  0 sequences failed composition chi2 test (p-value<5%; df=19)

Create initial parsimony tree by phylogenetic likelihood library (PLL)... 0.126 seconds
WARNING: GTR20 model will estimate 189 substitution rates that might be overfitting!
WARNING: Please only use GTR20 with very large data and always test for model fit!

NOTE: 17 MB RAM (0 GB) is required!
Estimate model parameters (epsilon = 0.100)
1. Initial log-likelihood: -28941.182
2. Current log-likelihood: -26541.065
3. Current log-likelihood: -26326.895
4. Current log-likelihood: -26293.707
5. Current log-likelihood: -26288.290
6. Current log-likelihood: -26282.557
7. Current log-likelihood: -26281.959
Optimal log-likelihood: -26281.873
Parameters optimization took 7 rounds (132.818 sec)
Computing ML distances based on estimated model parameters... 3.157 sec
Computing BIONJ tree...
0.043 seconds
Log-likelihood of BIONJ tree: -26325.641
--------------------------------------------------------------------
|             INITIALIZING CANDIDATE TREE SET                      |
--------------------------------------------------------------------
Generating 98 parsimony trees... 14.793 second
Computing log-likelihood of 98 initial trees ... 7.903 seconds
Current best score: -26271.623

Do NNI search on 20 best initial trees
Estimate model parameters (epsilon = 0.100)
BETTER TREE FOUND at iteration 1: -26267.764
Estimate model parameters (epsilon = 0.100)
BETTER TREE FOUND at iteration 2: -26267.474
Estimate model parameters (epsilon = 0.100)
BETTER TREE FOUND at iteration 7: -26262.390
Iteration 10 / LogL: -26266.286 / Time: 0h:3m:23s
Iteration 20 / LogL: -26272.650 / Time: 0h:3m:27s
Finish initializing candidate tree set (20)
Current best tree score: -26262.390 / CPU time: 73.779
Number of iterations: 20
--------------------------------------------------------------------
|               OPTIMIZING CANDIDATE TREE SET                      |
--------------------------------------------------------------------
BETTER TREE FOUND at iteration 29: -26262.388
Iteration 30 / LogL: -26262.586 / Time: 0h:3m:36s (0h:12m:17s left)
Iteration 40 / LogL: -26312.818 / Time: 0h:3m:45s (0h:8m:33s left)
Estimate model parameters (epsilon = 0.100)
BETTER TREE FOUND at iteration 42: -26261.759
Iteration 50 / LogL: -26280.586 / Time: 0h:3m:58s (0h:7m:28s left)
Estimate model parameters (epsilon = 0.100)
BETTER TREE FOUND at iteration 52: -26261.551
Iteration 60 / LogL: -26280.237 / Time: 0h:4m:13s (0h:6m:34s left)
Iteration 70 / LogL: -26291.053 / Time: 0h:4m:21s (0h:5m:10s left)
BETTER TREE FOUND at iteration 71: -26261.550
BETTER TREE FOUND at iteration 75: -26261.549
Iteration 80 / LogL: -26262.334 / Time: 0h:4m:30s (0h:5m:24s left)
BETTER TREE FOUND at iteration 83: -26261.549
Iteration 90 / LogL: -26261.550 / Time: 0h:4m:39s (0h:4m:51s left)
Iteration 100 / LogL: -26271.324 / Time: 0h:4m:48s (0h:4m:1s left)
BETTER TREE FOUND at iteration 109: -26261.548
Iteration 110 / LogL: -26339.448 / Time: 0h:4m:57s (0h:4m:29s left)
Iteration 120 / LogL: -26334.286 / Time: 0h:5m:6s (0h:3m:49s left)
Iteration 130 / LogL: -26261.746 / Time: 0h:5m:15s (0h:3m:13s left)
BETTER TREE FOUND at iteration 138: -26261.548
Iteration 140 / LogL: -26302.415 / Time: 0h:5m:24s (0h:3m:49s left)
Estimate model parameters (epsilon = 0.100)
BETTER TREE FOUND at iteration 144: -26261.314
Iteration 150 / LogL: -26270.928 / Time: 0h:5m:38s (0h:3m:33s left)
Iteration 160 / LogL: -26302.320 / Time: 0h:5m:46s (0h:3m:3s left)
Iteration 170 / LogL: -26265.790 / Time: 0h:5m:55s (0h:2m:35s left)
Iteration 180 / LogL: -26261.315 / Time: 0h:6m:4s (0h:2m:10s left)
BETTER TREE FOUND at iteration 182: -26261.314
Iteration 190 / LogL: -26263.901 / Time: 0h:6m:13s (0h:3m:1s left)
Iteration 200 / LogL: -26271.089 / Time: 0h:6m:22s (0h:2m:37s left)
Iteration 210 / LogL: -26279.513 / Time: 0h:6m:31s (0h:2m:14s left)
BETTER TREE FOUND at iteration 220: -26261.313
Iteration 220 / LogL: -26261.313 / Time: 0h:6m:39s (0h:3m:2s left)
Iteration 230 / LogL: -26261.313 / Time: 0h:6m:48s (0h:2m:40s left)
Iteration 240 / LogL: -26261.314 / Time: 0h:6m:57s (0h:2m:19s left)
Iteration 250 / LogL: -26261.510 / Time: 0h:7m:6s (0h:1m:59s left)
BETTER TREE FOUND at iteration 252: -26261.313
Iteration 260 / LogL: -26261.314 / Time: 0h:7m:15s (0h:2m:34s left)
Iteration 270 / LogL: -26261.511 / Time: 0h:7m:24s (0h:2m:15s left)
BETTER TREE FOUND at iteration 276: -26261.313
Iteration 280 / LogL: -26261.315 / Time: 0h:7m:33s (0h:2m:35s left)
Iteration 290 / LogL: -26261.314 / Time: 0h:7m:42s (0h:2m:17s left)
Iteration 300 / LogL: -26265.742 / Time: 0h:7m:51s (0h:1m:59s left)
Iteration 310 / LogL: -26291.041 / Time: 0h:7m:59s (0h:1m:42s left)
Iteration 320 / LogL: -26261.446 / Time: 0h:8m:8s (0h:1m:25s left)
Iteration 330 / LogL: -26261.313 / Time: 0h:8m:17s (0h:1m:9s left)
Iteration 340 / LogL: -26272.736 / Time: 0h:8m:26s (0h:0m:53s left)
Iteration 350 / LogL: -26312.412 / Time: 0h:8m:35s (0h:0m:38s left)
Iteration 360 / LogL: -26261.510 / Time: 0h:8m:44s (0h:0m:23s left)
Iteration 370 / LogL: -26261.314 / Time: 0h:8m:53s (0h:0m:8s left)
TREE SEARCH COMPLETED AFTER 377 ITERATIONS / Time: 0h:8m:59s

--------------------------------------------------------------------
|                    FINALIZING TREE SEARCH                        |
--------------------------------------------------------------------
Performs final model parameters optimization
Estimate model parameters (epsilon = 0.010)
1. Initial log-likelihood: -26261.313
2. Current log-likelihood: -26261.294
Optimal log-likelihood: -26261.288
Parameters optimization took 2 rounds (7.187 sec)
BEST SCORE FOUND : -26261.288
Total tree length: 6.859

Total number of iterations: 377
CPU time used for tree search: 1577.946 sec (0h:26m:17s)
Wall-clock time used for tree search: 405.864 sec (0h:6m:45s)
Total CPU time used: 2141.280 sec (0h:35m:41s)
Total wall-clock time used: 546.972 sec (0h:9m:6s)

Analysis results written to: 
  IQ-TREE report:                /home/spielman/dms_modelselection//simulations/alignments/HA_prum_rep8_AA.fasta.iqtree
  Maximum-likelihood tree:       /home/spielman/dms_modelselection//simulations/alignments/HA_prum_rep8_AA.fasta.treefile
  Likelihood distances:          /home/spielman/dms_modelselection//simulations/alignments/HA_prum_rep8_AA.fasta.mldist
  Screen log file:               /home/spielman/dms_modelselection//simulations/alignments/HA_prum_rep8_AA.fasta.log

Date and Time: Thu Jun  6 20:06:10 2019
