IQ-TREE multicore version 1.6.7 for Linux 64-bit built Aug 23 2018
Developed by Bui Quang Minh, Nguyen Lam Tung, Olga Chernomor,
Heiko Schmidt, Dominik Schrempf, Michael Woodhams.

Host:    csm-com-005 (AVX2, FMA3, 62 GB RAM)
Command: iqtree -nt 8 -m Poisson -s /csm_data/spielman_lab/dms_modelselection//simulations/alignments/HIV_opisthokonta_rep4_AA.fasta -st AA
Seed:    65855 (Using SPRNG - Scalable Parallel Random Number Generator)
Time:    Mon Apr 15 19:29:08 2019
Kernel:  AVX+FMA - 8 threads (48 CPU cores detected)

Reading alignment file /csm_data/spielman_lab/dms_modelselection//simulations/alignments/HIV_opisthokonta_rep4_AA.fasta ... Fasta format detected
Alignment most likely contains protein sequences
Alignment has 70 sequences with 661 columns, 661 distinct patterns
661 parsimony-informative, 0 singleton sites, 0 constant sites
                                  Gap/Ambiguity  Composition  p-value
   1  Oscarella_carmela                   0.00%    passed     85.68%
   2  Leucetta_chagosensis                0.00%    passed     83.53%
   3  Sycon_raphanus                      0.00%    passed     10.72%
   4  Oopsacas_minuta                     0.00%    passed     84.53%
   5  Carteriospongia_foliascens          0.00%    passed     88.41%
   6  Amphimedon_queenslandica            0.00%    passed     67.11%
   7  Suberites_domuncula                 0.00%    passed     47.83%
   8  Lubomirskia_baicalensis             0.00%    passed     39.77%
   9  Ephydatia_muelleri                  0.00%    passed     58.65%
  10  Trichoplax_adhaerens                0.00%    passed     50.22%
  11  Nematostella_vectensis              0.00%    passed     97.44%
  12  Anemonia_viridis                    0.00%    passed     94.46%
  13  Aiptasia_pallida                    0.00%    passed     65.40%
  14  Metridium_senile                    0.00%    passed     94.76%
  15  Acropora_palmata                    0.00%    passed     76.22%
  16  Acropora_millepora                  0.00%    passed     83.51%
  17  Porites_astreoides                  0.00%    passed     98.40%
  18  Montastraea_faveolata               0.00%    passed     71.82%
  19  Cyanea_capillata                    0.00%    passed     19.90%
  20  Clytia_hemisphaerica                0.00%    passed     78.93%
  21  Podocoryna_carnea                   0.00%    passed     98.79%
  22  Hydractinia_echinata                0.00%    passed     91.49%
  23  Hydra_magnipapillata                0.00%    passed     49.28%
  24  Saccoglossus_kowalevskii            0.00%    passed     96.10%
  25  Ptychodera_flava                    0.00%    passed     73.17%
  26  Strongylocentrotus_purpuratus       0.00%    passed     92.04%
  27  Asterina_pectinifera                0.00%    passed     74.05%
  28  Branchiostoma_floridae              0.00%    passed     92.48%
  29  Petromyzon_marinus                  0.00%    passed     87.29%
  30  Gallus                              0.00%    passed     81.79%
  31  Ciona_intestinalis                  0.00%    passed     36.30%
  32  Halocynthia_roretzi                 0.00%    passed     96.07%
  33  Anoplodactylus_eroticus             0.00%    passed     59.43%
  34  Boophilus_microplus                 0.00%    passed     74.61%
  35  Daphnia_pulex                       0.00%    passed     98.51%
  36  Drosophila_melanogaster             0.00%    passed     97.60%
  37  Euperipatoides_kanangrensis         0.00%    passed     98.63%
  38  Echinoderes_horni                   0.00%    passed     76.71%
  39  Xiphinema_index                     0.00%    passed     28.57%
  40  Cerebratulus_lacteus                0.00%    passed     89.44%
  41  Terebratalia_transversa             0.00%    passed     98.86%
  42  Lottia_gigantea                     0.00%    passed     85.29%
  43  Crassostrea_virginica               0.00%    passed     95.50%
  44  Euprymna_scolopes                   0.00%    passed     78.53%
  45  Capitella_telata                    0.00%    passed     53.08%
  46  Helobdella_robusta                  0.00%    passed     72.30%
  47  Schmidtea_mediterranea              0.00%    passed     56.90%
  48  Paraplanocera_oligoglena            0.00%    passed     40.82%
  49  Xenoturbella_bocki                  0.00%    passed     99.12%
  50  Nemertoderma_westbladi              0.00%    passed     57.59%
  51  Meara_stichopi                      0.00%    passed     31.65%
  52  Isodiametra_pulchra                 0.00%    passed     75.13%
  53  Symsagittifera_roscoffensis         0.00%    passed     79.15%
  54  Convolutriloba_longifissura         0.00%    passed     41.23%
  55  Capsaspora_owczarzaki_ATCC_30864    0.00%    passed     34.52%
  56  Amoebidium_parasiticum              0.00%    passed     74.73%
  57  Sphaeroforma_arctica                0.00%    passed     14.31%
  58  Spizellomyces_punctatus             0.00%    passed     62.63%
  59  Batrachochytrium_dendrobatidis      0.00%    passed     20.05%
  60  Cryptococcus_neoformans             0.00%    passed     60.00%
  61  Saccharomyces_cerevisiae            0.00%    passed     33.04%
  62  Phycomyces_blakesleeanus            0.00%    passed     84.32%
  63  Rhizopus_orizae                     0.00%    passed     46.56%
  64  Monosiga_ovata                      0.00%    passed     24.05%
  65  Salpingoeca_rosetta                 0.00%    passed     69.86%
  66  Monosiga_brevicollis                0.00%    passed     69.83%
  67  Mnemiopsis                          0.00%    passed     78.91%
  68  Mertensiid_sp                       0.00%    passed     97.41%
  69  Pleurobrachia_pileus                0.00%    passed     82.26%
  70  Oscarella_lobularis                 0.00%    passed     96.56%
****  TOTAL                               0.00%  0 sequences failed composition chi2 test (p-value<5%; df=19)

Create initial parsimony tree by phylogenetic likelihood library (PLL)... 0.032 seconds

NOTE: 7 MB RAM (0 GB) is required!
Estimate model parameters (epsilon = 0.100)
1. Initial log-likelihood: -89747.861
Optimal log-likelihood: -88338.465
Parameters optimization took 1 rounds (0.053 sec)
Computing ML distances based on estimated model parameters... 0.184 sec
Computing BIONJ tree...
0.004 seconds
Log-likelihood of BIONJ tree: -88361.323
--------------------------------------------------------------------
|             INITIALIZING CANDIDATE TREE SET                      |
--------------------------------------------------------------------
Generating 98 parsimony trees... 3.769 second
Computing log-likelihood of 98 initial trees ... 2.085 seconds
Current best score: -88338.465

Do NNI search on 20 best initial trees
Estimate model parameters (epsilon = 0.100)
BETTER TREE FOUND at iteration 1: -88322.192
Iteration 10 / LogL: -88322.194 / Time: 0h:0m:7s
Iteration 20 / LogL: -88322.198 / Time: 0h:0m:8s
Finish initializing candidate tree set (5)
Current best tree score: -88322.192 / CPU time: 7.984
Number of iterations: 20
--------------------------------------------------------------------
|               OPTIMIZING CANDIDATE TREE SET                      |
--------------------------------------------------------------------
Iteration 30 / LogL: -88386.265 / Time: 0h:0m:10s (0h:0m:24s left)
Iteration 40 / LogL: -88322.196 / Time: 0h:0m:12s (0h:0m:18s left)
Iteration 50 / LogL: -88337.696 / Time: 0h:0m:14s (0h:0m:14s left)
Iteration 60 / LogL: -88322.304 / Time: 0h:0m:15s (0h:0m:10s left)
Iteration 70 / LogL: -88333.684 / Time: 0h:0m:17s (0h:0m:7s left)
Iteration 80 / LogL: -88333.725 / Time: 0h:0m:19s (0h:0m:5s left)
Iteration 90 / LogL: -88322.203 / Time: 0h:0m:21s (0h:0m:2s left)
Iteration 100 / LogL: -88322.196 / Time: 0h:0m:23s (0h:0m:0s left)
TREE SEARCH COMPLETED AFTER 102 ITERATIONS / Time: 0h:0m:23s

--------------------------------------------------------------------
|                    FINALIZING TREE SEARCH                        |
--------------------------------------------------------------------
Performs final model parameters optimization
Estimate model parameters (epsilon = 0.010)
1. Initial log-likelihood: -88322.192
Optimal log-likelihood: -88322.192
Parameters optimization took 1 rounds (0.012 sec)
BEST SCORE FOUND : -88322.192
Total tree length: 33.235

Total number of iterations: 102
CPU time used for tree search: 162.742 sec (0h:2m:42s)
Wall-clock time used for tree search: 23.503 sec (0h:0m:23s)
Total CPU time used: 163.897 sec (0h:2m:43s)
Total wall-clock time used: 23.685 sec (0h:0m:23s)

Analysis results written to: 
  IQ-TREE report:                /csm_data/spielman_lab/dms_modelselection//simulations/alignments/HIV_opisthokonta_rep4_AA.fasta.iqtree
  Maximum-likelihood tree:       /csm_data/spielman_lab/dms_modelselection//simulations/alignments/HIV_opisthokonta_rep4_AA.fasta.treefile
  Likelihood distances:          /csm_data/spielman_lab/dms_modelselection//simulations/alignments/HIV_opisthokonta_rep4_AA.fasta.mldist
  Screen log file:               /csm_data/spielman_lab/dms_modelselection//simulations/alignments/HIV_opisthokonta_rep4_AA.fasta.log

Date and Time: Mon Apr 15 19:29:31 2019
