IQ-TREE multicore version 1.6.7 for Linux 64-bit built Aug 23 2018
Developed by Bui Quang Minh, Nguyen Lam Tung, Olga Chernomor,
Heiko Schmidt, Dominik Schrempf, Michael Woodhams.

Host:    csm-com-009 (AVX2, FMA3, 62 GB RAM)
Command: iqtree -nt 8 -m JTT+F+I+G4 -s /csm_data/spielman_lab/dms_modelselection//simulations/alignments/LAC_opisthokonta_rep10_AA.fasta -st AA
Seed:    822887 (Using SPRNG - Scalable Parallel Random Number Generator)
Time:    Tue Apr 16 16:36:47 2019
Kernel:  AVX+FMA - 8 threads (48 CPU cores detected)

Reading alignment file /csm_data/spielman_lab/dms_modelselection//simulations/alignments/LAC_opisthokonta_rep10_AA.fasta ... Fasta format detected
Alignment most likely contains protein sequences
Alignment has 70 sequences with 262 columns, 260 distinct patterns
236 parsimony-informative, 14 singleton sites, 12 constant sites
                                  Gap/Ambiguity  Composition  p-value
   1  Oscarella_carmela                   0.00%    passed     89.49%
   2  Leucetta_chagosensis                0.00%    passed    100.00%
   3  Sycon_raphanus                      0.00%    passed     81.30%
   4  Oopsacas_minuta                     0.00%    passed     84.89%
   5  Carteriospongia_foliascens          0.00%    passed     99.85%
   6  Amphimedon_queenslandica            0.00%    passed     94.55%
   7  Suberites_domuncula                 0.00%    passed     82.24%
   8  Lubomirskia_baicalensis             0.00%    passed     31.13%
   9  Ephydatia_muelleri                  0.00%    passed     54.42%
  10  Trichoplax_adhaerens                0.00%    passed     99.40%
  11  Nematostella_vectensis              0.00%    passed     82.32%
  12  Anemonia_viridis                    0.00%    passed     78.33%
  13  Aiptasia_pallida                    0.00%    passed     93.03%
  14  Metridium_senile                    0.00%    passed     92.31%
  15  Acropora_palmata                    0.00%    passed     99.67%
  16  Acropora_millepora                  0.00%    passed     95.43%
  17  Porites_astreoides                  0.00%    passed     97.10%
  18  Montastraea_faveolata               0.00%    passed     97.99%
  19  Cyanea_capillata                    0.00%    passed     87.86%
  20  Clytia_hemisphaerica                0.00%    passed     97.08%
  21  Podocoryna_carnea                   0.00%    passed     99.45%
  22  Hydractinia_echinata                0.00%    passed     99.85%
  23  Hydra_magnipapillata                0.00%    passed     51.70%
  24  Saccoglossus_kowalevskii            0.00%    passed     96.15%
  25  Ptychodera_flava                    0.00%    passed     66.08%
  26  Strongylocentrotus_purpuratus       0.00%    passed     99.48%
  27  Asterina_pectinifera                0.00%    passed     74.49%
  28  Branchiostoma_floridae              0.00%    passed     99.36%
  29  Petromyzon_marinus                  0.00%    passed     99.80%
  30  Gallus                              0.00%    passed     96.97%
  31  Ciona_intestinalis                  0.00%    passed     92.35%
  32  Halocynthia_roretzi                 0.00%    passed     60.05%
  33  Anoplodactylus_eroticus             0.00%    passed     99.81%
  34  Boophilus_microplus                 0.00%    passed     99.15%
  35  Daphnia_pulex                       0.00%    passed     91.58%
  36  Drosophila_melanogaster             0.00%    passed     92.50%
  37  Euperipatoides_kanangrensis         0.00%    passed     96.33%
  38  Echinoderes_horni                   0.00%    passed     97.10%
  39  Xiphinema_index                     0.00%    passed     97.93%
  40  Cerebratulus_lacteus                0.00%    passed     99.42%
  41  Terebratalia_transversa             0.00%    passed     92.69%
  42  Lottia_gigantea                     0.00%    passed     44.89%
  43  Crassostrea_virginica               0.00%    passed     93.44%
  44  Euprymna_scolopes                   0.00%    passed     71.77%
  45  Capitella_telata                    0.00%    passed     99.57%
  46  Helobdella_robusta                  0.00%    passed     97.24%
  47  Schmidtea_mediterranea              0.00%    passed     14.48%
  48  Paraplanocera_oligoglena            0.00%    passed     99.58%
  49  Xenoturbella_bocki                  0.00%    passed     99.52%
  50  Nemertoderma_westbladi              0.00%    passed     96.74%
  51  Meara_stichopi                      0.00%    passed     65.30%
  52  Isodiametra_pulchra                 0.00%    passed     61.01%
  53  Symsagittifera_roscoffensis         0.00%    passed     66.90%
  54  Convolutriloba_longifissura         0.00%    passed     33.12%
  55  Capsaspora_owczarzaki_ATCC_30864    0.00%    passed     78.77%
  56  Amoebidium_parasiticum              0.00%    passed     47.67%
  57  Sphaeroforma_arctica                0.00%    passed     88.93%
  58  Spizellomyces_punctatus             0.00%    passed     96.45%
  59  Batrachochytrium_dendrobatidis      0.00%    passed     53.82%
  60  Cryptococcus_neoformans             0.00%    passed     92.19%
  61  Saccharomyces_cerevisiae            0.00%    passed     83.45%
  62  Phycomyces_blakesleeanus            0.00%    passed     80.39%
  63  Rhizopus_orizae                     0.00%    passed     62.77%
  64  Monosiga_ovata                      0.00%    passed     82.52%
  65  Salpingoeca_rosetta                 0.00%    passed     88.94%
  66  Monosiga_brevicollis                0.00%    passed     53.16%
  67  Mnemiopsis                          0.00%    passed     46.17%
  68  Mertensiid_sp                       0.00%    passed     97.34%
  69  Pleurobrachia_pileus                0.00%    passed     72.70%
  70  Oscarella_lobularis                 0.00%    passed     98.86%
****  TOTAL                               0.00%  0 sequences failed composition chi2 test (p-value<5%; df=19)

Create initial parsimony tree by phylogenetic likelihood library (PLL)... 0.019 seconds

NOTE: 12 MB RAM (0 GB) is required!
Estimate model parameters (epsilon = 0.100)
Thoroughly optimizing +I+G parameters from 10 start values...
Init pinv, alpha: 0.000, 1.000 / Estimate: 0.043, 1.633 / LogL: -24542.233
Init pinv, alpha: 0.005, 1.000 / Estimate: 0.043, 1.632 / LogL: -24542.234
Init pinv, alpha: 0.010, 1.000 / Estimate: 0.043, 1.634 / LogL: -24542.231
Init pinv, alpha: 0.015, 1.000 / Estimate: 0.043, 1.635 / LogL: -24542.230
Init pinv, alpha: 0.020, 1.000 / Estimate: 0.044, 1.638 / LogL: -24542.229
Init pinv, alpha: 0.025, 1.000 / Estimate: 0.044, 1.637 / LogL: -24542.229
Init pinv, alpha: 0.031, 1.000 / Estimate: 0.044, 1.638 / LogL: -24542.229
Init pinv, alpha: 0.036, 1.000 / Estimate: 0.044, 1.639 / LogL: -24542.230
Init pinv, alpha: 0.041, 1.000 / Estimate: 0.044, 1.638 / LogL: -24542.230
Init pinv, alpha: 0.046, 1.000 / Estimate: 0.044, 1.639 / LogL: -24542.230
Optimal pinv,alpha: 0.044, 1.637 / LogL: -24542.229

Parameters optimization took 1.527 sec
Computing ML distances based on estimated model parameters... 1.684 sec
Computing BIONJ tree...
0.004 seconds
Log-likelihood of BIONJ tree: -24527.417
--------------------------------------------------------------------
|             INITIALIZING CANDIDATE TREE SET                      |
--------------------------------------------------------------------
Generating 98 parsimony trees... 1.919 second
Computing log-likelihood of 98 initial trees ... 2.754 seconds
Current best score: -24527.417

Do NNI search on 20 best initial trees
Estimate model parameters (epsilon = 0.100)
BETTER TREE FOUND at iteration 1: -24510.363
Estimate model parameters (epsilon = 0.100)
BETTER TREE FOUND at iteration 4: -24508.669
Iteration 10 / LogL: -24513.930 / Time: 0h:0m:8s
Iteration 20 / LogL: -24527.138 / Time: 0h:0m:9s
Finish initializing candidate tree set (14)
Current best tree score: -24508.669 / CPU time: 7.997
Number of iterations: 20
--------------------------------------------------------------------
|               OPTIMIZING CANDIDATE TREE SET                      |
--------------------------------------------------------------------
Iteration 30 / LogL: -24508.690 / Time: 0h:0m:12s (0h:0m:31s left)
Iteration 40 / LogL: -24511.109 / Time: 0h:0m:14s (0h:0m:24s left)
Iteration 50 / LogL: -24512.904 / Time: 0h:0m:17s (0h:0m:18s left)
Iteration 60 / LogL: -24512.131 / Time: 0h:0m:19s (0h:0m:14s left)
Iteration 70 / LogL: -24511.076 / Time: 0h:0m:22s (0h:0m:10s left)
Iteration 80 / LogL: -24510.825 / Time: 0h:0m:24s (0h:0m:7s left)
Iteration 90 / LogL: -24510.935 / Time: 0h:0m:27s (0h:0m:4s left)
Iteration 100 / LogL: -24508.771 / Time: 0h:0m:30s (0h:0m:1s left)
TREE SEARCH COMPLETED AFTER 105 ITERATIONS / Time: 0h:0m:31s

--------------------------------------------------------------------
|                    FINALIZING TREE SEARCH                        |
--------------------------------------------------------------------
Performs final model parameters optimization
Estimate model parameters (epsilon = 0.010)
1. Initial log-likelihood: -24508.669
Optimal log-likelihood: -24508.669
Proportion of invariable sites: 0.043
Gamma shape alpha: 1.635
Parameters optimization took 1 rounds (0.032 sec)
BEST SCORE FOUND : -24508.669
Total tree length: 25.922

Total number of iterations: 105
CPU time used for tree search: 223.728 sec (0h:3m:43s)
Wall-clock time used for tree search: 29.575 sec (0h:0m:29s)
Total CPU time used: 238.561 sec (0h:3m:58s)
Total wall-clock time used: 31.464 sec (0h:0m:31s)

Analysis results written to: 
  IQ-TREE report:                /csm_data/spielman_lab/dms_modelselection//simulations/alignments/LAC_opisthokonta_rep10_AA.fasta.iqtree
  Maximum-likelihood tree:       /csm_data/spielman_lab/dms_modelselection//simulations/alignments/LAC_opisthokonta_rep10_AA.fasta.treefile
  Likelihood distances:          /csm_data/spielman_lab/dms_modelselection//simulations/alignments/LAC_opisthokonta_rep10_AA.fasta.mldist
  Screen log file:               /csm_data/spielman_lab/dms_modelselection//simulations/alignments/LAC_opisthokonta_rep10_AA.fasta.log

Date and Time: Tue Apr 16 16:37:19 2019
