IQ-TREE multicore version 1.6.7 for Linux 64-bit built Aug 23 2018
Developed by Bui Quang Minh, Nguyen Lam Tung, Olga Chernomor,
Heiko Schmidt, Dominik Schrempf, Michael Woodhams.

Host:    csm-com-003 (AVX2, FMA3, 62 GB RAM)
Command: iqtree -nt 8 -m JTT+G4 -s /csm_data/spielman_lab/dms_modelselection//simulations/alignments/LAC_greenalga_rep16_AA.fasta -st AA
Seed:    441277 (Using SPRNG - Scalable Parallel Random Number Generator)
Time:    Tue Apr 16 18:43:08 2019
Kernel:  AVX+FMA - 8 threads (48 CPU cores detected)

Reading alignment file /csm_data/spielman_lab/dms_modelselection//simulations/alignments/LAC_greenalga_rep16_AA.fasta ... Fasta format detected
Alignment most likely contains protein sequences
Alignment has 23 sequences with 262 columns, 229 distinct patterns
166 parsimony-informative, 46 singleton sites, 50 constant sites
                                Gap/Ambiguity  Composition  p-value
   1  Schizomeris_leibleinii            0.00%    passed     99.14%
   2  Stigeoclonium_helveticum          0.00%    passed     99.12%
   3  Floydiella_terrestris             0.00%    passed     99.76%
   4  Oedogonium_cardiacum              0.00%    passed     88.64%
   5  Dunaliella_salina                 0.00%    passed     99.38%
   6  Chlamydomonas_reinhardtii         0.00%    passed     99.96%
   7  Gonium_pectorale                  0.00%    passed     99.92%
   8  Pleodorina_starrii                0.00%    passed     98.90%
   9  Volvox_carteri                    0.00%    passed     99.64%
  10  Bracteacoccus_aerius              0.00%    passed    100.00%
  11  Bracteacoccus_minor               0.00%    passed     99.98%
  12  Mychonastes_homosphaera           0.00%    passed     97.08%
  13  Pseudomuriella_schumacherensis    0.00%    passed    100.00%
  14  Kirchneriella_aperta              0.00%    passed     99.97%
  15  Ourococcus_multisporus            0.00%    passed     99.98%
  16  Pediastrum_duplex                 0.00%    passed     99.99%
  17  Chlorotetraedron_incus            0.00%    passed    100.00%
  18  Neochloris_aquatica               0.00%    passed     99.99%
  19  Scenedesmus_obliquus              0.00%    passed     99.96%
  20  Rotundella_rotunda                0.00%    passed     99.56%
  21  Chromochloris_zofingiensis        0.00%    passed    100.00%
  22  Atractomorpha_echinata            0.00%    passed     99.57%
  23  Ankyra_judai                      0.00%    passed     99.05%
****  TOTAL                             0.00%  0 sequences failed composition chi2 test (p-value<5%; df=19)

Create initial parsimony tree by phylogenetic likelihood library (PLL)... 0.002 seconds

NOTE: 3 MB RAM (0 GB) is required!
Estimate model parameters (epsilon = 0.100)
1. Initial log-likelihood: -4731.350
2. Current log-likelihood: -4709.660
Optimal log-likelihood: -4709.623
Gamma shape alpha: 1.515
Parameters optimization took 2 rounds (0.033 sec)
Computing ML distances based on estimated model parameters... 0.233 sec
Computing BIONJ tree...
0.002 seconds
Log-likelihood of BIONJ tree: -4706.249
--------------------------------------------------------------------
|             INITIALIZING CANDIDATE TREE SET                      |
--------------------------------------------------------------------
Generating 98 parsimony trees... 0.253 second
Computing log-likelihood of 98 initial trees ... 0.795 seconds
Current best score: -4706.249

Do NNI search on 20 best initial trees
Estimate model parameters (epsilon = 0.100)
BETTER TREE FOUND at iteration 1: -4703.638
Iteration 10 / LogL: -4703.672 / Time: 0h:0m:1s
Iteration 20 / LogL: -4703.648 / Time: 0h:0m:2s
Finish initializing candidate tree set (2)
Current best tree score: -4703.638 / CPU time: 2.118
Number of iterations: 20
--------------------------------------------------------------------
|               OPTIMIZING CANDIDATE TREE SET                      |
--------------------------------------------------------------------
Iteration 30 / LogL: -4703.907 / Time: 0h:0m:2s (0h:0m:7s left)
Iteration 40 / LogL: -4703.642 / Time: 0h:0m:3s (0h:0m:5s left)
Iteration 50 / LogL: -4703.934 / Time: 0h:0m:4s (0h:0m:4s left)
Iteration 60 / LogL: -4703.662 / Time: 0h:0m:5s (0h:0m:3s left)
Iteration 70 / LogL: -4721.867 / Time: 0h:0m:5s (0h:0m:2s left)
Iteration 80 / LogL: -4703.897 / Time: 0h:0m:6s (0h:0m:1s left)
Iteration 90 / LogL: -4703.639 / Time: 0h:0m:7s (0h:0m:0s left)
Iteration 100 / LogL: -4703.653 / Time: 0h:0m:8s (0h:0m:0s left)
TREE SEARCH COMPLETED AFTER 102 ITERATIONS / Time: 0h:0m:8s

--------------------------------------------------------------------
|                    FINALIZING TREE SEARCH                        |
--------------------------------------------------------------------
Performs final model parameters optimization
Estimate model parameters (epsilon = 0.010)
1. Initial log-likelihood: -4703.638
Optimal log-likelihood: -4703.638
Gamma shape alpha: 1.556
Parameters optimization took 1 rounds (0.008 sec)
BEST SCORE FOUND : -4703.638
Total tree length: 3.230

Total number of iterations: 102
CPU time used for tree search: 67.539 sec (0h:1m:7s)
Wall-clock time used for tree search: 8.528 sec (0h:0m:8s)
Total CPU time used: 68.274 sec (0h:1m:8s)
Total wall-clock time used: 8.630 sec (0h:0m:8s)

Analysis results written to: 
  IQ-TREE report:                /csm_data/spielman_lab/dms_modelselection//simulations/alignments/LAC_greenalga_rep16_AA.fasta.iqtree
  Maximum-likelihood tree:       /csm_data/spielman_lab/dms_modelselection//simulations/alignments/LAC_greenalga_rep16_AA.fasta.treefile
  Likelihood distances:          /csm_data/spielman_lab/dms_modelselection//simulations/alignments/LAC_greenalga_rep16_AA.fasta.mldist
  Screen log file:               /csm_data/spielman_lab/dms_modelselection//simulations/alignments/LAC_greenalga_rep16_AA.fasta.log

Date and Time: Tue Apr 16 18:43:17 2019
