IQ-TREE multicore version 1.6.7 for Linux 64-bit built Aug 23 2018
Developed by Bui Quang Minh, Nguyen Lam Tung, Olga Chernomor,
Heiko Schmidt, Dominik Schrempf, Michael Woodhams.

Host:    csm-gpu-001 (AVX2, FMA3, 62 GB RAM)
Command: iqtree -nt 8 -m HIVb+I+G4 -s /csm_data/spielman_lab/dms_modelselection//simulations/alignments/NP_greenalga_rep5_AA.fasta -st AA
Seed:    62479 (Using SPRNG - Scalable Parallel Random Number Generator)
Time:    Mon Apr 15 23:59:19 2019
Kernel:  AVX+FMA - 8 threads (48 CPU cores detected)

Reading alignment file /csm_data/spielman_lab/dms_modelselection//simulations/alignments/NP_greenalga_rep5_AA.fasta ... Fasta format detected
Alignment most likely contains protein sequences
Alignment has 23 sequences with 498 columns, 453 distinct patterns
350 parsimony-informative, 86 singleton sites, 62 constant sites
                                Gap/Ambiguity  Composition  p-value
   1  Schizomeris_leibleinii            0.00%    passed     98.87%
   2  Stigeoclonium_helveticum          0.00%    passed     95.57%
   3  Floydiella_terrestris             0.00%    passed     89.68%
   4  Oedogonium_cardiacum              0.00%    passed     71.34%
   5  Dunaliella_salina                 0.00%    passed     95.99%
   6  Chlamydomonas_reinhardtii         0.00%    passed     99.91%
   7  Gonium_pectorale                  0.00%    passed     99.97%
   8  Pleodorina_starrii                0.00%    passed     99.81%
   9  Volvox_carteri                    0.00%    passed     99.85%
  10  Bracteacoccus_aerius              0.00%    passed     97.73%
  11  Bracteacoccus_minor               0.00%    passed     99.59%
  12  Mychonastes_homosphaera           0.00%    passed     81.93%
  13  Pseudomuriella_schumacherensis    0.00%    passed     99.31%
  14  Kirchneriella_aperta              0.00%    passed     99.83%
  15  Ourococcus_multisporus            0.00%    passed     97.29%
  16  Pediastrum_duplex                 0.00%    passed     99.90%
  17  Chlorotetraedron_incus            0.00%    passed     99.98%
  18  Neochloris_aquatica               0.00%    passed     99.47%
  19  Scenedesmus_obliquus              0.00%    passed     96.60%
  20  Rotundella_rotunda                0.00%    passed     96.98%
  21  Chromochloris_zofingiensis        0.00%    passed     97.47%
  22  Atractomorpha_echinata            0.00%    passed     99.08%
  23  Ankyra_judai                      0.00%    passed     83.10%
****  TOTAL                             0.00%  0 sequences failed composition chi2 test (p-value<5%; df=19)

Create initial parsimony tree by phylogenetic likelihood library (PLL)... 0.002 seconds

NOTE: 6 MB RAM (0 GB) is required!
Estimate model parameters (epsilon = 0.100)
Thoroughly optimizing +I+G parameters from 10 start values...
Init pinv, alpha: 0.000, 1.000 / Estimate: 0.000, 1.800 / LogL: -10345.759
Init pinv, alpha: 0.014, 1.000 / Estimate: 0.051, 2.431 / LogL: -10341.518
Init pinv, alpha: 0.028, 1.000 / Estimate: 0.050, 2.423 / LogL: -10341.529
Init pinv, alpha: 0.041, 1.000 / Estimate: 0.050, 2.427 / LogL: -10341.523
Init pinv, alpha: 0.055, 1.000 / Estimate: 0.057, 2.522 / LogL: -10341.439
Init pinv, alpha: 0.069, 1.000 / Estimate: 0.060, 2.585 / LogL: -10341.447
Init pinv, alpha: 0.083, 1.000 / Estimate: 0.063, 2.626 / LogL: -10341.480
Init pinv, alpha: 0.097, 1.000 / Estimate: 0.062, 2.617 / LogL: -10341.471
Init pinv, alpha: 0.111, 1.000 / Estimate: 0.063, 2.629 / LogL: -10341.483
Init pinv, alpha: 0.124, 1.000 / Estimate: 0.064, 2.642 / LogL: -10341.496
Optimal pinv,alpha: 0.057, 2.522 / LogL: -10341.439

Parameters optimization took 0.860 sec
Computing ML distances based on estimated model parameters... 0.208 sec
Computing BIONJ tree...
0.001 seconds
Log-likelihood of BIONJ tree: -10341.439
--------------------------------------------------------------------
|             INITIALIZING CANDIDATE TREE SET                      |
--------------------------------------------------------------------
Generating 99 parsimony trees... 0.385 second
Computing log-likelihood of 99 initial trees ... 1.104 seconds
Current best score: -10341.439

Do NNI search on 20 best initial trees
Estimate model parameters (epsilon = 0.100)
BETTER TREE FOUND at iteration 1: -10341.438
Iteration 10 / LogL: -10341.449 / Time: 0h:0m:2s
Iteration 20 / LogL: -10341.443 / Time: 0h:0m:3s
Finish initializing candidate tree set (1)
Current best tree score: -10341.438 / CPU time: 2.715
Number of iterations: 20
--------------------------------------------------------------------
|               OPTIMIZING CANDIDATE TREE SET                      |
--------------------------------------------------------------------
Iteration 30 / LogL: -10341.691 / Time: 0h:0m:4s (0h:0m:10s left)
Iteration 40 / LogL: -10341.440 / Time: 0h:0m:5s (0h:0m:8s left)
Iteration 50 / LogL: -10341.452 / Time: 0h:0m:6s (0h:0m:6s left)
Iteration 60 / LogL: -10341.459 / Time: 0h:0m:7s (0h:0m:4s left)
Iteration 70 / LogL: -10341.966 / Time: 0h:0m:7s (0h:0m:3s left)
Iteration 80 / LogL: -10341.503 / Time: 0h:0m:8s (0h:0m:2s left)
Iteration 90 / LogL: -10342.816 / Time: 0h:0m:9s (0h:0m:1s left)
Iteration 100 / LogL: -10341.686 / Time: 0h:0m:10s (0h:0m:0s left)
TREE SEARCH COMPLETED AFTER 102 ITERATIONS / Time: 0h:0m:10s

--------------------------------------------------------------------
|                    FINALIZING TREE SEARCH                        |
--------------------------------------------------------------------
Performs final model parameters optimization
Estimate model parameters (epsilon = 0.010)
1. Initial log-likelihood: -10341.438
Optimal log-likelihood: -10341.437
Proportion of invariable sites: 0.057
Gamma shape alpha: 2.532
Parameters optimization took 1 rounds (0.015 sec)
BEST SCORE FOUND : -10341.437
Total tree length: 3.958

Total number of iterations: 102
CPU time used for tree search: 77.282 sec (0h:1m:17s)
Wall-clock time used for tree search: 9.861 sec (0h:0m:9s)
Total CPU time used: 84.676 sec (0h:1m:24s)
Total wall-clock time used: 10.799 sec (0h:0m:10s)

Analysis results written to: 
  IQ-TREE report:                /csm_data/spielman_lab/dms_modelselection//simulations/alignments/NP_greenalga_rep5_AA.fasta.iqtree
  Maximum-likelihood tree:       /csm_data/spielman_lab/dms_modelselection//simulations/alignments/NP_greenalga_rep5_AA.fasta.treefile
  Likelihood distances:          /csm_data/spielman_lab/dms_modelselection//simulations/alignments/NP_greenalga_rep5_AA.fasta.mldist
  Screen log file:               /csm_data/spielman_lab/dms_modelselection//simulations/alignments/NP_greenalga_rep5_AA.fasta.log

Date and Time: Mon Apr 15 23:59:29 2019
