IQ-TREE multicore version 1.6.7 for Linux 64-bit built Aug 23 2018
Developed by Bui Quang Minh, Nguyen Lam Tung, Olga Chernomor,
Heiko Schmidt, Dominik Schrempf, Michael Woodhams.

Host:    csm-com-012 (AVX2, FMA3, 62 GB RAM)
Command: iqtree -nt 8 -m JTT+I+G4 -s /csm_data/spielman_lab/dms_modelselection//simulations/alignments/NP_greenalga_rep10_AA.fasta -st AA
Seed:    319766 (Using SPRNG - Scalable Parallel Random Number Generator)
Time:    Tue Apr 16 02:39:50 2019
Kernel:  AVX+FMA - 8 threads (48 CPU cores detected)

Reading alignment file /csm_data/spielman_lab/dms_modelselection//simulations/alignments/NP_greenalga_rep10_AA.fasta ... Fasta format detected
Alignment most likely contains protein sequences
Alignment has 23 sequences with 498 columns, 445 distinct patterns
350 parsimony-informative, 80 singleton sites, 68 constant sites
                                Gap/Ambiguity  Composition  p-value
   1  Schizomeris_leibleinii            0.00%    passed     96.51%
   2  Stigeoclonium_helveticum          0.00%    passed     64.93%
   3  Floydiella_terrestris             0.00%    passed     86.91%
   4  Oedogonium_cardiacum              0.00%    passed     93.97%
   5  Dunaliella_salina                 0.00%    passed     98.43%
   6  Chlamydomonas_reinhardtii         0.00%    passed     99.99%
   7  Gonium_pectorale                  0.00%    passed     98.54%
   8  Pleodorina_starrii                0.00%    passed     99.99%
   9  Volvox_carteri                    0.00%    passed     99.16%
  10  Bracteacoccus_aerius              0.00%    passed     99.34%
  11  Bracteacoccus_minor               0.00%    passed     99.39%
  12  Mychonastes_homosphaera           0.00%    passed     98.46%
  13  Pseudomuriella_schumacherensis    0.00%    passed     99.99%
  14  Kirchneriella_aperta              0.00%    passed     99.99%
  15  Ourococcus_multisporus            0.00%    passed    100.00%
  16  Pediastrum_duplex                 0.00%    passed     98.80%
  17  Chlorotetraedron_incus            0.00%    passed     99.35%
  18  Neochloris_aquatica               0.00%    passed     99.69%
  19  Scenedesmus_obliquus              0.00%    passed     95.40%
  20  Rotundella_rotunda                0.00%    passed     99.04%
  21  Chromochloris_zofingiensis        0.00%    passed     99.68%
  22  Atractomorpha_echinata            0.00%    passed     99.72%
  23  Ankyra_judai                      0.00%    passed     99.96%
****  TOTAL                             0.00%  0 sequences failed composition chi2 test (p-value<5%; df=19)

Create initial parsimony tree by phylogenetic likelihood library (PLL)... 0.002 seconds

NOTE: 6 MB RAM (0 GB) is required!
Estimate model parameters (epsilon = 0.100)
Thoroughly optimizing +I+G parameters from 10 start values...
Init pinv, alpha: 0.000, 1.000 / Estimate: 0.000, 2.286 / LogL: -10062.446
Init pinv, alpha: 0.015, 1.000 / Estimate: 0.060, 3.401 / LogL: -10057.057
Init pinv, alpha: 0.030, 1.000 / Estimate: 0.061, 3.425 / LogL: -10057.037
Init pinv, alpha: 0.046, 1.000 / Estimate: 0.060, 3.399 / LogL: -10057.059
Init pinv, alpha: 0.061, 1.000 / Estimate: 0.064, 3.502 / LogL: -10056.992
Init pinv, alpha: 0.076, 1.000 / Estimate: 0.068, 3.622 / LogL: -10056.975
Init pinv, alpha: 0.091, 1.000 / Estimate: 0.071, 3.705 / LogL: -10056.999
Init pinv, alpha: 0.106, 1.000 / Estimate: 0.071, 3.705 / LogL: -10056.998
Init pinv, alpha: 0.121, 1.000 / Estimate: 0.072, 3.728 / LogL: -10057.010
Init pinv, alpha: 0.137, 1.000 / Estimate: 0.073, 3.751 / LogL: -10057.023
Optimal pinv,alpha: 0.068, 3.622 / LogL: -10056.975

Parameters optimization took 0.949 sec
Computing ML distances based on estimated model parameters... 0.135 sec
Computing BIONJ tree...
0.002 seconds
Log-likelihood of BIONJ tree: -10056.975
--------------------------------------------------------------------
|             INITIALIZING CANDIDATE TREE SET                      |
--------------------------------------------------------------------
Generating 99 parsimony trees... 0.310 second
Computing log-likelihood of 99 initial trees ... 1.065 seconds
Current best score: -10056.975

Do NNI search on 20 best initial trees
Estimate model parameters (epsilon = 0.100)
BETTER TREE FOUND at iteration 1: -10056.974
Iteration 10 / LogL: -10070.800 / Time: 0h:0m:3s
Iteration 20 / LogL: -10057.030 / Time: 0h:0m:3s
Finish initializing candidate tree set (2)
Current best tree score: -10056.974 / CPU time: 2.685
Number of iterations: 20
--------------------------------------------------------------------
|               OPTIMIZING CANDIDATE TREE SET                      |
--------------------------------------------------------------------
Iteration 30 / LogL: -10057.170 / Time: 0h:0m:4s (0h:0m:10s left)
Iteration 40 / LogL: -10057.001 / Time: 0h:0m:5s (0h:0m:8s left)
Iteration 50 / LogL: -10057.007 / Time: 0h:0m:6s (0h:0m:6s left)
Iteration 60 / LogL: -10070.800 / Time: 0h:0m:6s (0h:0m:4s left)
Iteration 70 / LogL: -10056.974 / Time: 0h:0m:7s (0h:0m:3s left)
Iteration 80 / LogL: -10056.983 / Time: 0h:0m:8s (0h:0m:2s left)
Iteration 90 / LogL: -10056.984 / Time: 0h:0m:9s (0h:0m:1s left)
Iteration 100 / LogL: -10056.976 / Time: 0h:0m:10s (0h:0m:0s left)
TREE SEARCH COMPLETED AFTER 102 ITERATIONS / Time: 0h:0m:10s

--------------------------------------------------------------------
|                    FINALIZING TREE SEARCH                        |
--------------------------------------------------------------------
Performs final model parameters optimization
Estimate model parameters (epsilon = 0.010)
1. Initial log-likelihood: -10056.974
Optimal log-likelihood: -10056.973
Proportion of invariable sites: 0.068
Gamma shape alpha: 3.607
Parameters optimization took 1 rounds (0.014 sec)
BEST SCORE FOUND : -10056.973
Total tree length: 3.544

Total number of iterations: 102
CPU time used for tree search: 76.546 sec (0h:1m:16s)
Wall-clock time used for tree search: 9.704 sec (0h:0m:9s)
Total CPU time used: 84.626 sec (0h:1m:24s)
Total wall-clock time used: 10.728 sec (0h:0m:10s)

Analysis results written to: 
  IQ-TREE report:                /csm_data/spielman_lab/dms_modelselection//simulations/alignments/NP_greenalga_rep10_AA.fasta.iqtree
  Maximum-likelihood tree:       /csm_data/spielman_lab/dms_modelselection//simulations/alignments/NP_greenalga_rep10_AA.fasta.treefile
  Likelihood distances:          /csm_data/spielman_lab/dms_modelselection//simulations/alignments/NP_greenalga_rep10_AA.fasta.mldist
  Screen log file:               /csm_data/spielman_lab/dms_modelselection//simulations/alignments/NP_greenalga_rep10_AA.fasta.log

Date and Time: Tue Apr 16 02:40:01 2019
