IQ-TREE multicore version 1.6.7 for Linux 64-bit built Aug 23 2018
Developed by Bui Quang Minh, Nguyen Lam Tung, Olga Chernomor,
Heiko Schmidt, Dominik Schrempf, Michael Woodhams.

Host:    csm-com-002 (AVX2, FMA3, 62 GB RAM)
Command: iqtree -nt 8 -m mtVer+F+G4 -s /csm_data/spielman_lab/dms_modelselection//simulations/alignments/NP_spiralia_rep20_AA.fasta -st AA
Seed:    346153 (Using SPRNG - Scalable Parallel Random Number Generator)
Time:    Tue Apr 16 13:03:13 2019
Kernel:  AVX+FMA - 8 threads (48 CPU cores detected)

Reading alignment file /csm_data/spielman_lab/dms_modelselection//simulations/alignments/NP_spiralia_rep20_AA.fasta ... Fasta format detected
Alignment most likely contains protein sequences
Alignment has 103 sequences with 498 columns, 493 distinct patterns
457 parsimony-informative, 33 singleton sites, 7 constant sites
                                Gap/Ambiguity  Composition  p-value
   1  Adineta_vaga                      0.00%    passed     93.45%
   2  Rotaria_rotatoria                 0.00%    passed     97.08%
   3  Lepadella_patella                 0.00%    passed     94.74%
   4  Brachionus_plicatilis             0.00%    passed     97.02%
   5  Brachionus_manjavacas             0.00%    passed     98.60%
   6  Rhabdopleura_compacta             0.00%    passed     97.86%
   7  Ptychodera_flava                  0.00%    passed     98.45%
   8  SchizocardiumCalif_cl             0.00%    passed     99.54%
   9  Sackow                            0.00%    passed     99.59%
  10  Patmin                            0.00%    passed     99.70%
  11  Parastichopus_parvimensis         0.00%    passed     99.91%
  12  Strpur                            0.00%    passed     99.14%
  13  Florometra_serratissima           0.00%    passed     98.03%
  14  Calmil                            0.00%    passed     99.77%
  15  HUMAN                             0.00%    passed     99.99%
  16  LATCH                             0.00%    passed     98.86%
  17  LEPOC                             0.00%    passed     99.90%
  18  Petromyzon_marins                 0.00%    passed     99.82%
  19  Halocynthia_roretzi               0.00%    passed     99.93%
  20  Molgula_tectiformis               0.00%    passed     93.37%
  21  CIOIN                             0.00%    passed     99.33%
  22  Asymmetron_lucayanum              0.00%    passed    100.00%
  23  BraLan                            0.00%    passed     99.97%
  24  Leucoselenia_complicata           0.00%    passed     89.84%
  25  Sycon_ciliatum                    0.00%    passed     92.87%
  26  Oscarella_carmella                0.00%    passed    100.00%
  27  AMPQE                             0.00%    passed     99.55%
  28  Ephidatia_mulleri                 0.00%    passed     98.09%
  29  NEMVE                             0.00%    passed     97.70%
  30  Acropora_digitifera               0.00%    passed     98.85%
  31  Aurelia_aurita                    0.00%    passed     99.63%
  32  Clytia_hemisphaerica              0.00%    passed     97.70%
  33  Isodiametra_pulchra               0.00%    passed     99.77%
  34  Childia_submaculatum              0.00%    passed     99.76%
  35  Diopisthoporus_gymnopharyngeus    0.00%    passed     79.18%
  36  Hofstenia_miamia                  0.00%    passed     97.27%
  37  Meara_stichopi                    0.00%    passed     94.52%
  38  Nemertoderma_westbladi            0.00%    passed     98.45%
  39  Xenoturbella_profunda             0.00%    passed    100.00%
  40  Xenoturbella_bocki                0.00%    passed     99.99%
  41  TRICA                             0.00%    passed     99.94%
  42  DROME                             0.00%    passed     98.49%
  43  Apis_mellifera                    0.00%    passed     99.14%
  44  Daphnia_pulex                     0.00%    passed     99.72%
  45  Eudigraphis_taiwaniensis          0.00%    passed     98.84%
  46  STRMM                             0.00%    passed    100.00%
  47  Mesobuthus_martensii              0.00%    passed     99.96%
  48  Limulus_polyphemus                0.00%    passed     99.14%
  49  Peripatopsis_capensis             0.00%    passed     98.49%
  50  Enoplus_brevis                    0.00%    passed     92.43%
  51  Romanomermis_culicivorax          0.00%    passed     91.33%
  52  Ramazzottius_varieornatus         0.00%    passed     99.45%
  53  Hypsibius_dujardini               0.00%    passed     99.29%
  54  Priapulus_caudatus                0.00%    passed     99.63%
  55  Halicryptus_spinulosus            0.00%    passed     99.99%
  56  Tubiluchus_corallicola            0.00%    passed     95.79%
  57  Lepidodermella_squamata           0.00%    passed     41.18%
  58  Diuronotus_aspetos                0.00%    passed     40.98%
  59  Macrodasys_sp                     0.00%    passed     97.93%
  60  Megadasys_sp                      0.00%    passed     92.62%
  61  Catenulida_sp                     0.00%    passed     99.25%
  62  Stylochoplana_maculata            0.00%    passed     94.30%
  63  Stylochus_ellipticus              0.00%    passed     99.06%
  64  Macrostomum_lignano               0.00%    passed     96.45%
  65  LOTGI                             0.00%    passed    100.00%
  66  Aplysia_californica               0.00%    passed     99.81%
  67  CRAGI                             0.00%    passed    100.00%
  68  Leptochiton_rugatus               0.00%    passed     99.96%
  69  Neomenia_megatrapezata            0.00%    passed     97.54%
  70  CAPI1                             0.00%    passed    100.00%
  71  Lumbricus_terrestris              0.00%    passed     99.89%
  72  Nephtys_caeca                     0.00%    passed    100.00%
  73  Owenia_fusiformis                 0.00%    passed     99.20%
  74  Lineus_longissimus                0.00%    passed     99.96%
  75  Paranemertes_peregrina            0.00%    passed     99.99%
  76  Malacobdella_grossa               0.00%    passed     99.81%
  77  Tubulanus_polymorphus             0.00%    passed     98.85%
  78  Cephalothrix_linearis             0.00%    passed     99.99%
  79  Hemithiris_psittacea              0.00%    passed    100.00%
  80  Terebratalia_transversa           0.00%    passed    100.00%
  81  Glottidia_pyramidata              0.00%    passed     99.96%
  82  Linana                            0.00%    passed    100.00%
  83  Phoronopsis_harmeri               0.00%    passed     99.96%
  84  Phoronis_vancouverensis           0.00%    passed     99.73%
  85  Phoronis_psammophila              0.00%    passed     98.14%
  86  Membranipora_membranacea          0.00%    passed     98.36%
  87  Bugula_neritina                   0.00%    passed     99.94%
  88  Loxosoma_pectinaricola            0.00%    passed     94.04%
  89  Barentsia_gracilis                0.00%    passed     89.45%
  90  Sagitta_gazellae                  0.00%    passed     99.96%
  91  Sagitta_setosa                    0.00%    passed     99.97%
  92  Pterosagitta_draco                0.00%    passed     99.75%
  93  Sagitta_elegans                   0.00%    passed     99.34%
  94  Sagitta_serratodentata            0.00%    passed     99.87%
  95  Sagitta_hexaptera                 0.00%    passed     99.91%
  96  Krohnitta_sp                      0.00%    passed     99.23%
  97  Paraspadella_ovovivipara          0.00%    passed     99.31%
  98  Pargo1                            0.00%    passed     99.63%
  99  Spadella_cephaloptera             0.00%    passed     99.80%
 100  Eukrohnia_hamata                  0.00%    passed     99.99%
 101  Gnathostomula_paradoxa            0.00%    passed     99.38%
 102  Austrognathia_sp                  0.00%    passed     96.13%
 103  Limnognathia_maerski              0.00%    passed     84.44%
****  TOTAL                             0.00%  0 sequences failed composition chi2 test (p-value<5%; df=19)

Create initial parsimony tree by phylogenetic likelihood library (PLL)... 0.051 seconds

NOTE: 32 MB RAM (0 GB) is required!
Estimate model parameters (epsilon = 0.100)
1. Initial log-likelihood: -35956.031
2. Current log-likelihood: -35799.457
3. Current log-likelihood: -35796.834
Optimal log-likelihood: -35796.770
Gamma shape alpha: 1.459
Parameters optimization took 3 rounds (0.316 sec)
Computing ML distances based on estimated model parameters... 3.560 sec
Computing BIONJ tree...
0.008 seconds
Log-likelihood of BIONJ tree: -35836.603
--------------------------------------------------------------------
|             INITIALIZING CANDIDATE TREE SET                      |
--------------------------------------------------------------------
Generating 98 parsimony trees... 4.503 second
Computing log-likelihood of 98 initial trees ... 5.503 seconds
Current best score: -35796.770

Do NNI search on 20 best initial trees
Estimate model parameters (epsilon = 0.100)
BETTER TREE FOUND at iteration 1: -35776.475
Iteration 10 / LogL: -35794.883 / Time: 0h:0m:13s
Iteration 20 / LogL: -35776.486 / Time: 0h:0m:17s
Finish initializing candidate tree set (7)
Current best tree score: -35776.475 / CPU time: 17.021
Number of iterations: 20
--------------------------------------------------------------------
|               OPTIMIZING CANDIDATE TREE SET                      |
--------------------------------------------------------------------
Iteration 30 / LogL: -35776.706 / Time: 0h:0m:23s (0h:0m:57s left)
Iteration 40 / LogL: -35790.768 / Time: 0h:0m:28s (0h:0m:44s left)
Iteration 50 / LogL: -35776.506 / Time: 0h:0m:34s (0h:0m:35s left)
Iteration 60 / LogL: -35776.520 / Time: 0h:0m:39s (0h:0m:27s left)
Iteration 70 / LogL: -35787.232 / Time: 0h:0m:45s (0h:0m:20s left)
Iteration 80 / LogL: -35788.572 / Time: 0h:0m:50s (0h:0m:13s left)
Iteration 90 / LogL: -35788.637 / Time: 0h:0m:55s (0h:0m:6s left)
Iteration 100 / LogL: -35788.649 / Time: 0h:1m:1s (0h:0m:0s left)
TREE SEARCH COMPLETED AFTER 102 ITERATIONS / Time: 0h:1m:2s

--------------------------------------------------------------------
|                    FINALIZING TREE SEARCH                        |
--------------------------------------------------------------------
Performs final model parameters optimization
Estimate model parameters (epsilon = 0.010)
1. Initial log-likelihood: -35776.475
Optimal log-likelihood: -35776.475
Gamma shape alpha: 1.457
Parameters optimization took 1 rounds (0.066 sec)
BEST SCORE FOUND : -35776.475
Total tree length: 16.996

Total number of iterations: 102
CPU time used for tree search: 462.067 sec (0h:7m:42s)
Wall-clock time used for tree search: 61.720 sec (0h:1m:1s)
Total CPU time used: 469.683 sec (0h:7m:49s)
Total wall-clock time used: 62.735 sec (0h:1m:2s)

Analysis results written to: 
  IQ-TREE report:                /csm_data/spielman_lab/dms_modelselection//simulations/alignments/NP_spiralia_rep20_AA.fasta.iqtree
  Maximum-likelihood tree:       /csm_data/spielman_lab/dms_modelselection//simulations/alignments/NP_spiralia_rep20_AA.fasta.treefile
  Likelihood distances:          /csm_data/spielman_lab/dms_modelselection//simulations/alignments/NP_spiralia_rep20_AA.fasta.mldist
  Screen log file:               /csm_data/spielman_lab/dms_modelselection//simulations/alignments/NP_spiralia_rep20_AA.fasta.log

Date and Time: Tue Apr 16 13:04:16 2019
