IQ-TREE multicore version 1.6.7 for Linux 64-bit built Aug 23 2018
Developed by Bui Quang Minh, Nguyen Lam Tung, Olga Chernomor,
Heiko Schmidt, Dominik Schrempf, Michael Woodhams.

Host:    csm-com-007 (AVX2, FMA3, 62 GB RAM)
Command: iqtree -quiet -nt AUTO -ntmax 8 -m rtREV+F+I -s /csm_data/spielman_lab/dms_modelselection/pandit_aa_alignments/PF00306.fasta -st AA -redo -bb 1000
Seed:    181508 (Using SPRNG - Scalable Parallel Random Number Generator)
Time:    Fri Jun 14 10:45:19 2019
Kernel:  AVX+FMA - auto-detect threads (48 CPU cores detected)

Reading alignment file /csm_data/spielman_lab/dms_modelselection/pandit_aa_alignments/PF00306.fasta ... Fasta format detected
Alignment most likely contains protein sequences
Alignment has 149 sequences with 211 columns, 203 distinct patterns
149 parsimony-informative, 7 singleton sites, 55 constant sites
                   Gap/Ambiguity  Composition  p-value
   1  VATBYEAST397500     50.71%    passed     73.12%
   2  VATBNEUCR391494     50.71%    passed     57.88%
   3  VATBSCHPO394497     50.71%    passed     78.83%
   4  VATB1GOSHI394488    54.98%    passed     94.00%
   5  VATB2ACEAT399485    58.77%    passed     94.62%
   6  Q23926DICDI181275   54.98%    passed     19.47%
   7  VATBDROME396490     54.98%    passed     99.40%
   8  O96066ASCSS402505   50.71%    passed     87.62%
   9  VATBCYACA394497     50.71%    passed     17.26%
  10  VATBTRYCO391479     57.82%    passed     40.57%
  11  VATBDEIRA369465     54.03%    passed      9.76%
  12  VATBTHETH376478     51.18%    passed     46.78%
  13  VATBHALVO369466     53.55%    passed      5.53%
  14  VATBHALSA372470     53.08%    passed     11.77%
  15  NTPBENTHR366458     55.92%    passed     85.52%
  16  VATB2TREPA367471    50.24%    passed      5.70%
  17  VATATRYCO468610     32.23%    passed     28.16%
  18  VATAMANSE473617     31.28%    passed     77.77%
  19  Q90646CHICK467611   31.28%    passed     85.32%
  20  O96065ASCSS475619   31.28%    passed     83.99%
  21  O00779DICDI474616   32.23%    failed      3.97%
  22  Q9VK47DROME595738   31.75%    passed     56.89%
  23  Q24802ENTHI465607   32.23%    passed     80.25%
  24  VATA1ACEAT464610    30.33%    passed     98.75%
  25  Q9SDM0ALLCE42186    31.28%    passed     95.23%
  26  Q9SM51SCHDU467612   30.81%    passed     62.48%
  27  VATASCHPO481619     34.12%    failed      1.24%
  28  VATANEUCR469606     34.60%    failed      2.28%
  29  VATAYEAST9341071    34.60%    passed     31.17%
  30  VATAPLAFA467610     31.75%    passed     19.88%
  31  VATAAERPE464597     36.49%    passed     70.27%
  32  VATASULSO455588     36.49%    passed     46.86%
  33  VATASULAC455588     36.49%    passed     13.24%
  34  VATA2TREPA461592    37.44%    failed      2.54%
  35  VATADEIRA451582     37.44%    passed     68.21%
  36  VATATHETH448572     40.76%    passed     37.30%
  37  VATATHESI453585     36.97%    passed     10.56%
  38  VATAMETTH455583     38.86%    passed     15.82%
  39  NTPAENTHR454586     36.97%    passed     37.77%
  40  VATAARCFU454576     41.71%    passed     41.87%
  41  VATAMETBA448577     38.39%    passed     83.46%
  42  VATAHALVO458584     39.81%    failed      3.28%
  43  VATAHALSA455583     38.86%    passed      9.90%
  44  VATACHLPN461564     50.71%    passed     13.43%
  45  VATACHLTR461564     50.71%    failed      0.00%
  46  VATA1TREPA448565    44.08%    failed      0.89%
  47  ATPBCLOAB358465     48.82%    passed     98.96%
  48  ATPBAQUAE369476     48.82%    passed     89.85%
  49  Q9RGY1LACAC358465   48.82%    passed     72.69%
  50  O50159STRBO362469   48.82%    passed     85.35%
  51  ATPBBACPF364470     49.29%    passed     96.74%
  52  ATPBTHEMA361468     48.82%    passed     44.28%
  53  ATPBCYAPA375482     48.82%    passed     96.97%
  54  ATPBDICDH374481     48.82%    passed     94.96%
  55  ATPBCYACA382489     48.82%    passed     95.85%
  56  ATPBCYTLY393501     48.34%    passed     92.35%
  57  ATPBCHLVI357462     49.76%    passed     98.17%
  58  ATPBBACFR394501     48.82%    passed     98.24%
  59  Q9SAQ0NICSY444551   48.82%    passed     98.24%
  60  O05433MOOTH356462   49.29%    passed     88.09%
  61  ATPBFERIS361468     48.82%    passed     82.63%
  62  ATPBTHIFE360467     48.82%    passed     99.74%
  63  ATPBBURCE357461     50.24%    passed     94.42%
  64  ATPBBUCAP361466     49.76%    passed     96.09%
  65  ATPBSTIAU373480     48.82%    passed     97.31%
  66  ATPBRICPR367474     48.82%    passed     97.98%
  67  ATPBRHORU363470     48.82%    passed     97.92%
  68  ATPBRHOCA363470     48.82%    passed     84.97%
  69  ATPBVIBAL361466     49.76%    passed     99.00%
  70  ATPBHELPY361468     48.82%    passed     91.40%
  71  ATPBHAEIN352457     49.76%    passed     93.72%
  72  ATPBYEAST401508     48.82%    passed     99.78%
  73  ATPBSCHPO414521     48.82%    passed     99.77%
  74  ATPBNEUCR406517     46.92%    passed     93.95%
  75  ATPBCAEEL427534     48.82%    passed     97.27%
  76  Q8T4C4DROME462569   48.82%    passed     99.85%
  77  Q465859DELT362469   48.82%    passed     98.09%
  78  O50142RUMAL359465   49.29%    passed     80.15%
  79  ATPBPROMO357464     48.82%    passed     94.15%
  80  ATPBMYCPN362469     48.82%    passed     79.93%
  81  ATPBMYCGA362469     48.82%    passed     97.47%
  82  ATPBHERAU364471     48.82%    passed     58.41%
  83  ATPBSTRCO369476     48.82%    passed     41.72%
  84  ATPBMYCTU377484     48.82%    passed     99.65%
  85  ATPBCORGL375482     48.82%    passed     91.90%
  86  ATPBACEWO358465     48.82%    passed     97.55%
  87  O31075METBA361468   48.82%    passed     92.15%
  88  ATPAHELPJ377495     43.60%    passed     72.42%
  89  O21268RECAM386504   43.60%    passed     83.44%
  90  ATPAAQUAE377495     43.60%    passed     73.88%
  91  Q9X1U7THEMA377481   50.24%    passed     65.40%
  92  O05431MOOTH377466   57.35%    passed     12.82%
  93  Q9S5B79DELT376469   55.45%    passed     43.12%
  94  ATPAMYXXA376465     57.35%    passed      5.48%
  95  Q9RGY3LACAC376480   50.24%    passed     76.78%
  96  ATPALACLC376480     50.24%    passed     14.64%
  97  O50157STRBO376480   50.24%    passed     56.03%
  98  ATPABACP3376477     51.66%    passed     69.01%
  99  ATPABACME376477     51.66%    passed     89.08%
 100  ATPASTRLI387490     50.71%    passed     63.76%
 101  ATPADROME426527     51.66%    passed     96.54%
 102  ATPAHUMAN427531     50.24%    passed     90.23%
 103  Q94760STRPU425529   50.24%    passed     84.46%
 104  O13449YEAST421525   50.24%    passed     73.24%
 105  ATPASCHPO412516     50.24%    passed     95.13%
 106  Q9TC93NEPOL384485   51.66%    passed     72.05%
 107  ATPAMWHEAT387488    51.66%    passed     71.61%
 108  Q96550CHLRE447562   45.02%    passed     67.56%
 109  ATPANEUCR425543     43.60%    passed     99.03%
 110  ATPACYACA377466     57.35%    passed     61.17%
 111  ATPAGALSU377477     52.13%    passed     67.14%
 112  ATPANEPOL377466     57.35%    passed     16.64%
 113  ATPACHLRE376465     57.35%    passed     27.14%
 114  ATPAANASP378467     57.35%    passed     74.81%
 115  ATPAPINTH377468     56.40%    passed     82.09%
 116  ATPAMAIZE377477     52.13%    passed     83.45%
 117  ATPAODOSI377463     58.77%    passed     77.21%
 118  O99015PROWI377499   41.71%    passed      8.16%
 119  O64436ACEAT377499   41.71%    passed     59.96%
 120  ATPASYNY3377491     45.50%    passed     81.70%
 121  ATPASYNP6377491     45.50%    passed     73.14%
 122  ATPAPORPU377492     45.02%    passed     87.59%
 123  ATPAEUGGR377491     45.50%    passed     79.70%
 124  ATPAARATH377491     45.50%    passed     37.35%
 125  ATPACYAPA377491     45.50%    passed     84.54%
 126  Q37628PROWI384480   54.03%    passed     98.47%
 127  ATPAMMARPO386490    50.24%    passed     69.42%
 128  ATPAMNICPL383482    52.61%    passed     37.16%
 129  ATPARHORU385483     53.08%    passed     40.39%
 130  ATPARHOCA383476     55.45%    passed     83.21%
 131  ATPARHOBL386487     51.66%    passed     89.70%
 132  Q9TAH9CAFRO472575   50.71%    passed     48.84%
 133  ATPAMYCLE387502     45.02%    passed     63.08%
 134  O50140RUMAL395485   56.87%    passed     52.03%
 135  O31082METBA396482   58.77%    passed     62.49%
 136  ATPACLOAB376484     48.34%    passed     80.38%
 137  ATPAMYCPN376472     54.03%    passed     54.74%
 138  ATPARICPR384499     45.02%    passed     44.34%
 139  ATPAMACACA386489    50.71%    failed      0.00%
 140  O96252PLAF7424525   51.66%    passed     25.79%
 141  Q9RQ819ENTR98202    50.24%    passed     35.75%
 142  ATPABUCAP387469     60.66%    passed     82.34%
 143  ATPAECOLI387483     54.03%    passed     59.75%
 144  ATPAVIBAL387505     43.60%    passed     63.01%
 145  ATPAHAEIN387505     43.60%    passed     90.67%
 146  ATPATHIFE388506     43.60%    passed     75.48%
 147  Q9RQ789ENTR98216    43.60%    failed      0.76%
 148  Q9RQ759ENTR99202    50.71%    passed     60.36%
 149  Q9XPJ9DICDI396470   64.45%    passed     64.44%
WARNING: 61 sequences contain more than 50% gaps/ambiguity
****  TOTAL               47.57%  9 sequences failed composition chi2 test (p-value<5%; df=19)

Create initial parsimony tree by phylogenetic likelihood library (PLL)... 0.041 seconds
Generating 1000 samples for ultrafast bootstrap (seed: 181508)...

NOTE: 6 MB RAM (0 GB) is required!
Measuring multi-threading efficiency up to 8 CPU cores
Increase to 10 rounds for branch lengths
38 trees examined
Threads: 1 / Time: 8.050 sec / Speedup: 1.000 / Efficiency: 100% / LogL: -36174
Threads: 2 / Time: 5.104 sec / Speedup: 1.577 / Efficiency: 79% / LogL: -36174
Threads: 3 / Time: 5.168 sec / Speedup: 1.558 / Efficiency: 52% / LogL: -36174
Threads: 4 / Time: 4.711 sec / Speedup: 1.709 / Efficiency: 43% / LogL: -36174
BEST NUMBER OF THREADS: 2

Estimate model parameters (epsilon = 0.100)
1. Initial log-likelihood: -27010.964
2. Current log-likelihood: -26322.217
3. Current log-likelihood: -26315.739
4. Current log-likelihood: -26311.631
5. Current log-likelihood: -26307.979
6. Current log-likelihood: -26305.354
7. Current log-likelihood: -26304.238
8. Current log-likelihood: -26304.072
Optimal log-likelihood: -26304.061
Proportion of invariable sites: 0.007
Parameters optimization took 8 rounds (0.538 sec)
Computing ML distances based on estimated model parameters... 2.316 sec
WARNING: Some pairwise ML distances are too long (saturated)
Computing BIONJ tree...
0.018 seconds
Log-likelihood of BIONJ tree: -26307.748
--------------------------------------------------------------------
|             INITIALIZING CANDIDATE TREE SET                      |
--------------------------------------------------------------------
Generating 98 parsimony trees... 4.836 second
Computing log-likelihood of 98 initial trees ... 4.190 seconds
Current best score: -26195.156

Do NNI search on 20 best initial trees
Estimate model parameters (epsilon = 0.100)
BETTER TREE FOUND at iteration 1: -26053.636
Estimate model parameters (epsilon = 0.100)
BETTER TREE FOUND at iteration 5: -26043.001
Iteration 10 / LogL: -26087.181 / Time: 0h:0m:42s
Iteration 20 / LogL: -26133.924 / Time: 0h:0m:49s
Finish initializing candidate tree set (20)
Current best tree score: -26043.001 / CPU time: 24.611
Number of iterations: 20
--------------------------------------------------------------------
|               OPTIMIZING CANDIDATE TREE SET                      |
--------------------------------------------------------------------
Estimate model parameters (epsilon = 0.100)
BETTER TREE FOUND at iteration 23: -26032.431
Estimate model parameters (epsilon = 0.100)
BETTER TREE FOUND at iteration 24: -26020.936
Estimate model parameters (epsilon = 0.100)
BETTER TREE FOUND at iteration 30: -26003.084
Iteration 30 / LogL: -26003.084 / Time: 0h:0m:56s (0h:3m:14s left)
Estimate model parameters (epsilon = 0.100)
BETTER TREE FOUND at iteration 33: -26001.693
Iteration 40 / LogL: -26002.304 / Time: 0h:1m:2s (0h:2m:28s left)
Estimate model parameters (epsilon = 0.100)
BETTER TREE FOUND at iteration 48: -26000.918
Estimate model parameters (epsilon = 0.100)
BETTER TREE FOUND at iteration 50: -26000.733
Iteration 50 / LogL: -26000.733 / Time: 0h:1m:9s (0h:2m:21s left)
Log-likelihood cutoff on original alignment: -26115.144
Estimate model parameters (epsilon = 0.100)
BETTER TREE FOUND at iteration 53: -26000.606
Estimate model parameters (epsilon = 0.100)
BETTER TREE FOUND at iteration 58: -25998.881
Iteration 60 / LogL: -26001.529 / Time: 0h:1m:16s (0h:2m:7s left)
Iteration 70 / LogL: -26010.820 / Time: 0h:1m:24s (0h:1m:47s left)
Iteration 80 / LogL: -26022.528 / Time: 0h:1m:32s (0h:1m:30s left)
Estimate model parameters (epsilon = 0.100)
BETTER TREE FOUND at iteration 85: -25998.793
Estimate model parameters (epsilon = 0.100)
BETTER TREE FOUND at iteration 87: -25998.544
Iteration 90 / LogL: -25999.228 / Time: 0h:1m:39s (0h:1m:47s left)
Estimate model parameters (epsilon = 0.100)
BETTER TREE FOUND at iteration 91: -25994.386
Iteration 100 / LogL: -26004.289 / Time: 0h:1m:45s (0h:1m:37s left)
Log-likelihood cutoff on original alignment: -26115.144
NOTE: Bootstrap correlation coefficient of split occurrence frequencies: 0.992
Iteration 110 / LogL: -25999.443 / Time: 0h:1m:53s (0h:1m:33s left)
Iteration 120 / LogL: -26001.476 / Time: 0h:1m:59s (0h:1m:20s left)
Estimate model parameters (epsilon = 0.100)
BETTER TREE FOUND at iteration 125: -25993.103
Estimate model parameters (epsilon = 0.100)
BETTER TREE FOUND at iteration 127: -25991.410
Iteration 130 / LogL: -26004.210 / Time: 0h:2m:6s (0h:1m:35s left)
Estimate model parameters (epsilon = 0.100)
BETTER TREE FOUND at iteration 136: -25990.735
Iteration 140 / LogL: -26007.873 / Time: 0h:2m:13s (0h:1m:32s left)
Estimate model parameters (epsilon = 0.100)
BETTER TREE FOUND at iteration 145: -25989.927
Iteration 150 / LogL: -25994.123 / Time: 0h:2m:20s (0h:1m:29s left)
Log-likelihood cutoff on original alignment: -26115.144
Iteration 160 / LogL: -25992.542 / Time: 0h:2m:27s (0h:1m:18s left)
Estimate model parameters (epsilon = 0.100)
BETTER TREE FOUND at iteration 169: -25989.440
Iteration 170 / LogL: -25998.702 / Time: 0h:2m:34s (0h:1m:30s left)
Iteration 180 / LogL: -25990.735 / Time: 0h:2m:41s (0h:1m:20s left)
Iteration 190 / LogL: -25990.854 / Time: 0h:2m:47s (0h:1m:10s left)
Estimate model parameters (epsilon = 0.100)
BETTER TREE FOUND at iteration 196: -25989.316
Iteration 200 / LogL: -25993.162 / Time: 0h:2m:54s (0h:1m:24s left)
Log-likelihood cutoff on original alignment: -26115.144
NOTE: Bootstrap correlation coefficient of split occurrence frequencies: 0.984
NOTE: UFBoot does not converge, continue at least 100 more iterations
Iteration 210 / LogL: -25992.758 / Time: 0h:3m:1s (0h:1m:18s left)
Iteration 220 / LogL: -26003.916 / Time: 0h:3m:8s (0h:1m:8s left)
Iteration 230 / LogL: -26000.873 / Time: 0h:3m:14s (0h:0m:59s left)
Estimate model parameters (epsilon = 0.100)
BETTER TREE FOUND at iteration 233: -25988.794
Estimate model parameters (epsilon = 0.100)
BETTER TREE FOUND at iteration 240: -25988.408
Iteration 240 / LogL: -25988.408 / Time: 0h:3m:20s (0h:1m:23s left)
Iteration 250 / LogL: -25993.953 / Time: 0h:3m:27s (0h:1m:15s left)
Log-likelihood cutoff on original alignment: -26100.304
Iteration 260 / LogL: -26016.917 / Time: 0h:3m:35s (0h:1m:6s left)
Iteration 270 / LogL: -25990.090 / Time: 0h:3m:41s (0h:0m:57s left)
Iteration 280 / LogL: -25989.773 / Time: 0h:3m:48s (0h:0m:49s left)
Iteration 290 / LogL: -25991.903 / Time: 0h:3m:55s (0h:0m:40s left)
Iteration 300 / LogL: -25995.026 / Time: 0h:4m:1s (0h:0m:32s left)
Log-likelihood cutoff on original alignment: -26100.304
NOTE: Bootstrap correlation coefficient of split occurrence frequencies: 0.996
Iteration 310 / LogL: -25992.927 / Time: 0h:4m:9s (0h:1m:12s left)
Iteration 320 / LogL: -25993.694 / Time: 0h:4m:16s (0h:1m:4s left)
Iteration 330 / LogL: -25989.956 / Time: 0h:4m:22s (0h:0m:55s left)
Iteration 340 / LogL: -25989.137 / Time: 0h:4m:30s (0h:0m:47s left)
TREE SEARCH COMPLETED AFTER 341 ITERATIONS / Time: 0h:4m:30s

--------------------------------------------------------------------
|                    FINALIZING TREE SEARCH                        |
--------------------------------------------------------------------
Performs final model parameters optimization
Estimate model parameters (epsilon = 0.010)
1. Initial log-likelihood: -25988.408
Optimal log-likelihood: -25988.408
Proportion of invariable sites: 0.007
Parameters optimization took 1 rounds (0.054 sec)
BEST SCORE FOUND : -25988.408
Creating bootstrap support values...
Split supports printed to NEXUS file /csm_data/spielman_lab/dms_modelselection/pandit_aa_alignments/PF00306.fasta.splits.nex
Total tree length: 70.656

Total number of iterations: 341
CPU time used for tree search: 483.132 sec (0h:8m:3s)
Wall-clock time used for tree search: 245.885 sec (0h:4m:5s)
Total CPU time used: 552.024 sec (0h:9m:12s)
Total wall-clock time used: 271.416 sec (0h:4m:31s)

Computing bootstrap consensus tree...
Reading input file /csm_data/spielman_lab/dms_modelselection/pandit_aa_alignments/PF00306.fasta.splits.nex...
149 taxa and 1434 splits.
Consensus tree written to /csm_data/spielman_lab/dms_modelselection/pandit_aa_alignments/PF00306.fasta.contree
Reading input trees file /csm_data/spielman_lab/dms_modelselection/pandit_aa_alignments/PF00306.fasta.contree
Log-likelihood of consensus tree: -25990.536

Analysis results written to: 
  IQ-TREE report:                /csm_data/spielman_lab/dms_modelselection/pandit_aa_alignments/PF00306.fasta.iqtree
  Maximum-likelihood tree:       /csm_data/spielman_lab/dms_modelselection/pandit_aa_alignments/PF00306.fasta.treefile
  Likelihood distances:          /csm_data/spielman_lab/dms_modelselection/pandit_aa_alignments/PF00306.fasta.mldist

Ultrafast bootstrap approximation results written to:
  Split support values:          /csm_data/spielman_lab/dms_modelselection/pandit_aa_alignments/PF00306.fasta.splits.nex
  Consensus tree:                /csm_data/spielman_lab/dms_modelselection/pandit_aa_alignments/PF00306.fasta.contree
  Screen log file:               /csm_data/spielman_lab/dms_modelselection/pandit_aa_alignments/PF00306.fasta.log

Date and Time: Fri Jun 14 10:49:50 2019
