IQ-TREE multicore version 1.6.7 for Linux 64-bit built Aug 23 2018
Developed by Bui Quang Minh, Nguyen Lam Tung, Olga Chernomor,
Heiko Schmidt, Dominik Schrempf, Michael Woodhams.

Host:    csm-com-004 (AVX2, FMA3, 62 GB RAM)
Command: iqtree -quiet -nt AUTO -ntmax 8 -m GTR20 -s /csm_data/spielman_lab/dms_modelselection/pandit_aa_alignments/PF00107.fasta -st AA -redo -bb 1000
Seed:    54523 (Using SPRNG - Scalable Parallel Random Number Generator)
Time:    Fri Jun 14 10:02:54 2019
Kernel:  AVX+FMA - auto-detect threads (48 CPU cores detected)

Reading alignment file /csm_data/spielman_lab/dms_modelselection/pandit_aa_alignments/PF00107.fasta ... Fasta format detected
Alignment most likely contains protein sequences
Alignment has 107 sequences with 216 columns, 215 distinct patterns
162 parsimony-informative, 31 singleton sites, 23 constant sites
                     Gap/Ambiguity  Composition  p-value
   1  DHSOBACSU171311       34.72%    passed     46.49%
   2  YDJJECOLI168306       35.65%    passed     44.13%
   3  Q21703CAEEL168310     33.80%    passed     85.57%
   4  DHSOBOMMO167309       33.80%    passed     63.68%
   5  Q9ZR22MALDO191331     34.72%    passed     85.21%
   6  O964969HEMI168310     33.80%    passed     15.43%
   7  IDNDECOLI169305       36.57%    passed     48.21%
   8  O74230CANS1170313     33.33%    passed     58.18%
   9  XYL2PICST175314       35.19%    passed      5.81%
  10  Q07993YEAST171314     33.33%    passed     20.89%
  11  TDHBACSU168309        34.26%    passed     93.27%
  12  TDHPYRHO167308        34.26%    passed     96.26%
  13  TDHXANCP163302        35.19%    passed     11.99%
  14  Q51992PSEPU165305     34.72%    passed     78.98%
  15  DHSOBACHD162304       33.80%    passed     25.35%
  16  Y053HAEIN165303       35.65%    passed     23.07%
  17  RSPBECOLI160298       35.65%    passed     43.46%
  18  O35045BACSU161299     35.65%    passed     63.34%
  19  O53904MYCTU180326     31.94%    failed      0.00%
  20  YDJLECOLI174317       33.33%    passed     69.85%
  21  FDEHPSEPU175320       32.41%    passed     85.48%
  22  Q59696PSEPU180319     35.19%    passed     35.97%
  23  O34788BACSU168306     35.65%    passed     38.31%
  24  BDH1YEAST189332       33.33%    passed     87.41%
  25  YAG1YEAST189333       32.87%    passed     64.91%
  26  O42483CHICK193335     33.80%    passed     34.28%
  27  O65459ARATH192335     33.33%    passed      9.47%
  28  Q43169SOLTU194336     33.80%    passed     62.14%
  29  ADH2LYCES195337       33.80%    passed     88.83%
  30  O24687ANAAZ186328     33.80%    passed     81.74%
  31  Q59096ACICA190330     34.72%    passed     78.87%
  32  O85841SPHAR185324     35.19%    passed     82.13%
  33  Q9ZBH1STRCO187322     37.04%    failed      0.01%
  34  O22574LINUS216363     31.48%    passed     80.39%
  35  O53533MYCTU179320     34.26%    failed      3.98%
  36  O07737MYCTU165302     36.11%    passed      5.87%
  37  O34179HALVO211350     35.19%    passed     48.37%
  38  ADHALCEU183325        33.80%    passed     94.45%
  39  ADHTHEBR166310        32.87%    passed     40.70%
  40  O69045RHORH186329     33.33%    passed     41.29%
  41  O53303MYCTU184327     33.33%    passed     31.78%
  42  ADHBMYCTU186329       33.33%    passed     73.17%
  43  O07459RHOPA163303     34.72%    passed     24.07%
  44  O28179ARCFU203354     29.63%    passed      8.20%
  45  Q9ZEX79PROT238379     34.26%    passed     55.11%
  46  GATDECOLI160303       33.33%    passed     11.16%
  47  O74822SCHPO148280     38.43%    passed     23.34%
  48  YCJQECOLI157302       32.41%    passed     86.33%
  49  ADHSULSO170311        34.26%    passed     99.68%
  50  O42703CANPA170301     38.89%    passed     91.38%
  51  O94564SCHPO165309     32.87%    passed     62.12%
  52  ADH1PICST170311       34.26%    passed     78.17%
  53  ADHARHIME166303       36.11%    passed     70.45%
  54  ADH2CAEEL173313       34.72%    passed     99.37%
  55  ADH1ZYMMO161299       35.65%    passed     68.56%
  56  ADH2EMENI179331       29.17%    passed     89.56%
  57  Q9ZN859NOCA171311     34.72%    passed     74.29%
  58  O06007BACSU177311     37.50%    passed     98.48%
  59  P74721SYNY3164298     37.50%    passed     84.84%
  60  YJGBECOLI168302       37.50%    passed     99.96%
  61  CADHMAIZE180315       37.04%    passed     20.30%
  62  MTDH3STYHU184320      36.57%    failed      1.19%
  63  O25732HELPY176308     38.43%    passed     42.47%
  64  ADH7YEAST180317       36.11%    failed      2.40%
  65  O35017BACSU157292     37.04%    passed     39.43%
  66  P95153MYCTU181311     39.35%    failed      0.27%
  67  O87871THAAR185331     31.94%    passed     97.28%
  68  O45496CAEEL146285     35.19%    passed     52.18%
  69  QORCAVPO148288        34.72%    passed     70.29%
  70  LB4DRABIT141289       31.02%    passed     53.64%
  71  O34812BACSU145295     30.09%    passed     30.52%
  72  QORLEIAM145297        29.17%    passed     25.19%
  73  Q39174ARATH427576     30.56%    passed      5.08%
  74  QORECOLI140285        32.41%    passed     56.51%
  75  Q41724ZINEL141285     32.87%    passed     55.84%
  76  O53146MYCTU141288     31.48%    passed      8.55%
  77  O34009RHOCA139283     32.87%    passed     48.45%
  78  QORYEAST148292        32.87%    passed     23.35%
  79  O74489SCHPO140282     33.80%    passed     86.40%
  80  O85702STRLI145276     38.89%    failed      3.05%
  81  Q53927STRCO142289     31.48%    passed     12.63%
  82  P96826MYCTU138282     32.87%    passed     21.54%
  83  P95185MYCTU137281     32.87%    passed     19.65%
  84  Q9Z658ZYMMO140282     33.80%    passed     77.03%
  85  O65423ARATH139281     33.80%    passed     89.41%
  86  O67374AQUAE167306     35.19%    passed     14.21%
  87  O30481STRHY14891634   32.41%    failed      0.02%
  88  O07798MYCTU15651713   31.02%    passed     18.93%
  89  Q49933MYCLE16081753   32.41%    passed     71.22%
  90  O01678BOMMO15591707   31.02%    passed     28.59%
  91  O96554CRYPV46484790   33.80%    failed      2.75%
  92  Q92217COCHE19522100   31.02%    passed     30.58%
  93  Q49134METEX210373     24.07%    passed     22.98%
  94  Q9ZBK1STRCO226383     26.85%    failed      4.00%
  95  O69071PSESG355518     24.07%    passed     31.33%
  96  O42909SCHPO165306     34.26%    passed     26.54%
  97  QORLHUMAN144309       23.15%    passed     26.48%
  98  Q23624CAEEL164313     30.56%    passed     59.48%
  99  YGGPECOLI174331       26.85%    passed     73.50%
 100  O45903CAEEL158304     31.94%    passed     59.74%
 101  O07615BACSU150290     34.72%    passed     22.79%
 102  FADHPSEPU185345       25.46%    passed     54.16%
 103  BCHCRHOCA147272       41.67%    passed     26.44%
 104  O07721MYCTU140294     28.24%    passed      7.73%
 105  INC11TRIHA144295      29.63%    passed     19.35%
 106  YNN4YEAST174322       31.02%    passed      6.93%
 107  Q54425XANMA172313     34.26%    failed      0.46%
****  TOTAL                 33.50%  11 sequences failed composition chi2 test (p-value<5%; df=19)

Create initial parsimony tree by phylogenetic likelihood library (PLL)... 0.037 seconds
Generating 1000 samples for ultrafast bootstrap (seed: 54523)...
WARNING: GTR20 model will estimate 189 substitution rates that might be overfitting!
WARNING: Please only use GTR20 with very large data and always test for model fit!

NOTE: 4 MB RAM (0 GB) is required!
Measuring multi-threading efficiency up to 8 CPU cores
Increase to 10 rounds for branch lengths
54 trees examined
Threads: 1 / Time: 8.049 sec / Speedup: 1.000 / Efficiency: 100% / LogL: -37463
Threads: 2 / Time: 5.062 sec / Speedup: 1.590 / Efficiency: 80% / LogL: -37463
Threads: 3 / Time: 3.982 sec / Speedup: 2.021 / Efficiency: 67% / LogL: -37463
Threads: 4 / Time: 3.621 sec / Speedup: 2.223 / Efficiency: 56% / LogL: -37463
Threads: 5 / Time: 3.402 sec / Speedup: 2.366 / Efficiency: 47% / LogL: -37463
BEST NUMBER OF THREADS: 4

Estimate model parameters (epsilon = 0.100)
1. Initial log-likelihood: -35853.084
2. Current log-likelihood: -33900.369
3. Current log-likelihood: -33677.014
4. Current log-likelihood: -33621.310
5. Current log-likelihood: -33599.848
6. Current log-likelihood: -33590.536
7. Current log-likelihood: -33588.788
8. Current log-likelihood: -33587.394
9. Current log-likelihood: -33586.860
10. Current log-likelihood: -33586.354
11. Current log-likelihood: -33585.958
12. Current log-likelihood: -33585.415
13. Current log-likelihood: -33585.004
14. Current log-likelihood: -33584.663
15. Current log-likelihood: -33584.215
16. Current log-likelihood: -33583.863
17. Current log-likelihood: -33583.263
18. Current log-likelihood: -33583.001
19. Current log-likelihood: -33582.721
20. Current log-likelihood: -33582.566
21. Current log-likelihood: -33582.453
22. Current log-likelihood: -33582.293
23. Current log-likelihood: -33582.111
24. Current log-likelihood: -33581.991
Optimal log-likelihood: -33581.896
Parameters optimization took 24 rounds (29.496 sec)
Computing ML distances based on estimated model parameters... 1.149 sec
Computing BIONJ tree...
0.009 seconds
Log-likelihood of BIONJ tree: -33375.494
--------------------------------------------------------------------
|             INITIALIZING CANDIDATE TREE SET                      |
--------------------------------------------------------------------
Generating 98 parsimony trees... 3.715 second
Computing log-likelihood of 98 initial trees ... 2.516 seconds
Current best score: -33375.494

Do NNI search on 20 best initial trees
Estimate model parameters (epsilon = 0.100)
BETTER TREE FOUND at iteration 1: -33309.599
Iteration 10 / LogL: -33355.266 / Time: 0h:1m:14s
Iteration 20 / LogL: -33355.873 / Time: 0h:1m:21s
Finish initializing candidate tree set (20)
Current best tree score: -33309.599 / CPU time: 27.423
Number of iterations: 20
--------------------------------------------------------------------
|               OPTIMIZING CANDIDATE TREE SET                      |
--------------------------------------------------------------------
Estimate model parameters (epsilon = 0.100)
BETTER TREE FOUND at iteration 22: -33296.036
Estimate model parameters (epsilon = 0.100)
BETTER TREE FOUND at iteration 25: -33281.042
Estimate model parameters (epsilon = 0.100)
BETTER TREE FOUND at iteration 27: -33280.624
Iteration 30 / LogL: -33289.110 / Time: 0h:2m:2s (0h:6m:48s left)
Iteration 40 / LogL: -33280.829 / Time: 0h:2m:5s (0h:4m:40s left)
Iteration 50 / LogL: -33286.565 / Time: 0h:2m:9s (0h:3m:23s left)
Log-likelihood cutoff on original alignment: -33368.651
Iteration 60 / LogL: -33292.061 / Time: 0h:2m:14s (0h:2m:32s left)
Iteration 70 / LogL: -33282.158 / Time: 0h:2m:18s (0h:1m:54s left)
Iteration 80 / LogL: -33281.915 / Time: 0h:2m:22s (0h:1m:24s left)
Estimate model parameters (epsilon = 0.100)
BETTER TREE FOUND at iteration 82: -33278.349
Estimate model parameters (epsilon = 0.100)
BETTER TREE FOUND at iteration 85: -33277.463
Iteration 90 / LogL: -33285.929 / Time: 0h:2m:37s (0h:2m:47s left)
Iteration 100 / LogL: -33281.833 / Time: 0h:2m:41s (0h:2m:18s left)
Log-likelihood cutoff on original alignment: -33368.651
NOTE: Bootstrap correlation coefficient of split occurrence frequencies: 0.994
Iteration 110 / LogL: -33285.830 / Time: 0h:2m:46s (0h:2m:17s left)
Iteration 120 / LogL: -33282.582 / Time: 0h:2m:50s (0h:1m:54s left)
Iteration 130 / LogL: -33282.730 / Time: 0h:2m:54s (0h:1m:34s left)
Iteration 140 / LogL: -33278.904 / Time: 0h:2m:58s (0h:1m:17s left)
Iteration 150 / LogL: -33288.538 / Time: 0h:3m:3s (0h:1m:1s left)
Log-likelihood cutoff on original alignment: -33368.651
UPDATE BEST LOG-LIKELIHOOD: -33277.463
Iteration 160 / LogL: -33279.165 / Time: 0h:3m:8s (0h:0m:47s left)
BETTER TREE FOUND at iteration 163: -33277.463
Iteration 170 / LogL: -33292.350 / Time: 0h:3m:12s (0h:1m:45s left)
Iteration 180 / LogL: -33285.043 / Time: 0h:3m:17s (0h:1m:31s left)
Iteration 190 / LogL: -33281.147 / Time: 0h:3m:21s (0h:1m:17s left)
Iteration 200 / LogL: -33277.626 / Time: 0h:3m:26s (0h:1m:5s left)
Log-likelihood cutoff on original alignment: -33368.651
NOTE: Bootstrap correlation coefficient of split occurrence frequencies: 0.995
Iteration 210 / LogL: -33278.771 / Time: 0h:3m:31s (0h:1m:31s left)
UPDATE BEST LOG-LIKELIHOOD: -33277.463
Iteration 220 / LogL: -33277.463 / Time: 0h:3m:36s (0h:1m:18s left)
Iteration 230 / LogL: -33278.415 / Time: 0h:3m:40s (0h:1m:7s left)
Iteration 240 / LogL: -33279.458 / Time: 0h:3m:45s (0h:0m:56s left)
Iteration 250 / LogL: -33279.660 / Time: 0h:3m:50s (0h:0m:46s left)
Log-likelihood cutoff on original alignment: -33368.651
Iteration 260 / LogL: -33279.151 / Time: 0h:3m:55s (0h:0m:36s left)
TREE SEARCH COMPLETED AFTER 264 ITERATIONS / Time: 0h:3m:56s

--------------------------------------------------------------------
|                    FINALIZING TREE SEARCH                        |
--------------------------------------------------------------------
Performs final model parameters optimization
Estimate model parameters (epsilon = 0.010)
1. Initial log-likelihood: -33277.463
2. Current log-likelihood: -33277.379
3. Current log-likelihood: -33277.321
4. Current log-likelihood: -33277.266
5. Current log-likelihood: -33277.188
6. Current log-likelihood: -33277.140
7. Current log-likelihood: -33277.033
8. Current log-likelihood: -33276.972
9. Current log-likelihood: -33276.840
10. Current log-likelihood: -33276.712
11. Current log-likelihood: -33276.610
12. Current log-likelihood: -33276.576
13. Current log-likelihood: -33276.544
14. Current log-likelihood: -33276.452
15. Current log-likelihood: -33276.431
16. Current log-likelihood: -33276.275
17. Current log-likelihood: -33276.204
18. Current log-likelihood: -33276.163
19. Current log-likelihood: -33276.115
20. Current log-likelihood: -33276.088
21. Current log-likelihood: -33276.064
22. Current log-likelihood: -33276.017
23. Current log-likelihood: -33275.952
24. Current log-likelihood: -33275.942
25. Current log-likelihood: -33275.904
26. Current log-likelihood: -33275.846
27. Current log-likelihood: -33275.772
28. Current log-likelihood: -33275.739
Optimal log-likelihood: -33275.729
Parameters optimization took 28 rounds (36.648 sec)
BEST SCORE FOUND : -33275.729
Creating bootstrap support values...
Split supports printed to NEXUS file /csm_data/spielman_lab/dms_modelselection/pandit_aa_alignments/PF00107.fasta.splits.nex
Total tree length: 92.705

Total number of iterations: 264
CPU time used for tree search: 714.092 sec (0h:11m:54s)
Wall-clock time used for tree search: 182.815 sec (0h:3m:2s)
Total CPU time used: 1053.382 sec (0h:17m:33s)
Total wall-clock time used: 273.928 sec (0h:4m:33s)

Computing bootstrap consensus tree...
Reading input file /csm_data/spielman_lab/dms_modelselection/pandit_aa_alignments/PF00107.fasta.splits.nex...
107 taxa and 1298 splits.
Consensus tree written to /csm_data/spielman_lab/dms_modelselection/pandit_aa_alignments/PF00107.fasta.contree
Reading input trees file /csm_data/spielman_lab/dms_modelselection/pandit_aa_alignments/PF00107.fasta.contree
Log-likelihood of consensus tree: -33276.356

Analysis results written to: 
  IQ-TREE report:                /csm_data/spielman_lab/dms_modelselection/pandit_aa_alignments/PF00107.fasta.iqtree
  Maximum-likelihood tree:       /csm_data/spielman_lab/dms_modelselection/pandit_aa_alignments/PF00107.fasta.treefile
  Likelihood distances:          /csm_data/spielman_lab/dms_modelselection/pandit_aa_alignments/PF00107.fasta.mldist

Ultrafast bootstrap approximation results written to:
  Split support values:          /csm_data/spielman_lab/dms_modelselection/pandit_aa_alignments/PF00107.fasta.splits.nex
  Consensus tree:                /csm_data/spielman_lab/dms_modelselection/pandit_aa_alignments/PF00107.fasta.contree
  Screen log file:               /csm_data/spielman_lab/dms_modelselection/pandit_aa_alignments/PF00107.fasta.log

Date and Time: Fri Jun 14 10:07:28 2019
