IQ-TREE multicore version 1.6.7 for Linux 64-bit built Aug 23 2018
Developed by Bui Quang Minh, Nguyen Lam Tung, Olga Chernomor,
Heiko Schmidt, Dominik Schrempf, Michael Woodhams.

Host:    csm-com-010 (AVX2, FMA3, 62 GB RAM)
Command: iqtree -quiet -nt AUTO -ntmax 8 -m GTR20 -s /csm_data/spielman_lab/dms_modelselection/pandit_aa_alignments/PF02984.fasta -st AA -redo -bb 1000
Seed:    563175 (Using SPRNG - Scalable Parallel Random Number Generator)
Time:    Fri Jun 14 19:22:23 2019
Kernel:  AVX+FMA - auto-detect threads (48 CPU cores detected)

Reading alignment file /csm_data/spielman_lab/dms_modelselection/pandit_aa_alignments/PF02984.fasta ... Fasta format detected
Alignment most likely contains protein sequences
Alignment has 141 sequences with 192 columns, 187 distinct patterns
146 parsimony-informative, 15 singleton sites, 31 constant sites
                   Gap/Ambiguity  Composition  p-value
   1  WBS14CAEEL370484    40.10%    failed      0.00%
   2  CG13YEAST429565     28.65%    failed      0.00%
   3  CG12YEAST382529     22.92%    failed      0.00%
   4  Q9ZRX9TOBAC198323   34.38%    passed     17.52%
   5  P93103CHERU210337   33.33%    passed     41.75%
   6  CGD2ARATH199332     30.21%    passed      6.04%
   7  Q9XFR7ARATH180303   35.42%    passed     24.88%
   8  Q9ZR04ARATH156293   28.12%    passed      6.44%
   9  Q9SNV2ANTMA176300   34.90%    passed     90.01%
  10  CGD1ARATH184312     32.81%    passed     41.93%
  11  Q9SXN7TOBAC190327   28.12%    passed     34.28%
  12  CGD3ARATH189312     35.42%    passed     32.97%
  13  Q9SNV1ANTMA189321   30.73%    passed     39.67%
  14  Q9SMD4LYCES184314   31.77%    passed     17.24%
  15  Q9SNV0ANTMA203334   31.25%    passed     23.73%
  16  Q9SMD5LYCES200329   32.29%    passed     14.97%
  17  O82136PEA207338     31.25%    passed      5.21%
  18  Q9S7H9LYCES192325   30.21%    passed     46.78%
  19  Q9SN11ARATH188315   33.33%    passed     14.08%
  20  O82678CHERU199324   34.38%    passed     11.07%
  21  Q24158DROME257397   26.56%    passed     40.58%
  22  CGD2HUMAN154281     33.33%    passed     13.88%
  23  CGD2CHICK154283     32.29%    passed     19.98%
  24  CGD3HUMAN155284     32.29%    passed      5.95%
  25  CGD1XENLA153283     31.77%    passed     21.37%
  26  CGD1CHICK155284     32.29%    passed     44.74%
  27  CGD1BRARE155283     32.81%    passed     26.05%
  28  CGD1MOUSE155287     30.73%    passed     45.16%
  29  CGD1HUMAN155283     32.81%    passed     19.81%
  30  Q9ZRG1PEA135256     36.46%    passed     97.95%
  31  Q9SA32ARATH376497   36.46%    passed     92.56%
  32  Q9XGI1LYCES308428   36.98%    passed     79.02%
  33  CG1BMEDVA303423     36.98%    passed     58.97%
  34  Q9SFW6ARATH296416   36.98%    passed     52.10%
  35  Q40670ORYSA107227   36.98%    passed     32.26%
  36  CG2BORYSA293413     36.98%    passed     43.29%
  37  Q39068ARATH302422   36.98%    passed     89.54%
  38  O81794ARATH303424   36.46%    passed     94.98%
  39  O65064PICMA98218    36.98%    passed     81.12%
  40  Q9XGI2LYCES248371   35.42%    passed     98.25%
  41  Q9SBQ4PETHY303426   35.42%    passed     96.69%
  42  Q40223LUPLU307429   35.94%    passed     86.69%
  43  Q39880SOYBN313436   35.42%    passed     94.29%
  44  P93102CHERU319441   35.94%    passed     57.75%
  45  Q40794PETCR314436   35.94%    passed     53.08%
  46  P93557SESRO318439   36.46%    passed     82.76%
  47  CG21SOYBN324444     36.98%    passed     86.85%
  48  O82137PEA102227     34.38%    passed     19.50%
  49  Q40516TOBAC291411   36.98%    passed     98.72%
  50  O04398TOBAC319439   36.98%    passed     87.10%
  51  O04389CATRO313434   36.46%    passed     67.15%
  52  CG22ANTMA319439     36.98%    passed     91.55%
  53  CG21ANTMA324444     36.98%    passed     95.23%
  54  Q39067ARATH312432   36.98%    passed     90.07%
  55  CG2BARATH295421     33.85%    passed     85.27%
  56  O24584MAIZE335456   36.46%    passed     79.95%
  57  O48790ARATH260383   35.42%    passed     80.56%
  58  Q41734MAIZE282410   32.81%    passed      6.93%
  59  Q41733MAIZE317440   35.42%    failed      0.43%
  60  Q9XGI5LYCES354481   33.33%    passed     49.68%
  61  Q39879SOYBN351478   33.33%    passed     75.06%
  62  Q41732MAIZE317444   33.33%    passed     48.63%
  63  Q39331BRANA289416   33.33%    passed     78.65%
  64  Q96226ADICA397524   33.33%    passed     67.78%
  65  Q40515TOBAC363490   33.33%    passed     65.71%
  66  Q39071ARATH311438   33.33%    passed     18.61%
  67  Q39878SOYBN336463   33.33%    passed     40.62%
  68  Q38819ARATH97224    33.33%    passed     79.97%
  69  O24073MEDSA321449   32.81%    passed     64.73%
  70  Q9XGI3LYCES245372   33.33%    passed     93.04%
  71  O04399TOBAC238365   33.33%    passed     86.43%
  72  Q40492TOBAC247374   33.33%    passed     93.00%
  73  O04388CATRO238365   33.33%    passed     71.12%
  74  CG2ADAUCA208334     33.85%    passed     84.81%
  75  Q39877SOYBN214341   33.33%    passed     91.03%
  76  P90681ASTPE322442   36.98%    passed     52.23%
  77  O15996HEMPU336456   36.98%    passed     60.00%
  78  CCNA2CHLVR296419    35.42%    passed     84.12%
  79  CCNA2XENLA291412    36.46%    passed     94.13%
  80  CCNA2CHICK273394    36.46%    passed     50.92%
  81  CCNA2BOVIN283405    35.94%    passed     51.54%
  82  CCNA1XENLA295416    36.46%    passed     66.68%
  83  CCNA1HUMAN342463    36.46%    passed     85.63%
  84  CCNA1CARAU268389    36.46%    passed     41.41%
  85  CCNA2SPISO294415    36.46%    passed     58.59%
  86  CCNA2PATVU302423    36.46%    passed     17.22%
  87  CCNA2DROME334455    36.46%    failed      3.37%
  88  O97478PARTE214324   42.19%    passed      6.43%
  89  O96434PARTE212333   36.46%    passed     60.72%
  90  Q94739SPHGR281388   43.75%    passed     17.29%
  91  CG2BARBPU274399     34.38%    passed     81.63%
  92  CG2BSPISO299419     36.98%    passed     36.94%
  93  CG2BPATVU282402     36.98%    passed     94.02%
  94  CG2BCHLVR264384     36.98%    passed     99.27%
  95  CG2BMARGL258379     36.46%    passed     99.68%
  96  O93228RANJA239361   35.94%    passed     98.51%
  97  CCNB1XENLA266388    35.94%    passed     83.74%
  98  CCNB1CRILO296418    35.94%    passed     84.40%
  99  CG2BCARAU266388     35.94%    passed     97.14%
 100  CCNB2RANJA259381    35.94%    passed     75.60%
 101  CCNB2CHICK268390    35.94%    passed     75.33%
 102  CCNB2BOVIN264386    35.94%    passed     73.36%
 103  P92162BOMMO389513   34.90%    passed     82.14%
 104  CG2BDROME389519     31.77%    passed     19.82%
 105  CG2BDICDI316435     37.50%    passed     59.88%
 106  O93916PNECA304423   37.50%    passed     51.73%
 107  CG23SCHPO334452     38.02%    passed     65.10%
 108  CG21EMENI339457     38.02%    passed     67.94%
 109  CG21YEAST339458     37.50%    passed     30.72%
 110  CG21CANAL336456     36.98%    passed     18.03%
 111  CG22SCHPO267386     37.50%    passed     56.63%
 112  O93911CANAL362481   37.50%    passed     52.64%
 113  CG24YEAST338457     37.50%    passed     73.91%
 114  CG23YEAST299418     37.50%    passed     15.72%
 115  CG21SCHPO294413     37.50%    passed     31.72%
 116  Q25168HELTR382502   36.98%    passed     86.17%
 117  CCNB3DROME435561    33.85%    passed     90.66%
 118  CCNB3CHICK276396    36.98%    passed     44.45%
 119  CGB3CAEEL242367     34.38%    passed     35.95%
 120  CCNA2CAEEL343463    36.98%    passed     81.77%
 121  CGS6YEAST254378     34.90%    failed      1.50%
 122  CGS5YEAST296422     33.85%    passed     59.13%
 123  Q25123HELRO240372   30.73%    passed     32.63%
 124  O14332SCHPO273392   37.50%    passed     82.58%
 125  CG2BCAEEL208344     28.65%    passed     44.15%
 126  O45926CAEEL161297   28.65%    passed     93.62%
 127  Q9U7P99CILI566682   39.06%    passed     36.20%
 128  CG2FHUMAN408535     33.33%    passed     33.33%
 129  Q24159DROME212318   44.27%    passed     62.74%
 130  CG11CANAL178315     28.12%    failed      1.11%
 131  CG1CSCHPO162284     35.94%    passed     57.33%
 132  O22937ARATH598721   35.42%    passed     13.40%
 133  CGE2HUMAN241367     33.85%    passed     52.39%
 134  CGE1RAT230356       33.85%    passed     11.68%
 135  CGE1CHICK253367     40.10%    passed     50.82%
 136  CGE1HUMAN244375     31.25%    passed     51.49%
 137  CG1EBRARE246371     34.38%    passed     73.81%
 138  CGE1XENLA255372     38.54%    passed     11.98%
 139  O17700CAEEL6132     33.85%    passed     18.48%
 140  CG1PSCHPO229356     33.33%    passed     60.30%
 141  CCL1YEAST252381     32.29%    failed      0.24%
****  TOTAL               34.87%  8 sequences failed composition chi2 test (p-value<5%; df=19)

Create initial parsimony tree by phylogenetic likelihood library (PLL)... 0.047 seconds
Generating 1000 samples for ultrafast bootstrap (seed: 563175)...
WARNING: GTR20 model will estimate 189 substitution rates that might be overfitting!
WARNING: Please only use GTR20 with very large data and always test for model fit!

NOTE: 5 MB RAM (0 GB) is required!
Measuring multi-threading efficiency up to 8 CPU cores
Increase to 10 rounds for branch lengths
43 trees examined
Threads: 1 / Time: 8.033 sec / Speedup: 1.000 / Efficiency: 100% / LogL: -41043
Threads: 2 / Time: 5.122 sec / Speedup: 1.568 / Efficiency: 78% / LogL: -41043
Threads: 3 / Time: 7.278 sec / Speedup: 1.104 / Efficiency: 37% / LogL: -41043
BEST NUMBER OF THREADS: 2

Estimate model parameters (epsilon = 0.100)
1. Initial log-likelihood: -31385.422
2. Current log-likelihood: -30242.082
3. Current log-likelihood: -30151.420
4. Current log-likelihood: -30131.684
5. Current log-likelihood: -30129.224
6. Current log-likelihood: -30128.811
7. Current log-likelihood: -30128.548
8. Current log-likelihood: -30128.322
9. Current log-likelihood: -30128.081
Optimal log-likelihood: -30128.026
Parameters optimization took 9 rounds (33.990 sec)
Computing ML distances based on estimated model parameters... 2.071 sec
WARNING: Some pairwise ML distances are too long (saturated)
Computing BIONJ tree...
0.026 seconds
Log-likelihood of BIONJ tree: -30065.710
--------------------------------------------------------------------
|             INITIALIZING CANDIDATE TREE SET                      |
--------------------------------------------------------------------
Generating 98 parsimony trees... 4.531 second
Computing log-likelihood of 98 initial trees ... 3.584 seconds
Current best score: -30064.054

Do NNI search on 20 best initial trees
Estimate model parameters (epsilon = 0.100)
BETTER TREE FOUND at iteration 1: -29972.197
Estimate model parameters (epsilon = 0.100)
BETTER TREE FOUND at iteration 2: -29966.701
Estimate model parameters (epsilon = 0.100)
BETTER TREE FOUND at iteration 4: -29953.002
Iteration 10 / LogL: -29972.870 / Time: 0h:1m:49s
Estimate model parameters (epsilon = 0.100)
BETTER TREE FOUND at iteration 13: -29949.327
Iteration 20 / LogL: -29980.923 / Time: 0h:2m:4s
Finish initializing candidate tree set (20)
Current best tree score: -29949.327 / CPU time: 69.010
Number of iterations: 20
--------------------------------------------------------------------
|               OPTIMIZING CANDIDATE TREE SET                      |
--------------------------------------------------------------------
Estimate model parameters (epsilon = 0.100)
BETTER TREE FOUND at iteration 24: -29947.392
Estimate model parameters (epsilon = 0.100)
BETTER TREE FOUND at iteration 27: -29945.471
Iteration 30 / LogL: -29970.744 / Time: 0h:2m:21s (0h:7m:54s left)
Estimate model parameters (epsilon = 0.100)
BETTER TREE FOUND at iteration 31: -29944.944
Estimate model parameters (epsilon = 0.100)
BETTER TREE FOUND at iteration 38: -29944.752
Iteration 40 / LogL: -29945.530 / Time: 0h:2m:34s (0h:6m:27s left)
Estimate model parameters (epsilon = 0.100)
BETTER TREE FOUND at iteration 41: -29942.863
UPDATE BEST LOG-LIKELIHOOD: -29942.863
Iteration 50 / LogL: -29954.429 / Time: 0h:2m:45s (0h:5m:6s left)
Log-likelihood cutoff on original alignment: -30021.622
Estimate model parameters (epsilon = 0.100)
BETTER TREE FOUND at iteration 54: -29942.390
Iteration 60 / LogL: -29943.544 / Time: 0h:2m:53s (0h:4m:36s left)
Iteration 70 / LogL: -29957.521 / Time: 0h:2m:58s (0h:3m:37s left)
Iteration 80 / LogL: -29946.171 / Time: 0h:3m:3s (0h:2m:51s left)
Estimate model parameters (epsilon = 0.100)
BETTER TREE FOUND at iteration 83: -29942.031
Iteration 90 / LogL: -29942.340 / Time: 0h:3m:12s (0h:3m:20s left)
Iteration 100 / LogL: -29942.935 / Time: 0h:3m:16s (0h:2m:44s left)
Log-likelihood cutoff on original alignment: -30021.622
NOTE: Bootstrap correlation coefficient of split occurrence frequencies: 0.994
Iteration 110 / LogL: -29945.613 / Time: 0h:3m:22s (0h:2m:47s left)
Iteration 120 / LogL: -29966.101 / Time: 0h:3m:28s (0h:2m:20s left)
UPDATE BEST LOG-LIKELIHOOD: -29942.030
Iteration 130 / LogL: -29950.980 / Time: 0h:3m:33s (0h:1m:55s left)
BETTER TREE FOUND at iteration 137: -29942.026
Iteration 140 / LogL: -29942.067 / Time: 0h:3m:38s (0h:2m:32s left)
Iteration 150 / LogL: -29944.019 / Time: 0h:3m:43s (0h:2m:10s left)
Log-likelihood cutoff on original alignment: -30021.622
Estimate model parameters (epsilon = 0.100)
BETTER TREE FOUND at iteration 158: -29941.918
Iteration 160 / LogL: -29944.965 / Time: 0h:3m:52s (0h:2m:23s left)
Iteration 170 / LogL: -29946.776 / Time: 0h:3m:57s (0h:2m:3s left)
Iteration 180 / LogL: -29947.676 / Time: 0h:4m:2s (0h:1m:45s left)
Iteration 190 / LogL: -29947.955 / Time: 0h:4m:7s (0h:1m:28s left)
Iteration 200 / LogL: -29942.973 / Time: 0h:4m:12s (0h:1m:13s left)
Log-likelihood cutoff on original alignment: -30021.622
NOTE: Bootstrap correlation coefficient of split occurrence frequencies: 0.998
Iteration 210 / LogL: -29945.233 / Time: 0h:4m:18s (0h:1m:51s left)
Iteration 220 / LogL: -29945.132 / Time: 0h:4m:23s (0h:1m:36s left)
Estimate model parameters (epsilon = 0.100)
BETTER TREE FOUND at iteration 221: -29941.406
Iteration 230 / LogL: -29954.767 / Time: 0h:4m:34s (0h:1m:48s left)
Iteration 240 / LogL: -29941.407 / Time: 0h:4m:39s (0h:1m:34s left)
Iteration 250 / LogL: -29944.974 / Time: 0h:4m:43s (0h:1m:20s left)
Log-likelihood cutoff on original alignment: -30021.622
Iteration 260 / LogL: -29941.710 / Time: 0h:4m:49s (0h:1m:8s left)
Iteration 270 / LogL: -29945.028 / Time: 0h:4m:54s (0h:0m:55s left)
Iteration 280 / LogL: -29944.451 / Time: 0h:4m:59s (0h:0m:43s left)
Iteration 290 / LogL: -29941.792 / Time: 0h:5m:3s (0h:0m:32s left)
Iteration 300 / LogL: -29948.609 / Time: 0h:5m:8s (0h:0m:21s left)
Log-likelihood cutoff on original alignment: -30021.622
NOTE: Bootstrap correlation coefficient of split occurrence frequencies: 0.995
Iteration 310 / LogL: -29951.859 / Time: 0h:5m:13s (0h:1m:31s left)
Iteration 320 / LogL: -29945.864 / Time: 0h:5m:18s (0h:1m:19s left)
TREE SEARCH COMPLETED AFTER 322 ITERATIONS / Time: 0h:5m:19s

--------------------------------------------------------------------
|                    FINALIZING TREE SEARCH                        |
--------------------------------------------------------------------
Performs final model parameters optimization
Estimate model parameters (epsilon = 0.010)
1. Initial log-likelihood: -29941.406
Optimal log-likelihood: -29941.399
Parameters optimization took 1 rounds (1.766 sec)
BEST SCORE FOUND : -29941.399
Creating bootstrap support values...
Split supports printed to NEXUS file /csm_data/spielman_lab/dms_modelselection/pandit_aa_alignments/PF02984.fasta.splits.nex
Total tree length: 87.042

Total number of iterations: 322
CPU time used for tree search: 519.374 sec (0h:8m:39s)
Wall-clock time used for tree search: 263.756 sec (0h:4m:23s)
Total CPU time used: 646.511 sec (0h:10m:46s)
Total wall-clock time used: 321.744 sec (0h:5m:21s)

Computing bootstrap consensus tree...
Reading input file /csm_data/spielman_lab/dms_modelselection/pandit_aa_alignments/PF02984.fasta.splits.nex...
141 taxa and 1064 splits.
Consensus tree written to /csm_data/spielman_lab/dms_modelselection/pandit_aa_alignments/PF02984.fasta.contree
Reading input trees file /csm_data/spielman_lab/dms_modelselection/pandit_aa_alignments/PF02984.fasta.contree
Log-likelihood of consensus tree: -29942.194

Analysis results written to: 
  IQ-TREE report:                /csm_data/spielman_lab/dms_modelselection/pandit_aa_alignments/PF02984.fasta.iqtree
  Maximum-likelihood tree:       /csm_data/spielman_lab/dms_modelselection/pandit_aa_alignments/PF02984.fasta.treefile
  Likelihood distances:          /csm_data/spielman_lab/dms_modelselection/pandit_aa_alignments/PF02984.fasta.mldist

Ultrafast bootstrap approximation results written to:
  Split support values:          /csm_data/spielman_lab/dms_modelselection/pandit_aa_alignments/PF02984.fasta.splits.nex
  Consensus tree:                /csm_data/spielman_lab/dms_modelselection/pandit_aa_alignments/PF02984.fasta.contree
  Screen log file:               /csm_data/spielman_lab/dms_modelselection/pandit_aa_alignments/PF02984.fasta.log

Date and Time: Fri Jun 14 19:27:45 2019
