IQ-TREE multicore version 1.6.7 for Linux 64-bit built Aug 23 2018
Developed by Bui Quang Minh, Nguyen Lam Tung, Olga Chernomor,
Heiko Schmidt, Dominik Schrempf, Michael Woodhams.

Host:    csm-com-003 (AVX2, FMA3, 62 GB RAM)
Command: iqtree -quiet -nt AUTO -ntmax 8 -m GTR20 -s /csm_data/spielman_lab/dms_modelselection/pandit_aa_alignments/PF04172.fasta -st AA -redo -bb 1000
Seed:    943844 (Using SPRNG - Scalable Parallel Random Number Generator)
Time:    Fri Jun 14 19:33:57 2019
Kernel:  AVX+FMA - auto-detect threads (48 CPU cores detected)

Reading alignment file /csm_data/spielman_lab/dms_modelselection/pandit_aa_alignments/PF04172.fasta ... Fasta format detected
Alignment most likely contains protein sequences
Alignment has 38 sequences with 227 columns, 225 distinct patterns
206 parsimony-informative, 13 singleton sites, 8 constant sites
                  Gap/Ambiguity  Composition  p-value
   1  Q9KQA0VIBCH14228    5.29%    passed      6.74%
   2  Q8FAZ1ECOL614228    5.29%    failed      3.17%
   3  Q9HYH4PSEAE14228    5.29%    failed      0.31%
   4  Q88E43PSEPK14228    5.29%    failed      0.00%
   5  Q8G2J3BRUSU21235    5.29%    failed      4.81%
   6  Q8EI05SHEON29243    5.29%    passed     77.28%
   7  YWBGBACSU11225      5.29%    passed     96.67%
   8  Q9KSM4VIBCH6220     5.29%    passed     78.89%
   9  Q8D917VIBVU6220     5.29%    passed     75.49%
  10  Q8ZG07YERPE12226    5.29%    passed     82.63%
  11  YOHKECOLI12226      5.29%    passed     97.16%
  12  Q9CMF0PASMU13227    5.29%    passed     80.19%
  13  YOHKHAEIN13227      5.29%    passed     98.95%
  14  Q9JXJ9NEIMB15228    5.73%    passed     79.96%
  15  Q8A1H1BACTN14228    5.29%    passed     92.86%
  16  Q9HX14PSEAE21235    5.29%    failed      4.71%
  17  Q889L3PSESM23237    5.29%    passed     14.39%
  18  Q8XW05RALSO23238    4.85%    passed     41.51%
  19  Q89UR3BRAJA23238    4.85%    failed      4.91%
  20  Q8TZY0PYRFU9223     5.29%    passed     32.29%
  21  O59466PYRHO9223     5.29%    passed     75.20%
  22  Q9K7U1BACHD11225    5.29%    passed     81.78%
  23  Q8ELT6OCEIH14228    5.29%    passed     88.25%
  24  Q97LF0CLOAB15229    5.29%    passed      7.03%
  25  Q8XIY2CLOPE15229    5.29%    passed     10.19%
  26  Q8Q0M9METMA20234    5.29%    passed     70.81%
  27  Q893J2CLOTE15229    5.29%    failed      0.00%
  28  Q8RG50FUSNN16229    5.73%    failed      4.59%
  29  Q8RIP0FUSNN28241    5.73%    passed     32.38%
  30  Q9CHH0LACLA15229    5.29%    passed     89.23%
  31  Q8DZF3STRA515229    5.29%    passed     51.67%
  32  Q8DSS1STRMU15229    5.29%    passed     50.39%
  33  CIDBSTAEP14228      5.29%    passed     16.33%
  34  Q88SW6LACPL15239    0.88%    passed     19.74%
  35  LRGBBACSU14229      4.85%    passed     34.95%
  36  LRGBSTAAW17232      4.85%    passed     70.47%
  37  LRGBSTAEP17232      4.85%    passed     86.80%
  38  Q8E7H1STRA314239    0.44%    passed     72.42%
****  TOTAL               5.02%  8 sequences failed composition chi2 test (p-value<5%; df=19)

Create initial parsimony tree by phylogenetic likelihood library (PLL)... 0.005 seconds
Generating 1000 samples for ultrafast bootstrap (seed: 943844)...
WARNING: GTR20 model will estimate 189 substitution rates that might be overfitting!
WARNING: Please only use GTR20 with very large data and always test for model fit!

NOTE: 2 MB RAM (0 GB) is required!
Measuring multi-threading efficiency up to 8 CPU cores
Increase to 10 rounds for branch lengths
201 trees examined
Threads: 1 / Time: 8.037 sec / Speedup: 1.000 / Efficiency: 100% / LogL: -16232
Threads: 2 / Time: 4.908 sec / Speedup: 1.638 / Efficiency: 82% / LogL: -16232
Threads: 3 / Time: 3.818 sec / Speedup: 2.105 / Efficiency: 70% / LogL: -16232
Threads: 4 / Time: 3.398 sec / Speedup: 2.365 / Efficiency: 59% / LogL: -16232
Threads: 5 / Time: 3.223 sec / Speedup: 2.493 / Efficiency: 50% / LogL: -16232
BEST NUMBER OF THREADS: 4

Estimate model parameters (epsilon = 0.100)
1. Initial log-likelihood: -13736.447
2. Current log-likelihood: -13467.979
3. Current log-likelihood: -13358.244
4. Current log-likelihood: -13293.423
5. Current log-likelihood: -13275.128
6. Current log-likelihood: -13262.984
7. Current log-likelihood: -13242.962
8. Current log-likelihood: -13237.250
9. Current log-likelihood: -13235.183
10. Current log-likelihood: -13234.398
11. Current log-likelihood: -13232.406
12. Current log-likelihood: -13231.346
13. Current log-likelihood: -13229.789
14. Current log-likelihood: -13228.642
15. Current log-likelihood: -13227.830
16. Current log-likelihood: -13226.795
17. Current log-likelihood: -13226.150
18. Current log-likelihood: -13225.548
19. Current log-likelihood: -13225.157
20. Current log-likelihood: -13223.916
21. Current log-likelihood: -13223.453
22. Current log-likelihood: -13223.036
23. Current log-likelihood: -13221.895
24. Current log-likelihood: -13221.663
25. Current log-likelihood: -13221.302
26. Current log-likelihood: -13220.887
27. Current log-likelihood: -13220.462
28. Current log-likelihood: -13220.042
29. Current log-likelihood: -13219.783
30. Current log-likelihood: -13219.521
31. Current log-likelihood: -13219.066
32. Current log-likelihood: -13218.850
33. Current log-likelihood: -13218.612
34. Current log-likelihood: -13218.433
35. Current log-likelihood: -13218.000
36. Current log-likelihood: -13217.846
37. Current log-likelihood: -13217.521
38. Current log-likelihood: -13217.323
Optimal log-likelihood: -13217.239
Parameters optimization took 38 rounds (16.098 sec)
Computing ML distances based on estimated model parameters... 0.124 sec
Computing BIONJ tree...
0.003 seconds
Log-likelihood of BIONJ tree: -13206.089
--------------------------------------------------------------------
|             INITIALIZING CANDIDATE TREE SET                      |
--------------------------------------------------------------------
Generating 98 parsimony trees... 0.724 second
Computing log-likelihood of 98 initial trees ... 0.755 seconds
Current best score: -13206.089

Do NNI search on 20 best initial trees
Estimate model parameters (epsilon = 0.100)
BETTER TREE FOUND at iteration 1: -13184.728
Iteration 10 / LogL: -13184.772 / Time: 0h:0m:44s
Iteration 20 / LogL: -13184.744 / Time: 0h:0m:44s
Finish initializing candidate tree set (4)
Current best tree score: -13184.728 / CPU time: 5.132
Number of iterations: 20
--------------------------------------------------------------------
|               OPTIMIZING CANDIDATE TREE SET                      |
--------------------------------------------------------------------
Iteration 30 / LogL: -13184.776 / Time: 0h:0m:45s (0h:1m:51s left)
Iteration 40 / LogL: -13188.499 / Time: 0h:0m:46s (0h:1m:12s left)
Iteration 50 / LogL: -13188.706 / Time: 0h:0m:47s (0h:0m:48s left)
Log-likelihood cutoff on original alignment: -13221.555
Iteration 60 / LogL: -13186.959 / Time: 0h:0m:47s (0h:0m:33s left)
Iteration 70 / LogL: -13184.743 / Time: 0h:0m:48s (0h:0m:21s left)
Iteration 80 / LogL: -13186.806 / Time: 0h:0m:49s (0h:0m:13s left)
Iteration 90 / LogL: -13184.763 / Time: 0h:0m:50s (0h:0m:6s left)
Iteration 100 / LogL: -13184.739 / Time: 0h:0m:50s (0h:0m:0s left)
Log-likelihood cutoff on original alignment: -13221.555
NOTE: Bootstrap correlation coefficient of split occurrence frequencies: 0.999
TREE SEARCH COMPLETED AFTER 102 ITERATIONS / Time: 0h:0m:51s

--------------------------------------------------------------------
|                    FINALIZING TREE SEARCH                        |
--------------------------------------------------------------------
Performs final model parameters optimization
Estimate model parameters (epsilon = 0.010)
1. Initial log-likelihood: -13184.728
2. Current log-likelihood: -13184.225
3. Current log-likelihood: -13184.126
4. Current log-likelihood: -13184.042
5. Current log-likelihood: -13183.992
6. Current log-likelihood: -13183.846
7. Current log-likelihood: -13183.764
8. Current log-likelihood: -13183.688
9. Current log-likelihood: -13183.613
10. Current log-likelihood: -13183.538
11. Current log-likelihood: -13183.468
12. Current log-likelihood: -13183.408
13. Current log-likelihood: -13183.350
14. Current log-likelihood: -13183.294
15. Current log-likelihood: -13183.237
16. Current log-likelihood: -13183.179
17. Current log-likelihood: -13183.126
18. Current log-likelihood: -13183.075
19. Current log-likelihood: -13183.024
20. Current log-likelihood: -13182.973
21. Current log-likelihood: -13182.922
22. Current log-likelihood: -13182.874
23. Current log-likelihood: -13182.820
24. Current log-likelihood: -13182.772
25. Current log-likelihood: -13182.725
26. Current log-likelihood: -13182.679
27. Current log-likelihood: -13182.629
28. Current log-likelihood: -13182.581
29. Current log-likelihood: -13182.537
30. Current log-likelihood: -13182.491
31. Current log-likelihood: -13182.445
32. Current log-likelihood: -13182.403
33. Current log-likelihood: -13182.358
34. Current log-likelihood: -13182.315
35. Current log-likelihood: -13182.269
36. Current log-likelihood: -13182.223
37. Current log-likelihood: -13182.180
38. Current log-likelihood: -13182.138
39. Current log-likelihood: -13182.097
40. Current log-likelihood: -13182.053
41. Current log-likelihood: -13182.009
42. Current log-likelihood: -13181.966
43. Current log-likelihood: -13181.929
44. Current log-likelihood: -13181.886
45. Current log-likelihood: -13181.848
46. Current log-likelihood: -13181.807
47. Current log-likelihood: -13181.767
48. Current log-likelihood: -13181.730
49. Current log-likelihood: -13181.688
50. Current log-likelihood: -13181.648
51. Current log-likelihood: -13181.609
52. Current log-likelihood: -13181.570
53. Current log-likelihood: -13181.531
54. Current log-likelihood: -13181.494
55. Current log-likelihood: -13181.457
56. Current log-likelihood: -13181.417
57. Current log-likelihood: -13181.379
58. Current log-likelihood: -13181.341
59. Current log-likelihood: -13181.303
60. Current log-likelihood: -13181.267
61. Current log-likelihood: -13181.228
62. Current log-likelihood: -13181.192
63. Current log-likelihood: -13181.155
64. Current log-likelihood: -13181.118
65. Current log-likelihood: -13181.084
66. Current log-likelihood: -13181.047
67. Current log-likelihood: -13181.011
68. Current log-likelihood: -13180.976
69. Current log-likelihood: -13180.942
70. Current log-likelihood: -13180.905
71. Current log-likelihood: -13180.867
72. Current log-likelihood: -13180.836
73. Current log-likelihood: -13180.801
74. Current log-likelihood: -13180.766
75. Current log-likelihood: -13180.732
76. Current log-likelihood: -13180.698
77. Current log-likelihood: -13180.666
78. Current log-likelihood: -13180.631
79. Current log-likelihood: -13180.595
80. Current log-likelihood: -13180.563
81. Current log-likelihood: -13180.530
82. Current log-likelihood: -13180.496
83. Current log-likelihood: -13180.465
84. Current log-likelihood: -13180.431
85. Current log-likelihood: -13180.400
86. Current log-likelihood: -13180.367
87. Current log-likelihood: -13180.336
88. Current log-likelihood: -13180.305
89. Current log-likelihood: -13180.272
90. Current log-likelihood: -13180.242
91. Current log-likelihood: -13180.209
92. Current log-likelihood: -13180.178
93. Current log-likelihood: -13180.147
94. Current log-likelihood: -13180.117
95. Current log-likelihood: -13180.086
96. Current log-likelihood: -13180.056
97. Current log-likelihood: -13180.023
98. Current log-likelihood: -13179.994
99. Current log-likelihood: -13179.963
Optimal log-likelihood: -13179.963
Parameters optimization took 99 rounds (33.200 sec)
BEST SCORE FOUND : -13179.963
Creating bootstrap support values...
Split supports printed to NEXUS file /csm_data/spielman_lab/dms_modelselection/pandit_aa_alignments/PF04172.fasta.splits.nex
Total tree length: 19.264

Total number of iterations: 102
CPU time used for tree search: 44.671 sec (0h:0m:44s)
Wall-clock time used for tree search: 11.620 sec (0h:0m:11s)
Total CPU time used: 310.557 sec (0h:5m:10s)
Total wall-clock time used: 84.540 sec (0h:1m:24s)

Computing bootstrap consensus tree...
Reading input file /csm_data/spielman_lab/dms_modelselection/pandit_aa_alignments/PF04172.fasta.splits.nex...
38 taxa and 180 splits.
Consensus tree written to /csm_data/spielman_lab/dms_modelselection/pandit_aa_alignments/PF04172.fasta.contree
Reading input trees file /csm_data/spielman_lab/dms_modelselection/pandit_aa_alignments/PF04172.fasta.contree
Log-likelihood of consensus tree: -13179.963

Analysis results written to: 
  IQ-TREE report:                /csm_data/spielman_lab/dms_modelselection/pandit_aa_alignments/PF04172.fasta.iqtree
  Maximum-likelihood tree:       /csm_data/spielman_lab/dms_modelselection/pandit_aa_alignments/PF04172.fasta.treefile
  Likelihood distances:          /csm_data/spielman_lab/dms_modelselection/pandit_aa_alignments/PF04172.fasta.mldist

Ultrafast bootstrap approximation results written to:
  Split support values:          /csm_data/spielman_lab/dms_modelselection/pandit_aa_alignments/PF04172.fasta.splits.nex
  Consensus tree:                /csm_data/spielman_lab/dms_modelselection/pandit_aa_alignments/PF04172.fasta.contree
  Screen log file:               /csm_data/spielman_lab/dms_modelselection/pandit_aa_alignments/PF04172.fasta.log

Date and Time: Fri Jun 14 19:35:22 2019
