IQ-TREE multicore version 1.6.7 for Linux 64-bit built Aug 23 2018
Developed by Bui Quang Minh, Nguyen Lam Tung, Olga Chernomor,
Heiko Schmidt, Dominik Schrempf, Michael Woodhams.

Host:    csm-gpu-001 (AVX2, FMA3, 62 GB RAM)
Command: iqtree -quiet -nt AUTO -ntmax 8 -m LG+G4 -s /csm_data/spielman_lab/dms_modelselection/pandit_aa_alignments/PF05188.fasta -st AA -redo -bb 1000
Seed:    816554 (Using SPRNG - Scalable Parallel Random Number Generator)
Time:    Fri Jun 14 20:41:25 2019
Kernel:  AVX+FMA - auto-detect threads (48 CPU cores detected)

Reading alignment file /csm_data/spielman_lab/dms_modelselection/pandit_aa_alignments/PF05188.fasta ... Fasta format detected
Alignment most likely contains protein sequences
Alignment has 43 sequences with 214 columns, 208 distinct patterns
154 parsimony-informative, 16 singleton sites, 44 constant sites
                   Gap/Ambiguity  Composition  p-value
   1  Q9LSB3ARATH273429   26.64%    failed      0.14%
   2  MSH3YEAST305435     38.79%    failed      4.52%
   3  SWI4SCHPO233393     24.77%    passed     10.05%
   4  MSH3MOUSE324481     26.17%    passed     92.16%
   5  MSH3HUMAN366523     26.17%    passed     93.56%
   6  MUTSPSEAE128253     41.12%    failed      1.40%
   7  MUTSVIBCH136261     41.12%    passed     13.94%
   8  MUTSECO57131256     41.12%    failed      4.06%
   9  MUTSPASMU128253     41.12%    passed     68.10%
  10  MUTSHAEIN131256     41.12%    passed     49.19%
  11  MUTSBUCAI134259     41.12%    passed     18.48%
  12  MUTSNEIMB127252     41.12%    passed     38.27%
  13  MUTSCHLPN127259     37.85%    passed     88.98%
  14  MUTSCHLMU121253     37.85%    passed     56.79%
  15  MUTSRHILO151283     37.85%    failed      0.18%
  16  MUTSRHIME155289     36.92%    failed      3.18%
  17  MUTS1HALN1114246    37.85%    failed      0.00%
  18  MUTS2HALN1138265    40.19%    failed      0.00%
  19  MUTSCAUCR144272     39.72%    failed      0.32%
  20  MUTSTREPA122257     36.45%    failed      0.82%
  21  Q9KWX8STAAU125237   47.20%    failed      0.22%
  22  MUTSCLOAB124249     41.12%    passed     15.09%
  23  MUTSBACHD124241     44.86%    passed     39.06%
  24  MUTSSTRPY126239     46.73%    passed     61.34%
  25  HEXASTRPN126239     46.73%    passed     48.88%
  26  MUTSLACLA124237     46.73%    passed     91.74%
  27  MUTSBACSU125239     46.26%    passed     60.98%
  28  MUTSRICPR147277     38.79%    failed      0.10%
  29  MUTSBORBU120250     38.79%    failed      0.00%
  30  MUTSTHEMA118239     42.99%    passed     49.09%
  31  MUTSAQUPY124247     42.06%    failed      1.57%
  32  MUTSAQUAE124247     42.06%    failed      0.04%
  33  MSH6SCHPO501655     27.57%    passed      8.87%
  34  MSH6DROME391521     38.79%    passed     68.28%
  35  MSH7ARATH388542     27.57%    passed     74.83%
  36  MSH4CANAL39182      32.71%    passed     14.29%
  37  MSH4YEAST104252     30.37%    failed      4.26%
  38  MSH4HUMAN155297     33.18%    passed     25.85%
  39  MSH2SCHPO143302     25.23%    passed     95.56%
  40  MSH2NEUCR134280     31.31%    passed     96.59%
  41  MSH2YEAST139285     31.31%    passed     12.87%
  42  MSH2MAIZE144286     33.18%    passed     67.77%
  43  MSH2HUMAN143290     30.84%    passed     17.31%
****  TOTAL               37.24%  16 sequences failed composition chi2 test (p-value<5%; df=19)

Create initial parsimony tree by phylogenetic likelihood library (PLL)... 0.011 seconds
Generating 1000 samples for ultrafast bootstrap (seed: 816554)...

NOTE: 6 MB RAM (0 GB) is required!
Measuring multi-threading efficiency up to 8 CPU cores
Increase to 10 rounds for branch lengths
41 trees examined
Threads: 1 / Time: 8.052 sec / Speedup: 1.000 / Efficiency: 100% / LogL: -13654
Threads: 2 / Time: 4.531 sec / Speedup: 1.777 / Efficiency: 89% / LogL: -13654
Threads: 3 / Time: 3.299 sec / Speedup: 2.441 / Efficiency: 81% / LogL: -13654
Threads: 4 / Time: 2.891 sec / Speedup: 2.786 / Efficiency: 70% / LogL: -13654
Threads: 5 / Time: 3.273 sec / Speedup: 2.460 / Efficiency: 49% / LogL: -13654
BEST NUMBER OF THREADS: 4

Estimate model parameters (epsilon = 0.100)
1. Initial log-likelihood: -12904.634
2. Current log-likelihood: -12642.689
3. Current log-likelihood: -12615.091
4. Current log-likelihood: -12614.414
Optimal log-likelihood: -12614.398
Gamma shape alpha: 2.328
Parameters optimization took 4 rounds (0.134 sec)
Computing ML distances based on estimated model parameters... 0.866 sec
WARNING: Some pairwise ML distances are too long (saturated)
Computing BIONJ tree...
0.003 seconds
Log-likelihood of BIONJ tree: -12588.056
--------------------------------------------------------------------
|             INITIALIZING CANDIDATE TREE SET                      |
--------------------------------------------------------------------
Generating 98 parsimony trees... 0.885 second
Computing log-likelihood of 98 initial trees ... 1.885 seconds
Current best score: -12588.056

Do NNI search on 20 best initial trees
Estimate model parameters (epsilon = 0.100)
BETTER TREE FOUND at iteration 1: -12578.535
Estimate model parameters (epsilon = 0.100)
BETTER TREE FOUND at iteration 5: -12578.006
Iteration 10 / LogL: -12601.396 / Time: 0h:0m:27s
Estimate model parameters (epsilon = 0.100)
BETTER TREE FOUND at iteration 16: -12575.472
Iteration 20 / LogL: -12587.148 / Time: 0h:0m:29s
Finish initializing candidate tree set (20)
Current best tree score: -12575.472 / CPU time: 7.418
Number of iterations: 20
--------------------------------------------------------------------
|               OPTIMIZING CANDIDATE TREE SET                      |
--------------------------------------------------------------------
Iteration 30 / LogL: -12579.827 / Time: 0h:0m:32s (0h:1m:36s left)
Iteration 40 / LogL: -12576.079 / Time: 0h:0m:35s (0h:1m:8s left)
Iteration 50 / LogL: -12575.487 / Time: 0h:0m:37s (0h:0m:50s left)
Log-likelihood cutoff on original alignment: -12607.018
Iteration 60 / LogL: -12576.728 / Time: 0h:0m:39s (0h:0m:37s left)
UPDATE BEST LOG-LIKELIHOOD: -12575.470
Iteration 70 / LogL: -12575.507 / Time: 0h:0m:42s (0h:0m:28s left)
UPDATE BEST LOG-LIKELIHOOD: -12575.469
Iteration 80 / LogL: -12576.600 / Time: 0h:0m:44s (0h:0m:20s left)
Iteration 90 / LogL: -12578.454 / Time: 0h:0m:46s (0h:0m:13s left)
Iteration 100 / LogL: -12575.763 / Time: 0h:0m:48s (0h:0m:7s left)
Log-likelihood cutoff on original alignment: -12606.068
NOTE: Bootstrap correlation coefficient of split occurrence frequencies: 0.998
Iteration 110 / LogL: -12576.512 / Time: 0h:0m:51s (0h:0m:42s left)
TREE SEARCH COMPLETED AFTER 117 ITERATIONS / Time: 0h:0m:52s

--------------------------------------------------------------------
|                    FINALIZING TREE SEARCH                        |
--------------------------------------------------------------------
Performs final model parameters optimization
Estimate model parameters (epsilon = 0.010)
1. Initial log-likelihood: -12575.469
Optimal log-likelihood: -12575.461
Gamma shape alpha: 2.461
Parameters optimization took 1 rounds (0.021 sec)
BEST SCORE FOUND : -12575.461
Creating bootstrap support values...
Split supports printed to NEXUS file /csm_data/spielman_lab/dms_modelselection/pandit_aa_alignments/PF05188.fasta.splits.nex
Total tree length: 58.059

Total number of iterations: 117
CPU time used for tree search: 116.710 sec (0h:1m:56s)
Wall-clock time used for tree search: 29.826 sec (0h:0m:29s)
Total CPU time used: 180.714 sec (0h:3m:0s)
Total wall-clock time used: 52.626 sec (0h:0m:52s)

Computing bootstrap consensus tree...
Reading input file /csm_data/spielman_lab/dms_modelselection/pandit_aa_alignments/PF05188.fasta.splits.nex...
43 taxa and 551 splits.
Consensus tree written to /csm_data/spielman_lab/dms_modelselection/pandit_aa_alignments/PF05188.fasta.contree
Reading input trees file /csm_data/spielman_lab/dms_modelselection/pandit_aa_alignments/PF05188.fasta.contree
Log-likelihood of consensus tree: -12575.470

Analysis results written to: 
  IQ-TREE report:                /csm_data/spielman_lab/dms_modelselection/pandit_aa_alignments/PF05188.fasta.iqtree
  Maximum-likelihood tree:       /csm_data/spielman_lab/dms_modelselection/pandit_aa_alignments/PF05188.fasta.treefile
  Likelihood distances:          /csm_data/spielman_lab/dms_modelselection/pandit_aa_alignments/PF05188.fasta.mldist

Ultrafast bootstrap approximation results written to:
  Split support values:          /csm_data/spielman_lab/dms_modelselection/pandit_aa_alignments/PF05188.fasta.splits.nex
  Consensus tree:                /csm_data/spielman_lab/dms_modelselection/pandit_aa_alignments/PF05188.fasta.contree
  Screen log file:               /csm_data/spielman_lab/dms_modelselection/pandit_aa_alignments/PF05188.fasta.log

Date and Time: Fri Jun 14 20:42:18 2019
