IQ-TREE multicore version 1.6.7 for Linux 64-bit built Aug 23 2018
Developed by Bui Quang Minh, Nguyen Lam Tung, Olga Chernomor,
Heiko Schmidt, Dominik Schrempf, Michael Woodhams.

Host:    csm-com-011 (AVX2, FMA3, 62 GB RAM)
Command: iqtree -quiet -nt AUTO -ntmax 8 -m Poisson -s /csm_data/spielman_lab/dms_modelselection/pandit_aa_alignments/PF06026.fasta -st AA -redo -bb 1000
Seed:    766606 (Using SPRNG - Scalable Parallel Random Number Generator)
Time:    Fri Jun 14 21:09:02 2019
Kernel:  AVX+FMA - auto-detect threads (48 CPU cores detected)

Reading alignment file /csm_data/spielman_lab/dms_modelselection/pandit_aa_alignments/PF06026.fasta ... Fasta format detected
Alignment most likely contains protein sequences
Alignment has 57 sequences with 204 columns, 199 distinct patterns
171 parsimony-informative, 15 singleton sites, 18 constant sites
                   Gap/Ambiguity  Composition  p-value
   1  RPIAARATH81260      11.76%    passed     86.06%
   2  Q8LBQ2ARATH77261     9.31%    passed     96.42%
   3  Q8RU73SPIOL106285   11.76%    passed     99.76%
   4  Q8L9K5ARATH93272    11.76%    passed     99.94%
   5  RPIADEIRA51222      15.69%    passed     14.73%
   6  RPIA2OCEIH49219     16.18%    passed     83.95%
   7  RPIACAUCR47223      13.24%    failed      2.14%
   8  RPIARHILO49226      12.75%    passed      7.26%
   9  RPIABRUSU50227      12.75%    passed     26.03%
  10  RPIAAGRT549226      12.75%    passed     18.64%
  11  RPIALACLA48220      15.20%    passed     91.14%
  12  RPIASTRP848219      15.69%    passed     69.90%
  13  RPIASTRMU48219      15.69%    passed     85.31%
  14  RPIASTRA548219      15.69%    passed     96.27%
  15  RPIABIFLO53225      15.20%    passed     64.30%
  16  RPIALISIN47219      15.20%    passed     17.78%
  17  RPIALISMO47219      15.20%    passed     18.21%
  18  RPIASTAAW51224      14.71%    passed     52.29%
  19  RPIASTAEP51224      14.71%    passed     86.50%
  20  RPIA1OCEIH51222     15.69%    passed     78.12%
  21  RPIATHEAC51223      15.20%    passed     37.41%
  22  RPIATHEVO51223      15.20%    passed     66.24%
  23  RPIA2YERPE52231     11.76%    failed      0.65%
  24  RPIAVIBCH47215      17.16%    passed     94.72%
  25  RPIASHEON47215      17.16%    passed     94.62%
  26  RPIA1YERPE47215     17.16%    passed     92.24%
  27  RPIAPSEAE51219      17.16%    passed     93.57%
  28  RPIAHAEIN47216      16.67%    passed     95.71%
  29  RPIARALSO51224      14.71%    passed     34.30%
  30  RPIABUCAP47215      17.16%    passed     11.47%
  31  RPIABUCAI47215      17.16%    failed      3.26%
  32  RPIAXANCP45214      16.67%    passed     19.14%
  33  RPIAWIGBR47215      17.16%    passed      5.30%
  34  RPIANEIMA48216      17.16%    passed     96.22%
  35  RPIAHALN151221      16.18%    failed      0.00%
  36  RPIAMETMA56227      15.69%    passed     97.82%
  37  RPIAANASP56230      14.22%    passed     79.83%
  38  RPIASYNEL54228      14.22%    passed     37.24%
  39  RPIASYNY355229      14.22%    passed     72.84%
  40  RPIAMETJA50222      15.20%    passed     73.59%
  41  RPIAMETTH51223      15.20%    passed     52.64%
  42  RPIAPYRHO51225      14.22%    passed     54.00%
  43  RPIAARCFU49223      14.22%    passed     53.28%
  44  Q8ZXY8PYRAE43220    12.75%    passed     15.90%
  45  RPIATREPA68247      11.76%    passed     67.39%
  46  Q9UTL3SCHPO60238    12.25%    passed     65.68%
  47  RPIAYEAST73253      11.27%    passed     69.45%
  48  RPIAMOUSE52229      12.75%    passed     89.98%
  49  Q8MLS2DROME96275    11.76%    passed     12.36%
  50  RPIACAEEL63242      11.76%    failed      0.65%
  51  Q8I3W2PLAF750228    12.25%    failed      0.44%
  52  RPIACHLPN53225      15.20%    passed     23.41%
  53  RPIACHLTR61233      15.20%    passed     88.40%
  54  RPIAAERPE51226      13.73%    failed      0.04%
  55  Q971S2SULTO45216    15.69%    failed      4.57%
  56  RPIABORBU50225      13.73%    failed      0.07%
  57  Q97J55CLOAB49223    14.22%    passed     25.81%
****  TOTAL               14.49%  9 sequences failed composition chi2 test (p-value<5%; df=19)

Create initial parsimony tree by phylogenetic likelihood library (PLL)... 0.011 seconds
Generating 1000 samples for ultrafast bootstrap (seed: 766606)...

NOTE: 2 MB RAM (0 GB) is required!
Measuring multi-threading efficiency up to 8 CPU cores
Increase to 10 rounds for branch lengths
156 trees examined
Threads: 1 / Time: 8.010 sec / Speedup: 1.000 / Efficiency: 100% / LogL: -20513
Threads: 2 / Time: 6.918 sec / Speedup: 1.158 / Efficiency: 58% / LogL: -20513
Threads: 3 / Time: 5.430 sec / Speedup: 1.475 / Efficiency: 49% / LogL: -20513
BEST NUMBER OF THREADS: 2

Estimate model parameters (epsilon = 0.100)
1. Initial log-likelihood: -17439.510
Optimal log-likelihood: -17224.385
Parameters optimization took 1 rounds (0.026 sec)
Computing ML distances based on estimated model parameters... 0.099 sec
Computing BIONJ tree...
0.004 seconds
Log-likelihood of BIONJ tree: -17291.694
--------------------------------------------------------------------
|             INITIALIZING CANDIDATE TREE SET                      |
--------------------------------------------------------------------
Generating 98 parsimony trees... 1.302 second
Computing log-likelihood of 98 initial trees ... 1.035 seconds
Current best score: -17221.320

Do NNI search on 20 best initial trees
Estimate model parameters (epsilon = 0.100)
BETTER TREE FOUND at iteration 1: -17211.979
Estimate model parameters (epsilon = 0.100)
BETTER TREE FOUND at iteration 3: -17205.905
Iteration 10 / LogL: -17229.323 / Time: 0h:0m:23s
Iteration 20 / LogL: -17234.321 / Time: 0h:0m:24s
Finish initializing candidate tree set (20)
Current best tree score: -17205.905 / CPU time: 3.868
Number of iterations: 20
--------------------------------------------------------------------
|               OPTIMIZING CANDIDATE TREE SET                      |
--------------------------------------------------------------------
Iteration 30 / LogL: -17241.924 / Time: 0h:0m:25s (0h:1m:4s left)
Iteration 40 / LogL: -17208.838 / Time: 0h:0m:26s (0h:0m:42s left)
Iteration 50 / LogL: -17210.196 / Time: 0h:0m:27s (0h:0m:29s left)
Log-likelihood cutoff on original alignment: -17256.013
Estimate model parameters (epsilon = 0.100)
BETTER TREE FOUND at iteration 55: -17199.434
Iteration 60 / LogL: -17206.803 / Time: 0h:0m:29s (0h:0m:46s left)
Estimate model parameters (epsilon = 0.100)
BETTER TREE FOUND at iteration 68: -17199.313
Estimate model parameters (epsilon = 0.100)
BETTER TREE FOUND at iteration 70: -17198.525
Iteration 70 / LogL: -17198.525 / Time: 0h:0m:30s (0h:0m:43s left)
Iteration 80 / LogL: -17199.535 / Time: 0h:0m:31s (0h:0m:35s left)
Estimate model parameters (epsilon = 0.100)
BETTER TREE FOUND at iteration 82: -17198.353
Iteration 90 / LogL: -17199.544 / Time: 0h:0m:32s (0h:0m:33s left)
Iteration 100 / LogL: -17201.708 / Time: 0h:0m:33s (0h:0m:27s left)
Log-likelihood cutoff on original alignment: -17254.743
NOTE: Bootstrap correlation coefficient of split occurrence frequencies: 0.987
NOTE: UFBoot does not converge, continue at least 100 more iterations
Iteration 110 / LogL: -17198.560 / Time: 0h:0m:35s (0h:0m:28s left)
Iteration 120 / LogL: -17205.026 / Time: 0h:0m:36s (0h:0m:24s left)
Iteration 130 / LogL: -17208.558 / Time: 0h:0m:37s (0h:0m:20s left)
Iteration 140 / LogL: -17210.328 / Time: 0h:0m:38s (0h:0m:16s left)
Iteration 150 / LogL: -17198.357 / Time: 0h:0m:40s (0h:0m:13s left)
Log-likelihood cutoff on original alignment: -17254.743
Iteration 160 / LogL: -17198.380 / Time: 0h:0m:41s (0h:0m:10s left)
Iteration 170 / LogL: -17198.551 / Time: 0h:0m:42s (0h:0m:7s left)
Iteration 180 / LogL: -17199.444 / Time: 0h:0m:43s (0h:0m:4s left)
Iteration 190 / LogL: -17198.531 / Time: 0h:0m:45s (0h:0m:2s left)
Iteration 200 / LogL: -17198.576 / Time: 0h:0m:46s (0h:0m:0s left)
Log-likelihood cutoff on original alignment: -17254.743
NOTE: Bootstrap correlation coefficient of split occurrence frequencies: 0.998
TREE SEARCH COMPLETED AFTER 200 ITERATIONS / Time: 0h:0m:46s

--------------------------------------------------------------------
|                    FINALIZING TREE SEARCH                        |
--------------------------------------------------------------------
Performs final model parameters optimization
Estimate model parameters (epsilon = 0.010)
1. Initial log-likelihood: -17198.353
Optimal log-likelihood: -17198.353
Parameters optimization took 1 rounds (0.008 sec)
BEST SCORE FOUND : -17198.353
Creating bootstrap support values...
Split supports printed to NEXUS file /csm_data/spielman_lab/dms_modelselection/pandit_aa_alignments/PF06026.fasta.splits.nex
Total tree length: 22.288

Total number of iterations: 200
CPU time used for tree search: 50.900 sec (0h:0m:50s)
Wall-clock time used for tree search: 26.048 sec (0h:0m:26s)
Total CPU time used: 97.523 sec (0h:1m:37s)
Total wall-clock time used: 46.747 sec (0h:0m:46s)

Computing bootstrap consensus tree...
Reading input file /csm_data/spielman_lab/dms_modelselection/pandit_aa_alignments/PF06026.fasta.splits.nex...
57 taxa and 582 splits.
Consensus tree written to /csm_data/spielman_lab/dms_modelselection/pandit_aa_alignments/PF06026.fasta.contree
Reading input trees file /csm_data/spielman_lab/dms_modelselection/pandit_aa_alignments/PF06026.fasta.contree
Log-likelihood of consensus tree: -17199.434

Analysis results written to: 
  IQ-TREE report:                /csm_data/spielman_lab/dms_modelselection/pandit_aa_alignments/PF06026.fasta.iqtree
  Maximum-likelihood tree:       /csm_data/spielman_lab/dms_modelselection/pandit_aa_alignments/PF06026.fasta.treefile
  Likelihood distances:          /csm_data/spielman_lab/dms_modelselection/pandit_aa_alignments/PF06026.fasta.mldist

Ultrafast bootstrap approximation results written to:
  Split support values:          /csm_data/spielman_lab/dms_modelselection/pandit_aa_alignments/PF06026.fasta.splits.nex
  Consensus tree:                /csm_data/spielman_lab/dms_modelselection/pandit_aa_alignments/PF06026.fasta.contree
  Screen log file:               /csm_data/spielman_lab/dms_modelselection/pandit_aa_alignments/PF06026.fasta.log

Date and Time: Fri Jun 14 21:09:49 2019
