IQ-TREE multicore version 1.6.7 for Linux 64-bit built Aug 23 2018
Developed by Bui Quang Minh, Nguyen Lam Tung, Olga Chernomor,
Heiko Schmidt, Dominik Schrempf, Michael Woodhams.

Host:    csm-gpu-001 (AVX2, FMA3, 62 GB RAM)
Command: iqtree -quiet -nt AUTO -ntmax 8 -m mtMet+I+G4 -s /csm_data/spielman_lab/dms_modelselection/pandit_aa_alignments/PF06426.fasta -st AA -redo -bb 1000
Seed:    962639 (Using SPRNG - Scalable Parallel Random Number Generator)
Time:    Fri Jun 14 21:15:30 2019
Kernel:  AVX+FMA - auto-detect threads (48 CPU cores detected)

Reading alignment file /csm_data/spielman_lab/dms_modelselection/pandit_aa_alignments/PF06426.fasta ... Fasta format detected
Alignment most likely contains protein sequences
Alignment has 25 sequences with 107 columns, 107 distinct patterns
89 parsimony-informative, 12 singleton sites, 6 constant sites
                   Gap/Ambiguity  Composition  p-value
   1  Q8KCI5CHLTE6110      1.87%    passed     25.73%
   2  Q8H8D0ORYSA80184     1.87%    passed     99.93%
   3  O81795ARATH73177     1.87%    passed     99.92%
   4  Q9SLZ8CYAME117221    1.87%    passed     92.39%
   5  Q94IE5CYAME115219    1.87%    passed     52.27%
   6  Q9MAZ3ALLTU23127     1.87%    passed     60.07%
   7  Q8W199SOYBN20124     1.87%    passed     42.03%
   8  Q8W0E4ORYSA41145     1.87%    passed     61.55%
   9  Q8LPN9CHLRE133237    1.87%    passed     33.22%
  10  Q9A518CAUCR16120     1.87%    passed     44.24%
  11  Q9JR86NEIMA13117     1.87%    passed     98.26%
  12  Q8DCW5VIBVU9113      1.87%    passed     95.11%
  13  CYSEHAEIN5109        1.87%    passed     89.13%
  14  CYSEECOLI9113        1.87%    passed     96.45%
  15  Q8GZP7MAIZE51155     1.87%    failed      1.04%
  16  Q42588ARATH48152     1.87%    passed     68.00%
  17  Q39218ARATH70174     1.87%    passed     92.28%
  18  Q98NE5RHILO7111      1.87%    passed     47.97%
  19  Q8YHR2BRUME41145     1.87%    passed     78.21%
  20  Q92Q66RHIME19123     1.87%    passed     74.32%
  21  Q8UF29AGRT526130     1.87%    passed     89.56%
  22  CYSEBUCAI9113        1.87%    failed      3.97%
  23  CYSEBUCAP9113        1.87%    failed      0.00%
  24  Q9US33SCHPO16121     0.93%    passed     89.93%
  25  Q8XQ47RALSO9111      3.74%    passed     81.41%
****  TOTAL                1.91%  3 sequences failed composition chi2 test (p-value<5%; df=19)

Create initial parsimony tree by phylogenetic likelihood library (PLL)... 0.002 seconds
Generating 1000 samples for ultrafast bootstrap (seed: 962639)...

NOTE: 2 MB RAM (0 GB) is required!
Measuring multi-threading efficiency up to 8 CPU cores
Increase to 10 rounds for branch lengths
104 trees examined
Threads: 1 / Time: 8.009 sec / Speedup: 1.000 / Efficiency: 100% / LogL: -5167
Threads: 2 / Time: 3.682 sec / Speedup: 2.175 / Efficiency: 109% / LogL: -5167
Threads: 3 / Time: 3.627 sec / Speedup: 2.208 / Efficiency: 74% / LogL: -5167
Threads: 4 / Time: 3.440 sec / Speedup: 2.328 / Efficiency: 58% / LogL: -5167
Threads: 5 / Time: 2.857 sec / Speedup: 2.803 / Efficiency: 56% / LogL: -5167
Threads: 6 / Time: 2.930 sec / Speedup: 2.734 / Efficiency: 46% / LogL: -5167
BEST NUMBER OF THREADS: 5

Estimate model parameters (epsilon = 0.100)
Thoroughly optimizing +I+G parameters from 10 start values...
Init pinv, alpha: 0.000, 1.000 / Estimate: 0.000, 0.835 / LogL: -4535.527
Init pinv, alpha: 0.006, 1.000 / Estimate: 0.000, 0.836 / LogL: -4535.550
Init pinv, alpha: 0.012, 1.000 / Estimate: 0.001, 0.836 / LogL: -4535.571
Init pinv, alpha: 0.019, 1.000 / Estimate: 0.000, 0.835 / LogL: -4535.551
Init pinv, alpha: 0.025, 1.000 / Estimate: 0.001, 0.835 / LogL: -4535.558
Init pinv, alpha: 0.031, 1.000 / Estimate: 0.001, 0.836 / LogL: -4535.563
Init pinv, alpha: 0.037, 1.000 / Estimate: 0.001, 0.836 / LogL: -4535.569
Init pinv, alpha: 0.044, 1.000 / Estimate: 0.001, 0.836 / LogL: -4535.573
Init pinv, alpha: 0.050, 1.000 / Estimate: 0.001, 0.836 / LogL: -4535.577
Init pinv, alpha: 0.056, 1.000 / Estimate: 0.001, 0.836 / LogL: -4535.581
Optimal pinv,alpha: 0.000, 0.835 / LogL: -4535.527

Parameters optimization took 0.365 sec
Computing ML distances based on estimated model parameters... 0.310 sec
Computing BIONJ tree...
0.010 seconds
Log-likelihood of BIONJ tree: -4523.798
--------------------------------------------------------------------
|             INITIALIZING CANDIDATE TREE SET                      |
--------------------------------------------------------------------
Generating 98 parsimony trees... 0.306 second
Computing log-likelihood of 98 initial trees ... 0.791 seconds
Current best score: -4523.798

Do NNI search on 20 best initial trees
Estimate model parameters (epsilon = 0.100)
BETTER TREE FOUND at iteration 1: -4512.971
Iteration 10 / LogL: -4520.294 / Time: 0h:0m:26s
Iteration 20 / LogL: -4513.213 / Time: 0h:0m:27s
Finish initializing candidate tree set (10)
Current best tree score: -4512.971 / CPU time: 2.742
Number of iterations: 20
--------------------------------------------------------------------
|               OPTIMIZING CANDIDATE TREE SET                      |
--------------------------------------------------------------------
Iteration 30 / LogL: -4513.839 / Time: 0h:0m:28s (0h:1m:9s left)
Iteration 40 / LogL: -4513.202 / Time: 0h:0m:29s (0h:0m:45s left)
Iteration 50 / LogL: -4513.250 / Time: 0h:0m:30s (0h:0m:31s left)
Log-likelihood cutoff on original alignment: -4542.809
Iteration 60 / LogL: -4513.851 / Time: 0h:0m:31s (0h:0m:21s left)
Iteration 70 / LogL: -4513.836 / Time: 0h:0m:32s (0h:0m:14s left)
Iteration 80 / LogL: -4514.206 / Time: 0h:0m:33s (0h:0m:8s left)
Iteration 90 / LogL: -4514.052 / Time: 0h:0m:34s (0h:0m:4s left)
Iteration 100 / LogL: -4514.020 / Time: 0h:0m:35s (0h:0m:0s left)
Log-likelihood cutoff on original alignment: -4543.596
NOTE: Bootstrap correlation coefficient of split occurrence frequencies: 0.999
TREE SEARCH COMPLETED AFTER 102 ITERATIONS / Time: 0h:0m:35s

--------------------------------------------------------------------
|                    FINALIZING TREE SEARCH                        |
--------------------------------------------------------------------
Performs final model parameters optimization
Estimate model parameters (epsilon = 0.010)
1. Initial log-likelihood: -4512.971
Optimal log-likelihood: -4512.968
Proportion of invariable sites: 0.000
Gamma shape alpha: 0.827
Parameters optimization took 1 rounds (0.013 sec)
BEST SCORE FOUND : -4512.968
Creating bootstrap support values...
Split supports printed to NEXUS file /csm_data/spielman_lab/dms_modelselection/pandit_aa_alignments/PF06426.fasta.splits.nex
Total tree length: 23.674

Total number of iterations: 102
CPU time used for tree search: 52.680 sec (0h:0m:52s)
Wall-clock time used for tree search: 10.710 sec (0h:0m:10s)
Total CPU time used: 135.234 sec (0h:2m:15s)
Total wall-clock time used: 35.968 sec (0h:0m:35s)

Computing bootstrap consensus tree...
Reading input file /csm_data/spielman_lab/dms_modelselection/pandit_aa_alignments/PF06426.fasta.splits.nex...
25 taxa and 247 splits.
Consensus tree written to /csm_data/spielman_lab/dms_modelselection/pandit_aa_alignments/PF06426.fasta.contree
Reading input trees file /csm_data/spielman_lab/dms_modelselection/pandit_aa_alignments/PF06426.fasta.contree
Log-likelihood of consensus tree: -4513.154

Analysis results written to: 
  IQ-TREE report:                /csm_data/spielman_lab/dms_modelselection/pandit_aa_alignments/PF06426.fasta.iqtree
  Maximum-likelihood tree:       /csm_data/spielman_lab/dms_modelselection/pandit_aa_alignments/PF06426.fasta.treefile
  Likelihood distances:          /csm_data/spielman_lab/dms_modelselection/pandit_aa_alignments/PF06426.fasta.mldist

Ultrafast bootstrap approximation results written to:
  Split support values:          /csm_data/spielman_lab/dms_modelselection/pandit_aa_alignments/PF06426.fasta.splits.nex
  Consensus tree:                /csm_data/spielman_lab/dms_modelselection/pandit_aa_alignments/PF06426.fasta.contree
  Screen log file:               /csm_data/spielman_lab/dms_modelselection/pandit_aa_alignments/PF06426.fasta.log

Date and Time: Fri Jun 14 21:16:07 2019
