IQ-TREE multicore version 1.6.7 for Linux 64-bit built Aug 23 2018
Developed by Bui Quang Minh, Nguyen Lam Tung, Olga Chernomor,
Heiko Schmidt, Dominik Schrempf, Michael Woodhams.

Host:    csm-com-006 (AVX2, FMA3, 62 GB RAM)
Command: iqtree -quiet -nt AUTO -ntmax 8 -m GTR20 -s /csm_data/spielman_lab/dms_modelselection/pandit_aa_alignments/PF07992.fasta -st AA -redo -bb 1000
Seed:    358055 (Using SPRNG - Scalable Parallel Random Number Generator)
Time:    Fri Jun 14 22:59:18 2019
Kernel:  AVX+FMA - auto-detect threads (48 CPU cores detected)

Reading alignment file /csm_data/spielman_lab/dms_modelselection/pandit_aa_alignments/PF07992.fasta ... Fasta format detected
Alignment most likely contains protein sequences
WARNING: 168 sites contain only gaps or ambiguous characters.
Alignment has 148 sequences with 556 columns, 389 distinct patterns
265 parsimony-informative, 102 singleton sites, 189 constant sites
                     Gap/Ambiguity  Composition  p-value
   1  DLDHACHLA6309         61.87%    failed      1.24%
   2  Q592999CLOT117427     61.33%    failed      0.62%
   3  DLD3BACSU2310         61.33%    passed      9.19%
   4  DLDHCHLTR6312         61.33%    passed     59.68%
   5  DLDHMYCGE4308         61.69%    failed      0.26%
   6  Q49111MYCCA165473     61.15%    failed      2.46%
   7  DLDHMYCTU5314         61.51%    passed     92.89%
   8  Q9ZCF1RICPR5310       62.23%    passed      5.44%
   9  DLDHZYMMO6316         61.51%    passed     95.09%
  10  DLDHCHLVI12322        61.51%    passed     47.42%
  11  DLD2BACSU6325         60.07%    passed     80.79%
  12  DLD2PSEPU5323         59.89%    passed     62.58%
  13  Q60154PELCA7322       60.43%    passed     26.27%
  14  DLDHSCHPO47362        60.79%    passed     23.97%
  15  DLD3PSEPU5318         61.15%    passed     68.93%
  16  Q9ZD83RICPR1305       62.41%    failed      0.01%
  17  Q54101SACER7307       62.59%    passed     29.66%
  18  DLD1BACST11319        61.69%    passed     88.91%
  19  DLDHHALVO10323        60.97%    passed     74.92%
  20  DLDHECOLI7317         61.33%    passed     80.20%
  21  DLD1PSEPU8311         62.05%    passed     20.31%
  22  DLDHSYNY37327         60.07%    passed     73.54%
  23  STHAMYCTU5315         60.79%    passed     18.83%
  24  STHAPSEFL6314         61.15%    passed     77.17%
  25  O66945AQUAE4312       61.51%    passed     22.00%
  26  MERAACICA100408       60.79%    passed     24.71%
  27  MERABACCE171477       62.05%    passed     48.13%
  28  MERASTRLI9320         60.97%    passed     13.20%
  29  P73059SYNY340349      61.51%    passed     95.51%
  30  Q02733YEAST19337      60.43%    passed     51.14%
  31  GSHRPARATH89401       60.61%    passed     84.89%
  32  O869249SPHN7309       62.41%    passed     11.65%
  33  GSHRANASP6318         60.79%    passed     99.99%
  34  Q26970TRYCR1324       59.17%    passed     68.45%
  35  O43998TOXGO10327      59.71%    passed     89.65%
  36  GSHRYEAST25339        60.61%    passed     54.53%
  37  GSHRHUMAN66380        61.69%    passed     89.22%
  38  GSHRECOLI6308         62.41%    passed     37.23%
  39  GSHRPLAF73317         60.43%    failed      0.01%
  40  TRXRPLAF543363        58.81%    failed      1.63%
  41  TRXR1DROME116437      59.71%    passed     83.78%
  42  TRXR1RAT14340         59.35%    passed     67.81%
  43  GSHRCAEEL22343        58.81%    passed      8.85%
  44  O542749STAP5304       62.77%    passed     19.25%
  45  O07927MYCTU5311       61.33%    passed      8.41%
  46  P96104THIFE513826     61.15%    failed      0.36%
  47  Y636METJA10267        67.63%    failed      0.21%
  48  O27685METTH6294       63.31%    passed      8.44%
  49  O53355MYCTU4322       59.35%    failed      1.81%
  50  O29966ARCFU171470     63.85%    passed     41.48%
  51  O59088PYRHO110357     67.27%    passed     87.84%
  52  XECCXANP245359        60.97%    passed     75.67%
  53  O65414ARATH45365      61.51%    passed     38.86%
  54  O80874ARATH73386      61.69%    passed     29.08%
  55  Q9ZC17STRCO5308       63.85%    failed      0.00%
  56  O07220MYCTU3296       65.11%    failed      0.06%
  57  O32907MYCLE16328      63.13%    passed     69.58%
  58  P73739SYNY311319      63.67%    passed     46.00%
  59  P73735SYNY37299       64.39%    failed      0.37%
  60  DHNAHAEIN3331         59.53%    passed     19.89%
  61  DHNAECOLI6320         62.05%    passed     78.42%
  62  HCADECOLI5281         66.91%    failed      0.75%
  63  P95146MYCTU6286       66.55%    passed      8.08%
  64  THCDRHOER1280         66.73%    passed     18.77%
  65  O69367RHOER7281       67.27%    failed      2.88%
  66  P95034MYCTU17292      67.27%    failed      4.52%
  67  O85778RHILV14292      66.73%    passed     12.74%
  68  Q51973PSEPU7278       67.45%    passed     30.64%
  69  CAMAPSEPU6290         66.19%    passed     36.92%
  70  O659469SPHN6284       66.73%    passed     29.05%
  71  Q45081BURCE12290      66.73%    passed      9.24%
  72  Q52437PSES19279       67.45%    failed      0.91%
  73  Q46377COMTE9279       67.45%    passed     12.01%
  74  Q57031RHOGO4281       66.91%    failed      1.89%
  75  P72259RHOER4281       66.91%    failed      0.53%
  76  BEDAPSEPU4281         66.91%    passed     32.56%
  77  BPHGBURCE4281         66.91%    failed      0.00%
  78  O852869SPHN4279       67.27%    failed      2.44%
  79  O85962SPHAR3283       66.55%    failed      4.38%
  80  TERPAPSESP7285        67.27%    failed      0.16%
  81  RUREPSEOL2281         66.73%    passed     39.55%
  82  MDARPARATH63357       64.21%    passed     35.94%
  83  MDARPEA7302           64.03%    passed     54.41%
  84  O42346XENLA196473     67.09%    passed     30.21%
  85  O77266DROME140419     66.91%    passed     97.66%
  86  NIREMENI45336         65.11%    passed     79.06%
  87  O53674MYCTU15306      65.29%    failed      0.02%
  88  NIRBECOLI5287         66.37%    passed     35.13%
  89  NASBBACSU5283         66.73%    passed     69.41%
  90  O66583AQUAE2282       66.37%    failed      3.19%
  91  Q48467KLEOX4273       67.63%    passed     18.08%
  92  PCD8HUMAN133444       61.51%    passed     77.19%
  93  NAOXMETJA17302        65.29%    failed      0.12%
  94  O27407METTH2283       66.01%    passed     26.45%
  95  O59178PYRHO2279       66.55%    passed     23.75%
  96  O29847ARCFU2293       64.39%    passed      6.52%
  97  O67007AQUAE2297       64.75%    passed     22.82%
  98  O29311ARCFU4282       66.73%    passed      5.05%
  99  O28421ARCFU7284       66.91%    failed      2.99%
 100  O29985ARCFU2280       66.19%    passed     21.51%
 101  O29852ARCFU2280       66.19%    passed     27.42%
 102  O69869STRCO12302      64.57%    failed      0.06%
 103  O58643PYRHO2270       67.81%    passed     47.13%
 104  O84925STRPN3300       63.13%    passed     33.80%
 105  O83891TREPA2287       65.47%    passed     85.60%
 106  NAOXENTFA2287         65.65%    passed     25.70%
 107  Q59917TREHY2296       63.67%    passed      9.53%
 108  NAPEENTFA2287         65.29%    passed     60.42%
 109  NAOXMYCGE3311         61.69%    failed      0.03%
 110  O51670BORBU3288       65.29%    failed      0.00%
 111  O52582STAAU3283       65.47%    passed     14.76%
 112  Q9ZAI2ACICA3287       65.83%    passed     57.49%
 113  NORWECOLI4278         67.45%    failed      4.58%
 114  O52935MOOTH405652     72.66%    passed     86.33%
 115  O29006ARCFU376617     73.02%    passed     16.31%
 116  YN9BYEAST7289         67.81%    passed      6.08%
 117  TRXBMETJA4278         67.09%    failed      0.38%
 118  O50134PYRHO25306      65.83%    failed      1.12%
 119  O26804METTH6279       67.27%    passed     27.74%
 120  TRXBCLOLI6288         66.91%    passed     36.98%
 121  O54079STAAU7283       67.09%    passed      8.75%
 122  TRXBTREPA6281         67.09%    passed     63.68%
 123  O28718ARCFU3277       67.09%    passed     30.90%
 124  R34KCLOPA8284         66.91%    passed     26.49%
 125  O22229ARATH85370      65.65%    passed     60.94%
 126  TRXBMYCLE13291        66.55%    passed      9.57%
 127  TRXB1YEAST4293        64.75%    passed     24.10%
 128  TRXBBUCAP8294         66.19%    failed      0.12%
 129  TRXBECOLI7292         66.19%    passed     65.94%
 130  TRXBRICPR6287         66.55%    passed     25.99%
 131  TRXBHELPJ3287         65.65%    passed     25.26%
 132  TRXBBORBU27304        66.73%    failed      3.49%
 133  TRXBAQUAE14292        66.55%    passed     66.13%
 134  O66266STRMU210486     66.91%    passed     89.86%
 135  AHPFECOLI214494       66.37%    passed     99.97%
 136  O68315RHOCA144419     68.88%    failed      0.41%
 137  P96219MYCTU146449     66.01%    failed      1.82%
 138  Q9ZNX7ORYSA18072121   66.01%    passed     72.67%
 139  YGFKECOLI552831       68.88%    passed     81.82%
 140  P77907MOOTH309596     68.17%    passed     57.18%
 141  O334749EURY158450     67.27%    passed     22.21%
 142  O83717TREPA198493     66.55%    passed     55.04%
 143  O67845AQUAE155448     67.09%    passed     23.87%
 144  GLTDECOLI147448       65.83%    passed     70.56%
 145  YEITECOLI126385       69.60%    passed     17.64%
 146  O31475BACSU9293       65.47%    passed     37.65%
 147  Q9ZD33RICPR5292       65.47%    failed      0.22%
 148  P72678SYNY33270       69.60%    failed      0.47%
WARNING: 148 sequences contain more than 50% gaps/ambiguity
****  TOTAL                 64.47%  39 sequences failed composition chi2 test (p-value<5%; df=19)

Create initial parsimony tree by phylogenetic likelihood library (PLL)... 0.068 seconds
Generating 1000 samples for ultrafast bootstrap (seed: 358055)...
WARNING: GTR20 model will estimate 189 substitution rates that might be overfitting!
WARNING: Please only use GTR20 with very large data and always test for model fit!

NOTE: 11 MB RAM (0 GB) is required!
Measuring multi-threading efficiency up to 8 CPU cores
Increase to 10 rounds for branch lengths
22 trees examined
Threads: 1 / Time: 8.196 sec / Speedup: 1.000 / Efficiency: 100% / LogL: -69883
Threads: 2 / Time: 4.875 sec / Speedup: 1.681 / Efficiency: 84% / LogL: -69883
Threads: 3 / Time: 3.667 sec / Speedup: 2.235 / Efficiency: 75% / LogL: -69883
Threads: 4 / Time: 3.076 sec / Speedup: 2.664 / Efficiency: 67% / LogL: -69883
Threads: 5 / Time: 2.885 sec / Speedup: 2.841 / Efficiency: 57% / LogL: -69883
Threads: 6 / Time: 2.609 sec / Speedup: 3.141 / Efficiency: 52% / LogL: -69883
Threads: 7 / Time: 2.521 sec / Speedup: 3.251 / Efficiency: 46% / LogL: -69883
BEST NUMBER OF THREADS: 6

Estimate model parameters (epsilon = 0.100)
1. Initial log-likelihood: -65217.156
2. Current log-likelihood: -59199.154
3. Current log-likelihood: -58704.214
4. Current log-likelihood: -58591.629
5. Current log-likelihood: -58540.869
6. Current log-likelihood: -58531.290
7. Current log-likelihood: -58523.720
8. Current log-likelihood: -58518.671
9. Current log-likelihood: -58515.133
10. Current log-likelihood: -58513.035
11. Current log-likelihood: -58510.939
12. Current log-likelihood: -58509.131
13. Current log-likelihood: -58507.721
14. Current log-likelihood: -58506.989
15. Current log-likelihood: -58503.778
16. Current log-likelihood: -58502.308
17. Current log-likelihood: -58501.819
18. Current log-likelihood: -58500.712
19. Current log-likelihood: -58500.240
20. Current log-likelihood: -58499.441
21. Current log-likelihood: -58498.908
22. Current log-likelihood: -58498.288
23. Current log-likelihood: -58497.632
24. Current log-likelihood: -58496.886
25. Current log-likelihood: -58496.510
26. Current log-likelihood: -58495.911
27. Current log-likelihood: -58495.421
28. Current log-likelihood: -58495.041
29. Current log-likelihood: -58494.452
30. Current log-likelihood: -58494.102
31. Current log-likelihood: -58493.845
32. Current log-likelihood: -58493.577
33. Current log-likelihood: -58493.463
34. Current log-likelihood: -58492.996
35. Current log-likelihood: -58492.770
36. Current log-likelihood: -58492.536
37. Current log-likelihood: -58492.304
38. Current log-likelihood: -58492.070
39. Current log-likelihood: -58491.850
40. Current log-likelihood: -58491.643
41. Current log-likelihood: -58491.419
42. Current log-likelihood: -58491.210
43. Current log-likelihood: -58491.007
44. Current log-likelihood: -58490.818
45. Current log-likelihood: -58490.607
46. Current log-likelihood: -58490.421
47. Current log-likelihood: -58490.214
48. Current log-likelihood: -58490.032
49. Current log-likelihood: -58489.867
50. Current log-likelihood: -58489.696
51. Current log-likelihood: -58489.521
52. Current log-likelihood: -58489.353
53. Current log-likelihood: -58489.179
54. Current log-likelihood: -58489.021
55. Current log-likelihood: -58488.865
56. Current log-likelihood: -58488.711
57. Current log-likelihood: -58488.552
58. Current log-likelihood: -58488.405
59. Current log-likelihood: -58488.265
60. Current log-likelihood: -58488.122
61. Current log-likelihood: -58487.986
62. Current log-likelihood: -58487.851
63. Current log-likelihood: -58487.715
64. Current log-likelihood: -58487.591
65. Current log-likelihood: -58487.464
66. Current log-likelihood: -58487.337
67. Current log-likelihood: -58487.214
68. Current log-likelihood: -58487.094
69. Current log-likelihood: -58486.974
70. Current log-likelihood: -58486.860
71. Current log-likelihood: -58486.743
72. Current log-likelihood: -58486.630
73. Current log-likelihood: -58486.517
74. Current log-likelihood: -58486.405
75. Current log-likelihood: -58486.296
76. Current log-likelihood: -58486.192
77. Current log-likelihood: -58486.088
78. Current log-likelihood: -58485.985
79. Current log-likelihood: -58485.880
80. Current log-likelihood: -58485.780
Optimal log-likelihood: -58485.681
Parameters optimization took 80 rounds (115.832 sec)
Computing ML distances based on estimated model parameters... 2.272 sec
Computing BIONJ tree...
0.022 seconds
Log-likelihood of BIONJ tree: -58225.130
--------------------------------------------------------------------
|             INITIALIZING CANDIDATE TREE SET                      |
--------------------------------------------------------------------
Generating 98 parsimony trees... 7.123 second
Computing log-likelihood of 98 initial trees ... 4.178 seconds
Current best score: -58225.130

Do NNI search on 20 best initial trees
Estimate model parameters (epsilon = 0.100)
BETTER TREE FOUND at iteration 1: -58031.807
Estimate model parameters (epsilon = 0.100)
BETTER TREE FOUND at iteration 2: -58012.662
Iteration 10 / LogL: -58026.825 / Time: 0h:3m:28s
Iteration 20 / LogL: -58067.859 / Time: 0h:3m:36s
Finish initializing candidate tree set (20)
Current best tree score: -58012.662 / CPU time: 72.481
Number of iterations: 20
--------------------------------------------------------------------
|               OPTIMIZING CANDIDATE TREE SET                      |
--------------------------------------------------------------------
Estimate model parameters (epsilon = 0.100)
BETTER TREE FOUND at iteration 21: -58004.133
Iteration 30 / LogL: -58004.340 / Time: 0h:3m:52s (0h:12m:8s left)
Estimate model parameters (epsilon = 0.100)
BETTER TREE FOUND at iteration 34: -58000.371
Iteration 40 / LogL: -58008.240 / Time: 0h:4m:3s (0h:9m:47s left)
Estimate model parameters (epsilon = 0.100)
BETTER TREE FOUND at iteration 42: -57997.930
Iteration 50 / LogL: -57999.053 / Time: 0h:4m:13s (0h:7m:54s left)
Log-likelihood cutoff on original alignment: -58099.882
Estimate model parameters (epsilon = 0.100)
BETTER TREE FOUND at iteration 59: -57996.840
Iteration 60 / LogL: -58002.457 / Time: 0h:4m:21s (0h:7m:18s left)
Estimate model parameters (epsilon = 0.100)
BETTER TREE FOUND at iteration 66: -57994.687
Iteration 70 / LogL: -57996.957 / Time: 0h:4m:32s (0h:6m:18s left)
Iteration 80 / LogL: -57997.520 / Time: 0h:4m:37s (0h:5m:1s left)
Estimate model parameters (epsilon = 0.100)
BETTER TREE FOUND at iteration 90: -57993.722
Iteration 90 / LogL: -57993.722 / Time: 0h:4m:45s (0h:5m:20s left)
Iteration 100 / LogL: -58004.229 / Time: 0h:4m:50s (0h:4m:24s left)
Log-likelihood cutoff on original alignment: -58099.882
NOTE: Bootstrap correlation coefficient of split occurrence frequencies: 0.990
NOTE: UFBoot does not converge, continue at least 100 more iterations
Estimate model parameters (epsilon = 0.100)
BETTER TREE FOUND at iteration 105: -57992.188
Iteration 110 / LogL: -58001.609 / Time: 0h:4m:58s (0h:4m:19s left)
Estimate model parameters (epsilon = 0.100)
BETTER TREE FOUND at iteration 111: -57991.512
Iteration 120 / LogL: -58002.704 / Time: 0h:5m:7s (0h:3m:55s left)
Iteration 130 / LogL: -57996.745 / Time: 0h:5m:12s (0h:3m:16s left)
Iteration 140 / LogL: -57994.501 / Time: 0h:5m:17s (0h:2m:42s left)
Iteration 150 / LogL: -57992.710 / Time: 0h:5m:22s (0h:2m:12s left)
Log-likelihood cutoff on original alignment: -58099.882
Estimate model parameters (epsilon = 0.100)
BETTER TREE FOUND at iteration 155: -57988.383
Iteration 160 / LogL: -57993.134 / Time: 0h:5m:31s (0h:3m:17s left)
Iteration 170 / LogL: -57991.160 / Time: 0h:5m:36s (0h:2m:49s left)
Estimate model parameters (epsilon = 0.100)
BETTER TREE FOUND at iteration 171: -57984.897
Iteration 180 / LogL: -57988.081 / Time: 0h:5m:50s (0h:2m:58s left)
Estimate model parameters (epsilon = 0.100)
BETTER TREE FOUND at iteration 184: -57983.230
Estimate model parameters (epsilon = 0.100)
BETTER TREE FOUND at iteration 186: -57982.077
Iteration 190 / LogL: -57983.341 / Time: 0h:6m:2s (0h:3m:4s left)
Iteration 200 / LogL: -57986.537 / Time: 0h:6m:7s (0h:2m:38s left)
Log-likelihood cutoff on original alignment: -58099.882
NOTE: Bootstrap correlation coefficient of split occurrence frequencies: 0.978
NOTE: UFBoot does not converge, continue at least 100 more iterations
Iteration 210 / LogL: -58002.914 / Time: 0h:6m:13s (0h:2m:40s left)
Iteration 220 / LogL: -57996.048 / Time: 0h:6m:18s (0h:2m:18s left)
Iteration 230 / LogL: -57990.899 / Time: 0h:6m:23s (0h:1m:57s left)
Iteration 240 / LogL: -57983.004 / Time: 0h:6m:28s (0h:1m:37s left)
Iteration 250 / LogL: -57983.398 / Time: 0h:6m:33s (0h:1m:18s left)
Log-likelihood cutoff on original alignment: -58099.882
Iteration 260 / LogL: -57982.326 / Time: 0h:6m:39s (0h:1m:1s left)
Iteration 270 / LogL: -57982.242 / Time: 0h:6m:44s (0h:0m:45s left)
Iteration 280 / LogL: -57995.964 / Time: 0h:6m:49s (0h:0m:29s left)
Iteration 290 / LogL: -57992.040 / Time: 0h:6m:54s (0h:0m:14s left)
Iteration 300 / LogL: -57986.752 / Time: 0h:7m:0s (0h:0m:0s left)
Log-likelihood cutoff on original alignment: -58099.882
NOTE: Bootstrap correlation coefficient of split occurrence frequencies: 0.962
NOTE: UFBoot does not converge, continue at least 100 more iterations
Iteration 310 / LogL: -57996.206 / Time: 0h:7m:5s (0h:2m:3s left)
Iteration 320 / LogL: -57985.144 / Time: 0h:7m:10s (0h:1m:47s left)
Iteration 330 / LogL: -57985.443 / Time: 0h:7m:16s (0h:1m:32s left)
Iteration 340 / LogL: -57988.756 / Time: 0h:7m:21s (0h:1m:18s left)
Iteration 350 / LogL: -57986.010 / Time: 0h:7m:26s (0h:1m:3s left)
Log-likelihood cutoff on original alignment: -58099.882
Iteration 360 / LogL: -57983.653 / Time: 0h:7m:32s (0h:0m:50s left)
Estimate model parameters (epsilon = 0.100)
BETTER TREE FOUND at iteration 368: -57981.270
Iteration 370 / LogL: -57982.748 / Time: 0h:7m:42s (0h:2m:2s left)
Iteration 380 / LogL: -57983.333 / Time: 0h:7m:48s (0h:1m:48s left)
Iteration 390 / LogL: -57990.788 / Time: 0h:7m:53s (0h:1m:34s left)
Iteration 400 / LogL: -57983.901 / Time: 0h:7m:58s (0h:1m:21s left)
Log-likelihood cutoff on original alignment: -58099.882
NOTE: Bootstrap correlation coefficient of split occurrence frequencies: 0.989
NOTE: UFBoot does not converge, continue at least 100 more iterations
Iteration 410 / LogL: -57982.753 / Time: 0h:8m:4s (0h:1m:46s left)
Iteration 420 / LogL: -57989.802 / Time: 0h:8m:9s (0h:1m:33s left)
Iteration 430 / LogL: -57982.117 / Time: 0h:8m:15s (0h:1m:20s left)
Iteration 440 / LogL: -57982.624 / Time: 0h:8m:20s (0h:1m:8s left)
Iteration 450 / LogL: -57983.648 / Time: 0h:8m:25s (0h:0m:56s left)
Log-likelihood cutoff on original alignment: -58099.882
Iteration 460 / LogL: -57992.315 / Time: 0h:8m:31s (0h:0m:44s left)
Iteration 470 / LogL: -57987.996 / Time: 0h:8m:37s (0h:0m:33s left)
Iteration 480 / LogL: -57983.024 / Time: 0h:8m:42s (0h:0m:21s left)
Iteration 490 / LogL: -57992.012 / Time: 0h:8m:47s (0h:0m:10s left)
Iteration 500 / LogL: -58044.397 / Time: 0h:8m:53s (0h:0m:0s left)
Log-likelihood cutoff on original alignment: -58099.882
NOTE: Bootstrap correlation coefficient of split occurrence frequencies: 0.995
TREE SEARCH COMPLETED AFTER 500 ITERATIONS / Time: 0h:8m:53s

--------------------------------------------------------------------
|                    FINALIZING TREE SEARCH                        |
--------------------------------------------------------------------
Performs final model parameters optimization
Estimate model parameters (epsilon = 0.010)
1. Initial log-likelihood: -57981.270
2. Current log-likelihood: -57981.171
3. Current log-likelihood: -57981.148
4. Current log-likelihood: -57981.119
Optimal log-likelihood: -57981.116
Parameters optimization took 4 rounds (4.860 sec)
BEST SCORE FOUND : -57981.116
Creating bootstrap support values...
Split supports printed to NEXUS file /csm_data/spielman_lab/dms_modelselection/pandit_aa_alignments/PF07992.fasta.splits.nex
Total tree length: 104.675

Total number of iterations: 500
CPU time used for tree search: 2271.239 sec (0h:37m:51s)
Wall-clock time used for tree search: 389.383 sec (0h:6m:29s)
Total CPU time used: 3098.046 sec (0h:51m:38s)
Total wall-clock time used: 539.128 sec (0h:8m:59s)

Computing bootstrap consensus tree...
Reading input file /csm_data/spielman_lab/dms_modelselection/pandit_aa_alignments/PF07992.fasta.splits.nex...
148 taxa and 1535 splits.
Consensus tree written to /csm_data/spielman_lab/dms_modelselection/pandit_aa_alignments/PF07992.fasta.contree
Reading input trees file /csm_data/spielman_lab/dms_modelselection/pandit_aa_alignments/PF07992.fasta.contree
Log-likelihood of consensus tree: -57981.737

Analysis results written to: 
  IQ-TREE report:                /csm_data/spielman_lab/dms_modelselection/pandit_aa_alignments/PF07992.fasta.iqtree
  Maximum-likelihood tree:       /csm_data/spielman_lab/dms_modelselection/pandit_aa_alignments/PF07992.fasta.treefile
  Likelihood distances:          /csm_data/spielman_lab/dms_modelselection/pandit_aa_alignments/PF07992.fasta.mldist

Ultrafast bootstrap approximation results written to:
  Split support values:          /csm_data/spielman_lab/dms_modelselection/pandit_aa_alignments/PF07992.fasta.splits.nex
  Consensus tree:                /csm_data/spielman_lab/dms_modelselection/pandit_aa_alignments/PF07992.fasta.contree
  Screen log file:               /csm_data/spielman_lab/dms_modelselection/pandit_aa_alignments/PF07992.fasta.log

Date and Time: Fri Jun 14 23:08:17 2019
