IQ-TREE multicore version 1.6.7 for Linux 64-bit built Aug 23 2018
Developed by Bui Quang Minh, Nguyen Lam Tung, Olga Chernomor,
Heiko Schmidt, Dominik Schrempf, Michael Woodhams.

Host:    csm-com-006 (AVX2, FMA3, 62 GB RAM)
Command: iqtree -nt 8 -m mtMAM+I -s /csm_data/spielman_lab/dms_modelselection/pandit_aa_alignments/PF00581.fasta -st AA -te /csm_data/spielman_lab/dms_modelselection/fitted_trees_pandit/PF00581_q1_inferredtree.treefile
Seed:    692881 (Using SPRNG - Scalable Parallel Random Number Generator)
Time:    Thu Apr 25 08:33:55 2019
Kernel:  AVX+FMA - 8 threads (48 CPU cores detected)

Reading alignment file /csm_data/spielman_lab/dms_modelselection/pandit_aa_alignments/PF00581.fasta ... Fasta format detected
Alignment most likely contains protein sequences
Alignment has 48 sequences with 159 columns, 158 distinct patterns
130 parsimony-informative, 21 singleton sites, 8 constant sites
                  Gap/Ambiguity  Composition  p-value
   1  YRKFBACSU91183     41.51%    passed     60.35%
   2  YQHLBACSU32121     43.40%    passed     51.35%
   3  YCXHPORPU281371    42.77%    passed     21.55%
   4  YABASCHPO303393    42.77%    passed     64.62%
   5  PSPEECOLI9100      42.14%    passed     70.38%
   6  YHR1YEAST330432    35.22%    passed     61.45%
   7  DIN1RAPSA74177     34.59%    passed     82.24%
   8  YAY7SCHPO63167     33.96%    passed     40.91%
   9  HS6BDROME3108      33.33%    passed     79.13%
  10  THTRSACER147268    23.27%    passed     98.44%
  11  THT2MYCLE161280    24.53%    passed     32.11%
  12  THTRSYNP7187309    22.64%    passed     78.34%
  13  THTMECOLI157271    27.67%    passed     34.88%
  14  THTMHUMAN164281    25.79%    passed     85.28%
  15  THTRBOVIN163281    25.16%    passed     99.73%
  16  THTRAZOVI150264    27.67%    passed     20.36%
  17  YIBNHAEIN45139     40.25%    passed     15.16%
  18  YIBNECOLI41135     40.25%    passed     67.11%
  19  GLPEHAEIN797       42.77%    passed     33.66%
  20  GLPEECOLI999       42.77%    failed      1.92%
  21  YCEAECOLI137234    38.36%    failed      3.80%
  22  Y125RICPR115212    38.36%    passed     66.07%
  23  YPSLSYNEN8105      38.36%    passed     65.08%
  24  DUS1HUMAN9131      22.64%    failed      0.00%
  25  DUS2HUMAN14138     21.38%    failed      0.00%
  26  THTRSYNP747160     28.30%    passed     17.31%
  27  THTRSACER9119      30.19%    passed      7.22%
  28  THT2MYCLE22132     30.19%    failed      3.98%
  29  THTMECOLI7128      23.27%    passed     39.62%
  30  THTRBOVIN15136     23.27%    passed     23.75%
  31  THTMHUMAN15137     22.64%    failed      1.03%
  32  THTRAZOVI12123     29.56%    failed      2.44%
  33  MPI3CAEEL127236    30.82%    failed      4.38%
  34  TWINEDROME255365   30.19%    passed      8.46%
  35  MPIPDROME309426    25.79%    passed     38.02%
  36  MPIP3HUMAN314422   31.45%    passed      7.18%
  37  MPIP0XENLA394502   31.45%    passed     23.93%
  38  MPIP2MOUSE420528   31.45%    passed     30.27%
  39  MPIP1HUMAN369476   32.08%    passed      6.09%
  40  MPIPSCHPO422527    33.33%    passed     19.48%
  41  MPIPEMENI364468    33.96%    passed      9.19%
  42  PTP3YEAST99226     19.50%    failed      2.73%
  43  PYP2SCHPO13124     29.56%    passed     59.42%
  44  UBP5YEAST148277    18.24%    failed      3.01%
  45  UBP4YEAST199322    22.01%    failed      0.11%
  46  UBP8HUMAN184307    22.01%    passed     32.37%
  47  UBP7YEAST319444    20.75%    failed      1.31%
  48  PYP1SCHPO41159     25.16%    passed     59.59%
****  TOTAL              30.77%  12 sequences failed composition chi2 test (p-value<5%; df=19)
Reading input tree file /csm_data/spielman_lab/dms_modelselection/fitted_trees_pandit/PF00581_q1_inferredtree.treefile ...

NOTE: 1 MB RAM (0 GB) is required!
WARNING: Number of threads seems too high for short alignments. Use -nt AUTO to determine best number of threads.
Estimate model parameters (epsilon = 0.010)
1. Initial log-likelihood: -13378.330
2. Current log-likelihood: -12833.552
3. Current log-likelihood: -12830.655
Optimal log-likelihood: -12830.652
Proportion of invariable sites: 0.000
Parameters optimization took 3 rounds (0.059 sec)
BEST SCORE FOUND : -12830.652
Total tree length: 121.190

Total number of iterations: 0
CPU time used for tree search: 0.000 sec (0h:0m:0s)
Wall-clock time used for tree search: 0.000 sec (0h:0m:0s)
Total CPU time used: 0.488 sec (0h:0m:0s)
Total wall-clock time used: 0.070 sec (0h:0m:0s)

Analysis results written to: 
  IQ-TREE report:                /csm_data/spielman_lab/dms_modelselection/pandit_aa_alignments/PF00581.fasta.iqtree
  Maximum-likelihood tree:       /csm_data/spielman_lab/dms_modelselection/pandit_aa_alignments/PF00581.fasta.treefile
  Screen log file:               /csm_data/spielman_lab/dms_modelselection/pandit_aa_alignments/PF00581.fasta.log

Date and Time: Thu Apr 25 08:33:55 2019
