IQ-TREE multicore version 1.6.7 for Linux 64-bit built Aug 23 2018
Developed by Bui Quang Minh, Nguyen Lam Tung, Olga Chernomor,
Heiko Schmidt, Dominik Schrempf, Michael Woodhams.

Host:    csm-com-005 (AVX2, FMA3, 62 GB RAM)
Command: iqtree -nt 8 -m mtZOA+F -s /csm_data/spielman_lab/dms_modelselection/pandit_aa_alignments/PF00208.fasta -st AA
Seed:    881444 (Using SPRNG - Scalable Parallel Random Number Generator)
Time:    Wed May 22 20:13:32 2019
Kernel:  AVX+FMA - 8 threads (48 CPU cores detected)

Reading alignment file /csm_data/spielman_lab/dms_modelselection/pandit_aa_alignments/PF00208.fasta ... Fasta format detected
Alignment most likely contains protein sequences
Alignment has 126 sequences with 330 columns, 327 distinct patterns
291 parsimony-informative, 19 singleton sites, 20 constant sites
                    Gap/Ambiguity  Composition  p-value
   1  Q7V7V9PROMM204449    25.45%    passed     81.92%
   2  Q7VSN6BORPE201445    25.76%    passed     70.30%
   3  DHE4HAEIN202447      25.45%    passed     99.13%
   4  Q6DB50ERWCT202445    26.06%    passed     82.97%
   5  Q9RTN9DEIRA178422    25.76%    passed     13.19%
   6  Q82U80NITEU201445    25.76%    passed     57.12%
   7  Q9JT56NEIMA199443    25.76%    passed     78.99%
   8  Q88Q23PSEPK203447    25.76%    passed     84.14%
   9  Q6FD67ACIAD201445    25.76%    passed     97.62%
  10  DHE3BACTN198442      25.76%    passed     48.74%
  11  DHE4PRERU198442      25.76%    passed     88.91%
  12  Q6AJB1DESPS196447    23.64%    passed     84.48%
  13  Q6SI439BACT212463    23.64%    passed     98.79%
  14  Q7XXT6PORYE229485    22.12%    passed     90.55%
  15  Q88XM9LACPL203446    26.06%    passed     55.17%
  16  Q8GE72RUMFL203453    23.94%    passed     59.21%
  17  Q8G6L0BIFLO202446    25.76%    passed     51.10%
  18  Q8DPG0STRR6203446    26.06%    passed     82.06%
  19  O87403BACLI215458    26.06%    passed     96.43%
  20  Q9KB34BACHD213456    26.06%    passed     82.43%
  21  Q722Z0LISMF214456    26.36%    passed     99.48%
  22  Q97L29CLOAB199442    26.06%    passed     10.23%
  23  Q8XK85CLOPE203446    26.06%    passed     95.74%
  24  Q8DUL2STRMU203447    25.76%    passed     54.86%
  25  Q8DYY7STRA5203447    25.76%    passed     84.97%
  26  Q6A7K5PROAC201443    26.36%    passed     57.31%
  27  Q930S3RHIME203446    26.06%    passed     85.05%
  28  Q6AF05LEIXX201448    24.85%    passed     12.31%
  29  Q9L0F9STRCO216459    26.06%    passed     46.96%
  30  Q74DL1GEOSL206448    26.36%    passed     88.26%
  31  DHE4CORGL203445      26.36%    passed     98.55%
  32  Q7M823WOLSU199448    24.24%    passed     43.22%
  33  Q7VGS9HELHP199448    24.24%    passed     95.27%
  34  DHE4HELPY198447      24.24%    passed     60.55%
  35  DHE4CHLSO276521      25.45%    passed     96.99%
  36  O96940PLAFA222468    25.15%    failed      3.15%
  37  Q7RQ39PLAYO9561201   25.45%    failed      1.41%
  38  Q7YZU9SPIBA196444    24.55%    passed     66.95%
  39  Q7YZU7TRIVA187435    24.55%    passed     14.03%
  40  DHE2BACFR198443      25.45%    passed     44.20%
  41  Q9TVN39CILI192437    25.45%    passed     29.68%
  42  DHE2PORGI198443      25.45%    passed      7.66%
  43  DHE2CLOSY200446      25.15%    passed     66.76%
  44  DHE4PSYT1197444      24.85%    passed     62.66%
  45  DHE4EMENI188456      18.48%    passed     80.39%
  46  DHE4PENCH189458      18.18%    passed     70.34%
  47  Q6C1A9YARLI187455    18.48%    passed     68.20%
  48  DHE4BOTCI188447      21.21%    passed     74.50%
  49  DHE4NEUCR187447      20.91%    passed     69.85%
  50  DHE4GIBFU188448      20.91%    passed     76.82%
  51  DHE4TUBBO187454      18.79%    passed     93.20%
  52  DHE4YEAST184451      18.79%    passed     42.62%
  53  Q6FWH3CANGA188457    18.18%    passed     23.68%
  54  Q6BTN2DEBHA187452    19.39%    passed     50.65%
  55  Q6CLT3KLULA188458    17.88%    passed     49.73%
  56  DHE4SCHPO187448      20.61%    passed     34.76%
  57  Q7XXT5PHYIN149393    25.76%    passed     92.80%
  58  Q6H3Y7ORYSA176408    29.39%    passed     99.96%
  59  DHEANICPL176408      29.39%    passed     82.92%
  60  DHE3LYCES176409      29.09%    passed     47.96%
  61  DHE3MAIZE176408      29.39%    passed     96.62%
  62  Q9K5Z3BACHD187418    29.70%    passed     44.94%
  63  DHE2BACSU191422      29.70%    passed     99.35%
  64  Q6HL64BACHK195426    29.70%    passed     99.17%
  65  Q7A1B9STAAW181412    29.70%    passed     83.12%
  66  Q9K9D0BACHD197428    29.70%    passed     96.98%
  67  Q8PRZ1METMA26259     29.09%    passed     91.16%
  68  Q8KAX7CHLTE183416    29.09%    passed     97.76%
  69  DHE3PYRHO182416      28.79%    passed     83.47%
  70  Q6KZF2PICTO180413    29.09%    passed     80.70%
  71  Q97AN9THEVO181414    29.09%    passed     59.02%
  72  Q9HKG4THEAC201434    29.09%    passed     40.63%
  73  Q74MJ2NANEQ174402    30.61%    passed      6.26%
  74  Q8RA84THETN182414    29.39%    passed     90.05%
  75  Q8RAK8THETN179411    29.39%    passed     69.30%
  76  Q9JTP6NEIMA186419    29.09%    passed     77.97%
  77  DHE3THEMA179412      29.09%    passed     97.75%
  78  Q73P03TREDE178411    29.09%    failed      0.40%
  79  Q6MPX2BDEBA188420    29.39%    passed     93.43%
  80  Q8G2T7BRUSU180414    28.79%    passed      9.27%
  81  DHE4SYNY3179420      26.67%    passed     56.19%
  82  Q6F931ACIAD187419    29.39%    passed     97.71%
  83  Q8Z691SALTI153385    29.39%    passed     20.26%
  84  Q7VXC5BORPE194426    29.39%    failed      4.89%
  85  Q8Y256RALSO199430    29.70%    failed      1.76%
  86  Q6J6679BURK192425    29.09%    passed     12.93%
  87  Q72IC1THET2189421    29.39%    failed      0.09%
  88  Q9RVP5DEIRA100332    29.39%    passed     46.32%
  89  Q9HQE1HALN1180413    29.09%    failed      0.05%
  90  Q9HRM7HALN1135369    28.79%    failed      0.06%
  91  DHE4HALN1194426      29.39%    failed      0.02%
  92  Q977U6HALME206438    29.39%    failed      0.04%
  93  DHE4HALSA201432      29.70%    failed      0.81%
  94  Q8YPE2ANASP201434    29.09%    passed      6.76%
  95  Q7NLJ0GLOVI221455    28.79%    failed      2.69%
  96  DHE4SULSH156389      29.09%    passed     31.14%
  97  Q97WS2SULSO184418    28.79%    passed     52.08%
  98  Q96YC6SULTO187420    29.09%    passed     19.17%
  99  DHE3AERPE185421      28.18%    passed     42.87%
 100  Q72IC0THET2188416    30.61%    failed      0.00%
 101  Q6ANZ7DESPS141368    30.91%    passed      5.21%
 102  Q8TL71METAC136363    30.91%    passed     40.91%
 103  Q8FTJ1COREF153385    29.39%    failed      0.14%
 104  Q9K985BACHD141351    36.06%    passed     56.94%
 105  DHLETHEIN141351      36.06%    passed     47.82%
 106  Q6HDZ9BACHK143353    36.06%    passed     60.96%
 107  Q8EQ51OCEIH141351    36.06%    passed     92.89%
 108  Q76GS2BACSH141351    36.06%    passed     78.08%
 109  Q6MLI1BDEBA147355    36.67%    passed     93.64%
 110  Q9AG829SPHI155366    35.76%    failed      3.82%
 111  DHPHTHEIN142354      35.45%    passed     10.42%
 112  Q9AJQ09BACI139355    34.24%    passed      8.71%
 113  DHPHSPOUR153365      35.45%    passed     94.70%
 114  DHPHBACBA151362      35.76%    passed     86.38%
 115  DHPHBACSH152367      34.55%    passed     24.92%
 116  Q9KG94BACHD150365    34.55%    passed      7.93%
 117  VDHSTRAL151363       35.45%    failed      0.51%
 118  Q6FT35CANGA708987    15.15%    passed      7.99%
 119  DHE2YEAST714986      17.27%    failed      1.00%
 120  Q750J1ASHGO654925    17.58%    failed      0.30%
 121  Q6CRJ9KLULA652924    17.27%    failed      2.17%
 122  Q6C6H1YARLI625888    20.00%    passed     58.39%
 123  Q6XNK7EMENI730995    19.39%    passed     29.13%
 124  DHE2NEUCR682945      20.00%    passed     31.94%
 125  Q6BUJ8DEBHA671945    16.67%    passed     15.17%
 126  Q9Y8G5AGABI667930    20.00%    passed     21.01%
****  TOTAL                26.86%  19 sequences failed composition chi2 test (p-value<5%; df=19)

Create initial parsimony tree by phylogenetic likelihood library (PLL)... 0.104 seconds

NOTE: 6 MB RAM (0 GB) is required!
Estimate model parameters (epsilon = 0.100)
1. Initial log-likelihood: -45673.589
Optimal log-likelihood: -44861.587
Parameters optimization took 1 rounds (0.087 sec)
Computing ML distances based on estimated model parameters... 3.220 sec
WARNING: Some pairwise ML distances are too long (saturated)
Computing BIONJ tree...
0.020 seconds
Log-likelihood of BIONJ tree: -44792.356
--------------------------------------------------------------------
|             INITIALIZING CANDIDATE TREE SET                      |
--------------------------------------------------------------------
Generating 98 parsimony trees... 5.410 second
Computing log-likelihood of 98 initial trees ... 4.093 seconds
Current best score: -44757.187

Do NNI search on 20 best initial trees
Estimate model parameters (epsilon = 0.100)
BETTER TREE FOUND at iteration 1: -44649.868
Estimate model parameters (epsilon = 0.100)
BETTER TREE FOUND at iteration 2: -44642.095
Estimate model parameters (epsilon = 0.100)
BETTER TREE FOUND at iteration 3: -44637.163
Estimate model parameters (epsilon = 0.100)
BETTER TREE FOUND at iteration 8: -44636.926
Iteration 10 / LogL: -44653.711 / Time: 0h:0m:13s
Estimate model parameters (epsilon = 0.100)
BETTER TREE FOUND at iteration 13: -44634.157
Iteration 20 / LogL: -44722.547 / Time: 0h:0m:16s
Finish initializing candidate tree set (20)
Current best tree score: -44634.157 / CPU time: 16.170
Number of iterations: 20
--------------------------------------------------------------------
|               OPTIMIZING CANDIDATE TREE SET                      |
--------------------------------------------------------------------
Estimate model parameters (epsilon = 0.100)
BETTER TREE FOUND at iteration 22: -44614.924
Iteration 30 / LogL: -44628.428 / Time: 0h:0m:20s (0h:1m:6s left)
Iteration 40 / LogL: -44618.355 / Time: 0h:0m:25s (0h:0m:52s left)
Estimate model parameters (epsilon = 0.100)
BETTER TREE FOUND at iteration 46: -44609.799
Estimate model parameters (epsilon = 0.100)
BETTER TREE FOUND at iteration 49: -44597.080
Iteration 50 / LogL: -44611.954 / Time: 0h:0m:29s (0h:0m:58s left)
Estimate model parameters (epsilon = 0.100)
BETTER TREE FOUND at iteration 54: -44595.388
Iteration 60 / LogL: -44602.328 / Time: 0h:0m:33s (0h:0m:53s left)
Estimate model parameters (epsilon = 0.100)
BETTER TREE FOUND at iteration 64: -44586.924
Estimate model parameters (epsilon = 0.100)
BETTER TREE FOUND at iteration 67: -44586.800
Iteration 70 / LogL: -44608.426 / Time: 0h:0m:37s (0h:0m:52s left)
Iteration 80 / LogL: -44626.140 / Time: 0h:0m:41s (0h:0m:45s left)
Estimate model parameters (epsilon = 0.100)
BETTER TREE FOUND at iteration 90: -44585.369
Iteration 90 / LogL: -44585.369 / Time: 0h:0m:45s (0h:0m:51s left)
Iteration 100 / LogL: -44605.718 / Time: 0h:0m:49s (0h:0m:45s left)
Iteration 110 / LogL: -44590.697 / Time: 0h:0m:53s (0h:0m:39s left)
Estimate model parameters (epsilon = 0.100)
BETTER TREE FOUND at iteration 119: -44584.624
Iteration 120 / LogL: -44594.269 / Time: 0h:0m:57s (0h:0m:47s left)
Estimate model parameters (epsilon = 0.100)
BETTER TREE FOUND at iteration 124: -44584.479
Iteration 130 / LogL: -44592.262 / Time: 0h:1m:0s (0h:0m:44s left)
Iteration 140 / LogL: -44589.331 / Time: 0h:1m:4s (0h:0m:38s left)
Estimate model parameters (epsilon = 0.100)
BETTER TREE FOUND at iteration 142: -44584.358
Iteration 150 / LogL: -44584.642 / Time: 0h:1m:8s (0h:0m:42s left)
Iteration 160 / LogL: -44588.866 / Time: 0h:1m:12s (0h:0m:37s left)
Iteration 170 / LogL: -44594.294 / Time: 0h:1m:16s (0h:0m:32s left)
Iteration 180 / LogL: -44588.341 / Time: 0h:1m:19s (0h:0m:27s left)
Iteration 190 / LogL: -44588.950 / Time: 0h:1m:23s (0h:0m:22s left)
Iteration 200 / LogL: -44584.517 / Time: 0h:1m:27s (0h:0m:18s left)
Iteration 210 / LogL: -44589.144 / Time: 0h:1m:30s (0h:0m:13s left)
Iteration 220 / LogL: -44604.915 / Time: 0h:1m:34s (0h:0m:9s left)
Iteration 230 / LogL: -44584.539 / Time: 0h:1m:38s (0h:0m:5s left)
BETTER TREE FOUND at iteration 237: -44584.353
Iteration 240 / LogL: -44595.242 / Time: 0h:1m:42s (0h:0m:41s left)
Iteration 250 / LogL: -44587.774 / Time: 0h:1m:46s (0h:0m:37s left)
Iteration 260 / LogL: -44591.159 / Time: 0h:1m:50s (0h:0m:32s left)
Iteration 270 / LogL: -44596.902 / Time: 0h:1m:53s (0h:0m:28s left)
Iteration 280 / LogL: -44717.889 / Time: 0h:1m:57s (0h:0m:24s left)
Iteration 290 / LogL: -44586.310 / Time: 0h:2m:1s (0h:0m:19s left)
Iteration 300 / LogL: -44686.439 / Time: 0h:2m:5s (0h:0m:15s left)
Iteration 310 / LogL: -44609.587 / Time: 0h:2m:9s (0h:0m:11s left)
Iteration 320 / LogL: -44599.839 / Time: 0h:2m:13s (0h:0m:7s left)
Iteration 330 / LogL: -44587.983 / Time: 0h:2m:16s (0h:0m:2s left)
TREE SEARCH COMPLETED AFTER 338 ITERATIONS / Time: 0h:2m:19s

--------------------------------------------------------------------
|                    FINALIZING TREE SEARCH                        |
--------------------------------------------------------------------
Performs final model parameters optimization
Estimate model parameters (epsilon = 0.010)
1. Initial log-likelihood: -44584.353
Optimal log-likelihood: -44584.290
Parameters optimization took 1 rounds (0.039 sec)
BEST SCORE FOUND : -44584.290
Total tree length: 56.158

Total number of iterations: 338
CPU time used for tree search: 1072.996 sec (0h:17m:52s)
Wall-clock time used for tree search: 139.174 sec (0h:2m:19s)
Total CPU time used: 1078.579 sec (0h:17m:58s)
Total wall-clock time used: 140.005 sec (0h:2m:20s)

Analysis results written to: 
  IQ-TREE report:                /csm_data/spielman_lab/dms_modelselection/pandit_aa_alignments/PF00208.fasta.iqtree
  Maximum-likelihood tree:       /csm_data/spielman_lab/dms_modelselection/pandit_aa_alignments/PF00208.fasta.treefile
  Likelihood distances:          /csm_data/spielman_lab/dms_modelselection/pandit_aa_alignments/PF00208.fasta.mldist
  Screen log file:               /csm_data/spielman_lab/dms_modelselection/pandit_aa_alignments/PF00208.fasta.log

Date and Time: Wed May 22 20:15:52 2019
