IQ-TREE multicore version 1.6.7 for Linux 64-bit built Aug 23 2018
Developed by Bui Quang Minh, Nguyen Lam Tung, Olga Chernomor,
Heiko Schmidt, Dominik Schrempf, Michael Woodhams.

Host:    csm-com-010 (AVX2, FMA3, 62 GB RAM)
Command: iqtree -nt 8 -m cpREV+F -s /csm_data/spielman_lab/dms_modelselection/pandit_aa_alignments/PF00673.fasta -st AA
Seed:    798705 (Using SPRNG - Scalable Parallel Random Number Generator)
Time:    Wed May 22 20:41:31 2019
Kernel:  AVX+FMA - 8 threads (48 CPU cores detected)

Reading alignment file /csm_data/spielman_lab/dms_modelselection/pandit_aa_alignments/PF00673.fasta ... Fasta format detected
Alignment most likely contains protein sequences
Alignment has 21 sequences with 113 columns, 111 distinct patterns
87 parsimony-informative, 11 singleton sites, 15 constant sites
                 Gap/Ambiguity  Composition  p-value
   1  RL5SULAC67167     10.62%    passed     96.40%
   2  RL5METVA67170      7.96%    passed     67.51%
   3  RL5METJA67170      7.96%    passed     91.63%
   4  RL5HALMA68166     12.39%    passed     55.14%
   5  RL11YEAST63162    11.50%    passed     99.60%
   6  RL11SCHPO64163    11.50%    passed     99.05%
   7  RL11LEICH66165    11.50%    passed     19.41%
   8  RL11DROME72171    11.50%    passed     98.44%
   9  RL11RAT66165      11.50%    passed     95.41%
  10  RL11CHLRE56155    11.50%    passed     86.53%
  11  RL111ARATH66165   11.50%    passed     85.64%
  12  RL11TETTH64163    11.50%    passed     97.45%
  13  RL5MYCGE84178     15.93%    passed     94.97%
  14  RL5MYCCA85179     15.93%    passed     99.57%
  15  RK5CYAPA85179     15.93%    passed     84.95%
  16  RL5THEMA88182     15.93%    passed     91.58%
  17  RL5THETH86180     15.93%    passed     21.48%
  18  RL5MICLU94188     15.93%    passed     69.59%
  19  RL5BUCAK84178     15.93%    passed     95.68%
  20  RK5EUGGR84178     15.93%    passed     17.99%
  21  RK5ODOSI102206     7.08%    passed     17.79%
****  TOTAL             12.64%  0 sequences failed composition chi2 test (p-value<5%; df=19)

Create initial parsimony tree by phylogenetic likelihood library (PLL)... 0.003 seconds

NOTE: 0 MB RAM (0 GB) is required!
WARNING: Number of threads seems too high for short alignments. Use -nt AUTO to determine best number of threads.
Estimate model parameters (epsilon = 0.100)
1. Initial log-likelihood: -2989.628
Optimal log-likelihood: -2961.293
Parameters optimization took 1 rounds (0.012 sec)
Computing ML distances based on estimated model parameters... 0.087 sec
Computing BIONJ tree...
0.001 seconds
Log-likelihood of BIONJ tree: -2952.501
--------------------------------------------------------------------
|             INITIALIZING CANDIDATE TREE SET                      |
--------------------------------------------------------------------
Generating 98 parsimony trees... 0.244 second
Computing log-likelihood of 98 initial trees ... 0.309 seconds
Current best score: -2946.114

Do NNI search on 20 best initial trees
Estimate model parameters (epsilon = 0.100)
BETTER TREE FOUND at iteration 1: -2941.941
Estimate model parameters (epsilon = 0.100)
BETTER TREE FOUND at iteration 2: -2941.650
Estimate model parameters (epsilon = 0.100)
BETTER TREE FOUND at iteration 4: -2940.611
Estimate model parameters (epsilon = 0.100)
BETTER TREE FOUND at iteration 9: -2940.178
UPDATE BEST LOG-LIKELIHOOD: -2940.178
Iteration 10 / LogL: -2940.178 / Time: 0h:0m:0s
Iteration 20 / LogL: -2948.880 / Time: 0h:0m:1s
Finish initializing candidate tree set (14)
Current best tree score: -2940.178 / CPU time: 1.109
Number of iterations: 20
--------------------------------------------------------------------
|               OPTIMIZING CANDIDATE TREE SET                      |
--------------------------------------------------------------------
UPDATE BEST LOG-LIKELIHOOD: -2940.178
Iteration 30 / LogL: -2940.611 / Time: 0h:0m:1s (0h:0m:4s left)
Iteration 40 / LogL: -2942.356 / Time: 0h:0m:2s (0h:0m:3s left)
Iteration 50 / LogL: -2940.178 / Time: 0h:0m:2s (0h:0m:2s left)
Iteration 60 / LogL: -2950.114 / Time: 0h:0m:2s (0h:0m:2s left)
Iteration 70 / LogL: -2940.178 / Time: 0h:0m:3s (0h:0m:1s left)
Iteration 80 / LogL: -2953.643 / Time: 0h:0m:3s (0h:0m:1s left)
Iteration 90 / LogL: -2940.611 / Time: 0h:0m:4s (0h:0m:0s left)
Iteration 100 / LogL: -2940.993 / Time: 0h:0m:4s (0h:0m:0s left)
Iteration 110 / LogL: -2940.178 / Time: 0h:0m:5s (0h:0m:-1s left)
TREE SEARCH COMPLETED AFTER 110 ITERATIONS / Time: 0h:0m:5s

--------------------------------------------------------------------
|                    FINALIZING TREE SEARCH                        |
--------------------------------------------------------------------
Performs final model parameters optimization
Estimate model parameters (epsilon = 0.010)
1. Initial log-likelihood: -2940.178
Optimal log-likelihood: -2940.178
Parameters optimization took 1 rounds (0.002 sec)
BEST SCORE FOUND : -2940.178
Total tree length: 7.623

Total number of iterations: 110
CPU time used for tree search: 38.932 sec (0h:0m:38s)
Wall-clock time used for tree search: 4.924 sec (0h:0m:4s)
Total CPU time used: 39.392 sec (0h:0m:39s)
Total wall-clock time used: 5.007 sec (0h:0m:5s)

Analysis results written to: 
  IQ-TREE report:                /csm_data/spielman_lab/dms_modelselection/pandit_aa_alignments/PF00673.fasta.iqtree
  Maximum-likelihood tree:       /csm_data/spielman_lab/dms_modelselection/pandit_aa_alignments/PF00673.fasta.treefile
  Likelihood distances:          /csm_data/spielman_lab/dms_modelselection/pandit_aa_alignments/PF00673.fasta.mldist
  Screen log file:               /csm_data/spielman_lab/dms_modelselection/pandit_aa_alignments/PF00673.fasta.log

Date and Time: Wed May 22 20:41:36 2019
