IQ-TREE multicore version 1.6.7 for Linux 64-bit built Aug 23 2018
Developed by Bui Quang Minh, Nguyen Lam Tung, Olga Chernomor,
Heiko Schmidt, Dominik Schrempf, Michael Woodhams.

Host:    csm-com-007 (AVX2, FMA3, 62 GB RAM)
Command: iqtree -nt 8 -m HIVw+F+G4 -s /csm_data/spielman_lab/dms_modelselection/pandit_aa_alignments/PF00487.fasta -st AA
Seed:    484988 (Using SPRNG - Scalable Parallel Random Number Generator)
Time:    Wed May 22 20:32:04 2019
Kernel:  AVX+FMA - 8 threads (48 CPU cores detected)

Reading alignment file /csm_data/spielman_lab/dms_modelselection/pandit_aa_alignments/PF00487.fasta ... Fasta format detected
Alignment most likely contains protein sequences
Alignment has 109 sequences with 330 columns, 324 distinct patterns
287 parsimony-informative, 23 singleton sites, 20 constant sites
                   Gap/Ambiguity  Composition  p-value
   1  Q9VJI1DROME168402   28.79%    passed     54.86%
   2  Q9VJI2DROME163399   28.18%    passed     94.33%
   3  Q9R6T6SYNP256271    34.55%    passed     78.22%
   4  Q9ZAP7SYNVU37255    33.64%    failed      2.76%
   5  Q55406SYNY377291    34.85%    passed     79.01%
   6  O07873SYNP236256    33.03%    passed     42.30%
   7  O33722SPIPL36250    34.85%    passed     84.88%
   8  Q44502ANASP36250    34.85%    passed     41.56%
   9  Q44117SYNP636256    33.03%    passed     44.28%
  10  O04700ROSHC49266    33.94%    passed     58.24%
  11  O65797ARATH60275    34.55%    passed     65.41%
  12  Q9ZEA7RICPR34262    30.61%    passed     12.70%
  13  O80331CYAME107327   33.03%    passed     37.06%
  14  ACO1YEAST138358     33.03%    passed     38.10%
  15  O94036CANAL116336   33.03%    passed     48.24%
  16  P79049PICAN78298    33.03%    passed     57.63%
  17  ACO1SCHPO87307      33.03%    passed     55.49%
  18  O13378MUCRO69289    33.03%    passed     15.11%
  19  O94214MORAP70290    33.03%    passed     67.02%
  20  P79077CRYCU102321   33.33%    passed     79.60%
  21  ACO1AJECA78298      33.03%    passed     94.84%
  22  O45892CAEEL65289    31.82%    passed     96.25%
  23  O01708CAEEL74298    31.82%    passed     65.83%
  24  Q9VA92DROME127352   31.52%    passed     88.00%
  25  Q9VA94DROME135360   31.52%    passed     98.53%
  26  ACO11TRINI63287     31.82%    passed     48.22%
  27  O44428TRINI67291    31.82%    passed     89.27%
  28  Q9U972DROME97322    31.52%    passed     69.04%
  29  Q274379ACAR49273    31.82%    passed     83.35%
  30  Q9YGM2CHICK95319    31.82%    passed     99.74%
  31  Q9PU84CHIHA83305    32.42%    passed     94.00%
  32  ACODCYPCA65288      32.12%    passed     94.36%
  33  ACOD1RAT95320       31.52%    passed     88.07%
  34  Q9VFX5DROME89314    31.52%    passed     15.95%
  35  Q9VTD4DROME68293    31.52%    passed     98.83%
  36  O15810TETPY45270    31.52%    passed     89.31%
  37  LLCDSYNY372328      22.12%    passed     72.91%
  38  Q54795SPIPL73327    22.73%    passed     35.50%
  39  O96099DICDI159425   19.09%    passed      7.90%
  40  Q9Y1W0DICDI160421   20.61%    passed     72.71%
  41  FAD5MORAP155412     21.82%    passed     27.44%
  42  Q9X8W4STRCO65308    26.06%    failed      0.00%
  43  Q23221CAEEL153408   22.42%    passed     10.06%
  44  Q9XTB7CAEEL156409   23.03%    passed     17.75%
  45  Q9SWQ9EUGGR128380   23.33%    passed     32.77%
  46  Q9ZNW2PHYPA239487   24.55%    passed     58.61%
  47  Q9UVV3MORAP157420   20.00%    passed     25.04%
  48  Q9ZTY9RICCO142396   22.73%    failed      1.61%
  49  Q9ZTU8WHEAT164418   22.73%    passed     32.81%
  50  O04353BOROF144398   22.73%    failed      4.16%
  51  Q43469HELAN154408   22.73%    passed     48.71%
  52  Q9ZRP8BRANA145399   22.73%    passed     41.74%
  53  Q9Y5Q0HUMAN167408   26.67%    passed     27.25%
  54  O60427HUMAN164407   26.06%    failed      3.90%
  55  Q9ZGQ3BURCE51288    27.88%    passed     17.23%
  56  O33456PSEPU95307    35.45%    failed      0.37%
  57  O85776RHILV73307    28.79%    passed     52.45%
  58  Q52468PSESX321546   31.52%    failed      0.34%
  59  O34653BACSU60299    27.27%    passed     80.62%
  60  DESASPIPL73311      27.58%    passed     46.68%
  61  Q55231SYNSP70308    27.58%    passed     99.87%
  62  DESASYNY374312      27.58%    passed     50.70%
  63  Q44503ANASP70309    27.27%    passed     46.45%
  64  FAD6CSPIOL155392    27.88%    passed     28.10%
  65  FAD6CARATH155392    27.88%    passed     30.23%
  66  O48663CHLRE130369   27.27%    passed     15.89%
  67  Q9SBU4CHLSW128367   27.27%    passed      8.06%
  68  Q9UVR3MUCRO96360    19.70%    passed     64.21%
  69  Q9SCG2CALOF84335    23.64%    passed     82.07%
  70  O657719ASTR83334    23.64%    passed     95.76%
  71  O24472PETCR90341    23.64%    passed     37.31%
  72  Q9SP61MOMCH98350    23.33%    passed     91.09%
  73  Q9SP62IMPBA89340    23.64%    passed     99.53%
  74  Q43500LYCES89293    37.88%    passed     40.68%
  75  Q41131RICCO93344    23.64%    passed     99.35%
  76  O24499HELAN84335    23.64%    passed     19.61%
  77  FD6E1SOYBN93344     23.64%    passed     63.11%
  78  O657729ASTR85336    23.64%    passed     98.97%
  79  Q9ZPI29BRAS89341    23.33%    passed     98.01%
  80  O07872SYNP271312    26.67%    passed     69.54%
  81  Q552409SYNC73313    26.97%    passed     99.58%
  82  Q9SNW3VERFO154398   25.76%    passed     59.01%
  83  P94013ORYSA83323    26.97%    passed     87.02%
  84  FAD3ETOBAC81325     25.76%    passed     84.69%
  85  Q9ZPP7PERFR95339    25.76%    passed     83.06%
  86  Q9ZTP7VERFO88332    25.76%    passed     94.56%
  87  O64907PELHO107352   25.45%    passed     64.25%
  88  FAD3EARATH85329     25.76%    passed     85.07%
  89  FAD3EPHAAU81325     25.76%    passed     63.14%
  90  FAD3ESOYBN84328     25.76%    passed     42.25%
  91  O23824MAIZE145389   25.76%    passed     79.61%
  92  FAD3CARATH147391    25.76%    passed     88.71%
  93  Q9XUB8CAEEL77321    25.76%    passed     55.33%
  94  Q21056CAEEL107349   26.36%    passed     54.32%
  95  DSD1SCHPO94315      32.73%    passed     15.19%
  96  Q9ZPH4ARATH87296    36.36%    passed     44.02%
  97  O15121HUMAN73284    35.76%    passed     36.96%
  98  Q94515DROME73284    35.76%    passed     32.06%
  99  Q9XWK1CAEEL73284    35.76%    passed     33.87%
 100  O44186CAEEL74285    35.76%    passed     38.59%
 101  O85832SPHAR52272    33.03%    passed     82.81%
 102  P71846MYCTU71291    33.03%    passed     23.89%
 103  P73428SYNY361270    36.36%    passed     69.34%
 104  O19891CYACA50256    37.27%    passed     34.65%
 105  CRTWALCSP49239      42.12%    passed     15.32%
 106  Q9RLH79RHOB49238    42.42%    passed     28.92%
 107  O23973HAEPL123326   38.18%    passed     22.30%
 108  P73843SYNY363311    24.55%    passed     61.36%
 109  O31250ACIAD134349   34.55%    passed      6.29%
****  TOTAL               29.07%  7 sequences failed composition chi2 test (p-value<5%; df=19)

Create initial parsimony tree by phylogenetic likelihood library (PLL)... 0.030 seconds

NOTE: 23 MB RAM (0 GB) is required!
Estimate model parameters (epsilon = 0.100)
1. Initial log-likelihood: -45160.556
2. Current log-likelihood: -44466.715
3. Current log-likelihood: -44462.891
4. Current log-likelihood: -44462.368
Optimal log-likelihood: -44462.205
Gamma shape alpha: 1.005
Parameters optimization took 4 rounds (0.523 sec)
Computing ML distances based on estimated model parameters... 20.818 sec
WARNING: Some pairwise ML distances are too long (saturated)
Computing BIONJ tree...
0.010 seconds
Log-likelihood of BIONJ tree: -44516.537
--------------------------------------------------------------------
|             INITIALIZING CANDIDATE TREE SET                      |
--------------------------------------------------------------------
Generating 98 parsimony trees... 4.056 second
Computing log-likelihood of 98 initial trees ... 6.553 seconds
Current best score: -44409.915

Do NNI search on 20 best initial trees
Estimate model parameters (epsilon = 0.100)
BETTER TREE FOUND at iteration 1: -44323.063
Estimate model parameters (epsilon = 0.100)
BETTER TREE FOUND at iteration 4: -44321.262
Estimate model parameters (epsilon = 0.100)
BETTER TREE FOUND at iteration 7: -44304.054
Iteration 10 / LogL: -44329.019 / Time: 0h:0m:22s
Iteration 20 / LogL: -44333.797 / Time: 0h:0m:29s
Finish initializing candidate tree set (20)
Current best tree score: -44304.054 / CPU time: 26.025
Number of iterations: 20
--------------------------------------------------------------------
|               OPTIMIZING CANDIDATE TREE SET                      |
--------------------------------------------------------------------
Estimate model parameters (epsilon = 0.100)
BETTER TREE FOUND at iteration 26: -44302.034
Iteration 30 / LogL: -44337.809 / Time: 0h:0m:39s (0h:2m:11s left)
Estimate model parameters (epsilon = 0.100)
BETTER TREE FOUND at iteration 37: -44300.687
Iteration 40 / LogL: -44312.601 / Time: 0h:0m:48s (0h:2m:0s left)
Estimate model parameters (epsilon = 0.100)
BETTER TREE FOUND at iteration 47: -44296.749
Iteration 50 / LogL: -44310.151 / Time: 0h:0m:57s (0h:1m:53s left)
Iteration 60 / LogL: -44298.854 / Time: 0h:1m:5s (0h:1m:36s left)
Estimate model parameters (epsilon = 0.100)
BETTER TREE FOUND at iteration 69: -44296.319
Iteration 70 / LogL: -44307.426 / Time: 0h:1m:13s (0h:1m:45s left)
Iteration 80 / LogL: -44298.266 / Time: 0h:1m:22s (0h:1m:32s left)
Iteration 90 / LogL: -44299.570 / Time: 0h:1m:30s (0h:1m:19s left)
Iteration 100 / LogL: -44301.638 / Time: 0h:1m:37s (0h:1m:8s left)
Iteration 110 / LogL: -44300.611 / Time: 0h:1m:45s (0h:0m:57s left)
Estimate model parameters (epsilon = 0.100)
BETTER TREE FOUND at iteration 115: -44295.286
Iteration 120 / LogL: -44299.907 / Time: 0h:1m:53s (0h:1m:30s left)
Iteration 130 / LogL: -44364.758 / Time: 0h:2m:1s (0h:1m:19s left)
Iteration 140 / LogL: -44296.033 / Time: 0h:2m:9s (0h:1m:9s left)
Iteration 150 / LogL: -44296.802 / Time: 0h:2m:18s (0h:1m:0s left)
Iteration 160 / LogL: -44295.634 / Time: 0h:2m:26s (0h:0m:50s left)
Iteration 170 / LogL: -44354.493 / Time: 0h:2m:36s (0h:0m:41s left)
Iteration 180 / LogL: -44323.748 / Time: 0h:2m:44s (0h:0m:32s left)
Iteration 190 / LogL: -44297.617 / Time: 0h:2m:53s (0h:0m:22s left)
Iteration 200 / LogL: -44322.595 / Time: 0h:3m:2s (0h:0m:13s left)
Iteration 210 / LogL: -44295.710 / Time: 0h:3m:11s (0h:0m:4s left)
Estimate model parameters (epsilon = 0.100)
BETTER TREE FOUND at iteration 214: -44292.199
Iteration 220 / LogL: -44295.906 / Time: 0h:3m:20s (0h:1m:25s left)
Iteration 230 / LogL: -44319.553 / Time: 0h:3m:28s (0h:1m:16s left)
Iteration 240 / LogL: -44347.560 / Time: 0h:3m:37s (0h:1m:7s left)
Iteration 250 / LogL: -44293.082 / Time: 0h:3m:45s (0h:0m:58s left)
Iteration 260 / LogL: -44303.412 / Time: 0h:3m:54s (0h:0m:48s left)
Iteration 270 / LogL: -44295.805 / Time: 0h:4m:2s (0h:0m:39s left)
Iteration 280 / LogL: -44307.916 / Time: 0h:4m:11s (0h:0m:30s left)
Iteration 290 / LogL: -44296.980 / Time: 0h:4m:20s (0h:0m:21s left)
Iteration 300 / LogL: -44293.212 / Time: 0h:4m:29s (0h:0m:12s left)
Iteration 310 / LogL: -44293.593 / Time: 0h:4m:37s (0h:0m:3s left)
TREE SEARCH COMPLETED AFTER 315 ITERATIONS / Time: 0h:4m:42s

--------------------------------------------------------------------
|                    FINALIZING TREE SEARCH                        |
--------------------------------------------------------------------
Performs final model parameters optimization
Estimate model parameters (epsilon = 0.010)
1. Initial log-likelihood: -44292.199
Optimal log-likelihood: -44292.196
Gamma shape alpha: 0.897
Parameters optimization took 1 rounds (0.089 sec)
BEST SCORE FOUND : -44292.196
Total tree length: 71.041

Total number of iterations: 315
CPU time used for tree search: 2187.293 sec (0h:36m:27s)
Wall-clock time used for tree search: 278.225 sec (0h:4m:38s)
Total CPU time used: 2215.968 sec (0h:36m:55s)
Total wall-clock time used: 282.223 sec (0h:4m:42s)

Analysis results written to: 
  IQ-TREE report:                /csm_data/spielman_lab/dms_modelselection/pandit_aa_alignments/PF00487.fasta.iqtree
  Maximum-likelihood tree:       /csm_data/spielman_lab/dms_modelselection/pandit_aa_alignments/PF00487.fasta.treefile
  Likelihood distances:          /csm_data/spielman_lab/dms_modelselection/pandit_aa_alignments/PF00487.fasta.mldist
  Screen log file:               /csm_data/spielman_lab/dms_modelselection/pandit_aa_alignments/PF00487.fasta.log

Date and Time: Wed May 22 20:36:46 2019
