IQ-TREE multicore version 1.6.7 for Linux 64-bit built Aug 23 2018
Developed by Bui Quang Minh, Nguyen Lam Tung, Olga Chernomor,
Heiko Schmidt, Dominik Schrempf, Michael Woodhams.

Host:    csm-com-007 (AVX2, FMA3, 62 GB RAM)
Command: iqtree -nt 8 -m FLU+I+G4 -s /csm_data/spielman_lab/dms_modelselection/pandit_aa_alignments/PF00581.fasta -st AA
Seed:    600055 (Using SPRNG - Scalable Parallel Random Number Generator)
Time:    Wed May 22 20:38:52 2019
Kernel:  AVX+FMA - 8 threads (48 CPU cores detected)

Reading alignment file /csm_data/spielman_lab/dms_modelselection/pandit_aa_alignments/PF00581.fasta ... Fasta format detected
Alignment most likely contains protein sequences
Alignment has 48 sequences with 159 columns, 158 distinct patterns
130 parsimony-informative, 21 singleton sites, 8 constant sites
                  Gap/Ambiguity  Composition  p-value
   1  YRKFBACSU91183     41.51%    passed     60.35%
   2  YQHLBACSU32121     43.40%    passed     51.35%
   3  YCXHPORPU281371    42.77%    passed     21.55%
   4  YABASCHPO303393    42.77%    passed     64.62%
   5  PSPEECOLI9100      42.14%    passed     70.38%
   6  YHR1YEAST330432    35.22%    passed     61.45%
   7  DIN1RAPSA74177     34.59%    passed     82.24%
   8  YAY7SCHPO63167     33.96%    passed     40.91%
   9  HS6BDROME3108      33.33%    passed     79.13%
  10  THTRSACER147268    23.27%    passed     98.44%
  11  THT2MYCLE161280    24.53%    passed     32.11%
  12  THTRSYNP7187309    22.64%    passed     78.34%
  13  THTMECOLI157271    27.67%    passed     34.88%
  14  THTMHUMAN164281    25.79%    passed     85.28%
  15  THTRBOVIN163281    25.16%    passed     99.73%
  16  THTRAZOVI150264    27.67%    passed     20.36%
  17  YIBNHAEIN45139     40.25%    passed     15.16%
  18  YIBNECOLI41135     40.25%    passed     67.11%
  19  GLPEHAEIN797       42.77%    passed     33.66%
  20  GLPEECOLI999       42.77%    failed      1.92%
  21  YCEAECOLI137234    38.36%    failed      3.80%
  22  Y125RICPR115212    38.36%    passed     66.07%
  23  YPSLSYNEN8105      38.36%    passed     65.08%
  24  DUS1HUMAN9131      22.64%    failed      0.00%
  25  DUS2HUMAN14138     21.38%    failed      0.00%
  26  THTRSYNP747160     28.30%    passed     17.31%
  27  THTRSACER9119      30.19%    passed      7.22%
  28  THT2MYCLE22132     30.19%    failed      3.98%
  29  THTMECOLI7128      23.27%    passed     39.62%
  30  THTRBOVIN15136     23.27%    passed     23.75%
  31  THTMHUMAN15137     22.64%    failed      1.03%
  32  THTRAZOVI12123     29.56%    failed      2.44%
  33  MPI3CAEEL127236    30.82%    failed      4.38%
  34  TWINEDROME255365   30.19%    passed      8.46%
  35  MPIPDROME309426    25.79%    passed     38.02%
  36  MPIP3HUMAN314422   31.45%    passed      7.18%
  37  MPIP0XENLA394502   31.45%    passed     23.93%
  38  MPIP2MOUSE420528   31.45%    passed     30.27%
  39  MPIP1HUMAN369476   32.08%    passed      6.09%
  40  MPIPSCHPO422527    33.33%    passed     19.48%
  41  MPIPEMENI364468    33.96%    passed      9.19%
  42  PTP3YEAST99226     19.50%    failed      2.73%
  43  PYP2SCHPO13124     29.56%    passed     59.42%
  44  UBP5YEAST148277    18.24%    failed      3.01%
  45  UBP4YEAST199322    22.01%    failed      0.11%
  46  UBP8HUMAN184307    22.01%    passed     32.37%
  47  UBP7YEAST319444    20.75%    failed      1.31%
  48  PYP1SCHPO41159     25.16%    passed     59.59%
****  TOTAL              30.77%  12 sequences failed composition chi2 test (p-value<5%; df=19)

Create initial parsimony tree by phylogenetic likelihood library (PLL)... 0.010 seconds

NOTE: 5 MB RAM (0 GB) is required!
WARNING: Number of threads seems too high for short alignments. Use -nt AUTO to determine best number of threads.
Estimate model parameters (epsilon = 0.100)
Thoroughly optimizing +I+G parameters from 10 start values...
Init pinv, alpha: 0.000, 1.000 / Estimate: 0.000, 1.572 / LogL: -11988.755
Init pinv, alpha: 0.006, 1.000 / Estimate: 0.000, 1.572 / LogL: -11988.754
Init pinv, alpha: 0.011, 1.000 / Estimate: 0.000, 1.572 / LogL: -11988.754
Init pinv, alpha: 0.017, 1.000 / Estimate: 0.000, 1.571 / LogL: -11988.754
Init pinv, alpha: 0.022, 1.000 / Estimate: 0.000, 1.571 / LogL: -11988.754
Init pinv, alpha: 0.028, 1.000 / Estimate: 0.000, 1.571 / LogL: -11988.753
Init pinv, alpha: 0.034, 1.000 / Estimate: 0.000, 1.571 / LogL: -11988.753
Init pinv, alpha: 0.039, 1.000 / Estimate: 0.000, 1.571 / LogL: -11988.753
Init pinv, alpha: 0.045, 1.000 / Estimate: 0.000, 1.571 / LogL: -11988.753
Init pinv, alpha: 0.050, 1.000 / Estimate: 0.000, 1.571 / LogL: -11988.753
Optimal pinv,alpha: 0.000, 1.571 / LogL: -11988.753

Parameters optimization took 1.590 sec
Computing ML distances based on estimated model parameters... 2.709 sec
WARNING: Some pairwise ML distances are too long (saturated)
Computing BIONJ tree...
0.004 seconds
Log-likelihood of BIONJ tree: -11900.810
--------------------------------------------------------------------
|             INITIALIZING CANDIDATE TREE SET                      |
--------------------------------------------------------------------
Generating 98 parsimony trees... 1.195 second
Computing log-likelihood of 98 initial trees ... 1.903 seconds
Current best score: -11900.810

Do NNI search on 20 best initial trees
Estimate model parameters (epsilon = 0.100)
BETTER TREE FOUND at iteration 1: -11884.601
Estimate model parameters (epsilon = 0.100)
BETTER TREE FOUND at iteration 2: -11868.246
Estimate model parameters (epsilon = 0.100)
BETTER TREE FOUND at iteration 7: -11866.344
Iteration 10 / LogL: -11876.295 / Time: 0h:0m:8s
Estimate model parameters (epsilon = 0.100)
BETTER TREE FOUND at iteration 14: -11862.773
Iteration 20 / LogL: -11875.417 / Time: 0h:0m:11s
Finish initializing candidate tree set (20)
Current best tree score: -11862.773 / CPU time: 9.085
Number of iterations: 20
--------------------------------------------------------------------
|               OPTIMIZING CANDIDATE TREE SET                      |
--------------------------------------------------------------------
Estimate model parameters (epsilon = 0.100)
BETTER TREE FOUND at iteration 21: -11862.457
Estimate model parameters (epsilon = 0.100)
BETTER TREE FOUND at iteration 28: -11862.416
Iteration 30 / LogL: -11862.459 / Time: 0h:0m:13s (0h:0m:45s left)
BETTER TREE FOUND at iteration 37: -11862.406
Iteration 40 / LogL: -11862.481 / Time: 0h:0m:15s (0h:0m:39s left)
Iteration 50 / LogL: -11862.469 / Time: 0h:0m:18s (0h:0m:32s left)
Iteration 60 / LogL: -11863.212 / Time: 0h:0m:20s (0h:0m:26s left)
Iteration 70 / LogL: -11865.357 / Time: 0h:0m:22s (0h:0m:21s left)
Iteration 80 / LogL: -11863.145 / Time: 0h:0m:24s (0h:0m:17s left)
Iteration 90 / LogL: -11862.529 / Time: 0h:0m:26s (0h:0m:14s left)
Iteration 100 / LogL: -11862.568 / Time: 0h:0m:28s (0h:0m:10s left)
Iteration 110 / LogL: -11866.436 / Time: 0h:0m:31s (0h:0m:7s left)
Iteration 120 / LogL: -11862.463 / Time: 0h:0m:33s (0h:0m:4s left)
Iteration 130 / LogL: -11862.463 / Time: 0h:0m:35s (0h:0m:1s left)
TREE SEARCH COMPLETED AFTER 138 ITERATIONS / Time: 0h:0m:37s

--------------------------------------------------------------------
|                    FINALIZING TREE SEARCH                        |
--------------------------------------------------------------------
Performs final model parameters optimization
Estimate model parameters (epsilon = 0.010)
1. Initial log-likelihood: -11862.406
Optimal log-likelihood: -11862.398
Proportion of invariable sites: 0.000
Gamma shape alpha: 1.425
Parameters optimization took 1 rounds (0.023 sec)
BEST SCORE FOUND : -11862.398
Total tree length: 77.178

Total number of iterations: 138
CPU time used for tree search: 272.399 sec (0h:4m:32s)
Wall-clock time used for tree search: 35.133 sec (0h:0m:35s)
Total CPU time used: 288.778 sec (0h:4m:48s)
Total wall-clock time used: 37.219 sec (0h:0m:37s)

Analysis results written to: 
  IQ-TREE report:                /csm_data/spielman_lab/dms_modelselection/pandit_aa_alignments/PF00581.fasta.iqtree
  Maximum-likelihood tree:       /csm_data/spielman_lab/dms_modelselection/pandit_aa_alignments/PF00581.fasta.treefile
  Likelihood distances:          /csm_data/spielman_lab/dms_modelselection/pandit_aa_alignments/PF00581.fasta.mldist
  Screen log file:               /csm_data/spielman_lab/dms_modelselection/pandit_aa_alignments/PF00581.fasta.log

Date and Time: Wed May 22 20:39:29 2019
