IQ-TREE multicore version 1.6.7 for Linux 64-bit built Aug 23 2018
Developed by Bui Quang Minh, Nguyen Lam Tung, Olga Chernomor,
Heiko Schmidt, Dominik Schrempf, Michael Woodhams.

Host:    csm-com-005 (AVX2, FMA3, 62 GB RAM)
Command: iqtree -nt 8 -m mtART+F -s /csm_data/spielman_lab/dms_modelselection/pandit_aa_alignments/PF01523.fasta -st AA
Seed:    206488 (Using SPRNG - Scalable Parallel Random Number Generator)
Time:    Wed May 22 21:04:28 2019
Kernel:  AVX+FMA - 8 threads (48 CPU cores detected)

Reading alignment file /csm_data/spielman_lab/dms_modelselection/pandit_aa_alignments/PF01523.fasta ... Fasta format detected
Alignment most likely contains protein sequences
Alignment has 23 sequences with 327 columns, 325 distinct patterns
291 parsimony-informative, 19 singleton sites, 17 constant sites
                  Gap/Ambiguity  Composition  p-value
   1  Y1322SYNY344344     7.95%    passed      9.30%
   2  TLDDECOLI34332      8.56%    passed      7.22%
   3  O67819AQUAE19308   11.31%    passed     52.87%
   4  Y863SYNY322315     10.09%    failed      0.04%
   5  Y856METTH20309     11.31%    passed     44.58%
   6  Y996METJA15309      9.79%    failed      0.00%
   7  O57984PYRHO69358   11.31%    passed     16.64%
   8  Y655ARCFU2283      13.76%    passed     29.52%
   9  O59215PYRHO21315    9.79%    failed      0.62%
  10  O58578PYRHO26333    5.81%    passed     15.85%
  11  Q54362STRLN21324    7.03%    failed      0.00%
  12  P71897MYCTU33345    4.28%    failed      0.03%
  13  Y231METJA15290     15.60%    passed      7.02%
  14  O27142METTH17302   12.54%    passed     32.85%
  15  O29601ARCFU1272    16.82%    passed     34.18%
  16  O57987PYRHO18303   12.54%    failed      0.01%
  17  O67719AQUAE16307   10.70%    failed      0.29%
  18  O59214PYRHO16307   10.70%    passed     26.37%
  19  Q55361SYNY321314   10.09%    passed     61.44%
  20  PMBAHAEIN34327     10.09%    passed     24.24%
  21  PMBAECOLI34327     10.09%    passed     52.68%
  22  P73501SYNY318295   14.98%    failed      0.03%
  23  O58579PYRHO21306   12.54%    passed     51.67%
****  TOTAL              10.77%  8 sequences failed composition chi2 test (p-value<5%; df=19)

Create initial parsimony tree by phylogenetic likelihood library (PLL)... 0.003 seconds

NOTE: 1 MB RAM (0 GB) is required!
Estimate model parameters (epsilon = 0.100)
1. Initial log-likelihood: -17322.989
Optimal log-likelihood: -16592.980
Parameters optimization took 1 rounds (0.046 sec)
Computing ML distances based on estimated model parameters... 0.184 sec
WARNING: Some pairwise ML distances are too long (saturated)
Computing BIONJ tree...
0.002 seconds
Log-likelihood of BIONJ tree: -16558.255
--------------------------------------------------------------------
|             INITIALIZING CANDIDATE TREE SET                      |
--------------------------------------------------------------------
Generating 98 parsimony trees... 0.809 second
Computing log-likelihood of 98 initial trees ... 0.772 seconds
Current best score: -16549.712

Do NNI search on 20 best initial trees
Estimate model parameters (epsilon = 0.100)
BETTER TREE FOUND at iteration 1: -16518.389
Estimate model parameters (epsilon = 0.100)
BETTER TREE FOUND at iteration 2: -16514.870
Iteration 10 / LogL: -16517.332 / Time: 0h:0m:2s
Iteration 20 / LogL: -16516.562 / Time: 0h:0m:2s
Finish initializing candidate tree set (7)
Current best tree score: -16514.870 / CPU time: 2.879
Number of iterations: 20
--------------------------------------------------------------------
|               OPTIMIZING CANDIDATE TREE SET                      |
--------------------------------------------------------------------
Iteration 30 / LogL: -16516.235 / Time: 0h:0m:3s (0h:0m:9s left)
Iteration 40 / LogL: -16516.311 / Time: 0h:0m:4s (0h:0m:6s left)
Iteration 50 / LogL: -16516.440 / Time: 0h:0m:4s (0h:0m:5s left)
Iteration 60 / LogL: -16516.550 / Time: 0h:0m:5s (0h:0m:3s left)
Iteration 70 / LogL: -16521.536 / Time: 0h:0m:6s (0h:0m:2s left)
Iteration 80 / LogL: -16514.887 / Time: 0h:0m:6s (0h:0m:1s left)
Iteration 90 / LogL: -16514.960 / Time: 0h:0m:7s (0h:0m:1s left)
Iteration 100 / LogL: -16516.364 / Time: 0h:0m:8s (0h:0m:0s left)
TREE SEARCH COMPLETED AFTER 103 ITERATIONS / Time: 0h:0m:8s

--------------------------------------------------------------------
|                    FINALIZING TREE SEARCH                        |
--------------------------------------------------------------------
Performs final model parameters optimization
Estimate model parameters (epsilon = 0.010)
1. Initial log-likelihood: -16514.870
Optimal log-likelihood: -16514.869
Parameters optimization took 1 rounds (0.004 sec)
BEST SCORE FOUND : -16514.869
Total tree length: 46.037

Total number of iterations: 103
CPU time used for tree search: 60.122 sec (0h:1m:0s)
Wall-clock time used for tree search: 8.080 sec (0h:0m:8s)
Total CPU time used: 60.826 sec (0h:1m:0s)
Total wall-clock time used: 8.211 sec (0h:0m:8s)

Analysis results written to: 
  IQ-TREE report:                /csm_data/spielman_lab/dms_modelselection/pandit_aa_alignments/PF01523.fasta.iqtree
  Maximum-likelihood tree:       /csm_data/spielman_lab/dms_modelselection/pandit_aa_alignments/PF01523.fasta.treefile
  Likelihood distances:          /csm_data/spielman_lab/dms_modelselection/pandit_aa_alignments/PF01523.fasta.mldist
  Screen log file:               /csm_data/spielman_lab/dms_modelselection/pandit_aa_alignments/PF01523.fasta.log

Date and Time: Wed May 22 21:04:36 2019
