IQ-TREE multicore version 1.6.7 for Linux 64-bit built Aug 23 2018
Developed by Bui Quang Minh, Nguyen Lam Tung, Olga Chernomor,
Heiko Schmidt, Dominik Schrempf, Michael Woodhams.

Host:    csm-com-012 (AVX2, FMA3, 62 GB RAM)
Command: iqtree -nt 8 -m mtMAM -s /csm_data/spielman_lab/dms_modelselection/pandit_aa_alignments/PF01554.fasta -st AA
Seed:    790068 (Using SPRNG - Scalable Parallel Random Number Generator)
Time:    Wed May 22 21:12:20 2019
Kernel:  AVX+FMA - 8 threads (48 CPU cores detected)

Reading alignment file /csm_data/spielman_lab/dms_modelselection/pandit_aa_alignments/PF01554.fasta ... Fasta format detected
Alignment most likely contains protein sequences
Alignment has 68 sequences with 191 columns, 184 distinct patterns
167 parsimony-informative, 5 singleton sites, 19 constant sites
                   Gap/Ambiguity  Composition  p-value
   1  O80918ARATH314467   19.37%    passed     38.56%
   2  P71616MYCTU243393   20.94%    failed      0.00%
   3  NORMBACSU246408     14.66%    passed     59.11%
   4  NORMECOLI243405     14.66%    passed     95.41%
   5  NORMVIBPA242404     14.66%    passed     73.42%
   6  NORMHAEIN248410     14.66%    passed     88.79%
   7  NORMSYNY3251415     13.61%    passed     14.07%
   8  YD38YEAST460620     15.71%    passed     91.87%
   9  YHJ2YEAST404564     15.71%    failed      2.45%
  10  YAO6SCHPO238398     15.71%    passed     51.45%
  11  O23067ARATH280459    5.76%    passed     13.36%
  12  O49713ARATH195358   14.14%    passed      5.80%
  13  O80695ARATH278441   14.14%    passed     13.76%
  14  Q38956ARATH274438   13.61%    passed     88.27%
  15  O49660ARATH262426   13.61%    passed      8.05%
  16  O82752ARATH263427   13.61%    failed      0.02%
  17  Q9ZVH5ARATH238401   14.14%    passed     12.14%
  18  Y709METJA242408     12.57%    failed      4.27%
  19  O28801ARCFU238404   12.57%    passed     61.89%
  20  O26414METTH243409   12.57%    passed     48.36%
  21  O33729STRPN245408   14.14%    passed     56.39%
  22  O07940BACSU251413   14.66%    passed     37.95%
  23  YEEOECOLI329491     14.66%    passed     23.69%
  24  O34474BACSU256418   14.66%    passed     38.92%
  25  YPNPBACSU240402     14.66%    passed     73.67%
  26  O51429BORBU247409   14.66%    failed      2.77%
  27  O73981PYRHO261424   14.14%    passed     21.44%
  28  O58340PYRHO246408   14.66%    failed      2.37%
  29  O59471PYRHO237404   12.04%    passed     36.06%
  30  O66528AQUAE244406   14.66%    passed     67.19%
  31  O25454HELPY213375   14.66%    passed     78.84%
  32  YEEOECOLI99262      14.14%    passed     83.52%
  33  O83871TREPA31196    13.09%    passed     24.11%
  34  O51531BORBU25186    15.18%    failed      0.05%
  35  O51530BORBU20181    15.18%    failed      2.31%
  36  Q9ZK32HELPJ22184    14.66%    passed     40.68%
  37  O07940BACSU26187    15.18%    passed     43.02%
  38  O25454HELPY1147     23.04%    passed     76.70%
  39  O66528AQUAE24183    16.23%    passed     41.25%
  40  O59471PYRHO13174    15.18%    passed     73.70%
  41  O34474BACSU27189    14.66%    passed     96.25%
  42  O33729STRPN23185    14.66%    passed     89.41%
  43  YPNPBACSU20182      14.66%    passed     75.00%
  44  O51429BORBU26187    15.18%    passed     68.74%
  45  O73981PYRHO40201    15.18%    passed     60.21%
  46  O58340PYRHO26186    15.71%    passed     19.44%
  47  O28801ARCFU21180    16.23%    passed     10.40%
  48  O26414METTH24183    16.23%    passed     46.98%
  49  Y709METJA21181      15.71%    passed      5.39%
  50  P71616MYCTU18179    15.18%    failed      0.06%
  51  DINFECOLI34196      14.66%    passed     14.69%
  52  P73427SYNY338199    15.18%    passed     12.42%
  53  NORMBACSU19180      15.18%    passed     80.93%
  54  NORMECOLI16177      15.18%    passed     72.50%
  55  NORMVIBPA16176      15.71%    passed     76.24%
  56  NORMHAEIN21181      15.71%    passed      7.92%
  57  NORMSYNY322182      15.71%    passed     11.86%
  58  Q9ZVH5ARATH16176    15.71%    passed     65.45%
  59  O82752ARATH41203    14.66%    failed      0.84%
  60  O49660ARATH39200    15.18%    passed     44.68%
  61  O80785ARATH37197    15.71%    passed     22.25%
  62  O80695ARATH57217    15.71%    passed     87.36%
  63  O23067ARATH98258    15.71%    passed     79.46%
  64  Q38956ARATH55215    15.71%    passed     57.76%
  65  YAO6SCHPO17177      15.71%    passed     35.69%
  66  YD38YEAST237397     15.71%    passed     82.08%
  67  YHJ2YEAST173335     14.66%    failed      3.70%
  68  O25796HELPY241406   13.09%    passed     27.43%
****  TOTAL               14.91%  11 sequences failed composition chi2 test (p-value<5%; df=19)

Create initial parsimony tree by phylogenetic likelihood library (PLL)... 0.034 seconds

NOTE: 2 MB RAM (0 GB) is required!
Estimate model parameters (epsilon = 0.100)
1. Initial log-likelihood: -26327.168
Optimal log-likelihood: -25363.839
Parameters optimization took 1 rounds (0.045 sec)
Computing ML distances based on estimated model parameters... 2.216 sec
WARNING: Some pairwise ML distances are too long (saturated)
Computing BIONJ tree...
0.006 seconds
Log-likelihood of BIONJ tree: -25296.470
--------------------------------------------------------------------
|             INITIALIZING CANDIDATE TREE SET                      |
--------------------------------------------------------------------
Generating 98 parsimony trees... 2.107 second
Computing log-likelihood of 98 initial trees ... 1.584 seconds
Current best score: -25296.470

Do NNI search on 20 best initial trees
Estimate model parameters (epsilon = 0.100)
BETTER TREE FOUND at iteration 1: -25232.471
Estimate model parameters (epsilon = 0.100)
BETTER TREE FOUND at iteration 3: -25222.593
Iteration 10 / LogL: -25248.344 / Time: 0h:0m:5s
Estimate model parameters (epsilon = 0.100)
BETTER TREE FOUND at iteration 15: -25217.795
Iteration 20 / LogL: -25241.334 / Time: 0h:0m:7s
Finish initializing candidate tree set (20)
Current best tree score: -25217.795 / CPU time: 7.496
Number of iterations: 20
--------------------------------------------------------------------
|               OPTIMIZING CANDIDATE TREE SET                      |
--------------------------------------------------------------------
Estimate model parameters (epsilon = 0.100)
BETTER TREE FOUND at iteration 27: -25216.480
Iteration 30 / LogL: -25219.126 / Time: 0h:0m:9s (0h:0m:32s left)
BETTER TREE FOUND at iteration 33: -25216.471
Estimate model parameters (epsilon = 0.100)
UPDATE BEST LOG-LIKELIHOOD: -25216.380
Iteration 40 / LogL: -25216.587 / Time: 0h:0m:11s (0h:0m:27s left)
Iteration 50 / LogL: -25217.033 / Time: 0h:0m:13s (0h:0m:22s left)
Iteration 60 / LogL: -25216.476 / Time: 0h:0m:15s (0h:0m:18s left)
Iteration 70 / LogL: -25257.841 / Time: 0h:0m:16s (0h:0m:15s left)
Iteration 80 / LogL: -25219.352 / Time: 0h:0m:18s (0h:0m:12s left)
Iteration 90 / LogL: -25216.772 / Time: 0h:0m:20s (0h:0m:9s left)
Iteration 100 / LogL: -25217.441 / Time: 0h:0m:22s (0h:0m:7s left)
Iteration 110 / LogL: -25216.479 / Time: 0h:0m:23s (0h:0m:5s left)
Iteration 120 / LogL: -25216.384 / Time: 0h:0m:25s (0h:0m:2s left)
Iteration 130 / LogL: -25216.699 / Time: 0h:0m:27s (0h:0m:0s left)
UPDATE BEST LOG-LIKELIHOOD: -25216.380
TREE SEARCH COMPLETED AFTER 134 ITERATIONS / Time: 0h:0m:28s

--------------------------------------------------------------------
|                    FINALIZING TREE SEARCH                        |
--------------------------------------------------------------------
Performs final model parameters optimization
Estimate model parameters (epsilon = 0.010)
1. Initial log-likelihood: -25216.380
Optimal log-likelihood: -25216.378
Parameters optimization took 1 rounds (0.011 sec)
BEST SCORE FOUND : -25216.378
Total tree length: 111.102

Total number of iterations: 134
CPU time used for tree search: 207.614 sec (0h:3m:27s)
Wall-clock time used for tree search: 27.703 sec (0h:0m:27s)
Total CPU time used: 210.744 sec (0h:3m:30s)
Total wall-clock time used: 28.157 sec (0h:0m:28s)

Analysis results written to: 
  IQ-TREE report:                /csm_data/spielman_lab/dms_modelselection/pandit_aa_alignments/PF01554.fasta.iqtree
  Maximum-likelihood tree:       /csm_data/spielman_lab/dms_modelselection/pandit_aa_alignments/PF01554.fasta.treefile
  Likelihood distances:          /csm_data/spielman_lab/dms_modelselection/pandit_aa_alignments/PF01554.fasta.mldist
  Screen log file:               /csm_data/spielman_lab/dms_modelselection/pandit_aa_alignments/PF01554.fasta.log

Date and Time: Wed May 22 21:12:49 2019
