IQ-TREE multicore version 1.6.7 for Linux 64-bit built Aug 23 2018
Developed by Bui Quang Minh, Nguyen Lam Tung, Olga Chernomor,
Heiko Schmidt, Dominik Schrempf, Michael Woodhams.

Host:    csm-com-012 (AVX2, FMA3, 62 GB RAM)
Command: iqtree -nt 8 -m mtVer+I -s /csm_data/spielman_lab/dms_modelselection/pandit_aa_alignments/PF01155.fasta -st AA
Seed:    533535 (Using SPRNG - Scalable Parallel Random Number Generator)
Time:    Wed May 22 20:58:26 2019
Kernel:  AVX+FMA - 8 threads (48 CPU cores detected)

Reading alignment file /csm_data/spielman_lab/dms_modelselection/pandit_aa_alignments/PF01155.fasta ... Fasta format detected
Alignment most likely contains protein sequences
Alignment has 30 sequences with 142 columns, 140 distinct patterns
104 parsimony-informative, 27 singleton sites, 11 constant sites
                 Gap/Ambiguity  Composition  p-value
   1  HYPADEIRA1113     20.42%    failed      0.43%
   2  HYPASYNP21113     20.42%    passed     78.05%
   3  HYPA1SYNY31113    20.42%    passed     62.37%
   4  HYPASYNP61112     21.13%    failed      0.01%
   5  HYPARHOSH1113     20.42%    passed      7.69%
   6  HYPARHOCA1113     20.42%    passed     58.08%
   7  HYPAAZOCH1113     20.42%    passed     65.82%
   8  HYPA1BRAJA1113    20.42%    passed     68.98%
   9  HYPA2BRAJA1113    20.42%    passed     96.99%
  10  O07449ALCEU1109   23.24%    passed     39.42%
  11  HYPARHILV1113     20.42%    passed     89.05%
  12  HYPANOSPU1109     23.24%    passed     55.25%
  13  HYPAANASP1109     23.24%    passed     89.25%
  14  Q8ZPH6SALTY1113   20.42%    passed     82.54%
  15  HYBFMORMO1113     20.42%    passed     15.55%
  16  HYBFECOLI1113     20.42%    passed     15.92%
  17  HYBFPROVU1113     20.42%    passed     21.48%
  18  HYPAECOLI1114     19.72%    passed     61.76%
  19  HYPAMETKA1133      6.34%    passed     47.38%
  20  HYPAMETJA1121     14.79%    failed      0.00%
  21  HYPAARCFU1109     23.24%    passed     96.64%
  22  HYPAMETAC1128      9.86%    passed     71.11%
  23  HYPAMETMA1128      9.86%    passed     93.21%
  24  HYPATHETN1114     19.72%    failed      4.51%
  25  HYPACHLTE1113     20.42%    passed     29.90%
  26  HYPAPYRHO1134      5.63%    passed     62.86%
  27  HYPACAMJE1114     19.72%    failed      0.12%
  28  HYPAAQUAE1113     20.42%    passed     13.69%
  29  HYPAHELPY1115     19.01%    passed     30.78%
  30  HYPA2SYNY31115    19.01%    passed      6.85%
****  TOTAL             18.80%  5 sequences failed composition chi2 test (p-value<5%; df=19)

Create initial parsimony tree by phylogenetic likelihood library (PLL)... 0.008 seconds

NOTE: 0 MB RAM (0 GB) is required!
WARNING: Number of threads seems too high for short alignments. Use -nt AUTO to determine best number of threads.
Estimate model parameters (epsilon = 0.100)
1. Initial log-likelihood: -7593.293
2. Current log-likelihood: -7344.395
3. Current log-likelihood: -7344.011
Optimal log-likelihood: -7344.010
Proportion of invariable sites: 0.044
Parameters optimization took 3 rounds (0.035 sec)
Computing ML distances based on estimated model parameters... 0.172 sec
Computing BIONJ tree...
0.002 seconds
Log-likelihood of BIONJ tree: -7331.381
--------------------------------------------------------------------
|             INITIALIZING CANDIDATE TREE SET                      |
--------------------------------------------------------------------
Generating 98 parsimony trees... 0.373 second
Computing log-likelihood of 98 initial trees ... 0.624 seconds
Current best score: -7317.073

Do NNI search on 20 best initial trees
Estimate model parameters (epsilon = 0.100)
BETTER TREE FOUND at iteration 1: -7301.730
Estimate model parameters (epsilon = 0.100)
BETTER TREE FOUND at iteration 2: -7300.515
Iteration 10 / LogL: -7300.597 / Time: 0h:0m:1s
Iteration 20 / LogL: -7307.576 / Time: 0h:0m:2s
Finish initializing candidate tree set (8)
Current best tree score: -7300.515 / CPU time: 2.092
Number of iterations: 20
--------------------------------------------------------------------
|               OPTIMIZING CANDIDATE TREE SET                      |
--------------------------------------------------------------------
Iteration 30 / LogL: -7301.625 / Time: 0h:0m:2s (0h:0m:6s left)
Estimate model parameters (epsilon = 0.100)
BETTER TREE FOUND at iteration 35: -7298.921
Iteration 40 / LogL: -7301.241 / Time: 0h:0m:3s (0h:0m:7s left)
Iteration 50 / LogL: -7300.783 / Time: 0h:0m:3s (0h:0m:6s left)
Iteration 60 / LogL: -7298.972 / Time: 0h:0m:4s (0h:0m:5s left)
Iteration 70 / LogL: -7303.395 / Time: 0h:0m:5s (0h:0m:4s left)
Iteration 80 / LogL: -7298.937 / Time: 0h:0m:5s (0h:0m:3s left)
Iteration 90 / LogL: -7301.766 / Time: 0h:0m:6s (0h:0m:3s left)
Iteration 100 / LogL: -7298.935 / Time: 0h:0m:6s (0h:0m:2s left)
Iteration 110 / LogL: -7298.935 / Time: 0h:0m:7s (0h:0m:1s left)
Iteration 120 / LogL: -7298.964 / Time: 0h:0m:7s (0h:0m:0s left)
Iteration 130 / LogL: -7299.016 / Time: 0h:0m:8s (0h:0m:0s left)
TREE SEARCH COMPLETED AFTER 136 ITERATIONS / Time: 0h:0m:8s

--------------------------------------------------------------------
|                    FINALIZING TREE SEARCH                        |
--------------------------------------------------------------------
Performs final model parameters optimization
Estimate model parameters (epsilon = 0.010)
1. Initial log-likelihood: -7298.921
Optimal log-likelihood: -7298.921
Proportion of invariable sites: 0.044
Parameters optimization took 1 rounds (0.005 sec)
BEST SCORE FOUND : -7298.921
Total tree length: 31.034

Total number of iterations: 136
CPU time used for tree search: 66.817 sec (0h:1m:6s)
Wall-clock time used for tree search: 8.531 sec (0h:0m:8s)
Total CPU time used: 67.551 sec (0h:1m:7s)
Total wall-clock time used: 8.670 sec (0h:0m:8s)

Analysis results written to: 
  IQ-TREE report:                /csm_data/spielman_lab/dms_modelselection/pandit_aa_alignments/PF01155.fasta.iqtree
  Maximum-likelihood tree:       /csm_data/spielman_lab/dms_modelselection/pandit_aa_alignments/PF01155.fasta.treefile
  Likelihood distances:          /csm_data/spielman_lab/dms_modelselection/pandit_aa_alignments/PF01155.fasta.mldist
  Screen log file:               /csm_data/spielman_lab/dms_modelselection/pandit_aa_alignments/PF01155.fasta.log

Date and Time: Wed May 22 20:58:35 2019
