IQ-TREE multicore version 1.6.7 for Linux 64-bit built Aug 23 2018
Developed by Bui Quang Minh, Nguyen Lam Tung, Olga Chernomor,
Heiko Schmidt, Dominik Schrempf, Michael Woodhams.

Host:    csm-gpu-001 (AVX2, FMA3, 62 GB RAM)
Command: iqtree -nt 8 -m HIVw+G4 -s /csm_data/spielman_lab/dms_modelselection/pandit_aa_alignments/PF02866.fasta -st AA
Seed:    639952 (Using SPRNG - Scalable Parallel Random Number Generator)
Time:    Wed May 22 21:47:38 2019
Kernel:  AVX+FMA - 8 threads (48 CPU cores detected)

Reading alignment file /csm_data/spielman_lab/dms_modelselection/pandit_aa_alignments/PF02866.fasta ... Fasta format detected
Alignment most likely contains protein sequences
Alignment has 28 sequences with 211 columns, 210 distinct patterns
170 parsimony-informative, 23 singleton sites, 18 constant sites
                 Gap/Ambiguity  Composition  p-value
   1  MDHTHETH156325    19.43%    passed     47.50%
   2  MDHCMOUSE155330   16.59%    passed     93.94%
   3  MDHCECHGR156331   16.59%    passed     30.42%
   4  MDHPMAIZE241413   18.01%    passed     67.07%
   5  MDHHALMA146304    24.64%    passed     22.37%
   6  LDHTHEMA142311    19.43%    passed     57.27%
   7  LDHTHEAQ142310    19.91%    failed      0.88%
   8  LDH1LACLA147316   19.43%    passed     61.24%
   9  LDHLACCA150319    19.43%    passed     93.53%
  10  LDHLACPE149317    19.91%    passed     58.51%
  11  LDHPBACPS149318   19.43%    passed     58.95%
  12  LDHBACCA149317    19.91%    passed     45.75%
  13  LDHBACME151318    20.38%    passed     38.53%
  14  LDH2BIFLO150319   19.43%    passed     93.74%
  15  LDHMYCHY146315    19.43%    failed      0.46%
  16  LDHCMOUSE162331   19.43%    passed     19.42%
  17  LDHABOVIN162331   19.43%    passed     28.77%
  18  LDHBANAPL162332   18.96%    passed      7.06%
  19  LDHAHORVU185356   18.48%    passed      9.18%
  20  DHL2LACCO148309   23.22%    passed     45.95%
  21  MDHECOLI147310    22.27%    passed     35.90%
  22  MDHPHOPR147310    22.27%    passed     80.29%
  23  MDHMMOUSE170334   21.80%    passed     53.36%
  24  MDHMCITLA180344   21.80%    passed     36.69%
  25  MDHGCITLA190354   21.80%    passed     90.66%
  26  MDHMYEAST165331   20.85%    passed     46.46%
  27  MDHCYEAST178369    9.00%    passed     47.60%
  28  MDHPYEAST145336    9.00%    passed     69.90%
****  TOTAL             19.30%  2 sequences failed composition chi2 test (p-value<5%; df=19)

Create initial parsimony tree by phylogenetic likelihood library (PLL)... 0.004 seconds

NOTE: 4 MB RAM (0 GB) is required!
Estimate model parameters (epsilon = 0.100)
1. Initial log-likelihood: -9514.621
2. Current log-likelihood: -9401.885
3. Current log-likelihood: -9397.518
Optimal log-likelihood: -9397.421
Gamma shape alpha: 1.174
Parameters optimization took 3 rounds (0.063 sec)
Computing ML distances based on estimated model parameters... 0.458 sec
WARNING: Some pairwise ML distances are too long (saturated)
Computing BIONJ tree...
0.002 seconds
Log-likelihood of BIONJ tree: -9359.796
--------------------------------------------------------------------
|             INITIALIZING CANDIDATE TREE SET                      |
--------------------------------------------------------------------
Generating 98 parsimony trees... 0.362 second
Computing log-likelihood of 98 initial trees ... 1.056 seconds
Current best score: -9359.796

Do NNI search on 20 best initial trees
Estimate model parameters (epsilon = 0.100)
BETTER TREE FOUND at iteration 1: -9345.803
Iteration 10 / LogL: -9366.995 / Time: 0h:0m:2s
Iteration 20 / LogL: -9368.673 / Time: 0h:0m:3s
Finish initializing candidate tree set (9)
Current best tree score: -9345.803 / CPU time: 3.024
Number of iterations: 20
--------------------------------------------------------------------
|               OPTIMIZING CANDIDATE TREE SET                      |
--------------------------------------------------------------------
Iteration 30 / LogL: -9346.109 / Time: 0h:0m:4s (0h:0m:10s left)
Iteration 40 / LogL: -9356.466 / Time: 0h:0m:5s (0h:0m:8s left)
Iteration 50 / LogL: -9346.762 / Time: 0h:0m:6s (0h:0m:6s left)
Iteration 60 / LogL: -9345.832 / Time: 0h:0m:7s (0h:0m:5s left)
Iteration 70 / LogL: -9354.611 / Time: 0h:0m:8s (0h:0m:3s left)
Iteration 80 / LogL: -9380.418 / Time: 0h:0m:9s (0h:0m:2s left)
Iteration 90 / LogL: -9346.789 / Time: 0h:0m:10s (0h:0m:1s left)
Iteration 100 / LogL: -9346.064 / Time: 0h:0m:12s (0h:0m:0s left)
TREE SEARCH COMPLETED AFTER 102 ITERATIONS / Time: 0h:0m:12s

--------------------------------------------------------------------
|                    FINALIZING TREE SEARCH                        |
--------------------------------------------------------------------
Performs final model parameters optimization
Estimate model parameters (epsilon = 0.010)
1. Initial log-likelihood: -9345.803
Optimal log-likelihood: -9345.797
Gamma shape alpha: 1.211
Parameters optimization took 1 rounds (0.011 sec)
BEST SCORE FOUND : -9345.797
Total tree length: 24.288

Total number of iterations: 102
CPU time used for tree search: 95.652 sec (0h:1m:35s)
Wall-clock time used for tree search: 12.147 sec (0h:0m:12s)
Total CPU time used: 97.001 sec (0h:1m:37s)
Total wall-clock time used: 12.329 sec (0h:0m:12s)

Analysis results written to: 
  IQ-TREE report:                /csm_data/spielman_lab/dms_modelselection/pandit_aa_alignments/PF02866.fasta.iqtree
  Maximum-likelihood tree:       /csm_data/spielman_lab/dms_modelselection/pandit_aa_alignments/PF02866.fasta.treefile
  Likelihood distances:          /csm_data/spielman_lab/dms_modelselection/pandit_aa_alignments/PF02866.fasta.mldist
  Screen log file:               /csm_data/spielman_lab/dms_modelselection/pandit_aa_alignments/PF02866.fasta.log

Date and Time: Wed May 22 21:47:50 2019
