IQ-TREE multicore version 1.6.7 for Linux 64-bit built Aug 23 2018
Developed by Bui Quang Minh, Nguyen Lam Tung, Olga Chernomor,
Heiko Schmidt, Dominik Schrempf, Michael Woodhams.

Host:    csm-com-006 (AVX2, FMA3, 62 GB RAM)
Command: iqtree -nt 8 -m FLU -s /csm_data/spielman_lab/dms_modelselection/pandit_aa_alignments/PF03328.fasta -st AA -te /csm_data/spielman_lab/dms_modelselection/fitted_trees_pandit_range/PF03328_r1_inferredtree.treefile
Seed:    754723 (Using SPRNG - Scalable Parallel Random Number Generator)
Time:    Wed May 22 21:56:18 2019
Kernel:  AVX+FMA - 8 threads (48 CPU cores detected)

Reading alignment file /csm_data/spielman_lab/dms_modelselection/pandit_aa_alignments/PF03328.fasta ... Fasta format detected
Alignment most likely contains protein sequences
Alignment has 21 sequences with 267 columns, 265 distinct patterns
218 parsimony-informative, 26 singleton sites, 23 constant sites
                  Gap/Ambiguity  Composition  p-value
   1  Q93167CAEEL26259   12.36%    passed     61.61%
   2  Q9RUZ0DEIRA9223    19.48%    passed     56.26%
   3  Q9HRM8HALN129241   20.22%    failed      0.04%
   4  Q8VQP0RHOER12226   19.48%    passed     12.82%
   5  Q8Z9M3SALTI5223    17.98%    passed     98.82%
   6  Q8XBS2ECO5720239   17.60%    passed     97.40%
   7  Q8K7F2STRP36224    17.98%    passed     54.97%
   8  Q8XL94CLOPE6225    17.60%    passed      7.41%
   9  Q8RDW5FUSNN9227    17.98%    passed     39.61%
  10  Q9RLT5WEIPA10229   17.60%    passed      6.14%
  11  Q9CGA8LACLA9229    17.23%    failed      1.36%
  12  Q9UVD49ASCO43283    9.74%    passed     20.50%
  13  Q9XY64TRYCR18251   12.36%    passed     34.07%
  14  O82487ARATH90322   12.73%    passed     48.76%
  15  O22982ARATH17240   16.10%    passed     31.74%
  16  GARLECOLI20246     14.98%    passed     73.58%
  17  BPHFSPHAR18244     14.98%    passed     38.03%
  18  YFAUECOLI19246     14.61%    passed     42.67%
  19  Q9RYM1DEIRA24251   14.61%    passed      8.30%
  20  HPAIECOLI15242     14.61%    failed      1.69%
  21  BPHFRHOSR18244     14.98%    passed     10.28%
****  TOTAL              15.96%  3 sequences failed composition chi2 test (p-value<5%; df=19)
Reading input tree file /csm_data/spielman_lab/dms_modelselection/fitted_trees_pandit_range/PF03328_r1_inferredtree.treefile ...

NOTE: 0 MB RAM (0 GB) is required!
Estimate model parameters (epsilon = 0.010)
1. Initial log-likelihood: -9273.908
Optimal log-likelihood: -9261.602
Parameters optimization took 1 rounds (0.025 sec)
BEST SCORE FOUND : -9261.602
Total tree length: 15.148

Total number of iterations: 0
CPU time used for tree search: 0.000 sec (0h:0m:0s)
Wall-clock time used for tree search: 0.000 sec (0h:0m:0s)
Total CPU time used: 0.167 sec (0h:0m:0s)
Total wall-clock time used: 0.041 sec (0h:0m:0s)

Analysis results written to: 
  IQ-TREE report:                /csm_data/spielman_lab/dms_modelselection/pandit_aa_alignments/PF03328.fasta.iqtree
  Maximum-likelihood tree:       /csm_data/spielman_lab/dms_modelselection/pandit_aa_alignments/PF03328.fasta.treefile
  Screen log file:               /csm_data/spielman_lab/dms_modelselection/pandit_aa_alignments/PF03328.fasta.log

Date and Time: Wed May 22 21:56:18 2019
