IQ-TREE multicore version 1.6.7 for Linux 64-bit built Aug 23 2018
Developed by Bui Quang Minh, Nguyen Lam Tung, Olga Chernomor,
Heiko Schmidt, Dominik Schrempf, Michael Woodhams.

Host:    csm-gpu-001 (AVX2, FMA3, 62 GB RAM)
Command: iqtree -nt 8 -m cpREV+I -s /csm_data/spielman_lab/dms_modelselection/pandit_aa_alignments/PF06426.fasta -st AA
Seed:    918154 (Using SPRNG - Scalable Parallel Random Number Generator)
Time:    Wed May 22 22:19:04 2019
Kernel:  AVX+FMA - 8 threads (48 CPU cores detected)

Reading alignment file /csm_data/spielman_lab/dms_modelselection/pandit_aa_alignments/PF06426.fasta ... Fasta format detected
Alignment most likely contains protein sequences
Alignment has 25 sequences with 107 columns, 107 distinct patterns
89 parsimony-informative, 12 singleton sites, 6 constant sites
                   Gap/Ambiguity  Composition  p-value
   1  Q8KCI5CHLTE6110      1.87%    passed     25.73%
   2  Q8H8D0ORYSA80184     1.87%    passed     99.93%
   3  O81795ARATH73177     1.87%    passed     99.92%
   4  Q9SLZ8CYAME117221    1.87%    passed     92.39%
   5  Q94IE5CYAME115219    1.87%    passed     52.27%
   6  Q9MAZ3ALLTU23127     1.87%    passed     60.07%
   7  Q8W199SOYBN20124     1.87%    passed     42.03%
   8  Q8W0E4ORYSA41145     1.87%    passed     61.55%
   9  Q8LPN9CHLRE133237    1.87%    passed     33.22%
  10  Q9A518CAUCR16120     1.87%    passed     44.24%
  11  Q9JR86NEIMA13117     1.87%    passed     98.26%
  12  Q8DCW5VIBVU9113      1.87%    passed     95.11%
  13  CYSEHAEIN5109        1.87%    passed     89.13%
  14  CYSEECOLI9113        1.87%    passed     96.45%
  15  Q8GZP7MAIZE51155     1.87%    failed      1.04%
  16  Q42588ARATH48152     1.87%    passed     68.00%
  17  Q39218ARATH70174     1.87%    passed     92.28%
  18  Q98NE5RHILO7111      1.87%    passed     47.97%
  19  Q8YHR2BRUME41145     1.87%    passed     78.21%
  20  Q92Q66RHIME19123     1.87%    passed     74.32%
  21  Q8UF29AGRT526130     1.87%    passed     89.56%
  22  CYSEBUCAI9113        1.87%    failed      3.97%
  23  CYSEBUCAP9113        1.87%    failed      0.00%
  24  Q9US33SCHPO16121     0.93%    passed     89.93%
  25  Q8XQ47RALSO9111      3.74%    passed     81.41%
****  TOTAL                1.91%  3 sequences failed composition chi2 test (p-value<5%; df=19)

Create initial parsimony tree by phylogenetic likelihood library (PLL)... 0.002 seconds

NOTE: 0 MB RAM (0 GB) is required!
WARNING: Number of threads seems too high for short alignments. Use -nt AUTO to determine best number of threads.
Estimate model parameters (epsilon = 0.100)
1. Initial log-likelihood: -4523.799
2. Current log-likelihood: -4471.330
3. Current log-likelihood: -4471.020
Optimal log-likelihood: -4471.013
Proportion of invariable sites: 0.029
Parameters optimization took 3 rounds (0.014 sec)
Computing ML distances based on estimated model parameters... 0.055 sec
Computing BIONJ tree...
0.001 seconds
Log-likelihood of BIONJ tree: -4443.359
--------------------------------------------------------------------
|             INITIALIZING CANDIDATE TREE SET                      |
--------------------------------------------------------------------
Generating 98 parsimony trees... 0.261 second
Computing log-likelihood of 98 initial trees ... 0.432 seconds
Current best score: -4442.877

Do NNI search on 20 best initial trees
Estimate model parameters (epsilon = 0.100)
BETTER TREE FOUND at iteration 1: -4434.820
Estimate model parameters (epsilon = 0.100)
BETTER TREE FOUND at iteration 2: -4433.613
Iteration 10 / LogL: -4436.477 / Time: 0h:0m:1s
Iteration 20 / LogL: -4443.504 / Time: 0h:0m:1s
Finish initializing candidate tree set (17)
Current best tree score: -4433.613 / CPU time: 1.386
Number of iterations: 20
--------------------------------------------------------------------
|               OPTIMIZING CANDIDATE TREE SET                      |
--------------------------------------------------------------------
Estimate model parameters (epsilon = 0.100)
BETTER TREE FOUND at iteration 24: -4433.470
Iteration 30 / LogL: -4434.720 / Time: 0h:0m:1s (0h:0m:6s left)
Iteration 40 / LogL: -4434.712 / Time: 0h:0m:2s (0h:0m:4s left)
Iteration 50 / LogL: -4433.503 / Time: 0h:0m:2s (0h:0m:4s left)
Iteration 60 / LogL: -4433.604 / Time: 0h:0m:3s (0h:0m:3s left)
Iteration 70 / LogL: -4433.494 / Time: 0h:0m:3s (0h:0m:2s left)
Iteration 80 / LogL: -4433.515 / Time: 0h:0m:4s (0h:0m:2s left)
Iteration 90 / LogL: -4433.494 / Time: 0h:0m:4s (0h:0m:1s left)
Iteration 100 / LogL: -4433.511 / Time: 0h:0m:4s (0h:0m:1s left)
Iteration 110 / LogL: -4434.768 / Time: 0h:0m:5s (0h:0m:0s left)
Iteration 120 / LogL: -4434.896 / Time: 0h:0m:5s (0h:0m:0s left)
TREE SEARCH COMPLETED AFTER 125 ITERATIONS / Time: 0h:0m:6s

--------------------------------------------------------------------
|                    FINALIZING TREE SEARCH                        |
--------------------------------------------------------------------
Performs final model parameters optimization
Estimate model parameters (epsilon = 0.010)
1. Initial log-likelihood: -4433.470
Optimal log-likelihood: -4433.470
Proportion of invariable sites: 0.028
Parameters optimization took 1 rounds (0.004 sec)
BEST SCORE FOUND : -4433.470
Total tree length: 12.462

Total number of iterations: 125
CPU time used for tree search: 47.318 sec (0h:0m:47s)
Wall-clock time used for tree search: 5.989 sec (0h:0m:5s)
Total CPU time used: 47.632 sec (0h:0m:47s)
Total wall-clock time used: 6.037 sec (0h:0m:6s)

Analysis results written to: 
  IQ-TREE report:                /csm_data/spielman_lab/dms_modelselection/pandit_aa_alignments/PF06426.fasta.iqtree
  Maximum-likelihood tree:       /csm_data/spielman_lab/dms_modelselection/pandit_aa_alignments/PF06426.fasta.treefile
  Likelihood distances:          /csm_data/spielman_lab/dms_modelselection/pandit_aa_alignments/PF06426.fasta.mldist
  Screen log file:               /csm_data/spielman_lab/dms_modelselection/pandit_aa_alignments/PF06426.fasta.log

Date and Time: Wed May 22 22:19:10 2019
