IQ-TREE multicore version 1.6.7 for Linux 64-bit built Aug 23 2018
Developed by Bui Quang Minh, Nguyen Lam Tung, Olga Chernomor,
Heiko Schmidt, Dominik Schrempf, Michael Woodhams.

Host:    csm-com-006 (AVX2, FMA3, 62 GB RAM)
Command: iqtree -nt 8 -m rtREV+F+G4 -s simulations/alignments/Gal4_rtree100_bl1.5_rep1_rep6_AA.fasta -st AA
Seed:    373476 (Using SPRNG - Scalable Parallel Random Number Generator)
Time:    Thu Apr  4 11:58:45 2019
Kernel:  AVX+FMA - 8 threads (48 CPU cores detected)

Reading alignment file simulations/alignments/Gal4_rtree100_bl1.5_rep1_rep6_AA.fasta ... Fasta format detected
Alignment most likely contains protein sequences
Alignment has 100 sequences with 64 columns, 64 distinct patterns
64 parsimony-informative, 0 singleton sites, 0 constant sites
      Gap/Ambiguity  Composition  p-value
   1  t95     0.00%    passed     60.64%
   2  t63     0.00%    passed     55.51%
   3  t38     0.00%    passed     86.63%
   4  t70     0.00%    passed     91.47%
   5  t80     0.00%    passed     91.40%
   6  t83     0.00%    passed     98.58%
   7  t21     0.00%    passed     68.86%
   8  t90     0.00%    passed     68.40%
   9  t61     0.00%    passed     94.96%
  10  t17     0.00%    passed     98.98%
  11  t74     0.00%    passed     86.74%
  12  t34     0.00%    passed     50.67%
  13  t98     0.00%    passed     36.11%
  14  t76     0.00%    passed     28.01%
  15  t59     0.00%    passed     99.83%
  16  t45     0.00%    passed     35.55%
  17  t27     0.00%    passed     63.51%
  18  t13     0.00%    passed     86.11%
  19  t53     0.00%    passed     86.17%
  20  t69     0.00%    passed     78.57%
  21  t79     0.00%    passed     81.88%
  22  t73     0.00%    passed     92.83%
  23  t85     0.00%    passed     94.72%
  24  t3      0.00%    passed     24.09%
  25  t4      0.00%    passed     38.71%
  26  t16     0.00%    passed     81.93%
  27  t96     0.00%    passed     99.41%
  28  t50     0.00%    passed     96.38%
  29  t56     0.00%    passed     82.05%
  30  t62     0.00%    passed     96.34%
  31  t41     0.00%    passed     52.41%
  32  t49     0.00%    passed     77.30%
  33  t57     0.00%    passed     27.54%
  34  t55     0.00%    passed     73.38%
  35  t43     0.00%    passed     55.98%
  36  t97     0.00%    passed     89.83%
  37  t82     0.00%    passed     92.64%
  38  t65     0.00%    passed     73.97%
  39  t89     0.00%    passed     87.18%
  40  t25     0.00%    passed     86.54%
  41  t28     0.00%    passed     67.61%
  42  t52     0.00%    passed     16.64%
  43  t54     0.00%    passed     42.19%
  44  t23     0.00%    passed     90.22%
  45  t24     0.00%    passed     96.16%
  46  t88     0.00%    passed     37.77%
  47  t30     0.00%    passed     54.80%
  48  t91     0.00%    passed     98.03%
  49  t37     0.00%    passed     97.02%
  50  t48     0.00%    passed     66.53%
  51  t20     0.00%    passed     69.61%
  52  t99     0.00%    passed     98.70%
  53  t29     0.00%    passed     90.82%
  54  t18     0.00%    passed     98.55%
  55  t2      0.00%    passed     19.21%
  56  t71     0.00%    passed     31.62%
  57  t26     0.00%    passed     46.26%
  58  t78     0.00%    passed     57.87%
  59  t39     0.00%    passed     51.56%
  60  t22     0.00%    passed     92.40%
  61  t72     0.00%    passed     68.85%
  62  t68     0.00%    passed     65.17%
  63  t75     0.00%    passed     73.12%
  64  t66     0.00%    passed     96.14%
  65  t47     0.00%    passed     99.00%
  66  t12     0.00%    passed     86.21%
  67  t40     0.00%    passed     97.62%
  68  t5      0.00%    passed     84.01%
  69  t46     0.00%    passed     18.27%
  70  t7      0.00%    passed     77.12%
  71  t31     0.00%    passed     92.06%
  72  t14     0.00%    passed     97.02%
  73  t6      0.00%    passed     83.77%
  74  t94     0.00%    passed     90.46%
  75  t92     0.00%    passed     33.30%
  76  t15     0.00%    passed     95.74%
  77  t33     0.00%    passed     73.89%
  78  t93     0.00%    passed     97.47%
  79  t87     0.00%    passed     92.12%
  80  t67     0.00%    passed     53.64%
  81  t11     0.00%    passed     89.43%
  82  t32     0.00%    passed     76.48%
  83  t35     0.00%    passed     22.26%
  84  t8      0.00%    passed     94.99%
  85  t51     0.00%    passed     25.22%
  86  t19     0.00%    passed     98.63%
  87  t77     0.00%    passed     50.02%
  88  t58     0.00%    passed     82.68%
  89  t100    0.00%    passed     98.08%
  90  t86     0.00%    passed     53.83%
  91  t1      0.00%    passed     25.45%
  92  t10     0.00%    passed     77.67%
  93  t36     0.00%    passed     97.65%
  94  t44     0.00%    passed     81.62%
  95  t9      0.00%    passed     85.81%
  96  t81     0.00%    passed     53.50%
  97  t64     0.00%    passed     97.43%
  98  t42     0.00%    passed     91.00%
  99  t60     0.00%    passed     24.28%
 100  t84     0.00%    passed     60.18%
****  TOTAL    0.00%  0 sequences failed composition chi2 test (p-value<5%; df=19)

Create initial parsimony tree by phylogenetic likelihood library (PLL)... 0.020 seconds

NOTE: 5 MB RAM (0 GB) is required!
WARNING: Number of threads seems too high for short alignments. Use -nt AUTO to determine best number of threads.
Estimate model parameters (epsilon = 0.100)
1. Initial log-likelihood: -13559.741
2. Current log-likelihood: -12679.117
3. Current log-likelihood: -12642.556
4. Current log-likelihood: -12642.224
Optimal log-likelihood: -12642.211
Gamma shape alpha: 1.088
Parameters optimization took 4 rounds (0.137 sec)
Computing ML distances based on estimated model parameters... 5.012 sec
WARNING: Some pairwise ML distances are too long (saturated)
Computing BIONJ tree...
0.008 seconds
Log-likelihood of BIONJ tree: -12436.871
--------------------------------------------------------------------
|             INITIALIZING CANDIDATE TREE SET                      |
--------------------------------------------------------------------
Generating 98 parsimony trees... 2.181 second
Computing log-likelihood of 98 initial trees ... 3.022 seconds
Current best score: -12436.871

Do NNI search on 20 best initial trees
Estimate model parameters (epsilon = 0.100)
BETTER TREE FOUND at iteration 1: -12382.552
Iteration 10 / LogL: -12432.014 / Time: 0h:0m:10s
Iteration 20 / LogL: -12457.238 / Time: 0h:0m:15s
Finish initializing candidate tree set (20)
Current best tree score: -12382.552 / CPU time: 14.597
Number of iterations: 20
--------------------------------------------------------------------
|               OPTIMIZING CANDIDATE TREE SET                      |
--------------------------------------------------------------------
Estimate model parameters (epsilon = 0.100)
BETTER TREE FOUND at iteration 26: -12374.106
Iteration 30 / LogL: -12375.928 / Time: 0h:0m:18s (0h:1m:2s left)
Estimate model parameters (epsilon = 0.100)
BETTER TREE FOUND at iteration 32: -12373.252
Estimate model parameters (epsilon = 0.100)
BETTER TREE FOUND at iteration 34: -12368.709
Estimate model parameters (epsilon = 0.100)
BETTER TREE FOUND at iteration 39: -12368.525
Estimate model parameters (epsilon = 0.100)
BETTER TREE FOUND at iteration 40: -12363.667
Iteration 40 / LogL: -12363.667 / Time: 0h:0m:22s (0h:0m:57s left)
Iteration 50 / LogL: -12380.629 / Time: 0h:0m:25s (0h:0m:47s left)
Estimate model parameters (epsilon = 0.100)
BETTER TREE FOUND at iteration 55: -12363.424
Estimate model parameters (epsilon = 0.100)
BETTER TREE FOUND at iteration 56: -12362.331
Iteration 60 / LogL: -12369.764 / Time: 0h:0m:29s (0h:0m:47s left)
Iteration 70 / LogL: -12370.535 / Time: 0h:0m:31s (0h:0m:39s left)
Estimate model parameters (epsilon = 0.100)
BETTER TREE FOUND at iteration 74: -12359.376
Iteration 80 / LogL: -12363.818 / Time: 0h:0m:34s (0h:0m:41s left)
Estimate model parameters (epsilon = 0.100)
BETTER TREE FOUND at iteration 89: -12359.327
Iteration 90 / LogL: -12359.436 / Time: 0h:0m:37s (0h:0m:41s left)
Estimate model parameters (epsilon = 0.100)
BETTER TREE FOUND at iteration 98: -12359.273
Iteration 100 / LogL: -12360.016 / Time: 0h:0m:40s (0h:0m:40s left)
Iteration 110 / LogL: -12361.792 / Time: 0h:0m:44s (0h:0m:35s left)
Estimate model parameters (epsilon = 0.100)
BETTER TREE FOUND at iteration 113: -12359.254
Estimate model parameters (epsilon = 0.100)
BETTER TREE FOUND at iteration 117: -12359.052
Estimate model parameters (epsilon = 0.100)
BETTER TREE FOUND at iteration 118: -12359.003
Estimate model parameters (epsilon = 0.100)
BETTER TREE FOUND at iteration 119: -12358.829
Iteration 120 / LogL: -12359.605 / Time: 0h:0m:47s (0h:0m:39s left)
Estimate model parameters (epsilon = 0.100)
BETTER TREE FOUND at iteration 124: -12358.678
Estimate model parameters (epsilon = 0.100)
BETTER TREE FOUND at iteration 129: -12358.646
Iteration 130 / LogL: -12358.833 / Time: 0h:0m:50s (0h:0m:38s left)
Iteration 140 / LogL: -12361.078 / Time: 0h:0m:53s (0h:0m:33s left)
Iteration 150 / LogL: -12358.936 / Time: 0h:0m:56s (0h:0m:29s left)
Estimate model parameters (epsilon = 0.100)
BETTER TREE FOUND at iteration 159: -12358.584
Iteration 160 / LogL: -12360.780 / Time: 0h:0m:59s (0h:0m:36s left)
Iteration 170 / LogL: -12367.038 / Time: 0h:1m:1s (0h:0m:32s left)
Estimate model parameters (epsilon = 0.100)
BETTER TREE FOUND at iteration 177: -12358.296
Iteration 180 / LogL: -12358.586 / Time: 0h:1m:3s (0h:0m:34s left)
Estimate model parameters (epsilon = 0.100)
BETTER TREE FOUND at iteration 184: -12358.093
Iteration 190 / LogL: -12368.075 / Time: 0h:1m:6s (0h:0m:32s left)
Iteration 200 / LogL: -12362.738 / Time: 0h:1m:8s (0h:0m:29s left)
Estimate model parameters (epsilon = 0.100)
BETTER TREE FOUND at iteration 202: -12357.816
Iteration 210 / LogL: -12358.189 / Time: 0h:1m:11s (0h:0m:31s left)
Iteration 220 / LogL: -12357.965 / Time: 0h:1m:14s (0h:0m:27s left)
Estimate model parameters (epsilon = 0.100)
BETTER TREE FOUND at iteration 226: -12357.656
Iteration 230 / LogL: -12357.801 / Time: 0h:1m:17s (0h:0m:32s left)
UPDATE BEST LOG-LIKELIHOOD: -12357.655
Iteration 240 / LogL: -12364.135 / Time: 0h:1m:20s (0h:0m:28s left)
Iteration 250 / LogL: -12360.505 / Time: 0h:1m:22s (0h:0m:25s left)
Iteration 260 / LogL: -12357.831 / Time: 0h:1m:25s (0h:0m:21s left)
Iteration 270 / LogL: -12358.562 / Time: 0h:1m:28s (0h:0m:18s left)
Iteration 280 / LogL: -12359.721 / Time: 0h:1m:31s (0h:0m:15s left)
Iteration 290 / LogL: -12359.085 / Time: 0h:1m:34s (0h:0m:11s left)
UPDATE BEST LOG-LIKELIHOOD: -12357.655
Iteration 300 / LogL: -12357.845 / Time: 0h:1m:37s (0h:0m:8s left)
Iteration 310 / LogL: -12357.822 / Time: 0h:1m:40s (0h:0m:5s left)
Iteration 320 / LogL: -12360.898 / Time: 0h:1m:43s (0h:0m:1s left)
Estimate model parameters (epsilon = 0.100)
BETTER TREE FOUND at iteration 323: -12356.723
Iteration 330 / LogL: -12359.547 / Time: 0h:1m:46s (0h:0m:30s left)
Estimate model parameters (epsilon = 0.100)
BETTER TREE FOUND at iteration 331: -12356.513
Estimate model parameters (epsilon = 0.100)
BETTER TREE FOUND at iteration 340: -12356.340
Iteration 340 / LogL: -12356.340 / Time: 0h:1m:49s (0h:0m:32s left)
Iteration 350 / LogL: -12356.957 / Time: 0h:1m:52s (0h:0m:28s left)
Iteration 360 / LogL: -12364.217 / Time: 0h:1m:55s (0h:0m:25s left)
UPDATE BEST LOG-LIKELIHOOD: -12356.340
Iteration 370 / LogL: -12358.923 / Time: 0h:1m:58s (0h:0m:22s left)
UPDATE BEST LOG-LIKELIHOOD: -12356.340
Iteration 380 / LogL: -12375.352 / Time: 0h:2m:1s (0h:0m:19s left)
Iteration 390 / LogL: -12360.180 / Time: 0h:2m:4s (0h:0m:16s left)
Iteration 400 / LogL: -12360.140 / Time: 0h:2m:7s (0h:0m:12s left)
Estimate model parameters (epsilon = 0.100)
BETTER TREE FOUND at iteration 404: -12356.249
Iteration 410 / LogL: -12357.073 / Time: 0h:2m:11s (0h:0m:30s left)
Estimate model parameters (epsilon = 0.100)
BETTER TREE FOUND at iteration 413: -12355.850
Iteration 420 / LogL: -12362.140 / Time: 0h:2m:14s (0h:0m:29s left)
Iteration 430 / LogL: -12358.222 / Time: 0h:2m:17s (0h:0m:26s left)
Iteration 440 / LogL: -12356.459 / Time: 0h:2m:20s (0h:0m:23s left)
Iteration 450 / LogL: -12357.777 / Time: 0h:2m:23s (0h:0m:20s left)
Estimate model parameters (epsilon = 0.100)
BETTER TREE FOUND at iteration 456: -12355.762
Iteration 460 / LogL: -12361.372 / Time: 0h:2m:26s (0h:0m:30s left)
Iteration 470 / LogL: -12360.061 / Time: 0h:2m:29s (0h:0m:27s left)
Iteration 480 / LogL: -12364.919 / Time: 0h:2m:32s (0h:0m:24s left)
Iteration 490 / LogL: -12365.373 / Time: 0h:2m:35s (0h:0m:20s left)
Iteration 500 / LogL: -12356.054 / Time: 0h:2m:38s (0h:0m:17s left)
Iteration 510 / LogL: -12355.762 / Time: 0h:2m:42s (0h:0m:14s left)
Iteration 520 / LogL: -12358.718 / Time: 0h:2m:45s (0h:0m:11s left)
Iteration 530 / LogL: -12358.437 / Time: 0h:2m:48s (0h:0m:8s left)
Iteration 540 / LogL: -12355.861 / Time: 0h:2m:51s (0h:0m:5s left)
Iteration 550 / LogL: -12357.639 / Time: 0h:2m:54s (0h:0m:1s left)
TREE SEARCH COMPLETED AFTER 557 ITERATIONS / Time: 0h:2m:56s

--------------------------------------------------------------------
|                    FINALIZING TREE SEARCH                        |
--------------------------------------------------------------------
Performs final model parameters optimization
Estimate model parameters (epsilon = 0.010)
1. Initial log-likelihood: -12355.762
Optimal log-likelihood: -12355.762
Gamma shape alpha: 1.171
Parameters optimization took 1 rounds (0.022 sec)
BEST SCORE FOUND : -12355.762
Total tree length: 78.674

Total number of iterations: 557
CPU time used for tree search: 1382.762 sec (0h:23m:2s)
Wall-clock time used for tree search: 175.222 sec (0h:2m:55s)
Total CPU time used: 1390.171 sec (0h:23m:10s)
Total wall-clock time used: 176.178 sec (0h:2m:56s)

Analysis results written to: 
  IQ-TREE report:                simulations/alignments/Gal4_rtree100_bl1.5_rep1_rep6_AA.fasta.iqtree
  Maximum-likelihood tree:       simulations/alignments/Gal4_rtree100_bl1.5_rep1_rep6_AA.fasta.treefile
  Likelihood distances:          simulations/alignments/Gal4_rtree100_bl1.5_rep1_rep6_AA.fasta.mldist
  Screen log file:               simulations/alignments/Gal4_rtree100_bl1.5_rep1_rep6_AA.fasta.log

Date and Time: Thu Apr  4 12:01:41 2019
