IQ-TREE multicore version 1.6.7 for Linux 64-bit built Aug 23 2018
Developed by Bui Quang Minh, Nguyen Lam Tung, Olga Chernomor,
Heiko Schmidt, Dominik Schrempf, Michael Woodhams.

Host:    csm-com-003 (AVX2, FMA3, 62 GB RAM)
Command: iqtree -nt 8 -m pogofit_models/Gal4_btree64_bl0.3.tree_rep3_AA.dat.POGOFIT.paml+G -s simulations/alignments/Gal4_btree64_bl0.3.tree_rep3_AA.fasta -st AA -te simulations/true_trees/btree64_bl0.3.tree
Seed:    547378 (Using SPRNG - Scalable Parallel Random Number Generator)
Time:    Mon Apr  1 17:08:05 2019
Kernel:  AVX+FMA - 8 threads (48 CPU cores detected)

Reading alignment file simulations/alignments/Gal4_btree64_bl0.3.tree_rep3_AA.fasta ... Fasta format detected
Alignment most likely contains protein sequences
Alignment has 64 sequences with 64 columns, 64 distinct patterns
59 parsimony-informative, 3 singleton sites, 2 constant sites
     Gap/Ambiguity  Composition  p-value
   1  t54    0.00%    passed     92.03%
   2  t25    0.00%    passed     80.45%
   3  t8     0.00%    passed     96.14%
   4  t37    0.00%    passed     97.77%
   5  t52    0.00%    passed     98.35%
   6  t22    0.00%    passed     99.27%
   7  t13    0.00%    passed     99.76%
   8  t59    0.00%    passed     99.26%
   9  t20    0.00%    passed     95.56%
  10  t27    0.00%    passed     97.47%
  11  t2     0.00%    passed     57.67%
  12  t63    0.00%    passed     35.64%
  13  t24    0.00%    passed     99.72%
  14  t10    0.00%    passed     95.64%
  15  t1     0.00%    passed     82.91%
  16  t28    0.00%    passed     99.08%
  17  t38    0.00%    passed     72.94%
  18  t11    0.00%    passed     13.86%
  19  t23    0.00%    passed     89.43%
  20  t60    0.00%    passed     33.32%
  21  t36    0.00%    passed     12.97%
  22  t41    0.00%    passed     43.73%
  23  t18    0.00%    passed     97.90%
  24  t50    0.00%    passed     87.53%
  25  t44    0.00%    passed     55.29%
  26  t15    0.00%    passed     40.32%
  27  t62    0.00%    passed     85.62%
  28  t46    0.00%    passed     90.61%
  29  t43    0.00%    passed     98.33%
  30  t30    0.00%    passed     92.96%
  31  t55    0.00%    passed     57.91%
  32  t7     0.00%    passed     97.33%
  33  t40    0.00%    failed      4.98%
  34  t49    0.00%    passed      5.84%
  35  t51    0.00%    passed     11.96%
  36  t17    0.00%    passed     27.67%
  37  t39    0.00%    passed     84.44%
  38  t57    0.00%    passed     85.66%
  39  t61    0.00%    passed     81.79%
  40  t19    0.00%    passed     59.55%
  41  t47    0.00%    passed     99.54%
  42  t45    0.00%    passed     90.53%
  43  t56    0.00%    passed     91.53%
  44  t64    0.00%    passed     85.75%
  45  t12    0.00%    passed     72.92%
  46  t53    0.00%    passed     67.78%
  47  t6     0.00%    passed     72.29%
  48  t3     0.00%    passed     32.74%
  49  t29    0.00%    passed     68.34%
  50  t4     0.00%    passed     65.77%
  51  t16    0.00%    passed     93.12%
  52  t32    0.00%    passed     97.29%
  53  t26    0.00%    passed     98.33%
  54  t58    0.00%    passed     97.94%
  55  t35    0.00%    passed     99.84%
  56  t31    0.00%    passed     47.52%
  57  t5     0.00%    passed     64.60%
  58  t9     0.00%    passed     83.91%
  59  t14    0.00%    passed     98.60%
  60  t48    0.00%    passed     98.00%
  61  t33    0.00%    passed     99.99%
  62  t21    0.00%    passed     93.00%
  63  t42    0.00%    passed     59.63%
  64  t34    0.00%    passed     87.52%
****  TOTAL    0.00%  1 sequences failed composition chi2 test (p-value<5%; df=19)
Reading input tree file simulations/true_trees/btree64_bl0.3.tree ... rooted tree
Converting rooted to unrooted tree...
Reading model parameters from file pogofit_models/Gal4_btree64_bl0.3.tree_rep3_AA.dat.POGOFIT.paml

NOTE: 3 MB RAM (0 GB) is required!
WARNING: Number of threads seems too high for short alignments. Use -nt AUTO to determine best number of threads.
Estimate model parameters (epsilon = 0.010)
1. Initial log-likelihood: -3765.211
2. Current log-likelihood: -3694.262
3. Current log-likelihood: -3681.690
4. Current log-likelihood: -3680.850
5. Current log-likelihood: -3680.278
6. Current log-likelihood: -3678.444
7. Current log-likelihood: -3669.088
8. Current log-likelihood: -3666.068
9. Current log-likelihood: -3665.976
Optimal log-likelihood: -3665.969
Gamma shape alpha: 2.037
Parameters optimization took 9 rounds (0.264 sec)
BEST SCORE FOUND : -3665.969
Total tree length: 10.655

Total number of iterations: 0
CPU time used for tree search: 0.000 sec (0h:0m:0s)
Wall-clock time used for tree search: 0.000 sec (0h:0m:0s)
Total CPU time used: 2.118 sec (0h:0m:2s)
Total wall-clock time used: 0.277 sec (0h:0m:0s)

Analysis results written to: 
  IQ-TREE report:                simulations/alignments/Gal4_btree64_bl0.3.tree_rep3_AA.fasta.iqtree
  Maximum-likelihood tree:       simulations/alignments/Gal4_btree64_bl0.3.tree_rep3_AA.fasta.treefile
  Screen log file:               simulations/alignments/Gal4_btree64_bl0.3.tree_rep3_AA.fasta.log

Date and Time: Mon Apr  1 17:08:05 2019
