IQ-TREE multicore version 1.6.7 for Linux 64-bit built Aug 23 2018
Developed by Bui Quang Minh, Nguyen Lam Tung, Olga Chernomor,
Heiko Schmidt, Dominik Schrempf, Michael Woodhams.

Host:    csm-com-004 (AVX2, FMA3, 62 GB RAM)
Command: iqtree -nt 8 -m mtART -s simulations/alignments/Gal4_rtree64_bl3.0.tree_rep4_AA.fasta -st AA
Seed:    727381 (Using SPRNG - Scalable Parallel Random Number Generator)
Time:    Mon Apr  1 13:35:38 2019
Kernel:  AVX+FMA - 8 threads (48 CPU cores detected)

Reading alignment file simulations/alignments/Gal4_rtree64_bl3.0.tree_rep4_AA.fasta ... Fasta format detected
Alignment most likely contains protein sequences
Alignment has 64 sequences with 64 columns, 64 distinct patterns
63 parsimony-informative, 0 singleton sites, 1 constant sites
     Gap/Ambiguity  Composition  p-value
   1  t45    0.00%    passed     86.57%
   2  t32    0.00%    passed     93.28%
   3  t10    0.00%    passed     75.96%
   4  t55    0.00%    passed     35.67%
   5  t5     0.00%    passed     88.93%
   6  t20    0.00%    passed     90.92%
   7  t38    0.00%    passed     75.22%
   8  t56    0.00%    passed     30.46%
   9  t12    0.00%    passed     22.86%
  10  t35    0.00%    passed     21.23%
  11  t4     0.00%    passed     75.25%
  12  t17    0.00%    passed     76.26%
  13  t49    0.00%    passed     96.89%
  14  t13    0.00%    passed     99.80%
  15  t53    0.00%    passed     54.11%
  16  t29    0.00%    passed     67.52%
  17  t41    0.00%    passed     49.79%
  18  t8     0.00%    passed     54.10%
  19  t59    0.00%    passed     89.22%
  20  t60    0.00%    passed     55.57%
  21  t7     0.00%    passed     91.39%
  22  t44    0.00%    passed     80.45%
  23  t64    0.00%    passed     37.74%
  24  t1     0.00%    passed     20.72%
  25  t58    0.00%    passed     96.04%
  26  t27    0.00%    passed     78.72%
  27  t52    0.00%    passed     88.36%
  28  t28    0.00%    passed     89.40%
  29  t57    0.00%    passed     29.65%
  30  t11    0.00%    passed     72.20%
  31  t16    0.00%    passed     98.56%
  32  t50    0.00%    passed     26.84%
  33  t24    0.00%    passed     65.10%
  34  t25    0.00%    passed     15.35%
  35  t36    0.00%    passed     81.14%
  36  t46    0.00%    passed     39.79%
  37  t26    0.00%    passed     93.92%
  38  t15    0.00%    passed     63.66%
  39  t14    0.00%    passed     86.28%
  40  t37    0.00%    passed     34.28%
  41  t22    0.00%    passed     31.21%
  42  t47    0.00%    passed     30.47%
  43  t54    0.00%    passed     64.73%
  44  t9     0.00%    passed     20.71%
  45  t6     0.00%    passed     76.68%
  46  t34    0.00%    passed     68.25%
  47  t61    0.00%    passed     90.71%
  48  t21    0.00%    passed     10.01%
  49  t2     0.00%    passed     77.80%
  50  t39    0.00%    passed     88.81%
  51  t30    0.00%    passed     15.57%
  52  t51    0.00%    passed     69.04%
  53  t63    0.00%    passed     88.19%
  54  t19    0.00%    passed     54.33%
  55  t40    0.00%    passed     83.86%
  56  t33    0.00%    passed     15.19%
  57  t62    0.00%    passed     87.18%
  58  t18    0.00%    passed     88.47%
  59  t31    0.00%    passed     99.84%
  60  t42    0.00%    passed     31.18%
  61  t3     0.00%    passed     87.98%
  62  t23    0.00%    passed     82.84%
  63  t48    0.00%    passed     51.48%
  64  t43    0.00%    passed     98.52%
****  TOTAL    0.00%  0 sequences failed composition chi2 test (p-value<5%; df=19)

Create initial parsimony tree by phylogenetic likelihood library (PLL)... 0.009 seconds

NOTE: 0 MB RAM (0 GB) is required!
WARNING: Number of threads seems too high for short alignments. Use -nt AUTO to determine best number of threads.
Estimate model parameters (epsilon = 0.100)
1. Initial log-likelihood: -10548.241
Optimal log-likelihood: -10180.194
Parameters optimization took 1 rounds (0.022 sec)
Computing ML distances based on estimated model parameters... 1.208 sec
WARNING: Some pairwise ML distances are too long (saturated)
Computing BIONJ tree...
0.004 seconds
Log-likelihood of BIONJ tree: -10016.065
--------------------------------------------------------------------
|             INITIALIZING CANDIDATE TREE SET                      |
--------------------------------------------------------------------
Generating 98 parsimony trees... 1.066 second
Computing log-likelihood of 98 initial trees ... 1.305 seconds
Current best score: -10016.065

Do NNI search on 20 best initial trees
Estimate model parameters (epsilon = 0.100)
BETTER TREE FOUND at iteration 1: -9947.221
Iteration 10 / LogL: -10037.858 / Time: 0h:0m:4s
Iteration 20 / LogL: -10059.984 / Time: 0h:0m:6s
Finish initializing candidate tree set (20)
Current best tree score: -9947.221 / CPU time: 6.261
Number of iterations: 20
--------------------------------------------------------------------
|               OPTIMIZING CANDIDATE TREE SET                      |
--------------------------------------------------------------------
Iteration 30 / LogL: -9962.282 / Time: 0h:0m:7s (0h:0m:19s left)
Estimate model parameters (epsilon = 0.100)
BETTER TREE FOUND at iteration 35: -9936.371
Estimate model parameters (epsilon = 0.100)
BETTER TREE FOUND at iteration 39: -9933.400
Estimate model parameters (epsilon = 0.100)
BETTER TREE FOUND at iteration 40: -9930.261
Iteration 40 / LogL: -9930.261 / Time: 0h:0m:9s (0h:0m:23s left)
Estimate model parameters (epsilon = 0.100)
BETTER TREE FOUND at iteration 42: -9929.381
Estimate model parameters (epsilon = 0.100)
BETTER TREE FOUND at iteration 47: -9928.707
Estimate model parameters (epsilon = 0.100)
BETTER TREE FOUND at iteration 49: -9925.132
Iteration 50 / LogL: -9931.776 / Time: 0h:0m:10s (0h:0m:21s left)
Estimate model parameters (epsilon = 0.100)
BETTER TREE FOUND at iteration 51: -9919.690
Estimate model parameters (epsilon = 0.100)
BETTER TREE FOUND at iteration 56: -9919.416
Estimate model parameters (epsilon = 0.100)
BETTER TREE FOUND at iteration 57: -9918.644
Estimate model parameters (epsilon = 0.100)
BETTER TREE FOUND at iteration 58: -9916.427
Estimate model parameters (epsilon = 0.100)
BETTER TREE FOUND at iteration 60: -9914.498
Iteration 60 / LogL: -9914.498 / Time: 0h:0m:12s (0h:0m:20s left)
Estimate model parameters (epsilon = 0.100)
BETTER TREE FOUND at iteration 62: -9913.161
Estimate model parameters (epsilon = 0.100)
BETTER TREE FOUND at iteration 65: -9908.801
Iteration 70 / LogL: -9922.712 / Time: 0h:0m:13s (0h:0m:18s left)
Iteration 80 / LogL: -9914.518 / Time: 0h:0m:15s (0h:0m:16s left)
Estimate model parameters (epsilon = 0.100)
BETTER TREE FOUND at iteration 87: -9904.991
Iteration 90 / LogL: -9924.109 / Time: 0h:0m:16s (0h:0m:17s left)
Iteration 100 / LogL: -9913.351 / Time: 0h:0m:17s (0h:0m:15s left)
Iteration 110 / LogL: -9921.399 / Time: 0h:0m:18s (0h:0m:13s left)
Estimate model parameters (epsilon = 0.100)
BETTER TREE FOUND at iteration 120: -9904.801
Iteration 120 / LogL: -9904.801 / Time: 0h:0m:20s (0h:0m:16s left)
Estimate model parameters (epsilon = 0.100)
BETTER TREE FOUND at iteration 125: -9903.385
Iteration 130 / LogL: -9919.144 / Time: 0h:0m:21s (0h:0m:15s left)
Iteration 140 / LogL: -9905.478 / Time: 0h:0m:22s (0h:0m:13s left)
Estimate model parameters (epsilon = 0.100)
BETTER TREE FOUND at iteration 149: -9901.724
Iteration 150 / LogL: -9902.587 / Time: 0h:0m:23s (0h:0m:15s left)
Estimate model parameters (epsilon = 0.100)
BETTER TREE FOUND at iteration 155: -9901.118
Iteration 160 / LogL: -9908.096 / Time: 0h:0m:24s (0h:0m:14s left)
Estimate model parameters (epsilon = 0.100)
BETTER TREE FOUND at iteration 165: -9899.569
Iteration 170 / LogL: -9901.039 / Time: 0h:0m:26s (0h:0m:14s left)
Estimate model parameters (epsilon = 0.100)
BETTER TREE FOUND at iteration 172: -9898.496
Iteration 180 / LogL: -9909.791 / Time: 0h:0m:27s (0h:0m:14s left)
Iteration 190 / LogL: -9906.603 / Time: 0h:0m:28s (0h:0m:12s left)
Iteration 200 / LogL: -9905.919 / Time: 0h:0m:29s (0h:0m:10s left)
Iteration 210 / LogL: -9907.630 / Time: 0h:0m:30s (0h:0m:9s left)
Iteration 220 / LogL: -9900.724 / Time: 0h:0m:32s (0h:0m:7s left)
Iteration 230 / LogL: -9899.861 / Time: 0h:0m:33s (0h:0m:6s left)
Iteration 240 / LogL: -9905.627 / Time: 0h:0m:34s (0h:0m:4s left)
Iteration 250 / LogL: -9898.497 / Time: 0h:0m:35s (0h:0m:3s left)
Iteration 260 / LogL: -9909.973 / Time: 0h:0m:36s (0h:0m:1s left)
Iteration 270 / LogL: -9903.390 / Time: 0h:0m:37s (0h:0m:0s left)
TREE SEARCH COMPLETED AFTER 273 ITERATIONS / Time: 0h:0m:38s

--------------------------------------------------------------------
|                    FINALIZING TREE SEARCH                        |
--------------------------------------------------------------------
Performs final model parameters optimization
Estimate model parameters (epsilon = 0.010)
1. Initial log-likelihood: -9898.496
Optimal log-likelihood: -9898.496
Parameters optimization took 1 rounds (0.007 sec)
BEST SCORE FOUND : -9898.496
Total tree length: 84.099

Total number of iterations: 273
CPU time used for tree search: 298.408 sec (0h:4m:58s)
Wall-clock time used for tree search: 38.122 sec (0h:0m:38s)
Total CPU time used: 300.159 sec (0h:5m:0s)
Total wall-clock time used: 38.359 sec (0h:0m:38s)

Analysis results written to: 
  IQ-TREE report:                simulations/alignments/Gal4_rtree64_bl3.0.tree_rep4_AA.fasta.iqtree
  Maximum-likelihood tree:       simulations/alignments/Gal4_rtree64_bl3.0.tree_rep4_AA.fasta.treefile
  Likelihood distances:          simulations/alignments/Gal4_rtree64_bl3.0.tree_rep4_AA.fasta.mldist
  Screen log file:               simulations/alignments/Gal4_rtree64_bl3.0.tree_rep4_AA.fasta.log

Date and Time: Mon Apr  1 13:36:17 2019
