IQ-TREE multicore version 1.6.7 for Linux 64-bit built Aug 23 2018
Developed by Bui Quang Minh, Nguyen Lam Tung, Olga Chernomor,
Heiko Schmidt, Dominik Schrempf, Michael Woodhams.

Host:    csm-com-011 (AVX2, FMA3, 62 GB RAM)
Command: iqtree -nt 8 -m VT -s /csm_data/spielman_lab/dms_modelselection//simulations/alignments/Gal4_rtree100_bl0.03_rep1_rep4_AA.fasta -st AA
Seed:    794105 (Using SPRNG - Scalable Parallel Random Number Generator)
Time:    Wed Apr 10 15:21:51 2019
Kernel:  AVX+FMA - 8 threads (48 CPU cores detected)

Reading alignment file /csm_data/spielman_lab/dms_modelselection//simulations/alignments/Gal4_rtree100_bl0.03_rep1_rep4_AA.fasta ... Fasta format detected
Alignment most likely contains protein sequences
Alignment has 100 sequences with 64 columns, 56 distinct patterns
33 parsimony-informative, 13 singleton sites, 18 constant sites
      Gap/Ambiguity  Composition  p-value
   1  t19     0.00%    passed    100.00%
   2  t1      0.00%    passed    100.00%
   3  t34     0.00%    passed     99.96%
   4  t32     0.00%    passed    100.00%
   5  t56     0.00%    passed    100.00%
   6  t7      0.00%    passed    100.00%
   7  t17     0.00%    passed    100.00%
   8  t65     0.00%    passed    100.00%
   9  t72     0.00%    passed     99.70%
  10  t11     0.00%    passed     99.97%
  11  t60     0.00%    passed     99.97%
  12  t62     0.00%    passed     99.97%
  13  t63     0.00%    passed     99.98%
  14  t46     0.00%    passed     99.98%
  15  t66     0.00%    passed     99.98%
  16  t84     0.00%    passed    100.00%
  17  t74     0.00%    passed    100.00%
  18  t68     0.00%    passed    100.00%
  19  t73     0.00%    passed     99.98%
  20  t75     0.00%    passed    100.00%
  21  t98     0.00%    passed     99.68%
  22  t42     0.00%    passed     99.69%
  23  t16     0.00%    passed    100.00%
  24  t97     0.00%    passed     99.96%
  25  t2      0.00%    passed     99.93%
  26  t3      0.00%    passed     99.88%
  27  t76     0.00%    passed    100.00%
  28  t71     0.00%    passed     99.99%
  29  t18     0.00%    passed     99.77%
  30  t87     0.00%    passed     99.93%
  31  t20     0.00%    passed     99.99%
  32  t41     0.00%    passed    100.00%
  33  t40     0.00%    passed    100.00%
  34  t51     0.00%    passed    100.00%
  35  t27     0.00%    passed     99.61%
  36  t29     0.00%    passed     99.64%
  37  t91     0.00%    passed     99.83%
  38  t61     0.00%    passed     99.90%
  39  t6      0.00%    passed     99.90%
  40  t80     0.00%    passed     99.56%
  41  t90     0.00%    passed     99.99%
  42  t57     0.00%    passed    100.00%
  43  t85     0.00%    passed    100.00%
  44  t67     0.00%    passed    100.00%
  45  t70     0.00%    passed    100.00%
  46  t36     0.00%    passed    100.00%
  47  t48     0.00%    passed    100.00%
  48  t78     0.00%    passed    100.00%
  49  t43     0.00%    passed    100.00%
  50  t14     0.00%    passed    100.00%
  51  t82     0.00%    passed    100.00%
  52  t89     0.00%    passed     99.98%
  53  t53     0.00%    passed    100.00%
  54  t23     0.00%    passed    100.00%
  55  t35     0.00%    passed    100.00%
  56  t77     0.00%    passed    100.00%
  57  t5      0.00%    passed    100.00%
  58  t8      0.00%    passed    100.00%
  59  t45     0.00%    passed    100.00%
  60  t81     0.00%    passed    100.00%
  61  t55     0.00%    passed    100.00%
  62  t13     0.00%    passed    100.00%
  63  t92     0.00%    passed    100.00%
  64  t26     0.00%    passed    100.00%
  65  t44     0.00%    passed    100.00%
  66  t64     0.00%    passed    100.00%
  67  t24     0.00%    passed    100.00%
  68  t38     0.00%    passed    100.00%
  69  t49     0.00%    passed    100.00%
  70  t88     0.00%    passed    100.00%
  71  t58     0.00%    passed    100.00%
  72  t79     0.00%    passed    100.00%
  73  t37     0.00%    passed    100.00%
  74  t33     0.00%    passed    100.00%
  75  t31     0.00%    passed    100.00%
  76  t96     0.00%    passed    100.00%
  77  t12     0.00%    passed    100.00%
  78  t86     0.00%    passed    100.00%
  79  t21     0.00%    passed    100.00%
  80  t28     0.00%    passed    100.00%
  81  t30     0.00%    passed    100.00%
  82  t39     0.00%    passed     96.70%
  83  t59     0.00%    passed    100.00%
  84  t25     0.00%    passed    100.00%
  85  t15     0.00%    passed    100.00%
  86  t50     0.00%    passed    100.00%
  87  t99     0.00%    passed     99.91%
  88  t69     0.00%    passed    100.00%
  89  t10     0.00%    passed    100.00%
  90  t95     0.00%    passed    100.00%
  91  t22     0.00%    passed     99.88%
  92  t54     0.00%    passed    100.00%
  93  t47     0.00%    passed    100.00%
  94  t83     0.00%    passed    100.00%
  95  t4      0.00%    passed    100.00%
  96  t9      0.00%    passed    100.00%
  97  t100    0.00%    passed    100.00%
  98  t94     0.00%    passed    100.00%
  99  t52     0.00%    passed     99.99%
 100  t93     0.00%    passed     99.99%
****  TOTAL    0.00%  0 sequences failed composition chi2 test (p-value<5%; df=17)
NOTE: t17 is identical to t7 but kept for subsequent analysis
NOTE: t62 is identical to t60 but kept for subsequent analysis
NOTE: t40 is identical to t41 but kept for subsequent analysis
NOTE: t48 is identical to t67 but kept for subsequent analysis
NOTE: t23 is identical to t82 but kept for subsequent analysis
NOTE: t8 is identical to t5 but kept for subsequent analysis
NOTE: t13 is identical to t55 but kept for subsequent analysis
NOTE: t44 is identical to t26 but kept for subsequent analysis
NOTE: t37 is identical to t79 but kept for subsequent analysis
NOTE: t28 is identical to t21 but kept for subsequent analysis
NOTE: t9 is identical to t4 but kept for subsequent analysis
NOTE: 6 identical sequences (see below) will be ignored for subsequent analysis
NOTE: t35 (identical to t82) is ignored but added at the end
NOTE: t30 (identical to t21) is ignored but added at the end
NOTE: t15 (identical to t21) is ignored but added at the end
NOTE: t69 (identical to t21) is ignored but added at the end
NOTE: t10 (identical to t21) is ignored but added at the end
NOTE: t100 (identical to t4) is ignored but added at the end

For your convenience alignment with unique sequences printed to /csm_data/spielman_lab/dms_modelselection//simulations/alignments/Gal4_rtree100_bl0.03_rep1_rep4_AA.fasta.uniqueseq.phy
NOTE: State(s) Q, H not present in alignment and thus removed from Markov process to prevent numerical problems
NOTE: 2 states (see above) are not present and thus removed from Markov process to prevent numerical problems

Create initial parsimony tree by phylogenetic likelihood library (PLL)... 0.010 seconds

NOTE: 1 MB RAM (0 GB) is required!
WARNING: Number of threads seems too high for short alignments. Use -nt AUTO to determine best number of threads.
Estimate model parameters (epsilon = 0.100)
1. Initial log-likelihood: -1256.708
Optimal log-likelihood: -1176.695
Parameters optimization took 1 rounds (0.023 sec)
Computing ML distances based on estimated model parameters... 0.710 sec
Computing BIONJ tree...
0.012 seconds
Log-likelihood of BIONJ tree: -1159.062
--------------------------------------------------------------------
|             INITIALIZING CANDIDATE TREE SET                      |
--------------------------------------------------------------------
Generating 98 parsimony trees... 1.051 second
Computing log-likelihood of 98 initial trees ... 1.636 seconds
Current best score: -1152.684

Do NNI search on 20 best initial trees
Estimate model parameters (epsilon = 0.100)
BETTER TREE FOUND at iteration 1: -1152.684
Estimate model parameters (epsilon = 0.100)
BETTER TREE FOUND at iteration 2: -1152.160
Iteration 10 / LogL: -1154.245 / Time: 0h:0m:3s
Estimate model parameters (epsilon = 0.100)
BETTER TREE FOUND at iteration 14: -1152.017
Iteration 20 / LogL: -1156.255 / Time: 0h:0m:3s
Finish initializing candidate tree set (20)
Current best tree score: -1152.017 / CPU time: 3.525
Number of iterations: 20
--------------------------------------------------------------------
|               OPTIMIZING CANDIDATE TREE SET                      |
--------------------------------------------------------------------
Iteration 30 / LogL: -1152.683 / Time: 0h:0m:5s (0h:0m:14s left)
BETTER TREE FOUND at iteration 33: -1152.017
BETTER TREE FOUND at iteration 36: -1152.016
BETTER TREE FOUND at iteration 39: -1152.016
Iteration 40 / LogL: -1157.466 / Time: 0h:0m:6s (0h:0m:16s left)
BETTER TREE FOUND at iteration 49: -1152.016
BETTER TREE FOUND at iteration 50: -1152.016
Iteration 50 / LogL: -1152.016 / Time: 0h:0m:8s (0h:0m:16s left)
BETTER TREE FOUND at iteration 59: -1152.016
BETTER TREE FOUND at iteration 60: -1152.016
Iteration 60 / LogL: -1152.016 / Time: 0h:0m:9s (0h:0m:16s left)
BETTER TREE FOUND at iteration 61: -1152.016
Iteration 70 / LogL: -1152.016 / Time: 0h:0m:11s (0h:0m:14s left)
BETTER TREE FOUND at iteration 71: -1152.016
Iteration 80 / LogL: -1152.016 / Time: 0h:0m:12s (0h:0m:14s left)
Iteration 90 / LogL: -1155.919 / Time: 0h:0m:14s (0h:0m:13s left)
BETTER TREE FOUND at iteration 99: -1152.016
Iteration 100 / LogL: -1152.016 / Time: 0h:0m:15s (0h:0m:15s left)
Iteration 110 / LogL: -1152.016 / Time: 0h:0m:17s (0h:0m:14s left)
BETTER TREE FOUND at iteration 116: -1152.016
Iteration 120 / LogL: -1152.016 / Time: 0h:0m:18s (0h:0m:15s left)
BETTER TREE FOUND at iteration 127: -1152.016
Iteration 130 / LogL: -1152.016 / Time: 0h:0m:20s (0h:0m:15s left)
BETTER TREE FOUND at iteration 131: -1152.016
BETTER TREE FOUND at iteration 134: -1152.015
Iteration 140 / LogL: -1152.016 / Time: 0h:0m:21s (0h:0m:14s left)
Iteration 150 / LogL: -1152.015 / Time: 0h:0m:23s (0h:0m:13s left)
BETTER TREE FOUND at iteration 152: -1152.015
Iteration 160 / LogL: -1161.444 / Time: 0h:0m:24s (0h:0m:14s left)
Iteration 170 / LogL: -1152.015 / Time: 0h:0m:26s (0h:0m:12s left)
BETTER TREE FOUND at iteration 175: -1152.015
Iteration 180 / LogL: -1152.015 / Time: 0h:0m:27s (0h:0m:14s left)
BETTER TREE FOUND at iteration 183: -1152.015
Iteration 190 / LogL: -1156.399 / Time: 0h:0m:29s (0h:0m:14s left)
Iteration 200 / LogL: -1164.102 / Time: 0h:0m:30s (0h:0m:12s left)
Iteration 210 / LogL: -1152.016 / Time: 0h:0m:32s (0h:0m:11s left)
Iteration 220 / LogL: -1152.016 / Time: 0h:0m:33s (0h:0m:9s left)
Iteration 230 / LogL: -1152.016 / Time: 0h:0m:35s (0h:0m:8s left)
Iteration 240 / LogL: -1152.015 / Time: 0h:0m:36s (0h:0m:6s left)
BETTER TREE FOUND at iteration 245: -1152.015
Iteration 250 / LogL: -1152.015 / Time: 0h:0m:38s (0h:0m:14s left)
Iteration 260 / LogL: -1152.016 / Time: 0h:0m:39s (0h:0m:13s left)
Iteration 270 / LogL: -1157.615 / Time: 0h:0m:41s (0h:0m:11s left)
BETTER TREE FOUND at iteration 278: -1152.015
Iteration 280 / LogL: -1155.919 / Time: 0h:0m:42s (0h:0m:14s left)
Iteration 290 / LogL: -1152.015 / Time: 0h:0m:43s (0h:0m:13s left)
Iteration 300 / LogL: -1152.016 / Time: 0h:0m:45s (0h:0m:11s left)
Iteration 310 / LogL: -1165.169 / Time: 0h:0m:46s (0h:0m:10s left)
BETTER TREE FOUND at iteration 314: -1152.015
Iteration 320 / LogL: -1152.015 / Time: 0h:0m:48s (0h:0m:14s left)
Iteration 330 / LogL: -1158.204 / Time: 0h:0m:49s (0h:0m:12s left)
BETTER TREE FOUND at iteration 340: -1152.015
Iteration 340 / LogL: -1152.015 / Time: 0h:0m:51s (0h:0m:15s left)
BETTER TREE FOUND at iteration 344: -1152.015
Iteration 350 / LogL: -1152.016 / Time: 0h:0m:52s (0h:0m:14s left)
Iteration 360 / LogL: -1152.159 / Time: 0h:0m:54s (0h:0m:12s left)
Iteration 370 / LogL: -1152.016 / Time: 0h:0m:55s (0h:0m:11s left)
Iteration 380 / LogL: -1152.015 / Time: 0h:0m:57s (0h:0m:9s left)
BETTER TREE FOUND at iteration 381: -1152.015
Iteration 390 / LogL: -1152.015 / Time: 0h:0m:58s (0h:0m:13s left)
Iteration 400 / LogL: -1158.236 / Time: 0h:1m:0s (0h:0m:12s left)
Iteration 410 / LogL: -1152.016 / Time: 0h:1m:1s (0h:0m:10s left)
BETTER TREE FOUND at iteration 413: -1152.015
Iteration 420 / LogL: -1152.015 / Time: 0h:1m:3s (0h:0m:14s left)
Iteration 430 / LogL: -1152.015 / Time: 0h:1m:4s (0h:0m:12s left)
BETTER TREE FOUND at iteration 433: -1152.015
Iteration 440 / LogL: -1156.377 / Time: 0h:1m:6s (0h:0m:13s left)
BETTER TREE FOUND at iteration 447: -1152.015
Iteration 450 / LogL: -1152.015 / Time: 0h:1m:7s (0h:0m:14s left)
Iteration 460 / LogL: -1158.490 / Time: 0h:1m:9s (0h:0m:13s left)
Iteration 470 / LogL: -1158.955 / Time: 0h:1m:10s (0h:0m:11s left)
Iteration 480 / LogL: -1152.015 / Time: 0h:1m:12s (0h:0m:10s left)
BETTER TREE FOUND at iteration 482: -1152.015
Iteration 490 / LogL: -1152.015 / Time: 0h:1m:13s (0h:0m:13s left)
Iteration 500 / LogL: -1152.015 / Time: 0h:1m:14s (0h:0m:12s left)
Iteration 510 / LogL: -1164.108 / Time: 0h:1m:16s (0h:0m:10s left)
BETTER TREE FOUND at iteration 515: -1152.015
Iteration 520 / LogL: -1164.044 / Time: 0h:1m:17s (0h:0m:14s left)
Iteration 530 / LogL: -1152.015 / Time: 0h:1m:19s (0h:0m:12s left)
Iteration 540 / LogL: -1152.015 / Time: 0h:1m:20s (0h:0m:11s left)
Iteration 550 / LogL: -1158.490 / Time: 0h:1m:22s (0h:0m:9s left)
BETTER TREE FOUND at iteration 558: -1152.015
Iteration 560 / LogL: -1152.015 / Time: 0h:1m:23s (0h:0m:14s left)
Iteration 570 / LogL: -1152.015 / Time: 0h:1m:25s (0h:0m:13s left)
BETTER TREE FOUND at iteration 576: -1152.015
Iteration 580 / LogL: -1152.015 / Time: 0h:1m:26s (0h:0m:14s left)
Iteration 590 / LogL: -1156.399 / Time: 0h:1m:28s (0h:0m:12s left)
Iteration 600 / LogL: -1152.015 / Time: 0h:1m:29s (0h:0m:11s left)
Iteration 610 / LogL: -1152.015 / Time: 0h:1m:31s (0h:0m:9s left)
Iteration 620 / LogL: -1157.465 / Time: 0h:1m:32s (0h:0m:8s left)
Iteration 630 / LogL: -1152.015 / Time: 0h:1m:34s (0h:0m:6s left)
Iteration 640 / LogL: -1155.627 / Time: 0h:1m:35s (0h:0m:5s left)
Iteration 650 / LogL: -1152.015 / Time: 0h:1m:37s (0h:0m:3s left)
Iteration 660 / LogL: -1152.015 / Time: 0h:1m:38s (0h:0m:2s left)
Iteration 670 / LogL: -1152.015 / Time: 0h:1m:40s (0h:0m:0s left)
TREE SEARCH COMPLETED AFTER 677 ITERATIONS / Time: 0h:1m:41s

--------------------------------------------------------------------
|                    FINALIZING TREE SEARCH                        |
--------------------------------------------------------------------
Performs final model parameters optimization
Estimate model parameters (epsilon = 0.010)
1. Initial log-likelihood: -1152.015
Optimal log-likelihood: -1152.015
Parameters optimization took 1 rounds (0.006 sec)
BEST SCORE FOUND : -1152.015
Total tree length: 2.099

Total number of iterations: 677
CPU time used for tree search: 801.654 sec (0h:13m:21s)
Wall-clock time used for tree search: 101.230 sec (0h:1m:41s)
Total CPU time used: 803.001 sec (0h:13m:23s)
Total wall-clock time used: 101.420 sec (0h:1m:41s)

Analysis results written to: 
  IQ-TREE report:                /csm_data/spielman_lab/dms_modelselection//simulations/alignments/Gal4_rtree100_bl0.03_rep1_rep4_AA.fasta.iqtree
  Maximum-likelihood tree:       /csm_data/spielman_lab/dms_modelselection//simulations/alignments/Gal4_rtree100_bl0.03_rep1_rep4_AA.fasta.treefile
  Likelihood distances:          /csm_data/spielman_lab/dms_modelselection//simulations/alignments/Gal4_rtree100_bl0.03_rep1_rep4_AA.fasta.mldist
  Screen log file:               /csm_data/spielman_lab/dms_modelselection//simulations/alignments/Gal4_rtree100_bl0.03_rep1_rep4_AA.fasta.log

Date and Time: Wed Apr 10 15:23:33 2019
