IQ-TREE multicore version 1.6.7 for Linux 64-bit built Aug 23 2018
Developed by Bui Quang Minh, Nguyen Lam Tung, Olga Chernomor,
Heiko Schmidt, Dominik Schrempf, Michael Woodhams.

Host:    csm-com-011 (AVX2, FMA3, 62 GB RAM)
Command: iqtree -nt 8 -m HIVw+I+G4 -s /csm_data/spielman_lab/dms_modelselection//simulations/alignments/Gal4_rtree100_bl0.03_rep1_rep10_AA.fasta -st AA
Seed:    450576 (Using SPRNG - Scalable Parallel Random Number Generator)
Time:    Wed Apr 10 15:59:07 2019
Kernel:  AVX+FMA - 8 threads (48 CPU cores detected)

Reading alignment file /csm_data/spielman_lab/dms_modelselection//simulations/alignments/Gal4_rtree100_bl0.03_rep1_rep10_AA.fasta ... Fasta format detected
Alignment most likely contains protein sequences
Alignment has 100 sequences with 64 columns, 54 distinct patterns
33 parsimony-informative, 6 singleton sites, 25 constant sites
      Gap/Ambiguity  Composition  p-value
   1  t19     0.00%    passed    100.00%
   2  t1      0.00%    passed    100.00%
   3  t34     0.00%    passed     99.53%
   4  t32     0.00%    passed     99.88%
   5  t56     0.00%    passed     99.53%
   6  t7      0.00%    passed     99.65%
   7  t17     0.00%    passed     99.09%
   8  t65     0.00%    passed    100.00%
   9  t72     0.00%    passed     99.98%
  10  t11     0.00%    passed     99.93%
  11  t60     0.00%    passed     99.97%
  12  t62     0.00%    passed     99.97%
  13  t63     0.00%    passed     99.94%
  14  t46     0.00%    passed     99.98%
  15  t66     0.00%    passed     99.87%
  16  t84     0.00%    passed     99.98%
  17  t74     0.00%    passed     99.98%
  18  t68     0.00%    passed    100.00%
  19  t73     0.00%    passed    100.00%
  20  t75     0.00%    passed    100.00%
  21  t98     0.00%    passed     99.98%
  22  t42     0.00%    passed     99.97%
  23  t16     0.00%    passed     99.98%
  24  t97     0.00%    passed    100.00%
  25  t2      0.00%    passed    100.00%
  26  t3      0.00%    passed    100.00%
  27  t76     0.00%    passed     99.98%
  28  t71     0.00%    passed     99.99%
  29  t18     0.00%    passed     97.56%
  30  t87     0.00%    passed     97.56%
  31  t20     0.00%    failed      1.37%
  32  t41     0.00%    failed      1.37%
  33  t40     0.00%    failed      1.37%
  34  t51     0.00%    passed     99.99%
  35  t27     0.00%    passed     99.99%
  36  t29     0.00%    passed     99.99%
  37  t91     0.00%    passed     99.96%
  38  t61     0.00%    passed     99.98%
  39  t6      0.00%    passed     99.98%
  40  t80     0.00%    passed    100.00%
  41  t90     0.00%    passed    100.00%
  42  t57     0.00%    passed    100.00%
  43  t85     0.00%    passed    100.00%
  44  t67     0.00%    passed    100.00%
  45  t70     0.00%    passed     95.27%
  46  t36     0.00%    passed    100.00%
  47  t48     0.00%    passed    100.00%
  48  t78     0.00%    passed    100.00%
  49  t43     0.00%    passed    100.00%
  50  t14     0.00%    passed    100.00%
  51  t82     0.00%    passed    100.00%
  52  t89     0.00%    passed    100.00%
  53  t53     0.00%    passed    100.00%
  54  t23     0.00%    passed     97.23%
  55  t35     0.00%    passed    100.00%
  56  t77     0.00%    passed    100.00%
  57  t5      0.00%    passed     99.81%
  58  t8      0.00%    passed     99.81%
  59  t45     0.00%    passed     99.48%
  60  t81     0.00%    passed     99.93%
  61  t55     0.00%    passed     99.93%
  62  t13     0.00%    passed     99.93%
  63  t92     0.00%    passed    100.00%
  64  t26     0.00%    passed    100.00%
  65  t44     0.00%    passed    100.00%
  66  t64     0.00%    passed     99.99%
  67  t24     0.00%    passed    100.00%
  68  t38     0.00%    passed    100.00%
  69  t49     0.00%    passed    100.00%
  70  t88     0.00%    passed    100.00%
  71  t58     0.00%    passed    100.00%
  72  t79     0.00%    passed     97.99%
  73  t37     0.00%    passed     97.99%
  74  t33     0.00%    passed     99.93%
  75  t31     0.00%    passed     99.98%
  76  t96     0.00%    passed     99.22%
  77  t12     0.00%    passed     99.62%
  78  t86     0.00%    passed     97.24%
  79  t21     0.00%    passed     99.98%
  80  t28     0.00%    passed    100.00%
  81  t30     0.00%    passed    100.00%
  82  t39     0.00%    passed     99.99%
  83  t59     0.00%    passed    100.00%
  84  t25     0.00%    passed    100.00%
  85  t15     0.00%    passed    100.00%
  86  t50     0.00%    passed     99.98%
  87  t99     0.00%    passed    100.00%
  88  t69     0.00%    passed    100.00%
  89  t10     0.00%    passed    100.00%
  90  t95     0.00%    passed    100.00%
  91  t22     0.00%    passed    100.00%
  92  t54     0.00%    passed     99.99%
  93  t47     0.00%    passed    100.00%
  94  t83     0.00%    passed    100.00%
  95  t4      0.00%    passed    100.00%
  96  t9      0.00%    passed     99.90%
  97  t100    0.00%    passed     99.99%
  98  t94     0.00%    passed     99.99%
  99  t52     0.00%    passed     99.97%
 100  t93     0.00%    passed    100.00%
****  TOTAL    0.00%  3 sequences failed composition chi2 test (p-value<5%; df=18)
NOTE: t1 is identical to t19 but kept for subsequent analysis
NOTE: t46 is identical to t72 but kept for subsequent analysis
NOTE: t62 is identical to t60 but kept for subsequent analysis
NOTE: t3 is identical to t97 but kept for subsequent analysis
NOTE: t87 is identical to t18 but kept for subsequent analysis
NOTE: t41 is identical to t20 but kept for subsequent analysis
NOTE: t29 is identical to t27 but kept for subsequent analysis
NOTE: t85 is identical to t80 but kept for subsequent analysis
NOTE: t49 is identical to t89 but kept for subsequent analysis
NOTE: t8 is identical to t5 but kept for subsequent analysis
NOTE: t55 is identical to t81 but kept for subsequent analysis
NOTE: t26 is identical to t92 but kept for subsequent analysis
NOTE: t58 is identical to t88 but kept for subsequent analysis
NOTE: t37 is identical to t79 but kept for subsequent analysis
NOTE: t30 is identical to t28 but kept for subsequent analysis
NOTE: t25 is identical to t59 but kept for subsequent analysis
NOTE: 10 identical sequences (see below) will be ignored for subsequent analysis
NOTE: t84 (identical to t72) is ignored but added at the end
NOTE: t74 (identical to t72) is ignored but added at the end
NOTE: t40 (identical to t20) is ignored but added at the end
NOTE: t67 (identical to t80) is ignored but added at the end
NOTE: t14 (identical to t80) is ignored but added at the end
NOTE: t13 (identical to t81) is ignored but added at the end
NOTE: t44 (identical to t92) is ignored but added at the end
NOTE: t69 (identical to t28) is ignored but added at the end
NOTE: t10 (identical to t28) is ignored but added at the end
NOTE: t15 (identical to t59) is ignored but added at the end

For your convenience alignment with unique sequences printed to /csm_data/spielman_lab/dms_modelselection//simulations/alignments/Gal4_rtree100_bl0.03_rep1_rep10_AA.fasta.uniqueseq.phy
NOTE: State(s) W not present in alignment and thus removed from Markov process to prevent numerical problems
NOTE: 1 states (see above) are not present and thus removed from Markov process to prevent numerical problems

Create initial parsimony tree by phylogenetic likelihood library (PLL)... 0.008 seconds

NOTE: 4 MB RAM (0 GB) is required!
WARNING: Number of threads seems too high for short alignments. Use -nt AUTO to determine best number of threads.
Estimate model parameters (epsilon = 0.100)
Thoroughly optimizing +I+G parameters from 10 start values...
Init pinv, alpha: 0.000, 1.000 / Estimate: 0.000, 0.672 / LogL: -1001.492
Init pinv, alpha: 0.043, 1.000 / Estimate: 0.055, 0.781 / LogL: -1001.405
Init pinv, alpha: 0.087, 1.000 / Estimate: 0.111, 0.924 / LogL: -1001.282
Init pinv, alpha: 0.130, 1.000 / Estimate: 0.162, 1.093 / LogL: -1001.173
Init pinv, alpha: 0.174, 1.000 / Estimate: 0.202, 1.266 / LogL: -1001.130
Init pinv, alpha: 0.217, 1.000 / Estimate: 0.229, 1.409 / LogL: -1001.150
Init pinv, alpha: 0.260, 1.000 / Estimate: 0.245, 1.508 / LogL: -1001.192
Init pinv, alpha: 0.304, 1.000 / Estimate: 0.256, 1.574 / LogL: -1001.232
Init pinv, alpha: 0.347, 1.000 / Estimate: 0.251, 1.545 / LogL: -1001.214
Init pinv, alpha: 0.391, 1.000 / Estimate: 0.254, 1.566 / LogL: -1001.229
Optimal pinv,alpha: 0.202, 1.266 / LogL: -1001.130

Parameters optimization took 1.107 sec
Computing ML distances based on estimated model parameters... 2.130 sec
Computing BIONJ tree...
0.006 seconds
Log-likelihood of BIONJ tree: -1003.568
--------------------------------------------------------------------
|             INITIALIZING CANDIDATE TREE SET                      |
--------------------------------------------------------------------
Generating 98 parsimony trees... 0.861 second
Computing log-likelihood of 98 initial trees ... 2.756 seconds
Current best score: -996.569

Do NNI search on 20 best initial trees
Estimate model parameters (epsilon = 0.100)
BETTER TREE FOUND at iteration 1: -995.891
Iteration 10 / LogL: -999.091 / Time: 0h:0m:7s
Iteration 20 / LogL: -995.891 / Time: 0h:0m:10s
Finish initializing candidate tree set (20)
Current best tree score: -995.891 / CPU time: 9.280
Number of iterations: 20
--------------------------------------------------------------------
|               OPTIMIZING CANDIDATE TREE SET                      |
--------------------------------------------------------------------
BETTER TREE FOUND at iteration 24: -995.891
BETTER TREE FOUND at iteration 28: -995.891
Iteration 30 / LogL: -1002.014 / Time: 0h:0m:14s (0h:0m:48s left)
BETTER TREE FOUND at iteration 33: -995.891
BETTER TREE FOUND at iteration 35: -995.890
Iteration 40 / LogL: -995.890 / Time: 0h:0m:17s (0h:0m:42s left)
BETTER TREE FOUND at iteration 43: -995.890
BETTER TREE FOUND at iteration 44: -995.890
BETTER TREE FOUND at iteration 45: -995.890
BETTER TREE FOUND at iteration 47: -995.890
BETTER TREE FOUND at iteration 48: -995.890
Iteration 50 / LogL: -995.890 / Time: 0h:0m:21s (0h:0m:42s left)
BETTER TREE FOUND at iteration 55: -995.890
BETTER TREE FOUND at iteration 60: -995.890
Iteration 60 / LogL: -995.890 / Time: 0h:0m:24s (0h:0m:41s left)
BETTER TREE FOUND at iteration 62: -995.890
BETTER TREE FOUND at iteration 67: -995.889
Iteration 70 / LogL: -995.890 / Time: 0h:0m:28s (0h:0m:39s left)
BETTER TREE FOUND at iteration 76: -995.889
Iteration 80 / LogL: -995.889 / Time: 0h:0m:31s (0h:0m:38s left)
BETTER TREE FOUND at iteration 83: -995.889
Iteration 90 / LogL: -1001.134 / Time: 0h:0m:35s (0h:0m:36s left)
BETTER TREE FOUND at iteration 96: -995.889
Iteration 100 / LogL: -995.889 / Time: 0h:0m:38s (0h:0m:37s left)
Iteration 110 / LogL: -995.889 / Time: 0h:0m:42s (0h:0m:33s left)
Iteration 120 / LogL: -1000.654 / Time: 0h:0m:45s (0h:0m:29s left)
BETTER TREE FOUND at iteration 125: -995.889
Iteration 130 / LogL: -995.889 / Time: 0h:0m:49s (0h:0m:36s left)
BETTER TREE FOUND at iteration 132: -995.889
BETTER TREE FOUND at iteration 134: -995.889
Iteration 140 / LogL: -1010.170 / Time: 0h:0m:52s (0h:0m:35s left)
BETTER TREE FOUND at iteration 142: -995.889
Iteration 150 / LogL: -1000.016 / Time: 0h:0m:56s (0h:0m:34s left)
Iteration 160 / LogL: -1001.057 / Time: 0h:1m:0s (0h:0m:30s left)
BETTER TREE FOUND at iteration 162: -995.889
Iteration 170 / LogL: -1003.762 / Time: 0h:1m:3s (0h:0m:34s left)
Iteration 180 / LogL: -995.889 / Time: 0h:1m:7s (0h:0m:30s left)
Iteration 190 / LogL: -999.425 / Time: 0h:1m:10s (0h:0m:26s left)
Iteration 200 / LogL: -995.889 / Time: 0h:1m:14s (0h:0m:23s left)
BETTER TREE FOUND at iteration 205: -995.889
Iteration 210 / LogL: -1004.933 / Time: 0h:1m:17s (0h:0m:35s left)
Iteration 220 / LogL: -995.889 / Time: 0h:1m:21s (0h:0m:31s left)
Iteration 230 / LogL: -1002.012 / Time: 0h:1m:24s (0h:0m:27s left)
BETTER TREE FOUND at iteration 231: -995.889
Iteration 240 / LogL: -995.889 / Time: 0h:1m:28s (0h:0m:33s left)
Iteration 250 / LogL: -995.889 / Time: 0h:1m:31s (0h:0m:29s left)
Iteration 260 / LogL: -995.889 / Time: 0h:1m:34s (0h:0m:25s left)
Iteration 270 / LogL: -1008.611 / Time: 0h:1m:37s (0h:0m:22s left)
Iteration 280 / LogL: -995.889 / Time: 0h:1m:41s (0h:0m:18s left)
Iteration 290 / LogL: -995.889 / Time: 0h:1m:44s (0h:0m:14s left)
BETTER TREE FOUND at iteration 297: -995.889
Iteration 300 / LogL: -995.889 / Time: 0h:1m:47s (0h:0m:34s left)
Iteration 310 / LogL: -1002.196 / Time: 0h:1m:50s (0h:0m:31s left)
Iteration 320 / LogL: -1012.154 / Time: 0h:1m:54s (0h:0m:27s left)
Iteration 330 / LogL: -1005.369 / Time: 0h:1m:57s (0h:0m:23s left)
Iteration 340 / LogL: -995.889 / Time: 0h:2m:1s (0h:0m:20s left)
BETTER TREE FOUND at iteration 350: -995.889
Iteration 350 / LogL: -995.889 / Time: 0h:2m:5s (0h:0m:35s left)
Iteration 360 / LogL: -1009.629 / Time: 0h:2m:8s (0h:0m:32s left)
Iteration 370 / LogL: -1005.187 / Time: 0h:2m:11s (0h:0m:28s left)
Iteration 380 / LogL: -1000.675 / Time: 0h:2m:15s (0h:0m:24s left)
Iteration 390 / LogL: -995.889 / Time: 0h:2m:18s (0h:0m:21s left)
BETTER TREE FOUND at iteration 392: -995.889
BETTER TREE FOUND at iteration 396: -995.889
Iteration 400 / LogL: -995.889 / Time: 0h:2m:22s (0h:0m:34s left)
Iteration 410 / LogL: -1022.413 / Time: 0h:2m:25s (0h:0m:30s left)
BETTER TREE FOUND at iteration 415: -995.889
Iteration 420 / LogL: -1002.660 / Time: 0h:2m:29s (0h:0m:33s left)
Iteration 430 / LogL: -995.889 / Time: 0h:2m:32s (0h:0m:30s left)
Iteration 440 / LogL: -1010.408 / Time: 0h:2m:36s (0h:0m:26s left)
Iteration 450 / LogL: -1002.684 / Time: 0h:2m:39s (0h:0m:23s left)
Iteration 460 / LogL: -1005.369 / Time: 0h:2m:43s (0h:0m:19s left)
Iteration 470 / LogL: -999.424 / Time: 0h:2m:46s (0h:0m:15s left)
BETTER TREE FOUND at iteration 476: -995.889
Iteration 480 / LogL: -995.889 / Time: 0h:2m:49s (0h:0m:34s left)
Iteration 490 / LogL: -995.889 / Time: 0h:2m:53s (0h:0m:30s left)
BETTER TREE FOUND at iteration 496: -995.889
Iteration 500 / LogL: -995.889 / Time: 0h:2m:56s (0h:0m:33s left)
Iteration 510 / LogL: -1000.242 / Time: 0h:2m:59s (0h:0m:30s left)
Iteration 520 / LogL: -995.889 / Time: 0h:3m:3s (0h:0m:26s left)
Iteration 530 / LogL: -1000.200 / Time: 0h:3m:6s (0h:0m:23s left)
Iteration 540 / LogL: -1000.675 / Time: 0h:3m:10s (0h:0m:19s left)
Iteration 550 / LogL: -995.889 / Time: 0h:3m:13s (0h:0m:16s left)
Iteration 560 / LogL: -995.889 / Time: 0h:3m:16s (0h:0m:12s left)
Iteration 570 / LogL: -995.889 / Time: 0h:3m:20s (0h:0m:9s left)
Iteration 580 / LogL: -1009.013 / Time: 0h:3m:23s (0h:0m:5s left)
Iteration 590 / LogL: -1002.660 / Time: 0h:3m:26s (0h:0m:2s left)
TREE SEARCH COMPLETED AFTER 597 ITERATIONS / Time: 0h:3m:29s

--------------------------------------------------------------------
|                    FINALIZING TREE SEARCH                        |
--------------------------------------------------------------------
Performs final model parameters optimization
Estimate model parameters (epsilon = 0.010)
1. Initial log-likelihood: -995.889
Optimal log-likelihood: -995.889
Proportion of invariable sites: 0.202
Gamma shape alpha: 1.290
Parameters optimization took 1 rounds (0.018 sec)
BEST SCORE FOUND : -995.889
Total tree length: 2.046

Total number of iterations: 597
CPU time used for tree search: 1650.125 sec (0h:27m:30s)
Wall-clock time used for tree search: 207.764 sec (0h:3m:27s)
Total CPU time used: 1661.699 sec (0h:27m:41s)
Total wall-clock time used: 209.249 sec (0h:3m:29s)

Analysis results written to: 
  IQ-TREE report:                /csm_data/spielman_lab/dms_modelselection//simulations/alignments/Gal4_rtree100_bl0.03_rep1_rep10_AA.fasta.iqtree
  Maximum-likelihood tree:       /csm_data/spielman_lab/dms_modelselection//simulations/alignments/Gal4_rtree100_bl0.03_rep1_rep10_AA.fasta.treefile
  Likelihood distances:          /csm_data/spielman_lab/dms_modelselection//simulations/alignments/Gal4_rtree100_bl0.03_rep1_rep10_AA.fasta.mldist
  Screen log file:               /csm_data/spielman_lab/dms_modelselection//simulations/alignments/Gal4_rtree100_bl0.03_rep1_rep10_AA.fasta.log

Date and Time: Wed Apr 10 16:02:36 2019
