IQ-TREE multicore version 1.6.7 for Linux 64-bit built Aug 23 2018
Developed by Bui Quang Minh, Nguyen Lam Tung, Olga Chernomor,
Heiko Schmidt, Dominik Schrempf, Michael Woodhams.

Host:    csm-com-002 (AVX2, FMA3, 62 GB RAM)
Command: iqtree -nt 8 -m JTTDCMut+F -s /csm_data/spielman_lab/dms_modelselection//simulations/alignments/Gal4_rtree100_bl0.75_rep1_rep2_AA.fasta -st AA
Seed:    218000 (Using SPRNG - Scalable Parallel Random Number Generator)
Time:    Mon Apr  8 13:35:36 2019
Kernel:  AVX+FMA - 8 threads (48 CPU cores detected)

Reading alignment file /csm_data/spielman_lab/dms_modelselection//simulations/alignments/Gal4_rtree100_bl0.75_rep1_rep2_AA.fasta ... Fasta format detected
Alignment most likely contains protein sequences
Alignment has 100 sequences with 64 columns, 64 distinct patterns
62 parsimony-informative, 2 singleton sites, 0 constant sites
      Gap/Ambiguity  Composition  p-value
   1  t25     0.00%    passed     67.40%
   2  t94     0.00%    passed     96.75%
   3  t22     0.00%    passed     96.08%
   4  t87     0.00%    passed     62.13%
   5  t65     0.00%    passed     25.10%
   6  t60     0.00%    passed     86.93%
   7  t84     0.00%    passed     89.65%
   8  t30     0.00%    passed     86.74%
   9  t91     0.00%    passed     93.18%
  10  t95     0.00%    passed     88.74%
  11  t32     0.00%    passed     80.71%
  12  t26     0.00%    passed     82.57%
  13  t59     0.00%    passed     93.82%
  14  t77     0.00%    passed     89.62%
  15  t90     0.00%    passed     64.58%
  16  t20     0.00%    passed     98.04%
  17  t78     0.00%    passed     48.79%
  18  t11     0.00%    passed     89.87%
  19  t18     0.00%    passed     98.84%
  20  t86     0.00%    passed     96.96%
  21  t36     0.00%    passed     84.32%
  22  t21     0.00%    passed     88.55%
  23  t44     0.00%    passed     87.69%
  24  t10     0.00%    passed     97.03%
  25  t56     0.00%    passed     99.22%
  26  t34     0.00%    passed     99.88%
  27  t70     0.00%    passed     89.93%
  28  t92     0.00%    passed     99.97%
  29  t8      0.00%    passed     96.60%
  30  t74     0.00%    passed     98.85%
  31  t4      0.00%    passed     94.41%
  32  t50     0.00%    passed     95.94%
  33  t72     0.00%    passed     92.83%
  34  t6      0.00%    passed     47.66%
  35  t76     0.00%    passed     92.74%
  36  t48     0.00%    passed     66.05%
  37  t88     0.00%    passed     84.02%
  38  t41     0.00%    passed     67.20%
  39  t28     0.00%    passed     99.61%
  40  t79     0.00%    passed     63.66%
  41  t83     0.00%    passed     62.81%
  42  t9      0.00%    passed     82.69%
  43  t35     0.00%    passed     63.11%
  44  t55     0.00%    passed     70.06%
  45  t29     0.00%    passed     74.67%
  46  t5      0.00%    passed     18.21%
  47  t7      0.00%    passed     89.19%
  48  t53     0.00%    passed     89.08%
  49  t93     0.00%    passed     57.83%
  50  t16     0.00%    passed     93.33%
  51  t43     0.00%    passed     38.14%
  52  t98     0.00%    passed     87.96%
  53  t66     0.00%    passed     86.02%
  54  t58     0.00%    passed     72.16%
  55  t23     0.00%    passed     82.69%
  56  t99     0.00%    passed     88.28%
  57  t96     0.00%    passed     90.74%
  58  t63     0.00%    passed     98.96%
  59  t61     0.00%    passed     73.54%
  60  t51     0.00%    passed     75.61%
  61  t3      0.00%    passed     92.67%
  62  t57     0.00%    passed     99.22%
  63  t89     0.00%    passed     93.16%
  64  t14     0.00%    passed     83.72%
  65  t13     0.00%    passed     96.27%
  66  t62     0.00%    passed     89.28%
  67  t47     0.00%    passed     91.35%
  68  t33     0.00%    passed     98.24%
  69  t68     0.00%    passed     98.96%
  70  t37     0.00%    passed     69.91%
  71  t17     0.00%    passed     46.40%
  72  t100    0.00%    passed     99.91%
  73  t31     0.00%    passed     48.46%
  74  t85     0.00%    passed     96.55%
  75  t97     0.00%    passed     50.93%
  76  t69     0.00%    passed     83.13%
  77  t15     0.00%    passed     95.04%
  78  t24     0.00%    passed     84.58%
  79  t67     0.00%    passed     98.38%
  80  t80     0.00%    passed     87.65%
  81  t39     0.00%    passed     46.55%
  82  t64     0.00%    passed     92.40%
  83  t81     0.00%    passed     92.25%
  84  t12     0.00%    passed     97.72%
  85  t19     0.00%    passed     92.84%
  86  t54     0.00%    passed     78.65%
  87  t45     0.00%    passed     90.84%
  88  t82     0.00%    passed     72.45%
  89  t40     0.00%    passed     89.95%
  90  t73     0.00%    failed      3.88%
  91  t2      0.00%    passed     96.99%
  92  t49     0.00%    passed     81.64%
  93  t71     0.00%    passed     89.77%
  94  t42     0.00%    passed     96.90%
  95  t46     0.00%    passed     92.60%
  96  t38     0.00%    passed     31.75%
  97  t75     0.00%    passed     93.76%
  98  t1      0.00%    passed     98.42%
  99  t27     0.00%    passed     52.78%
 100  t52     0.00%    passed     95.32%
****  TOTAL    0.00%  1 sequences failed composition chi2 test (p-value<5%; df=19)

Create initial parsimony tree by phylogenetic likelihood library (PLL)... 0.025 seconds

NOTE: 1 MB RAM (0 GB) is required!
WARNING: Number of threads seems too high for short alignments. Use -nt AUTO to determine best number of threads.
Estimate model parameters (epsilon = 0.100)
1. Initial log-likelihood: -11005.495
Optimal log-likelihood: -9822.095
Parameters optimization took 1 rounds (0.034 sec)
Computing ML distances based on estimated model parameters... 0.931 sec
Computing BIONJ tree...
0.008 seconds
Log-likelihood of BIONJ tree: -9807.234
--------------------------------------------------------------------
|             INITIALIZING CANDIDATE TREE SET                      |
--------------------------------------------------------------------
Generating 98 parsimony trees... 2.469 second
Computing log-likelihood of 98 initial trees ... 2.110 seconds
Current best score: -9782.095

Do NNI search on 20 best initial trees
Estimate model parameters (epsilon = 0.100)
BETTER TREE FOUND at iteration 1: -9754.806
Estimate model parameters (epsilon = 0.100)
BETTER TREE FOUND at iteration 2: -9745.355
Iteration 10 / LogL: -9758.798 / Time: 0h:0m:5s
Iteration 20 / LogL: -9768.098 / Time: 0h:0m:6s
Finish initializing candidate tree set (20)
Current best tree score: -9745.355 / CPU time: 6.745
Number of iterations: 20
--------------------------------------------------------------------
|               OPTIMIZING CANDIDATE TREE SET                      |
--------------------------------------------------------------------
Estimate model parameters (epsilon = 0.100)
BETTER TREE FOUND at iteration 26: -9745.001
Estimate model parameters (epsilon = 0.100)
BETTER TREE FOUND at iteration 29: -9739.832
Iteration 30 / LogL: -9749.199 / Time: 0h:0m:8s (0h:0m:29s left)
Iteration 40 / LogL: -9748.102 / Time: 0h:0m:10s (0h:0m:23s left)
Estimate model parameters (epsilon = 0.100)
BETTER TREE FOUND at iteration 42: -9739.168
Estimate model parameters (epsilon = 0.100)
BETTER TREE FOUND at iteration 49: -9738.729
Iteration 50 / LogL: -9739.667 / Time: 0h:0m:12s (0h:0m:24s left)
Iteration 60 / LogL: -9739.863 / Time: 0h:0m:13s (0h:0m:21s left)
Estimate model parameters (epsilon = 0.100)
BETTER TREE FOUND at iteration 65: -9738.579
Iteration 70 / LogL: -9746.111 / Time: 0h:0m:15s (0h:0m:21s left)
Estimate model parameters (epsilon = 0.100)
BETTER TREE FOUND at iteration 80: -9738.245
Iteration 80 / LogL: -9738.245 / Time: 0h:0m:17s (0h:0m:21s left)
Iteration 90 / LogL: -9742.730 / Time: 0h:0m:19s (0h:0m:19s left)
Iteration 100 / LogL: -9740.818 / Time: 0h:0m:20s (0h:0m:16s left)
Iteration 110 / LogL: -9739.679 / Time: 0h:0m:22s (0h:0m:14s left)
Iteration 120 / LogL: -9739.178 / Time: 0h:0m:24s (0h:0m:12s left)
Iteration 130 / LogL: -9738.770 / Time: 0h:0m:25s (0h:0m:9s left)
Iteration 140 / LogL: -9738.550 / Time: 0h:0m:27s (0h:0m:7s left)
Iteration 150 / LogL: -9739.783 / Time: 0h:0m:29s (0h:0m:5s left)
Iteration 160 / LogL: -9739.324 / Time: 0h:0m:30s (0h:0m:3s left)
Iteration 170 / LogL: -9738.591 / Time: 0h:0m:32s (0h:0m:1s left)
Iteration 180 / LogL: -9738.268 / Time: 0h:0m:34s (0h:0m:0s left)
TREE SEARCH COMPLETED AFTER 181 ITERATIONS / Time: 0h:0m:34s

--------------------------------------------------------------------
|                    FINALIZING TREE SEARCH                        |
--------------------------------------------------------------------
Performs final model parameters optimization
Estimate model parameters (epsilon = 0.010)
1. Initial log-likelihood: -9738.245
Optimal log-likelihood: -9738.245
Parameters optimization took 1 rounds (0.010 sec)
BEST SCORE FOUND : -9738.245
Total tree length: 35.595

Total number of iterations: 181
CPU time used for tree search: 255.435 sec (0h:4m:15s)
Wall-clock time used for tree search: 33.975 sec (0h:0m:33s)
Total CPU time used: 257.224 sec (0h:4m:17s)
Total wall-clock time used: 34.230 sec (0h:0m:34s)

Analysis results written to: 
  IQ-TREE report:                /csm_data/spielman_lab/dms_modelselection//simulations/alignments/Gal4_rtree100_bl0.75_rep1_rep2_AA.fasta.iqtree
  Maximum-likelihood tree:       /csm_data/spielman_lab/dms_modelselection//simulations/alignments/Gal4_rtree100_bl0.75_rep1_rep2_AA.fasta.treefile
  Likelihood distances:          /csm_data/spielman_lab/dms_modelselection//simulations/alignments/Gal4_rtree100_bl0.75_rep1_rep2_AA.fasta.mldist
  Screen log file:               /csm_data/spielman_lab/dms_modelselection//simulations/alignments/Gal4_rtree100_bl0.75_rep1_rep2_AA.fasta.log

Date and Time: Mon Apr  8 13:36:10 2019
