IQ-TREE multicore version 1.6.7 for Linux 64-bit built Aug 23 2018
Developed by Bui Quang Minh, Nguyen Lam Tung, Olga Chernomor,
Heiko Schmidt, Dominik Schrempf, Michael Woodhams.

Host:    csm-com-009 (AVX2, FMA3, 62 GB RAM)
Command: iqtree -nt 8 -m PMB+F -s simulations/alignments/HA_rtree100_bl0.3_rep1_rep18_AA.fasta -st AA
Seed:    453700 (Using SPRNG - Scalable Parallel Random Number Generator)
Time:    Thu Apr  4 12:46:44 2019
Kernel:  AVX+FMA - 8 threads (48 CPU cores detected)

Reading alignment file simulations/alignments/HA_rtree100_bl0.3_rep1_rep18_AA.fasta ... Fasta format detected
Alignment most likely contains protein sequences
Alignment has 100 sequences with 564 columns, 564 distinct patterns
554 parsimony-informative, 8 singleton sites, 2 constant sites
      Gap/Ambiguity  Composition  p-value
   1  t19     0.00%    passed     96.64%
   2  t1      0.00%    passed     90.34%
   3  t34     0.00%    passed     34.95%
   4  t32     0.00%    passed     38.00%
   5  t56     0.00%    passed     98.33%
   6  t7      0.00%    passed     22.24%
   7  t17     0.00%    passed     49.42%
   8  t65     0.00%    passed     74.81%
   9  t72     0.00%    passed     86.79%
  10  t11     0.00%    passed     85.92%
  11  t60     0.00%    passed     93.52%
  12  t62     0.00%    passed     98.77%
  13  t63     0.00%    passed     99.52%
  14  t46     0.00%    passed     76.49%
  15  t66     0.00%    passed     88.39%
  16  t84     0.00%    passed     75.72%
  17  t74     0.00%    passed     86.56%
  18  t68     0.00%    passed     94.49%
  19  t73     0.00%    passed     90.90%
  20  t75     0.00%    passed     85.48%
  21  t98     0.00%    passed     85.20%
  22  t42     0.00%    passed     98.75%
  23  t16     0.00%    passed     91.69%
  24  t97     0.00%    passed     99.53%
  25  t2      0.00%    passed     91.28%
  26  t3      0.00%    passed     98.47%
  27  t76     0.00%    passed     94.72%
  28  t71     0.00%    passed     90.86%
  29  t18     0.00%    passed     15.25%
  30  t87     0.00%    passed     12.03%
  31  t20     0.00%    passed     89.45%
  32  t41     0.00%    passed     83.87%
  33  t40     0.00%    passed     79.82%
  34  t51     0.00%    passed     94.87%
  35  t27     0.00%    passed     88.04%
  36  t29     0.00%    passed     79.14%
  37  t91     0.00%    passed     83.14%
  38  t61     0.00%    passed     48.34%
  39  t6      0.00%    passed     88.57%
  40  t80     0.00%    passed     56.52%
  41  t90     0.00%    passed     98.61%
  42  t57     0.00%    passed     88.73%
  43  t85     0.00%    passed     89.90%
  44  t67     0.00%    passed     82.91%
  45  t70     0.00%    passed     76.29%
  46  t36     0.00%    passed     97.53%
  47  t48     0.00%    passed     95.00%
  48  t78     0.00%    passed     99.55%
  49  t43     0.00%    passed     97.46%
  50  t14     0.00%    passed     98.81%
  51  t82     0.00%    passed     91.81%
  52  t89     0.00%    passed     99.30%
  53  t53     0.00%    passed     29.26%
  54  t23     0.00%    passed     89.63%
  55  t35     0.00%    passed     96.18%
  56  t77     0.00%    passed     95.44%
  57  t5      0.00%    passed     21.47%
  58  t8      0.00%    passed     53.02%
  59  t45     0.00%    passed     81.62%
  60  t81     0.00%    passed     97.68%
  61  t55     0.00%    passed     94.11%
  62  t13     0.00%    passed     93.52%
  63  t92     0.00%    passed     80.96%
  64  t26     0.00%    passed     24.07%
  65  t44     0.00%    passed     83.39%
  66  t64     0.00%    passed     74.08%
  67  t24     0.00%    passed     94.39%
  68  t38     0.00%    passed     98.34%
  69  t49     0.00%    passed     97.28%
  70  t88     0.00%    passed     89.35%
  71  t58     0.00%    passed     87.05%
  72  t79     0.00%    passed     87.42%
  73  t37     0.00%    passed     67.54%
  74  t33     0.00%    passed     50.48%
  75  t31     0.00%    passed     51.84%
  76  t96     0.00%    passed     95.43%
  77  t12     0.00%    passed     49.89%
  78  t86     0.00%    passed     81.57%
  79  t21     0.00%    passed     96.31%
  80  t28     0.00%    passed     63.40%
  81  t30     0.00%    passed     26.57%
  82  t39     0.00%    passed     88.66%
  83  t59     0.00%    passed     70.20%
  84  t25     0.00%    passed     10.36%
  85  t15     0.00%    passed     69.55%
  86  t50     0.00%    passed     55.57%
  87  t99     0.00%    passed     91.64%
  88  t69     0.00%    passed     99.53%
  89  t10     0.00%    passed     66.99%
  90  t95     0.00%    passed     92.90%
  91  t22     0.00%    passed     98.86%
  92  t54     0.00%    passed     98.91%
  93  t47     0.00%    passed     85.38%
  94  t83     0.00%    passed     99.04%
  95  t4      0.00%    passed     98.60%
  96  t9      0.00%    passed     96.86%
  97  t100    0.00%    passed     95.28%
  98  t94     0.00%    passed     84.22%
  99  t52     0.00%    passed     84.96%
 100  t93     0.00%    passed     88.66%
****  TOTAL    0.00%  0 sequences failed composition chi2 test (p-value<5%; df=19)

Create initial parsimony tree by phylogenetic likelihood library (PLL)... 0.022 seconds

NOTE: 9 MB RAM (0 GB) is required!
Estimate model parameters (epsilon = 0.100)
1. Initial log-likelihood: -69404.736
Optimal log-likelihood: -68922.184
Parameters optimization took 1 rounds (0.053 sec)
Computing ML distances based on estimated model parameters... 0.884 sec
Computing BIONJ tree...
0.008 seconds
Log-likelihood of BIONJ tree: -68922.184
--------------------------------------------------------------------
|             INITIALIZING CANDIDATE TREE SET                      |
--------------------------------------------------------------------
Generating 99 parsimony trees... 3.574 second
Computing log-likelihood of 99 initial trees ... 2.856 seconds
Current best score: -68922.184

Do NNI search on 20 best initial trees
Estimate model parameters (epsilon = 0.100)
BETTER TREE FOUND at iteration 1: -68922.184
Iteration 10 / LogL: -68922.201 / Time: 0h:0m:8s
Iteration 20 / LogL: -68922.219 / Time: 0h:0m:10s
Finish initializing candidate tree set (1)
Current best tree score: -68922.184 / CPU time: 10.333
Number of iterations: 20
--------------------------------------------------------------------
|               OPTIMIZING CANDIDATE TREE SET                      |
--------------------------------------------------------------------
Iteration 30 / LogL: -68922.259 / Time: 0h:0m:12s (0h:0m:31s left)
Iteration 40 / LogL: -68922.245 / Time: 0h:0m:15s (0h:0m:23s left)
Iteration 50 / LogL: -68922.551 / Time: 0h:0m:17s (0h:0m:18s left)
Iteration 60 / LogL: -68922.298 / Time: 0h:0m:19s (0h:0m:13s left)
Iteration 70 / LogL: -68922.199 / Time: 0h:0m:21s (0h:0m:9s left)
Iteration 80 / LogL: -68922.479 / Time: 0h:0m:24s (0h:0m:6s left)
Iteration 90 / LogL: -68922.439 / Time: 0h:0m:26s (0h:0m:3s left)
Iteration 100 / LogL: -68922.440 / Time: 0h:0m:28s (0h:0m:0s left)
TREE SEARCH COMPLETED AFTER 102 ITERATIONS / Time: 0h:0m:29s

--------------------------------------------------------------------
|                    FINALIZING TREE SEARCH                        |
--------------------------------------------------------------------
Performs final model parameters optimization
Estimate model parameters (epsilon = 0.010)
1. Initial log-likelihood: -68922.184
Optimal log-likelihood: -68922.184
Parameters optimization took 1 rounds (0.016 sec)
BEST SCORE FOUND : -68922.184
Total tree length: 23.969

Total number of iterations: 102
CPU time used for tree search: 207.528 sec (0h:3m:27s)
Wall-clock time used for tree search: 28.952 sec (0h:0m:28s)
Total CPU time used: 209.595 sec (0h:3m:29s)
Total wall-clock time used: 29.241 sec (0h:0m:29s)

Analysis results written to: 
  IQ-TREE report:                simulations/alignments/HA_rtree100_bl0.3_rep1_rep18_AA.fasta.iqtree
  Maximum-likelihood tree:       simulations/alignments/HA_rtree100_bl0.3_rep1_rep18_AA.fasta.treefile
  Likelihood distances:          simulations/alignments/HA_rtree100_bl0.3_rep1_rep18_AA.fasta.mldist
  Screen log file:               simulations/alignments/HA_rtree100_bl0.3_rep1_rep18_AA.fasta.log

Date and Time: Thu Apr  4 12:47:13 2019
