IQ-TREE multicore version 1.6.7 for Linux 64-bit built Aug 23 2018
Developed by Bui Quang Minh, Nguyen Lam Tung, Olga Chernomor,
Heiko Schmidt, Dominik Schrempf, Michael Woodhams.

Host:    csm-com-006 (AVX2, FMA3, 62 GB RAM)
Command: iqtree -nt 8 -m Poisson -s /csm_data/spielman_lab/dms_modelselection//simulations/alignments/HA_rtree100_bl0.75_rep1_rep8_AA.fasta -st AA
Seed:    458247 (Using SPRNG - Scalable Parallel Random Number Generator)
Time:    Mon Apr  8 13:50:11 2019
Kernel:  AVX+FMA - 8 threads (48 CPU cores detected)

Reading alignment file /csm_data/spielman_lab/dms_modelselection//simulations/alignments/HA_rtree100_bl0.75_rep1_rep8_AA.fasta ... Fasta format detected
Alignment most likely contains protein sequences
Alignment has 100 sequences with 564 columns, 564 distinct patterns
563 parsimony-informative, 1 singleton sites, 0 constant sites
      Gap/Ambiguity  Composition  p-value
   1  t25     0.00%    passed     88.62%
   2  t94     0.00%    passed     58.62%
   3  t22     0.00%    passed     99.80%
   4  t87     0.00%    passed     52.22%
   5  t65     0.00%    passed     65.07%
   6  t60     0.00%    passed     96.33%
   7  t84     0.00%    passed     69.71%
   8  t30     0.00%    passed     77.37%
   9  t91     0.00%    passed     99.29%
  10  t95     0.00%    passed     84.70%
  11  t32     0.00%    passed     73.52%
  12  t26     0.00%    passed     91.45%
  13  t59     0.00%    passed     56.61%
  14  t77     0.00%    passed     35.83%
  15  t90     0.00%    passed     99.11%
  16  t20     0.00%    passed     72.91%
  17  t78     0.00%    passed     38.91%
  18  t11     0.00%    passed     94.74%
  19  t18     0.00%    passed     64.23%
  20  t86     0.00%    passed     74.40%
  21  t36     0.00%    passed     85.51%
  22  t21     0.00%    passed     34.95%
  23  t44     0.00%    passed     74.55%
  24  t10     0.00%    passed     90.19%
  25  t56     0.00%    passed     86.09%
  26  t34     0.00%    passed     97.94%
  27  t70     0.00%    passed     37.12%
  28  t92     0.00%    passed     88.09%
  29  t8      0.00%    passed     93.27%
  30  t74     0.00%    passed     83.09%
  31  t4      0.00%    passed     85.27%
  32  t50     0.00%    passed     13.44%
  33  t72     0.00%    passed     78.05%
  34  t6      0.00%    passed     28.43%
  35  t76     0.00%    passed     69.56%
  36  t48     0.00%    passed     92.26%
  37  t88     0.00%    passed     66.57%
  38  t41     0.00%    passed     12.07%
  39  t28     0.00%    passed     50.67%
  40  t79     0.00%    passed     16.81%
  41  t83     0.00%    passed     35.45%
  42  t9      0.00%    passed     53.53%
  43  t35     0.00%    passed     96.23%
  44  t55     0.00%    passed     41.05%
  45  t29     0.00%    passed     35.32%
  46  t5      0.00%    passed     91.60%
  47  t7      0.00%    passed     18.94%
  48  t53     0.00%    passed     88.43%
  49  t93     0.00%    passed     88.05%
  50  t16     0.00%    passed     99.10%
  51  t43     0.00%    passed     83.23%
  52  t98     0.00%    passed     96.49%
  53  t66     0.00%    passed     69.58%
  54  t58     0.00%    passed     80.76%
  55  t23     0.00%    passed     87.21%
  56  t99     0.00%    passed     65.45%
  57  t96     0.00%    passed     80.51%
  58  t63     0.00%    passed     73.26%
  59  t61     0.00%    passed     82.79%
  60  t51     0.00%    passed     76.28%
  61  t3      0.00%    passed     52.72%
  62  t57     0.00%    passed     97.25%
  63  t89     0.00%    passed     96.04%
  64  t14     0.00%    passed     89.41%
  65  t13     0.00%    passed     66.86%
  66  t62     0.00%    passed     88.06%
  67  t47     0.00%    passed     28.44%
  68  t33     0.00%    passed     10.67%
  69  t68     0.00%    passed     63.43%
  70  t37     0.00%    passed     62.00%
  71  t17     0.00%    passed     10.16%
  72  t100    0.00%    passed     74.25%
  73  t31     0.00%    passed     55.53%
  74  t85     0.00%    passed     40.64%
  75  t97     0.00%    passed     94.44%
  76  t69     0.00%    passed     36.43%
  77  t15     0.00%    passed     32.64%
  78  t24     0.00%    passed     26.71%
  79  t67     0.00%    passed     87.44%
  80  t80     0.00%    passed     82.74%
  81  t39     0.00%    passed     78.51%
  82  t64     0.00%    passed     93.92%
  83  t81     0.00%    passed     87.19%
  84  t12     0.00%    passed     85.12%
  85  t19     0.00%    passed     98.02%
  86  t54     0.00%    passed     96.47%
  87  t45     0.00%    passed     71.10%
  88  t82     0.00%    passed     96.95%
  89  t40     0.00%    passed     18.45%
  90  t73     0.00%    passed     84.13%
  91  t2      0.00%    passed     68.43%
  92  t49     0.00%    passed     47.52%
  93  t71     0.00%    passed     45.39%
  94  t42     0.00%    passed     64.56%
  95  t46     0.00%    passed     38.97%
  96  t38     0.00%    passed     46.23%
  97  t75     0.00%    passed     82.58%
  98  t1      0.00%    passed     63.60%
  99  t27     0.00%    passed     99.64%
 100  t52     0.00%    passed     46.39%
****  TOTAL    0.00%  0 sequences failed composition chi2 test (p-value<5%; df=19)

Create initial parsimony tree by phylogenetic likelihood library (PLL)... 0.056 seconds

NOTE: 9 MB RAM (0 GB) is required!
Estimate model parameters (epsilon = 0.100)
1. Initial log-likelihood: -111446.115
Optimal log-likelihood: -109381.661
Parameters optimization took 1 rounds (0.068 sec)
Computing ML distances based on estimated model parameters... 0.285 sec
Computing BIONJ tree...
0.009 seconds
Log-likelihood of BIONJ tree: -109534.784
--------------------------------------------------------------------
|             INITIALIZING CANDIDATE TREE SET                      |
--------------------------------------------------------------------
Generating 98 parsimony trees... 4.756 second
Computing log-likelihood of 98 initial trees ... 2.975 seconds
Current best score: -109381.661

Do NNI search on 20 best initial trees
Estimate model parameters (epsilon = 0.100)
BETTER TREE FOUND at iteration 1: -109381.659
Iteration 10 / LogL: -109382.048 / Time: 0h:0m:9s
Iteration 20 / LogL: -109381.746 / Time: 0h:0m:11s
Finish initializing candidate tree set (1)
Current best tree score: -109381.659 / CPU time: 11.345
Number of iterations: 20
--------------------------------------------------------------------
|               OPTIMIZING CANDIDATE TREE SET                      |
--------------------------------------------------------------------
Iteration 30 / LogL: -109381.980 / Time: 0h:0m:13s (0h:0m:33s left)
Iteration 40 / LogL: -109381.726 / Time: 0h:0m:15s (0h:0m:24s left)
Iteration 50 / LogL: -109381.675 / Time: 0h:0m:17s (0h:0m:18s left)
Iteration 60 / LogL: -109381.736 / Time: 0h:0m:20s (0h:0m:13s left)
Iteration 70 / LogL: -109381.898 / Time: 0h:0m:22s (0h:0m:9s left)
Iteration 80 / LogL: -109381.790 / Time: 0h:0m:24s (0h:0m:6s left)
Iteration 90 / LogL: -109381.873 / Time: 0h:0m:26s (0h:0m:3s left)
Iteration 100 / LogL: -109381.904 / Time: 0h:0m:28s (0h:0m:0s left)
TREE SEARCH COMPLETED AFTER 102 ITERATIONS / Time: 0h:0m:28s

--------------------------------------------------------------------
|                    FINALIZING TREE SEARCH                        |
--------------------------------------------------------------------
Performs final model parameters optimization
Estimate model parameters (epsilon = 0.010)
1. Initial log-likelihood: -109381.659
Optimal log-likelihood: -109381.659
Parameters optimization took 1 rounds (0.016 sec)
BEST SCORE FOUND : -109381.659
Total tree length: 44.503

Total number of iterations: 102
CPU time used for tree search: 197.187 sec (0h:3m:17s)
Wall-clock time used for tree search: 28.686 sec (0h:0m:28s)
Total CPU time used: 198.887 sec (0h:3m:18s)
Total wall-clock time used: 28.958 sec (0h:0m:28s)

Analysis results written to: 
  IQ-TREE report:                /csm_data/spielman_lab/dms_modelselection//simulations/alignments/HA_rtree100_bl0.75_rep1_rep8_AA.fasta.iqtree
  Maximum-likelihood tree:       /csm_data/spielman_lab/dms_modelselection//simulations/alignments/HA_rtree100_bl0.75_rep1_rep8_AA.fasta.treefile
  Likelihood distances:          /csm_data/spielman_lab/dms_modelselection//simulations/alignments/HA_rtree100_bl0.75_rep1_rep8_AA.fasta.mldist
  Screen log file:               /csm_data/spielman_lab/dms_modelselection//simulations/alignments/HA_rtree100_bl0.75_rep1_rep8_AA.fasta.log

Date and Time: Mon Apr  8 13:50:40 2019
