IQ-TREE multicore version 1.6.7 for Linux 64-bit built Aug 23 2018
Developed by Bui Quang Minh, Nguyen Lam Tung, Olga Chernomor,
Heiko Schmidt, Dominik Schrempf, Michael Woodhams.

Host:    csm-com-011 (AVX2, FMA3, 62 GB RAM)
Command: iqtree -nt 8 -m cpREV+G4 -s simulations/alignments/HA_rtree64_bl3.0.tree_rep1_AA.fasta -st AA
Seed:    423132 (Using SPRNG - Scalable Parallel Random Number Generator)
Time:    Mon Apr  1 13:09:38 2019
Kernel:  AVX+FMA - 8 threads (48 CPU cores detected)

Reading alignment file simulations/alignments/HA_rtree64_bl3.0.tree_rep1_AA.fasta ... Fasta format detected
Alignment most likely contains protein sequences
Alignment has 64 sequences with 564 columns, 564 distinct patterns
564 parsimony-informative, 0 singleton sites, 0 constant sites
     Gap/Ambiguity  Composition  p-value
   1  t45    0.00%    passed     73.78%
   2  t32    0.00%    passed     71.70%
   3  t10    0.00%    passed     90.33%
   4  t55    0.00%    passed     54.01%
   5  t5     0.00%    passed     99.40%
   6  t20    0.00%    passed     29.95%
   7  t38    0.00%    passed     66.48%
   8  t56    0.00%    passed     59.91%
   9  t12    0.00%    passed     50.98%
  10  t35    0.00%    passed     33.04%
  11  t4     0.00%    passed     63.96%
  12  t17    0.00%    passed     42.71%
  13  t49    0.00%    passed     93.03%
  14  t13    0.00%    passed     24.02%
  15  t53    0.00%    passed     93.40%
  16  t29    0.00%    passed     17.62%
  17  t41    0.00%    passed     86.54%
  18  t8     0.00%    passed     83.99%
  19  t59    0.00%    passed     71.07%
  20  t60    0.00%    passed     87.26%
  21  t7     0.00%    passed     34.12%
  22  t44    0.00%    passed     99.17%
  23  t64    0.00%    passed     68.77%
  24  t1     0.00%    passed     76.65%
  25  t58    0.00%    passed     58.68%
  26  t27    0.00%    passed     66.32%
  27  t52    0.00%    passed     93.36%
  28  t28    0.00%    passed     97.76%
  29  t57    0.00%    passed     54.89%
  30  t11    0.00%    passed     96.94%
  31  t16    0.00%    passed     91.86%
  32  t50    0.00%    passed     64.35%
  33  t24    0.00%    passed     97.37%
  34  t25    0.00%    passed     91.30%
  35  t36    0.00%    passed     93.59%
  36  t46    0.00%    passed     22.86%
  37  t26    0.00%    passed     47.97%
  38  t15    0.00%    passed     49.78%
  39  t14    0.00%    passed     53.48%
  40  t37    0.00%    passed     99.51%
  41  t22    0.00%    passed     93.85%
  42  t47    0.00%    passed     40.65%
  43  t54    0.00%    passed     89.32%
  44  t9     0.00%    passed     27.80%
  45  t6     0.00%    passed     31.22%
  46  t34    0.00%    passed     30.67%
  47  t61    0.00%    passed     68.71%
  48  t21    0.00%    passed     86.40%
  49  t2     0.00%    passed     18.11%
  50  t39    0.00%    passed     85.84%
  51  t30    0.00%    passed     54.57%
  52  t51    0.00%    passed     86.77%
  53  t63    0.00%    passed     82.87%
  54  t19    0.00%    passed     38.22%
  55  t40    0.00%    passed     78.41%
  56  t33    0.00%    passed     63.41%
  57  t62    0.00%    passed     44.42%
  58  t18    0.00%    passed     64.76%
  59  t31    0.00%    passed     89.52%
  60  t42    0.00%    passed     91.91%
  61  t3     0.00%    passed     87.41%
  62  t23    0.00%    passed     40.76%
  63  t48    0.00%    passed     71.11%
  64  t43    0.00%    passed     30.41%
****  TOTAL    0.00%  0 sequences failed composition chi2 test (p-value<5%; df=19)

Create initial parsimony tree by phylogenetic likelihood library (PLL)... 0.041 seconds

NOTE: 23 MB RAM (0 GB) is required!
Estimate model parameters (epsilon = 0.100)
1. Initial log-likelihood: -88284.903
2. Current log-likelihood: -86937.766
3. Current log-likelihood: -86928.212
4. Current log-likelihood: -86928.071
Optimal log-likelihood: -86928.055
Gamma shape alpha: 2.187
Parameters optimization took 4 rounds (0.279 sec)
Computing ML distances based on estimated model parameters... 1.848 sec
Computing BIONJ tree...
0.005 seconds
Log-likelihood of BIONJ tree: -86611.047
--------------------------------------------------------------------
|             INITIALIZING CANDIDATE TREE SET                      |
--------------------------------------------------------------------
Generating 98 parsimony trees... 4.499 second
Computing log-likelihood of 98 initial trees ... 3.670 seconds
Current best score: -86611.047

Do NNI search on 20 best initial trees
Estimate model parameters (epsilon = 0.100)
BETTER TREE FOUND at iteration 1: -86553.566
Iteration 10 / LogL: -86704.567 / Time: 0h:0m:13s
Iteration 20 / LogL: -86604.792 / Time: 0h:0m:18s
Finish initializing candidate tree set (20)
Current best tree score: -86553.566 / CPU time: 18.105
Number of iterations: 20
--------------------------------------------------------------------
|               OPTIMIZING CANDIDATE TREE SET                      |
--------------------------------------------------------------------
Estimate model parameters (epsilon = 0.100)
BETTER TREE FOUND at iteration 24: -86550.317
Estimate model parameters (epsilon = 0.100)
BETTER TREE FOUND at iteration 27: -86544.452
Iteration 30 / LogL: -86554.851 / Time: 0h:0m:22s (0h:1m:15s left)
Estimate model parameters (epsilon = 0.100)
BETTER TREE FOUND at iteration 32: -86542.801
Estimate model parameters (epsilon = 0.100)
BETTER TREE FOUND at iteration 34: -86537.604
Iteration 40 / LogL: -86548.303 / Time: 0h:0m:26s (0h:1m:3s left)
Estimate model parameters (epsilon = 0.100)
BETTER TREE FOUND at iteration 41: -86534.537
Estimate model parameters (epsilon = 0.100)
BETTER TREE FOUND at iteration 43: -86534.345
Iteration 50 / LogL: -86551.537 / Time: 0h:0m:30s (0h:0m:57s left)
Estimate model parameters (epsilon = 0.100)
BETTER TREE FOUND at iteration 54: -86534.168
Estimate model parameters (epsilon = 0.100)
BETTER TREE FOUND at iteration 56: -86521.566
Iteration 60 / LogL: -86534.525 / Time: 0h:0m:33s (0h:0m:54s left)
Iteration 70 / LogL: -86534.411 / Time: 0h:0m:36s (0h:0m:45s left)
Estimate model parameters (epsilon = 0.100)
UPDATE BEST LOG-LIKELIHOOD: -86521.015
Iteration 80 / LogL: -86531.785 / Time: 0h:0m:40s (0h:0m:38s left)
Iteration 90 / LogL: -86524.080 / Time: 0h:0m:43s (0h:0m:32s left)
Iteration 100 / LogL: -86524.098 / Time: 0h:0m:47s (0h:0m:26s left)
Iteration 110 / LogL: -86526.942 / Time: 0h:0m:50s (0h:0m:21s left)
Iteration 120 / LogL: -86528.602 / Time: 0h:0m:54s (0h:0m:16s left)
Iteration 130 / LogL: -86523.382 / Time: 0h:0m:57s (0h:0m:11s left)
Iteration 140 / LogL: -86530.678 / Time: 0h:1m:1s (0h:0m:7s left)
Iteration 150 / LogL: -86522.081 / Time: 0h:1m:4s (0h:0m:2s left)
TREE SEARCH COMPLETED AFTER 157 ITERATIONS / Time: 0h:1m:6s

--------------------------------------------------------------------
|                    FINALIZING TREE SEARCH                        |
--------------------------------------------------------------------
Performs final model parameters optimization
Estimate model parameters (epsilon = 0.010)
1. Initial log-likelihood: -86521.015
Optimal log-likelihood: -86521.014
Gamma shape alpha: 2.228
Parameters optimization took 1 rounds (0.043 sec)
BEST SCORE FOUND : -86521.014
Total tree length: 78.167

Total number of iterations: 157
CPU time used for tree search: 497.234 sec (0h:8m:17s)
Wall-clock time used for tree search: 66.107 sec (0h:1m:6s)
Total CPU time used: 503.467 sec (0h:8m:23s)
Total wall-clock time used: 66.935 sec (0h:1m:6s)

Analysis results written to: 
  IQ-TREE report:                simulations/alignments/HA_rtree64_bl3.0.tree_rep1_AA.fasta.iqtree
  Maximum-likelihood tree:       simulations/alignments/HA_rtree64_bl3.0.tree_rep1_AA.fasta.treefile
  Likelihood distances:          simulations/alignments/HA_rtree64_bl3.0.tree_rep1_AA.fasta.mldist
  Screen log file:               simulations/alignments/HA_rtree64_bl3.0.tree_rep1_AA.fasta.log

Date and Time: Mon Apr  1 13:10:45 2019
