IQ-TREE multicore version 1.6.7 for Linux 64-bit built Aug 23 2018
Developed by Bui Quang Minh, Nguyen Lam Tung, Olga Chernomor,
Heiko Schmidt, Dominik Schrempf, Michael Woodhams.

Host:    csm-com-002 (AVX2, FMA3, 62 GB RAM)
Command: iqtree -nt 8 -m mtREV+F -s simulations/alignments/HA_rtree100_bl0.3_rep1_rep8_AA.fasta -st AA
Seed:    550122 (Using SPRNG - Scalable Parallel Random Number Generator)
Time:    Thu Apr  4 12:41:12 2019
Kernel:  AVX+FMA - 8 threads (48 CPU cores detected)

Reading alignment file simulations/alignments/HA_rtree100_bl0.3_rep1_rep8_AA.fasta ... Fasta format detected
Alignment most likely contains protein sequences
Alignment has 100 sequences with 564 columns, 564 distinct patterns
556 parsimony-informative, 7 singleton sites, 1 constant sites
      Gap/Ambiguity  Composition  p-value
   1  t19     0.00%    passed     67.19%
   2  t1      0.00%    passed     83.94%
   3  t34     0.00%    passed     81.88%
   4  t32     0.00%    passed     80.05%
   5  t56     0.00%    passed     99.15%
   6  t7      0.00%    passed     33.16%
   7  t17     0.00%    passed     20.37%
   8  t65     0.00%    passed     81.11%
   9  t72     0.00%    passed     93.61%
  10  t11     0.00%    passed     45.39%
  11  t60     0.00%    passed     91.16%
  12  t62     0.00%    passed     95.60%
  13  t63     0.00%    passed     90.59%
  14  t46     0.00%    passed     92.47%
  15  t66     0.00%    passed     90.21%
  16  t84     0.00%    passed     76.94%
  17  t74     0.00%    passed     48.93%
  18  t68     0.00%    passed     92.23%
  19  t73     0.00%    passed     93.94%
  20  t75     0.00%    passed     99.44%
  21  t98     0.00%    passed     95.68%
  22  t42     0.00%    passed     96.83%
  23  t16     0.00%    passed     97.82%
  24  t97     0.00%    passed     44.61%
  25  t2      0.00%    passed     91.92%
  26  t3      0.00%    passed     99.95%
  27  t76     0.00%    passed     50.66%
  28  t71     0.00%    passed     99.58%
  29  t18     0.00%    passed     98.28%
  30  t87     0.00%    passed     95.72%
  31  t20     0.00%    passed     99.69%
  32  t41     0.00%    passed     89.27%
  33  t40     0.00%    passed     99.95%
  34  t51     0.00%    passed     85.69%
  35  t27     0.00%    passed     86.28%
  36  t29     0.00%    passed     73.02%
  37  t91     0.00%    passed     80.43%
  38  t61     0.00%    passed     80.62%
  39  t6      0.00%    passed     73.11%
  40  t80     0.00%    passed     74.50%
  41  t90     0.00%    passed     89.55%
  42  t57     0.00%    passed     95.75%
  43  t85     0.00%    passed     97.83%
  44  t67     0.00%    passed     78.88%
  45  t70     0.00%    passed     87.72%
  46  t36     0.00%    passed     99.78%
  47  t48     0.00%    passed     99.17%
  48  t78     0.00%    passed     98.66%
  49  t43     0.00%    passed     99.64%
  50  t14     0.00%    passed     88.10%
  51  t82     0.00%    passed     99.31%
  52  t89     0.00%    passed     99.66%
  53  t53     0.00%    passed     89.95%
  54  t23     0.00%    passed     69.92%
  55  t35     0.00%    passed     91.98%
  56  t77     0.00%    passed     72.67%
  57  t5      0.00%    failed      4.82%
  58  t8      0.00%    passed     76.12%
  59  t45     0.00%    passed     59.62%
  60  t81     0.00%    passed     89.30%
  61  t55     0.00%    passed     86.37%
  62  t13     0.00%    passed     98.47%
  63  t92     0.00%    passed     92.15%
  64  t26     0.00%    passed     15.41%
  65  t44     0.00%    passed     46.11%
  66  t64     0.00%    passed     97.18%
  67  t24     0.00%    passed     89.29%
  68  t38     0.00%    passed     99.54%
  69  t49     0.00%    passed     99.02%
  70  t88     0.00%    passed     93.67%
  71  t58     0.00%    passed     97.75%
  72  t79     0.00%    passed     95.33%
  73  t37     0.00%    passed     78.58%
  74  t33     0.00%    passed     95.58%
  75  t31     0.00%    passed     88.39%
  76  t96     0.00%    passed     69.75%
  77  t12     0.00%    passed     78.83%
  78  t86     0.00%    passed     95.42%
  79  t21     0.00%    passed     86.63%
  80  t28     0.00%    passed     84.14%
  81  t30     0.00%    passed     83.63%
  82  t39     0.00%    passed     54.65%
  83  t59     0.00%    passed     72.39%
  84  t25     0.00%    passed     84.82%
  85  t15     0.00%    passed     81.38%
  86  t50     0.00%    passed     28.22%
  87  t99     0.00%    passed     24.36%
  88  t69     0.00%    passed     67.89%
  89  t10     0.00%    passed     77.62%
  90  t95     0.00%    passed     99.62%
  91  t22     0.00%    passed     98.47%
  92  t54     0.00%    passed     72.72%
  93  t47     0.00%    passed     94.44%
  94  t83     0.00%    passed     99.53%
  95  t4      0.00%    passed     79.96%
  96  t9      0.00%    passed     79.93%
  97  t100    0.00%    passed     46.58%
  98  t94     0.00%    passed     95.86%
  99  t52     0.00%    passed     84.02%
 100  t93     0.00%    passed     94.62%
****  TOTAL    0.00%  1 sequences failed composition chi2 test (p-value<5%; df=19)

Create initial parsimony tree by phylogenetic likelihood library (PLL)... 0.033 seconds

NOTE: 9 MB RAM (0 GB) is required!
Estimate model parameters (epsilon = 0.100)
1. Initial log-likelihood: -72001.734
Optimal log-likelihood: -71713.328
Parameters optimization took 1 rounds (0.047 sec)
Computing ML distances based on estimated model parameters... 1.137 sec
Computing BIONJ tree...
0.010 seconds
Log-likelihood of BIONJ tree: -71713.328
--------------------------------------------------------------------
|             INITIALIZING CANDIDATE TREE SET                      |
--------------------------------------------------------------------
Generating 99 parsimony trees... 3.717 second
Computing log-likelihood of 99 initial trees ... 2.690 seconds
Current best score: -71713.328

Do NNI search on 20 best initial trees
Estimate model parameters (epsilon = 0.100)
BETTER TREE FOUND at iteration 1: -71713.328
Iteration 10 / LogL: -71713.355 / Time: 0h:0m:8s
Iteration 20 / LogL: -71713.425 / Time: 0h:0m:10s
Finish initializing candidate tree set (1)
Current best tree score: -71713.328 / CPU time: 10.260
Number of iterations: 20
--------------------------------------------------------------------
|               OPTIMIZING CANDIDATE TREE SET                      |
--------------------------------------------------------------------
Iteration 30 / LogL: -71713.377 / Time: 0h:0m:12s (0h:0m:31s left)
Iteration 40 / LogL: -71713.575 / Time: 0h:0m:15s (0h:0m:23s left)
Iteration 50 / LogL: -71713.387 / Time: 0h:0m:17s (0h:0m:18s left)
Iteration 60 / LogL: -71713.424 / Time: 0h:0m:19s (0h:0m:13s left)
Iteration 70 / LogL: -71713.575 / Time: 0h:0m:22s (0h:0m:9s left)
Iteration 80 / LogL: -71713.367 / Time: 0h:0m:24s (0h:0m:6s left)
Iteration 90 / LogL: -71713.368 / Time: 0h:0m:26s (0h:0m:3s left)
Iteration 100 / LogL: -71713.382 / Time: 0h:0m:29s (0h:0m:0s left)
TREE SEARCH COMPLETED AFTER 102 ITERATIONS / Time: 0h:0m:29s

--------------------------------------------------------------------
|                    FINALIZING TREE SEARCH                        |
--------------------------------------------------------------------
Performs final model parameters optimization
Estimate model parameters (epsilon = 0.010)
1. Initial log-likelihood: -71713.328
Optimal log-likelihood: -71713.328
Parameters optimization took 1 rounds (0.022 sec)
BEST SCORE FOUND : -71713.328
Total tree length: 26.359

Total number of iterations: 102
CPU time used for tree search: 208.720 sec (0h:3m:28s)
Wall-clock time used for tree search: 29.233 sec (0h:0m:29s)
Total CPU time used: 210.957 sec (0h:3m:30s)
Total wall-clock time used: 29.551 sec (0h:0m:29s)

Analysis results written to: 
  IQ-TREE report:                simulations/alignments/HA_rtree100_bl0.3_rep1_rep8_AA.fasta.iqtree
  Maximum-likelihood tree:       simulations/alignments/HA_rtree100_bl0.3_rep1_rep8_AA.fasta.treefile
  Likelihood distances:          simulations/alignments/HA_rtree100_bl0.3_rep1_rep8_AA.fasta.mldist
  Screen log file:               simulations/alignments/HA_rtree100_bl0.3_rep1_rep8_AA.fasta.log

Date and Time: Thu Apr  4 12:41:42 2019
