IQ-TREE multicore version 1.6.7 for Linux 64-bit built Aug 23 2018
Developed by Bui Quang Minh, Nguyen Lam Tung, Olga Chernomor,
Heiko Schmidt, Dominik Schrempf, Michael Woodhams.

Host:    csm-com-006 (AVX2, FMA3, 62 GB RAM)
Command: iqtree -nt 8 -m mtMet+F -s simulations/alignments/HA_rtree100_bl3_rep1_rep7_AA.fasta -st AA
Seed:    793813 (Using SPRNG - Scalable Parallel Random Number Generator)
Time:    Thu Apr  4 12:50:16 2019
Kernel:  AVX+FMA - 8 threads (48 CPU cores detected)

Reading alignment file simulations/alignments/HA_rtree100_bl3_rep1_rep7_AA.fasta ... Fasta format detected
Alignment most likely contains protein sequences
Alignment has 100 sequences with 564 columns, 564 distinct patterns
564 parsimony-informative, 0 singleton sites, 0 constant sites
      Gap/Ambiguity  Composition  p-value
   1  t25     0.00%    passed     77.06%
   2  t94     0.00%    passed     50.02%
   3  t22     0.00%    passed     68.29%
   4  t87     0.00%    passed     68.32%
   5  t65     0.00%    passed     89.44%
   6  t60     0.00%    passed     93.63%
   7  t84     0.00%    passed     69.82%
   8  t30     0.00%    passed      9.36%
   9  t91     0.00%    passed     61.28%
  10  t95     0.00%    passed     96.39%
  11  t32     0.00%    passed     91.11%
  12  t26     0.00%    passed     95.89%
  13  t59     0.00%    passed     82.69%
  14  t77     0.00%    passed      8.17%
  15  t90     0.00%    passed     54.15%
  16  t20     0.00%    passed     46.59%
  17  t78     0.00%    passed     99.25%
  18  t11     0.00%    failed      4.56%
  19  t18     0.00%    failed      3.17%
  20  t86     0.00%    passed     58.37%
  21  t36     0.00%    passed     89.59%
  22  t21     0.00%    passed     62.11%
  23  t44     0.00%    passed     60.33%
  24  t10     0.00%    passed     94.41%
  25  t56     0.00%    passed     76.55%
  26  t34     0.00%    passed     10.11%
  27  t70     0.00%    passed     68.98%
  28  t92     0.00%    passed     70.77%
  29  t8      0.00%    passed     67.99%
  30  t74     0.00%    passed     87.18%
  31  t4      0.00%    passed     80.41%
  32  t50     0.00%    passed     29.70%
  33  t72     0.00%    passed     55.85%
  34  t6      0.00%    passed     71.51%
  35  t76     0.00%    passed     94.49%
  36  t48     0.00%    passed     90.63%
  37  t88     0.00%    passed     41.30%
  38  t41     0.00%    passed     78.32%
  39  t28     0.00%    passed     53.51%
  40  t79     0.00%    passed     95.35%
  41  t83     0.00%    passed     80.49%
  42  t9      0.00%    passed     89.43%
  43  t35     0.00%    passed     27.84%
  44  t55     0.00%    passed     95.65%
  45  t29     0.00%    passed     99.96%
  46  t5      0.00%    passed     42.69%
  47  t7      0.00%    passed      8.97%
  48  t53     0.00%    passed     35.65%
  49  t93     0.00%    passed     31.39%
  50  t16     0.00%    passed     56.08%
  51  t43     0.00%    passed     76.06%
  52  t98     0.00%    passed     85.76%
  53  t66     0.00%    passed     96.62%
  54  t58     0.00%    passed     44.28%
  55  t23     0.00%    passed     51.18%
  56  t99     0.00%    passed     29.09%
  57  t96     0.00%    passed     49.76%
  58  t63     0.00%    passed     64.55%
  59  t61     0.00%    passed     63.86%
  60  t51     0.00%    passed     75.36%
  61  t3      0.00%    passed     96.83%
  62  t57     0.00%    passed     36.59%
  63  t89     0.00%    passed     50.02%
  64  t14     0.00%    passed     57.06%
  65  t13     0.00%    passed     85.44%
  66  t62     0.00%    passed     70.32%
  67  t47     0.00%    passed     91.07%
  68  t33     0.00%    passed     12.71%
  69  t68     0.00%    passed     36.26%
  70  t37     0.00%    passed     47.68%
  71  t17     0.00%    passed     50.28%
  72  t100    0.00%    passed     75.90%
  73  t31     0.00%    passed      5.06%
  74  t85     0.00%    passed     89.54%
  75  t97     0.00%    passed     41.63%
  76  t69     0.00%    passed     96.58%
  77  t15     0.00%    passed     61.20%
  78  t24     0.00%    passed     35.95%
  79  t67     0.00%    passed     36.23%
  80  t80     0.00%    passed     36.19%
  81  t39     0.00%    passed     91.49%
  82  t64     0.00%    passed     75.44%
  83  t81     0.00%    passed     72.60%
  84  t12     0.00%    passed     57.07%
  85  t19     0.00%    passed     78.65%
  86  t54     0.00%    passed     28.11%
  87  t45     0.00%    passed     31.23%
  88  t82     0.00%    passed     55.84%
  89  t40     0.00%    passed     64.34%
  90  t73     0.00%    failed      3.84%
  91  t2      0.00%    passed     53.90%
  92  t49     0.00%    failed      3.72%
  93  t71     0.00%    passed     71.99%
  94  t42     0.00%    passed     87.63%
  95  t46     0.00%    passed     52.25%
  96  t38     0.00%    passed     78.67%
  97  t75     0.00%    passed     99.37%
  98  t1      0.00%    passed     84.93%
  99  t27     0.00%    passed     96.50%
 100  t52     0.00%    passed     19.22%
****  TOTAL    0.00%  4 sequences failed composition chi2 test (p-value<5%; df=19)

Create initial parsimony tree by phylogenetic likelihood library (PLL)... 0.103 seconds

NOTE: 9 MB RAM (0 GB) is required!
Estimate model parameters (epsilon = 0.100)
1. Initial log-likelihood: -141981.573
Optimal log-likelihood: -139768.649
Parameters optimization took 1 rounds (0.076 sec)
Computing ML distances based on estimated model parameters... 1.708 sec
Computing BIONJ tree...
0.007 seconds
Log-likelihood of BIONJ tree: -139221.621
--------------------------------------------------------------------
|             INITIALIZING CANDIDATE TREE SET                      |
--------------------------------------------------------------------
Generating 98 parsimony trees... 8.868 second
Computing log-likelihood of 98 initial trees ... 2.980 seconds
Current best score: -139221.621

Do NNI search on 20 best initial trees
Estimate model parameters (epsilon = 0.100)
BETTER TREE FOUND at iteration 1: -139150.444
Iteration 10 / LogL: -139380.613 / Time: 0h:0m:15s
Iteration 20 / LogL: -139487.165 / Time: 0h:0m:19s
Finish initializing candidate tree set (20)
Current best tree score: -139150.444 / CPU time: 19.030
Number of iterations: 20
--------------------------------------------------------------------
|               OPTIMIZING CANDIDATE TREE SET                      |
--------------------------------------------------------------------
Iteration 30 / LogL: -139231.367 / Time: 0h:0m:22s (0h:0m:55s left)
Iteration 40 / LogL: -139181.565 / Time: 0h:0m:25s (0h:0m:39s left)
Iteration 50 / LogL: -139155.878 / Time: 0h:0m:28s (0h:0m:29s left)
Estimate model parameters (epsilon = 0.100)
BETTER TREE FOUND at iteration 55: -139143.551
Estimate model parameters (epsilon = 0.100)
BETTER TREE FOUND at iteration 56: -139142.464
Iteration 60 / LogL: -139172.899 / Time: 0h:0m:31s (0h:0m:50s left)
Estimate model parameters (epsilon = 0.100)
BETTER TREE FOUND at iteration 62: -139141.882
Estimate model parameters (epsilon = 0.100)
BETTER TREE FOUND at iteration 66: -139139.142
Estimate model parameters (epsilon = 0.100)
BETTER TREE FOUND at iteration 67: -139135.917
Iteration 70 / LogL: -139135.943 / Time: 0h:0m:34s (0h:0m:48s left)
Estimate model parameters (epsilon = 0.100)
BETTER TREE FOUND at iteration 75: -139134.893
Iteration 80 / LogL: -139144.551 / Time: 0h:0m:37s (0h:0m:44s left)
Iteration 90 / LogL: -139184.936 / Time: 0h:0m:40s (0h:0m:38s left)
Estimate model parameters (epsilon = 0.100)
BETTER TREE FOUND at iteration 98: -139134.707
Iteration 100 / LogL: -139145.968 / Time: 0h:0m:43s (0h:0m:42s left)
Iteration 110 / LogL: -139134.727 / Time: 0h:0m:45s (0h:0m:36s left)
Iteration 120 / LogL: -139143.561 / Time: 0h:0m:48s (0h:0m:31s left)
Iteration 130 / LogL: -139140.379 / Time: 0h:0m:51s (0h:0m:27s left)
Iteration 140 / LogL: -139146.571 / Time: 0h:0m:54s (0h:0m:22s left)
Iteration 150 / LogL: -139135.466 / Time: 0h:0m:56s (0h:0m:18s left)
Iteration 160 / LogL: -139135.166 / Time: 0h:0m:59s (0h:0m:14s left)
Iteration 170 / LogL: -139135.550 / Time: 0h:1m:2s (0h:0m:10s left)
Iteration 180 / LogL: -139166.689 / Time: 0h:1m:5s (0h:0m:6s left)
Iteration 190 / LogL: -139137.374 / Time: 0h:1m:7s (0h:0m:2s left)
TREE SEARCH COMPLETED AFTER 199 ITERATIONS / Time: 0h:1m:10s

--------------------------------------------------------------------
|                    FINALIZING TREE SEARCH                        |
--------------------------------------------------------------------
Performs final model parameters optimization
Estimate model parameters (epsilon = 0.010)
1. Initial log-likelihood: -139134.707
Optimal log-likelihood: -139134.707
Parameters optimization took 1 rounds (0.019 sec)
BEST SCORE FOUND : -139134.707
Total tree length: 139.569

Total number of iterations: 199
CPU time used for tree search: 495.473 sec (0h:8m:15s)
Wall-clock time used for tree search: 69.623 sec (0h:1m:9s)
Total CPU time used: 498.738 sec (0h:8m:18s)
Total wall-clock time used: 70.134 sec (0h:1m:10s)

Analysis results written to: 
  IQ-TREE report:                simulations/alignments/HA_rtree100_bl3_rep1_rep7_AA.fasta.iqtree
  Maximum-likelihood tree:       simulations/alignments/HA_rtree100_bl3_rep1_rep7_AA.fasta.treefile
  Likelihood distances:          simulations/alignments/HA_rtree100_bl3_rep1_rep7_AA.fasta.mldist
  Screen log file:               simulations/alignments/HA_rtree100_bl3_rep1_rep7_AA.fasta.log

Date and Time: Thu Apr  4 12:51:26 2019
