IQ-TREE multicore version 1.6.7 for Linux 64-bit built Aug 23 2018
Developed by Bui Quang Minh, Nguyen Lam Tung, Olga Chernomor,
Heiko Schmidt, Dominik Schrempf, Michael Woodhams.

Host:    csm-com-011 (AVX2, FMA3, 62 GB RAM)
Command: iqtree -nt 8 -m hb_models/HA_HB.paml+G+F -s /csm_data/spielman_lab/dms_modelselection//simulations/alignments/HA_rtree100_bl0.03_rep1_rep10_AA.fasta -st AA
Seed:    266080 (Using SPRNG - Scalable Parallel Random Number Generator)
Time:    Wed Apr 10 15:29:12 2019
Kernel:  AVX+FMA - 8 threads (48 CPU cores detected)

Reading alignment file /csm_data/spielman_lab/dms_modelselection//simulations/alignments/HA_rtree100_bl0.03_rep1_rep10_AA.fasta ... Fasta format detected
Alignment most likely contains protein sequences
Alignment has 100 sequences with 564 columns, 491 distinct patterns
393 parsimony-informative, 80 singleton sites, 91 constant sites
      Gap/Ambiguity  Composition  p-value
   1  t19     0.00%    passed    100.00%
   2  t1      0.00%    passed    100.00%
   3  t34     0.00%    passed    100.00%
   4  t32     0.00%    passed     99.89%
   5  t56     0.00%    passed     99.49%
   6  t7      0.00%    passed     99.84%
   7  t17     0.00%    passed     99.93%
   8  t65     0.00%    passed    100.00%
   9  t72     0.00%    passed    100.00%
  10  t11     0.00%    passed     99.99%
  11  t60     0.00%    passed     99.87%
  12  t62     0.00%    passed     98.81%
  13  t63     0.00%    passed     97.79%
  14  t46     0.00%    passed     99.86%
  15  t66     0.00%    passed     99.95%
  16  t84     0.00%    passed     99.97%
  17  t74     0.00%    passed     99.99%
  18  t68     0.00%    passed    100.00%
  19  t73     0.00%    passed     99.94%
  20  t75     0.00%    passed     99.96%
  21  t98     0.00%    passed     99.98%
  22  t42     0.00%    passed     99.99%
  23  t16     0.00%    passed     99.99%
  24  t97     0.00%    passed    100.00%
  25  t2      0.00%    passed    100.00%
  26  t3      0.00%    passed    100.00%
  27  t76     0.00%    passed    100.00%
  28  t71     0.00%    passed    100.00%
  29  t18     0.00%    passed     99.94%
  30  t87     0.00%    passed     99.34%
  31  t20     0.00%    passed     99.99%
  32  t41     0.00%    passed     99.95%
  33  t40     0.00%    passed     99.99%
  34  t51     0.00%    passed     99.95%
  35  t27     0.00%    passed     99.86%
  36  t29     0.00%    passed     99.71%
  37  t91     0.00%    passed     99.84%
  38  t61     0.00%    passed     99.77%
  39  t6      0.00%    passed     99.98%
  40  t80     0.00%    passed     99.99%
  41  t90     0.00%    passed    100.00%
  42  t57     0.00%    passed    100.00%
  43  t85     0.00%    passed    100.00%
  44  t67     0.00%    passed    100.00%
  45  t70     0.00%    passed    100.00%
  46  t36     0.00%    passed    100.00%
  47  t48     0.00%    passed    100.00%
  48  t78     0.00%    passed    100.00%
  49  t43     0.00%    passed     99.98%
  50  t14     0.00%    passed    100.00%
  51  t82     0.00%    passed    100.00%
  52  t89     0.00%    passed    100.00%
  53  t53     0.00%    passed    100.00%
  54  t23     0.00%    passed     99.99%
  55  t35     0.00%    passed    100.00%
  56  t77     0.00%    passed    100.00%
  57  t5      0.00%    passed     99.14%
  58  t8      0.00%    passed     99.98%
  59  t45     0.00%    passed    100.00%
  60  t81     0.00%    passed     99.95%
  61  t55     0.00%    passed     99.83%
  62  t13     0.00%    passed     99.43%
  63  t92     0.00%    passed     99.76%
  64  t26     0.00%    passed     99.87%
  65  t44     0.00%    passed     99.92%
  66  t64     0.00%    passed     99.86%
  67  t24     0.00%    passed     99.96%
  68  t38     0.00%    passed    100.00%
  69  t49     0.00%    passed    100.00%
  70  t88     0.00%    passed    100.00%
  71  t58     0.00%    passed    100.00%
  72  t79     0.00%    passed    100.00%
  73  t37     0.00%    passed    100.00%
  74  t33     0.00%    passed     99.98%
  75  t31     0.00%    passed     99.99%
  76  t96     0.00%    passed     99.95%
  77  t12     0.00%    passed    100.00%
  78  t86     0.00%    passed    100.00%
  79  t21     0.00%    passed     99.96%
  80  t28     0.00%    passed    100.00%
  81  t30     0.00%    passed    100.00%
  82  t39     0.00%    passed     99.98%
  83  t59     0.00%    passed     99.94%
  84  t25     0.00%    passed     99.98%
  85  t15     0.00%    passed     99.76%
  86  t50     0.00%    passed     99.95%
  87  t99     0.00%    passed    100.00%
  88  t69     0.00%    passed     99.99%
  89  t10     0.00%    passed     99.99%
  90  t95     0.00%    passed    100.00%
  91  t22     0.00%    passed     99.94%
  92  t54     0.00%    passed    100.00%
  93  t47     0.00%    passed    100.00%
  94  t83     0.00%    passed    100.00%
  95  t4      0.00%    passed    100.00%
  96  t9      0.00%    passed     99.99%
  97  t100    0.00%    passed     99.86%
  98  t94     0.00%    passed    100.00%
  99  t52     0.00%    passed    100.00%
 100  t93     0.00%    passed    100.00%
****  TOTAL    0.00%  0 sequences failed composition chi2 test (p-value<5%; df=19)

Create initial parsimony tree by phylogenetic likelihood library (PLL)... 0.018 seconds
Reading model parameters from file hb_models/HA_HB.paml

NOTE: 31 MB RAM (0 GB) is required!
Estimate model parameters (epsilon = 0.100)
1. Initial log-likelihood: -13044.357
2. Current log-likelihood: -13002.716
3. Current log-likelihood: -13001.622
Optimal log-likelihood: -13001.619
Gamma shape alpha: 2.312
Parameters optimization took 3 rounds (0.322 sec)
Computing ML distances based on estimated model parameters... 2.310 sec
Computing BIONJ tree...
0.008 seconds
Log-likelihood of BIONJ tree: -13001.619
--------------------------------------------------------------------
|             INITIALIZING CANDIDATE TREE SET                      |
--------------------------------------------------------------------
Generating 99 parsimony trees... 2.406 second
Computing log-likelihood of 99 initial trees ... 5.129 seconds
Current best score: -13001.619

Do NNI search on 20 best initial trees
Estimate model parameters (epsilon = 0.100)
BETTER TREE FOUND at iteration 1: -13001.619
Iteration 10 / LogL: -13001.647 / Time: 0h:0m:11s
Iteration 20 / LogL: -13001.669 / Time: 0h:0m:15s
Finish initializing candidate tree set (1)
Current best tree score: -13001.619 / CPU time: 14.822
Number of iterations: 20
--------------------------------------------------------------------
|               OPTIMIZING CANDIDATE TREE SET                      |
--------------------------------------------------------------------
Iteration 30 / LogL: -13001.630 / Time: 0h:0m:20s (0h:0m:48s left)
Iteration 40 / LogL: -13001.665 / Time: 0h:0m:24s (0h:0m:37s left)
Iteration 50 / LogL: -13001.661 / Time: 0h:0m:28s (0h:0m:29s left)
Iteration 60 / LogL: -13001.621 / Time: 0h:0m:32s (0h:0m:22s left)
Iteration 70 / LogL: -13001.621 / Time: 0h:0m:36s (0h:0m:16s left)
Iteration 80 / LogL: -13001.829 / Time: 0h:0m:40s (0h:0m:10s left)
Iteration 90 / LogL: -13001.659 / Time: 0h:0m:45s (0h:0m:5s left)
Iteration 100 / LogL: -13001.657 / Time: 0h:0m:49s (0h:0m:0s left)
TREE SEARCH COMPLETED AFTER 102 ITERATIONS / Time: 0h:0m:50s

--------------------------------------------------------------------
|                    FINALIZING TREE SEARCH                        |
--------------------------------------------------------------------
Performs final model parameters optimization
Estimate model parameters (epsilon = 0.010)
1. Initial log-likelihood: -13001.619
Optimal log-likelihood: -13001.619
Gamma shape alpha: 2.313
Parameters optimization took 1 rounds (0.058 sec)
BEST SCORE FOUND : -13001.619
Total tree length: 2.887

Total number of iterations: 102
CPU time used for tree search: 380.271 sec (0h:6m:20s)
Wall-clock time used for tree search: 49.623 sec (0h:0m:49s)
Total CPU time used: 386.304 sec (0h:6m:26s)
Total wall-clock time used: 50.406 sec (0h:0m:50s)

Analysis results written to: 
  IQ-TREE report:                /csm_data/spielman_lab/dms_modelselection//simulations/alignments/HA_rtree100_bl0.03_rep1_rep10_AA.fasta.iqtree
  Maximum-likelihood tree:       /csm_data/spielman_lab/dms_modelselection//simulations/alignments/HA_rtree100_bl0.03_rep1_rep10_AA.fasta.treefile
  Likelihood distances:          /csm_data/spielman_lab/dms_modelselection//simulations/alignments/HA_rtree100_bl0.03_rep1_rep10_AA.fasta.mldist
  Screen log file:               /csm_data/spielman_lab/dms_modelselection//simulations/alignments/HA_rtree100_bl0.03_rep1_rep10_AA.fasta.log

Date and Time: Wed Apr 10 15:30:02 2019
