IQ-TREE multicore version 1.6.7 for Linux 64-bit built Aug 23 2018
Developed by Bui Quang Minh, Nguyen Lam Tung, Olga Chernomor,
Heiko Schmidt, Dominik Schrempf, Michael Woodhams.

Host:    csm-gpu-001 (AVX2, FMA3, 62 GB RAM)
Command: iqtree -nt 8 -m hb_models/HIV_HB.paml+G+F -s simulations/alignments/HIV_rtree64_bl3.0.tree_rep1_AA.fasta -st AA
Seed:    832252 (Using SPRNG - Scalable Parallel Random Number Generator)
Time:    Mon Apr  1 17:01:47 2019
Kernel:  AVX+FMA - 8 threads (48 CPU cores detected)

Reading alignment file simulations/alignments/HIV_rtree64_bl3.0.tree_rep1_AA.fasta ... Fasta format detected
Alignment most likely contains protein sequences
Alignment has 64 sequences with 661 columns, 661 distinct patterns
661 parsimony-informative, 0 singleton sites, 0 constant sites
     Gap/Ambiguity  Composition  p-value
   1  t45    0.00%    passed     76.05%
   2  t32    0.00%    failed      3.30%
   3  t10    0.00%    passed     69.80%
   4  t55    0.00%    passed     40.98%
   5  t5     0.00%    passed     59.94%
   6  t20    0.00%    passed     43.55%
   7  t38    0.00%    passed     99.10%
   8  t56    0.00%    passed     31.74%
   9  t12    0.00%    passed     89.39%
  10  t35    0.00%    passed     78.43%
  11  t4     0.00%    passed     29.05%
  12  t17    0.00%    passed     18.66%
  13  t49    0.00%    passed     86.14%
  14  t13    0.00%    passed     63.00%
  15  t53    0.00%    passed     94.44%
  16  t29    0.00%    passed     27.79%
  17  t41    0.00%    passed     67.46%
  18  t8     0.00%    passed     72.97%
  19  t59    0.00%    passed     56.59%
  20  t60    0.00%    passed     61.71%
  21  t7     0.00%    passed     74.41%
  22  t44    0.00%    passed      8.93%
  23  t64    0.00%    passed     39.90%
  24  t1     0.00%    passed     89.45%
  25  t58    0.00%    passed     14.78%
  26  t27    0.00%    passed     97.04%
  27  t52    0.00%    passed     97.56%
  28  t28    0.00%    passed     70.58%
  29  t57    0.00%    passed     22.20%
  30  t11    0.00%    failed      4.83%
  31  t16    0.00%    passed     61.48%
  32  t50    0.00%    passed     75.61%
  33  t24    0.00%    passed     94.32%
  34  t25    0.00%    passed     22.96%
  35  t36    0.00%    passed     25.42%
  36  t46    0.00%    passed      9.13%
  37  t26    0.00%    passed     35.60%
  38  t15    0.00%    passed     20.49%
  39  t14    0.00%    passed     37.99%
  40  t37    0.00%    passed     33.94%
  41  t22    0.00%    passed     54.93%
  42  t47    0.00%    passed     83.76%
  43  t54    0.00%    passed     48.72%
  44  t9     0.00%    passed     99.17%
  45  t6     0.00%    passed     51.03%
  46  t34    0.00%    passed     26.18%
  47  t61    0.00%    passed     91.67%
  48  t21    0.00%    passed     29.75%
  49  t2     0.00%    passed     60.06%
  50  t39    0.00%    passed     15.40%
  51  t30    0.00%    passed     40.52%
  52  t51    0.00%    passed     86.37%
  53  t63    0.00%    passed      9.17%
  54  t19    0.00%    passed     93.81%
  55  t40    0.00%    passed     56.72%
  56  t33    0.00%    passed     83.48%
  57  t62    0.00%    passed     16.14%
  58  t18    0.00%    passed     60.85%
  59  t31    0.00%    passed      8.97%
  60  t42    0.00%    passed     55.29%
  61  t3     0.00%    passed      5.30%
  62  t23    0.00%    passed     34.09%
  63  t48    0.00%    passed      5.14%
  64  t43    0.00%    passed     76.50%
****  TOTAL    0.00%  2 sequences failed composition chi2 test (p-value<5%; df=19)

Create initial parsimony tree by phylogenetic likelihood library (PLL)... 0.038 seconds
Reading model parameters from file hb_models/HIV_HB.paml

NOTE: 27 MB RAM (0 GB) is required!
Estimate model parameters (epsilon = 0.100)
1. Initial log-likelihood: -117633.970
2. Current log-likelihood: -116296.023
3. Current log-likelihood: -116264.051
4. Current log-likelihood: -116262.905
Optimal log-likelihood: -116262.850
Gamma shape alpha: 5.684
Parameters optimization took 4 rounds (0.398 sec)
Computing ML distances based on estimated model parameters... 2.183 sec
WARNING: Some pairwise ML distances are too long (saturated)
Computing BIONJ tree...
0.004 seconds
Log-likelihood of BIONJ tree: -116069.275
--------------------------------------------------------------------
|             INITIALIZING CANDIDATE TREE SET                      |
--------------------------------------------------------------------
Generating 98 parsimony trees... 4.571 second
Computing log-likelihood of 98 initial trees ... 4.697 seconds
Current best score: -116069.275

Do NNI search on 20 best initial trees
Estimate model parameters (epsilon = 0.100)
BETTER TREE FOUND at iteration 1: -116053.888
Iteration 10 / LogL: -116135.715 / Time: 0h:0m:23s
Iteration 20 / LogL: -116119.880 / Time: 0h:0m:35s
Finish initializing candidate tree set (20)
Current best tree score: -116053.888 / CPU time: 34.836
Number of iterations: 20
--------------------------------------------------------------------
|               OPTIMIZING CANDIDATE TREE SET                      |
--------------------------------------------------------------------
Estimate model parameters (epsilon = 0.100)
BETTER TREE FOUND at iteration 24: -116052.534
Estimate model parameters (epsilon = 0.100)
BETTER TREE FOUND at iteration 25: -116045.050
Iteration 30 / LogL: -116052.365 / Time: 0h:0m:42s (0h:2m:19s left)
Estimate model parameters (epsilon = 0.100)
BETTER TREE FOUND at iteration 31: -116039.201
Estimate model parameters (epsilon = 0.100)
BETTER TREE FOUND at iteration 32: -116038.936
Estimate model parameters (epsilon = 0.100)
BETTER TREE FOUND at iteration 37: -116037.906
Estimate model parameters (epsilon = 0.100)
BETTER TREE FOUND at iteration 39: -116037.550
Iteration 40 / LogL: -116039.119 / Time: 0h:0m:50s (0h:2m:7s left)
Estimate model parameters (epsilon = 0.100)
BETTER TREE FOUND at iteration 48: -116037.270
Iteration 50 / LogL: -116038.715 / Time: 0h:0m:56s (0h:1m:53s left)
Iteration 60 / LogL: -116037.871 / Time: 0h:1m:3s (0h:1m:33s left)
Estimate model parameters (epsilon = 0.100)
BETTER TREE FOUND at iteration 65: -116036.456
Estimate model parameters (epsilon = 0.100)
BETTER TREE FOUND at iteration 67: -116035.640
Iteration 70 / LogL: -116045.648 / Time: 0h:1m:9s (0h:1m:37s left)
Iteration 80 / LogL: -116041.351 / Time: 0h:1m:15s (0h:1m:22s left)
Estimate model parameters (epsilon = 0.100)
BETTER TREE FOUND at iteration 83: -116035.183
Estimate model parameters (epsilon = 0.100)
BETTER TREE FOUND at iteration 87: -116034.801
Estimate model parameters (epsilon = 0.100)
BETTER TREE FOUND at iteration 90: -116034.158
Iteration 90 / LogL: -116034.158 / Time: 0h:1m:21s (0h:1m:31s left)
Iteration 100 / LogL: -116040.303 / Time: 0h:1m:28s (0h:1m:20s left)
Estimate model parameters (epsilon = 0.100)
BETTER TREE FOUND at iteration 101: -116033.647
Iteration 110 / LogL: -116034.161 / Time: 0h:1m:35s (0h:1m:19s left)
Estimate model parameters (epsilon = 0.100)
BETTER TREE FOUND at iteration 119: -116033.051
Iteration 120 / LogL: -116042.177 / Time: 0h:1m:42s (0h:1m:25s left)
Iteration 130 / LogL: -116033.580 / Time: 0h:1m:50s (0h:1m:15s left)
Estimate model parameters (epsilon = 0.100)
BETTER TREE FOUND at iteration 138: -116032.639
Iteration 140 / LogL: -116036.582 / Time: 0h:1m:56s (0h:1m:22s left)
Iteration 150 / LogL: -116041.572 / Time: 0h:2m:4s (0h:1m:13s left)
Iteration 160 / LogL: -116032.639 / Time: 0h:2m:11s (0h:1m:4s left)
Iteration 170 / LogL: -116033.127 / Time: 0h:2m:17s (0h:0m:55s left)
Iteration 180 / LogL: -116040.474 / Time: 0h:2m:24s (0h:0m:46s left)
Iteration 190 / LogL: -116032.926 / Time: 0h:2m:31s (0h:0m:38s left)
Iteration 200 / LogL: -116032.721 / Time: 0h:2m:37s (0h:0m:30s left)
Iteration 210 / LogL: -116034.861 / Time: 0h:2m:45s (0h:0m:22s left)
Iteration 220 / LogL: -116032.639 / Time: 0h:2m:51s (0h:0m:14s left)
Iteration 230 / LogL: -116032.927 / Time: 0h:2m:58s (0h:0m:6s left)
TREE SEARCH COMPLETED AFTER 239 ITERATIONS / Time: 0h:3m:4s

--------------------------------------------------------------------
|                    FINALIZING TREE SEARCH                        |
--------------------------------------------------------------------
Performs final model parameters optimization
Estimate model parameters (epsilon = 0.010)
1. Initial log-likelihood: -116032.639
Optimal log-likelihood: -116032.639
Gamma shape alpha: 5.773
Parameters optimization took 1 rounds (0.051 sec)
BEST SCORE FOUND : -116032.639
Total tree length: 136.344

Total number of iterations: 239
CPU time used for tree search: 1433.175 sec (0h:23m:53s)
Wall-clock time used for tree search: 183.649 sec (0h:3m:3s)
Total CPU time used: 1440.383 sec (0h:24m:0s)
Total wall-clock time used: 184.597 sec (0h:3m:4s)

Analysis results written to: 
  IQ-TREE report:                simulations/alignments/HIV_rtree64_bl3.0.tree_rep1_AA.fasta.iqtree
  Maximum-likelihood tree:       simulations/alignments/HIV_rtree64_bl3.0.tree_rep1_AA.fasta.treefile
  Likelihood distances:          simulations/alignments/HIV_rtree64_bl3.0.tree_rep1_AA.fasta.mldist
  Screen log file:               simulations/alignments/HIV_rtree64_bl3.0.tree_rep1_AA.fasta.log

Date and Time: Mon Apr  1 17:04:52 2019
