IQ-TREE multicore version 1.6.7 for Linux 64-bit built Aug 23 2018
Developed by Bui Quang Minh, Nguyen Lam Tung, Olga Chernomor,
Heiko Schmidt, Dominik Schrempf, Michael Woodhams.

Host:    csm-com-012 (AVX2, FMA3, 62 GB RAM)
Command: iqtree -nt 8 -m mtREV+F -s /csm_data/spielman_lab/dms_modelselection//simulations/alignments/HIV_rtree100_bl0.03_rep1_rep7_AA.fasta -st AA
Seed:    946338 (Using SPRNG - Scalable Parallel Random Number Generator)
Time:    Wed Apr 10 15:45:33 2019
Kernel:  AVX+FMA - 8 threads (48 CPU cores detected)

Reading alignment file /csm_data/spielman_lab/dms_modelselection//simulations/alignments/HIV_rtree100_bl0.03_rep1_rep7_AA.fasta ... Fasta format detected
Alignment most likely contains protein sequences
Alignment has 100 sequences with 661 columns, 637 distinct patterns
548 parsimony-informative, 76 singleton sites, 37 constant sites
      Gap/Ambiguity  Composition  p-value
   1  t19     0.00%    passed    100.00%
   2  t1      0.00%    passed    100.00%
   3  t34     0.00%    passed     99.95%
   4  t32     0.00%    passed     99.96%
   5  t56     0.00%    passed     99.99%
   6  t7      0.00%    passed     99.94%
   7  t17     0.00%    passed    100.00%
   8  t65     0.00%    passed    100.00%
   9  t72     0.00%    passed    100.00%
  10  t11     0.00%    passed     99.98%
  11  t60     0.00%    passed     99.79%
  12  t62     0.00%    passed     99.90%
  13  t63     0.00%    passed     99.97%
  14  t46     0.00%    passed    100.00%
  15  t66     0.00%    passed     99.97%
  16  t84     0.00%    passed    100.00%
  17  t74     0.00%    passed     99.99%
  18  t68     0.00%    passed     99.99%
  19  t73     0.00%    passed     99.91%
  20  t75     0.00%    passed     99.99%
  21  t98     0.00%    passed     99.94%
  22  t42     0.00%    passed     99.95%
  23  t16     0.00%    passed     99.98%
  24  t97     0.00%    passed    100.00%
  25  t2      0.00%    passed    100.00%
  26  t3      0.00%    passed    100.00%
  27  t76     0.00%    passed    100.00%
  28  t71     0.00%    passed     99.99%
  29  t18     0.00%    passed     99.99%
  30  t87     0.00%    passed    100.00%
  31  t20     0.00%    passed    100.00%
  32  t41     0.00%    passed     99.99%
  33  t40     0.00%    passed     99.98%
  34  t51     0.00%    passed     99.99%
  35  t27     0.00%    passed     99.97%
  36  t29     0.00%    passed     99.97%
  37  t91     0.00%    passed     99.91%
  38  t61     0.00%    passed     99.86%
  39  t6      0.00%    passed     99.95%
  40  t80     0.00%    passed    100.00%
  41  t90     0.00%    passed     99.89%
  42  t57     0.00%    passed     99.93%
  43  t85     0.00%    passed    100.00%
  44  t67     0.00%    passed    100.00%
  45  t70     0.00%    passed     99.99%
  46  t36     0.00%    passed    100.00%
  47  t48     0.00%    passed     99.99%
  48  t78     0.00%    passed    100.00%
  49  t43     0.00%    passed     99.99%
  50  t14     0.00%    passed    100.00%
  51  t82     0.00%    passed    100.00%
  52  t89     0.00%    passed    100.00%
  53  t53     0.00%    passed    100.00%
  54  t23     0.00%    passed    100.00%
  55  t35     0.00%    passed    100.00%
  56  t77     0.00%    passed    100.00%
  57  t5      0.00%    passed    100.00%
  58  t8      0.00%    passed     99.90%
  59  t45     0.00%    passed     99.99%
  60  t81     0.00%    passed     99.96%
  61  t55     0.00%    passed     99.96%
  62  t13     0.00%    passed     99.98%
  63  t92     0.00%    passed     99.96%
  64  t26     0.00%    passed     99.51%
  65  t44     0.00%    passed     99.91%
  66  t64     0.00%    passed     99.98%
  67  t24     0.00%    passed    100.00%
  68  t38     0.00%    passed     99.93%
  69  t49     0.00%    passed     99.99%
  70  t88     0.00%    passed    100.00%
  71  t58     0.00%    passed     99.99%
  72  t79     0.00%    passed     96.77%
  73  t37     0.00%    passed     99.65%
  74  t33     0.00%    passed     99.64%
  75  t31     0.00%    passed     99.67%
  76  t96     0.00%    passed     99.67%
  77  t12     0.00%    passed     98.90%
  78  t86     0.00%    passed     99.83%
  79  t21     0.00%    passed     99.15%
  80  t28     0.00%    passed     99.94%
  81  t30     0.00%    passed     99.92%
  82  t39     0.00%    passed     99.78%
  83  t59     0.00%    passed     99.94%
  84  t25     0.00%    passed    100.00%
  85  t15     0.00%    passed    100.00%
  86  t50     0.00%    passed    100.00%
  87  t99     0.00%    passed    100.00%
  88  t69     0.00%    passed    100.00%
  89  t10     0.00%    passed     99.96%
  90  t95     0.00%    passed     99.94%
  91  t22     0.00%    passed    100.00%
  92  t54     0.00%    passed    100.00%
  93  t47     0.00%    passed    100.00%
  94  t83     0.00%    passed    100.00%
  95  t4      0.00%    passed    100.00%
  96  t9      0.00%    passed     99.99%
  97  t100    0.00%    passed     99.99%
  98  t94     0.00%    passed    100.00%
  99  t52     0.00%    passed    100.00%
 100  t93     0.00%    passed    100.00%
****  TOTAL    0.00%  0 sequences failed composition chi2 test (p-value<5%; df=19)

Create initial parsimony tree by phylogenetic likelihood library (PLL)... 0.022 seconds

NOTE: 10 MB RAM (0 GB) is required!
Estimate model parameters (epsilon = 0.100)
1. Initial log-likelihood: -21090.406
Optimal log-likelihood: -21085.784
Parameters optimization took 1 rounds (0.037 sec)
Computing ML distances based on estimated model parameters... 0.856 sec
Computing BIONJ tree...
0.007 seconds
Log-likelihood of BIONJ tree: -21085.784
--------------------------------------------------------------------
|             INITIALIZING CANDIDATE TREE SET                      |
--------------------------------------------------------------------
Generating 99 parsimony trees... 2.711 second
Computing log-likelihood of 99 initial trees ... 2.637 seconds
Current best score: -21085.784

Do NNI search on 20 best initial trees
Estimate model parameters (epsilon = 0.100)
BETTER TREE FOUND at iteration 1: -21085.784
Iteration 10 / LogL: -21085.789 / Time: 0h:0m:7s
Iteration 20 / LogL: -21085.788 / Time: 0h:0m:9s
Finish initializing candidate tree set (1)
Current best tree score: -21085.784 / CPU time: 9.410
Number of iterations: 20
--------------------------------------------------------------------
|               OPTIMIZING CANDIDATE TREE SET                      |
--------------------------------------------------------------------
Iteration 30 / LogL: -21085.786 / Time: 0h:0m:11s (0h:0m:29s left)
Iteration 40 / LogL: -21085.787 / Time: 0h:0m:14s (0h:0m:22s left)
Iteration 50 / LogL: -21085.799 / Time: 0h:0m:16s (0h:0m:17s left)
Iteration 60 / LogL: -21085.809 / Time: 0h:0m:18s (0h:0m:13s left)
Iteration 70 / LogL: -21085.788 / Time: 0h:0m:21s (0h:0m:9s left)
Iteration 80 / LogL: -21085.789 / Time: 0h:0m:23s (0h:0m:6s left)
Iteration 90 / LogL: -21085.788 / Time: 0h:0m:25s (0h:0m:3s left)
Iteration 100 / LogL: -21085.785 / Time: 0h:0m:27s (0h:0m:0s left)
TREE SEARCH COMPLETED AFTER 102 ITERATIONS / Time: 0h:0m:28s

--------------------------------------------------------------------
|                    FINALIZING TREE SEARCH                        |
--------------------------------------------------------------------
Performs final model parameters optimization
Estimate model parameters (epsilon = 0.010)
1. Initial log-likelihood: -21085.784
Optimal log-likelihood: -21085.784
Parameters optimization took 1 rounds (0.016 sec)
BEST SCORE FOUND : -21085.784
Total tree length: 3.861

Total number of iterations: 102
CPU time used for tree search: 207.642 sec (0h:3m:27s)
Wall-clock time used for tree search: 28.211 sec (0h:0m:28s)
Total CPU time used: 209.324 sec (0h:3m:29s)
Total wall-clock time used: 28.450 sec (0h:0m:28s)

Analysis results written to: 
  IQ-TREE report:                /csm_data/spielman_lab/dms_modelselection//simulations/alignments/HIV_rtree100_bl0.03_rep1_rep7_AA.fasta.iqtree
  Maximum-likelihood tree:       /csm_data/spielman_lab/dms_modelselection//simulations/alignments/HIV_rtree100_bl0.03_rep1_rep7_AA.fasta.treefile
  Likelihood distances:          /csm_data/spielman_lab/dms_modelselection//simulations/alignments/HIV_rtree100_bl0.03_rep1_rep7_AA.fasta.mldist
  Screen log file:               /csm_data/spielman_lab/dms_modelselection//simulations/alignments/HIV_rtree100_bl0.03_rep1_rep7_AA.fasta.log

Date and Time: Wed Apr 10 15:46:02 2019
