IQ-TREE multicore version 1.6.7 for Linux 64-bit built Aug 23 2018
Developed by Bui Quang Minh, Nguyen Lam Tung, Olga Chernomor,
Heiko Schmidt, Dominik Schrempf, Michael Woodhams.

Host:    csm-com-006 (AVX2, FMA3, 62 GB RAM)
Command: iqtree -nt 8 -m mtInv -s simulations/alignments/HIV_rtree100_bl3_rep1_rep4_AA.fasta -st AA -te simulations/true_trees/rtree100_bl3_rep1.tree
Seed:    410292 (Using SPRNG - Scalable Parallel Random Number Generator)
Time:    Thu Apr  4 14:25:35 2019
Kernel:  AVX+FMA - 8 threads (48 CPU cores detected)

Reading alignment file simulations/alignments/HIV_rtree100_bl3_rep1_rep4_AA.fasta ... Fasta format detected
Alignment most likely contains protein sequences
Alignment has 100 sequences with 661 columns, 661 distinct patterns
661 parsimony-informative, 0 singleton sites, 0 constant sites
      Gap/Ambiguity  Composition  p-value
   1  t25     0.00%    passed     15.37%
   2  t94     0.00%    passed     76.53%
   3  t22     0.00%    passed     86.20%
   4  t87     0.00%    passed     84.34%
   5  t65     0.00%    passed     79.93%
   6  t60     0.00%    passed     91.23%
   7  t84     0.00%    passed     65.04%
   8  t30     0.00%    passed     44.30%
   9  t91     0.00%    passed     80.73%
  10  t95     0.00%    passed     84.88%
  11  t32     0.00%    passed     64.66%
  12  t26     0.00%    passed     12.20%
  13  t59     0.00%    passed     12.36%
  14  t77     0.00%    passed     63.10%
  15  t90     0.00%    passed     69.22%
  16  t20     0.00%    passed     96.57%
  17  t78     0.00%    passed     37.86%
  18  t11     0.00%    passed     51.00%
  19  t18     0.00%    passed     24.27%
  20  t86     0.00%    passed     69.13%
  21  t36     0.00%    passed     84.10%
  22  t21     0.00%    passed     49.27%
  23  t44     0.00%    passed     23.87%
  24  t10     0.00%    passed     41.02%
  25  t56     0.00%    passed     67.24%
  26  t34     0.00%    passed     66.36%
  27  t70     0.00%    passed     49.72%
  28  t92     0.00%    failed      1.95%
  29  t8      0.00%    passed     65.28%
  30  t74     0.00%    passed     34.60%
  31  t4      0.00%    passed     76.88%
  32  t50     0.00%    passed     89.19%
  33  t72     0.00%    passed     85.02%
  34  t6      0.00%    passed     12.72%
  35  t76     0.00%    passed     57.04%
  36  t48     0.00%    passed     84.89%
  37  t88     0.00%    passed     20.80%
  38  t41     0.00%    passed     51.46%
  39  t28     0.00%    passed     66.85%
  40  t79     0.00%    passed     76.55%
  41  t83     0.00%    passed     35.31%
  42  t9      0.00%    passed     64.05%
  43  t35     0.00%    passed     84.96%
  44  t55     0.00%    passed     99.76%
  45  t29     0.00%    passed     78.08%
  46  t5      0.00%    passed     30.98%
  47  t7      0.00%    passed     62.25%
  48  t53     0.00%    passed     84.33%
  49  t93     0.00%    passed     69.55%
  50  t16     0.00%    passed     26.64%
  51  t43     0.00%    passed     75.66%
  52  t98     0.00%    passed     33.27%
  53  t66     0.00%    passed     99.72%
  54  t58     0.00%    passed     27.61%
  55  t23     0.00%    passed     10.27%
  56  t99     0.00%    passed     19.89%
  57  t96     0.00%    passed     74.38%
  58  t63     0.00%    passed     37.63%
  59  t61     0.00%    passed     45.70%
  60  t51     0.00%    passed     37.81%
  61  t3      0.00%    passed     64.14%
  62  t57     0.00%    passed     99.18%
  63  t89     0.00%    passed     68.96%
  64  t14     0.00%    passed     27.36%
  65  t13     0.00%    passed     80.32%
  66  t62     0.00%    passed     81.83%
  67  t47     0.00%    passed     95.84%
  68  t33     0.00%    passed     71.93%
  69  t68     0.00%    failed      4.28%
  70  t37     0.00%    passed     77.28%
  71  t17     0.00%    passed     75.30%
  72  t100    0.00%    passed     53.52%
  73  t31     0.00%    passed     81.94%
  74  t85     0.00%    passed     42.03%
  75  t97     0.00%    failed      3.47%
  76  t69     0.00%    passed     72.98%
  77  t15     0.00%    passed     47.83%
  78  t24     0.00%    passed     89.79%
  79  t67     0.00%    passed     51.86%
  80  t80     0.00%    passed      7.52%
  81  t39     0.00%    passed     32.40%
  82  t64     0.00%    passed     42.16%
  83  t81     0.00%    passed     81.13%
  84  t12     0.00%    passed     30.24%
  85  t19     0.00%    passed     28.04%
  86  t54     0.00%    passed     35.92%
  87  t45     0.00%    passed     38.10%
  88  t82     0.00%    passed     52.08%
  89  t40     0.00%    passed     29.00%
  90  t73     0.00%    passed     18.61%
  91  t2      0.00%    passed     30.33%
  92  t49     0.00%    passed     88.60%
  93  t71     0.00%    passed     45.60%
  94  t42     0.00%    passed     63.68%
  95  t46     0.00%    passed     37.67%
  96  t38     0.00%    passed     37.52%
  97  t75     0.00%    passed     64.70%
  98  t1      0.00%    passed     94.58%
  99  t27     0.00%    passed     57.78%
 100  t52     0.00%    passed     78.81%
****  TOTAL    0.00%  3 sequences failed composition chi2 test (p-value<5%; df=19)
Reading input tree file simulations/true_trees/rtree100_bl3_rep1.tree ... rooted tree
Converting rooted to unrooted tree...

NOTE: 10 MB RAM (0 GB) is required!
Estimate model parameters (epsilon = 0.010)
1. Initial log-likelihood: -199793.541
Optimal log-likelihood: -193842.495
Parameters optimization took 1 rounds (0.124 sec)
BEST SCORE FOUND : -193842.495
Total tree length: 347.601

Total number of iterations: 0
CPU time used for tree search: 0.000 sec (0h:0m:0s)
Wall-clock time used for tree search: 0.000 sec (0h:0m:0s)
Total CPU time used: 1.014 sec (0h:0m:1s)
Total wall-clock time used: 0.137 sec (0h:0m:0s)

Analysis results written to: 
  IQ-TREE report:                simulations/alignments/HIV_rtree100_bl3_rep1_rep4_AA.fasta.iqtree
  Maximum-likelihood tree:       simulations/alignments/HIV_rtree100_bl3_rep1_rep4_AA.fasta.treefile
  Screen log file:               simulations/alignments/HIV_rtree100_bl3_rep1_rep4_AA.fasta.log

Date and Time: Thu Apr  4 14:25:35 2019
