IQ-TREE multicore version 1.6.7 for Linux 64-bit built Aug 23 2018
Developed by Bui Quang Minh, Nguyen Lam Tung, Olga Chernomor,
Heiko Schmidt, Dominik Schrempf, Michael Woodhams.

Host:    csm-com-001 (AVX2, FMA3, 62 GB RAM)
Command: iqtree -nt 8 -m hb_models/HIV_HB.paml+G+F -s simulations/alignments/HIV_rtree100_bl3_rep1_rep15_AA.fasta -st AA
Seed:    708119 (Using SPRNG - Scalable Parallel Random Number Generator)
Time:    Thu Apr  4 10:39:13 2019
Kernel:  AVX+FMA - 8 threads (48 CPU cores detected)

Reading alignment file simulations/alignments/HIV_rtree100_bl3_rep1_rep15_AA.fasta ... Fasta format detected
Alignment most likely contains protein sequences
Alignment has 100 sequences with 661 columns, 661 distinct patterns
661 parsimony-informative, 0 singleton sites, 0 constant sites
      Gap/Ambiguity  Composition  p-value
   1  t25     0.00%    passed     43.32%
   2  t94     0.00%    passed     43.36%
   3  t22     0.00%    passed     45.18%
   4  t87     0.00%    passed     44.33%
   5  t65     0.00%    passed     98.79%
   6  t60     0.00%    passed     91.09%
   7  t84     0.00%    passed     88.39%
   8  t30     0.00%    passed     46.08%
   9  t91     0.00%    passed     20.62%
  10  t95     0.00%    passed     12.38%
  11  t32     0.00%    passed     55.58%
  12  t26     0.00%    passed     26.81%
  13  t59     0.00%    passed     79.32%
  14  t77     0.00%    passed     13.37%
  15  t90     0.00%    passed     31.72%
  16  t20     0.00%    passed     96.86%
  17  t78     0.00%    passed     54.66%
  18  t11     0.00%    passed     86.33%
  19  t18     0.00%    passed     35.00%
  20  t86     0.00%    passed      6.23%
  21  t36     0.00%    passed     85.70%
  22  t21     0.00%    passed     17.77%
  23  t44     0.00%    passed     21.59%
  24  t10     0.00%    passed     59.40%
  25  t56     0.00%    passed     47.58%
  26  t34     0.00%    passed     45.68%
  27  t70     0.00%    passed     96.31%
  28  t92     0.00%    passed     26.69%
  29  t8      0.00%    passed     12.37%
  30  t74     0.00%    failed      4.65%
  31  t4      0.00%    passed     77.10%
  32  t50     0.00%    passed     93.17%
  33  t72     0.00%    passed     29.65%
  34  t6      0.00%    passed     90.50%
  35  t76     0.00%    passed     62.35%
  36  t48     0.00%    passed     82.95%
  37  t88     0.00%    passed     49.22%
  38  t41     0.00%    passed     36.72%
  39  t28     0.00%    passed     49.94%
  40  t79     0.00%    passed     26.57%
  41  t83     0.00%    passed     14.54%
  42  t9      0.00%    passed     55.09%
  43  t35     0.00%    passed     58.02%
  44  t55     0.00%    passed     39.10%
  45  t29     0.00%    passed     26.80%
  46  t5      0.00%    passed     15.95%
  47  t7      0.00%    passed     35.49%
  48  t53     0.00%    passed      6.85%
  49  t93     0.00%    passed     54.38%
  50  t16     0.00%    passed     11.13%
  51  t43     0.00%    passed     14.51%
  52  t98     0.00%    passed      5.61%
  53  t66     0.00%    passed     26.85%
  54  t58     0.00%    passed     86.57%
  55  t23     0.00%    passed     64.11%
  56  t99     0.00%    passed     99.42%
  57  t96     0.00%    passed     69.25%
  58  t63     0.00%    passed     29.85%
  59  t61     0.00%    passed     37.70%
  60  t51     0.00%    passed     42.48%
  61  t3      0.00%    failed      3.23%
  62  t57     0.00%    passed     53.49%
  63  t89     0.00%    passed     70.28%
  64  t14     0.00%    passed     88.65%
  65  t13     0.00%    passed     49.35%
  66  t62     0.00%    passed     57.09%
  67  t47     0.00%    passed     21.60%
  68  t33     0.00%    passed     70.87%
  69  t68     0.00%    passed     55.13%
  70  t37     0.00%    passed     32.17%
  71  t17     0.00%    passed     71.13%
  72  t100    0.00%    passed     65.31%
  73  t31     0.00%    passed     76.43%
  74  t85     0.00%    passed     52.32%
  75  t97     0.00%    passed     91.90%
  76  t69     0.00%    passed     69.38%
  77  t15     0.00%    passed     11.15%
  78  t24     0.00%    passed     61.22%
  79  t67     0.00%    passed     55.55%
  80  t80     0.00%    passed     43.71%
  81  t39     0.00%    passed     10.03%
  82  t64     0.00%    passed     63.31%
  83  t81     0.00%    passed     64.04%
  84  t12     0.00%    passed     26.60%
  85  t19     0.00%    passed     51.48%
  86  t54     0.00%    passed     67.63%
  87  t45     0.00%    passed     45.50%
  88  t82     0.00%    passed     71.56%
  89  t40     0.00%    passed     57.84%
  90  t73     0.00%    passed     91.58%
  91  t2      0.00%    passed     11.40%
  92  t49     0.00%    passed     31.18%
  93  t71     0.00%    passed     76.10%
  94  t42     0.00%    passed     54.96%
  95  t46     0.00%    passed     22.70%
  96  t38     0.00%    passed     61.55%
  97  t75     0.00%    failed      4.10%
  98  t1      0.00%    passed     31.83%
  99  t27     0.00%    passed     40.94%
 100  t52     0.00%    passed     20.46%
****  TOTAL    0.00%  3 sequences failed composition chi2 test (p-value<5%; df=19)

Create initial parsimony tree by phylogenetic likelihood library (PLL)... 0.124 seconds
Reading model parameters from file hb_models/HIV_HB.paml

NOTE: 42 MB RAM (0 GB) is required!
Estimate model parameters (epsilon = 0.100)
1. Initial log-likelihood: -183826.781
2. Current log-likelihood: -181595.041
3. Current log-likelihood: -181538.741
4. Current log-likelihood: -181537.104
Optimal log-likelihood: -181536.989
Gamma shape alpha: 6.186
Parameters optimization took 4 rounds (0.516 sec)
Computing ML distances based on estimated model parameters... 5.450 sec
WARNING: Some pairwise ML distances are too long (saturated)
Computing BIONJ tree...
0.008 seconds
Log-likelihood of BIONJ tree: -181121.161
--------------------------------------------------------------------
|             INITIALIZING CANDIDATE TREE SET                      |
--------------------------------------------------------------------
Generating 98 parsimony trees... 9.669 second
Computing log-likelihood of 98 initial trees ... 6.620 seconds
Current best score: -181121.161

Do NNI search on 20 best initial trees
Estimate model parameters (epsilon = 0.100)
BETTER TREE FOUND at iteration 1: -181066.294
Iteration 10 / LogL: -181276.882 / Time: 0h:0m:40s
Iteration 20 / LogL: -181308.619 / Time: 0h:1m:2s
Finish initializing candidate tree set (20)
Current best tree score: -181066.294 / CPU time: 61.177
Number of iterations: 20
--------------------------------------------------------------------
|               OPTIMIZING CANDIDATE TREE SET                      |
--------------------------------------------------------------------
Estimate model parameters (epsilon = 0.100)
BETTER TREE FOUND at iteration 21: -181064.384
Estimate model parameters (epsilon = 0.100)
BETTER TREE FOUND at iteration 22: -181061.161
Estimate model parameters (epsilon = 0.100)
BETTER TREE FOUND at iteration 25: -181057.292
Estimate model parameters (epsilon = 0.100)
BETTER TREE FOUND at iteration 27: -181052.841
Iteration 30 / LogL: -181054.787 / Time: 0h:1m:13s (0h:4m:4s left)
Estimate model parameters (epsilon = 0.100)
BETTER TREE FOUND at iteration 31: -181042.754
Estimate model parameters (epsilon = 0.100)
BETTER TREE FOUND at iteration 34: -181034.017
Estimate model parameters (epsilon = 0.100)
BETTER TREE FOUND at iteration 40: -181031.623
Iteration 40 / LogL: -181031.623 / Time: 0h:1m:24s (0h:3m:35s left)
Estimate model parameters (epsilon = 0.100)
BETTER TREE FOUND at iteration 45: -181030.082
Iteration 50 / LogL: -181031.738 / Time: 0h:1m:34s (0h:3m:1s left)
Iteration 60 / LogL: -181032.928 / Time: 0h:1m:44s (0h:2m:29s left)
Iteration 70 / LogL: -181031.598 / Time: 0h:1m:53s (0h:2m:3s left)
Iteration 80 / LogL: -181043.427 / Time: 0h:2m:3s (0h:1m:41s left)
Iteration 90 / LogL: -181034.800 / Time: 0h:2m:12s (0h:1m:21s left)
Estimate model parameters (epsilon = 0.100)
BETTER TREE FOUND at iteration 100: -181029.994
Iteration 100 / LogL: -181029.994 / Time: 0h:2m:23s (0h:2m:24s left)
Estimate model parameters (epsilon = 0.100)
BETTER TREE FOUND at iteration 110: -181029.842
Iteration 110 / LogL: -181029.842 / Time: 0h:2m:33s (0h:2m:20s left)
Estimate model parameters (epsilon = 0.100)
BETTER TREE FOUND at iteration 112: -181029.017
Iteration 120 / LogL: -181032.598 / Time: 0h:2m:43s (0h:2m:6s left)
Iteration 130 / LogL: -181055.434 / Time: 0h:2m:52s (0h:1m:49s left)
Estimate model parameters (epsilon = 0.100)
BETTER TREE FOUND at iteration 137: -181028.793
Iteration 140 / LogL: -181040.225 / Time: 0h:3m:3s (0h:2m:7s left)
Iteration 150 / LogL: -181032.674 / Time: 0h:3m:11s (0h:1m:51s left)
Iteration 160 / LogL: -181030.334 / Time: 0h:3m:21s (0h:1m:37s left)
Iteration 170 / LogL: -181033.410 / Time: 0h:3m:30s (0h:1m:23s left)
Estimate model parameters (epsilon = 0.100)
BETTER TREE FOUND at iteration 171: -181027.457
Iteration 180 / LogL: -181050.443 / Time: 0h:3m:39s (0h:1m:51s left)
Iteration 190 / LogL: -181038.205 / Time: 0h:3m:49s (0h:1m:38s left)
Iteration 200 / LogL: -181030.570 / Time: 0h:3m:59s (0h:1m:25s left)
Iteration 210 / LogL: -181031.814 / Time: 0h:4m:9s (0h:1m:12s left)
Estimate model parameters (epsilon = 0.100)
UPDATE BEST LOG-LIKELIHOOD: -181027.380
Iteration 220 / LogL: -181063.756 / Time: 0h:4m:19s (0h:1m:0s left)
Iteration 230 / LogL: -181045.342 / Time: 0h:4m:29s (0h:0m:48s left)
Iteration 240 / LogL: -181035.772 / Time: 0h:4m:39s (0h:0m:36s left)
Estimate model parameters (epsilon = 0.100)
BETTER TREE FOUND at iteration 243: -181026.813
Iteration 250 / LogL: -181037.394 / Time: 0h:4m:48s (0h:1m:47s left)
Iteration 260 / LogL: -181030.663 / Time: 0h:4m:57s (0h:1m:35s left)
Iteration 270 / LogL: -181030.534 / Time: 0h:5m:8s (0h:1m:23s left)
Iteration 280 / LogL: -181057.927 / Time: 0h:5m:18s (0h:1m:11s left)
Iteration 290 / LogL: -181027.651 / Time: 0h:5m:27s (0h:1m:0s left)
Iteration 300 / LogL: -181029.650 / Time: 0h:5m:38s (0h:0m:48s left)
Estimate model parameters (epsilon = 0.100)
BETTER TREE FOUND at iteration 308: -181026.633
Iteration 310 / LogL: -181028.157 / Time: 0h:5m:47s (0h:1m:50s left)
Iteration 320 / LogL: -181027.800 / Time: 0h:5m:59s (0h:1m:39s left)
Estimate model parameters (epsilon = 0.100)
BETTER TREE FOUND at iteration 322: -181024.516
Estimate model parameters (epsilon = 0.100)
BETTER TREE FOUND at iteration 328: -181022.753
Iteration 330 / LogL: -181026.826 / Time: 0h:6m:10s (0h:1m:50s left)
Iteration 340 / LogL: -181029.017 / Time: 0h:6m:19s (0h:1m:38s left)
Iteration 350 / LogL: -181028.037 / Time: 0h:6m:28s (0h:1m:26s left)
Estimate model parameters (epsilon = 0.100)
BETTER TREE FOUND at iteration 354: -181022.461
Estimate model parameters (epsilon = 0.100)
BETTER TREE FOUND at iteration 356: -181022.174
Iteration 360 / LogL: -181033.186 / Time: 0h:6m:37s (0h:1m:46s left)
Iteration 370 / LogL: -181031.858 / Time: 0h:6m:46s (0h:1m:34s left)
Estimate model parameters (epsilon = 0.100)
BETTER TREE FOUND at iteration 371: -181021.874
Iteration 380 / LogL: -181023.746 / Time: 0h:6m:55s (0h:1m:39s left)
Estimate model parameters (epsilon = 0.100)
BETTER TREE FOUND at iteration 386: -181021.757
Iteration 390 / LogL: -181044.631 / Time: 0h:7m:5s (0h:1m:44s left)
Iteration 400 / LogL: -181022.220 / Time: 0h:7m:14s (0h:1m:33s left)
Estimate model parameters (epsilon = 0.100)
BETTER TREE FOUND at iteration 405: -181020.656
Iteration 410 / LogL: -181043.521 / Time: 0h:7m:24s (0h:1m:43s left)
Iteration 420 / LogL: -181021.976 / Time: 0h:7m:33s (0h:1m:31s left)
Iteration 430 / LogL: -181027.945 / Time: 0h:7m:42s (0h:1m:20s left)
Iteration 440 / LogL: -181029.614 / Time: 0h:7m:51s (0h:1m:9s left)
Iteration 450 / LogL: -181021.066 / Time: 0h:8m:0s (0h:0m:58s left)
Iteration 460 / LogL: -181024.767 / Time: 0h:8m:10s (0h:0m:48s left)
Iteration 470 / LogL: -181023.784 / Time: 0h:8m:18s (0h:0m:37s left)
Iteration 480 / LogL: -181032.157 / Time: 0h:8m:27s (0h:0m:26s left)
Iteration 490 / LogL: -181020.775 / Time: 0h:8m:36s (0h:0m:15s left)
Iteration 500 / LogL: -181023.324 / Time: 0h:8m:45s (0h:0m:5s left)
TREE SEARCH COMPLETED AFTER 506 ITERATIONS / Time: 0h:8m:51s

--------------------------------------------------------------------
|                    FINALIZING TREE SEARCH                        |
--------------------------------------------------------------------
Performs final model parameters optimization
Estimate model parameters (epsilon = 0.010)
1. Initial log-likelihood: -181020.656
2. Current log-likelihood: -181020.637
Optimal log-likelihood: -181020.634
Gamma shape alpha: 6.768
Parameters optimization took 2 rounds (0.157 sec)
BEST SCORE FOUND : -181020.634
Total tree length: 206.224

Total number of iterations: 506
CPU time used for tree search: 4157.829 sec (1h:9m:17s)
Wall-clock time used for tree search: 529.388 sec (0h:8m:49s)
Total CPU time used: 4171.158 sec (1h:9m:31s)
Total wall-clock time used: 531.180 sec (0h:8m:51s)

Analysis results written to: 
  IQ-TREE report:                simulations/alignments/HIV_rtree100_bl3_rep1_rep15_AA.fasta.iqtree
  Maximum-likelihood tree:       simulations/alignments/HIV_rtree100_bl3_rep1_rep15_AA.fasta.treefile
  Likelihood distances:          simulations/alignments/HIV_rtree100_bl3_rep1_rep15_AA.fasta.mldist
  Screen log file:               simulations/alignments/HIV_rtree100_bl3_rep1_rep15_AA.fasta.log

Date and Time: Thu Apr  4 10:48:04 2019
