IQ-TREE multicore version 1.6.7 for Linux 64-bit built Aug 23 2018
Developed by Bui Quang Minh, Nguyen Lam Tung, Olga Chernomor,
Heiko Schmidt, Dominik Schrempf, Michael Woodhams.

Host:    csm-com-006 (AVX2, FMA3, 62 GB RAM)
Command: iqtree -nt 8 -m Blosum62+F -s simulations/alignments/HIV_btree64_bl0.3.tree_rep1_AA.fasta -st AA -te simulations/true_trees/btree64_bl0.3.tree
Seed:    320142 (Using SPRNG - Scalable Parallel Random Number Generator)
Time:    Mon Apr  1 13:34:20 2019
Kernel:  AVX+FMA - 8 threads (48 CPU cores detected)

Reading alignment file simulations/alignments/HIV_btree64_bl0.3.tree_rep1_AA.fasta ... Fasta format detected
Alignment most likely contains protein sequences
Alignment has 64 sequences with 661 columns, 661 distinct patterns
661 parsimony-informative, 0 singleton sites, 0 constant sites
     Gap/Ambiguity  Composition  p-value
   1  t54    0.00%    passed     99.28%
   2  t25    0.00%    passed     57.16%
   3  t8     0.00%    passed     89.19%
   4  t37    0.00%    passed     95.51%
   5  t52    0.00%    passed     81.32%
   6  t22    0.00%    passed     98.62%
   7  t13    0.00%    passed     55.66%
   8  t59    0.00%    passed     39.47%
   9  t20    0.00%    passed     65.09%
  10  t27    0.00%    passed     79.45%
  11  t2     0.00%    passed     41.08%
  12  t63    0.00%    passed     60.63%
  13  t24    0.00%    passed     79.12%
  14  t10    0.00%    passed     73.29%
  15  t1     0.00%    passed     58.60%
  16  t28    0.00%    passed     76.58%
  17  t38    0.00%    passed     49.93%
  18  t11    0.00%    passed     65.30%
  19  t23    0.00%    passed     79.03%
  20  t60    0.00%    passed     96.00%
  21  t36    0.00%    passed     88.05%
  22  t41    0.00%    passed     88.77%
  23  t18    0.00%    passed     90.03%
  24  t50    0.00%    passed     62.43%
  25  t44    0.00%    passed     98.96%
  26  t15    0.00%    passed     96.41%
  27  t62    0.00%    passed     93.34%
  28  t46    0.00%    passed     28.73%
  29  t43    0.00%    passed     97.41%
  30  t30    0.00%    passed     99.26%
  31  t55    0.00%    passed     93.98%
  32  t7     0.00%    passed     66.67%
  33  t40    0.00%    passed     89.60%
  34  t49    0.00%    passed     67.29%
  35  t51    0.00%    passed     90.86%
  36  t17    0.00%    passed     40.37%
  37  t39    0.00%    passed     92.12%
  38  t57    0.00%    passed     51.28%
  39  t61    0.00%    failed      1.68%
  40  t19    0.00%    passed    100.00%
  41  t47    0.00%    passed     78.18%
  42  t45    0.00%    passed     71.90%
  43  t56    0.00%    passed     61.80%
  44  t64    0.00%    passed     65.27%
  45  t12    0.00%    failed      3.32%
  46  t53    0.00%    passed     96.37%
  47  t6     0.00%    passed      7.45%
  48  t3     0.00%    passed     31.54%
  49  t29    0.00%    passed     94.80%
  50  t4     0.00%    passed     51.09%
  51  t16    0.00%    passed     88.53%
  52  t32    0.00%    passed     44.24%
  53  t26    0.00%    passed     66.27%
  54  t58    0.00%    passed     81.13%
  55  t35    0.00%    passed     99.07%
  56  t31    0.00%    passed     39.28%
  57  t5     0.00%    passed     93.05%
  58  t9     0.00%    passed     76.24%
  59  t14    0.00%    passed     58.86%
  60  t48    0.00%    passed     89.96%
  61  t33    0.00%    passed     92.14%
  62  t21    0.00%    passed     99.82%
  63  t42    0.00%    passed     88.21%
  64  t34    0.00%    passed     80.57%
****  TOTAL    0.00%  2 sequences failed composition chi2 test (p-value<5%; df=19)
Reading input tree file simulations/true_trees/btree64_bl0.3.tree ... rooted tree
Converting rooted to unrooted tree...

NOTE: 6 MB RAM (0 GB) is required!
Estimate model parameters (epsilon = 0.010)
1. Initial log-likelihood: -70996.925
Optimal log-likelihood: -69286.470
Parameters optimization took 1 rounds (0.054 sec)
BEST SCORE FOUND : -69286.470
Total tree length: 23.188

Total number of iterations: 0
CPU time used for tree search: 0.000 sec (0h:0m:0s)
Wall-clock time used for tree search: 0.000 sec (0h:0m:0s)
Total CPU time used: 0.441 sec (0h:0m:0s)
Total wall-clock time used: 0.067 sec (0h:0m:0s)

Analysis results written to: 
  IQ-TREE report:                simulations/alignments/HIV_btree64_bl0.3.tree_rep1_AA.fasta.iqtree
  Maximum-likelihood tree:       simulations/alignments/HIV_btree64_bl0.3.tree_rep1_AA.fasta.treefile
  Screen log file:               simulations/alignments/HIV_btree64_bl0.3.tree_rep1_AA.fasta.log

Date and Time: Mon Apr  1 13:34:20 2019
