IQ-TREE multicore version 1.6.7 for Linux 64-bit built Aug 23 2018
Developed by Bui Quang Minh, Nguyen Lam Tung, Olga Chernomor,
Heiko Schmidt, Dominik Schrempf, Michael Woodhams.

Host:    csm-com-009 (AVX2, FMA3, 62 GB RAM)
Command: iqtree -nt 8 -m pogofit_models/HIV_rtree100_bl1.5_rep1_rep8_AA.dat.POGOFIT.paml+G -s simulations/alignments/HIV_rtree100_bl1.5_rep1_rep8_AA.fasta -st AA
Seed:    422160 (Using SPRNG - Scalable Parallel Random Number Generator)
Time:    Thu Apr  4 10:19:41 2019
Kernel:  AVX+FMA - 8 threads (48 CPU cores detected)

Reading alignment file simulations/alignments/HIV_rtree100_bl1.5_rep1_rep8_AA.fasta ... Fasta format detected
Alignment most likely contains protein sequences
Alignment has 100 sequences with 661 columns, 661 distinct patterns
661 parsimony-informative, 0 singleton sites, 0 constant sites
      Gap/Ambiguity  Composition  p-value
   1  t95     0.00%    passed     37.37%
   2  t63     0.00%    passed     78.46%
   3  t38     0.00%    passed     20.10%
   4  t70     0.00%    passed     86.91%
   5  t80     0.00%    passed     30.78%
   6  t83     0.00%    passed     73.62%
   7  t21     0.00%    passed     80.11%
   8  t90     0.00%    passed     82.49%
   9  t61     0.00%    passed     55.84%
  10  t17     0.00%    passed     28.20%
  11  t74     0.00%    passed     84.36%
  12  t34     0.00%    passed     82.65%
  13  t98     0.00%    passed     61.74%
  14  t76     0.00%    passed     78.42%
  15  t59     0.00%    failed      0.57%
  16  t45     0.00%    passed     19.01%
  17  t27     0.00%    passed     65.53%
  18  t13     0.00%    failed      2.25%
  19  t53     0.00%    passed     21.60%
  20  t69     0.00%    passed     27.19%
  21  t79     0.00%    passed     46.83%
  22  t73     0.00%    passed     84.29%
  23  t85     0.00%    passed     33.35%
  24  t3      0.00%    passed     11.56%
  25  t4      0.00%    passed     87.09%
  26  t16     0.00%    passed     50.34%
  27  t96     0.00%    passed     47.37%
  28  t50     0.00%    passed     71.49%
  29  t56     0.00%    passed      7.21%
  30  t62     0.00%    passed     49.73%
  31  t41     0.00%    passed     93.27%
  32  t49     0.00%    passed     40.98%
  33  t57     0.00%    passed     71.34%
  34  t55     0.00%    passed     72.00%
  35  t43     0.00%    passed     75.14%
  36  t97     0.00%    passed     94.10%
  37  t82     0.00%    passed     46.03%
  38  t65     0.00%    passed     54.55%
  39  t89     0.00%    passed     66.44%
  40  t25     0.00%    passed     45.33%
  41  t28     0.00%    passed     62.19%
  42  t52     0.00%    passed     83.65%
  43  t54     0.00%    passed     12.93%
  44  t23     0.00%    passed     17.13%
  45  t24     0.00%    passed     89.04%
  46  t88     0.00%    passed     97.10%
  47  t30     0.00%    passed     28.94%
  48  t91     0.00%    passed     75.16%
  49  t37     0.00%    passed     18.52%
  50  t48     0.00%    passed     91.24%
  51  t20     0.00%    passed     57.80%
  52  t99     0.00%    passed     49.49%
  53  t29     0.00%    passed     95.01%
  54  t18     0.00%    passed     61.29%
  55  t2      0.00%    passed     73.48%
  56  t71     0.00%    passed     72.93%
  57  t26     0.00%    passed     61.16%
  58  t78     0.00%    passed     16.64%
  59  t39     0.00%    passed     57.42%
  60  t22     0.00%    passed     87.03%
  61  t72     0.00%    passed     68.74%
  62  t68     0.00%    passed     68.69%
  63  t75     0.00%    passed     39.42%
  64  t66     0.00%    passed     43.31%
  65  t47     0.00%    passed     52.90%
  66  t12     0.00%    passed     77.36%
  67  t40     0.00%    passed     52.29%
  68  t5      0.00%    passed     71.43%
  69  t46     0.00%    passed     59.33%
  70  t7      0.00%    passed     66.16%
  71  t31     0.00%    passed     70.03%
  72  t14     0.00%    passed     47.43%
  73  t6      0.00%    passed     91.93%
  74  t94     0.00%    passed     89.72%
  75  t92     0.00%    passed     76.83%
  76  t15     0.00%    passed     41.34%
  77  t33     0.00%    passed     36.97%
  78  t93     0.00%    passed     64.13%
  79  t87     0.00%    passed     96.05%
  80  t67     0.00%    passed     67.37%
  81  t11     0.00%    passed     25.63%
  82  t32     0.00%    passed     32.27%
  83  t35     0.00%    passed     62.52%
  84  t8      0.00%    passed     30.95%
  85  t51     0.00%    passed     70.81%
  86  t19     0.00%    passed     10.04%
  87  t77     0.00%    passed     53.76%
  88  t58     0.00%    failed      1.26%
  89  t100    0.00%    passed     86.79%
  90  t86     0.00%    passed     67.01%
  91  t1      0.00%    passed      5.47%
  92  t10     0.00%    passed     26.13%
  93  t36     0.00%    passed     75.88%
  94  t44     0.00%    passed     50.16%
  95  t9      0.00%    passed     30.01%
  96  t81     0.00%    passed     42.20%
  97  t64     0.00%    passed     27.03%
  98  t42     0.00%    passed      6.28%
  99  t60     0.00%    passed      7.43%
 100  t84     0.00%    passed     97.14%
****  TOTAL    0.00%  3 sequences failed composition chi2 test (p-value<5%; df=19)

Create initial parsimony tree by phylogenetic likelihood library (PLL)... 0.097 seconds
Reading model parameters from file pogofit_models/HIV_rtree100_bl1.5_rep1_rep8_AA.dat.POGOFIT.paml

NOTE: 42 MB RAM (0 GB) is required!
Estimate model parameters (epsilon = 0.100)
1. Initial log-likelihood: -172212.126
2. Current log-likelihood: -171036.638
3. Current log-likelihood: -170962.796
4. Current log-likelihood: -170961.969
Optimal log-likelihood: -170961.967
Gamma shape alpha: 13.911
Parameters optimization took 4 rounds (0.520 sec)
Computing ML distances based on estimated model parameters... 4.100 sec
Computing BIONJ tree...
0.007 seconds
Log-likelihood of BIONJ tree: -170802.542
--------------------------------------------------------------------
|             INITIALIZING CANDIDATE TREE SET                      |
--------------------------------------------------------------------
Generating 98 parsimony trees... 9.328 second
Computing log-likelihood of 98 initial trees ... 6.147 seconds
Current best score: -170802.542

Do NNI search on 20 best initial trees
Estimate model parameters (epsilon = 0.100)
BETTER TREE FOUND at iteration 1: -170776.194
Estimate model parameters (epsilon = 0.100)
BETTER TREE FOUND at iteration 2: -170769.959
Iteration 10 / LogL: -170778.231 / Time: 0h:0m:20s
Iteration 20 / LogL: -170770.995 / Time: 0h:0m:25s
Finish initializing candidate tree set (9)
Current best tree score: -170769.959 / CPU time: 24.199
Number of iterations: 20
--------------------------------------------------------------------
|               OPTIMIZING CANDIDATE TREE SET                      |
--------------------------------------------------------------------
Iteration 30 / LogL: -170770.304 / Time: 0h:0m:32s (0h:1m:19s left)
Iteration 40 / LogL: -170775.291 / Time: 0h:0m:37s (0h:0m:59s left)
Iteration 50 / LogL: -170771.275 / Time: 0h:0m:44s (0h:0m:47s left)
Iteration 60 / LogL: -170772.888 / Time: 0h:0m:50s (0h:0m:35s left)
Iteration 70 / LogL: -170771.323 / Time: 0h:0m:56s (0h:0m:26s left)
Iteration 80 / LogL: -170771.645 / Time: 0h:1m:3s (0h:0m:17s left)
Iteration 90 / LogL: -170771.823 / Time: 0h:1m:9s (0h:0m:9s left)
Iteration 100 / LogL: -170770.102 / Time: 0h:1m:15s (0h:0m:1s left)
TREE SEARCH COMPLETED AFTER 103 ITERATIONS / Time: 0h:1m:17s

--------------------------------------------------------------------
|                    FINALIZING TREE SEARCH                        |
--------------------------------------------------------------------
Performs final model parameters optimization
Estimate model parameters (epsilon = 0.010)
1. Initial log-likelihood: -170769.959
Optimal log-likelihood: -170769.957
Gamma shape alpha: 14.061
Parameters optimization took 1 rounds (0.080 sec)
BEST SCORE FOUND : -170769.957
Total tree length: 114.118

Total number of iterations: 103
CPU time used for tree search: 543.102 sec (0h:9m:3s)
Wall-clock time used for tree search: 76.056 sec (0h:1m:16s)
Total CPU time used: 553.671 sec (0h:9m:13s)
Total wall-clock time used: 77.480 sec (0h:1m:17s)

Analysis results written to: 
  IQ-TREE report:                simulations/alignments/HIV_rtree100_bl1.5_rep1_rep8_AA.fasta.iqtree
  Maximum-likelihood tree:       simulations/alignments/HIV_rtree100_bl1.5_rep1_rep8_AA.fasta.treefile
  Likelihood distances:          simulations/alignments/HIV_rtree100_bl1.5_rep1_rep8_AA.fasta.mldist
  Screen log file:               simulations/alignments/HIV_rtree100_bl1.5_rep1_rep8_AA.fasta.log

Date and Time: Thu Apr  4 10:20:58 2019
