IQ-TREE multicore version 1.6.7 for Linux 64-bit built Aug 23 2018
Developed by Bui Quang Minh, Nguyen Lam Tung, Olga Chernomor,
Heiko Schmidt, Dominik Schrempf, Michael Woodhams.

Host:    csm-com-003 (AVX2, FMA3, 62 GB RAM)
Command: iqtree -nt 8 -m hb_models/HIV_HB.paml+G+F -s simulations/alignments/HIV_rtree100_bl0.3_rep1_rep17_AA.fasta -st AA
Seed:    685404 (Using SPRNG - Scalable Parallel Random Number Generator)
Time:    Thu Apr  4 10:34:35 2019
Kernel:  AVX+FMA - 8 threads (48 CPU cores detected)

Reading alignment file simulations/alignments/HIV_rtree100_bl0.3_rep1_rep17_AA.fasta ... Fasta format detected
Alignment most likely contains protein sequences
Alignment has 100 sequences with 661 columns, 661 distinct patterns
661 parsimony-informative, 0 singleton sites, 0 constant sites
      Gap/Ambiguity  Composition  p-value
   1  t19     0.00%    passed     82.23%
   2  t1      0.00%    passed     67.37%
   3  t34     0.00%    passed     33.99%
   4  t32     0.00%    passed     40.95%
   5  t56     0.00%    passed     50.42%
   6  t7      0.00%    passed     75.17%
   7  t17     0.00%    passed     74.72%
   8  t65     0.00%    passed     60.48%
   9  t72     0.00%    passed     80.24%
  10  t11     0.00%    passed     43.91%
  11  t60     0.00%    passed     77.09%
  12  t62     0.00%    passed     81.48%
  13  t63     0.00%    passed     42.76%
  14  t46     0.00%    passed     91.38%
  15  t66     0.00%    passed     65.21%
  16  t84     0.00%    passed     83.90%
  17  t74     0.00%    passed     99.49%
  18  t68     0.00%    passed     85.94%
  19  t73     0.00%    passed     60.47%
  20  t75     0.00%    passed     99.98%
  21  t98     0.00%    passed     50.01%
  22  t42     0.00%    passed     23.96%
  23  t16     0.00%    passed     30.09%
  24  t97     0.00%    passed     43.71%
  25  t2      0.00%    passed     75.50%
  26  t3      0.00%    passed     99.76%
  27  t76     0.00%    passed     88.63%
  28  t71     0.00%    passed     80.01%
  29  t18     0.00%    passed     21.89%
  30  t87     0.00%    passed     39.79%
  31  t20     0.00%    passed     97.62%
  32  t41     0.00%    passed     78.60%
  33  t40     0.00%    passed     33.32%
  34  t51     0.00%    passed     39.13%
  35  t27     0.00%    passed     81.25%
  36  t29     0.00%    passed     20.70%
  37  t91     0.00%    passed     37.73%
  38  t61     0.00%    passed     44.61%
  39  t6      0.00%    passed     55.06%
  40  t80     0.00%    passed     22.39%
  41  t90     0.00%    passed     69.32%
  42  t57     0.00%    passed     57.02%
  43  t85     0.00%    passed     91.85%
  44  t67     0.00%    passed     79.10%
  45  t70     0.00%    passed     87.19%
  46  t36     0.00%    passed     75.06%
  47  t48     0.00%    passed     96.50%
  48  t78     0.00%    passed     85.58%
  49  t43     0.00%    passed     20.83%
  50  t14     0.00%    passed     74.88%
  51  t82     0.00%    passed     59.04%
  52  t89     0.00%    passed     88.55%
  53  t53     0.00%    passed     49.07%
  54  t23     0.00%    passed     98.40%
  55  t35     0.00%    passed     56.96%
  56  t77     0.00%    passed     84.27%
  57  t5      0.00%    passed     99.74%
  58  t8      0.00%    passed     88.38%
  59  t45     0.00%    passed     76.87%
  60  t81     0.00%    passed     97.55%
  61  t55     0.00%    passed     97.79%
  62  t13     0.00%    passed     76.94%
  63  t92     0.00%    passed     36.38%
  64  t26     0.00%    passed     53.62%
  65  t44     0.00%    passed     18.92%
  66  t64     0.00%    passed     84.24%
  67  t24     0.00%    passed     94.18%
  68  t38     0.00%    passed     25.66%
  69  t49     0.00%    passed     35.21%
  70  t88     0.00%    passed     56.59%
  71  t58     0.00%    passed     74.09%
  72  t79     0.00%    passed     85.43%
  73  t37     0.00%    passed     91.93%
  74  t33     0.00%    passed     90.22%
  75  t31     0.00%    passed     74.63%
  76  t96     0.00%    passed     57.79%
  77  t12     0.00%    failed      2.43%
  78  t86     0.00%    passed     84.16%
  79  t21     0.00%    passed     98.98%
  80  t28     0.00%    passed     28.25%
  81  t30     0.00%    passed     50.78%
  82  t39     0.00%    passed     53.00%
  83  t59     0.00%    passed     97.12%
  84  t25     0.00%    passed     84.59%
  85  t15     0.00%    passed     83.29%
  86  t50     0.00%    passed     83.49%
  87  t99     0.00%    passed     16.51%
  88  t69     0.00%    passed     87.68%
  89  t10     0.00%    passed     54.76%
  90  t95     0.00%    passed     43.31%
  91  t22     0.00%    passed     59.89%
  92  t54     0.00%    passed     67.89%
  93  t47     0.00%    passed     62.95%
  94  t83     0.00%    passed     99.72%
  95  t4      0.00%    passed     17.48%
  96  t9      0.00%    passed     24.44%
  97  t100    0.00%    passed     44.25%
  98  t94     0.00%    passed     52.21%
  99  t52     0.00%    passed     95.37%
 100  t93     0.00%    passed     86.37%
****  TOTAL    0.00%  1 sequences failed composition chi2 test (p-value<5%; df=19)

Create initial parsimony tree by phylogenetic likelihood library (PLL)... 0.037 seconds
Reading model parameters from file hb_models/HIV_HB.paml

NOTE: 42 MB RAM (0 GB) is required!
Estimate model parameters (epsilon = 0.100)
1. Initial log-likelihood: -98732.337
2. Current log-likelihood: -98131.104
3. Current log-likelihood: -98038.498
4. Current log-likelihood: -98038.355
Optimal log-likelihood: -98038.355
Gamma shape alpha: 17.296
Parameters optimization took 4 rounds (0.499 sec)
Computing ML distances based on estimated model parameters... 3.643 sec
Computing BIONJ tree...
0.007 seconds
Log-likelihood of BIONJ tree: -98038.355
--------------------------------------------------------------------
|             INITIALIZING CANDIDATE TREE SET                      |
--------------------------------------------------------------------
Generating 99 parsimony trees... 4.226 second
Computing log-likelihood of 99 initial trees ... 6.262 seconds
Current best score: -98038.355

Do NNI search on 20 best initial trees
Estimate model parameters (epsilon = 0.100)
BETTER TREE FOUND at iteration 1: -98038.355
Iteration 10 / LogL: -98038.576 / Time: 0h:0m:15s
Iteration 20 / LogL: -98038.469 / Time: 0h:0m:20s
Finish initializing candidate tree set (1)
Current best tree score: -98038.355 / CPU time: 19.476
Number of iterations: 20
--------------------------------------------------------------------
|               OPTIMIZING CANDIDATE TREE SET                      |
--------------------------------------------------------------------
Iteration 30 / LogL: -98038.884 / Time: 0h:0m:25s (0h:1m:3s left)
Iteration 40 / LogL: -98038.481 / Time: 0h:0m:30s (0h:0m:48s left)
Iteration 50 / LogL: -98038.520 / Time: 0h:0m:36s (0h:0m:37s left)
Iteration 60 / LogL: -98038.473 / Time: 0h:0m:41s (0h:0m:28s left)
Iteration 70 / LogL: -98038.631 / Time: 0h:0m:46s (0h:0m:20s left)
Iteration 80 / LogL: -98038.553 / Time: 0h:0m:52s (0h:0m:13s left)
Iteration 90 / LogL: -98040.344 / Time: 0h:0m:57s (0h:0m:7s left)
Iteration 100 / LogL: -98039.094 / Time: 0h:1m:2s (0h:0m:0s left)
TREE SEARCH COMPLETED AFTER 102 ITERATIONS / Time: 0h:1m:3s

--------------------------------------------------------------------
|                    FINALIZING TREE SEARCH                        |
--------------------------------------------------------------------
Performs final model parameters optimization
Estimate model parameters (epsilon = 0.010)
1. Initial log-likelihood: -98038.355
Optimal log-likelihood: -98038.355
Gamma shape alpha: 17.296
Parameters optimization took 1 rounds (0.071 sec)
BEST SCORE FOUND : -98038.355
Total tree length: 36.432

Total number of iterations: 102
CPU time used for tree search: 469.802 sec (0h:7m:49s)
Wall-clock time used for tree search: 62.409 sec (0h:1m:2s)
Total CPU time used: 479.180 sec (0h:7m:59s)
Total wall-clock time used: 63.633 sec (0h:1m:3s)

Analysis results written to: 
  IQ-TREE report:                simulations/alignments/HIV_rtree100_bl0.3_rep1_rep17_AA.fasta.iqtree
  Maximum-likelihood tree:       simulations/alignments/HIV_rtree100_bl0.3_rep1_rep17_AA.fasta.treefile
  Likelihood distances:          simulations/alignments/HIV_rtree100_bl0.3_rep1_rep17_AA.fasta.mldist
  Screen log file:               simulations/alignments/HIV_rtree100_bl0.3_rep1_rep17_AA.fasta.log

Date and Time: Thu Apr  4 10:35:39 2019
