IQ-TREE multicore version 1.6.7 for Linux 64-bit built Aug 23 2018
Developed by Bui Quang Minh, Nguyen Lam Tung, Olga Chernomor,
Heiko Schmidt, Dominik Schrempf, Michael Woodhams.

Host:    csm-com-012 (AVX2, FMA3, 62 GB RAM)
Command: iqtree -nt 8 -m JTT+F+G4 -s /csm_data/spielman_lab/dms_modelselection//simulations/alignments/HIV_rtree100_bl0.75_rep1_rep10_AA.fasta -st AA
Seed:    177233 (Using SPRNG - Scalable Parallel Random Number Generator)
Time:    Mon Apr  8 14:12:15 2019
Kernel:  AVX+FMA - 8 threads (48 CPU cores detected)

Reading alignment file /csm_data/spielman_lab/dms_modelselection//simulations/alignments/HIV_rtree100_bl0.75_rep1_rep10_AA.fasta ... Fasta format detected
Alignment most likely contains protein sequences
Alignment has 100 sequences with 661 columns, 661 distinct patterns
661 parsimony-informative, 0 singleton sites, 0 constant sites
      Gap/Ambiguity  Composition  p-value
   1  t25     0.00%    passed     48.40%
   2  t94     0.00%    passed     54.31%
   3  t22     0.00%    passed     31.39%
   4  t87     0.00%    passed     10.10%
   5  t65     0.00%    passed     49.92%
   6  t60     0.00%    passed     95.26%
   7  t84     0.00%    passed     58.08%
   8  t30     0.00%    passed     46.08%
   9  t91     0.00%    passed     97.17%
  10  t95     0.00%    passed     69.71%
  11  t32     0.00%    passed     93.74%
  12  t26     0.00%    passed     43.41%
  13  t59     0.00%    passed     90.59%
  14  t77     0.00%    passed     10.01%
  15  t90     0.00%    passed     37.07%
  16  t20     0.00%    passed     86.83%
  17  t78     0.00%    passed     77.33%
  18  t11     0.00%    passed     82.83%
  19  t18     0.00%    passed     88.41%
  20  t86     0.00%    passed     52.44%
  21  t36     0.00%    passed     84.74%
  22  t21     0.00%    passed     95.11%
  23  t44     0.00%    passed     60.03%
  24  t10     0.00%    passed     26.79%
  25  t56     0.00%    passed     16.87%
  26  t34     0.00%    passed     86.73%
  27  t70     0.00%    passed     40.84%
  28  t92     0.00%    passed     45.13%
  29  t8      0.00%    passed     36.84%
  30  t74     0.00%    passed     34.55%
  31  t4      0.00%    passed     28.07%
  32  t50     0.00%    passed     32.91%
  33  t72     0.00%    passed     70.35%
  34  t6      0.00%    passed     11.20%
  35  t76     0.00%    passed     30.44%
  36  t48     0.00%    passed     22.90%
  37  t88     0.00%    passed     34.16%
  38  t41     0.00%    passed     62.86%
  39  t28     0.00%    passed     62.04%
  40  t79     0.00%    passed     62.99%
  41  t83     0.00%    passed     74.64%
  42  t9      0.00%    passed     99.12%
  43  t35     0.00%    passed     72.15%
  44  t55     0.00%    passed     97.37%
  45  t29     0.00%    passed     74.94%
  46  t5      0.00%    passed     44.09%
  47  t7      0.00%    passed     92.24%
  48  t53     0.00%    passed     92.24%
  49  t93     0.00%    passed     44.42%
  50  t16     0.00%    passed      8.32%
  51  t43     0.00%    passed     83.46%
  52  t98     0.00%    passed     83.39%
  53  t66     0.00%    passed     51.98%
  54  t58     0.00%    passed     80.44%
  55  t23     0.00%    passed     71.17%
  56  t99     0.00%    passed     88.98%
  57  t96     0.00%    passed     56.98%
  58  t63     0.00%    passed     64.15%
  59  t61     0.00%    passed     99.27%
  60  t51     0.00%    passed     73.22%
  61  t3      0.00%    passed     34.50%
  62  t57     0.00%    passed     68.29%
  63  t89     0.00%    passed     22.40%
  64  t14     0.00%    passed     93.86%
  65  t13     0.00%    passed     69.80%
  66  t62     0.00%    passed     40.33%
  67  t47     0.00%    passed     95.61%
  68  t33     0.00%    passed     92.57%
  69  t68     0.00%    passed     98.17%
  70  t37     0.00%    passed      8.82%
  71  t17     0.00%    passed     98.32%
  72  t100    0.00%    passed     94.61%
  73  t31     0.00%    passed     29.54%
  74  t85     0.00%    passed     92.19%
  75  t97     0.00%    passed     72.23%
  76  t69     0.00%    passed     72.81%
  77  t15     0.00%    passed     87.23%
  78  t24     0.00%    passed     16.08%
  79  t67     0.00%    passed     21.28%
  80  t80     0.00%    passed     55.48%
  81  t39     0.00%    passed     95.01%
  82  t64     0.00%    passed     96.98%
  83  t81     0.00%    failed      4.58%
  84  t12     0.00%    passed     78.71%
  85  t19     0.00%    passed     23.24%
  86  t54     0.00%    passed     31.25%
  87  t45     0.00%    passed     58.24%
  88  t82     0.00%    passed     73.72%
  89  t40     0.00%    passed     78.57%
  90  t73     0.00%    passed     65.50%
  91  t2      0.00%    passed     48.84%
  92  t49     0.00%    passed     84.36%
  93  t71     0.00%    passed     49.69%
  94  t42     0.00%    passed     96.08%
  95  t46     0.00%    passed     86.61%
  96  t38     0.00%    passed     66.04%
  97  t75     0.00%    passed     29.91%
  98  t1      0.00%    passed     85.38%
  99  t27     0.00%    passed     65.13%
 100  t52     0.00%    passed     38.22%
****  TOTAL    0.00%  1 sequences failed composition chi2 test (p-value<5%; df=19)

Create initial parsimony tree by phylogenetic likelihood library (PLL)... 0.065 seconds

NOTE: 42 MB RAM (0 GB) is required!
Estimate model parameters (epsilon = 0.100)
1. Initial log-likelihood: -152605.303
2. Current log-likelihood: -152048.637
3. Current log-likelihood: -151956.639
4. Current log-likelihood: -151948.236
Optimal log-likelihood: -151948.187
Gamma shape alpha: 7.721
Parameters optimization took 4 rounds (0.901 sec)
Computing ML distances based on estimated model parameters... 6.724 sec
WARNING: Some pairwise ML distances are too long (saturated)
Computing BIONJ tree...
0.008 seconds
Log-likelihood of BIONJ tree: -152072.813
--------------------------------------------------------------------
|             INITIALIZING CANDIDATE TREE SET                      |
--------------------------------------------------------------------
Generating 98 parsimony trees... 6.270 second
Computing log-likelihood of 98 initial trees ... 8.580 seconds
Current best score: -151948.187

Do NNI search on 20 best initial trees
Estimate model parameters (epsilon = 0.100)
BETTER TREE FOUND at iteration 1: -151948.186
Iteration 10 / LogL: -151950.415 / Time: 0h:0m:22s
Iteration 20 / LogL: -151949.236 / Time: 0h:0m:28s
Finish initializing candidate tree set (1)
Current best tree score: -151948.186 / CPU time: 26.231
Number of iterations: 20
--------------------------------------------------------------------
|               OPTIMIZING CANDIDATE TREE SET                      |
--------------------------------------------------------------------
Iteration 30 / LogL: -151949.668 / Time: 0h:0m:34s (0h:1m:24s left)
Iteration 40 / LogL: -151949.530 / Time: 0h:0m:40s (0h:1m:2s left)
Iteration 50 / LogL: -151949.042 / Time: 0h:0m:45s (0h:0m:47s left)
Iteration 60 / LogL: -151948.891 / Time: 0h:0m:51s (0h:0m:35s left)
Iteration 70 / LogL: -151948.535 / Time: 0h:0m:57s (0h:0m:25s left)
Iteration 80 / LogL: -151948.580 / Time: 0h:1m:3s (0h:0m:16s left)
Iteration 90 / LogL: -151948.328 / Time: 0h:1m:8s (0h:0m:8s left)
Iteration 100 / LogL: -151948.344 / Time: 0h:1m:13s (0h:0m:0s left)
TREE SEARCH COMPLETED AFTER 102 ITERATIONS / Time: 0h:1m:15s

--------------------------------------------------------------------
|                    FINALIZING TREE SEARCH                        |
--------------------------------------------------------------------
Performs final model parameters optimization
Estimate model parameters (epsilon = 0.010)
1. Initial log-likelihood: -151948.186
Optimal log-likelihood: -151948.186
Gamma shape alpha: 7.721
Parameters optimization took 1 rounds (0.078 sec)
BEST SCORE FOUND : -151948.186
Total tree length: 84.360

Total number of iterations: 102
CPU time used for tree search: 538.174 sec (0h:8m:58s)
Wall-clock time used for tree search: 72.885 sec (0h:1m:12s)
Total CPU time used: 555.252 sec (0h:9m:15s)
Total wall-clock time used: 75.187 sec (0h:1m:15s)

Analysis results written to: 
  IQ-TREE report:                /csm_data/spielman_lab/dms_modelselection//simulations/alignments/HIV_rtree100_bl0.75_rep1_rep10_AA.fasta.iqtree
  Maximum-likelihood tree:       /csm_data/spielman_lab/dms_modelselection//simulations/alignments/HIV_rtree100_bl0.75_rep1_rep10_AA.fasta.treefile
  Likelihood distances:          /csm_data/spielman_lab/dms_modelselection//simulations/alignments/HIV_rtree100_bl0.75_rep1_rep10_AA.fasta.mldist
  Screen log file:               /csm_data/spielman_lab/dms_modelselection//simulations/alignments/HIV_rtree100_bl0.75_rep1_rep10_AA.fasta.log

Date and Time: Mon Apr  8 14:13:30 2019
