IQ-TREE multicore version 1.6.7 for Linux 64-bit built Aug 23 2018
Developed by Bui Quang Minh, Nguyen Lam Tung, Olga Chernomor,
Heiko Schmidt, Dominik Schrempf, Michael Woodhams.

Host:    csm-com-012 (AVX2, FMA3, 62 GB RAM)
Command: iqtree -nt 8 -m JTT+G4 -s simulations/alignments/HIV_rtree100_bl1.5_rep1_rep3_AA.fasta -st AA
Seed:    461530 (Using SPRNG - Scalable Parallel Random Number Generator)
Time:    Thu Apr  4 13:36:10 2019
Kernel:  AVX+FMA - 8 threads (48 CPU cores detected)

Reading alignment file simulations/alignments/HIV_rtree100_bl1.5_rep1_rep3_AA.fasta ... Fasta format detected
Alignment most likely contains protein sequences
Alignment has 100 sequences with 661 columns, 661 distinct patterns
661 parsimony-informative, 0 singleton sites, 0 constant sites
      Gap/Ambiguity  Composition  p-value
   1  t95     0.00%    passed     66.36%
   2  t63     0.00%    passed     51.56%
   3  t38     0.00%    passed     79.31%
   4  t70     0.00%    passed     15.25%
   5  t80     0.00%    passed     60.12%
   6  t83     0.00%    failed      3.65%
   7  t21     0.00%    passed     13.04%
   8  t90     0.00%    passed     21.41%
   9  t61     0.00%    passed     65.99%
  10  t17     0.00%    passed     87.07%
  11  t74     0.00%    failed      4.93%
  12  t34     0.00%    passed     18.70%
  13  t98     0.00%    passed     58.96%
  14  t76     0.00%    passed     56.99%
  15  t59     0.00%    passed     28.02%
  16  t45     0.00%    passed     43.70%
  17  t27     0.00%    passed     25.48%
  18  t13     0.00%    passed     43.01%
  19  t53     0.00%    passed     82.39%
  20  t69     0.00%    passed     86.30%
  21  t79     0.00%    passed     85.10%
  22  t73     0.00%    passed     58.35%
  23  t85     0.00%    passed     12.27%
  24  t3      0.00%    passed      9.97%
  25  t4      0.00%    passed     55.72%
  26  t16     0.00%    passed     52.52%
  27  t96     0.00%    passed     32.20%
  28  t50     0.00%    passed     93.05%
  29  t56     0.00%    passed     99.53%
  30  t62     0.00%    passed     83.90%
  31  t41     0.00%    passed     57.18%
  32  t49     0.00%    passed     14.94%
  33  t57     0.00%    passed     94.73%
  34  t55     0.00%    passed     15.06%
  35  t43     0.00%    passed     94.10%
  36  t97     0.00%    passed     80.85%
  37  t82     0.00%    passed     22.65%
  38  t65     0.00%    passed     25.15%
  39  t89     0.00%    passed     92.88%
  40  t25     0.00%    passed     39.58%
  41  t28     0.00%    passed     89.86%
  42  t52     0.00%    passed     51.85%
  43  t54     0.00%    failed      2.37%
  44  t23     0.00%    passed     39.63%
  45  t24     0.00%    passed     54.77%
  46  t88     0.00%    passed     34.68%
  47  t30     0.00%    passed     54.53%
  48  t91     0.00%    passed     73.70%
  49  t37     0.00%    passed     48.89%
  50  t48     0.00%    passed     62.54%
  51  t20     0.00%    passed     72.04%
  52  t99     0.00%    passed     99.35%
  53  t29     0.00%    passed      6.08%
  54  t18     0.00%    passed     66.35%
  55  t2      0.00%    passed     17.81%
  56  t71     0.00%    passed     31.01%
  57  t26     0.00%    passed     23.89%
  58  t78     0.00%    passed     47.16%
  59  t39     0.00%    passed      5.88%
  60  t22     0.00%    passed     23.19%
  61  t72     0.00%    passed     53.01%
  62  t68     0.00%    passed     40.44%
  63  t75     0.00%    passed     80.94%
  64  t66     0.00%    passed     45.62%
  65  t47     0.00%    passed     90.96%
  66  t12     0.00%    passed     21.24%
  67  t40     0.00%    passed     87.90%
  68  t5      0.00%    passed     37.47%
  69  t46     0.00%    passed     87.38%
  70  t7      0.00%    passed     51.55%
  71  t31     0.00%    passed     84.95%
  72  t14     0.00%    failed      3.55%
  73  t6      0.00%    passed      7.16%
  74  t94     0.00%    passed      7.44%
  75  t92     0.00%    passed     54.78%
  76  t15     0.00%    passed     96.82%
  77  t33     0.00%    passed     48.20%
  78  t93     0.00%    passed     14.02%
  79  t87     0.00%    passed     20.67%
  80  t67     0.00%    passed     39.69%
  81  t11     0.00%    passed     67.01%
  82  t32     0.00%    passed      7.76%
  83  t35     0.00%    passed     72.18%
  84  t8      0.00%    passed     84.21%
  85  t51     0.00%    passed     59.86%
  86  t19     0.00%    passed     29.88%
  87  t77     0.00%    passed     93.76%
  88  t58     0.00%    passed     93.35%
  89  t100    0.00%    passed     35.88%
  90  t86     0.00%    passed     94.92%
  91  t1      0.00%    passed     88.06%
  92  t10     0.00%    passed     67.12%
  93  t36     0.00%    passed     53.78%
  94  t44     0.00%    passed     71.77%
  95  t9      0.00%    passed     72.11%
  96  t81     0.00%    passed     49.42%
  97  t64     0.00%    passed     51.48%
  98  t42     0.00%    passed     66.96%
  99  t60     0.00%    passed     92.63%
 100  t84     0.00%    passed     35.99%
****  TOTAL    0.00%  4 sequences failed composition chi2 test (p-value<5%; df=19)

Create initial parsimony tree by phylogenetic likelihood library (PLL)... 0.070 seconds

NOTE: 42 MB RAM (0 GB) is required!
Estimate model parameters (epsilon = 0.100)
1. Initial log-likelihood: -177271.027
2. Current log-likelihood: -176106.153
3. Current log-likelihood: -176091.256
4. Current log-likelihood: -176090.694
Optimal log-likelihood: -176090.679
Gamma shape alpha: 6.232
Parameters optimization took 4 rounds (0.511 sec)
Computing ML distances based on estimated model parameters... 5.517 sec
WARNING: Some pairwise ML distances are too long (saturated)
Computing BIONJ tree...
0.007 seconds
Log-likelihood of BIONJ tree: -176013.310
--------------------------------------------------------------------
|             INITIALIZING CANDIDATE TREE SET                      |
--------------------------------------------------------------------
Generating 98 parsimony trees... 9.588 second
Computing log-likelihood of 98 initial trees ... 6.120 seconds
Current best score: -176013.310

Do NNI search on 20 best initial trees
Estimate model parameters (epsilon = 0.100)
BETTER TREE FOUND at iteration 1: -175980.519
Estimate model parameters (epsilon = 0.100)
BETTER TREE FOUND at iteration 3: -175977.118
Iteration 10 / LogL: -175981.662 / Time: 0h:0m:22s
Iteration 20 / LogL: -175979.600 / Time: 0h:0m:27s
Finish initializing candidate tree set (16)
Current best tree score: -175977.118 / CPU time: 26.323
Number of iterations: 20
--------------------------------------------------------------------
|               OPTIMIZING CANDIDATE TREE SET                      |
--------------------------------------------------------------------
Iteration 30 / LogL: -175981.513 / Time: 0h:0m:34s (0h:1m:27s left)
Iteration 40 / LogL: -175981.100 / Time: 0h:0m:41s (0h:1m:7s left)
Iteration 50 / LogL: -175995.795 / Time: 0h:0m:48s (0h:0m:52s left)
Iteration 60 / LogL: -175977.232 / Time: 0h:0m:54s (0h:0m:39s left)
Iteration 70 / LogL: -175977.167 / Time: 0h:1m:0s (0h:0m:29s left)
Iteration 80 / LogL: -175977.307 / Time: 0h:1m:7s (0h:0m:19s left)
Iteration 90 / LogL: -175978.283 / Time: 0h:1m:14s (0h:0m:10s left)
Iteration 100 / LogL: -175991.002 / Time: 0h:1m:20s (0h:0m:2s left)
TREE SEARCH COMPLETED AFTER 104 ITERATIONS / Time: 0h:1m:23s

--------------------------------------------------------------------
|                    FINALIZING TREE SEARCH                        |
--------------------------------------------------------------------
Performs final model parameters optimization
Estimate model parameters (epsilon = 0.010)
1. Initial log-likelihood: -175977.118
Optimal log-likelihood: -175977.118
Gamma shape alpha: 6.268
Parameters optimization took 1 rounds (0.080 sec)
BEST SCORE FOUND : -175977.118
Total tree length: 142.961

Total number of iterations: 104
CPU time used for tree search: 590.512 sec (0h:9m:50s)
Wall-clock time used for tree search: 82.253 sec (0h:1m:22s)
Total CPU time used: 602.846 sec (0h:10m:2s)
Total wall-clock time used: 83.876 sec (0h:1m:23s)

Analysis results written to: 
  IQ-TREE report:                simulations/alignments/HIV_rtree100_bl1.5_rep1_rep3_AA.fasta.iqtree
  Maximum-likelihood tree:       simulations/alignments/HIV_rtree100_bl1.5_rep1_rep3_AA.fasta.treefile
  Likelihood distances:          simulations/alignments/HIV_rtree100_bl1.5_rep1_rep3_AA.fasta.mldist
  Screen log file:               simulations/alignments/HIV_rtree100_bl1.5_rep1_rep3_AA.fasta.log

Date and Time: Thu Apr  4 13:37:34 2019
