IQ-TREE multicore version 1.6.7 for Linux 64-bit built Aug 23 2018
Developed by Bui Quang Minh, Nguyen Lam Tung, Olga Chernomor,
Heiko Schmidt, Dominik Schrempf, Michael Woodhams.

Host:    csm-com-011 (AVX2, FMA3, 62 GB RAM)
Command: iqtree -nt 8 -m pogofit_models/HIV_rtree100_bl1.5_rep1_rep18_AA.dat.POGOFIT.paml+G -s simulations/alignments/HIV_rtree100_bl1.5_rep1_rep18_AA.fasta -st AA
Seed:    639659 (Using SPRNG - Scalable Parallel Random Number Generator)
Time:    Thu Apr  4 10:39:08 2019
Kernel:  AVX+FMA - 8 threads (48 CPU cores detected)

Reading alignment file simulations/alignments/HIV_rtree100_bl1.5_rep1_rep18_AA.fasta ... Fasta format detected
Alignment most likely contains protein sequences
Alignment has 100 sequences with 661 columns, 661 distinct patterns
661 parsimony-informative, 0 singleton sites, 0 constant sites
      Gap/Ambiguity  Composition  p-value
   1  t95     0.00%    passed     19.79%
   2  t63     0.00%    passed     11.84%
   3  t38     0.00%    passed     46.84%
   4  t70     0.00%    passed     48.11%
   5  t80     0.00%    passed     82.45%
   6  t83     0.00%    passed     84.95%
   7  t21     0.00%    passed     51.54%
   8  t90     0.00%    passed     68.06%
   9  t61     0.00%    passed     25.56%
  10  t17     0.00%    passed     81.00%
  11  t74     0.00%    passed     54.69%
  12  t34     0.00%    failed      2.98%
  13  t98     0.00%    failed      0.79%
  14  t76     0.00%    passed     56.85%
  15  t59     0.00%    passed     59.20%
  16  t45     0.00%    passed     51.25%
  17  t27     0.00%    passed     39.06%
  18  t13     0.00%    passed     72.07%
  19  t53     0.00%    passed     66.65%
  20  t69     0.00%    passed     57.64%
  21  t79     0.00%    passed     42.60%
  22  t73     0.00%    passed     63.90%
  23  t85     0.00%    passed     86.25%
  24  t3      0.00%    passed     20.43%
  25  t4      0.00%    passed     60.27%
  26  t16     0.00%    passed     72.53%
  27  t96     0.00%    passed     36.64%
  28  t50     0.00%    passed     84.03%
  29  t56     0.00%    passed     26.05%
  30  t62     0.00%    passed     71.19%
  31  t41     0.00%    passed     36.40%
  32  t49     0.00%    passed     77.61%
  33  t57     0.00%    passed     69.35%
  34  t55     0.00%    passed     26.55%
  35  t43     0.00%    passed     99.27%
  36  t97     0.00%    passed     70.31%
  37  t82     0.00%    passed     21.98%
  38  t65     0.00%    passed     97.08%
  39  t89     0.00%    passed     54.10%
  40  t25     0.00%    passed     37.79%
  41  t28     0.00%    passed     54.61%
  42  t52     0.00%    passed     90.22%
  43  t54     0.00%    passed     14.14%
  44  t23     0.00%    failed      3.01%
  45  t24     0.00%    failed      3.45%
  46  t88     0.00%    passed     19.71%
  47  t30     0.00%    passed     15.98%
  48  t91     0.00%    passed     57.15%
  49  t37     0.00%    passed     27.07%
  50  t48     0.00%    passed     88.55%
  51  t20     0.00%    passed     79.13%
  52  t99     0.00%    passed     59.23%
  53  t29     0.00%    passed     57.81%
  54  t18     0.00%    passed     12.88%
  55  t2      0.00%    passed     65.37%
  56  t71     0.00%    passed     19.00%
  57  t26     0.00%    passed     91.93%
  58  t78     0.00%    passed     49.91%
  59  t39     0.00%    passed     77.83%
  60  t22     0.00%    passed     15.52%
  61  t72     0.00%    passed     31.54%
  62  t68     0.00%    failed      1.34%
  63  t75     0.00%    passed     82.96%
  64  t66     0.00%    passed     19.14%
  65  t47     0.00%    passed     99.20%
  66  t12     0.00%    passed     81.24%
  67  t40     0.00%    passed     48.55%
  68  t5      0.00%    passed     81.16%
  69  t46     0.00%    passed     73.29%
  70  t7      0.00%    passed      8.97%
  71  t31     0.00%    passed     99.71%
  72  t14     0.00%    passed     69.32%
  73  t6      0.00%    passed     49.85%
  74  t94     0.00%    passed      5.53%
  75  t92     0.00%    passed     92.22%
  76  t15     0.00%    failed      3.21%
  77  t33     0.00%    passed     77.95%
  78  t93     0.00%    passed     90.83%
  79  t87     0.00%    passed     27.35%
  80  t67     0.00%    passed     69.78%
  81  t11     0.00%    passed     72.20%
  82  t32     0.00%    passed     54.33%
  83  t35     0.00%    passed      8.47%
  84  t8      0.00%    passed     53.35%
  85  t51     0.00%    passed     61.89%
  86  t19     0.00%    passed     66.35%
  87  t77     0.00%    passed     86.72%
  88  t58     0.00%    passed     93.90%
  89  t100    0.00%    passed     66.71%
  90  t86     0.00%    passed     93.84%
  91  t1      0.00%    passed     43.65%
  92  t10     0.00%    passed     63.53%
  93  t36     0.00%    passed     91.08%
  94  t44     0.00%    passed     14.08%
  95  t9      0.00%    passed     18.14%
  96  t81     0.00%    passed      5.79%
  97  t64     0.00%    passed     80.39%
  98  t42     0.00%    passed     93.27%
  99  t60     0.00%    passed     67.00%
 100  t84     0.00%    failed      4.57%
****  TOTAL    0.00%  7 sequences failed composition chi2 test (p-value<5%; df=19)

Create initial parsimony tree by phylogenetic likelihood library (PLL)... 0.087 seconds
Reading model parameters from file pogofit_models/HIV_rtree100_bl1.5_rep1_rep18_AA.dat.POGOFIT.paml

NOTE: 42 MB RAM (0 GB) is required!
Estimate model parameters (epsilon = 0.100)
1. Initial log-likelihood: -172801.179
2. Current log-likelihood: -171569.969
3. Current log-likelihood: -171523.517
4. Current log-likelihood: -171523.220
Optimal log-likelihood: -171523.213
Gamma shape alpha: 15.254
Parameters optimization took 4 rounds (0.512 sec)
Computing ML distances based on estimated model parameters... 4.280 sec
Computing BIONJ tree...
0.008 seconds
Log-likelihood of BIONJ tree: -171392.626
--------------------------------------------------------------------
|             INITIALIZING CANDIDATE TREE SET                      |
--------------------------------------------------------------------
Generating 98 parsimony trees... 9.122 second
Computing log-likelihood of 98 initial trees ... 6.158 seconds
Current best score: -171392.626

Do NNI search on 20 best initial trees
Estimate model parameters (epsilon = 0.100)
BETTER TREE FOUND at iteration 1: -171362.336
Iteration 10 / LogL: -171371.054 / Time: 0h:0m:21s
Estimate model parameters (epsilon = 0.100)
BETTER TREE FOUND at iteration 15: -171361.727
Iteration 20 / LogL: -171362.417 / Time: 0h:0m:26s
Finish initializing candidate tree set (16)
Current best tree score: -171361.727 / CPU time: 25.138
Number of iterations: 20
--------------------------------------------------------------------
|               OPTIMIZING CANDIDATE TREE SET                      |
--------------------------------------------------------------------
Iteration 30 / LogL: -171366.564 / Time: 0h:0m:33s (0h:1m:37s left)
Iteration 40 / LogL: -171365.253 / Time: 0h:0m:40s (0h:1m:17s left)
Iteration 50 / LogL: -171362.350 / Time: 0h:0m:46s (0h:1m:2s left)
Iteration 60 / LogL: -171364.929 / Time: 0h:0m:53s (0h:0m:50s left)
Iteration 70 / LogL: -171361.974 / Time: 0h:1m:0s (0h:0m:39s left)
Iteration 80 / LogL: -171361.884 / Time: 0h:1m:7s (0h:0m:29s left)
Iteration 90 / LogL: -171362.299 / Time: 0h:1m:13s (0h:0m:20s left)
Iteration 100 / LogL: -171362.151 / Time: 0h:1m:20s (0h:0m:12s left)
Iteration 110 / LogL: -171362.021 / Time: 0h:1m:27s (0h:0m:4s left)
TREE SEARCH COMPLETED AFTER 116 ITERATIONS / Time: 0h:1m:32s

--------------------------------------------------------------------
|                    FINALIZING TREE SEARCH                        |
--------------------------------------------------------------------
Performs final model parameters optimization
Estimate model parameters (epsilon = 0.010)
1. Initial log-likelihood: -171361.727
Optimal log-likelihood: -171361.727
Gamma shape alpha: 15.114
Parameters optimization took 1 rounds (0.080 sec)
BEST SCORE FOUND : -171361.727
Total tree length: 117.406

Total number of iterations: 116
CPU time used for tree search: 662.584 sec (0h:11m:2s)
Wall-clock time used for tree search: 90.874 sec (0h:1m:30s)
Total CPU time used: 673.286 sec (0h:11m:13s)
Total wall-clock time used: 92.305 sec (0h:1m:32s)

Analysis results written to: 
  IQ-TREE report:                simulations/alignments/HIV_rtree100_bl1.5_rep1_rep18_AA.fasta.iqtree
  Maximum-likelihood tree:       simulations/alignments/HIV_rtree100_bl1.5_rep1_rep18_AA.fasta.treefile
  Likelihood distances:          simulations/alignments/HIV_rtree100_bl1.5_rep1_rep18_AA.fasta.mldist
  Screen log file:               simulations/alignments/HIV_rtree100_bl1.5_rep1_rep18_AA.fasta.log

Date and Time: Thu Apr  4 10:40:40 2019
