IQ-TREE multicore version 1.6.7 for Linux 64-bit built Aug 23 2018
Developed by Bui Quang Minh, Nguyen Lam Tung, Olga Chernomor,
Heiko Schmidt, Dominik Schrempf, Michael Woodhams.

Host:    csm-com-004 (AVX2, FMA3, 62 GB RAM)
Command: iqtree -nt 8 -m mtMAM+F+G4 -s /csm_data/spielman_lab/dms_modelselection//simulations/alignments/HIV_rtree100_bl0.75_rep1_rep7_AA.fasta -st AA
Seed:    12440 (Using SPRNG - Scalable Parallel Random Number Generator)
Time:    Mon Apr  8 14:14:04 2019
Kernel:  AVX+FMA - 8 threads (48 CPU cores detected)

Reading alignment file /csm_data/spielman_lab/dms_modelselection//simulations/alignments/HIV_rtree100_bl0.75_rep1_rep7_AA.fasta ... Fasta format detected
Alignment most likely contains protein sequences
Alignment has 100 sequences with 661 columns, 661 distinct patterns
661 parsimony-informative, 0 singleton sites, 0 constant sites
      Gap/Ambiguity  Composition  p-value
   1  t25     0.00%    passed     84.68%
   2  t94     0.00%    passed     43.19%
   3  t22     0.00%    passed     98.86%
   4  t87     0.00%    passed     84.31%
   5  t65     0.00%    passed     13.99%
   6  t60     0.00%    passed     92.83%
   7  t84     0.00%    passed     65.76%
   8  t30     0.00%    passed     64.10%
   9  t91     0.00%    passed     49.22%
  10  t95     0.00%    passed     82.44%
  11  t32     0.00%    passed     85.89%
  12  t26     0.00%    passed     11.90%
  13  t59     0.00%    passed     56.79%
  14  t77     0.00%    passed     59.53%
  15  t90     0.00%    passed     35.34%
  16  t20     0.00%    passed     68.72%
  17  t78     0.00%    passed     37.94%
  18  t11     0.00%    passed     57.80%
  19  t18     0.00%    passed     14.31%
  20  t86     0.00%    passed     95.87%
  21  t36     0.00%    passed     96.64%
  22  t21     0.00%    passed     59.03%
  23  t44     0.00%    passed     51.17%
  24  t10     0.00%    passed     71.17%
  25  t56     0.00%    passed     59.84%
  26  t34     0.00%    passed     29.56%
  27  t70     0.00%    passed     55.48%
  28  t92     0.00%    passed     66.65%
  29  t8      0.00%    passed     18.61%
  30  t74     0.00%    passed     23.83%
  31  t4      0.00%    passed     47.70%
  32  t50     0.00%    passed     81.71%
  33  t72     0.00%    passed     81.32%
  34  t6      0.00%    passed     95.08%
  35  t76     0.00%    passed     22.81%
  36  t48     0.00%    passed     59.58%
  37  t88     0.00%    passed     46.80%
  38  t41     0.00%    passed     73.79%
  39  t28     0.00%    passed     93.91%
  40  t79     0.00%    passed     64.52%
  41  t83     0.00%    passed     21.92%
  42  t9      0.00%    passed     57.33%
  43  t35     0.00%    passed     45.90%
  44  t55     0.00%    passed     29.00%
  45  t29     0.00%    passed      6.21%
  46  t5      0.00%    passed     52.63%
  47  t7      0.00%    passed     30.98%
  48  t53     0.00%    failed      1.46%
  49  t93     0.00%    passed     71.70%
  50  t16     0.00%    failed      3.75%
  51  t43     0.00%    passed     90.81%
  52  t98     0.00%    passed     69.19%
  53  t66     0.00%    passed     89.04%
  54  t58     0.00%    passed      8.20%
  55  t23     0.00%    passed     27.16%
  56  t99     0.00%    passed     84.85%
  57  t96     0.00%    passed     14.35%
  58  t63     0.00%    passed     24.30%
  59  t61     0.00%    failed      2.93%
  60  t51     0.00%    passed     48.78%
  61  t3      0.00%    passed     30.47%
  62  t57     0.00%    passed     82.56%
  63  t89     0.00%    passed     62.06%
  64  t14     0.00%    passed     76.00%
  65  t13     0.00%    passed     47.74%
  66  t62     0.00%    passed     52.89%
  67  t47     0.00%    passed     57.20%
  68  t33     0.00%    passed     84.39%
  69  t68     0.00%    passed     88.00%
  70  t37     0.00%    passed     91.10%
  71  t17     0.00%    passed     99.80%
  72  t100    0.00%    passed     94.38%
  73  t31     0.00%    passed     90.62%
  74  t85     0.00%    passed     36.27%
  75  t97     0.00%    passed     93.32%
  76  t69     0.00%    passed     96.15%
  77  t15     0.00%    passed     85.17%
  78  t24     0.00%    passed     24.33%
  79  t67     0.00%    passed     68.65%
  80  t80     0.00%    passed     21.42%
  81  t39     0.00%    passed     35.24%
  82  t64     0.00%    passed     90.33%
  83  t81     0.00%    passed     96.59%
  84  t12     0.00%    passed     86.09%
  85  t19     0.00%    passed     18.24%
  86  t54     0.00%    failed      1.63%
  87  t45     0.00%    passed      6.38%
  88  t82     0.00%    passed     39.24%
  89  t40     0.00%    passed     72.63%
  90  t73     0.00%    passed     84.38%
  91  t2      0.00%    passed     15.09%
  92  t49     0.00%    passed     20.70%
  93  t71     0.00%    passed     68.15%
  94  t42     0.00%    passed     89.87%
  95  t46     0.00%    passed     93.19%
  96  t38     0.00%    passed     49.11%
  97  t75     0.00%    passed     54.24%
  98  t1      0.00%    passed     62.31%
  99  t27     0.00%    passed     56.19%
 100  t52     0.00%    passed     62.80%
****  TOTAL    0.00%  4 sequences failed composition chi2 test (p-value<5%; df=19)

Create initial parsimony tree by phylogenetic likelihood library (PLL)... 0.078 seconds

NOTE: 42 MB RAM (0 GB) is required!
Estimate model parameters (epsilon = 0.100)
1. Initial log-likelihood: -160262.664
2. Current log-likelihood: -159907.104
3. Current log-likelihood: -159762.556
4. Current log-likelihood: -159757.697
5. Current log-likelihood: -159757.421
Optimal log-likelihood: -159757.364
Gamma shape alpha: 2.608
Parameters optimization took 5 rounds (0.614 sec)
Computing ML distances based on estimated model parameters... 13.847 sec
WARNING: Some pairwise ML distances are too long (saturated)
Computing BIONJ tree...
0.008 seconds
Log-likelihood of BIONJ tree: -160290.782
--------------------------------------------------------------------
|             INITIALIZING CANDIDATE TREE SET                      |
--------------------------------------------------------------------
Generating 98 parsimony trees... 6.450 second
Computing log-likelihood of 98 initial trees ... 6.270 seconds
Current best score: -159757.364

Do NNI search on 20 best initial trees
Estimate model parameters (epsilon = 0.100)
BETTER TREE FOUND at iteration 1: -159757.353
Iteration 10 / LogL: -159757.581 / Time: 0h:0m:19s
Iteration 20 / LogL: -159757.511 / Time: 0h:0m:24s
Finish initializing candidate tree set (1)
Current best tree score: -159757.353 / CPU time: 21.789
Number of iterations: 20
--------------------------------------------------------------------
|               OPTIMIZING CANDIDATE TREE SET                      |
--------------------------------------------------------------------
Iteration 30 / LogL: -159758.847 / Time: 0h:0m:30s (0h:1m:14s left)
Iteration 40 / LogL: -159757.483 / Time: 0h:0m:36s (0h:0m:56s left)
Iteration 50 / LogL: -159757.825 / Time: 0h:0m:42s (0h:0m:43s left)
Iteration 60 / LogL: -159757.892 / Time: 0h:0m:47s (0h:0m:33s left)
Iteration 70 / LogL: -159757.554 / Time: 0h:0m:53s (0h:0m:23s left)
Iteration 80 / LogL: -159757.665 / Time: 0h:0m:58s (0h:0m:15s left)
Iteration 90 / LogL: -159757.934 / Time: 0h:1m:4s (0h:0m:7s left)
Iteration 100 / LogL: -159757.431 / Time: 0h:1m:10s (0h:0m:0s left)
TREE SEARCH COMPLETED AFTER 102 ITERATIONS / Time: 0h:1m:11s

--------------------------------------------------------------------
|                    FINALIZING TREE SEARCH                        |
--------------------------------------------------------------------
Performs final model parameters optimization
Estimate model parameters (epsilon = 0.010)
1. Initial log-likelihood: -159757.353
Optimal log-likelihood: -159757.351
Gamma shape alpha: 2.611
Parameters optimization took 1 rounds (0.078 sec)
BEST SCORE FOUND : -159757.351
Total tree length: 149.720

Total number of iterations: 102
CPU time used for tree search: 500.927 sec (0h:8m:20s)
Wall-clock time used for tree search: 68.258 sec (0h:1m:8s)
Total CPU time used: 523.852 sec (0h:8m:43s)
Total wall-clock time used: 71.210 sec (0h:1m:11s)

Analysis results written to: 
  IQ-TREE report:                /csm_data/spielman_lab/dms_modelselection//simulations/alignments/HIV_rtree100_bl0.75_rep1_rep7_AA.fasta.iqtree
  Maximum-likelihood tree:       /csm_data/spielman_lab/dms_modelselection//simulations/alignments/HIV_rtree100_bl0.75_rep1_rep7_AA.fasta.treefile
  Likelihood distances:          /csm_data/spielman_lab/dms_modelselection//simulations/alignments/HIV_rtree100_bl0.75_rep1_rep7_AA.fasta.mldist
  Screen log file:               /csm_data/spielman_lab/dms_modelselection//simulations/alignments/HIV_rtree100_bl0.75_rep1_rep7_AA.fasta.log

Date and Time: Mon Apr  8 14:15:15 2019
