IQ-TREE multicore version 1.6.7 for Linux 64-bit built Aug 23 2018
Developed by Bui Quang Minh, Nguyen Lam Tung, Olga Chernomor,
Heiko Schmidt, Dominik Schrempf, Michael Woodhams.

Host:    csm-com-012 (AVX2, FMA3, 62 GB RAM)
Command: iqtree -nt 8 -m mtInv -s simulations/alignments/HIV_rtree100_bl3_rep1_rep20_AA.fasta -st AA
Seed:    208925 (Using SPRNG - Scalable Parallel Random Number Generator)
Time:    Thu Apr  4 15:16:16 2019
Kernel:  AVX+FMA - 8 threads (48 CPU cores detected)

Reading alignment file simulations/alignments/HIV_rtree100_bl3_rep1_rep20_AA.fasta ... Fasta format detected
Alignment most likely contains protein sequences
Alignment has 100 sequences with 661 columns, 661 distinct patterns
661 parsimony-informative, 0 singleton sites, 0 constant sites
      Gap/Ambiguity  Composition  p-value
   1  t25     0.00%    passed     90.81%
   2  t94     0.00%    passed     30.90%
   3  t22     0.00%    passed     74.10%
   4  t87     0.00%    passed     42.41%
   5  t65     0.00%    passed     26.31%
   6  t60     0.00%    passed     49.21%
   7  t84     0.00%    passed     45.54%
   8  t30     0.00%    passed     62.40%
   9  t91     0.00%    passed     60.70%
  10  t95     0.00%    passed     63.36%
  11  t32     0.00%    passed     16.26%
  12  t26     0.00%    passed     77.47%
  13  t59     0.00%    passed     39.50%
  14  t77     0.00%    passed     18.43%
  15  t90     0.00%    passed     11.25%
  16  t20     0.00%    passed     94.92%
  17  t78     0.00%    passed     69.40%
  18  t11     0.00%    passed     84.73%
  19  t18     0.00%    failed      2.86%
  20  t86     0.00%    passed     68.87%
  21  t36     0.00%    passed     67.31%
  22  t21     0.00%    passed     51.73%
  23  t44     0.00%    passed     76.27%
  24  t10     0.00%    passed     26.19%
  25  t56     0.00%    passed     74.70%
  26  t34     0.00%    passed     37.08%
  27  t70     0.00%    passed     31.74%
  28  t92     0.00%    passed     45.95%
  29  t8      0.00%    passed     23.36%
  30  t74     0.00%    passed     66.92%
  31  t4      0.00%    passed     78.70%
  32  t50     0.00%    passed     64.11%
  33  t72     0.00%    passed     94.58%
  34  t6      0.00%    passed     83.16%
  35  t76     0.00%    passed     66.90%
  36  t48     0.00%    passed     36.67%
  37  t88     0.00%    passed     97.59%
  38  t41     0.00%    passed     31.24%
  39  t28     0.00%    passed     35.62%
  40  t79     0.00%    passed     92.17%
  41  t83     0.00%    passed     46.78%
  42  t9      0.00%    passed     71.11%
  43  t35     0.00%    passed     72.17%
  44  t55     0.00%    passed     55.19%
  45  t29     0.00%    passed     50.35%
  46  t5      0.00%    passed     74.22%
  47  t7      0.00%    passed     58.14%
  48  t53     0.00%    passed     92.03%
  49  t93     0.00%    passed      6.61%
  50  t16     0.00%    passed     76.99%
  51  t43     0.00%    passed     33.30%
  52  t98     0.00%    passed     50.71%
  53  t66     0.00%    passed     81.10%
  54  t58     0.00%    passed     32.05%
  55  t23     0.00%    passed     73.15%
  56  t99     0.00%    passed     58.63%
  57  t96     0.00%    passed     64.68%
  58  t63     0.00%    failed      0.38%
  59  t61     0.00%    passed      7.30%
  60  t51     0.00%    passed     56.66%
  61  t3      0.00%    passed     11.63%
  62  t57     0.00%    passed     16.99%
  63  t89     0.00%    passed     66.47%
  64  t14     0.00%    passed     94.63%
  65  t13     0.00%    passed      5.52%
  66  t62     0.00%    passed     99.06%
  67  t47     0.00%    passed     67.30%
  68  t33     0.00%    passed     77.24%
  69  t68     0.00%    passed     88.56%
  70  t37     0.00%    passed     87.60%
  71  t17     0.00%    passed     26.53%
  72  t100    0.00%    passed     50.33%
  73  t31     0.00%    passed     30.76%
  74  t85     0.00%    passed     43.39%
  75  t97     0.00%    passed     23.86%
  76  t69     0.00%    passed     84.17%
  77  t15     0.00%    passed     35.52%
  78  t24     0.00%    passed     53.82%
  79  t67     0.00%    passed     81.95%
  80  t80     0.00%    passed     20.27%
  81  t39     0.00%    passed     95.70%
  82  t64     0.00%    passed     77.29%
  83  t81     0.00%    passed     97.40%
  84  t12     0.00%    passed     59.49%
  85  t19     0.00%    passed     99.92%
  86  t54     0.00%    passed     53.86%
  87  t45     0.00%    passed     55.42%
  88  t82     0.00%    passed     42.97%
  89  t40     0.00%    passed     41.85%
  90  t73     0.00%    passed     73.43%
  91  t2      0.00%    passed     79.59%
  92  t49     0.00%    passed     66.79%
  93  t71     0.00%    passed     76.57%
  94  t42     0.00%    passed     86.80%
  95  t46     0.00%    passed     69.33%
  96  t38     0.00%    passed     84.85%
  97  t75     0.00%    passed     20.79%
  98  t1      0.00%    passed     50.75%
  99  t27     0.00%    passed     37.24%
 100  t52     0.00%    passed     17.19%
****  TOTAL    0.00%  2 sequences failed composition chi2 test (p-value<5%; df=19)

Create initial parsimony tree by phylogenetic likelihood library (PLL)... 0.106 seconds

NOTE: 10 MB RAM (0 GB) is required!
Estimate model parameters (epsilon = 0.100)
1. Initial log-likelihood: -200004.715
Optimal log-likelihood: -194327.505
Parameters optimization took 1 rounds (0.109 sec)
Computing ML distances based on estimated model parameters... 2.337 sec
WARNING: Some pairwise ML distances are too long (saturated)
Computing BIONJ tree...
0.007 seconds
Log-likelihood of BIONJ tree: -193845.432
--------------------------------------------------------------------
|             INITIALIZING CANDIDATE TREE SET                      |
--------------------------------------------------------------------
Generating 98 parsimony trees... 8.999 second
Computing log-likelihood of 98 initial trees ... 3.260 seconds
Current best score: -193845.432

Do NNI search on 20 best initial trees
Estimate model parameters (epsilon = 0.100)
BETTER TREE FOUND at iteration 1: -193795.767
Iteration 10 / LogL: -194023.641 / Time: 0h:0m:18s
Iteration 20 / LogL: -194137.066 / Time: 0h:0m:25s
Finish initializing candidate tree set (20)
Current best tree score: -193795.767 / CPU time: 24.739
Number of iterations: 20
--------------------------------------------------------------------
|               OPTIMIZING CANDIDATE TREE SET                      |
--------------------------------------------------------------------
Estimate model parameters (epsilon = 0.100)
BETTER TREE FOUND at iteration 28: -193770.731
Iteration 30 / LogL: -193781.628 / Time: 0h:0m:29s (0h:1m:37s left)
Estimate model parameters (epsilon = 0.100)
BETTER TREE FOUND at iteration 34: -193765.635
Estimate model parameters (epsilon = 0.100)
BETTER TREE FOUND at iteration 37: -193765.201
Iteration 40 / LogL: -193773.029 / Time: 0h:0m:33s (0h:1m:21s left)
Estimate model parameters (epsilon = 0.100)
BETTER TREE FOUND at iteration 42: -193752.067
Estimate model parameters (epsilon = 0.100)
BETTER TREE FOUND at iteration 44: -193750.369
Iteration 50 / LogL: -193761.281 / Time: 0h:0m:36s (0h:1m:10s left)
Estimate model parameters (epsilon = 0.100)
BETTER TREE FOUND at iteration 56: -193740.860
Iteration 60 / LogL: -193798.537 / Time: 0h:0m:40s (0h:1m:5s left)
Estimate model parameters (epsilon = 0.100)
BETTER TREE FOUND at iteration 63: -193740.587
Estimate model parameters (epsilon = 0.100)
BETTER TREE FOUND at iteration 69: -193738.332
Iteration 70 / LogL: -193759.574 / Time: 0h:0m:43s (0h:1m:2s left)
Estimate model parameters (epsilon = 0.100)
BETTER TREE FOUND at iteration 72: -193737.382
Estimate model parameters (epsilon = 0.100)
BETTER TREE FOUND at iteration 73: -193732.401
Iteration 80 / LogL: -193751.114 / Time: 0h:0m:47s (0h:0m:55s left)
Estimate model parameters (epsilon = 0.100)
BETTER TREE FOUND at iteration 87: -193731.715
Iteration 90 / LogL: -193746.218 / Time: 0h:0m:50s (0h:0m:54s left)
Estimate model parameters (epsilon = 0.100)
BETTER TREE FOUND at iteration 94: -193725.126
Estimate model parameters (epsilon = 0.100)
BETTER TREE FOUND at iteration 96: -193722.889
Iteration 100 / LogL: -193734.991 / Time: 0h:0m:53s (0h:0m:52s left)
Estimate model parameters (epsilon = 0.100)
BETTER TREE FOUND at iteration 104: -193720.780
Estimate model parameters (epsilon = 0.100)
BETTER TREE FOUND at iteration 109: -193719.964
Iteration 110 / LogL: -193734.069 / Time: 0h:0m:57s (0h:0m:51s left)
Estimate model parameters (epsilon = 0.100)
BETTER TREE FOUND at iteration 115: -193717.110
Estimate model parameters (epsilon = 0.100)
BETTER TREE FOUND at iteration 118: -193716.328
Estimate model parameters (epsilon = 0.100)
BETTER TREE FOUND at iteration 120: -193716.045
Iteration 120 / LogL: -193716.045 / Time: 0h:1m:0s (0h:0m:51s left)
Estimate model parameters (epsilon = 0.100)
BETTER TREE FOUND at iteration 128: -193712.742
Estimate model parameters (epsilon = 0.100)
BETTER TREE FOUND at iteration 129: -193702.877
Iteration 130 / LogL: -193723.142 / Time: 0h:1m:4s (0h:0m:49s left)
Iteration 140 / LogL: -193708.920 / Time: 0h:1m:7s (0h:0m:43s left)
Estimate model parameters (epsilon = 0.100)
BETTER TREE FOUND at iteration 141: -193696.112
Estimate model parameters (epsilon = 0.100)
BETTER TREE FOUND at iteration 150: -193694.819
Iteration 150 / LogL: -193694.819 / Time: 0h:1m:11s (0h:0m:47s left)
Estimate model parameters (epsilon = 0.100)
BETTER TREE FOUND at iteration 152: -193692.762
Iteration 160 / LogL: -193701.910 / Time: 0h:1m:14s (0h:0m:43s left)
Iteration 170 / LogL: -193700.364 / Time: 0h:1m:17s (0h:0m:37s left)
Iteration 180 / LogL: -193717.220 / Time: 0h:1m:21s (0h:0m:32s left)
Estimate model parameters (epsilon = 0.100)
BETTER TREE FOUND at iteration 181: -193691.285
Estimate model parameters (epsilon = 0.100)
BETTER TREE FOUND at iteration 187: -193690.889
Estimate model parameters (epsilon = 0.100)
BETTER TREE FOUND at iteration 190: -193690.766
Iteration 190 / LogL: -193690.766 / Time: 0h:1m:24s (0h:0m:44s left)
Iteration 200 / LogL: -193690.815 / Time: 0h:1m:27s (0h:0m:39s left)
Iteration 210 / LogL: -193696.374 / Time: 0h:1m:31s (0h:0m:34s left)
Iteration 220 / LogL: -193690.819 / Time: 0h:1m:34s (0h:0m:30s left)
Estimate model parameters (epsilon = 0.100)
BETTER TREE FOUND at iteration 222: -193690.048
Iteration 230 / LogL: -193693.119 / Time: 0h:1m:37s (0h:0m:39s left)
Iteration 240 / LogL: -193719.581 / Time: 0h:1m:40s (0h:0m:34s left)
Estimate model parameters (epsilon = 0.100)
BETTER TREE FOUND at iteration 241: -193689.453
Estimate model parameters (epsilon = 0.100)
BETTER TREE FOUND at iteration 247: -193689.182
Iteration 250 / LogL: -193701.696 / Time: 0h:1m:44s (0h:0m:40s left)
Iteration 260 / LogL: -193689.980 / Time: 0h:1m:47s (0h:0m:36s left)
Iteration 270 / LogL: -193695.530 / Time: 0h:1m:50s (0h:0m:31s left)
Iteration 280 / LogL: -193690.928 / Time: 0h:1m:53s (0h:0m:27s left)
Iteration 290 / LogL: -193690.141 / Time: 0h:1m:57s (0h:0m:23s left)
Iteration 300 / LogL: -193696.902 / Time: 0h:2m:0s (0h:0m:18s left)
Iteration 310 / LogL: -193697.041 / Time: 0h:2m:3s (0h:0m:14s left)
Iteration 320 / LogL: -193727.764 / Time: 0h:2m:7s (0h:0m:10s left)
Iteration 330 / LogL: -193702.424 / Time: 0h:2m:10s (0h:0m:6s left)
Iteration 340 / LogL: -193704.450 / Time: 0h:2m:13s (0h:0m:2s left)
TREE SEARCH COMPLETED AFTER 348 ITERATIONS / Time: 0h:2m:16s

--------------------------------------------------------------------
|                    FINALIZING TREE SEARCH                        |
--------------------------------------------------------------------
Performs final model parameters optimization
Estimate model parameters (epsilon = 0.010)
1. Initial log-likelihood: -193689.182
Optimal log-likelihood: -193689.181
Parameters optimization took 1 rounds (0.023 sec)
BEST SCORE FOUND : -193689.181
Total tree length: 318.697

Total number of iterations: 348
CPU time used for tree search: 1020.796 sec (0h:17m:0s)
Wall-clock time used for tree search: 135.516 sec (0h:2m:15s)
Total CPU time used: 1025.280 sec (0h:17m:5s)
Total wall-clock time used: 136.180 sec (0h:2m:16s)

Analysis results written to: 
  IQ-TREE report:                simulations/alignments/HIV_rtree100_bl3_rep1_rep20_AA.fasta.iqtree
  Maximum-likelihood tree:       simulations/alignments/HIV_rtree100_bl3_rep1_rep20_AA.fasta.treefile
  Likelihood distances:          simulations/alignments/HIV_rtree100_bl3_rep1_rep20_AA.fasta.mldist
  Screen log file:               simulations/alignments/HIV_rtree100_bl3_rep1_rep20_AA.fasta.log

Date and Time: Thu Apr  4 15:18:32 2019
