IQ-TREE multicore version 1.6.7 for Linux 64-bit built Aug 23 2018
Developed by Bui Quang Minh, Nguyen Lam Tung, Olga Chernomor,
Heiko Schmidt, Dominik Schrempf, Michael Woodhams.

Host:    csm-com-007 (AVX2, FMA3, 62 GB RAM)
Command: iqtree -nt 8 -m /csm_data/spielman_lab/dms_modelselection//pogofit_models/HIV_rtree100_bl0.03_rep1_rep18_AA.dat.POGOFIT.paml+G -s /csm_data/spielman_lab/dms_modelselection//simulations/alignments/HIV_rtree100_bl0.03_rep1_rep18_AA.fasta -st AA
Seed:    254218 (Using SPRNG - Scalable Parallel Random Number Generator)
Time:    Wed Apr 10 16:00:22 2019
Kernel:  AVX+FMA - 8 threads (48 CPU cores detected)

Reading alignment file /csm_data/spielman_lab/dms_modelselection//simulations/alignments/HIV_rtree100_bl0.03_rep1_rep18_AA.fasta ... Fasta format detected
Alignment most likely contains protein sequences
Alignment has 100 sequences with 661 columns, 639 distinct patterns
563 parsimony-informative, 64 singleton sites, 34 constant sites
      Gap/Ambiguity  Composition  p-value
   1  t19     0.00%    passed    100.00%
   2  t1      0.00%    passed    100.00%
   3  t34     0.00%    passed     99.99%
   4  t32     0.00%    passed     99.98%
   5  t56     0.00%    passed     99.99%
   6  t7      0.00%    passed     99.99%
   7  t17     0.00%    passed     99.93%
   8  t65     0.00%    passed    100.00%
   9  t72     0.00%    passed     99.95%
  10  t11     0.00%    passed     99.94%
  11  t60     0.00%    passed     99.10%
  12  t62     0.00%    passed     98.51%
  13  t63     0.00%    passed     97.62%
  14  t46     0.00%    passed     99.97%
  15  t66     0.00%    passed     99.94%
  16  t84     0.00%    passed     99.76%
  17  t74     0.00%    passed     99.57%
  18  t68     0.00%    passed     99.95%
  19  t73     0.00%    passed     99.69%
  20  t75     0.00%    passed     98.66%
  21  t98     0.00%    passed     99.22%
  22  t42     0.00%    passed     99.42%
  23  t16     0.00%    passed     99.77%
  24  t97     0.00%    passed     99.85%
  25  t2      0.00%    passed     99.76%
  26  t3      0.00%    passed     99.96%
  27  t76     0.00%    passed     99.96%
  28  t71     0.00%    passed     99.95%
  29  t18     0.00%    passed     99.90%
  30  t87     0.00%    passed     99.96%
  31  t20     0.00%    passed     98.55%
  32  t41     0.00%    passed     97.74%
  33  t40     0.00%    passed     99.47%
  34  t51     0.00%    passed     98.67%
  35  t27     0.00%    passed     99.75%
  36  t29     0.00%    passed     99.11%
  37  t91     0.00%    passed     98.01%
  38  t61     0.00%    passed     99.44%
  39  t6      0.00%    passed     99.50%
  40  t80     0.00%    passed     99.66%
  41  t90     0.00%    passed     98.66%
  42  t57     0.00%    passed     98.98%
  43  t85     0.00%    passed    100.00%
  44  t67     0.00%    passed     99.76%
  45  t70     0.00%    passed     99.66%
  46  t36     0.00%    passed     99.93%
  47  t48     0.00%    passed     99.99%
  48  t78     0.00%    passed     99.24%
  49  t43     0.00%    passed     99.96%
  50  t14     0.00%    passed     99.60%
  51  t82     0.00%    passed     99.99%
  52  t89     0.00%    passed     99.99%
  53  t53     0.00%    passed     99.99%
  54  t23     0.00%    passed     99.95%
  55  t35     0.00%    passed     99.99%
  56  t77     0.00%    passed     99.99%
  57  t5      0.00%    passed     99.94%
  58  t8      0.00%    passed     99.94%
  59  t45     0.00%    passed     99.99%
  60  t81     0.00%    passed     98.34%
  61  t55     0.00%    passed     98.44%
  62  t13     0.00%    passed     99.62%
  63  t92     0.00%    passed     99.90%
  64  t26     0.00%    passed     94.70%
  65  t44     0.00%    passed     97.03%
  66  t64     0.00%    passed     99.02%
  67  t24     0.00%    passed     99.87%
  68  t38     0.00%    passed    100.00%
  69  t49     0.00%    passed     99.99%
  70  t88     0.00%    passed     99.96%
  71  t58     0.00%    passed    100.00%
  72  t79     0.00%    passed     99.90%
  73  t37     0.00%    passed     99.30%
  74  t33     0.00%    passed     99.95%
  75  t31     0.00%    passed     99.90%
  76  t96     0.00%    passed    100.00%
  77  t12     0.00%    passed     99.43%
  78  t86     0.00%    passed     99.82%
  79  t21     0.00%    passed     99.98%
  80  t28     0.00%    passed     99.99%
  81  t30     0.00%    passed     99.83%
  82  t39     0.00%    passed     99.68%
  83  t59     0.00%    passed     95.47%
  84  t25     0.00%    passed     96.59%
  85  t15     0.00%    passed     99.59%
  86  t50     0.00%    passed     99.36%
  87  t99     0.00%    passed     99.44%
  88  t69     0.00%    passed     99.88%
  89  t10     0.00%    passed     99.19%
  90  t95     0.00%    passed     99.84%
  91  t22     0.00%    passed     99.95%
  92  t54     0.00%    passed     99.67%
  93  t47     0.00%    passed     99.76%
  94  t83     0.00%    passed     99.97%
  95  t4      0.00%    passed     99.97%
  96  t9      0.00%    passed    100.00%
  97  t100    0.00%    passed     99.99%
  98  t94     0.00%    passed     99.71%
  99  t52     0.00%    passed     98.73%
 100  t93     0.00%    passed     99.52%
****  TOTAL    0.00%  0 sequences failed composition chi2 test (p-value<5%; df=19)

Create initial parsimony tree by phylogenetic likelihood library (PLL)... 0.022 seconds
Reading model parameters from file /csm_data/spielman_lab/dms_modelselection//pogofit_models/HIV_rtree100_bl0.03_rep1_rep18_AA.dat.POGOFIT.paml

NOTE: 40 MB RAM (0 GB) is required!
Estimate model parameters (epsilon = 0.100)
1. Initial log-likelihood: -19352.215
2. Current log-likelihood: -19172.075
3. Current log-likelihood: -19167.886
Optimal log-likelihood: -19167.886
Gamma shape alpha: 7.648
Parameters optimization took 3 rounds (0.410 sec)
Computing ML distances based on estimated model parameters... 2.270 sec
Computing BIONJ tree...
0.007 seconds
Log-likelihood of BIONJ tree: -19167.886
--------------------------------------------------------------------
|             INITIALIZING CANDIDATE TREE SET                      |
--------------------------------------------------------------------
Generating 99 parsimony trees... 2.599 second
Computing log-likelihood of 99 initial trees ... 5.836 seconds
Current best score: -19167.886

Do NNI search on 20 best initial trees
Estimate model parameters (epsilon = 0.100)
BETTER TREE FOUND at iteration 1: -19167.886
Iteration 10 / LogL: -19167.912 / Time: 0h:0m:13s
Iteration 20 / LogL: -19167.889 / Time: 0h:0m:18s
Finish initializing candidate tree set (1)
Current best tree score: -19167.886 / CPU time: 17.266
Number of iterations: 20
--------------------------------------------------------------------
|               OPTIMIZING CANDIDATE TREE SET                      |
--------------------------------------------------------------------
Iteration 30 / LogL: -19167.887 / Time: 0h:0m:23s (0h:0m:57s left)
Iteration 40 / LogL: -19167.904 / Time: 0h:0m:28s (0h:0m:43s left)
Iteration 50 / LogL: -19167.909 / Time: 0h:0m:32s (0h:0m:34s left)
Iteration 60 / LogL: -19167.902 / Time: 0h:0m:37s (0h:0m:26s left)
Iteration 70 / LogL: -19167.923 / Time: 0h:0m:42s (0h:0m:19s left)
Iteration 80 / LogL: -19167.889 / Time: 0h:0m:47s (0h:0m:12s left)
Iteration 90 / LogL: -19167.920 / Time: 0h:0m:52s (0h:0m:6s left)
Iteration 100 / LogL: -19221.248 / Time: 0h:0m:57s (0h:0m:0s left)
TREE SEARCH COMPLETED AFTER 102 ITERATIONS / Time: 0h:0m:58s

--------------------------------------------------------------------
|                    FINALIZING TREE SEARCH                        |
--------------------------------------------------------------------
Performs final model parameters optimization
Estimate model parameters (epsilon = 0.010)
1. Initial log-likelihood: -19167.886
Optimal log-likelihood: -19167.886
Gamma shape alpha: 7.648
Parameters optimization took 1 rounds (0.068 sec)
BEST SCORE FOUND : -19167.886
Total tree length: 3.900

Total number of iterations: 102
CPU time used for tree search: 442.383 sec (0h:7m:22s)
Wall-clock time used for tree search: 57.575 sec (0h:0m:57s)
Total CPU time used: 449.202 sec (0h:7m:29s)
Total wall-clock time used: 58.463 sec (0h:0m:58s)

Analysis results written to: 
  IQ-TREE report:                /csm_data/spielman_lab/dms_modelselection//simulations/alignments/HIV_rtree100_bl0.03_rep1_rep18_AA.fasta.iqtree
  Maximum-likelihood tree:       /csm_data/spielman_lab/dms_modelselection//simulations/alignments/HIV_rtree100_bl0.03_rep1_rep18_AA.fasta.treefile
  Likelihood distances:          /csm_data/spielman_lab/dms_modelselection//simulations/alignments/HIV_rtree100_bl0.03_rep1_rep18_AA.fasta.mldist
  Screen log file:               /csm_data/spielman_lab/dms_modelselection//simulations/alignments/HIV_rtree100_bl0.03_rep1_rep18_AA.fasta.log

Date and Time: Wed Apr 10 16:01:20 2019
