IQ-TREE multicore version 1.6.7 for Linux 64-bit built Aug 23 2018
Developed by Bui Quang Minh, Nguyen Lam Tung, Olga Chernomor,
Heiko Schmidt, Dominik Schrempf, Michael Woodhams.

Host:    csm-com-005 (AVX2, FMA3, 62 GB RAM)
Command: iqtree -nt 8 -m pogofit_models/HIV_btree64_bl3.0.tree_rep5_AA.dat.POGOFIT.paml+G -s simulations/alignments/HIV_btree64_bl3.0.tree_rep5_AA.fasta -st AA
Seed:    209996 (Using SPRNG - Scalable Parallel Random Number Generator)
Time:    Mon Apr  1 17:16:05 2019
Kernel:  AVX+FMA - 8 threads (48 CPU cores detected)

Reading alignment file simulations/alignments/HIV_btree64_bl3.0.tree_rep5_AA.fasta ... Fasta format detected
Alignment most likely contains protein sequences
Alignment has 64 sequences with 661 columns, 661 distinct patterns
661 parsimony-informative, 0 singleton sites, 0 constant sites
     Gap/Ambiguity  Composition  p-value
   1  t54    0.00%    passed     15.10%
   2  t25    0.00%    passed     97.74%
   3  t8     0.00%    passed     93.20%
   4  t37    0.00%    passed     36.01%
   5  t52    0.00%    passed     46.08%
   6  t22    0.00%    passed     29.09%
   7  t13    0.00%    passed     55.96%
   8  t59    0.00%    passed     45.30%
   9  t20    0.00%    passed     73.25%
  10  t27    0.00%    passed     45.88%
  11  t2     0.00%    passed     78.73%
  12  t63    0.00%    passed     85.13%
  13  t24    0.00%    passed     72.66%
  14  t10    0.00%    passed     52.81%
  15  t1     0.00%    passed     47.50%
  16  t28    0.00%    passed     29.01%
  17  t38    0.00%    passed     40.23%
  18  t11    0.00%    passed     28.82%
  19  t23    0.00%    passed     78.94%
  20  t60    0.00%    passed     13.99%
  21  t36    0.00%    passed     77.70%
  22  t41    0.00%    passed     46.34%
  23  t18    0.00%    passed     18.84%
  24  t50    0.00%    passed     40.44%
  25  t44    0.00%    passed     52.33%
  26  t15    0.00%    passed     91.59%
  27  t62    0.00%    passed     50.31%
  28  t46    0.00%    passed     17.54%
  29  t43    0.00%    passed     64.55%
  30  t30    0.00%    passed     78.69%
  31  t55    0.00%    passed     93.26%
  32  t7     0.00%    passed     25.20%
  33  t40    0.00%    passed     48.70%
  34  t49    0.00%    passed      5.35%
  35  t51    0.00%    passed     26.64%
  36  t17    0.00%    passed     45.79%
  37  t39    0.00%    passed     40.50%
  38  t57    0.00%    passed     83.26%
  39  t61    0.00%    passed     66.51%
  40  t19    0.00%    passed     35.21%
  41  t47    0.00%    passed      7.62%
  42  t45    0.00%    passed     95.43%
  43  t56    0.00%    failed      4.57%
  44  t64    0.00%    passed     98.53%
  45  t12    0.00%    passed     61.95%
  46  t53    0.00%    passed     75.20%
  47  t6     0.00%    passed     82.77%
  48  t3     0.00%    passed     82.16%
  49  t29    0.00%    passed     91.67%
  50  t4     0.00%    passed     99.84%
  51  t16    0.00%    passed     79.45%
  52  t32    0.00%    passed     91.40%
  53  t26    0.00%    passed     48.63%
  54  t58    0.00%    passed     70.92%
  55  t35    0.00%    passed     54.89%
  56  t31    0.00%    passed     42.81%
  57  t5     0.00%    passed     40.30%
  58  t9     0.00%    passed     69.09%
  59  t14    0.00%    passed     26.48%
  60  t48    0.00%    passed     70.10%
  61  t33    0.00%    passed     60.07%
  62  t21    0.00%    passed     10.32%
  63  t42    0.00%    passed     85.05%
  64  t34    0.00%    passed     17.06%
****  TOTAL    0.00%  1 sequences failed composition chi2 test (p-value<5%; df=19)

Create initial parsimony tree by phylogenetic likelihood library (PLL)... 0.036 seconds
Reading model parameters from file pogofit_models/HIV_btree64_bl3.0.tree_rep5_AA.dat.POGOFIT.paml

NOTE: 27 MB RAM (0 GB) is required!
Estimate model parameters (epsilon = 0.100)
1. Initial log-likelihood: -116690.995
2. Current log-likelihood: -115099.154
3. Current log-likelihood: -115072.105
4. Current log-likelihood: -115070.954
Optimal log-likelihood: -115070.908
Gamma shape alpha: 8.518
Parameters optimization took 4 rounds (0.377 sec)
Computing ML distances based on estimated model parameters... 1.738 sec
Computing BIONJ tree...
0.004 seconds
Log-likelihood of BIONJ tree: -114908.814
--------------------------------------------------------------------
|             INITIALIZING CANDIDATE TREE SET                      |
--------------------------------------------------------------------
Generating 98 parsimony trees... 4.665 second
Computing log-likelihood of 98 initial trees ... 4.130 seconds
Current best score: -114908.814

Do NNI search on 20 best initial trees
Estimate model parameters (epsilon = 0.100)
BETTER TREE FOUND at iteration 1: -114868.741
Iteration 10 / LogL: -114941.812 / Time: 0h:0m:17s
Iteration 20 / LogL: -114982.424 / Time: 0h:0m:27s
Finish initializing candidate tree set (20)
Current best tree score: -114868.741 / CPU time: 26.377
Number of iterations: 20
--------------------------------------------------------------------
|               OPTIMIZING CANDIDATE TREE SET                      |
--------------------------------------------------------------------
Estimate model parameters (epsilon = 0.100)
BETTER TREE FOUND at iteration 23: -114867.968
Estimate model parameters (epsilon = 0.100)
BETTER TREE FOUND at iteration 25: -114867.691
Estimate model parameters (epsilon = 0.100)
BETTER TREE FOUND at iteration 26: -114867.263
Estimate model parameters (epsilon = 0.100)
BETTER TREE FOUND at iteration 29: -114866.072
Estimate model parameters (epsilon = 0.100)
BETTER TREE FOUND at iteration 30: -114865.324
Iteration 30 / LogL: -114865.324 / Time: 0h:0m:34s (0h:1m:57s left)
Estimate model parameters (epsilon = 0.100)
BETTER TREE FOUND at iteration 39: -114864.071
Iteration 40 / LogL: -114865.943 / Time: 0h:0m:40s (0h:1m:43s left)
Estimate model parameters (epsilon = 0.100)
BETTER TREE FOUND at iteration 45: -114863.947
Estimate model parameters (epsilon = 0.100)
BETTER TREE FOUND at iteration 49: -114863.917
Iteration 50 / LogL: -114876.509 / Time: 0h:0m:47s (0h:1m:34s left)
Estimate model parameters (epsilon = 0.100)
BETTER TREE FOUND at iteration 53: -114863.755
Iteration 60 / LogL: -114870.913 / Time: 0h:0m:53s (0h:1m:23s left)
Estimate model parameters (epsilon = 0.100)
BETTER TREE FOUND at iteration 64: -114862.234
Estimate model parameters (epsilon = 0.100)
BETTER TREE FOUND at iteration 70: -114858.892
Iteration 70 / LogL: -114858.892 / Time: 0h:0m:59s (0h:1m:26s left)
Estimate model parameters (epsilon = 0.100)
BETTER TREE FOUND at iteration 71: -114857.715
Estimate model parameters (epsilon = 0.100)
BETTER TREE FOUND at iteration 78: -114856.215
Iteration 80 / LogL: -114856.635 / Time: 0h:1m:6s (0h:1m:22s left)
Iteration 90 / LogL: -114856.759 / Time: 0h:1m:12s (0h:1m:11s left)
Estimate model parameters (epsilon = 0.100)
BETTER TREE FOUND at iteration 96: -114856.196
Iteration 100 / LogL: -114861.862 / Time: 0h:1m:18s (0h:1m:16s left)
Estimate model parameters (epsilon = 0.100)
BETTER TREE FOUND at iteration 103: -114852.335
Estimate model parameters (epsilon = 0.100)
BETTER TREE FOUND at iteration 106: -114852.319
Estimate model parameters (epsilon = 0.100)
BETTER TREE FOUND at iteration 110: -114852.081
Iteration 110 / LogL: -114852.081 / Time: 0h:1m:25s (0h:1m:18s left)
Iteration 120 / LogL: -114853.450 / Time: 0h:1m:30s (0h:1m:8s left)
Estimate model parameters (epsilon = 0.100)
UPDATE BEST LOG-LIKELIHOOD: -114851.904
Iteration 130 / LogL: -114852.321 / Time: 0h:1m:37s (0h:1m:0s left)
Iteration 140 / LogL: -114852.558 / Time: 0h:1m:43s (0h:0m:51s left)
BETTER TREE FOUND at iteration 149: -114851.900
Iteration 150 / LogL: -114854.499 / Time: 0h:1m:49s (0h:1m:12s left)
Iteration 160 / LogL: -114859.383 / Time: 0h:1m:56s (0h:1m:5s left)
Estimate model parameters (epsilon = 0.100)
BETTER TREE FOUND at iteration 168: -114850.815
Estimate model parameters (epsilon = 0.100)
BETTER TREE FOUND at iteration 169: -114850.052
Iteration 170 / LogL: -114851.167 / Time: 0h:2m:2s (0h:1m:11s left)
Estimate model parameters (epsilon = 0.100)
BETTER TREE FOUND at iteration 173: -114848.340
Iteration 180 / LogL: -114851.532 / Time: 0h:2m:8s (0h:1m:6s left)
Estimate model parameters (epsilon = 0.100)
BETTER TREE FOUND at iteration 183: -114848.230
Iteration 190 / LogL: -114848.852 / Time: 0h:2m:14s (0h:1m:6s left)
Estimate model parameters (epsilon = 0.100)
BETTER TREE FOUND at iteration 192: -114847.935
Estimate model parameters (epsilon = 0.100)
BETTER TREE FOUND at iteration 194: -114846.944
Estimate model parameters (epsilon = 0.100)
BETTER TREE FOUND at iteration 199: -114845.565
Iteration 200 / LogL: -114846.928 / Time: 0h:2m:21s (0h:1m:10s left)
Iteration 210 / LogL: -114860.484 / Time: 0h:2m:28s (0h:1m:3s left)
Iteration 220 / LogL: -114850.598 / Time: 0h:2m:35s (0h:0m:56s left)
Iteration 230 / LogL: -114846.494 / Time: 0h:2m:43s (0h:0m:49s left)
UPDATE BEST LOG-LIKELIHOOD: -114845.564
Iteration 240 / LogL: -114845.938 / Time: 0h:2m:50s (0h:0m:42s left)
BETTER TREE FOUND at iteration 243: -114845.564
Estimate model parameters (epsilon = 0.100)
BETTER TREE FOUND at iteration 244: -114845.266
Iteration 250 / LogL: -114845.568 / Time: 0h:2m:57s (0h:1m:6s left)
Iteration 260 / LogL: -114845.978 / Time: 0h:3m:3s (0h:0m:59s left)
Estimate model parameters (epsilon = 0.100)
BETTER TREE FOUND at iteration 262: -114845.244
Estimate model parameters (epsilon = 0.100)
BETTER TREE FOUND at iteration 265: -114842.214
Iteration 270 / LogL: -114845.537 / Time: 0h:3m:9s (0h:1m:6s left)
BETTER TREE FOUND at iteration 271: -114842.209
Iteration 280 / LogL: -114845.246 / Time: 0h:3m:15s (0h:1m:3s left)
Estimate model parameters (epsilon = 0.100)
BETTER TREE FOUND at iteration 283: -114841.219
Iteration 290 / LogL: -114841.699 / Time: 0h:3m:22s (0h:1m:5s left)
Estimate model parameters (epsilon = 0.100)
BETTER TREE FOUND at iteration 300: -114840.315
Iteration 300 / LogL: -114840.315 / Time: 0h:3m:29s (0h:1m:10s left)
Iteration 310 / LogL: -114841.364 / Time: 0h:3m:36s (0h:1m:2s left)
Iteration 320 / LogL: -114843.899 / Time: 0h:3m:43s (0h:0m:55s left)
Iteration 330 / LogL: -114841.769 / Time: 0h:3m:49s (0h:0m:48s left)
Estimate model parameters (epsilon = 0.100)
BETTER TREE FOUND at iteration 333: -114840.208
Estimate model parameters (epsilon = 0.100)
BETTER TREE FOUND at iteration 337: -114839.779
Iteration 340 / LogL: -114840.799 / Time: 0h:3m:56s (0h:1m:7s left)
Iteration 350 / LogL: -114850.967 / Time: 0h:4m:2s (0h:1m:0s left)
BETTER TREE FOUND at iteration 352: -114839.778
Estimate model parameters (epsilon = 0.100)
BETTER TREE FOUND at iteration 353: -114839.692
Iteration 360 / LogL: -114841.261 / Time: 0h:4m:9s (0h:1m:4s left)
Iteration 370 / LogL: -114839.779 / Time: 0h:4m:16s (0h:0m:57s left)
Iteration 380 / LogL: -114839.693 / Time: 0h:4m:23s (0h:0m:50s left)
Iteration 390 / LogL: -114839.692 / Time: 0h:4m:29s (0h:0m:43s left)
Iteration 400 / LogL: -114839.698 / Time: 0h:4m:36s (0h:0m:36s left)
Iteration 410 / LogL: -114839.699 / Time: 0h:4m:42s (0h:0m:29s left)
Iteration 420 / LogL: -114839.693 / Time: 0h:4m:49s (0h:0m:22s left)
Estimate model parameters (epsilon = 0.100)
BETTER TREE FOUND at iteration 424: -114838.769
Iteration 430 / LogL: -114839.692 / Time: 0h:4m:55s (0h:1m:4s left)
Iteration 440 / LogL: -114849.056 / Time: 0h:5m:2s (0h:0m:57s left)
Iteration 450 / LogL: -114839.658 / Time: 0h:5m:8s (0h:0m:50s left)
Iteration 460 / LogL: -114841.870 / Time: 0h:5m:15s (0h:0m:43s left)
BETTER TREE FOUND at iteration 467: -114838.764
Iteration 470 / LogL: -114839.535 / Time: 0h:5m:21s (0h:1m:6s left)
Iteration 480 / LogL: -114845.645 / Time: 0h:5m:28s (0h:0m:59s left)
Iteration 490 / LogL: -114845.264 / Time: 0h:5m:34s (0h:0m:52s left)
Iteration 500 / LogL: -114839.984 / Time: 0h:5m:41s (0h:0m:45s left)
Iteration 510 / LogL: -114839.371 / Time: 0h:5m:47s (0h:0m:38s left)
UPDATE BEST LOG-LIKELIHOOD: -114838.764
Iteration 520 / LogL: -114858.629 / Time: 0h:5m:54s (0h:0m:32s left)
Iteration 530 / LogL: -114842.592 / Time: 0h:6m:0s (0h:0m:25s left)
Iteration 540 / LogL: -114857.302 / Time: 0h:6m:7s (0h:0m:18s left)
Iteration 550 / LogL: -114844.781 / Time: 0h:6m:13s (0h:0m:11s left)
Iteration 560 / LogL: -114844.414 / Time: 0h:6m:20s (0h:0m:4s left)
TREE SEARCH COMPLETED AFTER 568 ITERATIONS / Time: 0h:6m:25s

--------------------------------------------------------------------
|                    FINALIZING TREE SEARCH                        |
--------------------------------------------------------------------
Performs final model parameters optimization
Estimate model parameters (epsilon = 0.010)
1. Initial log-likelihood: -114838.764
Optimal log-likelihood: -114838.764
Gamma shape alpha: 8.718
Parameters optimization took 1 rounds (0.049 sec)
BEST SCORE FOUND : -114838.764
Total tree length: 111.424

Total number of iterations: 568
CPU time used for tree search: 3034.787 sec (0h:50m:34s)
Wall-clock time used for tree search: 384.317 sec (0h:6m:24s)
Total CPU time used: 3041.240 sec (0h:50m:41s)
Total wall-clock time used: 385.168 sec (0h:6m:25s)

Analysis results written to: 
  IQ-TREE report:                simulations/alignments/HIV_btree64_bl3.0.tree_rep5_AA.fasta.iqtree
  Maximum-likelihood tree:       simulations/alignments/HIV_btree64_bl3.0.tree_rep5_AA.fasta.treefile
  Likelihood distances:          simulations/alignments/HIV_btree64_bl3.0.tree_rep5_AA.fasta.mldist
  Screen log file:               simulations/alignments/HIV_btree64_bl3.0.tree_rep5_AA.fasta.log

Date and Time: Mon Apr  1 17:22:30 2019
