IQ-TREE multicore version 1.6.7 for Linux 64-bit built Aug 23 2018
Developed by Bui Quang Minh, Nguyen Lam Tung, Olga Chernomor,
Heiko Schmidt, Dominik Schrempf, Michael Woodhams.

Host:    csm-com-008 (AVX2, FMA3, 62 GB RAM)
Command: iqtree -nt 8 -m mtMet+F+I -s simulations/alignments/LAC_rtree100_bl3_rep1_rep18_AA.fasta -st AA
Seed:    933841 (Using SPRNG - Scalable Parallel Random Number Generator)
Time:    Thu Apr  4 15:32:40 2019
Kernel:  AVX+FMA - 8 threads (48 CPU cores detected)

Reading alignment file simulations/alignments/LAC_rtree100_bl3_rep1_rep18_AA.fasta ... Fasta format detected
Alignment most likely contains protein sequences
Alignment has 100 sequences with 262 columns, 262 distinct patterns
253 parsimony-informative, 6 singleton sites, 3 constant sites
      Gap/Ambiguity  Composition  p-value
   1  t25     0.00%    passed     67.63%
   2  t94     0.00%    passed     92.99%
   3  t22     0.00%    passed     81.02%
   4  t87     0.00%    passed     92.45%
   5  t65     0.00%    passed     37.32%
   6  t60     0.00%    passed     68.66%
   7  t84     0.00%    passed     55.29%
   8  t30     0.00%    passed     99.94%
   9  t91     0.00%    passed     89.87%
  10  t95     0.00%    passed     89.61%
  11  t32     0.00%    passed     57.32%
  12  t26     0.00%    passed     94.90%
  13  t59     0.00%    passed     73.82%
  14  t77     0.00%    passed     93.23%
  15  t90     0.00%    passed     97.26%
  16  t20     0.00%    passed     85.77%
  17  t78     0.00%    passed     78.01%
  18  t11     0.00%    passed     63.64%
  19  t18     0.00%    passed     90.86%
  20  t86     0.00%    passed     95.91%
  21  t36     0.00%    passed     96.95%
  22  t21     0.00%    passed     75.83%
  23  t44     0.00%    passed     83.01%
  24  t10     0.00%    passed     89.79%
  25  t56     0.00%    passed     98.15%
  26  t34     0.00%    passed     48.74%
  27  t70     0.00%    passed     87.40%
  28  t92     0.00%    passed     72.04%
  29  t8      0.00%    passed     82.27%
  30  t74     0.00%    passed     31.04%
  31  t4      0.00%    passed     99.90%
  32  t50     0.00%    passed     97.97%
  33  t72     0.00%    passed     39.19%
  34  t6      0.00%    passed     97.27%
  35  t76     0.00%    passed     90.32%
  36  t48     0.00%    passed     64.61%
  37  t88     0.00%    passed     79.59%
  38  t41     0.00%    passed     41.05%
  39  t28     0.00%    passed     89.74%
  40  t79     0.00%    passed     82.03%
  41  t83     0.00%    passed     94.45%
  42  t9      0.00%    passed     49.58%
  43  t35     0.00%    passed     97.41%
  44  t55     0.00%    passed     95.33%
  45  t29     0.00%    passed     20.56%
  46  t5      0.00%    passed     45.11%
  47  t7      0.00%    passed     40.17%
  48  t53     0.00%    passed     54.85%
  49  t93     0.00%    passed     45.16%
  50  t16     0.00%    passed     64.44%
  51  t43     0.00%    passed     99.37%
  52  t98     0.00%    passed     80.48%
  53  t66     0.00%    passed     27.65%
  54  t58     0.00%    passed     24.07%
  55  t23     0.00%    passed     99.62%
  56  t99     0.00%    passed     95.51%
  57  t96     0.00%    passed     96.54%
  58  t63     0.00%    passed     28.63%
  59  t61     0.00%    passed     82.27%
  60  t51     0.00%    passed     49.82%
  61  t3      0.00%    passed     33.80%
  62  t57     0.00%    passed     99.64%
  63  t89     0.00%    passed     57.80%
  64  t14     0.00%    passed     34.19%
  65  t13     0.00%    passed     94.24%
  66  t62     0.00%    passed     72.71%
  67  t47     0.00%    passed     93.21%
  68  t33     0.00%    passed     77.17%
  69  t68     0.00%    passed     64.49%
  70  t37     0.00%    passed     78.44%
  71  t17     0.00%    passed     17.19%
  72  t100    0.00%    passed     78.39%
  73  t31     0.00%    passed     25.54%
  74  t85     0.00%    passed     88.94%
  75  t97     0.00%    passed     40.59%
  76  t69     0.00%    passed     46.51%
  77  t15     0.00%    passed     91.86%
  78  t24     0.00%    passed     48.22%
  79  t67     0.00%    passed     38.54%
  80  t80     0.00%    passed     99.79%
  81  t39     0.00%    passed     71.77%
  82  t64     0.00%    passed     34.09%
  83  t81     0.00%    passed     84.13%
  84  t12     0.00%    passed     93.07%
  85  t19     0.00%    passed     82.90%
  86  t54     0.00%    passed     76.21%
  87  t45     0.00%    passed     74.19%
  88  t82     0.00%    passed     57.23%
  89  t40     0.00%    passed     53.06%
  90  t73     0.00%    passed     85.02%
  91  t2      0.00%    passed     36.54%
  92  t49     0.00%    passed     25.93%
  93  t71     0.00%    passed     66.81%
  94  t42     0.00%    passed     99.80%
  95  t46     0.00%    passed     24.34%
  96  t38     0.00%    passed     95.33%
  97  t75     0.00%    passed     99.89%
  98  t1      0.00%    passed     94.91%
  99  t27     0.00%    passed     98.60%
 100  t52     0.00%    passed     99.55%
****  TOTAL    0.00%  0 sequences failed composition chi2 test (p-value<5%; df=19)

Create initial parsimony tree by phylogenetic likelihood library (PLL)... 0.038 seconds

NOTE: 4 MB RAM (0 GB) is required!
Estimate model parameters (epsilon = 0.100)
1. Initial log-likelihood: -61973.267
2. Current log-likelihood: -60783.189
3. Current log-likelihood: -60775.084
Optimal log-likelihood: -60775.076
Proportion of invariable sites: 0.011
Parameters optimization took 3 rounds (0.101 sec)
Computing ML distances based on estimated model parameters... 1.277 sec
Computing BIONJ tree...
0.007 seconds
Log-likelihood of BIONJ tree: -60101.346
--------------------------------------------------------------------
|             INITIALIZING CANDIDATE TREE SET                      |
--------------------------------------------------------------------
Generating 98 parsimony trees... 4.641 second
Computing log-likelihood of 98 initial trees ... 2.496 seconds
Current best score: -60101.346

Do NNI search on 20 best initial trees
Estimate model parameters (epsilon = 0.100)
BETTER TREE FOUND at iteration 1: -60035.937
Iteration 10 / LogL: -60369.488 / Time: 0h:0m:11s
Iteration 20 / LogL: -60318.698 / Time: 0h:0m:16s
Finish initializing candidate tree set (20)
Current best tree score: -60035.937 / CPU time: 15.815
Number of iterations: 20
--------------------------------------------------------------------
|               OPTIMIZING CANDIDATE TREE SET                      |
--------------------------------------------------------------------
Estimate model parameters (epsilon = 0.100)
BETTER TREE FOUND at iteration 25: -60016.160
Iteration 30 / LogL: -60016.712 / Time: 0h:0m:18s (0h:1m:1s left)
Estimate model parameters (epsilon = 0.100)
BETTER TREE FOUND at iteration 31: -60007.792
Estimate model parameters (epsilon = 0.100)
BETTER TREE FOUND at iteration 33: -60003.743
Estimate model parameters (epsilon = 0.100)
BETTER TREE FOUND at iteration 37: -60002.324
Estimate model parameters (epsilon = 0.100)
BETTER TREE FOUND at iteration 39: -59998.259
Iteration 40 / LogL: -60018.020 / Time: 0h:0m:21s (0h:0m:53s left)
Estimate model parameters (epsilon = 0.100)
BETTER TREE FOUND at iteration 43: -59981.199
Estimate model parameters (epsilon = 0.100)
BETTER TREE FOUND at iteration 46: -59978.649
Estimate model parameters (epsilon = 0.100)
BETTER TREE FOUND at iteration 48: -59975.949
Iteration 50 / LogL: -59988.900 / Time: 0h:0m:23s (0h:0m:47s left)
Estimate model parameters (epsilon = 0.100)
BETTER TREE FOUND at iteration 59: -59975.289
Estimate model parameters (epsilon = 0.100)
BETTER TREE FOUND at iteration 60: -59974.355
Iteration 60 / LogL: -59974.355 / Time: 0h:0m:25s (0h:0m:43s left)
Estimate model parameters (epsilon = 0.100)
BETTER TREE FOUND at iteration 65: -59972.577
Estimate model parameters (epsilon = 0.100)
BETTER TREE FOUND at iteration 69: -59968.134
Iteration 70 / LogL: -59979.982 / Time: 0h:0m:28s (0h:0m:40s left)
Iteration 80 / LogL: -59980.084 / Time: 0h:0m:30s (0h:0m:34s left)
Iteration 90 / LogL: -59968.456 / Time: 0h:0m:32s (0h:0m:28s left)
Estimate model parameters (epsilon = 0.100)
BETTER TREE FOUND at iteration 91: -59967.450
Estimate model parameters (epsilon = 0.100)
BETTER TREE FOUND at iteration 96: -59964.744
Iteration 100 / LogL: -59971.398 / Time: 0h:0m:34s (0h:0m:33s left)
Iteration 110 / LogL: -59971.534 / Time: 0h:0m:37s (0h:0m:29s left)
Estimate model parameters (epsilon = 0.100)
BETTER TREE FOUND at iteration 113: -59964.201
Estimate model parameters (epsilon = 0.100)
BETTER TREE FOUND at iteration 114: -59962.882
Estimate model parameters (epsilon = 0.100)
BETTER TREE FOUND at iteration 120: -59962.506
Iteration 120 / LogL: -59962.506 / Time: 0h:0m:39s (0h:0m:32s left)
Iteration 130 / LogL: -59967.722 / Time: 0h:0m:41s (0h:0m:28s left)
Iteration 140 / LogL: -59964.174 / Time: 0h:0m:43s (0h:0m:25s left)
Iteration 150 / LogL: -59983.038 / Time: 0h:0m:45s (0h:0m:21s left)
Iteration 160 / LogL: -59968.857 / Time: 0h:0m:47s (0h:0m:17s left)
BETTER TREE FOUND at iteration 163: -59962.501
Iteration 170 / LogL: -59970.555 / Time: 0h:0m:49s (0h:0m:27s left)
Iteration 180 / LogL: -59966.027 / Time: 0h:0m:51s (0h:0m:24s left)
Iteration 190 / LogL: -59971.103 / Time: 0h:0m:54s (0h:0m:20s left)
Iteration 200 / LogL: -59980.028 / Time: 0h:0m:56s (0h:0m:17s left)
Iteration 210 / LogL: -59968.040 / Time: 0h:0m:58s (0h:0m:14s left)
Iteration 220 / LogL: -59966.767 / Time: 0h:1m:0s (0h:0m:11s left)
Iteration 230 / LogL: -59974.370 / Time: 0h:1m:2s (0h:0m:9s left)
Estimate model parameters (epsilon = 0.100)
UPDATE BEST LOG-LIKELIHOOD: -59962.478
Iteration 240 / LogL: -59974.048 / Time: 0h:1m:4s (0h:0m:6s left)
Estimate model parameters (epsilon = 0.100)
BETTER TREE FOUND at iteration 247: -59961.523
Iteration 250 / LogL: -59965.460 / Time: 0h:1m:6s (0h:0m:26s left)
Estimate model parameters (epsilon = 0.100)
BETTER TREE FOUND at iteration 259: -59959.815
Iteration 260 / LogL: -59964.225 / Time: 0h:1m:9s (0h:0m:26s left)
Estimate model parameters (epsilon = 0.100)
BETTER TREE FOUND at iteration 266: -59958.871
Iteration 270 / LogL: -59966.797 / Time: 0h:1m:11s (0h:0m:25s left)
Estimate model parameters (epsilon = 0.100)
BETTER TREE FOUND at iteration 275: -59955.830
Iteration 280 / LogL: -59963.645 / Time: 0h:1m:14s (0h:0m:25s left)
Estimate model parameters (epsilon = 0.100)
BETTER TREE FOUND at iteration 285: -59949.785
Iteration 290 / LogL: -59950.287 / Time: 0h:1m:16s (0h:0m:25s left)
Estimate model parameters (epsilon = 0.100)
BETTER TREE FOUND at iteration 292: -59948.676
Iteration 300 / LogL: -59970.044 / Time: 0h:1m:18s (0h:0m:24s left)
Estimate model parameters (epsilon = 0.100)
BETTER TREE FOUND at iteration 302: -59948.365
Iteration 310 / LogL: -59965.832 / Time: 0h:1m:20s (0h:0m:24s left)
Estimate model parameters (epsilon = 0.100)
BETTER TREE FOUND at iteration 314: -59943.828
Estimate model parameters (epsilon = 0.100)
BETTER TREE FOUND at iteration 315: -59943.328
Iteration 320 / LogL: -59962.364 / Time: 0h:1m:23s (0h:0m:24s left)
Iteration 330 / LogL: -59966.717 / Time: 0h:1m:25s (0h:0m:22s left)
Iteration 340 / LogL: -59979.583 / Time: 0h:1m:27s (0h:0m:19s left)
Iteration 350 / LogL: -59945.605 / Time: 0h:1m:29s (0h:0m:16s left)
Iteration 360 / LogL: -59946.086 / Time: 0h:1m:31s (0h:0m:14s left)
Iteration 370 / LogL: -59972.015 / Time: 0h:1m:33s (0h:0m:11s left)
Iteration 380 / LogL: -59946.287 / Time: 0h:1m:36s (0h:0m:8s left)
Iteration 390 / LogL: -59947.919 / Time: 0h:1m:38s (0h:0m:6s left)
Iteration 400 / LogL: -59951.578 / Time: 0h:1m:40s (0h:0m:3s left)
Iteration 410 / LogL: -59945.531 / Time: 0h:1m:42s (0h:0m:1s left)
TREE SEARCH COMPLETED AFTER 416 ITERATIONS / Time: 0h:1m:44s

--------------------------------------------------------------------
|                    FINALIZING TREE SEARCH                        |
--------------------------------------------------------------------
Performs final model parameters optimization
Estimate model parameters (epsilon = 0.010)
1. Initial log-likelihood: -59943.328
Optimal log-likelihood: -59943.328
Proportion of invariable sites: 0.011
Parameters optimization took 1 rounds (0.020 sec)
BEST SCORE FOUND : -59943.328
Total tree length: 128.379

Total number of iterations: 416
CPU time used for tree search: 797.318 sec (0h:13m:17s)
Wall-clock time used for tree search: 103.732 sec (0h:1m:43s)
Total CPU time used: 800.165 sec (0h:13m:20s)
Total wall-clock time used: 104.130 sec (0h:1m:44s)

Analysis results written to: 
  IQ-TREE report:                simulations/alignments/LAC_rtree100_bl3_rep1_rep18_AA.fasta.iqtree
  Maximum-likelihood tree:       simulations/alignments/LAC_rtree100_bl3_rep1_rep18_AA.fasta.treefile
  Likelihood distances:          simulations/alignments/LAC_rtree100_bl3_rep1_rep18_AA.fasta.mldist
  Screen log file:               simulations/alignments/LAC_rtree100_bl3_rep1_rep18_AA.fasta.log

Date and Time: Thu Apr  4 15:34:25 2019
