IQ-TREE multicore version 1.6.7 for Linux 64-bit built Aug 23 2018
Developed by Bui Quang Minh, Nguyen Lam Tung, Olga Chernomor,
Heiko Schmidt, Dominik Schrempf, Michael Woodhams.

Host:    csm-com-005 (AVX2, FMA3, 62 GB RAM)
Command: iqtree -nt 8 -m WAG+F+I -s simulations/alignments/LAC_rtree100_bl3_rep1_rep6_AA.fasta -st AA -te simulations/true_trees/rtree100_bl3_rep1.tree
Seed:    955253 (Using SPRNG - Scalable Parallel Random Number Generator)
Time:    Thu Apr  4 15:04:41 2019
Kernel:  AVX+FMA - 8 threads (48 CPU cores detected)

Reading alignment file simulations/alignments/LAC_rtree100_bl3_rep1_rep6_AA.fasta ... Fasta format detected
Alignment most likely contains protein sequences
Alignment has 100 sequences with 262 columns, 262 distinct patterns
252 parsimony-informative, 9 singleton sites, 1 constant sites
      Gap/Ambiguity  Composition  p-value
   1  t25     0.00%    passed     32.02%
   2  t94     0.00%    passed     89.63%
   3  t22     0.00%    passed     92.08%
   4  t87     0.00%    passed     48.48%
   5  t65     0.00%    passed     96.60%
   6  t60     0.00%    passed     60.73%
   7  t84     0.00%    passed     64.18%
   8  t30     0.00%    passed     95.56%
   9  t91     0.00%    passed     94.44%
  10  t95     0.00%    passed     73.23%
  11  t32     0.00%    passed     54.00%
  12  t26     0.00%    passed     89.83%
  13  t59     0.00%    passed     45.41%
  14  t77     0.00%    passed     99.93%
  15  t90     0.00%    passed     61.90%
  16  t20     0.00%    passed     51.20%
  17  t78     0.00%    passed     96.03%
  18  t11     0.00%    passed     85.95%
  19  t18     0.00%    passed     30.64%
  20  t86     0.00%    passed     63.46%
  21  t36     0.00%    passed     46.94%
  22  t21     0.00%    passed     88.10%
  23  t44     0.00%    passed     72.61%
  24  t10     0.00%    passed     74.54%
  25  t56     0.00%    passed     94.73%
  26  t34     0.00%    passed     83.56%
  27  t70     0.00%    passed     95.21%
  28  t92     0.00%    passed     13.45%
  29  t8      0.00%    passed     80.63%
  30  t74     0.00%    passed     53.26%
  31  t4      0.00%    passed     86.50%
  32  t50     0.00%    passed     37.16%
  33  t72     0.00%    passed     53.19%
  34  t6      0.00%    passed     75.26%
  35  t76     0.00%    passed     55.78%
  36  t48     0.00%    passed     28.05%
  37  t88     0.00%    passed     94.62%
  38  t41     0.00%    passed     94.50%
  39  t28     0.00%    passed     91.31%
  40  t79     0.00%    passed     64.88%
  41  t83     0.00%    passed     91.16%
  42  t9      0.00%    passed      5.73%
  43  t35     0.00%    passed     50.62%
  44  t55     0.00%    passed     69.98%
  45  t29     0.00%    passed     99.37%
  46  t5      0.00%    passed     92.77%
  47  t7      0.00%    passed     99.08%
  48  t53     0.00%    passed     91.11%
  49  t93     0.00%    passed     51.87%
  50  t16     0.00%    passed     18.54%
  51  t43     0.00%    passed     27.64%
  52  t98     0.00%    passed     88.58%
  53  t66     0.00%    passed     88.83%
  54  t58     0.00%    passed     59.63%
  55  t23     0.00%    passed     45.07%
  56  t99     0.00%    passed     93.79%
  57  t96     0.00%    passed     60.26%
  58  t63     0.00%    passed     86.56%
  59  t61     0.00%    passed     89.17%
  60  t51     0.00%    passed     62.08%
  61  t3      0.00%    passed     80.82%
  62  t57     0.00%    passed     76.31%
  63  t89     0.00%    passed     80.94%
  64  t14     0.00%    passed     92.44%
  65  t13     0.00%    passed     47.16%
  66  t62     0.00%    passed     20.71%
  67  t47     0.00%    passed     80.73%
  68  t33     0.00%    passed     68.00%
  69  t68     0.00%    passed     42.52%
  70  t37     0.00%    passed     42.89%
  71  t17     0.00%    passed     92.19%
  72  t100    0.00%    passed     67.77%
  73  t31     0.00%    passed     93.14%
  74  t85     0.00%    passed     77.74%
  75  t97     0.00%    passed     99.69%
  76  t69     0.00%    passed     96.59%
  77  t15     0.00%    passed     98.96%
  78  t24     0.00%    passed     60.02%
  79  t67     0.00%    passed     93.97%
  80  t80     0.00%    passed     45.22%
  81  t39     0.00%    passed     26.77%
  82  t64     0.00%    passed     94.83%
  83  t81     0.00%    passed     63.27%
  84  t12     0.00%    passed     91.40%
  85  t19     0.00%    passed     94.56%
  86  t54     0.00%    passed     94.94%
  87  t45     0.00%    passed     99.01%
  88  t82     0.00%    passed     73.98%
  89  t40     0.00%    passed     99.05%
  90  t73     0.00%    passed     12.11%
  91  t2      0.00%    passed     93.25%
  92  t49     0.00%    passed     91.67%
  93  t71     0.00%    passed     65.80%
  94  t42     0.00%    passed     81.05%
  95  t46     0.00%    passed     17.97%
  96  t38     0.00%    passed     67.47%
  97  t75     0.00%    passed     49.30%
  98  t1      0.00%    passed     70.88%
  99  t27     0.00%    passed     93.55%
 100  t52     0.00%    passed     97.99%
****  TOTAL    0.00%  0 sequences failed composition chi2 test (p-value<5%; df=19)
Reading input tree file simulations/true_trees/rtree100_bl3_rep1.tree ... rooted tree
Converting rooted to unrooted tree...

NOTE: 4 MB RAM (0 GB) is required!
Estimate model parameters (epsilon = 0.010)
1. Initial log-likelihood: -71370.861
2. Current log-likelihood: -59207.282
3. Current log-likelihood: -58795.969
4. Current log-likelihood: -58795.706
Optimal log-likelihood: -58795.706
Proportion of invariable sites: 0.004
Parameters optimization took 4 rounds (0.145 sec)
BEST SCORE FOUND : -58795.706
Total tree length: 95.321

Total number of iterations: 0
CPU time used for tree search: 0.000 sec (0h:0m:0s)
Wall-clock time used for tree search: 0.000 sec (0h:0m:0s)
Total CPU time used: 1.173 sec (0h:0m:1s)
Total wall-clock time used: 0.158 sec (0h:0m:0s)

Analysis results written to: 
  IQ-TREE report:                simulations/alignments/LAC_rtree100_bl3_rep1_rep6_AA.fasta.iqtree
  Maximum-likelihood tree:       simulations/alignments/LAC_rtree100_bl3_rep1_rep6_AA.fasta.treefile
  Screen log file:               simulations/alignments/LAC_rtree100_bl3_rep1_rep6_AA.fasta.log

Date and Time: Thu Apr  4 15:04:42 2019
