IQ-TREE multicore version 1.6.7 for Linux 64-bit built Aug 23 2018
Developed by Bui Quang Minh, Nguyen Lam Tung, Olga Chernomor,
Heiko Schmidt, Dominik Schrempf, Michael Woodhams.

Host:    csm-com-010 (AVX2, FMA3, 62 GB RAM)
Command: iqtree -nt 8 -m cpREV+F+I -s /csm_data/spielman_lab/dms_modelselection//simulations/alignments/LAC_rtree100_bl0.75_rep1_rep16_AA.fasta -st AA
Seed:    572421 (Using SPRNG - Scalable Parallel Random Number Generator)
Time:    Mon Apr  8 13:48:54 2019
Kernel:  AVX+FMA - 8 threads (48 CPU cores detected)

Reading alignment file /csm_data/spielman_lab/dms_modelselection//simulations/alignments/LAC_rtree100_bl0.75_rep1_rep16_AA.fasta ... Fasta format detected
Alignment most likely contains protein sequences
Alignment has 100 sequences with 262 columns, 261 distinct patterns
252 parsimony-informative, 5 singleton sites, 5 constant sites
      Gap/Ambiguity  Composition  p-value
   1  t25     0.00%    passed     57.08%
   2  t94     0.00%    passed     86.67%
   3  t22     0.00%    passed     44.85%
   4  t87     0.00%    passed     99.73%
   5  t65     0.00%    passed     90.81%
   6  t60     0.00%    passed     29.51%
   7  t84     0.00%    passed     87.25%
   8  t30     0.00%    passed     65.29%
   9  t91     0.00%    passed     97.64%
  10  t95     0.00%    passed     66.61%
  11  t32     0.00%    passed     54.97%
  12  t26     0.00%    passed     99.30%
  13  t59     0.00%    passed     98.48%
  14  t77     0.00%    passed     99.95%
  15  t90     0.00%    passed     90.49%
  16  t20     0.00%    passed     90.02%
  17  t78     0.00%    passed     98.00%
  18  t11     0.00%    passed     78.25%
  19  t18     0.00%    passed     82.49%
  20  t86     0.00%    passed     88.75%
  21  t36     0.00%    passed     67.01%
  22  t21     0.00%    passed     78.18%
  23  t44     0.00%    passed     74.79%
  24  t10     0.00%    passed     56.96%
  25  t56     0.00%    passed     51.78%
  26  t34     0.00%    passed     18.82%
  27  t70     0.00%    passed     72.41%
  28  t92     0.00%    passed     91.64%
  29  t8      0.00%    passed     96.62%
  30  t74     0.00%    passed     92.29%
  31  t4      0.00%    passed     21.68%
  32  t50     0.00%    passed     62.77%
  33  t72     0.00%    passed     98.27%
  34  t6      0.00%    passed     98.91%
  35  t76     0.00%    passed     89.58%
  36  t48     0.00%    passed     91.34%
  37  t88     0.00%    passed     93.82%
  38  t41     0.00%    passed     98.31%
  39  t28     0.00%    passed     65.91%
  40  t79     0.00%    passed     84.55%
  41  t83     0.00%    passed     31.57%
  42  t9      0.00%    passed     55.75%
  43  t35     0.00%    passed     98.34%
  44  t55     0.00%    passed     98.42%
  45  t29     0.00%    passed     94.93%
  46  t5      0.00%    passed     78.82%
  47  t7      0.00%    passed     57.02%
  48  t53     0.00%    passed     73.61%
  49  t93     0.00%    passed     92.41%
  50  t16     0.00%    passed     94.25%
  51  t43     0.00%    passed     96.85%
  52  t98     0.00%    passed     97.14%
  53  t66     0.00%    passed     63.25%
  54  t58     0.00%    passed     99.89%
  55  t23     0.00%    passed     99.81%
  56  t99     0.00%    passed     89.16%
  57  t96     0.00%    passed     68.65%
  58  t63     0.00%    passed     93.28%
  59  t61     0.00%    passed     94.95%
  60  t51     0.00%    passed     85.61%
  61  t3      0.00%    passed     85.36%
  62  t57     0.00%    passed     99.10%
  63  t89     0.00%    passed     90.21%
  64  t14     0.00%    passed     25.75%
  65  t13     0.00%    passed     97.42%
  66  t62     0.00%    passed     94.54%
  67  t47     0.00%    passed     99.88%
  68  t33     0.00%    passed     69.22%
  69  t68     0.00%    passed     91.52%
  70  t37     0.00%    passed     75.70%
  71  t17     0.00%    passed     85.95%
  72  t100    0.00%    passed     72.15%
  73  t31     0.00%    passed     97.82%
  74  t85     0.00%    passed     95.86%
  75  t97     0.00%    passed     97.31%
  76  t69     0.00%    passed     97.10%
  77  t15     0.00%    passed     73.89%
  78  t24     0.00%    passed     79.10%
  79  t67     0.00%    passed     76.60%
  80  t80     0.00%    passed     61.32%
  81  t39     0.00%    passed     95.92%
  82  t64     0.00%    passed     72.80%
  83  t81     0.00%    passed     99.89%
  84  t12     0.00%    passed     30.20%
  85  t19     0.00%    passed     65.89%
  86  t54     0.00%    passed     91.88%
  87  t45     0.00%    passed     32.97%
  88  t82     0.00%    passed     84.65%
  89  t40     0.00%    passed     67.79%
  90  t73     0.00%    passed     36.63%
  91  t2      0.00%    passed     69.83%
  92  t49     0.00%    passed     32.16%
  93  t71     0.00%    passed     26.83%
  94  t42     0.00%    passed     96.65%
  95  t46     0.00%    passed     87.41%
  96  t38     0.00%    passed     94.55%
  97  t75     0.00%    passed     62.18%
  98  t1      0.00%    passed     22.86%
  99  t27     0.00%    passed     92.63%
 100  t52     0.00%    passed     94.24%
****  TOTAL    0.00%  0 sequences failed composition chi2 test (p-value<5%; df=19)

Create initial parsimony tree by phylogenetic likelihood library (PLL)... 0.039 seconds

NOTE: 4 MB RAM (0 GB) is required!
Estimate model parameters (epsilon = 0.100)
1. Initial log-likelihood: -47548.623
2. Current log-likelihood: -47183.795
3. Current log-likelihood: -47181.682
Optimal log-likelihood: -47181.594
Proportion of invariable sites: 0.019
Parameters optimization took 3 rounds (0.087 sec)
Computing ML distances based on estimated model parameters... 0.995 sec
Computing BIONJ tree...
0.008 seconds
Log-likelihood of BIONJ tree: -47315.684
--------------------------------------------------------------------
|             INITIALIZING CANDIDATE TREE SET                      |
--------------------------------------------------------------------
Generating 98 parsimony trees... 4.115 second
Computing log-likelihood of 98 initial trees ... 2.264 seconds
Current best score: -47178.164

Do NNI search on 20 best initial trees
Estimate model parameters (epsilon = 0.100)
BETTER TREE FOUND at iteration 1: -47162.723
Estimate model parameters (epsilon = 0.100)
BETTER TREE FOUND at iteration 2: -47161.999
Iteration 10 / LogL: -47162.993 / Time: 0h:0m:7s
Estimate model parameters (epsilon = 0.100)
BETTER TREE FOUND at iteration 17: -47160.966
Iteration 20 / LogL: -47162.868 / Time: 0h:0m:8s
Finish initializing candidate tree set (3)
Current best tree score: -47160.966 / CPU time: 8.238
Number of iterations: 20
--------------------------------------------------------------------
|               OPTIMIZING CANDIDATE TREE SET                      |
--------------------------------------------------------------------
Iteration 30 / LogL: -47160.987 / Time: 0h:0m:10s (0h:0m:31s left)
Iteration 40 / LogL: -47161.050 / Time: 0h:0m:12s (0h:0m:24s left)
Iteration 50 / LogL: -47162.319 / Time: 0h:0m:14s (0h:0m:19s left)
Iteration 60 / LogL: -47162.879 / Time: 0h:0m:16s (0h:0m:15s left)
Iteration 70 / LogL: -47162.120 / Time: 0h:0m:18s (0h:0m:12s left)
Iteration 80 / LogL: -47161.188 / Time: 0h:0m:20s (0h:0m:9s left)
Iteration 90 / LogL: -47162.515 / Time: 0h:0m:22s (0h:0m:6s left)
Iteration 100 / LogL: -47161.206 / Time: 0h:0m:24s (0h:0m:4s left)
Iteration 110 / LogL: -47161.068 / Time: 0h:0m:26s (0h:0m:1s left)
TREE SEARCH COMPLETED AFTER 118 ITERATIONS / Time: 0h:0m:27s

--------------------------------------------------------------------
|                    FINALIZING TREE SEARCH                        |
--------------------------------------------------------------------
Performs final model parameters optimization
Estimate model parameters (epsilon = 0.010)
1. Initial log-likelihood: -47160.966
Optimal log-likelihood: -47160.966
Proportion of invariable sites: 0.019
Parameters optimization took 1 rounds (0.019 sec)
BEST SCORE FOUND : -47160.966
Total tree length: 51.883

Total number of iterations: 118
CPU time used for tree search: 191.625 sec (0h:3m:11s)
Wall-clock time used for tree search: 27.428 sec (0h:0m:27s)
Total CPU time used: 194.051 sec (0h:3m:14s)
Total wall-clock time used: 27.775 sec (0h:0m:27s)

Analysis results written to: 
  IQ-TREE report:                /csm_data/spielman_lab/dms_modelselection//simulations/alignments/LAC_rtree100_bl0.75_rep1_rep16_AA.fasta.iqtree
  Maximum-likelihood tree:       /csm_data/spielman_lab/dms_modelselection//simulations/alignments/LAC_rtree100_bl0.75_rep1_rep16_AA.fasta.treefile
  Likelihood distances:          /csm_data/spielman_lab/dms_modelselection//simulations/alignments/LAC_rtree100_bl0.75_rep1_rep16_AA.fasta.mldist
  Screen log file:               /csm_data/spielman_lab/dms_modelselection//simulations/alignments/LAC_rtree100_bl0.75_rep1_rep16_AA.fasta.log

Date and Time: Mon Apr  8 13:49:22 2019
