IQ-TREE multicore version 1.6.7 for Linux 64-bit built Aug 23 2018
Developed by Bui Quang Minh, Nguyen Lam Tung, Olga Chernomor,
Heiko Schmidt, Dominik Schrempf, Michael Woodhams.

Host:    csm-com-002 (AVX2, FMA3, 62 GB RAM)
Command: iqtree -nt 8 -m mtInv+F -s simulations/alignments/LAC_rtree100_bl1.5_rep1_rep3_AA.fasta -st AA
Seed:    824345 (Using SPRNG - Scalable Parallel Random Number Generator)
Time:    Thu Apr  4 14:47:19 2019
Kernel:  AVX+FMA - 8 threads (48 CPU cores detected)

Reading alignment file simulations/alignments/LAC_rtree100_bl1.5_rep1_rep3_AA.fasta ... Fasta format detected
Alignment most likely contains protein sequences
Alignment has 100 sequences with 262 columns, 262 distinct patterns
252 parsimony-informative, 7 singleton sites, 3 constant sites
      Gap/Ambiguity  Composition  p-value
   1  t95     0.00%    passed     82.21%
   2  t63     0.00%    passed     62.20%
   3  t38     0.00%    passed     98.86%
   4  t70     0.00%    passed     61.05%
   5  t80     0.00%    passed     95.27%
   6  t83     0.00%    passed     68.46%
   7  t21     0.00%    passed     16.21%
   8  t90     0.00%    passed     27.25%
   9  t61     0.00%    passed     66.48%
  10  t17     0.00%    passed     79.35%
  11  t74     0.00%    passed     79.77%
  12  t34     0.00%    passed     78.52%
  13  t98     0.00%    passed     44.99%
  14  t76     0.00%    passed     72.78%
  15  t59     0.00%    passed     47.89%
  16  t45     0.00%    passed     88.14%
  17  t27     0.00%    passed     64.02%
  18  t13     0.00%    passed     44.34%
  19  t53     0.00%    passed     98.72%
  20  t69     0.00%    passed     31.24%
  21  t79     0.00%    passed     18.34%
  22  t73     0.00%    passed     99.21%
  23  t85     0.00%    passed     94.96%
  24  t3      0.00%    passed     64.78%
  25  t4      0.00%    passed     93.41%
  26  t16     0.00%    passed     99.56%
  27  t96     0.00%    passed     90.17%
  28  t50     0.00%    passed     94.07%
  29  t56     0.00%    passed     98.87%
  30  t62     0.00%    passed     66.18%
  31  t41     0.00%    passed     70.36%
  32  t49     0.00%    passed     92.66%
  33  t57     0.00%    passed     67.65%
  34  t55     0.00%    passed     85.25%
  35  t43     0.00%    passed     31.31%
  36  t97     0.00%    passed     17.05%
  37  t82     0.00%    passed     99.39%
  38  t65     0.00%    passed     39.56%
  39  t89     0.00%    passed     97.41%
  40  t25     0.00%    passed     97.26%
  41  t28     0.00%    passed     89.27%
  42  t52     0.00%    passed     60.80%
  43  t54     0.00%    passed     59.62%
  44  t23     0.00%    passed     74.92%
  45  t24     0.00%    passed     73.77%
  46  t88     0.00%    passed     54.36%
  47  t30     0.00%    passed     96.58%
  48  t91     0.00%    passed     81.93%
  49  t37     0.00%    passed     80.13%
  50  t48     0.00%    passed     60.07%
  51  t20     0.00%    passed     66.08%
  52  t99     0.00%    passed     66.37%
  53  t29     0.00%    passed     20.20%
  54  t18     0.00%    passed     58.04%
  55  t2      0.00%    passed     37.28%
  56  t71     0.00%    passed      5.74%
  57  t26     0.00%    passed     72.08%
  58  t78     0.00%    passed     83.97%
  59  t39     0.00%    passed     23.21%
  60  t22     0.00%    passed     98.65%
  61  t72     0.00%    passed     74.00%
  62  t68     0.00%    passed     44.52%
  63  t75     0.00%    passed     98.52%
  64  t66     0.00%    passed     50.64%
  65  t47     0.00%    passed     96.26%
  66  t12     0.00%    passed     81.01%
  67  t40     0.00%    passed     79.12%
  68  t5      0.00%    passed     65.58%
  69  t46     0.00%    passed     54.87%
  70  t7      0.00%    passed     16.38%
  71  t31     0.00%    passed     95.72%
  72  t14     0.00%    passed     97.94%
  73  t6      0.00%    passed     72.28%
  74  t94     0.00%    passed     38.36%
  75  t92     0.00%    passed     56.74%
  76  t15     0.00%    passed     94.22%
  77  t33     0.00%    passed     77.36%
  78  t93     0.00%    passed     97.36%
  79  t87     0.00%    passed     94.57%
  80  t67     0.00%    passed     71.03%
  81  t11     0.00%    passed     80.97%
  82  t32     0.00%    passed      9.29%
  83  t35     0.00%    passed     17.51%
  84  t8      0.00%    passed     54.95%
  85  t51     0.00%    passed     99.11%
  86  t19     0.00%    passed     96.19%
  87  t77     0.00%    passed     99.34%
  88  t58     0.00%    passed     86.55%
  89  t100    0.00%    passed     91.76%
  90  t86     0.00%    passed     97.26%
  91  t1      0.00%    passed     68.65%
  92  t10     0.00%    passed     55.12%
  93  t36     0.00%    passed     64.18%
  94  t44     0.00%    passed     68.10%
  95  t9      0.00%    passed     74.42%
  96  t81     0.00%    passed     95.85%
  97  t64     0.00%    passed     84.04%
  98  t42     0.00%    passed     27.81%
  99  t60     0.00%    passed     66.66%
 100  t84     0.00%    passed     84.12%
****  TOTAL    0.00%  0 sequences failed composition chi2 test (p-value<5%; df=19)

Create initial parsimony tree by phylogenetic likelihood library (PLL)... 0.041 seconds

NOTE: 4 MB RAM (0 GB) is required!
Estimate model parameters (epsilon = 0.100)
1. Initial log-likelihood: -56927.931
Optimal log-likelihood: -56524.264
Parameters optimization took 1 rounds (0.048 sec)
Computing ML distances based on estimated model parameters... 1.470 sec
Computing BIONJ tree...
0.009 seconds
Log-likelihood of BIONJ tree: -56200.262
--------------------------------------------------------------------
|             INITIALIZING CANDIDATE TREE SET                      |
--------------------------------------------------------------------
Generating 98 parsimony trees... 5.162 second
Computing log-likelihood of 98 initial trees ... 2.203 seconds
Current best score: -56200.262

Do NNI search on 20 best initial trees
Estimate model parameters (epsilon = 0.100)
BETTER TREE FOUND at iteration 1: -56158.615
Iteration 10 / LogL: -56181.845 / Time: 0h:0m:9s
Iteration 20 / LogL: -56205.697 / Time: 0h:0m:11s
Finish initializing candidate tree set (20)
Current best tree score: -56158.615 / CPU time: 11.515
Number of iterations: 20
--------------------------------------------------------------------
|               OPTIMIZING CANDIDATE TREE SET                      |
--------------------------------------------------------------------
Estimate model parameters (epsilon = 0.100)
BETTER TREE FOUND at iteration 23: -56158.424
Estimate model parameters (epsilon = 0.100)
BETTER TREE FOUND at iteration 29: -56154.675
Iteration 30 / LogL: -56169.404 / Time: 0h:0m:13s (0h:0m:47s left)
Estimate model parameters (epsilon = 0.100)
BETTER TREE FOUND at iteration 32: -56153.672
Iteration 40 / LogL: -56161.076 / Time: 0h:0m:15s (0h:0m:37s left)
Iteration 50 / LogL: -56153.745 / Time: 0h:0m:17s (0h:0m:29s left)
Iteration 60 / LogL: -56159.109 / Time: 0h:0m:20s (0h:0m:24s left)
Iteration 70 / LogL: -56155.044 / Time: 0h:0m:22s (0h:0m:19s left)
Iteration 80 / LogL: -56153.821 / Time: 0h:0m:24s (0h:0m:15s left)
Iteration 90 / LogL: -56155.443 / Time: 0h:0m:26s (0h:0m:12s left)
Iteration 100 / LogL: -56156.772 / Time: 0h:0m:28s (0h:0m:9s left)
Iteration 110 / LogL: -56159.573 / Time: 0h:0m:30s (0h:0m:6s left)
Iteration 120 / LogL: -56154.961 / Time: 0h:0m:32s (0h:0m:3s left)
Iteration 130 / LogL: -56153.769 / Time: 0h:0m:34s (0h:0m:0s left)
TREE SEARCH COMPLETED AFTER 133 ITERATIONS / Time: 0h:0m:35s

--------------------------------------------------------------------
|                    FINALIZING TREE SEARCH                        |
--------------------------------------------------------------------
Performs final model parameters optimization
Estimate model parameters (epsilon = 0.010)
1. Initial log-likelihood: -56153.672
Optimal log-likelihood: -56153.672
Parameters optimization took 1 rounds (0.013 sec)
BEST SCORE FOUND : -56153.672
Total tree length: 84.599

Total number of iterations: 133
CPU time used for tree search: 243.965 sec (0h:4m:3s)
Wall-clock time used for tree search: 34.899 sec (0h:0m:34s)
Total CPU time used: 246.533 sec (0h:4m:6s)
Total wall-clock time used: 35.267 sec (0h:0m:35s)

Analysis results written to: 
  IQ-TREE report:                simulations/alignments/LAC_rtree100_bl1.5_rep1_rep3_AA.fasta.iqtree
  Maximum-likelihood tree:       simulations/alignments/LAC_rtree100_bl1.5_rep1_rep3_AA.fasta.treefile
  Likelihood distances:          simulations/alignments/LAC_rtree100_bl1.5_rep1_rep3_AA.fasta.mldist
  Screen log file:               simulations/alignments/LAC_rtree100_bl1.5_rep1_rep3_AA.fasta.log

Date and Time: Thu Apr  4 14:47:55 2019
