IQ-TREE multicore version 1.6.7 for Linux 64-bit built Aug 23 2018
Developed by Bui Quang Minh, Nguyen Lam Tung, Olga Chernomor,
Heiko Schmidt, Dominik Schrempf, Michael Woodhams.

Host:    csm-com-006 (AVX2, FMA3, 62 GB RAM)
Command: iqtree -nt 8 -m rtREV+F+I -s simulations/alignments/LAC_rtree64_bl0.3.tree_rep1_AA.fasta -st AA
Seed:    413985 (Using SPRNG - Scalable Parallel Random Number Generator)
Time:    Mon Apr  1 13:05:53 2019
Kernel:  AVX+FMA - 8 threads (48 CPU cores detected)

Reading alignment file simulations/alignments/LAC_rtree64_bl0.3.tree_rep1_AA.fasta ... Fasta format detected
Alignment most likely contains protein sequences
Alignment has 64 sequences with 262 columns, 261 distinct patterns
241 parsimony-informative, 9 singleton sites, 12 constant sites
     Gap/Ambiguity  Composition  p-value
   1  t45    0.00%    passed     89.64%
   2  t32    0.00%    passed     79.64%
   3  t10    0.00%    passed     98.17%
   4  t55    0.00%    passed     98.63%
   5  t5     0.00%    passed     99.73%
   6  t20    0.00%    passed     83.22%
   7  t38    0.00%    passed     94.20%
   8  t56    0.00%    passed     72.85%
   9  t12    0.00%    passed     98.17%
  10  t35    0.00%    passed     99.95%
  11  t4     0.00%    passed     99.62%
  12  t17    0.00%    passed     97.68%
  13  t49    0.00%    passed     99.90%
  14  t13    0.00%    passed     85.44%
  15  t53    0.00%    passed     40.16%
  16  t29    0.00%    passed     29.56%
  17  t41    0.00%    passed     44.61%
  18  t8     0.00%    passed     68.99%
  19  t59    0.00%    passed     67.31%
  20  t60    0.00%    passed     97.27%
  21  t7     0.00%    passed     65.87%
  22  t44    0.00%    passed     94.72%
  23  t64    0.00%    passed     92.29%
  24  t1     0.00%    passed     91.25%
  25  t58    0.00%    passed     90.31%
  26  t27    0.00%    passed     82.56%
  27  t52    0.00%    passed     80.37%
  28  t28    0.00%    passed     22.72%
  29  t57    0.00%    passed     99.71%
  30  t11    0.00%    passed     98.66%
  31  t16    0.00%    passed     97.52%
  32  t50    0.00%    passed     91.03%
  33  t24    0.00%    passed     97.75%
  34  t25    0.00%    passed     55.43%
  35  t36    0.00%    passed     84.32%
  36  t46    0.00%    passed     95.49%
  37  t26    0.00%    passed     98.94%
  38  t15    0.00%    passed     78.84%
  39  t14    0.00%    passed     93.91%
  40  t37    0.00%    passed     98.28%
  41  t22    0.00%    passed     94.17%
  42  t47    0.00%    passed     82.71%
  43  t54    0.00%    passed     30.85%
  44  t9     0.00%    passed     54.81%
  45  t6     0.00%    passed     47.76%
  46  t34    0.00%    passed     99.88%
  47  t61    0.00%    passed     99.86%
  48  t21    0.00%    passed     99.99%
  49  t2     0.00%    passed     80.15%
  50  t39    0.00%    passed     83.25%
  51  t30    0.00%    passed     91.57%
  52  t51    0.00%    passed     51.97%
  53  t63    0.00%    passed     66.22%
  54  t19    0.00%    passed     77.81%
  55  t40    0.00%    passed     54.09%
  56  t33    0.00%    passed     57.52%
  57  t62    0.00%    passed     88.35%
  58  t18    0.00%    passed     78.91%
  59  t31    0.00%    passed     99.09%
  60  t42    0.00%    passed     87.68%
  61  t3     0.00%    passed     96.62%
  62  t23    0.00%    passed     83.54%
  63  t48    0.00%    passed     50.24%
  64  t43    0.00%    passed     95.94%
****  TOTAL    0.00%  0 sequences failed composition chi2 test (p-value<5%; df=19)

Create initial parsimony tree by phylogenetic likelihood library (PLL)... 0.010 seconds

NOTE: 2 MB RAM (0 GB) is required!
Estimate model parameters (epsilon = 0.100)
1. Initial log-likelihood: -20349.181
2. Current log-likelihood: -20281.006
3. Current log-likelihood: -20280.370
Optimal log-likelihood: -20280.294
Proportion of invariable sites: 0.044
Parameters optimization took 3 rounds (0.049 sec)
Computing ML distances based on estimated model parameters... 0.384 sec
Computing BIONJ tree...
0.003 seconds
Log-likelihood of BIONJ tree: -20280.294
--------------------------------------------------------------------
|             INITIALIZING CANDIDATE TREE SET                      |
--------------------------------------------------------------------
Generating 99 parsimony trees... 1.157 second
Computing log-likelihood of 99 initial trees ... 1.397 seconds
Current best score: -20280.294

Do NNI search on 20 best initial trees
Estimate model parameters (epsilon = 0.100)
BETTER TREE FOUND at iteration 1: -20280.291
Iteration 10 / LogL: -20280.465 / Time: 0h:0m:3s
Iteration 20 / LogL: -20280.300 / Time: 0h:0m:4s
Finish initializing candidate tree set (1)
Current best tree score: -20280.291 / CPU time: 4.439
Number of iterations: 20
--------------------------------------------------------------------
|               OPTIMIZING CANDIDATE TREE SET                      |
--------------------------------------------------------------------
Iteration 30 / LogL: -20280.421 / Time: 0h:0m:5s (0h:0m:14s left)
Iteration 40 / LogL: -20280.342 / Time: 0h:0m:6s (0h:0m:10s left)
Iteration 50 / LogL: -20280.337 / Time: 0h:0m:8s (0h:0m:8s left)
Iteration 60 / LogL: -20280.307 / Time: 0h:0m:9s (0h:0m:6s left)
Iteration 70 / LogL: -20280.361 / Time: 0h:0m:10s (0h:0m:4s left)
Iteration 80 / LogL: -20280.339 / Time: 0h:0m:11s (0h:0m:3s left)
Iteration 90 / LogL: -20280.379 / Time: 0h:0m:12s (0h:0m:1s left)
Iteration 100 / LogL: -20280.315 / Time: 0h:0m:14s (0h:0m:0s left)
TREE SEARCH COMPLETED AFTER 102 ITERATIONS / Time: 0h:0m:14s

--------------------------------------------------------------------
|                    FINALIZING TREE SEARCH                        |
--------------------------------------------------------------------
Performs final model parameters optimization
Estimate model parameters (epsilon = 0.010)
1. Initial log-likelihood: -20280.291
Optimal log-likelihood: -20280.291
Proportion of invariable sites: 0.045
Parameters optimization took 1 rounds (0.014 sec)
BEST SCORE FOUND : -20280.291
Total tree length: 16.340

Total number of iterations: 102
CPU time used for tree search: 106.920 sec (0h:1m:46s)
Wall-clock time used for tree search: 14.233 sec (0h:0m:14s)
Total CPU time used: 108.076 sec (0h:1m:48s)
Total wall-clock time used: 14.394 sec (0h:0m:14s)

Analysis results written to: 
  IQ-TREE report:                simulations/alignments/LAC_rtree64_bl0.3.tree_rep1_AA.fasta.iqtree
  Maximum-likelihood tree:       simulations/alignments/LAC_rtree64_bl0.3.tree_rep1_AA.fasta.treefile
  Likelihood distances:          simulations/alignments/LAC_rtree64_bl0.3.tree_rep1_AA.fasta.mldist
  Screen log file:               simulations/alignments/LAC_rtree64_bl0.3.tree_rep1_AA.fasta.log

Date and Time: Mon Apr  1 13:06:07 2019
