IQ-TREE multicore version 1.6.7 for Linux 64-bit built Aug 23 2018
Developed by Bui Quang Minh, Nguyen Lam Tung, Olga Chernomor,
Heiko Schmidt, Dominik Schrempf, Michael Woodhams.

Host:    csm-com-008 (AVX2, FMA3, 62 GB RAM)
Command: iqtree -nt 8 -m WAG+G4 -s simulations/alignments/LAC_rtree100_bl1.5_rep1_rep18_AA.fasta -st AA -te simulations/true_trees/rtree100_bl1.5_rep1.tree
Seed:    342723 (Using SPRNG - Scalable Parallel Random Number Generator)
Time:    Thu Apr  4 15:20:15 2019
Kernel:  AVX+FMA - 8 threads (48 CPU cores detected)

Reading alignment file simulations/alignments/LAC_rtree100_bl1.5_rep1_rep18_AA.fasta ... Fasta format detected
Alignment most likely contains protein sequences
Alignment has 100 sequences with 262 columns, 262 distinct patterns
251 parsimony-informative, 7 singleton sites, 4 constant sites
      Gap/Ambiguity  Composition  p-value
   1  t95     0.00%    passed     97.19%
   2  t63     0.00%    failed      4.46%
   3  t38     0.00%    passed      7.38%
   4  t70     0.00%    passed     63.95%
   5  t80     0.00%    passed     99.58%
   6  t83     0.00%    passed     86.36%
   7  t21     0.00%    failed      1.51%
   8  t90     0.00%    passed     80.05%
   9  t61     0.00%    passed     99.20%
  10  t17     0.00%    passed     99.34%
  11  t74     0.00%    passed     78.14%
  12  t34     0.00%    passed     99.26%
  13  t98     0.00%    passed     93.94%
  14  t76     0.00%    passed     72.39%
  15  t59     0.00%    passed     20.29%
  16  t45     0.00%    passed     38.87%
  17  t27     0.00%    passed     96.98%
  18  t13     0.00%    passed     95.59%
  19  t53     0.00%    passed     58.79%
  20  t69     0.00%    passed     75.90%
  21  t79     0.00%    passed     97.94%
  22  t73     0.00%    passed     76.11%
  23  t85     0.00%    passed     97.04%
  24  t3      0.00%    passed     99.11%
  25  t4      0.00%    passed     52.17%
  26  t16     0.00%    passed     66.25%
  27  t96     0.00%    passed     10.61%
  28  t50     0.00%    passed     19.41%
  29  t56     0.00%    passed     78.53%
  30  t62     0.00%    passed     97.55%
  31  t41     0.00%    passed     21.19%
  32  t49     0.00%    passed     88.70%
  33  t57     0.00%    passed     36.49%
  34  t55     0.00%    passed     50.46%
  35  t43     0.00%    passed     94.64%
  36  t97     0.00%    passed     79.83%
  37  t82     0.00%    passed     97.21%
  38  t65     0.00%    passed     93.73%
  39  t89     0.00%    passed     83.13%
  40  t25     0.00%    passed     91.75%
  41  t28     0.00%    passed     86.60%
  42  t52     0.00%    passed     16.69%
  43  t54     0.00%    passed     81.11%
  44  t23     0.00%    passed     90.10%
  45  t24     0.00%    passed     76.48%
  46  t88     0.00%    passed     68.67%
  47  t30     0.00%    passed     90.66%
  48  t91     0.00%    passed     88.79%
  49  t37     0.00%    passed    100.00%
  50  t48     0.00%    passed     63.30%
  51  t20     0.00%    passed     60.77%
  52  t99     0.00%    passed     53.22%
  53  t29     0.00%    passed     44.89%
  54  t18     0.00%    passed     99.45%
  55  t2      0.00%    passed     46.19%
  56  t71     0.00%    passed     32.80%
  57  t26     0.00%    passed     74.43%
  58  t78     0.00%    passed     91.97%
  59  t39     0.00%    passed     89.22%
  60  t22     0.00%    passed     69.78%
  61  t72     0.00%    passed     76.86%
  62  t68     0.00%    passed     98.65%
  63  t75     0.00%    passed     95.83%
  64  t66     0.00%    passed     47.68%
  65  t47     0.00%    passed     56.29%
  66  t12     0.00%    passed     89.10%
  67  t40     0.00%    passed     99.53%
  68  t5      0.00%    passed     89.31%
  69  t46     0.00%    passed     97.97%
  70  t7      0.00%    passed     76.26%
  71  t31     0.00%    passed     81.00%
  72  t14     0.00%    passed     50.22%
  73  t6      0.00%    passed     98.09%
  74  t94     0.00%    passed     61.78%
  75  t92     0.00%    passed     23.36%
  76  t15     0.00%    passed     80.47%
  77  t33     0.00%    passed     48.58%
  78  t93     0.00%    passed     87.41%
  79  t87     0.00%    passed     81.82%
  80  t67     0.00%    passed     97.69%
  81  t11     0.00%    passed     86.55%
  82  t32     0.00%    passed     93.17%
  83  t35     0.00%    passed     80.25%
  84  t8      0.00%    passed     84.09%
  85  t51     0.00%    passed     53.97%
  86  t19     0.00%    passed     35.49%
  87  t77     0.00%    passed     79.78%
  88  t58     0.00%    passed     68.79%
  89  t100    0.00%    passed     79.09%
  90  t86     0.00%    passed     98.41%
  91  t1      0.00%    passed     91.34%
  92  t10     0.00%    passed     77.46%
  93  t36     0.00%    passed     92.74%
  94  t44     0.00%    passed     89.68%
  95  t9      0.00%    passed     39.67%
  96  t81     0.00%    passed     87.17%
  97  t64     0.00%    passed     29.92%
  98  t42     0.00%    passed     74.63%
  99  t60     0.00%    passed     79.83%
 100  t84     0.00%    passed     96.29%
****  TOTAL    0.00%  2 sequences failed composition chi2 test (p-value<5%; df=19)
Reading input tree file simulations/true_trees/rtree100_bl1.5_rep1.tree ... rooted tree
Converting rooted to unrooted tree...

NOTE: 17 MB RAM (0 GB) is required!
Estimate model parameters (epsilon = 0.010)
1. Initial log-likelihood: -54581.943
2. Current log-likelihood: -53487.095
3. Current log-likelihood: -53396.278
4. Current log-likelihood: -53369.922
5. Current log-likelihood: -53343.225
6. Current log-likelihood: -53320.526
7. Current log-likelihood: -53316.651
8. Current log-likelihood: -53316.093
9. Current log-likelihood: -53315.851
10. Current log-likelihood: -53315.623
11. Current log-likelihood: -53315.374
12. Current log-likelihood: -53315.202
13. Current log-likelihood: -53315.142
Optimal log-likelihood: -53315.131
Gamma shape alpha: 1.086
Parameters optimization took 13 rounds (1.036 sec)
BEST SCORE FOUND : -53315.131
Total tree length: 77.121

Total number of iterations: 0
CPU time used for tree search: 0.000 sec (0h:0m:0s)
Wall-clock time used for tree search: 0.000 sec (0h:0m:0s)
Total CPU time used: 8.249 sec (0h:0m:8s)
Total wall-clock time used: 1.050 sec (0h:0m:1s)

Analysis results written to: 
  IQ-TREE report:                simulations/alignments/LAC_rtree100_bl1.5_rep1_rep18_AA.fasta.iqtree
  Maximum-likelihood tree:       simulations/alignments/LAC_rtree100_bl1.5_rep1_rep18_AA.fasta.treefile
  Screen log file:               simulations/alignments/LAC_rtree100_bl1.5_rep1_rep18_AA.fasta.log

Date and Time: Thu Apr  4 15:20:16 2019
