IQ-TREE multicore version 1.6.7 for Linux 64-bit built Aug 23 2018
Developed by Bui Quang Minh, Nguyen Lam Tung, Olga Chernomor,
Heiko Schmidt, Dominik Schrempf, Michael Woodhams.

Host:    csm-com-009 (AVX2, FMA3, 62 GB RAM)
Command: iqtree -nt 8 -m LG+F+I+G4 -s simulations/alignments/LAC_btree64_bl3.0.tree_rep4_AA.fasta -st AA
Seed:    375626 (Using SPRNG - Scalable Parallel Random Number Generator)
Time:    Mon Apr  1 13:13:14 2019
Kernel:  AVX+FMA - 8 threads (48 CPU cores detected)

Reading alignment file simulations/alignments/LAC_btree64_bl3.0.tree_rep4_AA.fasta ... Fasta format detected
Alignment most likely contains protein sequences
Alignment has 64 sequences with 262 columns, 262 distinct patterns
253 parsimony-informative, 6 singleton sites, 3 constant sites
     Gap/Ambiguity  Composition  p-value
   1  t54    0.00%    passed     87.49%
   2  t25    0.00%    passed     91.88%
   3  t8     0.00%    passed     91.34%
   4  t37    0.00%    passed     83.59%
   5  t52    0.00%    passed     54.70%
   6  t22    0.00%    passed     95.20%
   7  t13    0.00%    passed     43.10%
   8  t59    0.00%    passed     38.31%
   9  t20    0.00%    passed     14.39%
  10  t27    0.00%    passed     71.22%
  11  t2     0.00%    passed     47.17%
  12  t63    0.00%    passed     90.30%
  13  t24    0.00%    passed     95.05%
  14  t10    0.00%    passed     73.06%
  15  t1     0.00%    passed     83.96%
  16  t28    0.00%    passed     84.24%
  17  t38    0.00%    passed     98.38%
  18  t11    0.00%    passed     60.82%
  19  t23    0.00%    passed     81.68%
  20  t60    0.00%    passed     90.72%
  21  t36    0.00%    passed     90.68%
  22  t41    0.00%    passed     44.06%
  23  t18    0.00%    passed     49.67%
  24  t50    0.00%    passed     51.38%
  25  t44    0.00%    passed     51.29%
  26  t15    0.00%    passed     92.15%
  27  t62    0.00%    passed     89.08%
  28  t46    0.00%    passed     37.77%
  29  t43    0.00%    passed      7.07%
  30  t30    0.00%    passed     20.97%
  31  t55    0.00%    failed      0.08%
  32  t7     0.00%    passed      8.53%
  33  t40    0.00%    passed     92.60%
  34  t49    0.00%    passed      7.60%
  35  t51    0.00%    passed     99.73%
  36  t17    0.00%    passed     53.01%
  37  t39    0.00%    passed     30.81%
  38  t57    0.00%    passed     32.40%
  39  t61    0.00%    passed     70.23%
  40  t19    0.00%    passed     54.32%
  41  t47    0.00%    passed     91.90%
  42  t45    0.00%    passed     88.62%
  43  t56    0.00%    passed     87.49%
  44  t64    0.00%    passed     64.50%
  45  t12    0.00%    passed     95.59%
  46  t53    0.00%    passed     84.21%
  47  t6     0.00%    passed     68.30%
  48  t3     0.00%    passed     90.96%
  49  t29    0.00%    passed     88.16%
  50  t4     0.00%    passed     92.03%
  51  t16    0.00%    passed     87.60%
  52  t32    0.00%    passed     22.84%
  53  t26    0.00%    passed     80.21%
  54  t58    0.00%    passed     94.82%
  55  t35    0.00%    passed     33.25%
  56  t31    0.00%    passed     96.44%
  57  t5     0.00%    passed     94.48%
  58  t9     0.00%    passed     95.01%
  59  t14    0.00%    passed     31.19%
  60  t48    0.00%    passed     58.33%
  61  t33    0.00%    passed     60.72%
  62  t21    0.00%    passed     90.29%
  63  t42    0.00%    passed     58.30%
  64  t34    0.00%    passed     91.54%
****  TOTAL    0.00%  1 sequences failed composition chi2 test (p-value<5%; df=19)

Create initial parsimony tree by phylogenetic likelihood library (PLL)... 0.024 seconds

NOTE: 11 MB RAM (0 GB) is required!
Estimate model parameters (epsilon = 0.100)
Thoroughly optimizing +I+G parameters from 10 start values...
Init pinv, alpha: 0.000, 1.000 / Estimate: 0.011, 0.857 / LogL: -36391.901
Init pinv, alpha: 0.001, 1.000 / Estimate: 0.011, 0.858 / LogL: -36391.907
Init pinv, alpha: 0.003, 1.000 / Estimate: 0.011, 0.859 / LogL: -36391.908
Init pinv, alpha: 0.004, 1.000 / Estimate: 0.011, 0.859 / LogL: -36391.908
Init pinv, alpha: 0.005, 1.000 / Estimate: 0.011, 0.859 / LogL: -36391.908
Init pinv, alpha: 0.006, 1.000 / Estimate: 0.011, 0.859 / LogL: -36391.908
Init pinv, alpha: 0.008, 1.000 / Estimate: 0.011, 0.859 / LogL: -36391.908
Init pinv, alpha: 0.009, 1.000 / Estimate: 0.011, 0.859 / LogL: -36391.908
Init pinv, alpha: 0.010, 1.000 / Estimate: 0.011, 0.859 / LogL: -36391.908
Init pinv, alpha: 0.011, 1.000 / Estimate: 0.011, 0.859 / LogL: -36391.908
Optimal pinv,alpha: 0.011, 0.857 / LogL: -36391.901

Parameters optimization took 1.419 sec
Computing ML distances based on estimated model parameters... 2.114 sec
Computing BIONJ tree...
0.004 seconds
Log-likelihood of BIONJ tree: -36131.661
--------------------------------------------------------------------
|             INITIALIZING CANDIDATE TREE SET                      |
--------------------------------------------------------------------
Generating 98 parsimony trees... 2.313 second
Computing log-likelihood of 98 initial trees ... 2.665 seconds
Current best score: -36131.661

Do NNI search on 20 best initial trees
Estimate model parameters (epsilon = 0.100)
BETTER TREE FOUND at iteration 1: -36091.550
Iteration 10 / LogL: -36177.586 / Time: 0h:0m:10s
Iteration 20 / LogL: -36223.909 / Time: 0h:0m:15s
Finish initializing candidate tree set (20)
Current best tree score: -36091.550 / CPU time: 13.908
Number of iterations: 20
--------------------------------------------------------------------
|               OPTIMIZING CANDIDATE TREE SET                      |
--------------------------------------------------------------------
Estimate model parameters (epsilon = 0.100)
BETTER TREE FOUND at iteration 21: -36088.999
Iteration 30 / LogL: -36118.736 / Time: 0h:0m:18s (0h:0m:57s left)
Estimate model parameters (epsilon = 0.100)
BETTER TREE FOUND at iteration 31: -36087.697
Estimate model parameters (epsilon = 0.100)
BETTER TREE FOUND at iteration 34: -36085.848
Estimate model parameters (epsilon = 0.100)
BETTER TREE FOUND at iteration 35: -36084.224
Estimate model parameters (epsilon = 0.100)
BETTER TREE FOUND at iteration 36: -36081.960
Iteration 40 / LogL: -36085.956 / Time: 0h:0m:20s (0h:0m:51s left)
Estimate model parameters (epsilon = 0.100)
BETTER TREE FOUND at iteration 41: -36080.577
Iteration 50 / LogL: -36081.445 / Time: 0h:0m:23s (0h:0m:43s left)
Estimate model parameters (epsilon = 0.100)
BETTER TREE FOUND at iteration 59: -36080.419
Iteration 60 / LogL: -36084.904 / Time: 0h:0m:26s (0h:0m:43s left)
Estimate model parameters (epsilon = 0.100)
BETTER TREE FOUND at iteration 66: -36078.767
Iteration 70 / LogL: -36081.492 / Time: 0h:0m:28s (0h:0m:40s left)
Estimate model parameters (epsilon = 0.100)
BETTER TREE FOUND at iteration 73: -36078.074
Iteration 80 / LogL: -36084.346 / Time: 0h:0m:31s (0h:0m:36s left)
Iteration 90 / LogL: -36078.105 / Time: 0h:0m:33s (0h:0m:31s left)
Iteration 100 / LogL: -36085.494 / Time: 0h:0m:36s (0h:0m:26s left)
Iteration 110 / LogL: -36090.734 / Time: 0h:0m:38s (0h:0m:22s left)
Iteration 120 / LogL: -36087.383 / Time: 0h:0m:41s (0h:0m:18s left)
Iteration 130 / LogL: -36099.864 / Time: 0h:0m:43s (0h:0m:14s left)
Iteration 140 / LogL: -36087.972 / Time: 0h:0m:46s (0h:0m:10s left)
Iteration 150 / LogL: -36089.554 / Time: 0h:0m:48s (0h:0m:7s left)
Iteration 160 / LogL: -36084.466 / Time: 0h:0m:51s (0h:0m:4s left)
Iteration 170 / LogL: -36078.277 / Time: 0h:0m:53s (0h:0m:0s left)
TREE SEARCH COMPLETED AFTER 174 ITERATIONS / Time: 0h:0m:54s

--------------------------------------------------------------------
|                    FINALIZING TREE SEARCH                        |
--------------------------------------------------------------------
Performs final model parameters optimization
Estimate model parameters (epsilon = 0.010)
1. Initial log-likelihood: -36078.074
Optimal log-likelihood: -36078.074
Proportion of invariable sites: 0.011
Gamma shape alpha: 0.817
Parameters optimization took 1 rounds (0.031 sec)
BEST SCORE FOUND : -36078.074
Total tree length: 91.422

Total number of iterations: 174
CPU time used for tree search: 407.845 sec (0h:6m:47s)
Wall-clock time used for tree search: 53.004 sec (0h:0m:53s)
Total CPU time used: 422.470 sec (0h:7m:2s)
Total wall-clock time used: 54.869 sec (0h:0m:54s)

Analysis results written to: 
  IQ-TREE report:                simulations/alignments/LAC_btree64_bl3.0.tree_rep4_AA.fasta.iqtree
  Maximum-likelihood tree:       simulations/alignments/LAC_btree64_bl3.0.tree_rep4_AA.fasta.treefile
  Likelihood distances:          simulations/alignments/LAC_btree64_bl3.0.tree_rep4_AA.fasta.mldist
  Screen log file:               simulations/alignments/LAC_btree64_bl3.0.tree_rep4_AA.fasta.log

Date and Time: Mon Apr  1 13:14:09 2019
