IQ-TREE multicore version 1.6.7 for Linux 64-bit built Aug 23 2018
Developed by Bui Quang Minh, Nguyen Lam Tung, Olga Chernomor,
Heiko Schmidt, Dominik Schrempf, Michael Woodhams.

Host:    csm-com-001 (AVX2, FMA3, 62 GB RAM)
Command: iqtree -nt 8 -m rtREV -s simulations/alignments/NP_rtree100_bl3_rep1_rep16_AA.fasta -st AA
Seed:    324212 (Using SPRNG - Scalable Parallel Random Number Generator)
Time:    Thu Apr  4 13:42:33 2019
Kernel:  AVX+FMA - 8 threads (48 CPU cores detected)

Reading alignment file simulations/alignments/NP_rtree100_bl3_rep1_rep16_AA.fasta ... Fasta format detected
Alignment most likely contains protein sequences
Alignment has 100 sequences with 498 columns, 498 distinct patterns
498 parsimony-informative, 0 singleton sites, 0 constant sites
      Gap/Ambiguity  Composition  p-value
   1  t25     0.00%    passed     88.49%
   2  t94     0.00%    passed      9.20%
   3  t22     0.00%    passed     70.26%
   4  t87     0.00%    passed     59.93%
   5  t65     0.00%    passed     52.68%
   6  t60     0.00%    passed     79.80%
   7  t84     0.00%    passed     81.62%
   8  t30     0.00%    passed     65.43%
   9  t91     0.00%    passed     64.23%
  10  t95     0.00%    passed     68.11%
  11  t32     0.00%    passed     75.89%
  12  t26     0.00%    passed     87.41%
  13  t59     0.00%    passed     74.94%
  14  t77     0.00%    passed     47.50%
  15  t90     0.00%    passed     64.68%
  16  t20     0.00%    passed     78.58%
  17  t78     0.00%    passed     45.80%
  18  t11     0.00%    passed     26.18%
  19  t18     0.00%    passed     69.47%
  20  t86     0.00%    passed     56.89%
  21  t36     0.00%    passed     27.25%
  22  t21     0.00%    passed     70.41%
  23  t44     0.00%    passed     53.75%
  24  t10     0.00%    passed     35.94%
  25  t56     0.00%    passed     48.81%
  26  t34     0.00%    passed     96.61%
  27  t70     0.00%    passed     99.18%
  28  t92     0.00%    passed     89.75%
  29  t8      0.00%    passed     10.13%
  30  t74     0.00%    passed     47.82%
  31  t4      0.00%    passed     56.92%
  32  t50     0.00%    passed     22.12%
  33  t72     0.00%    passed     50.13%
  34  t6      0.00%    passed     92.20%
  35  t76     0.00%    passed     80.69%
  36  t48     0.00%    passed     55.31%
  37  t88     0.00%    passed     78.95%
  38  t41     0.00%    passed     60.31%
  39  t28     0.00%    passed     64.19%
  40  t79     0.00%    passed     90.84%
  41  t83     0.00%    passed     66.36%
  42  t9      0.00%    passed     37.68%
  43  t35     0.00%    passed     38.22%
  44  t55     0.00%    passed      6.56%
  45  t29     0.00%    passed     81.02%
  46  t5      0.00%    passed     97.57%
  47  t7      0.00%    passed     49.56%
  48  t53     0.00%    passed     78.61%
  49  t93     0.00%    failed      2.07%
  50  t16     0.00%    passed     94.59%
  51  t43     0.00%    passed     33.19%
  52  t98     0.00%    passed     73.33%
  53  t66     0.00%    passed     73.98%
  54  t58     0.00%    passed     55.41%
  55  t23     0.00%    passed     85.81%
  56  t99     0.00%    passed     99.82%
  57  t96     0.00%    passed     96.62%
  58  t63     0.00%    passed     50.40%
  59  t61     0.00%    passed     64.19%
  60  t51     0.00%    passed      5.40%
  61  t3      0.00%    passed     62.98%
  62  t57     0.00%    passed     47.28%
  63  t89     0.00%    passed     79.67%
  64  t14     0.00%    passed     79.78%
  65  t13     0.00%    passed     29.22%
  66  t62     0.00%    passed     58.48%
  67  t47     0.00%    passed     99.40%
  68  t33     0.00%    passed     48.33%
  69  t68     0.00%    passed     51.70%
  70  t37     0.00%    passed     47.44%
  71  t17     0.00%    passed     69.93%
  72  t100    0.00%    passed     54.78%
  73  t31     0.00%    passed     91.00%
  74  t85     0.00%    passed     48.07%
  75  t97     0.00%    passed     57.30%
  76  t69     0.00%    passed     26.85%
  77  t15     0.00%    passed     94.74%
  78  t24     0.00%    passed     81.07%
  79  t67     0.00%    passed     18.53%
  80  t80     0.00%    passed     88.51%
  81  t39     0.00%    passed     38.07%
  82  t64     0.00%    passed     99.75%
  83  t81     0.00%    passed     96.91%
  84  t12     0.00%    passed     91.46%
  85  t19     0.00%    passed     91.21%
  86  t54     0.00%    passed     46.79%
  87  t45     0.00%    passed     88.98%
  88  t82     0.00%    passed     63.30%
  89  t40     0.00%    passed     65.47%
  90  t73     0.00%    failed      3.26%
  91  t2      0.00%    passed     74.03%
  92  t49     0.00%    passed     46.53%
  93  t71     0.00%    passed     86.41%
  94  t42     0.00%    passed     88.92%
  95  t46     0.00%    passed     82.85%
  96  t38     0.00%    passed     91.65%
  97  t75     0.00%    passed     74.79%
  98  t1      0.00%    passed     58.35%
  99  t27     0.00%    passed     54.06%
 100  t52     0.00%    passed     49.76%
****  TOTAL    0.00%  2 sequences failed composition chi2 test (p-value<5%; df=19)

Create initial parsimony tree by phylogenetic likelihood library (PLL)... 0.066 seconds

NOTE: 8 MB RAM (0 GB) is required!
Estimate model parameters (epsilon = 0.100)
1. Initial log-likelihood: -126597.337
Optimal log-likelihood: -124412.695
Parameters optimization took 1 rounds (0.064 sec)
Computing ML distances based on estimated model parameters... 1.121 sec
Computing BIONJ tree...
0.008 seconds
Log-likelihood of BIONJ tree: -123784.858
--------------------------------------------------------------------
|             INITIALIZING CANDIDATE TREE SET                      |
--------------------------------------------------------------------
Generating 98 parsimony trees... 7.388 second
Computing log-likelihood of 98 initial trees ... 2.889 seconds
Current best score: -123784.858

Do NNI search on 20 best initial trees
Estimate model parameters (epsilon = 0.100)
BETTER TREE FOUND at iteration 1: -123714.219
Iteration 10 / LogL: -124041.781 / Time: 0h:0m:14s
Iteration 20 / LogL: -124062.710 / Time: 0h:0m:18s
Finish initializing candidate tree set (20)
Current best tree score: -123714.219 / CPU time: 17.894
Number of iterations: 20
--------------------------------------------------------------------
|               OPTIMIZING CANDIDATE TREE SET                      |
--------------------------------------------------------------------
Estimate model parameters (epsilon = 0.100)
BETTER TREE FOUND at iteration 22: -123706.796
Estimate model parameters (epsilon = 0.100)
BETTER TREE FOUND at iteration 25: -123689.811
Iteration 30 / LogL: -123731.524 / Time: 0h:0m:21s (0h:1m:9s left)
Estimate model parameters (epsilon = 0.100)
BETTER TREE FOUND at iteration 31: -123667.160
Estimate model parameters (epsilon = 0.100)
BETTER TREE FOUND at iteration 34: -123661.495
Estimate model parameters (epsilon = 0.100)
BETTER TREE FOUND at iteration 36: -123658.864
Iteration 40 / LogL: -123689.846 / Time: 0h:0m:24s (0h:0m:58s left)
Iteration 50 / LogL: -123688.015 / Time: 0h:0m:26s (0h:0m:46s left)
Estimate model parameters (epsilon = 0.100)
BETTER TREE FOUND at iteration 60: -123658.664
Iteration 60 / LogL: -123658.664 / Time: 0h:0m:29s (0h:0m:49s left)
Estimate model parameters (epsilon = 0.100)
BETTER TREE FOUND at iteration 67: -123649.953
Iteration 70 / LogL: -123663.713 / Time: 0h:0m:32s (0h:0m:44s left)
Iteration 80 / LogL: -123654.908 / Time: 0h:0m:34s (0h:0m:38s left)
Iteration 90 / LogL: -123658.998 / Time: 0h:0m:37s (0h:0m:32s left)
Estimate model parameters (epsilon = 0.100)
BETTER TREE FOUND at iteration 93: -123647.373
Iteration 100 / LogL: -123687.646 / Time: 0h:0m:40s (0h:0m:37s left)
Estimate model parameters (epsilon = 0.100)
BETTER TREE FOUND at iteration 104: -123643.518
Iteration 110 / LogL: -123647.391 / Time: 0h:0m:43s (0h:0m:37s left)
Estimate model parameters (epsilon = 0.100)
BETTER TREE FOUND at iteration 117: -123640.215
Iteration 120 / LogL: -123665.389 / Time: 0h:0m:45s (0h:0m:37s left)
Iteration 130 / LogL: -123656.760 / Time: 0h:0m:48s (0h:0m:32s left)
Iteration 140 / LogL: -123642.962 / Time: 0h:0m:50s (0h:0m:28s left)
Estimate model parameters (epsilon = 0.100)
BETTER TREE FOUND at iteration 143: -123640.064
Estimate model parameters (epsilon = 0.100)
BETTER TREE FOUND at iteration 146: -123638.669
Iteration 150 / LogL: -123644.650 / Time: 0h:0m:53s (0h:0m:34s left)
Iteration 160 / LogL: -123638.839 / Time: 0h:0m:56s (0h:0m:30s left)
Iteration 170 / LogL: -123641.160 / Time: 0h:0m:58s (0h:0m:26s left)
Iteration 180 / LogL: -123659.472 / Time: 0h:1m:1s (0h:0m:22s left)
Iteration 190 / LogL: -123689.334 / Time: 0h:1m:4s (0h:0m:18s left)
Iteration 200 / LogL: -123658.879 / Time: 0h:1m:6s (0h:0m:15s left)
Iteration 210 / LogL: -123647.610 / Time: 0h:1m:9s (0h:0m:11s left)
Iteration 220 / LogL: -123640.050 / Time: 0h:1m:12s (0h:0m:8s left)
Iteration 230 / LogL: -123652.916 / Time: 0h:1m:14s (0h:0m:5s left)
Iteration 240 / LogL: -123644.138 / Time: 0h:1m:17s (0h:0m:1s left)
TREE SEARCH COMPLETED AFTER 247 ITERATIONS / Time: 0h:1m:19s

--------------------------------------------------------------------
|                    FINALIZING TREE SEARCH                        |
--------------------------------------------------------------------
Performs final model parameters optimization
Estimate model parameters (epsilon = 0.010)
1. Initial log-likelihood: -123638.669
Optimal log-likelihood: -123638.668
Parameters optimization took 1 rounds (0.018 sec)
BEST SCORE FOUND : -123638.668
Total tree length: 102.825

Total number of iterations: 247
CPU time used for tree search: 582.288 sec (0h:9m:42s)
Wall-clock time used for tree search: 79.196 sec (0h:1m:19s)
Total CPU time used: 584.776 sec (0h:9m:44s)
Total wall-clock time used: 79.574 sec (0h:1m:19s)

Analysis results written to: 
  IQ-TREE report:                simulations/alignments/NP_rtree100_bl3_rep1_rep16_AA.fasta.iqtree
  Maximum-likelihood tree:       simulations/alignments/NP_rtree100_bl3_rep1_rep16_AA.fasta.treefile
  Likelihood distances:          simulations/alignments/NP_rtree100_bl3_rep1_rep16_AA.fasta.mldist
  Screen log file:               simulations/alignments/NP_rtree100_bl3_rep1_rep16_AA.fasta.log

Date and Time: Thu Apr  4 13:43:52 2019
