IQ-TREE multicore version 1.6.7 for Linux 64-bit built Aug 23 2018
Developed by Bui Quang Minh, Nguyen Lam Tung, Olga Chernomor,
Heiko Schmidt, Dominik Schrempf, Michael Woodhams.

Host:    csm-com-004 (AVX2, FMA3, 62 GB RAM)
Command: iqtree -nt 8 -m mtART -s simulations/alignments/NP_rtree100_bl1.5_rep1_rep10_AA.fasta -st AA
Seed:    256634 (Using SPRNG - Scalable Parallel Random Number Generator)
Time:    Thu Apr  4 13:08:29 2019
Kernel:  AVX+FMA - 8 threads (48 CPU cores detected)

Reading alignment file simulations/alignments/NP_rtree100_bl1.5_rep1_rep10_AA.fasta ... Fasta format detected
Alignment most likely contains protein sequences
Alignment has 100 sequences with 498 columns, 498 distinct patterns
498 parsimony-informative, 0 singleton sites, 0 constant sites
      Gap/Ambiguity  Composition  p-value
   1  t95     0.00%    passed     82.34%
   2  t63     0.00%    passed     87.70%
   3  t38     0.00%    passed     16.76%
   4  t70     0.00%    passed     91.25%
   5  t80     0.00%    passed     78.71%
   6  t83     0.00%    passed     94.95%
   7  t21     0.00%    passed     94.93%
   8  t90     0.00%    passed     89.45%
   9  t61     0.00%    passed     60.62%
  10  t17     0.00%    passed     74.05%
  11  t74     0.00%    passed     21.05%
  12  t34     0.00%    passed     43.88%
  13  t98     0.00%    passed     66.94%
  14  t76     0.00%    passed     79.00%
  15  t59     0.00%    passed     71.89%
  16  t45     0.00%    passed     64.50%
  17  t27     0.00%    passed     73.15%
  18  t13     0.00%    passed     93.67%
  19  t53     0.00%    passed     37.70%
  20  t69     0.00%    passed     78.44%
  21  t79     0.00%    passed     66.49%
  22  t73     0.00%    passed     82.13%
  23  t85     0.00%    passed     67.10%
  24  t3      0.00%    passed     86.88%
  25  t4      0.00%    passed     82.27%
  26  t16     0.00%    passed     71.21%
  27  t96     0.00%    passed     69.65%
  28  t50     0.00%    passed     66.09%
  29  t56     0.00%    passed     95.39%
  30  t62     0.00%    passed     39.59%
  31  t41     0.00%    passed     82.94%
  32  t49     0.00%    passed     82.00%
  33  t57     0.00%    passed     85.46%
  34  t55     0.00%    passed     75.61%
  35  t43     0.00%    passed     96.93%
  36  t97     0.00%    passed     40.64%
  37  t82     0.00%    passed     65.20%
  38  t65     0.00%    passed     49.02%
  39  t89     0.00%    passed     58.37%
  40  t25     0.00%    passed     85.46%
  41  t28     0.00%    passed     57.59%
  42  t52     0.00%    passed     91.44%
  43  t54     0.00%    passed     55.72%
  44  t23     0.00%    passed     96.97%
  45  t24     0.00%    passed     84.98%
  46  t88     0.00%    passed     90.62%
  47  t30     0.00%    passed     38.77%
  48  t91     0.00%    passed     80.88%
  49  t37     0.00%    passed     18.60%
  50  t48     0.00%    passed     30.16%
  51  t20     0.00%    passed     98.28%
  52  t99     0.00%    passed     53.82%
  53  t29     0.00%    passed     49.82%
  54  t18     0.00%    passed     72.55%
  55  t2      0.00%    passed     83.57%
  56  t71     0.00%    passed     96.21%
  57  t26     0.00%    passed     48.93%
  58  t78     0.00%    passed     62.50%
  59  t39     0.00%    passed     91.38%
  60  t22     0.00%    passed      5.83%
  61  t72     0.00%    passed     89.97%
  62  t68     0.00%    passed     89.03%
  63  t75     0.00%    passed     73.81%
  64  t66     0.00%    passed     84.21%
  65  t47     0.00%    passed     99.46%
  66  t12     0.00%    passed     16.47%
  67  t40     0.00%    passed     73.90%
  68  t5      0.00%    passed     55.21%
  69  t46     0.00%    passed     87.35%
  70  t7      0.00%    passed     24.03%
  71  t31     0.00%    passed     14.04%
  72  t14     0.00%    passed     15.23%
  73  t6      0.00%    passed     51.68%
  74  t94     0.00%    passed     35.47%
  75  t92     0.00%    passed     71.56%
  76  t15     0.00%    passed      7.33%
  77  t33     0.00%    passed     97.54%
  78  t93     0.00%    passed     99.48%
  79  t87     0.00%    passed     38.60%
  80  t67     0.00%    failed      2.99%
  81  t11     0.00%    passed     14.67%
  82  t32     0.00%    passed     30.44%
  83  t35     0.00%    passed     51.10%
  84  t8      0.00%    passed     54.03%
  85  t51     0.00%    passed     38.58%
  86  t19     0.00%    passed     22.62%
  87  t77     0.00%    passed     78.47%
  88  t58     0.00%    passed     29.35%
  89  t100    0.00%    passed     66.15%
  90  t86     0.00%    passed     80.50%
  91  t1      0.00%    passed     98.69%
  92  t10     0.00%    passed     20.10%
  93  t36     0.00%    passed     99.52%
  94  t44     0.00%    passed     85.19%
  95  t9      0.00%    passed     90.96%
  96  t81     0.00%    passed     56.61%
  97  t64     0.00%    passed     87.77%
  98  t42     0.00%    passed     56.28%
  99  t60     0.00%    passed     69.59%
 100  t84     0.00%    passed     95.74%
****  TOTAL    0.00%  1 sequences failed composition chi2 test (p-value<5%; df=19)

Create initial parsimony tree by phylogenetic likelihood library (PLL)... 0.055 seconds

NOTE: 8 MB RAM (0 GB) is required!
Estimate model parameters (epsilon = 0.100)
1. Initial log-likelihood: -128833.474
Optimal log-likelihood: -125240.078
Parameters optimization took 1 rounds (0.062 sec)
Computing ML distances based on estimated model parameters... 4.054 sec
WARNING: Some pairwise ML distances are too long (saturated)
Computing BIONJ tree...
0.008 seconds
Log-likelihood of BIONJ tree: -125070.968
--------------------------------------------------------------------
|             INITIALIZING CANDIDATE TREE SET                      |
--------------------------------------------------------------------
Generating 98 parsimony trees... 6.667 second
Computing log-likelihood of 98 initial trees ... 2.823 seconds
Current best score: -125070.968

Do NNI search on 20 best initial trees
Estimate model parameters (epsilon = 0.100)
BETTER TREE FOUND at iteration 1: -125017.491
Estimate model parameters (epsilon = 0.100)
BETTER TREE FOUND at iteration 2: -125011.054
Estimate model parameters (epsilon = 0.100)
BETTER TREE FOUND at iteration 5: -125002.377
Iteration 10 / LogL: -125013.727 / Time: 0h:0m:12s
Iteration 20 / LogL: -125003.070 / Time: 0h:0m:14s
Finish initializing candidate tree set (19)
Current best tree score: -125002.377 / CPU time: 13.999
Number of iterations: 20
--------------------------------------------------------------------
|               OPTIMIZING CANDIDATE TREE SET                      |
--------------------------------------------------------------------
Estimate model parameters (epsilon = 0.100)
BETTER TREE FOUND at iteration 21: -125001.591
Iteration 30 / LogL: -125001.649 / Time: 0h:0m:17s (0h:0m:54s left)
Estimate model parameters (epsilon = 0.100)
BETTER TREE FOUND at iteration 31: -124994.803
Iteration 40 / LogL: -124995.502 / Time: 0h:0m:20s (0h:0m:47s left)
Estimate model parameters (epsilon = 0.100)
BETTER TREE FOUND at iteration 45: -124994.396
Iteration 50 / LogL: -125015.234 / Time: 0h:0m:23s (0h:0m:44s left)
Estimate model parameters (epsilon = 0.100)
BETTER TREE FOUND at iteration 53: -124994.034
Estimate model parameters (epsilon = 0.100)
BETTER TREE FOUND at iteration 55: -124991.524
Iteration 60 / LogL: -124995.471 / Time: 0h:0m:25s (0h:0m:41s left)
Estimate model parameters (epsilon = 0.100)
BETTER TREE FOUND at iteration 67: -124990.866
Estimate model parameters (epsilon = 0.100)
BETTER TREE FOUND at iteration 69: -124989.324
Iteration 70 / LogL: -124990.810 / Time: 0h:0m:28s (0h:0m:41s left)
Iteration 80 / LogL: -124990.843 / Time: 0h:0m:31s (0h:0m:35s left)
Iteration 90 / LogL: -124991.237 / Time: 0h:0m:34s (0h:0m:30s left)
Iteration 100 / LogL: -124990.840 / Time: 0h:0m:36s (0h:0m:25s left)
Iteration 110 / LogL: -124989.328 / Time: 0h:0m:39s (0h:0m:21s left)
Iteration 120 / LogL: -124989.481 / Time: 0h:0m:42s (0h:0m:17s left)
Iteration 130 / LogL: -124998.795 / Time: 0h:0m:44s (0h:0m:13s left)
Iteration 140 / LogL: -125009.223 / Time: 0h:0m:47s (0h:0m:9s left)
Iteration 150 / LogL: -124996.309 / Time: 0h:0m:50s (0h:0m:6s left)
Iteration 160 / LogL: -124997.640 / Time: 0h:0m:53s (0h:0m:3s left)
Iteration 170 / LogL: -125022.616 / Time: 0h:0m:55s (0h:0m:-1s left)
TREE SEARCH COMPLETED AFTER 170 ITERATIONS / Time: 0h:0m:55s

--------------------------------------------------------------------
|                    FINALIZING TREE SEARCH                        |
--------------------------------------------------------------------
Performs final model parameters optimization
Estimate model parameters (epsilon = 0.010)
1. Initial log-likelihood: -124989.324
Optimal log-likelihood: -124989.324
Parameters optimization took 1 rounds (0.018 sec)
BEST SCORE FOUND : -124989.324
Total tree length: 181.461

Total number of iterations: 170
CPU time used for tree search: 394.871 sec (0h:6m:34s)
Wall-clock time used for tree search: 55.107 sec (0h:0m:55s)
Total CPU time used: 400.389 sec (0h:6m:40s)
Total wall-clock time used: 55.855 sec (0h:0m:55s)

Analysis results written to: 
  IQ-TREE report:                simulations/alignments/NP_rtree100_bl1.5_rep1_rep10_AA.fasta.iqtree
  Maximum-likelihood tree:       simulations/alignments/NP_rtree100_bl1.5_rep1_rep10_AA.fasta.treefile
  Likelihood distances:          simulations/alignments/NP_rtree100_bl1.5_rep1_rep10_AA.fasta.mldist
  Screen log file:               simulations/alignments/NP_rtree100_bl1.5_rep1_rep10_AA.fasta.log

Date and Time: Thu Apr  4 13:09:25 2019
