IQ-TREE multicore version 1.6.7 for Linux 64-bit built Aug 23 2018
Developed by Bui Quang Minh, Nguyen Lam Tung, Olga Chernomor,
Heiko Schmidt, Dominik Schrempf, Michael Woodhams.

Host:    csm-gpu-001 (AVX2, FMA3, 62 GB RAM)
Command: iqtree -nt 8 -m DCMut+F+G4 -s /csm_data/spielman_lab/dms_modelselection//simulations/alignments/NP_rtree100_bl0.75_rep1_rep19_AA.fasta -st AA
Seed:    335373 (Using SPRNG - Scalable Parallel Random Number Generator)
Time:    Mon Apr  8 14:09:34 2019
Kernel:  AVX+FMA - 8 threads (48 CPU cores detected)

Reading alignment file /csm_data/spielman_lab/dms_modelselection//simulations/alignments/NP_rtree100_bl0.75_rep1_rep19_AA.fasta ... Fasta format detected
Alignment most likely contains protein sequences
Alignment has 100 sequences with 498 columns, 498 distinct patterns
497 parsimony-informative, 1 singleton sites, 0 constant sites
      Gap/Ambiguity  Composition  p-value
   1  t25     0.00%    passed     96.90%
   2  t94     0.00%    passed     77.01%
   3  t22     0.00%    passed     81.93%
   4  t87     0.00%    passed     79.48%
   5  t65     0.00%    passed     36.29%
   6  t60     0.00%    passed     59.77%
   7  t84     0.00%    passed     60.41%
   8  t30     0.00%    passed     88.04%
   9  t91     0.00%    passed     99.61%
  10  t95     0.00%    passed     59.41%
  11  t32     0.00%    passed     81.79%
  12  t26     0.00%    passed     48.12%
  13  t59     0.00%    passed     41.52%
  14  t77     0.00%    passed     92.80%
  15  t90     0.00%    passed     47.20%
  16  t20     0.00%    passed     95.25%
  17  t78     0.00%    passed     19.72%
  18  t11     0.00%    passed     71.94%
  19  t18     0.00%    failed      0.49%
  20  t86     0.00%    passed     50.94%
  21  t36     0.00%    passed     91.63%
  22  t21     0.00%    passed     86.74%
  23  t44     0.00%    passed     45.58%
  24  t10     0.00%    passed     98.38%
  25  t56     0.00%    passed     56.23%
  26  t34     0.00%    passed     26.55%
  27  t70     0.00%    passed     12.77%
  28  t92     0.00%    passed     85.53%
  29  t8      0.00%    passed     79.08%
  30  t74     0.00%    passed     68.96%
  31  t4      0.00%    passed     69.39%
  32  t50     0.00%    passed     97.62%
  33  t72     0.00%    passed     92.90%
  34  t6      0.00%    passed     77.09%
  35  t76     0.00%    passed     64.78%
  36  t48     0.00%    passed     12.46%
  37  t88     0.00%    passed     69.09%
  38  t41     0.00%    passed     74.08%
  39  t28     0.00%    passed     35.66%
  40  t79     0.00%    passed     60.29%
  41  t83     0.00%    passed     56.61%
  42  t9      0.00%    passed     64.45%
  43  t35     0.00%    passed     52.32%
  44  t55     0.00%    passed     96.68%
  45  t29     0.00%    passed     99.26%
  46  t5      0.00%    passed     46.93%
  47  t7      0.00%    passed     57.99%
  48  t53     0.00%    passed     95.68%
  49  t93     0.00%    passed     32.26%
  50  t16     0.00%    passed     59.01%
  51  t43     0.00%    passed     99.69%
  52  t98     0.00%    passed     91.84%
  53  t66     0.00%    passed     80.64%
  54  t58     0.00%    passed     13.64%
  55  t23     0.00%    passed     53.20%
  56  t99     0.00%    passed     93.73%
  57  t96     0.00%    passed     62.27%
  58  t63     0.00%    passed     44.85%
  59  t61     0.00%    passed     60.47%
  60  t51     0.00%    passed     82.20%
  61  t3      0.00%    passed     15.18%
  62  t57     0.00%    passed      5.54%
  63  t89     0.00%    passed     63.54%
  64  t14     0.00%    failed      3.48%
  65  t13     0.00%    passed     11.67%
  66  t62     0.00%    passed     82.64%
  67  t47     0.00%    passed     51.33%
  68  t33     0.00%    passed     54.00%
  69  t68     0.00%    passed     90.71%
  70  t37     0.00%    passed     52.22%
  71  t17     0.00%    passed     88.01%
  72  t100    0.00%    passed     64.55%
  73  t31     0.00%    passed     51.80%
  74  t85     0.00%    passed     65.94%
  75  t97     0.00%    passed     55.56%
  76  t69     0.00%    passed     94.36%
  77  t15     0.00%    passed     99.16%
  78  t24     0.00%    passed     67.34%
  79  t67     0.00%    passed     92.54%
  80  t80     0.00%    passed     79.18%
  81  t39     0.00%    passed     86.52%
  82  t64     0.00%    passed     41.56%
  83  t81     0.00%    passed     51.90%
  84  t12     0.00%    passed     29.10%
  85  t19     0.00%    passed     64.48%
  86  t54     0.00%    passed     30.81%
  87  t45     0.00%    passed     77.34%
  88  t82     0.00%    passed     29.16%
  89  t40     0.00%    passed     91.67%
  90  t73     0.00%    passed     68.13%
  91  t2      0.00%    passed     82.21%
  92  t49     0.00%    passed     46.85%
  93  t71     0.00%    passed     63.96%
  94  t42     0.00%    passed     99.75%
  95  t46     0.00%    passed     95.68%
  96  t38     0.00%    passed     84.39%
  97  t75     0.00%    passed     42.41%
  98  t1      0.00%    passed     93.19%
  99  t27     0.00%    passed     63.82%
 100  t52     0.00%    passed     80.19%
****  TOTAL    0.00%  2 sequences failed composition chi2 test (p-value<5%; df=19)

Create initial parsimony tree by phylogenetic likelihood library (PLL)... 0.039 seconds

NOTE: 32 MB RAM (0 GB) is required!
Estimate model parameters (epsilon = 0.100)
1. Initial log-likelihood: -98412.393
2. Current log-likelihood: -97893.619
3. Current log-likelihood: -97874.289
4. Current log-likelihood: -97871.654
5. Current log-likelihood: -97871.481
Optimal log-likelihood: -97871.456
Gamma shape alpha: 3.406
Parameters optimization took 5 rounds (0.488 sec)
Computing ML distances based on estimated model parameters... 4.661 sec
Computing BIONJ tree...
0.008 seconds
Log-likelihood of BIONJ tree: -97950.741
--------------------------------------------------------------------
|             INITIALIZING CANDIDATE TREE SET                      |
--------------------------------------------------------------------
Generating 98 parsimony trees... 4.899 second
Computing log-likelihood of 98 initial trees ... 5.236 seconds
Current best score: -97854.654

Do NNI search on 20 best initial trees
Estimate model parameters (epsilon = 0.100)
BETTER TREE FOUND at iteration 1: -97839.587
Estimate model parameters (epsilon = 0.100)
UPDATE BEST LOG-LIKELIHOOD: -97839.268
Iteration 10 / LogL: -97839.268 / Time: 0h:0m:13s
Iteration 20 / LogL: -97840.603 / Time: 0h:0m:18s
Finish initializing candidate tree set (2)
Current best tree score: -97839.268 / CPU time: 17.040
Number of iterations: 20
--------------------------------------------------------------------
|               OPTIMIZING CANDIDATE TREE SET                      |
--------------------------------------------------------------------
Iteration 30 / LogL: -97840.185 / Time: 0h:0m:23s (0h:0m:57s left)
Iteration 40 / LogL: -97839.681 / Time: 0h:0m:28s (0h:0m:44s left)
Iteration 50 / LogL: -97840.083 / Time: 0h:0m:33s (0h:0m:34s left)
Iteration 60 / LogL: -97839.619 / Time: 0h:0m:38s (0h:0m:26s left)
Iteration 70 / LogL: -97839.626 / Time: 0h:0m:43s (0h:0m:19s left)
Iteration 80 / LogL: -97839.312 / Time: 0h:0m:47s (0h:0m:12s left)
Iteration 90 / LogL: -97839.304 / Time: 0h:0m:52s (0h:0m:6s left)
Iteration 100 / LogL: -97839.736 / Time: 0h:0m:56s (0h:0m:0s left)
TREE SEARCH COMPLETED AFTER 102 ITERATIONS / Time: 0h:0m:57s

--------------------------------------------------------------------
|                    FINALIZING TREE SEARCH                        |
--------------------------------------------------------------------
Performs final model parameters optimization
Estimate model parameters (epsilon = 0.010)
1. Initial log-likelihood: -97839.268
Optimal log-likelihood: -97839.266
Gamma shape alpha: 3.436
Parameters optimization took 1 rounds (0.064 sec)
BEST SCORE FOUND : -97839.266
Total tree length: 61.857

Total number of iterations: 102
CPU time used for tree search: 416.014 sec (0h:6m:56s)
Wall-clock time used for tree search: 56.299 sec (0h:0m:56s)
Total CPU time used: 427.211 sec (0h:7m:7s)
Total wall-clock time used: 57.754 sec (0h:0m:57s)

Analysis results written to: 
  IQ-TREE report:                /csm_data/spielman_lab/dms_modelselection//simulations/alignments/NP_rtree100_bl0.75_rep1_rep19_AA.fasta.iqtree
  Maximum-likelihood tree:       /csm_data/spielman_lab/dms_modelselection//simulations/alignments/NP_rtree100_bl0.75_rep1_rep19_AA.fasta.treefile
  Likelihood distances:          /csm_data/spielman_lab/dms_modelselection//simulations/alignments/NP_rtree100_bl0.75_rep1_rep19_AA.fasta.mldist
  Screen log file:               /csm_data/spielman_lab/dms_modelselection//simulations/alignments/NP_rtree100_bl0.75_rep1_rep19_AA.fasta.log

Date and Time: Mon Apr  8 14:10:32 2019
