IQ-TREE multicore version 1.6.7 for Linux 64-bit built Aug 23 2018
Developed by Bui Quang Minh, Nguyen Lam Tung, Olga Chernomor,
Heiko Schmidt, Dominik Schrempf, Michael Woodhams.

Host:    csm-com-006 (AVX2, FMA3, 62 GB RAM)
Command: iqtree -nt 8 -m pogofit_models/NP_rtree100_bl3_rep1_rep1_AA.dat.POGOFIT.paml+G -s simulations/alignments/NP_rtree100_bl3_rep1_rep1_AA.fasta -st AA
Seed:    459042 (Using SPRNG - Scalable Parallel Random Number Generator)
Time:    Thu Apr  4 09:55:51 2019
Kernel:  AVX+FMA - 8 threads (48 CPU cores detected)

Reading alignment file simulations/alignments/NP_rtree100_bl3_rep1_rep1_AA.fasta ... Fasta format detected
Alignment most likely contains protein sequences
Alignment has 100 sequences with 498 columns, 498 distinct patterns
498 parsimony-informative, 0 singleton sites, 0 constant sites
      Gap/Ambiguity  Composition  p-value
   1  t25     0.00%    passed     43.63%
   2  t94     0.00%    passed     40.99%
   3  t22     0.00%    passed     55.78%
   4  t87     0.00%    passed     53.16%
   5  t65     0.00%    passed     68.18%
   6  t60     0.00%    passed     87.88%
   7  t84     0.00%    passed     80.36%
   8  t30     0.00%    passed     64.33%
   9  t91     0.00%    passed     48.11%
  10  t95     0.00%    passed     84.52%
  11  t32     0.00%    passed     36.22%
  12  t26     0.00%    passed     96.50%
  13  t59     0.00%    passed     24.51%
  14  t77     0.00%    passed     91.44%
  15  t90     0.00%    passed     87.80%
  16  t20     0.00%    passed     69.33%
  17  t78     0.00%    passed     29.28%
  18  t11     0.00%    passed     77.91%
  19  t18     0.00%    passed     88.73%
  20  t86     0.00%    passed     58.66%
  21  t36     0.00%    passed     46.85%
  22  t21     0.00%    passed     35.88%
  23  t44     0.00%    passed     55.84%
  24  t10     0.00%    passed     56.46%
  25  t56     0.00%    passed     97.56%
  26  t34     0.00%    passed     93.18%
  27  t70     0.00%    passed     73.45%
  28  t92     0.00%    passed     89.33%
  29  t8      0.00%    passed     94.93%
  30  t74     0.00%    passed     97.49%
  31  t4      0.00%    passed     48.56%
  32  t50     0.00%    passed     61.29%
  33  t72     0.00%    passed     51.10%
  34  t6      0.00%    passed     44.60%
  35  t76     0.00%    passed     36.60%
  36  t48     0.00%    passed     64.79%
  37  t88     0.00%    passed     73.47%
  38  t41     0.00%    passed      9.04%
  39  t28     0.00%    passed     54.80%
  40  t79     0.00%    passed     14.00%
  41  t83     0.00%    passed     50.94%
  42  t9      0.00%    passed     70.88%
  43  t35     0.00%    passed     45.07%
  44  t55     0.00%    passed     92.57%
  45  t29     0.00%    passed     43.68%
  46  t5      0.00%    passed     62.30%
  47  t7      0.00%    passed     95.81%
  48  t53     0.00%    passed     76.28%
  49  t93     0.00%    passed     88.44%
  50  t16     0.00%    passed     84.95%
  51  t43     0.00%    passed     70.93%
  52  t98     0.00%    passed     46.74%
  53  t66     0.00%    passed     28.24%
  54  t58     0.00%    passed     18.12%
  55  t23     0.00%    passed     13.16%
  56  t99     0.00%    passed     52.25%
  57  t96     0.00%    passed     31.26%
  58  t63     0.00%    passed     84.80%
  59  t61     0.00%    passed     78.87%
  60  t51     0.00%    passed     97.49%
  61  t3      0.00%    passed     96.54%
  62  t57     0.00%    passed     50.38%
  63  t89     0.00%    passed      9.76%
  64  t14     0.00%    passed     12.08%
  65  t13     0.00%    passed     53.22%
  66  t62     0.00%    passed     88.30%
  67  t47     0.00%    passed     34.87%
  68  t33     0.00%    passed     51.06%
  69  t68     0.00%    passed     43.93%
  70  t37     0.00%    passed     79.36%
  71  t17     0.00%    passed     44.82%
  72  t100    0.00%    passed     98.92%
  73  t31     0.00%    passed     85.22%
  74  t85     0.00%    passed     99.66%
  75  t97     0.00%    passed     67.75%
  76  t69     0.00%    passed     65.05%
  77  t15     0.00%    passed      7.02%
  78  t24     0.00%    passed     72.04%
  79  t67     0.00%    passed     97.43%
  80  t80     0.00%    passed     98.60%
  81  t39     0.00%    passed     96.41%
  82  t64     0.00%    passed     85.63%
  83  t81     0.00%    passed     76.40%
  84  t12     0.00%    passed     59.35%
  85  t19     0.00%    passed      9.91%
  86  t54     0.00%    passed     12.54%
  87  t45     0.00%    passed      6.86%
  88  t82     0.00%    passed     10.25%
  89  t40     0.00%    passed     66.83%
  90  t73     0.00%    passed     66.36%
  91  t2      0.00%    passed     93.56%
  92  t49     0.00%    passed     88.50%
  93  t71     0.00%    passed     90.66%
  94  t42     0.00%    passed     36.76%
  95  t46     0.00%    passed     99.87%
  96  t38     0.00%    passed     12.84%
  97  t75     0.00%    passed     70.84%
  98  t1      0.00%    passed     64.74%
  99  t27     0.00%    passed      6.07%
 100  t52     0.00%    passed     77.67%
****  TOTAL    0.00%  0 sequences failed composition chi2 test (p-value<5%; df=19)

Create initial parsimony tree by phylogenetic likelihood library (PLL)... 0.065 seconds
Reading model parameters from file pogofit_models/NP_rtree100_bl3_rep1_rep1_AA.dat.POGOFIT.paml

NOTE: 32 MB RAM (0 GB) is required!
Estimate model parameters (epsilon = 0.100)
1. Initial log-likelihood: -119065.485
2. Current log-likelihood: -116959.647
3. Current log-likelihood: -116929.137
4. Current log-likelihood: -116927.554
Optimal log-likelihood: -116927.459
Gamma shape alpha: 4.000
Parameters optimization took 4 rounds (0.472 sec)
Computing ML distances based on estimated model parameters... 3.792 sec
Computing BIONJ tree...
0.007 seconds
Log-likelihood of BIONJ tree: -116543.229
--------------------------------------------------------------------
|             INITIALIZING CANDIDATE TREE SET                      |
--------------------------------------------------------------------
Generating 98 parsimony trees... 7.298 second
Computing log-likelihood of 98 initial trees ... 5.461 seconds
Current best score: -116543.229

Do NNI search on 20 best initial trees
Estimate model parameters (epsilon = 0.100)
BETTER TREE FOUND at iteration 1: -116512.698
Iteration 10 / LogL: -116692.041 / Time: 0h:0m:23s
Iteration 20 / LogL: -116714.434 / Time: 0h:0m:33s
Finish initializing candidate tree set (20)
Current best tree score: -116512.698 / CPU time: 32.293
Number of iterations: 20
--------------------------------------------------------------------
|               OPTIMIZING CANDIDATE TREE SET                      |
--------------------------------------------------------------------
Estimate model parameters (epsilon = 0.100)
BETTER TREE FOUND at iteration 27: -116499.060
Estimate model parameters (epsilon = 0.100)
BETTER TREE FOUND at iteration 28: -116495.578
Estimate model parameters (epsilon = 0.100)
BETTER TREE FOUND at iteration 30: -116482.040
Iteration 30 / LogL: -116482.040 / Time: 0h:0m:41s (0h:2m:21s left)
Estimate model parameters (epsilon = 0.100)
BETTER TREE FOUND at iteration 31: -116481.366
Estimate model parameters (epsilon = 0.100)
BETTER TREE FOUND at iteration 39: -116470.197
Iteration 40 / LogL: -116480.335 / Time: 0h:0m:47s (0h:2m:0s left)
Estimate model parameters (epsilon = 0.100)
BETTER TREE FOUND at iteration 42: -116467.951
Estimate model parameters (epsilon = 0.100)
BETTER TREE FOUND at iteration 43: -116456.384
Iteration 50 / LogL: -116503.793 / Time: 0h:0m:54s (0h:1m:43s left)
Estimate model parameters (epsilon = 0.100)
BETTER TREE FOUND at iteration 54: -116449.122
Estimate model parameters (epsilon = 0.100)
BETTER TREE FOUND at iteration 57: -116447.064
Iteration 60 / LogL: -116464.786 / Time: 0h:1m:1s (0h:1m:41s left)
Estimate model parameters (epsilon = 0.100)
BETTER TREE FOUND at iteration 64: -116446.342
Estimate model parameters (epsilon = 0.100)
BETTER TREE FOUND at iteration 65: -116440.506
Iteration 70 / LogL: -116473.501 / Time: 0h:1m:8s (0h:1m:33s left)
Estimate model parameters (epsilon = 0.100)
BETTER TREE FOUND at iteration 78: -116439.345
Iteration 80 / LogL: -116441.224 / Time: 0h:1m:14s (0h:1m:31s left)
Estimate model parameters (epsilon = 0.100)
BETTER TREE FOUND at iteration 87: -116438.599
Iteration 90 / LogL: -116452.529 / Time: 0h:1m:20s (0h:1m:27s left)
Estimate model parameters (epsilon = 0.100)
UPDATE BEST LOG-LIKELIHOOD: -116438.509
Estimate model parameters (epsilon = 0.100)
BETTER TREE FOUND at iteration 100: -116438.347
Iteration 100 / LogL: -116438.347 / Time: 0h:1m:26s (0h:1m:27s left)
Iteration 110 / LogL: -116438.615 / Time: 0h:1m:32s (0h:1m:16s left)
Iteration 120 / LogL: -116479.350 / Time: 0h:1m:39s (0h:1m:6s left)
Estimate model parameters (epsilon = 0.100)
BETTER TREE FOUND at iteration 123: -116438.227
Iteration 130 / LogL: -116438.975 / Time: 0h:1m:45s (0h:1m:15s left)
Estimate model parameters (epsilon = 0.100)
BETTER TREE FOUND at iteration 133: -116435.382
Iteration 140 / LogL: -116438.009 / Time: 0h:1m:51s (0h:1m:14s left)
Iteration 150 / LogL: -116439.427 / Time: 0h:1m:57s (0h:1m:5s left)
UPDATE BEST LOG-LIKELIHOOD: -116435.381
Iteration 160 / LogL: -116435.381 / Time: 0h:2m:4s (0h:0m:57s left)
Iteration 170 / LogL: -116440.730 / Time: 0h:2m:10s (0h:0m:48s left)
Iteration 180 / LogL: -116435.959 / Time: 0h:2m:16s (0h:0m:40s left)
Estimate model parameters (epsilon = 0.100)
BETTER TREE FOUND at iteration 187: -116435.284
Iteration 190 / LogL: -116483.950 / Time: 0h:2m:23s (0h:1m:13s left)
Iteration 200 / LogL: -116456.337 / Time: 0h:2m:29s (0h:1m:5s left)
Estimate model parameters (epsilon = 0.100)
BETTER TREE FOUND at iteration 205: -116435.244
Iteration 210 / LogL: -116443.928 / Time: 0h:2m:35s (0h:1m:10s left)
Iteration 220 / LogL: -116449.819 / Time: 0h:2m:41s (0h:1m:2s left)
Iteration 230 / LogL: -116436.376 / Time: 0h:2m:47s (0h:0m:54s left)
Iteration 240 / LogL: -116464.375 / Time: 0h:2m:54s (0h:0m:47s left)
Iteration 250 / LogL: -116435.248 / Time: 0h:3m:0s (0h:0m:39s left)
Iteration 260 / LogL: -116435.407 / Time: 0h:3m:6s (0h:0m:32s left)
Estimate model parameters (epsilon = 0.100)
BETTER TREE FOUND at iteration 268: -116432.449
Iteration 270 / LogL: -116432.819 / Time: 0h:3m:12s (0h:1m:10s left)
Iteration 280 / LogL: -116435.757 / Time: 0h:3m:19s (0h:1m:2s left)
Iteration 290 / LogL: -116433.860 / Time: 0h:3m:25s (0h:0m:55s left)
Iteration 300 / LogL: -116438.040 / Time: 0h:3m:32s (0h:0m:48s left)
Iteration 310 / LogL: -116432.458 / Time: 0h:3m:38s (0h:0m:41s left)
Estimate model parameters (epsilon = 0.100)
BETTER TREE FOUND at iteration 318: -116432.327
Iteration 320 / LogL: -116432.503 / Time: 0h:3m:45s (0h:1m:9s left)
Iteration 330 / LogL: -116442.133 / Time: 0h:3m:51s (0h:1m:1s left)
Iteration 340 / LogL: -116464.953 / Time: 0h:3m:57s (0h:0m:54s left)
Iteration 350 / LogL: -116432.670 / Time: 0h:4m:3s (0h:0m:47s left)
Iteration 360 / LogL: -116432.502 / Time: 0h:4m:9s (0h:0m:40s left)
Iteration 370 / LogL: -116432.912 / Time: 0h:4m:15s (0h:0m:33s left)
Iteration 380 / LogL: -116440.220 / Time: 0h:4m:21s (0h:0m:26s left)
Iteration 390 / LogL: -116432.358 / Time: 0h:4m:28s (0h:0m:19s left)
Iteration 400 / LogL: -116432.511 / Time: 0h:4m:34s (0h:0m:12s left)
Iteration 410 / LogL: -116434.493 / Time: 0h:4m:40s (0h:0m:5s left)
Estimate model parameters (epsilon = 0.100)
BETTER TREE FOUND at iteration 416: -116432.280
Iteration 420 / LogL: -116442.447 / Time: 0h:4m:46s (0h:1m:5s left)
Iteration 430 / LogL: -116441.479 / Time: 0h:4m:53s (0h:0m:58s left)
Iteration 440 / LogL: -116432.336 / Time: 0h:4m:59s (0h:0m:51s left)
Iteration 450 / LogL: -116452.921 / Time: 0h:5m:5s (0h:0m:44s left)
Iteration 460 / LogL: -116432.292 / Time: 0h:5m:12s (0h:0m:38s left)
Iteration 470 / LogL: -116439.324 / Time: 0h:5m:17s (0h:0m:31s left)
Iteration 480 / LogL: -116432.823 / Time: 0h:5m:24s (0h:0m:24s left)
Iteration 490 / LogL: -116440.413 / Time: 0h:5m:30s (0h:0m:17s left)
Estimate model parameters (epsilon = 0.100)
BETTER TREE FOUND at iteration 492: -116430.447
Iteration 500 / LogL: -116447.563 / Time: 0h:5m:36s (0h:1m:2s left)
Iteration 510 / LogL: -116436.695 / Time: 0h:5m:42s (0h:0m:55s left)
Iteration 520 / LogL: -116434.273 / Time: 0h:5m:48s (0h:0m:48s left)
Estimate model parameters (epsilon = 0.100)
BETTER TREE FOUND at iteration 529: -116426.781
Iteration 530 / LogL: -116435.867 / Time: 0h:5m:55s (0h:1m:6s left)
Iteration 540 / LogL: -116437.833 / Time: 0h:6m:1s (0h:0m:59s left)
Estimate model parameters (epsilon = 0.100)
BETTER TREE FOUND at iteration 546: -116425.971
Iteration 550 / LogL: -116426.957 / Time: 0h:6m:8s (0h:1m:4s left)
Iteration 560 / LogL: -116426.514 / Time: 0h:6m:14s (0h:0m:57s left)
Iteration 570 / LogL: -116426.858 / Time: 0h:6m:20s (0h:0m:50s left)
Iteration 580 / LogL: -116440.481 / Time: 0h:6m:26s (0h:0m:44s left)
Iteration 590 / LogL: -116427.468 / Time: 0h:6m:32s (0h:0m:37s left)
Iteration 600 / LogL: -116426.623 / Time: 0h:6m:38s (0h:0m:30s left)
Iteration 610 / LogL: -116426.609 / Time: 0h:6m:45s (0h:0m:23s left)
Iteration 620 / LogL: -116435.226 / Time: 0h:6m:51s (0h:0m:17s left)
Iteration 630 / LogL: -116427.862 / Time: 0h:6m:57s (0h:0m:10s left)
Iteration 640 / LogL: -116436.347 / Time: 0h:7m:4s (0h:0m:3s left)
TREE SEARCH COMPLETED AFTER 647 ITERATIONS / Time: 0h:7m:8s

--------------------------------------------------------------------
|                    FINALIZING TREE SEARCH                        |
--------------------------------------------------------------------
Performs final model parameters optimization
Estimate model parameters (epsilon = 0.010)
1. Initial log-likelihood: -116425.971
Optimal log-likelihood: -116425.971
Gamma shape alpha: 4.024
Parameters optimization took 1 rounds (0.066 sec)
BEST SCORE FOUND : -116425.971
Total tree length: 105.925

Total number of iterations: 647
CPU time used for tree search: 3355.908 sec (0h:55m:55s)
Wall-clock time used for tree search: 426.965 sec (0h:7m:6s)
Total CPU time used: 3365.420 sec (0h:56m:5s)
Total wall-clock time used: 428.228 sec (0h:7m:8s)

Analysis results written to: 
  IQ-TREE report:                simulations/alignments/NP_rtree100_bl3_rep1_rep1_AA.fasta.iqtree
  Maximum-likelihood tree:       simulations/alignments/NP_rtree100_bl3_rep1_rep1_AA.fasta.treefile
  Likelihood distances:          simulations/alignments/NP_rtree100_bl3_rep1_rep1_AA.fasta.mldist
  Screen log file:               simulations/alignments/NP_rtree100_bl3_rep1_rep1_AA.fasta.log

Date and Time: Thu Apr  4 10:02:59 2019
