IQ-TREE multicore version 1.6.7 for Linux 64-bit built Aug 23 2018
Developed by Bui Quang Minh, Nguyen Lam Tung, Olga Chernomor,
Heiko Schmidt, Dominik Schrempf, Michael Woodhams.

Host:    csm-gpu-001 (AVX2, FMA3, 62 GB RAM)
Command: iqtree -nt 8 -m rtREV+G4 -s simulations/alignments/NP_rtree100_bl3_rep1_rep7_AA.fasta -st AA
Seed:    831024 (Using SPRNG - Scalable Parallel Random Number Generator)
Time:    Thu Apr  4 13:18:15 2019
Kernel:  AVX+FMA - 8 threads (48 CPU cores detected)

Reading alignment file simulations/alignments/NP_rtree100_bl3_rep1_rep7_AA.fasta ... Fasta format detected
Alignment most likely contains protein sequences
Alignment has 100 sequences with 498 columns, 498 distinct patterns
498 parsimony-informative, 0 singleton sites, 0 constant sites
      Gap/Ambiguity  Composition  p-value
   1  t25     0.00%    passed     87.41%
   2  t94     0.00%    passed     98.33%
   3  t22     0.00%    passed     33.98%
   4  t87     0.00%    passed     18.26%
   5  t65     0.00%    passed     88.63%
   6  t60     0.00%    passed     20.73%
   7  t84     0.00%    passed     57.40%
   8  t30     0.00%    passed     98.41%
   9  t91     0.00%    passed     27.22%
  10  t95     0.00%    passed     97.99%
  11  t32     0.00%    passed     52.80%
  12  t26     0.00%    passed     98.68%
  13  t59     0.00%    passed     49.82%
  14  t77     0.00%    passed     64.46%
  15  t90     0.00%    passed      9.65%
  16  t20     0.00%    passed     36.10%
  17  t78     0.00%    passed     34.70%
  18  t11     0.00%    passed      7.07%
  19  t18     0.00%    passed     89.89%
  20  t86     0.00%    passed     85.28%
  21  t36     0.00%    passed     55.95%
  22  t21     0.00%    passed     99.88%
  23  t44     0.00%    passed     13.17%
  24  t10     0.00%    passed     84.09%
  25  t56     0.00%    passed     82.66%
  26  t34     0.00%    passed     78.82%
  27  t70     0.00%    passed     17.91%
  28  t92     0.00%    passed     65.22%
  29  t8      0.00%    passed     94.24%
  30  t74     0.00%    passed     98.71%
  31  t4      0.00%    passed     62.92%
  32  t50     0.00%    passed     35.97%
  33  t72     0.00%    passed     99.77%
  34  t6      0.00%    passed     73.71%
  35  t76     0.00%    passed     38.50%
  36  t48     0.00%    passed     22.28%
  37  t88     0.00%    passed     83.77%
  38  t41     0.00%    passed     30.05%
  39  t28     0.00%    passed     66.77%
  40  t79     0.00%    passed     22.34%
  41  t83     0.00%    passed     87.01%
  42  t9      0.00%    passed     97.23%
  43  t35     0.00%    passed     68.76%
  44  t55     0.00%    passed     93.85%
  45  t29     0.00%    passed     52.19%
  46  t5      0.00%    passed     12.83%
  47  t7      0.00%    passed     37.10%
  48  t53     0.00%    passed     76.78%
  49  t93     0.00%    passed     58.01%
  50  t16     0.00%    passed     20.62%
  51  t43     0.00%    passed     91.29%
  52  t98     0.00%    passed     72.66%
  53  t66     0.00%    passed     97.43%
  54  t58     0.00%    passed     96.62%
  55  t23     0.00%    passed     15.04%
  56  t99     0.00%    passed     99.98%
  57  t96     0.00%    passed     90.02%
  58  t63     0.00%    passed     79.41%
  59  t61     0.00%    passed     98.32%
  60  t51     0.00%    passed     67.60%
  61  t3      0.00%    passed     34.88%
  62  t57     0.00%    passed     97.72%
  63  t89     0.00%    passed     85.59%
  64  t14     0.00%    passed     54.08%
  65  t13     0.00%    passed     73.99%
  66  t62     0.00%    passed     62.87%
  67  t47     0.00%    passed     19.77%
  68  t33     0.00%    passed     41.18%
  69  t68     0.00%    passed     76.05%
  70  t37     0.00%    passed     68.82%
  71  t17     0.00%    passed     40.38%
  72  t100    0.00%    passed     57.75%
  73  t31     0.00%    passed     74.67%
  74  t85     0.00%    passed     47.46%
  75  t97     0.00%    passed     65.03%
  76  t69     0.00%    passed     95.26%
  77  t15     0.00%    passed     20.51%
  78  t24     0.00%    passed     38.74%
  79  t67     0.00%    passed     75.95%
  80  t80     0.00%    passed     98.78%
  81  t39     0.00%    passed     31.83%
  82  t64     0.00%    passed     76.01%
  83  t81     0.00%    passed     60.26%
  84  t12     0.00%    passed     63.39%
  85  t19     0.00%    passed     93.65%
  86  t54     0.00%    passed     18.87%
  87  t45     0.00%    passed     78.18%
  88  t82     0.00%    passed     86.86%
  89  t40     0.00%    passed     91.40%
  90  t73     0.00%    passed     81.83%
  91  t2      0.00%    passed     31.68%
  92  t49     0.00%    passed     47.49%
  93  t71     0.00%    passed     83.61%
  94  t42     0.00%    passed     96.37%
  95  t46     0.00%    passed     23.07%
  96  t38     0.00%    passed     68.73%
  97  t75     0.00%    passed     77.82%
  98  t1      0.00%    passed     26.44%
  99  t27     0.00%    passed     75.69%
 100  t52     0.00%    passed     92.04%
****  TOTAL    0.00%  0 sequences failed composition chi2 test (p-value<5%; df=19)

Create initial parsimony tree by phylogenetic likelihood library (PLL)... 0.067 seconds

NOTE: 32 MB RAM (0 GB) is required!
Estimate model parameters (epsilon = 0.100)
1. Initial log-likelihood: -124478.288
2. Current log-likelihood: -122189.600
3. Current log-likelihood: -122167.545
4. Current log-likelihood: -122167.347
Optimal log-likelihood: -122167.312
Gamma shape alpha: 2.127
Parameters optimization took 4 rounds (0.414 sec)
Computing ML distances based on estimated model parameters... 4.957 sec
Computing BIONJ tree...
0.016 seconds
Log-likelihood of BIONJ tree: -121691.653
--------------------------------------------------------------------
|             INITIALIZING CANDIDATE TREE SET                      |
--------------------------------------------------------------------
Generating 98 parsimony trees... 10.214 second
Computing log-likelihood of 98 initial trees ... 5.770 seconds
Current best score: -121691.653

Do NNI search on 20 best initial trees
Estimate model parameters (epsilon = 0.100)
BETTER TREE FOUND at iteration 1: -121588.722
Iteration 10 / LogL: -121793.551 / Time: 0h:0m:27s
Iteration 20 / LogL: -121776.376 / Time: 0h:0m:36s
Finish initializing candidate tree set (20)
Current best tree score: -121588.722 / CPU time: 35.263
Number of iterations: 20
--------------------------------------------------------------------
|               OPTIMIZING CANDIDATE TREE SET                      |
--------------------------------------------------------------------
Estimate model parameters (epsilon = 0.100)
BETTER TREE FOUND at iteration 21: -121586.066
Estimate model parameters (epsilon = 0.100)
BETTER TREE FOUND at iteration 22: -121562.322
Estimate model parameters (epsilon = 0.100)
BETTER TREE FOUND at iteration 26: -121548.623
Iteration 30 / LogL: -121556.824 / Time: 0h:0m:43s (0h:2m:23s left)
Estimate model parameters (epsilon = 0.100)
BETTER TREE FOUND at iteration 36: -121544.239
Estimate model parameters (epsilon = 0.100)
BETTER TREE FOUND at iteration 37: -121532.593
Iteration 40 / LogL: -121547.445 / Time: 0h:0m:49s (0h:2m:3s left)
Estimate model parameters (epsilon = 0.100)
BETTER TREE FOUND at iteration 42: -121528.226
Estimate model parameters (epsilon = 0.100)
BETTER TREE FOUND at iteration 50: -121526.961
Iteration 50 / LogL: -121526.961 / Time: 0h:0m:56s (0h:1m:54s left)
Iteration 60 / LogL: -121539.269 / Time: 0h:1m:2s (0h:1m:34s left)
Estimate model parameters (epsilon = 0.100)
BETTER TREE FOUND at iteration 67: -121526.389
Estimate model parameters (epsilon = 0.100)
BETTER TREE FOUND at iteration 68: -121526.288
Iteration 70 / LogL: -121530.920 / Time: 0h:1m:8s (0h:1m:36s left)
Estimate model parameters (epsilon = 0.100)
BETTER TREE FOUND at iteration 71: -121524.175
Estimate model parameters (epsilon = 0.100)
BETTER TREE FOUND at iteration 78: -121518.207
Iteration 80 / LogL: -121520.104 / Time: 0h:1m:14s (0h:1m:32s left)
Estimate model parameters (epsilon = 0.100)
BETTER TREE FOUND at iteration 84: -121510.209
Estimate model parameters (epsilon = 0.100)
BETTER TREE FOUND at iteration 86: -121508.404
Iteration 90 / LogL: -121518.179 / Time: 0h:1m:21s (0h:1m:28s left)
Estimate model parameters (epsilon = 0.100)
BETTER TREE FOUND at iteration 93: -121507.874
Estimate model parameters (epsilon = 0.100)
BETTER TREE FOUND at iteration 96: -121498.314
Iteration 100 / LogL: -121508.191 / Time: 0h:1m:27s (0h:1m:24s left)
Iteration 110 / LogL: -121513.308 / Time: 0h:1m:32s (0h:1m:13s left)
Estimate model parameters (epsilon = 0.100)
BETTER TREE FOUND at iteration 111: -121496.619
Iteration 120 / LogL: -121502.716 / Time: 0h:1m:38s (0h:1m:15s left)
Iteration 130 / LogL: -121500.953 / Time: 0h:1m:44s (0h:1m:5s left)
Estimate model parameters (epsilon = 0.100)
BETTER TREE FOUND at iteration 135: -121495.241
Estimate model parameters (epsilon = 0.100)
BETTER TREE FOUND at iteration 137: -121494.830
Iteration 140 / LogL: -121516.655 / Time: 0h:1m:50s (0h:1m:17s left)
Iteration 150 / LogL: -121501.464 / Time: 0h:1m:57s (0h:1m:8s left)
Iteration 160 / LogL: -121518.438 / Time: 0h:2m:3s (0h:0m:59s left)
Estimate model parameters (epsilon = 0.100)
BETTER TREE FOUND at iteration 169: -121494.778
Iteration 170 / LogL: -121496.592 / Time: 0h:2m:9s (0h:1m:15s left)
Iteration 180 / LogL: -121504.070 / Time: 0h:2m:14s (0h:1m:6s left)
Iteration 190 / LogL: -121497.858 / Time: 0h:2m:20s (0h:0m:58s left)
Estimate model parameters (epsilon = 0.100)
BETTER TREE FOUND at iteration 196: -121494.470
Iteration 200 / LogL: -121511.897 / Time: 0h:2m:26s (0h:1m:10s left)
Iteration 210 / LogL: -121495.354 / Time: 0h:2m:32s (0h:1m:2s left)
Iteration 220 / LogL: -121509.947 / Time: 0h:2m:38s (0h:0m:54s left)
Iteration 230 / LogL: -121497.713 / Time: 0h:2m:43s (0h:0m:47s left)
Iteration 240 / LogL: -121501.962 / Time: 0h:2m:49s (0h:0m:39s left)
Iteration 250 / LogL: -121495.610 / Time: 0h:2m:54s (0h:0m:32s left)
Iteration 260 / LogL: -121510.699 / Time: 0h:3m:0s (0h:0m:25s left)
Iteration 270 / LogL: -121508.223 / Time: 0h:3m:6s (0h:0m:17s left)
Iteration 280 / LogL: -121512.201 / Time: 0h:3m:11s (0h:0m:10s left)
Iteration 290 / LogL: -121494.503 / Time: 0h:3m:16s (0h:0m:4s left)
TREE SEARCH COMPLETED AFTER 297 ITERATIONS / Time: 0h:3m:20s

--------------------------------------------------------------------
|                    FINALIZING TREE SEARCH                        |
--------------------------------------------------------------------
Performs final model parameters optimization
Estimate model parameters (epsilon = 0.010)
1. Initial log-likelihood: -121494.470
Optimal log-likelihood: -121494.469
Gamma shape alpha: 2.190
Parameters optimization took 1 rounds (0.066 sec)
BEST SCORE FOUND : -121494.469
Total tree length: 126.748

Total number of iterations: 297
CPU time used for tree search: 1516.482 sec (0h:25m:16s)
Wall-clock time used for tree search: 199.059 sec (0h:3m:19s)
Total CPU time used: 1528.199 sec (0h:25m:28s)
Total wall-clock time used: 200.614 sec (0h:3m:20s)

Analysis results written to: 
  IQ-TREE report:                simulations/alignments/NP_rtree100_bl3_rep1_rep7_AA.fasta.iqtree
  Maximum-likelihood tree:       simulations/alignments/NP_rtree100_bl3_rep1_rep7_AA.fasta.treefile
  Likelihood distances:          simulations/alignments/NP_rtree100_bl3_rep1_rep7_AA.fasta.mldist
  Screen log file:               simulations/alignments/NP_rtree100_bl3_rep1_rep7_AA.fasta.log

Date and Time: Thu Apr  4 13:21:36 2019
