IQ-TREE multicore version 1.6.7 for Linux 64-bit built Aug 23 2018
Developed by Bui Quang Minh, Nguyen Lam Tung, Olga Chernomor,
Heiko Schmidt, Dominik Schrempf, Michael Woodhams.

Host:    csm-com-003 (AVX2, FMA3, 62 GB RAM)
Command: iqtree -nt 8 -m Dayhoff+F -s simulations/alignments/NP_rtree100_bl1.5_rep1_rep15_AA.fasta -st AA
Seed:    396461 (Using SPRNG - Scalable Parallel Random Number Generator)
Time:    Thu Apr  4 13:30:02 2019
Kernel:  AVX+FMA - 8 threads (48 CPU cores detected)

Reading alignment file simulations/alignments/NP_rtree100_bl1.5_rep1_rep15_AA.fasta ... Fasta format detected
Alignment most likely contains protein sequences
Alignment has 100 sequences with 498 columns, 498 distinct patterns
498 parsimony-informative, 0 singleton sites, 0 constant sites
      Gap/Ambiguity  Composition  p-value
   1  t95     0.00%    passed     88.63%
   2  t63     0.00%    passed     93.23%
   3  t38     0.00%    passed     46.16%
   4  t70     0.00%    passed     65.10%
   5  t80     0.00%    passed     82.30%
   6  t83     0.00%    passed     52.13%
   7  t21     0.00%    passed     30.62%
   8  t90     0.00%    passed     27.53%
   9  t61     0.00%    passed     60.64%
  10  t17     0.00%    passed     99.28%
  11  t74     0.00%    passed     91.24%
  12  t34     0.00%    passed     94.60%
  13  t98     0.00%    passed     24.26%
  14  t76     0.00%    passed     80.63%
  15  t59     0.00%    passed     99.14%
  16  t45     0.00%    passed     80.15%
  17  t27     0.00%    passed     53.84%
  18  t13     0.00%    passed     65.85%
  19  t53     0.00%    passed     11.33%
  20  t69     0.00%    passed     69.58%
  21  t79     0.00%    passed     60.08%
  22  t73     0.00%    passed     78.24%
  23  t85     0.00%    passed     90.12%
  24  t3      0.00%    passed     99.90%
  25  t4      0.00%    passed     40.51%
  26  t16     0.00%    passed     87.44%
  27  t96     0.00%    passed     66.12%
  28  t50     0.00%    passed     62.62%
  29  t56     0.00%    passed     18.00%
  30  t62     0.00%    passed     77.81%
  31  t41     0.00%    passed     41.64%
  32  t49     0.00%    passed     26.44%
  33  t57     0.00%    passed     98.18%
  34  t55     0.00%    passed     32.43%
  35  t43     0.00%    passed     70.21%
  36  t97     0.00%    passed     81.09%
  37  t82     0.00%    passed     90.94%
  38  t65     0.00%    passed     59.64%
  39  t89     0.00%    passed     54.25%
  40  t25     0.00%    passed     60.28%
  41  t28     0.00%    failed      1.56%
  42  t52     0.00%    passed     98.17%
  43  t54     0.00%    passed     74.00%
  44  t23     0.00%    passed     98.65%
  45  t24     0.00%    passed     75.66%
  46  t88     0.00%    passed     65.30%
  47  t30     0.00%    passed     69.20%
  48  t91     0.00%    passed     83.75%
  49  t37     0.00%    passed     59.41%
  50  t48     0.00%    passed     89.85%
  51  t20     0.00%    passed     18.47%
  52  t99     0.00%    passed     43.36%
  53  t29     0.00%    passed     93.60%
  54  t18     0.00%    passed     27.58%
  55  t2      0.00%    passed     71.77%
  56  t71     0.00%    passed     79.39%
  57  t26     0.00%    passed     91.08%
  58  t78     0.00%    passed      6.38%
  59  t39     0.00%    passed     33.39%
  60  t22     0.00%    passed     23.25%
  61  t72     0.00%    passed     62.07%
  62  t68     0.00%    passed     82.22%
  63  t75     0.00%    passed     59.43%
  64  t66     0.00%    passed     61.93%
  65  t47     0.00%    failed      1.40%
  66  t12     0.00%    passed     39.00%
  67  t40     0.00%    passed     47.71%
  68  t5      0.00%    passed     58.13%
  69  t46     0.00%    passed     70.48%
  70  t7      0.00%    passed     97.81%
  71  t31     0.00%    passed     22.16%
  72  t14     0.00%    passed     39.99%
  73  t6      0.00%    passed     84.73%
  74  t94     0.00%    passed     92.92%
  75  t92     0.00%    passed     87.10%
  76  t15     0.00%    passed     90.64%
  77  t33     0.00%    passed     50.50%
  78  t93     0.00%    passed     91.40%
  79  t87     0.00%    passed     45.68%
  80  t67     0.00%    passed      7.82%
  81  t11     0.00%    passed     84.94%
  82  t32     0.00%    passed     97.63%
  83  t35     0.00%    passed     37.36%
  84  t8      0.00%    passed     34.65%
  85  t51     0.00%    passed     78.33%
  86  t19     0.00%    failed      3.67%
  87  t77     0.00%    passed     50.57%
  88  t58     0.00%    passed     71.67%
  89  t100    0.00%    passed     34.60%
  90  t86     0.00%    passed      7.22%
  91  t1      0.00%    passed     78.15%
  92  t10     0.00%    passed     66.49%
  93  t36     0.00%    passed     87.45%
  94  t44     0.00%    passed     27.21%
  95  t9      0.00%    passed      6.98%
  96  t81     0.00%    passed     50.28%
  97  t64     0.00%    passed     37.47%
  98  t42     0.00%    failed      1.90%
  99  t60     0.00%    passed     98.67%
 100  t84     0.00%    passed     22.80%
****  TOTAL    0.00%  4 sequences failed composition chi2 test (p-value<5%; df=19)

Create initial parsimony tree by phylogenetic likelihood library (PLL)... 0.054 seconds

NOTE: 8 MB RAM (0 GB) is required!
Estimate model parameters (epsilon = 0.100)
1. Initial log-likelihood: -117329.835
Optimal log-likelihood: -116450.084
Parameters optimization took 1 rounds (0.059 sec)
Computing ML distances based on estimated model parameters... 1.309 sec
Computing BIONJ tree...
0.008 seconds
Log-likelihood of BIONJ tree: -116383.774
--------------------------------------------------------------------
|             INITIALIZING CANDIDATE TREE SET                      |
--------------------------------------------------------------------
Generating 98 parsimony trees... 6.405 second
Computing log-likelihood of 98 initial trees ... 2.638 seconds
Current best score: -116383.774

Do NNI search on 20 best initial trees
Estimate model parameters (epsilon = 0.100)
BETTER TREE FOUND at iteration 1: -116364.595
Estimate model parameters (epsilon = 0.100)
BETTER TREE FOUND at iteration 2: -116357.682
Iteration 10 / LogL: -116360.375 / Time: 0h:0m:10s
Iteration 20 / LogL: -116357.874 / Time: 0h:0m:12s
Finish initializing candidate tree set (8)
Current best tree score: -116357.682 / CPU time: 11.729
Number of iterations: 20
--------------------------------------------------------------------
|               OPTIMIZING CANDIDATE TREE SET                      |
--------------------------------------------------------------------
Estimate model parameters (epsilon = 0.100)
BETTER TREE FOUND at iteration 22: -116357.299
Iteration 30 / LogL: -116359.272 / Time: 0h:0m:14s (0h:0m:46s left)
Iteration 40 / LogL: -116357.689 / Time: 0h:0m:17s (0h:0m:35s left)
Iteration 50 / LogL: -116360.497 / Time: 0h:0m:19s (0h:0m:29s left)
Iteration 60 / LogL: -116359.642 / Time: 0h:0m:22s (0h:0m:23s left)
Iteration 70 / LogL: -116357.909 / Time: 0h:0m:25s (0h:0m:18s left)
Iteration 80 / LogL: -116358.187 / Time: 0h:0m:27s (0h:0m:14s left)
Iteration 90 / LogL: -116357.708 / Time: 0h:0m:30s (0h:0m:10s left)
Iteration 100 / LogL: -116357.810 / Time: 0h:0m:32s (0h:0m:7s left)
Iteration 110 / LogL: -116358.380 / Time: 0h:0m:34s (0h:0m:3s left)
Iteration 120 / LogL: -116357.320 / Time: 0h:0m:37s (0h:0m:0s left)
TREE SEARCH COMPLETED AFTER 123 ITERATIONS / Time: 0h:0m:38s

--------------------------------------------------------------------
|                    FINALIZING TREE SEARCH                        |
--------------------------------------------------------------------
Performs final model parameters optimization
Estimate model parameters (epsilon = 0.010)
1. Initial log-likelihood: -116357.299
Optimal log-likelihood: -116357.299
Parameters optimization took 1 rounds (0.018 sec)
BEST SCORE FOUND : -116357.299
Total tree length: 90.887

Total number of iterations: 123
CPU time used for tree search: 258.776 sec (0h:4m:18s)
Wall-clock time used for tree search: 37.843 sec (0h:0m:37s)
Total CPU time used: 261.413 sec (0h:4m:21s)
Total wall-clock time used: 38.229 sec (0h:0m:38s)

Analysis results written to: 
  IQ-TREE report:                simulations/alignments/NP_rtree100_bl1.5_rep1_rep15_AA.fasta.iqtree
  Maximum-likelihood tree:       simulations/alignments/NP_rtree100_bl1.5_rep1_rep15_AA.fasta.treefile
  Likelihood distances:          simulations/alignments/NP_rtree100_bl1.5_rep1_rep15_AA.fasta.mldist
  Screen log file:               simulations/alignments/NP_rtree100_bl1.5_rep1_rep15_AA.fasta.log

Date and Time: Thu Apr  4 13:30:40 2019
