IQ-TREE multicore version 1.6.7 for Linux 64-bit built Aug 23 2018
Developed by Bui Quang Minh, Nguyen Lam Tung, Olga Chernomor,
Heiko Schmidt, Dominik Schrempf, Michael Woodhams.

Host:    csm-com-001 (AVX2, FMA3, 62 GB RAM)
Command: iqtree -nt 8 -m rtREV -s simulations/alignments/NP_rtree100_bl3_rep1_rep4_AA.fasta -st AA
Seed:    586661 (Using SPRNG - Scalable Parallel Random Number Generator)
Time:    Thu Apr  4 13:21:17 2019
Kernel:  AVX+FMA - 8 threads (48 CPU cores detected)

Reading alignment file simulations/alignments/NP_rtree100_bl3_rep1_rep4_AA.fasta ... Fasta format detected
Alignment most likely contains protein sequences
Alignment has 100 sequences with 498 columns, 498 distinct patterns
498 parsimony-informative, 0 singleton sites, 0 constant sites
      Gap/Ambiguity  Composition  p-value
   1  t25     0.00%    passed     93.94%
   2  t94     0.00%    passed     51.28%
   3  t22     0.00%    passed     59.70%
   4  t87     0.00%    passed     28.33%
   5  t65     0.00%    passed      8.79%
   6  t60     0.00%    passed     42.94%
   7  t84     0.00%    passed     92.91%
   8  t30     0.00%    passed     42.63%
   9  t91     0.00%    passed     96.15%
  10  t95     0.00%    passed     99.16%
  11  t32     0.00%    passed     78.39%
  12  t26     0.00%    passed     99.48%
  13  t59     0.00%    passed     95.46%
  14  t77     0.00%    passed     61.02%
  15  t90     0.00%    passed     29.42%
  16  t20     0.00%    passed     81.52%
  17  t78     0.00%    passed     63.02%
  18  t11     0.00%    passed     21.85%
  19  t18     0.00%    passed     98.37%
  20  t86     0.00%    passed      6.29%
  21  t36     0.00%    passed     97.80%
  22  t21     0.00%    passed     76.88%
  23  t44     0.00%    passed     92.69%
  24  t10     0.00%    passed     20.09%
  25  t56     0.00%    passed     10.11%
  26  t34     0.00%    passed     85.36%
  27  t70     0.00%    passed     51.22%
  28  t92     0.00%    passed     67.28%
  29  t8      0.00%    passed     96.22%
  30  t74     0.00%    passed     47.37%
  31  t4      0.00%    passed     99.05%
  32  t50     0.00%    passed     96.51%
  33  t72     0.00%    passed     50.43%
  34  t6      0.00%    passed     71.04%
  35  t76     0.00%    passed     36.42%
  36  t48     0.00%    passed     87.79%
  37  t88     0.00%    passed     90.25%
  38  t41     0.00%    passed     62.97%
  39  t28     0.00%    passed     79.46%
  40  t79     0.00%    passed     75.14%
  41  t83     0.00%    passed     48.03%
  42  t9      0.00%    passed     55.67%
  43  t35     0.00%    passed     17.37%
  44  t55     0.00%    passed     42.10%
  45  t29     0.00%    passed     50.77%
  46  t5      0.00%    passed     94.98%
  47  t7      0.00%    passed     72.43%
  48  t53     0.00%    passed     54.38%
  49  t93     0.00%    passed     96.10%
  50  t16     0.00%    passed     98.91%
  51  t43     0.00%    passed     33.02%
  52  t98     0.00%    passed     47.44%
  53  t66     0.00%    passed     82.22%
  54  t58     0.00%    passed     68.72%
  55  t23     0.00%    passed     56.94%
  56  t99     0.00%    passed     34.68%
  57  t96     0.00%    passed     30.58%
  58  t63     0.00%    passed     93.45%
  59  t61     0.00%    passed     19.16%
  60  t51     0.00%    passed      7.59%
  61  t3      0.00%    passed     51.09%
  62  t57     0.00%    passed     84.08%
  63  t89     0.00%    passed     99.85%
  64  t14     0.00%    passed     98.12%
  65  t13     0.00%    passed      9.59%
  66  t62     0.00%    passed     28.70%
  67  t47     0.00%    passed     95.64%
  68  t33     0.00%    passed     26.14%
  69  t68     0.00%    passed     16.06%
  70  t37     0.00%    passed     75.98%
  71  t17     0.00%    passed     83.35%
  72  t100    0.00%    passed      5.49%
  73  t31     0.00%    passed     83.46%
  74  t85     0.00%    passed     56.09%
  75  t97     0.00%    passed     67.08%
  76  t69     0.00%    passed     45.37%
  77  t15     0.00%    passed     92.51%
  78  t24     0.00%    passed     76.57%
  79  t67     0.00%    passed     89.62%
  80  t80     0.00%    passed     32.53%
  81  t39     0.00%    passed     40.30%
  82  t64     0.00%    passed     64.76%
  83  t81     0.00%    passed     96.17%
  84  t12     0.00%    passed     91.51%
  85  t19     0.00%    passed     26.62%
  86  t54     0.00%    passed     88.02%
  87  t45     0.00%    passed     96.78%
  88  t82     0.00%    passed     95.00%
  89  t40     0.00%    passed     25.59%
  90  t73     0.00%    passed     86.91%
  91  t2      0.00%    passed     92.77%
  92  t49     0.00%    passed     87.83%
  93  t71     0.00%    passed     88.25%
  94  t42     0.00%    passed     70.02%
  95  t46     0.00%    passed     46.94%
  96  t38     0.00%    passed     32.46%
  97  t75     0.00%    passed     50.91%
  98  t1      0.00%    passed      7.33%
  99  t27     0.00%    passed     23.25%
 100  t52     0.00%    passed     86.63%
****  TOTAL    0.00%  0 sequences failed composition chi2 test (p-value<5%; df=19)

Create initial parsimony tree by phylogenetic likelihood library (PLL)... 0.077 seconds

NOTE: 8 MB RAM (0 GB) is required!
Estimate model parameters (epsilon = 0.100)
1. Initial log-likelihood: -125992.400
Optimal log-likelihood: -124002.832
Parameters optimization took 1 rounds (0.062 sec)
Computing ML distances based on estimated model parameters... 1.144 sec
Computing BIONJ tree...
0.008 seconds
Log-likelihood of BIONJ tree: -123487.254
--------------------------------------------------------------------
|             INITIALIZING CANDIDATE TREE SET                      |
--------------------------------------------------------------------
Generating 98 parsimony trees... 7.416 second
Computing log-likelihood of 98 initial trees ... 2.840 seconds
Current best score: -123487.254

Do NNI search on 20 best initial trees
Estimate model parameters (epsilon = 0.100)
BETTER TREE FOUND at iteration 1: -123439.843
Iteration 10 / LogL: -123718.835 / Time: 0h:0m:14s
Iteration 20 / LogL: -123709.095 / Time: 0h:0m:18s
Finish initializing candidate tree set (20)
Current best tree score: -123439.843 / CPU time: 17.944
Number of iterations: 20
--------------------------------------------------------------------
|               OPTIMIZING CANDIDATE TREE SET                      |
--------------------------------------------------------------------
Estimate model parameters (epsilon = 0.100)
BETTER TREE FOUND at iteration 25: -123437.762
Estimate model parameters (epsilon = 0.100)
BETTER TREE FOUND at iteration 26: -123429.254
Estimate model parameters (epsilon = 0.100)
BETTER TREE FOUND at iteration 27: -123423.885
Estimate model parameters (epsilon = 0.100)
BETTER TREE FOUND at iteration 28: -123417.488
Estimate model parameters (epsilon = 0.100)
BETTER TREE FOUND at iteration 30: -123402.334
Iteration 30 / LogL: -123402.334 / Time: 0h:0m:21s (0h:1m:13s left)
Estimate model parameters (epsilon = 0.100)
BETTER TREE FOUND at iteration 35: -123395.373
Iteration 40 / LogL: -123397.907 / Time: 0h:0m:24s (0h:0m:58s left)
Estimate model parameters (epsilon = 0.100)
BETTER TREE FOUND at iteration 42: -123392.644
Estimate model parameters (epsilon = 0.100)
BETTER TREE FOUND at iteration 44: -123388.211
Estimate model parameters (epsilon = 0.100)
BETTER TREE FOUND at iteration 46: -123375.836
Estimate model parameters (epsilon = 0.100)
BETTER TREE FOUND at iteration 47: -123375.486
Iteration 50 / LogL: -123415.661 / Time: 0h:0m:26s (0h:0m:52s left)
Estimate model parameters (epsilon = 0.100)
BETTER TREE FOUND at iteration 57: -123373.824
Iteration 60 / LogL: -123378.855 / Time: 0h:0m:29s (0h:0m:47s left)
Estimate model parameters (epsilon = 0.100)
BETTER TREE FOUND at iteration 64: -123372.165
Estimate model parameters (epsilon = 0.100)
BETTER TREE FOUND at iteration 68: -123370.957
Estimate model parameters (epsilon = 0.100)
BETTER TREE FOUND at iteration 69: -123370.166
Iteration 70 / LogL: -123383.248 / Time: 0h:0m:32s (0h:0m:45s left)
Estimate model parameters (epsilon = 0.100)
BETTER TREE FOUND at iteration 73: -123369.398
Estimate model parameters (epsilon = 0.100)
BETTER TREE FOUND at iteration 77: -123361.598
Iteration 80 / LogL: -123368.229 / Time: 0h:0m:34s (0h:0m:42s left)
Iteration 90 / LogL: -123362.808 / Time: 0h:0m:37s (0h:0m:36s left)
Estimate model parameters (epsilon = 0.100)
BETTER TREE FOUND at iteration 94: -123360.415
Estimate model parameters (epsilon = 0.100)
BETTER TREE FOUND at iteration 96: -123360.347
Iteration 100 / LogL: -123402.686 / Time: 0h:0m:39s (0h:0m:38s left)
BETTER TREE FOUND at iteration 104: -123360.337
Iteration 110 / LogL: -123386.397 / Time: 0h:0m:42s (0h:0m:36s left)
Estimate model parameters (epsilon = 0.100)
BETTER TREE FOUND at iteration 115: -123358.899
Estimate model parameters (epsilon = 0.100)
BETTER TREE FOUND at iteration 119: -123354.709
Iteration 120 / LogL: -123360.789 / Time: 0h:0m:44s (0h:0m:36s left)
Estimate model parameters (epsilon = 0.100)
BETTER TREE FOUND at iteration 129: -123353.767
Iteration 130 / LogL: -123376.645 / Time: 0h:0m:47s (0h:0m:36s left)
Iteration 140 / LogL: -123357.925 / Time: 0h:0m:49s (0h:0m:31s left)
Estimate model parameters (epsilon = 0.100)
BETTER TREE FOUND at iteration 149: -123353.703
Iteration 150 / LogL: -123370.094 / Time: 0h:0m:52s (0h:0m:34s left)
Iteration 160 / LogL: -123369.369 / Time: 0h:0m:55s (0h:0m:30s left)
Estimate model parameters (epsilon = 0.100)
BETTER TREE FOUND at iteration 161: -123353.173
Estimate model parameters (epsilon = 0.100)
BETTER TREE FOUND at iteration 162: -123352.171
Estimate model parameters (epsilon = 0.100)
BETTER TREE FOUND at iteration 169: -123352.097
Iteration 170 / LogL: -123352.133 / Time: 0h:0m:57s (0h:0m:33s left)
Estimate model parameters (epsilon = 0.100)
BETTER TREE FOUND at iteration 176: -123350.165
Estimate model parameters (epsilon = 0.100)
BETTER TREE FOUND at iteration 180: -123348.746
Iteration 180 / LogL: -123348.746 / Time: 0h:1m:0s (0h:0m:33s left)
Estimate model parameters (epsilon = 0.100)
BETTER TREE FOUND at iteration 190: -123343.698
Iteration 190 / LogL: -123343.698 / Time: 0h:1m:2s (0h:0m:33s left)
Iteration 200 / LogL: -123365.836 / Time: 0h:1m:5s (0h:0m:29s left)
Iteration 210 / LogL: -123343.804 / Time: 0h:1m:8s (0h:0m:26s left)
Estimate model parameters (epsilon = 0.100)
BETTER TREE FOUND at iteration 213: -123343.674
Iteration 220 / LogL: -123349.126 / Time: 0h:1m:10s (0h:0m:29s left)
Iteration 230 / LogL: -123346.315 / Time: 0h:1m:13s (0h:0m:26s left)
Iteration 240 / LogL: -123362.376 / Time: 0h:1m:15s (0h:0m:23s left)
Estimate model parameters (epsilon = 0.100)
BETTER TREE FOUND at iteration 243: -123343.506
Iteration 250 / LogL: -123348.688 / Time: 0h:1m:18s (0h:0m:29s left)
Iteration 260 / LogL: -123352.333 / Time: 0h:1m:21s (0h:0m:25s left)
Iteration 270 / LogL: -123353.207 / Time: 0h:1m:23s (0h:0m:22s left)
Iteration 280 / LogL: -123343.725 / Time: 0h:1m:26s (0h:0m:19s left)
Iteration 290 / LogL: -123352.082 / Time: 0h:1m:28s (0h:0m:16s left)
Iteration 300 / LogL: -123345.823 / Time: 0h:1m:31s (0h:0m:13s left)
Iteration 310 / LogL: -123345.667 / Time: 0h:1m:33s (0h:0m:10s left)
Estimate model parameters (epsilon = 0.100)
BETTER TREE FOUND at iteration 311: -123342.732
Iteration 320 / LogL: -123355.227 / Time: 0h:1m:36s (0h:0m:27s left)
Iteration 330 / LogL: -123343.694 / Time: 0h:1m:38s (0h:0m:24s left)
Iteration 340 / LogL: -123343.685 / Time: 0h:1m:41s (0h:0m:21s left)
Iteration 350 / LogL: -123344.889 / Time: 0h:1m:43s (0h:0m:18s left)
Iteration 360 / LogL: -123349.338 / Time: 0h:1m:46s (0h:0m:15s left)
Iteration 370 / LogL: -123349.010 / Time: 0h:1m:48s (0h:0m:12s left)
Iteration 380 / LogL: -123343.756 / Time: 0h:1m:51s (0h:0m:9s left)
Iteration 390 / LogL: -123353.243 / Time: 0h:1m:53s (0h:0m:6s left)
Iteration 400 / LogL: -123374.257 / Time: 0h:1m:56s (0h:0m:3s left)
Iteration 410 / LogL: -123343.944 / Time: 0h:1m:58s (0h:0m:0s left)
TREE SEARCH COMPLETED AFTER 412 ITERATIONS / Time: 0h:1m:59s

--------------------------------------------------------------------
|                    FINALIZING TREE SEARCH                        |
--------------------------------------------------------------------
Performs final model parameters optimization
Estimate model parameters (epsilon = 0.010)
1. Initial log-likelihood: -123342.732
Optimal log-likelihood: -123342.732
Parameters optimization took 1 rounds (0.017 sec)
BEST SCORE FOUND : -123342.732
Total tree length: 102.618

Total number of iterations: 412
CPU time used for tree search: 898.423 sec (0h:14m:58s)
Wall-clock time used for tree search: 118.803 sec (0h:1m:58s)
Total CPU time used: 900.933 sec (0h:15m:0s)
Total wall-clock time used: 119.194 sec (0h:1m:59s)

Analysis results written to: 
  IQ-TREE report:                simulations/alignments/NP_rtree100_bl3_rep1_rep4_AA.fasta.iqtree
  Maximum-likelihood tree:       simulations/alignments/NP_rtree100_bl3_rep1_rep4_AA.fasta.treefile
  Likelihood distances:          simulations/alignments/NP_rtree100_bl3_rep1_rep4_AA.fasta.mldist
  Screen log file:               simulations/alignments/NP_rtree100_bl3_rep1_rep4_AA.fasta.log

Date and Time: Thu Apr  4 13:23:16 2019
