IQ-TREE multicore version 1.6.7 for Linux 64-bit built Aug 23 2018
Developed by Bui Quang Minh, Nguyen Lam Tung, Olga Chernomor,
Heiko Schmidt, Dominik Schrempf, Michael Woodhams.

Host:    csm-com-005 (AVX2, FMA3, 62 GB RAM)
Command: iqtree -nt 8 -m VT+F+G4 -s simulations/alignments/NP_rtree100_bl3_rep1_rep19_AA.fasta -st AA -te simulations/true_trees/rtree100_bl3_rep1.tree
Seed:    95905 (Using SPRNG - Scalable Parallel Random Number Generator)
Time:    Thu Apr  4 13:42:08 2019
Kernel:  AVX+FMA - 8 threads (48 CPU cores detected)

Reading alignment file simulations/alignments/NP_rtree100_bl3_rep1_rep19_AA.fasta ... Fasta format detected
Alignment most likely contains protein sequences
Alignment has 100 sequences with 498 columns, 498 distinct patterns
498 parsimony-informative, 0 singleton sites, 0 constant sites
      Gap/Ambiguity  Composition  p-value
   1  t25     0.00%    passed     56.24%
   2  t94     0.00%    passed     34.47%
   3  t22     0.00%    passed     82.19%
   4  t87     0.00%    passed     89.03%
   5  t65     0.00%    passed     14.33%
   6  t60     0.00%    passed     21.15%
   7  t84     0.00%    passed     96.50%
   8  t30     0.00%    passed     97.25%
   9  t91     0.00%    passed     42.44%
  10  t95     0.00%    passed     79.05%
  11  t32     0.00%    passed     77.41%
  12  t26     0.00%    passed     88.99%
  13  t59     0.00%    passed     39.71%
  14  t77     0.00%    passed     56.00%
  15  t90     0.00%    passed     62.97%
  16  t20     0.00%    passed     44.94%
  17  t78     0.00%    passed     29.41%
  18  t11     0.00%    passed     60.96%
  19  t18     0.00%    passed     96.73%
  20  t86     0.00%    passed     88.22%
  21  t36     0.00%    passed      5.23%
  22  t21     0.00%    passed      6.54%
  23  t44     0.00%    passed     39.02%
  24  t10     0.00%    passed     23.71%
  25  t56     0.00%    passed     99.61%
  26  t34     0.00%    passed     75.29%
  27  t70     0.00%    passed     12.61%
  28  t92     0.00%    passed     86.25%
  29  t8      0.00%    passed     24.19%
  30  t74     0.00%    passed     96.19%
  31  t4      0.00%    passed     25.21%
  32  t50     0.00%    passed      6.48%
  33  t72     0.00%    passed     71.24%
  34  t6      0.00%    passed     99.21%
  35  t76     0.00%    passed     12.54%
  36  t48     0.00%    passed     96.30%
  37  t88     0.00%    passed     65.49%
  38  t41     0.00%    passed     66.01%
  39  t28     0.00%    passed     98.54%
  40  t79     0.00%    passed     78.44%
  41  t83     0.00%    passed     73.00%
  42  t9      0.00%    passed     74.65%
  43  t35     0.00%    passed     69.32%
  44  t55     0.00%    passed     99.29%
  45  t29     0.00%    passed     92.85%
  46  t5      0.00%    passed     91.22%
  47  t7      0.00%    passed     50.51%
  48  t53     0.00%    passed     54.75%
  49  t93     0.00%    passed     38.18%
  50  t16     0.00%    passed     61.80%
  51  t43     0.00%    passed     85.81%
  52  t98     0.00%    passed     60.91%
  53  t66     0.00%    passed     64.56%
  54  t58     0.00%    passed     61.54%
  55  t23     0.00%    passed     29.57%
  56  t99     0.00%    passed     72.27%
  57  t96     0.00%    passed     60.82%
  58  t63     0.00%    passed     29.30%
  59  t61     0.00%    passed     63.50%
  60  t51     0.00%    passed     49.66%
  61  t3      0.00%    passed     98.96%
  62  t57     0.00%    passed     30.37%
  63  t89     0.00%    passed     33.86%
  64  t14     0.00%    passed     31.68%
  65  t13     0.00%    passed     88.11%
  66  t62     0.00%    passed     36.43%
  67  t47     0.00%    passed     31.83%
  68  t33     0.00%    passed     76.23%
  69  t68     0.00%    passed     40.17%
  70  t37     0.00%    passed     99.72%
  71  t17     0.00%    passed     76.32%
  72  t100    0.00%    passed     83.20%
  73  t31     0.00%    passed     97.22%
  74  t85     0.00%    passed     97.90%
  75  t97     0.00%    passed     90.85%
  76  t69     0.00%    passed     51.80%
  77  t15     0.00%    passed     45.04%
  78  t24     0.00%    failed      2.27%
  79  t67     0.00%    passed     53.97%
  80  t80     0.00%    passed     90.06%
  81  t39     0.00%    passed     57.75%
  82  t64     0.00%    passed     72.39%
  83  t81     0.00%    passed     99.26%
  84  t12     0.00%    passed     37.47%
  85  t19     0.00%    passed     86.06%
  86  t54     0.00%    passed     93.46%
  87  t45     0.00%    passed     61.25%
  88  t82     0.00%    passed     24.52%
  89  t40     0.00%    passed     55.93%
  90  t73     0.00%    passed     96.56%
  91  t2      0.00%    passed     99.22%
  92  t49     0.00%    passed     42.49%
  93  t71     0.00%    passed     14.01%
  94  t42     0.00%    passed     91.96%
  95  t46     0.00%    passed     81.83%
  96  t38     0.00%    passed     59.89%
  97  t75     0.00%    passed     78.59%
  98  t1      0.00%    passed     96.65%
  99  t27     0.00%    passed     10.11%
 100  t52     0.00%    passed     72.84%
****  TOTAL    0.00%  1 sequences failed composition chi2 test (p-value<5%; df=19)
Reading input tree file simulations/true_trees/rtree100_bl3_rep1.tree ... rooted tree
Converting rooted to unrooted tree...

NOTE: 32 MB RAM (0 GB) is required!
Estimate model parameters (epsilon = 0.010)
1. Initial log-likelihood: -124856.219
2. Current log-likelihood: -119470.988
3. Current log-likelihood: -119055.641
4. Current log-likelihood: -118616.421
5. Current log-likelihood: -118350.126
6. Current log-likelihood: -118226.485
7. Current log-likelihood: -118166.416
8. Current log-likelihood: -118146.764
9. Current log-likelihood: -118142.653
10. Current log-likelihood: -118141.997
11. Current log-likelihood: -118141.902
Optimal log-likelihood: -118141.891
Gamma shape alpha: 3.056
Parameters optimization took 11 rounds (1.384 sec)
BEST SCORE FOUND : -118141.891
Total tree length: 113.915

Total number of iterations: 0
CPU time used for tree search: 0.000 sec (0h:0m:0s)
Wall-clock time used for tree search: 0.000 sec (0h:0m:0s)
Total CPU time used: 11.026 sec (0h:0m:11s)
Total wall-clock time used: 1.399 sec (0h:0m:1s)

Analysis results written to: 
  IQ-TREE report:                simulations/alignments/NP_rtree100_bl3_rep1_rep19_AA.fasta.iqtree
  Maximum-likelihood tree:       simulations/alignments/NP_rtree100_bl3_rep1_rep19_AA.fasta.treefile
  Screen log file:               simulations/alignments/NP_rtree100_bl3_rep1_rep19_AA.fasta.log

Date and Time: Thu Apr  4 13:42:09 2019
