IQ-TREE multicore version 1.6.7 for Linux 64-bit built Aug 23 2018
Developed by Bui Quang Minh, Nguyen Lam Tung, Olga Chernomor,
Heiko Schmidt, Dominik Schrempf, Michael Woodhams.

Host:    csm-com-007 (AVX2, FMA3, 62 GB RAM)
Command: iqtree -nt 8 -m VT+F+G4 -s simulations/alignments/NP_rtree100_bl3_rep1_rep1_AA.fasta -st AA
Seed:    407035 (Using SPRNG - Scalable Parallel Random Number Generator)
Time:    Thu Apr  4 13:04:25 2019
Kernel:  AVX+FMA - 8 threads (48 CPU cores detected)

Reading alignment file simulations/alignments/NP_rtree100_bl3_rep1_rep1_AA.fasta ... Fasta format detected
Alignment most likely contains protein sequences
Alignment has 100 sequences with 498 columns, 498 distinct patterns
498 parsimony-informative, 0 singleton sites, 0 constant sites
      Gap/Ambiguity  Composition  p-value
   1  t25     0.00%    passed     43.63%
   2  t94     0.00%    passed     40.99%
   3  t22     0.00%    passed     55.78%
   4  t87     0.00%    passed     53.16%
   5  t65     0.00%    passed     68.18%
   6  t60     0.00%    passed     87.88%
   7  t84     0.00%    passed     80.36%
   8  t30     0.00%    passed     64.33%
   9  t91     0.00%    passed     48.11%
  10  t95     0.00%    passed     84.52%
  11  t32     0.00%    passed     36.22%
  12  t26     0.00%    passed     96.50%
  13  t59     0.00%    passed     24.51%
  14  t77     0.00%    passed     91.44%
  15  t90     0.00%    passed     87.80%
  16  t20     0.00%    passed     69.33%
  17  t78     0.00%    passed     29.28%
  18  t11     0.00%    passed     77.91%
  19  t18     0.00%    passed     88.73%
  20  t86     0.00%    passed     58.66%
  21  t36     0.00%    passed     46.85%
  22  t21     0.00%    passed     35.88%
  23  t44     0.00%    passed     55.84%
  24  t10     0.00%    passed     56.46%
  25  t56     0.00%    passed     97.56%
  26  t34     0.00%    passed     93.18%
  27  t70     0.00%    passed     73.45%
  28  t92     0.00%    passed     89.33%
  29  t8      0.00%    passed     94.93%
  30  t74     0.00%    passed     97.49%
  31  t4      0.00%    passed     48.56%
  32  t50     0.00%    passed     61.29%
  33  t72     0.00%    passed     51.10%
  34  t6      0.00%    passed     44.60%
  35  t76     0.00%    passed     36.60%
  36  t48     0.00%    passed     64.79%
  37  t88     0.00%    passed     73.47%
  38  t41     0.00%    passed      9.04%
  39  t28     0.00%    passed     54.80%
  40  t79     0.00%    passed     14.00%
  41  t83     0.00%    passed     50.94%
  42  t9      0.00%    passed     70.88%
  43  t35     0.00%    passed     45.07%
  44  t55     0.00%    passed     92.57%
  45  t29     0.00%    passed     43.68%
  46  t5      0.00%    passed     62.30%
  47  t7      0.00%    passed     95.81%
  48  t53     0.00%    passed     76.28%
  49  t93     0.00%    passed     88.44%
  50  t16     0.00%    passed     84.95%
  51  t43     0.00%    passed     70.93%
  52  t98     0.00%    passed     46.74%
  53  t66     0.00%    passed     28.24%
  54  t58     0.00%    passed     18.12%
  55  t23     0.00%    passed     13.16%
  56  t99     0.00%    passed     52.25%
  57  t96     0.00%    passed     31.26%
  58  t63     0.00%    passed     84.80%
  59  t61     0.00%    passed     78.87%
  60  t51     0.00%    passed     97.49%
  61  t3      0.00%    passed     96.54%
  62  t57     0.00%    passed     50.38%
  63  t89     0.00%    passed      9.76%
  64  t14     0.00%    passed     12.08%
  65  t13     0.00%    passed     53.22%
  66  t62     0.00%    passed     88.30%
  67  t47     0.00%    passed     34.87%
  68  t33     0.00%    passed     51.06%
  69  t68     0.00%    passed     43.93%
  70  t37     0.00%    passed     79.36%
  71  t17     0.00%    passed     44.82%
  72  t100    0.00%    passed     98.92%
  73  t31     0.00%    passed     85.22%
  74  t85     0.00%    passed     99.66%
  75  t97     0.00%    passed     67.75%
  76  t69     0.00%    passed     65.05%
  77  t15     0.00%    passed      7.02%
  78  t24     0.00%    passed     72.04%
  79  t67     0.00%    passed     97.43%
  80  t80     0.00%    passed     98.60%
  81  t39     0.00%    passed     96.41%
  82  t64     0.00%    passed     85.63%
  83  t81     0.00%    passed     76.40%
  84  t12     0.00%    passed     59.35%
  85  t19     0.00%    passed      9.91%
  86  t54     0.00%    passed     12.54%
  87  t45     0.00%    passed      6.86%
  88  t82     0.00%    passed     10.25%
  89  t40     0.00%    passed     66.83%
  90  t73     0.00%    passed     66.36%
  91  t2      0.00%    passed     93.56%
  92  t49     0.00%    passed     88.50%
  93  t71     0.00%    passed     90.66%
  94  t42     0.00%    passed     36.76%
  95  t46     0.00%    passed     99.87%
  96  t38     0.00%    passed     12.84%
  97  t75     0.00%    passed     70.84%
  98  t1      0.00%    passed     64.74%
  99  t27     0.00%    passed      6.07%
 100  t52     0.00%    passed     77.67%
****  TOTAL    0.00%  0 sequences failed composition chi2 test (p-value<5%; df=19)

Create initial parsimony tree by phylogenetic likelihood library (PLL)... 0.064 seconds

NOTE: 32 MB RAM (0 GB) is required!
Estimate model parameters (epsilon = 0.100)
1. Initial log-likelihood: -120377.659
2. Current log-likelihood: -118269.659
3. Current log-likelihood: -118252.479
Optimal log-likelihood: -118252.376
Gamma shape alpha: 2.865
Parameters optimization took 3 rounds (0.306 sec)
Computing ML distances based on estimated model parameters... 4.176 sec
Computing BIONJ tree...
0.007 seconds
Log-likelihood of BIONJ tree: -117965.429
--------------------------------------------------------------------
|             INITIALIZING CANDIDATE TREE SET                      |
--------------------------------------------------------------------
Generating 98 parsimony trees... 7.322 second
Computing log-likelihood of 98 initial trees ... 5.776 seconds
Current best score: -117965.429

Do NNI search on 20 best initial trees
Estimate model parameters (epsilon = 0.100)
BETTER TREE FOUND at iteration 1: -117891.565
Iteration 10 / LogL: -118033.528 / Time: 0h:0m:23s
Iteration 20 / LogL: -118079.023 / Time: 0h:0m:35s
Finish initializing candidate tree set (20)
Current best tree score: -117891.565 / CPU time: 34.052
Number of iterations: 20
--------------------------------------------------------------------
|               OPTIMIZING CANDIDATE TREE SET                      |
--------------------------------------------------------------------
Estimate model parameters (epsilon = 0.100)
BETTER TREE FOUND at iteration 26: -117891.040
Estimate model parameters (epsilon = 0.100)
BETTER TREE FOUND at iteration 29: -117878.518
Estimate model parameters (epsilon = 0.100)
BETTER TREE FOUND at iteration 30: -117859.573
Iteration 30 / LogL: -117859.573 / Time: 0h:0m:42s (0h:2m:27s left)
Estimate model parameters (epsilon = 0.100)
BETTER TREE FOUND at iteration 37: -117845.602
Estimate model parameters (epsilon = 0.100)
BETTER TREE FOUND at iteration 38: -117839.789
Iteration 40 / LogL: -117861.559 / Time: 0h:0m:49s (0h:2m:5s left)
Estimate model parameters (epsilon = 0.100)
BETTER TREE FOUND at iteration 48: -117834.819
Iteration 50 / LogL: -117835.365 / Time: 0h:0m:56s (0h:1m:51s left)
Estimate model parameters (epsilon = 0.100)
BETTER TREE FOUND at iteration 51: -117833.113
Iteration 60 / LogL: -117852.123 / Time: 0h:1m:2s (0h:1m:35s left)
Iteration 70 / LogL: -117835.361 / Time: 0h:1m:8s (0h:1m:19s left)
Estimate model parameters (epsilon = 0.100)
BETTER TREE FOUND at iteration 80: -117832.296
Iteration 80 / LogL: -117832.296 / Time: 0h:1m:14s (0h:1m:34s left)
Iteration 90 / LogL: -117835.862 / Time: 0h:1m:20s (0h:1m:21s left)
Estimate model parameters (epsilon = 0.100)
BETTER TREE FOUND at iteration 100: -117829.340
Iteration 100 / LogL: -117829.340 / Time: 0h:1m:27s (0h:1m:27s left)
Estimate model parameters (epsilon = 0.100)
BETTER TREE FOUND at iteration 105: -117828.555
Estimate model parameters (epsilon = 0.100)
BETTER TREE FOUND at iteration 108: -117824.395
Iteration 110 / LogL: -117838.719 / Time: 0h:1m:33s (0h:1m:23s left)
Estimate model parameters (epsilon = 0.100)
BETTER TREE FOUND at iteration 111: -117820.331
Estimate model parameters (epsilon = 0.100)
BETTER TREE FOUND at iteration 113: -117819.558
Iteration 120 / LogL: -117822.463 / Time: 0h:1m:39s (0h:1m:18s left)
Estimate model parameters (epsilon = 0.100)
BETTER TREE FOUND at iteration 125: -117818.363
Iteration 130 / LogL: -117846.314 / Time: 0h:1m:46s (0h:1m:18s left)
Iteration 140 / LogL: -117824.317 / Time: 0h:1m:51s (0h:1m:8s left)
Estimate model parameters (epsilon = 0.100)
BETTER TREE FOUND at iteration 146: -117818.067
Estimate model parameters (epsilon = 0.100)
BETTER TREE FOUND at iteration 150: -117815.190
Iteration 150 / LogL: -117815.190 / Time: 0h:1m:57s (0h:1m:19s left)
Estimate model parameters (epsilon = 0.100)
BETTER TREE FOUND at iteration 154: -117814.610
Estimate model parameters (epsilon = 0.100)
BETTER TREE FOUND at iteration 155: -117813.059
Iteration 160 / LogL: -117822.408 / Time: 0h:2m:4s (0h:1m:14s left)
Iteration 170 / LogL: -117815.690 / Time: 0h:2m:9s (0h:1m:5s left)
Estimate model parameters (epsilon = 0.100)
BETTER TREE FOUND at iteration 171: -117812.016
Estimate model parameters (epsilon = 0.100)
BETTER TREE FOUND at iteration 174: -117806.607
Iteration 180 / LogL: -117814.813 / Time: 0h:2m:15s (0h:1m:11s left)
Estimate model parameters (epsilon = 0.100)
BETTER TREE FOUND at iteration 186: -117805.589
Iteration 190 / LogL: -117811.037 / Time: 0h:2m:21s (0h:1m:11s left)
Iteration 200 / LogL: -117805.654 / Time: 0h:2m:27s (0h:1m:3s left)
Iteration 210 / LogL: -117811.829 / Time: 0h:2m:33s (0h:0m:55s left)
Estimate model parameters (epsilon = 0.100)
BETTER TREE FOUND at iteration 211: -117803.258
Estimate model parameters (epsilon = 0.100)
BETTER TREE FOUND at iteration 216: -117802.802
Estimate model parameters (epsilon = 0.100)
BETTER TREE FOUND at iteration 220: -117800.806
Iteration 220 / LogL: -117800.806 / Time: 0h:2m:39s (0h:1m:12s left)
Estimate model parameters (epsilon = 0.100)
BETTER TREE FOUND at iteration 223: -117800.738
Estimate model parameters (epsilon = 0.100)
BETTER TREE FOUND at iteration 228: -117792.074
Iteration 230 / LogL: -117810.261 / Time: 0h:2m:45s (0h:1m:10s left)
Iteration 240 / LogL: -117808.124 / Time: 0h:2m:51s (0h:1m:3s left)
Iteration 250 / LogL: -117796.376 / Time: 0h:2m:56s (0h:0m:55s left)
Iteration 260 / LogL: -117809.472 / Time: 0h:3m:2s (0h:0m:47s left)
Iteration 270 / LogL: -117798.932 / Time: 0h:3m:8s (0h:0m:40s left)
Iteration 280 / LogL: -117810.159 / Time: 0h:3m:14s (0h:0m:33s left)
Iteration 290 / LogL: -117796.468 / Time: 0h:3m:20s (0h:0m:26s left)
Estimate model parameters (epsilon = 0.100)
BETTER TREE FOUND at iteration 299: -117789.724
Iteration 300 / LogL: -117790.065 / Time: 0h:3m:26s (0h:1m:8s left)
Estimate model parameters (epsilon = 0.100)
BETTER TREE FOUND at iteration 304: -117788.454
Iteration 310 / LogL: -117788.872 / Time: 0h:3m:32s (0h:1m:4s left)
Iteration 320 / LogL: -117788.542 / Time: 0h:3m:39s (0h:0m:57s left)
Iteration 330 / LogL: -117795.510 / Time: 0h:3m:44s (0h:0m:50s left)
Iteration 340 / LogL: -117812.893 / Time: 0h:3m:50s (0h:0m:43s left)
Iteration 350 / LogL: -117789.073 / Time: 0h:3m:55s (0h:0m:36s left)
Iteration 360 / LogL: -117789.837 / Time: 0h:4m:1s (0h:0m:29s left)
Iteration 370 / LogL: -117794.943 / Time: 0h:4m:7s (0h:0m:22s left)
Iteration 380 / LogL: -117788.790 / Time: 0h:4m:12s (0h:0m:16s left)
Iteration 390 / LogL: -117801.980 / Time: 0h:4m:18s (0h:0m:9s left)
Iteration 400 / LogL: -117794.440 / Time: 0h:4m:24s (0h:0m:2s left)
TREE SEARCH COMPLETED AFTER 405 ITERATIONS / Time: 0h:4m:26s

--------------------------------------------------------------------
|                    FINALIZING TREE SEARCH                        |
--------------------------------------------------------------------
Performs final model parameters optimization
Estimate model parameters (epsilon = 0.010)
1. Initial log-likelihood: -117788.454
Optimal log-likelihood: -117788.453
Gamma shape alpha: 2.994
Parameters optimization took 1 rounds (0.067 sec)
BEST SCORE FOUND : -117788.453
Total tree length: 112.442

Total number of iterations: 405
CPU time used for tree search: 2068.741 sec (0h:34m:28s)
Wall-clock time used for tree search: 265.667 sec (0h:4m:25s)
Total CPU time used: 2078.591 sec (0h:34m:38s)
Total wall-clock time used: 266.974 sec (0h:4m:26s)

Analysis results written to: 
  IQ-TREE report:                simulations/alignments/NP_rtree100_bl3_rep1_rep1_AA.fasta.iqtree
  Maximum-likelihood tree:       simulations/alignments/NP_rtree100_bl3_rep1_rep1_AA.fasta.treefile
  Likelihood distances:          simulations/alignments/NP_rtree100_bl3_rep1_rep1_AA.fasta.mldist
  Screen log file:               simulations/alignments/NP_rtree100_bl3_rep1_rep1_AA.fasta.log

Date and Time: Thu Apr  4 13:08:52 2019
