IQ-TREE multicore version 1.6.7 for Linux 64-bit built Aug 23 2018
Developed by Bui Quang Minh, Nguyen Lam Tung, Olga Chernomor,
Heiko Schmidt, Dominik Schrempf, Michael Woodhams.

Host:    csm-com-007 (AVX2, FMA3, 62 GB RAM)
Command: iqtree -nt 8 -m mtART -s simulations/alignments/NP_rtree100_bl1.5_rep1_rep1_AA.fasta -st AA -te simulations/true_trees/rtree100_bl1.5_rep1.tree
Seed:    116785 (Using SPRNG - Scalable Parallel Random Number Generator)
Time:    Thu Apr  4 13:04:25 2019
Kernel:  AVX+FMA - 8 threads (48 CPU cores detected)

Reading alignment file simulations/alignments/NP_rtree100_bl1.5_rep1_rep1_AA.fasta ... Fasta format detected
Alignment most likely contains protein sequences
Alignment has 100 sequences with 498 columns, 498 distinct patterns
498 parsimony-informative, 0 singleton sites, 0 constant sites
      Gap/Ambiguity  Composition  p-value
   1  t95     0.00%    passed     55.88%
   2  t63     0.00%    passed     65.47%
   3  t38     0.00%    passed     29.70%
   4  t70     0.00%    passed     98.10%
   5  t80     0.00%    passed     98.29%
   6  t83     0.00%    passed     97.91%
   7  t21     0.00%    passed     99.87%
   8  t90     0.00%    passed     50.90%
   9  t61     0.00%    passed     56.64%
  10  t17     0.00%    passed     40.74%
  11  t74     0.00%    passed     94.28%
  12  t34     0.00%    passed     49.94%
  13  t98     0.00%    passed     89.83%
  14  t76     0.00%    passed     99.68%
  15  t59     0.00%    passed     66.31%
  16  t45     0.00%    passed     25.38%
  17  t27     0.00%    passed     22.39%
  18  t13     0.00%    passed     96.18%
  19  t53     0.00%    passed     74.23%
  20  t69     0.00%    passed     50.74%
  21  t79     0.00%    passed     92.68%
  22  t73     0.00%    passed     50.11%
  23  t85     0.00%    passed     83.03%
  24  t3      0.00%    passed     92.89%
  25  t4      0.00%    passed     92.12%
  26  t16     0.00%    passed     30.51%
  27  t96     0.00%    passed     59.89%
  28  t50     0.00%    passed     57.80%
  29  t56     0.00%    passed     11.00%
  30  t62     0.00%    passed     95.22%
  31  t41     0.00%    passed     89.41%
  32  t49     0.00%    passed     54.49%
  33  t57     0.00%    passed     67.60%
  34  t55     0.00%    passed     89.85%
  35  t43     0.00%    passed     48.88%
  36  t97     0.00%    passed     85.74%
  37  t82     0.00%    passed     76.75%
  38  t65     0.00%    passed     93.34%
  39  t89     0.00%    passed     98.71%
  40  t25     0.00%    passed     75.27%
  41  t28     0.00%    passed     72.96%
  42  t52     0.00%    passed     90.81%
  43  t54     0.00%    passed     74.15%
  44  t23     0.00%    passed     99.52%
  45  t24     0.00%    passed     14.60%
  46  t88     0.00%    passed     84.92%
  47  t30     0.00%    passed     14.01%
  48  t91     0.00%    passed     51.11%
  49  t37     0.00%    passed     92.07%
  50  t48     0.00%    passed     59.16%
  51  t20     0.00%    passed     95.17%
  52  t99     0.00%    passed     56.49%
  53  t29     0.00%    passed     93.93%
  54  t18     0.00%    passed     37.21%
  55  t2      0.00%    passed     75.11%
  56  t71     0.00%    passed     69.79%
  57  t26     0.00%    passed     83.85%
  58  t78     0.00%    passed     10.51%
  59  t39     0.00%    passed     82.18%
  60  t22     0.00%    passed     36.51%
  61  t72     0.00%    passed     97.92%
  62  t68     0.00%    passed      6.74%
  63  t75     0.00%    passed     90.71%
  64  t66     0.00%    passed     82.22%
  65  t47     0.00%    passed     15.56%
  66  t12     0.00%    passed     70.29%
  67  t40     0.00%    passed     76.81%
  68  t5      0.00%    passed     17.40%
  69  t46     0.00%    passed     49.50%
  70  t7      0.00%    passed     96.12%
  71  t31     0.00%    passed     60.21%
  72  t14     0.00%    passed     84.75%
  73  t6      0.00%    passed     72.63%
  74  t94     0.00%    passed     63.08%
  75  t92     0.00%    passed     95.90%
  76  t15     0.00%    passed     67.93%
  77  t33     0.00%    passed     97.93%
  78  t93     0.00%    passed     48.63%
  79  t87     0.00%    passed     91.12%
  80  t67     0.00%    passed     99.05%
  81  t11     0.00%    passed     98.12%
  82  t32     0.00%    passed     75.56%
  83  t35     0.00%    passed     99.87%
  84  t8      0.00%    passed     51.52%
  85  t51     0.00%    passed     87.01%
  86  t19     0.00%    passed     94.17%
  87  t77     0.00%    passed     43.63%
  88  t58     0.00%    passed     75.81%
  89  t100    0.00%    passed     48.06%
  90  t86     0.00%    passed     52.23%
  91  t1      0.00%    passed     49.40%
  92  t10     0.00%    passed     97.53%
  93  t36     0.00%    passed     39.97%
  94  t44     0.00%    passed     55.89%
  95  t9      0.00%    passed     36.97%
  96  t81     0.00%    passed     23.70%
  97  t64     0.00%    passed     16.14%
  98  t42     0.00%    passed     96.12%
  99  t60     0.00%    passed     36.58%
 100  t84     0.00%    passed     74.87%
****  TOTAL    0.00%  0 sequences failed composition chi2 test (p-value<5%; df=19)
Reading input tree file simulations/true_trees/rtree100_bl1.5_rep1.tree ... rooted tree
Converting rooted to unrooted tree...

NOTE: 8 MB RAM (0 GB) is required!
Estimate model parameters (epsilon = 0.010)
1. Initial log-likelihood: -128978.636
Optimal log-likelihood: -125176.759
Parameters optimization took 1 rounds (0.072 sec)
BEST SCORE FOUND : -125176.759
Total tree length: 182.697

Total number of iterations: 0
CPU time used for tree search: 0.000 sec (0h:0m:0s)
Wall-clock time used for tree search: 0.000 sec (0h:0m:0s)
Total CPU time used: 0.592 sec (0h:0m:0s)
Total wall-clock time used: 0.085 sec (0h:0m:0s)

Analysis results written to: 
  IQ-TREE report:                simulations/alignments/NP_rtree100_bl1.5_rep1_rep1_AA.fasta.iqtree
  Maximum-likelihood tree:       simulations/alignments/NP_rtree100_bl1.5_rep1_rep1_AA.fasta.treefile
  Screen log file:               simulations/alignments/NP_rtree100_bl1.5_rep1_rep1_AA.fasta.log

Date and Time: Thu Apr  4 13:04:25 2019
