IQ-TREE multicore version 1.6.7 for Linux 64-bit built Aug 23 2018
Developed by Bui Quang Minh, Nguyen Lam Tung, Olga Chernomor,
Heiko Schmidt, Dominik Schrempf, Michael Woodhams.

Host:    csm-gpu-001 (AVX2, FMA3, 62 GB RAM)
Command: iqtree -nt 8 -m /csm_data/spielman_lab/dms_modelselection/pogofit_models_pandit/PF01750.dat.POGOFIT.paml+G -s /csm_data/spielman_lab/dms_modelselection/pandit_aa_alignments/PF01750.fasta -st AA -te /csm_data/spielman_lab/dms_modelselection/pandit_aa_alignments/PF01750.tree
Seed:    52248 (Using SPRNG - Scalable Parallel Random Number Generator)
Time:    Fri Apr 12 20:23:23 2019
Kernel:  AVX+FMA - 8 threads (48 CPU cores detected)

Reading alignment file /csm_data/spielman_lab/dms_modelselection/pandit_aa_alignments/PF01750.fasta ... Fasta format detected
Alignment most likely contains protein sequences
Alignment has 27 sequences with 145 columns, 145 distinct patterns
128 parsimony-informative, 11 singleton sites, 6 constant sites
                     Gap/Ambiguity  Composition  p-value
   1  Y631_METJA_32_161     10.34%    failed      0.05%
   2  O26832_METTH_37_160   14.48%    passed     34.91%
   3  HYCI_ECOLI_19_141     15.17%    passed     30.79%
   4  O58707_PYRHO_20_142   15.17%    passed     95.70%
   5  Y253_METJA_23_151     11.03%    passed     33.73%
   6  Q00396_METVO_35_169    6.90%    passed     17.91%
   7  FRHD_METJA_45_179      6.90%    passed      7.80%
   8  Q00392_METVO_26_163    4.83%    passed     85.45%
   9  O33166_METBA_25_151   12.41%    passed     94.59%
  10  FRHD_METTH_24_153     10.34%    passed     18.88%
  11  HUPD_THIRO_24_153     10.34%    passed     74.01%
  12  HOXM_AZOVI_23_152     10.34%    passed     10.38%
  13  HUPD_RHILV_32_161     10.34%    passed     95.28%
  14  HUPD_BRAJA_27_156     10.34%    passed     63.27%
  15  HUPD_RHOCA_26_155     10.34%    passed     13.86%
  16  HOXM_ALCEU_19_148     10.34%    failed      1.29%
  17  HYAD_ECOLI_23_152     10.34%    failed      0.50%
  18  HYBD_ECOLI_20_148     11.03%    passed     95.70%
  19  O69401_DESGI_25_152   11.72%    passed     32.55%
  20  O66898_AQUAE_19_146   11.72%    passed     19.41%
  21  FRXA_PYRFU_8_132      13.79%    passed     51.24%
  22  O58407_PYRHO_20_146   12.41%    failed      2.88%
  23  Q50252_METMA_25_156    8.97%    passed     69.51%
  24  O28893_ARCFU_21_148   11.72%    passed     17.69%
  25  O28900_ARCFU_15_130   20.00%    passed     21.83%
  26  O25351_HELPY_22_151   10.34%    passed     32.90%
  27  HYDD_WOLSU_1_132       8.97%    passed     81.49%
****  TOTAL                 11.14%  4 sequences failed composition chi2 test (p-value<5%; df=19)
Reading input tree file /csm_data/spielman_lab/dms_modelselection/pandit_aa_alignments/PF01750.tree ...
Reading model parameters from file /csm_data/spielman_lab/dms_modelselection/pogofit_models_pandit/PF01750.dat.POGOFIT.paml

NOTE: 2 MB RAM (0 GB) is required!
WARNING: Number of threads seems too high for short alignments. Use -nt AUTO to determine best number of threads.
Estimate model parameters (epsilon = 0.010)
1. Initial log-likelihood: -6755.178
2. Current log-likelihood: -6718.917
3. Current log-likelihood: -6715.205
4. Current log-likelihood: -6715.160
Optimal log-likelihood: -6715.156
Gamma shape alpha: 2.453
Parameters optimization took 4 rounds (0.052 sec)
BEST SCORE FOUND : -6715.156
Total tree length: 28.347

Total number of iterations: 0
CPU time used for tree search: 0.000 sec (0h:0m:0s)
Wall-clock time used for tree search: 0.000 sec (0h:0m:0s)
Total CPU time used: 0.395 sec (0h:0m:0s)
Total wall-clock time used: 0.063 sec (0h:0m:0s)

Analysis results written to: 
  IQ-TREE report:                /csm_data/spielman_lab/dms_modelselection/pandit_aa_alignments/PF01750.fasta.iqtree
  Maximum-likelihood tree:       /csm_data/spielman_lab/dms_modelselection/pandit_aa_alignments/PF01750.fasta.treefile
  Screen log file:               /csm_data/spielman_lab/dms_modelselection/pandit_aa_alignments/PF01750.fasta.log

Date and Time: Fri Apr 12 20:23:23 2019
