IQ-TREE multicore version 1.6.7 for Linux 64-bit built Aug 23 2018
Developed by Bui Quang Minh, Nguyen Lam Tung, Olga Chernomor,
Heiko Schmidt, Dominik Schrempf, Michael Woodhams.

Host:    csm-com-007 (AVX2, FMA3, 62 GB RAM)
Command: iqtree -nt 8 -m mtInv -s /csm_data/spielman_lab/dms_modelselection//simulations/alignments_empirical/Gal4_opisthokonta_rep19_AA.fasta -st AA
Seed:    682727 (Using SPRNG - Scalable Parallel Random Number Generator)
Time:    Thu May 23 00:28:37 2019
Kernel:  AVX+FMA - 8 threads (48 CPU cores detected)

Reading alignment file /csm_data/spielman_lab/dms_modelselection//simulations/alignments_empirical/Gal4_opisthokonta_rep19_AA.fasta ... Fasta format detected
Alignment most likely contains protein sequences
Alignment has 70 sequences with 64 columns, 64 distinct patterns
62 parsimony-informative, 1 singleton sites, 1 constant sites
                                  Gap/Ambiguity  Composition  p-value
   1  Oscarella_carmela                   0.00%    passed     98.87%
   2  Leucetta_chagosensis                0.00%    passed     75.74%
   3  Sycon_raphanus                      0.00%    passed     88.84%
   4  Oopsacas_minuta                     0.00%    passed     76.78%
   5  Carteriospongia_foliascens          0.00%    passed     99.07%
   6  Amphimedon_queenslandica            0.00%    passed     99.43%
   7  Suberites_domuncula                 0.00%    passed     99.22%
   8  Lubomirskia_baicalensis             0.00%    passed     97.70%
   9  Ephydatia_muelleri                  0.00%    passed     98.12%
  10  Trichoplax_adhaerens                0.00%    passed     97.68%
  11  Nematostella_vectensis              0.00%    passed     99.96%
  12  Anemonia_viridis                    0.00%    passed     99.98%
  13  Aiptasia_pallida                    0.00%    passed     99.94%
  14  Metridium_senile                    0.00%    passed     98.09%
  15  Acropora_palmata                    0.00%    passed     55.20%
  16  Acropora_millepora                  0.00%    passed     97.44%
  17  Porites_astreoides                  0.00%    passed     99.88%
  18  Montastraea_faveolata               0.00%    passed     93.11%
  19  Cyanea_capillata                    0.00%    passed     93.22%
  20  Clytia_hemisphaerica                0.00%    passed     99.49%
  21  Podocoryna_carnea                   0.00%    passed     95.16%
  22  Hydractinia_echinata                0.00%    passed     99.93%
  23  Hydra_magnipapillata                0.00%    passed     99.93%
  24  Saccoglossus_kowalevskii            0.00%    passed     99.84%
  25  Ptychodera_flava                    0.00%    passed     99.81%
  26  Strongylocentrotus_purpuratus       0.00%    passed     96.73%
  27  Asterina_pectinifera                0.00%    passed     99.69%
  28  Branchiostoma_floridae              0.00%    passed     99.97%
  29  Petromyzon_marinus                  0.00%    passed     94.90%
  30  Gallus                              0.00%    passed     98.19%
  31  Ciona_intestinalis                  0.00%    passed     96.67%
  32  Halocynthia_roretzi                 0.00%    passed     99.98%
  33  Anoplodactylus_eroticus             0.00%    passed     99.58%
  34  Boophilus_microplus                 0.00%    passed     94.92%
  35  Daphnia_pulex                       0.00%    passed     96.72%
  36  Drosophila_melanogaster             0.00%    passed     96.58%
  37  Euperipatoides_kanangrensis         0.00%    passed     99.96%
  38  Echinoderes_horni                   0.00%    passed     93.15%
  39  Xiphinema_index                     0.00%    passed     91.19%
  40  Cerebratulus_lacteus                0.00%    passed     99.99%
  41  Terebratalia_transversa             0.00%    passed     99.65%
  42  Lottia_gigantea                     0.00%    passed     99.24%
  43  Crassostrea_virginica               0.00%    passed     99.83%
  44  Euprymna_scolopes                   0.00%    passed     99.23%
  45  Capitella_telata                    0.00%    passed     94.24%
  46  Helobdella_robusta                  0.00%    passed     67.69%
  47  Schmidtea_mediterranea              0.00%    passed     75.33%
  48  Paraplanocera_oligoglena            0.00%    passed     99.80%
  49  Xenoturbella_bocki                  0.00%    passed     99.40%
  50  Nemertoderma_westbladi              0.00%    passed     96.54%
  51  Meara_stichopi                      0.00%    passed     80.36%
  52  Isodiametra_pulchra                 0.00%    passed     99.86%
  53  Symsagittifera_roscoffensis         0.00%    passed     79.88%
  54  Convolutriloba_longifissura         0.00%    passed     95.30%
  55  Capsaspora_owczarzaki_ATCC_30864    0.00%    passed     84.36%
  56  Amoebidium_parasiticum              0.00%    passed     94.28%
  57  Sphaeroforma_arctica                0.00%    passed     71.70%
  58  Spizellomyces_punctatus             0.00%    passed     99.58%
  59  Batrachochytrium_dendrobatidis      0.00%    passed     85.64%
  60  Cryptococcus_neoformans             0.00%    passed     93.86%
  61  Saccharomyces_cerevisiae            0.00%    passed      6.15%
  62  Phycomyces_blakesleeanus            0.00%    passed     76.61%
  63  Rhizopus_orizae                     0.00%    passed     97.61%
  64  Monosiga_ovata                      0.00%    passed     77.72%
  65  Salpingoeca_rosetta                 0.00%    passed     69.79%
  66  Monosiga_brevicollis                0.00%    passed     96.09%
  67  Mnemiopsis                          0.00%    passed     27.85%
  68  Mertensiid_sp                       0.00%    passed     84.61%
  69  Pleurobrachia_pileus                0.00%    passed     70.65%
  70  Oscarella_lobularis                 0.00%    passed     99.87%
****  TOTAL                               0.00%  0 sequences failed composition chi2 test (p-value<5%; df=19)

Create initial parsimony tree by phylogenetic likelihood library (PLL)... 0.019 seconds

NOTE: 0 MB RAM (0 GB) is required!
WARNING: Number of threads seems too high for short alignments. Use -nt AUTO to determine best number of threads.
Estimate model parameters (epsilon = 0.100)
1. Initial log-likelihood: -5685.243
Optimal log-likelihood: -5645.868
Parameters optimization took 1 rounds (0.029 sec)
Computing ML distances based on estimated model parameters... 0.739 sec
Computing BIONJ tree...
0.012 seconds
Log-likelihood of BIONJ tree: -5614.692
--------------------------------------------------------------------
|             INITIALIZING CANDIDATE TREE SET                      |
--------------------------------------------------------------------
Generating 98 parsimony trees... 1.788 second
Computing log-likelihood of 98 initial trees ... 1.268 seconds
Current best score: -5614.692

Do NNI search on 20 best initial trees
Estimate model parameters (epsilon = 0.100)
BETTER TREE FOUND at iteration 1: -5588.858
Estimate model parameters (epsilon = 0.100)
BETTER TREE FOUND at iteration 3: -5584.700
Estimate model parameters (epsilon = 0.100)
BETTER TREE FOUND at iteration 7: -5579.613
Iteration 10 / LogL: -5582.368 / Time: 0h:0m:4s
Estimate model parameters (epsilon = 0.100)
BETTER TREE FOUND at iteration 17: -5573.092
Iteration 20 / LogL: -5598.393 / Time: 0h:0m:6s
Finish initializing candidate tree set (20)
Current best tree score: -5573.092 / CPU time: 6.136
Number of iterations: 20
--------------------------------------------------------------------
|               OPTIMIZING CANDIDATE TREE SET                      |
--------------------------------------------------------------------
Estimate model parameters (epsilon = 0.100)
BETTER TREE FOUND at iteration 25: -5573.012
Iteration 30 / LogL: -5576.997 / Time: 0h:0m:7s (0h:0m:25s left)
Estimate model parameters (epsilon = 0.100)
BETTER TREE FOUND at iteration 34: -5572.174
Iteration 40 / LogL: -5574.175 / Time: 0h:0m:9s (0h:0m:21s left)
Estimate model parameters (epsilon = 0.100)
BETTER TREE FOUND at iteration 41: -5568.251
Iteration 50 / LogL: -5572.175 / Time: 0h:0m:10s (0h:0m:19s left)
Estimate model parameters (epsilon = 0.100)
BETTER TREE FOUND at iteration 54: -5568.176
Iteration 60 / LogL: -5576.304 / Time: 0h:0m:12s (0h:0m:18s left)
Estimate model parameters (epsilon = 0.100)
BETTER TREE FOUND at iteration 64: -5567.169
Estimate model parameters (epsilon = 0.100)
BETTER TREE FOUND at iteration 69: -5566.105
Iteration 70 / LogL: -5568.429 / Time: 0h:0m:13s (0h:0m:19s left)
Estimate model parameters (epsilon = 0.100)
BETTER TREE FOUND at iteration 75: -5565.003
Iteration 80 / LogL: -5567.820 / Time: 0h:0m:15s (0h:0m:17s left)
Iteration 90 / LogL: -5566.219 / Time: 0h:0m:16s (0h:0m:15s left)
Iteration 100 / LogL: -5572.190 / Time: 0h:0m:17s (0h:0m:13s left)
Estimate model parameters (epsilon = 0.100)
UPDATE BEST LOG-LIKELIHOOD: -5564.948
Iteration 110 / LogL: -5565.368 / Time: 0h:0m:19s (0h:0m:11s left)
Estimate model parameters (epsilon = 0.100)
BETTER TREE FOUND at iteration 115: -5564.920
Iteration 120 / LogL: -5581.878 / Time: 0h:0m:20s (0h:0m:16s left)
Estimate model parameters (epsilon = 0.100)
BETTER TREE FOUND at iteration 128: -5563.728
Iteration 130 / LogL: -5570.108 / Time: 0h:0m:22s (0h:0m:16s left)
Iteration 140 / LogL: -5566.300 / Time: 0h:0m:23s (0h:0m:14s left)
Iteration 150 / LogL: -5568.702 / Time: 0h:0m:24s (0h:0m:12s left)
UPDATE BEST LOG-LIKELIHOOD: -5563.728
Iteration 160 / LogL: -5581.892 / Time: 0h:0m:26s (0h:0m:11s left)
UPDATE BEST LOG-LIKELIHOOD: -5563.728
Estimate model parameters (epsilon = 0.100)
BETTER TREE FOUND at iteration 167: -5562.988
Iteration 170 / LogL: -5565.180 / Time: 0h:0m:27s (0h:0m:15s left)
Iteration 180 / LogL: -5566.865 / Time: 0h:0m:28s (0h:0m:14s left)
Iteration 190 / LogL: -5563.399 / Time: 0h:0m:30s (0h:0m:12s left)
Iteration 200 / LogL: -5565.669 / Time: 0h:0m:31s (0h:0m:10s left)
Iteration 210 / LogL: -5569.864 / Time: 0h:0m:33s (0h:0m:9s left)
Iteration 220 / LogL: -5567.910 / Time: 0h:0m:34s (0h:0m:7s left)
Estimate model parameters (epsilon = 0.100)
BETTER TREE FOUND at iteration 226: -5562.784
Iteration 230 / LogL: -5565.432 / Time: 0h:0m:36s (0h:0m:15s left)
Iteration 240 / LogL: -5565.333 / Time: 0h:0m:37s (0h:0m:13s left)
Iteration 250 / LogL: -5567.824 / Time: 0h:0m:38s (0h:0m:11s left)
Iteration 260 / LogL: -5563.496 / Time: 0h:0m:40s (0h:0m:10s left)
Iteration 270 / LogL: -5563.560 / Time: 0h:0m:41s (0h:0m:8s left)
Iteration 280 / LogL: -5565.273 / Time: 0h:0m:43s (0h:0m:7s left)
Iteration 290 / LogL: -5562.988 / Time: 0h:0m:44s (0h:0m:5s left)
Iteration 300 / LogL: -5564.184 / Time: 0h:0m:46s (0h:0m:4s left)
Iteration 310 / LogL: -5563.496 / Time: 0h:0m:47s (0h:0m:2s left)
Iteration 320 / LogL: -5563.559 / Time: 0h:0m:48s (0h:0m:0s left)
TREE SEARCH COMPLETED AFTER 327 ITERATIONS / Time: 0h:0m:49s

--------------------------------------------------------------------
|                    FINALIZING TREE SEARCH                        |
--------------------------------------------------------------------
Performs final model parameters optimization
Estimate model parameters (epsilon = 0.010)
1. Initial log-likelihood: -5562.784
Optimal log-likelihood: -5562.784
Parameters optimization took 1 rounds (0.005 sec)
BEST SCORE FOUND : -5562.784
Total tree length: 22.252

Total number of iterations: 327
CPU time used for tree search: 385.357 sec (0h:6m:25s)
Wall-clock time used for tree search: 49.661 sec (0h:0m:49s)
Total CPU time used: 387.031 sec (0h:6m:27s)
Total wall-clock time used: 49.935 sec (0h:0m:49s)

Analysis results written to: 
  IQ-TREE report:                /csm_data/spielman_lab/dms_modelselection//simulations/alignments_empirical/Gal4_opisthokonta_rep19_AA.fasta.iqtree
  Maximum-likelihood tree:       /csm_data/spielman_lab/dms_modelselection//simulations/alignments_empirical/Gal4_opisthokonta_rep19_AA.fasta.treefile
  Likelihood distances:          /csm_data/spielman_lab/dms_modelselection//simulations/alignments_empirical/Gal4_opisthokonta_rep19_AA.fasta.mldist
  Screen log file:               /csm_data/spielman_lab/dms_modelselection//simulations/alignments_empirical/Gal4_opisthokonta_rep19_AA.fasta.log

Date and Time: Thu May 23 00:29:27 2019
