IQ-TREE multicore version 1.6.7 for Linux 64-bit built Aug 23 2018
Developed by Bui Quang Minh, Nguyen Lam Tung, Olga Chernomor,
Heiko Schmidt, Dominik Schrempf, Michael Woodhams.

Host:    csm-com-012 (AVX2, FMA3, 62 GB RAM)
Command: iqtree -nt 8 -m mtART+F -s /csm_data/spielman_lab/dms_modelselection//simulations/alignments_empirical/Gal4_opisthokonta_rep11_AA.fasta -st AA
Seed:    883435 (Using SPRNG - Scalable Parallel Random Number Generator)
Time:    Wed May 22 22:45:49 2019
Kernel:  AVX+FMA - 8 threads (48 CPU cores detected)

Reading alignment file /csm_data/spielman_lab/dms_modelselection//simulations/alignments_empirical/Gal4_opisthokonta_rep11_AA.fasta ... Fasta format detected
Alignment most likely contains protein sequences
Alignment has 70 sequences with 64 columns, 64 distinct patterns
60 parsimony-informative, 2 singleton sites, 2 constant sites
                                  Gap/Ambiguity  Composition  p-value
   1  Oscarella_carmela                   0.00%    passed     99.16%
   2  Leucetta_chagosensis                0.00%    passed     74.13%
   3  Sycon_raphanus                      0.00%    passed     46.29%
   4  Oopsacas_minuta                     0.00%    passed     66.95%
   5  Carteriospongia_foliascens          0.00%    passed     87.46%
   6  Amphimedon_queenslandica            0.00%    passed     87.79%
   7  Suberites_domuncula                 0.00%    passed     96.61%
   8  Lubomirskia_baicalensis             0.00%    passed     97.69%
   9  Ephydatia_muelleri                  0.00%    passed     97.42%
  10  Trichoplax_adhaerens                0.00%    passed     99.51%
  11  Nematostella_vectensis              0.00%    passed     96.95%
  12  Anemonia_viridis                    0.00%    passed     99.77%
  13  Aiptasia_pallida                    0.00%    passed     97.78%
  14  Metridium_senile                    0.00%    passed     98.32%
  15  Acropora_palmata                    0.00%    passed     98.47%
  16  Acropora_millepora                  0.00%    passed     98.84%
  17  Porites_astreoides                  0.00%    passed     72.80%
  18  Montastraea_faveolata               0.00%    passed     98.72%
  19  Cyanea_capillata                    0.00%    passed     97.23%
  20  Clytia_hemisphaerica                0.00%    passed     97.92%
  21  Podocoryna_carnea                   0.00%    passed     96.87%
  22  Hydractinia_echinata                0.00%    passed     98.88%
  23  Hydra_magnipapillata                0.00%    passed     99.77%
  24  Saccoglossus_kowalevskii            0.00%    passed     99.98%
  25  Ptychodera_flava                    0.00%    passed     99.99%
  26  Strongylocentrotus_purpuratus       0.00%    passed     99.78%
  27  Asterina_pectinifera                0.00%    passed     99.96%
  28  Branchiostoma_floridae              0.00%    passed     89.82%
  29  Petromyzon_marinus                  0.00%    passed     98.45%
  30  Gallus                              0.00%    passed     98.27%
  31  Ciona_intestinalis                  0.00%    passed     96.09%
  32  Halocynthia_roretzi                 0.00%    passed     95.94%
  33  Anoplodactylus_eroticus             0.00%    passed     98.55%
  34  Boophilus_microplus                 0.00%    passed     95.33%
  35  Daphnia_pulex                       0.00%    passed     94.01%
  36  Drosophila_melanogaster             0.00%    passed     97.60%
  37  Euperipatoides_kanangrensis         0.00%    passed     88.61%
  38  Echinoderes_horni                   0.00%    passed     95.74%
  39  Xiphinema_index                     0.00%    passed     99.42%
  40  Cerebratulus_lacteus                0.00%    passed     99.77%
  41  Terebratalia_transversa             0.00%    passed     98.92%
  42  Lottia_gigantea                     0.00%    passed     96.95%
  43  Crassostrea_virginica               0.00%    passed     84.11%
  44  Euprymna_scolopes                   0.00%    passed     98.07%
  45  Capitella_telata                    0.00%    passed     62.91%
  46  Helobdella_robusta                  0.00%    passed     99.95%
  47  Schmidtea_mediterranea              0.00%    passed     92.00%
  48  Paraplanocera_oligoglena            0.00%    passed     97.47%
  49  Xenoturbella_bocki                  0.00%    passed     98.71%
  50  Nemertoderma_westbladi              0.00%    passed     79.83%
  51  Meara_stichopi                      0.00%    failed      1.14%
  52  Isodiametra_pulchra                 0.00%    passed     70.08%
  53  Symsagittifera_roscoffensis         0.00%    passed     93.29%
  54  Convolutriloba_longifissura         0.00%    passed     99.50%
  55  Capsaspora_owczarzaki_ATCC_30864    0.00%    passed     99.86%
  56  Amoebidium_parasiticum              0.00%    passed     99.99%
  57  Sphaeroforma_arctica                0.00%    passed     64.44%
  58  Spizellomyces_punctatus             0.00%    passed     50.88%
  59  Batrachochytrium_dendrobatidis      0.00%    passed     89.57%
  60  Cryptococcus_neoformans             0.00%    passed     96.21%
  61  Saccharomyces_cerevisiae            0.00%    passed     49.79%
  62  Phycomyces_blakesleeanus            0.00%    passed     41.08%
  63  Rhizopus_orizae                     0.00%    passed     91.62%
  64  Monosiga_ovata                      0.00%    passed     99.66%
  65  Salpingoeca_rosetta                 0.00%    passed      6.85%
  66  Monosiga_brevicollis                0.00%    passed     38.41%
  67  Mnemiopsis                          0.00%    passed     38.47%
  68  Mertensiid_sp                       0.00%    passed     75.63%
  69  Pleurobrachia_pileus                0.00%    passed     88.83%
  70  Oscarella_lobularis                 0.00%    passed     97.86%
****  TOTAL                               0.00%  1 sequences failed composition chi2 test (p-value<5%; df=19)

Create initial parsimony tree by phylogenetic likelihood library (PLL)... 0.014 seconds

NOTE: 0 MB RAM (0 GB) is required!
WARNING: Number of threads seems too high for short alignments. Use -nt AUTO to determine best number of threads.
Estimate model parameters (epsilon = 0.100)
1. Initial log-likelihood: -5859.058
Optimal log-likelihood: -5792.253
Parameters optimization took 1 rounds (0.053 sec)
Computing ML distances based on estimated model parameters... 0.891 sec
Computing BIONJ tree...
0.008 seconds
Log-likelihood of BIONJ tree: -5716.210
--------------------------------------------------------------------
|             INITIALIZING CANDIDATE TREE SET                      |
--------------------------------------------------------------------
Generating 98 parsimony trees... 1.735 second
Computing log-likelihood of 98 initial trees ... 1.542 seconds
Current best score: -5716.210

Do NNI search on 20 best initial trees
Estimate model parameters (epsilon = 0.100)
BETTER TREE FOUND at iteration 1: -5679.690
Estimate model parameters (epsilon = 0.100)
BETTER TREE FOUND at iteration 8: -5672.414
Iteration 10 / LogL: -5720.279 / Time: 0h:0m:5s
Iteration 20 / LogL: -5691.840 / Time: 0h:0m:7s
Finish initializing candidate tree set (20)
Current best tree score: -5672.414 / CPU time: 7.366
Number of iterations: 20
--------------------------------------------------------------------
|               OPTIMIZING CANDIDATE TREE SET                      |
--------------------------------------------------------------------
Iteration 30 / LogL: -5678.907 / Time: 0h:0m:9s (0h:0m:25s left)
Estimate model parameters (epsilon = 0.100)
BETTER TREE FOUND at iteration 34: -5671.743
Estimate model parameters (epsilon = 0.100)
BETTER TREE FOUND at iteration 36: -5669.724
Iteration 40 / LogL: -5679.007 / Time: 0h:0m:11s (0h:0m:27s left)
Estimate model parameters (epsilon = 0.100)
BETTER TREE FOUND at iteration 48: -5669.064
Iteration 50 / LogL: -5670.273 / Time: 0h:0m:12s (0h:0m:25s left)
Estimate model parameters (epsilon = 0.100)
BETTER TREE FOUND at iteration 56: -5668.124
Iteration 60 / LogL: -5671.289 / Time: 0h:0m:14s (0h:0m:23s left)
Estimate model parameters (epsilon = 0.100)
BETTER TREE FOUND at iteration 62: -5663.050
Iteration 70 / LogL: -5665.032 / Time: 0h:0m:16s (0h:0m:21s left)
Estimate model parameters (epsilon = 0.100)
BETTER TREE FOUND at iteration 72: -5661.874
Estimate model parameters (epsilon = 0.100)
BETTER TREE FOUND at iteration 75: -5661.634
Estimate model parameters (epsilon = 0.100)
BETTER TREE FOUND at iteration 77: -5661.346
Estimate model parameters (epsilon = 0.100)
BETTER TREE FOUND at iteration 78: -5660.383
Iteration 80 / LogL: -5661.874 / Time: 0h:0m:17s (0h:0m:21s left)
Estimate model parameters (epsilon = 0.100)
BETTER TREE FOUND at iteration 84: -5657.152
Iteration 90 / LogL: -5661.550 / Time: 0h:0m:18s (0h:0m:19s left)
Iteration 100 / LogL: -5659.734 / Time: 0h:0m:20s (0h:0m:17s left)
Estimate model parameters (epsilon = 0.100)
BETTER TREE FOUND at iteration 106: -5656.748
Estimate model parameters (epsilon = 0.100)
BETTER TREE FOUND at iteration 108: -5656.365
Iteration 110 / LogL: -5656.850 / Time: 0h:0m:22s (0h:0m:19s left)
Iteration 120 / LogL: -5666.882 / Time: 0h:0m:23s (0h:0m:17s left)
Iteration 130 / LogL: -5658.478 / Time: 0h:0m:25s (0h:0m:15s left)
Estimate model parameters (epsilon = 0.100)
BETTER TREE FOUND at iteration 135: -5656.227
Estimate model parameters (epsilon = 0.100)
BETTER TREE FOUND at iteration 140: -5656.189
Iteration 140 / LogL: -5656.189 / Time: 0h:0m:26s (0h:0m:19s left)
Iteration 150 / LogL: -5659.312 / Time: 0h:0m:28s (0h:0m:17s left)
Iteration 160 / LogL: -5659.629 / Time: 0h:0m:29s (0h:0m:14s left)
Iteration 170 / LogL: -5657.749 / Time: 0h:0m:31s (0h:0m:12s left)
Iteration 180 / LogL: -5656.398 / Time: 0h:0m:33s (0h:0m:11s left)
UPDATE BEST LOG-LIKELIHOOD: -5656.189
Iteration 190 / LogL: -5659.164 / Time: 0h:0m:34s (0h:0m:9s left)
Estimate model parameters (epsilon = 0.100)
BETTER TREE FOUND at iteration 197: -5655.089
Iteration 200 / LogL: -5673.983 / Time: 0h:0m:36s (0h:0m:17s left)
Iteration 210 / LogL: -5666.596 / Time: 0h:0m:37s (0h:0m:15s left)
Estimate model parameters (epsilon = 0.100)
BETTER TREE FOUND at iteration 213: -5652.623
Estimate model parameters (epsilon = 0.100)
BETTER TREE FOUND at iteration 217: -5651.696
Iteration 220 / LogL: -5669.195 / Time: 0h:0m:39s (0h:0m:17s left)
Iteration 230 / LogL: -5656.762 / Time: 0h:0m:41s (0h:0m:15s left)
Estimate model parameters (epsilon = 0.100)
BETTER TREE FOUND at iteration 231: -5651.388
Estimate model parameters (epsilon = 0.100)
BETTER TREE FOUND at iteration 237: -5651.046
Iteration 240 / LogL: -5662.504 / Time: 0h:0m:42s (0h:0m:17s left)
Iteration 250 / LogL: -5658.552 / Time: 0h:0m:44s (0h:0m:15s left)
Iteration 260 / LogL: -5653.506 / Time: 0h:0m:46s (0h:0m:13s left)
Iteration 270 / LogL: -5653.021 / Time: 0h:0m:48s (0h:0m:11s left)
Iteration 280 / LogL: -5654.859 / Time: 0h:0m:49s (0h:0m:10s left)
Iteration 290 / LogL: -5655.128 / Time: 0h:0m:51s (0h:0m:8s left)
Estimate model parameters (epsilon = 0.100)
BETTER TREE FOUND at iteration 296: -5650.763
Iteration 300 / LogL: -5657.838 / Time: 0h:0m:53s (0h:0m:17s left)
Estimate model parameters (epsilon = 0.100)
BETTER TREE FOUND at iteration 309: -5650.083
Iteration 310 / LogL: -5653.360 / Time: 0h:0m:54s (0h:0m:17s left)
Iteration 320 / LogL: -5655.053 / Time: 0h:0m:56s (0h:0m:15s left)
Iteration 330 / LogL: -5655.975 / Time: 0h:0m:58s (0h:0m:14s left)
Iteration 340 / LogL: -5653.143 / Time: 0h:1m:0s (0h:0m:12s left)
Iteration 350 / LogL: -5672.895 / Time: 0h:1m:2s (0h:0m:10s left)
Iteration 360 / LogL: -5672.710 / Time: 0h:1m:3s (0h:0m:8s left)
Iteration 370 / LogL: -5652.573 / Time: 0h:1m:5s (0h:0m:6s left)
Iteration 380 / LogL: -5653.913 / Time: 0h:1m:7s (0h:0m:5s left)
Iteration 390 / LogL: -5650.113 / Time: 0h:1m:9s (0h:0m:3s left)
Iteration 400 / LogL: -5652.759 / Time: 0h:1m:10s (0h:0m:1s left)
Iteration 410 / LogL: -5650.113 / Time: 0h:1m:12s (0h:0m:-1s left)
TREE SEARCH COMPLETED AFTER 410 ITERATIONS / Time: 0h:1m:12s

--------------------------------------------------------------------
|                    FINALIZING TREE SEARCH                        |
--------------------------------------------------------------------
Performs final model parameters optimization
Estimate model parameters (epsilon = 0.010)
1. Initial log-likelihood: -5650.083
Optimal log-likelihood: -5650.083
Parameters optimization took 1 rounds (0.005 sec)
BEST SCORE FOUND : -5650.083
Total tree length: 23.248

Total number of iterations: 410
CPU time used for tree search: 566.439 sec (0h:9m:26s)
Wall-clock time used for tree search: 72.321 sec (0h:1m:12s)
Total CPU time used: 568.241 sec (0h:9m:28s)
Total wall-clock time used: 72.590 sec (0h:1m:12s)

Analysis results written to: 
  IQ-TREE report:                /csm_data/spielman_lab/dms_modelselection//simulations/alignments_empirical/Gal4_opisthokonta_rep11_AA.fasta.iqtree
  Maximum-likelihood tree:       /csm_data/spielman_lab/dms_modelselection//simulations/alignments_empirical/Gal4_opisthokonta_rep11_AA.fasta.treefile
  Likelihood distances:          /csm_data/spielman_lab/dms_modelselection//simulations/alignments_empirical/Gal4_opisthokonta_rep11_AA.fasta.mldist
  Screen log file:               /csm_data/spielman_lab/dms_modelselection//simulations/alignments_empirical/Gal4_opisthokonta_rep11_AA.fasta.log

Date and Time: Wed May 22 22:47:02 2019
