IQ-TREE multicore version 1.6.7 for Linux 64-bit built Aug 23 2018
Developed by Bui Quang Minh, Nguyen Lam Tung, Olga Chernomor,
Heiko Schmidt, Dominik Schrempf, Michael Woodhams.

Host:    csm-com-005 (AVX2, FMA3, 62 GB RAM)
Command: iqtree -nt 8 -m WAG+F+I+G4 -s /csm_data/spielman_lab/dms_modelselection//simulations/alignments_empirical/Gal4_spiralia_rep7_AA.fasta -st AA
Seed:    12455 (Using SPRNG - Scalable Parallel Random Number Generator)
Time:    Thu May 23 00:46:16 2019
Kernel:  AVX+FMA - 8 threads (48 CPU cores detected)

Reading alignment file /csm_data/spielman_lab/dms_modelselection//simulations/alignments_empirical/Gal4_spiralia_rep7_AA.fasta ... Fasta format detected
Alignment most likely contains protein sequences
Alignment has 103 sequences with 64 columns, 62 distinct patterns
50 parsimony-informative, 7 singleton sites, 7 constant sites
                                Gap/Ambiguity  Composition  p-value
   1  Adineta_vaga                      0.00%    passed     99.90%
   2  Rotaria_rotatoria                 0.00%    passed     99.69%
   3  Lepadella_patella                 0.00%    passed     99.99%
   4  Brachionus_plicatilis             0.00%    passed     97.55%
   5  Brachionus_manjavacas             0.00%    passed     97.55%
   6  Rhabdopleura_compacta             0.00%    passed    100.00%
   7  Ptychodera_flava                  0.00%    passed     99.99%
   8  SchizocardiumCalif_cl             0.00%    passed     99.94%
   9  Sackow                            0.00%    passed     99.71%
  10  Patmin                            0.00%    passed    100.00%
  11  Parastichopus_parvimensis         0.00%    passed     99.48%
  12  Strpur                            0.00%    passed     99.99%
  13  Florometra_serratissima           0.00%    passed    100.00%
  14  Calmil                            0.00%    passed     99.94%
  15  HUMAN                             0.00%    passed     99.98%
  16  LATCH                             0.00%    passed     99.68%
  17  LEPOC                             0.00%    passed     99.64%
  18  Petromyzon_marins                 0.00%    passed     99.74%
  19  Halocynthia_roretzi               0.00%    passed     99.99%
  20  Molgula_tectiformis               0.00%    passed    100.00%
  21  CIOIN                             0.00%    passed     99.87%
  22  Asymmetron_lucayanum              0.00%    passed     99.94%
  23  BraLan                            0.00%    passed    100.00%
  24  Leucoselenia_complicata           0.00%    passed    100.00%
  25  Sycon_ciliatum                    0.00%    passed     99.98%
  26  Oscarella_carmella                0.00%    passed     99.88%
  27  AMPQE                             0.00%    passed     99.98%
  28  Ephidatia_mulleri                 0.00%    passed    100.00%
  29  NEMVE                             0.00%    passed    100.00%
  30  Acropora_digitifera               0.00%    passed    100.00%
  31  Aurelia_aurita                    0.00%    passed     99.93%
  32  Clytia_hemisphaerica              0.00%    passed     99.64%
  33  Isodiametra_pulchra               0.00%    failed      0.00%
  34  Childia_submaculatum              0.00%    passed     92.63%
  35  Diopisthoporus_gymnopharyngeus    0.00%    passed     83.09%
  36  Hofstenia_miamia                  0.00%    passed    100.00%
  37  Meara_stichopi                    0.00%    passed     99.87%
  38  Nemertoderma_westbladi            0.00%    passed     99.81%
  39  Xenoturbella_profunda             0.00%    passed    100.00%
  40  Xenoturbella_bocki                0.00%    passed    100.00%
  41  TRICA                             0.00%    passed     99.69%
  42  DROME                             0.00%    passed     99.56%
  43  Apis_mellifera                    0.00%    passed     99.77%
  44  Daphnia_pulex                     0.00%    passed     99.99%
  45  Eudigraphis_taiwaniensis          0.00%    passed    100.00%
  46  STRMM                             0.00%    passed     99.82%
  47  Mesobuthus_martensii              0.00%    passed     88.50%
  48  Limulus_polyphemus                0.00%    passed    100.00%
  49  Peripatopsis_capensis             0.00%    passed    100.00%
  50  Enoplus_brevis                    0.00%    passed     98.87%
  51  Romanomermis_culicivorax          0.00%    passed     99.99%
  52  Ramazzottius_varieornatus         0.00%    passed     99.30%
  53  Hypsibius_dujardini               0.00%    passed     99.79%
  54  Priapulus_caudatus                0.00%    passed     99.92%
  55  Halicryptus_spinulosus            0.00%    passed    100.00%
  56  Tubiluchus_corallicola            0.00%    passed    100.00%
  57  Lepidodermella_squamata           0.00%    passed     99.49%
  58  Diuronotus_aspetos                0.00%    passed     99.75%
  59  Macrodasys_sp                     0.00%    passed     99.97%
  60  Megadasys_sp                      0.00%    passed    100.00%
  61  Catenulida_sp                     0.00%    passed     99.47%
  62  Stylochoplana_maculata            0.00%    passed    100.00%
  63  Stylochus_ellipticus              0.00%    passed     99.58%
  64  Macrostomum_lignano               0.00%    passed     82.31%
  65  LOTGI                             0.00%    passed     99.95%
  66  Aplysia_californica               0.00%    passed    100.00%
  67  CRAGI                             0.00%    passed     99.96%
  68  Leptochiton_rugatus               0.00%    passed     99.99%
  69  Neomenia_megatrapezata            0.00%    passed     99.82%
  70  CAPI1                             0.00%    passed    100.00%
  71  Lumbricus_terrestris              0.00%    passed    100.00%
  72  Nephtys_caeca                     0.00%    passed    100.00%
  73  Owenia_fusiformis                 0.00%    passed    100.00%
  74  Lineus_longissimus                0.00%    passed    100.00%
  75  Paranemertes_peregrina            0.00%    passed    100.00%
  76  Malacobdella_grossa               0.00%    passed    100.00%
  77  Tubulanus_polymorphus             0.00%    passed    100.00%
  78  Cephalothrix_linearis             0.00%    passed    100.00%
  79  Hemithiris_psittacea              0.00%    passed    100.00%
  80  Terebratalia_transversa           0.00%    passed    100.00%
  81  Glottidia_pyramidata              0.00%    passed    100.00%
  82  Linana                            0.00%    passed    100.00%
  83  Phoronopsis_harmeri               0.00%    passed     99.96%
  84  Phoronis_vancouverensis           0.00%    passed    100.00%
  85  Phoronis_psammophila              0.00%    passed    100.00%
  86  Membranipora_membranacea          0.00%    passed     99.57%
  87  Bugula_neritina                   0.00%    passed     99.82%
  88  Loxosoma_pectinaricola            0.00%    passed    100.00%
  89  Barentsia_gracilis                0.00%    passed     99.99%
  90  Sagitta_gazellae                  0.00%    passed    100.00%
  91  Sagitta_setosa                    0.00%    passed     99.51%
  92  Pterosagitta_draco                0.00%    passed     99.88%
  93  Sagitta_elegans                   0.00%    passed     99.99%
  94  Sagitta_serratodentata            0.00%    passed     99.96%
  95  Sagitta_hexaptera                 0.00%    passed     99.99%
  96  Krohnitta_sp                      0.00%    passed     99.99%
  97  Paraspadella_ovovivipara          0.00%    passed    100.00%
  98  Pargo1                            0.00%    passed    100.00%
  99  Spadella_cephaloptera             0.00%    passed    100.00%
 100  Eukrohnia_hamata                  0.00%    passed     99.99%
 101  Gnathostomula_paradoxa            0.00%    passed     99.96%
 102  Austrognathia_sp                  0.00%    passed     99.97%
 103  Limnognathia_maerski              0.00%    passed    100.00%
****  TOTAL                             0.00%  1 sequences failed composition chi2 test (p-value<5%; df=19)
NOTE: Brachionus_manjavacas is identical to Brachionus_plicatilis but kept for subsequent analysis
NOTE: Pargo1 is identical to Paraspadella_ovovivipara but kept for subsequent analysis

Create initial parsimony tree by phylogenetic likelihood library (PLL)... 0.036 seconds

NOTE: 5 MB RAM (0 GB) is required!
WARNING: Number of threads seems too high for short alignments. Use -nt AUTO to determine best number of threads.
Estimate model parameters (epsilon = 0.100)
Thoroughly optimizing +I+G parameters from 10 start values...
Init pinv, alpha: 0.000, 1.000 / Estimate: 0.000, 0.926 / LogL: -3202.992
Init pinv, alpha: 0.012, 1.000 / Estimate: 0.050, 1.112 / LogL: -3202.028
Init pinv, alpha: 0.024, 1.000 / Estimate: 0.052, 1.120 / LogL: -3202.013
Init pinv, alpha: 0.036, 1.000 / Estimate: 0.050, 1.110 / LogL: -3202.037
Init pinv, alpha: 0.049, 1.000 / Estimate: 0.057, 1.142 / LogL: -3201.978
Init pinv, alpha: 0.061, 1.000 / Estimate: 0.062, 1.165 / LogL: -3201.955
Init pinv, alpha: 0.073, 1.000 / Estimate: 0.066, 1.181 / LogL: -3201.947
Init pinv, alpha: 0.085, 1.000 / Estimate: 0.069, 1.194 / LogL: -3201.947
Init pinv, alpha: 0.097, 1.000 / Estimate: 0.071, 1.202 / LogL: -3201.950
Init pinv, alpha: 0.109, 1.000 / Estimate: 0.072, 1.210 / LogL: -3201.954
Optimal pinv,alpha: 0.069, 1.194 / LogL: -3201.947

Parameters optimization took 0.986 sec
Computing ML distances based on estimated model parameters... 4.165 sec
Computing BIONJ tree...
0.014 seconds
Log-likelihood of BIONJ tree: -3176.186
--------------------------------------------------------------------
|             INITIALIZING CANDIDATE TREE SET                      |
--------------------------------------------------------------------
Generating 98 parsimony trees... 2.726 second
Computing log-likelihood of 98 initial trees ... 2.835 seconds
Current best score: -3173.061

Do NNI search on 20 best initial trees
Estimate model parameters (epsilon = 0.100)
BETTER TREE FOUND at iteration 1: -3155.607
Iteration 10 / LogL: -3178.986 / Time: 0h:0m:10s
Estimate model parameters (epsilon = 0.100)
BETTER TREE FOUND at iteration 17: -3151.789
Iteration 20 / LogL: -3190.736 / Time: 0h:0m:14s
Finish initializing candidate tree set (20)
Current best tree score: -3151.789 / CPU time: 13.080
Number of iterations: 20
--------------------------------------------------------------------
|               OPTIMIZING CANDIDATE TREE SET                      |
--------------------------------------------------------------------
BETTER TREE FOUND at iteration 24: -3151.788
Estimate model parameters (epsilon = 0.100)
BETTER TREE FOUND at iteration 26: -3149.454
Estimate model parameters (epsilon = 0.100)
BETTER TREE FOUND at iteration 30: -3148.767
Iteration 30 / LogL: -3148.767 / Time: 0h:0m:19s (0h:1m:6s left)
Estimate model parameters (epsilon = 0.100)
BETTER TREE FOUND at iteration 32: -3146.364
BETTER TREE FOUND at iteration 35: -3146.364
BETTER TREE FOUND at iteration 36: -3146.364
Estimate model parameters (epsilon = 0.100)
BETTER TREE FOUND at iteration 38: -3145.939
Estimate model parameters (epsilon = 0.100)
BETTER TREE FOUND at iteration 39: -3145.423
Iteration 40 / LogL: -3154.071 / Time: 0h:0m:23s (0h:1m:0s left)
Iteration 50 / LogL: -3164.325 / Time: 0h:0m:28s (0h:0m:50s left)
Estimate model parameters (epsilon = 0.100)
BETTER TREE FOUND at iteration 54: -3141.104
Iteration 60 / LogL: -3144.923 / Time: 0h:0m:32s (0h:0m:51s left)
Estimate model parameters (epsilon = 0.100)
BETTER TREE FOUND at iteration 62: -3139.623
Estimate model parameters (epsilon = 0.100)
BETTER TREE FOUND at iteration 63: -3139.437
BETTER TREE FOUND at iteration 70: -3139.437
Iteration 70 / LogL: -3139.437 / Time: 0h:0m:37s (0h:0m:54s left)
Estimate model parameters (epsilon = 0.100)
BETTER TREE FOUND at iteration 72: -3138.612
Iteration 80 / LogL: -3143.930 / Time: 0h:0m:42s (0h:0m:49s left)
BETTER TREE FOUND at iteration 88: -3138.612
Iteration 90 / LogL: -3138.612 / Time: 0h:0m:46s (0h:0m:51s left)
BETTER TREE FOUND at iteration 97: -3138.612
Iteration 100 / LogL: -3147.503 / Time: 0h:0m:51s (0h:0m:50s left)
Iteration 110 / LogL: -3147.474 / Time: 0h:0m:55s (0h:0m:44s left)
Estimate model parameters (epsilon = 0.100)
BETTER TREE FOUND at iteration 113: -3138.227
Iteration 120 / LogL: -3138.227 / Time: 0h:1m:0s (0h:0m:46s left)
BETTER TREE FOUND at iteration 121: -3138.227
Iteration 130 / LogL: -3141.317 / Time: 0h:1m:4s (0h:0m:45s left)
BETTER TREE FOUND at iteration 139: -3138.227
Iteration 140 / LogL: -3138.823 / Time: 0h:1m:9s (0h:0m:49s left)
Iteration 150 / LogL: -3138.227 / Time: 0h:1m:13s (0h:0m:43s left)
Iteration 160 / LogL: -3151.174 / Time: 0h:1m:17s (0h:0m:38s left)
BETTER TREE FOUND at iteration 161: -3138.227
BETTER TREE FOUND at iteration 166: -3138.227
Iteration 170 / LogL: -3139.679 / Time: 0h:1m:22s (0h:0m:46s left)
BETTER TREE FOUND at iteration 172: -3138.227
BETTER TREE FOUND at iteration 178: -3138.227
Iteration 180 / LogL: -3139.337 / Time: 0h:1m:26s (0h:0m:47s left)
BETTER TREE FOUND at iteration 190: -3138.227
Iteration 190 / LogL: -3138.227 / Time: 0h:1m:31s (0h:0m:48s left)
BETTER TREE FOUND at iteration 193: -3138.227
Estimate model parameters (epsilon = 0.100)
BETTER TREE FOUND at iteration 194: -3135.120
Iteration 200 / LogL: -3142.487 / Time: 0h:1m:35s (0h:0m:45s left)
Iteration 210 / LogL: -3138.228 / Time: 0h:1m:40s (0h:0m:40s left)
Iteration 220 / LogL: -3145.605 / Time: 0h:1m:44s (0h:0m:35s left)
Estimate model parameters (epsilon = 0.100)
BETTER TREE FOUND at iteration 222: -3134.939
BETTER TREE FOUND at iteration 225: -3134.939
Iteration 230 / LogL: -3134.940 / Time: 0h:1m:49s (0h:0m:45s left)
Iteration 240 / LogL: -3134.939 / Time: 0h:1m:54s (0h:0m:40s left)
BETTER TREE FOUND at iteration 241: -3134.939
Iteration 250 / LogL: -3134.939 / Time: 0h:1m:58s (0h:0m:43s left)
BETTER TREE FOUND at iteration 258: -3134.939
Iteration 260 / LogL: -3147.187 / Time: 0h:2m:3s (0h:0m:46s left)
Iteration 270 / LogL: -3137.200 / Time: 0h:2m:8s (0h:0m:41s left)
Iteration 280 / LogL: -3147.216 / Time: 0h:2m:12s (0h:0m:37s left)
Iteration 290 / LogL: -3136.950 / Time: 0h:2m:17s (0h:0m:32s left)
Iteration 300 / LogL: -3140.212 / Time: 0h:2m:21s (0h:0m:27s left)
BETTER TREE FOUND at iteration 302: -3134.939
Iteration 310 / LogL: -3135.121 / Time: 0h:2m:26s (0h:0m:43s left)
Iteration 320 / LogL: -3147.739 / Time: 0h:2m:30s (0h:0m:38s left)
Iteration 330 / LogL: -3134.939 / Time: 0h:2m:34s (0h:0m:33s left)
Iteration 340 / LogL: -3147.700 / Time: 0h:2m:39s (0h:0m:29s left)
BETTER TREE FOUND at iteration 343: -3134.939
Iteration 350 / LogL: -3137.577 / Time: 0h:2m:43s (0h:0m:43s left)
Iteration 360 / LogL: -3134.939 / Time: 0h:2m:48s (0h:0m:38s left)
Iteration 370 / LogL: -3158.005 / Time: 0h:2m:53s (0h:0m:34s left)
BETTER TREE FOUND at iteration 373: -3134.939
Iteration 380 / LogL: -3140.212 / Time: 0h:2m:57s (0h:0m:43s left)
Iteration 390 / LogL: -3134.939 / Time: 0h:3m:1s (0h:0m:38s left)
BETTER TREE FOUND at iteration 400: -3134.939
Iteration 400 / LogL: -3134.939 / Time: 0h:3m:5s (0h:0m:46s left)
Iteration 410 / LogL: -3134.939 / Time: 0h:3m:10s (0h:0m:41s left)
Iteration 420 / LogL: -3145.513 / Time: 0h:3m:14s (0h:0m:37s left)
Iteration 430 / LogL: -3190.663 / Time: 0h:3m:18s (0h:0m:32s left)
BETTER TREE FOUND at iteration 435: -3134.939
Iteration 440 / LogL: -3150.209 / Time: 0h:3m:23s (0h:0m:43s left)
Iteration 450 / LogL: -3135.727 / Time: 0h:3m:28s (0h:0m:39s left)
Iteration 460 / LogL: -3166.900 / Time: 0h:3m:32s (0h:0m:34s left)
Iteration 470 / LogL: -3134.939 / Time: 0h:3m:37s (0h:0m:30s left)
Iteration 480 / LogL: -3156.397 / Time: 0h:3m:41s (0h:0m:25s left)
Iteration 490 / LogL: -3142.310 / Time: 0h:3m:46s (0h:0m:20s left)
Iteration 500 / LogL: -3134.939 / Time: 0h:3m:51s (0h:0m:16s left)
BETTER TREE FOUND at iteration 509: -3134.939
Iteration 510 / LogL: -3139.359 / Time: 0h:3m:56s (0h:0m:45s left)
Iteration 520 / LogL: -3139.683 / Time: 0h:4m:0s (0h:0m:41s left)
Iteration 530 / LogL: -3134.939 / Time: 0h:4m:4s (0h:0m:36s left)
Iteration 540 / LogL: -3135.977 / Time: 0h:4m:8s (0h:0m:31s left)
BETTER TREE FOUND at iteration 549: -3134.939
Iteration 550 / LogL: -3142.379 / Time: 0h:4m:13s (0h:0m:45s left)
BETTER TREE FOUND at iteration 552: -3134.939
Iteration 560 / LogL: -3144.173 / Time: 0h:4m:17s (0h:0m:42s left)
Iteration 570 / LogL: -3134.939 / Time: 0h:4m:21s (0h:0m:37s left)
Iteration 580 / LogL: -3134.939 / Time: 0h:4m:25s (0h:0m:33s left)
Iteration 590 / LogL: -3134.939 / Time: 0h:4m:30s (0h:0m:28s left)
Iteration 600 / LogL: -3134.939 / Time: 0h:4m:34s (0h:0m:23s left)
Iteration 610 / LogL: -3134.939 / Time: 0h:4m:38s (0h:0m:19s left)
Iteration 620 / LogL: -3154.934 / Time: 0h:4m:42s (0h:0m:14s left)
Iteration 630 / LogL: -3134.939 / Time: 0h:4m:46s (0h:0m:10s left)
Iteration 640 / LogL: -3136.084 / Time: 0h:4m:51s (0h:0m:5s left)
Iteration 650 / LogL: -3135.121 / Time: 0h:4m:55s (0h:0m:0s left)
TREE SEARCH COMPLETED AFTER 653 ITERATIONS / Time: 0h:4m:56s

--------------------------------------------------------------------
|                    FINALIZING TREE SEARCH                        |
--------------------------------------------------------------------
Performs final model parameters optimization
Estimate model parameters (epsilon = 0.010)
1. Initial log-likelihood: -3134.939
Optimal log-likelihood: -3134.939
Proportion of invariable sites: 0.066
Gamma shape alpha: 1.218
Parameters optimization took 1 rounds (0.028 sec)
BEST SCORE FOUND : -3134.939
Total tree length: 9.680

Total number of iterations: 653
CPU time used for tree search: 2331.015 sec (0h:38m:51s)
Wall-clock time used for tree search: 294.946 sec (0h:4m:54s)
Total CPU time used: 2344.369 sec (0h:39m:4s)
Total wall-clock time used: 296.674 sec (0h:4m:56s)

Analysis results written to: 
  IQ-TREE report:                /csm_data/spielman_lab/dms_modelselection//simulations/alignments_empirical/Gal4_spiralia_rep7_AA.fasta.iqtree
  Maximum-likelihood tree:       /csm_data/spielman_lab/dms_modelselection//simulations/alignments_empirical/Gal4_spiralia_rep7_AA.fasta.treefile
  Likelihood distances:          /csm_data/spielman_lab/dms_modelselection//simulations/alignments_empirical/Gal4_spiralia_rep7_AA.fasta.mldist
  Screen log file:               /csm_data/spielman_lab/dms_modelselection//simulations/alignments_empirical/Gal4_spiralia_rep7_AA.fasta.log

Date and Time: Thu May 23 00:51:12 2019
