IQ-TREE multicore version 1.6.7 for Linux 64-bit built Aug 23 2018
Developed by Bui Quang Minh, Nguyen Lam Tung, Olga Chernomor,
Heiko Schmidt, Dominik Schrempf, Michael Woodhams.

Host:    csm-com-007 (AVX2, FMA3, 62 GB RAM)
Command: iqtree -nt 8 -m mtZOA+F -s /csm_data/spielman_lab/dms_modelselection//simulations/alignments_empirical/Gal4_spiralia_rep9_AA.fasta -st AA
Seed:    464094 (Using SPRNG - Scalable Parallel Random Number Generator)
Time:    Thu May 23 00:25:42 2019
Kernel:  AVX+FMA - 8 threads (48 CPU cores detected)

Reading alignment file /csm_data/spielman_lab/dms_modelselection//simulations/alignments_empirical/Gal4_spiralia_rep9_AA.fasta ... Fasta format detected
Alignment most likely contains protein sequences
Alignment has 103 sequences with 64 columns, 62 distinct patterns
52 parsimony-informative, 6 singleton sites, 6 constant sites
                                Gap/Ambiguity  Composition  p-value
   1  Adineta_vaga                      0.00%    passed     97.22%
   2  Rotaria_rotatoria                 0.00%    passed     98.40%
   3  Lepadella_patella                 0.00%    passed     99.40%
   4  Brachionus_plicatilis             0.00%    passed     99.94%
   5  Brachionus_manjavacas             0.00%    passed     99.94%
   6  Rhabdopleura_compacta             0.00%    passed     99.99%
   7  Ptychodera_flava                  0.00%    passed     99.94%
   8  SchizocardiumCalif_cl             0.00%    passed     99.99%
   9  Sackow                            0.00%    passed    100.00%
  10  Patmin                            0.00%    passed     99.97%
  11  Parastichopus_parvimensis         0.00%    passed    100.00%
  12  Strpur                            0.00%    passed    100.00%
  13  Florometra_serratissima           0.00%    passed     99.97%
  14  Calmil                            0.00%    passed     99.98%
  15  HUMAN                             0.00%    passed     99.96%
  16  LATCH                             0.00%    passed     99.50%
  17  LEPOC                             0.00%    passed    100.00%
  18  Petromyzon_marins                 0.00%    passed    100.00%
  19  Halocynthia_roretzi               0.00%    passed    100.00%
  20  Molgula_tectiformis               0.00%    passed     99.42%
  21  CIOIN                             0.00%    passed    100.00%
  22  Asymmetron_lucayanum              0.00%    passed     99.64%
  23  BraLan                            0.00%    passed     99.64%
  24  Leucoselenia_complicata           0.00%    passed     88.93%
  25  Sycon_ciliatum                    0.00%    passed     84.38%
  26  Oscarella_carmella                0.00%    passed     81.55%
  27  AMPQE                             0.00%    passed     90.81%
  28  Ephidatia_mulleri                 0.00%    passed     99.96%
  29  NEMVE                             0.00%    passed    100.00%
  30  Acropora_digitifera               0.00%    passed     99.99%
  31  Aurelia_aurita                    0.00%    passed     83.99%
  32  Clytia_hemisphaerica              0.00%    passed     99.99%
  33  Isodiametra_pulchra               0.00%    passed     99.98%
  34  Childia_submaculatum              0.00%    passed     99.24%
  35  Diopisthoporus_gymnopharyngeus    0.00%    passed     99.93%
  36  Hofstenia_miamia                  0.00%    passed     99.99%
  37  Meara_stichopi                    0.00%    passed     99.91%
  38  Nemertoderma_westbladi            0.00%    passed     99.92%
  39  Xenoturbella_profunda             0.00%    passed     99.33%
  40  Xenoturbella_bocki                0.00%    passed     99.64%
  41  TRICA                             0.00%    passed     99.57%
  42  DROME                             0.00%    passed     98.34%
  43  Apis_mellifera                    0.00%    passed     99.66%
  44  Daphnia_pulex                     0.00%    passed     99.98%
  45  Eudigraphis_taiwaniensis          0.00%    passed     98.72%
  46  STRMM                             0.00%    passed     99.36%
  47  Mesobuthus_martensii              0.00%    passed     93.95%
  48  Limulus_polyphemus                0.00%    passed     99.96%
  49  Peripatopsis_capensis             0.00%    passed    100.00%
  50  Enoplus_brevis                    0.00%    passed     49.39%
  51  Romanomermis_culicivorax          0.00%    passed     96.46%
  52  Ramazzottius_varieornatus         0.00%    passed     99.89%
  53  Hypsibius_dujardini               0.00%    passed     99.88%
  54  Priapulus_caudatus                0.00%    passed     99.38%
  55  Halicryptus_spinulosus            0.00%    passed     99.50%
  56  Tubiluchus_corallicola            0.00%    passed     99.93%
  57  Lepidodermella_squamata           0.00%    passed     98.95%
  58  Diuronotus_aspetos                0.00%    passed     99.90%
  59  Macrodasys_sp                     0.00%    passed     99.27%
  60  Megadasys_sp                      0.00%    passed     99.90%
  61  Catenulida_sp                     0.00%    passed     65.34%
  62  Stylochoplana_maculata            0.00%    passed     96.85%
  63  Stylochus_ellipticus              0.00%    passed     97.18%
  64  Macrostomum_lignano               0.00%    passed     86.33%
  65  LOTGI                             0.00%    passed    100.00%
  66  Aplysia_californica               0.00%    passed    100.00%
  67  CRAGI                             0.00%    passed     99.99%
  68  Leptochiton_rugatus               0.00%    passed     66.89%
  69  Neomenia_megatrapezata            0.00%    passed    100.00%
  70  CAPI1                             0.00%    passed     92.06%
  71  Lumbricus_terrestris              0.00%    passed    100.00%
  72  Nephtys_caeca                     0.00%    passed     99.92%
  73  Owenia_fusiformis                 0.00%    passed    100.00%
  74  Lineus_longissimus                0.00%    passed     94.87%
  75  Paranemertes_peregrina            0.00%    passed     99.99%
  76  Malacobdella_grossa               0.00%    passed     99.99%
  77  Tubulanus_polymorphus             0.00%    passed     99.99%
  78  Cephalothrix_linearis             0.00%    passed    100.00%
  79  Hemithiris_psittacea              0.00%    passed     99.94%
  80  Terebratalia_transversa           0.00%    passed    100.00%
  81  Glottidia_pyramidata              0.00%    passed    100.00%
  82  Linana                            0.00%    passed    100.00%
  83  Phoronopsis_harmeri               0.00%    passed     99.98%
  84  Phoronis_vancouverensis           0.00%    passed     99.90%
  85  Phoronis_psammophila              0.00%    passed     99.96%
  86  Membranipora_membranacea          0.00%    passed     96.49%
  87  Bugula_neritina                   0.00%    passed     93.33%
  88  Loxosoma_pectinaricola            0.00%    passed     99.83%
  89  Barentsia_gracilis                0.00%    passed     99.96%
  90  Sagitta_gazellae                  0.00%    passed     99.75%
  91  Sagitta_setosa                    0.00%    passed     98.26%
  92  Pterosagitta_draco                0.00%    passed     99.12%
  93  Sagitta_elegans                   0.00%    passed     99.87%
  94  Sagitta_serratodentata            0.00%    passed     99.75%
  95  Sagitta_hexaptera                 0.00%    passed     99.61%
  96  Krohnitta_sp                      0.00%    passed     99.87%
  97  Paraspadella_ovovivipara          0.00%    passed     99.60%
  98  Pargo1                            0.00%    passed     99.60%
  99  Spadella_cephaloptera             0.00%    passed     65.80%
 100  Eukrohnia_hamata                  0.00%    passed     99.22%
 101  Gnathostomula_paradoxa            0.00%    passed     90.00%
 102  Austrognathia_sp                  0.00%    passed     99.81%
 103  Limnognathia_maerski              0.00%    passed     98.11%
****  TOTAL                             0.00%  0 sequences failed composition chi2 test (p-value<5%; df=19)
NOTE: Brachionus_manjavacas is identical to Brachionus_plicatilis but kept for subsequent analysis
NOTE: BraLan is identical to Asymmetron_lucayanum but kept for subsequent analysis
NOTE: Malacobdella_grossa is identical to Paranemertes_peregrina but kept for subsequent analysis
NOTE: Linana is identical to Glottidia_pyramidata but kept for subsequent analysis
NOTE: Pargo1 is identical to Paraspadella_ovovivipara but kept for subsequent analysis

Create initial parsimony tree by phylogenetic likelihood library (PLL)... 0.013 seconds

NOTE: 1 MB RAM (0 GB) is required!
WARNING: Number of threads seems too high for short alignments. Use -nt AUTO to determine best number of threads.
Estimate model parameters (epsilon = 0.100)
1. Initial log-likelihood: -3432.089
Optimal log-likelihood: -3374.968
Parameters optimization took 1 rounds (0.030 sec)
Computing ML distances based on estimated model parameters... 1.203 sec
Computing BIONJ tree...
0.012 seconds
Log-likelihood of BIONJ tree: -3327.119
--------------------------------------------------------------------
|             INITIALIZING CANDIDATE TREE SET                      |
--------------------------------------------------------------------
Generating 98 parsimony trees... 1.548 second
Computing log-likelihood of 98 initial trees ... 1.886 seconds
Current best score: -3310.523

Do NNI search on 20 best initial trees
Estimate model parameters (epsilon = 0.100)
BETTER TREE FOUND at iteration 1: -3290.296
Iteration 10 / LogL: -3319.957 / Time: 0h:0m:5s
Iteration 20 / LogL: -3327.921 / Time: 0h:0m:6s
Finish initializing candidate tree set (20)
Current best tree score: -3290.296 / CPU time: 6.595
Number of iterations: 20
--------------------------------------------------------------------
|               OPTIMIZING CANDIDATE TREE SET                      |
--------------------------------------------------------------------
Estimate model parameters (epsilon = 0.100)
BETTER TREE FOUND at iteration 24: -3290.151
Iteration 30 / LogL: -3308.303 / Time: 0h:0m:8s (0h:0m:28s left)
Estimate model parameters (epsilon = 0.100)
BETTER TREE FOUND at iteration 32: -3289.698
Estimate model parameters (epsilon = 0.100)
BETTER TREE FOUND at iteration 37: -3284.965
Iteration 40 / LogL: -3290.806 / Time: 0h:0m:10s (0h:0m:26s left)
Estimate model parameters (epsilon = 0.100)
BETTER TREE FOUND at iteration 43: -3279.021
Estimate model parameters (epsilon = 0.100)
BETTER TREE FOUND at iteration 48: -3275.785
Estimate model parameters (epsilon = 0.100)
BETTER TREE FOUND at iteration 50: -3274.618
Iteration 50 / LogL: -3274.618 / Time: 0h:0m:13s (0h:0m:26s left)
BETTER TREE FOUND at iteration 59: -3274.617
Iteration 60 / LogL: -3281.711 / Time: 0h:0m:15s (0h:0m:25s left)
Estimate model parameters (epsilon = 0.100)
BETTER TREE FOUND at iteration 65: -3269.231
Iteration 70 / LogL: -3280.681 / Time: 0h:0m:17s (0h:0m:23s left)
Iteration 80 / LogL: -3273.688 / Time: 0h:0m:19s (0h:0m:20s left)
Iteration 90 / LogL: -3278.050 / Time: 0h:0m:21s (0h:0m:17s left)
Iteration 100 / LogL: -3278.420 / Time: 0h:0m:23s (0h:0m:15s left)
Iteration 110 / LogL: -3274.756 / Time: 0h:0m:25s (0h:0m:13s left)
Estimate model parameters (epsilon = 0.100)
BETTER TREE FOUND at iteration 116: -3268.641
Iteration 120 / LogL: -3278.166 / Time: 0h:0m:27s (0h:0m:22s left)
BETTER TREE FOUND at iteration 122: -3268.641
BETTER TREE FOUND at iteration 127: -3268.641
Iteration 130 / LogL: -3273.966 / Time: 0h:0m:30s (0h:0m:22s left)
Estimate model parameters (epsilon = 0.100)
BETTER TREE FOUND at iteration 134: -3267.424
Iteration 140 / LogL: -3295.496 / Time: 0h:0m:32s (0h:0m:21s left)
Iteration 150 / LogL: -3274.169 / Time: 0h:0m:34s (0h:0m:19s left)
BETTER TREE FOUND at iteration 158: -3267.423
Iteration 160 / LogL: -3296.206 / Time: 0h:0m:36s (0h:0m:22s left)
Estimate model parameters (epsilon = 0.100)
BETTER TREE FOUND at iteration 170: -3266.985
Iteration 170 / LogL: -3266.985 / Time: 0h:0m:38s (0h:0m:22s left)
Iteration 180 / LogL: -3273.622 / Time: 0h:0m:40s (0h:0m:20s left)
Iteration 190 / LogL: -3275.622 / Time: 0h:0m:42s (0h:0m:18s left)
BETTER TREE FOUND at iteration 194: -3266.985
BETTER TREE FOUND at iteration 197: -3266.985
Iteration 200 / LogL: -3272.501 / Time: 0h:0m:44s (0h:0m:21s left)
Iteration 210 / LogL: -3269.913 / Time: 0h:0m:47s (0h:0m:19s left)
Estimate model parameters (epsilon = 0.100)
BETTER TREE FOUND at iteration 216: -3266.975
Iteration 220 / LogL: -3266.985 / Time: 0h:0m:49s (0h:0m:21s left)
Estimate model parameters (epsilon = 0.100)
BETTER TREE FOUND at iteration 226: -3266.756
Iteration 230 / LogL: -3267.533 / Time: 0h:0m:51s (0h:0m:21s left)
Iteration 240 / LogL: -3282.998 / Time: 0h:0m:53s (0h:0m:19s left)
Iteration 250 / LogL: -3271.310 / Time: 0h:0m:55s (0h:0m:16s left)
Iteration 260 / LogL: -3266.975 / Time: 0h:0m:57s (0h:0m:14s left)
Iteration 270 / LogL: -3276.005 / Time: 0h:1m:0s (0h:0m:12s left)
BETTER TREE FOUND at iteration 275: -3266.756
Iteration 280 / LogL: -3271.607 / Time: 0h:1m:2s (0h:0m:21s left)
Estimate model parameters (epsilon = 0.100)
BETTER TREE FOUND at iteration 281: -3266.315
Iteration 290 / LogL: -3266.315 / Time: 0h:1m:4s (0h:0m:20s left)
Iteration 300 / LogL: -3283.915 / Time: 0h:1m:5s (0h:0m:17s left)
BETTER TREE FOUND at iteration 305: -3266.315
Iteration 310 / LogL: -3268.787 / Time: 0h:1m:7s (0h:0m:20s left)
BETTER TREE FOUND at iteration 317: -3266.315
Iteration 320 / LogL: -3275.189 / Time: 0h:1m:9s (0h:0m:20s left)
Iteration 330 / LogL: -3277.256 / Time: 0h:1m:10s (0h:0m:18s left)
BETTER TREE FOUND at iteration 339: -3266.315
BETTER TREE FOUND at iteration 340: -3266.315
Iteration 340 / LogL: -3266.315 / Time: 0h:1m:12s (0h:0m:21s left)
BETTER TREE FOUND at iteration 348: -3266.315
Iteration 350 / LogL: -3266.315 / Time: 0h:1m:13s (0h:0m:20s left)
Iteration 360 / LogL: -3266.315 / Time: 0h:1m:15s (0h:0m:18s left)
BETTER TREE FOUND at iteration 366: -3266.315
Iteration 370 / LogL: -3266.325 / Time: 0h:1m:16s (0h:0m:19s left)
BETTER TREE FOUND at iteration 377: -3266.315
Iteration 380 / LogL: -3266.315 / Time: 0h:1m:18s (0h:0m:20s left)
BETTER TREE FOUND at iteration 388: -3266.315
Iteration 390 / LogL: -3266.315 / Time: 0h:1m:19s (0h:0m:20s left)
Iteration 400 / LogL: -3271.369 / Time: 0h:1m:21s (0h:0m:17s left)
Iteration 410 / LogL: -3277.652 / Time: 0h:1m:23s (0h:0m:15s left)
Iteration 420 / LogL: -3266.315 / Time: 0h:1m:24s (0h:0m:13s left)
Iteration 430 / LogL: -3306.799 / Time: 0h:1m:26s (0h:0m:11s left)
BETTER TREE FOUND at iteration 436: -3266.315
Iteration 440 / LogL: -3271.778 / Time: 0h:1m:27s (0h:0m:19s left)
Iteration 450 / LogL: -3266.315 / Time: 0h:1m:29s (0h:0m:17s left)
Iteration 460 / LogL: -3281.899 / Time: 0h:1m:31s (0h:0m:15s left)
Iteration 470 / LogL: -3270.095 / Time: 0h:1m:32s (0h:0m:13s left)
Iteration 480 / LogL: -3270.595 / Time: 0h:1m:34s (0h:0m:11s left)
Iteration 490 / LogL: -3272.241 / Time: 0h:1m:35s (0h:0m:9s left)
Iteration 500 / LogL: -3266.315 / Time: 0h:1m:37s (0h:0m:7s left)
Iteration 510 / LogL: -3266.315 / Time: 0h:1m:39s (0h:0m:5s left)
Iteration 520 / LogL: -3266.315 / Time: 0h:1m:40s (0h:0m:3s left)
Iteration 530 / LogL: -3275.345 / Time: 0h:1m:42s (0h:0m:1s left)
TREE SEARCH COMPLETED AFTER 537 ITERATIONS / Time: 0h:1m:43s

--------------------------------------------------------------------
|                    FINALIZING TREE SEARCH                        |
--------------------------------------------------------------------
Performs final model parameters optimization
Estimate model parameters (epsilon = 0.010)
1. Initial log-likelihood: -3266.315
Optimal log-likelihood: -3266.315
Parameters optimization took 1 rounds (0.006 sec)
BEST SCORE FOUND : -3266.315
Total tree length: 7.917

Total number of iterations: 537
CPU time used for tree search: 812.536 sec (0h:13m:32s)
Wall-clock time used for tree search: 102.993 sec (0h:1m:42s)
Total CPU time used: 814.536 sec (0h:13m:34s)
Total wall-clock time used: 103.288 sec (0h:1m:43s)

Analysis results written to: 
  IQ-TREE report:                /csm_data/spielman_lab/dms_modelselection//simulations/alignments_empirical/Gal4_spiralia_rep9_AA.fasta.iqtree
  Maximum-likelihood tree:       /csm_data/spielman_lab/dms_modelselection//simulations/alignments_empirical/Gal4_spiralia_rep9_AA.fasta.treefile
  Likelihood distances:          /csm_data/spielman_lab/dms_modelselection//simulations/alignments_empirical/Gal4_spiralia_rep9_AA.fasta.mldist
  Screen log file:               /csm_data/spielman_lab/dms_modelselection//simulations/alignments_empirical/Gal4_spiralia_rep9_AA.fasta.log

Date and Time: Thu May 23 00:27:25 2019
