IQ-TREE multicore version 1.6.7 for Linux 64-bit built Aug 23 2018
Developed by Bui Quang Minh, Nguyen Lam Tung, Olga Chernomor,
Heiko Schmidt, Dominik Schrempf, Michael Woodhams.

Host:    csm-com-009 (AVX2, FMA3, 62 GB RAM)
Command: iqtree -nt 8 -m mtVer -s /csm_data/spielman_lab/dms_modelselection//simulations/alignments_empirical/Gal4_greenalga_rep17_AA.fasta -st AA
Seed:    450002 (Using SPRNG - Scalable Parallel Random Number Generator)
Time:    Thu May 23 00:17:21 2019
Kernel:  AVX+FMA - 8 threads (48 CPU cores detected)

Reading alignment file /csm_data/spielman_lab/dms_modelselection//simulations/alignments_empirical/Gal4_greenalga_rep17_AA.fasta ... Fasta format detected
Alignment most likely contains protein sequences
Alignment has 23 sequences with 64 columns, 56 distinct patterns
33 parsimony-informative, 14 singleton sites, 17 constant sites
                                Gap/Ambiguity  Composition  p-value
   1  Schizomeris_leibleinii            0.00%    passed     97.64%
   2  Stigeoclonium_helveticum          0.00%    passed     99.43%
   3  Floydiella_terrestris             0.00%    passed     99.24%
   4  Oedogonium_cardiacum              0.00%    passed     98.54%
   5  Dunaliella_salina                 0.00%    passed     97.23%
   6  Chlamydomonas_reinhardtii         0.00%    passed     99.99%
   7  Gonium_pectorale                  0.00%    passed     99.17%
   8  Pleodorina_starrii                0.00%    passed     99.82%
   9  Volvox_carteri                    0.00%    passed     99.87%
  10  Bracteacoccus_aerius              0.00%    passed    100.00%
  11  Bracteacoccus_minor               0.00%    passed    100.00%
  12  Mychonastes_homosphaera           0.00%    passed     99.89%
  13  Pseudomuriella_schumacherensis    0.00%    passed    100.00%
  14  Kirchneriella_aperta              0.00%    passed     99.93%
  15  Ourococcus_multisporus            0.00%    passed     99.92%
  16  Pediastrum_duplex                 0.00%    passed     99.99%
  17  Chlorotetraedron_incus            0.00%    passed     99.93%
  18  Neochloris_aquatica               0.00%    passed     99.80%
  19  Scenedesmus_obliquus              0.00%    passed    100.00%
  20  Rotundella_rotunda                0.00%    passed     99.99%
  21  Chromochloris_zofingiensis        0.00%    passed     99.39%
  22  Atractomorpha_echinata            0.00%    passed     99.98%
  23  Ankyra_judai                      0.00%    passed     99.98%
****  TOTAL                             0.00%  0 sequences failed composition chi2 test (p-value<5%; df=19)

Create initial parsimony tree by phylogenetic likelihood library (PLL)... 0.001 seconds

NOTE: 0 MB RAM (0 GB) is required!
WARNING: Number of threads seems too high for short alignments. Use -nt AUTO to determine best number of threads.
Estimate model parameters (epsilon = 0.100)
1. Initial log-likelihood: -1074.124
Optimal log-likelihood: -1062.333
Parameters optimization took 1 rounds (0.016 sec)
Computing ML distances based on estimated model parameters... 0.114 sec
Computing BIONJ tree...
0.002 seconds
Log-likelihood of BIONJ tree: -1061.284
--------------------------------------------------------------------
|             INITIALIZING CANDIDATE TREE SET                      |
--------------------------------------------------------------------
Generating 98 parsimony trees... 0.217 second
Computing log-likelihood of 98 initial trees ... 0.289 seconds
Current best score: -1058.343

Do NNI search on 20 best initial trees
Estimate model parameters (epsilon = 0.100)
BETTER TREE FOUND at iteration 1: -1057.597
UPDATE BEST LOG-LIKELIHOOD: -1057.597
UPDATE BEST LOG-LIKELIHOOD: -1057.597
UPDATE BEST LOG-LIKELIHOOD: -1057.597
UPDATE BEST LOG-LIKELIHOOD: -1057.597
Iteration 10 / LogL: -1060.506 / Time: 0h:0m:0s
Iteration 20 / LogL: -1057.597 / Time: 0h:0m:0s
Finish initializing candidate tree set (4)
Current best tree score: -1057.597 / CPU time: 0.778
Number of iterations: 20
--------------------------------------------------------------------
|               OPTIMIZING CANDIDATE TREE SET                      |
--------------------------------------------------------------------
Estimate model parameters (epsilon = 0.100)
BETTER TREE FOUND at iteration 23: -1056.616
Iteration 30 / LogL: -1057.597 / Time: 0h:0m:1s (0h:0m:3s left)
Iteration 40 / LogL: -1057.597 / Time: 0h:0m:1s (0h:0m:2s left)
Iteration 50 / LogL: -1057.599 / Time: 0h:0m:1s (0h:0m:2s left)
UPDATE BEST LOG-LIKELIHOOD: -1056.616
Iteration 60 / LogL: -1056.616 / Time: 0h:0m:2s (0h:0m:2s left)
UPDATE BEST LOG-LIKELIHOOD: -1056.616
Iteration 70 / LogL: -1056.619 / Time: 0h:0m:2s (0h:0m:1s left)
Iteration 80 / LogL: -1056.617 / Time: 0h:0m:2s (0h:0m:1s left)
UPDATE BEST LOG-LIKELIHOOD: -1056.616
Iteration 90 / LogL: -1057.597 / Time: 0h:0m:2s (0h:0m:1s left)
Iteration 100 / LogL: -1056.616 / Time: 0h:0m:3s (0h:0m:0s left)
Iteration 110 / LogL: -1056.616 / Time: 0h:0m:3s (0h:0m:0s left)
Iteration 120 / LogL: -1057.597 / Time: 0h:0m:3s (0h:0m:0s left)
TREE SEARCH COMPLETED AFTER 124 ITERATIONS / Time: 0h:0m:3s

--------------------------------------------------------------------
|                    FINALIZING TREE SEARCH                        |
--------------------------------------------------------------------
Performs final model parameters optimization
Estimate model parameters (epsilon = 0.010)
1. Initial log-likelihood: -1056.616
Optimal log-likelihood: -1056.616
Parameters optimization took 1 rounds (0.002 sec)
BEST SCORE FOUND : -1056.616
Total tree length: 2.800

Total number of iterations: 124
CPU time used for tree search: 30.619 sec (0h:0m:30s)
Wall-clock time used for tree search: 3.866 sec (0h:0m:3s)
Total CPU time used: 30.981 sec (0h:0m:30s)
Total wall-clock time used: 3.932 sec (0h:0m:3s)

Analysis results written to: 
  IQ-TREE report:                /csm_data/spielman_lab/dms_modelselection//simulations/alignments_empirical/Gal4_greenalga_rep17_AA.fasta.iqtree
  Maximum-likelihood tree:       /csm_data/spielman_lab/dms_modelselection//simulations/alignments_empirical/Gal4_greenalga_rep17_AA.fasta.treefile
  Likelihood distances:          /csm_data/spielman_lab/dms_modelselection//simulations/alignments_empirical/Gal4_greenalga_rep17_AA.fasta.mldist
  Screen log file:               /csm_data/spielman_lab/dms_modelselection//simulations/alignments_empirical/Gal4_greenalga_rep17_AA.fasta.log

Date and Time: Thu May 23 00:17:25 2019
