IQ-TREE multicore version 1.6.7 for Linux 64-bit built Aug 23 2018
Developed by Bui Quang Minh, Nguyen Lam Tung, Olga Chernomor,
Heiko Schmidt, Dominik Schrempf, Michael Woodhams.

Host:    csm-com-004 (AVX2, FMA3, 62 GB RAM)
Command: iqtree -nt 8 -m FLU+I+G4 -s /csm_data/spielman_lab/dms_modelselection//simulations/alignments_empirical/Gal4_andersen_rep1_AA.fasta -st AA
Seed:    28872 (Using SPRNG - Scalable Parallel Random Number Generator)
Time:    Wed May 22 23:19:51 2019
Kernel:  AVX+FMA - 8 threads (48 CPU cores detected)

Reading alignment file /csm_data/spielman_lab/dms_modelselection//simulations/alignments_empirical/Gal4_andersen_rep1_AA.fasta ... Fasta format detected
Alignment most likely contains protein sequences
Alignment has 179 sequences with 64 columns, 63 distinct patterns
46 parsimony-informative, 10 singleton sites, 8 constant sites
                      Gap/Ambiguity  Composition  p-value
   1  BA366-S-GIN-2003        0.00%    passed     95.06%
   2  G502-S-SLE-2009         0.00%    passed     99.81%
   3  G1180-S-SLE-2010        0.00%    passed     99.99%
   4  G2147-S-SLE-2011        0.00%    passed     98.91%
   5  G2165-S-SLE-2011        0.00%    passed     99.99%
   6  LM222-S-SLE-2010        0.00%    passed     99.98%
   7  LM774-S-SLE-2012        0.00%    passed     99.90%
   8  LM778-S-SLE-2012        0.00%    passed     99.90%
   9  G2184-S-SLE-2011        0.00%    passed     99.82%
  10  LM776-S-SLE-2012        0.00%    passed     99.93%
  11  G503-S-SLE-2009         0.00%    passed     99.95%
  12  G2318-S-SLE-2012        0.00%    passed     98.73%
  13  G1959-S-SLE-2011        0.00%    passed     99.98%
  14  G3010-S-SLE-2013        0.00%    passed     99.89%
  15  G610-S-SLE-2009         0.00%    passed    100.00%
  16  G693-S-SLE-2009         0.00%    passed    100.00%
  17  G771-S-SLE-2010         0.00%    passed    100.00%
  18  G1792-S-SLE-2011        0.00%    passed    100.00%
  19  G1960-S-SLE-2011        0.00%    passed    100.00%
  20  G2565-S-SLE-2012        0.00%    passed    100.00%
  21  G2197-S-SLE-2011        0.00%    passed     99.98%
  22  LM032-S-SLE-2010        0.00%    passed    100.00%
  23  Josiah-S-SLE-1976       0.00%    passed     99.99%
  24  G808-S-SLE-2010         0.00%    passed     99.98%
  25  G2868-S-SLE-2012        0.00%    passed     99.97%
  26  G676-S-SLE-2009         0.00%    passed     99.80%
  27  G2405-S-SLE-2012        0.00%    passed     99.66%
  28  G1190-S-SLE-2010        0.00%    passed     99.03%
  29  G2944-S-SLE-2012        0.00%    passed     99.98%
  30  LM765-S-SLE-2012        0.00%    passed     99.98%
  31  G3148-S-SLE-2013        0.00%    passed     99.91%
  32  Z0947-S-SLE-2011        0.00%    passed     99.98%
  33  Z0948-S-SLE-2011        0.00%    passed     99.98%
  34  G1727-S-SLE-2011        0.00%    passed     99.98%
  35  G1647-S-SLE-2011        0.00%    passed     99.92%
  36  G2295-S-SLE-2012        0.00%    passed     99.98%
  37  G2587-S-SLE-2012        0.00%    passed     99.98%
  38  G2280-S-SLE-2012        0.00%    passed     99.99%
  39  G3016-S-SLE-2013        0.00%    passed     99.99%
  40  G3106-S-SLE-2013        0.00%    passed     99.99%
  41  G2612-S-SLE-2012        0.00%    passed     99.92%
  42  LM779-S-SLE-2012        0.00%    passed     99.98%
  43  G692-S-SLE-2009         0.00%    passed     99.98%
  44  LM395-S-SLE-2009        0.00%    passed     99.86%
  45  G1774-S-SLE-2011        0.00%    passed     97.61%
  46  G2222-S-SLE-2011        0.00%    passed     97.61%
  47  G636-S-SLE-2009         0.00%    passed     99.99%
  48  G2315-S-SLE-2012        0.00%    passed     99.99%
  49  G2903-S-SLE-2012        0.00%    passed     99.99%
  50  G3206-S-SLE-2013        0.00%    passed     99.79%
  51  G733-S-SLE-2010         0.00%    passed     99.81%
  52  G2554-S-SLE-2012        0.00%    passed     97.44%
  53  G1618-S-SLE-2011        0.00%    passed     99.98%
  54  G1646-S-SLE-2011        0.00%    passed     99.97%
  55  G2427-S-SLE-2012        0.00%    passed     98.69%
  56  G2392-S-SLE-2012        0.00%    passed     98.70%
  57  G3229-S-SLE-2013        0.00%    passed     99.17%
  58  G3151-S-SLE-2013        0.00%    passed     99.51%
  59  G3248-S-SLE-2013        0.00%    passed     99.51%
  60  G3170-S-SLE-2013        0.00%    passed     99.51%
  61  NL-S-SLE-2000           0.00%    passed     99.97%
  62  G2263-S-SLE-2012        0.00%    passed     99.97%
  63  G2431-S-SLE-2012        0.00%    passed     97.84%
  64  G1442-S-SLE-2011        0.00%    passed     94.93%
  65  G2141-S-SLE-2011        0.00%    passed     91.32%
  66  G1529-S-SLE-2011        0.00%    passed     99.58%
  67  G3234-S-SLE-2013        0.00%    passed     99.87%
  68  G2363-S-SLE-2012        0.00%    passed     99.64%
  69  G2259-S-SLE-2012        0.00%    passed     99.47%
  70  G2723-S-SLE-2012        0.00%    passed     99.47%
  71  G3278-S-SLE-2013        0.00%    passed     99.81%
  72  G2557-S-SLE-2012        0.00%    passed     99.93%
  73  G2615-S-SLE-2012        0.00%    passed     99.47%
  74  G1200-S-LIB-2010        0.00%    passed     99.83%
  75  Macenta-S-GIN-1982      0.00%    passed     87.73%
  76  Z148-S-LIB-1981         0.00%    passed     95.50%
  77  Nig08-A18-S-NIG-2008    0.00%    passed     11.01%
  78  Nig08-A19-S-NIG-2008    0.00%    passed     19.23%
  79  CSF-S-NIG-2001          0.00%    passed     68.68%
  80  ISTH0009-S-NIG-2011     0.00%    passed    100.00%
  81  LASV979-S-NIG-2009      0.00%    passed    100.00%
  82  LASV237-S-NIG-2010      0.00%    passed    100.00%
  83  LASV711-S-NIG-2009      0.00%    passed    100.00%
  84  LASV992-S-NIG-2009      0.00%    passed    100.00%
  85  ISTH0230-S-NIG-2011     0.00%    passed    100.00%
  86  LASV975-S-NIG-2009      0.00%    passed     99.10%
  87  ISTH2061-S-NIG-2012     0.00%    passed    100.00%
  88  Nig08-A41-S-NIG-2008    0.00%    passed    100.00%
  89  ISTH2217-S-NIG-2012     0.00%    passed     99.98%
  90  ISTH1064-S-NIG-2011     0.00%    passed    100.00%
  91  ISTH2334-S-NIG-2012     0.00%    passed    100.00%
  92  LASV245-S-NIG-2011      0.00%    passed    100.00%
  93  LASV1011-S-NIG-2009     0.00%    passed    100.00%
  94  ISTH2312-S-NIG-2012     0.00%    passed    100.00%
  95  LASV1000-S-NIG-2009     0.00%    passed    100.00%
  96  ISTH2010-S-NIG-2012     0.00%    passed    100.00%
  97  ISTH2016-S-NIG-2012     0.00%    passed    100.00%
  98  Nig08-A37-S-NIG-2008    0.00%    passed     99.55%
  99  LASV737-S-NIG-2009      0.00%    passed     99.65%
 100  LASV719-S-NIG-2009      0.00%    passed    100.00%
 101  LASV046-S-NIG-2009      0.00%    passed    100.00%
 102  ISTH2042-S-NIG-2012     0.00%    passed     99.99%
 103  LASV274-S-NIG-2010      0.00%    passed    100.00%
 104  LASV263-S-NIG-2011      0.00%    passed     98.07%
 105  ISTH1137-S-NIG-2011     0.00%    passed     99.91%
 106  LASV976-S-NIG-2009      0.00%    passed    100.00%
 107  LASV1016-S-NIG-2009     0.00%    passed    100.00%
 108  LASV229-S-NIG-2010      0.00%    passed    100.00%
 109  ISTH2129-S-NIG-2012     0.00%    passed     99.99%
 110  ISTH2057-S-NIG-2012     0.00%    passed    100.00%
 111  LASV058-S-NIG-2008      0.00%    passed    100.00%
 112  ISTH1038-S-NIG-2011     0.00%    passed     99.96%
 113  LASV056-S-NIG-2008      0.00%    passed    100.00%
 114  LASV042-S-NIG-2009      0.00%    passed    100.00%
 115  LASV981-S-NIG-2009      0.00%    passed    100.00%
 116  LASV256-S-NIG-2010      0.00%    passed    100.00%
 117  LASV052-S-NIG-2008      0.00%    passed    100.00%
 118  LASV063-S-NIG-2009      0.00%    passed    100.00%
 119  ISTH0595-S-NIG-2011     0.00%    passed    100.00%
 120  ISTH1096-S-NIG-2012     0.00%    passed     99.98%
 121  LASV221-S-NIG-2010      0.00%    passed     99.98%
 122  LASV977-S-NIG-2009      0.00%    passed     99.92%
 123  LASV971-S-NIG-2009      0.00%    passed    100.00%
 124  LASV967-S-NIG-2009      0.00%    passed    100.00%
 125  ISTH2050-S-NIG-2012     0.00%    passed     99.99%
 126  ISTH2031-S-NIG-2012     0.00%    passed     99.99%
 127  ISTH2376-S-NIG-2012     0.00%    passed     99.99%
 128  LASV991-S-NIG-2009      0.00%    passed    100.00%
 129  LASV267-S-NIG-2010      0.00%    passed    100.00%
 130  LASV049-S-NIG-2009      0.00%    passed     99.99%
 131  LASV239-S-NIG-2010      0.00%    passed     99.94%
 132  ISTH2037-S-NIG-2012     0.00%    passed    100.00%
 133  ISTH1069-S-NIG-2011     0.00%    passed     99.92%
 134  ISTH1129-S-NIG-2012     0.00%    passed     98.77%
 135  ISTH2304-S-NIG-2012     0.00%    passed     97.85%
 136  LASV246-S-NIG-2010      0.00%    passed    100.00%
 137  ISTH1111-S-NIG-2011     0.00%    passed     99.99%
 138  LASV006-S-NIG-2008      0.00%    passed     99.99%
 139  ISTH0531-S-NIG-2011     0.00%    passed    100.00%
 140  LASV254-S-NIG-2011      0.00%    passed    100.00%
 141  ISTH2358-S-NIG-2012     0.00%    passed    100.00%
 142  LASV966-S-NIG-2009      0.00%    passed    100.00%
 143  ISTH1058-S-NIG-2011     0.00%    passed     99.44%
 144  LASV241-S-NIG-2011      0.00%    passed     99.44%
 145  LASV271-S-NIG-2010      0.00%    passed     99.44%
 146  Nig08-A47-S-NIG-2008    0.00%    passed     98.00%
 147  ISTH0012-S-NIG-2011     0.00%    passed    100.00%
 148  LASV993-S-NIG-2009      0.00%    passed    100.00%
 149  ISTH2046-S-NIG-2012     0.00%    passed     99.99%
 150  LASV1008-S-NIG-2009     0.00%    passed     99.99%
 151  ISTH2020-S-NIG-2012     0.00%    passed    100.00%
 152  LASV003-S-NIG-2008      0.00%    passed    100.00%
 153  LASV242-S-NIG-2010      0.00%    passed    100.00%
 154  LASV253-S-NIG-2011      0.00%    passed    100.00%
 155  LASV982-S-NIG-2009      0.00%    passed    100.00%
 156  LASV251-S-NIG-2010      0.00%    passed    100.00%
 157  LASV989-S-NIG-2009      0.00%    passed    100.00%
 158  ISTH0047-S-NIG-2011     0.00%    passed     99.86%
 159  LASV990-S-NIG-2009      0.00%    passed     99.94%
 160  ISTH1003-S-NIG-2011     0.00%    passed     99.94%
 161  ISTH0073-S-NIG-2011     0.00%    passed     99.94%
 162  ISTH2316-S-NIG-2012     0.00%    passed     99.94%
 163  LASV225-S-NIG-2010      0.00%    passed     99.93%
 164  LASV978-S-NIG-2009      0.00%    passed     99.94%
 165  ISTH1048-S-NIG-2011     0.00%    passed     99.91%
 166  LASV045-S-NIG-2009      0.00%    passed     99.99%
 167  ISTH2025-S-NIG-2012     0.00%    passed     99.98%
 168  LASV250-S-NIG-2011      0.00%    passed     99.99%
 169  LASV1015-S-NIG-2009     0.00%    passed     99.99%
 170  LASV035-S-NIG-2009      0.00%    passed    100.00%
 171  ISTH1107-S-NIG-2012     0.00%    passed     99.98%
 172  ISTH2271-S-NIG-2012     0.00%    passed     99.27%
 173  ISTH1121-S-NIG-2012     0.00%    passed    100.00%
 174  ISTH2065-S-NIG-2012     0.00%    passed     93.02%
 175  ISTH2066-S-NIG-2012     0.00%    passed     93.02%
 176  ISTH2094-S-NIG-2012     0.00%    passed     99.93%
 177  Nig08-04-S-NIG-2008     0.00%    passed    100.00%
 178  Pinneo-S-NIG-1969       0.00%    passed     80.76%
 179  AV-S-CIV-1999           0.00%    passed     84.37%
****  TOTAL                   0.00%  0 sequences failed composition chi2 test (p-value<5%; df=19)
NOTE: LM778-S-SLE-2012 is identical to LM774-S-SLE-2012 but kept for subsequent analysis
NOTE: G693-S-SLE-2009 is identical to G610-S-SLE-2009 but kept for subsequent analysis
NOTE: LM765-S-SLE-2012 is identical to G2944-S-SLE-2012 but kept for subsequent analysis
NOTE: G2587-S-SLE-2012 is identical to G2295-S-SLE-2012 but kept for subsequent analysis
NOTE: G3016-S-SLE-2013 is identical to G2280-S-SLE-2012 but kept for subsequent analysis
NOTE: G2222-S-SLE-2011 is identical to G1774-S-SLE-2011 but kept for subsequent analysis
NOTE: G3248-S-SLE-2013 is identical to G3151-S-SLE-2013 but kept for subsequent analysis
NOTE: G2723-S-SLE-2012 is identical to G2259-S-SLE-2012 but kept for subsequent analysis
NOTE: LASV979-S-NIG-2009 is identical to ISTH0009-S-NIG-2011 but kept for subsequent analysis
NOTE: LASV245-S-NIG-2011 is identical to Nig08-A41-S-NIG-2008 but kept for subsequent analysis
NOTE: ISTH2334-S-NIG-2012 is identical to ISTH1064-S-NIG-2011 but kept for subsequent analysis
NOTE: ISTH2016-S-NIG-2012 is identical to ISTH2010-S-NIG-2012 but kept for subsequent analysis
NOTE: LASV1016-S-NIG-2009 is identical to LASV976-S-NIG-2009 but kept for subsequent analysis
NOTE: LASV058-S-NIG-2008 is identical to ISTH2057-S-NIG-2012 but kept for subsequent analysis
NOTE: LASV052-S-NIG-2008 is identical to LASV981-S-NIG-2009 but kept for subsequent analysis
NOTE: LASV221-S-NIG-2010 is identical to ISTH1096-S-NIG-2012 but kept for subsequent analysis
NOTE: LASV006-S-NIG-2008 is identical to ISTH1111-S-NIG-2011 but kept for subsequent analysis
NOTE: LASV254-S-NIG-2011 is identical to ISTH0531-S-NIG-2011 but kept for subsequent analysis
NOTE: LASV241-S-NIG-2011 is identical to ISTH1058-S-NIG-2011 but kept for subsequent analysis
NOTE: LASV993-S-NIG-2009 is identical to ISTH0012-S-NIG-2011 but kept for subsequent analysis
NOTE: LASV242-S-NIG-2010 is identical to LASV003-S-NIG-2008 but kept for subsequent analysis
NOTE: ISTH1003-S-NIG-2011 is identical to LASV990-S-NIG-2009 but kept for subsequent analysis
NOTE: LASV250-S-NIG-2011 is identical to LASV045-S-NIG-2009 but kept for subsequent analysis
NOTE: ISTH2066-S-NIG-2012 is identical to ISTH2065-S-NIG-2012 but kept for subsequent analysis
NOTE: 30 identical sequences (see below) will be ignored for subsequent analysis
NOTE: G771-S-SLE-2010 (identical to G610-S-SLE-2009) is ignored but added at the end
NOTE: G1792-S-SLE-2011 (identical to G610-S-SLE-2009) is ignored but added at the end
NOTE: G1960-S-SLE-2011 (identical to G610-S-SLE-2009) is ignored but added at the end
NOTE: G2565-S-SLE-2012 (identical to G610-S-SLE-2009) is ignored but added at the end
NOTE: LM032-S-SLE-2010 (identical to G610-S-SLE-2009) is ignored but added at the end
NOTE: Z0947-S-SLE-2011 (identical to G2944-S-SLE-2012) is ignored but added at the end
NOTE: Z0948-S-SLE-2011 (identical to G2944-S-SLE-2012) is ignored but added at the end
NOTE: G1727-S-SLE-2011 (identical to G2944-S-SLE-2012) is ignored but added at the end
NOTE: G3106-S-SLE-2013 (identical to G2280-S-SLE-2012) is ignored but added at the end
NOTE: G3170-S-SLE-2013 (identical to G3151-S-SLE-2013) is ignored but added at the end
NOTE: G2615-S-SLE-2012 (identical to G2259-S-SLE-2012) is ignored but added at the end
NOTE: LASV237-S-NIG-2010 (identical to ISTH0009-S-NIG-2011) is ignored but added at the end
NOTE: LASV711-S-NIG-2009 (identical to ISTH0009-S-NIG-2011) is ignored but added at the end
NOTE: LASV992-S-NIG-2009 (identical to ISTH0009-S-NIG-2011) is ignored but added at the end
NOTE: ISTH0230-S-NIG-2011 (identical to ISTH0009-S-NIG-2011) is ignored but added at the end
NOTE: LASV1011-S-NIG-2009 (identical to Nig08-A41-S-NIG-2008) is ignored but added at the end
NOTE: LASV719-S-NIG-2009 (identical to ISTH2010-S-NIG-2012) is ignored but added at the end
NOTE: LASV046-S-NIG-2009 (identical to ISTH2010-S-NIG-2012) is ignored but added at the end
NOTE: LASV274-S-NIG-2010 (identical to ISTH2010-S-NIG-2012) is ignored but added at the end
NOTE: LASV056-S-NIG-2008 (identical to ISTH2057-S-NIG-2012) is ignored but added at the end
NOTE: ISTH0595-S-NIG-2011 (identical to LASV981-S-NIG-2009) is ignored but added at the end
NOTE: LASV971-S-NIG-2009 (identical to LASV981-S-NIG-2009) is ignored but added at the end
NOTE: LASV271-S-NIG-2010 (identical to ISTH1058-S-NIG-2011) is ignored but added at the end
NOTE: ISTH2020-S-NIG-2012 (identical to ISTH0012-S-NIG-2011) is ignored but added at the end
NOTE: LASV253-S-NIG-2011 (identical to LASV003-S-NIG-2008) is ignored but added at the end
NOTE: ISTH1121-S-NIG-2012 (identical to LASV003-S-NIG-2008) is ignored but added at the end
NOTE: ISTH0073-S-NIG-2011 (identical to LASV990-S-NIG-2009) is ignored but added at the end
NOTE: ISTH2316-S-NIG-2012 (identical to LASV990-S-NIG-2009) is ignored but added at the end
NOTE: LASV978-S-NIG-2009 (identical to LASV990-S-NIG-2009) is ignored but added at the end
NOTE: LASV1015-S-NIG-2009 (identical to LASV045-S-NIG-2009) is ignored but added at the end

For your convenience alignment with unique sequences printed to /csm_data/spielman_lab/dms_modelselection//simulations/alignments_empirical/Gal4_andersen_rep1_AA.fasta.uniqueseq.phy

Create initial parsimony tree by phylogenetic likelihood library (PLL)... 0.023 seconds

NOTE: 7 MB RAM (0 GB) is required!
WARNING: Number of threads seems too high for short alignments. Use -nt AUTO to determine best number of threads.
Estimate model parameters (epsilon = 0.100)
Thoroughly optimizing +I+G parameters from 10 start values...
Init pinv, alpha: 0.000, 1.000 / Estimate: 0.000, 0.900 / LogL: -2389.801
Init pinv, alpha: 0.014, 1.000 / Estimate: 0.015, 0.951 / LogL: -2389.743
Init pinv, alpha: 0.028, 1.000 / Estimate: 0.027, 0.997 / LogL: -2389.728
Init pinv, alpha: 0.042, 1.000 / Estimate: 0.036, 1.038 / LogL: -2389.741
Init pinv, alpha: 0.056, 1.000 / Estimate: 0.043, 1.072 / LogL: -2389.768
Init pinv, alpha: 0.069, 1.000 / Estimate: 0.049, 1.098 / LogL: -2389.799
Init pinv, alpha: 0.083, 1.000 / Estimate: 0.048, 1.092 / LogL: -2389.792
Init pinv, alpha: 0.097, 1.000 / Estimate: 0.050, 1.103 / LogL: -2389.808
Init pinv, alpha: 0.111, 1.000 / Estimate: 0.052, 1.112 / LogL: -2389.823
Init pinv, alpha: 0.125, 1.000 / Estimate: 0.053, 1.118 / LogL: -2389.838
Optimal pinv,alpha: 0.027, 0.997 / LogL: -2389.728

Parameters optimization took 1.663 sec
Computing ML distances based on estimated model parameters... 11.128 sec
Computing BIONJ tree...
0.030 seconds
Log-likelihood of BIONJ tree: -2456.564
--------------------------------------------------------------------
|             INITIALIZING CANDIDATE TREE SET                      |
--------------------------------------------------------------------
Generating 98 parsimony trees... 3.731 second
Computing log-likelihood of 98 initial trees ... 5.795 seconds
Current best score: -2365.886

Do NNI search on 20 best initial trees
Estimate model parameters (epsilon = 0.100)
BETTER TREE FOUND at iteration 1: -2358.756
Estimate model parameters (epsilon = 0.100)
BETTER TREE FOUND at iteration 4: -2357.084
Iteration 10 / LogL: -2364.661 / Time: 0h:0m:17s
Iteration 20 / LogL: -2371.533 / Time: 0h:0m:21s
Finish initializing candidate tree set (20)
Current best tree score: -2357.084 / CPU time: 18.151
Number of iterations: 20
--------------------------------------------------------------------
|               OPTIMIZING CANDIDATE TREE SET                      |
--------------------------------------------------------------------
Iteration 30 / LogL: -2358.756 / Time: 0h:0m:28s (0h:1m:13s left)
BETTER TREE FOUND at iteration 40: -2357.083
Iteration 40 / LogL: -2357.083 / Time: 0h:0m:37s (0h:1m:34s left)
BETTER TREE FOUND at iteration 45: -2357.083
Iteration 50 / LogL: -2357.614 / Time: 0h:0m:45s (0h:1m:27s left)
BETTER TREE FOUND at iteration 51: -2357.083
Iteration 60 / LogL: -2358.592 / Time: 0h:0m:53s (0h:1m:21s left)
BETTER TREE FOUND at iteration 66: -2357.083
Iteration 70 / LogL: -2364.621 / Time: 0h:1m:1s (0h:1m:25s left)
BETTER TREE FOUND at iteration 72: -2357.082
BETTER TREE FOUND at iteration 75: -2357.082
Iteration 80 / LogL: -2361.368 / Time: 0h:1m:9s (0h:1m:23s left)
BETTER TREE FOUND at iteration 83: -2357.082
Iteration 90 / LogL: -2373.723 / Time: 0h:1m:16s (0h:1m:20s left)
BETTER TREE FOUND at iteration 91: -2357.082
BETTER TREE FOUND at iteration 100: -2357.081
Iteration 100 / LogL: -2357.081 / Time: 0h:1m:24s (0h:1m:25s left)
BETTER TREE FOUND at iteration 106: -2357.081
Iteration 110 / LogL: -2357.081 / Time: 0h:1m:32s (0h:1m:21s left)
Iteration 120 / LogL: -2368.095 / Time: 0h:1m:40s (0h:1m:12s left)
BETTER TREE FOUND at iteration 123: -2357.081
BETTER TREE FOUND at iteration 130: -2357.081
Iteration 130 / LogL: -2357.081 / Time: 0h:1m:48s (0h:1m:23s left)
Estimate model parameters (epsilon = 0.100)
BETTER TREE FOUND at iteration 135: -2356.071
Estimate model parameters (epsilon = 0.100)
BETTER TREE FOUND at iteration 140: -2355.808
Iteration 140 / LogL: -2355.808 / Time: 0h:1m:56s (0h:1m:23s left)
Estimate model parameters (epsilon = 0.100)
BETTER TREE FOUND at iteration 142: -2355.275
BETTER TREE FOUND at iteration 144: -2355.275
Iteration 150 / LogL: -2357.183 / Time: 0h:2m:5s (0h:1m:18s left)
Iteration 160 / LogL: -2362.933 / Time: 0h:2m:14s (0h:1m:11s left)
Estimate model parameters (epsilon = 0.100)
BETTER TREE FOUND at iteration 165: -2355.145
Iteration 170 / LogL: -2355.275 / Time: 0h:2m:23s (0h:1m:20s left)
Iteration 180 / LogL: -2360.753 / Time: 0h:2m:32s (0h:1m:12s left)
Iteration 190 / LogL: -2363.366 / Time: 0h:2m:41s (0h:1m:4s left)
Iteration 200 / LogL: -2361.584 / Time: 0h:2m:50s (0h:0m:55s left)
Iteration 210 / LogL: -2358.188 / Time: 0h:2m:59s (0h:0m:47s left)
Iteration 220 / LogL: -2359.036 / Time: 0h:3m:9s (0h:0m:38s left)
Iteration 230 / LogL: -2359.410 / Time: 0h:3m:18s (0h:0m:30s left)
Iteration 240 / LogL: -2375.923 / Time: 0h:3m:27s (0h:0m:21s left)
Iteration 250 / LogL: -2368.302 / Time: 0h:3m:36s (0h:0m:13s left)
BETTER TREE FOUND at iteration 256: -2355.143
Iteration 260 / LogL: -2366.106 / Time: 0h:3m:45s (0h:1m:23s left)
Iteration 270 / LogL: -2368.338 / Time: 0h:3m:54s (0h:1m:14s left)
Iteration 280 / LogL: -2360.322 / Time: 0h:4m:2s (0h:1m:5s left)
Iteration 290 / LogL: -2356.784 / Time: 0h:4m:10s (0h:0m:57s left)
Iteration 300 / LogL: -2355.522 / Time: 0h:4m:19s (0h:0m:48s left)
Iteration 310 / LogL: -2355.395 / Time: 0h:4m:28s (0h:0m:40s left)
BETTER TREE FOUND at iteration 312: -2355.143
Iteration 320 / LogL: -2355.143 / Time: 0h:4m:37s (0h:1m:20s left)
Iteration 330 / LogL: -2355.143 / Time: 0h:4m:47s (0h:1m:11s left)
BETTER TREE FOUND at iteration 331: -2355.143
Iteration 340 / LogL: -2358.903 / Time: 0h:4m:56s (0h:1m:19s left)
Iteration 350 / LogL: -2366.576 / Time: 0h:5m:4s (0h:1m:10s left)
BETTER TREE FOUND at iteration 355: -2355.143
BETTER TREE FOUND at iteration 360: -2355.143
Iteration 360 / LogL: -2355.143 / Time: 0h:5m:14s (0h:1m:27s left)
Estimate model parameters (epsilon = 0.100)
BETTER TREE FOUND at iteration 367: -2354.072
Iteration 370 / LogL: -2354.072 / Time: 0h:5m:22s (0h:1m:24s left)
Estimate model parameters (epsilon = 0.100)
BETTER TREE FOUND at iteration 377: -2353.241
Iteration 380 / LogL: -2354.207 / Time: 0h:5m:31s (0h:1m:24s left)
Iteration 390 / LogL: -2353.257 / Time: 0h:5m:40s (0h:1m:16s left)
Estimate model parameters (epsilon = 0.100)
BETTER TREE FOUND at iteration 393: -2353.042
Iteration 400 / LogL: -2357.495 / Time: 0h:5m:48s (0h:1m:21s left)
Iteration 410 / LogL: -2359.522 / Time: 0h:5m:57s (0h:1m:12s left)
Iteration 420 / LogL: -2353.240 / Time: 0h:6m:6s (0h:1m:3s left)
BETTER TREE FOUND at iteration 428: -2353.042
Iteration 430 / LogL: -2373.060 / Time: 0h:6m:14s (0h:1m:25s left)
BETTER TREE FOUND at iteration 438: -2353.042
Iteration 440 / LogL: -2369.468 / Time: 0h:6m:23s (0h:1m:25s left)
Iteration 450 / LogL: -2373.249 / Time: 0h:6m:31s (0h:1m:16s left)
Iteration 460 / LogL: -2355.951 / Time: 0h:6m:39s (0h:1m:7s left)
Iteration 470 / LogL: -2358.919 / Time: 0h:6m:47s (0h:0m:59s left)
Iteration 480 / LogL: -2357.893 / Time: 0h:6m:55s (0h:0m:50s left)
Iteration 490 / LogL: -2353.819 / Time: 0h:7m:3s (0h:0m:41s left)
Iteration 500 / LogL: -2353.257 / Time: 0h:7m:11s (0h:0m:32s left)
Iteration 510 / LogL: -2353.042 / Time: 0h:7m:20s (0h:0m:24s left)
Iteration 520 / LogL: -2355.682 / Time: 0h:7m:28s (0h:0m:15s left)
Iteration 530 / LogL: -2426.804 / Time: 0h:7m:37s (0h:0m:6s left)
TREE SEARCH COMPLETED AFTER 539 ITERATIONS / Time: 0h:7m:45s

--------------------------------------------------------------------
|                    FINALIZING TREE SEARCH                        |
--------------------------------------------------------------------
Performs final model parameters optimization
Estimate model parameters (epsilon = 0.010)
1. Initial log-likelihood: -2353.042
Optimal log-likelihood: -2353.041
Proportion of invariable sites: 0.027
Gamma shape alpha: 0.986
Parameters optimization took 1 rounds (0.048 sec)
BEST SCORE FOUND : -2353.041
Total tree length: 9.108

Total number of iterations: 539
CPU time used for tree search: 3642.098 sec (1h:0m:42s)
Wall-clock time used for tree search: 461.718 sec (0h:7m:41s)
Total CPU time used: 3668.427 sec (1h:1m:8s)
Total wall-clock time used: 465.247 sec (0h:7m:45s)

Analysis results written to: 
  IQ-TREE report:                /csm_data/spielman_lab/dms_modelselection//simulations/alignments_empirical/Gal4_andersen_rep1_AA.fasta.iqtree
  Maximum-likelihood tree:       /csm_data/spielman_lab/dms_modelselection//simulations/alignments_empirical/Gal4_andersen_rep1_AA.fasta.treefile
  Likelihood distances:          /csm_data/spielman_lab/dms_modelselection//simulations/alignments_empirical/Gal4_andersen_rep1_AA.fasta.mldist
  Screen log file:               /csm_data/spielman_lab/dms_modelselection//simulations/alignments_empirical/Gal4_andersen_rep1_AA.fasta.log

Date and Time: Wed May 22 23:27:36 2019
