IQ-TREE multicore version 1.6.7 for Linux 64-bit built Aug 23 2018
Developed by Bui Quang Minh, Nguyen Lam Tung, Olga Chernomor,
Heiko Schmidt, Dominik Schrempf, Michael Woodhams.

Host:    csm-com-004 (AVX2, FMA3, 62 GB RAM)
Command: iqtree -nt 8 -m JTT+I+G4 -s /csm_data/spielman_lab/dms_modelselection//simulations/alignments_empirical/Gal4_greenalga_rep14_AA.fasta -st AA
Seed:    88386 (Using SPRNG - Scalable Parallel Random Number Generator)
Time:    Tue Apr 16 11:48:51 2019
Kernel:  AVX+FMA - 8 threads (48 CPU cores detected)

Reading alignment file /csm_data/spielman_lab/dms_modelselection//simulations/alignments_empirical/Gal4_greenalga_rep14_AA.fasta ... Fasta format detected
Alignment most likely contains protein sequences
Alignment has 23 sequences with 64 columns, 51 distinct patterns
31 parsimony-informative, 6 singleton sites, 27 constant sites
                                Gap/Ambiguity  Composition  p-value
   1  Schizomeris_leibleinii            0.00%    passed     98.72%
   2  Stigeoclonium_helveticum          0.00%    passed     81.82%
   3  Floydiella_terrestris             0.00%    passed     93.29%
   4  Oedogonium_cardiacum              0.00%    passed     99.45%
   5  Dunaliella_salina                 0.00%    failed      2.35%
   6  Chlamydomonas_reinhardtii         0.00%    passed     98.65%
   7  Gonium_pectorale                  0.00%    passed     99.75%
   8  Pleodorina_starrii                0.00%    passed     96.33%
   9  Volvox_carteri                    0.00%    passed     98.39%
  10  Bracteacoccus_aerius              0.00%    passed    100.00%
  11  Bracteacoccus_minor               0.00%    passed    100.00%
  12  Mychonastes_homosphaera           0.00%    passed     99.98%
  13  Pseudomuriella_schumacherensis    0.00%    passed    100.00%
  14  Kirchneriella_aperta              0.00%    passed     99.67%
  15  Ourococcus_multisporus            0.00%    passed     99.47%
  16  Pediastrum_duplex                 0.00%    passed    100.00%
  17  Chlorotetraedron_incus            0.00%    passed    100.00%
  18  Neochloris_aquatica               0.00%    passed     99.92%
  19  Scenedesmus_obliquus              0.00%    passed    100.00%
  20  Rotundella_rotunda                0.00%    passed     99.68%
  21  Chromochloris_zofingiensis        0.00%    passed     99.36%
  22  Atractomorpha_echinata            0.00%    passed    100.00%
  23  Ankyra_judai                      0.00%    passed    100.00%
****  TOTAL                             0.00%  1 sequences failed composition chi2 test (p-value<5%; df=19)
NOTE: Ankyra_judai is identical to Atractomorpha_echinata but kept for subsequent analysis

Create initial parsimony tree by phylogenetic likelihood library (PLL)... 0.001 seconds

NOTE: 1 MB RAM (0 GB) is required!
WARNING: Number of threads seems too high for short alignments. Use -nt AUTO to determine best number of threads.
Estimate model parameters (epsilon = 0.100)
Thoroughly optimizing +I+G parameters from 10 start values...
Init pinv, alpha: 0.000, 1.000 / Estimate: 0.000, 0.631 / LogL: -933.413
Init pinv, alpha: 0.047, 1.000 / Estimate: 0.070, 0.752 / LogL: -932.921
Init pinv, alpha: 0.094, 1.000 / Estimate: 0.365, 4.060 / LogL: -929.059
Init pinv, alpha: 0.141, 1.000 / Estimate: 0.366, 4.094 / LogL: -929.058
Init pinv, alpha: 0.188, 1.000 / Estimate: 0.366, 4.105 / LogL: -929.057
Init pinv, alpha: 0.234, 1.000 / Estimate: 0.363, 3.985 / LogL: -929.064
Init pinv, alpha: 0.281, 1.000 / Estimate: 0.362, 3.972 / LogL: -929.065
Init pinv, alpha: 0.328, 1.000 / Estimate: 0.367, 4.158 / LogL: -929.056
Init pinv, alpha: 0.375, 1.000 / Estimate: 0.370, 4.236 / LogL: -929.055
Init pinv, alpha: 0.422, 1.000 / Estimate: 0.371, 4.284 / LogL: -929.055
Optimal pinv,alpha: 0.370, 4.236 / LogL: -929.055

Parameters optimization took 0.442 sec
Computing ML distances based on estimated model parameters... 0.296 sec
Computing BIONJ tree...
0.002 seconds
Log-likelihood of BIONJ tree: -929.302
--------------------------------------------------------------------
|             INITIALIZING CANDIDATE TREE SET                      |
--------------------------------------------------------------------
Generating 98 parsimony trees... 0.217 second
Computing log-likelihood of 98 initial trees ... 0.571 seconds
Current best score: -924.258

Do NNI search on 20 best initial trees
Estimate model parameters (epsilon = 0.100)
BETTER TREE FOUND at iteration 1: -924.243
UPDATE BEST LOG-LIKELIHOOD: -924.243
UPDATE BEST LOG-LIKELIHOOD: -924.243
UPDATE BEST LOG-LIKELIHOOD: -924.243
Iteration 10 / LogL: -925.659 / Time: 0h:0m:1s
UPDATE BEST LOG-LIKELIHOOD: -924.243
Iteration 20 / LogL: -927.651 / Time: 0h:0m:1s
Finish initializing candidate tree set (4)
Current best tree score: -924.243 / CPU time: 1.438
Number of iterations: 20
--------------------------------------------------------------------
|               OPTIMIZING CANDIDATE TREE SET                      |
--------------------------------------------------------------------
UPDATE BEST LOG-LIKELIHOOD: -924.243
Iteration 30 / LogL: -924.243 / Time: 0h:0m:2s (0h:0m:6s left)
UPDATE BEST LOG-LIKELIHOOD: -924.243
Iteration 40 / LogL: -924.243 / Time: 0h:0m:3s (0h:0m:4s left)
UPDATE BEST LOG-LIKELIHOOD: -924.243
Iteration 50 / LogL: -924.243 / Time: 0h:0m:3s (0h:0m:3s left)
UPDATE BEST LOG-LIKELIHOOD: -924.243
Iteration 60 / LogL: -924.243 / Time: 0h:0m:4s (0h:0m:2s left)
UPDATE BEST LOG-LIKELIHOOD: -924.243
Iteration 70 / LogL: -924.243 / Time: 0h:0m:4s (0h:0m:2s left)
Iteration 80 / LogL: -924.243 / Time: 0h:0m:5s (0h:0m:1s left)
UPDATE BEST LOG-LIKELIHOOD: -924.243
Iteration 90 / LogL: -924.243 / Time: 0h:0m:6s (0h:0m:0s left)
UPDATE BEST LOG-LIKELIHOOD: -924.243
Iteration 100 / LogL: -924.243 / Time: 0h:0m:6s (0h:0m:0s left)
UPDATE BEST LOG-LIKELIHOOD: -924.243
TREE SEARCH COMPLETED AFTER 102 ITERATIONS / Time: 0h:0m:6s

--------------------------------------------------------------------
|                    FINALIZING TREE SEARCH                        |
--------------------------------------------------------------------
Performs final model parameters optimization
Estimate model parameters (epsilon = 0.010)
1. Initial log-likelihood: -924.243
Optimal log-likelihood: -924.243
Proportion of invariable sites: 0.366
Gamma shape alpha: 3.807
Parameters optimization took 1 rounds (0.005 sec)
BEST SCORE FOUND : -924.243
Total tree length: 2.396

Total number of iterations: 102
CPU time used for tree search: 49.249 sec (0h:0m:49s)
Wall-clock time used for tree search: 6.214 sec (0h:0m:6s)
Total CPU time used: 53.229 sec (0h:0m:53s)
Total wall-clock time used: 6.726 sec (0h:0m:6s)

Analysis results written to: 
  IQ-TREE report:                /csm_data/spielman_lab/dms_modelselection//simulations/alignments_empirical/Gal4_greenalga_rep14_AA.fasta.iqtree
  Maximum-likelihood tree:       /csm_data/spielman_lab/dms_modelselection//simulations/alignments_empirical/Gal4_greenalga_rep14_AA.fasta.treefile
  Likelihood distances:          /csm_data/spielman_lab/dms_modelselection//simulations/alignments_empirical/Gal4_greenalga_rep14_AA.fasta.mldist
  Screen log file:               /csm_data/spielman_lab/dms_modelselection//simulations/alignments_empirical/Gal4_greenalga_rep14_AA.fasta.log

Date and Time: Tue Apr 16 11:48:57 2019
