IQ-TREE multicore version 1.6.7 for Linux 64-bit built Aug 23 2018
Developed by Bui Quang Minh, Nguyen Lam Tung, Olga Chernomor,
Heiko Schmidt, Dominik Schrempf, Michael Woodhams.

Host:    csm-com-009 (AVX2, FMA3, 62 GB RAM)
Command: iqtree -nt 8 -m Blosum62+I+G4 -s /csm_data/spielman_lab/dms_modelselection//simulations/alignments_empirical/Gal4_andersen_rep17_AA.fasta -st AA
Seed:    959037 (Using SPRNG - Scalable Parallel Random Number Generator)
Time:    Thu May 23 01:07:57 2019
Kernel:  AVX+FMA - 8 threads (48 CPU cores detected)

Reading alignment file /csm_data/spielman_lab/dms_modelselection//simulations/alignments_empirical/Gal4_andersen_rep17_AA.fasta ... Fasta format detected
Alignment most likely contains protein sequences
Alignment has 179 sequences with 64 columns, 61 distinct patterns
53 parsimony-informative, 4 singleton sites, 7 constant sites
                      Gap/Ambiguity  Composition  p-value
   1  BA366-S-GIN-2003        0.00%    passed     99.81%
   2  G502-S-SLE-2009         0.00%    passed     99.80%
   3  G1180-S-SLE-2010        0.00%    passed     99.96%
   4  G2147-S-SLE-2011        0.00%    passed     99.99%
   5  G2165-S-SLE-2011        0.00%    passed     99.98%
   6  LM222-S-SLE-2010        0.00%    passed     99.28%
   7  LM774-S-SLE-2012        0.00%    passed     99.99%
   8  LM778-S-SLE-2012        0.00%    passed     99.99%
   9  G2184-S-SLE-2011        0.00%    passed     99.99%
  10  LM776-S-SLE-2012        0.00%    passed    100.00%
  11  G503-S-SLE-2009         0.00%    failed      0.56%
  12  G2318-S-SLE-2012        0.00%    passed    100.00%
  13  G1959-S-SLE-2011        0.00%    passed    100.00%
  14  G3010-S-SLE-2013        0.00%    passed    100.00%
  15  G610-S-SLE-2009         0.00%    passed     99.98%
  16  G693-S-SLE-2009         0.00%    passed     99.98%
  17  G771-S-SLE-2010         0.00%    passed     99.98%
  18  G1792-S-SLE-2011        0.00%    passed     99.98%
  19  G1960-S-SLE-2011        0.00%    passed     99.98%
  20  G2565-S-SLE-2012        0.00%    passed     99.98%
  21  G2197-S-SLE-2011        0.00%    passed    100.00%
  22  LM032-S-SLE-2010        0.00%    passed     99.99%
  23  Josiah-S-SLE-1976       0.00%    passed     99.99%
  24  G808-S-SLE-2010         0.00%    passed     99.95%
  25  G2868-S-SLE-2012        0.00%    passed     99.97%
  26  G676-S-SLE-2009         0.00%    passed     99.99%
  27  G2405-S-SLE-2012        0.00%    passed     99.99%
  28  G1190-S-SLE-2010        0.00%    passed     99.98%
  29  G2944-S-SLE-2012        0.00%    passed     99.98%
  30  LM765-S-SLE-2012        0.00%    passed     99.98%
  31  G3148-S-SLE-2013        0.00%    passed     99.98%
  32  Z0947-S-SLE-2011        0.00%    passed     99.98%
  33  Z0948-S-SLE-2011        0.00%    passed     99.98%
  34  G1727-S-SLE-2011        0.00%    passed     99.98%
  35  G1647-S-SLE-2011        0.00%    passed     99.99%
  36  G2295-S-SLE-2012        0.00%    passed    100.00%
  37  G2587-S-SLE-2012        0.00%    passed    100.00%
  38  G2280-S-SLE-2012        0.00%    passed     99.99%
  39  G3016-S-SLE-2013        0.00%    passed     99.99%
  40  G3106-S-SLE-2013        0.00%    passed     99.99%
  41  G2612-S-SLE-2012        0.00%    passed     99.99%
  42  LM779-S-SLE-2012        0.00%    passed     99.98%
  43  G692-S-SLE-2009         0.00%    passed     99.96%
  44  LM395-S-SLE-2009        0.00%    passed     99.97%
  45  G1774-S-SLE-2011        0.00%    passed     99.98%
  46  G2222-S-SLE-2011        0.00%    passed     99.97%
  47  G636-S-SLE-2009         0.00%    passed     99.97%
  48  G2315-S-SLE-2012        0.00%    passed    100.00%
  49  G2903-S-SLE-2012        0.00%    passed    100.00%
  50  G3206-S-SLE-2013        0.00%    passed     80.42%
  51  G733-S-SLE-2010         0.00%    passed     97.45%
  52  G2554-S-SLE-2012        0.00%    passed     99.95%
  53  G1618-S-SLE-2011        0.00%    passed     99.90%
  54  G1646-S-SLE-2011        0.00%    passed     99.77%
  55  G2427-S-SLE-2012        0.00%    passed     99.98%
  56  G2392-S-SLE-2012        0.00%    passed     96.39%
  57  G3229-S-SLE-2013        0.00%    passed     99.55%
  58  G3151-S-SLE-2013        0.00%    passed     98.74%
  59  G3248-S-SLE-2013        0.00%    passed     98.74%
  60  G3170-S-SLE-2013        0.00%    passed     98.74%
  61  NL-S-SLE-2000           0.00%    passed     99.98%
  62  G2263-S-SLE-2012        0.00%    passed     99.96%
  63  G2431-S-SLE-2012        0.00%    passed     99.19%
  64  G1442-S-SLE-2011        0.00%    passed     99.90%
  65  G2141-S-SLE-2011        0.00%    passed     98.65%
  66  G1529-S-SLE-2011        0.00%    passed     99.64%
  67  G3234-S-SLE-2013        0.00%    passed     99.64%
  68  G2363-S-SLE-2012        0.00%    passed     97.90%
  69  G2259-S-SLE-2012        0.00%    passed     86.32%
  70  G2723-S-SLE-2012        0.00%    passed     86.32%
  71  G3278-S-SLE-2013        0.00%    passed     71.97%
  72  G2557-S-SLE-2012        0.00%    passed     90.10%
  73  G2615-S-SLE-2012        0.00%    passed     86.32%
  74  G1200-S-LIB-2010        0.00%    passed     90.02%
  75  Macenta-S-GIN-1982      0.00%    failed      0.45%
  76  Z148-S-LIB-1981         0.00%    failed      0.36%
  77  Nig08-A18-S-NIG-2008    0.00%    passed     89.71%
  78  Nig08-A19-S-NIG-2008    0.00%    passed     87.44%
  79  CSF-S-NIG-2001          0.00%    passed     26.94%
  80  ISTH0009-S-NIG-2011     0.00%    passed    100.00%
  81  LASV979-S-NIG-2009      0.00%    passed    100.00%
  82  LASV237-S-NIG-2010      0.00%    passed    100.00%
  83  LASV711-S-NIG-2009      0.00%    passed    100.00%
  84  LASV992-S-NIG-2009      0.00%    passed    100.00%
  85  ISTH0230-S-NIG-2011     0.00%    passed    100.00%
  86  LASV975-S-NIG-2009      0.00%    passed    100.00%
  87  ISTH2061-S-NIG-2012     0.00%    passed    100.00%
  88  Nig08-A41-S-NIG-2008    0.00%    passed    100.00%
  89  ISTH2217-S-NIG-2012     0.00%    passed    100.00%
  90  ISTH1064-S-NIG-2011     0.00%    passed    100.00%
  91  ISTH2334-S-NIG-2012     0.00%    passed    100.00%
  92  LASV245-S-NIG-2011      0.00%    passed    100.00%
  93  LASV1011-S-NIG-2009     0.00%    passed    100.00%
  94  ISTH2312-S-NIG-2012     0.00%    passed    100.00%
  95  LASV1000-S-NIG-2009     0.00%    passed    100.00%
  96  ISTH2010-S-NIG-2012     0.00%    passed    100.00%
  97  ISTH2016-S-NIG-2012     0.00%    passed    100.00%
  98  Nig08-A37-S-NIG-2008    0.00%    passed    100.00%
  99  LASV737-S-NIG-2009      0.00%    passed    100.00%
 100  LASV719-S-NIG-2009      0.00%    passed     99.98%
 101  LASV046-S-NIG-2009      0.00%    passed     99.99%
 102  ISTH2042-S-NIG-2012     0.00%    passed     99.98%
 103  LASV274-S-NIG-2010      0.00%    passed    100.00%
 104  LASV263-S-NIG-2011      0.00%    passed    100.00%
 105  ISTH1137-S-NIG-2011     0.00%    passed    100.00%
 106  LASV976-S-NIG-2009      0.00%    passed    100.00%
 107  LASV1016-S-NIG-2009     0.00%    passed    100.00%
 108  LASV229-S-NIG-2010      0.00%    passed    100.00%
 109  ISTH2129-S-NIG-2012     0.00%    passed    100.00%
 110  ISTH2057-S-NIG-2012     0.00%    passed     99.90%
 111  LASV058-S-NIG-2008      0.00%    passed    100.00%
 112  ISTH1038-S-NIG-2011     0.00%    passed    100.00%
 113  LASV056-S-NIG-2008      0.00%    passed    100.00%
 114  LASV042-S-NIG-2009      0.00%    passed    100.00%
 115  LASV981-S-NIG-2009      0.00%    passed    100.00%
 116  LASV256-S-NIG-2010      0.00%    passed     99.93%
 117  LASV052-S-NIG-2008      0.00%    passed     99.93%
 118  LASV063-S-NIG-2009      0.00%    passed    100.00%
 119  ISTH0595-S-NIG-2011     0.00%    passed    100.00%
 120  ISTH1096-S-NIG-2012     0.00%    passed     99.65%
 121  LASV221-S-NIG-2010      0.00%    passed     99.40%
 122  LASV977-S-NIG-2009      0.00%    passed     99.40%
 123  LASV971-S-NIG-2009      0.00%    passed    100.00%
 124  LASV967-S-NIG-2009      0.00%    passed    100.00%
 125  ISTH2050-S-NIG-2012     0.00%    passed     99.88%
 126  ISTH2031-S-NIG-2012     0.00%    passed    100.00%
 127  ISTH2376-S-NIG-2012     0.00%    passed    100.00%
 128  LASV991-S-NIG-2009      0.00%    passed    100.00%
 129  LASV267-S-NIG-2010      0.00%    passed    100.00%
 130  LASV049-S-NIG-2009      0.00%    passed    100.00%
 131  LASV239-S-NIG-2010      0.00%    passed    100.00%
 132  ISTH2037-S-NIG-2012     0.00%    passed    100.00%
 133  ISTH1069-S-NIG-2011     0.00%    passed     99.86%
 134  ISTH1129-S-NIG-2012     0.00%    passed    100.00%
 135  ISTH2304-S-NIG-2012     0.00%    passed    100.00%
 136  LASV246-S-NIG-2010      0.00%    passed    100.00%
 137  ISTH1111-S-NIG-2011     0.00%    passed    100.00%
 138  LASV006-S-NIG-2008      0.00%    passed    100.00%
 139  ISTH0531-S-NIG-2011     0.00%    passed     99.98%
 140  LASV254-S-NIG-2011      0.00%    passed     99.95%
 141  ISTH2358-S-NIG-2012     0.00%    passed     99.47%
 142  LASV966-S-NIG-2009      0.00%    passed    100.00%
 143  ISTH1058-S-NIG-2011     0.00%    passed     97.69%
 144  LASV241-S-NIG-2011      0.00%    passed     42.18%
 145  LASV271-S-NIG-2010      0.00%    passed     44.12%
 146  Nig08-A47-S-NIG-2008    0.00%    passed     99.96%
 147  ISTH0012-S-NIG-2011     0.00%    passed     99.96%
 148  LASV993-S-NIG-2009      0.00%    passed     99.96%
 149  ISTH2046-S-NIG-2012     0.00%    passed    100.00%
 150  LASV1008-S-NIG-2009     0.00%    passed     99.96%
 151  ISTH2020-S-NIG-2012     0.00%    passed     99.78%
 152  LASV003-S-NIG-2008      0.00%    passed     99.96%
 153  LASV242-S-NIG-2010      0.00%    passed     99.87%
 154  LASV253-S-NIG-2011      0.00%    passed     99.86%
 155  LASV982-S-NIG-2009      0.00%    passed     99.96%
 156  LASV251-S-NIG-2010      0.00%    passed     99.96%
 157  LASV989-S-NIG-2009      0.00%    passed     99.99%
 158  ISTH0047-S-NIG-2011     0.00%    passed     99.96%
 159  LASV990-S-NIG-2009      0.00%    passed    100.00%
 160  ISTH1003-S-NIG-2011     0.00%    passed    100.00%
 161  ISTH0073-S-NIG-2011     0.00%    passed    100.00%
 162  ISTH2316-S-NIG-2012     0.00%    passed     99.99%
 163  LASV225-S-NIG-2010      0.00%    passed    100.00%
 164  LASV978-S-NIG-2009      0.00%    passed    100.00%
 165  ISTH1048-S-NIG-2011     0.00%    passed    100.00%
 166  LASV045-S-NIG-2009      0.00%    passed    100.00%
 167  ISTH2025-S-NIG-2012     0.00%    passed    100.00%
 168  LASV250-S-NIG-2011      0.00%    passed     99.99%
 169  LASV1015-S-NIG-2009     0.00%    passed     99.99%
 170  LASV035-S-NIG-2009      0.00%    passed    100.00%
 171  ISTH1107-S-NIG-2012     0.00%    passed     99.93%
 172  ISTH2271-S-NIG-2012     0.00%    passed    100.00%
 173  ISTH1121-S-NIG-2012     0.00%    passed     99.99%
 174  ISTH2065-S-NIG-2012     0.00%    passed     94.18%
 175  ISTH2066-S-NIG-2012     0.00%    passed     94.18%
 176  ISTH2094-S-NIG-2012     0.00%    passed     97.91%
 177  Nig08-04-S-NIG-2008     0.00%    passed     90.02%
 178  Pinneo-S-NIG-1969       0.00%    failed      0.26%
 179  AV-S-CIV-1999           0.00%    failed      0.07%
****  TOTAL                   0.00%  5 sequences failed composition chi2 test (p-value<5%; df=19)
NOTE: LM778-S-SLE-2012 is identical to LM774-S-SLE-2012 but kept for subsequent analysis
NOTE: G2318-S-SLE-2012 is identical to LM776-S-SLE-2012 but kept for subsequent analysis
NOTE: G693-S-SLE-2009 is identical to G610-S-SLE-2009 but kept for subsequent analysis
NOTE: G2405-S-SLE-2012 is identical to G676-S-SLE-2009 but kept for subsequent analysis
NOTE: G2944-S-SLE-2012 is identical to G1190-S-SLE-2010 but kept for subsequent analysis
NOTE: G2587-S-SLE-2012 is identical to G2295-S-SLE-2012 but kept for subsequent analysis
NOTE: G2903-S-SLE-2012 is identical to G2315-S-SLE-2012 but kept for subsequent analysis
NOTE: G3248-S-SLE-2013 is identical to G3151-S-SLE-2013 but kept for subsequent analysis
NOTE: G3234-S-SLE-2013 is identical to G1529-S-SLE-2011 but kept for subsequent analysis
NOTE: G2723-S-SLE-2012 is identical to G2259-S-SLE-2012 but kept for subsequent analysis
NOTE: LASV979-S-NIG-2009 is identical to ISTH0009-S-NIG-2011 but kept for subsequent analysis
NOTE: ISTH2217-S-NIG-2012 is identical to Nig08-A41-S-NIG-2008 but kept for subsequent analysis
NOTE: LASV245-S-NIG-2011 is identical to ISTH1064-S-NIG-2011 but kept for subsequent analysis
NOTE: ISTH1129-S-NIG-2012 is identical to ISTH2312-S-NIG-2012 but kept for subsequent analysis
NOTE: ISTH2016-S-NIG-2012 is identical to ISTH2010-S-NIG-2012 but kept for subsequent analysis
NOTE: ISTH2042-S-NIG-2012 is identical to LASV719-S-NIG-2009 but kept for subsequent analysis
NOTE: LASV1016-S-NIG-2009 is identical to LASV976-S-NIG-2009 but kept for subsequent analysis
NOTE: LASV052-S-NIG-2008 is identical to LASV256-S-NIG-2010 but kept for subsequent analysis
NOTE: LASV977-S-NIG-2009 is identical to LASV221-S-NIG-2010 but kept for subsequent analysis
NOTE: LASV1008-S-NIG-2009 is identical to Nig08-A47-S-NIG-2008 but kept for subsequent analysis
NOTE: LASV993-S-NIG-2009 is identical to ISTH0012-S-NIG-2011 but kept for subsequent analysis
NOTE: ISTH0073-S-NIG-2011 is identical to ISTH1003-S-NIG-2011 but kept for subsequent analysis
NOTE: LASV1015-S-NIG-2009 is identical to LASV250-S-NIG-2011 but kept for subsequent analysis
NOTE: ISTH2066-S-NIG-2012 is identical to ISTH2065-S-NIG-2012 but kept for subsequent analysis
NOTE: 34 identical sequences (see below) will be ignored for subsequent analysis
NOTE: G1959-S-SLE-2011 (identical to LM776-S-SLE-2012) is ignored but added at the end
NOTE: G3010-S-SLE-2013 (identical to LM776-S-SLE-2012) is ignored but added at the end
NOTE: G771-S-SLE-2010 (identical to G610-S-SLE-2009) is ignored but added at the end
NOTE: G1792-S-SLE-2011 (identical to G610-S-SLE-2009) is ignored but added at the end
NOTE: G1960-S-SLE-2011 (identical to G610-S-SLE-2009) is ignored but added at the end
NOTE: G2565-S-SLE-2012 (identical to G610-S-SLE-2009) is ignored but added at the end
NOTE: G2280-S-SLE-2012 (identical to G676-S-SLE-2009) is ignored but added at the end
NOTE: G3016-S-SLE-2013 (identical to G676-S-SLE-2009) is ignored but added at the end
NOTE: G3106-S-SLE-2013 (identical to G676-S-SLE-2009) is ignored but added at the end
NOTE: G2612-S-SLE-2012 (identical to G676-S-SLE-2009) is ignored but added at the end
NOTE: LM765-S-SLE-2012 (identical to G1190-S-SLE-2010) is ignored but added at the end
NOTE: G3148-S-SLE-2013 (identical to G1190-S-SLE-2010) is ignored but added at the end
NOTE: Z0947-S-SLE-2011 (identical to G1190-S-SLE-2010) is ignored but added at the end
NOTE: Z0948-S-SLE-2011 (identical to G1190-S-SLE-2010) is ignored but added at the end
NOTE: G1727-S-SLE-2011 (identical to G1190-S-SLE-2010) is ignored but added at the end
NOTE: G3170-S-SLE-2013 (identical to G3151-S-SLE-2013) is ignored but added at the end
NOTE: G2615-S-SLE-2012 (identical to G2259-S-SLE-2012) is ignored but added at the end
NOTE: LASV711-S-NIG-2009 (identical to ISTH0009-S-NIG-2011) is ignored but added at the end
NOTE: LASV992-S-NIG-2009 (identical to ISTH0009-S-NIG-2011) is ignored but added at the end
NOTE: LASV1000-S-NIG-2009 (identical to Nig08-A41-S-NIG-2008) is ignored but added at the end
NOTE: ISTH1137-S-NIG-2011 (identical to Nig08-A41-S-NIG-2008) is ignored but added at the end
NOTE: LASV981-S-NIG-2009 (identical to Nig08-A41-S-NIG-2008) is ignored but added at the end
NOTE: LASV267-S-NIG-2010 (identical to Nig08-A41-S-NIG-2008) is ignored but added at the end
NOTE: LASV1011-S-NIG-2009 (identical to ISTH1064-S-NIG-2011) is ignored but added at the end
NOTE: ISTH2304-S-NIG-2012 (identical to ISTH2312-S-NIG-2012) is ignored but added at the end
NOTE: Nig08-A37-S-NIG-2008 (identical to ISTH2010-S-NIG-2012) is ignored but added at the end
NOTE: LASV737-S-NIG-2009 (identical to ISTH2010-S-NIG-2012) is ignored but added at the end
NOTE: LASV263-S-NIG-2011 (identical to ISTH2010-S-NIG-2012) is ignored but added at the end
NOTE: LASV063-S-NIG-2009 (identical to LASV976-S-NIG-2009) is ignored but added at the end
NOTE: LASV003-S-NIG-2008 (identical to Nig08-A47-S-NIG-2008) is ignored but added at the end
NOTE: LASV982-S-NIG-2009 (identical to Nig08-A47-S-NIG-2008) is ignored but added at the end
NOTE: LASV251-S-NIG-2010 (identical to Nig08-A47-S-NIG-2008) is ignored but added at the end
NOTE: ISTH1048-S-NIG-2011 (identical to ISTH1003-S-NIG-2011) is ignored but added at the end
NOTE: LASV045-S-NIG-2009 (identical to ISTH1003-S-NIG-2011) is ignored but added at the end

For your convenience alignment with unique sequences printed to /csm_data/spielman_lab/dms_modelselection//simulations/alignments_empirical/Gal4_andersen_rep17_AA.fasta.uniqueseq.phy

Create initial parsimony tree by phylogenetic likelihood library (PLL)... 0.017 seconds

NOTE: 7 MB RAM (0 GB) is required!
WARNING: Number of threads seems too high for short alignments. Use -nt AUTO to determine best number of threads.
Estimate model parameters (epsilon = 0.100)
Thoroughly optimizing +I+G parameters from 10 start values...
Init pinv, alpha: 0.000, 1.000 / Estimate: 0.000, 1.495 / LogL: -2370.120
Init pinv, alpha: 0.012, 1.000 / Estimate: 0.018, 1.594 / LogL: -2370.049
Init pinv, alpha: 0.024, 1.000 / Estimate: 0.028, 1.659 / LogL: -2370.056
Init pinv, alpha: 0.036, 1.000 / Estimate: 0.035, 1.702 / LogL: -2370.082
Init pinv, alpha: 0.049, 1.000 / Estimate: 0.040, 1.732 / LogL: -2370.110
Init pinv, alpha: 0.061, 1.000 / Estimate: 0.039, 1.728 / LogL: -2370.097
Init pinv, alpha: 0.073, 1.000 / Estimate: 0.041, 1.738 / LogL: -2370.110
Init pinv, alpha: 0.085, 1.000 / Estimate: 0.042, 1.746 / LogL: -2370.120
Init pinv, alpha: 0.097, 1.000 / Estimate: 0.042, 1.750 / LogL: -2370.128
Init pinv, alpha: 0.109, 1.000 / Estimate: 0.043, 1.755 / LogL: -2370.135
Optimal pinv,alpha: 0.018, 1.594 / LogL: -2370.049

Parameters optimization took 2.172 sec
Computing ML distances based on estimated model parameters... 8.311 sec
Computing BIONJ tree...
0.028 seconds
Log-likelihood of BIONJ tree: -2434.213
--------------------------------------------------------------------
|             INITIALIZING CANDIDATE TREE SET                      |
--------------------------------------------------------------------
Generating 98 parsimony trees... 3.563 second
Computing log-likelihood of 98 initial trees ... 5.810 seconds
Current best score: -2363.279

Do NNI search on 20 best initial trees
Estimate model parameters (epsilon = 0.100)
BETTER TREE FOUND at iteration 1: -2353.604
Estimate model parameters (epsilon = 0.100)
BETTER TREE FOUND at iteration 6: -2352.967
Iteration 10 / LogL: -2360.332 / Time: 0h:0m:23s
Iteration 20 / LogL: -2355.171 / Time: 0h:0m:34s
Finish initializing candidate tree set (20)
Current best tree score: -2352.967 / CPU time: 30.601
Number of iterations: 20
--------------------------------------------------------------------
|               OPTIMIZING CANDIDATE TREE SET                      |
--------------------------------------------------------------------
BETTER TREE FOUND at iteration 21: -2352.966
Estimate model parameters (epsilon = 0.100)
BETTER TREE FOUND at iteration 26: -2351.545
Iteration 30 / LogL: -2352.970 / Time: 0h:0m:43s (0h:2m:25s left)
BETTER TREE FOUND at iteration 36: -2351.545
Iteration 40 / LogL: -2351.738 / Time: 0h:0m:54s (0h:2m:13s left)
Estimate model parameters (epsilon = 0.100)
BETTER TREE FOUND at iteration 44: -2350.088
Iteration 50 / LogL: -2359.682 / Time: 0h:1m:3s (0h:2m:2s left)
Estimate model parameters (epsilon = 0.100)
BETTER TREE FOUND at iteration 56: -2349.043
Estimate model parameters (epsilon = 0.100)
BETTER TREE FOUND at iteration 59: -2349.017
Iteration 60 / LogL: -2375.536 / Time: 0h:1m:14s (0h:2m:5s left)
Estimate model parameters (epsilon = 0.100)
BETTER TREE FOUND at iteration 63: -2348.655
Estimate model parameters (epsilon = 0.100)
BETTER TREE FOUND at iteration 68: -2347.115
Iteration 70 / LogL: -2349.017 / Time: 0h:1m:24s (0h:1m:59s left)
BETTER TREE FOUND at iteration 76: -2347.115
Iteration 80 / LogL: -2348.213 / Time: 0h:1m:32s (0h:1m:52s left)
Iteration 90 / LogL: -2347.115 / Time: 0h:1m:40s (0h:1m:37s left)
BETTER TREE FOUND at iteration 98: -2347.115
Iteration 100 / LogL: -2349.381 / Time: 0h:1m:48s (0h:1m:47s left)
Estimate model parameters (epsilon = 0.100)
BETTER TREE FOUND at iteration 101: -2345.170
BETTER TREE FOUND at iteration 106: -2345.170
Estimate model parameters (epsilon = 0.100)
BETTER TREE FOUND at iteration 109: -2343.335
Iteration 110 / LogL: -2348.167 / Time: 0h:1m:57s (0h:1m:46s left)
Iteration 120 / LogL: -2343.336 / Time: 0h:2m:5s (0h:1m:34s left)
BETTER TREE FOUND at iteration 124: -2343.335
Iteration 130 / LogL: -2348.501 / Time: 0h:2m:14s (0h:1m:37s left)
BETTER TREE FOUND at iteration 139: -2343.335
BETTER TREE FOUND at iteration 140: -2343.335
Iteration 140 / LogL: -2343.335 / Time: 0h:2m:22s (0h:1m:42s left)
BETTER TREE FOUND at iteration 142: -2343.335
BETTER TREE FOUND at iteration 148: -2343.335
Iteration 150 / LogL: -2343.335 / Time: 0h:2m:31s (0h:1m:39s left)
BETTER TREE FOUND at iteration 152: -2343.335
Iteration 160 / LogL: -2360.186 / Time: 0h:2m:40s (0h:1m:32s left)
Iteration 170 / LogL: -2349.558 / Time: 0h:2m:48s (0h:1m:21s left)
Iteration 180 / LogL: -2347.991 / Time: 0h:2m:57s (0h:1m:11s left)
Iteration 190 / LogL: -2343.335 / Time: 0h:3m:5s (0h:1m:0s left)
Iteration 200 / LogL: -2347.646 / Time: 0h:3m:15s (0h:0m:51s left)
Iteration 210 / LogL: -2346.172 / Time: 0h:3m:24s (0h:0m:41s left)
Estimate model parameters (epsilon = 0.100)
BETTER TREE FOUND at iteration 218: -2341.349
Iteration 220 / LogL: -2343.335 / Time: 0h:3m:35s (0h:1m:36s left)
Iteration 230 / LogL: -2357.478 / Time: 0h:3m:45s (0h:1m:26s left)
Iteration 240 / LogL: -2343.335 / Time: 0h:3m:55s (0h:1m:16s left)
Iteration 250 / LogL: -2343.866 / Time: 0h:4m:3s (0h:1m:6s left)
Iteration 260 / LogL: -2344.483 / Time: 0h:4m:12s (0h:0m:56s left)
Iteration 270 / LogL: -2342.452 / Time: 0h:4m:21s (0h:0m:46s left)
Iteration 280 / LogL: -2352.851 / Time: 0h:4m:30s (0h:0m:36s left)
Iteration 290 / LogL: -2341.349 / Time: 0h:4m:40s (0h:0m:27s left)
Iteration 300 / LogL: -2372.116 / Time: 0h:4m:49s (0h:0m:17s left)
Estimate model parameters (epsilon = 0.100)
BETTER TREE FOUND at iteration 301: -2338.496
Iteration 310 / LogL: -2340.727 / Time: 0h:4m:59s (0h:1m:28s left)
BETTER TREE FOUND at iteration 311: -2338.496
BETTER TREE FOUND at iteration 314: -2338.496
Iteration 320 / LogL: -2356.299 / Time: 0h:5m:9s (0h:1m:31s left)
BETTER TREE FOUND at iteration 324: -2338.496
Iteration 330 / LogL: -2338.496 / Time: 0h:5m:19s (0h:1m:31s left)
Iteration 340 / LogL: -2338.497 / Time: 0h:5m:29s (0h:1m:21s left)
BETTER TREE FOUND at iteration 349: -2338.496
Iteration 350 / LogL: -2344.305 / Time: 0h:5m:39s (0h:1m:36s left)
Iteration 360 / LogL: -2338.496 / Time: 0h:5m:48s (0h:1m:26s left)
BETTER TREE FOUND at iteration 363: -2338.496
Iteration 370 / LogL: -2338.596 / Time: 0h:5m:59s (0h:1m:30s left)
Iteration 380 / LogL: -2338.496 / Time: 0h:6m:10s (0h:1m:21s left)
Iteration 390 / LogL: -2355.548 / Time: 0h:6m:19s (0h:1m:11s left)
Iteration 400 / LogL: -2338.496 / Time: 0h:6m:27s (0h:1m:1s left)
Iteration 410 / LogL: -2338.496 / Time: 0h:6m:36s (0h:0m:51s left)
Iteration 420 / LogL: -2345.098 / Time: 0h:6m:45s (0h:0m:41s left)
Iteration 430 / LogL: -2338.952 / Time: 0h:6m:54s (0h:0m:31s left)
Iteration 440 / LogL: -2351.018 / Time: 0h:7m:3s (0h:0m:22s left)
Iteration 450 / LogL: -2338.496 / Time: 0h:7m:12s (0h:0m:12s left)
BETTER TREE FOUND at iteration 457: -2338.495
Iteration 460 / LogL: -2340.027 / Time: 0h:7m:21s (0h:1m:33s left)
BETTER TREE FOUND at iteration 464: -2338.495
BETTER TREE FOUND at iteration 470: -2338.495
Iteration 470 / LogL: -2338.495 / Time: 0h:7m:30s (0h:1m:36s left)
Iteration 480 / LogL: -2338.496 / Time: 0h:7m:40s (0h:1m:26s left)
Iteration 490 / LogL: -2351.038 / Time: 0h:7m:49s (0h:1m:16s left)
Iteration 500 / LogL: -2349.798 / Time: 0h:7m:58s (0h:1m:7s left)
Iteration 510 / LogL: -2338.496 / Time: 0h:8m:7s (0h:0m:57s left)
BETTER TREE FOUND at iteration 512: -2338.495
Iteration 520 / LogL: -2349.998 / Time: 0h:8m:17s (0h:1m:28s left)
Iteration 530 / LogL: -2341.625 / Time: 0h:8m:27s (0h:1m:18s left)
Iteration 540 / LogL: -2343.278 / Time: 0h:8m:36s (0h:1m:9s left)
BETTER TREE FOUND at iteration 545: -2338.495
Iteration 550 / LogL: -2338.496 / Time: 0h:8m:46s (0h:1m:31s left)
Iteration 560 / LogL: -2367.818 / Time: 0h:8m:56s (0h:1m:21s left)
BETTER TREE FOUND at iteration 562: -2338.495
Iteration 570 / LogL: -2338.496 / Time: 0h:9m:5s (0h:1m:28s left)
Iteration 580 / LogL: -2349.998 / Time: 0h:9m:15s (0h:1m:18s left)
Iteration 590 / LogL: -2338.495 / Time: 0h:9m:24s (0h:1m:8s left)
BETTER TREE FOUND at iteration 597: -2338.495
Iteration 600 / LogL: -2346.068 / Time: 0h:9m:34s (0h:1m:32s left)
BETTER TREE FOUND at iteration 608: -2338.495
Iteration 610 / LogL: -2338.495 / Time: 0h:9m:44s (0h:1m:33s left)
Iteration 620 / LogL: -2344.849 / Time: 0h:9m:54s (0h:1m:24s left)
Estimate model parameters (epsilon = 0.100)
BETTER TREE FOUND at iteration 624: -2337.800
Iteration 630 / LogL: -2338.257 / Time: 0h:10m:4s (0h:1m:30s left)
BETTER TREE FOUND at iteration 634: -2337.800
Iteration 640 / LogL: -2344.066 / Time: 0h:10m:14s (0h:1m:30s left)
Iteration 650 / LogL: -2344.007 / Time: 0h:10m:25s (0h:1m:20s left)
BETTER TREE FOUND at iteration 660: -2337.800
Iteration 660 / LogL: -2337.800 / Time: 0h:10m:34s (0h:1m:36s left)
Iteration 670 / LogL: -2348.354 / Time: 0h:10m:44s (0h:1m:26s left)
Iteration 680 / LogL: -2337.800 / Time: 0h:10m:55s (0h:1m:17s left)
Iteration 690 / LogL: -2337.801 / Time: 0h:11m:7s (0h:1m:7s left)
Iteration 700 / LogL: -2342.065 / Time: 0h:11m:17s (0h:0m:58s left)
Iteration 710 / LogL: -2347.899 / Time: 0h:11m:28s (0h:0m:48s left)
Iteration 720 / LogL: -2351.764 / Time: 0h:11m:37s (0h:0m:38s left)
Iteration 730 / LogL: -2342.065 / Time: 0h:11m:46s (0h:0m:29s left)
BETTER TREE FOUND at iteration 736: -2337.800
Iteration 740 / LogL: -2337.800 / Time: 0h:11m:56s (0h:1m:33s left)
BETTER TREE FOUND at iteration 744: -2337.800
Iteration 750 / LogL: -2351.412 / Time: 0h:12m:5s (0h:1m:31s left)
Iteration 760 / LogL: -2337.800 / Time: 0h:12m:14s (0h:1m:21s left)
Iteration 770 / LogL: -2351.127 / Time: 0h:12m:22s (0h:1m:11s left)
Iteration 780 / LogL: -2344.104 / Time: 0h:12m:30s (0h:1m:1s left)
Iteration 790 / LogL: -2349.291 / Time: 0h:12m:39s (0h:0m:51s left)
Iteration 800 / LogL: -2342.581 / Time: 0h:12m:46s (0h:0m:42s left)
Iteration 810 / LogL: -2340.655 / Time: 0h:12m:55s (0h:0m:32s left)
Iteration 820 / LogL: -2337.800 / Time: 0h:13m:2s (0h:0m:22s left)
Iteration 830 / LogL: -2337.800 / Time: 0h:13m:11s (0h:0m:13s left)
Iteration 840 / LogL: -2337.800 / Time: 0h:13m:21s (0h:0m:3s left)
TREE SEARCH COMPLETED AFTER 845 ITERATIONS / Time: 0h:13m:25s

--------------------------------------------------------------------
|                    FINALIZING TREE SEARCH                        |
--------------------------------------------------------------------
Performs final model parameters optimization
Estimate model parameters (epsilon = 0.010)
1. Initial log-likelihood: -2337.800
Optimal log-likelihood: -2337.800
Proportion of invariable sites: 0.018
Gamma shape alpha: 1.468
Parameters optimization took 1 rounds (0.037 sec)
BEST SCORE FOUND : -2337.800
Total tree length: 6.750

Total number of iterations: 845
CPU time used for tree search: 6347.867 sec (1h:45m:47s)
Wall-clock time used for tree search: 801.642 sec (0h:13m:21s)
Total CPU time used: 6375.126 sec (1h:46m:15s)
Total wall-clock time used: 805.398 sec (0h:13m:25s)

Analysis results written to: 
  IQ-TREE report:                /csm_data/spielman_lab/dms_modelselection//simulations/alignments_empirical/Gal4_andersen_rep17_AA.fasta.iqtree
  Maximum-likelihood tree:       /csm_data/spielman_lab/dms_modelselection//simulations/alignments_empirical/Gal4_andersen_rep17_AA.fasta.treefile
  Likelihood distances:          /csm_data/spielman_lab/dms_modelselection//simulations/alignments_empirical/Gal4_andersen_rep17_AA.fasta.mldist
  Screen log file:               /csm_data/spielman_lab/dms_modelselection//simulations/alignments_empirical/Gal4_andersen_rep17_AA.fasta.log

Date and Time: Thu May 23 01:21:23 2019
