IQ-TREE multicore version 1.6.7 for Linux 64-bit built Aug 23 2018
Developed by Bui Quang Minh, Nguyen Lam Tung, Olga Chernomor,
Heiko Schmidt, Dominik Schrempf, Michael Woodhams.

Host:    csm-com-004 (AVX2, FMA3, 62 GB RAM)
Command: iqtree -nt 8 -m mtART+I+G4 -s /csm_data/spielman_lab/dms_modelselection//simulations/alignments_empirical/Gal4_spiralia_rep16_AA.fasta -st AA -te simulations/true_trees/spiralia.tree
Seed:    508839 (Using SPRNG - Scalable Parallel Random Number Generator)
Time:    Thu May 23 02:05:47 2019
Kernel:  AVX+FMA - 8 threads (48 CPU cores detected)

Reading alignment file /csm_data/spielman_lab/dms_modelselection//simulations/alignments_empirical/Gal4_spiralia_rep16_AA.fasta ... Fasta format detected
Alignment most likely contains protein sequences
Alignment has 103 sequences with 64 columns, 64 distinct patterns
52 parsimony-informative, 7 singleton sites, 5 constant sites
                                Gap/Ambiguity  Composition  p-value
   1  Adineta_vaga                      0.00%    passed     99.98%
   2  Rotaria_rotatoria                 0.00%    passed     99.62%
   3  Lepadella_patella                 0.00%    passed    100.00%
   4  Brachionus_plicatilis             0.00%    passed    100.00%
   5  Brachionus_manjavacas             0.00%    passed    100.00%
   6  Rhabdopleura_compacta             0.00%    passed    100.00%
   7  Ptychodera_flava                  0.00%    passed    100.00%
   8  SchizocardiumCalif_cl             0.00%    passed    100.00%
   9  Sackow                            0.00%    passed    100.00%
  10  Patmin                            0.00%    passed     95.77%
  11  Parastichopus_parvimensis         0.00%    passed     97.04%
  12  Strpur                            0.00%    passed     78.57%
  13  Florometra_serratissima           0.00%    passed     94.73%
  14  Calmil                            0.00%    passed    100.00%
  15  HUMAN                             0.00%    passed    100.00%
  16  LATCH                             0.00%    passed    100.00%
  17  LEPOC                             0.00%    passed    100.00%
  18  Petromyzon_marins                 0.00%    passed    100.00%
  19  Halocynthia_roretzi               0.00%    passed     99.98%
  20  Molgula_tectiformis               0.00%    passed     99.98%
  21  CIOIN                             0.00%    passed     99.96%
  22  Asymmetron_lucayanum              0.00%    passed    100.00%
  23  BraLan                            0.00%    passed    100.00%
  24  Leucoselenia_complicata           0.00%    passed    100.00%
  25  Sycon_ciliatum                    0.00%    passed     98.86%
  26  Oscarella_carmella                0.00%    passed     88.23%
  27  AMPQE                             0.00%    passed     99.63%
  28  Ephidatia_mulleri                 0.00%    passed     99.09%
  29  NEMVE                             0.00%    passed     84.94%
  30  Acropora_digitifera               0.00%    passed     99.97%
  31  Aurelia_aurita                    0.00%    passed     99.90%
  32  Clytia_hemisphaerica              0.00%    passed     99.82%
  33  Isodiametra_pulchra               0.00%    passed     99.95%
  34  Childia_submaculatum              0.00%    passed     96.86%
  35  Diopisthoporus_gymnopharyngeus    0.00%    passed     28.60%
  36  Hofstenia_miamia                  0.00%    passed     99.99%
  37  Meara_stichopi                    0.00%    passed     56.59%
  38  Nemertoderma_westbladi            0.00%    passed     99.98%
  39  Xenoturbella_profunda             0.00%    passed    100.00%
  40  Xenoturbella_bocki                0.00%    passed    100.00%
  41  TRICA                             0.00%    passed     98.95%
  42  DROME                             0.00%    passed     99.73%
  43  Apis_mellifera                    0.00%    passed    100.00%
  44  Daphnia_pulex                     0.00%    passed     99.86%
  45  Eudigraphis_taiwaniensis          0.00%    passed     99.99%
  46  STRMM                             0.00%    passed    100.00%
  47  Mesobuthus_martensii              0.00%    passed     94.58%
  48  Limulus_polyphemus                0.00%    passed    100.00%
  49  Peripatopsis_capensis             0.00%    passed     99.99%
  50  Enoplus_brevis                    0.00%    passed     99.96%
  51  Romanomermis_culicivorax          0.00%    passed     99.99%
  52  Ramazzottius_varieornatus         0.00%    passed     97.94%
  53  Hypsibius_dujardini               0.00%    passed     98.24%
  54  Priapulus_caudatus                0.00%    passed     99.99%
  55  Halicryptus_spinulosus            0.00%    passed    100.00%
  56  Tubiluchus_corallicola            0.00%    passed    100.00%
  57  Lepidodermella_squamata           0.00%    passed     57.57%
  58  Diuronotus_aspetos                0.00%    passed    100.00%
  59  Macrodasys_sp                     0.00%    passed     95.35%
  60  Megadasys_sp                      0.00%    passed    100.00%
  61  Catenulida_sp                     0.00%    passed    100.00%
  62  Stylochoplana_maculata            0.00%    passed     99.09%
  63  Stylochus_ellipticus              0.00%    passed     95.71%
  64  Macrostomum_lignano               0.00%    passed     98.37%
  65  LOTGI                             0.00%    passed    100.00%
  66  Aplysia_californica               0.00%    passed    100.00%
  67  CRAGI                             0.00%    passed    100.00%
  68  Leptochiton_rugatus               0.00%    passed    100.00%
  69  Neomenia_megatrapezata            0.00%    passed    100.00%
  70  CAPI1                             0.00%    passed     99.32%
  71  Lumbricus_terrestris              0.00%    passed     99.98%
  72  Nephtys_caeca                     0.00%    passed    100.00%
  73  Owenia_fusiformis                 0.00%    passed    100.00%
  74  Lineus_longissimus                0.00%    passed    100.00%
  75  Paranemertes_peregrina            0.00%    passed     99.75%
  76  Malacobdella_grossa               0.00%    passed    100.00%
  77  Tubulanus_polymorphus             0.00%    passed    100.00%
  78  Cephalothrix_linearis             0.00%    passed     99.65%
  79  Hemithiris_psittacea              0.00%    passed    100.00%
  80  Terebratalia_transversa           0.00%    passed    100.00%
  81  Glottidia_pyramidata              0.00%    passed     98.49%
  82  Linana                            0.00%    passed     99.98%
  83  Phoronopsis_harmeri               0.00%    passed    100.00%
  84  Phoronis_vancouverensis           0.00%    passed    100.00%
  85  Phoronis_psammophila              0.00%    passed    100.00%
  86  Membranipora_membranacea          0.00%    passed    100.00%
  87  Bugula_neritina                   0.00%    passed    100.00%
  88  Loxosoma_pectinaricola            0.00%    passed     99.52%
  89  Barentsia_gracilis                0.00%    passed     97.32%
  90  Sagitta_gazellae                  0.00%    passed    100.00%
  91  Sagitta_setosa                    0.00%    passed    100.00%
  92  Pterosagitta_draco                0.00%    passed    100.00%
  93  Sagitta_elegans                   0.00%    passed    100.00%
  94  Sagitta_serratodentata            0.00%    passed    100.00%
  95  Sagitta_hexaptera                 0.00%    passed    100.00%
  96  Krohnitta_sp                      0.00%    passed    100.00%
  97  Paraspadella_ovovivipara          0.00%    passed    100.00%
  98  Pargo1                            0.00%    passed    100.00%
  99  Spadella_cephaloptera             0.00%    passed    100.00%
 100  Eukrohnia_hamata                  0.00%    passed    100.00%
 101  Gnathostomula_paradoxa            0.00%    passed     99.87%
 102  Austrognathia_sp                  0.00%    passed     73.66%
 103  Limnognathia_maerski              0.00%    passed    100.00%
****  TOTAL                             0.00%  0 sequences failed composition chi2 test (p-value<5%; df=19)
NOTE: Brachionus_manjavacas is identical to Brachionus_plicatilis but kept for subsequent analysis
NOTE: Phoronis_vancouverensis is identical to Phoronopsis_harmeri but kept for subsequent analysis
NOTE: Sagitta_serratodentata is identical to Sagitta_setosa but kept for subsequent analysis
NOTE: Pargo1 is identical to Paraspadella_ovovivipara but kept for subsequent analysis
NOTE: 2 identical sequences (see below) will be ignored for subsequent analysis
NOTE: Spadella_cephaloptera (identical to Sagitta_setosa) is ignored but added at the end
NOTE: Eukrohnia_hamata (identical to Sagitta_setosa) is ignored but added at the end

For your convenience alignment with unique sequences printed to /csm_data/spielman_lab/dms_modelselection//simulations/alignments_empirical/Gal4_spiralia_rep16_AA.fasta.uniqueseq.phy
Reading input tree file simulations/true_trees/spiralia.tree ...

NOTE: 5 MB RAM (0 GB) is required!
WARNING: Number of threads seems too high for short alignments. Use -nt AUTO to determine best number of threads.
Estimate model parameters (epsilon = 0.010)
Thoroughly optimizing +I+G parameters from 10 start values...
Init pinv, alpha: 0.000, 1.000 / Estimate: 0.000, 0.694 / LogL: -2999.897
Init pinv, alpha: 0.009, 1.000 / Estimate: 0.030, 0.723 / LogL: -2999.208
Init pinv, alpha: 0.017, 1.000 / Estimate: 0.031, 0.726 / LogL: -2999.209
Init pinv, alpha: 0.026, 1.000 / Estimate: 0.032, 0.727 / LogL: -2999.210
Init pinv, alpha: 0.035, 1.000 / Estimate: 0.032, 0.728 / LogL: -2999.211
Init pinv, alpha: 0.043, 1.000 / Estimate: 0.033, 0.729 / LogL: -2999.211
Init pinv, alpha: 0.052, 1.000 / Estimate: 0.032, 0.727 / LogL: -2999.209
Init pinv, alpha: 0.061, 1.000 / Estimate: 0.032, 0.727 / LogL: -2999.209
Init pinv, alpha: 0.069, 1.000 / Estimate: 0.033, 0.727 / LogL: -2999.209
Init pinv, alpha: 0.078, 1.000 / Estimate: 0.033, 0.727 / LogL: -2999.209
Optimal pinv,alpha: 0.030, 0.723 / LogL: -2999.208

Parameters optimization took 2.849 sec
BEST SCORE FOUND : -2999.208
Total tree length: 26.438

Total number of iterations: 0
CPU time used for tree search: 0.000 sec (0h:0m:0s)
Wall-clock time used for tree search: 0.000 sec (0h:0m:0s)
Total CPU time used: 22.624 sec (0h:0m:22s)
Total wall-clock time used: 2.871 sec (0h:0m:2s)

Analysis results written to: 
  IQ-TREE report:                /csm_data/spielman_lab/dms_modelselection//simulations/alignments_empirical/Gal4_spiralia_rep16_AA.fasta.iqtree
  Maximum-likelihood tree:       /csm_data/spielman_lab/dms_modelselection//simulations/alignments_empirical/Gal4_spiralia_rep16_AA.fasta.treefile
  Screen log file:               /csm_data/spielman_lab/dms_modelselection//simulations/alignments_empirical/Gal4_spiralia_rep16_AA.fasta.log

Date and Time: Thu May 23 02:05:50 2019
