IQ-TREE multicore version 1.6.7 for Linux 64-bit built Aug 23 2018
Developed by Bui Quang Minh, Nguyen Lam Tung, Olga Chernomor,
Heiko Schmidt, Dominik Schrempf, Michael Woodhams.

Host:    csm-com-005 (AVX2, FMA3, 62 GB RAM)
Command: iqtree -nt 8 -m HIVb+G4 -s /csm_data/spielman_lab/dms_modelselection//simulations/alignments_empirical/Gal4_dosreis_rep2_AA.fasta -st AA
Seed:    490930 (Using SPRNG - Scalable Parallel Random Number Generator)
Time:    Tue Apr 16 08:29:38 2019
Kernel:  AVX+FMA - 8 threads (48 CPU cores detected)

Reading alignment file /csm_data/spielman_lab/dms_modelselection//simulations/alignments_empirical/Gal4_dosreis_rep2_AA.fasta ... Fasta format detected
Alignment most likely contains protein sequences
Alignment has 274 sequences with 64 columns, 64 distinct patterns
60 parsimony-informative, 3 singleton sites, 1 constant sites
                              Gap/Ambiguity  Composition  p-value
   1  Phacochoerus_africanus          0.00%    passed     99.99%
   2  Sus_scrofa                      0.00%    passed     99.99%
   3  Cavia_porcellus                 0.00%    passed     77.29%
   4  Thryonomys_swinderianus         0.00%    passed     99.99%
   5  Rattus_norvegicus               0.00%    passed     99.79%
   6  Rattus_tanezumi                 0.00%    passed     99.95%
   7  Rattus_rattus                   0.00%    passed     99.95%
   8  Rattus_exulans                  0.00%    passed     98.47%
   9  Rattus_praetor                  0.00%    passed     98.84%
  10  Mus_musculus                    0.00%    passed     99.29%
  11  Mus_terricolor                  0.00%    passed     98.21%
  12  Microtus_kikuchii               0.00%    passed    100.00%
  13  Microtus_rossiaemeridionalis    0.00%    passed    100.00%
  14  Proedromys_sp.                  0.00%    passed     99.95%
  15  Eothenomys_chinensis            0.00%    passed    100.00%
  16  Cricetulus_griseus              0.00%    passed     99.77%
  17  Tscherskia_triton               0.00%    passed     98.78%
  18  Mesocricetus_auratus            0.00%    passed     99.99%
  19  Nannospalax_ehrenbergi          0.00%    passed     99.92%
  20  Jaculus_jaculus                 0.00%    passed     99.50%
  21  Myoxus_glis                     0.00%    passed     99.94%
  22  Sciurus_vulgaris                0.00%    passed     99.67%
  23  Anomalurus_sp.                  0.00%    passed     93.42%
  24  Oryctolagus_cuniculus           0.00%    passed     99.99%
  25  Lepus_europaeus                 0.00%    passed     99.76%
  26  Ochotona_collaris               0.00%    passed    100.00%
  27  Ochotona_princeps               0.00%    passed    100.00%
  28  Ochotona_curzoniae              0.00%    passed    100.00%
  29  Pan_troglodytes                 0.00%    passed     96.92%
  30  Pan_paniscus                    0.00%    passed     97.43%
  31  Homo_sapiens                    0.00%    passed     97.43%
  32  Gorilla_gorilla                 0.00%    passed     98.46%
  33  Pongo_pygmaeus                  0.00%    passed     95.49%
  34  Pongo_abelii                    0.00%    passed     86.03%
  35  Hylobates_lar                   0.00%    passed     97.32%
  36  Hylobates_agilis                0.00%    passed     90.88%
  37  Hylobates_pileatus              0.00%    passed     96.49%
  38  Nomascus_siki                   0.00%    passed     98.80%
  39  Symphalangus_syndactylus        0.00%    passed     98.55%
  40  Papio_hamadryas                 0.00%    passed     95.95%
  41  Macaca_sylvanus                 0.00%    passed     99.99%
  42  Macaca_mulatta                  0.00%    passed     99.99%
  43  Macaca_fascicularis             0.00%    passed     99.99%
  44  Macaca_thibetana                0.00%    passed     99.96%
  45  Chlorocebus_aethiops            0.00%    passed     97.15%
  46  Chlorocebus_tantalus            0.00%    passed     98.75%
  47  Chlorocebus_pygerythrus         0.00%    passed     98.75%
  48  Chlorocebus_sabaeus             0.00%    passed     97.71%
  49  Trachypithecus_obscurus         0.00%    passed     99.99%
  50  Presbytis_melalophos            0.00%    passed     99.93%
  51  Nasalis_larvatus                0.00%    passed     92.14%
  52  Pygathrix_roxellana             0.00%    passed     94.25%
  53  Pygathrix_nemaeus               0.00%    passed     99.95%
  54  Semnopithecus_entellus          0.00%    passed     99.98%
  55  Colobus_guereza                 0.00%    passed     99.69%
  56  Procolobus_badius               0.00%    passed     99.99%
  57  Cebus_albifrons                 0.00%    passed     99.41%
  58  Saimiri_sciureus                0.00%    passed     99.99%
  59  Cynocephalus_variegatus         0.00%    passed     98.61%
  60  Nycticebus_coucang              0.00%    passed     99.93%
  61  Loris_tardigradus               0.00%    passed     99.85%
  62  Galago_senegalensis             0.00%    passed     99.53%
  63  Otolemur_crassicaudatus         0.00%    passed     99.85%
  64  Perodicticus_potto              0.00%    passed    100.00%
  65  Lemur_catta                     0.00%    passed     99.79%
  66  Eulemur_mongoz                  0.00%    passed     99.23%
  67  Eulemur_fulvus                  0.00%    passed     99.45%
  68  Eulemur_macaco                  0.00%    passed     99.45%
  69  Varecia_variegata               0.00%    passed     99.51%
  70  Propithecus_coquereli           0.00%    passed     99.59%
  71  Daubentonia_madagascariensis    0.00%    passed     99.99%
  72  Tarsius_bancanus                0.00%    passed     99.99%
  73  Tarsius_syrichta                0.00%    passed     99.98%
  74  Tupaia_belangeri                0.00%    passed     99.94%
  75  Ornithorhynchus_anatinus        0.00%    passed    100.00%
  76  Tachyglossus_aculeatus          0.00%    passed     99.99%
  77  Zaglossus_bruijni               0.00%    passed     99.91%
  78  Didelphis_virginiana            0.00%    passed     97.71%
  79  Metachirus_nudicaudatus         0.00%    passed     97.59%
  80  Thylamys_elegans                0.00%    passed     98.22%
  81  Monodelphis_domestica           0.00%    passed     60.12%
  82  Macropus_robustus               0.00%    passed    100.00%
  83  Lagorchestes_hirsutus           0.00%    passed    100.00%
  84  Lagostrophus_fasciatus          0.00%    passed     99.96%
  85  Potorous_tridactylus            0.00%    passed    100.00%
  86  Trichosurus_vulpecula           0.00%    passed     99.51%
  87  Phalanger_interpositus          0.00%    passed     99.74%
  88  Tarsipes_rostratus              0.00%    passed     99.97%
  89  Pseudocheirus_peregrinus        0.00%    passed     99.96%
  90  Petaurus_breviceps              0.00%    passed     99.83%
  91  Dactylopsila_trivirgata         0.00%    passed     99.75%
  92  Distoechurus_pennatus           0.00%    passed     98.72%
  93  Vombatus_ursinus                0.00%    passed     99.41%
  94  Phascolarctos_cinereus          0.00%    passed     94.10%
  95  Isoodon_macrourus               0.00%    passed     99.91%
  96  Perameles_gunnii                0.00%    passed     99.29%
  97  Echymipera_rufescens            0.00%    passed     99.97%
  98  Macrotis_lagotis                0.00%    passed     99.87%
  99  Dromiciops_gliroides            0.00%    passed     99.98%
 100  Sminthopsis_douglasi            0.00%    passed     99.83%
 101  Sminthopsis_crassicaudata       0.00%    passed     99.96%
 102  Phascogale_tapoatafa            0.00%    passed     99.97%
 103  Dasyurus_hallucatus             0.00%    passed     97.99%
 104  Myrmecobius_fasciatus           0.00%    passed     99.99%
 105  Thylacinus_cynocephalus         0.00%    passed     97.33%
 106  Notoryctes_typhlops             0.00%    passed     99.84%
 107  Caenolestes_fuliginosus         0.00%    passed     99.95%
 108  Rhyncholestes_raphanurus        0.00%    passed     99.97%
 109  Erinaceus_europaeus             0.00%    passed     94.73%
 110  Hemiechinus_auritus             0.00%    passed     98.97%
 111  Echinosorex_gymnura             0.00%    passed     96.67%
 112  Hylomys_suillus                 0.00%    passed     98.44%
 113  Dasypus_novemcinctus            0.00%    passed     91.47%
 114  Tamandua_tetradactyla           0.00%    passed    100.00%
 115  Bradypus_tridactylus            0.00%    passed     92.20%
 116  Choloepus_didactylus            0.00%    passed     88.08%
 117  Loxodonta_africana              0.00%    passed     94.75%
 118  Elephas_maximus                 0.00%    passed     94.75%
 119  Dugong_dugon                    0.00%    passed     99.95%
 120  Trichechus_manatus              0.00%    passed     99.61%
 121  Procavia_capensis               0.00%    passed     97.28%
 122  Dendrohyrax_dorsalis            0.00%    passed     95.07%
 123  Orycteropus_afer                0.00%    passed     99.98%
 124  Macroscelides_proboscideus      0.00%    passed     99.42%
 125  Elephantulus_sp.                0.00%    passed     86.00%
 126  Echinops_telfairi               0.00%    passed     95.71%
 127  Chrysochloris_asiatica          0.00%    passed     99.06%
 128  Eremitalpa_granti               0.00%    passed     84.98%
 129  Talpa_europaea                  0.00%    passed     99.97%
 130  Mogera_wogura                   0.00%    passed    100.00%
 131  Galemys_pyrenaicus              0.00%    passed     99.61%
 132  Urotrichus_talpoides            0.00%    passed     99.67%
 133  Episoriculus_fumidus            0.00%    passed     99.79%
 134  Sorex_unguiculatus              0.00%    passed     99.84%
 135  Crocidura_russula               0.00%    passed    100.00%
 136  Artibeus_jamaicensis            0.00%    passed     99.97%
 137  Mystacina_tuberculata           0.00%    passed    100.00%
 138  Chalinolobus_tuberculatus       0.00%    passed     99.95%
 139  Pipistrellus_abramus            0.00%    passed     99.95%
 140  Pteropus_dasymallus             0.00%    passed     99.93%
 141  Pteropus_scapulatus             0.00%    passed     99.91%
 142  Rousettus_aegyptiacus           0.00%    passed     99.97%
 143  Rhinolophus_monoceros           0.00%    passed     99.63%
 144  Rhinolophus_pumilus             0.00%    passed     99.63%
 145  Rhinolophus_formosae            0.00%    passed     99.85%
 146  Manis_tetradactyla              0.00%    passed     99.27%
 147  Phoca_vitulina                  0.00%    passed     99.64%
 148  Phoca_largha                    0.00%    passed     99.64%
 149  Phoca_sibirica                  0.00%    passed     99.64%
 150  Halichoerus_grypus              0.00%    passed     99.64%
 151  Phoca_caspica                   0.00%    passed     99.64%
 152  Phoca_hispida                   0.00%    passed     99.64%
 153  Phoca_fasciata                  0.00%    passed     99.97%
 154  Phoca_groenlandica              0.00%    passed     99.72%
 155  Cystophora_cristata             0.00%    passed     99.67%
 156  Erignathus_barbatus             0.00%    passed    100.00%
 157  Monachus_schauinslandi          0.00%    passed     99.83%
 158  Mirounga_leonina                0.00%    passed     99.20%
 159  Lobodon_carcinophaga            0.00%    passed     99.92%
 160  Leptonychotes_weddellii         0.00%    passed     99.88%
 161  Hydrurga_leptonyx               0.00%    passed     99.01%
 162  Arctocephalus_forsteri          0.00%    passed    100.00%
 163  Arctocephalus_townsendi         0.00%    passed    100.00%
 164  Phocarctos_hookeri              0.00%    passed     99.98%
 165  Neophoca_cinerea                0.00%    passed     99.95%
 166  Arctocephalus_pusillus          0.00%    passed    100.00%
 167  Zalophus_californianus          0.00%    passed    100.00%
 168  Eumetopias_jubatus              0.00%    passed    100.00%
 169  Callorhinus_ursinus             0.00%    passed     99.99%
 170  Odobenus_rosmarus               0.00%    passed     99.98%
 171  Procyon_lotor                   0.00%    passed     99.99%
 172  Spilogale_putorius              0.00%    passed    100.00%
 173  Martes_melampus                 0.00%    passed    100.00%
 174  Martes_zibellina                0.00%    passed    100.00%
 175  Martes_flavigula                0.00%    passed    100.00%
 176  Gulo_gulo                       0.00%    passed    100.00%
 177  Meles_meles                     0.00%    passed    100.00%
 178  Enhydra_lutris                  0.00%    passed    100.00%
 179  Lutra_lutra                     0.00%    passed     99.99%
 180  Ailurus_fulgens                 0.00%    passed    100.00%
 181  Ursus_americanus                0.00%    passed    100.00%
 182  Ursus_thibetanus                0.00%    passed     99.99%
 183  Helarctos_malayanus             0.00%    passed     99.99%
 184  Ursus_arctos                    0.00%    passed     99.97%
 185  Ursus_maritimus                 0.00%    passed     99.97%
 186  Melursus_ursinus                0.00%    passed    100.00%
 187  Tremarctos_ornatus              0.00%    passed    100.00%
 188  Ailuropoda_melanoleuca          0.00%    passed     99.93%
 189  Canis_lupus                     0.00%    passed    100.00%
 190  Canis_latrans                   0.00%    passed    100.00%
 191  Cuon_alpinus                    0.00%    passed    100.00%
 192  Vulpes_vulpes                   0.00%    passed    100.00%
 193  Nyctereutes_procyonoides        0.00%    passed     99.98%
 194  Felis_catus                     0.00%    passed    100.00%
 195  Acinonyx_jubatus                0.00%    passed     99.89%
 196  Neofelis_nebulosa               0.00%    passed    100.00%
 197  Uncia_uncia                     0.00%    passed    100.00%
 198  Panthera_pardus                 0.00%    passed    100.00%
 199  Panthera_tigris                 0.00%    passed    100.00%
 200  Herpestes_javanicus             0.00%    passed     99.99%
 201  Equus_caballus                  0.00%    passed    100.00%
 202  Equus_asinus                    0.00%    passed    100.00%
 203  Rhinoceros_unicornis            0.00%    passed    100.00%
 204  Rhinoceros_sondaicus            0.00%    passed    100.00%
 205  Ceratotherium_simum             0.00%    passed    100.00%
 206  Diceros_bicornis                0.00%    passed     99.94%
 207  Dicerorhinus_sumatrensis        0.00%    passed    100.00%
 208  Hippopotamus_amphibius          0.00%    passed    100.00%
 209  Balaenoptera_physalus           0.00%    passed    100.00%
 210  Megaptera_novaeangliae          0.00%    passed    100.00%
 211  Balaenoptera_acutorostrata      0.00%    passed     99.60%
 212  Balaenoptera_bonaerensis        0.00%    passed     99.84%
 213  Balaenoptera_musculus           0.00%    passed    100.00%
 214  Balaenoptera_brydei             0.00%    passed    100.00%
 215  Balaenoptera_edeni              0.00%    passed    100.00%
 216  Balaenoptera_borealis           0.00%    passed    100.00%
 217  Balaenoptera_omurai             0.00%    passed    100.00%
 218  Eschrichtius_robustus           0.00%    passed    100.00%
 219  Caperea_marginata               0.00%    passed    100.00%
 220  Balaena_mysticetus              0.00%    passed    100.00%
 221  Eubalaena_australis             0.00%    passed    100.00%
 222  Eubalaena_japonica              0.00%    passed    100.00%
 223  Physeter_catodon                0.00%    passed    100.00%
 224  Kogia_breviceps                 0.00%    passed    100.00%
 225  Hyperoodon_ampullatus           0.00%    passed     99.98%
 226  Berardius_bairdii               0.00%    passed     99.86%
 227  Platanista_minor                0.00%    passed    100.00%
 228  Inia_geoffrensis                0.00%    passed     97.32%
 229  Pontoporia_blainvillei          0.00%    passed     99.47%
 230  Lipotes_vexillifer              0.00%    passed     99.16%
 231  Lagenorhynchus_albirostris      0.00%    passed     94.35%
 232  Stenella_attenuata              0.00%    passed     99.79%
 233  Stenella_coeruleoalba           0.00%    passed     99.79%
 234  Tursiops_aduncus                0.00%    passed     99.79%
 235  Delphinus_capensis              0.00%    passed     98.94%
 236  Tursiops_truncatus              0.00%    passed     99.79%
 237  Sousa_chinensis                 0.00%    passed     99.79%
 238  Grampus_griseus                 0.00%    passed     94.15%
 239  Phocoena_phocoena               0.00%    passed     98.90%
 240  Monodon_monoceros               0.00%    passed     99.99%
 241  Ovis_aries                      0.00%    passed     99.99%
 242  Ammotragus_lervia               0.00%    passed    100.00%
 243  Budorcas_taxicolor              0.00%    passed     99.99%
 244  Capra_hircus                    0.00%    passed    100.00%
 245  Naemorhedus_swinhoei            0.00%    passed     99.99%
 246  Capricornis_crispus             0.00%    passed     99.96%
 247  Naemorhedus_caudatus            0.00%    passed     99.95%
 248  Pantholops_hodgsonii            0.00%    passed     99.99%
 249  Antilope_cervicapra             0.00%    passed     99.96%
 250  Bos_indicus                     0.00%    passed     99.98%
 251  Bos_taurus                      0.00%    passed     99.98%
 252  Bison_bonasus                   0.00%    passed    100.00%
 253  Bos_grunniens                   0.00%    passed    100.00%
 254  Bison_bison                     0.00%    passed    100.00%
 255  Bubalus_bubalis                 0.00%    passed    100.00%
 256  Moschus_berezovskii             0.00%    passed    100.00%
 257  Moschus_moschiferus             0.00%    passed    100.00%
 258  Muntiacus_reevesi               0.00%    passed     99.92%
 259  Muntiacus_muntjak               0.00%    passed     99.53%
 260  Muntiacus_crinifrons            0.00%    passed     99.89%
 261  Cervus_nippon                   0.00%    passed     99.99%
 262  Cervus_elaphus                  0.00%    passed     99.99%
 263  Cervus_unicolor                 0.00%    passed    100.00%
 264  Elaphodus_cephalophus           0.00%    passed    100.00%
 265  Rangifer_tarandus               0.00%    passed    100.00%
 266  Hydropotes_inermis              0.00%    passed     99.92%
 267  Giraffa_camelopardalis          0.00%    passed    100.00%
 268  Lama_pacos                      0.00%    passed     99.98%
 269  Lama_glama                      0.00%    passed     99.98%
 270  Lama_guanicoe                   0.00%    passed     99.98%
 271  Vicugna_vicugna                 0.00%    passed     99.98%
 272  Camelus_bactrianus              0.00%    passed     99.91%
 273  Camelus_dromedarius             0.00%    passed     99.92%
 274  Pecari_tajacu                   0.00%    passed     99.99%
****  TOTAL                           0.00%  0 sequences failed composition chi2 test (p-value<5%; df=19)
NOTE: Sus_scrofa is identical to Phacochoerus_africanus but kept for subsequent analysis
NOTE: Rattus_rattus is identical to Rattus_tanezumi but kept for subsequent analysis
NOTE: Homo_sapiens is identical to Pan_paniscus but kept for subsequent analysis
NOTE: Macaca_fascicularis is identical to Macaca_mulatta but kept for subsequent analysis
NOTE: Chlorocebus_pygerythrus is identical to Chlorocebus_tantalus but kept for subsequent analysis
NOTE: Eulemur_macaco is identical to Eulemur_fulvus but kept for subsequent analysis
NOTE: Elephas_maximus is identical to Loxodonta_africana but kept for subsequent analysis
NOTE: Rhinolophus_pumilus is identical to Rhinolophus_monoceros but kept for subsequent analysis
NOTE: Phoca_largha is identical to Phoca_vitulina but kept for subsequent analysis
NOTE: Arctocephalus_townsendi is identical to Arctocephalus_forsteri but kept for subsequent analysis
NOTE: Ursus_maritimus is identical to Ursus_arctos but kept for subsequent analysis
NOTE: Canis_latrans is identical to Canis_lupus but kept for subsequent analysis
NOTE: Eubalaena_australis is identical to Balaenoptera_musculus but kept for subsequent analysis
NOTE: Balaenoptera_edeni is identical to Balaenoptera_brydei but kept for subsequent analysis
NOTE: Stenella_coeruleoalba is identical to Stenella_attenuata but kept for subsequent analysis
NOTE: Budorcas_taxicolor is identical to Ovis_aries but kept for subsequent analysis
NOTE: Bos_taurus is identical to Bos_indicus but kept for subsequent analysis
NOTE: Moschus_moschiferus is identical to Moschus_berezovskii but kept for subsequent analysis
NOTE: Cervus_elaphus is identical to Cervus_nippon but kept for subsequent analysis
NOTE: Lama_glama is identical to Lama_pacos but kept for subsequent analysis
NOTE: 12 identical sequences (see below) will be ignored for subsequent analysis
NOTE: Phoca_sibirica (identical to Phoca_vitulina) is ignored but added at the end
NOTE: Halichoerus_grypus (identical to Phoca_vitulina) is ignored but added at the end
NOTE: Phoca_caspica (identical to Phoca_vitulina) is ignored but added at the end
NOTE: Phoca_hispida (identical to Phoca_vitulina) is ignored but added at the end
NOTE: Zalophus_californianus (identical to Arctocephalus_forsteri) is ignored but added at the end
NOTE: Eubalaena_japonica (identical to Balaenoptera_musculus) is ignored but added at the end
NOTE: Tursiops_aduncus (identical to Stenella_attenuata) is ignored but added at the end
NOTE: Tursiops_truncatus (identical to Stenella_attenuata) is ignored but added at the end
NOTE: Sousa_chinensis (identical to Stenella_attenuata) is ignored but added at the end
NOTE: Pantholops_hodgsonii (identical to Ovis_aries) is ignored but added at the end
NOTE: Lama_guanicoe (identical to Lama_pacos) is ignored but added at the end
NOTE: Vicugna_vicugna (identical to Lama_pacos) is ignored but added at the end

For your convenience alignment with unique sequences printed to /csm_data/spielman_lab/dms_modelselection//simulations/alignments_empirical/Gal4_dosreis_rep2_AA.fasta.uniqueseq.phy

Create initial parsimony tree by phylogenetic likelihood library (PLL)... 0.055 seconds

NOTE: 13 MB RAM (0 GB) is required!
WARNING: Number of threads seems too high for short alignments. Use -nt AUTO to determine best number of threads.
Estimate model parameters (epsilon = 0.100)
1. Initial log-likelihood: -5683.547
2. Current log-likelihood: -5510.610
Optimal log-likelihood: -5510.564
Gamma shape alpha: 1.085
Parameters optimization took 2 rounds (0.185 sec)
Computing ML distances based on estimated model parameters... 18.839 sec
Computing BIONJ tree...
0.071 seconds
Log-likelihood of BIONJ tree: -5442.364
--------------------------------------------------------------------
|             INITIALIZING CANDIDATE TREE SET                      |
--------------------------------------------------------------------
Generating 98 parsimony trees... 5.568 second
Computing log-likelihood of 98 initial trees ... 8.470 seconds
Current best score: -5442.364

Do NNI search on 20 best initial trees
Estimate model parameters (epsilon = 0.100)
BETTER TREE FOUND at iteration 1: -5412.532
Iteration 10 / LogL: -5441.138 / Time: 0h:0m:28s
Iteration 20 / LogL: -5424.164 / Time: 0h:0m:39s
Finish initializing candidate tree set (20)
Current best tree score: -5412.532 / CPU time: 36.795
Number of iterations: 20
--------------------------------------------------------------------
|               OPTIMIZING CANDIDATE TREE SET                      |
--------------------------------------------------------------------
Iteration 30 / LogL: -5414.452 / Time: 0h:0m:52s (0h:2m:8s left)
Estimate model parameters (epsilon = 0.100)
BETTER TREE FOUND at iteration 34: -5411.997
Iteration 40 / LogL: -5418.200 / Time: 0h:1m:4s (0h:2m:36s left)
Iteration 50 / LogL: -5431.474 / Time: 0h:1m:17s (0h:2m:12s left)
Estimate model parameters (epsilon = 0.100)
BETTER TREE FOUND at iteration 51: -5411.681
Estimate model parameters (epsilon = 0.100)
BETTER TREE FOUND at iteration 53: -5407.526
Estimate model parameters (epsilon = 0.100)
BETTER TREE FOUND at iteration 58: -5407.138
Iteration 60 / LogL: -5415.744 / Time: 0h:1m:30s (0h:2m:29s left)
Iteration 70 / LogL: -5407.607 / Time: 0h:1m:43s (0h:2m:11s left)
Estimate model parameters (epsilon = 0.100)
BETTER TREE FOUND at iteration 73: -5406.970
Estimate model parameters (epsilon = 0.100)
BETTER TREE FOUND at iteration 77: -5406.635
Iteration 80 / LogL: -5408.459 / Time: 0h:1m:56s (0h:2m:22s left)
Estimate model parameters (epsilon = 0.100)
BETTER TREE FOUND at iteration 85: -5405.431
Iteration 90 / LogL: -5430.171 / Time: 0h:2m:9s (0h:2m:17s left)
BETTER TREE FOUND at iteration 93: -5405.431
Iteration 100 / LogL: -5410.852 / Time: 0h:2m:21s (0h:2m:13s left)
Iteration 110 / LogL: -5408.214 / Time: 0h:2m:34s (0h:1m:57s left)
Estimate model parameters (epsilon = 0.100)
BETTER TREE FOUND at iteration 115: -5405.098
Estimate model parameters (epsilon = 0.100)
BETTER TREE FOUND at iteration 117: -5404.746
Estimate model parameters (epsilon = 0.100)
BETTER TREE FOUND at iteration 118: -5404.687
Iteration 120 / LogL: -5424.523 / Time: 0h:2m:47s (0h:2m:17s left)
Iteration 130 / LogL: -5408.001 / Time: 0h:2m:59s (0h:2m:2s left)
Iteration 140 / LogL: -5410.943 / Time: 0h:3m:13s (0h:1m:48s left)
Estimate model parameters (epsilon = 0.100)
BETTER TREE FOUND at iteration 144: -5400.630
Iteration 150 / LogL: -5404.646 / Time: 0h:3m:26s (0h:2m:9s left)
Iteration 160 / LogL: -5406.855 / Time: 0h:3m:38s (0h:1m:55s left)
Iteration 170 / LogL: -5403.551 / Time: 0h:3m:51s (0h:1m:41s left)
Iteration 180 / LogL: -5401.619 / Time: 0h:4m:3s (0h:1m:27s left)
Iteration 190 / LogL: -5427.629 / Time: 0h:4m:18s (0h:1m:13s left)
Iteration 200 / LogL: -5407.541 / Time: 0h:4m:30s (0h:0m:59s left)
Iteration 210 / LogL: -5421.881 / Time: 0h:4m:41s (0h:0m:45s left)
Iteration 220 / LogL: -5402.667 / Time: 0h:4m:55s (0h:0m:32s left)
Iteration 230 / LogL: -5401.960 / Time: 0h:5m:8s (0h:0m:18s left)
Estimate model parameters (epsilon = 0.100)
BETTER TREE FOUND at iteration 232: -5400.421
Estimate model parameters (epsilon = 0.100)
BETTER TREE FOUND at iteration 236: -5399.486
Estimate model parameters (epsilon = 0.100)
BETTER TREE FOUND at iteration 237: -5399.382
Iteration 240 / LogL: -5402.701 / Time: 0h:5m:21s (0h:2m:10s left)
Estimate model parameters (epsilon = 0.100)
BETTER TREE FOUND at iteration 247: -5399.312
Iteration 250 / LogL: -5400.156 / Time: 0h:5m:34s (0h:2m:10s left)
Iteration 260 / LogL: -5430.869 / Time: 0h:5m:46s (0h:1m:56s left)
Iteration 270 / LogL: -5407.935 / Time: 0h:5m:59s (0h:1m:42s left)
Iteration 280 / LogL: -5401.180 / Time: 0h:6m:12s (0h:1m:29s left)
Iteration 290 / LogL: -5406.754 / Time: 0h:6m:24s (0h:1m:15s left)
Iteration 300 / LogL: -5411.810 / Time: 0h:6m:36s (0h:1m:2s left)
Estimate model parameters (epsilon = 0.100)
BETTER TREE FOUND at iteration 310: -5399.276
Iteration 310 / LogL: -5399.276 / Time: 0h:6m:50s (0h:2m:12s left)
Iteration 320 / LogL: -5399.422 / Time: 0h:7m:3s (0h:1m:59s left)
Iteration 330 / LogL: -5424.158 / Time: 0h:7m:16s (0h:1m:46s left)
Iteration 340 / LogL: -5422.869 / Time: 0h:7m:29s (0h:1m:32s left)
Iteration 350 / LogL: -5402.959 / Time: 0h:7m:42s (0h:1m:19s left)
Iteration 360 / LogL: -5414.324 / Time: 0h:7m:55s (0h:1m:6s left)
Iteration 370 / LogL: -5415.962 / Time: 0h:8m:8s (0h:0m:52s left)
Iteration 380 / LogL: -5403.482 / Time: 0h:8m:20s (0h:0m:39s left)
Iteration 390 / LogL: -5411.183 / Time: 0h:8m:33s (0h:0m:26s left)
Estimate model parameters (epsilon = 0.100)
BETTER TREE FOUND at iteration 394: -5398.992
Iteration 400 / LogL: -5407.055 / Time: 0h:8m:47s (0h:2m:4s left)
Iteration 410 / LogL: -5404.980 / Time: 0h:9m:0s (0h:1m:51s left)
Iteration 420 / LogL: -5414.308 / Time: 0h:9m:14s (0h:1m:37s left)
Iteration 430 / LogL: -5403.901 / Time: 0h:9m:26s (0h:1m:24s left)
Iteration 440 / LogL: -5402.222 / Time: 0h:9m:39s (0h:1m:11s left)
Iteration 450 / LogL: -5403.716 / Time: 0h:9m:52s (0h:0m:58s left)
Iteration 460 / LogL: -5402.017 / Time: 0h:10m:5s (0h:0m:44s left)
Estimate model parameters (epsilon = 0.100)
BETTER TREE FOUND at iteration 468: -5398.937
Iteration 470 / LogL: -5406.064 / Time: 0h:10m:19s (0h:2m:9s left)
Estimate model parameters (epsilon = 0.100)
BETTER TREE FOUND at iteration 478: -5398.606
Iteration 480 / LogL: -5406.921 / Time: 0h:10m:32s (0h:2m:9s left)
Iteration 490 / LogL: -5400.155 / Time: 0h:10m:46s (0h:1m:56s left)
Iteration 500 / LogL: -5431.502 / Time: 0h:10m:59s (0h:1m:43s left)
Iteration 510 / LogL: -5410.537 / Time: 0h:11m:11s (0h:1m:29s left)
Iteration 520 / LogL: -5412.489 / Time: 0h:11m:25s (0h:1m:16s left)
Iteration 530 / LogL: -5403.543 / Time: 0h:11m:38s (0h:1m:3s left)
BETTER TREE FOUND at iteration 532: -5398.606
Iteration 540 / LogL: -5403.468 / Time: 0h:11m:51s (0h:2m:1s left)
Iteration 550 / LogL: -5435.493 / Time: 0h:12m:5s (0h:1m:48s left)
BETTER TREE FOUND at iteration 559: -5398.606
Iteration 560 / LogL: -5403.641 / Time: 0h:12m:19s (0h:2m:11s left)
Estimate model parameters (epsilon = 0.100)
BETTER TREE FOUND at iteration 570: -5398.500
Iteration 570 / LogL: -5398.500 / Time: 0h:12m:32s (0h:2m:12s left)
BETTER TREE FOUND at iteration 578: -5398.500
Iteration 580 / LogL: -5400.183 / Time: 0h:12m:46s (0h:2m:9s left)
BETTER TREE FOUND at iteration 587: -5398.500
Iteration 590 / LogL: -5416.478 / Time: 0h:13m:0s (0h:2m:8s left)
Iteration 600 / LogL: -5419.054 / Time: 0h:13m:13s (0h:1m:55s left)
Iteration 610 / LogL: -5400.036 / Time: 0h:13m:27s (0h:1m:42s left)
Iteration 620 / LogL: -5407.540 / Time: 0h:13m:39s (0h:1m:28s left)
Iteration 630 / LogL: -5437.614 / Time: 0h:13m:51s (0h:1m:15s left)
Iteration 640 / LogL: -5421.637 / Time: 0h:14m:5s (0h:1m:2s left)
BETTER TREE FOUND at iteration 643: -5398.500
Iteration 650 / LogL: -5398.580 / Time: 0h:14m:17s (0h:2m:2s left)
Iteration 660 / LogL: -5398.501 / Time: 0h:14m:31s (0h:1m:49s left)
BETTER TREE FOUND at iteration 662: -5398.500
Iteration 670 / LogL: -5408.561 / Time: 0h:14m:43s (0h:2m:1s left)
Iteration 680 / LogL: -5414.012 / Time: 0h:14m:57s (0h:1m:48s left)
Iteration 690 / LogL: -5410.504 / Time: 0h:15m:12s (0h:1m:35s left)
Iteration 700 / LogL: -5402.743 / Time: 0h:15m:26s (0h:1m:22s left)
Iteration 710 / LogL: -5404.359 / Time: 0h:15m:39s (0h:1m:8s left)
Iteration 720 / LogL: -5420.781 / Time: 0h:15m:52s (0h:0m:55s left)
Iteration 730 / LogL: -5400.161 / Time: 0h:16m:6s (0h:0m:42s left)
Iteration 740 / LogL: -5402.916 / Time: 0h:16m:20s (0h:0m:29s left)
Iteration 750 / LogL: -5404.207 / Time: 0h:16m:32s (0h:0m:15s left)
Iteration 760 / LogL: -5398.530 / Time: 0h:16m:46s (0h:0m:2s left)
TREE SEARCH COMPLETED AFTER 763 ITERATIONS / Time: 0h:16m:50s

--------------------------------------------------------------------
|                    FINALIZING TREE SEARCH                        |
--------------------------------------------------------------------
Performs final model parameters optimization
Estimate model parameters (epsilon = 0.010)
1. Initial log-likelihood: -5398.500
Optimal log-likelihood: -5398.500
Gamma shape alpha: 1.123
Parameters optimization took 1 rounds (0.064 sec)
BEST SCORE FOUND : -5398.500
Total tree length: 16.974

Total number of iterations: 763
CPU time used for tree search: 7986.519 sec (2h:13m:6s)
Wall-clock time used for tree search: 1007.875 sec (0h:16m:47s)
Total CPU time used: 8009.198 sec (2h:13m:29s)
Total wall-clock time used: 1010.982 sec (0h:16m:50s)

Analysis results written to: 
  IQ-TREE report:                /csm_data/spielman_lab/dms_modelselection//simulations/alignments_empirical/Gal4_dosreis_rep2_AA.fasta.iqtree
  Maximum-likelihood tree:       /csm_data/spielman_lab/dms_modelselection//simulations/alignments_empirical/Gal4_dosreis_rep2_AA.fasta.treefile
  Likelihood distances:          /csm_data/spielman_lab/dms_modelselection//simulations/alignments_empirical/Gal4_dosreis_rep2_AA.fasta.mldist
  Screen log file:               /csm_data/spielman_lab/dms_modelselection//simulations/alignments_empirical/Gal4_dosreis_rep2_AA.fasta.log

Date and Time: Tue Apr 16 08:46:29 2019
