IQ-TREE multicore version 1.6.7 for Linux 64-bit built Aug 23 2018
Developed by Bui Quang Minh, Nguyen Lam Tung, Olga Chernomor,
Heiko Schmidt, Dominik Schrempf, Michael Woodhams.

Host:    csm-com-010 (AVX2, FMA3, 62 GB RAM)
Command: iqtree -nt 8 -m mtART+F+I+G4 -s /csm_data/spielman_lab/dms_modelselection//simulations/alignments_empirical/Gal4_spiralia_rep4_AA.fasta -st AA
Seed:    635368 (Using SPRNG - Scalable Parallel Random Number Generator)
Time:    Thu May 23 00:32:21 2019
Kernel:  AVX+FMA - 8 threads (48 CPU cores detected)

Reading alignment file /csm_data/spielman_lab/dms_modelselection//simulations/alignments_empirical/Gal4_spiralia_rep4_AA.fasta ... Fasta format detected
Alignment most likely contains protein sequences
Alignment has 103 sequences with 64 columns, 64 distinct patterns
50 parsimony-informative, 7 singleton sites, 7 constant sites
                                Gap/Ambiguity  Composition  p-value
   1  Adineta_vaga                      0.00%    passed     99.94%
   2  Rotaria_rotatoria                 0.00%    passed     99.95%
   3  Lepadella_patella                 0.00%    passed     99.98%
   4  Brachionus_plicatilis             0.00%    passed    100.00%
   5  Brachionus_manjavacas             0.00%    passed    100.00%
   6  Rhabdopleura_compacta             0.00%    passed    100.00%
   7  Ptychodera_flava                  0.00%    passed    100.00%
   8  SchizocardiumCalif_cl             0.00%    passed    100.00%
   9  Sackow                            0.00%    passed    100.00%
  10  Patmin                            0.00%    passed    100.00%
  11  Parastichopus_parvimensis         0.00%    passed    100.00%
  12  Strpur                            0.00%    passed    100.00%
  13  Florometra_serratissima           0.00%    passed    100.00%
  14  Calmil                            0.00%    passed    100.00%
  15  HUMAN                             0.00%    passed    100.00%
  16  LATCH                             0.00%    passed    100.00%
  17  LEPOC                             0.00%    passed    100.00%
  18  Petromyzon_marins                 0.00%    passed     99.99%
  19  Halocynthia_roretzi               0.00%    passed     99.99%
  20  Molgula_tectiformis               0.00%    passed    100.00%
  21  CIOIN                             0.00%    passed     99.41%
  22  Asymmetron_lucayanum              0.00%    passed     99.89%
  23  BraLan                            0.00%    passed     99.92%
  24  Leucoselenia_complicata           0.00%    passed     97.15%
  25  Sycon_ciliatum                    0.00%    passed    100.00%
  26  Oscarella_carmella                0.00%    passed     99.98%
  27  AMPQE                             0.00%    passed     99.99%
  28  Ephidatia_mulleri                 0.00%    passed    100.00%
  29  NEMVE                             0.00%    passed     95.82%
  30  Acropora_digitifera               0.00%    passed     99.90%
  31  Aurelia_aurita                    0.00%    passed     49.24%
  32  Clytia_hemisphaerica              0.00%    passed     41.20%
  33  Isodiametra_pulchra               0.00%    passed     99.64%
  34  Childia_submaculatum              0.00%    passed     90.98%
  35  Diopisthoporus_gymnopharyngeus    0.00%    passed     95.01%
  36  Hofstenia_miamia                  0.00%    passed     99.41%
  37  Meara_stichopi                    0.00%    passed     99.78%
  38  Nemertoderma_westbladi            0.00%    passed    100.00%
  39  Xenoturbella_profunda             0.00%    passed     99.81%
  40  Xenoturbella_bocki                0.00%    passed     99.74%
  41  TRICA                             0.00%    passed     99.98%
  42  DROME                             0.00%    passed     99.96%
  43  Apis_mellifera                    0.00%    passed     99.91%
  44  Daphnia_pulex                     0.00%    passed    100.00%
  45  Eudigraphis_taiwaniensis          0.00%    passed    100.00%
  46  STRMM                             0.00%    passed     83.87%
  47  Mesobuthus_martensii              0.00%    passed     99.75%
  48  Limulus_polyphemus                0.00%    passed     99.99%
  49  Peripatopsis_capensis             0.00%    passed     58.11%
  50  Enoplus_brevis                    0.00%    passed     99.72%
  51  Romanomermis_culicivorax          0.00%    passed     62.66%
  52  Ramazzottius_varieornatus         0.00%    passed     64.35%
  53  Hypsibius_dujardini               0.00%    passed     99.03%
  54  Priapulus_caudatus                0.00%    passed    100.00%
  55  Halicryptus_spinulosus            0.00%    passed    100.00%
  56  Tubiluchus_corallicola            0.00%    passed    100.00%
  57  Lepidodermella_squamata           0.00%    passed     47.63%
  58  Diuronotus_aspetos                0.00%    passed     99.95%
  59  Macrodasys_sp                     0.00%    passed     99.69%
  60  Megadasys_sp                      0.00%    passed     99.80%
  61  Catenulida_sp                     0.00%    passed     43.20%
  62  Stylochoplana_maculata            0.00%    passed     98.63%
  63  Stylochus_ellipticus              0.00%    passed     99.48%
  64  Macrostomum_lignano               0.00%    passed     99.92%
  65  LOTGI                             0.00%    passed    100.00%
  66  Aplysia_californica               0.00%    passed    100.00%
  67  CRAGI                             0.00%    passed    100.00%
  68  Leptochiton_rugatus               0.00%    passed     99.98%
  69  Neomenia_megatrapezata            0.00%    failed      1.61%
  70  CAPI1                             0.00%    passed     99.84%
  71  Lumbricus_terrestris              0.00%    passed     99.99%
  72  Nephtys_caeca                     0.00%    passed     99.09%
  73  Owenia_fusiformis                 0.00%    passed     97.99%
  74  Lineus_longissimus                0.00%    passed     99.82%
  75  Paranemertes_peregrina            0.00%    passed    100.00%
  76  Malacobdella_grossa               0.00%    passed     68.00%
  77  Tubulanus_polymorphus             0.00%    passed     99.71%
  78  Cephalothrix_linearis             0.00%    passed     99.32%
  79  Hemithiris_psittacea              0.00%    passed     99.37%
  80  Terebratalia_transversa           0.00%    passed     99.64%
  81  Glottidia_pyramidata              0.00%    passed     99.53%
  82  Linana                            0.00%    passed     99.36%
  83  Phoronopsis_harmeri               0.00%    passed     99.99%
  84  Phoronis_vancouverensis           0.00%    passed     99.87%
  85  Phoronis_psammophila              0.00%    passed     99.99%
  86  Membranipora_membranacea          0.00%    passed     99.86%
  87  Bugula_neritina                   0.00%    passed    100.00%
  88  Loxosoma_pectinaricola            0.00%    passed     99.99%
  89  Barentsia_gracilis                0.00%    passed     99.58%
  90  Sagitta_gazellae                  0.00%    passed    100.00%
  91  Sagitta_setosa                    0.00%    passed     99.24%
  92  Pterosagitta_draco                0.00%    passed     99.24%
  93  Sagitta_elegans                   0.00%    passed     99.97%
  94  Sagitta_serratodentata            0.00%    passed    100.00%
  95  Sagitta_hexaptera                 0.00%    passed    100.00%
  96  Krohnitta_sp                      0.00%    passed    100.00%
  97  Paraspadella_ovovivipara          0.00%    passed     99.99%
  98  Pargo1                            0.00%    passed     99.98%
  99  Spadella_cephaloptera             0.00%    passed     99.91%
 100  Eukrohnia_hamata                  0.00%    passed     99.95%
 101  Gnathostomula_paradoxa            0.00%    passed     97.21%
 102  Austrognathia_sp                  0.00%    passed    100.00%
 103  Limnognathia_maerski              0.00%    passed     14.24%
****  TOTAL                             0.00%  1 sequences failed composition chi2 test (p-value<5%; df=19)
NOTE: LEPOC is identical to Calmil but kept for subsequent analysis
NOTE: Phoronis_psammophila is identical to Phoronopsis_harmeri but kept for subsequent analysis
NOTE: Pterosagitta_draco is identical to Sagitta_setosa but kept for subsequent analysis
NOTE: Krohnitta_sp is identical to Sagitta_serratodentata but kept for subsequent analysis

Create initial parsimony tree by phylogenetic likelihood library (PLL)... 0.012 seconds

NOTE: 5 MB RAM (0 GB) is required!
WARNING: Number of threads seems too high for short alignments. Use -nt AUTO to determine best number of threads.
Estimate model parameters (epsilon = 0.100)
Thoroughly optimizing +I+G parameters from 10 start values...
Init pinv, alpha: 0.000, 1.000 / Estimate: 0.000, 0.503 / LogL: -3169.832
Init pinv, alpha: 0.012, 1.000 / Estimate: 0.005, 0.510 / LogL: -3169.858
Init pinv, alpha: 0.024, 1.000 / Estimate: 0.011, 0.518 / LogL: -3169.891
Init pinv, alpha: 0.036, 1.000 / Estimate: 0.016, 0.529 / LogL: -3169.944
Init pinv, alpha: 0.049, 1.000 / Estimate: 0.019, 0.536 / LogL: -3169.979
Init pinv, alpha: 0.061, 1.000 / Estimate: 0.061, 0.750 / LogL: -3169.963
Init pinv, alpha: 0.073, 1.000 / Estimate: 0.061, 0.751 / LogL: -3169.963
Init pinv, alpha: 0.085, 1.000 / Estimate: 0.062, 0.751 / LogL: -3169.963
Init pinv, alpha: 0.097, 1.000 / Estimate: 0.062, 0.752 / LogL: -3169.964
Init pinv, alpha: 0.109, 1.000 / Estimate: 0.062, 0.752 / LogL: -3169.965
Optimal pinv,alpha: 0.000, 0.503 / LogL: -3169.832

Parameters optimization took 2.572 sec
Computing ML distances based on estimated model parameters... 6.637 sec
Computing BIONJ tree...
0.008 seconds
Log-likelihood of BIONJ tree: -3118.780
--------------------------------------------------------------------
|             INITIALIZING CANDIDATE TREE SET                      |
--------------------------------------------------------------------
Generating 98 parsimony trees... 1.409 second
Computing log-likelihood of 98 initial trees ... 2.913 seconds
Current best score: -3118.780

Do NNI search on 20 best initial trees
Estimate model parameters (epsilon = 0.100)
BETTER TREE FOUND at iteration 1: -3106.248
Iteration 10 / LogL: -3135.543 / Time: 0h:0m:14s
Iteration 20 / LogL: -3132.207 / Time: 0h:0m:21s
Finish initializing candidate tree set (20)
Current best tree score: -3106.248 / CPU time: 17.684
Number of iterations: 20
--------------------------------------------------------------------
|               OPTIMIZING CANDIDATE TREE SET                      |
--------------------------------------------------------------------
Estimate model parameters (epsilon = 0.100)
BETTER TREE FOUND at iteration 24: -3103.186
Iteration 30 / LogL: -3114.890 / Time: 0h:0m:28s (0h:1m:31s left)
Iteration 40 / LogL: -3108.046 / Time: 0h:0m:33s (0h:1m:13s left)
Iteration 50 / LogL: -3141.590 / Time: 0h:0m:39s (0h:0m:59s left)
Estimate model parameters (epsilon = 0.100)
BETTER TREE FOUND at iteration 54: -3101.882
Iteration 60 / LogL: -3122.901 / Time: 0h:0m:45s (0h:1m:12s left)
Iteration 70 / LogL: -3104.376 / Time: 0h:0m:51s (0h:1m:3s left)
Estimate model parameters (epsilon = 0.100)
BETTER TREE FOUND at iteration 78: -3101.257
Iteration 80 / LogL: -3116.923 / Time: 0h:0m:58s (0h:1m:12s left)
Estimate model parameters (epsilon = 0.100)
BETTER TREE FOUND at iteration 85: -3100.978
Iteration 90 / LogL: -3101.088 / Time: 0h:1m:5s (0h:1m:9s left)
Estimate model parameters (epsilon = 0.100)
BETTER TREE FOUND at iteration 100: -3099.065
Iteration 100 / LogL: -3099.065 / Time: 0h:1m:9s (0h:1m:10s left)
Estimate model parameters (epsilon = 0.100)
BETTER TREE FOUND at iteration 104: -3097.520
Iteration 110 / LogL: -3104.782 / Time: 0h:1m:16s (0h:1m:5s left)
Iteration 120 / LogL: -3099.376 / Time: 0h:1m:20s (0h:0m:56s left)
BETTER TREE FOUND at iteration 124: -3097.520
Iteration 130 / LogL: -3097.520 / Time: 0h:1m:25s (0h:1m:2s left)
Iteration 140 / LogL: -3104.251 / Time: 0h:1m:31s (0h:0m:55s left)
Estimate model parameters (epsilon = 0.100)
BETTER TREE FOUND at iteration 150: -3097.487
Iteration 150 / LogL: -3097.487 / Time: 0h:1m:35s (0h:1m:4s left)
Iteration 160 / LogL: -3104.319 / Time: 0h:1m:40s (0h:0m:57s left)
BETTER TREE FOUND at iteration 161: -3097.487
Estimate model parameters (epsilon = 0.100)
BETTER TREE FOUND at iteration 167: -3096.462
Iteration 170 / LogL: -3097.489 / Time: 0h:1m:45s (0h:1m:0s left)
Iteration 180 / LogL: -3104.438 / Time: 0h:1m:49s (0h:0m:53s left)
Estimate model parameters (epsilon = 0.100)
BETTER TREE FOUND at iteration 186: -3095.130
Iteration 190 / LogL: -3100.100 / Time: 0h:1m:54s (0h:0m:57s left)
BETTER TREE FOUND at iteration 195: -3095.127
Iteration 200 / LogL: -3108.079 / Time: 0h:1m:58s (0h:0m:56s left)
Estimate model parameters (epsilon = 0.100)
BETTER TREE FOUND at iteration 205: -3092.626
Iteration 210 / LogL: -3095.180 / Time: 0h:2m:2s (0h:0m:55s left)
Estimate model parameters (epsilon = 0.100)
BETTER TREE FOUND at iteration 211: -3087.673
Iteration 220 / LogL: -3093.836 / Time: 0h:2m:6s (0h:0m:52s left)
Estimate model parameters (epsilon = 0.100)
BETTER TREE FOUND at iteration 223: -3086.692
Estimate model parameters (epsilon = 0.100)
BETTER TREE FOUND at iteration 228: -3082.968
Iteration 230 / LogL: -3115.561 / Time: 0h:2m:11s (0h:0m:56s left)
BETTER TREE FOUND at iteration 236: -3082.968
Estimate model parameters (epsilon = 0.100)
BETTER TREE FOUND at iteration 238: -3082.908
Iteration 240 / LogL: -3104.822 / Time: 0h:2m:15s (0h:0m:55s left)
Estimate model parameters (epsilon = 0.100)
BETTER TREE FOUND at iteration 243: -3080.781
BETTER TREE FOUND at iteration 247: -3080.781
Iteration 250 / LogL: -3121.773 / Time: 0h:2m:19s (0h:0m:54s left)
BETTER TREE FOUND at iteration 255: -3080.781
Iteration 260 / LogL: -3084.845 / Time: 0h:2m:23s (0h:0m:52s left)
Iteration 270 / LogL: -3080.781 / Time: 0h:2m:27s (0h:0m:46s left)
Estimate model parameters (epsilon = 0.100)
BETTER TREE FOUND at iteration 277: -3080.655
Iteration 280 / LogL: -3090.700 / Time: 0h:2m:31s (0h:0m:52s left)
Iteration 290 / LogL: -3082.148 / Time: 0h:2m:35s (0h:0m:46s left)
Iteration 300 / LogL: -3084.624 / Time: 0h:2m:39s (0h:0m:41s left)
Iteration 310 / LogL: -3086.792 / Time: 0h:2m:43s (0h:0m:35s left)
Iteration 320 / LogL: -3084.766 / Time: 0h:2m:47s (0h:0m:29s left)
Iteration 330 / LogL: -3082.040 / Time: 0h:2m:52s (0h:0m:24s left)
Iteration 340 / LogL: -3082.155 / Time: 0h:2m:56s (0h:0m:19s left)
Iteration 350 / LogL: -3083.248 / Time: 0h:3m:0s (0h:0m:13s left)
Estimate model parameters (epsilon = 0.100)
BETTER TREE FOUND at iteration 351: -3077.521
Iteration 360 / LogL: -3080.662 / Time: 0h:3m:5s (0h:0m:46s left)
BETTER TREE FOUND at iteration 365: -3077.520
BETTER TREE FOUND at iteration 366: -3077.520
Iteration 370 / LogL: -3080.933 / Time: 0h:3m:9s (0h:0m:49s left)
BETTER TREE FOUND at iteration 377: -3077.520
Iteration 380 / LogL: -3077.520 / Time: 0h:3m:13s (0h:0m:49s left)
Iteration 390 / LogL: -3083.561 / Time: 0h:3m:18s (0h:0m:44s left)
BETTER TREE FOUND at iteration 400: -3077.520
Iteration 400 / LogL: -3077.520 / Time: 0h:3m:22s (0h:0m:50s left)
Iteration 410 / LogL: -3077.520 / Time: 0h:3m:26s (0h:0m:45s left)
BETTER TREE FOUND at iteration 411: -3077.520
Iteration 420 / LogL: -3101.145 / Time: 0h:3m:31s (0h:0m:45s left)
Iteration 430 / LogL: -3077.520 / Time: 0h:3m:36s (0h:0m:40s left)
Iteration 440 / LogL: -3077.520 / Time: 0h:3m:41s (0h:0m:35s left)
Iteration 450 / LogL: -3078.968 / Time: 0h:3m:45s (0h:0m:30s left)
Iteration 460 / LogL: -3096.242 / Time: 0h:3m:50s (0h:0m:25s left)
Iteration 470 / LogL: -3077.520 / Time: 0h:3m:54s (0h:0m:20s left)
Iteration 480 / LogL: -3077.520 / Time: 0h:3m:59s (0h:0m:15s left)
BETTER TREE FOUND at iteration 481: -3077.520
Iteration 490 / LogL: -3077.520 / Time: 0h:4m:4s (0h:0m:45s left)
Iteration 500 / LogL: -3079.701 / Time: 0h:4m:8s (0h:0m:40s left)
BETTER TREE FOUND at iteration 508: -3077.520
Iteration 510 / LogL: -3083.141 / Time: 0h:4m:13s (0h:0m:48s left)
Iteration 520 / LogL: -3081.696 / Time: 0h:4m:17s (0h:0m:43s left)
Iteration 530 / LogL: -3081.722 / Time: 0h:4m:22s (0h:0m:38s left)
Iteration 540 / LogL: -3077.520 / Time: 0h:4m:27s (0h:0m:33s left)
Iteration 550 / LogL: -3084.450 / Time: 0h:4m:31s (0h:0m:28s left)
Estimate model parameters (epsilon = 0.100)
BETTER TREE FOUND at iteration 559: -3075.884
Iteration 560 / LogL: -3092.951 / Time: 0h:4m:36s (0h:0m:48s left)
BETTER TREE FOUND at iteration 565: -3075.883
BETTER TREE FOUND at iteration 567: -3075.883
Iteration 570 / LogL: -3075.883 / Time: 0h:4m:41s (0h:0m:47s left)
Iteration 580 / LogL: -3077.479 / Time: 0h:4m:45s (0h:0m:42s left)
Iteration 590 / LogL: -3080.779 / Time: 0h:4m:50s (0h:0m:37s left)
Iteration 600 / LogL: -3078.687 / Time: 0h:4m:54s (0h:0m:32s left)
Iteration 610 / LogL: -3080.171 / Time: 0h:4m:59s (0h:0m:28s left)
BETTER TREE FOUND at iteration 613: -3075.883
Iteration 620 / LogL: -3090.160 / Time: 0h:5m:4s (0h:0m:45s left)
Iteration 630 / LogL: -3075.883 / Time: 0h:5m:8s (0h:0m:40s left)
BETTER TREE FOUND at iteration 640: -3075.883
Iteration 640 / LogL: -3075.883 / Time: 0h:5m:13s (0h:0m:49s left)
Iteration 650 / LogL: -3079.754 / Time: 0h:5m:17s (0h:0m:44s left)
Iteration 660 / LogL: -3091.480 / Time: 0h:5m:22s (0h:0m:39s left)
Iteration 670 / LogL: -3075.883 / Time: 0h:5m:27s (0h:0m:34s left)
Iteration 680 / LogL: -3080.087 / Time: 0h:5m:31s (0h:0m:29s left)
Estimate model parameters (epsilon = 0.100)
BETTER TREE FOUND at iteration 686: -3074.717
Iteration 690 / LogL: -3079.950 / Time: 0h:5m:37s (0h:0m:46s left)
Iteration 700 / LogL: -3075.879 / Time: 0h:5m:41s (0h:0m:42s left)
Iteration 710 / LogL: -3094.937 / Time: 0h:5m:45s (0h:0m:37s left)
Iteration 720 / LogL: -3085.110 / Time: 0h:5m:50s (0h:0m:32s left)
Iteration 730 / LogL: -3075.879 / Time: 0h:5m:55s (0h:0m:27s left)
BETTER TREE FOUND at iteration 737: -3074.716
Iteration 740 / LogL: -3106.028 / Time: 0h:6m:0s (0h:0m:47s left)
Iteration 750 / LogL: -3075.879 / Time: 0h:6m:5s (0h:0m:42s left)
Iteration 760 / LogL: -3079.631 / Time: 0h:6m:10s (0h:0m:37s left)
Iteration 770 / LogL: -3086.549 / Time: 0h:6m:15s (0h:0m:32s left)
Iteration 780 / LogL: -3081.608 / Time: 0h:6m:19s (0h:0m:27s left)
Estimate model parameters (epsilon = 0.100)
BETTER TREE FOUND at iteration 786: -3074.353
Iteration 790 / LogL: -3083.697 / Time: 0h:6m:23s (0h:0m:46s left)
Iteration 800 / LogL: -3094.054 / Time: 0h:6m:28s (0h:0m:41s left)
Iteration 810 / LogL: -3079.375 / Time: 0h:6m:33s (0h:0m:36s left)
Iteration 820 / LogL: -3075.722 / Time: 0h:6m:37s (0h:0m:32s left)
Iteration 830 / LogL: -3074.353 / Time: 0h:6m:41s (0h:0m:27s left)
Iteration 840 / LogL: -3074.353 / Time: 0h:6m:46s (0h:0m:22s left)
Iteration 850 / LogL: -3076.426 / Time: 0h:6m:51s (0h:0m:17s left)
Iteration 860 / LogL: -3083.391 / Time: 0h:6m:55s (0h:0m:12s left)
Iteration 870 / LogL: -3074.353 / Time: 0h:7m:0s (0h:0m:7s left)
Iteration 880 / LogL: -3080.013 / Time: 0h:7m:4s (0h:0m:2s left)
TREE SEARCH COMPLETED AFTER 887 ITERATIONS / Time: 0h:7m:7s

--------------------------------------------------------------------
|                    FINALIZING TREE SEARCH                        |
--------------------------------------------------------------------
Performs final model parameters optimization
Estimate model parameters (epsilon = 0.010)
1. Initial log-likelihood: -3074.353
Optimal log-likelihood: -3074.353
Proportion of invariable sites: 0.000
Gamma shape alpha: 0.529
Parameters optimization took 1 rounds (0.032 sec)
BEST SCORE FOUND : -3074.353
Total tree length: 25.420

Total number of iterations: 887
CPU time used for tree search: 3366.827 sec (0h:56m:6s)
Wall-clock time used for tree search: 424.302 sec (0h:7m:4s)
Total CPU time used: 3395.351 sec (0h:56m:35s)
Total wall-clock time used: 427.981 sec (0h:7m:7s)

Analysis results written to: 
  IQ-TREE report:                /csm_data/spielman_lab/dms_modelselection//simulations/alignments_empirical/Gal4_spiralia_rep4_AA.fasta.iqtree
  Maximum-likelihood tree:       /csm_data/spielman_lab/dms_modelselection//simulations/alignments_empirical/Gal4_spiralia_rep4_AA.fasta.treefile
  Likelihood distances:          /csm_data/spielman_lab/dms_modelselection//simulations/alignments_empirical/Gal4_spiralia_rep4_AA.fasta.mldist
  Screen log file:               /csm_data/spielman_lab/dms_modelselection//simulations/alignments_empirical/Gal4_spiralia_rep4_AA.fasta.log

Date and Time: Thu May 23 00:39:29 2019
