IQ-TREE multicore version 1.6.7 for Linux 64-bit built Aug 23 2018
Developed by Bui Quang Minh, Nguyen Lam Tung, Olga Chernomor,
Heiko Schmidt, Dominik Schrempf, Michael Woodhams.

Host:    csm-com-002 (AVX2, FMA3, 62 GB RAM)
Command: iqtree -nt 8 -m HIVw+F+I -s /csm_data/spielman_lab/dms_modelselection//simulations/alignments_empirical/HA_salichos_rep8_AA.fasta -st AA -te simulations/true_trees/salichos.tree
Seed:    15124 (Using SPRNG - Scalable Parallel Random Number Generator)
Time:    Thu May 23 13:40:53 2019
Kernel:  AVX+FMA - 8 threads (48 CPU cores detected)

Reading alignment file /csm_data/spielman_lab/dms_modelselection//simulations/alignments_empirical/HA_salichos_rep8_AA.fasta ... Fasta format detected
Alignment most likely contains protein sequences
Alignment has 23 sequences with 564 columns, 561 distinct patterns
500 parsimony-informative, 54 singleton sites, 10 constant sites
      Gap/Ambiguity  Composition  p-value
   1  Agos    0.00%    passed     79.43%
   2  Calb    0.00%    passed     61.27%
   3  Cdub    0.00%    passed     69.34%
   4  Ctro    0.00%    passed     93.33%
   5  Cpar    0.00%    passed     77.97%
   6  Lelo    0.00%    passed     98.14%
   7  Psti    0.00%    passed     99.82%
   8  Cgui    0.00%    passed     67.36%
   9  Dhan    0.00%    passed     90.83%
  10  Clus    0.00%    passed     63.02%
  11  Cgla    0.00%    passed     99.89%
  12  Sbay    0.00%    passed     88.10%
  13  Scer    0.00%    passed     92.78%
  14  Spar    0.00%    passed     92.02%
  15  Smik    0.00%    passed     76.07%
  16  Skud    0.00%    passed     98.95%
  17  Scas    0.00%    passed     99.74%
  18  Kpol    0.00%    passed     99.98%
  19  Zrou    0.00%    passed     96.84%
  20  Kthe    0.00%    passed     99.90%
  21  Kwal    0.00%    passed     95.81%
  22  Sklu    0.00%    passed     25.29%
  23  Klac    0.00%    passed     94.92%
****  TOTAL    0.00%  0 sequences failed composition chi2 test (p-value<5%; df=19)
Reading input tree file simulations/true_trees/salichos.tree ...

NOTE: 2 MB RAM (0 GB) is required!
Estimate model parameters (epsilon = 0.010)
1. Initial log-likelihood: -21255.025
2. Current log-likelihood: -21167.315
3. Current log-likelihood: -21167.232
Optimal log-likelihood: -21167.231
Proportion of invariable sites: 0.016
Parameters optimization took 3 rounds (0.062 sec)
BEST SCORE FOUND : -21167.231
Total tree length: 10.491

Total number of iterations: 0
CPU time used for tree search: 0.000 sec (0h:0m:0s)
Wall-clock time used for tree search: 0.000 sec (0h:0m:0s)
Total CPU time used: 0.353 sec (0h:0m:0s)
Total wall-clock time used: 0.073 sec (0h:0m:0s)

Analysis results written to: 
  IQ-TREE report:                /csm_data/spielman_lab/dms_modelselection//simulations/alignments_empirical/HA_salichos_rep8_AA.fasta.iqtree
  Maximum-likelihood tree:       /csm_data/spielman_lab/dms_modelselection//simulations/alignments_empirical/HA_salichos_rep8_AA.fasta.treefile
  Screen log file:               /csm_data/spielman_lab/dms_modelselection//simulations/alignments_empirical/HA_salichos_rep8_AA.fasta.log

Date and Time: Thu May 23 13:40:53 2019
