IQ-TREE multicore version 1.6.7 for Linux 64-bit built Aug 23 2018
Developed by Bui Quang Minh, Nguyen Lam Tung, Olga Chernomor,
Heiko Schmidt, Dominik Schrempf, Michael Woodhams.

Host:    csm-com-011 (AVX2, FMA3, 62 GB RAM)
Command: iqtree -nt 8 -m mtZOA+F+I -s /csm_data/spielman_lab/dms_modelselection//simulations/alignments_empirical/HA_salichos_rep9_AA.fasta -st AA -te simulations/true_trees/salichos.tree
Seed:    976287 (Using SPRNG - Scalable Parallel Random Number Generator)
Time:    Thu May 23 13:41:52 2019
Kernel:  AVX+FMA - 8 threads (48 CPU cores detected)

Reading alignment file /csm_data/spielman_lab/dms_modelselection//simulations/alignments_empirical/HA_salichos_rep9_AA.fasta ... Fasta format detected
Alignment most likely contains protein sequences
Alignment has 23 sequences with 564 columns, 559 distinct patterns
504 parsimony-informative, 46 singleton sites, 14 constant sites
      Gap/Ambiguity  Composition  p-value
   1  Agos    0.00%    passed     97.62%
   2  Calb    0.00%    passed     96.98%
   3  Cdub    0.00%    passed     99.92%
   4  Ctro    0.00%    passed     41.87%
   5  Cpar    0.00%    passed     63.08%
   6  Lelo    0.00%    passed     57.47%
   7  Psti    0.00%    passed     75.82%
   8  Cgui    0.00%    passed     97.23%
   9  Dhan    0.00%    passed     74.98%
  10  Clus    0.00%    passed     79.95%
  11  Cgla    0.00%    passed     86.15%
  12  Sbay    0.00%    passed     97.71%
  13  Scer    0.00%    passed     99.41%
  14  Spar    0.00%    passed     99.92%
  15  Smik    0.00%    passed     99.79%
  16  Skud    0.00%    passed     98.62%
  17  Scas    0.00%    passed     58.63%
  18  Kpol    0.00%    passed     62.70%
  19  Zrou    0.00%    passed     85.54%
  20  Kthe    0.00%    passed     73.16%
  21  Kwal    0.00%    passed     72.81%
  22  Sklu    0.00%    passed     92.38%
  23  Klac    0.00%    passed     92.85%
****  TOTAL    0.00%  0 sequences failed composition chi2 test (p-value<5%; df=19)
Reading input tree file simulations/true_trees/salichos.tree ...

NOTE: 2 MB RAM (0 GB) is required!
Estimate model parameters (epsilon = 0.010)
1. Initial log-likelihood: -21986.368
2. Current log-likelihood: -21822.668
3. Current log-likelihood: -21822.548
Optimal log-likelihood: -21822.548
Proportion of invariable sites: 0.023
Parameters optimization took 3 rounds (0.035 sec)
BEST SCORE FOUND : -21822.548
Total tree length: 12.242

Total number of iterations: 0
CPU time used for tree search: 0.000 sec (0h:0m:0s)
Wall-clock time used for tree search: 0.000 sec (0h:0m:0s)
Total CPU time used: 0.283 sec (0h:0m:0s)
Total wall-clock time used: 0.045 sec (0h:0m:0s)

Analysis results written to: 
  IQ-TREE report:                /csm_data/spielman_lab/dms_modelselection//simulations/alignments_empirical/HA_salichos_rep9_AA.fasta.iqtree
  Maximum-likelihood tree:       /csm_data/spielman_lab/dms_modelselection//simulations/alignments_empirical/HA_salichos_rep9_AA.fasta.treefile
  Screen log file:               /csm_data/spielman_lab/dms_modelselection//simulations/alignments_empirical/HA_salichos_rep9_AA.fasta.log

Date and Time: Thu May 23 13:41:53 2019
