IQ-TREE multicore version 1.6.7 for Linux 64-bit built Aug 23 2018
Developed by Bui Quang Minh, Nguyen Lam Tung, Olga Chernomor,
Heiko Schmidt, Dominik Schrempf, Michael Woodhams.

Host:    csm-com-003 (AVX2, FMA3, 62 GB RAM)
Command: iqtree -nt 8 -m mtMet+F -s /csm_data/spielman_lab/dms_modelselection//simulations/alignments_empirical/HIV_salichos_rep8_AA.fasta -st AA -te simulations/true_trees/salichos.tree
Seed:    560913 (Using SPRNG - Scalable Parallel Random Number Generator)
Time:    Thu May 23 09:22:46 2019
Kernel:  AVX+FMA - 8 threads (48 CPU cores detected)

Reading alignment file /csm_data/spielman_lab/dms_modelselection//simulations/alignments_empirical/HIV_salichos_rep8_AA.fasta ... Fasta format detected
Alignment most likely contains protein sequences
Alignment has 23 sequences with 661 columns, 661 distinct patterns
650 parsimony-informative, 11 singleton sites, 0 constant sites
      Gap/Ambiguity  Composition  p-value
   1  Agos    0.00%    passed     44.31%
   2  Klac    0.00%    passed     17.45%
   3  Calb    0.00%    passed     74.09%
   4  Cdub    0.00%    passed     80.49%
   5  Ctro    0.00%    passed     34.50%
   6  Cpar    0.00%    passed     85.94%
   7  Lelo    0.00%    passed     70.97%
   8  Psti    0.00%    passed     38.11%
   9  Cgui    0.00%    passed     59.71%
  10  Dhan    0.00%    passed     53.05%
  11  Clus    0.00%    passed     53.59%
  12  Cgla    0.00%    passed     82.24%
  13  Sbay    0.00%    passed     98.82%
  14  Scer    0.00%    passed     88.20%
  15  Spar    0.00%    passed     94.24%
  16  Smik    0.00%    passed     85.22%
  17  Skud    0.00%    passed     81.53%
  18  Scas    0.00%    passed     80.67%
  19  Kpol    0.00%    passed     75.76%
  20  Zrou    0.00%    passed     64.82%
  21  Kthe    0.00%    passed     83.26%
  22  Kwal    0.00%    passed     37.22%
  23  Sklu    0.00%    passed     28.49%
****  TOTAL    0.00%  0 sequences failed composition chi2 test (p-value<5%; df=19)
Reading input tree file simulations/true_trees/salichos.tree ...

NOTE: 2 MB RAM (0 GB) is required!
Estimate model parameters (epsilon = 0.010)
1. Initial log-likelihood: -32765.723
Optimal log-likelihood: -31467.692
Parameters optimization took 1 rounds (0.056 sec)
BEST SCORE FOUND : -31467.692
Total tree length: 21.261

Total number of iterations: 0
CPU time used for tree search: 0.000 sec (0h:0m:0s)
Wall-clock time used for tree search: 0.000 sec (0h:0m:0s)
Total CPU time used: 0.247 sec (0h:0m:0s)
Total wall-clock time used: 0.068 sec (0h:0m:0s)

Analysis results written to: 
  IQ-TREE report:                /csm_data/spielman_lab/dms_modelselection//simulations/alignments_empirical/HIV_salichos_rep8_AA.fasta.iqtree
  Maximum-likelihood tree:       /csm_data/spielman_lab/dms_modelselection//simulations/alignments_empirical/HIV_salichos_rep8_AA.fasta.treefile
  Screen log file:               /csm_data/spielman_lab/dms_modelselection//simulations/alignments_empirical/HIV_salichos_rep8_AA.fasta.log

Date and Time: Thu May 23 09:22:46 2019
