IQ-TREE multicore version 1.6.7 for Linux 64-bit built Aug 23 2018
Developed by Bui Quang Minh, Nguyen Lam Tung, Olga Chernomor,
Heiko Schmidt, Dominik Schrempf, Michael Woodhams.

Host:    csm-gpu-001 (AVX2, FMA3, 62 GB RAM)
Command: iqtree -nt 8 -m mtART+F+G4 -s /csm_data/spielman_lab/dms_modelselection//simulations/alignments_empirical/HIV_salichos_rep12_AA.fasta -st AA -te simulations/true_trees/salichos.tree
Seed:    735766 (Using SPRNG - Scalable Parallel Random Number Generator)
Time:    Thu May 23 09:54:27 2019
Kernel:  AVX+FMA - 8 threads (48 CPU cores detected)

Reading alignment file /csm_data/spielman_lab/dms_modelselection//simulations/alignments_empirical/HIV_salichos_rep12_AA.fasta ... Fasta format detected
Alignment most likely contains protein sequences
Alignment has 23 sequences with 661 columns, 661 distinct patterns
650 parsimony-informative, 11 singleton sites, 0 constant sites
      Gap/Ambiguity  Composition  p-value
   1  Agos    0.00%    passed     34.94%
   2  Klac    0.00%    passed     56.13%
   3  Calb    0.00%    passed     18.14%
   4  Cdub    0.00%    passed     44.79%
   5  Ctro    0.00%    passed     77.46%
   6  Cpar    0.00%    passed     95.20%
   7  Lelo    0.00%    passed     27.19%
   8  Psti    0.00%    passed     68.84%
   9  Cgui    0.00%    passed     12.55%
  10  Dhan    0.00%    passed     97.36%
  11  Clus    0.00%    passed     80.50%
  12  Cgla    0.00%    passed     49.11%
  13  Sbay    0.00%    passed     82.63%
  14  Scer    0.00%    passed     91.34%
  15  Spar    0.00%    passed     97.00%
  16  Smik    0.00%    passed     69.73%
  17  Skud    0.00%    passed     58.05%
  18  Scas    0.00%    passed     56.10%
  19  Kpol    0.00%    passed     89.75%
  20  Zrou    0.00%    passed     87.56%
  21  Kthe    0.00%    passed     25.33%
  22  Kwal    0.00%    passed     76.07%
  23  Sklu    0.00%    passed     85.44%
****  TOTAL    0.00%  0 sequences failed composition chi2 test (p-value<5%; df=19)
Reading input tree file simulations/true_trees/salichos.tree ...

NOTE: 9 MB RAM (0 GB) is required!
Estimate model parameters (epsilon = 0.010)
1. Initial log-likelihood: -33600.365
2. Current log-likelihood: -32409.966
3. Current log-likelihood: -32345.619
4. Current log-likelihood: -32344.009
5. Current log-likelihood: -32343.876
Optimal log-likelihood: -32343.863
Gamma shape alpha: 1.327
Parameters optimization took 5 rounds (0.198 sec)
BEST SCORE FOUND : -32343.863
Total tree length: 44.558

Total number of iterations: 0
CPU time used for tree search: 0.000 sec (0h:0m:0s)
Wall-clock time used for tree search: 0.000 sec (0h:0m:0s)
Total CPU time used: 1.584 sec (0h:0m:1s)
Total wall-clock time used: 0.211 sec (0h:0m:0s)

Analysis results written to: 
  IQ-TREE report:                /csm_data/spielman_lab/dms_modelselection//simulations/alignments_empirical/HIV_salichos_rep12_AA.fasta.iqtree
  Maximum-likelihood tree:       /csm_data/spielman_lab/dms_modelselection//simulations/alignments_empirical/HIV_salichos_rep12_AA.fasta.treefile
  Screen log file:               /csm_data/spielman_lab/dms_modelselection//simulations/alignments_empirical/HIV_salichos_rep12_AA.fasta.log

Date and Time: Thu May 23 09:54:27 2019
