IQ-TREE multicore version 1.6.7 for Linux 64-bit built Aug 23 2018
Developed by Bui Quang Minh, Nguyen Lam Tung, Olga Chernomor,
Heiko Schmidt, Dominik Schrempf, Michael Woodhams.

Host:    csm-com-007 (AVX2, FMA3, 62 GB RAM)
Command: iqtree -nt 8 -m mtMAM -s /csm_data/spielman_lab/dms_modelselection//simulations/alignments_empirical/HIV_salichos_rep2_AA.fasta -st AA
Seed:    958551 (Using SPRNG - Scalable Parallel Random Number Generator)
Time:    Thu May 23 08:44:31 2019
Kernel:  AVX+FMA - 8 threads (48 CPU cores detected)

Reading alignment file /csm_data/spielman_lab/dms_modelselection//simulations/alignments_empirical/HIV_salichos_rep2_AA.fasta ... Fasta format detected
Alignment most likely contains protein sequences
Alignment has 23 sequences with 661 columns, 661 distinct patterns
647 parsimony-informative, 14 singleton sites, 0 constant sites
      Gap/Ambiguity  Composition  p-value
   1  Agos    0.00%    passed     64.72%
   2  Klac    0.00%    failed      2.50%
   3  Calb    0.00%    passed     91.68%
   4  Cdub    0.00%    passed     72.43%
   5  Ctro    0.00%    passed     97.30%
   6  Cpar    0.00%    passed     35.50%
   7  Lelo    0.00%    passed     76.32%
   8  Psti    0.00%    passed     32.74%
   9  Cgui    0.00%    passed     70.49%
  10  Dhan    0.00%    passed     76.40%
  11  Clus    0.00%    passed     79.86%
  12  Cgla    0.00%    passed     44.52%
  13  Sbay    0.00%    passed     94.49%
  14  Scer    0.00%    passed     98.15%
  15  Spar    0.00%    passed     98.42%
  16  Smik    0.00%    passed     59.81%
  17  Skud    0.00%    passed     73.45%
  18  Scas    0.00%    passed     77.15%
  19  Kpol    0.00%    passed     93.23%
  20  Zrou    0.00%    passed     99.16%
  21  Kthe    0.00%    passed     91.93%
  22  Kwal    0.00%    passed     92.94%
  23  Sklu    0.00%    passed     66.71%
****  TOTAL    0.00%  1 sequences failed composition chi2 test (p-value<5%; df=19)

Create initial parsimony tree by phylogenetic likelihood library (PLL)... 0.007 seconds

NOTE: 2 MB RAM (0 GB) is required!
Estimate model parameters (epsilon = 0.100)
1. Initial log-likelihood: -34125.699
Optimal log-likelihood: -33473.132
Parameters optimization took 1 rounds (0.045 sec)
Computing ML distances based on estimated model parameters... 0.320 sec
WARNING: Some pairwise ML distances are too long (saturated)
Computing BIONJ tree...
0.002 seconds
Log-likelihood of BIONJ tree: -33488.646
--------------------------------------------------------------------
|             INITIALIZING CANDIDATE TREE SET                      |
--------------------------------------------------------------------
Generating 98 parsimony trees... 0.894 second
Computing log-likelihood of 98 initial trees ... 0.811 seconds
Current best score: -33464.873

Do NNI search on 20 best initial trees
Estimate model parameters (epsilon = 0.100)
BETTER TREE FOUND at iteration 1: -33458.976
Iteration 10 / LogL: -33468.273 / Time: 0h:0m:2s
Iteration 20 / LogL: -33464.402 / Time: 0h:0m:2s
Finish initializing candidate tree set (6)
Current best tree score: -33458.976 / CPU time: 2.752
Number of iterations: 20
--------------------------------------------------------------------
|               OPTIMIZING CANDIDATE TREE SET                      |
--------------------------------------------------------------------
Iteration 30 / LogL: -33458.998 / Time: 0h:0m:3s (0h:0m:9s left)
Iteration 40 / LogL: -33463.677 / Time: 0h:0m:4s (0h:0m:7s left)
Iteration 50 / LogL: -33458.992 / Time: 0h:0m:5s (0h:0m:5s left)
Iteration 60 / LogL: -33458.988 / Time: 0h:0m:6s (0h:0m:4s left)
Iteration 70 / LogL: -33459.002 / Time: 0h:0m:6s (0h:0m:3s left)
Iteration 80 / LogL: -33468.533 / Time: 0h:0m:7s (0h:0m:1s left)
Iteration 90 / LogL: -33464.845 / Time: 0h:0m:8s (0h:0m:1s left)
Iteration 100 / LogL: -33463.568 / Time: 0h:0m:9s (0h:0m:0s left)
TREE SEARCH COMPLETED AFTER 102 ITERATIONS / Time: 0h:0m:9s

--------------------------------------------------------------------
|                    FINALIZING TREE SEARCH                        |
--------------------------------------------------------------------
Performs final model parameters optimization
Estimate model parameters (epsilon = 0.010)
1. Initial log-likelihood: -33458.976
Optimal log-likelihood: -33458.976
Parameters optimization took 1 rounds (0.006 sec)
BEST SCORE FOUND : -33458.976
Total tree length: 33.335

Total number of iterations: 102
CPU time used for tree search: 67.958 sec (0h:1m:7s)
Wall-clock time used for tree search: 9.138 sec (0h:0m:9s)
Total CPU time used: 68.883 sec (0h:1m:8s)
Total wall-clock time used: 9.294 sec (0h:0m:9s)

Analysis results written to: 
  IQ-TREE report:                /csm_data/spielman_lab/dms_modelselection//simulations/alignments_empirical/HIV_salichos_rep2_AA.fasta.iqtree
  Maximum-likelihood tree:       /csm_data/spielman_lab/dms_modelselection//simulations/alignments_empirical/HIV_salichos_rep2_AA.fasta.treefile
  Likelihood distances:          /csm_data/spielman_lab/dms_modelselection//simulations/alignments_empirical/HIV_salichos_rep2_AA.fasta.mldist
  Screen log file:               /csm_data/spielman_lab/dms_modelselection//simulations/alignments_empirical/HIV_salichos_rep2_AA.fasta.log

Date and Time: Thu May 23 08:44:41 2019
