IQ-TREE multicore version 1.6.7 for Linux 64-bit built Aug 23 2018
Developed by Bui Quang Minh, Nguyen Lam Tung, Olga Chernomor,
Heiko Schmidt, Dominik Schrempf, Michael Woodhams.

Host:    csm-com-009 (AVX2, FMA3, 62 GB RAM)
Command: iqtree -nt 8 -m mtInv -s /csm_data/spielman_lab/dms_modelselection//simulations/alignments_empirical/LAC_greenalga_rep10_AA.fasta -st AA
Seed:    964683 (Using SPRNG - Scalable Parallel Random Number Generator)
Time:    Thu May 23 02:02:32 2019
Kernel:  AVX+FMA - 8 threads (48 CPU cores detected)

Reading alignment file /csm_data/spielman_lab/dms_modelselection//simulations/alignments_empirical/LAC_greenalga_rep10_AA.fasta ... Fasta format detected
Alignment most likely contains protein sequences
Alignment has 23 sequences with 262 columns, 227 distinct patterns
159 parsimony-informative, 54 singleton sites, 49 constant sites
                                Gap/Ambiguity  Composition  p-value
   1  Schizomeris_leibleinii            0.00%    passed     98.70%
   2  Stigeoclonium_helveticum          0.00%    passed     99.33%
   3  Floydiella_terrestris             0.00%    passed     92.41%
   4  Oedogonium_cardiacum              0.00%    passed     84.38%
   5  Dunaliella_salina                 0.00%    passed     63.29%
   6  Chlamydomonas_reinhardtii         0.00%    passed     99.80%
   7  Gonium_pectorale                  0.00%    passed    100.00%
   8  Pleodorina_starrii                0.00%    passed     99.66%
   9  Volvox_carteri                    0.00%    passed     97.22%
  10  Bracteacoccus_aerius              0.00%    passed    100.00%
  11  Bracteacoccus_minor               0.00%    passed    100.00%
  12  Mychonastes_homosphaera           0.00%    passed     85.19%
  13  Pseudomuriella_schumacherensis    0.00%    passed     99.95%
  14  Kirchneriella_aperta              0.00%    passed    100.00%
  15  Ourococcus_multisporus            0.00%    passed     99.98%
  16  Pediastrum_duplex                 0.00%    passed     99.48%
  17  Chlorotetraedron_incus            0.00%    passed     99.98%
  18  Neochloris_aquatica               0.00%    passed     99.98%
  19  Scenedesmus_obliquus              0.00%    passed     99.96%
  20  Rotundella_rotunda                0.00%    passed     99.11%
  21  Chromochloris_zofingiensis        0.00%    passed     99.99%
  22  Atractomorpha_echinata            0.00%    passed     99.97%
  23  Ankyra_judai                      0.00%    passed     99.99%
****  TOTAL                             0.00%  0 sequences failed composition chi2 test (p-value<5%; df=19)

Create initial parsimony tree by phylogenetic likelihood library (PLL)... 0.001 seconds

NOTE: 0 MB RAM (0 GB) is required!
Estimate model parameters (epsilon = 0.100)
1. Initial log-likelihood: -5003.384
Optimal log-likelihood: -4988.237
Parameters optimization took 1 rounds (0.023 sec)
Computing ML distances based on estimated model parameters... 0.101 sec
Computing BIONJ tree...
0.002 seconds
Log-likelihood of BIONJ tree: -4988.237
--------------------------------------------------------------------
|             INITIALIZING CANDIDATE TREE SET                      |
--------------------------------------------------------------------
Generating 99 parsimony trees... 0.320 second
Computing log-likelihood of 99 initial trees ... 0.533 seconds
Current best score: -4988.237

Do NNI search on 20 best initial trees
Estimate model parameters (epsilon = 0.100)
BETTER TREE FOUND at iteration 1: -4985.682
Iteration 10 / LogL: -4985.684 / Time: 0h:0m:1s
Iteration 20 / LogL: -5030.537 / Time: 0h:0m:1s
Finish initializing candidate tree set (5)
Current best tree score: -4985.682 / CPU time: 1.529
Number of iterations: 20
--------------------------------------------------------------------
|               OPTIMIZING CANDIDATE TREE SET                      |
--------------------------------------------------------------------
Iteration 30 / LogL: -4985.683 / Time: 0h:0m:2s (0h:0m:4s left)
Iteration 40 / LogL: -5009.086 / Time: 0h:0m:2s (0h:0m:3s left)
Iteration 50 / LogL: -4985.698 / Time: 0h:0m:2s (0h:0m:2s left)
Iteration 60 / LogL: -5005.152 / Time: 0h:0m:3s (0h:0m:2s left)
Iteration 70 / LogL: -4985.682 / Time: 0h:0m:3s (0h:0m:1s left)
Iteration 80 / LogL: -4985.684 / Time: 0h:0m:4s (0h:0m:1s left)
Iteration 90 / LogL: -4985.683 / Time: 0h:0m:4s (0h:0m:0s left)
Iteration 100 / LogL: -4985.684 / Time: 0h:0m:5s (0h:0m:0s left)
TREE SEARCH COMPLETED AFTER 102 ITERATIONS / Time: 0h:0m:5s

--------------------------------------------------------------------
|                    FINALIZING TREE SEARCH                        |
--------------------------------------------------------------------
Performs final model parameters optimization
Estimate model parameters (epsilon = 0.010)
1. Initial log-likelihood: -4985.682
Optimal log-likelihood: -4985.682
Parameters optimization took 1 rounds (0.005 sec)
BEST SCORE FOUND : -4985.682
Total tree length: 3.202

Total number of iterations: 102
CPU time used for tree search: 40.263 sec (0h:0m:40s)
Wall-clock time used for tree search: 5.159 sec (0h:0m:5s)
Total CPU time used: 40.697 sec (0h:0m:40s)
Total wall-clock time used: 5.242 sec (0h:0m:5s)

Analysis results written to: 
  IQ-TREE report:                /csm_data/spielman_lab/dms_modelselection//simulations/alignments_empirical/LAC_greenalga_rep10_AA.fasta.iqtree
  Maximum-likelihood tree:       /csm_data/spielman_lab/dms_modelselection//simulations/alignments_empirical/LAC_greenalga_rep10_AA.fasta.treefile
  Likelihood distances:          /csm_data/spielman_lab/dms_modelselection//simulations/alignments_empirical/LAC_greenalga_rep10_AA.fasta.mldist
  Screen log file:               /csm_data/spielman_lab/dms_modelselection//simulations/alignments_empirical/LAC_greenalga_rep10_AA.fasta.log

Date and Time: Thu May 23 02:02:38 2019
