IQ-TREE multicore version 1.6.7 for Linux 64-bit built Aug 23 2018
Developed by Bui Quang Minh, Nguyen Lam Tung, Olga Chernomor,
Heiko Schmidt, Dominik Schrempf, Michael Woodhams.

Host:    csm-com-006 (AVX2, FMA3, 62 GB RAM)
Command: iqtree -nt 8 -m mtART -s /csm_data/spielman_lab/dms_modelselection//simulations/alignments_empirical/LAC_greenalga_rep6_AA.fasta -st AA -te simulations/true_trees/greenalga.tree
Seed:    389265 (Using SPRNG - Scalable Parallel Random Number Generator)
Time:    Tue Apr 16 15:26:38 2019
Kernel:  AVX+FMA - 8 threads (48 CPU cores detected)

Reading alignment file /csm_data/spielman_lab/dms_modelselection//simulations/alignments_empirical/LAC_greenalga_rep6_AA.fasta ... Fasta format detected
Alignment most likely contains protein sequences
Alignment has 23 sequences with 262 columns, 231 distinct patterns
163 parsimony-informative, 53 singleton sites, 46 constant sites
                                Gap/Ambiguity  Composition  p-value
   1  Schizomeris_leibleinii            0.00%    passed     95.06%
   2  Stigeoclonium_helveticum          0.00%    passed     90.71%
   3  Floydiella_terrestris             0.00%    passed     96.05%
   4  Oedogonium_cardiacum              0.00%    passed     92.46%
   5  Dunaliella_salina                 0.00%    passed     99.95%
   6  Chlamydomonas_reinhardtii         0.00%    passed     99.39%
   7  Gonium_pectorale                  0.00%    passed     99.77%
   8  Pleodorina_starrii                0.00%    passed     99.95%
   9  Volvox_carteri                    0.00%    passed     99.91%
  10  Bracteacoccus_aerius              0.00%    passed     99.78%
  11  Bracteacoccus_minor               0.00%    passed     99.70%
  12  Mychonastes_homosphaera           0.00%    passed     90.77%
  13  Pseudomuriella_schumacherensis    0.00%    passed    100.00%
  14  Kirchneriella_aperta              0.00%    passed     97.43%
  15  Ourococcus_multisporus            0.00%    passed     99.00%
  16  Pediastrum_duplex                 0.00%    passed    100.00%
  17  Chlorotetraedron_incus            0.00%    passed     99.95%
  18  Neochloris_aquatica               0.00%    passed    100.00%
  19  Scenedesmus_obliquus              0.00%    passed     99.11%
  20  Rotundella_rotunda                0.00%    passed     95.89%
  21  Chromochloris_zofingiensis        0.00%    passed    100.00%
  22  Atractomorpha_echinata            0.00%    passed     97.66%
  23  Ankyra_judai                      0.00%    passed     99.87%
****  TOTAL                             0.00%  0 sequences failed composition chi2 test (p-value<5%; df=19)
Reading input tree file simulations/true_trees/greenalga.tree ... rooted tree
Converting rooted to unrooted tree...

NOTE: 0 MB RAM (0 GB) is required!
Estimate model parameters (epsilon = 0.010)
1. Initial log-likelihood: -5470.318
Optimal log-likelihood: -5394.534
Parameters optimization took 1 rounds (0.008 sec)
BEST SCORE FOUND : -5394.534
Total tree length: 3.711

Total number of iterations: 0
CPU time used for tree search: 0.000 sec (0h:0m:0s)
Wall-clock time used for tree search: 0.000 sec (0h:0m:0s)
Total CPU time used: 0.074 sec (0h:0m:0s)
Total wall-clock time used: 0.018 sec (0h:0m:0s)

Analysis results written to: 
  IQ-TREE report:                /csm_data/spielman_lab/dms_modelselection//simulations/alignments_empirical/LAC_greenalga_rep6_AA.fasta.iqtree
  Maximum-likelihood tree:       /csm_data/spielman_lab/dms_modelselection//simulations/alignments_empirical/LAC_greenalga_rep6_AA.fasta.treefile
  Screen log file:               /csm_data/spielman_lab/dms_modelselection//simulations/alignments_empirical/LAC_greenalga_rep6_AA.fasta.log

Date and Time: Tue Apr 16 15:26:38 2019
