IQ-TREE multicore version 1.6.7 for Linux 64-bit built Aug 23 2018
Developed by Bui Quang Minh, Nguyen Lam Tung, Olga Chernomor,
Heiko Schmidt, Dominik Schrempf, Michael Woodhams.

Host:    csm-com-009 (AVX2, FMA3, 62 GB RAM)
Command: iqtree -nt 8 -m Poisson -s /csm_data/spielman_lab/dms_modelselection//simulations/alignments_empirical/LAC_spiralia_rep10_AA.fasta -st AA
Seed:    339838 (Using SPRNG - Scalable Parallel Random Number Generator)
Time:    Tue Apr 16 20:37:21 2019
Kernel:  AVX+FMA - 8 threads (48 CPU cores detected)

Reading alignment file /csm_data/spielman_lab/dms_modelselection//simulations/alignments_empirical/LAC_spiralia_rep10_AA.fasta ... Fasta format detected
Alignment most likely contains protein sequences
Alignment has 103 sequences with 262 columns, 257 distinct patterns
228 parsimony-informative, 19 singleton sites, 15 constant sites
                                Gap/Ambiguity  Composition  p-value
   1  Adineta_vaga                      0.00%    passed     93.36%
   2  Rotaria_rotatoria                 0.00%    passed     84.15%
   3  Lepadella_patella                 0.00%    passed     99.43%
   4  Brachionus_plicatilis             0.00%    passed     91.55%
   5  Brachionus_manjavacas             0.00%    passed     86.58%
   6  Rhabdopleura_compacta             0.00%    passed     99.98%
   7  Ptychodera_flava                  0.00%    passed     99.98%
   8  SchizocardiumCalif_cl             0.00%    passed     99.90%
   9  Sackow                            0.00%    passed     99.63%
  10  Patmin                            0.00%    passed    100.00%
  11  Parastichopus_parvimensis         0.00%    passed     99.99%
  12  Strpur                            0.00%    passed     99.93%
  13  Florometra_serratissima           0.00%    passed     99.77%
  14  Calmil                            0.00%    passed     99.80%
  15  HUMAN                             0.00%    passed    100.00%
  16  LATCH                             0.00%    passed     99.97%
  17  LEPOC                             0.00%    passed     99.80%
  18  Petromyzon_marins                 0.00%    passed     98.16%
  19  Halocynthia_roretzi               0.00%    passed     99.98%
  20  Molgula_tectiformis               0.00%    passed     99.98%
  21  CIOIN                             0.00%    passed    100.00%
  22  Asymmetron_lucayanum              0.00%    passed    100.00%
  23  BraLan                            0.00%    passed    100.00%
  24  Leucoselenia_complicata           0.00%    passed     99.69%
  25  Sycon_ciliatum                    0.00%    passed     68.97%
  26  Oscarella_carmella                0.00%    passed     95.95%
  27  AMPQE                             0.00%    passed     99.54%
  28  Ephidatia_mulleri                 0.00%    passed     99.15%
  29  NEMVE                             0.00%    passed     99.39%
  30  Acropora_digitifera               0.00%    passed     99.87%
  31  Aurelia_aurita                    0.00%    passed     99.99%
  32  Clytia_hemisphaerica              0.00%    passed     99.98%
  33  Isodiametra_pulchra               0.00%    passed     94.91%
  34  Childia_submaculatum              0.00%    passed     99.93%
  35  Diopisthoporus_gymnopharyngeus    0.00%    passed     98.30%
  36  Hofstenia_miamia                  0.00%    passed     99.62%
  37  Meara_stichopi                    0.00%    passed     99.25%
  38  Nemertoderma_westbladi            0.00%    passed    100.00%
  39  Xenoturbella_profunda             0.00%    passed     99.57%
  40  Xenoturbella_bocki                0.00%    passed     99.67%
  41  TRICA                             0.00%    passed     99.82%
  42  DROME                             0.00%    passed     98.95%
  43  Apis_mellifera                    0.00%    passed     99.99%
  44  Daphnia_pulex                     0.00%    passed     99.55%
  45  Eudigraphis_taiwaniensis          0.00%    passed     83.99%
  46  STRMM                             0.00%    passed     99.82%
  47  Mesobuthus_martensii              0.00%    passed    100.00%
  48  Limulus_polyphemus                0.00%    passed    100.00%
  49  Peripatopsis_capensis             0.00%    passed     99.94%
  50  Enoplus_brevis                    0.00%    passed     99.19%
  51  Romanomermis_culicivorax          0.00%    passed     96.25%
  52  Ramazzottius_varieornatus         0.00%    passed     81.59%
  53  Hypsibius_dujardini               0.00%    passed     92.25%
  54  Priapulus_caudatus                0.00%    passed     99.94%
  55  Halicryptus_spinulosus            0.00%    passed    100.00%
  56  Tubiluchus_corallicola            0.00%    passed     99.99%
  57  Lepidodermella_squamata           0.00%    passed     99.54%
  58  Diuronotus_aspetos                0.00%    passed     99.65%
  59  Macrodasys_sp                     0.00%    passed     99.79%
  60  Megadasys_sp                      0.00%    passed     99.95%
  61  Catenulida_sp                     0.00%    passed     94.35%
  62  Stylochoplana_maculata            0.00%    passed     98.70%
  63  Stylochus_ellipticus              0.00%    passed     98.10%
  64  Macrostomum_lignano               0.00%    passed     98.00%
  65  LOTGI                             0.00%    passed     99.95%
  66  Aplysia_californica               0.00%    passed    100.00%
  67  CRAGI                             0.00%    passed     99.99%
  68  Leptochiton_rugatus               0.00%    passed     99.98%
  69  Neomenia_megatrapezata            0.00%    passed    100.00%
  70  CAPI1                             0.00%    passed     99.99%
  71  Lumbricus_terrestris              0.00%    passed     99.50%
  72  Nephtys_caeca                     0.00%    passed     99.99%
  73  Owenia_fusiformis                 0.00%    passed    100.00%
  74  Lineus_longissimus                0.00%    passed    100.00%
  75  Paranemertes_peregrina            0.00%    passed     99.96%
  76  Malacobdella_grossa               0.00%    passed     99.84%
  77  Tubulanus_polymorphus             0.00%    passed    100.00%
  78  Cephalothrix_linearis             0.00%    passed     99.99%
  79  Hemithiris_psittacea              0.00%    passed    100.00%
  80  Terebratalia_transversa           0.00%    passed    100.00%
  81  Glottidia_pyramidata              0.00%    passed    100.00%
  82  Linana                            0.00%    passed     99.99%
  83  Phoronopsis_harmeri               0.00%    passed     99.99%
  84  Phoronis_vancouverensis           0.00%    passed     99.99%
  85  Phoronis_psammophila              0.00%    passed    100.00%
  86  Membranipora_membranacea          0.00%    passed     97.75%
  87  Bugula_neritina                   0.00%    passed     87.69%
  88  Loxosoma_pectinaricola            0.00%    passed     99.86%
  89  Barentsia_gracilis                0.00%    passed     99.98%
  90  Sagitta_gazellae                  0.00%    passed     99.99%
  91  Sagitta_setosa                    0.00%    passed    100.00%
  92  Pterosagitta_draco                0.00%    passed    100.00%
  93  Sagitta_elegans                   0.00%    passed     99.80%
  94  Sagitta_serratodentata            0.00%    passed    100.00%
  95  Sagitta_hexaptera                 0.00%    passed    100.00%
  96  Krohnitta_sp                      0.00%    passed     99.99%
  97  Paraspadella_ovovivipara          0.00%    passed    100.00%
  98  Pargo1                            0.00%    passed    100.00%
  99  Spadella_cephaloptera             0.00%    passed    100.00%
 100  Eukrohnia_hamata                  0.00%    passed    100.00%
 101  Gnathostomula_paradoxa            0.00%    passed     97.01%
 102  Austrognathia_sp                  0.00%    passed     99.26%
 103  Limnognathia_maerski              0.00%    passed     99.64%
****  TOTAL                             0.00%  0 sequences failed composition chi2 test (p-value<5%; df=19)

Create initial parsimony tree by phylogenetic likelihood library (PLL)... 0.027 seconds

NOTE: 4 MB RAM (0 GB) is required!
Estimate model parameters (epsilon = 0.100)
1. Initial log-likelihood: -17184.922
Optimal log-likelihood: -17126.782
Parameters optimization took 1 rounds (0.029 sec)
Computing ML distances based on estimated model parameters... 0.344 sec
Computing BIONJ tree...
0.008 seconds
Log-likelihood of BIONJ tree: -17157.892
--------------------------------------------------------------------
|             INITIALIZING CANDIDATE TREE SET                      |
--------------------------------------------------------------------
Generating 98 parsimony trees... 2.722 second
Computing log-likelihood of 98 initial trees ... 1.923 seconds
Current best score: -17110.817

Do NNI search on 20 best initial trees
Estimate model parameters (epsilon = 0.100)
BETTER TREE FOUND at iteration 1: -17109.890
Estimate model parameters (epsilon = 0.100)
BETTER TREE FOUND at iteration 2: -17106.732
Iteration 10 / LogL: -17110.787 / Time: 0h:0m:5s
Iteration 20 / LogL: -17116.831 / Time: 0h:0m:6s
Finish initializing candidate tree set (20)
Current best tree score: -17106.732 / CPU time: 6.734
Number of iterations: 20
--------------------------------------------------------------------
|               OPTIMIZING CANDIDATE TREE SET                      |
--------------------------------------------------------------------
Iteration 30 / LogL: -17108.281 / Time: 0h:0m:9s (0h:0m:22s left)
Estimate model parameters (epsilon = 0.100)
BETTER TREE FOUND at iteration 33: -17105.892
Iteration 40 / LogL: -17109.527 / Time: 0h:0m:11s (0h:0m:27s left)
Estimate model parameters (epsilon = 0.100)
BETTER TREE FOUND at iteration 43: -17105.716
Iteration 50 / LogL: -17125.293 / Time: 0h:0m:14s (0h:0m:26s left)
UPDATE BEST LOG-LIKELIHOOD: -17105.716
BETTER TREE FOUND at iteration 58: -17105.716
Iteration 60 / LogL: -17105.716 / Time: 0h:0m:16s (0h:0m:26s left)
Estimate model parameters (epsilon = 0.100)
BETTER TREE FOUND at iteration 67: -17104.675
Iteration 70 / LogL: -17108.021 / Time: 0h:0m:18s (0h:0m:25s left)
BETTER TREE FOUND at iteration 79: -17104.675
Iteration 80 / LogL: -17106.165 / Time: 0h:0m:20s (0h:0m:25s left)
Iteration 90 / LogL: -17105.692 / Time: 0h:0m:22s (0h:0m:22s left)
UPDATE BEST LOG-LIKELIHOOD: -17104.674
Iteration 100 / LogL: -17122.307 / Time: 0h:0m:24s (0h:0m:19s left)
UPDATE BEST LOG-LIKELIHOOD: -17104.674
BETTER TREE FOUND at iteration 104: -17104.674
Iteration 110 / LogL: -17115.068 / Time: 0h:0m:27s (0h:0m:23s left)
Iteration 120 / LogL: -17106.979 / Time: 0h:0m:29s (0h:0m:20s left)
Iteration 130 / LogL: -17104.674 / Time: 0h:0m:31s (0h:0m:18s left)
UPDATE BEST LOG-LIKELIHOOD: -17104.674
Iteration 140 / LogL: -17108.700 / Time: 0h:0m:33s (0h:0m:15s left)
Iteration 150 / LogL: -17104.674 / Time: 0h:0m:35s (0h:0m:13s left)
Iteration 160 / LogL: -17104.674 / Time: 0h:0m:38s (0h:0m:10s left)
Iteration 170 / LogL: -17108.748 / Time: 0h:0m:40s (0h:0m:8s left)
Iteration 180 / LogL: -17108.315 / Time: 0h:0m:42s (0h:0m:5s left)
Iteration 190 / LogL: -17111.070 / Time: 0h:0m:44s (0h:0m:3s left)
UPDATE BEST LOG-LIKELIHOOD: -17104.674
Iteration 200 / LogL: -17104.674 / Time: 0h:0m:47s (0h:0m:0s left)
TREE SEARCH COMPLETED AFTER 205 ITERATIONS / Time: 0h:0m:48s

--------------------------------------------------------------------
|                    FINALIZING TREE SEARCH                        |
--------------------------------------------------------------------
Performs final model parameters optimization
Estimate model parameters (epsilon = 0.010)
1. Initial log-likelihood: -17104.674
Optimal log-likelihood: -17104.674
Parameters optimization took 1 rounds (0.011 sec)
BEST SCORE FOUND : -17104.674
Total tree length: 10.265

Total number of iterations: 205
CPU time used for tree search: 364.672 sec (0h:6m:4s)
Wall-clock time used for tree search: 47.878 sec (0h:0m:47s)
Total CPU time used: 365.787 sec (0h:6m:5s)
Total wall-clock time used: 48.052 sec (0h:0m:48s)

Analysis results written to: 
  IQ-TREE report:                /csm_data/spielman_lab/dms_modelselection//simulations/alignments_empirical/LAC_spiralia_rep10_AA.fasta.iqtree
  Maximum-likelihood tree:       /csm_data/spielman_lab/dms_modelselection//simulations/alignments_empirical/LAC_spiralia_rep10_AA.fasta.treefile
  Likelihood distances:          /csm_data/spielman_lab/dms_modelselection//simulations/alignments_empirical/LAC_spiralia_rep10_AA.fasta.mldist
  Screen log file:               /csm_data/spielman_lab/dms_modelselection//simulations/alignments_empirical/LAC_spiralia_rep10_AA.fasta.log

Date and Time: Tue Apr 16 20:38:09 2019
