IQ-TREE multicore version 1.6.7 for Linux 64-bit built Aug 23 2018
Developed by Bui Quang Minh, Nguyen Lam Tung, Olga Chernomor,
Heiko Schmidt, Dominik Schrempf, Michael Woodhams.

Host:    csm-com-008 (AVX2, FMA3, 62 GB RAM)
Command: iqtree -nt 8 -m mtMAM+I -s /csm_data/spielman_lab/dms_modelselection//simulations/alignments_empirical/NP_andersen_rep15_AA.fasta -st AA
Seed:    967561 (Using SPRNG - Scalable Parallel Random Number Generator)
Time:    Thu May 23 07:57:12 2019
Kernel:  AVX+FMA - 8 threads (48 CPU cores detected)

Reading alignment file /csm_data/spielman_lab/dms_modelselection//simulations/alignments_empirical/NP_andersen_rep15_AA.fasta ... Fasta format detected
Alignment most likely contains protein sequences
Alignment has 179 sequences with 498 columns, 492 distinct patterns
461 parsimony-informative, 26 singleton sites, 11 constant sites
                      Gap/Ambiguity  Composition  p-value
   1  BA366-S-GIN-2003        0.00%    passed     52.89%
   2  G502-S-SLE-2009         0.00%    passed     96.31%
   3  G1180-S-SLE-2010        0.00%    passed     92.44%
   4  G2147-S-SLE-2011        0.00%    passed     99.36%
   5  G2165-S-SLE-2011        0.00%    passed     99.41%
   6  LM222-S-SLE-2010        0.00%    passed     98.55%
   7  LM774-S-SLE-2012        0.00%    passed     98.75%
   8  LM778-S-SLE-2012        0.00%    passed     98.48%
   9  G2184-S-SLE-2011        0.00%    passed     99.37%
  10  LM776-S-SLE-2012        0.00%    passed     97.78%
  11  G503-S-SLE-2009         0.00%    passed     99.57%
  12  G2318-S-SLE-2012        0.00%    passed     94.70%
  13  G1959-S-SLE-2011        0.00%    passed     98.67%
  14  G3010-S-SLE-2013        0.00%    passed     97.88%
  15  G610-S-SLE-2009         0.00%    passed     95.59%
  16  G693-S-SLE-2009         0.00%    passed     95.59%
  17  G771-S-SLE-2010         0.00%    passed     94.57%
  18  G1792-S-SLE-2011        0.00%    passed     95.80%
  19  G1960-S-SLE-2011        0.00%    passed     95.75%
  20  G2565-S-SLE-2012        0.00%    passed     95.72%
  21  G2197-S-SLE-2011        0.00%    passed     99.01%
  22  LM032-S-SLE-2010        0.00%    passed     99.59%
  23  Josiah-S-SLE-1976       0.00%    passed     98.54%
  24  G808-S-SLE-2010         0.00%    passed     98.68%
  25  G2868-S-SLE-2012        0.00%    passed     99.78%
  26  G676-S-SLE-2009         0.00%    passed     89.70%
  27  G2405-S-SLE-2012        0.00%    passed     95.82%
  28  G1190-S-SLE-2010        0.00%    passed     96.98%
  29  G2944-S-SLE-2012        0.00%    passed     97.80%
  30  LM765-S-SLE-2012        0.00%    passed     98.87%
  31  G3148-S-SLE-2013        0.00%    passed     98.23%
  32  Z0947-S-SLE-2011        0.00%    passed     97.69%
  33  Z0948-S-SLE-2011        0.00%    passed     97.64%
  34  G1727-S-SLE-2011        0.00%    passed     98.35%
  35  G1647-S-SLE-2011        0.00%    passed     95.35%
  36  G2295-S-SLE-2012        0.00%    passed     99.82%
  37  G2587-S-SLE-2012        0.00%    passed     99.82%
  38  G2280-S-SLE-2012        0.00%    passed     91.55%
  39  G3016-S-SLE-2013        0.00%    passed     97.17%
  40  G3106-S-SLE-2013        0.00%    passed     97.17%
  41  G2612-S-SLE-2012        0.00%    passed     95.68%
  42  LM779-S-SLE-2012        0.00%    passed     93.21%
  43  G692-S-SLE-2009         0.00%    passed     92.00%
  44  LM395-S-SLE-2009        0.00%    passed     95.92%
  45  G1774-S-SLE-2011        0.00%    passed     98.52%
  46  G2222-S-SLE-2011        0.00%    passed     97.99%
  47  G636-S-SLE-2009         0.00%    passed     99.83%
  48  G2315-S-SLE-2012        0.00%    passed     99.84%
  49  G2903-S-SLE-2012        0.00%    passed     99.95%
  50  G3206-S-SLE-2013        0.00%    passed     99.03%
  51  G733-S-SLE-2010         0.00%    passed     95.34%
  52  G2554-S-SLE-2012        0.00%    passed     91.46%
  53  G1618-S-SLE-2011        0.00%    passed     99.63%
  54  G1646-S-SLE-2011        0.00%    passed     99.18%
  55  G2427-S-SLE-2012        0.00%    passed     98.55%
  56  G2392-S-SLE-2012        0.00%    passed     96.59%
  57  G3229-S-SLE-2013        0.00%    passed     97.69%
  58  G3151-S-SLE-2013        0.00%    passed     98.87%
  59  G3248-S-SLE-2013        0.00%    passed     98.87%
  60  G3170-S-SLE-2013        0.00%    passed     98.87%
  61  NL-S-SLE-2000           0.00%    passed     99.73%
  62  G2263-S-SLE-2012        0.00%    passed     99.49%
  63  G2431-S-SLE-2012        0.00%    passed     97.95%
  64  G1442-S-SLE-2011        0.00%    passed     79.80%
  65  G2141-S-SLE-2011        0.00%    passed     99.81%
  66  G1529-S-SLE-2011        0.00%    passed     93.47%
  67  G3234-S-SLE-2013        0.00%    passed     96.47%
  68  G2363-S-SLE-2012        0.00%    passed     82.85%
  69  G2259-S-SLE-2012        0.00%    passed     71.29%
  70  G2723-S-SLE-2012        0.00%    passed     79.44%
  71  G3278-S-SLE-2013        0.00%    passed     75.23%
  72  G2557-S-SLE-2012        0.00%    passed     60.92%
  73  G2615-S-SLE-2012        0.00%    passed     73.38%
  74  G1200-S-LIB-2010        0.00%    passed     88.20%
  75  Macenta-S-GIN-1982      0.00%    passed     95.05%
  76  Z148-S-LIB-1981         0.00%    passed     91.17%
  77  Nig08-A18-S-NIG-2008    0.00%    passed     93.01%
  78  Nig08-A19-S-NIG-2008    0.00%    passed     69.02%
  79  CSF-S-NIG-2001          0.00%    passed     56.01%
  80  ISTH0009-S-NIG-2011     0.00%    passed     99.81%
  81  LASV979-S-NIG-2009      0.00%    passed     99.91%
  82  LASV237-S-NIG-2010      0.00%    passed     99.67%
  83  LASV711-S-NIG-2009      0.00%    passed     99.74%
  84  LASV992-S-NIG-2009      0.00%    passed     99.75%
  85  ISTH0230-S-NIG-2011     0.00%    passed     99.22%
  86  LASV975-S-NIG-2009      0.00%    passed     99.24%
  87  ISTH2061-S-NIG-2012     0.00%    passed     99.52%
  88  Nig08-A41-S-NIG-2008    0.00%    passed     99.24%
  89  ISTH2217-S-NIG-2012     0.00%    passed     99.65%
  90  ISTH1064-S-NIG-2011     0.00%    passed     99.44%
  91  ISTH2334-S-NIG-2012     0.00%    passed     99.23%
  92  LASV245-S-NIG-2011      0.00%    passed     99.41%
  93  LASV1011-S-NIG-2009     0.00%    passed     99.63%
  94  ISTH2312-S-NIG-2012     0.00%    passed     99.85%
  95  LASV1000-S-NIG-2009     0.00%    passed     99.73%
  96  ISTH2010-S-NIG-2012     0.00%    passed     99.72%
  97  ISTH2016-S-NIG-2012     0.00%    passed     99.93%
  98  Nig08-A37-S-NIG-2008    0.00%    passed     99.94%
  99  LASV737-S-NIG-2009      0.00%    passed     99.95%
 100  LASV719-S-NIG-2009      0.00%    passed     99.96%
 101  LASV046-S-NIG-2009      0.00%    passed     99.86%
 102  ISTH2042-S-NIG-2012     0.00%    passed     99.94%
 103  LASV274-S-NIG-2010      0.00%    passed     99.95%
 104  LASV263-S-NIG-2011      0.00%    passed     99.97%
 105  ISTH1137-S-NIG-2011     0.00%    passed     99.66%
 106  LASV976-S-NIG-2009      0.00%    passed     99.92%
 107  LASV1016-S-NIG-2009     0.00%    passed     99.95%
 108  LASV229-S-NIG-2010      0.00%    passed     96.50%
 109  ISTH2129-S-NIG-2012     0.00%    passed     99.94%
 110  ISTH2057-S-NIG-2012     0.00%    passed     99.61%
 111  LASV058-S-NIG-2008      0.00%    passed     99.38%
 112  ISTH1038-S-NIG-2011     0.00%    passed     99.55%
 113  LASV056-S-NIG-2008      0.00%    passed     99.62%
 114  LASV042-S-NIG-2009      0.00%    passed     99.30%
 115  LASV981-S-NIG-2009      0.00%    passed     99.88%
 116  LASV256-S-NIG-2010      0.00%    passed     99.73%
 117  LASV052-S-NIG-2008      0.00%    passed     99.31%
 118  LASV063-S-NIG-2009      0.00%    passed    100.00%
 119  ISTH0595-S-NIG-2011     0.00%    passed    100.00%
 120  ISTH1096-S-NIG-2012     0.00%    passed     99.92%
 121  LASV221-S-NIG-2010      0.00%    passed     99.93%
 122  LASV977-S-NIG-2009      0.00%    passed     99.93%
 123  LASV971-S-NIG-2009      0.00%    passed     99.44%
 124  LASV967-S-NIG-2009      0.00%    passed     99.95%
 125  ISTH2050-S-NIG-2012     0.00%    passed     99.83%
 126  ISTH2031-S-NIG-2012     0.00%    passed    100.00%
 127  ISTH2376-S-NIG-2012     0.00%    passed     99.98%
 128  LASV991-S-NIG-2009      0.00%    passed     99.85%
 129  LASV267-S-NIG-2010      0.00%    passed     99.36%
 130  LASV049-S-NIG-2009      0.00%    passed     99.83%
 131  LASV239-S-NIG-2010      0.00%    passed     98.01%
 132  ISTH2037-S-NIG-2012     0.00%    passed     99.97%
 133  ISTH1069-S-NIG-2011     0.00%    passed     99.79%
 134  ISTH1129-S-NIG-2012     0.00%    passed     99.68%
 135  ISTH2304-S-NIG-2012     0.00%    passed     99.83%
 136  LASV246-S-NIG-2010      0.00%    passed     97.76%
 137  ISTH1111-S-NIG-2011     0.00%    passed     99.53%
 138  LASV006-S-NIG-2008      0.00%    passed     99.77%
 139  ISTH0531-S-NIG-2011     0.00%    passed     99.96%
 140  LASV254-S-NIG-2011      0.00%    passed    100.00%
 141  ISTH2358-S-NIG-2012     0.00%    passed    100.00%
 142  LASV966-S-NIG-2009      0.00%    passed     99.38%
 143  ISTH1058-S-NIG-2011     0.00%    passed     99.99%
 144  LASV241-S-NIG-2011      0.00%    passed     99.99%
 145  LASV271-S-NIG-2010      0.00%    passed     99.97%
 146  Nig08-A47-S-NIG-2008    0.00%    passed     99.98%
 147  ISTH0012-S-NIG-2011     0.00%    passed    100.00%
 148  LASV993-S-NIG-2009      0.00%    passed    100.00%
 149  ISTH2046-S-NIG-2012     0.00%    passed    100.00%
 150  LASV1008-S-NIG-2009     0.00%    passed     99.97%
 151  ISTH2020-S-NIG-2012     0.00%    passed     99.95%
 152  LASV003-S-NIG-2008      0.00%    passed     99.94%
 153  LASV242-S-NIG-2010      0.00%    passed     99.90%
 154  LASV253-S-NIG-2011      0.00%    passed     99.88%
 155  LASV982-S-NIG-2009      0.00%    passed     99.50%
 156  LASV251-S-NIG-2010      0.00%    passed     99.97%
 157  LASV989-S-NIG-2009      0.00%    passed    100.00%
 158  ISTH0047-S-NIG-2011     0.00%    passed     99.99%
 159  LASV990-S-NIG-2009      0.00%    passed    100.00%
 160  ISTH1003-S-NIG-2011     0.00%    passed    100.00%
 161  ISTH0073-S-NIG-2011     0.00%    passed     99.99%
 162  ISTH2316-S-NIG-2012     0.00%    passed     99.98%
 163  LASV225-S-NIG-2010      0.00%    passed     99.91%
 164  LASV978-S-NIG-2009      0.00%    passed     99.98%
 165  ISTH1048-S-NIG-2011     0.00%    passed     99.98%
 166  LASV045-S-NIG-2009      0.00%    passed     99.98%
 167  ISTH2025-S-NIG-2012     0.00%    passed     99.91%
 168  LASV250-S-NIG-2011      0.00%    passed     99.93%
 169  LASV1015-S-NIG-2009     0.00%    passed     99.93%
 170  LASV035-S-NIG-2009      0.00%    passed     99.95%
 171  ISTH1107-S-NIG-2012     0.00%    passed    100.00%
 172  ISTH2271-S-NIG-2012     0.00%    passed     99.90%
 173  ISTH1121-S-NIG-2012     0.00%    passed     99.99%
 174  ISTH2065-S-NIG-2012     0.00%    passed     96.19%
 175  ISTH2066-S-NIG-2012     0.00%    passed     96.19%
 176  ISTH2094-S-NIG-2012     0.00%    passed     99.14%
 177  Nig08-04-S-NIG-2008     0.00%    passed     99.92%
 178  Pinneo-S-NIG-1969       0.00%    passed     65.36%
 179  AV-S-CIV-1999           0.00%    passed     72.91%
****  TOTAL                   0.00%  0 sequences failed composition chi2 test (p-value<5%; df=19)
NOTE: G693-S-SLE-2009 is identical to G610-S-SLE-2009 but kept for subsequent analysis
NOTE: G2587-S-SLE-2012 is identical to G2295-S-SLE-2012 but kept for subsequent analysis
NOTE: G3106-S-SLE-2013 is identical to G3016-S-SLE-2013 but kept for subsequent analysis
NOTE: G3248-S-SLE-2013 is identical to G3151-S-SLE-2013 but kept for subsequent analysis
NOTE: LASV1015-S-NIG-2009 is identical to LASV250-S-NIG-2011 but kept for subsequent analysis
NOTE: ISTH2066-S-NIG-2012 is identical to ISTH2065-S-NIG-2012 but kept for subsequent analysis
NOTE: 1 identical sequences (see below) will be ignored for subsequent analysis
NOTE: G3170-S-SLE-2013 (identical to G3151-S-SLE-2013) is ignored but added at the end

For your convenience alignment with unique sequences printed to /csm_data/spielman_lab/dms_modelselection//simulations/alignments_empirical/NP_andersen_rep15_AA.fasta.uniqueseq.phy

Create initial parsimony tree by phylogenetic likelihood library (PLL)... 0.086 seconds

NOTE: 14 MB RAM (0 GB) is required!
Estimate model parameters (epsilon = 0.100)
1. Initial log-likelihood: -30857.419
2. Current log-likelihood: -30648.617
Optimal log-likelihood: -30648.606
Proportion of invariable sites: 0.009
Parameters optimization took 2 rounds (0.167 sec)
Computing ML distances based on estimated model parameters... 6.301 sec
Computing BIONJ tree...
0.024 seconds
Log-likelihood of BIONJ tree: -32172.266
--------------------------------------------------------------------
|             INITIALIZING CANDIDATE TREE SET                      |
--------------------------------------------------------------------
Generating 98 parsimony trees... 6.445 second
Computing log-likelihood of 98 initial trees ... 4.872 seconds
Current best score: -30637.575

Do NNI search on 20 best initial trees
Estimate model parameters (epsilon = 0.100)
BETTER TREE FOUND at iteration 1: -30629.563
Estimate model parameters (epsilon = 0.100)
BETTER TREE FOUND at iteration 4: -30628.482
Estimate model parameters (epsilon = 0.100)
BETTER TREE FOUND at iteration 5: -30624.931
Iteration 10 / LogL: -30638.268 / Time: 0h:0m:15s
Iteration 20 / LogL: -30629.561 / Time: 0h:0m:18s
Finish initializing candidate tree set (20)
Current best tree score: -30624.931 / CPU time: 16.788
Number of iterations: 20
--------------------------------------------------------------------
|               OPTIMIZING CANDIDATE TREE SET                      |
--------------------------------------------------------------------
Iteration 30 / LogL: -30625.854 / Time: 0h:0m:23s (0h:1m:0s left)
BETTER TREE FOUND at iteration 31: -30624.927
BETTER TREE FOUND at iteration 32: -30624.926
Iteration 40 / LogL: -30624.928 / Time: 0h:0m:29s (0h:1m:8s left)
BETTER TREE FOUND at iteration 41: -30624.924
BETTER TREE FOUND at iteration 50: -30624.922
Iteration 50 / LogL: -30624.922 / Time: 0h:0m:34s (0h:1m:10s left)
Iteration 60 / LogL: -30624.923 / Time: 0h:0m:40s (0h:1m:0s left)
BETTER TREE FOUND at iteration 67: -30624.921
Iteration 70 / LogL: -30667.374 / Time: 0h:0m:45s (0h:1m:4s left)
Iteration 80 / LogL: -30625.475 / Time: 0h:0m:51s (0h:0m:56s left)
Iteration 90 / LogL: -30624.921 / Time: 0h:0m:56s (0h:0m:48s left)
Iteration 100 / LogL: -30636.347 / Time: 0h:1m:2s (0h:0m:41s left)
Iteration 110 / LogL: -30626.877 / Time: 0h:1m:7s (0h:0m:35s left)
BETTER TREE FOUND at iteration 120: -30624.921
Iteration 120 / LogL: -30624.921 / Time: 0h:1m:13s (0h:1m:1s left)
Iteration 130 / LogL: -30625.004 / Time: 0h:1m:18s (0h:0m:54s left)
Iteration 140 / LogL: -30625.849 / Time: 0h:1m:23s (0h:0m:48s left)
BETTER TREE FOUND at iteration 142: -30624.920
Iteration 150 / LogL: -30624.920 / Time: 0h:1m:29s (0h:0m:55s left)
BETTER TREE FOUND at iteration 154: -30624.919
BETTER TREE FOUND at iteration 159: -30624.919
Iteration 160 / LogL: -30624.920 / Time: 0h:1m:34s (0h:0m:58s left)
BETTER TREE FOUND at iteration 161: -30624.919
Iteration 170 / LogL: -30624.919 / Time: 0h:1m:40s (0h:0m:53s left)
BETTER TREE FOUND at iteration 174: -30624.919
Iteration 180 / LogL: -30665.439 / Time: 0h:1m:45s (0h:0m:55s left)
BETTER TREE FOUND at iteration 185: -30624.919
Iteration 190 / LogL: -30624.919 / Time: 0h:1m:50s (0h:0m:55s left)
Iteration 200 / LogL: -30627.531 / Time: 0h:1m:56s (0h:0m:49s left)
UPDATE BEST LOG-LIKELIHOOD: -30624.918
Iteration 210 / LogL: -30632.973 / Time: 0h:2m:1s (0h:0m:43s left)
Iteration 220 / LogL: -30624.927 / Time: 0h:2m:7s (0h:0m:37s left)
Iteration 230 / LogL: -30624.920 / Time: 0h:2m:13s (0h:0m:31s left)
Iteration 240 / LogL: -30625.767 / Time: 0h:2m:18s (0h:0m:26s left)
Iteration 250 / LogL: -30624.922 / Time: 0h:2m:24s (0h:0m:20s left)
Iteration 260 / LogL: -30624.919 / Time: 0h:2m:30s (0h:0m:14s left)
BETTER TREE FOUND at iteration 268: -30624.918
BETTER TREE FOUND at iteration 269: -30624.917
Iteration 270 / LogL: -30624.919 / Time: 0h:2m:35s (0h:0m:57s left)
Iteration 280 / LogL: -30625.001 / Time: 0h:2m:40s (0h:0m:51s left)
Iteration 290 / LogL: -30627.249 / Time: 0h:2m:46s (0h:0m:45s left)
Iteration 300 / LogL: -30627.219 / Time: 0h:2m:52s (0h:0m:39s left)
Estimate model parameters (epsilon = 0.100)
BETTER TREE FOUND at iteration 305: -30624.081
BETTER TREE FOUND at iteration 308: -30624.080
Iteration 310 / LogL: -30653.923 / Time: 0h:2m:58s (0h:0m:56s left)
BETTER TREE FOUND at iteration 316: -30624.080
Iteration 320 / LogL: -30624.917 / Time: 0h:3m:3s (0h:0m:55s left)
Iteration 330 / LogL: -30663.376 / Time: 0h:3m:9s (0h:0m:49s left)
BETTER TREE FOUND at iteration 332: -30624.080
Iteration 340 / LogL: -30624.080 / Time: 0h:3m:15s (0h:0m:53s left)
Iteration 350 / LogL: -30633.947 / Time: 0h:3m:21s (0h:0m:47s left)
Iteration 360 / LogL: -30624.081 / Time: 0h:3m:27s (0h:0m:41s left)
Iteration 370 / LogL: -30626.004 / Time: 0h:3m:33s (0h:0m:35s left)
Iteration 380 / LogL: -30628.322 / Time: 0h:3m:39s (0h:0m:30s left)
BETTER TREE FOUND at iteration 383: -30624.078
Iteration 390 / LogL: -30624.080 / Time: 0h:3m:45s (0h:0m:53s left)
Iteration 400 / LogL: -30635.103 / Time: 0h:3m:51s (0h:0m:48s left)
Iteration 410 / LogL: -30624.633 / Time: 0h:3m:57s (0h:0m:42s left)
Iteration 420 / LogL: -30632.020 / Time: 0h:4m:3s (0h:0m:36s left)
Iteration 430 / LogL: -30624.081 / Time: 0h:4m:9s (0h:0m:30s left)
Iteration 440 / LogL: -30624.081 / Time: 0h:4m:15s (0h:0m:24s left)
Iteration 450 / LogL: -30624.116 / Time: 0h:4m:21s (0h:0m:19s left)
Iteration 460 / LogL: -30630.092 / Time: 0h:4m:26s (0h:0m:13s left)
Iteration 470 / LogL: -30626.037 / Time: 0h:4m:33s (0h:0m:7s left)
Iteration 480 / LogL: -30822.292 / Time: 0h:4m:39s (0h:0m:1s left)
TREE SEARCH COMPLETED AFTER 484 ITERATIONS / Time: 0h:4m:41s

--------------------------------------------------------------------
|                    FINALIZING TREE SEARCH                        |
--------------------------------------------------------------------
Performs final model parameters optimization
Estimate model parameters (epsilon = 0.010)
1. Initial log-likelihood: -30624.078
Optimal log-likelihood: -30624.078
Proportion of invariable sites: 0.009
Parameters optimization took 1 rounds (0.054 sec)
BEST SCORE FOUND : -30624.078
Total tree length: 13.519

Total number of iterations: 484
CPU time used for tree search: 2189.614 sec (0h:36m:29s)
Wall-clock time used for tree search: 280.105 sec (0h:4m:40s)
Total CPU time used: 2199.122 sec (0h:36m:39s)
Total wall-clock time used: 281.444 sec (0h:4m:41s)

Analysis results written to: 
  IQ-TREE report:                /csm_data/spielman_lab/dms_modelselection//simulations/alignments_empirical/NP_andersen_rep15_AA.fasta.iqtree
  Maximum-likelihood tree:       /csm_data/spielman_lab/dms_modelselection//simulations/alignments_empirical/NP_andersen_rep15_AA.fasta.treefile
  Likelihood distances:          /csm_data/spielman_lab/dms_modelselection//simulations/alignments_empirical/NP_andersen_rep15_AA.fasta.mldist
  Screen log file:               /csm_data/spielman_lab/dms_modelselection//simulations/alignments_empirical/NP_andersen_rep15_AA.fasta.log

Date and Time: Thu May 23 08:01:54 2019
