IQ-TREE multicore version 1.6.7 for Linux 64-bit built Aug 23 2018
Developed by Bui Quang Minh, Nguyen Lam Tung, Olga Chernomor,
Heiko Schmidt, Dominik Schrempf, Michael Woodhams.

Host:    csm-com-011 (AVX2, FMA3, 62 GB RAM)
Command: iqtree -nt 8 -m mtART+F+I -s /csm_data/spielman_lab/dms_modelselection//simulations/alignments_empirical/NP_greenalga_rep10_AA.fasta -st AA
Seed:    981049 (Using SPRNG - Scalable Parallel Random Number Generator)
Time:    Thu May 23 05:34:56 2019
Kernel:  AVX+FMA - 8 threads (48 CPU cores detected)

Reading alignment file /csm_data/spielman_lab/dms_modelselection//simulations/alignments_empirical/NP_greenalga_rep10_AA.fasta ... Fasta format detected
Alignment most likely contains protein sequences
Alignment has 23 sequences with 498 columns, 445 distinct patterns
350 parsimony-informative, 80 singleton sites, 68 constant sites
                                Gap/Ambiguity  Composition  p-value
   1  Schizomeris_leibleinii            0.00%    passed     96.51%
   2  Stigeoclonium_helveticum          0.00%    passed     64.93%
   3  Floydiella_terrestris             0.00%    passed     86.91%
   4  Oedogonium_cardiacum              0.00%    passed     93.97%
   5  Dunaliella_salina                 0.00%    passed     98.43%
   6  Chlamydomonas_reinhardtii         0.00%    passed     99.99%
   7  Gonium_pectorale                  0.00%    passed     98.54%
   8  Pleodorina_starrii                0.00%    passed     99.99%
   9  Volvox_carteri                    0.00%    passed     99.16%
  10  Bracteacoccus_aerius              0.00%    passed     99.34%
  11  Bracteacoccus_minor               0.00%    passed     99.39%
  12  Mychonastes_homosphaera           0.00%    passed     98.46%
  13  Pseudomuriella_schumacherensis    0.00%    passed     99.99%
  14  Kirchneriella_aperta              0.00%    passed     99.99%
  15  Ourococcus_multisporus            0.00%    passed    100.00%
  16  Pediastrum_duplex                 0.00%    passed     98.80%
  17  Chlorotetraedron_incus            0.00%    passed     99.35%
  18  Neochloris_aquatica               0.00%    passed     99.69%
  19  Scenedesmus_obliquus              0.00%    passed     95.40%
  20  Rotundella_rotunda                0.00%    passed     99.04%
  21  Chromochloris_zofingiensis        0.00%    passed     99.68%
  22  Atractomorpha_echinata            0.00%    passed     99.72%
  23  Ankyra_judai                      0.00%    passed     99.96%
****  TOTAL                             0.00%  0 sequences failed composition chi2 test (p-value<5%; df=19)

Create initial parsimony tree by phylogenetic likelihood library (PLL)... 0.002 seconds

NOTE: 1 MB RAM (0 GB) is required!
Estimate model parameters (epsilon = 0.100)
1. Initial log-likelihood: -11238.653
2. Current log-likelihood: -11205.853
Optimal log-likelihood: -11205.841
Proportion of invariable sites: 0.073
Parameters optimization took 2 rounds (0.017 sec)
Computing ML distances based on estimated model parameters... 0.096 sec
Computing BIONJ tree...
0.002 seconds
Log-likelihood of BIONJ tree: -11205.841
--------------------------------------------------------------------
|             INITIALIZING CANDIDATE TREE SET                      |
--------------------------------------------------------------------
Generating 99 parsimony trees... 0.560 second
Computing log-likelihood of 99 initial trees ... 0.577 seconds
Current best score: -11205.841

Do NNI search on 20 best initial trees
Estimate model parameters (epsilon = 0.100)
BETTER TREE FOUND at iteration 1: -11205.841
Iteration 10 / LogL: -11205.864 / Time: 0h:0m:1s
Iteration 20 / LogL: -11205.891 / Time: 0h:0m:2s
Finish initializing candidate tree set (1)
Current best tree score: -11205.841 / CPU time: 2.053
Number of iterations: 20
--------------------------------------------------------------------
|               OPTIMIZING CANDIDATE TREE SET                      |
--------------------------------------------------------------------
Iteration 30 / LogL: -11205.841 / Time: 0h:0m:2s (0h:0m:6s left)
Iteration 40 / LogL: -11205.844 / Time: 0h:0m:3s (0h:0m:4s left)
Iteration 50 / LogL: -11205.842 / Time: 0h:0m:3s (0h:0m:3s left)
Iteration 60 / LogL: -11205.843 / Time: 0h:0m:4s (0h:0m:2s left)
Iteration 70 / LogL: -11205.872 / Time: 0h:0m:4s (0h:0m:2s left)
Iteration 80 / LogL: -11205.842 / Time: 0h:0m:5s (0h:0m:1s left)
Iteration 90 / LogL: -11205.843 / Time: 0h:0m:5s (0h:0m:0s left)
Iteration 100 / LogL: -11205.846 / Time: 0h:0m:6s (0h:0m:0s left)
TREE SEARCH COMPLETED AFTER 102 ITERATIONS / Time: 0h:0m:6s

--------------------------------------------------------------------
|                    FINALIZING TREE SEARCH                        |
--------------------------------------------------------------------
Performs final model parameters optimization
Estimate model parameters (epsilon = 0.010)
1. Initial log-likelihood: -11205.841
Optimal log-likelihood: -11205.841
Proportion of invariable sites: 0.073
Parameters optimization took 1 rounds (0.007 sec)
BEST SCORE FOUND : -11205.841
Total tree length: 4.207

Total number of iterations: 102
CPU time used for tree search: 47.575 sec (0h:0m:47s)
Wall-clock time used for tree search: 6.290 sec (0h:0m:6s)
Total CPU time used: 48.070 sec (0h:0m:48s)
Total wall-clock time used: 6.369 sec (0h:0m:6s)

Analysis results written to: 
  IQ-TREE report:                /csm_data/spielman_lab/dms_modelselection//simulations/alignments_empirical/NP_greenalga_rep10_AA.fasta.iqtree
  Maximum-likelihood tree:       /csm_data/spielman_lab/dms_modelselection//simulations/alignments_empirical/NP_greenalga_rep10_AA.fasta.treefile
  Likelihood distances:          /csm_data/spielman_lab/dms_modelselection//simulations/alignments_empirical/NP_greenalga_rep10_AA.fasta.mldist
  Screen log file:               /csm_data/spielman_lab/dms_modelselection//simulations/alignments_empirical/NP_greenalga_rep10_AA.fasta.log

Date and Time: Thu May 23 05:35:03 2019
