IQ-TREE multicore version 1.6.7 for Linux 64-bit built Aug 23 2018
Developed by Bui Quang Minh, Nguyen Lam Tung, Olga Chernomor,
Heiko Schmidt, Dominik Schrempf, Michael Woodhams.

Host:    csm-com-008 (AVX2, FMA3, 62 GB RAM)
Command: iqtree -nt 8 -m mtREV+F+I+G4 -s /csm_data/spielman_lab/dms_modelselection//simulations/alignments_empirical/NP_greenalga_rep15_AA.fasta -st AA
Seed:    214498 (Using SPRNG - Scalable Parallel Random Number Generator)
Time:    Thu May 23 06:06:05 2019
Kernel:  AVX+FMA - 8 threads (48 CPU cores detected)

Reading alignment file /csm_data/spielman_lab/dms_modelselection//simulations/alignments_empirical/NP_greenalga_rep15_AA.fasta ... Fasta format detected
Alignment most likely contains protein sequences
Alignment has 23 sequences with 498 columns, 451 distinct patterns
339 parsimony-informative, 99 singleton sites, 60 constant sites
                                Gap/Ambiguity  Composition  p-value
   1  Schizomeris_leibleinii            0.00%    passed     90.72%
   2  Stigeoclonium_helveticum          0.00%    passed     83.76%
   3  Floydiella_terrestris             0.00%    passed     51.60%
   4  Oedogonium_cardiacum              0.00%    passed     99.94%
   5  Dunaliella_salina                 0.00%    passed     92.29%
   6  Chlamydomonas_reinhardtii         0.00%    passed     98.15%
   7  Gonium_pectorale                  0.00%    passed     97.75%
   8  Pleodorina_starrii                0.00%    passed     99.74%
   9  Volvox_carteri                    0.00%    passed     99.77%
  10  Bracteacoccus_aerius              0.00%    passed     99.99%
  11  Bracteacoccus_minor               0.00%    passed     99.86%
  12  Mychonastes_homosphaera           0.00%    passed     99.95%
  13  Pseudomuriella_schumacherensis    0.00%    passed     98.73%
  14  Kirchneriella_aperta              0.00%    passed     99.20%
  15  Ourococcus_multisporus            0.00%    passed     98.69%
  16  Pediastrum_duplex                 0.00%    passed     99.99%
  17  Chlorotetraedron_incus            0.00%    passed     99.87%
  18  Neochloris_aquatica               0.00%    passed     99.11%
  19  Scenedesmus_obliquus              0.00%    passed     99.76%
  20  Rotundella_rotunda                0.00%    passed     99.87%
  21  Chromochloris_zofingiensis        0.00%    passed     99.99%
  22  Atractomorpha_echinata            0.00%    passed    100.00%
  23  Ankyra_judai                      0.00%    passed     99.98%
****  TOTAL                             0.00%  0 sequences failed composition chi2 test (p-value<5%; df=19)

Create initial parsimony tree by phylogenetic likelihood library (PLL)... 0.004 seconds

NOTE: 6 MB RAM (0 GB) is required!
Estimate model parameters (epsilon = 0.100)
Thoroughly optimizing +I+G parameters from 10 start values...
Init pinv, alpha: 0.000, 1.000 / Estimate: 0.000, 1.355 / LogL: -10204.173
Init pinv, alpha: 0.013, 1.000 / Estimate: 0.009, 1.406 / LogL: -10204.546
Init pinv, alpha: 0.027, 1.000 / Estimate: 0.009, 1.410 / LogL: -10204.595
Init pinv, alpha: 0.040, 1.000 / Estimate: 0.010, 1.413 / LogL: -10204.628
Init pinv, alpha: 0.054, 1.000 / Estimate: 0.010, 1.411 / LogL: -10204.611
Init pinv, alpha: 0.067, 1.000 / Estimate: 0.010, 1.415 / LogL: -10204.646
Init pinv, alpha: 0.080, 1.000 / Estimate: 0.010, 1.409 / LogL: -10204.596
Init pinv, alpha: 0.094, 1.000 / Estimate: 0.010, 1.411 / LogL: -10204.612
Init pinv, alpha: 0.107, 1.000 / Estimate: 0.010, 1.412 / LogL: -10204.625
Init pinv, alpha: 0.120, 1.000 / Estimate: 0.010, 1.413 / LogL: -10204.635
Optimal pinv,alpha: 0.000, 1.355 / LogL: -10204.173

Parameters optimization took 1.729 sec
Computing ML distances based on estimated model parameters... 0.319 sec
Computing BIONJ tree...
0.002 seconds
Log-likelihood of BIONJ tree: -10204.231
--------------------------------------------------------------------
|             INITIALIZING CANDIDATE TREE SET                      |
--------------------------------------------------------------------
Generating 98 parsimony trees... 0.345 second
Computing log-likelihood of 98 initial trees ... 1.342 seconds
Current best score: -10203.054

Do NNI search on 20 best initial trees
Estimate model parameters (epsilon = 0.100)
BETTER TREE FOUND at iteration 1: -10198.264
Iteration 10 / LogL: -10198.268 / Time: 0h:0m:4s
Iteration 20 / LogL: -10198.281 / Time: 0h:0m:5s
Finish initializing candidate tree set (2)
Current best tree score: -10198.264 / CPU time: 3.385
Number of iterations: 20
--------------------------------------------------------------------
|               OPTIMIZING CANDIDATE TREE SET                      |
--------------------------------------------------------------------
UPDATE BEST LOG-LIKELIHOOD: -10198.264
Iteration 30 / LogL: -10200.208 / Time: 0h:0m:6s (0h:0m:15s left)
Iteration 40 / LogL: -10198.273 / Time: 0h:0m:7s (0h:0m:12s left)
Iteration 50 / LogL: -10198.338 / Time: 0h:0m:9s (0h:0m:9s left)
Iteration 60 / LogL: -10199.225 / Time: 0h:0m:10s (0h:0m:7s left)
Iteration 70 / LogL: -10251.255 / Time: 0h:0m:11s (0h:0m:5s left)
Iteration 80 / LogL: -10198.337 / Time: 0h:0m:13s (0h:0m:3s left)
Iteration 90 / LogL: -10198.310 / Time: 0h:0m:14s (0h:0m:1s left)
Iteration 100 / LogL: -10198.266 / Time: 0h:0m:15s (0h:0m:0s left)
TREE SEARCH COMPLETED AFTER 102 ITERATIONS / Time: 0h:0m:16s

--------------------------------------------------------------------
|                    FINALIZING TREE SEARCH                        |
--------------------------------------------------------------------
Performs final model parameters optimization
Estimate model parameters (epsilon = 0.010)
1. Initial log-likelihood: -10198.264
Optimal log-likelihood: -10198.264
Proportion of invariable sites: 0.000
Gamma shape alpha: 1.347
Parameters optimization took 1 rounds (0.021 sec)
BEST SCORE FOUND : -10198.264
Total tree length: 4.861

Total number of iterations: 102
CPU time used for tree search: 112.596 sec (0h:1m:52s)
Wall-clock time used for tree search: 14.272 sec (0h:0m:14s)
Total CPU time used: 127.201 sec (0h:2m:7s)
Total wall-clock time used: 16.131 sec (0h:0m:16s)

Analysis results written to: 
  IQ-TREE report:                /csm_data/spielman_lab/dms_modelselection//simulations/alignments_empirical/NP_greenalga_rep15_AA.fasta.iqtree
  Maximum-likelihood tree:       /csm_data/spielman_lab/dms_modelselection//simulations/alignments_empirical/NP_greenalga_rep15_AA.fasta.treefile
  Likelihood distances:          /csm_data/spielman_lab/dms_modelselection//simulations/alignments_empirical/NP_greenalga_rep15_AA.fasta.mldist
  Screen log file:               /csm_data/spielman_lab/dms_modelselection//simulations/alignments_empirical/NP_greenalga_rep15_AA.fasta.log

Date and Time: Thu May 23 06:06:21 2019
