IQ-TREE multicore version 1.6.7 for Linux 64-bit built Aug 23 2018
Developed by Bui Quang Minh, Nguyen Lam Tung, Olga Chernomor,
Heiko Schmidt, Dominik Schrempf, Michael Woodhams.

Host:    csm-com-005 (AVX2, FMA3, 62 GB RAM)
Command: iqtree -nt 8 -m mtART+I+G4 -s /csm_data/spielman_lab/dms_modelselection//simulations/alignments_empirical/NP_spiralia_rep11_AA.fasta -st AA -te simulations/true_trees/spiralia.tree
Seed:    696454 (Using SPRNG - Scalable Parallel Random Number Generator)
Time:    Thu May 23 07:10:43 2019
Kernel:  AVX+FMA - 8 threads (48 CPU cores detected)

Reading alignment file /csm_data/spielman_lab/dms_modelselection//simulations/alignments_empirical/NP_spiralia_rep11_AA.fasta ... Fasta format detected
Alignment most likely contains protein sequences
Alignment has 103 sequences with 498 columns, 492 distinct patterns
454 parsimony-informative, 34 singleton sites, 10 constant sites
                                Gap/Ambiguity  Composition  p-value
   1  Adineta_vaga                      0.00%    passed     97.01%
   2  Rotaria_rotatoria                 0.00%    passed     91.43%
   3  Lepadella_patella                 0.00%    passed     99.49%
   4  Brachionus_plicatilis             0.00%    passed     99.37%
   5  Brachionus_manjavacas             0.00%    passed     99.67%
   6  Rhabdopleura_compacta             0.00%    passed     99.79%
   7  Ptychodera_flava                  0.00%    passed     99.96%
   8  SchizocardiumCalif_cl             0.00%    passed    100.00%
   9  Sackow                            0.00%    passed     99.99%
  10  Patmin                            0.00%    passed     99.94%
  11  Parastichopus_parvimensis         0.00%    passed     99.96%
  12  Strpur                            0.00%    passed    100.00%
  13  Florometra_serratissima           0.00%    passed     99.76%
  14  Calmil                            0.00%    passed     99.93%
  15  HUMAN                             0.00%    passed    100.00%
  16  LATCH                             0.00%    passed     99.94%
  17  LEPOC                             0.00%    passed     99.98%
  18  Petromyzon_marins                 0.00%    passed     99.76%
  19  Halocynthia_roretzi               0.00%    passed    100.00%
  20  Molgula_tectiformis               0.00%    passed     97.68%
  21  CIOIN                             0.00%    passed     99.94%
  22  Asymmetron_lucayanum              0.00%    passed    100.00%
  23  BraLan                            0.00%    passed    100.00%
  24  Leucoselenia_complicata           0.00%    passed     86.00%
  25  Sycon_ciliatum                    0.00%    passed     97.96%
  26  Oscarella_carmella                0.00%    passed     99.98%
  27  AMPQE                             0.00%    passed     90.82%
  28  Ephidatia_mulleri                 0.00%    passed     99.66%
  29  NEMVE                             0.00%    passed     99.99%
  30  Acropora_digitifera               0.00%    passed     99.79%
  31  Aurelia_aurita                    0.00%    passed     99.53%
  32  Clytia_hemisphaerica              0.00%    passed     99.85%
  33  Isodiametra_pulchra               0.00%    passed     93.53%
  34  Childia_submaculatum              0.00%    passed     99.93%
  35  Diopisthoporus_gymnopharyngeus    0.00%    passed     99.89%
  36  Hofstenia_miamia                  0.00%    passed     99.73%
  37  Meara_stichopi                    0.00%    passed     99.67%
  38  Nemertoderma_westbladi            0.00%    passed     99.36%
  39  Xenoturbella_profunda             0.00%    passed     99.97%
  40  Xenoturbella_bocki                0.00%    passed     99.60%
  41  TRICA                             0.00%    passed     99.13%
  42  DROME                             0.00%    passed     97.68%
  43  Apis_mellifera                    0.00%    passed     92.33%
  44  Daphnia_pulex                     0.00%    passed     99.29%
  45  Eudigraphis_taiwaniensis          0.00%    passed     99.94%
  46  STRMM                             0.00%    passed     99.98%
  47  Mesobuthus_martensii              0.00%    passed     99.96%
  48  Limulus_polyphemus                0.00%    passed    100.00%
  49  Peripatopsis_capensis             0.00%    passed     99.99%
  50  Enoplus_brevis                    0.00%    passed     69.52%
  51  Romanomermis_culicivorax          0.00%    passed     99.98%
  52  Ramazzottius_varieornatus         0.00%    passed     98.43%
  53  Hypsibius_dujardini               0.00%    passed     95.99%
  54  Priapulus_caudatus                0.00%    passed    100.00%
  55  Halicryptus_spinulosus            0.00%    passed     99.94%
  56  Tubiluchus_corallicola            0.00%    passed     99.83%
  57  Lepidodermella_squamata           0.00%    passed     98.78%
  58  Diuronotus_aspetos                0.00%    passed     85.88%
  59  Macrodasys_sp                     0.00%    passed     63.17%
  60  Megadasys_sp                      0.00%    passed     96.99%
  61  Catenulida_sp                     0.00%    passed     99.51%
  62  Stylochoplana_maculata            0.00%    passed     96.31%
  63  Stylochus_ellipticus              0.00%    passed     96.14%
  64  Macrostomum_lignano               0.00%    passed     86.42%
  65  LOTGI                             0.00%    passed     99.80%
  66  Aplysia_californica               0.00%    passed     99.78%
  67  CRAGI                             0.00%    passed    100.00%
  68  Leptochiton_rugatus               0.00%    passed     99.39%
  69  Neomenia_megatrapezata            0.00%    passed     99.97%
  70  CAPI1                             0.00%    passed     99.94%
  71  Lumbricus_terrestris              0.00%    passed     99.31%
  72  Nephtys_caeca                     0.00%    passed    100.00%
  73  Owenia_fusiformis                 0.00%    passed    100.00%
  74  Lineus_longissimus                0.00%    passed    100.00%
  75  Paranemertes_peregrina            0.00%    passed    100.00%
  76  Malacobdella_grossa               0.00%    passed     99.97%
  77  Tubulanus_polymorphus             0.00%    passed     99.94%
  78  Cephalothrix_linearis             0.00%    passed     99.99%
  79  Hemithiris_psittacea              0.00%    passed     98.57%
  80  Terebratalia_transversa           0.00%    passed     99.21%
  81  Glottidia_pyramidata              0.00%    passed     99.99%
  82  Linana                            0.00%    passed     99.92%
  83  Phoronopsis_harmeri               0.00%    passed    100.00%
  84  Phoronis_vancouverensis           0.00%    passed     99.98%
  85  Phoronis_psammophila              0.00%    passed    100.00%
  86  Membranipora_membranacea          0.00%    passed     97.95%
  87  Bugula_neritina                   0.00%    passed     97.80%
  88  Loxosoma_pectinaricola            0.00%    passed     99.97%
  89  Barentsia_gracilis                0.00%    passed     99.55%
  90  Sagitta_gazellae                  0.00%    passed     99.33%
  91  Sagitta_setosa                    0.00%    passed     99.75%
  92  Pterosagitta_draco                0.00%    passed     99.84%
  93  Sagitta_elegans                   0.00%    passed     99.41%
  94  Sagitta_serratodentata            0.00%    passed     99.69%
  95  Sagitta_hexaptera                 0.00%    passed     99.57%
  96  Krohnitta_sp                      0.00%    passed     99.89%
  97  Paraspadella_ovovivipara          0.00%    passed     98.85%
  98  Pargo1                            0.00%    passed     99.86%
  99  Spadella_cephaloptera             0.00%    passed     99.61%
 100  Eukrohnia_hamata                  0.00%    passed     99.92%
 101  Gnathostomula_paradoxa            0.00%    passed     93.15%
 102  Austrognathia_sp                  0.00%    passed     99.13%
 103  Limnognathia_maerski              0.00%    passed     99.90%
****  TOTAL                             0.00%  0 sequences failed composition chi2 test (p-value<5%; df=19)
Reading input tree file simulations/true_trees/spiralia.tree ...

NOTE: 32 MB RAM (0 GB) is required!
Estimate model parameters (epsilon = 0.010)
Thoroughly optimizing +I+G parameters from 10 start values...
Init pinv, alpha: 0.000, 1.000 / Estimate: 0.000, 0.647 / LogL: -38231.203
Init pinv, alpha: 0.002, 1.000 / Estimate: 0.000, 0.647 / LogL: -38231.203
Init pinv, alpha: 0.004, 1.000 / Estimate: 0.000, 0.647 / LogL: -38231.203
Init pinv, alpha: 0.007, 1.000 / Estimate: 0.000, 0.647 / LogL: -38231.203
Init pinv, alpha: 0.009, 1.000 / Estimate: 0.000, 0.647 / LogL: -38231.203
Init pinv, alpha: 0.011, 1.000 / Estimate: 0.000, 0.647 / LogL: -38231.203
Init pinv, alpha: 0.013, 1.000 / Estimate: 0.000, 0.647 / LogL: -38231.203
Init pinv, alpha: 0.016, 1.000 / Estimate: 0.000, 0.647 / LogL: -38231.203
Init pinv, alpha: 0.018, 1.000 / Estimate: 0.000, 0.647 / LogL: -38231.203
Init pinv, alpha: 0.020, 1.000 / Estimate: 0.000, 0.647 / LogL: -38231.203
Optimal pinv,alpha: 0.000, 0.647 / LogL: -38231.203

Parameters optimization took 13.361 sec
BEST SCORE FOUND : -38231.203
Total tree length: 36.292

Total number of iterations: 0
CPU time used for tree search: 0.000 sec (0h:0m:0s)
Wall-clock time used for tree search: 0.000 sec (0h:0m:0s)
Total CPU time used: 106.337 sec (0h:1m:46s)
Total wall-clock time used: 13.384 sec (0h:0m:13s)

Analysis results written to: 
  IQ-TREE report:                /csm_data/spielman_lab/dms_modelselection//simulations/alignments_empirical/NP_spiralia_rep11_AA.fasta.iqtree
  Maximum-likelihood tree:       /csm_data/spielman_lab/dms_modelselection//simulations/alignments_empirical/NP_spiralia_rep11_AA.fasta.treefile
  Screen log file:               /csm_data/spielman_lab/dms_modelselection//simulations/alignments_empirical/NP_spiralia_rep11_AA.fasta.log

Date and Time: Thu May 23 07:10:57 2019
