IQ-TREE multicore version 1.6.7 for Linux 64-bit built Aug 23 2018
Developed by Bui Quang Minh, Nguyen Lam Tung, Olga Chernomor,
Heiko Schmidt, Dominik Schrempf, Michael Woodhams.

Host:    csm-com-002 (AVX2, FMA3, 62 GB RAM)
Command: iqtree -nt 8 -m HIVb -s /csm_data/spielman_lab/dms_modelselection//simulations/alignments_empirical/NP_salichos_rep5_AA.fasta -st AA
Seed:    33707 (Using SPRNG - Scalable Parallel Random Number Generator)
Time:    Thu May 23 05:42:20 2019
Kernel:  AVX+FMA - 8 threads (48 CPU cores detected)

Reading alignment file /csm_data/spielman_lab/dms_modelselection//simulations/alignments_empirical/NP_salichos_rep5_AA.fasta ... Fasta format detected
Alignment most likely contains protein sequences
Alignment has 23 sequences with 498 columns, 489 distinct patterns
456 parsimony-informative, 30 singleton sites, 12 constant sites
      Gap/Ambiguity  Composition  p-value
   1  Agos    0.00%    passed     66.97%
   2  Klac    0.00%    passed     93.02%
   3  Calb    0.00%    passed     42.01%
   4  Cdub    0.00%    passed     97.24%
   5  Ctro    0.00%    passed     85.46%
   6  Cpar    0.00%    passed      8.73%
   7  Lelo    0.00%    passed     66.52%
   8  Psti    0.00%    passed     81.54%
   9  Cgui    0.00%    passed     93.25%
  10  Dhan    0.00%    passed     89.34%
  11  Clus    0.00%    passed     98.21%
  12  Cgla    0.00%    passed     73.98%
  13  Sbay    0.00%    passed     86.09%
  14  Scer    0.00%    passed     98.35%
  15  Spar    0.00%    passed     99.17%
  16  Smik    0.00%    passed     99.75%
  17  Skud    0.00%    passed     95.72%
  18  Scas    0.00%    passed     88.86%
  19  Kpol    0.00%    passed     95.69%
  20  Zrou    0.00%    passed     60.01%
  21  Kthe    0.00%    passed     97.12%
  22  Kwal    0.00%    passed     94.80%
  23  Sklu    0.00%    passed     89.50%
****  TOTAL    0.00%  0 sequences failed composition chi2 test (p-value<5%; df=19)

Create initial parsimony tree by phylogenetic likelihood library (PLL)... 0.005 seconds

NOTE: 1 MB RAM (0 GB) is required!
Estimate model parameters (epsilon = 0.100)
1. Initial log-likelihood: -20256.784
Optimal log-likelihood: -20034.497
Parameters optimization took 1 rounds (0.029 sec)
Computing ML distances based on estimated model parameters... 0.134 sec
Computing BIONJ tree...
0.004 seconds
Log-likelihood of BIONJ tree: -20005.738
--------------------------------------------------------------------
|             INITIALIZING CANDIDATE TREE SET                      |
--------------------------------------------------------------------
Generating 98 parsimony trees... 0.535 second
Computing log-likelihood of 98 initial trees ... 0.624 seconds
Current best score: -20005.738

Do NNI search on 20 best initial trees
Estimate model parameters (epsilon = 0.100)
BETTER TREE FOUND at iteration 1: -20001.090
Iteration 10 / LogL: -20001.093 / Time: 0h:0m:1s
Iteration 20 / LogL: -20001.117 / Time: 0h:0m:2s
Finish initializing candidate tree set (4)
Current best tree score: -20001.090 / CPU time: 2.056
Number of iterations: 20
--------------------------------------------------------------------
|               OPTIMIZING CANDIDATE TREE SET                      |
--------------------------------------------------------------------
Iteration 30 / LogL: -20001.104 / Time: 0h:0m:2s (0h:0m:6s left)
Iteration 40 / LogL: -20009.888 / Time: 0h:0m:3s (0h:0m:5s left)
Iteration 50 / LogL: -20009.596 / Time: 0h:0m:3s (0h:0m:4s left)
Iteration 60 / LogL: -20009.444 / Time: 0h:0m:4s (0h:0m:3s left)
Iteration 70 / LogL: -20001.097 / Time: 0h:0m:5s (0h:0m:2s left)
Iteration 80 / LogL: -20009.413 / Time: 0h:0m:5s (0h:0m:1s left)
Iteration 90 / LogL: -20009.489 / Time: 0h:0m:6s (0h:0m:0s left)
Iteration 100 / LogL: -20001.393 / Time: 0h:0m:6s (0h:0m:0s left)
TREE SEARCH COMPLETED AFTER 102 ITERATIONS / Time: 0h:0m:6s

--------------------------------------------------------------------
|                    FINALIZING TREE SEARCH                        |
--------------------------------------------------------------------
Performs final model parameters optimization
Estimate model parameters (epsilon = 0.010)
1. Initial log-likelihood: -20001.090
Optimal log-likelihood: -20001.090
Parameters optimization took 1 rounds (0.005 sec)
BEST SCORE FOUND : -20001.090
Total tree length: 11.426

Total number of iterations: 102
CPU time used for tree search: 52.420 sec (0h:0m:52s)
Wall-clock time used for tree search: 6.876 sec (0h:0m:6s)
Total CPU time used: 53.020 sec (0h:0m:53s)
Total wall-clock time used: 6.979 sec (0h:0m:6s)

Analysis results written to: 
  IQ-TREE report:                /csm_data/spielman_lab/dms_modelselection//simulations/alignments_empirical/NP_salichos_rep5_AA.fasta.iqtree
  Maximum-likelihood tree:       /csm_data/spielman_lab/dms_modelselection//simulations/alignments_empirical/NP_salichos_rep5_AA.fasta.treefile
  Likelihood distances:          /csm_data/spielman_lab/dms_modelselection//simulations/alignments_empirical/NP_salichos_rep5_AA.fasta.mldist
  Screen log file:               /csm_data/spielman_lab/dms_modelselection//simulations/alignments_empirical/NP_salichos_rep5_AA.fasta.log

Date and Time: Thu May 23 05:42:27 2019
