IQ-TREE multicore version 1.6.7 for Linux 64-bit built Aug 23 2018
Developed by Bui Quang Minh, Nguyen Lam Tung, Olga Chernomor,
Heiko Schmidt, Dominik Schrempf, Michael Woodhams.

Host:    csm-com-008 (AVX2, FMA3, 62 GB RAM)
Command: iqtree -nt 8 -m JTT+F+G4 -s /csm_data/spielman_lab/dms_modelselection//simulations/alignments_empirical/NP_salichos_rep4_AA.fasta -st AA
Seed:    491801 (Using SPRNG - Scalable Parallel Random Number Generator)
Time:    Tue Apr 16 02:07:56 2019
Kernel:  AVX+FMA - 8 threads (48 CPU cores detected)

Reading alignment file /csm_data/spielman_lab/dms_modelselection//simulations/alignments_empirical/NP_salichos_rep4_AA.fasta ... Fasta format detected
Alignment most likely contains protein sequences
Alignment has 23 sequences with 498 columns, 494 distinct patterns
440 parsimony-informative, 52 singleton sites, 6 constant sites
      Gap/Ambiguity  Composition  p-value
   1  Agos    0.00%    passed     68.85%
   2  Klac    0.00%    passed     94.93%
   3  Calb    0.00%    passed     80.39%
   4  Cdub    0.00%    passed     98.41%
   5  Ctro    0.00%    passed     89.76%
   6  Cpar    0.00%    passed     84.94%
   7  Lelo    0.00%    passed     77.77%
   8  Psti    0.00%    passed     92.95%
   9  Cgui    0.00%    passed     80.46%
  10  Dhan    0.00%    passed     79.94%
  11  Clus    0.00%    passed     93.41%
  12  Cgla    0.00%    passed     83.17%
  13  Sbay    0.00%    passed     90.39%
  14  Scer    0.00%    passed     96.77%
  15  Spar    0.00%    passed     99.96%
  16  Smik    0.00%    passed     93.75%
  17  Skud    0.00%    passed     99.09%
  18  Scas    0.00%    passed     91.85%
  19  Kpol    0.00%    passed     71.71%
  20  Zrou    0.00%    passed     74.00%
  21  Kthe    0.00%    passed     35.58%
  22  Kwal    0.00%    passed     58.35%
  23  Sklu    0.00%    passed     88.06%
****  TOTAL    0.00%  0 sequences failed composition chi2 test (p-value<5%; df=19)

Create initial parsimony tree by phylogenetic likelihood library (PLL)... 0.003 seconds

NOTE: 7 MB RAM (0 GB) is required!
Estimate model parameters (epsilon = 0.100)
1. Initial log-likelihood: -19344.951
2. Current log-likelihood: -19128.874
3. Current log-likelihood: -19124.662
Optimal log-likelihood: -19124.620
Gamma shape alpha: 2.400
Parameters optimization took 3 rounds (0.070 sec)
Computing ML distances based on estimated model parameters... 0.227 sec
Computing BIONJ tree...
0.001 seconds
Log-likelihood of BIONJ tree: -19124.619
--------------------------------------------------------------------
|             INITIALIZING CANDIDATE TREE SET                      |
--------------------------------------------------------------------
Generating 99 parsimony trees... 0.389 second
Computing log-likelihood of 99 initial trees ... 1.138 seconds
Current best score: -19124.619

Do NNI search on 20 best initial trees
Estimate model parameters (epsilon = 0.100)
BETTER TREE FOUND at iteration 1: -19124.619
Iteration 10 / LogL: -19130.590 / Time: 0h:0m:2s
Iteration 20 / LogL: -19124.814 / Time: 0h:0m:2s
Finish initializing candidate tree set (2)
Current best tree score: -19124.619 / CPU time: 2.811
Number of iterations: 20
--------------------------------------------------------------------
|               OPTIMIZING CANDIDATE TREE SET                      |
--------------------------------------------------------------------
Iteration 30 / LogL: -19130.286 / Time: 0h:0m:3s (0h:0m:9s left)
Iteration 40 / LogL: -19130.391 / Time: 0h:0m:4s (0h:0m:7s left)
Iteration 50 / LogL: -19130.407 / Time: 0h:0m:5s (0h:0m:6s left)
Iteration 60 / LogL: -19130.301 / Time: 0h:0m:6s (0h:0m:4s left)
Iteration 70 / LogL: -19130.307 / Time: 0h:0m:7s (0h:0m:3s left)
Iteration 80 / LogL: -19124.710 / Time: 0h:0m:8s (0h:0m:2s left)
Iteration 90 / LogL: -19124.621 / Time: 0h:0m:9s (0h:0m:1s left)
Iteration 100 / LogL: -19130.583 / Time: 0h:0m:10s (0h:0m:0s left)
TREE SEARCH COMPLETED AFTER 102 ITERATIONS / Time: 0h:0m:10s

--------------------------------------------------------------------
|                    FINALIZING TREE SEARCH                        |
--------------------------------------------------------------------
Performs final model parameters optimization
Estimate model parameters (epsilon = 0.010)
1. Initial log-likelihood: -19124.619
Optimal log-likelihood: -19124.619
Gamma shape alpha: 2.402
Parameters optimization took 1 rounds (0.013 sec)
BEST SCORE FOUND : -19124.619
Total tree length: 11.896

Total number of iterations: 102
CPU time used for tree search: 83.044 sec (0h:1m:23s)
Wall-clock time used for tree search: 10.586 sec (0h:0m:10s)
Total CPU time used: 84.194 sec (0h:1m:24s)
Total wall-clock time used: 10.742 sec (0h:0m:10s)

Analysis results written to: 
  IQ-TREE report:                /csm_data/spielman_lab/dms_modelselection//simulations/alignments_empirical/NP_salichos_rep4_AA.fasta.iqtree
  Maximum-likelihood tree:       /csm_data/spielman_lab/dms_modelselection//simulations/alignments_empirical/NP_salichos_rep4_AA.fasta.treefile
  Likelihood distances:          /csm_data/spielman_lab/dms_modelselection//simulations/alignments_empirical/NP_salichos_rep4_AA.fasta.mldist
  Screen log file:               /csm_data/spielman_lab/dms_modelselection//simulations/alignments_empirical/NP_salichos_rep4_AA.fasta.log

Date and Time: Tue Apr 16 02:08:07 2019
