IQ-TREE multicore version 1.6.9 for Linux 64-bit built Dec 20 2018
Developed by Bui Quang Minh, Nguyen Lam Tung, Olga Chernomor,
Heiko Schmidt, Dominik Schrempf, Michael Woodhams.

Host:    spielmanlab (AVX512, FMA3, 125 GB RAM)
Command: iqtree -quiet -nt AUTO -ntmax 6 -m HIVw+G4 -s /home/spielman/dms_modelselection//simulations/alignments/HA_opisthokonta_rep17_AA.fasta -st AA -redo -bb 1000
Seed:    436430 (Using SPRNG - Scalable Parallel Random Number Generator)
Time:    Wed Jun 12 13:18:54 2019
Kernel:  AVX+FMA - auto-detect threads (24 CPU cores detected)

Reading alignment file /home/spielman/dms_modelselection//simulations/alignments/HA_opisthokonta_rep17_AA.fasta ... Fasta format detected
Alignment most likely contains protein sequences
Alignment has 70 sequences with 564 columns, 564 distinct patterns
541 parsimony-informative, 23 singleton sites, 0 constant sites
                                  Gap/Ambiguity  Composition  p-value
   1  Oscarella_carmela                   0.00%    passed     99.07%
   2  Leucetta_chagosensis                0.00%    passed     97.93%
   3  Sycon_raphanus                      0.00%    passed     94.71%
   4  Oopsacas_minuta                     0.00%    passed     97.24%
   5  Carteriospongia_foliascens          0.00%    passed     76.20%
   6  Amphimedon_queenslandica            0.00%    passed     99.93%
   7  Suberites_domuncula                 0.00%    passed     89.15%
   8  Lubomirskia_baicalensis             0.00%    passed     95.84%
   9  Ephydatia_muelleri                  0.00%    passed     44.02%
  10  Trichoplax_adhaerens                0.00%    passed     96.54%
  11  Nematostella_vectensis              0.00%    passed     99.57%
  12  Anemonia_viridis                    0.00%    passed     94.55%
  13  Aiptasia_pallida                    0.00%    passed     96.67%
  14  Metridium_senile                    0.00%    passed     99.90%
  15  Acropora_palmata                    0.00%    passed     99.01%
  16  Acropora_millepora                  0.00%    passed     99.34%
  17  Porites_astreoides                  0.00%    passed     98.92%
  18  Montastraea_faveolata               0.00%    passed     97.69%
  19  Cyanea_capillata                    0.00%    passed     94.68%
  20  Clytia_hemisphaerica                0.00%    passed     80.19%
  21  Podocoryna_carnea                   0.00%    passed     99.82%
  22  Hydractinia_echinata                0.00%    passed     99.99%
  23  Hydra_magnipapillata                0.00%    passed     90.76%
  24  Saccoglossus_kowalevskii            0.00%    passed     91.70%
  25  Ptychodera_flava                    0.00%    passed     99.28%
  26  Strongylocentrotus_purpuratus       0.00%    passed     93.94%
  27  Asterina_pectinifera                0.00%    passed     95.97%
  28  Branchiostoma_floridae              0.00%    passed     91.16%
  29  Petromyzon_marinus                  0.00%    passed     83.05%
  30  Gallus                              0.00%    passed     85.68%
  31  Ciona_intestinalis                  0.00%    passed     94.45%
  32  Halocynthia_roretzi                 0.00%    passed     88.25%
  33  Anoplodactylus_eroticus             0.00%    passed     99.33%
  34  Boophilus_microplus                 0.00%    passed     95.00%
  35  Daphnia_pulex                       0.00%    passed     93.22%
  36  Drosophila_melanogaster             0.00%    passed     95.16%
  37  Euperipatoides_kanangrensis         0.00%    passed     93.35%
  38  Echinoderes_horni                   0.00%    passed     97.98%
  39  Xiphinema_index                     0.00%    passed     87.72%
  40  Cerebratulus_lacteus                0.00%    passed     96.21%
  41  Terebratalia_transversa             0.00%    passed     87.56%
  42  Lottia_gigantea                     0.00%    passed     94.50%
  43  Crassostrea_virginica               0.00%    passed     93.38%
  44  Euprymna_scolopes                   0.00%    passed     92.69%
  45  Capitella_telata                    0.00%    passed     99.12%
  46  Helobdella_robusta                  0.00%    passed     99.72%
  47  Schmidtea_mediterranea              0.00%    passed     99.75%
  48  Paraplanocera_oligoglena            0.00%    passed     43.97%
  49  Xenoturbella_bocki                  0.00%    passed     84.44%
  50  Nemertoderma_westbladi              0.00%    passed     99.92%
  51  Meara_stichopi                      0.00%    passed     78.55%
  52  Isodiametra_pulchra                 0.00%    passed     52.71%
  53  Symsagittifera_roscoffensis         0.00%    passed     40.59%
  54  Convolutriloba_longifissura         0.00%    passed     87.84%
  55  Capsaspora_owczarzaki_ATCC_30864    0.00%    passed     99.99%
  56  Amoebidium_parasiticum              0.00%    passed     79.73%
  57  Sphaeroforma_arctica                0.00%    passed     91.91%
  58  Spizellomyces_punctatus             0.00%    passed     99.99%
  59  Batrachochytrium_dendrobatidis      0.00%    passed     95.81%
  60  Cryptococcus_neoformans             0.00%    passed     98.02%
  61  Saccharomyces_cerevisiae            0.00%    passed     11.63%
  62  Phycomyces_blakesleeanus            0.00%    passed     98.94%
  63  Rhizopus_orizae                     0.00%    passed     80.10%
  64  Monosiga_ovata                      0.00%    passed     35.09%
  65  Salpingoeca_rosetta                 0.00%    passed     81.51%
  66  Monosiga_brevicollis                0.00%    passed     94.88%
  67  Mnemiopsis                          0.00%    passed     98.83%
  68  Mertensiid_sp                       0.00%    passed     97.92%
  69  Pleurobrachia_pileus                0.00%    passed     99.68%
  70  Oscarella_lobularis                 0.00%    passed     28.59%
****  TOTAL                               0.00%  0 sequences failed composition chi2 test (p-value<5%; df=19)

Create initial parsimony tree by phylogenetic likelihood library (PLL)... 0.054 seconds
Generating 1000 samples for ultrafast bootstrap (seed: 436430)...

NOTE: 27 MB RAM (0 GB) is required!
Measuring multi-threading efficiency up to 6 CPU cores
Increase to 10 rounds for branch lengths
5 trees examined
Threads: 1 / Time: 6.965 sec / Speedup: 1.000 / Efficiency: 100% / LogL: -67492
Threads: 2 / Time: 3.672 sec / Speedup: 1.897 / Efficiency: 95% / LogL: -67492
Threads: 3 / Time: 2.506 sec / Speedup: 2.779 / Efficiency: 93% / LogL: -67492
Threads: 4 / Time: 1.930 sec / Speedup: 3.608 / Efficiency: 90% / LogL: -67492
Threads: 5 / Time: 1.637 sec / Speedup: 4.256 / Efficiency: 85% / LogL: -67492
Threads: 6 / Time: 1.923 sec / Speedup: 3.623 / Efficiency: 60% / LogL: -67492
BEST NUMBER OF THREADS: 5

Estimate model parameters (epsilon = 0.100)
1. Initial log-likelihood: -57768.366
2. Current log-likelihood: -57196.295
3. Current log-likelihood: -57193.601
4. Current log-likelihood: -57193.182
Optimal log-likelihood: -57193.107
Gamma shape alpha: 1.733
Parameters optimization took 4 rounds (0.593 sec)
Computing ML distances based on estimated model parameters... 2.680 sec
Computing BIONJ tree...
0.004 seconds
Log-likelihood of BIONJ tree: -57168.353
--------------------------------------------------------------------
|             INITIALIZING CANDIDATE TREE SET                      |
--------------------------------------------------------------------
Generating 98 parsimony trees... 5.146 second
Computing log-likelihood of 98 initial trees ... 6.956 seconds
Current best score: -57168.353

Do NNI search on 20 best initial trees
Estimate model parameters (epsilon = 0.100)
BETTER TREE FOUND at iteration 1: -57159.597
Iteration 10 / LogL: -57159.825 / Time: 0h:0m:37s
Iteration 20 / LogL: -57159.654 / Time: 0h:0m:42s
Finish initializing candidate tree set (5)
Current best tree score: -57159.597 / CPU time: 21.322
Number of iterations: 20
--------------------------------------------------------------------
|               OPTIMIZING CANDIDATE TREE SET                      |
--------------------------------------------------------------------
Iteration 30 / LogL: -57177.939 / Time: 0h:0m:48s (0h:1m:57s left)
Iteration 40 / LogL: -57187.435 / Time: 0h:0m:55s (0h:1m:25s left)
Iteration 50 / LogL: -57165.809 / Time: 0h:1m:2s (0h:1m:4s left)
Log-likelihood cutoff on original alignment: -57234.438
Iteration 60 / LogL: -57159.622 / Time: 0h:1m:8s (0h:0m:47s left)
Iteration 70 / LogL: -57159.953 / Time: 0h:1m:15s (0h:0m:33s left)
Iteration 80 / LogL: -57164.692 / Time: 0h:1m:22s (0h:0m:21s left)
Iteration 90 / LogL: -57171.890 / Time: 0h:1m:29s (0h:0m:10s left)
Iteration 100 / LogL: -57161.086 / Time: 0h:1m:36s (0h:0m:0s left)
Log-likelihood cutoff on original alignment: -57234.438
NOTE: Bootstrap correlation coefficient of split occurrence frequencies: 1.000
TREE SEARCH COMPLETED AFTER 102 ITERATIONS / Time: 0h:1m:37s

--------------------------------------------------------------------
|                    FINALIZING TREE SEARCH                        |
--------------------------------------------------------------------
Performs final model parameters optimization
Estimate model parameters (epsilon = 0.010)
1. Initial log-likelihood: -57159.597
Optimal log-likelihood: -57159.597
Gamma shape alpha: 1.735
Parameters optimization took 1 rounds (0.104 sec)
BEST SCORE FOUND : -57159.597
Creating bootstrap support values...
Split supports printed to NEXUS file /home/spielman/dms_modelselection//simulations/alignments/HA_opisthokonta_rep17_AA.fasta.splits.nex
Total tree length: 34.095

Total number of iterations: 102
CPU time used for tree search: 363.305 sec (0h:6m:3s)
Wall-clock time used for tree search: 76.860 sec (0h:1m:16s)
Total CPU time used: 430.534 sec (0h:7m:10s)
Total wall-clock time used: 98.142 sec (0h:1m:38s)

Computing bootstrap consensus tree...
Reading input file /home/spielman/dms_modelselection//simulations/alignments/HA_opisthokonta_rep17_AA.fasta.splits.nex...
70 taxa and 248 splits.
Consensus tree written to /home/spielman/dms_modelselection//simulations/alignments/HA_opisthokonta_rep17_AA.fasta.contree
Reading input trees file /home/spielman/dms_modelselection//simulations/alignments/HA_opisthokonta_rep17_AA.fasta.contree
Log-likelihood of consensus tree: -57160.602

Analysis results written to: 
  IQ-TREE report:                /home/spielman/dms_modelselection//simulations/alignments/HA_opisthokonta_rep17_AA.fasta.iqtree
  Maximum-likelihood tree:       /home/spielman/dms_modelselection//simulations/alignments/HA_opisthokonta_rep17_AA.fasta.treefile
  Likelihood distances:          /home/spielman/dms_modelselection//simulations/alignments/HA_opisthokonta_rep17_AA.fasta.mldist

Ultrafast bootstrap approximation results written to:
  Split support values:          /home/spielman/dms_modelselection//simulations/alignments/HA_opisthokonta_rep17_AA.fasta.splits.nex
  Consensus tree:                /home/spielman/dms_modelselection//simulations/alignments/HA_opisthokonta_rep17_AA.fasta.contree
  Screen log file:               /home/spielman/dms_modelselection//simulations/alignments/HA_opisthokonta_rep17_AA.fasta.log

Date and Time: Wed Jun 12 13:20:33 2019
