IQ-TREE multicore version 1.6.7 for Linux 64-bit built Aug 23 2018
Developed by Bui Quang Minh, Nguyen Lam Tung, Olga Chernomor,
Heiko Schmidt, Dominik Schrempf, Michael Woodhams.

Host:    csm-gpu-001 (AVX2, FMA3, 62 GB RAM)
Command: iqtree -quiet -nt AUTO -ntmax 8 -m JTT+F+G4 -s /csm_data/spielman_lab/dms_modelselection//simulations/alignments/HA_salichos_rep12_AA.fasta -st AA -redo -bb 1000
Seed:    564587 (Using SPRNG - Scalable Parallel Random Number Generator)
Time:    Thu Jun 13 22:35:12 2019
Kernel:  AVX+FMA - auto-detect threads (48 CPU cores detected)

Reading alignment file /csm_data/spielman_lab/dms_modelselection//simulations/alignments/HA_salichos_rep12_AA.fasta ... Fasta format detected
Alignment most likely contains protein sequences
Alignment has 23 sequences with 564 columns, 560 distinct patterns
508 parsimony-informative, 45 singleton sites, 11 constant sites
      Gap/Ambiguity  Composition  p-value
   1  Agos    0.00%    passed     64.38%
   2  Calb    0.00%    passed     92.46%
   3  Cdub    0.00%    passed     97.54%
   4  Ctro    0.00%    passed     78.44%
   5  Cpar    0.00%    passed     67.91%
   6  Lelo    0.00%    passed     80.57%
   7  Psti    0.00%    passed     65.95%
   8  Cgui    0.00%    passed     95.18%
   9  Dhan    0.00%    passed     90.59%
  10  Clus    0.00%    passed     99.36%
  11  Cgla    0.00%    passed     36.62%
  12  Sbay    0.00%    passed     88.65%
  13  Scer    0.00%    passed     93.15%
  14  Spar    0.00%    passed     70.75%
  15  Smik    0.00%    passed     92.95%
  16  Skud    0.00%    passed     99.09%
  17  Scas    0.00%    passed     99.08%
  18  Kpol    0.00%    passed     89.97%
  19  Zrou    0.00%    passed     73.43%
  20  Kthe    0.00%    passed     92.78%
  21  Kwal    0.00%    passed     90.97%
  22  Sklu    0.00%    passed     87.81%
  23  Klac    0.00%    passed     90.41%
****  TOTAL    0.00%  0 sequences failed composition chi2 test (p-value<5%; df=19)

Create initial parsimony tree by phylogenetic likelihood library (PLL)... 0.004 seconds
Generating 1000 samples for ultrafast bootstrap (seed: 564587)...

NOTE: 10 MB RAM (0 GB) is required!
Measuring multi-threading efficiency up to 8 CPU cores
Increase to 10 rounds for branch lengths
31 trees examined
Threads: 1 / Time: 8.233 sec / Speedup: 1.000 / Efficiency: 100% / LogL: -25295
Threads: 2 / Time: 4.079 sec / Speedup: 2.018 / Efficiency: 101% / LogL: -25295
Threads: 3 / Time: 2.849 sec / Speedup: 2.890 / Efficiency: 96% / LogL: -25295
Threads: 4 / Time: 2.214 sec / Speedup: 3.718 / Efficiency: 93% / LogL: -25295
Threads: 5 / Time: 1.845 sec / Speedup: 4.464 / Efficiency: 89% / LogL: -25295
Threads: 6 / Time: 1.983 sec / Speedup: 4.151 / Efficiency: 69% / LogL: -25295
Threads: 7 / Time: 1.651 sec / Speedup: 4.988 / Efficiency: 71% / LogL: -25295
Threads: 8 / Time: 1.501 sec / Speedup: 5.486 / Efficiency: 69% / LogL: -25295
BEST NUMBER OF THREADS: 8

Estimate model parameters (epsilon = 0.100)
1. Initial log-likelihood: -20535.629
2. Current log-likelihood: -20313.080
3. Current log-likelihood: -20309.721
Optimal log-likelihood: -20309.700
Gamma shape alpha: 2.556
Parameters optimization took 3 rounds (0.068 sec)
Computing ML distances based on estimated model parameters... 0.203 sec
Computing BIONJ tree...
0.002 seconds
Log-likelihood of BIONJ tree: -20315.995
--------------------------------------------------------------------
|             INITIALIZING CANDIDATE TREE SET                      |
--------------------------------------------------------------------
Generating 98 parsimony trees... 0.426 second
Computing log-likelihood of 98 initial trees ... 1.053 seconds
Current best score: -20309.700

Do NNI search on 20 best initial trees
Estimate model parameters (epsilon = 0.100)
BETTER TREE FOUND at iteration 1: -20307.477
Iteration 10 / LogL: -20307.517 / Time: 0h:0m:26s
Iteration 20 / LogL: -20307.532 / Time: 0h:0m:27s
Finish initializing candidate tree set (3)
Current best tree score: -20307.477 / CPU time: 3.008
Number of iterations: 20
--------------------------------------------------------------------
|               OPTIMIZING CANDIDATE TREE SET                      |
--------------------------------------------------------------------
Iteration 30 / LogL: -20307.496 / Time: 0h:0m:28s (0h:1m:9s left)
Iteration 40 / LogL: -20307.546 / Time: 0h:0m:29s (0h:0m:45s left)
Iteration 50 / LogL: -20307.479 / Time: 0h:0m:30s (0h:0m:31s left)
Log-likelihood cutoff on original alignment: -20359.792
Iteration 60 / LogL: -20307.710 / Time: 0h:0m:31s (0h:0m:21s left)
Iteration 70 / LogL: -20308.052 / Time: 0h:0m:32s (0h:0m:14s left)
Iteration 80 / LogL: -20307.816 / Time: 0h:0m:33s (0h:0m:8s left)
Iteration 90 / LogL: -20307.479 / Time: 0h:0m:34s (0h:0m:4s left)
Iteration 100 / LogL: -20307.491 / Time: 0h:0m:35s (0h:0m:0s left)
Log-likelihood cutoff on original alignment: -20347.628
NOTE: Bootstrap correlation coefficient of split occurrence frequencies: 1.000
TREE SEARCH COMPLETED AFTER 102 ITERATIONS / Time: 0h:0m:35s

--------------------------------------------------------------------
|                    FINALIZING TREE SEARCH                        |
--------------------------------------------------------------------
Performs final model parameters optimization
Estimate model parameters (epsilon = 0.010)
1. Initial log-likelihood: -20307.477
Optimal log-likelihood: -20307.477
Gamma shape alpha: 2.570
Parameters optimization took 1 rounds (0.013 sec)
BEST SCORE FOUND : -20307.477
Creating bootstrap support values...
Split supports printed to NEXUS file /csm_data/spielman_lab/dms_modelselection//simulations/alignments/HA_salichos_rep12_AA.fasta.splits.nex
Total tree length: 10.437

Total number of iterations: 102
CPU time used for tree search: 87.198 sec (0h:1m:27s)
Wall-clock time used for tree search: 11.153 sec (0h:0m:11s)
Total CPU time used: 173.174 sec (0h:2m:53s)
Total wall-clock time used: 35.817 sec (0h:0m:35s)

Computing bootstrap consensus tree...
Reading input file /csm_data/spielman_lab/dms_modelselection//simulations/alignments/HA_salichos_rep12_AA.fasta.splits.nex...
23 taxa and 86 splits.
Consensus tree written to /csm_data/spielman_lab/dms_modelselection//simulations/alignments/HA_salichos_rep12_AA.fasta.contree
Reading input trees file /csm_data/spielman_lab/dms_modelselection//simulations/alignments/HA_salichos_rep12_AA.fasta.contree
Log-likelihood of consensus tree: -20307.477

Analysis results written to: 
  IQ-TREE report:                /csm_data/spielman_lab/dms_modelselection//simulations/alignments/HA_salichos_rep12_AA.fasta.iqtree
  Maximum-likelihood tree:       /csm_data/spielman_lab/dms_modelselection//simulations/alignments/HA_salichos_rep12_AA.fasta.treefile
  Likelihood distances:          /csm_data/spielman_lab/dms_modelselection//simulations/alignments/HA_salichos_rep12_AA.fasta.mldist

Ultrafast bootstrap approximation results written to:
  Split support values:          /csm_data/spielman_lab/dms_modelselection//simulations/alignments/HA_salichos_rep12_AA.fasta.splits.nex
  Consensus tree:                /csm_data/spielman_lab/dms_modelselection//simulations/alignments/HA_salichos_rep12_AA.fasta.contree
  Screen log file:               /csm_data/spielman_lab/dms_modelselection//simulations/alignments/HA_salichos_rep12_AA.fasta.log

Date and Time: Thu Jun 13 22:35:48 2019
