IQ-TREE multicore version 1.6.7 for Linux 64-bit built Aug 23 2018
Developed by Bui Quang Minh, Nguyen Lam Tung, Olga Chernomor,
Heiko Schmidt, Dominik Schrempf, Michael Woodhams.

Host:    csm-com-011 (AVX2, FMA3, 62 GB RAM)
Command: iqtree -quiet -nt AUTO -ntmax 8 -m GTR20 -s /csm_data/spielman_lab/dms_modelselection//simulations/alignments/HA_salichos_rep3_AA.fasta -st AA -redo -bb 1000
Seed:    297304 (Using SPRNG - Scalable Parallel Random Number Generator)
Time:    Thu Jun 13 20:06:15 2019
Kernel:  AVX+FMA - auto-detect threads (48 CPU cores detected)

Reading alignment file /csm_data/spielman_lab/dms_modelselection//simulations/alignments/HA_salichos_rep3_AA.fasta ... Fasta format detected
Alignment most likely contains protein sequences
Alignment has 23 sequences with 564 columns, 558 distinct patterns
500 parsimony-informative, 53 singleton sites, 11 constant sites
      Gap/Ambiguity  Composition  p-value
   1  Agos    0.00%    passed     95.31%
   2  Calb    0.00%    passed     78.10%
   3  Cdub    0.00%    passed     75.32%
   4  Ctro    0.00%    passed     59.07%
   5  Cpar    0.00%    passed     76.04%
   6  Lelo    0.00%    passed     51.44%
   7  Psti    0.00%    passed     63.87%
   8  Cgui    0.00%    passed     84.57%
   9  Dhan    0.00%    passed     66.10%
  10  Clus    0.00%    passed     53.92%
  11  Cgla    0.00%    passed     83.91%
  12  Sbay    0.00%    passed     99.72%
  13  Scer    0.00%    passed     95.13%
  14  Spar    0.00%    passed     97.90%
  15  Smik    0.00%    passed     96.77%
  16  Skud    0.00%    passed     99.15%
  17  Scas    0.00%    passed     65.11%
  18  Kpol    0.00%    passed     83.07%
  19  Zrou    0.00%    passed     97.60%
  20  Kthe    0.00%    passed     35.21%
  21  Kwal    0.00%    passed     94.57%
  22  Sklu    0.00%    passed     99.07%
  23  Klac    0.00%    passed     93.12%
****  TOTAL    0.00%  0 sequences failed composition chi2 test (p-value<5%; df=19)

Create initial parsimony tree by phylogenetic likelihood library (PLL)... 0.004 seconds
Generating 1000 samples for ultrafast bootstrap (seed: 297304)...
WARNING: GTR20 model will estimate 189 substitution rates that might be overfitting!
WARNING: Please only use GTR20 with very large data and always test for model fit!

NOTE: 4 MB RAM (0 GB) is required!
Measuring multi-threading efficiency up to 8 CPU cores
Increase to 10 rounds for branch lengths
130 trees examined
Threads: 1 / Time: 8.036 sec / Speedup: 1.000 / Efficiency: 100% / LogL: -26285
Threads: 2 / Time: 4.495 sec / Speedup: 1.788 / Efficiency: 89% / LogL: -26285
Threads: 3 / Time: 3.279 sec / Speedup: 2.451 / Efficiency: 82% / LogL: -26285
Threads: 4 / Time: 2.695 sec / Speedup: 2.981 / Efficiency: 75% / LogL: -26285
Threads: 5 / Time: 2.412 sec / Speedup: 3.332 / Efficiency: 67% / LogL: -26285
Threads: 6 / Time: 2.519 sec / Speedup: 3.190 / Efficiency: 53% / LogL: -26285
Threads: 7 / Time: 2.781 sec / Speedup: 2.890 / Efficiency: 41% / LogL: -26285
BEST NUMBER OF THREADS: 5

Estimate model parameters (epsilon = 0.100)
1. Initial log-likelihood: -21718.317
2. Current log-likelihood: -20314.250
3. Current log-likelihood: -20253.439
4. Current log-likelihood: -20252.179
5. Current log-likelihood: -20252.044
6. Current log-likelihood: -20251.923
Optimal log-likelihood: -20251.912
Parameters optimization took 6 rounds (5.863 sec)
Computing ML distances based on estimated model parameters... 0.052 sec
Computing BIONJ tree...
0.002 seconds
Log-likelihood of BIONJ tree: -20244.599
--------------------------------------------------------------------
|             INITIALIZING CANDIDATE TREE SET                      |
--------------------------------------------------------------------
Generating 98 parsimony trees... 0.464 second
Computing log-likelihood of 98 initial trees ... 0.630 seconds
Current best score: -20217.398

Do NNI search on 20 best initial trees
Estimate model parameters (epsilon = 0.100)
BETTER TREE FOUND at iteration 1: -20210.041
Iteration 10 / LogL: -20213.176 / Time: 0h:0m:35s
Iteration 20 / LogL: -20210.185 / Time: 0h:0m:36s
Finish initializing candidate tree set (2)
Current best tree score: -20210.041 / CPU time: 3.907
Number of iterations: 20
--------------------------------------------------------------------
|               OPTIMIZING CANDIDATE TREE SET                      |
--------------------------------------------------------------------
Iteration 30 / LogL: -20210.044 / Time: 0h:0m:36s (0h:1m:29s left)
Iteration 40 / LogL: -20210.126 / Time: 0h:0m:37s (0h:0m:58s left)
Iteration 50 / LogL: -20213.174 / Time: 0h:0m:37s (0h:0m:39s left)
Log-likelihood cutoff on original alignment: -20244.199
Iteration 60 / LogL: -20210.099 / Time: 0h:0m:38s (0h:0m:26s left)
Iteration 70 / LogL: -20210.159 / Time: 0h:0m:38s (0h:0m:17s left)
Iteration 80 / LogL: -20210.046 / Time: 0h:0m:39s (0h:0m:10s left)
Iteration 90 / LogL: -20213.808 / Time: 0h:0m:40s (0h:0m:4s left)
Iteration 100 / LogL: -20210.080 / Time: 0h:0m:40s (0h:0m:0s left)
Log-likelihood cutoff on original alignment: -20243.491
NOTE: Bootstrap correlation coefficient of split occurrence frequencies: 1.000
TREE SEARCH COMPLETED AFTER 102 ITERATIONS / Time: 0h:0m:40s

--------------------------------------------------------------------
|                    FINALIZING TREE SEARCH                        |
--------------------------------------------------------------------
Performs final model parameters optimization
Estimate model parameters (epsilon = 0.010)
1. Initial log-likelihood: -20210.041
2. Current log-likelihood: -20209.985
Optimal log-likelihood: -20209.975
Parameters optimization took 2 rounds (0.858 sec)
BEST SCORE FOUND : -20209.975
Creating bootstrap support values...
Split supports printed to NEXUS file /csm_data/spielman_lab/dms_modelselection//simulations/alignments/HA_salichos_rep3_AA.fasta.splits.nex
Total tree length: 9.488

Total number of iterations: 102
CPU time used for tree search: 42.093 sec (0h:0m:42s)
Wall-clock time used for tree search: 8.669 sec (0h:0m:8s)
Total CPU time used: 168.965 sec (0h:2m:48s)
Total wall-clock time used: 41.732 sec (0h:0m:41s)

Computing bootstrap consensus tree...
Reading input file /csm_data/spielman_lab/dms_modelselection//simulations/alignments/HA_salichos_rep3_AA.fasta.splits.nex...
23 taxa and 108 splits.
Consensus tree written to /csm_data/spielman_lab/dms_modelselection//simulations/alignments/HA_salichos_rep3_AA.fasta.contree
Reading input trees file /csm_data/spielman_lab/dms_modelselection//simulations/alignments/HA_salichos_rep3_AA.fasta.contree
Log-likelihood of consensus tree: -20209.975

Analysis results written to: 
  IQ-TREE report:                /csm_data/spielman_lab/dms_modelselection//simulations/alignments/HA_salichos_rep3_AA.fasta.iqtree
  Maximum-likelihood tree:       /csm_data/spielman_lab/dms_modelselection//simulations/alignments/HA_salichos_rep3_AA.fasta.treefile
  Likelihood distances:          /csm_data/spielman_lab/dms_modelselection//simulations/alignments/HA_salichos_rep3_AA.fasta.mldist

Ultrafast bootstrap approximation results written to:
  Split support values:          /csm_data/spielman_lab/dms_modelselection//simulations/alignments/HA_salichos_rep3_AA.fasta.splits.nex
  Consensus tree:                /csm_data/spielman_lab/dms_modelselection//simulations/alignments/HA_salichos_rep3_AA.fasta.contree
  Screen log file:               /csm_data/spielman_lab/dms_modelselection//simulations/alignments/HA_salichos_rep3_AA.fasta.log

Date and Time: Thu Jun 13 20:06:57 2019
