IQ-TREE multicore version 1.6.9 for Linux 64-bit built Dec 20 2018
Developed by Bui Quang Minh, Nguyen Lam Tung, Olga Chernomor,
Heiko Schmidt, Dominik Schrempf, Michael Woodhams.

Host:    spielmanlab (AVX512, FMA3, 125 GB RAM)
Command: iqtree -quiet -nt AUTO -ntmax 6 -m Poisson -s /home/spielman/dms_modelselection//simulations/alignments/HIV_salichos_rep8_AA.fasta -st AA -redo -bb 1000
Seed:    613010 (Using SPRNG - Scalable Parallel Random Number Generator)
Time:    Thu Jun 13 12:13:18 2019
Kernel:  AVX+FMA - auto-detect threads (24 CPU cores detected)

Reading alignment file /home/spielman/dms_modelselection//simulations/alignments/HIV_salichos_rep8_AA.fasta ... Fasta format detected
Alignment most likely contains protein sequences
Alignment has 23 sequences with 661 columns, 661 distinct patterns
650 parsimony-informative, 11 singleton sites, 0 constant sites
      Gap/Ambiguity  Composition  p-value
   1  Agos    0.00%    passed     44.31%
   2  Klac    0.00%    passed     17.45%
   3  Calb    0.00%    passed     74.09%
   4  Cdub    0.00%    passed     80.49%
   5  Ctro    0.00%    passed     34.50%
   6  Cpar    0.00%    passed     85.94%
   7  Lelo    0.00%    passed     70.97%
   8  Psti    0.00%    passed     38.11%
   9  Cgui    0.00%    passed     59.71%
  10  Dhan    0.00%    passed     53.05%
  11  Clus    0.00%    passed     53.59%
  12  Cgla    0.00%    passed     82.24%
  13  Sbay    0.00%    passed     98.82%
  14  Scer    0.00%    passed     88.20%
  15  Spar    0.00%    passed     94.24%
  16  Smik    0.00%    passed     85.22%
  17  Skud    0.00%    passed     81.53%
  18  Scas    0.00%    passed     80.67%
  19  Kpol    0.00%    passed     75.76%
  20  Zrou    0.00%    passed     64.82%
  21  Kthe    0.00%    passed     83.26%
  22  Kwal    0.00%    passed     37.22%
  23  Sklu    0.00%    passed     28.49%
****  TOTAL    0.00%  0 sequences failed composition chi2 test (p-value<5%; df=19)

Create initial parsimony tree by phylogenetic likelihood library (PLL)... 0.005 seconds
Generating 1000 samples for ultrafast bootstrap (seed: 613010)...

NOTE: 5 MB RAM (0 GB) is required!
Measuring multi-threading efficiency up to 6 CPU cores
Increase to 10 rounds for branch lengths
88 trees examined
Threads: 1 / Time: 6.064 sec / Speedup: 1.000 / Efficiency: 100% / LogL: -36968
Threads: 2 / Time: 3.631 sec / Speedup: 1.670 / Efficiency: 84% / LogL: -36968
Threads: 3 / Time: 4.143 sec / Speedup: 1.464 / Efficiency: 49% / LogL: -36968
BEST NUMBER OF THREADS: 2

Estimate model parameters (epsilon = 0.100)
1. Initial log-likelihood: -32535.864
Optimal log-likelihood: -31976.697
Parameters optimization took 1 rounds (0.017 sec)
Computing ML distances based on estimated model parameters... 0.016 sec
Computing BIONJ tree...
0.000 seconds
Log-likelihood of BIONJ tree: -31996.950
--------------------------------------------------------------------
|             INITIALIZING CANDIDATE TREE SET                      |
--------------------------------------------------------------------
Generating 98 parsimony trees... 0.454 second
Computing log-likelihood of 98 initial trees ... 0.916 seconds
Current best score: -31976.697

Do NNI search on 20 best initial trees
Estimate model parameters (epsilon = 0.100)
BETTER TREE FOUND at iteration 1: -31968.785
Iteration 10 / LogL: -31968.795 / Time: 0h:0m:16s
Iteration 20 / LogL: -31971.765 / Time: 0h:0m:16s
Finish initializing candidate tree set (5)
Current best tree score: -31968.785 / CPU time: 2.855
Number of iterations: 20
--------------------------------------------------------------------
|               OPTIMIZING CANDIDATE TREE SET                      |
--------------------------------------------------------------------
Iteration 30 / LogL: -31971.500 / Time: 0h:0m:17s (0h:0m:43s left)
Iteration 40 / LogL: -31971.341 / Time: 0h:0m:18s (0h:0m:29s left)
Iteration 50 / LogL: -31969.151 / Time: 0h:0m:19s (0h:0m:20s left)
Log-likelihood cutoff on original alignment: -32014.057
Iteration 60 / LogL: -31971.260 / Time: 0h:0m:20s (0h:0m:14s left)
Iteration 70 / LogL: -31968.815 / Time: 0h:0m:21s (0h:0m:9s left)
Iteration 80 / LogL: -31969.520 / Time: 0h:0m:22s (0h:0m:6s left)
Iteration 90 / LogL: -31968.819 / Time: 0h:0m:23s (0h:0m:2s left)
Iteration 100 / LogL: -31969.082 / Time: 0h:0m:24s (0h:0m:0s left)
Log-likelihood cutoff on original alignment: -32014.057
NOTE: Bootstrap correlation coefficient of split occurrence frequencies: 1.000
TREE SEARCH COMPLETED AFTER 102 ITERATIONS / Time: 0h:0m:24s

--------------------------------------------------------------------
|                    FINALIZING TREE SEARCH                        |
--------------------------------------------------------------------
Performs final model parameters optimization
Estimate model parameters (epsilon = 0.010)
1. Initial log-likelihood: -31968.785
Optimal log-likelihood: -31968.784
Parameters optimization took 1 rounds (0.008 sec)
BEST SCORE FOUND : -31968.784
Creating bootstrap support values...
Split supports printed to NEXUS file /home/spielman/dms_modelselection//simulations/alignments/HIV_salichos_rep8_AA.fasta.splits.nex
Total tree length: 13.346

Total number of iterations: 102
CPU time used for tree search: 21.797 sec (0h:0m:21s)
Wall-clock time used for tree search: 10.969 sec (0h:0m:10s)
Total CPU time used: 51.191 sec (0h:0m:51s)
Total wall-clock time used: 25.031 sec (0h:0m:25s)

Computing bootstrap consensus tree...
Reading input file /home/spielman/dms_modelselection//simulations/alignments/HIV_salichos_rep8_AA.fasta.splits.nex...
23 taxa and 108 splits.
Consensus tree written to /home/spielman/dms_modelselection//simulations/alignments/HIV_salichos_rep8_AA.fasta.contree
Reading input trees file /home/spielman/dms_modelselection//simulations/alignments/HIV_salichos_rep8_AA.fasta.contree
Log-likelihood of consensus tree: -31968.784

Analysis results written to: 
  IQ-TREE report:                /home/spielman/dms_modelselection//simulations/alignments/HIV_salichos_rep8_AA.fasta.iqtree
  Maximum-likelihood tree:       /home/spielman/dms_modelselection//simulations/alignments/HIV_salichos_rep8_AA.fasta.treefile
  Likelihood distances:          /home/spielman/dms_modelselection//simulations/alignments/HIV_salichos_rep8_AA.fasta.mldist

Ultrafast bootstrap approximation results written to:
  Split support values:          /home/spielman/dms_modelselection//simulations/alignments/HIV_salichos_rep8_AA.fasta.splits.nex
  Consensus tree:                /home/spielman/dms_modelselection//simulations/alignments/HIV_salichos_rep8_AA.fasta.contree
  Screen log file:               /home/spielman/dms_modelselection//simulations/alignments/HIV_salichos_rep8_AA.fasta.log

Date and Time: Thu Jun 13 12:13:43 2019
