IQ-TREE multicore version 1.6.7 for Linux 64-bit built Aug 23 2018
Developed by Bui Quang Minh, Nguyen Lam Tung, Olga Chernomor,
Heiko Schmidt, Dominik Schrempf, Michael Woodhams.

Host:    csm-com-012 (AVX2, FMA3, 62 GB RAM)
Command: iqtree -quiet -nt AUTO -ntmax 8 -m mtART -s /csm_data/spielman_lab/dms_modelselection//simulations/alignments/HIV_salichos_rep12_AA.fasta -st AA -redo -bb 1000
Seed:    294279 (Using SPRNG - Scalable Parallel Random Number Generator)
Time:    Thu Jun 13 14:06:51 2019
Kernel:  AVX+FMA - auto-detect threads (48 CPU cores detected)

Reading alignment file /csm_data/spielman_lab/dms_modelselection//simulations/alignments/HIV_salichos_rep12_AA.fasta ... Fasta format detected
Alignment most likely contains protein sequences
Alignment has 23 sequences with 661 columns, 661 distinct patterns
650 parsimony-informative, 11 singleton sites, 0 constant sites
      Gap/Ambiguity  Composition  p-value
   1  Agos    0.00%    passed     34.94%
   2  Klac    0.00%    passed     56.13%
   3  Calb    0.00%    passed     18.14%
   4  Cdub    0.00%    passed     44.79%
   5  Ctro    0.00%    passed     77.46%
   6  Cpar    0.00%    passed     95.20%
   7  Lelo    0.00%    passed     27.19%
   8  Psti    0.00%    passed     68.84%
   9  Cgui    0.00%    passed     12.55%
  10  Dhan    0.00%    passed     97.36%
  11  Clus    0.00%    passed     80.50%
  12  Cgla    0.00%    passed     49.11%
  13  Sbay    0.00%    passed     82.63%
  14  Scer    0.00%    passed     91.34%
  15  Spar    0.00%    passed     97.00%
  16  Smik    0.00%    passed     69.73%
  17  Skud    0.00%    passed     58.05%
  18  Scas    0.00%    passed     56.10%
  19  Kpol    0.00%    passed     89.75%
  20  Zrou    0.00%    passed     87.56%
  21  Kthe    0.00%    passed     25.33%
  22  Kwal    0.00%    passed     76.07%
  23  Sklu    0.00%    passed     85.44%
****  TOTAL    0.00%  0 sequences failed composition chi2 test (p-value<5%; df=19)

Create initial parsimony tree by phylogenetic likelihood library (PLL)... 0.004 seconds
Generating 1000 samples for ultrafast bootstrap (seed: 294279)...

NOTE: 5 MB RAM (0 GB) is required!
Measuring multi-threading efficiency up to 8 CPU cores
Increase to 10 rounds for branch lengths
102 trees examined
Threads: 1 / Time: 8.079 sec / Speedup: 1.000 / Efficiency: 100% / LogL: -39211
Threads: 2 / Time: 5.165 sec / Speedup: 1.564 / Efficiency: 78% / LogL: -39211
Threads: 3 / Time: 3.816 sec / Speedup: 2.117 / Efficiency: 71% / LogL: -39211
Threads: 4 / Time: 3.357 sec / Speedup: 2.407 / Efficiency: 60% / LogL: -39211
Threads: 5 / Time: 3.031 sec / Speedup: 2.666 / Efficiency: 53% / LogL: -39211
Threads: 6 / Time: 2.865 sec / Speedup: 2.820 / Efficiency: 47% / LogL: -39211
BEST NUMBER OF THREADS: 5

Estimate model parameters (epsilon = 0.100)
1. Initial log-likelihood: -35231.067
Optimal log-likelihood: -34521.414
Parameters optimization took 1 rounds (0.012 sec)
Computing ML distances based on estimated model parameters... 0.230 sec
WARNING: Some pairwise ML distances are too long (saturated)
Computing BIONJ tree...
0.001 seconds
Log-likelihood of BIONJ tree: -34522.302
--------------------------------------------------------------------
|             INITIALIZING CANDIDATE TREE SET                      |
--------------------------------------------------------------------
Generating 98 parsimony trees... 0.530 second
Computing log-likelihood of 98 initial trees ... 0.719 seconds
Current best score: -34515.322

Do NNI search on 20 best initial trees
Estimate model parameters (epsilon = 0.100)
BETTER TREE FOUND at iteration 1: -34498.446
Iteration 10 / LogL: -34503.882 / Time: 0h:0m:28s
Iteration 20 / LogL: -34498.458 / Time: 0h:0m:28s
Finish initializing candidate tree set (5)
Current best tree score: -34498.446 / CPU time: 2.509
Number of iterations: 20
--------------------------------------------------------------------
|               OPTIMIZING CANDIDATE TREE SET                      |
--------------------------------------------------------------------
Iteration 30 / LogL: -34498.458 / Time: 0h:0m:29s (0h:1m:12s left)
Iteration 40 / LogL: -34498.480 / Time: 0h:0m:30s (0h:0m:47s left)
Iteration 50 / LogL: -34503.644 / Time: 0h:0m:31s (0h:0m:32s left)
Log-likelihood cutoff on original alignment: -34551.784
Iteration 60 / LogL: -34498.450 / Time: 0h:0m:32s (0h:0m:22s left)
Iteration 70 / LogL: -34508.553 / Time: 0h:0m:32s (0h:0m:14s left)
Iteration 80 / LogL: -34498.509 / Time: 0h:0m:33s (0h:0m:8s left)
Iteration 90 / LogL: -34498.477 / Time: 0h:0m:34s (0h:0m:4s left)
Iteration 100 / LogL: -34498.456 / Time: 0h:0m:34s (0h:0m:0s left)
Log-likelihood cutoff on original alignment: -34551.784
NOTE: Bootstrap correlation coefficient of split occurrence frequencies: 1.000
TREE SEARCH COMPLETED AFTER 102 ITERATIONS / Time: 0h:0m:35s

--------------------------------------------------------------------
|                    FINALIZING TREE SEARCH                        |
--------------------------------------------------------------------
Performs final model parameters optimization
Estimate model parameters (epsilon = 0.010)
1. Initial log-likelihood: -34498.446
Optimal log-likelihood: -34498.446
Parameters optimization took 1 rounds (0.005 sec)
BEST SCORE FOUND : -34498.446
Creating bootstrap support values...
Split supports printed to NEXUS file /csm_data/spielman_lab/dms_modelselection//simulations/alignments/HIV_salichos_rep12_AA.fasta.splits.nex
Total tree length: 31.965

Total number of iterations: 102
CPU time used for tree search: 42.064 sec (0h:0m:42s)
Wall-clock time used for tree search: 8.691 sec (0h:0m:8s)
Total CPU time used: 126.585 sec (0h:2m:6s)
Total wall-clock time used: 35.199 sec (0h:0m:35s)

Computing bootstrap consensus tree...
Reading input file /csm_data/spielman_lab/dms_modelselection//simulations/alignments/HIV_salichos_rep12_AA.fasta.splits.nex...
23 taxa and 118 splits.
Consensus tree written to /csm_data/spielman_lab/dms_modelselection//simulations/alignments/HIV_salichos_rep12_AA.fasta.contree
Reading input trees file /csm_data/spielman_lab/dms_modelselection//simulations/alignments/HIV_salichos_rep12_AA.fasta.contree
Log-likelihood of consensus tree: -34500.073

Analysis results written to: 
  IQ-TREE report:                /csm_data/spielman_lab/dms_modelselection//simulations/alignments/HIV_salichos_rep12_AA.fasta.iqtree
  Maximum-likelihood tree:       /csm_data/spielman_lab/dms_modelselection//simulations/alignments/HIV_salichos_rep12_AA.fasta.treefile
  Likelihood distances:          /csm_data/spielman_lab/dms_modelselection//simulations/alignments/HIV_salichos_rep12_AA.fasta.mldist

Ultrafast bootstrap approximation results written to:
  Split support values:          /csm_data/spielman_lab/dms_modelselection//simulations/alignments/HIV_salichos_rep12_AA.fasta.splits.nex
  Consensus tree:                /csm_data/spielman_lab/dms_modelselection//simulations/alignments/HIV_salichos_rep12_AA.fasta.contree
  Screen log file:               /csm_data/spielman_lab/dms_modelselection//simulations/alignments/HIV_salichos_rep12_AA.fasta.log

Date and Time: Thu Jun 13 14:07:26 2019
