IQ-TREE multicore version 1.6.7 for Linux 64-bit built Aug 23 2018
Developed by Bui Quang Minh, Nguyen Lam Tung, Olga Chernomor,
Heiko Schmidt, Dominik Schrempf, Michael Woodhams.

Host:    csm-com-002 (AVX2, FMA3, 62 GB RAM)
Command: iqtree -quiet -nt AUTO -ntmax 8 -m GTR20 -s /csm_data/spielman_lab/dms_modelselection//simulations/alignments/HIV_andersen_rep14_AA.fasta -st AA -redo -bb 1000
Seed:    203095 (Using SPRNG - Scalable Parallel Random Number Generator)
Time:    Thu Jun 13 17:29:48 2019
Kernel:  AVX+FMA - auto-detect threads (48 CPU cores detected)

Reading alignment file /csm_data/spielman_lab/dms_modelselection//simulations/alignments/HIV_andersen_rep14_AA.fasta ... Fasta format detected
Alignment most likely contains protein sequences
Alignment has 179 sequences with 661 columns, 661 distinct patterns
653 parsimony-informative, 8 singleton sites, 0 constant sites
                      Gap/Ambiguity  Composition  p-value
   1  BA366-S-GIN-2003        0.00%    passed     28.61%
   2  G502-S-SLE-2009         0.00%    passed     86.43%
   3  G1180-S-SLE-2010        0.00%    passed     87.33%
   4  G2147-S-SLE-2011        0.00%    passed     86.24%
   5  G2165-S-SLE-2011        0.00%    passed     83.41%
   6  LM222-S-SLE-2010        0.00%    passed     69.13%
   7  LM774-S-SLE-2012        0.00%    passed     77.64%
   8  LM778-S-SLE-2012        0.00%    passed     76.87%
   9  G2184-S-SLE-2011        0.00%    passed     82.90%
  10  LM776-S-SLE-2012        0.00%    passed     87.11%
  11  G503-S-SLE-2009         0.00%    passed     62.74%
  12  G2318-S-SLE-2012        0.00%    passed     88.58%
  13  G1959-S-SLE-2011        0.00%    passed     96.50%
  14  G3010-S-SLE-2013        0.00%    passed     98.18%
  15  G610-S-SLE-2009         0.00%    passed     92.06%
  16  G693-S-SLE-2009         0.00%    passed     92.06%
  17  G771-S-SLE-2010         0.00%    passed     92.06%
  18  G1792-S-SLE-2011        0.00%    passed     83.11%
  19  G1960-S-SLE-2011        0.00%    passed     87.38%
  20  G2565-S-SLE-2012        0.00%    passed     86.74%
  21  G2197-S-SLE-2011        0.00%    passed     80.17%
  22  LM032-S-SLE-2010        0.00%    passed     85.41%
  23  Josiah-S-SLE-1976       0.00%    passed     84.42%
  24  G808-S-SLE-2010         0.00%    passed     84.58%
  25  G2868-S-SLE-2012        0.00%    passed     99.70%
  26  G676-S-SLE-2009         0.00%    passed     94.91%
  27  G2405-S-SLE-2012        0.00%    passed     92.85%
  28  G1190-S-SLE-2010        0.00%    passed     89.31%
  29  G2944-S-SLE-2012        0.00%    passed     92.77%
  30  LM765-S-SLE-2012        0.00%    passed     89.37%
  31  G3148-S-SLE-2013        0.00%    passed     89.73%
  32  Z0947-S-SLE-2011        0.00%    passed     95.99%
  33  Z0948-S-SLE-2011        0.00%    passed     95.99%
  34  G1727-S-SLE-2011        0.00%    passed     91.63%
  35  G1647-S-SLE-2011        0.00%    passed     89.46%
  36  G2295-S-SLE-2012        0.00%    passed     90.38%
  37  G2587-S-SLE-2012        0.00%    passed     85.69%
  38  G2280-S-SLE-2012        0.00%    passed     87.34%
  39  G3016-S-SLE-2013        0.00%    passed     92.29%
  40  G3106-S-SLE-2013        0.00%    passed     92.29%
  41  G2612-S-SLE-2012        0.00%    passed     74.03%
  42  LM779-S-SLE-2012        0.00%    passed     90.31%
  43  G692-S-SLE-2009         0.00%    passed     81.11%
  44  LM395-S-SLE-2009        0.00%    passed     91.70%
  45  G1774-S-SLE-2011        0.00%    passed     95.47%
  46  G2222-S-SLE-2011        0.00%    passed     93.92%
  47  G636-S-SLE-2009         0.00%    passed     83.76%
  48  G2315-S-SLE-2012        0.00%    passed     68.32%
  49  G2903-S-SLE-2012        0.00%    passed     93.26%
  50  G3206-S-SLE-2013        0.00%    passed     93.65%
  51  G733-S-SLE-2010         0.00%    passed     87.52%
  52  G2554-S-SLE-2012        0.00%    passed     83.55%
  53  G1618-S-SLE-2011        0.00%    passed     86.37%
  54  G1646-S-SLE-2011        0.00%    passed     96.81%
  55  G2427-S-SLE-2012        0.00%    passed     85.13%
  56  G2392-S-SLE-2012        0.00%    passed     85.91%
  57  G3229-S-SLE-2013        0.00%    passed     91.60%
  58  G3151-S-SLE-2013        0.00%    passed     91.04%
  59  G3248-S-SLE-2013        0.00%    passed     91.04%
  60  G3170-S-SLE-2013        0.00%    passed     91.04%
  61  NL-S-SLE-2000           0.00%    passed     86.57%
  62  G2263-S-SLE-2012        0.00%    passed     36.29%
  63  G2431-S-SLE-2012        0.00%    passed     69.57%
  64  G1442-S-SLE-2011        0.00%    passed     83.98%
  65  G2141-S-SLE-2011        0.00%    passed     93.91%
  66  G1529-S-SLE-2011        0.00%    passed     70.25%
  67  G3234-S-SLE-2013        0.00%    passed     74.87%
  68  G2363-S-SLE-2012        0.00%    passed     67.12%
  69  G2259-S-SLE-2012        0.00%    passed     97.85%
  70  G2723-S-SLE-2012        0.00%    passed     84.07%
  71  G3278-S-SLE-2013        0.00%    passed     95.06%
  72  G2557-S-SLE-2012        0.00%    passed     92.07%
  73  G2615-S-SLE-2012        0.00%    passed     93.22%
  74  G1200-S-LIB-2010        0.00%    passed     93.29%
  75  Macenta-S-GIN-1982      0.00%    passed     77.31%
  76  Z148-S-LIB-1981         0.00%    passed     70.96%
  77  Nig08-A18-S-NIG-2008    0.00%    passed     73.85%
  78  Nig08-A19-S-NIG-2008    0.00%    passed     88.68%
  79  CSF-S-NIG-2001          0.00%    passed     62.51%
  80  ISTH0009-S-NIG-2011     0.00%    passed     98.95%
  81  LASV979-S-NIG-2009      0.00%    passed     98.14%
  82  LASV237-S-NIG-2010      0.00%    passed     98.53%
  83  LASV711-S-NIG-2009      0.00%    passed     98.14%
  84  LASV992-S-NIG-2009      0.00%    passed     98.28%
  85  ISTH0230-S-NIG-2011     0.00%    passed     98.80%
  86  LASV975-S-NIG-2009      0.00%    passed     99.28%
  87  ISTH2061-S-NIG-2012     0.00%    passed     99.93%
  88  Nig08-A41-S-NIG-2008    0.00%    passed     98.51%
  89  ISTH2217-S-NIG-2012     0.00%    passed     99.40%
  90  ISTH1064-S-NIG-2011     0.00%    passed     92.96%
  91  ISTH2334-S-NIG-2012     0.00%    passed     93.08%
  92  LASV245-S-NIG-2011      0.00%    passed     93.14%
  93  LASV1011-S-NIG-2009     0.00%    passed     99.42%
  94  ISTH2312-S-NIG-2012     0.00%    passed     97.08%
  95  LASV1000-S-NIG-2009     0.00%    passed     99.22%
  96  ISTH2010-S-NIG-2012     0.00%    passed     97.38%
  97  ISTH2016-S-NIG-2012     0.00%    passed     91.14%
  98  Nig08-A37-S-NIG-2008    0.00%    passed     92.10%
  99  LASV737-S-NIG-2009      0.00%    passed     86.00%
 100  LASV719-S-NIG-2009      0.00%    passed     85.81%
 101  LASV046-S-NIG-2009      0.00%    passed     92.70%
 102  ISTH2042-S-NIG-2012     0.00%    passed     93.48%
 103  LASV274-S-NIG-2010      0.00%    passed     87.35%
 104  LASV263-S-NIG-2011      0.00%    passed     96.04%
 105  ISTH1137-S-NIG-2011     0.00%    passed     95.88%
 106  LASV976-S-NIG-2009      0.00%    passed     99.99%
 107  LASV1016-S-NIG-2009     0.00%    passed     99.99%
 108  LASV229-S-NIG-2010      0.00%    passed     96.55%
 109  ISTH2129-S-NIG-2012     0.00%    passed     99.99%
 110  ISTH2057-S-NIG-2012     0.00%    passed     99.39%
 111  LASV058-S-NIG-2008      0.00%    passed     99.13%
 112  ISTH1038-S-NIG-2011     0.00%    passed     96.57%
 113  LASV056-S-NIG-2008      0.00%    passed     99.54%
 114  LASV042-S-NIG-2009      0.00%    passed     97.04%
 115  LASV981-S-NIG-2009      0.00%    passed     99.65%
 116  LASV256-S-NIG-2010      0.00%    passed     95.08%
 117  LASV052-S-NIG-2008      0.00%    passed     99.03%
 118  LASV063-S-NIG-2009      0.00%    passed     99.59%
 119  ISTH0595-S-NIG-2011     0.00%    passed     90.39%
 120  ISTH1096-S-NIG-2012     0.00%    passed     94.99%
 121  LASV221-S-NIG-2010      0.00%    passed     97.79%
 122  LASV977-S-NIG-2009      0.00%    passed     99.19%
 123  LASV971-S-NIG-2009      0.00%    passed     99.91%
 124  LASV967-S-NIG-2009      0.00%    passed     99.78%
 125  ISTH2050-S-NIG-2012     0.00%    passed     84.60%
 126  ISTH2031-S-NIG-2012     0.00%    passed     97.88%
 127  ISTH2376-S-NIG-2012     0.00%    passed     92.51%
 128  LASV991-S-NIG-2009      0.00%    passed     98.75%
 129  LASV267-S-NIG-2010      0.00%    passed     93.59%
 130  LASV049-S-NIG-2009      0.00%    passed     99.96%
 131  LASV239-S-NIG-2010      0.00%    passed     99.94%
 132  ISTH2037-S-NIG-2012     0.00%    passed     99.04%
 133  ISTH1069-S-NIG-2011     0.00%    passed     99.41%
 134  ISTH1129-S-NIG-2012     0.00%    passed     98.88%
 135  ISTH2304-S-NIG-2012     0.00%    passed     99.57%
 136  LASV246-S-NIG-2010      0.00%    passed     98.99%
 137  ISTH1111-S-NIG-2011     0.00%    passed     99.82%
 138  LASV006-S-NIG-2008      0.00%    passed     99.59%
 139  ISTH0531-S-NIG-2011     0.00%    passed     99.80%
 140  LASV254-S-NIG-2011      0.00%    passed     98.23%
 141  ISTH2358-S-NIG-2012     0.00%    passed     99.88%
 142  LASV966-S-NIG-2009      0.00%    passed     99.97%
 143  ISTH1058-S-NIG-2011     0.00%    passed     99.94%
 144  LASV241-S-NIG-2011      0.00%    passed     99.75%
 145  LASV271-S-NIG-2010      0.00%    passed     99.63%
 146  Nig08-A47-S-NIG-2008    0.00%    passed     99.79%
 147  ISTH0012-S-NIG-2011     0.00%    passed     99.67%
 148  LASV993-S-NIG-2009      0.00%    passed     99.97%
 149  ISTH2046-S-NIG-2012     0.00%    passed     99.99%
 150  LASV1008-S-NIG-2009     0.00%    passed     99.97%
 151  ISTH2020-S-NIG-2012     0.00%    passed     99.75%
 152  LASV003-S-NIG-2008      0.00%    passed    100.00%
 153  LASV242-S-NIG-2010      0.00%    passed     99.93%
 154  LASV253-S-NIG-2011      0.00%    passed    100.00%
 155  LASV982-S-NIG-2009      0.00%    passed     99.96%
 156  LASV251-S-NIG-2010      0.00%    passed     99.97%
 157  LASV989-S-NIG-2009      0.00%    passed     99.91%
 158  ISTH0047-S-NIG-2011     0.00%    passed     98.27%
 159  LASV990-S-NIG-2009      0.00%    passed     94.57%
 160  ISTH1003-S-NIG-2011     0.00%    passed     87.52%
 161  ISTH0073-S-NIG-2011     0.00%    passed     79.80%
 162  ISTH2316-S-NIG-2012     0.00%    passed     63.15%
 163  LASV225-S-NIG-2010      0.00%    passed     96.41%
 164  LASV978-S-NIG-2009      0.00%    passed     88.98%
 165  ISTH1048-S-NIG-2011     0.00%    passed     92.97%
 166  LASV045-S-NIG-2009      0.00%    passed     93.00%
 167  ISTH2025-S-NIG-2012     0.00%    passed     93.56%
 168  LASV250-S-NIG-2011      0.00%    passed     96.41%
 169  LASV1015-S-NIG-2009     0.00%    passed     91.53%
 170  LASV035-S-NIG-2009      0.00%    passed     74.58%
 171  ISTH1107-S-NIG-2012     0.00%    passed     98.93%
 172  ISTH2271-S-NIG-2012     0.00%    passed     99.93%
 173  ISTH1121-S-NIG-2012     0.00%    passed     99.79%
 174  ISTH2065-S-NIG-2012     0.00%    passed     56.72%
 175  ISTH2066-S-NIG-2012     0.00%    passed     56.72%
 176  ISTH2094-S-NIG-2012     0.00%    passed     69.75%
 177  Nig08-04-S-NIG-2008     0.00%    passed     84.17%
 178  Pinneo-S-NIG-1969       0.00%    passed     38.28%
 179  AV-S-CIV-1999           0.00%    passed     92.14%
****  TOTAL                   0.00%  0 sequences failed composition chi2 test (p-value<5%; df=19)
NOTE: G693-S-SLE-2009 is identical to G610-S-SLE-2009 but kept for subsequent analysis
NOTE: Z0948-S-SLE-2011 is identical to Z0947-S-SLE-2011 but kept for subsequent analysis
NOTE: G3106-S-SLE-2013 is identical to G3016-S-SLE-2013 but kept for subsequent analysis
NOTE: G3248-S-SLE-2013 is identical to G3151-S-SLE-2013 but kept for subsequent analysis
NOTE: LASV711-S-NIG-2009 is identical to LASV979-S-NIG-2009 but kept for subsequent analysis
NOTE: ISTH2066-S-NIG-2012 is identical to ISTH2065-S-NIG-2012 but kept for subsequent analysis
NOTE: 2 identical sequences (see below) will be ignored for subsequent analysis
NOTE: G771-S-SLE-2010 (identical to G610-S-SLE-2009) is ignored but added at the end
NOTE: G3170-S-SLE-2013 (identical to G3151-S-SLE-2013) is ignored but added at the end

For your convenience alignment with unique sequences printed to /csm_data/spielman_lab/dms_modelselection//simulations/alignments/HIV_andersen_rep14_AA.fasta.uniqueseq.phy

Create initial parsimony tree by phylogenetic likelihood library (PLL)... 0.093 seconds
Generating 1000 samples for ultrafast bootstrap (seed: 203095)...
WARNING: GTR20 model will estimate 189 substitution rates that might be overfitting!
WARNING: Please only use GTR20 with very large data and always test for model fit!

NOTE: 21 MB RAM (0 GB) is required!
Measuring multi-threading efficiency up to 8 CPU cores
Increase to 10 rounds for branch lengths
12 trees examined
Threads: 1 / Time: 8.160 sec / Speedup: 1.000 / Efficiency: 100% / LogL: -149467
Threads: 2 / Time: 4.988 sec / Speedup: 1.636 / Efficiency: 82% / LogL: -149467
Threads: 3 / Time: 3.724 sec / Speedup: 2.192 / Efficiency: 73% / LogL: -149467
Threads: 4 / Time: 3.146 sec / Speedup: 2.594 / Efficiency: 65% / LogL: -149467
Threads: 5 / Time: 2.845 sec / Speedup: 2.868 / Efficiency: 57% / LogL: -149467
Threads: 6 / Time: 2.614 sec / Speedup: 3.122 / Efficiency: 52% / LogL: -149467
Threads: 7 / Time: 2.427 sec / Speedup: 3.362 / Efficiency: 48% / LogL: -149467
BEST NUMBER OF THREADS: 6

Estimate model parameters (epsilon = 0.100)
1. Initial log-likelihood: -44630.907
2. Current log-likelihood: -40587.398
3. Current log-likelihood: -40299.518
4. Current log-likelihood: -40285.393
5. Current log-likelihood: -40280.377
6. Current log-likelihood: -40279.740
7. Current log-likelihood: -40279.352
Optimal log-likelihood: -40279.343
Parameters optimization took 7 rounds (72.465 sec)
Computing ML distances based on estimated model parameters... 2.804 sec
Computing BIONJ tree...
0.026 seconds
Log-likelihood of BIONJ tree: -40557.497
--------------------------------------------------------------------
|             INITIALIZING CANDIDATE TREE SET                      |
--------------------------------------------------------------------
Generating 98 parsimony trees... 8.518 second
Computing log-likelihood of 98 initial trees ... 4.901 seconds
Current best score: -40279.343

Do NNI search on 20 best initial trees
Estimate model parameters (epsilon = 0.100)
BETTER TREE FOUND at iteration 1: -40276.414
Estimate model parameters (epsilon = 0.100)
BETTER TREE FOUND at iteration 3: -40274.653
Estimate model parameters (epsilon = 0.100)
BETTER TREE FOUND at iteration 4: -40272.401
BETTER TREE FOUND at iteration 5: -40272.401
BETTER TREE FOUND at iteration 6: -40272.401
Iteration 10 / LogL: -40272.401 / Time: 0h:2m:30s
Iteration 20 / LogL: -40275.456 / Time: 0h:2m:35s
Finish initializing candidate tree set (20)
Current best tree score: -40272.401 / CPU time: 54.761
Number of iterations: 20
--------------------------------------------------------------------
|               OPTIMIZING CANDIDATE TREE SET                      |
--------------------------------------------------------------------
BETTER TREE FOUND at iteration 27: -40272.401
Iteration 30 / LogL: -40272.401 / Time: 0h:2m:42s (0h:9m:2s left)
Iteration 40 / LogL: -40272.403 / Time: 0h:2m:48s (0h:6m:15s left)
BETTER TREE FOUND at iteration 41: -40272.400
BETTER TREE FOUND at iteration 42: -40272.400
BETTER TREE FOUND at iteration 49: -40272.400
Iteration 50 / LogL: -40274.488 / Time: 0h:2m:54s (0h:5m:53s left)
Log-likelihood cutoff on original alignment: -40314.058
Iteration 60 / LogL: -40274.406 / Time: 0h:3m:1s (0h:4m:33s left)
BETTER TREE FOUND at iteration 69: -40272.399
Iteration 70 / LogL: -40272.660 / Time: 0h:3m:8s (0h:4m:29s left)
BETTER TREE FOUND at iteration 75: -40272.399
Iteration 80 / LogL: -40274.797 / Time: 0h:3m:14s (0h:3m:54s left)
Iteration 90 / LogL: -40272.400 / Time: 0h:3m:21s (0h:3m:12s left)
UPDATE BEST LOG-LIKELIHOOD: -40272.399
BETTER TREE FOUND at iteration 93: -40272.399
Iteration 100 / LogL: -40272.400 / Time: 0h:3m:28s (0h:3m:15s left)
Log-likelihood cutoff on original alignment: -40312.754
NOTE: Bootstrap correlation coefficient of split occurrence frequencies: 0.999
BETTER TREE FOUND at iteration 101: -40272.399
BETTER TREE FOUND at iteration 105: -40272.398
Iteration 110 / LogL: -40272.399 / Time: 0h:3m:35s (0h:3m:7s left)
Iteration 120 / LogL: -40272.399 / Time: 0h:3m:42s (0h:2m:38s left)
Iteration 130 / LogL: -40272.417 / Time: 0h:3m:48s (0h:2m:12s left)
Iteration 140 / LogL: -40272.401 / Time: 0h:3m:55s (0h:1m:49s left)
Iteration 150 / LogL: -40272.400 / Time: 0h:4m:1s (0h:1m:29s left)
Log-likelihood cutoff on original alignment: -40312.754
Iteration 160 / LogL: -40275.455 / Time: 0h:4m:9s (0h:1m:10s left)
Iteration 170 / LogL: -40272.399 / Time: 0h:4m:15s (0h:0m:52s left)
Iteration 180 / LogL: -40272.408 / Time: 0h:4m:21s (0h:0m:36s left)
Iteration 190 / LogL: -40272.399 / Time: 0h:4m:28s (0h:0m:21s left)
Iteration 200 / LogL: -40272.400 / Time: 0h:4m:35s (0h:0m:6s left)
Log-likelihood cutoff on original alignment: -40312.754
NOTE: Bootstrap correlation coefficient of split occurrence frequencies: 1.000
TREE SEARCH COMPLETED AFTER 206 ITERATIONS / Time: 0h:4m:40s

--------------------------------------------------------------------
|                    FINALIZING TREE SEARCH                        |
--------------------------------------------------------------------
Performs final model parameters optimization
Estimate model parameters (epsilon = 0.010)
1. Initial log-likelihood: -40272.398
2. Current log-likelihood: -40272.369
Optimal log-likelihood: -40272.362
Parameters optimization took 2 rounds (5.910 sec)
BEST SCORE FOUND : -40272.362
Creating bootstrap support values...
Split supports printed to NEXUS file /csm_data/spielman_lab/dms_modelselection//simulations/alignments/HIV_andersen_rep14_AA.fasta.splits.nex
Total tree length: 12.178

Total number of iterations: 206
CPU time used for tree search: 1020.348 sec (0h:17m:0s)
Wall-clock time used for tree search: 179.000 sec (0h:2m:59s)
Total CPU time used: 1594.907 sec (0h:26m:34s)
Total wall-clock time used: 286.712 sec (0h:4m:46s)

Computing bootstrap consensus tree...
Reading input file /csm_data/spielman_lab/dms_modelselection//simulations/alignments/HIV_andersen_rep14_AA.fasta.splits.nex...
177 taxa and 703 splits.
Consensus tree written to /csm_data/spielman_lab/dms_modelselection//simulations/alignments/HIV_andersen_rep14_AA.fasta.contree
Reading input trees file /csm_data/spielman_lab/dms_modelselection//simulations/alignments/HIV_andersen_rep14_AA.fasta.contree
Log-likelihood of consensus tree: -40272.364

Analysis results written to: 
  IQ-TREE report:                /csm_data/spielman_lab/dms_modelselection//simulations/alignments/HIV_andersen_rep14_AA.fasta.iqtree
  Maximum-likelihood tree:       /csm_data/spielman_lab/dms_modelselection//simulations/alignments/HIV_andersen_rep14_AA.fasta.treefile
  Likelihood distances:          /csm_data/spielman_lab/dms_modelselection//simulations/alignments/HIV_andersen_rep14_AA.fasta.mldist

Ultrafast bootstrap approximation results written to:
  Split support values:          /csm_data/spielman_lab/dms_modelselection//simulations/alignments/HIV_andersen_rep14_AA.fasta.splits.nex
  Consensus tree:                /csm_data/spielman_lab/dms_modelselection//simulations/alignments/HIV_andersen_rep14_AA.fasta.contree
  Screen log file:               /csm_data/spielman_lab/dms_modelselection//simulations/alignments/HIV_andersen_rep14_AA.fasta.log

Date and Time: Thu Jun 13 17:34:35 2019
