IQ-TREE multicore version 1.6.7 for Linux 64-bit built Aug 23 2018
Developed by Bui Quang Minh, Nguyen Lam Tung, Olga Chernomor,
Heiko Schmidt, Dominik Schrempf, Michael Woodhams.

Host:    csm-com-009 (AVX2, FMA3, 62 GB RAM)
Command: iqtree -quiet -nt AUTO -ntmax 8 -m HIVb+F+G4 -s /csm_data/spielman_lab/dms_modelselection//simulations/alignments/HIV_dosreis_rep9_AA.fasta -st AA -redo -bb 1000
Seed:    411383 (Using SPRNG - Scalable Parallel Random Number Generator)
Time:    Thu Jun 13 14:04:17 2019
Kernel:  AVX+FMA - auto-detect threads (48 CPU cores detected)

Reading alignment file /csm_data/spielman_lab/dms_modelselection//simulations/alignments/HIV_dosreis_rep9_AA.fasta ... Fasta format detected
Alignment most likely contains protein sequences
Alignment has 274 sequences with 661 columns, 661 distinct patterns
661 parsimony-informative, 0 singleton sites, 0 constant sites
                              Gap/Ambiguity  Composition  p-value
   1  Phacochoerus_africanus          0.00%    passed    100.00%
   2  Sus_scrofa                      0.00%    passed    100.00%
   3  Cavia_porcellus                 0.00%    passed     99.26%
   4  Thryonomys_swinderianus         0.00%    passed     85.78%
   5  Rattus_norvegicus               0.00%    passed     99.89%
   6  Rattus_tanezumi                 0.00%    passed     99.84%
   7  Rattus_rattus                   0.00%    passed     98.43%
   8  Rattus_exulans                  0.00%    passed     98.32%
   9  Rattus_praetor                  0.00%    passed     99.22%
  10  Mus_musculus                    0.00%    passed     99.03%
  11  Mus_terricolor                  0.00%    passed     97.85%
  12  Microtus_kikuchii               0.00%    passed     98.60%
  13  Microtus_rossiaemeridionalis    0.00%    passed     71.06%
  14  Proedromys_sp.                  0.00%    passed     78.58%
  15  Eothenomys_chinensis            0.00%    passed     92.68%
  16  Cricetulus_griseus              0.00%    passed     90.83%
  17  Tscherskia_triton               0.00%    passed     64.00%
  18  Mesocricetus_auratus            0.00%    passed     80.90%
  19  Nannospalax_ehrenbergi          0.00%    passed     81.10%
  20  Jaculus_jaculus                 0.00%    passed     88.89%
  21  Myoxus_glis                     0.00%    passed     92.48%
  22  Sciurus_vulgaris                0.00%    passed     99.70%
  23  Anomalurus_sp.                  0.00%    passed     92.58%
  24  Oryctolagus_cuniculus           0.00%    passed     94.49%
  25  Lepus_europaeus                 0.00%    passed     98.75%
  26  Ochotona_collaris               0.00%    passed     94.13%
  27  Ochotona_princeps               0.00%    passed     95.02%
  28  Ochotona_curzoniae              0.00%    passed     95.42%
  29  Pan_troglodytes                 0.00%    passed     64.19%
  30  Pan_paniscus                    0.00%    passed     64.45%
  31  Homo_sapiens                    0.00%    passed     31.27%
  32  Gorilla_gorilla                 0.00%    passed     71.82%
  33  Pongo_pygmaeus                  0.00%    passed     96.60%
  34  Pongo_abelii                    0.00%    passed     90.51%
  35  Hylobates_lar                   0.00%    passed     96.44%
  36  Hylobates_agilis                0.00%    passed     94.82%
  37  Hylobates_pileatus              0.00%    passed     93.78%
  38  Nomascus_siki                   0.00%    passed     84.26%
  39  Symphalangus_syndactylus        0.00%    passed     81.59%
  40  Papio_hamadryas                 0.00%    passed     25.53%
  41  Macaca_sylvanus                 0.00%    passed     46.77%
  42  Macaca_mulatta                  0.00%    passed     75.12%
  43  Macaca_fascicularis             0.00%    passed     43.27%
  44  Macaca_thibetana                0.00%    passed     83.11%
  45  Chlorocebus_aethiops            0.00%    passed     29.72%
  46  Chlorocebus_tantalus            0.00%    passed     34.26%
  47  Chlorocebus_pygerythrus         0.00%    passed     18.17%
  48  Chlorocebus_sabaeus             0.00%    passed     39.10%
  49  Trachypithecus_obscurus         0.00%    passed     93.20%
  50  Presbytis_melalophos            0.00%    passed     27.81%
  51  Nasalis_larvatus                0.00%    passed     62.93%
  52  Pygathrix_roxellana             0.00%    passed     68.27%
  53  Pygathrix_nemaeus               0.00%    passed     80.75%
  54  Semnopithecus_entellus          0.00%    passed     17.94%
  55  Colobus_guereza                 0.00%    passed     60.93%
  56  Procolobus_badius               0.00%    passed     81.46%
  57  Cebus_albifrons                 0.00%    passed     75.62%
  58  Saimiri_sciureus                0.00%    passed     89.85%
  59  Cynocephalus_variegatus         0.00%    passed     95.68%
  60  Nycticebus_coucang              0.00%    passed     98.45%
  61  Loris_tardigradus               0.00%    passed     99.31%
  62  Galago_senegalensis             0.00%    passed     99.59%
  63  Otolemur_crassicaudatus         0.00%    passed     99.70%
  64  Perodicticus_potto              0.00%    passed     88.91%
  65  Lemur_catta                     0.00%    passed     99.17%
  66  Eulemur_mongoz                  0.00%    passed     96.15%
  67  Eulemur_fulvus                  0.00%    passed     97.67%
  68  Eulemur_macaco                  0.00%    passed     97.19%
  69  Varecia_variegata               0.00%    passed     97.75%
  70  Propithecus_coquereli           0.00%    passed     99.17%
  71  Daubentonia_madagascariensis    0.00%    passed     97.82%
  72  Tarsius_bancanus                0.00%    passed     98.05%
  73  Tarsius_syrichta                0.00%    passed     87.39%
  74  Tupaia_belangeri                0.00%    passed     94.61%
  75  Ornithorhynchus_anatinus        0.00%    passed     60.11%
  76  Tachyglossus_aculeatus          0.00%    passed     97.75%
  77  Zaglossus_bruijni               0.00%    passed     93.93%
  78  Didelphis_virginiana            0.00%    passed     98.85%
  79  Metachirus_nudicaudatus         0.00%    passed     99.32%
  80  Thylamys_elegans                0.00%    passed    100.00%
  81  Monodelphis_domestica           0.00%    passed     78.13%
  82  Macropus_robustus               0.00%    passed     99.17%
  83  Lagorchestes_hirsutus           0.00%    passed     97.50%
  84  Lagostrophus_fasciatus          0.00%    passed     99.02%
  85  Potorous_tridactylus            0.00%    passed     94.12%
  86  Trichosurus_vulpecula           0.00%    passed     96.23%
  87  Phalanger_interpositus          0.00%    passed     94.09%
  88  Tarsipes_rostratus              0.00%    passed     96.19%
  89  Pseudocheirus_peregrinus        0.00%    passed     95.47%
  90  Petaurus_breviceps              0.00%    passed     99.18%
  91  Dactylopsila_trivirgata         0.00%    passed     97.20%
  92  Distoechurus_pennatus           0.00%    passed     91.04%
  93  Vombatus_ursinus                0.00%    passed     94.89%
  94  Phascolarctos_cinereus          0.00%    passed     28.68%
  95  Isoodon_macrourus               0.00%    passed     99.11%
  96  Perameles_gunnii                0.00%    passed     99.20%
  97  Echymipera_rufescens            0.00%    passed     99.98%
  98  Macrotis_lagotis                0.00%    passed     99.91%
  99  Dromiciops_gliroides            0.00%    passed     99.25%
 100  Sminthopsis_douglasi            0.00%    passed     97.35%
 101  Sminthopsis_crassicaudata       0.00%    passed     88.25%
 102  Phascogale_tapoatafa            0.00%    passed     98.19%
 103  Dasyurus_hallucatus             0.00%    passed     93.64%
 104  Myrmecobius_fasciatus           0.00%    passed     99.01%
 105  Thylacinus_cynocephalus         0.00%    passed     96.89%
 106  Notoryctes_typhlops             0.00%    passed     99.85%
 107  Caenolestes_fuliginosus         0.00%    passed     99.54%
 108  Rhyncholestes_raphanurus        0.00%    passed     99.79%
 109  Erinaceus_europaeus             0.00%    passed     44.91%
 110  Hemiechinus_auritus             0.00%    passed     88.33%
 111  Echinosorex_gymnura             0.00%    passed     66.73%
 112  Hylomys_suillus                 0.00%    passed     79.16%
 113  Dasypus_novemcinctus            0.00%    passed     97.62%
 114  Tamandua_tetradactyla           0.00%    passed     96.47%
 115  Bradypus_tridactylus            0.00%    passed     69.97%
 116  Choloepus_didactylus            0.00%    passed     45.95%
 117  Loxodonta_africana              0.00%    passed     61.86%
 118  Elephas_maximus                 0.00%    passed     61.51%
 119  Dugong_dugon                    0.00%    passed     99.70%
 120  Trichechus_manatus              0.00%    passed     99.26%
 121  Procavia_capensis               0.00%    passed     93.88%
 122  Dendrohyrax_dorsalis            0.00%    passed     88.83%
 123  Orycteropus_afer                0.00%    passed     99.08%
 124  Macroscelides_proboscideus      0.00%    passed     56.37%
 125  Elephantulus_sp.                0.00%    passed     50.07%
 126  Echinops_telfairi               0.00%    passed     90.45%
 127  Chrysochloris_asiatica          0.00%    passed     57.24%
 128  Eremitalpa_granti               0.00%    passed     98.68%
 129  Talpa_europaea                  0.00%    passed     97.12%
 130  Mogera_wogura                   0.00%    passed     93.11%
 131  Galemys_pyrenaicus              0.00%    passed     98.53%
 132  Urotrichus_talpoides            0.00%    passed     99.87%
 133  Episoriculus_fumidus            0.00%    passed     99.89%
 134  Sorex_unguiculatus              0.00%    passed     99.66%
 135  Crocidura_russula               0.00%    passed     82.71%
 136  Artibeus_jamaicensis            0.00%    passed     91.43%
 137  Mystacina_tuberculata           0.00%    passed     97.25%
 138  Chalinolobus_tuberculatus       0.00%    passed     98.55%
 139  Pipistrellus_abramus            0.00%    passed     99.99%
 140  Pteropus_dasymallus             0.00%    passed    100.00%
 141  Pteropus_scapulatus             0.00%    passed     99.87%
 142  Rousettus_aegyptiacus           0.00%    passed    100.00%
 143  Rhinolophus_monoceros           0.00%    passed     99.95%
 144  Rhinolophus_pumilus             0.00%    passed     99.95%
 145  Rhinolophus_formosae            0.00%    passed     99.97%
 146  Manis_tetradactyla              0.00%    passed     99.94%
 147  Phoca_vitulina                  0.00%    passed     99.99%
 148  Phoca_largha                    0.00%    passed    100.00%
 149  Phoca_sibirica                  0.00%    passed    100.00%
 150  Halichoerus_grypus              0.00%    passed     99.96%
 151  Phoca_caspica                   0.00%    passed    100.00%
 152  Phoca_hispida                   0.00%    passed    100.00%
 153  Phoca_fasciata                  0.00%    passed     99.98%
 154  Phoca_groenlandica              0.00%    passed     99.96%
 155  Cystophora_cristata             0.00%    passed     99.59%
 156  Erignathus_barbatus             0.00%    passed     99.78%
 157  Monachus_schauinslandi          0.00%    passed     99.95%
 158  Mirounga_leonina                0.00%    passed     99.68%
 159  Lobodon_carcinophaga            0.00%    passed     99.92%
 160  Leptonychotes_weddellii         0.00%    passed     99.13%
 161  Hydrurga_leptonyx               0.00%    passed     99.44%
 162  Arctocephalus_forsteri          0.00%    passed     99.57%
 163  Arctocephalus_townsendi         0.00%    passed     99.85%
 164  Phocarctos_hookeri              0.00%    passed     99.04%
 165  Neophoca_cinerea                0.00%    passed     99.05%
 166  Arctocephalus_pusillus          0.00%    passed     98.97%
 167  Zalophus_californianus          0.00%    passed     99.34%
 168  Eumetopias_jubatus              0.00%    passed     99.94%
 169  Callorhinus_ursinus             0.00%    passed     99.92%
 170  Odobenus_rosmarus               0.00%    passed     99.63%
 171  Procyon_lotor                   0.00%    passed    100.00%
 172  Spilogale_putorius              0.00%    passed     97.71%
 173  Martes_melampus                 0.00%    passed     99.83%
 174  Martes_zibellina                0.00%    passed     99.78%
 175  Martes_flavigula                0.00%    passed     99.87%
 176  Gulo_gulo                       0.00%    passed     99.60%
 177  Meles_meles                     0.00%    passed     98.12%
 178  Enhydra_lutris                  0.00%    passed     97.90%
 179  Lutra_lutra                     0.00%    passed     99.83%
 180  Ailurus_fulgens                 0.00%    passed     99.46%
 181  Ursus_americanus                0.00%    passed     99.90%
 182  Ursus_thibetanus                0.00%    passed     99.96%
 183  Helarctos_malayanus             0.00%    passed     99.96%
 184  Ursus_arctos                    0.00%    passed     99.97%
 185  Ursus_maritimus                 0.00%    passed     99.98%
 186  Melursus_ursinus                0.00%    passed     99.79%
 187  Tremarctos_ornatus              0.00%    passed     99.80%
 188  Ailuropoda_melanoleuca          0.00%    passed     99.81%
 189  Canis_lupus                     0.00%    passed     99.35%
 190  Canis_latrans                   0.00%    passed     99.86%
 191  Cuon_alpinus                    0.00%    passed     98.11%
 192  Vulpes_vulpes                   0.00%    passed     99.28%
 193  Nyctereutes_procyonoides        0.00%    passed     99.75%
 194  Felis_catus                     0.00%    passed     99.95%
 195  Acinonyx_jubatus                0.00%    passed     99.99%
 196  Neofelis_nebulosa               0.00%    passed     99.60%
 197  Uncia_uncia                     0.00%    passed     99.91%
 198  Panthera_pardus                 0.00%    passed     99.99%
 199  Panthera_tigris                 0.00%    passed     99.84%
 200  Herpestes_javanicus             0.00%    passed     96.70%
 201  Equus_caballus                  0.00%    passed     99.55%
 202  Equus_asinus                    0.00%    passed     99.81%
 203  Rhinoceros_unicornis            0.00%    passed     99.39%
 204  Rhinoceros_sondaicus            0.00%    passed     99.37%
 205  Ceratotherium_simum             0.00%    passed     97.36%
 206  Diceros_bicornis                0.00%    passed     99.26%
 207  Dicerorhinus_sumatrensis        0.00%    passed     99.84%
 208  Hippopotamus_amphibius          0.00%    passed     99.96%
 209  Balaenoptera_physalus           0.00%    passed     99.54%
 210  Megaptera_novaeangliae          0.00%    passed     92.53%
 211  Balaenoptera_acutorostrata      0.00%    passed     94.22%
 212  Balaenoptera_bonaerensis        0.00%    passed     91.00%
 213  Balaenoptera_musculus           0.00%    passed     93.89%
 214  Balaenoptera_brydei             0.00%    passed     96.71%
 215  Balaenoptera_edeni              0.00%    passed     96.23%
 216  Balaenoptera_borealis           0.00%    passed     97.60%
 217  Balaenoptera_omurai             0.00%    passed     99.25%
 218  Eschrichtius_robustus           0.00%    passed     99.50%
 219  Caperea_marginata               0.00%    passed     99.67%
 220  Balaena_mysticetus              0.00%    passed     98.69%
 221  Eubalaena_australis             0.00%    passed     99.45%
 222  Eubalaena_japonica              0.00%    passed     99.42%
 223  Physeter_catodon                0.00%    passed     93.66%
 224  Kogia_breviceps                 0.00%    passed     99.09%
 225  Hyperoodon_ampullatus           0.00%    passed     84.76%
 226  Berardius_bairdii               0.00%    passed     92.56%
 227  Platanista_minor                0.00%    passed     94.21%
 228  Inia_geoffrensis                0.00%    passed     98.73%
 229  Pontoporia_blainvillei          0.00%    passed     99.84%
 230  Lipotes_vexillifer              0.00%    passed     99.92%
 231  Lagenorhynchus_albirostris      0.00%    passed     99.19%
 232  Stenella_attenuata              0.00%    passed     94.30%
 233  Stenella_coeruleoalba           0.00%    passed     97.97%
 234  Tursiops_aduncus                0.00%    passed     97.04%
 235  Delphinus_capensis              0.00%    passed     98.26%
 236  Tursiops_truncatus              0.00%    passed     97.33%
 237  Sousa_chinensis                 0.00%    passed     97.94%
 238  Grampus_griseus                 0.00%    passed     98.77%
 239  Phocoena_phocoena               0.00%    passed     95.15%
 240  Monodon_monoceros               0.00%    passed     99.08%
 241  Ovis_aries                      0.00%    passed     99.82%
 242  Ammotragus_lervia               0.00%    passed     99.78%
 243  Budorcas_taxicolor              0.00%    passed     99.97%
 244  Capra_hircus                    0.00%    passed     99.99%
 245  Naemorhedus_swinhoei            0.00%    passed     99.83%
 246  Capricornis_crispus             0.00%    passed     99.46%
 247  Naemorhedus_caudatus            0.00%    passed     99.76%
 248  Pantholops_hodgsonii            0.00%    passed     99.99%
 249  Antilope_cervicapra             0.00%    passed     99.99%
 250  Bos_indicus                     0.00%    passed     99.95%
 251  Bos_taurus                      0.00%    passed     99.56%
 252  Bison_bonasus                   0.00%    passed     99.90%
 253  Bos_grunniens                   0.00%    passed     99.97%
 254  Bison_bison                     0.00%    passed     99.97%
 255  Bubalus_bubalis                 0.00%    passed     99.98%
 256  Moschus_berezovskii             0.00%    passed     99.97%
 257  Moschus_moschiferus             0.00%    passed    100.00%
 258  Muntiacus_reevesi               0.00%    passed    100.00%
 259  Muntiacus_muntjak               0.00%    passed     99.99%
 260  Muntiacus_crinifrons            0.00%    passed    100.00%
 261  Cervus_nippon                   0.00%    passed     99.87%
 262  Cervus_elaphus                  0.00%    passed     99.84%
 263  Cervus_unicolor                 0.00%    passed     99.89%
 264  Elaphodus_cephalophus           0.00%    passed    100.00%
 265  Rangifer_tarandus               0.00%    passed     99.99%
 266  Hydropotes_inermis              0.00%    passed    100.00%
 267  Giraffa_camelopardalis          0.00%    passed     99.94%
 268  Lama_pacos                      0.00%    passed     97.83%
 269  Lama_glama                      0.00%    passed     96.96%
 270  Lama_guanicoe                   0.00%    passed     94.18%
 271  Vicugna_vicugna                 0.00%    passed     98.72%
 272  Camelus_bactrianus              0.00%    passed     99.63%
 273  Camelus_dromedarius             0.00%    passed     93.26%
 274  Pecari_tajacu                   0.00%    passed    100.00%
****  TOTAL                           0.00%  0 sequences failed composition chi2 test (p-value<5%; df=19)

Create initial parsimony tree by phylogenetic likelihood library (PLL)... 0.153 seconds
Generating 1000 samples for ultrafast bootstrap (seed: 411383)...

NOTE: 118 MB RAM (0 GB) is required!
Measuring multi-threading efficiency up to 8 CPU cores
Increase to 10 rounds for branch lengths
2 trees examined
Threads: 1 / Time: 8.007 sec / Speedup: 1.000 / Efficiency: 100% / LogL: -201455
Threads: 2 / Time: 4.209 sec / Speedup: 1.902 / Efficiency: 95% / LogL: -201455
Threads: 3 / Time: 3.001 sec / Speedup: 2.668 / Efficiency: 89% / LogL: -201455
Threads: 4 / Time: 2.481 sec / Speedup: 3.227 / Efficiency: 81% / LogL: -201455
Threads: 5 / Time: 2.137 sec / Speedup: 3.747 / Efficiency: 75% / LogL: -201455
Threads: 6 / Time: 1.900 sec / Speedup: 4.215 / Efficiency: 70% / LogL: -201455
Threads: 7 / Time: 1.762 sec / Speedup: 4.545 / Efficiency: 65% / LogL: -201455
Threads: 8 / Time: 1.675 sec / Speedup: 4.779 / Efficiency: 60% / LogL: -201455
BEST NUMBER OF THREADS: 7

Estimate model parameters (epsilon = 0.100)
1. Initial log-likelihood: -96969.571
2. Current log-likelihood: -96446.666
3. Current log-likelihood: -96446.022
Optimal log-likelihood: -96446.017
Gamma shape alpha: 3.911
Parameters optimization took 3 rounds (0.976 sec)
Computing ML distances based on estimated model parameters... 23.388 sec
Computing BIONJ tree...
0.074 seconds
Log-likelihood of BIONJ tree: -96477.990
--------------------------------------------------------------------
|             INITIALIZING CANDIDATE TREE SET                      |
--------------------------------------------------------------------
Generating 98 parsimony trees... 16.714 second
Computing log-likelihood of 98 initial trees ... 18.774 seconds
Current best score: -96432.642

Do NNI search on 20 best initial trees
Estimate model parameters (epsilon = 0.100)
BETTER TREE FOUND at iteration 1: -96431.228
UPDATE BEST LOG-LIKELIHOOD: -96431.224
Iteration 10 / LogL: -96431.224 / Time: 0h:1m:20s
Iteration 20 / LogL: -96431.244 / Time: 0h:1m:33s
Finish initializing candidate tree set (3)
Current best tree score: -96431.224 / CPU time: 62.995
Number of iterations: 20
--------------------------------------------------------------------
|               OPTIMIZING CANDIDATE TREE SET                      |
--------------------------------------------------------------------
Iteration 30 / LogL: -96431.823 / Time: 0h:1m:54s (0h:4m:38s left)
Iteration 40 / LogL: -96431.244 / Time: 0h:2m:14s (0h:3m:29s left)
Iteration 50 / LogL: -96431.247 / Time: 0h:2m:34s (0h:2m:40s left)
Log-likelihood cutoff on original alignment: -96474.207
UPDATE BEST LOG-LIKELIHOOD: -96431.224
Iteration 60 / LogL: -96431.329 / Time: 0h:2m:56s (0h:2m:2s left)
Iteration 70 / LogL: -96431.848 / Time: 0h:3m:17s (0h:1m:28s left)
Iteration 80 / LogL: -96431.233 / Time: 0h:3m:38s (0h:0m:57s left)
Iteration 90 / LogL: -96431.305 / Time: 0h:3m:58s (0h:0m:29s left)
Iteration 100 / LogL: -96431.298 / Time: 0h:4m:18s (0h:0m:2s left)
Log-likelihood cutoff on original alignment: -96474.207
NOTE: Bootstrap correlation coefficient of split occurrence frequencies: 0.999
TREE SEARCH COMPLETED AFTER 102 ITERATIONS / Time: 0h:4m:23s

--------------------------------------------------------------------
|                    FINALIZING TREE SEARCH                        |
--------------------------------------------------------------------
Performs final model parameters optimization
Estimate model parameters (epsilon = 0.010)
1. Initial log-likelihood: -96431.224
Optimal log-likelihood: -96431.221
Gamma shape alpha: 3.909
Parameters optimization took 1 rounds (0.271 sec)
BEST SCORE FOUND : -96431.221
Creating bootstrap support values...
Split supports printed to NEXUS file /csm_data/spielman_lab/dms_modelselection//simulations/alignments/HIV_dosreis_rep9_AA.fasta.splits.nex
Total tree length: 29.509

Total number of iterations: 102
CPU time used for tree search: 1514.226 sec (0h:25m:14s)
Wall-clock time used for tree search: 232.905 sec (0h:3m:52s)
Total CPU time used: 1652.278 sec (0h:27m:32s)
Total wall-clock time used: 264.987 sec (0h:4m:24s)

Computing bootstrap consensus tree...
Reading input file /csm_data/spielman_lab/dms_modelselection//simulations/alignments/HIV_dosreis_rep9_AA.fasta.splits.nex...
274 taxa and 764 splits.
Consensus tree written to /csm_data/spielman_lab/dms_modelselection//simulations/alignments/HIV_dosreis_rep9_AA.fasta.contree
Reading input trees file /csm_data/spielman_lab/dms_modelselection//simulations/alignments/HIV_dosreis_rep9_AA.fasta.contree
Log-likelihood of consensus tree: -96431.221

Analysis results written to: 
  IQ-TREE report:                /csm_data/spielman_lab/dms_modelselection//simulations/alignments/HIV_dosreis_rep9_AA.fasta.iqtree
  Maximum-likelihood tree:       /csm_data/spielman_lab/dms_modelselection//simulations/alignments/HIV_dosreis_rep9_AA.fasta.treefile
  Likelihood distances:          /csm_data/spielman_lab/dms_modelselection//simulations/alignments/HIV_dosreis_rep9_AA.fasta.mldist

Ultrafast bootstrap approximation results written to:
  Split support values:          /csm_data/spielman_lab/dms_modelselection//simulations/alignments/HIV_dosreis_rep9_AA.fasta.splits.nex
  Consensus tree:                /csm_data/spielman_lab/dms_modelselection//simulations/alignments/HIV_dosreis_rep9_AA.fasta.contree
  Screen log file:               /csm_data/spielman_lab/dms_modelselection//simulations/alignments/HIV_dosreis_rep9_AA.fasta.log

Date and Time: Thu Jun 13 14:08:43 2019
