IQ-TREE multicore version 1.6.9 for Linux 64-bit built Dec 20 2018
Developed by Bui Quang Minh, Nguyen Lam Tung, Olga Chernomor,
Heiko Schmidt, Dominik Schrempf, Michael Woodhams.

Host:    spielmanlab (AVX512, FMA3, 125 GB RAM)
Command: iqtree -quiet -nt AUTO -ntmax 6 -m DCMut+G4 -s /home/spielman/dms_modelselection//simulations/alignments/HIV_opisthokonta_rep13_AA.fasta -st AA -redo -bb 1000
Seed:    345126 (Using SPRNG - Scalable Parallel Random Number Generator)
Time:    Wed Jun 12 11:04:08 2019
Kernel:  AVX+FMA - auto-detect threads (24 CPU cores detected)

Reading alignment file /home/spielman/dms_modelselection//simulations/alignments/HIV_opisthokonta_rep13_AA.fasta ... Fasta format detected
Alignment most likely contains protein sequences
Alignment has 70 sequences with 661 columns, 661 distinct patterns
658 parsimony-informative, 3 singleton sites, 0 constant sites
                                  Gap/Ambiguity  Composition  p-value
   1  Oscarella_carmela                   0.00%    passed     41.00%
   2  Leucetta_chagosensis                0.00%    passed     75.03%
   3  Sycon_raphanus                      0.00%    passed     54.15%
   4  Oopsacas_minuta                     0.00%    passed     92.87%
   5  Carteriospongia_foliascens          0.00%    passed     95.76%
   6  Amphimedon_queenslandica            0.00%    passed     71.37%
   7  Suberites_domuncula                 0.00%    passed     41.57%
   8  Lubomirskia_baicalensis             0.00%    passed     93.74%
   9  Ephydatia_muelleri                  0.00%    passed     72.23%
  10  Trichoplax_adhaerens                0.00%    passed     20.58%
  11  Nematostella_vectensis              0.00%    passed     98.28%
  12  Anemonia_viridis                    0.00%    passed     96.39%
  13  Aiptasia_pallida                    0.00%    passed     97.71%
  14  Metridium_senile                    0.00%    passed     58.69%
  15  Acropora_palmata                    0.00%    passed     91.14%
  16  Acropora_millepora                  0.00%    passed     85.80%
  17  Porites_astreoides                  0.00%    passed     68.23%
  18  Montastraea_faveolata               0.00%    passed     74.45%
  19  Cyanea_capillata                    0.00%    passed     82.45%
  20  Clytia_hemisphaerica                0.00%    passed     60.83%
  21  Podocoryna_carnea                   0.00%    passed     99.21%
  22  Hydractinia_echinata                0.00%    passed     97.16%
  23  Hydra_magnipapillata                0.00%    passed     98.68%
  24  Saccoglossus_kowalevskii            0.00%    passed     93.87%
  25  Ptychodera_flava                    0.00%    passed     95.00%
  26  Strongylocentrotus_purpuratus       0.00%    passed     46.71%
  27  Asterina_pectinifera                0.00%    passed     95.92%
  28  Branchiostoma_floridae              0.00%    passed     94.11%
  29  Petromyzon_marinus                  0.00%    passed     44.76%
  30  Gallus                              0.00%    passed     63.67%
  31  Ciona_intestinalis                  0.00%    passed     92.25%
  32  Halocynthia_roretzi                 0.00%    passed     65.96%
  33  Anoplodactylus_eroticus             0.00%    passed     89.36%
  34  Boophilus_microplus                 0.00%    passed     98.38%
  35  Daphnia_pulex                       0.00%    passed     31.53%
  36  Drosophila_melanogaster             0.00%    passed     69.79%
  37  Euperipatoides_kanangrensis         0.00%    passed     99.28%
  38  Echinoderes_horni                   0.00%    passed     98.18%
  39  Xiphinema_index                     0.00%    passed     44.07%
  40  Cerebratulus_lacteus                0.00%    passed     57.61%
  41  Terebratalia_transversa             0.00%    passed     99.75%
  42  Lottia_gigantea                     0.00%    passed     96.92%
  43  Crassostrea_virginica               0.00%    passed     95.01%
  44  Euprymna_scolopes                   0.00%    passed     83.07%
  45  Capitella_telata                    0.00%    passed     93.72%
  46  Helobdella_robusta                  0.00%    passed     99.69%
  47  Schmidtea_mediterranea              0.00%    passed     73.50%
  48  Paraplanocera_oligoglena            0.00%    passed     41.03%
  49  Xenoturbella_bocki                  0.00%    passed     78.58%
  50  Nemertoderma_westbladi              0.00%    passed     54.54%
  51  Meara_stichopi                      0.00%    passed     85.88%
  52  Isodiametra_pulchra                 0.00%    passed     99.55%
  53  Symsagittifera_roscoffensis         0.00%    passed     85.48%
  54  Convolutriloba_longifissura         0.00%    passed     99.35%
  55  Capsaspora_owczarzaki_ATCC_30864    0.00%    passed     93.66%
  56  Amoebidium_parasiticum              0.00%    passed     24.44%
  57  Sphaeroforma_arctica                0.00%    passed     96.31%
  58  Spizellomyces_punctatus             0.00%    passed     44.32%
  59  Batrachochytrium_dendrobatidis      0.00%    passed     95.00%
  60  Cryptococcus_neoformans             0.00%    passed     99.69%
  61  Saccharomyces_cerevisiae            0.00%    passed     45.41%
  62  Phycomyces_blakesleeanus            0.00%    passed     77.63%
  63  Rhizopus_orizae                     0.00%    passed     62.23%
  64  Monosiga_ovata                      0.00%    passed     92.86%
  65  Salpingoeca_rosetta                 0.00%    passed     76.48%
  66  Monosiga_brevicollis                0.00%    passed     25.15%
  67  Mnemiopsis                          0.00%    passed     50.48%
  68  Mertensiid_sp                       0.00%    passed     89.90%
  69  Pleurobrachia_pileus                0.00%    passed     99.40%
  70  Oscarella_lobularis                 0.00%    passed     39.10%
****  TOTAL                               0.00%  0 sequences failed composition chi2 test (p-value<5%; df=19)

Create initial parsimony tree by phylogenetic likelihood library (PLL)... 0.066 seconds
Generating 1000 samples for ultrafast bootstrap (seed: 345126)...

NOTE: 32 MB RAM (0 GB) is required!
Measuring multi-threading efficiency up to 6 CPU cores
Increase to 10 rounds for branch lengths
5 trees examined
Threads: 1 / Time: 6.758 sec / Speedup: 1.000 / Efficiency: 100% / LogL: -97767
Threads: 2 / Time: 4.092 sec / Speedup: 1.652 / Efficiency: 83% / LogL: -97767
Threads: 3 / Time: 2.849 sec / Speedup: 2.372 / Efficiency: 79% / LogL: -97767
Threads: 4 / Time: 2.164 sec / Speedup: 3.123 / Efficiency: 78% / LogL: -97767
Threads: 5 / Time: 2.016 sec / Speedup: 3.353 / Efficiency: 67% / LogL: -97767
Threads: 6 / Time: 1.550 sec / Speedup: 4.359 / Efficiency: 73% / LogL: -97767
BEST NUMBER OF THREADS: 6

Estimate model parameters (epsilon = 0.100)
1. Initial log-likelihood: -85972.103
2. Current log-likelihood: -84990.833
3. Current log-likelihood: -84987.516
4. Current log-likelihood: -84987.146
Optimal log-likelihood: -84987.101
Gamma shape alpha: 2.958
Parameters optimization took 4 rounds (0.646 sec)
Computing ML distances based on estimated model parameters... 2.747 sec
Computing BIONJ tree...
0.002 seconds
Log-likelihood of BIONJ tree: -84952.883
--------------------------------------------------------------------
|             INITIALIZING CANDIDATE TREE SET                      |
--------------------------------------------------------------------
Generating 98 parsimony trees... 2.830 second
Computing log-likelihood of 98 initial trees ... 7.003 seconds
Current best score: -84952.883

Do NNI search on 20 best initial trees
Estimate model parameters (epsilon = 0.100)
BETTER TREE FOUND at iteration 1: -84938.532
Iteration 10 / LogL: -84938.559 / Time: 0h:0m:35s
Iteration 20 / LogL: -84939.098 / Time: 0h:0m:39s
Finish initializing candidate tree set (1)
Current best tree score: -84938.532 / CPU time: 18.093
Number of iterations: 20
--------------------------------------------------------------------
|               OPTIMIZING CANDIDATE TREE SET                      |
--------------------------------------------------------------------
Iteration 30 / LogL: -84938.630 / Time: 0h:0m:47s (0h:1m:53s left)
Iteration 40 / LogL: -84938.662 / Time: 0h:0m:53s (0h:1m:23s left)
Iteration 50 / LogL: -84939.201 / Time: 0h:1m:1s (0h:1m:3s left)
Log-likelihood cutoff on original alignment: -85002.002
Iteration 60 / LogL: -84938.828 / Time: 0h:1m:8s (0h:0m:47s left)
Iteration 70 / LogL: -84939.226 / Time: 0h:1m:15s (0h:0m:33s left)
Iteration 80 / LogL: -84938.572 / Time: 0h:1m:21s (0h:0m:21s left)
Iteration 90 / LogL: -84941.917 / Time: 0h:1m:29s (0h:0m:10s left)
Iteration 100 / LogL: -84939.937 / Time: 0h:1m:36s (0h:0m:0s left)
Log-likelihood cutoff on original alignment: -85002.002
NOTE: Bootstrap correlation coefficient of split occurrence frequencies: 0.997
TREE SEARCH COMPLETED AFTER 102 ITERATIONS / Time: 0h:1m:38s

--------------------------------------------------------------------
|                    FINALIZING TREE SEARCH                        |
--------------------------------------------------------------------
Performs final model parameters optimization
Estimate model parameters (epsilon = 0.010)
1. Initial log-likelihood: -84938.532
Optimal log-likelihood: -84938.530
Gamma shape alpha: 2.963
Parameters optimization took 1 rounds (0.102 sec)
BEST SCORE FOUND : -84938.530
Creating bootstrap support values...
Split supports printed to NEXUS file /home/spielman/dms_modelselection//simulations/alignments/HIV_opisthokonta_rep13_AA.fasta.splits.nex
Total tree length: 44.198

Total number of iterations: 102
CPU time used for tree search: 445.579 sec (0h:7m:25s)
Wall-clock time used for tree search: 77.417 sec (0h:1m:17s)
Total CPU time used: 515.737 sec (0h:8m:35s)
Total wall-clock time used: 99.256 sec (0h:1m:39s)

Computing bootstrap consensus tree...
Reading input file /home/spielman/dms_modelselection//simulations/alignments/HIV_opisthokonta_rep13_AA.fasta.splits.nex...
70 taxa and 214 splits.
Consensus tree written to /home/spielman/dms_modelselection//simulations/alignments/HIV_opisthokonta_rep13_AA.fasta.contree
Reading input trees file /home/spielman/dms_modelselection//simulations/alignments/HIV_opisthokonta_rep13_AA.fasta.contree
Log-likelihood of consensus tree: -84938.530

Analysis results written to: 
  IQ-TREE report:                /home/spielman/dms_modelselection//simulations/alignments/HIV_opisthokonta_rep13_AA.fasta.iqtree
  Maximum-likelihood tree:       /home/spielman/dms_modelselection//simulations/alignments/HIV_opisthokonta_rep13_AA.fasta.treefile
  Likelihood distances:          /home/spielman/dms_modelselection//simulations/alignments/HIV_opisthokonta_rep13_AA.fasta.mldist

Ultrafast bootstrap approximation results written to:
  Split support values:          /home/spielman/dms_modelselection//simulations/alignments/HIV_opisthokonta_rep13_AA.fasta.splits.nex
  Consensus tree:                /home/spielman/dms_modelselection//simulations/alignments/HIV_opisthokonta_rep13_AA.fasta.contree
  Screen log file:               /home/spielman/dms_modelselection//simulations/alignments/HIV_opisthokonta_rep13_AA.fasta.log

Date and Time: Wed Jun 12 11:05:48 2019
