IQ-TREE multicore version 1.6.9 for Linux 64-bit built Dec 20 2018
Developed by Bui Quang Minh, Nguyen Lam Tung, Olga Chernomor,
Heiko Schmidt, Dominik Schrempf, Michael Woodhams.

Host:    spielmanlab (AVX512, FMA3, 125 GB RAM)
Command: iqtree -quiet -nt AUTO -ntmax 3 -m GTR20 -s /home/spielman/dms_modelselection//simulations/alignments/NP_andersen_rep12_AA.fasta -st AA -redo -bb 1000
Seed:    935253 (Using SPRNG - Scalable Parallel Random Number Generator)
Time:    Mon Jun 10 09:49:58 2019
Kernel:  AVX+FMA - auto-detect threads (24 CPU cores detected)

Reading alignment file /home/spielman/dms_modelselection//simulations/alignments/NP_andersen_rep12_AA.fasta ... Fasta format detected
Alignment most likely contains protein sequences
Alignment has 179 sequences with 498 columns, 491 distinct patterns
453 parsimony-informative, 33 singleton sites, 12 constant sites
                      Gap/Ambiguity  Composition  p-value
   1  BA366-S-GIN-2003        0.00%    passed     41.78%
   2  G502-S-SLE-2009         0.00%    passed     92.55%
   3  G1180-S-SLE-2010        0.00%    passed     86.22%
   4  G2147-S-SLE-2011        0.00%    passed     92.78%
   5  G2165-S-SLE-2011        0.00%    passed     84.01%
   6  LM222-S-SLE-2010        0.00%    passed     97.76%
   7  LM774-S-SLE-2012        0.00%    passed     93.00%
   8  LM778-S-SLE-2012        0.00%    passed     92.48%
   9  G2184-S-SLE-2011        0.00%    passed     93.15%
  10  LM776-S-SLE-2012        0.00%    passed     96.73%
  11  G503-S-SLE-2009         0.00%    passed     95.23%
  12  G2318-S-SLE-2012        0.00%    passed     94.45%
  13  G1959-S-SLE-2011        0.00%    passed     92.01%
  14  G3010-S-SLE-2013        0.00%    passed     89.66%
  15  G610-S-SLE-2009         0.00%    passed     92.23%
  16  G693-S-SLE-2009         0.00%    passed     92.23%
  17  G771-S-SLE-2010         0.00%    passed     92.18%
  18  G1792-S-SLE-2011        0.00%    passed     91.86%
  19  G1960-S-SLE-2011        0.00%    passed     91.86%
  20  G2565-S-SLE-2012        0.00%    passed     91.86%
  21  G2197-S-SLE-2011        0.00%    passed     79.40%
  22  LM032-S-SLE-2010        0.00%    passed     92.69%
  23  Josiah-S-SLE-1976       0.00%    passed     96.45%
  24  G808-S-SLE-2010         0.00%    passed     56.74%
  25  G2868-S-SLE-2012        0.00%    passed     74.60%
  26  G676-S-SLE-2009         0.00%    passed     94.31%
  27  G2405-S-SLE-2012        0.00%    passed     90.27%
  28  G1190-S-SLE-2010        0.00%    passed     90.67%
  29  G2944-S-SLE-2012        0.00%    passed     97.41%
  30  LM765-S-SLE-2012        0.00%    passed     87.28%
  31  G3148-S-SLE-2013        0.00%    passed     88.83%
  32  Z0947-S-SLE-2011        0.00%    passed     91.34%
  33  Z0948-S-SLE-2011        0.00%    passed     92.29%
  34  G1727-S-SLE-2011        0.00%    passed     84.69%
  35  G1647-S-SLE-2011        0.00%    passed     93.99%
  36  G2295-S-SLE-2012        0.00%    passed     93.42%
  37  G2587-S-SLE-2012        0.00%    passed     93.42%
  38  G2280-S-SLE-2012        0.00%    passed     98.88%
  39  G3016-S-SLE-2013        0.00%    passed     98.12%
  40  G3106-S-SLE-2013        0.00%    passed     98.12%
  41  G2612-S-SLE-2012        0.00%    passed     99.68%
  42  LM779-S-SLE-2012        0.00%    passed     96.79%
  43  G692-S-SLE-2009         0.00%    passed     98.83%
  44  LM395-S-SLE-2009        0.00%    passed     89.02%
  45  G1774-S-SLE-2011        0.00%    passed     90.88%
  46  G2222-S-SLE-2011        0.00%    passed     91.35%
  47  G636-S-SLE-2009         0.00%    passed     94.04%
  48  G2315-S-SLE-2012        0.00%    passed     92.78%
  49  G2903-S-SLE-2012        0.00%    passed     92.50%
  50  G3206-S-SLE-2013        0.00%    passed     87.06%
  51  G733-S-SLE-2010         0.00%    passed     78.92%
  52  G2554-S-SLE-2012        0.00%    passed     88.90%
  53  G1618-S-SLE-2011        0.00%    passed     87.55%
  54  G1646-S-SLE-2011        0.00%    passed     86.29%
  55  G2427-S-SLE-2012        0.00%    passed     86.38%
  56  G2392-S-SLE-2012        0.00%    passed     94.50%
  57  G3229-S-SLE-2013        0.00%    passed     91.95%
  58  G3151-S-SLE-2013        0.00%    passed     82.68%
  59  G3248-S-SLE-2013        0.00%    passed     82.68%
  60  G3170-S-SLE-2013        0.00%    passed     82.68%
  61  NL-S-SLE-2000           0.00%    passed     75.09%
  62  G2263-S-SLE-2012        0.00%    passed     73.19%
  63  G2431-S-SLE-2012        0.00%    passed     95.06%
  64  G1442-S-SLE-2011        0.00%    passed     89.06%
  65  G2141-S-SLE-2011        0.00%    passed     53.41%
  66  G1529-S-SLE-2011        0.00%    passed     98.78%
  67  G3234-S-SLE-2013        0.00%    passed     95.38%
  68  G2363-S-SLE-2012        0.00%    passed     90.00%
  69  G2259-S-SLE-2012        0.00%    passed     99.13%
  70  G2723-S-SLE-2012        0.00%    passed     98.31%
  71  G3278-S-SLE-2013        0.00%    passed     95.57%
  72  G2557-S-SLE-2012        0.00%    passed     99.03%
  73  G2615-S-SLE-2012        0.00%    passed     91.15%
  74  G1200-S-LIB-2010        0.00%    passed     38.23%
  75  Macenta-S-GIN-1982      0.00%    passed     92.39%
  76  Z148-S-LIB-1981         0.00%    passed     94.03%
  77  Nig08-A18-S-NIG-2008    0.00%    passed     32.49%
  78  Nig08-A19-S-NIG-2008    0.00%    passed     19.91%
  79  CSF-S-NIG-2001          0.00%    passed     44.98%
  80  ISTH0009-S-NIG-2011     0.00%    passed     98.92%
  81  LASV979-S-NIG-2009      0.00%    passed     98.52%
  82  LASV237-S-NIG-2010      0.00%    passed     99.45%
  83  LASV711-S-NIG-2009      0.00%    passed     99.27%
  84  LASV992-S-NIG-2009      0.00%    passed     99.31%
  85  ISTH0230-S-NIG-2011     0.00%    passed     97.85%
  86  LASV975-S-NIG-2009      0.00%    passed     99.88%
  87  ISTH2061-S-NIG-2012     0.00%    passed     99.78%
  88  Nig08-A41-S-NIG-2008    0.00%    passed     97.73%
  89  ISTH2217-S-NIG-2012     0.00%    passed     99.96%
  90  ISTH1064-S-NIG-2011     0.00%    passed     99.26%
  91  ISTH2334-S-NIG-2012     0.00%    passed     99.46%
  92  LASV245-S-NIG-2011      0.00%    passed     99.23%
  93  LASV1011-S-NIG-2009     0.00%    passed     98.11%
  94  ISTH2312-S-NIG-2012     0.00%    passed     99.69%
  95  LASV1000-S-NIG-2009     0.00%    passed     98.09%
  96  ISTH2010-S-NIG-2012     0.00%    passed     99.73%
  97  ISTH2016-S-NIG-2012     0.00%    passed     99.49%
  98  Nig08-A37-S-NIG-2008    0.00%    passed     99.12%
  99  LASV737-S-NIG-2009      0.00%    passed     99.01%
 100  LASV719-S-NIG-2009      0.00%    passed     99.74%
 101  LASV046-S-NIG-2009      0.00%    passed     99.44%
 102  ISTH2042-S-NIG-2012     0.00%    passed     96.90%
 103  LASV274-S-NIG-2010      0.00%    passed     99.57%
 104  LASV263-S-NIG-2011      0.00%    passed     97.70%
 105  ISTH1137-S-NIG-2011     0.00%    passed     97.68%
 106  LASV976-S-NIG-2009      0.00%    passed     99.93%
 107  LASV1016-S-NIG-2009     0.00%    passed     99.91%
 108  LASV229-S-NIG-2010      0.00%    passed     97.01%
 109  ISTH2129-S-NIG-2012     0.00%    passed     98.01%
 110  ISTH2057-S-NIG-2012     0.00%    passed     99.65%
 111  LASV058-S-NIG-2008      0.00%    passed     99.40%
 112  ISTH1038-S-NIG-2011     0.00%    passed     93.82%
 113  LASV056-S-NIG-2008      0.00%    passed     98.63%
 114  LASV042-S-NIG-2009      0.00%    passed     98.83%
 115  LASV981-S-NIG-2009      0.00%    passed     99.67%
 116  LASV256-S-NIG-2010      0.00%    passed     99.11%
 117  LASV052-S-NIG-2008      0.00%    passed     97.76%
 118  LASV063-S-NIG-2009      0.00%    passed     98.88%
 119  ISTH0595-S-NIG-2011     0.00%    passed     98.10%
 120  ISTH1096-S-NIG-2012     0.00%    passed     98.86%
 121  LASV221-S-NIG-2010      0.00%    passed     98.01%
 122  LASV977-S-NIG-2009      0.00%    passed     98.25%
 123  LASV971-S-NIG-2009      0.00%    passed     99.54%
 124  LASV967-S-NIG-2009      0.00%    passed     99.77%
 125  ISTH2050-S-NIG-2012     0.00%    passed     99.71%
 126  ISTH2031-S-NIG-2012     0.00%    passed     99.82%
 127  ISTH2376-S-NIG-2012     0.00%    passed     99.60%
 128  LASV991-S-NIG-2009      0.00%    passed     96.16%
 129  LASV267-S-NIG-2010      0.00%    passed     95.67%
 130  LASV049-S-NIG-2009      0.00%    passed     93.23%
 131  LASV239-S-NIG-2010      0.00%    passed     99.64%
 132  ISTH2037-S-NIG-2012     0.00%    passed     98.79%
 133  ISTH1069-S-NIG-2011     0.00%    passed     99.07%
 134  ISTH1129-S-NIG-2012     0.00%    passed     99.26%
 135  ISTH2304-S-NIG-2012     0.00%    passed     94.13%
 136  LASV246-S-NIG-2010      0.00%    passed     98.18%
 137  ISTH1111-S-NIG-2011     0.00%    passed     93.52%
 138  LASV006-S-NIG-2008      0.00%    passed     96.09%
 139  ISTH0531-S-NIG-2011     0.00%    passed     97.39%
 140  LASV254-S-NIG-2011      0.00%    passed     98.44%
 141  ISTH2358-S-NIG-2012     0.00%    passed     88.22%
 142  LASV966-S-NIG-2009      0.00%    passed     98.83%
 143  ISTH1058-S-NIG-2011     0.00%    passed     95.02%
 144  LASV241-S-NIG-2011      0.00%    passed     97.97%
 145  LASV271-S-NIG-2010      0.00%    passed     96.87%
 146  Nig08-A47-S-NIG-2008    0.00%    passed     99.51%
 147  ISTH0012-S-NIG-2011     0.00%    passed     99.55%
 148  LASV993-S-NIG-2009      0.00%    passed     99.90%
 149  ISTH2046-S-NIG-2012     0.00%    passed     99.70%
 150  LASV1008-S-NIG-2009     0.00%    passed     99.48%
 151  ISTH2020-S-NIG-2012     0.00%    passed     99.77%
 152  LASV003-S-NIG-2008      0.00%    passed     92.12%
 153  LASV242-S-NIG-2010      0.00%    passed     97.23%
 154  LASV253-S-NIG-2011      0.00%    passed     98.29%
 155  LASV982-S-NIG-2009      0.00%    passed     93.40%
 156  LASV251-S-NIG-2010      0.00%    passed     95.40%
 157  LASV989-S-NIG-2009      0.00%    passed     99.05%
 158  ISTH0047-S-NIG-2011     0.00%    passed     99.94%
 159  LASV990-S-NIG-2009      0.00%    passed     99.84%
 160  ISTH1003-S-NIG-2011     0.00%    passed     99.59%
 161  ISTH0073-S-NIG-2011     0.00%    passed     99.88%
 162  ISTH2316-S-NIG-2012     0.00%    passed     99.52%
 163  LASV225-S-NIG-2010      0.00%    passed     99.64%
 164  LASV978-S-NIG-2009      0.00%    passed     99.33%
 165  ISTH1048-S-NIG-2011     0.00%    passed     99.91%
 166  LASV045-S-NIG-2009      0.00%    passed     99.91%
 167  ISTH2025-S-NIG-2012     0.00%    passed     99.91%
 168  LASV250-S-NIG-2011      0.00%    passed     99.99%
 169  LASV1015-S-NIG-2009     0.00%    passed     99.98%
 170  LASV035-S-NIG-2009      0.00%    passed     99.94%
 171  ISTH1107-S-NIG-2012     0.00%    passed     92.75%
 172  ISTH2271-S-NIG-2012     0.00%    passed     97.76%
 173  ISTH1121-S-NIG-2012     0.00%    passed     98.33%
 174  ISTH2065-S-NIG-2012     0.00%    passed     67.99%
 175  ISTH2066-S-NIG-2012     0.00%    passed     67.99%
 176  ISTH2094-S-NIG-2012     0.00%    passed     99.89%
 177  Nig08-04-S-NIG-2008     0.00%    passed     96.77%
 178  Pinneo-S-NIG-1969       0.00%    passed     37.61%
 179  AV-S-CIV-1999           0.00%    passed     85.35%
****  TOTAL                   0.00%  0 sequences failed composition chi2 test (p-value<5%; df=19)
NOTE: G693-S-SLE-2009 is identical to G610-S-SLE-2009 but kept for subsequent analysis
NOTE: G1960-S-SLE-2011 is identical to G1792-S-SLE-2011 but kept for subsequent analysis
NOTE: G2587-S-SLE-2012 is identical to G2295-S-SLE-2012 but kept for subsequent analysis
NOTE: G3106-S-SLE-2013 is identical to G3016-S-SLE-2013 but kept for subsequent analysis
NOTE: G3248-S-SLE-2013 is identical to G3151-S-SLE-2013 but kept for subsequent analysis
NOTE: ISTH2066-S-NIG-2012 is identical to ISTH2065-S-NIG-2012 but kept for subsequent analysis
NOTE: 2 identical sequences (see below) will be ignored for subsequent analysis
NOTE: G2565-S-SLE-2012 (identical to G1792-S-SLE-2011) is ignored but added at the end
NOTE: G3170-S-SLE-2013 (identical to G3151-S-SLE-2013) is ignored but added at the end

For your convenience alignment with unique sequences printed to /home/spielman/dms_modelselection//simulations/alignments/NP_andersen_rep12_AA.fasta.uniqueseq.phy

Create initial parsimony tree by phylogenetic likelihood library (PLL)... 0.056 seconds
Generating 1000 samples for ultrafast bootstrap (seed: 935253)...
WARNING: GTR20 model will estimate 189 substitution rates that might be overfitting!
WARNING: Please only use GTR20 with very large data and always test for model fit!

NOTE: 15 MB RAM (0 GB) is required!
Measuring multi-threading efficiency up to 3 CPU cores
Increase to 10 rounds for branch lengths
8 trees examined
Threads: 1 / Time: 3.389 sec / Speedup: 1.000 / Efficiency: 100% / LogL: -101093
Threads: 2 / Time: 1.960 sec / Speedup: 1.729 / Efficiency: 86% / LogL: -101093
Threads: 3 / Time: 1.513 sec / Speedup: 2.240 / Efficiency: 75% / LogL: -101093
BEST NUMBER OF THREADS: 3

Estimate model parameters (epsilon = 0.100)
1. Initial log-likelihood: -27819.290
2. Current log-likelihood: -25468.424
3. Current log-likelihood: -25260.282
4. Current log-likelihood: -25240.857
5. Current log-likelihood: -25236.409
6. Current log-likelihood: -25233.463
7. Current log-likelihood: -25231.093
8. Current log-likelihood: -25228.651
9. Current log-likelihood: -25224.468
10. Current log-likelihood: -25223.986
11. Current log-likelihood: -25223.719
12. Current log-likelihood: -25223.596
13. Current log-likelihood: -25223.418
Optimal log-likelihood: -25223.354
Parameters optimization took 13 rounds (72.636 sec)
Computing ML distances based on estimated model parameters... 2.033 sec
Computing BIONJ tree...
0.018 seconds
Log-likelihood of BIONJ tree: -25321.232
--------------------------------------------------------------------
|             INITIALIZING CANDIDATE TREE SET                      |
--------------------------------------------------------------------
Generating 98 parsimony trees... 4.630 second
Computing log-likelihood of 98 initial trees ... 4.552 seconds
Current best score: -25218.107

Do NNI search on 20 best initial trees
Estimate model parameters (epsilon = 0.100)
BETTER TREE FOUND at iteration 1: -25217.771
Iteration 10 / LogL: -25217.772 / Time: 0h:1m:44s
Iteration 20 / LogL: -25217.772 / Time: 0h:1m:49s
Finish initializing candidate tree set (20)
Current best tree score: -25217.771 / CPU time: 28.573
Number of iterations: 20
--------------------------------------------------------------------
|               OPTIMIZING CANDIDATE TREE SET                      |
--------------------------------------------------------------------
BETTER TREE FOUND at iteration 21: -25217.770
BETTER TREE FOUND at iteration 28: -25217.767
BETTER TREE FOUND at iteration 29: -25217.767
Iteration 30 / LogL: -25217.767 / Time: 0h:1m:55s (0h:6m:30s left)
Iteration 40 / LogL: -25217.768 / Time: 0h:2m:0s (0h:4m:34s left)
BETTER TREE FOUND at iteration 44: -25217.767
Iteration 50 / LogL: -25236.921 / Time: 0h:2m:6s (0h:4m:0s left)
Log-likelihood cutoff on original alignment: -25250.857
BETTER TREE FOUND at iteration 54: -25217.767
BETTER TREE FOUND at iteration 59: -25217.766
Iteration 60 / LogL: -25218.837 / Time: 0h:2m:12s (0h:3m:40s left)
BETTER TREE FOUND at iteration 61: -25217.766
BETTER TREE FOUND at iteration 62: -25217.766
Iteration 70 / LogL: -25217.766 / Time: 0h:2m:17s (0h:3m:2s left)
BETTER TREE FOUND at iteration 75: -25217.766
Iteration 80 / LogL: -25217.767 / Time: 0h:2m:23s (0h:2m:51s left)
BETTER TREE FOUND at iteration 81: -25217.765
BETTER TREE FOUND at iteration 84: -25217.764
BETTER TREE FOUND at iteration 87: -25217.764
Iteration 90 / LogL: -25234.112 / Time: 0h:2m:28s (0h:2m:41s left)
Iteration 100 / LogL: -25217.766 / Time: 0h:2m:34s (0h:2m:15s left)
Log-likelihood cutoff on original alignment: -25250.986
NOTE: Bootstrap correlation coefficient of split occurrence frequencies: 0.999
Iteration 110 / LogL: -25218.833 / Time: 0h:2m:40s (0h:2m:12s left)
Iteration 120 / LogL: -25217.764 / Time: 0h:2m:46s (0h:1m:51s left)
Iteration 130 / LogL: -25217.765 / Time: 0h:2m:51s (0h:1m:32s left)
Iteration 140 / LogL: -25217.765 / Time: 0h:2m:57s (0h:1m:16s left)
BETTER TREE FOUND at iteration 149: -25217.763
Iteration 150 / LogL: -25225.394 / Time: 0h:3m:2s (0h:2m:1s left)
Log-likelihood cutoff on original alignment: -25250.462
Iteration 160 / LogL: -25217.765 / Time: 0h:3m:8s (0h:1m:45s left)
BETTER TREE FOUND at iteration 162: -25217.762
Iteration 170 / LogL: -25217.765 / Time: 0h:3m:14s (0h:1m:45s left)
Iteration 180 / LogL: -25225.362 / Time: 0h:3m:20s (0h:1m:31s left)
Iteration 190 / LogL: -25217.763 / Time: 0h:3m:25s (0h:1m:18s left)
Iteration 200 / LogL: -25217.763 / Time: 0h:3m:31s (0h:1m:5s left)
Log-likelihood cutoff on original alignment: -25251.156
NOTE: Bootstrap correlation coefficient of split occurrence frequencies: 0.998
Iteration 210 / LogL: -25217.764 / Time: 0h:3m:37s (0h:1m:33s left)
Iteration 220 / LogL: -25217.764 / Time: 0h:3m:43s (0h:1m:21s left)
Iteration 230 / LogL: -25217.763 / Time: 0h:3m:49s (0h:1m:9s left)
Iteration 240 / LogL: -25255.685 / Time: 0h:3m:55s (0h:0m:58s left)
Iteration 250 / LogL: -25344.903 / Time: 0h:4m:0s (0h:0m:48s left)
Log-likelihood cutoff on original alignment: -25251.156
Iteration 260 / LogL: -25217.763 / Time: 0h:4m:7s (0h:0m:38s left)
TREE SEARCH COMPLETED AFTER 263 ITERATIONS / Time: 0h:4m:8s

--------------------------------------------------------------------
|                    FINALIZING TREE SEARCH                        |
--------------------------------------------------------------------
Performs final model parameters optimization
Estimate model parameters (epsilon = 0.010)
1. Initial log-likelihood: -25217.762
2. Current log-likelihood: -25217.702
3. Current log-likelihood: -25217.676
4. Current log-likelihood: -25216.884
5. Current log-likelihood: -25216.692
6. Current log-likelihood: -25216.638
7. Current log-likelihood: -25216.258
8. Current log-likelihood: -25216.198
9. Current log-likelihood: -25216.093
10. Current log-likelihood: -25216.070
Optimal log-likelihood: -25216.070
Parameters optimization took 10 rounds (28.613 sec)
BEST SCORE FOUND : -25216.070
Creating bootstrap support values...
Split supports printed to NEXUS file /home/spielman/dms_modelselection//simulations/alignments/NP_andersen_rep12_AA.fasta.splits.nex
Total tree length: 9.199

Total number of iterations: 263
CPU time used for tree search: 491.077 sec (0h:8m:11s)
Wall-clock time used for tree search: 167.864 sec (0h:2m:47s)
Total CPU time used: 821.255 sec (0h:13m:41s)
Total wall-clock time used: 277.896 sec (0h:4m:37s)

Computing bootstrap consensus tree...
Reading input file /home/spielman/dms_modelselection//simulations/alignments/NP_andersen_rep12_AA.fasta.splits.nex...
177 taxa and 1065 splits.
Consensus tree written to /home/spielman/dms_modelselection//simulations/alignments/NP_andersen_rep12_AA.fasta.contree
Reading input trees file /home/spielman/dms_modelselection//simulations/alignments/NP_andersen_rep12_AA.fasta.contree
Log-likelihood of consensus tree: -25216.079

Analysis results written to: 
  IQ-TREE report:                /home/spielman/dms_modelselection//simulations/alignments/NP_andersen_rep12_AA.fasta.iqtree
  Maximum-likelihood tree:       /home/spielman/dms_modelselection//simulations/alignments/NP_andersen_rep12_AA.fasta.treefile
  Likelihood distances:          /home/spielman/dms_modelselection//simulations/alignments/NP_andersen_rep12_AA.fasta.mldist

Ultrafast bootstrap approximation results written to:
  Split support values:          /home/spielman/dms_modelselection//simulations/alignments/NP_andersen_rep12_AA.fasta.splits.nex
  Consensus tree:                /home/spielman/dms_modelselection//simulations/alignments/NP_andersen_rep12_AA.fasta.contree
  Screen log file:               /home/spielman/dms_modelselection//simulations/alignments/NP_andersen_rep12_AA.fasta.log

Date and Time: Mon Jun 10 09:54:37 2019
