IQ-TREE multicore version 1.6.9 for Linux 64-bit built Dec 20 2018
Developed by Bui Quang Minh, Nguyen Lam Tung, Olga Chernomor,
Heiko Schmidt, Dominik Schrempf, Michael Woodhams.

Host:    spielmanlab (AVX512, FMA3, 125 GB RAM)
Command: iqtree -quiet -nt AUTO -ntmax 3 -m JTT+F+G4 -s /home/spielman/dms_modelselection//simulations/alignments/NP_opisthokonta_rep14_AA.fasta -st AA -redo -bb 1000
Seed:    69773 (Using SPRNG - Scalable Parallel Random Number Generator)
Time:    Sun Jun  9 13:52:53 2019
Kernel:  AVX+FMA - auto-detect threads (24 CPU cores detected)

Reading alignment file /home/spielman/dms_modelselection//simulations/alignments/NP_opisthokonta_rep14_AA.fasta ... Fasta format detected
Alignment most likely contains protein sequences
Alignment has 70 sequences with 498 columns, 498 distinct patterns
485 parsimony-informative, 13 singleton sites, 0 constant sites
                                  Gap/Ambiguity  Composition  p-value
   1  Oscarella_carmela                   0.00%    passed      6.93%
   2  Leucetta_chagosensis                0.00%    passed     91.23%
   3  Sycon_raphanus                      0.00%    passed     81.04%
   4  Oopsacas_minuta                     0.00%    passed     15.07%
   5  Carteriospongia_foliascens          0.00%    passed     99.77%
   6  Amphimedon_queenslandica            0.00%    passed     38.91%
   7  Suberites_domuncula                 0.00%    passed     21.56%
   8  Lubomirskia_baicalensis             0.00%    passed     68.73%
   9  Ephydatia_muelleri                  0.00%    passed     35.01%
  10  Trichoplax_adhaerens                0.00%    passed     94.70%
  11  Nematostella_vectensis              0.00%    passed     43.12%
  12  Anemonia_viridis                    0.00%    passed     93.93%
  13  Aiptasia_pallida                    0.00%    passed     98.58%
  14  Metridium_senile                    0.00%    passed     88.44%
  15  Acropora_palmata                    0.00%    passed     98.87%
  16  Acropora_millepora                  0.00%    passed     92.15%
  17  Porites_astreoides                  0.00%    passed     91.54%
  18  Montastraea_faveolata               0.00%    passed     80.55%
  19  Cyanea_capillata                    0.00%    passed     97.00%
  20  Clytia_hemisphaerica                0.00%    passed     64.90%
  21  Podocoryna_carnea                   0.00%    passed     93.72%
  22  Hydractinia_echinata                0.00%    passed     90.94%
  23  Hydra_magnipapillata                0.00%    passed     90.96%
  24  Saccoglossus_kowalevskii            0.00%    passed     87.25%
  25  Ptychodera_flava                    0.00%    passed     95.09%
  26  Strongylocentrotus_purpuratus       0.00%    passed     97.58%
  27  Asterina_pectinifera                0.00%    passed     99.28%
  28  Branchiostoma_floridae              0.00%    passed     82.65%
  29  Petromyzon_marinus                  0.00%    passed     90.04%
  30  Gallus                              0.00%    passed     93.96%
  31  Ciona_intestinalis                  0.00%    passed     35.35%
  32  Halocynthia_roretzi                 0.00%    passed     99.62%
  33  Anoplodactylus_eroticus             0.00%    passed     95.73%
  34  Boophilus_microplus                 0.00%    passed     88.54%
  35  Daphnia_pulex                       0.00%    passed     42.84%
  36  Drosophila_melanogaster             0.00%    passed     38.69%
  37  Euperipatoides_kanangrensis         0.00%    passed     90.57%
  38  Echinoderes_horni                   0.00%    passed     99.92%
  39  Xiphinema_index                     0.00%    passed     28.82%
  40  Cerebratulus_lacteus                0.00%    passed     97.83%
  41  Terebratalia_transversa             0.00%    passed     96.91%
  42  Lottia_gigantea                     0.00%    passed     93.46%
  43  Crassostrea_virginica               0.00%    passed     31.52%
  44  Euprymna_scolopes                   0.00%    passed     83.70%
  45  Capitella_telata                    0.00%    passed     97.63%
  46  Helobdella_robusta                  0.00%    passed     96.47%
  47  Schmidtea_mediterranea              0.00%    passed     87.83%
  48  Paraplanocera_oligoglena            0.00%    passed     96.53%
  49  Xenoturbella_bocki                  0.00%    passed     62.27%
  50  Nemertoderma_westbladi              0.00%    passed     99.65%
  51  Meara_stichopi                      0.00%    passed     26.45%
  52  Isodiametra_pulchra                 0.00%    passed     88.90%
  53  Symsagittifera_roscoffensis         0.00%    passed     76.71%
  54  Convolutriloba_longifissura         0.00%    passed     53.31%
  55  Capsaspora_owczarzaki_ATCC_30864    0.00%    passed     87.33%
  56  Amoebidium_parasiticum              0.00%    passed     99.79%
  57  Sphaeroforma_arctica                0.00%    passed     84.33%
  58  Spizellomyces_punctatus             0.00%    passed     99.85%
  59  Batrachochytrium_dendrobatidis      0.00%    passed     78.34%
  60  Cryptococcus_neoformans             0.00%    passed     40.73%
  61  Saccharomyces_cerevisiae            0.00%    passed     54.72%
  62  Phycomyces_blakesleeanus            0.00%    passed     35.73%
  63  Rhizopus_orizae                     0.00%    passed     71.82%
  64  Monosiga_ovata                      0.00%    failed      4.95%
  65  Salpingoeca_rosetta                 0.00%    passed     38.06%
  66  Monosiga_brevicollis                0.00%    passed     19.58%
  67  Mnemiopsis                          0.00%    passed     85.16%
  68  Mertensiid_sp                       0.00%    passed     96.73%
  69  Pleurobrachia_pileus                0.00%    passed     91.65%
  70  Oscarella_lobularis                 0.00%    passed     95.20%
****  TOTAL                               0.00%  1 sequences failed composition chi2 test (p-value<5%; df=19)

Create initial parsimony tree by phylogenetic likelihood library (PLL)... 0.047 seconds
Generating 1000 samples for ultrafast bootstrap (seed: 69773)...

NOTE: 24 MB RAM (0 GB) is required!
Measuring multi-threading efficiency up to 3 CPU cores
Increase to 10 rounds for branch lengths
5 trees examined
Threads: 1 / Time: 3.426 sec / Speedup: 1.000 / Efficiency: 100% / LogL: -59765
Threads: 2 / Time: 3.077 sec / Speedup: 1.114 / Efficiency: 56% / LogL: -59765
Threads: 3 / Time: 2.122 sec / Speedup: 1.614 / Efficiency: 54% / LogL: -59765
BEST NUMBER OF THREADS: 3

Estimate model parameters (epsilon = 0.100)
1. Initial log-likelihood: -51761.700
2. Current log-likelihood: -51202.146
3. Current log-likelihood: -51197.244
4. Current log-likelihood: -51196.966
Optimal log-likelihood: -51196.921
Gamma shape alpha: 2.192
Parameters optimization took 4 rounds (0.822 sec)
Computing ML distances based on estimated model parameters... 2.231 sec
Computing BIONJ tree...
0.004 seconds
Log-likelihood of BIONJ tree: -51184.646
--------------------------------------------------------------------
|             INITIALIZING CANDIDATE TREE SET                      |
--------------------------------------------------------------------
Generating 98 parsimony trees... 3.885 second
Computing log-likelihood of 98 initial trees ... 10.133 seconds
Current best score: -51184.646

Do NNI search on 20 best initial trees
Estimate model parameters (epsilon = 0.100)
BETTER TREE FOUND at iteration 1: -51179.923
Iteration 10 / LogL: -51180.171 / Time: 0h:0m:32s
Iteration 20 / LogL: -51181.055 / Time: 0h:0m:40s
Finish initializing candidate tree set (3)
Current best tree score: -51179.923 / CPU time: 28.415
Number of iterations: 20
--------------------------------------------------------------------
|               OPTIMIZING CANDIDATE TREE SET                      |
--------------------------------------------------------------------
Iteration 30 / LogL: -51180.190 / Time: 0h:0m:50s (0h:1m:58s left)
Iteration 40 / LogL: -51180.114 / Time: 0h:0m:59s (0h:1m:30s left)
Iteration 50 / LogL: -51180.497 / Time: 0h:1m:10s (0h:1m:11s left)
Log-likelihood cutoff on original alignment: -51225.833
Iteration 60 / LogL: -51180.512 / Time: 0h:1m:20s (0h:0m:54s left)
Iteration 70 / LogL: -51187.278 / Time: 0h:1m:31s (0h:0m:40s left)
Iteration 80 / LogL: -51180.833 / Time: 0h:1m:40s (0h:0m:26s left)
Iteration 90 / LogL: -51187.001 / Time: 0h:1m:50s (0h:0m:13s left)
Iteration 100 / LogL: -51180.104 / Time: 0h:1m:59s (0h:0m:1s left)
Log-likelihood cutoff on original alignment: -51225.833
NOTE: Bootstrap correlation coefficient of split occurrence frequencies: 1.000
TREE SEARCH COMPLETED AFTER 102 ITERATIONS / Time: 0h:2m:1s

--------------------------------------------------------------------
|                    FINALIZING TREE SEARCH                        |
--------------------------------------------------------------------
Performs final model parameters optimization
Estimate model parameters (epsilon = 0.010)
1. Initial log-likelihood: -51179.923
Optimal log-likelihood: -51179.921
Gamma shape alpha: 2.177
Parameters optimization took 1 rounds (0.157 sec)
BEST SCORE FOUND : -51179.921
Creating bootstrap support values...
Split supports printed to NEXUS file /home/spielman/dms_modelselection//simulations/alignments/NP_opisthokonta_rep14_AA.fasta.splits.nex
Total tree length: 30.090

Total number of iterations: 102
CPU time used for tree search: 319.586 sec (0h:5m:19s)
Wall-clock time used for tree search: 109.465 sec (0h:1m:49s)
Total CPU time used: 367.139 sec (0h:6m:7s)
Total wall-clock time used: 122.410 sec (0h:2m:2s)

Computing bootstrap consensus tree...
Reading input file /home/spielman/dms_modelselection//simulations/alignments/NP_opisthokonta_rep14_AA.fasta.splits.nex...
70 taxa and 263 splits.
Consensus tree written to /home/spielman/dms_modelselection//simulations/alignments/NP_opisthokonta_rep14_AA.fasta.contree
Reading input trees file /home/spielman/dms_modelselection//simulations/alignments/NP_opisthokonta_rep14_AA.fasta.contree
Log-likelihood of consensus tree: -51179.922

Analysis results written to: 
  IQ-TREE report:                /home/spielman/dms_modelselection//simulations/alignments/NP_opisthokonta_rep14_AA.fasta.iqtree
  Maximum-likelihood tree:       /home/spielman/dms_modelselection//simulations/alignments/NP_opisthokonta_rep14_AA.fasta.treefile
  Likelihood distances:          /home/spielman/dms_modelselection//simulations/alignments/NP_opisthokonta_rep14_AA.fasta.mldist

Ultrafast bootstrap approximation results written to:
  Split support values:          /home/spielman/dms_modelselection//simulations/alignments/NP_opisthokonta_rep14_AA.fasta.splits.nex
  Consensus tree:                /home/spielman/dms_modelselection//simulations/alignments/NP_opisthokonta_rep14_AA.fasta.contree
  Screen log file:               /home/spielman/dms_modelselection//simulations/alignments/NP_opisthokonta_rep14_AA.fasta.log

Date and Time: Sun Jun  9 13:54:56 2019
