IQ-TREE multicore version 1.6.9 for Linux 64-bit built Dec 20 2018
Developed by Bui Quang Minh, Nguyen Lam Tung, Olga Chernomor,
Heiko Schmidt, Dominik Schrempf, Michael Woodhams.

Host:    spielmanlab (AVX512, FMA3, 125 GB RAM)
Command: iqtree -quiet -nt AUTO -ntmax 3 -m Dayhoff -s /home/spielman/dms_modelselection//simulations/alignments/NP_opisthokonta_rep16_AA.fasta -st AA -redo -bb 1000
Seed:    203543 (Using SPRNG - Scalable Parallel Random Number Generator)
Time:    Sun Jun  9 14:19:20 2019
Kernel:  AVX+FMA - auto-detect threads (24 CPU cores detected)

Reading alignment file /home/spielman/dms_modelselection//simulations/alignments/NP_opisthokonta_rep16_AA.fasta ... Fasta format detected
Alignment most likely contains protein sequences
Alignment has 70 sequences with 498 columns, 497 distinct patterns
484 parsimony-informative, 12 singleton sites, 1 constant sites
                                  Gap/Ambiguity  Composition  p-value
   1  Oscarella_carmela                   0.00%    passed     69.63%
   2  Leucetta_chagosensis                0.00%    passed     80.84%
   3  Sycon_raphanus                      0.00%    passed     96.85%
   4  Oopsacas_minuta                     0.00%    passed     86.75%
   5  Carteriospongia_foliascens          0.00%    passed     99.74%
   6  Amphimedon_queenslandica            0.00%    passed     99.41%
   7  Suberites_domuncula                 0.00%    passed     99.61%
   8  Lubomirskia_baicalensis             0.00%    passed     85.43%
   9  Ephydatia_muelleri                  0.00%    passed     75.64%
  10  Trichoplax_adhaerens                0.00%    passed     75.60%
  11  Nematostella_vectensis              0.00%    passed     94.58%
  12  Anemonia_viridis                    0.00%    passed     95.05%
  13  Aiptasia_pallida                    0.00%    passed     88.44%
  14  Metridium_senile                    0.00%    passed     95.08%
  15  Acropora_palmata                    0.00%    passed     85.96%
  16  Acropora_millepora                  0.00%    passed     94.04%
  17  Porites_astreoides                  0.00%    passed     93.63%
  18  Montastraea_faveolata               0.00%    passed     93.49%
  19  Cyanea_capillata                    0.00%    passed     98.49%
  20  Clytia_hemisphaerica                0.00%    passed     69.41%
  21  Podocoryna_carnea                   0.00%    passed     99.98%
  22  Hydractinia_echinata                0.00%    passed     94.31%
  23  Hydra_magnipapillata                0.00%    passed     96.59%
  24  Saccoglossus_kowalevskii            0.00%    passed     99.99%
  25  Ptychodera_flava                    0.00%    passed     98.93%
  26  Strongylocentrotus_purpuratus       0.00%    passed     68.35%
  27  Asterina_pectinifera                0.00%    passed     94.81%
  28  Branchiostoma_floridae              0.00%    passed     99.91%
  29  Petromyzon_marinus                  0.00%    passed     80.36%
  30  Gallus                              0.00%    passed     66.61%
  31  Ciona_intestinalis                  0.00%    passed     70.37%
  32  Halocynthia_roretzi                 0.00%    passed     90.47%
  33  Anoplodactylus_eroticus             0.00%    passed     83.49%
  34  Boophilus_microplus                 0.00%    passed     69.94%
  35  Daphnia_pulex                       0.00%    passed     88.34%
  36  Drosophila_melanogaster             0.00%    passed     64.03%
  37  Euperipatoides_kanangrensis         0.00%    passed     99.88%
  38  Echinoderes_horni                   0.00%    passed     72.02%
  39  Xiphinema_index                     0.00%    passed     70.25%
  40  Cerebratulus_lacteus                0.00%    passed     97.83%
  41  Terebratalia_transversa             0.00%    passed     99.53%
  42  Lottia_gigantea                     0.00%    passed     98.35%
  43  Crassostrea_virginica               0.00%    passed     99.26%
  44  Euprymna_scolopes                   0.00%    passed     94.54%
  45  Capitella_telata                    0.00%    passed     96.53%
  46  Helobdella_robusta                  0.00%    passed     98.03%
  47  Schmidtea_mediterranea              0.00%    passed     72.25%
  48  Paraplanocera_oligoglena            0.00%    passed     90.26%
  49  Xenoturbella_bocki                  0.00%    passed     76.33%
  50  Nemertoderma_westbladi              0.00%    passed     99.95%
  51  Meara_stichopi                      0.00%    passed     98.75%
  52  Isodiametra_pulchra                 0.00%    passed     97.16%
  53  Symsagittifera_roscoffensis         0.00%    passed     96.71%
  54  Convolutriloba_longifissura         0.00%    passed     84.57%
  55  Capsaspora_owczarzaki_ATCC_30864    0.00%    passed     98.83%
  56  Amoebidium_parasiticum              0.00%    passed     72.16%
  57  Sphaeroforma_arctica                0.00%    passed     59.62%
  58  Spizellomyces_punctatus             0.00%    passed     52.78%
  59  Batrachochytrium_dendrobatidis      0.00%    passed     96.46%
  60  Cryptococcus_neoformans             0.00%    passed     64.92%
  61  Saccharomyces_cerevisiae            0.00%    passed     51.42%
  62  Phycomyces_blakesleeanus            0.00%    passed     84.97%
  63  Rhizopus_orizae                     0.00%    passed     77.28%
  64  Monosiga_ovata                      0.00%    passed     85.84%
  65  Salpingoeca_rosetta                 0.00%    passed     44.59%
  66  Monosiga_brevicollis                0.00%    passed     51.00%
  67  Mnemiopsis                          0.00%    passed     70.29%
  68  Mertensiid_sp                       0.00%    passed     30.25%
  69  Pleurobrachia_pileus                0.00%    passed     79.38%
  70  Oscarella_lobularis                 0.00%    passed     98.35%
****  TOTAL                               0.00%  0 sequences failed composition chi2 test (p-value<5%; df=19)

Create initial parsimony tree by phylogenetic likelihood library (PLL)... 0.037 seconds
Generating 1000 samples for ultrafast bootstrap (seed: 203543)...

NOTE: 7 MB RAM (0 GB) is required!
Measuring multi-threading efficiency up to 3 CPU cores
Increase to 10 rounds for branch lengths
26 trees examined
Threads: 1 / Time: 3.085 sec / Speedup: 1.000 / Efficiency: 100% / LogL: -64430
Threads: 2 / Time: 2.900 sec / Speedup: 1.064 / Efficiency: 53% / LogL: -64430
Threads: 3 / Time: 2.180 sec / Speedup: 1.415 / Efficiency: 47% / LogL: -64430
BEST NUMBER OF THREADS: 2

Estimate model parameters (epsilon = 0.100)
1. Initial log-likelihood: -54846.730
Optimal log-likelihood: -54278.208
Parameters optimization took 1 rounds (0.071 sec)
Computing ML distances based on estimated model parameters... 0.706 sec
Computing BIONJ tree...
0.002 seconds
Log-likelihood of BIONJ tree: -54232.227
--------------------------------------------------------------------
|             INITIALIZING CANDIDATE TREE SET                      |
--------------------------------------------------------------------
Generating 98 parsimony trees... 2.392 second
Computing log-likelihood of 98 initial trees ... 3.954 seconds
Current best score: -54232.227

Do NNI search on 20 best initial trees
Estimate model parameters (epsilon = 0.100)
BETTER TREE FOUND at iteration 1: -54225.957
Iteration 10 / LogL: -54225.960 / Time: 0h:0m:19s
Iteration 20 / LogL: -54225.983 / Time: 0h:0m:22s
Finish initializing candidate tree set (4)
Current best tree score: -54225.957 / CPU time: 11.642
Number of iterations: 20
--------------------------------------------------------------------
|               OPTIMIZING CANDIDATE TREE SET                      |
--------------------------------------------------------------------
Iteration 30 / LogL: -54225.960 / Time: 0h:0m:25s (0h:0m:58s left)
Iteration 40 / LogL: -54225.968 / Time: 0h:0m:29s (0h:0m:43s left)
Iteration 50 / LogL: -54225.958 / Time: 0h:0m:33s (0h:0m:33s left)
Log-likelihood cutoff on original alignment: -54300.778
Iteration 60 / LogL: -54243.190 / Time: 0h:0m:37s (0h:0m:24s left)
Iteration 70 / LogL: -54226.243 / Time: 0h:0m:39s (0h:0m:17s left)
Iteration 80 / LogL: -54226.266 / Time: 0h:0m:42s (0h:0m:10s left)
Iteration 90 / LogL: -54225.978 / Time: 0h:0m:44s (0h:0m:5s left)
Iteration 100 / LogL: -54226.160 / Time: 0h:0m:46s (0h:0m:0s left)
Log-likelihood cutoff on original alignment: -54300.778
NOTE: Bootstrap correlation coefficient of split occurrence frequencies: 0.999
TREE SEARCH COMPLETED AFTER 102 ITERATIONS / Time: 0h:0m:47s

--------------------------------------------------------------------
|                    FINALIZING TREE SEARCH                        |
--------------------------------------------------------------------
Performs final model parameters optimization
Estimate model parameters (epsilon = 0.010)
1. Initial log-likelihood: -54225.957
Optimal log-likelihood: -54225.957
Parameters optimization took 1 rounds (0.020 sec)
BEST SCORE FOUND : -54225.957
Creating bootstrap support values...
Split supports printed to NEXUS file /home/spielman/dms_modelselection//simulations/alignments/NP_opisthokonta_rep16_AA.fasta.splits.nex
Total tree length: 27.099

Total number of iterations: 102
CPU time used for tree search: 71.642 sec (0h:1m:11s)
Wall-clock time used for tree search: 36.990 sec (0h:0m:36s)
Total CPU time used: 113.581 sec (0h:1m:53s)
Total wall-clock time used: 47.720 sec (0h:0m:47s)

Computing bootstrap consensus tree...
Reading input file /home/spielman/dms_modelselection//simulations/alignments/NP_opisthokonta_rep16_AA.fasta.splits.nex...
70 taxa and 261 splits.
Consensus tree written to /home/spielman/dms_modelselection//simulations/alignments/NP_opisthokonta_rep16_AA.fasta.contree
Reading input trees file /home/spielman/dms_modelselection//simulations/alignments/NP_opisthokonta_rep16_AA.fasta.contree
Log-likelihood of consensus tree: -54225.957

Analysis results written to: 
  IQ-TREE report:                /home/spielman/dms_modelselection//simulations/alignments/NP_opisthokonta_rep16_AA.fasta.iqtree
  Maximum-likelihood tree:       /home/spielman/dms_modelselection//simulations/alignments/NP_opisthokonta_rep16_AA.fasta.treefile
  Likelihood distances:          /home/spielman/dms_modelselection//simulations/alignments/NP_opisthokonta_rep16_AA.fasta.mldist

Ultrafast bootstrap approximation results written to:
  Split support values:          /home/spielman/dms_modelselection//simulations/alignments/NP_opisthokonta_rep16_AA.fasta.splits.nex
  Consensus tree:                /home/spielman/dms_modelselection//simulations/alignments/NP_opisthokonta_rep16_AA.fasta.contree
  Screen log file:               /home/spielman/dms_modelselection//simulations/alignments/NP_opisthokonta_rep16_AA.fasta.log

Date and Time: Sun Jun  9 14:20:08 2019
