IQ-TREE multicore version 1.6.9 for Linux 64-bit built Dec 20 2018
Developed by Bui Quang Minh, Nguyen Lam Tung, Olga Chernomor,
Heiko Schmidt, Dominik Schrempf, Michael Woodhams.

Host:    spielmanlab (AVX512, FMA3, 125 GB RAM)
Command: iqtree -quiet -nt AUTO -ntmax 3 -m DCMut -s /home/spielman/dms_modelselection//simulations/alignments/NP_opisthokonta_rep1_AA.fasta -st AA -redo -bb 1000
Seed:    717183 (Using SPRNG - Scalable Parallel Random Number Generator)
Time:    Sun Jun  9 11:27:20 2019
Kernel:  AVX+FMA - auto-detect threads (24 CPU cores detected)

Reading alignment file /home/spielman/dms_modelselection//simulations/alignments/NP_opisthokonta_rep1_AA.fasta ... Fasta format detected
Alignment most likely contains protein sequences
Alignment has 70 sequences with 498 columns, 498 distinct patterns
489 parsimony-informative, 9 singleton sites, 0 constant sites
                                  Gap/Ambiguity  Composition  p-value
   1  Oscarella_carmela                   0.00%    passed     99.45%
   2  Leucetta_chagosensis                0.00%    passed     92.28%
   3  Sycon_raphanus                      0.00%    passed     93.62%
   4  Oopsacas_minuta                     0.00%    passed     86.06%
   5  Carteriospongia_foliascens          0.00%    passed     97.60%
   6  Amphimedon_queenslandica            0.00%    passed     66.69%
   7  Suberites_domuncula                 0.00%    passed     90.70%
   8  Lubomirskia_baicalensis             0.00%    passed     99.91%
   9  Ephydatia_muelleri                  0.00%    passed     98.91%
  10  Trichoplax_adhaerens                0.00%    passed     95.65%
  11  Nematostella_vectensis              0.00%    passed     83.96%
  12  Anemonia_viridis                    0.00%    passed     99.23%
  13  Aiptasia_pallida                    0.00%    passed     99.01%
  14  Metridium_senile                    0.00%    passed     99.54%
  15  Acropora_palmata                    0.00%    passed     82.30%
  16  Acropora_millepora                  0.00%    passed     98.12%
  17  Porites_astreoides                  0.00%    passed     97.97%
  18  Montastraea_faveolata               0.00%    passed     93.75%
  19  Cyanea_capillata                    0.00%    passed     95.73%
  20  Clytia_hemisphaerica                0.00%    passed     92.66%
  21  Podocoryna_carnea                   0.00%    passed     65.09%
  22  Hydractinia_echinata                0.00%    passed     40.40%
  23  Hydra_magnipapillata                0.00%    passed     95.55%
  24  Saccoglossus_kowalevskii            0.00%    passed     99.63%
  25  Ptychodera_flava                    0.00%    passed     99.68%
  26  Strongylocentrotus_purpuratus       0.00%    passed     76.34%
  27  Asterina_pectinifera                0.00%    passed     99.53%
  28  Branchiostoma_floridae              0.00%    passed     92.86%
  29  Petromyzon_marinus                  0.00%    passed     82.21%
  30  Gallus                              0.00%    passed     98.98%
  31  Ciona_intestinalis                  0.00%    passed     86.31%
  32  Halocynthia_roretzi                 0.00%    passed     97.41%
  33  Anoplodactylus_eroticus             0.00%    passed     99.36%
  34  Boophilus_microplus                 0.00%    passed     52.00%
  35  Daphnia_pulex                       0.00%    passed     96.88%
  36  Drosophila_melanogaster             0.00%    passed     82.99%
  37  Euperipatoides_kanangrensis         0.00%    passed     92.78%
  38  Echinoderes_horni                   0.00%    passed     92.78%
  39  Xiphinema_index                     0.00%    passed     68.39%
  40  Cerebratulus_lacteus                0.00%    passed     73.07%
  41  Terebratalia_transversa             0.00%    passed     89.11%
  42  Lottia_gigantea                     0.00%    passed     87.35%
  43  Crassostrea_virginica               0.00%    passed     97.55%
  44  Euprymna_scolopes                   0.00%    passed     94.74%
  45  Capitella_telata                    0.00%    passed     72.86%
  46  Helobdella_robusta                  0.00%    passed     90.38%
  47  Schmidtea_mediterranea              0.00%    passed     89.38%
  48  Paraplanocera_oligoglena            0.00%    passed     74.42%
  49  Xenoturbella_bocki                  0.00%    passed     85.05%
  50  Nemertoderma_westbladi              0.00%    passed     86.69%
  51  Meara_stichopi                      0.00%    passed     95.11%
  52  Isodiametra_pulchra                 0.00%    passed     84.60%
  53  Symsagittifera_roscoffensis         0.00%    passed     89.86%
  54  Convolutriloba_longifissura         0.00%    passed     98.66%
  55  Capsaspora_owczarzaki_ATCC_30864    0.00%    passed     93.22%
  56  Amoebidium_parasiticum              0.00%    passed     91.52%
  57  Sphaeroforma_arctica                0.00%    passed     77.90%
  58  Spizellomyces_punctatus             0.00%    passed     95.82%
  59  Batrachochytrium_dendrobatidis      0.00%    passed     65.98%
  60  Cryptococcus_neoformans             0.00%    passed     45.21%
  61  Saccharomyces_cerevisiae            0.00%    passed     95.38%
  62  Phycomyces_blakesleeanus            0.00%    passed     88.33%
  63  Rhizopus_orizae                     0.00%    passed     97.38%
  64  Monosiga_ovata                      0.00%    passed     80.31%
  65  Salpingoeca_rosetta                 0.00%    passed     91.25%
  66  Monosiga_brevicollis                0.00%    passed     92.56%
  67  Mnemiopsis                          0.00%    passed     86.49%
  68  Mertensiid_sp                       0.00%    passed     85.27%
  69  Pleurobrachia_pileus                0.00%    passed     93.31%
  70  Oscarella_lobularis                 0.00%    passed     93.33%
****  TOTAL                               0.00%  0 sequences failed composition chi2 test (p-value<5%; df=19)

Create initial parsimony tree by phylogenetic likelihood library (PLL)... 0.035 seconds
Generating 1000 samples for ultrafast bootstrap (seed: 717183)...

NOTE: 7 MB RAM (0 GB) is required!
Measuring multi-threading efficiency up to 3 CPU cores
Increase to 10 rounds for branch lengths
15 trees examined
Threads: 1 / Time: 3.170 sec / Speedup: 1.000 / Efficiency: 100% / LogL: -64783
Threads: 2 / Time: 1.726 sec / Speedup: 1.836 / Efficiency: 92% / LogL: -64783
Threads: 3 / Time: 1.257 sec / Speedup: 2.521 / Efficiency: 84% / LogL: -64783
BEST NUMBER OF THREADS: 3

Estimate model parameters (epsilon = 0.100)
1. Initial log-likelihood: -55183.268
Optimal log-likelihood: -54544.906
Parameters optimization took 1 rounds (0.057 sec)
Computing ML distances based on estimated model parameters... 0.601 sec
Computing BIONJ tree...
0.004 seconds
Log-likelihood of BIONJ tree: -54541.688
--------------------------------------------------------------------
|             INITIALIZING CANDIDATE TREE SET                      |
--------------------------------------------------------------------
Generating 98 parsimony trees... 4.372 second
Computing log-likelihood of 98 initial trees ... 3.122 seconds
Current best score: -54525.549

Do NNI search on 20 best initial trees
Estimate model parameters (epsilon = 0.100)
BETTER TREE FOUND at iteration 1: -54519.141
Iteration 10 / LogL: -54519.143 / Time: 0h:0m:17s
Iteration 20 / LogL: -54519.150 / Time: 0h:0m:19s
Finish initializing candidate tree set (3)
Current best tree score: -54519.141 / CPU time: 11.690
Number of iterations: 20
--------------------------------------------------------------------
|               OPTIMIZING CANDIDATE TREE SET                      |
--------------------------------------------------------------------
Iteration 30 / LogL: -54545.829 / Time: 0h:0m:22s (0h:0m:51s left)
Iteration 40 / LogL: -54519.149 / Time: 0h:0m:25s (0h:0m:37s left)
Iteration 50 / LogL: -54545.798 / Time: 0h:0m:28s (0h:0m:28s left)
Log-likelihood cutoff on original alignment: -54581.034
Iteration 60 / LogL: -54525.654 / Time: 0h:0m:31s (0h:0m:21s left)
Iteration 70 / LogL: -54519.145 / Time: 0h:0m:34s (0h:0m:14s left)
Iteration 80 / LogL: -54545.800 / Time: 0h:0m:37s (0h:0m:9s left)
Iteration 90 / LogL: -54546.024 / Time: 0h:0m:40s (0h:0m:4s left)
Iteration 100 / LogL: -54519.167 / Time: 0h:0m:44s (0h:0m:0s left)
Log-likelihood cutoff on original alignment: -54581.034
NOTE: Bootstrap correlation coefficient of split occurrence frequencies: 1.000
TREE SEARCH COMPLETED AFTER 102 ITERATIONS / Time: 0h:0m:45s

--------------------------------------------------------------------
|                    FINALIZING TREE SEARCH                        |
--------------------------------------------------------------------
Performs final model parameters optimization
Estimate model parameters (epsilon = 0.010)
1. Initial log-likelihood: -54519.141
Optimal log-likelihood: -54519.141
Parameters optimization took 1 rounds (0.025 sec)
BEST SCORE FOUND : -54519.141
Creating bootstrap support values...
Split supports printed to NEXUS file /home/spielman/dms_modelselection//simulations/alignments/NP_opisthokonta_rep1_AA.fasta.splits.nex
Total tree length: 27.127

Total number of iterations: 102
CPU time used for tree search: 97.929 sec (0h:1m:37s)
Wall-clock time used for tree search: 37.709 sec (0h:0m:37s)
Total CPU time used: 129.642 sec (0h:2m:9s)
Total wall-clock time used: 45.933 sec (0h:0m:45s)

Computing bootstrap consensus tree...
Reading input file /home/spielman/dms_modelselection//simulations/alignments/NP_opisthokonta_rep1_AA.fasta.splits.nex...
70 taxa and 252 splits.
Consensus tree written to /home/spielman/dms_modelselection//simulations/alignments/NP_opisthokonta_rep1_AA.fasta.contree
Reading input trees file /home/spielman/dms_modelselection//simulations/alignments/NP_opisthokonta_rep1_AA.fasta.contree
Log-likelihood of consensus tree: -54519.141

Analysis results written to: 
  IQ-TREE report:                /home/spielman/dms_modelselection//simulations/alignments/NP_opisthokonta_rep1_AA.fasta.iqtree
  Maximum-likelihood tree:       /home/spielman/dms_modelselection//simulations/alignments/NP_opisthokonta_rep1_AA.fasta.treefile
  Likelihood distances:          /home/spielman/dms_modelselection//simulations/alignments/NP_opisthokonta_rep1_AA.fasta.mldist

Ultrafast bootstrap approximation results written to:
  Split support values:          /home/spielman/dms_modelselection//simulations/alignments/NP_opisthokonta_rep1_AA.fasta.splits.nex
  Consensus tree:                /home/spielman/dms_modelselection//simulations/alignments/NP_opisthokonta_rep1_AA.fasta.contree
  Screen log file:               /home/spielman/dms_modelselection//simulations/alignments/NP_opisthokonta_rep1_AA.fasta.log

Date and Time: Sun Jun  9 11:28:06 2019
