IQ-TREE multicore version 1.6.9 for Linux 64-bit built Dec 20 2018
Developed by Bui Quang Minh, Nguyen Lam Tung, Olga Chernomor,
Heiko Schmidt, Dominik Schrempf, Michael Woodhams.

Host:    spielmanlab (AVX512, FMA3, 125 GB RAM)
Command: iqtree -quiet -nt AUTO -ntmax 7 -m mtART -s /home/spielman/dms_modelselection//simulations/alignments/NP_ruhfel_rep9_AA.fasta -st AA -redo -bb 1000
Seed:    241681 (Using SPRNG - Scalable Parallel Random Number Generator)
Time:    Tue Jun 11 07:28:38 2019
Kernel:  AVX+FMA - auto-detect threads (24 CPU cores detected)

Reading alignment file /home/spielman/dms_modelselection//simulations/alignments/NP_ruhfel_rep9_AA.fasta ... Fasta format detected
Alignment most likely contains protein sequences
Alignment has 360 sequences with 498 columns, 498 distinct patterns
496 parsimony-informative, 2 singleton sites, 0 constant sites
                                  Gap/Ambiguity  Composition  p-value
   1  Keteleeria_davidiana                0.00%    passed     91.47%
   2  Abies_firma                         0.00%    passed     97.71%
   3  Abolboda_macrostachya               0.00%    passed     88.69%
   4  Cyperus_alternifolius               0.00%    passed     94.86%
   5  Juncus_effusus                      0.00%    passed     78.03%
   6  Thurnia_sphaerocephala              0.00%    passed    100.00%
   7  Acidosasa_purpurea                  0.00%    passed     96.27%
   8  Ferrocalamus_rimosivaginus          0.00%    passed     97.20%
   9  Indocalamus_longiauritus            0.00%    passed     95.41%
  10  Phyllostachys_edulis                0.00%    passed     94.97%
  11  Phyllostachys_nigra                 0.00%    passed     94.97%
  12  Phyllostachys_propinqua             0.00%    passed     95.41%
  13  Bambusa_emeiensis                   0.00%    passed     92.85%
  14  Bambusa_oldhamii                    0.00%    passed     94.09%
  15  Dendrocalamus_latiflorus            0.00%    passed     93.41%
  16  Agrostis_stolonifera                0.00%    passed     97.75%
  17  Festuca_arundinacea                 0.00%    passed     93.07%
  18  Lolium_perenne                      0.00%    passed     97.04%
  19  Hordeum_vulgare                     0.00%    passed     99.10%
  20  Triticum_aestivum                   0.00%    passed     96.38%
  21  Brachypodium_distachyon             0.00%    passed     94.19%
  22  Leersia_tisserantii                 0.00%    passed     96.65%
  23  Oryza_australiensis                 0.00%    passed     95.18%
  24  Oryza_meridionalis                  0.00%    passed     94.94%
  25  Oryza_rufipogonB                    0.00%    passed     94.94%
  26  Oryza_nivara                        0.00%    passed     95.04%
  27  Oryza_rufipogonA                    0.00%    passed     95.63%
  28  Oryza_sativaIndica                  0.00%    passed     95.63%
  29  Oryza_sativaJaponica                0.00%    passed     95.63%
  30  Potamophila_parviflora              0.00%    passed     97.41%
  31  Rhynchoryza_subulata                0.00%    passed     97.57%
  32  Microlaena_stipoides                0.00%    passed     95.47%
  33  Coix_lacryma                        0.00%    passed     98.07%
  34  Saccharum_hybrid310                 0.00%    passed     97.97%
  35  Sorghum_bicolor                     0.00%    passed     98.41%
  36  Zea_mays                            0.00%    passed     96.90%
  37  Panicum_virgatum                    0.00%    passed     97.90%
  38  Eleusine_coracana                   0.00%    passed     97.59%
  39  Puelia_olyriformis                  0.00%    passed     99.40%
  40  Anomochloa_marantoidea              0.00%    passed     91.52%
  41  Streptochaeta_angustifolia          0.00%    passed     99.45%
  42  Ecdeiocolea_monostachya             0.00%    passed     98.66%
  43  Georgeantha_hexandra                0.00%    passed     99.46%
  44  Joinvillea_ascendens                0.00%    passed     99.74%
  45  Flagellaria_indica                  0.00%    passed     99.85%
  46  Centrolepis_monogyna                0.00%    passed     99.76%
  47  Thamnochortus_insignis              0.00%    passed     99.90%
  48  Mayaca_fluviatilis                  0.00%    passed     97.42%
  49  Syngonanthus_chrysanthus            0.00%    passed     92.52%
  50  Potarophytum_riparium               0.00%    passed     99.82%
  51  Sparganium_eurycarpum               0.00%    passed     99.91%
  52  Typha_latifolia                     0.00%    passed     99.96%
  53  Brocchinia_micrantha                0.00%    passed     99.96%
  54  Fosterella_caulescens               0.00%    passed     99.94%
  55  Pitcairnia_feliciana                0.00%    passed     99.97%
  56  Neoregelia_carolinae                0.00%    passed     99.98%
  57  Puya_laxa                           0.00%    passed     99.89%
  58  Navia_saxicola                      0.00%    passed     99.99%
  59  Belosynapsis_ciliata                0.00%    passed     99.88%
  60  Tradescantia_ohiensis               0.00%    passed     99.49%
  61  Musa_acuminata                      0.00%    passed     99.79%
  62  Renealmia_alpinia                   0.00%    passed     99.99%
  63  Chamaedorea_seifrizii               0.00%    passed     99.99%
  64  Elaeis_oleifera                     0.00%    passed     99.96%
  65  Ravenea_hildebrandtii               0.00%    passed     99.93%
  66  Phoenix_dactylifera                 0.00%    passed     99.83%
  67  Dasypogon_bromeliifolius            0.00%    passed     99.99%
  68  Kingia_australis                    0.00%    passed     99.98%
  69  Agapanthus_praecox                  0.00%    passed     99.99%
  70  Albuca_kirkii                       0.00%    passed     99.93%
  71  Chlorophytum_rhizopendulum          0.00%    passed     99.97%
  72  Hesperaloe_parviflora               0.00%    passed     99.97%
  73  Yucca_schidigera                    0.00%    passed     99.99%
  74  Hosta_ventricosa                    0.00%    passed     99.96%
  75  Asparagus_officinalis               0.00%    passed     99.93%
  76  Lomandra_longifolia                 0.00%    passed     99.94%
  77  Nolina_atopocarpa                   0.00%    passed    100.00%
  78  Phormium_tenax                      0.00%    passed     99.99%
  79  Iris_virginica                      0.00%    passed     99.57%
  80  Curculigo_capitulata                0.00%    passed     99.97%
  81  Neoastelia_spectabilis              0.00%    passed     99.99%
  82  Apostasia_wallichii                 0.00%    passed     99.57%
  83  Neottia_nidus                       0.00%    passed     94.97%
  84  Rhizanthella_gardneri               0.00%    passed     97.50%
  85  Oncidium_Gower                      0.00%    passed     80.77%
  86  Phalaenopsis_aphrodite              0.00%    passed     92.00%
  87  Dioscorea_elephantipes              0.00%    passed     99.99%
  88  Pandanus_utilis                     0.00%    passed     99.99%
  89  Lilium_superbum                     0.00%    passed     99.84%
  90  Colocasia_esculenta                 0.00%    passed     99.82%
  91  Lemna_minor                         0.00%    passed     99.74%
  92  Wolffia_australiana                 0.00%    passed     99.68%
  93  Wolffiella_lingulata                0.00%    passed     99.48%
  94  Spirodela_polyrhiza                 0.00%    passed     99.19%
  95  Acorus_americanus                   0.00%    passed     99.99%
  96  Acorus_calamus                      0.00%    passed     99.99%
  97  Ceratophyllum_demersum              0.00%    passed     99.96%
  98  Piper_cenocladum                    0.00%    passed     99.99%
  99  Aethionema_cordifolium              0.00%    passed     93.54%
 100  Aethionema_grandiflorum             0.00%    passed     91.63%
 101  Arabidopsis_thaliana                0.00%    passed     99.94%
 102  Capsella_bursa                      0.00%    passed     99.89%
 103  Olimarabidopsis_pumila              0.00%    passed     99.80%
 104  Crucihimalaya_wallichii             0.00%    passed     99.81%
 105  Barbarea_verna                      0.00%    passed     99.95%
 106  Nasturtium_officinale               0.00%    passed     99.97%
 107  Lepidium_virginicum                 0.00%    passed     99.88%
 108  Arabis_hirsuta                      0.00%    passed     99.91%
 109  Draba_nemorosa                      0.00%    passed     99.94%
 110  Lobularia_maritima                  0.00%    passed     99.95%
 111  Carica_papaya                       0.00%    passed     99.99%
 112  Gossypium_arboreum                  0.00%    passed    100.00%
 113  Gossypium_herbaceum                 0.00%    passed    100.00%
 114  Gossypium_thurberi                  0.00%    passed     99.99%
 115  Gossypium_barbadense                0.00%    passed     99.99%
 116  Gossypium_tomentosum                0.00%    passed    100.00%
 117  Gossypium_darwinii                  0.00%    passed    100.00%
 118  Gossypium_hirsutum                  0.00%    passed    100.00%
 119  Gossypium_mustelinum                0.00%    passed    100.00%
 120  Gossypium_raimondii                 0.00%    passed    100.00%
 121  Theobroma_cacao                     0.00%    passed     99.91%
 122  Citrus_sinensis                     0.00%    passed     99.50%
 123  Staphylea_colchica                  0.00%    passed     99.72%
 124  Bulnesia_arborea                    0.00%    passed     99.24%
 125  Erodium_carvifolium                 0.00%    passed     97.39%
 126  Erodium_texanum                     0.00%    passed     99.22%
 127  Geranium_palmatum                   0.00%    passed     99.99%
 128  Monsonia_speciosa                   0.00%    passed     98.40%
 129  Pelargonium_x                       0.00%    passed     95.21%
 130  Eucalyptus_globulus                 0.00%    passed     99.91%
 131  Eucalyptus_grandis                  0.00%    passed     99.91%
 132  Oenothera_argillicola               0.00%    passed     92.29%
 133  Oenothera_parviflora                0.00%    passed     92.29%
 134  Oenothera_biennis                   0.00%    passed     92.29%
 135  Oenothera_elata                     0.00%    passed     92.29%
 136  Oenothera_glazioviana               0.00%    passed     90.13%
 137  Castanea_mollissima                 0.00%    passed     99.51%
 138  Quercus_nigra                       0.00%    passed     99.51%
 139  Ficus_sp                            0.00%    passed     99.27%
 140  Morus_indica                        0.00%    passed     99.96%
 141  Fragaria_vesca                      0.00%    passed     99.66%
 142  Pentactina_rupicola                 0.00%    passed     99.56%
 143  Pyrus_pyrifolia                     0.00%    passed     97.84%
 144  Prunus_persica                      0.00%    passed     97.45%
 145  Cicer_arietinum                     0.00%    passed     96.06%
 146  Lathyrus_sativus                    0.00%    passed     93.42%
 147  Pisum_sativum                       0.00%    passed     95.95%
 148  Trifolium_subterraneum              0.00%    passed     81.10%
 149  Medicago_truncatula                 0.00%    passed     95.72%
 150  Lotus_japonicus                     0.00%    passed     99.72%
 151  Glycine_max                         0.00%    passed     97.84%
 152  Phaseolus_vulgaris                  0.00%    passed     99.44%
 153  Vigna_radiata                       0.00%    passed     98.08%
 154  Millettia_pinnata                   0.00%    passed     95.53%
 155  Corynocarpus_laevigata              0.00%    passed     99.69%
 156  Cucumis_melo                        0.00%    passed     99.70%
 157  Cucumis_sativus                     0.00%    passed     99.42%
 158  Euonymus_americanus                 0.00%    passed     99.56%
 159  Oxalis_latifolia                    0.00%    passed     80.05%
 160  Hevea_brasiliensis                  0.00%    passed     99.76%
 161  Manihot_esculenta                   0.00%    passed     99.65%
 162  Ricinus_communis                    0.00%    passed     98.80%
 163  Jatropha_curcas                     0.00%    passed     98.90%
 164  Passiflora_biflora                  0.00%    passed     70.71%
 165  Populus_alba                        0.00%    passed     98.51%
 166  Populus_trichocarpa                 0.00%    passed     98.46%
 167  Heuchera_sanguinea                  0.00%    passed     99.91%
 168  Liquidambar_styraciflua             0.00%    passed     99.92%
 169  Vitis_vinifera                      0.00%    passed     99.99%
 170  Dillenia_indica                     0.00%    passed     99.93%
 171  Ageratina_adenophora                0.00%    passed     99.67%
 172  Helianthus_annuus                   0.00%    passed     99.80%
 173  Parthenium_argentatum               0.00%    passed     99.83%
 174  Guizotia_abyssinica                 0.00%    passed     99.67%
 175  Jacobaea_vulgaris                   0.00%    passed     99.80%
 176  Lactuca_sativa                      0.00%    passed     99.91%
 177  Scaevola_aemula                     0.00%    passed     99.05%
 178  Trachelium_caeruleum                0.00%    passed     97.70%
 179  Anethum_graveolens                  0.00%    passed     99.96%
 180  Petroselinum_crispum                0.00%    passed     99.98%
 181  Crithmum_maritimum                  0.00%    passed     99.99%
 182  Anthriscus_cerefolium               0.00%    passed     99.98%
 183  Daucus_carota                       0.00%    passed    100.00%
 184  Oxypolis_greenmanii                 0.00%    passed     99.97%
 185  Eleutherococcus_senticosus          0.00%    passed     99.99%
 186  Panax_ginseng                       0.00%    passed     99.99%
 187  Hydrocotyle_sp                      0.00%    passed     99.98%
 188  Lonicera_japonica                   0.00%    passed    100.00%
 189  Ilex_cornuta                        0.00%    passed     99.97%
 190  Antirrhinum_majus                   0.00%    passed     99.77%
 191  Epifagus_virginiana                 0.00%    passed     93.25%
 192  Boea_hygrometrica                   0.00%    passed     99.43%
 193  Sesamum_indicum                     0.00%    passed     99.80%
 194  Jasminum_nudiflorum                 0.00%    passed     98.97%
 195  Olea_europaeacuspi                  0.00%    passed    100.00%
 196  Olea_europaeaeuro                   0.00%    passed    100.00%
 197  Olea_europaeamaro                   0.00%    passed    100.00%
 198  Olea_woodiana                       0.00%    passed    100.00%
 199  Atropa_belladonna                   0.00%    passed     99.86%
 200  Solanum_bulbocastanum               0.00%    passed     99.85%
 201  Solanum_tuberosum                   0.00%    passed     99.91%
 202  Solanum_lycopersicum                0.00%    passed     99.96%
 203  Nicotiana_sylvestris                0.00%    passed     99.93%
 204  Nicotiana_tabacum                   0.00%    passed     99.92%
 205  Nicotiana_tomentosiformis           0.00%    passed     99.94%
 206  Nicotiana_undulata                  0.00%    passed     99.93%
 207  Cuscuta_exaltata                    0.00%    passed     88.33%
 208  Cuscuta_reflexa                     0.00%    passed     96.58%
 209  Cuscuta_gronovii                    0.00%    passed     94.90%
 210  Cuscuta_obtusiflora                 0.00%    passed     75.58%
 211  Ipomoea_purpurea                    0.00%    passed     96.55%
 212  Coffea_arabica                      0.00%    passed     99.76%
 213  Nerium_oleander                     0.00%    passed     99.85%
 214  Ehretia_acuminata                   0.00%    passed     99.98%
 215  Aucuba_japonica                     0.00%    passed     99.94%
 216  Arbutus_unedo                       0.00%    passed     99.32%
 217  Rhododendron_simsii                 0.00%    passed     98.39%
 218  Franklinia_alatamaha                0.00%    passed     99.89%
 219  Cornus_florida                      0.00%    passed    100.00%
 220  Davidia_involucrata                 0.00%    passed    100.00%
 221  Anredera_baselloides                0.00%    passed     98.70%
 222  Blossfeldia_liliputana              0.00%    passed     97.30%
 223  Weingartia_kargliana                0.00%    passed     76.26%
 224  Opuntia_decumbens                   0.00%    passed     96.41%
 225  Pereskiopsis_diguetii               0.00%    passed     97.21%
 226  Maihuenia_poeppigii                 0.00%    passed     99.73%
 227  Pereskia_sacharosa                  0.00%    passed     99.09%
 228  Portulaca_oleracea                  0.00%    passed     98.76%
 229  Didierea_madagascariensis           0.00%    passed     99.58%
 230  Portulacaria_afra                   0.00%    passed     99.93%
 231  Mollugo_verticillata                0.00%    passed     99.48%
 232  Silene_conica                       0.00%    passed     95.68%
 233  Silene_noctiflora                   0.00%    passed     97.80%
 234  Silene_latifolia                    0.00%    passed     99.92%
 235  Silene_vulgaris                     0.00%    passed     99.92%
 236  Spinacia_oleracea                   0.00%    passed     99.70%
 237  Fagopyrum_esculentum                0.00%    passed     99.90%
 238  Plumbago_auriculata                 0.00%    passed     94.51%
 239  Berberidopsis_corallina             0.00%    passed     99.96%
 240  Phoradendron_serotinum              0.00%    passed     99.40%
 241  Ximenia_americana                   0.00%    passed     99.89%
 242  Gunnera_manicata                    0.00%    passed     99.96%
 243  Buxus_microphylla                   0.00%    passed     99.99%
 244  Trochodendron_aralioides            0.00%    passed    100.00%
 245  Meliosma_aff_cuneifolia             0.00%    passed    100.00%
 246  Nelumbo_lutea                       0.00%    passed    100.00%
 247  Nelumbo_nuciferaNC                  0.00%    passed    100.00%
 248  Platanus_occidentalis               0.00%    passed    100.00%
 249  Megaleranthis_saniculifolia         0.00%    passed     99.99%
 250  Ranunculus_macranthus               0.00%    passed     99.63%
 251  Nandina_domestica                   0.00%    passed     99.88%
 252  Calycanthus_floridus                0.00%    passed     99.63%
 253  Liriodendron_tulipifera             0.00%    passed     99.99%
 254  Magnolia_kwangsiensis               0.00%    passed     99.98%
 255  Drimys_granadensis                  0.00%    passed    100.00%
 256  Chloranthus_spicatus                0.00%    passed    100.00%
 257  Illicium_oligandrum                 0.00%    passed     99.95%
 258  Nuphar_advena                       0.00%    passed    100.00%
 259  Nymphaea_alba                       0.00%    passed     99.94%
 260  Amborella_trichopoda                0.00%    passed     99.96%
 261  Adiantum_capillus                   0.00%    passed     90.04%
 262  Cheilanthes_lindheimeri             0.00%    passed     89.32%
 263  Pteridium_aquilinum                 0.00%    passed     42.88%
 264  Alsophila_spinulosa                 0.00%    passed     76.31%
 265  Angiopteris_evecta                  0.00%    passed     92.93%
 266  Equisetum_arvense                   0.00%    passed     75.80%
 267  Psilotum_nudum                      0.00%    passed     49.22%
 268  Aneura_mirabilis                    0.00%    passed     44.81%
 269  Ptilidium_pulcherrimum              0.00%    passed     91.58%
 270  Marchantia_polymorpha               0.00%    passed     80.99%
 271  Physcomitrella_patens               0.00%    passed     92.58%
 272  Syntrichia_ruralis                  0.00%    passed     40.32%
 273  Bryopsis_hypnoides                  0.00%    passed     68.33%
 274  Chlamydomonas_reinhardtii           0.00%    passed     73.00%
 275  Volvox_carteri                      0.00%    passed     92.55%
 276  Dunaliella_salina                   0.00%    passed     93.27%
 277  Scenedesmus_obliquus                0.00%    passed     82.50%
 278  Floydiella_terrestris               0.00%    passed     66.40%
 279  Schizomeris_leibleinii              0.00%    passed     85.84%
 280  Stigeoclonium_helveticum            0.00%    passed     50.36%
 281  Oedogonium_cardiacum                0.00%    passed     45.40%
 282  Chlorella_variabilis                0.00%    passed     40.48%
 283  Chlorella_vulgaris                  0.00%    passed     39.04%
 284  Parachlorella_kessleri              0.00%    passed     44.47%
 285  Helicosporidium_sp                  0.00%    passed     26.36%
 286  Pedinomonas_minor                   0.00%    passed     94.10%
 287  Oltmannsiellopsis_viridis           0.00%    passed     35.06%
 288  Pseudendoclonium_akinetum           0.00%    passed     71.96%
 289  Coccomyxa_sp                        0.00%    passed     78.82%
 290  Leptosira_terrestris                0.00%    passed     95.24%
 291  Oocystis_solitaria                  0.00%    passed     96.46%
 292  Micromonas_pusilla                  0.00%    passed     53.06%
 293  Micromonas_sp                       0.00%    passed     48.72%
 294  Ostreococcus_tauri                  0.00%    passed     22.66%
 295  Monomastix_sp                       0.00%    passed     59.02%
 296  Pyramimonas_parkeae                 0.00%    passed     29.58%
 297  Pycnococcus_provasolii              0.00%    passed     57.53%
 298  Nephroselmis_olivacea               0.00%    passed     80.63%
 299  Chlorokybus_atmophyticus            0.00%    passed     97.25%
 300  Mesostigma_viride                   0.00%    passed     73.75%
 301  Chara_vulgaris                      0.00%    passed     88.34%
 302  Chaetosphaeridium_globosum          0.00%    passed     96.59%
 303  Staurastrum_punctulatum             0.00%    passed     49.77%
 304  Zygnema_circumcarinatum             0.00%    passed     87.66%
 305  Anthoceros_formosae                 0.00%    passed     66.59%
 306  Huperzia_lucidula                   0.00%    passed     90.23%
 307  Isoetes_flaccida                    0.00%    passed     72.46%
 308  Selaginella_moellendorffii          0.00%    passed     91.72%
 309  Selaginella_uncinata                0.00%    passed     76.88%
 310  Cycas_micronesica                   0.00%    passed     99.94%
 311  Cycas_taitungensis                  0.00%    passed     99.93%
 312  Ginkgo_biloba                       0.00%    passed     94.42%
 313  Agathis_australis                   0.00%    passed     97.27%
 314  Halocarpus_kirkii                   0.00%    passed     98.57%
 315  Podocarpus_totara                   0.00%    passed     99.21%
 316  Cephalotaxus_wilsoniana             0.00%    passed     96.67%
 317  Cryptomeria_japonica                0.00%    passed     90.89%
 318  Taiwania_cryptomerioides            0.00%    passed     88.09%
 319  Ephedra_equisetina                  0.00%    passed     40.85%
 320  Gnetum_parvifolium                  0.00%    passed     93.12%
 321  Welwitschia_mirabilis               0.00%    passed     24.79%
 322  Cedrus_deodaraNC                    0.00%    passed     99.13%
 323  Cathaya_argyrophylla                0.00%    passed     93.36%
 324  Pinus_albicaulis                    0.00%    passed     85.85%
 325  Pinus_armandii                      0.00%    passed     86.31%
 326  Pinus_cembra                        0.00%    passed     85.04%
 327  Pinus_sibirica                      0.00%    passed     85.04%
 328  Pinus_koraiensis                    0.00%    passed     85.02%
 329  Pinus_lambertiana                   0.00%    passed     83.06%
 330  Pinus_parviflora_var_pentaphylla    0.00%    passed     82.69%
 331  Pinus_monticola                     0.00%    passed     83.06%
 332  Pinus_peuce                         0.00%    passed     79.76%
 333  Pinus_ayacahuite                    0.00%    passed     75.96%
 334  Pinus_flexilis                      0.00%    passed     75.96%
 335  Pinus_strobus                       0.00%    passed     81.71%
 336  Pinus_krempfii                      0.00%    passed     83.81%
 337  Pinus_gerardiana                    0.00%    passed     84.55%
 338  Pinus_squamata                      0.00%    passed     87.49%
 339  Pinus_aristata                      0.00%    passed     93.79%
 340  Pinus_nelsonii                      0.00%    passed     95.79%
 341  Pinus_monophylla                    0.00%    passed     96.97%
 342  Pinus_rzedowskii                    0.00%    passed     93.95%
 343  Pinus_attenuata                     0.00%    passed     96.48%
 344  Pinus_leiophylla_var_chihuahuana    0.00%    passed     96.25%
 345  Pinus_taeda                         0.00%    passed     92.93%
 346  Pinus_ponderosa                     0.00%    passed     96.00%
 347  Pinus_torreyana_subsp_insularis     0.00%    passed     96.03%
 348  Pinus_torreyana_subsp_torreyana     0.00%    passed     96.03%
 349  Pinus_banksiana                     0.00%    passed     95.56%
 350  Pinus_contorta                      0.00%    passed     95.84%
 351  Pinus_canariensis                   0.00%    passed     96.63%
 352  Pinus_pinaster                      0.00%    passed     95.55%
 353  Pinus_merkusii                      0.00%    passed     95.64%
 354  Pinus_resinosa                      0.00%    passed     97.18%
 355  Pinus_thunbergiiNC                  0.00%    passed     99.62%
 356  Picea_morrisonicola                 0.00%    passed     98.88%
 357  Picea_sitchensis                    0.00%    passed     99.04%
 358  Larix_decidua                       0.00%    passed     97.78%
 359  Larix_occidentalis                  0.00%    passed     98.56%
 360  Pseudotsuga_sinensis                0.00%    passed     99.12%
****  TOTAL                               0.00%  0 sequences failed composition chi2 test (p-value<5%; df=19)
NOTE: Phyllostachys_propinqua is identical to Indocalamus_longiauritus but kept for subsequent analysis
NOTE: Phyllostachys_nigra is identical to Phyllostachys_edulis but kept for subsequent analysis
NOTE: Oryza_rufipogonB is identical to Oryza_meridionalis but kept for subsequent analysis
NOTE: Oryza_sativaIndica is identical to Oryza_rufipogonA but kept for subsequent analysis
NOTE: Acorus_calamus is identical to Acorus_americanus but kept for subsequent analysis
NOTE: Gossypium_herbaceum is identical to Gossypium_arboreum but kept for subsequent analysis
NOTE: Eucalyptus_grandis is identical to Eucalyptus_globulus but kept for subsequent analysis
NOTE: Oenothera_parviflora is identical to Oenothera_argillicola but kept for subsequent analysis
NOTE: Quercus_nigra is identical to Castanea_mollissima but kept for subsequent analysis
NOTE: Olea_europaeamaro is identical to Olea_europaeaeuro but kept for subsequent analysis
NOTE: Pinus_sibirica is identical to Pinus_cembra but kept for subsequent analysis
NOTE: Pinus_monticola is identical to Pinus_lambertiana but kept for subsequent analysis
NOTE: Pinus_flexilis is identical to Pinus_ayacahuite but kept for subsequent analysis
NOTE: Pinus_torreyana_subsp_torreyana is identical to Pinus_torreyana_subsp_insularis but kept for subsequent analysis
NOTE: 6 identical sequences (see below) will be ignored for subsequent analysis
NOTE: Oryza_sativaJaponica (identical to Oryza_rufipogonA) is ignored but added at the end
NOTE: Gossypium_tomentosum (identical to Gossypium_arboreum) is ignored but added at the end
NOTE: Gossypium_darwinii (identical to Gossypium_arboreum) is ignored but added at the end
NOTE: Gossypium_mustelinum (identical to Gossypium_arboreum) is ignored but added at the end
NOTE: Oenothera_biennis (identical to Oenothera_argillicola) is ignored but added at the end
NOTE: Oenothera_elata (identical to Oenothera_argillicola) is ignored but added at the end

For your convenience alignment with unique sequences printed to /home/spielman/dms_modelselection//simulations/alignments/NP_ruhfel_rep9_AA.fasta.uniqueseq.phy

Create initial parsimony tree by phylogenetic likelihood library (PLL)... 0.171 seconds
Generating 1000 samples for ultrafast bootstrap (seed: 241681)...

NOTE: 30 MB RAM (0 GB) is required!
Measuring multi-threading efficiency up to 7 CPU cores
Increase to 10 rounds for branch lengths
9 trees examined
Threads: 1 / Time: 7.911 sec / Speedup: 1.000 / Efficiency: 100% / LogL: -233298
Threads: 2 / Time: 5.003 sec / Speedup: 1.581 / Efficiency: 79% / LogL: -233298
Threads: 3 / Time: 3.885 sec / Speedup: 2.036 / Efficiency: 68% / LogL: -233298
Threads: 4 / Time: 3.296 sec / Speedup: 2.400 / Efficiency: 60% / LogL: -233298
Threads: 5 / Time: 3.087 sec / Speedup: 2.563 / Efficiency: 51% / LogL: -233298
Threads: 6 / Time: 3.858 sec / Speedup: 2.050 / Efficiency: 34% / LogL: -233298
BEST NUMBER OF THREADS: 5

Estimate model parameters (epsilon = 0.100)
1. Initial log-likelihood: -99633.223
Optimal log-likelihood: -98730.884
Parameters optimization took 1 rounds (0.144 sec)
Computing ML distances based on estimated model parameters... 11.831 sec
WARNING: Some pairwise ML distances are too long (saturated)
Computing BIONJ tree...
0.100 seconds
Log-likelihood of BIONJ tree: -99558.399
--------------------------------------------------------------------
|             INITIALIZING CANDIDATE TREE SET                      |
--------------------------------------------------------------------
Generating 98 parsimony trees... 16.746 second
Computing log-likelihood of 98 initial trees ... 8.751 seconds
Current best score: -98700.711

Do NNI search on 20 best initial trees
Estimate model parameters (epsilon = 0.100)
BETTER TREE FOUND at iteration 1: -98646.795
Estimate model parameters (epsilon = 0.100)
BETTER TREE FOUND at iteration 2: -98644.458
BETTER TREE FOUND at iteration 8: -98644.457
Iteration 10 / LogL: -98644.457 / Time: 0h:1m:8s
BETTER TREE FOUND at iteration 11: -98644.456
BETTER TREE FOUND at iteration 16: -98644.456
Iteration 20 / LogL: -98646.795 / Time: 0h:1m:20s
Finish initializing candidate tree set (20)
Current best tree score: -98644.456 / CPU time: 49.944
Number of iterations: 20
--------------------------------------------------------------------
|               OPTIMIZING CANDIDATE TREE SET                      |
--------------------------------------------------------------------
Estimate model parameters (epsilon = 0.100)
BETTER TREE FOUND at iteration 22: -98632.819
Estimate model parameters (epsilon = 0.100)
BETTER TREE FOUND at iteration 24: -98631.660
Iteration 30 / LogL: -98651.217 / Time: 0h:1m:31s (0h:4m:53s left)
BETTER TREE FOUND at iteration 33: -98631.659
BETTER TREE FOUND at iteration 39: -98631.657
Iteration 40 / LogL: -98637.090 / Time: 0h:1m:41s (0h:4m:15s left)
Iteration 50 / LogL: -98667.768 / Time: 0h:1m:50s (0h:3m:20s left)
Log-likelihood cutoff on original alignment: -98727.960
BETTER TREE FOUND at iteration 51: -98631.657
Iteration 60 / LogL: -98640.437 / Time: 0h:2m:1s (0h:3m:7s left)
BETTER TREE FOUND at iteration 64: -98631.655
BETTER TREE FOUND at iteration 69: -98631.654
Iteration 70 / LogL: -98636.386 / Time: 0h:2m:12s (0h:3m:8s left)
Estimate model parameters (epsilon = 0.100)
BETTER TREE FOUND at iteration 72: -98630.168
Iteration 80 / LogL: -98725.300 / Time: 0h:2m:22s (0h:2m:44s left)
Estimate model parameters (epsilon = 0.100)
BETTER TREE FOUND at iteration 81: -98625.893
Iteration 90 / LogL: -98632.507 / Time: 0h:2m:32s (0h:2m:35s left)
Iteration 100 / LogL: -98630.235 / Time: 0h:2m:42s (0h:2m:12s left)
Log-likelihood cutoff on original alignment: -98722.870
NOTE: Bootstrap correlation coefficient of split occurrence frequencies: 0.993
BETTER TREE FOUND at iteration 107: -98625.893
Iteration 110 / LogL: -98638.711 / Time: 0h:2m:52s (0h:2m:32s left)
BETTER TREE FOUND at iteration 116: -98625.890
Iteration 120 / LogL: -98644.747 / Time: 0h:3m:2s (0h:2m:26s left)
Iteration 130 / LogL: -98625.890 / Time: 0h:3m:12s (0h:2m:7s left)
Iteration 140 / LogL: -98796.805 / Time: 0h:3m:22s (0h:1m:50s left)
BETTER TREE FOUND at iteration 147: -98625.888
Iteration 150 / LogL: -98645.175 / Time: 0h:3m:32s (0h:2m:18s left)
Log-likelihood cutoff on original alignment: -98722.870
BETTER TREE FOUND at iteration 160: -98625.887
Iteration 160 / LogL: -98625.887 / Time: 0h:3m:43s (0h:2m:20s left)
BETTER TREE FOUND at iteration 161: -98625.886
Iteration 170 / LogL: -98625.887 / Time: 0h:3m:53s (0h:2m:5s left)
BETTER TREE FOUND at iteration 180: -98625.886
Iteration 180 / LogL: -98625.886 / Time: 0h:4m:3s (0h:2m:15s left)
BETTER TREE FOUND at iteration 186: -98625.885
BETTER TREE FOUND at iteration 190: -98625.885
Iteration 190 / LogL: -98625.885 / Time: 0h:4m:13s (0h:2m:13s left)
Iteration 200 / LogL: -98633.986 / Time: 0h:4m:23s (0h:1m:58s left)
Log-likelihood cutoff on original alignment: -98722.870
NOTE: Bootstrap correlation coefficient of split occurrence frequencies: 0.997
Iteration 210 / LogL: -98627.672 / Time: 0h:4m:34s (0h:1m:58s left)
Iteration 220 / LogL: -98669.747 / Time: 0h:4m:45s (0h:1m:44s left)
Iteration 230 / LogL: -98732.240 / Time: 0h:4m:55s (0h:1m:30s left)
Iteration 240 / LogL: -98632.501 / Time: 0h:5m:5s (0h:1m:16s left)
Iteration 250 / LogL: -98625.886 / Time: 0h:5m:15s (0h:1m:3s left)
Log-likelihood cutoff on original alignment: -98722.870
BETTER TREE FOUND at iteration 259: -98625.885
Iteration 260 / LogL: -98629.380 / Time: 0h:5m:26s (0h:2m:4s left)
Iteration 270 / LogL: -98657.132 / Time: 0h:5m:36s (0h:1m:51s left)
Iteration 280 / LogL: -98657.650 / Time: 0h:5m:46s (0h:1m:38s left)
Iteration 290 / LogL: -98625.886 / Time: 0h:5m:57s (0h:1m:25s left)
Iteration 300 / LogL: -98684.754 / Time: 0h:6m:7s (0h:1m:12s left)
Log-likelihood cutoff on original alignment: -98722.870
NOTE: Bootstrap correlation coefficient of split occurrence frequencies: 0.997
Iteration 310 / LogL: -98627.041 / Time: 0h:6m:18s (0h:1m:50s left)
Iteration 320 / LogL: -98704.640 / Time: 0h:6m:28s (0h:1m:37s left)
BETTER TREE FOUND at iteration 323: -98625.884
Iteration 330 / LogL: -98625.886 / Time: 0h:6m:39s (0h:1m:52s left)
BETTER TREE FOUND at iteration 340: -98625.883
Iteration 340 / LogL: -98625.883 / Time: 0h:6m:49s (0h:2m:0s left)
Iteration 350 / LogL: -98627.040 / Time: 0h:6m:59s (0h:1m:47s left)
Log-likelihood cutoff on original alignment: -98722.870
BETTER TREE FOUND at iteration 354: -98625.883
Iteration 360 / LogL: -98625.884 / Time: 0h:7m:10s (0h:1m:52s left)
Iteration 370 / LogL: -98628.226 / Time: 0h:7m:20s (0h:1m:40s left)
Iteration 380 / LogL: -98816.186 / Time: 0h:7m:31s (0h:1m:27s left)
Iteration 390 / LogL: -98673.539 / Time: 0h:7m:41s (0h:1m:15s left)
Iteration 400 / LogL: -98633.984 / Time: 0h:7m:51s (0h:1m:3s left)
Log-likelihood cutoff on original alignment: -98722.870
NOTE: Bootstrap correlation coefficient of split occurrence frequencies: 0.999
Iteration 410 / LogL: -98630.318 / Time: 0h:8m:3s (0h:1m:46s left)
BETTER TREE FOUND at iteration 412: -98625.883
Iteration 420 / LogL: -98628.311 / Time: 0h:8m:13s (0h:1m:48s left)
Iteration 430 / LogL: -98630.162 / Time: 0h:8m:23s (0h:1m:36s left)
Iteration 440 / LogL: -98625.883 / Time: 0h:8m:34s (0h:1m:24s left)
Iteration 450 / LogL: -98728.173 / Time: 0h:8m:43s (0h:1m:12s left)
Log-likelihood cutoff on original alignment: -98706.728
Iteration 460 / LogL: -98627.687 / Time: 0h:8m:54s (0h:1m:0s left)
Iteration 470 / LogL: -98664.688 / Time: 0h:9m:4s (0h:0m:48s left)
Iteration 480 / LogL: -98696.236 / Time: 0h:9m:14s (0h:0m:37s left)
BETTER TREE FOUND at iteration 488: -98625.883
Iteration 490 / LogL: -98650.705 / Time: 0h:9m:25s (0h:1m:53s left)
BETTER TREE FOUND at iteration 494: -98625.883
Iteration 500 / LogL: -98625.883 / Time: 0h:9m:34s (0h:1m:48s left)
Log-likelihood cutoff on original alignment: -98706.728
NOTE: Bootstrap correlation coefficient of split occurrence frequencies: 0.999
BETTER TREE FOUND at iteration 509: -98625.882
Iteration 510 / LogL: -98646.594 / Time: 0h:9m:46s (0h:1m:53s left)
Iteration 520 / LogL: -98639.366 / Time: 0h:9m:56s (0h:1m:42s left)
Iteration 530 / LogL: -98632.953 / Time: 0h:10m:7s (0h:1m:30s left)
Iteration 540 / LogL: -98629.925 / Time: 0h:10m:17s (0h:1m:18s left)
Iteration 550 / LogL: -98672.820 / Time: 0h:10m:27s (0h:1m:7s left)
Log-likelihood cutoff on original alignment: -98706.728
BETTER TREE FOUND at iteration 552: -98625.882
BETTER TREE FOUND at iteration 554: -98625.882
Iteration 560 / LogL: -98664.755 / Time: 0h:10m:39s (0h:1m:47s left)
Iteration 570 / LogL: -98625.886 / Time: 0h:10m:49s (0h:1m:35s left)
Iteration 580 / LogL: -98627.667 / Time: 0h:10m:59s (0h:1m:24s left)
BETTER TREE FOUND at iteration 583: -98625.882
BETTER TREE FOUND at iteration 586: -98625.882
Iteration 590 / LogL: -98677.947 / Time: 0h:11m:10s (0h:1m:49s left)
Iteration 600 / LogL: -98625.896 / Time: 0h:11m:20s (0h:1m:37s left)
Log-likelihood cutoff on original alignment: -98706.728
NOTE: Bootstrap correlation coefficient of split occurrence frequencies: 0.999
Iteration 610 / LogL: -98685.607 / Time: 0h:11m:31s (0h:1m:42s left)
BETTER TREE FOUND at iteration 615: -98625.881
Iteration 620 / LogL: -98676.996 / Time: 0h:11m:42s (0h:1m:47s left)
Iteration 630 / LogL: -98667.401 / Time: 0h:11m:52s (0h:1m:36s left)
Iteration 640 / LogL: -98633.014 / Time: 0h:12m:2s (0h:1m:24s left)
Iteration 650 / LogL: -98634.944 / Time: 0h:12m:12s (0h:1m:13s left)
Log-likelihood cutoff on original alignment: -98706.728
Iteration 660 / LogL: -98667.550 / Time: 0h:12m:24s (0h:1m:2s left)
Iteration 670 / LogL: -98670.838 / Time: 0h:12m:35s (0h:0m:50s left)
Iteration 680 / LogL: -98686.039 / Time: 0h:12m:45s (0h:0m:39s left)
Iteration 690 / LogL: -98636.322 / Time: 0h:12m:55s (0h:0m:28s left)
Iteration 700 / LogL: -98628.823 / Time: 0h:13m:5s (0h:0m:16s left)
Log-likelihood cutoff on original alignment: -98706.728
NOTE: Bootstrap correlation coefficient of split occurrence frequencies: 0.999
Iteration 710 / LogL: -98625.882 / Time: 0h:13m:17s (0h:1m:41s left)
TREE SEARCH COMPLETED AFTER 716 ITERATIONS / Time: 0h:13m:23s

--------------------------------------------------------------------
|                    FINALIZING TREE SEARCH                        |
--------------------------------------------------------------------
Performs final model parameters optimization
Estimate model parameters (epsilon = 0.010)
1. Initial log-likelihood: -98625.881
Optimal log-likelihood: -98625.881
Parameters optimization took 1 rounds (0.054 sec)
BEST SCORE FOUND : -98625.881
Creating bootstrap support values...
Split supports printed to NEXUS file /home/spielman/dms_modelselection//simulations/alignments/NP_ruhfel_rep9_AA.fasta.splits.nex
Total tree length: 53.036

Total number of iterations: 716
CPU time used for tree search: 3737.807 sec (1h:2m:17s)
Wall-clock time used for tree search: 772.982 sec (0h:12m:52s)
Total CPU time used: 3845.701 sec (1h:4m:5s)
Total wall-clock time used: 804.710 sec (0h:13m:24s)

Computing bootstrap consensus tree...
Reading input file /home/spielman/dms_modelselection//simulations/alignments/NP_ruhfel_rep9_AA.fasta.splits.nex...
354 taxa and 1428 splits.
Consensus tree written to /home/spielman/dms_modelselection//simulations/alignments/NP_ruhfel_rep9_AA.fasta.contree
Reading input trees file /home/spielman/dms_modelselection//simulations/alignments/NP_ruhfel_rep9_AA.fasta.contree
Log-likelihood of consensus tree: -98625.904

Analysis results written to: 
  IQ-TREE report:                /home/spielman/dms_modelselection//simulations/alignments/NP_ruhfel_rep9_AA.fasta.iqtree
  Maximum-likelihood tree:       /home/spielman/dms_modelselection//simulations/alignments/NP_ruhfel_rep9_AA.fasta.treefile
  Likelihood distances:          /home/spielman/dms_modelselection//simulations/alignments/NP_ruhfel_rep9_AA.fasta.mldist

Ultrafast bootstrap approximation results written to:
  Split support values:          /home/spielman/dms_modelselection//simulations/alignments/NP_ruhfel_rep9_AA.fasta.splits.nex
  Consensus tree:                /home/spielman/dms_modelselection//simulations/alignments/NP_ruhfel_rep9_AA.fasta.contree
  Screen log file:               /home/spielman/dms_modelselection//simulations/alignments/NP_ruhfel_rep9_AA.fasta.log

Date and Time: Tue Jun 11 07:42:03 2019
