IQ-TREE multicore version 1.6.7 for Linux 64-bit built Aug 23 2018
Developed by Bui Quang Minh, Nguyen Lam Tung, Olga Chernomor,
Heiko Schmidt, Dominik Schrempf, Michael Woodhams.

Host:    csm-com-006 (AVX2, FMA3, 62 GB RAM)
Command: iqtree -quiet -nt AUTO -ntmax 8 -m WAG+F -s /csm_data/spielman_lab/dms_modelselection/pandit_aa_alignments/PF00588.fasta -st AA -redo -bb 1000
Seed:    788450 (Using SPRNG - Scalable Parallel Random Number Generator)
Time:    Fri Jun 14 12:28:27 2019
Kernel:  AVX+FMA - auto-detect threads (48 CPU cores detected)

Reading alignment file /csm_data/spielman_lab/dms_modelselection/pandit_aa_alignments/PF00588.fasta ... Fasta format detected
Alignment most likely contains protein sequences
Alignment has 143 sequences with 214 columns, 211 distinct patterns
161 parsimony-informative, 26 singleton sites, 26 constant sites
                     Gap/Ambiguity  Composition  p-value
   1  Q8YIL5BRUME130270     34.11%    passed     74.58%
   2  Y881MYCTU130275       31.78%    passed     15.12%
   3  Q6AF11LEIXX119263     32.24%    failed      0.07%
   4  Q7UFJ5RHOBA144289     31.78%    passed     15.28%
   5  Q9PIX4CAMJE83222      34.58%    passed     12.83%
   6  Q7MSH0WOLSU110249     34.58%    passed     20.67%
   7  TSNRSTRCN116258       33.18%    passed      6.53%
   8  Q6GHU8STAAR105242     35.51%    passed     65.02%
   9  Q8EPH3OCEIH102242     34.11%    passed     34.19%
  10  Q720L1LISMF107248     33.64%    passed     89.87%
  11  Q9CHW1LACLA110250     34.11%    passed     80.57%
  12  Q8R9C5THETN105242     35.51%    passed     57.40%
  13  Q8XJ72CLOPE109249     34.11%    passed     18.72%
  14  Q9PQG4UREPA113253     34.11%    failed      0.10%
  15  Q7P7P4FUSNV111252     33.64%    failed      0.00%
  16  Q6XK16SPICI109253     32.24%    failed      0.12%
  17  Q8GYL4ARATH196346     29.44%    passed     62.70%
  18  Q6MEY4PARUW104242     35.05%    passed     88.29%
  19  Q98QQ7MYCPU101239     35.05%    failed      0.01%
  20  Q6KIH0MYCMO89225      35.98%    passed     24.04%
  21  Q6YR72ONYPE92232      34.11%    passed     27.82%
  22  Q6MTA0MYCMS106249     32.71%    failed      1.75%
  23  Q8XZH6RALSO113250     35.51%    failed      1.79%
  24  Q6F981ACIAD122259     35.51%    passed     88.62%
  25  Q7NWF9CHRVO117255     35.05%    passed     18.98%
  26  Y1673SYNY3120261      33.64%    failed      0.00%
  27  Q8Z0C3ANASP123264     33.64%    passed     11.85%
  28  Q87R44VIBPA101237     35.98%    passed     90.55%
  29  Q8UIF6AGRT5128269     33.64%    passed     95.33%
  30  Q828C9STRAW145290     31.78%    failed      0.15%
  31  Q9CC19MYCLE108251     32.71%    passed     35.65%
  32  Q8G5E6BIFLO133283     29.44%    passed     60.77%
  33  Q9F5K6STRVR126272     31.31%    passed     39.81%
  34  Q824D7CHLCV116256     34.11%    passed     96.84%
  35  Q7UG85RHOBA132272     34.11%    failed      3.62%
  36  Q8CXU2LEPIN136275     34.58%    passed     60.88%
  37  Q6MA83PARUW115255     34.11%    passed     87.92%
  38  Q72GY4THET2109248     34.58%    failed      0.51%
  39  Q74D57GEOSL96237      33.64%    passed     49.30%
  40  YACOBACSU97238        33.64%    passed     52.29%
  41  RLMBSALTI95236        33.64%    passed     57.11%
  42  Q7TU91PROMP282424     33.18%    passed     33.34%
  43  Q73MR5TREDE110250     34.11%    passed     87.49%
  44  Q9X263THEMA90230      34.11%    passed     34.78%
  45  Q820Y2TROWT113259     31.31%    passed     86.21%
  46  Q9CCW4MYCLE129270     33.64%    failed      1.96%
  47  Q72H04THET288229      33.64%    failed      1.03%
  48  Q6AJ92DESPS144286     33.18%    passed     54.35%
  49  Q89IY5BRAJA156297     33.64%    passed     29.40%
  50  Q9A8W1CAUCR124265     33.64%    passed     23.90%
  51  Q8A814BACTN97238      33.64%    passed     61.36%
  52  Q8KC03CHLTE108249     33.64%    passed     43.97%
  53  Q6MIZ9BDEBA141282     33.64%    passed     95.66%
  54  Q72G19DESVH97239      33.18%    failed      2.90%
  55  Y2399ARCFU77217       34.11%    passed     29.59%
  56  O67731AQUAE93233      34.11%    passed     17.52%
  57  O94631SCHPO147297     29.44%    passed     28.39%
  58  Y516BORBU78219        33.64%    failed      0.34%
  59  Y252MYCGE95238        32.71%    passed      6.68%
  60  Q9PR20UREPA90231      33.64%    passed     35.80%
  61  Q8R6H6FUSNN88229      33.64%    passed     11.17%
  62  Q6MS22MYCMS92234      33.18%    failed      0.00%
  63  Q98R32MYCPU82224      33.18%    failed      0.10%
  64  Q6YQX1ONYPE9071048    33.64%    passed      8.57%
  65  Q72QT0LEPIC71212      33.64%    passed     63.62%
  66  Q7BKE9PRB0191232      33.64%    failed      4.11%
  67  Q8D323WIGBR95236      33.64%    failed      0.78%
  68  Q6UCQ69PROT107248     33.64%    failed      1.19%
  69  Q73GK0WOLPM102244     33.18%    passed     57.09%
  70  Q7TUD5PROMP21161      34.11%    passed     17.91%
  71  TRMHECOLI19159        34.11%    passed      5.53%
  72  Q8R700THETN26168      33.18%    passed     23.79%
  73  Q729J5DESVH23164      33.64%    passed     17.36%
  74  Q9LXE4ARATH154296     33.18%    passed      8.60%
  75  Q6MNP1BDEBA47187      34.11%    passed     74.72%
  76  Q84X80CHLRE92232      34.11%    passed     21.82%
  77  Y052BORBU34174        34.11%    passed     41.08%
  78  Q6MMJ6BDEBA113244     38.32%    passed     49.91%
  79  Q8FF07ECOL6222362     34.11%    passed     81.32%
  80  Q8PHE1XANAC153294     33.64%    failed      0.30%
  81  O83093TREPA117262     31.78%    failed      3.52%
  82  Q73J63TREDE100245     31.78%    passed     35.23%
  83  Q8GYT1ARATH5144       34.58%    passed     10.24%
  84  Q8IJ98PLAF752193      33.64%    failed      0.00%
  85  Q73T60MYCPA69206      35.51%    failed      2.04%
  86  Q73RN5TREDE119253     36.92%    passed     51.44%
  87  Q8KD02CHLTE16159      32.71%    passed     99.86%
  88  Q8A2Z0BACTN24168      32.24%    passed     75.69%
  89  Q6MMA4BDEBA107249     33.18%    passed     28.68%
  90  Q6ME25PARUW89224      36.45%    passed     24.33%
  91  Q82FA2STRAW107239     37.85%    failed      1.75%
  92  Q8I3K9PLAF7198344     31.31%    failed      0.02%
  93  Q22484CAEEL9921135    32.71%    passed     70.49%
  94  Q6BHP1DEBHA12901434   32.24%    passed     35.49%
  95  Q13395HUMAN14631606   32.71%    failed      0.10%
  96  Q9RWT9DEIRA12159      30.84%    passed      5.57%
  97  Q6FAL4ACIAD3155       28.50%    passed     62.26%
  98  Q7NRY2CHRVO3154       28.97%    passed     25.95%
  99  Q8PJZ3XANAC6157       28.97%    failed      2.68%
 100  YFHQHAEIN4151         30.84%    passed     95.05%
 101  Q7WLL7BORBR7163       26.64%    failed      2.27%
 102  Q6SFH79BACT10160      29.44%    passed      6.34%
 103  Q92JA7RICCN2149       30.84%    passed     23.71%
 104  Q98NQ0RHILO12164      28.50%    passed     17.43%
 105  Q89I93BRAJA15167      28.50%    passed     22.93%
 106  Q8FA35ECOL69160       28.97%    passed     78.28%
 107  Q74D44GEOSL15165      29.44%    passed     68.68%
 108  Q72JF4THET23156       28.04%    failed      0.00%
 109  O27877METTH10161      28.97%    passed     47.58%
 110  Q9UXD5SULSO1149       30.37%    passed     41.43%
 111  Q97B79THEVO10160      29.44%    passed     97.28%
 112  O740229EURY1150       29.91%    passed     54.48%
 113  Q8PVX0METMA11163      28.50%    passed     87.52%
 114  Q8TXY9METKA2150       30.37%    passed      7.00%
 115  Y1476METJA4155        28.97%    passed     33.70%
 116  Q7V131PROMP7159       28.50%    failed      1.38%
 117  Q7VBF1PROMA9160       28.97%    passed     71.34%
 118  Q7U8A3SYNPX2151       29.91%    failed      0.26%
 119  Q7NIP3GLOVI2151       29.91%    passed     12.83%
 120  Q8YNM2ANASP5155       29.44%    passed     72.53%
 121  Q727W7DESVH4156       28.50%    passed      6.80%
 122  Q6MHK3BDEBA6165       25.23%    passed     65.06%
 123  Q8ECQ8SHEON21159      35.05%    passed      7.77%
 124  Y346MYCGE5150         31.78%    failed      0.33%
 125  Q7NBG1MYCGA6153       30.84%    failed      0.03%
 126  Q9PQM3UREPA1151       29.44%    failed      0.12%
 127  Q6F190MESFL4147       32.71%    passed     21.65%
 128  Q98QQ8MYCPU1149       30.37%    failed      3.50%
 129  Q9PP27CAMJE1143       33.18%    failed      3.62%
 130  Q8K8I3STRP317159      33.18%    passed      5.19%
 131  YGL3BACST2145         32.71%    passed     15.74%
 132  Q898S5CLOTE9150       33.64%    passed     12.43%
 133  Q7TU01RHOBA25165      34.11%    failed      2.13%
 134  Q72N93LEPIC2144       33.18%    passed     21.63%
 135  Q7M8R3WOLSU2143       33.64%    passed     14.58%
 136  Y992SYNY31143         33.18%    passed      8.53%
 137  Q729V9DESVH1141       34.11%    failed      0.55%
 138  Q6MR30BDEBA7149       33.18%    failed      0.09%
 139  Q8XDF6ECO571142       33.64%    passed     58.28%
 140  Q6NHA0CORDI3144       33.64%    passed     25.98%
 141  Q9RXS5DEIRA10149      34.58%    failed      2.01%
 142  Q6FZ54BARQU2143       33.64%    passed     32.29%
 143  Q9AAX1CAUCR6147       33.64%    passed     30.45%
****  TOTAL                 32.71%  41 sequences failed composition chi2 test (p-value<5%; df=19)

Create initial parsimony tree by phylogenetic likelihood library (PLL)... 0.042 seconds
Generating 1000 samples for ultrafast bootstrap (seed: 788450)...

NOTE: 6 MB RAM (0 GB) is required!
Measuring multi-threading efficiency up to 8 CPU cores
Increase to 10 rounds for branch lengths
40 trees examined
Threads: 1 / Time: 8.078 sec / Speedup: 1.000 / Efficiency: 100% / LogL: -47863
Threads: 2 / Time: 5.105 sec / Speedup: 1.582 / Efficiency: 79% / LogL: -47863
Threads: 3 / Time: 4.090 sec / Speedup: 1.975 / Efficiency: 66% / LogL: -47863
Threads: 4 / Time: 3.730 sec / Speedup: 2.166 / Efficiency: 54% / LogL: -47863
Threads: 5 / Time: 3.531 sec / Speedup: 2.288 / Efficiency: 46% / LogL: -47863
BEST NUMBER OF THREADS: 4

Estimate model parameters (epsilon = 0.100)
1. Initial log-likelihood: -42222.120
Optimal log-likelihood: -41407.149
Parameters optimization took 1 rounds (0.050 sec)
Computing ML distances based on estimated model parameters... 2.083 sec
Computing BIONJ tree...
0.015 seconds
Log-likelihood of BIONJ tree: -41207.512
--------------------------------------------------------------------
|             INITIALIZING CANDIDATE TREE SET                      |
--------------------------------------------------------------------
Generating 98 parsimony trees... 5.505 second
Computing log-likelihood of 98 initial trees ... 2.343 seconds
Current best score: -41207.512

Do NNI search on 20 best initial trees
Estimate model parameters (epsilon = 0.100)
BETTER TREE FOUND at iteration 1: -41074.801
Estimate model parameters (epsilon = 0.100)
BETTER TREE FOUND at iteration 2: -41052.646
Iteration 10 / LogL: -41093.724 / Time: 0h:0m:39s
Iteration 20 / LogL: -41116.613 / Time: 0h:0m:45s
Finish initializing candidate tree set (20)
Current best tree score: -41052.646 / CPU time: 20.673
Number of iterations: 20
--------------------------------------------------------------------
|               OPTIMIZING CANDIDATE TREE SET                      |
--------------------------------------------------------------------
Estimate model parameters (epsilon = 0.100)
BETTER TREE FOUND at iteration 21: -41026.756
Estimate model parameters (epsilon = 0.100)
BETTER TREE FOUND at iteration 24: -41021.086
Iteration 30 / LogL: -41028.068 / Time: 0h:0m:51s (0h:2m:45s left)
Estimate model parameters (epsilon = 0.100)
BETTER TREE FOUND at iteration 32: -41014.930
Estimate model parameters (epsilon = 0.100)
BETTER TREE FOUND at iteration 35: -41010.572
Iteration 40 / LogL: -41015.508 / Time: 0h:0m:56s (0h:2m:16s left)
Estimate model parameters (epsilon = 0.100)
BETTER TREE FOUND at iteration 50: -41006.977
Iteration 50 / LogL: -41006.977 / Time: 0h:1m:0s (0h:2m:4s left)
Log-likelihood cutoff on original alignment: -41160.344
Iteration 60 / LogL: -41020.397 / Time: 0h:1m:6s (0h:1m:40s left)
Estimate model parameters (epsilon = 0.100)
BETTER TREE FOUND at iteration 64: -41004.829
Iteration 70 / LogL: -41005.754 / Time: 0h:1m:11s (0h:1m:36s left)
Estimate model parameters (epsilon = 0.100)
BETTER TREE FOUND at iteration 72: -41004.074
Estimate model parameters (epsilon = 0.100)
BETTER TREE FOUND at iteration 73: -41003.391
Iteration 80 / LogL: -41005.833 / Time: 0h:1m:16s (0h:1m:29s left)
Estimate model parameters (epsilon = 0.100)
BETTER TREE FOUND at iteration 84: -40998.112
Iteration 90 / LogL: -41005.650 / Time: 0h:1m:21s (0h:1m:26s left)
Estimate model parameters (epsilon = 0.100)
BETTER TREE FOUND at iteration 92: -40993.908
Estimate model parameters (epsilon = 0.100)
BETTER TREE FOUND at iteration 94: -40990.939
Estimate model parameters (epsilon = 0.100)
BETTER TREE FOUND at iteration 97: -40990.260
Estimate model parameters (epsilon = 0.100)
BETTER TREE FOUND at iteration 100: -40988.831
Iteration 100 / LogL: -40988.831 / Time: 0h:1m:26s (0h:1m:27s left)
Log-likelihood cutoff on original alignment: -41160.344
NOTE: Bootstrap correlation coefficient of split occurrence frequencies: 0.941
NOTE: UFBoot does not converge, continue at least 100 more iterations
Iteration 110 / LogL: -41007.947 / Time: 0h:1m:32s (0h:1m:16s left)
Iteration 120 / LogL: -40989.701 / Time: 0h:1m:37s (0h:1m:5s left)
Estimate model parameters (epsilon = 0.100)
BETTER TREE FOUND at iteration 123: -40987.195
Iteration 130 / LogL: -40989.006 / Time: 0h:1m:42s (0h:1m:13s left)
Estimate model parameters (epsilon = 0.100)
BETTER TREE FOUND at iteration 140: -40986.384
Iteration 140 / LogL: -40986.384 / Time: 0h:1m:47s (0h:1m:17s left)
Iteration 150 / LogL: -40991.707 / Time: 0h:1m:52s (0h:1m:7s left)
Log-likelihood cutoff on original alignment: -41160.344
Iteration 160 / LogL: -40996.750 / Time: 0h:1m:57s (0h:0m:59s left)
Iteration 170 / LogL: -40986.605 / Time: 0h:2m:2s (0h:0m:50s left)
Iteration 180 / LogL: -40986.954 / Time: 0h:2m:7s (0h:0m:42s left)
Estimate model parameters (epsilon = 0.100)
BETTER TREE FOUND at iteration 190: -40986.313
Iteration 190 / LogL: -40986.313 / Time: 0h:2m:12s (0h:1m:10s left)
Iteration 200 / LogL: -40986.963 / Time: 0h:2m:17s (0h:1m:2s left)
Log-likelihood cutoff on original alignment: -41160.344
NOTE: Bootstrap correlation coefficient of split occurrence frequencies: 0.987
NOTE: UFBoot does not converge, continue at least 100 more iterations
Estimate model parameters (epsilon = 0.100)
BETTER TREE FOUND at iteration 201: -40983.885
Iteration 210 / LogL: -40989.514 / Time: 0h:2m:23s (0h:1m:2s left)
Estimate model parameters (epsilon = 0.100)
BETTER TREE FOUND at iteration 211: -40983.367
Iteration 220 / LogL: -40985.259 / Time: 0h:2m:28s (0h:1m:1s left)
Iteration 230 / LogL: -40983.868 / Time: 0h:2m:32s (0h:0m:54s left)
Iteration 240 / LogL: -40984.492 / Time: 0h:2m:37s (0h:0m:46s left)
Iteration 250 / LogL: -41006.462 / Time: 0h:2m:42s (0h:0m:39s left)
Log-likelihood cutoff on original alignment: -41160.344
Estimate model parameters (epsilon = 0.100)
BETTER TREE FOUND at iteration 253: -40983.188
Iteration 260 / LogL: -40984.238 / Time: 0h:2m:48s (0h:1m:0s left)
Estimate model parameters (epsilon = 0.100)
BETTER TREE FOUND at iteration 262: -40982.722
Iteration 270 / LogL: -40988.269 / Time: 0h:2m:53s (0h:0m:59s left)
Iteration 280 / LogL: -40993.594 / Time: 0h:2m:58s (0h:0m:52s left)
Iteration 290 / LogL: -40987.872 / Time: 0h:3m:3s (0h:0m:45s left)
Iteration 300 / LogL: -41004.482 / Time: 0h:3m:8s (0h:0m:39s left)
Log-likelihood cutoff on original alignment: -41160.344
NOTE: Bootstrap correlation coefficient of split occurrence frequencies: 0.990
Iteration 310 / LogL: -40992.124 / Time: 0h:3m:14s (0h:0m:56s left)
Iteration 320 / LogL: -40997.145 / Time: 0h:3m:19s (0h:0m:49s left)
Iteration 330 / LogL: -40985.212 / Time: 0h:3m:24s (0h:0m:43s left)
Iteration 340 / LogL: -40992.554 / Time: 0h:3m:29s (0h:0m:36s left)
Iteration 350 / LogL: -40987.756 / Time: 0h:3m:33s (0h:0m:30s left)
Log-likelihood cutoff on original alignment: -41160.344
Iteration 360 / LogL: -40985.116 / Time: 0h:3m:39s (0h:0m:24s left)
TREE SEARCH COMPLETED AFTER 363 ITERATIONS / Time: 0h:3m:40s

--------------------------------------------------------------------
|                    FINALIZING TREE SEARCH                        |
--------------------------------------------------------------------
Performs final model parameters optimization
Estimate model parameters (epsilon = 0.010)
1. Initial log-likelihood: -40982.722
Optimal log-likelihood: -40982.722
Parameters optimization took 1 rounds (0.023 sec)
BEST SCORE FOUND : -40982.722
WARNING: bootstrap analysis did not converge. You should rerun with higher number of iterations (-nm option)
Creating bootstrap support values...
Split supports printed to NEXUS file /csm_data/spielman_lab/dms_modelselection/pandit_aa_alignments/PF00588.fasta.splits.nex
Total tree length: 95.337

Total number of iterations: 363
CPU time used for tree search: 754.196 sec (0h:12m:34s)
Wall-clock time used for tree search: 195.634 sec (0h:3m:15s)
Total CPU time used: 832.278 sec (0h:13m:52s)
Total wall-clock time used: 221.422 sec (0h:3m:41s)

Computing bootstrap consensus tree...
Reading input file /csm_data/spielman_lab/dms_modelselection/pandit_aa_alignments/PF00588.fasta.splits.nex...
143 taxa and 1222 splits.
Consensus tree written to /csm_data/spielman_lab/dms_modelselection/pandit_aa_alignments/PF00588.fasta.contree
Reading input trees file /csm_data/spielman_lab/dms_modelselection/pandit_aa_alignments/PF00588.fasta.contree
Log-likelihood of consensus tree: -40987.512

Analysis results written to: 
  IQ-TREE report:                /csm_data/spielman_lab/dms_modelselection/pandit_aa_alignments/PF00588.fasta.iqtree
  Maximum-likelihood tree:       /csm_data/spielman_lab/dms_modelselection/pandit_aa_alignments/PF00588.fasta.treefile
  Likelihood distances:          /csm_data/spielman_lab/dms_modelselection/pandit_aa_alignments/PF00588.fasta.mldist

Ultrafast bootstrap approximation results written to:
  Split support values:          /csm_data/spielman_lab/dms_modelselection/pandit_aa_alignments/PF00588.fasta.splits.nex
  Consensus tree:                /csm_data/spielman_lab/dms_modelselection/pandit_aa_alignments/PF00588.fasta.contree
  Screen log file:               /csm_data/spielman_lab/dms_modelselection/pandit_aa_alignments/PF00588.fasta.log

Date and Time: Fri Jun 14 12:32:09 2019
