IQ-TREE multicore version 1.6.7 for Linux 64-bit built Aug 23 2018
Developed by Bui Quang Minh, Nguyen Lam Tung, Olga Chernomor,
Heiko Schmidt, Dominik Schrempf, Michael Woodhams.

Host:    csm-com-006 (AVX2, FMA3, 62 GB RAM)
Command: iqtree -quiet -nt AUTO -ntmax 8 -m Blosum62+G4 -s /csm_data/spielman_lab/dms_modelselection/pandit_aa_alignments/PF00555.fasta -st AA -redo -bb 1000
Seed:    723409 (Using SPRNG - Scalable Parallel Random Number Generator)
Time:    Fri Jun 14 11:49:25 2019
Kernel:  AVX+FMA - auto-detect threads (48 CPU cores detected)

Reading alignment file /csm_data/spielman_lab/dms_modelselection/pandit_aa_alignments/PF00555.fasta ... Fasta format detected
Alignment most likely contains protein sequences
Alignment has 38 sequences with 263 columns, 263 distinct patterns
228 parsimony-informative, 25 singleton sites, 10 constant sites
                   Gap/Ambiguity  Composition  p-value
   1  C9EABACTA301505     22.05%    passed      8.34%
   2  C9CABACTO298505     20.91%    passed     66.25%
   3  C9DABACTP301521     15.97%    passed      5.21%
   4  Q45745BACTU277497   15.97%    passed     89.33%
   5  C1GBBACTZ253449     25.10%    passed     25.58%
   6  C1GABACTU253446     26.24%    passed     31.94%
   7  C1HBBACTM256454     24.33%    passed     53.92%
   8  C1EABACTX258454     25.10%    passed     80.95%
   9  C1EBBACTA257453     25.10%    passed     83.84%
  10  C1DABACTA258450     26.62%    passed     43.75%
  11  C1CABACTE258457     23.95%    passed     14.26%
  12  Q45749BACTU257454   24.71%    passed     25.33%
  13  C1JABACTU258449     27.00%    passed     44.59%
  14  C1JBBACTU258449     27.00%    passed     33.70%
  15  C1ABBACTK259461     22.81%    passed     47.02%
  16  C7AABACTU286487     23.19%    failed      4.86%
  17  C1BBBACTU283495     19.01%    passed     61.49%
  18  C1BEBACTU283493     19.77%    passed     46.26%
  19  C1BABACTK278489     19.39%    passed     78.26%
  20  C1IABACTK287497     19.77%    passed     91.80%
  21  C1KABACTM284490     21.29%    passed     84.08%
  22  C3CABACTK293502     20.15%    passed     44.87%
  23  C3AABACTT295499     22.05%    passed     83.93%
  24  C3BABACTO304510     21.29%    failed      4.44%
  25  C8CABACTP298503     21.67%    passed     60.82%
  26  C9AABACTG295510     17.87%    passed     97.98%
  27  C20AABACUF288485    24.71%    passed      9.61%
  28  C19BABACUH293496    22.43%    passed     62.93%
  29  C19AABACTJ300502    22.81%    passed     14.89%
  30  C4AABACTI322528     21.29%    failed      1.28%
  31  CAAABACTI308500     26.62%    failed      4.27%
  32  C4BABACTI283470     28.52%    passed     49.54%
  33  C16AACLOBI252441    27.76%    failed      0.01%
  34  C17AACLOBI265438    33.84%    failed      0.00%
  35  C25AABACTJ303514    19.39%    passed     75.95%
  36  C13AABACTU328534    21.29%    failed      0.00%
  37  C14AABACTS320521    23.19%    failed      0.00%
  38  C18AAPAEPP344563    16.35%    passed     20.54%
****  TOTAL               22.80%  8 sequences failed composition chi2 test (p-value<5%; df=19)

Create initial parsimony tree by phylogenetic likelihood library (PLL)... 0.008 seconds
Generating 1000 samples for ultrafast bootstrap (seed: 723409)...

NOTE: 7 MB RAM (0 GB) is required!
Measuring multi-threading efficiency up to 8 CPU cores
Increase to 10 rounds for branch lengths
39 trees examined
Threads: 1 / Time: 8.194 sec / Speedup: 1.000 / Efficiency: 100% / LogL: -17989
Threads: 2 / Time: 4.488 sec / Speedup: 1.826 / Efficiency: 91% / LogL: -17989
Threads: 3 / Time: 3.172 sec / Speedup: 2.583 / Efficiency: 86% / LogL: -17989
Threads: 4 / Time: 2.685 sec / Speedup: 3.052 / Efficiency: 76% / LogL: -17989
Threads: 5 / Time: 2.279 sec / Speedup: 3.595 / Efficiency: 72% / LogL: -17989
Threads: 6 / Time: 2.056 sec / Speedup: 3.985 / Efficiency: 66% / LogL: -17989
Threads: 7 / Time: 2.007 sec / Speedup: 4.083 / Efficiency: 58% / LogL: -17989
Threads: 8 / Time: 1.870 sec / Speedup: 4.381 / Efficiency: 55% / LogL: -17989
BEST NUMBER OF THREADS: 8

Estimate model parameters (epsilon = 0.100)
1. Initial log-likelihood: -15952.330
2. Current log-likelihood: -15711.556
3. Current log-likelihood: -15700.526
Optimal log-likelihood: -15700.482
Gamma shape alpha: 1.763
Parameters optimization took 3 rounds (0.058 sec)
Computing ML distances based on estimated model parameters... 0.694 sec
WARNING: Some pairwise ML distances are too long (saturated)
Computing BIONJ tree...
0.002 seconds
Log-likelihood of BIONJ tree: -15693.992
--------------------------------------------------------------------
|             INITIALIZING CANDIDATE TREE SET                      |
--------------------------------------------------------------------
Generating 98 parsimony trees... 0.708 second
Computing log-likelihood of 98 initial trees ... 1.079 seconds
Current best score: -15687.981

Do NNI search on 20 best initial trees
Estimate model parameters (epsilon = 0.100)
BETTER TREE FOUND at iteration 1: -15673.912
Estimate model parameters (epsilon = 0.100)
BETTER TREE FOUND at iteration 3: -15673.550
Iteration 10 / LogL: -15674.361 / Time: 0h:0m:29s
Iteration 20 / LogL: -15674.657 / Time: 0h:0m:30s
Finish initializing candidate tree set (9)
Current best tree score: -15673.550 / CPU time: 3.420
Number of iterations: 20
--------------------------------------------------------------------
|               OPTIMIZING CANDIDATE TREE SET                      |
--------------------------------------------------------------------
Iteration 30 / LogL: -15675.471 / Time: 0h:0m:32s (0h:1m:21s left)
Iteration 40 / LogL: -15673.586 / Time: 0h:0m:34s (0h:0m:55s left)
Iteration 50 / LogL: -15673.586 / Time: 0h:0m:36s (0h:0m:39s left)
Log-likelihood cutoff on original alignment: -15708.098
Iteration 60 / LogL: -15675.893 / Time: 0h:0m:38s (0h:0m:27s left)
Iteration 70 / LogL: -15673.586 / Time: 0h:0m:40s (0h:0m:19s left)
Iteration 80 / LogL: -15675.058 / Time: 0h:0m:42s (0h:0m:12s left)
Iteration 90 / LogL: -15674.174 / Time: 0h:0m:43s (0h:0m:6s left)
Iteration 100 / LogL: -15673.586 / Time: 0h:0m:45s (0h:0m:1s left)
Log-likelihood cutoff on original alignment: -15708.098
NOTE: Bootstrap correlation coefficient of split occurrence frequencies: 0.998
TREE SEARCH COMPLETED AFTER 104 ITERATIONS / Time: 0h:0m:46s

--------------------------------------------------------------------
|                    FINALIZING TREE SEARCH                        |
--------------------------------------------------------------------
Performs final model parameters optimization
Estimate model parameters (epsilon = 0.010)
1. Initial log-likelihood: -15673.550
Optimal log-likelihood: -15673.550
Gamma shape alpha: 1.790
Parameters optimization took 1 rounds (0.015 sec)
BEST SCORE FOUND : -15673.550
Creating bootstrap support values...
Split supports printed to NEXUS file /csm_data/spielman_lab/dms_modelselection/pandit_aa_alignments/PF00555.fasta.splits.nex
Total tree length: 42.357

Total number of iterations: 104
CPU time used for tree search: 153.713 sec (0h:2m:33s)
Wall-clock time used for tree search: 19.762 sec (0h:0m:19s)
Total CPU time used: 254.116 sec (0h:4m:14s)
Total wall-clock time used: 46.868 sec (0h:0m:46s)

Computing bootstrap consensus tree...
Reading input file /csm_data/spielman_lab/dms_modelselection/pandit_aa_alignments/PF00555.fasta.splits.nex...
38 taxa and 334 splits.
Consensus tree written to /csm_data/spielman_lab/dms_modelselection/pandit_aa_alignments/PF00555.fasta.contree
Reading input trees file /csm_data/spielman_lab/dms_modelselection/pandit_aa_alignments/PF00555.fasta.contree
Log-likelihood of consensus tree: -15674.567

Analysis results written to: 
  IQ-TREE report:                /csm_data/spielman_lab/dms_modelselection/pandit_aa_alignments/PF00555.fasta.iqtree
  Maximum-likelihood tree:       /csm_data/spielman_lab/dms_modelselection/pandit_aa_alignments/PF00555.fasta.treefile
  Likelihood distances:          /csm_data/spielman_lab/dms_modelselection/pandit_aa_alignments/PF00555.fasta.mldist

Ultrafast bootstrap approximation results written to:
  Split support values:          /csm_data/spielman_lab/dms_modelselection/pandit_aa_alignments/PF00555.fasta.splits.nex
  Consensus tree:                /csm_data/spielman_lab/dms_modelselection/pandit_aa_alignments/PF00555.fasta.contree
  Screen log file:               /csm_data/spielman_lab/dms_modelselection/pandit_aa_alignments/PF00555.fasta.log

Date and Time: Fri Jun 14 11:50:12 2019
