IQ-TREE multicore version 1.6.7 for Linux 64-bit built Aug 23 2018
Developed by Bui Quang Minh, Nguyen Lam Tung, Olga Chernomor,
Heiko Schmidt, Dominik Schrempf, Michael Woodhams.

Host:    csm-com-006 (AVX2, FMA3, 62 GB RAM)
Command: iqtree -quiet -nt AUTO -ntmax 8 -m GTR20 -s /csm_data/spielman_lab/dms_modelselection/pandit_aa_alignments/PF00588.fasta -st AA -redo -bb 1000
Seed:    887874 (Using SPRNG - Scalable Parallel Random Number Generator)
Time:    Fri Jun 14 12:49:39 2019
Kernel:  AVX+FMA - auto-detect threads (48 CPU cores detected)

Reading alignment file /csm_data/spielman_lab/dms_modelselection/pandit_aa_alignments/PF00588.fasta ... Fasta format detected
Alignment most likely contains protein sequences
Alignment has 143 sequences with 214 columns, 211 distinct patterns
161 parsimony-informative, 26 singleton sites, 26 constant sites
                     Gap/Ambiguity  Composition  p-value
   1  Q8YIL5BRUME130270     34.11%    passed     74.58%
   2  Y881MYCTU130275       31.78%    passed     15.12%
   3  Q6AF11LEIXX119263     32.24%    failed      0.07%
   4  Q7UFJ5RHOBA144289     31.78%    passed     15.28%
   5  Q9PIX4CAMJE83222      34.58%    passed     12.83%
   6  Q7MSH0WOLSU110249     34.58%    passed     20.67%
   7  TSNRSTRCN116258       33.18%    passed      6.53%
   8  Q6GHU8STAAR105242     35.51%    passed     65.02%
   9  Q8EPH3OCEIH102242     34.11%    passed     34.19%
  10  Q720L1LISMF107248     33.64%    passed     89.87%
  11  Q9CHW1LACLA110250     34.11%    passed     80.57%
  12  Q8R9C5THETN105242     35.51%    passed     57.40%
  13  Q8XJ72CLOPE109249     34.11%    passed     18.72%
  14  Q9PQG4UREPA113253     34.11%    failed      0.10%
  15  Q7P7P4FUSNV111252     33.64%    failed      0.00%
  16  Q6XK16SPICI109253     32.24%    failed      0.12%
  17  Q8GYL4ARATH196346     29.44%    passed     62.70%
  18  Q6MEY4PARUW104242     35.05%    passed     88.29%
  19  Q98QQ7MYCPU101239     35.05%    failed      0.01%
  20  Q6KIH0MYCMO89225      35.98%    passed     24.04%
  21  Q6YR72ONYPE92232      34.11%    passed     27.82%
  22  Q6MTA0MYCMS106249     32.71%    failed      1.75%
  23  Q8XZH6RALSO113250     35.51%    failed      1.79%
  24  Q6F981ACIAD122259     35.51%    passed     88.62%
  25  Q7NWF9CHRVO117255     35.05%    passed     18.98%
  26  Y1673SYNY3120261      33.64%    failed      0.00%
  27  Q8Z0C3ANASP123264     33.64%    passed     11.85%
  28  Q87R44VIBPA101237     35.98%    passed     90.55%
  29  Q8UIF6AGRT5128269     33.64%    passed     95.33%
  30  Q828C9STRAW145290     31.78%    failed      0.15%
  31  Q9CC19MYCLE108251     32.71%    passed     35.65%
  32  Q8G5E6BIFLO133283     29.44%    passed     60.77%
  33  Q9F5K6STRVR126272     31.31%    passed     39.81%
  34  Q824D7CHLCV116256     34.11%    passed     96.84%
  35  Q7UG85RHOBA132272     34.11%    failed      3.62%
  36  Q8CXU2LEPIN136275     34.58%    passed     60.88%
  37  Q6MA83PARUW115255     34.11%    passed     87.92%
  38  Q72GY4THET2109248     34.58%    failed      0.51%
  39  Q74D57GEOSL96237      33.64%    passed     49.30%
  40  YACOBACSU97238        33.64%    passed     52.29%
  41  RLMBSALTI95236        33.64%    passed     57.11%
  42  Q7TU91PROMP282424     33.18%    passed     33.34%
  43  Q73MR5TREDE110250     34.11%    passed     87.49%
  44  Q9X263THEMA90230      34.11%    passed     34.78%
  45  Q820Y2TROWT113259     31.31%    passed     86.21%
  46  Q9CCW4MYCLE129270     33.64%    failed      1.96%
  47  Q72H04THET288229      33.64%    failed      1.03%
  48  Q6AJ92DESPS144286     33.18%    passed     54.35%
  49  Q89IY5BRAJA156297     33.64%    passed     29.40%
  50  Q9A8W1CAUCR124265     33.64%    passed     23.90%
  51  Q8A814BACTN97238      33.64%    passed     61.36%
  52  Q8KC03CHLTE108249     33.64%    passed     43.97%
  53  Q6MIZ9BDEBA141282     33.64%    passed     95.66%
  54  Q72G19DESVH97239      33.18%    failed      2.90%
  55  Y2399ARCFU77217       34.11%    passed     29.59%
  56  O67731AQUAE93233      34.11%    passed     17.52%
  57  O94631SCHPO147297     29.44%    passed     28.39%
  58  Y516BORBU78219        33.64%    failed      0.34%
  59  Y252MYCGE95238        32.71%    passed      6.68%
  60  Q9PR20UREPA90231      33.64%    passed     35.80%
  61  Q8R6H6FUSNN88229      33.64%    passed     11.17%
  62  Q6MS22MYCMS92234      33.18%    failed      0.00%
  63  Q98R32MYCPU82224      33.18%    failed      0.10%
  64  Q6YQX1ONYPE9071048    33.64%    passed      8.57%
  65  Q72QT0LEPIC71212      33.64%    passed     63.62%
  66  Q7BKE9PRB0191232      33.64%    failed      4.11%
  67  Q8D323WIGBR95236      33.64%    failed      0.78%
  68  Q6UCQ69PROT107248     33.64%    failed      1.19%
  69  Q73GK0WOLPM102244     33.18%    passed     57.09%
  70  Q7TUD5PROMP21161      34.11%    passed     17.91%
  71  TRMHECOLI19159        34.11%    passed      5.53%
  72  Q8R700THETN26168      33.18%    passed     23.79%
  73  Q729J5DESVH23164      33.64%    passed     17.36%
  74  Q9LXE4ARATH154296     33.18%    passed      8.60%
  75  Q6MNP1BDEBA47187      34.11%    passed     74.72%
  76  Q84X80CHLRE92232      34.11%    passed     21.82%
  77  Y052BORBU34174        34.11%    passed     41.08%
  78  Q6MMJ6BDEBA113244     38.32%    passed     49.91%
  79  Q8FF07ECOL6222362     34.11%    passed     81.32%
  80  Q8PHE1XANAC153294     33.64%    failed      0.30%
  81  O83093TREPA117262     31.78%    failed      3.52%
  82  Q73J63TREDE100245     31.78%    passed     35.23%
  83  Q8GYT1ARATH5144       34.58%    passed     10.24%
  84  Q8IJ98PLAF752193      33.64%    failed      0.00%
  85  Q73T60MYCPA69206      35.51%    failed      2.04%
  86  Q73RN5TREDE119253     36.92%    passed     51.44%
  87  Q8KD02CHLTE16159      32.71%    passed     99.86%
  88  Q8A2Z0BACTN24168      32.24%    passed     75.69%
  89  Q6MMA4BDEBA107249     33.18%    passed     28.68%
  90  Q6ME25PARUW89224      36.45%    passed     24.33%
  91  Q82FA2STRAW107239     37.85%    failed      1.75%
  92  Q8I3K9PLAF7198344     31.31%    failed      0.02%
  93  Q22484CAEEL9921135    32.71%    passed     70.49%
  94  Q6BHP1DEBHA12901434   32.24%    passed     35.49%
  95  Q13395HUMAN14631606   32.71%    failed      0.10%
  96  Q9RWT9DEIRA12159      30.84%    passed      5.57%
  97  Q6FAL4ACIAD3155       28.50%    passed     62.26%
  98  Q7NRY2CHRVO3154       28.97%    passed     25.95%
  99  Q8PJZ3XANAC6157       28.97%    failed      2.68%
 100  YFHQHAEIN4151         30.84%    passed     95.05%
 101  Q7WLL7BORBR7163       26.64%    failed      2.27%
 102  Q6SFH79BACT10160      29.44%    passed      6.34%
 103  Q92JA7RICCN2149       30.84%    passed     23.71%
 104  Q98NQ0RHILO12164      28.50%    passed     17.43%
 105  Q89I93BRAJA15167      28.50%    passed     22.93%
 106  Q8FA35ECOL69160       28.97%    passed     78.28%
 107  Q74D44GEOSL15165      29.44%    passed     68.68%
 108  Q72JF4THET23156       28.04%    failed      0.00%
 109  O27877METTH10161      28.97%    passed     47.58%
 110  Q9UXD5SULSO1149       30.37%    passed     41.43%
 111  Q97B79THEVO10160      29.44%    passed     97.28%
 112  O740229EURY1150       29.91%    passed     54.48%
 113  Q8PVX0METMA11163      28.50%    passed     87.52%
 114  Q8TXY9METKA2150       30.37%    passed      7.00%
 115  Y1476METJA4155        28.97%    passed     33.70%
 116  Q7V131PROMP7159       28.50%    failed      1.38%
 117  Q7VBF1PROMA9160       28.97%    passed     71.34%
 118  Q7U8A3SYNPX2151       29.91%    failed      0.26%
 119  Q7NIP3GLOVI2151       29.91%    passed     12.83%
 120  Q8YNM2ANASP5155       29.44%    passed     72.53%
 121  Q727W7DESVH4156       28.50%    passed      6.80%
 122  Q6MHK3BDEBA6165       25.23%    passed     65.06%
 123  Q8ECQ8SHEON21159      35.05%    passed      7.77%
 124  Y346MYCGE5150         31.78%    failed      0.33%
 125  Q7NBG1MYCGA6153       30.84%    failed      0.03%
 126  Q9PQM3UREPA1151       29.44%    failed      0.12%
 127  Q6F190MESFL4147       32.71%    passed     21.65%
 128  Q98QQ8MYCPU1149       30.37%    failed      3.50%
 129  Q9PP27CAMJE1143       33.18%    failed      3.62%
 130  Q8K8I3STRP317159      33.18%    passed      5.19%
 131  YGL3BACST2145         32.71%    passed     15.74%
 132  Q898S5CLOTE9150       33.64%    passed     12.43%
 133  Q7TU01RHOBA25165      34.11%    failed      2.13%
 134  Q72N93LEPIC2144       33.18%    passed     21.63%
 135  Q7M8R3WOLSU2143       33.64%    passed     14.58%
 136  Y992SYNY31143         33.18%    passed      8.53%
 137  Q729V9DESVH1141       34.11%    failed      0.55%
 138  Q6MR30BDEBA7149       33.18%    failed      0.09%
 139  Q8XDF6ECO571142       33.64%    passed     58.28%
 140  Q6NHA0CORDI3144       33.64%    passed     25.98%
 141  Q9RXS5DEIRA10149      34.58%    failed      2.01%
 142  Q6FZ54BARQU2143       33.64%    passed     32.29%
 143  Q9AAX1CAUCR6147       33.64%    passed     30.45%
****  TOTAL                 32.71%  41 sequences failed composition chi2 test (p-value<5%; df=19)

Create initial parsimony tree by phylogenetic likelihood library (PLL)... 0.070 seconds
Generating 1000 samples for ultrafast bootstrap (seed: 887874)...
WARNING: GTR20 model will estimate 189 substitution rates that might be overfitting!
WARNING: Please only use GTR20 with very large data and always test for model fit!

NOTE: 6 MB RAM (0 GB) is required!
Measuring multi-threading efficiency up to 8 CPU cores
Increase to 10 rounds for branch lengths
40 trees examined
Threads: 1 / Time: 8.047 sec / Speedup: 1.000 / Efficiency: 100% / LogL: -47993
Threads: 2 / Time: 5.092 sec / Speedup: 1.580 / Efficiency: 79% / LogL: -47993
Threads: 3 / Time: 4.075 sec / Speedup: 1.975 / Efficiency: 66% / LogL: -47993
Threads: 4 / Time: 3.684 sec / Speedup: 2.184 / Efficiency: 55% / LogL: -47993
Threads: 5 / Time: 3.472 sec / Speedup: 2.317 / Efficiency: 46% / LogL: -47993
BEST NUMBER OF THREADS: 4

Estimate model parameters (epsilon = 0.100)
1. Initial log-likelihood: -42683.256
2. Current log-likelihood: -40986.730
3. Current log-likelihood: -40793.377
4. Current log-likelihood: -40731.501
5. Current log-likelihood: -40706.483
6. Current log-likelihood: -40700.974
7. Current log-likelihood: -40695.960
8. Current log-likelihood: -40689.801
9. Current log-likelihood: -40685.659
10. Current log-likelihood: -40684.745
11. Current log-likelihood: -40683.926
12. Current log-likelihood: -40675.213
13. Current log-likelihood: -40666.626
14. Current log-likelihood: -40665.148
15. Current log-likelihood: -40664.847
16. Current log-likelihood: -40663.432
17. Current log-likelihood: -40662.959
18. Current log-likelihood: -40662.663
19. Current log-likelihood: -40662.159
20. Current log-likelihood: -40661.939
21. Current log-likelihood: -40661.815
22. Current log-likelihood: -40661.669
23. Current log-likelihood: -40661.494
24. Current log-likelihood: -40661.294
25. Current log-likelihood: -40660.931
26. Current log-likelihood: -40660.675
27. Current log-likelihood: -40660.465
28. Current log-likelihood: -40660.188
29. Current log-likelihood: -40660.022
30. Current log-likelihood: -40659.823
Optimal log-likelihood: -40659.764
Parameters optimization took 30 rounds (28.417 sec)
Computing ML distances based on estimated model parameters... 2.022 sec
Computing BIONJ tree...
0.026 seconds
Log-likelihood of BIONJ tree: -40401.121
--------------------------------------------------------------------
|             INITIALIZING CANDIDATE TREE SET                      |
--------------------------------------------------------------------
Generating 98 parsimony trees... 5.558 second
Computing log-likelihood of 98 initial trees ... 3.281 seconds
Current best score: -40401.121

Do NNI search on 20 best initial trees
Estimate model parameters (epsilon = 0.100)
BETTER TREE FOUND at iteration 1: -40218.948
Iteration 10 / LogL: -40224.277 / Time: 0h:1m:22s
Estimate model parameters (epsilon = 0.100)
BETTER TREE FOUND at iteration 12: -40159.058
Iteration 20 / LogL: -40280.317 / Time: 0h:1m:41s
Finish initializing candidate tree set (20)
Current best tree score: -40159.058 / CPU time: 47.675
Number of iterations: 20
--------------------------------------------------------------------
|               OPTIMIZING CANDIDATE TREE SET                      |
--------------------------------------------------------------------
Estimate model parameters (epsilon = 0.100)
BETTER TREE FOUND at iteration 28: -40148.482
Iteration 30 / LogL: -40172.193 / Time: 0h:1m:52s (0h:6m:20s left)
Estimate model parameters (epsilon = 0.100)
BETTER TREE FOUND at iteration 37: -40135.175
Iteration 40 / LogL: -40154.030 / Time: 0h:2m:9s (0h:5m:20s left)
BETTER TREE FOUND at iteration 43: -40135.169
Estimate model parameters (epsilon = 0.100)
BETTER TREE FOUND at iteration 50: -40129.794
Iteration 50 / LogL: -40129.794 / Time: 0h:2m:24s (0h:4m:53s left)
Log-likelihood cutoff on original alignment: -40255.229
Estimate model parameters (epsilon = 0.100)
BETTER TREE FOUND at iteration 55: -40128.104
Iteration 60 / LogL: -40136.680 / Time: 0h:2m:33s (0h:4m:6s left)
Iteration 70 / LogL: -40143.338 / Time: 0h:2m:38s (0h:3m:14s left)
Iteration 80 / LogL: -40130.446 / Time: 0h:2m:43s (0h:2m:34s left)
Estimate model parameters (epsilon = 0.100)
BETTER TREE FOUND at iteration 81: -40124.378
Estimate model parameters (epsilon = 0.100)
BETTER TREE FOUND at iteration 88: -40121.625
Iteration 90 / LogL: -40131.759 / Time: 0h:2m:55s (0h:3m:12s left)
Iteration 100 / LogL: -40136.900 / Time: 0h:3m:0s (0h:2m:40s left)
Log-likelihood cutoff on original alignment: -40218.291
NOTE: Bootstrap correlation coefficient of split occurrence frequencies: 0.969
NOTE: UFBoot does not converge, continue at least 100 more iterations
Estimate model parameters (epsilon = 0.100)
BETTER TREE FOUND at iteration 104: -40120.743
Iteration 110 / LogL: -40122.670 / Time: 0h:3m:8s (0h:2m:42s left)
Iteration 120 / LogL: -40122.768 / Time: 0h:3m:13s (0h:2m:16s left)
Estimate model parameters (epsilon = 0.100)
BETTER TREE FOUND at iteration 128: -40119.843
Iteration 130 / LogL: -40123.503 / Time: 0h:3m:20s (0h:2m:31s left)
Iteration 140 / LogL: -40122.875 / Time: 0h:3m:25s (0h:2m:9s left)
Iteration 150 / LogL: -40123.168 / Time: 0h:3m:30s (0h:1m:49s left)
Log-likelihood cutoff on original alignment: -40215.740
Estimate model parameters (epsilon = 0.100)
BETTER TREE FOUND at iteration 158: -40114.253
Iteration 160 / LogL: -40121.721 / Time: 0h:3m:36s (0h:2m:13s left)
Iteration 170 / LogL: -40129.563 / Time: 0h:3m:40s (0h:1m:54s left)
Iteration 180 / LogL: -40137.371 / Time: 0h:3m:45s (0h:1m:38s left)
Iteration 190 / LogL: -40118.714 / Time: 0h:3m:50s (0h:1m:22s left)
UPDATE BEST LOG-LIKELIHOOD: -40114.251
Iteration 200 / LogL: -40121.304 / Time: 0h:3m:55s (0h:1m:8s left)
Log-likelihood cutoff on original alignment: -40205.400
NOTE: Bootstrap correlation coefficient of split occurrence frequencies: 0.979
NOTE: UFBoot does not converge, continue at least 100 more iterations
UPDATE BEST LOG-LIKELIHOOD: -40114.251
Iteration 210 / LogL: -40115.705 / Time: 0h:4m:0s (0h:1m:43s left)
Iteration 220 / LogL: -40114.661 / Time: 0h:4m:5s (0h:1m:29s left)
Iteration 230 / LogL: -40121.291 / Time: 0h:4m:10s (0h:1m:16s left)
Iteration 240 / LogL: -40127.228 / Time: 0h:4m:15s (0h:1m:4s left)
Iteration 250 / LogL: -40116.057 / Time: 0h:4m:20s (0h:0m:52s left)
Log-likelihood cutoff on original alignment: -40205.400
Iteration 260 / LogL: -40117.353 / Time: 0h:4m:25s (0h:0m:40s left)
Iteration 270 / LogL: -40127.034 / Time: 0h:4m:30s (0h:0m:30s left)
Iteration 280 / LogL: -40115.987 / Time: 0h:4m:35s (0h:0m:19s left)
Iteration 290 / LogL: -40114.824 / Time: 0h:4m:40s (0h:0m:9s left)
Iteration 300 / LogL: -40155.682 / Time: 0h:4m:45s (0h:0m:0s left)
Log-likelihood cutoff on original alignment: -40205.400
NOTE: Bootstrap correlation coefficient of split occurrence frequencies: 0.977
NOTE: UFBoot does not converge, continue at least 100 more iterations
Iteration 310 / LogL: -40115.117 / Time: 0h:4m:51s (0h:1m:24s left)
Iteration 320 / LogL: -40123.522 / Time: 0h:4m:56s (0h:1m:14s left)
Iteration 330 / LogL: -40114.575 / Time: 0h:5m:1s (0h:1m:4s left)
Iteration 340 / LogL: -40114.253 / Time: 0h:5m:6s (0h:0m:54s left)
Iteration 350 / LogL: -40121.505 / Time: 0h:5m:11s (0h:0m:44s left)
Log-likelihood cutoff on original alignment: -40205.400
Iteration 360 / LogL: -40114.562 / Time: 0h:5m:17s (0h:0m:35s left)
UPDATE BEST LOG-LIKELIHOOD: -40114.251
Iteration 370 / LogL: -40115.816 / Time: 0h:5m:22s (0h:0m:26s left)
Iteration 380 / LogL: -40115.556 / Time: 0h:5m:27s (0h:0m:17s left)
UPDATE BEST LOG-LIKELIHOOD: -40114.251
Iteration 390 / LogL: -40114.280 / Time: 0h:5m:32s (0h:0m:8s left)
Iteration 400 / LogL: -40114.734 / Time: 0h:5m:37s (0h:0m:0s left)
Log-likelihood cutoff on original alignment: -40205.400
NOTE: Bootstrap correlation coefficient of split occurrence frequencies: 0.997
TREE SEARCH COMPLETED AFTER 400 ITERATIONS / Time: 0h:5m:37s

--------------------------------------------------------------------
|                    FINALIZING TREE SEARCH                        |
--------------------------------------------------------------------
Performs final model parameters optimization
Estimate model parameters (epsilon = 0.010)
1. Initial log-likelihood: -40114.251
2. Current log-likelihood: -40113.699
3. Current log-likelihood: -40113.577
4. Current log-likelihood: -40113.498
5. Current log-likelihood: -40113.167
6. Current log-likelihood: -40113.137
7. Current log-likelihood: -40112.976
8. Current log-likelihood: -40112.246
9. Current log-likelihood: -40112.150
10. Current log-likelihood: -40112.109
11. Current log-likelihood: -40112.085
12. Current log-likelihood: -40112.055
13. Current log-likelihood: -40112.036
14. Current log-likelihood: -40111.948
15. Current log-likelihood: -40111.813
16. Current log-likelihood: -40111.783
Optimal log-likelihood: -40111.777
Parameters optimization took 16 rounds (15.382 sec)
BEST SCORE FOUND : -40111.777
Creating bootstrap support values...
Split supports printed to NEXUS file /csm_data/spielman_lab/dms_modelselection/pandit_aa_alignments/PF00588.fasta.splits.nex
Total tree length: 92.257

Total number of iterations: 400
CPU time used for tree search: 1106.328 sec (0h:18m:26s)
Wall-clock time used for tree search: 284.161 sec (0h:4m:44s)
Total CPU time used: 1361.947 sec (0h:22m:41s)
Total wall-clock time used: 353.699 sec (0h:5m:53s)

Computing bootstrap consensus tree...
Reading input file /csm_data/spielman_lab/dms_modelselection/pandit_aa_alignments/PF00588.fasta.splits.nex...
143 taxa and 931 splits.
Consensus tree written to /csm_data/spielman_lab/dms_modelselection/pandit_aa_alignments/PF00588.fasta.contree
Reading input trees file /csm_data/spielman_lab/dms_modelselection/pandit_aa_alignments/PF00588.fasta.contree
Log-likelihood of consensus tree: -40112.424

Analysis results written to: 
  IQ-TREE report:                /csm_data/spielman_lab/dms_modelselection/pandit_aa_alignments/PF00588.fasta.iqtree
  Maximum-likelihood tree:       /csm_data/spielman_lab/dms_modelselection/pandit_aa_alignments/PF00588.fasta.treefile
  Likelihood distances:          /csm_data/spielman_lab/dms_modelselection/pandit_aa_alignments/PF00588.fasta.mldist

Ultrafast bootstrap approximation results written to:
  Split support values:          /csm_data/spielman_lab/dms_modelselection/pandit_aa_alignments/PF00588.fasta.splits.nex
  Consensus tree:                /csm_data/spielman_lab/dms_modelselection/pandit_aa_alignments/PF00588.fasta.contree
  Screen log file:               /csm_data/spielman_lab/dms_modelselection/pandit_aa_alignments/PF00588.fasta.log

Date and Time: Fri Jun 14 12:55:33 2019
