IQ-TREE multicore version 1.6.7 for Linux 64-bit built Aug 23 2018
Developed by Bui Quang Minh, Nguyen Lam Tung, Olga Chernomor,
Heiko Schmidt, Dominik Schrempf, Michael Woodhams.

Host:    csm-com-011 (AVX2, FMA3, 62 GB RAM)
Command: iqtree -quiet -nt AUTO -ntmax 8 -m mtVer+I+G4 -s /csm_data/spielman_lab/dms_modelselection/pandit_aa_alignments/PF00135.fasta -st AA -redo -bb 1000
Seed:    446607 (Using SPRNG - Scalable Parallel Random Number Generator)
Time:    Fri Jun 14 09:34:00 2019
Kernel:  AVX+FMA - auto-detect threads (48 CPU cores detected)

Reading alignment file /csm_data/spielman_lab/dms_modelselection/pandit_aa_alignments/PF00135.fasta ... Fasta format detected
Alignment most likely contains protein sequences
WARNING: 1 sites contain only gaps or ambiguous characters.
Alignment has 118 sequences with 889 columns, 867 distinct patterns
660 parsimony-informative, 128 singleton sites, 101 constant sites
                   Gap/Ambiguity  Composition  p-value
   1  THYGHUMAN21812718   39.48%    failed      0.44%
   2  THYGBOVIN21892719   40.27%    failed      0.11%
   3  THYGRAT21862719     39.93%    failed      1.71%
   4  SASBANAPL6539       39.93%    passed     11.92%
   5  EST1PIG1546         38.58%    passed      8.62%
   6  ES22MOUSE1546       38.58%    passed     71.42%
   7  P70104CAVPO1545     38.70%    passed     17.81%
   8  EST2HUMAN12538      40.72%    passed      7.27%
   9  O35533MESAU10538    40.49%    passed     21.47%
  10  O70631RAT7540       39.93%    passed     18.52%
  11  O35535RAT5533       40.49%    passed     21.67%
  12  EST1MESAU8540       40.04%    passed     15.75%
  13  ESTMMOUSE1530       40.38%    passed     55.07%
  14  Q92149SALSA3533     40.27%    passed     83.24%
  15  CELBOVIN1540        39.26%    passed     52.67%
  16  Q16398HUMAN1542     39.03%    passed     15.55%
  17  NLGN3RAT19624       31.83%    passed     69.22%
  18  NLGNXHUMAN25590     36.33%    passed     41.65%
  19  NLGN1RAT29626       32.73%    passed     79.00%
  20  NLGN2RAT28601       35.43%    passed     76.90%
  21  Q9U6M8BOOMI1540     39.26%    passed     23.13%
  22  Q9NJH69HEMI58620    36.67%    passed     83.29%
  23  ACESDROME23593      35.77%    passed     91.21%
  24  Q9BMJ1SCHGA80628    38.25%    passed     19.90%
  25  O97110LOLOP8563     37.46%    passed     67.41%
  26  O965299BILA18593    35.21%    passed     48.95%
  27  ACE1CAEEL3561       37.12%    passed     89.45%
  28  O76998BRAFL2549     38.36%    passed     16.91%
  29  O76999BRAFL6549     38.81%    passed     23.51%
  30  CHLEMOUSE7551       38.70%    passed     92.21%
  31  CHLEHUMAN6550       38.70%    passed     35.38%
  32  ACESTORCA1545       38.70%    passed     32.04%
  33  ACESBUNFA14555      39.03%    passed     23.65%
  34  ACESELEEL6582       35.10%    passed     85.80%
  35  ACESBRARE5583       34.87%    passed     86.34%
  36  O619879ACAR12576    36.45%    passed      5.57%
  37  O62563RHIAP12528    41.84%    passed      5.37%
  38  O61372CAEEL1562     36.78%    passed      7.11%
  39  O61459CAEEL3564     36.78%    passed     47.44%
  40  O61378CAEBR12574    36.67%    passed     60.44%
  41  O61587NIPBR4568     36.45%    failed      2.52%
  42  Q9WX47COMAC11542    40.16%    failed      0.00%
  43  Q9RXA0DEIRA1499     43.87%    failed      0.00%
  44  Q9RR71DEIRA13537    40.94%    failed      0.00%
  45  Q9U6M9BOOMI8537     40.38%    failed      2.69%
  46  O61864BOOMI4557     37.68%    passed     60.65%
  47  Q9NK80DROME137695   37.12%    failed      0.73%
  48  EST1CAEEL3535       40.04%    failed      4.56%
  49  EST1CAEBR3534       40.16%    passed     55.51%
  50  D2DICDI1524         41.06%    passed      9.94%
  51  CRYSDICDI1530       40.38%    passed     33.20%
  52  Q9RKZ7STRCO1496     44.21%    failed      0.00%
  53  O53488MYCTU3500     43.98%    failed      0.00%
  54  Q9Y141DROME1540     39.26%    passed     32.63%
  55  Q9VLA3DROME14578    36.45%    passed     86.77%
  56  Q9VLA4DROME7528     41.28%    passed     34.39%
  57  Q9GQ019HEMI4545     39.03%    passed      7.92%
  58  ESTEMYZPE1548       38.36%    failed      3.03%
  59  Q9V7J1DROME7504     43.98%    passed     19.43%
  60  Q9BMT7DROME4555     37.91%    passed     16.17%
  61  Q9XZN4CHOFU1545     38.70%    passed      9.18%
  62  O44423HELVI4554     38.02%    passed     10.47%
  63  Q9XZ70MUSDO13559    38.47%    passed      5.10%
  64  Q25252LUCCU13551    39.37%    passed      7.68%
  65  Q9U4U9HAEIR13551    39.37%    passed      5.38%
  66  Q24201DROME1533     40.04%    passed     87.00%
  67  Q9W243DROME10554    38.70%    passed     27.32%
  68  Q9NI61DROBU10554    38.70%    passed     61.53%
  69  Q24194DROME1541     39.15%    passed     11.49%
  70  Q9NI59DROBU9555     38.47%    passed     82.53%
  71  Q24198DROME1532     40.16%    passed     85.10%
  72  Q24203DROME1554     37.68%    passed     10.50%
  73  Q24202DROME1548     38.36%    passed     24.54%
  74  Q24204DROME4540     39.60%    passed     99.01%
  75  Q9NI58DROBU1532     40.16%    passed     32.45%
  76  Q24200DROME12557    38.58%    passed     24.26%
  77  EST1CULPI1522       41.28%    passed     97.78%
  78  Q23733CULQU1530     40.38%    passed     43.22%
  79  Q24197DROME1529     40.49%    passed     74.94%
  80  Q9VCL6DROME62632    35.77%    passed     40.75%
  81  Q9BL43CAEEL1533     40.04%    passed     76.77%
  82  EST2CAEEL1526       40.83%    passed     38.91%
  83  Q23010CAEEL1539     39.37%    failed      2.72%
  84  O16694CAEEL1505     43.19%    failed      4.46%
  85  O16695CAEEL76614    39.37%    passed     54.03%
  86  Q23123CAEEL9560     37.91%    failed      2.38%
  87  ESTSDROVI1537       39.60%    passed     85.35%
  88  ESTPDROME1544       38.81%    passed     96.87%
  89  EST5BDROPS1545      38.70%    passed     76.33%
  90  EST5ADROPS5546      39.03%    passed     98.08%
  91  EST6DROMA1542       39.03%    passed     24.11%
  92  LIP2CANRU1532       40.16%    failed      1.96%
  93  LIP1CANRU1533       40.04%    failed      2.18%
  94  LIP1GEOFE1548       38.36%    passed     52.67%
  95  Q12616GEOCN1548     38.36%    passed     44.27%
  96  O42728RHOTO1562     36.78%    failed      0.00%
  97  Q9W1B3DROME10560    38.02%    passed      5.82%
  98  Q9XTG1CAEEL1592     33.41%    passed     41.15%
  99  Q9NGK5DROME157730   35.43%    failed      4.20%
 100  NRTDROME330833      43.31%    passed      7.01%
 101  Q9VP25DROME18544    40.72%    passed     34.42%
 102  Q9VLJ2DROME2562     36.90%    passed     16.68%
 103  Q9VLJ1DROME58600    38.92%    passed     67.39%
 104  GLTDROME34580       38.47%    failed      0.00%
 105  Q20826CAEEL61614    37.68%    passed     20.62%
 106  Q8T016DROME9548     39.26%    failed      0.13%
 107  Q9VPZ5DROME21599    34.87%    passed     49.28%
 108  Q9GZG9CAEEL1500     43.76%    failed      0.06%
 109  Q17541CAEEL1495     44.32%    failed      0.40%
 110  Q17542CAEEL3498     44.21%    failed      1.97%
 111  O45083CAEEL8503     44.21%    failed      3.99%
 112  Q93254CAEEL5515     42.52%    passed      7.30%
 113  O17592CAEEL10532    41.17%    failed      0.85%
 114  O01302CAEEL1531     40.27%    failed      0.69%
 115  Q23267CAEEL1531     40.27%    passed     35.05%
 116  P92016CAEEL1509     42.74%    failed      0.32%
 117  O44089CAEEL4516     42.29%    failed      0.02%
 118  O94493SCHPO1503     43.42%    failed      3.03%
****  TOTAL               39.18%  31 sequences failed composition chi2 test (p-value<5%; df=19)

Create initial parsimony tree by phylogenetic likelihood library (PLL)... 0.064 seconds
Generating 1000 samples for ultrafast bootstrap (seed: 446607)...

NOTE: 68 MB RAM (0 GB) is required!
Measuring multi-threading efficiency up to 8 CPU cores
Increase to 10 rounds for branch lengths
4 trees examined
Threads: 1 / Time: 8.736 sec / Speedup: 1.000 / Efficiency: 100% / LogL: -151848
Threads: 2 / Time: 4.507 sec / Speedup: 1.938 / Efficiency: 97% / LogL: -151848
Threads: 3 / Time: 3.228 sec / Speedup: 2.706 / Efficiency: 90% / LogL: -151848
Threads: 4 / Time: 2.521 sec / Speedup: 3.465 / Efficiency: 87% / LogL: -151848
Threads: 5 / Time: 2.117 sec / Speedup: 4.126 / Efficiency: 83% / LogL: -151848
Threads: 6 / Time: 1.856 sec / Speedup: 4.707 / Efficiency: 78% / LogL: -151848
Threads: 7 / Time: 1.661 sec / Speedup: 5.261 / Efficiency: 75% / LogL: -151848
Threads: 8 / Time: 1.541 sec / Speedup: 5.668 / Efficiency: 71% / LogL: -151848
BEST NUMBER OF THREADS: 8

Estimate model parameters (epsilon = 0.100)
Thoroughly optimizing +I+G parameters from 10 start values...
Init pinv, alpha: 0.000, 1.000 / Estimate: 0.002, 0.963 / LogL: -128554.340
Init pinv, alpha: 0.013, 1.000 / Estimate: 0.002, 0.964 / LogL: -128554.337
Init pinv, alpha: 0.025, 1.000 / Estimate: 0.002, 0.964 / LogL: -128554.337
Init pinv, alpha: 0.038, 1.000 / Estimate: 0.002, 0.964 / LogL: -128554.336
Init pinv, alpha: 0.050, 1.000 / Estimate: 0.002, 0.964 / LogL: -128554.336
Init pinv, alpha: 0.063, 1.000 / Estimate: 0.002, 0.964 / LogL: -128554.336
Init pinv, alpha: 0.076, 1.000 / Estimate: 0.002, 0.964 / LogL: -128554.336
Init pinv, alpha: 0.088, 1.000 / Estimate: 0.002, 0.964 / LogL: -128554.336
Init pinv, alpha: 0.101, 1.000 / Estimate: 0.002, 0.964 / LogL: -128554.336
Init pinv, alpha: 0.114, 1.000 / Estimate: 0.002, 0.964 / LogL: -128554.336
Optimal pinv,alpha: 0.002, 0.964 / LogL: -128554.336

Parameters optimization took 6.854 sec
Computing ML distances based on estimated model parameters... 11.514 sec
WARNING: Some pairwise ML distances are too long (saturated)
Computing BIONJ tree...
0.011 seconds
Log-likelihood of BIONJ tree: -128321.400
--------------------------------------------------------------------
|             INITIALIZING CANDIDATE TREE SET                      |
--------------------------------------------------------------------
Generating 98 parsimony trees... 9.480 second
Computing log-likelihood of 98 initial trees ... 8.801 seconds
Current best score: -128321.400

Do NNI search on 20 best initial trees
Estimate model parameters (epsilon = 0.100)
BETTER TREE FOUND at iteration 1: -128189.643
Estimate model parameters (epsilon = 0.100)
BETTER TREE FOUND at iteration 2: -128188.528
Estimate model parameters (epsilon = 0.100)
BETTER TREE FOUND at iteration 3: -128185.049
Estimate model parameters (epsilon = 0.100)
BETTER TREE FOUND at iteration 5: -128176.977
Iteration 10 / LogL: -128250.965 / Time: 0h:1m:5s
Estimate model parameters (epsilon = 0.100)
BETTER TREE FOUND at iteration 11: -128176.651
Estimate model parameters (epsilon = 0.100)
BETTER TREE FOUND at iteration 13: -128175.300
Iteration 20 / LogL: -128233.387 / Time: 0h:1m:17s
Finish initializing candidate tree set (20)
Current best tree score: -128175.300 / CPU time: 41.670
Number of iterations: 20
--------------------------------------------------------------------
|               OPTIMIZING CANDIDATE TREE SET                      |
--------------------------------------------------------------------
Estimate model parameters (epsilon = 0.100)
BETTER TREE FOUND at iteration 22: -128168.924
Estimate model parameters (epsilon = 0.100)
BETTER TREE FOUND at iteration 25: -128150.035
Iteration 30 / LogL: -128165.311 / Time: 0h:1m:28s (0h:4m:48s left)
Estimate model parameters (epsilon = 0.100)
BETTER TREE FOUND at iteration 38: -128149.510
Iteration 40 / LogL: -128154.452 / Time: 0h:1m:38s (0h:4m:8s left)
Estimate model parameters (epsilon = 0.100)
BETTER TREE FOUND at iteration 42: -128149.245
Estimate model parameters (epsilon = 0.100)
BETTER TREE FOUND at iteration 47: -128146.600
Iteration 50 / LogL: -128150.287 / Time: 0h:1m:50s (0h:3m:37s left)
Log-likelihood cutoff on original alignment: -128253.147
Iteration 60 / LogL: -128146.887 / Time: 0h:2m:0s (0h:2m:56s left)
Iteration 70 / LogL: -128274.499 / Time: 0h:2m:10s (0h:2m:25s left)
Iteration 80 / LogL: -128147.259 / Time: 0h:2m:20s (0h:1m:59s left)
Estimate model parameters (epsilon = 0.100)
BETTER TREE FOUND at iteration 86: -128144.375
Iteration 90 / LogL: -128147.852 / Time: 0h:2m:31s (0h:2m:43s left)
Estimate model parameters (epsilon = 0.100)
BETTER TREE FOUND at iteration 93: -128141.027
Estimate model parameters (epsilon = 0.100)
BETTER TREE FOUND at iteration 96: -128140.450
Iteration 100 / LogL: -128183.724 / Time: 0h:2m:41s (0h:2m:36s left)
Log-likelihood cutoff on original alignment: -128239.493
NOTE: Bootstrap correlation coefficient of split occurrence frequencies: 0.990
Estimate model parameters (epsilon = 0.100)
UPDATE BEST LOG-LIKELIHOOD: -128139.962
Iteration 110 / LogL: -128148.865 / Time: 0h:2m:52s (0h:2m:22s left)
Iteration 120 / LogL: -128140.055 / Time: 0h:3m:2s (0h:2m:2s left)
Estimate model parameters (epsilon = 0.100)
UPDATE BEST LOG-LIKELIHOOD: -128139.759
Iteration 130 / LogL: -128150.625 / Time: 0h:3m:13s (0h:1m:44s left)
Iteration 140 / LogL: -128141.715 / Time: 0h:3m:23s (0h:1m:27s left)
Iteration 150 / LogL: -128146.011 / Time: 0h:3m:34s (0h:1m:11s left)
Log-likelihood cutoff on original alignment: -128239.493
Iteration 160 / LogL: -128146.341 / Time: 0h:3m:45s (0h:0m:56s left)
Iteration 170 / LogL: -128140.124 / Time: 0h:3m:55s (0h:0m:41s left)
Estimate model parameters (epsilon = 0.100)
BETTER TREE FOUND at iteration 176: -128136.643
Iteration 180 / LogL: -128141.529 / Time: 0h:4m:6s (0h:2m:12s left)
Iteration 190 / LogL: -128140.297 / Time: 0h:4m:16s (0h:1m:56s left)
Estimate model parameters (epsilon = 0.100)
BETTER TREE FOUND at iteration 191: -128135.762
Iteration 200 / LogL: -128137.239 / Time: 0h:4m:27s (0h:2m:2s left)
Log-likelihood cutoff on original alignment: -128239.493
NOTE: Bootstrap correlation coefficient of split occurrence frequencies: 0.990
NOTE: UFBoot does not converge, continue at least 100 more iterations
Iteration 210 / LogL: -128151.022 / Time: 0h:4m:38s (0h:1m:59s left)
Iteration 220 / LogL: -128138.312 / Time: 0h:4m:48s (0h:1m:45s left)
Iteration 230 / LogL: -128145.182 / Time: 0h:4m:57s (0h:1m:30s left)
Iteration 240 / LogL: -128136.260 / Time: 0h:5m:9s (0h:1m:17s left)
Iteration 250 / LogL: -128138.109 / Time: 0h:5m:19s (0h:1m:4s left)
Log-likelihood cutoff on original alignment: -128239.403
Iteration 260 / LogL: -128136.430 / Time: 0h:5m:30s (0h:0m:51s left)
Iteration 270 / LogL: -128135.885 / Time: 0h:5m:41s (0h:0m:38s left)
Iteration 280 / LogL: -128138.052 / Time: 0h:5m:51s (0h:0m:25s left)
Iteration 290 / LogL: -128152.577 / Time: 0h:6m:1s (0h:0m:12s left)
Iteration 300 / LogL: -128158.814 / Time: 0h:6m:12s (0h:0m:0s left)
Log-likelihood cutoff on original alignment: -128239.403
NOTE: Bootstrap correlation coefficient of split occurrence frequencies: 0.988
NOTE: UFBoot does not converge, continue at least 100 more iterations
Iteration 310 / LogL: -128138.186 / Time: 0h:6m:22s (0h:1m:51s left)
Iteration 320 / LogL: -128155.010 / Time: 0h:6m:32s (0h:1m:38s left)
Iteration 330 / LogL: -128248.702 / Time: 0h:6m:42s (0h:1m:25s left)
Iteration 340 / LogL: -128153.567 / Time: 0h:6m:53s (0h:1m:13s left)
Iteration 350 / LogL: -128137.412 / Time: 0h:7m:3s (0h:1m:0s left)
Log-likelihood cutoff on original alignment: -128238.671
Iteration 360 / LogL: -128137.115 / Time: 0h:7m:14s (0h:0m:48s left)
Iteration 370 / LogL: -128140.990 / Time: 0h:7m:25s (0h:0m:36s left)
Iteration 380 / LogL: -128140.361 / Time: 0h:7m:35s (0h:0m:24s left)
Iteration 390 / LogL: -128141.521 / Time: 0h:7m:47s (0h:0m:12s left)
Iteration 400 / LogL: -128136.562 / Time: 0h:7m:57s (0h:0m:0s left)
Log-likelihood cutoff on original alignment: -128238.671
NOTE: Bootstrap correlation coefficient of split occurrence frequencies: 0.992
TREE SEARCH COMPLETED AFTER 400 ITERATIONS / Time: 0h:7m:57s

--------------------------------------------------------------------
|                    FINALIZING TREE SEARCH                        |
--------------------------------------------------------------------
Performs final model parameters optimization
Estimate model parameters (epsilon = 0.010)
1. Initial log-likelihood: -128135.762
Optimal log-likelihood: -128135.761
Proportion of invariable sites: 0.002
Gamma shape alpha: 0.971
Parameters optimization took 1 rounds (0.132 sec)
BEST SCORE FOUND : -128135.761
Creating bootstrap support values...
Split supports printed to NEXUS file /csm_data/spielman_lab/dms_modelselection/pandit_aa_alignments/PF00135.fasta.splits.nex
Total tree length: 156.214

Total number of iterations: 400
CPU time used for tree search: 3449.989 sec (0h:57m:29s)
Wall-clock time used for tree search: 442.166 sec (0h:7m:22s)
Total CPU time used: 3618.176 sec (1h:0m:18s)
Total wall-clock time used: 478.216 sec (0h:7m:58s)

Computing bootstrap consensus tree...
Reading input file /csm_data/spielman_lab/dms_modelselection/pandit_aa_alignments/PF00135.fasta.splits.nex...
118 taxa and 793 splits.
Consensus tree written to /csm_data/spielman_lab/dms_modelselection/pandit_aa_alignments/PF00135.fasta.contree
Reading input trees file /csm_data/spielman_lab/dms_modelselection/pandit_aa_alignments/PF00135.fasta.contree
Log-likelihood of consensus tree: -128135.956

Analysis results written to: 
  IQ-TREE report:                /csm_data/spielman_lab/dms_modelselection/pandit_aa_alignments/PF00135.fasta.iqtree
  Maximum-likelihood tree:       /csm_data/spielman_lab/dms_modelselection/pandit_aa_alignments/PF00135.fasta.treefile
  Likelihood distances:          /csm_data/spielman_lab/dms_modelselection/pandit_aa_alignments/PF00135.fasta.mldist

Ultrafast bootstrap approximation results written to:
  Split support values:          /csm_data/spielman_lab/dms_modelselection/pandit_aa_alignments/PF00135.fasta.splits.nex
  Consensus tree:                /csm_data/spielman_lab/dms_modelselection/pandit_aa_alignments/PF00135.fasta.contree
  Screen log file:               /csm_data/spielman_lab/dms_modelselection/pandit_aa_alignments/PF00135.fasta.log

Date and Time: Fri Jun 14 09:41:59 2019
