IQ-TREE multicore version 1.6.7 for Linux 64-bit built Aug 23 2018
Developed by Bui Quang Minh, Nguyen Lam Tung, Olga Chernomor,
Heiko Schmidt, Dominik Schrempf, Michael Woodhams.

Host:    csm-com-006 (AVX2, FMA3, 62 GB RAM)
Command: iqtree -quiet -nt AUTO -ntmax 8 -m mtMAM+I -s /csm_data/spielman_lab/dms_modelselection/pandit_aa_alignments/PF01590.fasta -st AA -redo -bb 1000
Seed:    609491 (Using SPRNG - Scalable Parallel Random Number Generator)
Time:    Fri Jun 14 19:12:05 2019
Kernel:  AVX+FMA - auto-detect threads (48 CPU cores detected)

Reading alignment file /csm_data/spielman_lab/dms_modelselection/pandit_aa_alignments/PF01590.fasta ... Fasta format detected
Alignment most likely contains protein sequences
Alignment has 451 sequences with 370 columns, 365 distinct patterns
237 parsimony-informative, 87 singleton sites, 46 constant sites
                     Gap/Ambiguity  Composition  p-value
   1  Q9ZWQ6ADICA198376     51.62%    passed      7.55%
   2  Q8GV69PHYPA215394     51.35%    passed     69.04%
   3  PHY1SELMA219401       50.54%    passed     43.86%
   4  PHY1CERPU215394       51.35%    passed     74.65%
   5  PHYMOUSC220399        51.35%    passed      9.25%
   6  Q9M6H2HOUCO38217      51.35%    passed     56.91%
   7  Q9AU36LILSU38218      51.08%    passed     63.24%
   8  Q9AU18XANSI38217      51.35%    passed     44.65%
   9  Q41335LYCES218397     51.35%    passed     44.72%
  10  Q8LS009ROSI38218      51.08%    passed      7.49%
  11  Q9M6G1NYMAL53233      51.08%    passed     20.38%
  12  Q9AU389MAGN38219      50.81%    passed     32.41%
  13  Q8LS339ROSI38218      51.08%    passed     11.52%
  14  Q9ZTX7SOLTU44210      54.86%    passed     68.16%
  15  Q9FQT3EUOEU28206      51.62%    passed     88.83%
  16  Q9M6I49MAGN32217      49.73%    failed      2.01%
  17  Q9M6F89LILI32221      48.65%    passed      7.65%
  18  Q9AU53CERDE55238      50.27%    failed      1.68%
  19  Q9AU37LILSU56241      49.73%    passed     17.10%
  20  PHYA3AVESA216401      49.73%    passed     14.59%
  21  Q9AU499LILI58256      46.22%    failed      0.01%
  22  Q9FT15BOTLU2153       58.92%    passed     55.41%
  23  O04405PSINU2153       58.92%    passed     70.61%
  24  Q9ARE69SPER3168       55.14%    passed      6.63%
  25  Q39711EQUAR3150       60.00%    passed     44.38%
  26  O044129FILI3154       58.92%    passed     68.48%
  27  Q9FST2GNEGN3155       58.65%    passed     46.88%
  28  Q9FS64THUPL3154       58.92%    passed     61.37%
  29  Q9FSI09CONI3151       59.73%    passed     54.98%
  30  Q9FSE7OSMRE3150       60.00%    passed     28.30%
  31  Q9FSC5POLVU2153       58.92%    passed     70.87%
  32  BPHYDEIRA152316       55.41%    passed      8.37%
  33  BPHYPSEAE139303       55.41%    passed      5.87%
  34  Q936K0RHILE144307     55.68%    passed     38.33%
  35  Q8UDG1AGRT5141304     55.68%    passed     52.89%
  36  Q88HJ2PSEPK141304     55.68%    passed     61.80%
  37  Q8VUB69BRAD144308     55.41%    passed     32.64%
  38  Q8P3C2XANCP144308     55.41%    passed     69.64%
  39  Q8UDX6AGRT5133301     54.32%    passed     52.94%
  40  Q8VRN8PSEFL148312     55.41%    passed     87.68%
  41  Q8RPQ4PSESX148308     56.49%    passed     64.32%
  42  Q882H5PSESM148308     56.49%    passed     54.54%
  43  PHYBANASP152320       54.32%    failed      3.42%
  44  Q8RTM99CYAN169337     54.32%    passed     16.96%
  45  PHYAANASP152320       54.32%    passed     72.99%
  46  Q8RTN19CYAN152320     54.32%    passed     79.01%
  47  PHY1SYNY3152320       54.32%    passed     64.16%
  48  Q88KD4PSEPK159327     54.32%    passed     81.93%
  49  Q8VRN4RHOSH227391     55.41%    passed     25.16%
  50  Q8YTL8ANASP31195      55.41%    passed     93.56%
  51  Q9ZTP3ARATH181331     59.19%    passed     38.90%
  52  Q9XET8LYCES182332     59.19%    passed     85.36%
  53  Q8W3J7BRAOL186336     59.19%    passed     65.29%
  54  O82429ARATH187331     60.81%    passed     28.12%
  55  Q8RY04LYCES182332     59.19%    passed     94.54%
  56  Q9XET9LYCES184333     59.46%    passed     46.47%
  57  Q8W229PYRCO181330     59.46%    passed     70.97%
  58  Q9FXT2MAIZE195344     59.46%    passed     71.84%
  59  Q8H1X1ORYSA190339     59.46%    passed     16.07%
  60  Q9SSY4CUCSA182332     59.19%    passed     76.47%
  61  Q9ZSW4CITSI158307     59.46%    passed     70.17%
  62  Q8RVK3MALDO158307     59.46%    passed     64.80%
  63  O24176ORYSA158307     59.46%    passed     31.39%
  64  Q8S9A9PASED158307     59.46%    passed     85.94%
  65  O49077CUCME159309     59.19%    passed     24.70%
  66  Q8VXL0FAGSY157303     60.27%    passed     74.74%
  67  O49231BRAOL158307     59.46%    passed     75.61%
  68  Q8W129ORYSA159308     59.46%    passed     27.32%
  69  Q9XGS9ROSHC8129       67.03%    passed     43.90%
  70  Q9XF18ROSHC11130      67.57%    passed     63.36%
  71  Q43506LYCES42190      59.73%    passed     15.55%
  72  O49158TOBAC159308     59.46%    passed     15.78%
  73  O49043DIACA157306     59.46%    passed      8.77%
  74  O24608DIACA157306     59.46%    passed     65.66%
  75  O246409CARY158307     59.46%    passed     63.46%
  76  Q9KHI5SYNEL184343     56.76%    failed      0.40%
  77  Q8YWC5ANASP237398     56.22%    passed     49.04%
  78  P74111SYNY3174338     55.41%    passed     54.05%
  79  Q8DKG0SYNEL170319     59.46%    failed      0.04%
  80  Q8YYW3ANASP9681123    57.84%    passed     37.42%
  81  Q8YXY7ANASP600745     60.54%    passed     26.95%
  82  Q8YXY7ANASP234379     60.54%    passed      5.66%
  83  Q8YXY7ANASP417562     60.54%    passed     18.61%
  84  Q8YPD6ANASP595738     61.08%    passed     27.39%
  85  Q8YPD6ANASP435550     68.65%    passed     26.79%
  86  Q8YPD6ANASP233397     55.41%    passed     15.49%
  87  P73184SYNY3440586     60.27%    passed      9.47%
  88  Q8YTL8ANASP465612     60.00%    failed      1.29%
  89  Q8YPD6ANASP38189      58.92%    passed     56.85%
  90  P73184SYNY3248388     61.89%    passed     36.82%
  91  Q8DKE8SYNEL534675     61.62%    passed     62.19%
  92  Q8YXD3ANASP565713     59.73%    passed     82.33%
  93  Q8YUU2ANASP159299     61.89%    passed     21.86%
  94  Q8YVK9ANASP451592     61.62%    passed     29.88%
  95  Q8YUQ6ANASP448589     61.62%    passed     19.28%
  96  Q47897FREDI113262     59.46%    passed     18.36%
  97  P74623SYNY358211      58.38%    passed     73.22%
  98  Q8DHG0SYNEL191332     61.62%    passed     69.33%
  99  PHY2SYNY39391080      61.62%    passed     55.28%
 100  Q8YQQ8ANASP715861     60.27%    failed      0.34%
 101  Q8DKD5SYNEL444585     61.62%    failed      4.93%
 102  Q8YLM6ANASP180321     61.62%    failed      2.87%
 103  P73337SYNY3701842     61.62%    passed     51.55%
 104  Q8YSG5ANASP711855     60.81%    passed     11.95%
 105  Q8YQX0ANASP15691713   60.81%    passed     23.71%
 106  P73363SYNY3475619     60.81%    failed      1.31%
 107  Q8DLC7SYNEL439580     61.62%    passed     86.02%
 108  Y041SYNY3509650       61.62%    passed     91.76%
 109  Q8YSG5ANASP365505     61.89%    failed      3.72%
 110  P73687SYNY3345486     61.62%    passed     63.24%
 111  Q8DJK8SYNEL323460     62.70%    passed     12.86%
 112  P72956SYNY3158301     61.08%    passed     14.90%
 113  Q8YRT7ANASP33174      61.62%    passed     86.68%
 114  Q8YXY7ANASP64203      62.16%    passed     13.52%
 115  Q8YZX5ANASP262407     60.54%    passed     92.66%
 116  Q55177SYNY3242391     59.46%    passed     82.87%
 117  Q8DID1SYNEL248389     61.62%    passed     16.46%
 118  Q8YT51ANASP9601103    61.08%    passed     56.38%
 119  Q8DJE3SYNEL645787     61.35%    passed     60.90%
 120  P73035SYNY3600741     61.62%    passed     48.61%
 121  Q8DJE3SYNEL463607     60.81%    passed     63.50%
 122  P74115SYNY341171      64.59%    failed      0.68%
 123  Q8YWB2ANASP160284     66.22%    failed      0.90%
 124  P941839NOST160308     59.73%    passed     19.87%
 125  O32393SPIPL161332     53.51%    passed     68.19%
 126  P941839NOST339492     58.38%    passed     89.43%
 127  O32393SPIPL363540     51.89%    passed     36.45%
 128  Q984C1RHILO350489     62.16%    passed     51.70%
 129  Q8DIH6SYNEL311450     62.16%    passed     17.13%
 130  Q9HUF2PSEAE192333     61.62%    passed      9.40%
 131  Q88QZ7PSEPK192330     62.43%    failed      4.72%
 132  Q88AI4PSESM192331     62.16%    passed     10.47%
 133  Q8YYW3ANASP232374     61.35%    passed     37.59%
 134  Q8YZD5ANASP46188      61.35%    passed     64.16%
 135  Q8DJK8SYNEL28170      61.35%    passed     94.48%
 136  Q8ECI0SHEON22162      61.89%    passed     78.64%
 137  Q8F2G6LEPIN689832     61.08%    passed     85.18%
 138  Q8DJ61SYNEL438577     62.16%    passed     76.33%
 139  Q8EE90SHEON71212      61.62%    passed     79.16%
 140  Q984C1RHILO520659     62.16%    passed     94.03%
 141  Q88GR7PSEPK173312     62.16%    passed     51.12%
 142  Q8TS36METAC291432     61.62%    passed     44.72%
 143  Q8PKV3XANAC160298     62.43%    passed     37.31%
 144  Q8P8T6XANCP175313     62.43%    passed     75.09%
 145  Q98FQ9RHILO24173      59.46%    passed     70.48%
 146  YNTCAZOCA25175        59.19%    failed      4.72%
 147  Q8XR80RALSO273415     61.35%    passed     17.59%
 148  Y041SYNY3342478       62.97%    failed      2.06%
 149  P74015SYNY34140       62.97%    passed     45.55%
 150  Q9ZBY4STRCO209342     63.78%    failed      0.42%
 151  Q9L094STRCO151285     63.51%    failed      0.30%
 152  P95194MYCTU231369     62.43%    failed      0.01%
 153  O53473MYCTU229366     62.70%    failed      0.24%
 154  Q89RB0BRAJA422561     62.16%    passed     83.20%
 155  Q89QL8BRAJA591726     63.24%    passed     89.84%
 156  Q89QL8BRAJA232369     62.70%    failed      1.09%
 157  Q89XF5BRAJA391529     62.43%    passed     12.72%
 158  Q9XBM4MYXXA396528     64.05%    passed      6.10%
 159  O86807STRCO337471     63.51%    failed      1.58%
 160  Q9EX29STRCO85226      61.62%    failed      3.16%
 161  Q00509STRAM43184      61.62%    passed     24.60%
 162  Q8YXM1ANASP35165      64.59%    passed     25.21%
 163  Q9ZBY4STRCO39178      62.16%    failed      1.04%
 164  Q8CJV8STRCO105245     61.89%    failed      1.25%
 165  Q9RI43STRCO55193      62.43%    passed     30.55%
 166  P95194MYCTU63200      62.70%    passed     44.57%
 167  O53473MYCTU61198      62.70%    passed     26.88%
 168  O853719NOCA45182      62.70%    passed     32.31%
 169  Q8CK17STRCO24177      58.38%    failed      0.35%
 170  Q8TQA4METAC261404     61.08%    passed     90.08%
 171  O27792METTH275409     63.51%    passed     25.84%
 172  Q9RWT8DEIRA246372     65.68%    failed      0.07%
 173  Q9RNG5LEGPN17154      62.70%    passed     16.16%
 174  Q8FEB0ECOL617154      62.70%    passed     95.07%
 175  Q8EH97SHEON17152      63.24%    passed      6.07%
 176  O87685AZOVI17154      62.70%    passed     65.22%
 177  Q9EZA6ZYMMO28163      63.24%    passed     85.87%
 178  Q9A9W2CAUCR27163      62.97%    passed     65.75%
 179  Q8U8B9AGRT524160      62.97%    passed     91.36%
 180  Q8FYK2BRUSU24160      62.97%    passed     38.83%
 181  Q89XU0BRAJA24160      62.97%    passed     30.12%
 182  Q984C1RHILO813958     60.54%    passed      7.72%
 183  P73168SYNY354192      62.43%    passed     33.22%
 184  Q8YYM3ANASP120249     64.86%    passed     11.92%
 185  Q8R7R3THETN242376     63.51%    failed      1.51%
 186  Q8F2D7LEPIN50198      59.73%    failed      0.01%
 187  Q8F1G6LEPIN165302     62.70%    passed     14.17%
 188  Q8YXI4ANASP734870     62.97%    passed     82.14%
 189  Q55952SYNY326162      62.97%    passed     75.70%
 190  Q8YUC4ANASP666810     60.81%    passed     41.66%
 191  O29801ARCFU143284     61.62%    failed      0.55%
 192  O27644METTH159303     60.81%    failed      0.27%
 193  P74400SYNY38571000    61.08%    passed     74.14%
 194  Q89D63BRAJA772916     60.81%    passed     36.08%
 195  Q89D63BRAJA407551     60.81%    passed      5.70%
 196  Q89D63BRAJA43187      60.81%    passed     45.42%
 197  Q9X6U6RHORU40182      61.35%    passed     26.68%
 198  Q8KSA99RHOO36173      62.70%    passed     70.76%
 199  NIFAAZOBR29171        61.35%    passed     35.19%
 200  NIFAHERSE29170        61.62%    passed     53.84%
 201  Q8KC95CHLTE27183      57.57%    passed     54.53%
 202  VNFAAZOVI35177        61.35%    passed     61.59%
 203  Q52678RHOCA49190      61.62%    failed      3.48%
 204  ANFAAZOVI46186        61.89%    passed     25.24%
 205  Q8F9P5LEPIN189332     61.08%    failed      3.73%
 206  Q93JT3PSEST37178      61.62%    passed     92.36%
 207  NIFAAZOVI37178        61.62%    passed     91.50%
 208  NIFAENTAG35176        61.62%    passed     85.34%
 209  NIFAKLEPN35176        61.62%    passed     67.05%
 210  O67661AQUAE24160      62.97%    failed      0.00%
 211  O66591AQUAE22159      62.70%    failed      0.00%
 212  Q9AQ14BRASW46189      61.08%    passed     29.85%
 213  Q98AV5RHILO65208      61.08%    passed     56.70%
 214  NIFABRAJA46188        61.35%    passed     78.42%
 215  Q8KJ59RHILO48187      62.16%    passed     29.72%
 216  NIFARHIET45187        61.35%    passed     21.42%
 217  NIFARHISN69210        61.62%    passed     53.95%
 218  NIFAAZOCA68210        61.35%    passed     13.42%
 219  NIFARHIME23158        63.24%    passed     89.26%
 220  O52268RHOCA43190      60.00%    failed      2.07%
 221  Q9F1E2ACEDI39181      61.35%    passed     14.77%
 222  Q8TQC0METAC124261     62.70%    passed      5.38%
 223  Q8PZH5METMA128265     62.70%    failed      1.71%
 224  Q55576SYNY3140286     60.27%    passed     87.07%
 225  Q89ET4BRAJA43184      61.62%    passed     90.51%
 226  Q8EXU5LEPIN193327     63.51%    failed      0.02%
 227  Q8EHZ9SHEON139274     63.24%    passed      7.00%
 228  O529379CYAN195332     62.70%    passed     81.87%
 229  Q9KY11STRCO548684     62.97%    passed     25.69%
 230  Q98II7RHILO723859     62.97%    passed     83.09%
 231  Q8YXU0ANASP10101146   62.97%    passed     51.38%
 232  Q89S13BRAJA12091344   63.24%    passed     68.88%
 233  O86808STRCO11351280   60.54%    passed     27.30%
 234  Q882B7PSESM253387     63.51%    passed     46.40%
 235  Q8PMZ3XANAC144277     63.78%    failed      0.44%
 236  Q8PBD7XANCP133266     63.78%    failed      0.55%
 237  Q9X8W1STRCO214384     53.78%    failed      0.00%
 238  Q9RK68STRCO480630     59.19%    failed      0.00%
 239  Q9RJH0STRCO182314     64.05%    passed     10.48%
 240  Q9RJC6STRCO277455     51.62%    passed     15.87%
 241  Q9FC21STRCO307450     61.08%    failed      0.00%
 242  O86875STRLI19217      46.22%    failed      0.01%
 243  Q93IY1STRCO323471     59.73%    failed      4.33%
 244  Q8CJX1STRCO163319     57.57%    failed      0.01%
 245  Q9EWN0STRCO122273     58.92%    passed     15.06%
 246  O86807STRCO502662     56.49%    passed     10.18%
 247  Q8YY73ANASP643793     59.19%    passed     89.53%
 248  Q8YLT6ANASP399548     59.46%    passed     45.73%
 249  Q8YLT6ANASP834984     59.19%    passed     99.31%
 250  Q50865MYXXA181331     59.19%    failed      0.86%
 251  Q9KFE5BACHD9145       62.97%    failed      0.14%
 252  P941849NOST166311     60.54%    passed     45.39%
 253  O96195PLAF7328469     61.62%    failed      0.00%
 254  Q95TW8DROME331512     50.81%    passed     12.59%
 255  Q8VID8RAT48204        57.57%    passed     18.13%
 256  Q8MQW0DROME695845     59.19%    passed      5.05%
 257  Q95TW8DROME147299     58.65%    failed      0.12%
 258  Q8MQW0DROME510663     58.38%    passed     31.40%
 259  Q8VID6RAT217370       58.38%    passed     53.57%
 260  Q8WQX99TRYP407547     61.89%    passed     84.84%
 261  Q8CA95MOUSE270416     60.27%    passed      6.83%
 262  Q8WQX99TRYP234374     61.89%    passed     33.71%
 263  O960769METZ317456     62.16%    passed      5.16%
 264  PDE2AHUMAN409548      62.16%    passed     43.29%
 265  P941829NOST271431     56.49%    passed     37.67%
 266  P941819NOST236375     62.16%    passed     64.98%
 267  P941829NOST83239      57.57%    passed     48.33%
 268  P941819NOST66205      62.16%    passed     62.87%
 269  YNE6CAEEL177312       63.24%    failed      0.08%
 270  Q8F3G8LEPIN217356     62.16%    passed     53.12%
 271  Q8EXU5LEPIN23162      62.16%    passed     13.09%
 272  Q8EZC6LEPIN26165      62.16%    failed      1.55%
 273  Q8F1G6LEPIN5134       64.86%    passed      5.76%
 274  Q8UUY7RANPI73222      59.46%    failed      0.08%
 275  O97746CANFA73222      59.46%    failed      1.70%
 276  Q8UUY6RANPI72221      59.46%    failed      0.33%
 277  Q8CA78MOUSE1146       60.54%    passed     55.59%
 278  Q8UUY5RANPI74223      59.46%    failed      0.62%
 279  Q8R0D4MOUSE75224      59.46%    passed     18.15%
 280  PDE6CCHICK75224       59.46%    failed      0.12%
 281  O960769METZ143289     60.27%    passed     15.99%
 282  Q8F9P5LEPIN25158      63.78%    passed      9.98%
 283  Q8DLK6SYNEL34197      55.68%    passed     86.98%
 284  Q8CXS5LEPIN162325     55.68%    failed      0.93%
 285  PDE5AMOUSE336493      57.30%    failed      0.00%
 286  Q8UUY6RANPI253430     51.89%    failed      3.18%
 287  Q8CA78MOUSE178355     51.89%    passed      8.57%
 288  Q8UUY5RANPI255432     51.89%    failed      0.00%
 289  Q8R0D4MOUSE256433     51.89%    failed      0.02%
 290  PDE2AHUMAN241377      62.97%    failed      0.26%
 291  Q9AQ05BRASW435578     61.08%    passed     80.63%
 292  Q8YZY1ANASP13561498   61.35%    passed     14.86%
 293  Q8F687LEPIN13551498   61.08%    failed      0.00%
 294  Q8YUQ3ANASP13351476   61.62%    failed      0.41%
 295  Q8YYY3ANASP13531495   61.35%    failed      4.27%
 296  Q8YYY2ANASP13561498   61.35%    failed      4.11%
 297  Q8YYG4ANASP13641508   60.81%    failed      0.52%
 298  Q8YN83ANASP14191566   60.00%    failed      1.75%
 299  Q8YV44ANASP179320     61.62%    passed     42.93%
 300  Q8YZV1ANASP13561505   59.46%    failed      0.00%
 301  Q8YYF0ANASP13661506   61.89%    failed      2.44%
 302  Q8YWI8ANASP13541494   61.89%    failed      2.00%
 303  Q93TY5THIRO128270     61.35%    passed     10.80%
 304  Q8CA95MOUSE95238      61.08%    passed     88.94%
 305  O14002SCHPO14501592   61.35%    passed     72.50%
 306  Q8YYJ5ANASP230386     57.57%    passed     39.38%
 307  P73011SYNY3118247     64.86%    failed      3.07%
 308  Q9L6V0ENTAE202344     61.35%    passed     65.88%
 309  Q8Z4B2SALTI202344     61.35%    passed     36.62%
 310  FHLAECOLI202344       61.35%    passed     50.45%
 311  HYFRECOLI169311       61.35%    failed      4.28%
 312  Q8YLM6ANASP370501     64.32%    failed      0.11%
 313  Q8D4A5VIBVU44178      63.51%    passed     99.80%
 314  Q87IY0VIBPA36170      63.51%    passed     42.84%
 315  O30251ARCFU332456     66.22%    passed     53.79%
 316  O29801ARCFU563681     67.84%    failed      0.44%
 317  Q9KAS3BACHD19159      61.89%    passed     41.80%
 318  O07527BACSU24165      61.62%    passed     28.80%
 319  Q8YLP5ANASP175308     63.78%    failed      1.42%
 320  O853719NOCA213341     65.14%    passed     13.09%
 321  Q8YXN7ANASP290436     60.27%    failed      4.11%
 322  Q8A919BACTN157301     60.81%    failed      0.00%
 323  Q8A0G4BACTN146290     60.81%    failed      2.09%
 324  Q9KU35VIBCH224351     65.41%    passed     15.77%
 325  Q8DZT0STRA5237362     65.95%    passed     21.41%
 326  LYTSBACSU238363       65.95%    failed      0.31%
 327  Q55906SYNY3457587     64.59%    failed      1.58%
 328  P73713SYNY3658788     64.59%    passed      8.65%
 329  Q9XBM4MYXXA205357     58.65%    failed      4.79%
 330  Q9HSM5HALN1488633     60.54%    failed      0.00%
 331  O28800ARCFU290406     68.38%    failed      4.73%
 332  Q9S502MYXXA435574     62.16%    passed     25.07%
 333  O54064RHIME291425     63.51%    passed     55.47%
 334  O28789ARCFU263396     63.78%    failed      1.00%
 335  Q8YW12ANASP736873     62.70%    passed     52.07%
 336  Q8TRB0METAC391528     62.70%    passed     48.09%
 337  Q9KYY8STRCO309445     62.97%    failed      1.23%
 338  Q8YLT6ANASP10221163   61.62%    failed      0.32%
 339  Q9A501CAUCR18164      60.27%    passed     21.13%
 340  Q8FX54BRUSU69211      61.35%    passed     45.04%
 341  Q8EEZ3SHEON39181      61.35%    passed     61.35%
 342  Q8DF04VIBVU24167      61.08%    passed     38.53%
 343  Q92KJ3RHIME189331     61.35%    passed      6.86%
 344  Q8P8T6XANCP589732     61.08%    passed     24.17%
 345  Q8Y1V1RALSO187326     62.16%    passed      8.96%
 346  Q9KMY4VIBCH21159      62.43%    failed      3.88%
 347  Q9I0H3PSEAE22160      62.43%    failed      0.00%
 348  Q8GAZ3BURST34172      62.43%    failed      0.26%
 349  Q88PP1PSEPK22160      62.43%    failed      1.27%
 350  Q87QF9VIBPA21160      62.16%    passed     20.21%
 351  Q9CBP6MYCLE23166      61.08%    passed     73.22%
 352  Y1389MYCBO28171       61.08%    passed     70.89%
 353  P73184SYNY351196      60.54%    failed      0.34%
 354  P73276SYNY314153      62.16%    failed      2.92%
 355  Q8YPC5ANASP219364     60.54%    passed     55.36%
 356  Q8DIY4SYNEL210353     61.08%    passed     17.72%
 357  P73256SYNY334163      64.86%    passed     80.69%
 358  Q87PV9VIBPA25170      60.54%    passed     53.50%
 359  Q9RZS0DEIRA27159      64.05%    passed     92.04%
 360  Q9I0R8PSEAE26159      63.78%    passed     42.36%
 361  Q87WK3PSESM27160      63.78%    passed     87.34%
 362  Q8P9S1XANCP34167      63.78%    passed     43.43%
 363  Q9I072PSEAE26158      64.05%    passed     77.41%
 364  Q8P4H7XANCP26158      64.05%    passed     97.40%
 365  Q8EAY2SHEON26158      64.05%    passed     71.22%
 366  Q8D4I0VIBVU26158      64.05%    passed     57.35%
 367  P73272SYNY325157      64.05%    passed     70.71%
 368  P73271SYNY326158      64.05%    passed     51.89%
 369  Q8YXD3ANASP36169      63.78%    passed     43.34%
 370  Q8YQQ8ANASP25157      64.05%    passed     43.41%
 371  Q8DJE3SYNEL26158      64.05%    passed      7.78%
 372  Q8P604XANCP82214      64.05%    passed     83.32%
 373  Q8PJT4XANAC29167      62.43%    passed     92.32%
 374  Q8P8D0XANCP25158      63.78%    passed      7.52%
 375  Q8P523XANCP29162      63.78%    passed     68.88%
 376  Q8P525XANCP30162      64.05%    passed     97.62%
 377  Q8YVK9ANASP24156      64.05%    passed     74.90%
 378  O529379CYAN35168      63.78%    passed     49.88%
 379  Q9A472CAUCR42174      64.05%    passed      8.00%
 380  Q98BW5RHILO35167      64.05%    passed     36.32%
 381  O50255RHIET137267     64.59%    passed     21.26%
 382  Q8P354XANCP30163      63.78%    passed     40.62%
 383  Q9LA90AERHY27159      64.05%    passed     46.92%
 384  Q8PIT5XANAC29159      64.59%    passed     37.78%
 385  Q8UGC6AGRT527159      64.05%    passed     96.67%
 386  Q9L234STRCO36181      60.54%    failed      1.26%
 387  Q93GX2STRAW30182      58.65%    passed     34.54%
 388  Q8YM66ANASP41184      61.08%    passed     98.60%
 389  P74537SYNY341182      61.62%    passed     65.33%
 390  Q9KLF9VIBCH14151      62.70%    passed     54.03%
 391  Q8EAD0SHEON5142       62.70%    passed     48.89%
 392  Q8D7L1VIBVU14151      62.70%    passed     65.39%
 393  Q8P936XANCP17155      62.43%    passed     36.24%
 394  Q8P3C7XANCP16153      62.70%    passed     76.37%
 395  Q886H3PSESM13151      62.43%    passed     81.55%
 396  Q882L1PSESM19157      62.43%    passed     16.35%
 397  Q87WK4PSESM14152      62.43%    passed     54.54%
 398  Q55437SYNY39146       62.70%    passed     96.13%
 399  Q8FGV8ECOL661197      62.97%    passed     90.35%
 400  PHY2SYNY323186        55.68%    passed     87.48%
 401  P73932SYNY3142282     61.89%    passed     95.68%
 402  Q9HQG5HALN1287428     61.62%    failed      0.42%
 403  Q442329NOST12140      65.14%    passed     92.58%
 404  P72557SYNP717160      61.08%    passed     87.13%
 405  Q9RJZ7STRCO76215      62.16%    failed      0.06%
 406  YTH3RHOER91230        62.16%    passed     61.84%
 407  Q9ADF8STRCO80218      62.43%    failed      0.67%
 408  Q9KBU8BACHD65202      62.70%    passed     72.84%
 409  O31406BACSU78215      62.70%    passed      7.36%
 410  Q8RM05XANP263201      62.43%    passed      7.17%
 411  Q89NZ8BRAJA97235      62.43%    failed      4.52%
 412  Q8RBX1THETN71209      62.43%    passed     71.53%
 413  Q93AC3YERPS64201      62.70%    passed      7.02%
 414  O50205XANAU76213      62.70%    failed      2.88%
 415  Q88H93PSEPK77214      62.70%    passed     94.10%
 416  Q93KC9EUBAC46183      62.70%    failed      0.80%
 417  Q8RMF9CLOBE45182      62.70%    failed      0.31%
 418  STCCLOBE48185         62.70%    passed     14.30%
 419  Q461419CLOT64201      62.70%    failed      0.04%
 420  Q9KR30VIBCH50188      62.43%    failed      1.99%
 421  Q8D5N9VIBVU49187      62.43%    passed     65.88%
 422  Q8E916SHEON51189      62.43%    passed     14.37%
 423  Q88KN1PSEPK58196      62.43%    passed     13.68%
 424  Q87YQ3PSESM51189      62.43%    passed     86.98%
 425  Q9F9U3PSEST60197      62.70%    passed     40.64%
 426  Q9A2I2CAUCR60200      61.89%    failed      2.06%
 427  Q8YEX9BRUME102232     64.59%    passed     39.71%
 428  Q89KW5BRAJA66203      62.70%    passed     14.35%
 429  Q92K20RHIME64201      62.70%    failed      0.57%
 430  Q8UDA2AGRT564201      62.70%    passed     14.97%
 431  Q8XUQ7RALSO74215      61.62%    passed     86.82%
 432  Q88QE8PSEPK122263     61.62%    passed     57.50%
 433  Q8PPN1XANAC81222      61.62%    passed     48.77%
 434  Q8P571XANCP99240      61.62%    passed     37.86%
 435  Q8U6R6AGRT563204      61.62%    passed     81.56%
 436  ACORALCEU73214        61.62%    failed      0.67%
 437  Q88QD7PSEPK70211      61.62%    passed     65.25%
 438  Q93QG39MICO48187      62.16%    passed     90.83%
 439  Q8CK65STRCO35174      62.16%    passed     13.87%
 440  Q89DZ6BRAJA72214      61.35%    passed     43.46%
 441  Q880V5PSESM80218      62.43%    failed      1.62%
 442  Q8R7B0THETN48180      64.05%    failed      0.00%
 443  Q8GAW19BURK82221      62.16%    passed     48.94%
 444  Q8YRQ9ANASP66201      63.24%    passed     71.65%
 445  Q8VP28ECOLI73209      62.97%    passed     23.45%
 446  Q87SQ5VIBPA65202      62.70%    passed     42.36%
 447  Q8CXZ5ECOL655192      62.70%    failed      4.21%
 448  DHARCITFR52189        62.70%    passed      6.01%
 449  Q9K7Z9BACHD10159      59.46%    passed     74.28%
 450  Q8NW46STAAW25153      65.14%    passed     14.94%
 451  Q8EDY7SHEON22150      65.14%    passed     81.16%
WARNING: 445 sequences contain more than 50% gaps/ambiguity
****  TOTAL                 60.67%  111 sequences failed composition chi2 test (p-value<5%; df=19)

Create initial parsimony tree by phylogenetic likelihood library (PLL)... 0.447 seconds
Generating 1000 samples for ultrafast bootstrap (seed: 609491)...

NOTE: 28 MB RAM (0 GB) is required!
Measuring multi-threading efficiency up to 8 CPU cores
Increase to 10 rounds for branch lengths
7 trees examined
Threads: 1 / Time: 9.140 sec / Speedup: 1.000 / Efficiency: 100% / LogL: -180269
Threads: 2 / Time: 5.862 sec / Speedup: 1.559 / Efficiency: 78% / LogL: -180269
Threads: 3 / Time: 4.853 sec / Speedup: 1.883 / Efficiency: 63% / LogL: -180269
Threads: 4 / Time: 4.356 sec / Speedup: 2.098 / Efficiency: 52% / LogL: -180269
Threads: 5 / Time: 4.155 sec / Speedup: 2.200 / Efficiency: 44% / LogL: -180269
BEST NUMBER OF THREADS: 4

Estimate model parameters (epsilon = 0.100)
1. Initial log-likelihood: -170143.188
2. Current log-likelihood: -146882.551
3. Current log-likelihood: -146787.343
4. Current log-likelihood: -146781.315
5. Current log-likelihood: -146776.278
6. Current log-likelihood: -146775.567
Optimal log-likelihood: -146775.562
Proportion of invariable sites: 0.000
Parameters optimization took 6 rounds (1.812 sec)
Computing ML distances based on estimated model parameters... 68.791 sec
WARNING: Some pairwise ML distances are too long (saturated)
Computing BIONJ tree...
0.380 seconds
Log-likelihood of BIONJ tree: -146134.139
--------------------------------------------------------------------
|             INITIALIZING CANDIDATE TREE SET                      |
--------------------------------------------------------------------
Generating 98 parsimony trees... 37.553 second
Computing log-likelihood of 98 initial trees ... 18.630 seconds
Current best score: -146134.139

Do NNI search on 20 best initial trees
Estimate model parameters (epsilon = 0.100)
BETTER TREE FOUND at iteration 1: -145397.671
Iteration 10 / LogL: -145753.107 / Time: 0h:3m:6s
Iteration 20 / LogL: -145664.391 / Time: 0h:4m:35s
Finish initializing candidate tree set (20)
Current best tree score: -145397.671 / CPU time: 226.148
Number of iterations: 20
--------------------------------------------------------------------
|               OPTIMIZING CANDIDATE TREE SET                      |
--------------------------------------------------------------------
Estimate model parameters (epsilon = 0.100)
BETTER TREE FOUND at iteration 21: -145351.827
Estimate model parameters (epsilon = 0.100)
BETTER TREE FOUND at iteration 23: -145339.852
Estimate model parameters (epsilon = 0.100)
BETTER TREE FOUND at iteration 28: -145316.300
Iteration 30 / LogL: -145335.909 / Time: 0h:5m:12s (0h:17m:34s left)
Estimate model parameters (epsilon = 0.100)
BETTER TREE FOUND at iteration 34: -145267.243
Iteration 40 / LogL: -145309.805 / Time: 0h:5m:49s (0h:14m:1s left)
Iteration 50 / LogL: -145292.765 / Time: 0h:6m:25s (0h:10m:58s left)
Log-likelihood cutoff on original alignment: -145604.320
Estimate model parameters (epsilon = 0.100)
BETTER TREE FOUND at iteration 56: -145264.855
Estimate model parameters (epsilon = 0.100)
BETTER TREE FOUND at iteration 57: -145263.864
Estimate model parameters (epsilon = 0.100)
BETTER TREE FOUND at iteration 58: -145261.526
Estimate model parameters (epsilon = 0.100)
BETTER TREE FOUND at iteration 59: -145257.241
Iteration 60 / LogL: -145284.334 / Time: 0h:6m:57s (0h:11m:40s left)
Estimate model parameters (epsilon = 0.100)
BETTER TREE FOUND at iteration 70: -145244.210
Iteration 70 / LogL: -145244.210 / Time: 0h:7m:29s (0h:10m:50s left)
Estimate model parameters (epsilon = 0.100)
BETTER TREE FOUND at iteration 72: -145228.964
Iteration 80 / LogL: -145261.694 / Time: 0h:8m:3s (0h:9m:22s left)
Iteration 90 / LogL: -145235.792 / Time: 0h:8m:31s (0h:7m:50s left)
Iteration 100 / LogL: -145245.495 / Time: 0h:9m:1s (0h:6m:33s left)
Log-likelihood cutoff on original alignment: -145384.504
NOTE: Bootstrap correlation coefficient of split occurrence frequencies: 0.911
NOTE: UFBoot does not converge, continue at least 100 more iterations
Iteration 110 / LogL: -145256.179 / Time: 0h:9m:33s (0h:7m:53s left)
Estimate model parameters (epsilon = 0.100)
BETTER TREE FOUND at iteration 115: -145216.377
Iteration 120 / LogL: -145236.686 / Time: 0h:10m:9s (0h:8m:5s left)
Iteration 130 / LogL: -145256.857 / Time: 0h:10m:41s (0h:7m:2s left)
Estimate model parameters (epsilon = 0.100)
BETTER TREE FOUND at iteration 140: -145211.940
Iteration 140 / LogL: -145211.940 / Time: 0h:11m:12s (0h:8m:3s left)
Iteration 150 / LogL: -145233.287 / Time: 0h:11m:43s (0h:7m:4s left)
Log-likelihood cutoff on original alignment: -145358.187
Iteration 160 / LogL: -145212.639 / Time: 0h:12m:15s (0h:6m:9s left)
Iteration 170 / LogL: -145250.989 / Time: 0h:12m:46s (0h:5m:17s left)
Estimate model parameters (epsilon = 0.100)
BETTER TREE FOUND at iteration 178: -145208.045
Iteration 180 / LogL: -145226.424 / Time: 0h:13m:16s (0h:7m:15s left)
Iteration 190 / LogL: -145298.727 / Time: 0h:13m:44s (0h:6m:23s left)
Estimate model parameters (epsilon = 0.100)
BETTER TREE FOUND at iteration 200: -145204.723
Iteration 200 / LogL: -145204.723 / Time: 0h:14m:14s (0h:7m:9s left)
Log-likelihood cutoff on original alignment: -145343.461
NOTE: Bootstrap correlation coefficient of split occurrence frequencies: 0.923
NOTE: UFBoot does not converge, continue at least 100 more iterations
Iteration 210 / LogL: -145216.676 / Time: 0h:14m:48s (0h:6m:22s left)
Iteration 220 / LogL: -145252.619 / Time: 0h:15m:19s (0h:5m:35s left)
Iteration 230 / LogL: -145207.226 / Time: 0h:15m:47s (0h:4m:49s left)
Iteration 240 / LogL: -145207.719 / Time: 0h:16m:16s (0h:4m:4s left)
Iteration 250 / LogL: -145222.847 / Time: 0h:16m:46s (0h:3m:21s left)
Log-likelihood cutoff on original alignment: -145326.073
Iteration 260 / LogL: -145229.263 / Time: 0h:17m:18s (0h:2m:40s left)
Estimate model parameters (epsilon = 0.100)
BETTER TREE FOUND at iteration 263: -145201.816
Iteration 270 / LogL: -145270.266 / Time: 0h:17m:49s (0h:6m:9s left)
Estimate model parameters (epsilon = 0.100)
BETTER TREE FOUND at iteration 274: -145199.460
Iteration 280 / LogL: -145224.261 / Time: 0h:18m:20s (0h:6m:10s left)
Iteration 290 / LogL: -145229.921 / Time: 0h:18m:50s (0h:5m:28s left)
Estimate model parameters (epsilon = 0.100)
BETTER TREE FOUND at iteration 291: -145195.464
Estimate model parameters (epsilon = 0.100)
BETTER TREE FOUND at iteration 297: -145193.243
Iteration 300 / LogL: -145214.258 / Time: 0h:19m:21s (0h:6m:16s left)
Log-likelihood cutoff on original alignment: -145326.073
NOTE: Bootstrap correlation coefficient of split occurrence frequencies: 0.956
NOTE: UFBoot does not converge, continue at least 100 more iterations
Iteration 310 / LogL: -145297.898 / Time: 0h:19m:55s (0h:5m:47s left)
Iteration 320 / LogL: -145243.071 / Time: 0h:20m:25s (0h:5m:7s left)
Estimate model parameters (epsilon = 0.100)
BETTER TREE FOUND at iteration 323: -145189.205
Iteration 330 / LogL: -145211.317 / Time: 0h:20m:58s (0h:5m:55s left)
Estimate model parameters (epsilon = 0.100)
BETTER TREE FOUND at iteration 335: -145187.323
Estimate model parameters (epsilon = 0.100)
BETTER TREE FOUND at iteration 337: -145186.591
Iteration 340 / LogL: -145204.139 / Time: 0h:21m:30s (0h:6m:9s left)
Iteration 350 / LogL: -145199.065 / Time: 0h:22m:3s (0h:5m:29s left)
Log-likelihood cutoff on original alignment: -145326.073
Iteration 360 / LogL: -145210.648 / Time: 0h:22m:37s (0h:4m:50s left)
Iteration 370 / LogL: -145226.373 / Time: 0h:23m:5s (0h:4m:11s left)
Iteration 380 / LogL: -145210.805 / Time: 0h:23m:37s (0h:3m:33s left)
Iteration 390 / LogL: -145194.418 / Time: 0h:24m:8s (0h:2m:54s left)
Estimate model parameters (epsilon = 0.100)
BETTER TREE FOUND at iteration 395: -145183.436
Iteration 400 / LogL: -145319.130 / Time: 0h:24m:42s (0h:5m:52s left)
Log-likelihood cutoff on original alignment: -145326.073
NOTE: Bootstrap correlation coefficient of split occurrence frequencies: 0.963
NOTE: UFBoot does not converge, continue at least 100 more iterations
Iteration 410 / LogL: -145345.684 / Time: 0h:25m:15s (0h:5m:33s left)
Iteration 420 / LogL: -145224.762 / Time: 0h:25m:47s (0h:4m:55s left)
Iteration 430 / LogL: -145209.239 / Time: 0h:26m:21s (0h:4m:17s left)
Estimate model parameters (epsilon = 0.100)
BETTER TREE FOUND at iteration 440: -145179.534
Iteration 440 / LogL: -145179.534 / Time: 0h:26m:56s (0h:6m:8s left)
Estimate model parameters (epsilon = 0.100)
BETTER TREE FOUND at iteration 444: -145174.216
Iteration 450 / LogL: -145284.741 / Time: 0h:27m:30s (0h:5m:45s left)
Log-likelihood cutoff on original alignment: -145326.073
Iteration 460 / LogL: -145189.343 / Time: 0h:28m:3s (0h:5m:7s left)
Estimate model parameters (epsilon = 0.100)
BETTER TREE FOUND at iteration 461: -145172.132
Iteration 470 / LogL: -145184.739 / Time: 0h:28m:36s (0h:5m:33s left)
Iteration 480 / LogL: -145176.564 / Time: 0h:29m:10s (0h:4m:55s left)
Iteration 490 / LogL: -145173.793 / Time: 0h:29m:43s (0h:4m:18s left)
Iteration 500 / LogL: -145231.729 / Time: 0h:30m:18s (0h:3m:42s left)
Log-likelihood cutoff on original alignment: -145326.073
NOTE: Bootstrap correlation coefficient of split occurrence frequencies: 0.951
NOTE: UFBoot does not converge, continue at least 100 more iterations
Iteration 510 / LogL: -145186.671 / Time: 0h:30m:53s (0h:5m:27s left)
Iteration 520 / LogL: -145200.859 / Time: 0h:31m:25s (0h:4m:50s left)
Iteration 530 / LogL: -145174.820 / Time: 0h:31m:57s (0h:4m:13s left)
Iteration 540 / LogL: -145184.774 / Time: 0h:32m:28s (0h:3m:36s left)
Iteration 550 / LogL: -145215.295 / Time: 0h:33m:2s (0h:3m:0s left)
Log-likelihood cutoff on original alignment: -145326.073
Iteration 560 / LogL: -145301.022 / Time: 0h:33m:37s (0h:2m:24s left)
Iteration 570 / LogL: -145209.527 / Time: 0h:34m:8s (0h:1m:47s left)
Iteration 580 / LogL: -145215.163 / Time: 0h:34m:43s (0h:1m:11s left)
Iteration 590 / LogL: -145195.829 / Time: 0h:35m:15s (0h:0m:35s left)
Estimate model parameters (epsilon = 0.100)
BETTER TREE FOUND at iteration 592: -145171.797
Iteration 600 / LogL: -145173.529 / Time: 0h:35m:47s (0h:5m:29s left)
Log-likelihood cutoff on original alignment: -145326.073
NOTE: Bootstrap correlation coefficient of split occurrence frequencies: 0.951
NOTE: UFBoot does not converge, continue at least 100 more iterations
Iteration 610 / LogL: -145281.312 / Time: 0h:36m:23s (0h:5m:22s left)
Iteration 620 / LogL: -145189.912 / Time: 0h:36m:58s (0h:4m:46s left)
Iteration 630 / LogL: -145183.685 / Time: 0h:37m:33s (0h:4m:10s left)
Estimate model parameters (epsilon = 0.100)
BETTER TREE FOUND at iteration 631: -145171.353
Iteration 640 / LogL: -145212.631 / Time: 0h:38m:7s (0h:5m:25s left)
Estimate model parameters (epsilon = 0.100)
BETTER TREE FOUND at iteration 642: -145170.457
Estimate model parameters (epsilon = 0.100)
BETTER TREE FOUND at iteration 646: -145168.149
Iteration 650 / LogL: -145280.905 / Time: 0h:38m:43s (0h:5m:43s left)
Log-likelihood cutoff on original alignment: -145326.073
Iteration 660 / LogL: -145178.297 / Time: 0h:39m:20s (0h:5m:8s left)
Iteration 670 / LogL: -145224.616 / Time: 0h:39m:55s (0h:4m:32s left)
Iteration 680 / LogL: -145234.405 / Time: 0h:40m:31s (0h:3m:56s left)
Iteration 690 / LogL: -145183.869 / Time: 0h:41m:6s (0h:3m:20s left)
Iteration 700 / LogL: -145193.219 / Time: 0h:41m:42s (0h:2m:44s left)
Log-likelihood cutoff on original alignment: -145326.073
NOTE: Bootstrap correlation coefficient of split occurrence frequencies: 0.965
NOTE: UFBoot does not converge, continue at least 100 more iterations
Estimate model parameters (epsilon = 0.100)
BETTER TREE FOUND at iteration 709: -145167.823
Iteration 710 / LogL: -145203.786 / Time: 0h:42m:19s (0h:5m:54s left)
Iteration 720 / LogL: -145184.451 / Time: 0h:42m:55s (0h:5m:18s left)
Estimate model parameters (epsilon = 0.100)
BETTER TREE FOUND at iteration 727: -145166.922
Estimate model parameters (epsilon = 0.100)
BETTER TREE FOUND at iteration 728: -145166.806
Iteration 730 / LogL: -145217.340 / Time: 0h:43m:34s (0h:5m:51s left)
Estimate model parameters (epsilon = 0.100)
BETTER TREE FOUND at iteration 733: -145165.629
Iteration 740 / LogL: -145193.537 / Time: 0h:44m:12s (0h:5m:33s left)
Estimate model parameters (epsilon = 0.100)
BETTER TREE FOUND at iteration 747: -145164.070
Iteration 750 / LogL: -145168.056 / Time: 0h:44m:47s (0h:5m:47s left)
Log-likelihood cutoff on original alignment: -145326.073
Iteration 760 / LogL: -145186.784 / Time: 0h:45m:25s (0h:5m:12s left)
Iteration 770 / LogL: -145245.728 / Time: 0h:46m:2s (0h:4m:36s left)
Iteration 780 / LogL: -145189.655 / Time: 0h:46m:39s (0h:4m:0s left)
Iteration 790 / LogL: -145172.682 / Time: 0h:47m:15s (0h:3m:24s left)
Iteration 800 / LogL: -145169.177 / Time: 0h:47m:50s (0h:2m:48s left)
Log-likelihood cutoff on original alignment: -145326.073
NOTE: Bootstrap correlation coefficient of split occurrence frequencies: 0.959
NOTE: UFBoot does not converge, continue at least 100 more iterations
Estimate model parameters (epsilon = 0.100)
BETTER TREE FOUND at iteration 810: -145161.139
Iteration 810 / LogL: -145161.139 / Time: 0h:48m:27s (0h:5m:59s left)
Iteration 820 / LogL: -145218.793 / Time: 0h:49m:2s (0h:5m:23s left)
Iteration 830 / LogL: -145194.498 / Time: 0h:49m:35s (0h:4m:47s left)
Iteration 840 / LogL: -145173.553 / Time: 0h:50m:13s (0h:4m:11s left)
Iteration 850 / LogL: -145173.059 / Time: 0h:50m:47s (0h:3m:35s left)
Log-likelihood cutoff on original alignment: -145326.073
Iteration 860 / LogL: -145233.792 / Time: 0h:51m:24s (0h:2m:59s left)
Iteration 870 / LogL: -145246.340 / Time: 0h:51m:59s (0h:2m:23s left)
Iteration 880 / LogL: -145207.196 / Time: 0h:52m:33s (0h:1m:47s left)
Iteration 890 / LogL: -145222.157 / Time: 0h:53m:7s (0h:1m:11s left)
Iteration 900 / LogL: -145166.339 / Time: 0h:53m:42s (0h:0m:35s left)
Log-likelihood cutoff on original alignment: -145326.073
NOTE: Bootstrap correlation coefficient of split occurrence frequencies: 0.974
NOTE: UFBoot does not converge, continue at least 100 more iterations
Iteration 910 / LogL: -145193.506 / Time: 0h:54m:20s (0h:5m:22s left)
Iteration 920 / LogL: -145171.227 / Time: 0h:54m:53s (0h:4m:46s left)
Iteration 930 / LogL: -145239.837 / Time: 0h:55m:27s (0h:4m:10s left)
Iteration 940 / LogL: -145201.531 / Time: 0h:56m:4s (0h:3m:34s left)
Iteration 950 / LogL: -145168.275 / Time: 0h:56m:39s (0h:2m:59s left)
Log-likelihood cutoff on original alignment: -145326.073
Iteration 960 / LogL: -145169.885 / Time: 0h:57m:17s (0h:2m:23s left)
Iteration 970 / LogL: -145206.976 / Time: 0h:57m:52s (0h:1m:47s left)
Iteration 980 / LogL: -145169.270 / Time: 0h:58m:28s (0h:1m:11s left)
Estimate model parameters (epsilon = 0.100)
BETTER TREE FOUND at iteration 983: -145159.203
Iteration 990 / LogL: -145184.839 / Time: 0h:59m:4s (0h:5m:33s left)
Iteration 1000 / LogL: -145175.860 / Time: 0h:59m:43s (0h:4m:57s left)
Log-likelihood cutoff on original alignment: -145326.073
NOTE: Bootstrap correlation coefficient of split occurrence frequencies: 0.981
NOTE: UFBoot does not converge, continue at least 100 more iterations
TREE SEARCH COMPLETED AFTER 1001 ITERATIONS / Time: 0h:59m:48s

--------------------------------------------------------------------
|                    FINALIZING TREE SEARCH                        |
--------------------------------------------------------------------
Performs final model parameters optimization
Estimate model parameters (epsilon = 0.010)
1. Initial log-likelihood: -145159.203
Optimal log-likelihood: -145159.203
Proportion of invariable sites: 0.000
Parameters optimization took 1 rounds (0.336 sec)
BEST SCORE FOUND : -145159.203
WARNING: bootstrap analysis did not converge. You should rerun with higher number of iterations (-nm option)
Creating bootstrap support values...
Split supports printed to NEXUS file /csm_data/spielman_lab/dms_modelselection/pandit_aa_alignments/PF01590.fasta.splits.nex
Total tree length: 867.723

Total number of iterations: 1001
CPU time used for tree search: 13406.229 sec (3h:43m:26s)
Wall-clock time used for tree search: 3539.212 sec (0h:58m:59s)
Total CPU time used: 13579.599 sec (3h:46m:19s)
Total wall-clock time used: 3591.377 sec (0h:59m:51s)

Computing bootstrap consensus tree...
Reading input file /csm_data/spielman_lab/dms_modelselection/pandit_aa_alignments/PF01590.fasta.splits.nex...
451 taxa and 4753 splits.
Consensus tree written to /csm_data/spielman_lab/dms_modelselection/pandit_aa_alignments/PF01590.fasta.contree
Reading input trees file /csm_data/spielman_lab/dms_modelselection/pandit_aa_alignments/PF01590.fasta.contree
Log-likelihood of consensus tree: -145165.480

Analysis results written to: 
  IQ-TREE report:                /csm_data/spielman_lab/dms_modelselection/pandit_aa_alignments/PF01590.fasta.iqtree
  Maximum-likelihood tree:       /csm_data/spielman_lab/dms_modelselection/pandit_aa_alignments/PF01590.fasta.treefile
  Likelihood distances:          /csm_data/spielman_lab/dms_modelselection/pandit_aa_alignments/PF01590.fasta.mldist

Ultrafast bootstrap approximation results written to:
  Split support values:          /csm_data/spielman_lab/dms_modelselection/pandit_aa_alignments/PF01590.fasta.splits.nex
  Consensus tree:                /csm_data/spielman_lab/dms_modelselection/pandit_aa_alignments/PF01590.fasta.contree
  Screen log file:               /csm_data/spielman_lab/dms_modelselection/pandit_aa_alignments/PF01590.fasta.log

Date and Time: Fri Jun 14 20:11:59 2019
