IQ-TREE multicore version 1.6.7 for Linux 64-bit built Aug 23 2018
Developed by Bui Quang Minh, Nguyen Lam Tung, Olga Chernomor,
Heiko Schmidt, Dominik Schrempf, Michael Woodhams.

Host:    csm-com-003 (AVX2, FMA3, 62 GB RAM)
Command: iqtree -quiet -nt AUTO -ntmax 8 -m GTR20 -s /csm_data/spielman_lab/dms_modelselection/pandit_aa_alignments/PF02779.fasta -st AA -redo -bb 1000
Seed:    766461 (Using SPRNG - Scalable Parallel Random Number Generator)
Time:    Fri Jun 14 18:12:02 2019
Kernel:  AVX+FMA - auto-detect threads (48 CPU cores detected)

Reading alignment file /csm_data/spielman_lab/dms_modelselection/pandit_aa_alignments/PF02779.fasta ... Fasta format detected
Alignment most likely contains protein sequences
Alignment has 115 sequences with 247 columns, 246 distinct patterns
215 parsimony-informative, 24 singleton sites, 8 constant sites
                    Gap/Ambiguity  Composition  p-value
   1  FAS3RHOFA15177       34.01%    passed     84.01%
   2  O52571AMYMD6172      32.39%    passed     54.96%
   3  Q9YEJ5AERPE8175      31.98%    passed      7.63%
   4  Q9V1I1PYRAB1167      32.39%    passed     82.73%
   5  TKTCMETJA7174        31.98%    passed     33.84%
   6  O96074ASCSS318484    32.39%    passed     36.99%
   7  O17759CAEEL311477    32.39%    passed     26.38%
   8  Q9VHN7DROME317483    32.39%    passed      6.63%
   9  TKTHUMAN313479       32.39%    passed      7.50%
  10  TKT2HUMAN231397      32.39%    passed     13.70%
  11  Q9ZC16STRCO303468    32.79%    passed     28.15%
  12  Y4MNRHISN34201       31.98%    passed     68.38%
  13  O96694PLAFA826994    31.58%    failed      0.40%
  14  DXSCHLTR319483       33.20%    passed     10.03%
  15  DXSCHLPN323487       33.20%    passed     30.36%
  16  DXSHELPJ307473       32.39%    passed     70.58%
  17  DXSBACSU314480       32.39%    passed     31.48%
  18  DXSSYNLE317482       32.79%    passed     44.52%
  19  DXSDEIRA320485       32.79%    passed     95.55%
  20  DXSHAEIN318483       32.79%    passed     63.27%
  21  DXSAQUAE316481       32.79%    passed     84.61%
  22  DXSRHOCA319485       32.39%    passed     30.82%
  23  O81954CHLRE402568    32.39%    passed     47.82%
  24  DXSARATH397563       32.39%    passed     17.80%
  25  DXSTREPA315479       33.20%    passed     29.63%
  26  DXSTHEMA297464       31.98%    passed     93.03%
  27  O50408MYCTU210376    32.39%    failed      2.49%
  28  DXS1STRCO314481      31.98%    failed      4.79%
  29  DXSMYCLE312479       31.98%    passed      7.67%
  30  DASCANBO361545       25.10%    passed     99.15%
  31  DASPICAN364548       25.10%    passed     96.68%
  32  TKTMYCGE340511       30.36%    passed      7.01%
  33  Q9ZM85HELPJ342510    31.58%    passed     23.46%
  34  Q9SMH7CYAPA458632    29.15%    passed     96.30%
  35  P73282SYNY3357533    28.34%    passed     93.04%
  36  TKTCCRAPL207381      29.15%    passed     94.03%
  37  TKTXANFL355528       29.55%    passed     98.20%
  38  TKTRHOSH349522       29.55%    passed     58.83%
  39  TKT2RHIME356529      29.55%    passed     93.24%
  40  TKTRHOCA356529       29.55%    passed     53.29%
  41  TKT1CANAL351530      27.13%    passed     54.20%
  42  TKTPICST351530       27.13%    passed     52.34%
  43  TKT2YEAST354533      27.13%    passed     67.49%
  44  TKT1YEAST353532      27.13%    passed     43.86%
  45  TKTSCHPO358536       27.53%    passed     82.48%
  46  Q60103XANFL374546    29.96%    passed     86.45%
  47  TKTHAEIN353527       29.15%    passed     89.89%
  48  TKT2ECOLI352524      29.96%    passed     94.46%
  49  TKTCALCEU359531      29.96%    passed     75.03%
  50  TKTBACSU352525       29.55%    passed     68.32%
  51  TKTSTRPN349522       29.55%    passed     51.61%
  52  Q9RS71DEIRA356529    29.55%    passed     58.50%
  53  TKTAQUAE375548       29.55%    passed     82.79%
  54  O84755CHLTR355527    29.96%    passed     73.29%
  55  Q9Z475CORGL352534    25.91%    passed     42.38%
  56  TKTMYCLE373557       25.10%    passed     36.45%
  57  TKTTREPA353526       29.55%    passed     55.40%
  58  P96746CORGL9111109   19.43%    passed     81.25%
  59  O50463MYCTU8621063   18.22%    passed     53.40%
  60  ODO1BACSU590789      19.03%    passed     43.76%
  61  Q9Z8G5CHLPN567763    20.24%    failed      0.76%
  62  ODO1YEAST644857      13.36%    failed      3.60%
  63  O74378SCHPO642855    13.36%    failed      4.71%
  64  Q9ZRQ2ARATH639855    12.15%    passed     19.19%
  65  ODO1RICPR583779      20.24%    passed     13.99%
  66  Q59736RHOCA631827    20.24%    passed     57.20%
  67  P94324BRAJA630826    20.24%    passed      8.91%
  68  Q9VVC5DROME642858    12.15%    passed      6.90%
  69  Q9ULD0HUMAN637853    12.15%    passed     35.06%
  70  O61199CAEEL649868    10.93%    passed     22.54%
  71  Q9RXM3DEIRA590790    18.62%    passed     17.32%
  72  O85487PSEPU597793    20.24%    passed     40.11%
  73  ODO1ECOLI589785      20.24%    passed     54.42%
  74  ODO1ALCEU595795      18.62%    passed     81.25%
  75  ODO1COXBU589785      20.24%    passed     63.62%
  76  Q50992NEIGO232432    18.62%    passed     62.89%
  77  Q9VA02DROME568774    16.19%    passed     95.20%
  78  Q23629CAEEL557765    15.38%    passed     48.66%
  79  Q50851MYXXA1172      30.36%    passed     83.63%
  80  Q49109MYCCA2180      27.53%    passed     76.27%
  81  ODPBMYCPN5183        27.53%    passed     86.40%
  82  ODPBACHLA2180        27.53%    passed     84.52%
  83  O06160MYCTU24201     27.94%    passed     67.59%
  84  Q9XA48STRCO7184      27.94%    passed     29.43%
  85  Q9XA61STRCO4181      27.94%    passed     62.44%
  86  Q9Y8I6HALVO4182      27.53%    passed     66.98%
  87  ODPBBACST2179        27.94%    passed     80.07%
  88  O84344CHLTR349529    26.72%    passed     85.30%
  89  Q9RPS4ENTFA2179      27.94%    passed     33.59%
  90  Q9YBC3AERPE2178      28.34%    passed     63.08%
  91  ODBBBACSU2178        28.34%    passed     66.39%
  92  Q9RYC0DEIRA22198     28.34%    passed     90.21%
  93  ODBBPSEPU4180        28.34%    passed     50.35%
  94  Q9SAV3ARATH30206     28.34%    passed     30.28%
  95  Q93619CAEEL43219     28.34%    passed     88.63%
  96  ODBBHUMAN69245       28.34%    passed     11.53%
  97  Q9TLS3CYACA2180      27.53%    passed     35.39%
  98  ODPBPORPU2180        27.53%    passed     96.12%
  99  O24458ARATH84262     27.53%    passed     55.51%
 100  ODPBZYMMO137315      27.53%    passed     95.26%
 101  ODPBRICPR1179        27.53%    passed     95.41%
 102  ODPBRHIME136314      27.53%    passed     56.68%
 103  ODPBASCSU34210       28.34%    passed     58.73%
 104  P79932XENLA12188     28.34%    passed     95.54%
 105  ODPBYEAST37215       27.53%    passed     96.59%
 106  ODPBSCHPO36214       27.53%    passed     99.85%
 107  Q9ZQY3MAIZE37215     27.53%    passed     97.20%
 108  O16144ASCSU30206     28.34%    passed      8.16%
 109  Q9Z8N3CHLPN7183      28.34%    passed     23.50%
 110  Q57041PELCA3193      22.67%    passed     73.75%
 111  Q48430KLEPN2194      21.86%    passed     94.22%
 112  ACOBBACSU2192        22.67%    passed     93.02%
 113  Q52015PSEPU3190      23.89%    passed     52.61%
 114  ACOBALCEU2189        23.89%    passed     82.91%
 115  Q461439CLOT2180      27.53%    passed     11.67%
****  TOTAL                27.06%  6 sequences failed composition chi2 test (p-value<5%; df=19)

Create initial parsimony tree by phylogenetic likelihood library (PLL)... 0.031 seconds
Generating 1000 samples for ultrafast bootstrap (seed: 766461)...
WARNING: GTR20 model will estimate 189 substitution rates that might be overfitting!
WARNING: Please only use GTR20 with very large data and always test for model fit!

NOTE: 5 MB RAM (0 GB) is required!
Measuring multi-threading efficiency up to 8 CPU cores
Increase to 10 rounds for branch lengths
43 trees examined
Threads: 1 / Time: 8.091 sec / Speedup: 1.000 / Efficiency: 100% / LogL: -47371
Threads: 2 / Time: 6.506 sec / Speedup: 1.244 / Efficiency: 62% / LogL: -47371
Threads: 3 / Time: 4.361 sec / Speedup: 1.855 / Efficiency: 62% / LogL: -47371
Threads: 4 / Time: 4.430 sec / Speedup: 1.826 / Efficiency: 46% / LogL: -47371
BEST NUMBER OF THREADS: 3

Estimate model parameters (epsilon = 0.100)
1. Initial log-likelihood: -30635.497
2. Current log-likelihood: -29900.958
3. Current log-likelihood: -29786.000
4. Current log-likelihood: -29758.183
5. Current log-likelihood: -29747.150
6. Current log-likelihood: -29742.866
7. Current log-likelihood: -29741.708
8. Current log-likelihood: -29740.764
9. Current log-likelihood: -29739.883
10. Current log-likelihood: -29738.791
11. Current log-likelihood: -29738.328
12. Current log-likelihood: -29738.059
13. Current log-likelihood: -29737.552
14. Current log-likelihood: -29737.410
15. Current log-likelihood: -29736.916
16. Current log-likelihood: -29736.752
17. Current log-likelihood: -29736.324
18. Current log-likelihood: -29736.168
19. Current log-likelihood: -29735.782
20. Current log-likelihood: -29735.599
21. Current log-likelihood: -29735.413
22. Current log-likelihood: -29735.257
23. Current log-likelihood: -29735.083
24. Current log-likelihood: -29734.914
25. Current log-likelihood: -29734.775
26. Current log-likelihood: -29734.632
27. Current log-likelihood: -29734.482
28. Current log-likelihood: -29734.352
29. Current log-likelihood: -29734.223
30. Current log-likelihood: -29734.104
31. Current log-likelihood: -29733.981
32. Current log-likelihood: -29733.860
33. Current log-likelihood: -29733.743
34. Current log-likelihood: -29733.635
Optimal log-likelihood: -29733.543
Parameters optimization took 34 rounds (44.697 sec)
Computing ML distances based on estimated model parameters... 1.334 sec
Computing BIONJ tree...
0.009 seconds
Log-likelihood of BIONJ tree: -29973.854
--------------------------------------------------------------------
|             INITIALIZING CANDIDATE TREE SET                      |
--------------------------------------------------------------------
Generating 98 parsimony trees... 3.337 second
Computing log-likelihood of 98 initial trees ... 2.681 seconds
Current best score: -29676.632

Do NNI search on 20 best initial trees
Estimate model parameters (epsilon = 0.100)
BETTER TREE FOUND at iteration 1: -29607.986
Estimate model parameters (epsilon = 0.100)
BETTER TREE FOUND at iteration 3: -29601.665
Iteration 10 / LogL: -29612.569 / Time: 0h:1m:32s
Iteration 20 / LogL: -29626.929 / Time: 0h:1m:36s
Finish initializing candidate tree set (20)
Current best tree score: -29601.665 / CPU time: 28.203
Number of iterations: 20
--------------------------------------------------------------------
|               OPTIMIZING CANDIDATE TREE SET                      |
--------------------------------------------------------------------
Estimate model parameters (epsilon = 0.100)
BETTER TREE FOUND at iteration 23: -29591.273
Iteration 30 / LogL: -29592.225 / Time: 0h:1m:56s (0h:6m:11s left)
Iteration 40 / LogL: -29597.021 / Time: 0h:1m:59s (0h:4m:13s left)
Estimate model parameters (epsilon = 0.100)
BETTER TREE FOUND at iteration 43: -29590.560
Estimate model parameters (epsilon = 0.100)
BETTER TREE FOUND at iteration 45: -29590.303
Iteration 50 / LogL: -29592.376 / Time: 0h:2m:8s (0h:4m:9s left)
Log-likelihood cutoff on original alignment: -29698.130
Estimate model parameters (epsilon = 0.100)
UPDATE BEST LOG-LIKELIHOOD: -29588.896
Iteration 60 / LogL: -29590.880 / Time: 0h:2m:16s (0h:3m:16s left)
Iteration 70 / LogL: -29591.447 / Time: 0h:2m:19s (0h:2m:30s left)
Iteration 80 / LogL: -29593.988 / Time: 0h:2m:21s (0h:1m:56s left)
Iteration 90 / LogL: -29596.215 / Time: 0h:2m:24s (0h:1m:29s left)
Iteration 100 / LogL: -29590.967 / Time: 0h:2m:27s (0h:1m:7s left)
Log-likelihood cutoff on original alignment: -29698.130
NOTE: Bootstrap correlation coefficient of split occurrence frequencies: 0.996
Iteration 110 / LogL: -29596.746 / Time: 0h:2m:31s (0h:2m:4s left)
Iteration 120 / LogL: -29589.267 / Time: 0h:2m:34s (0h:1m:44s left)
Iteration 130 / LogL: -29589.487 / Time: 0h:2m:38s (0h:1m:25s left)
Iteration 140 / LogL: -29651.369 / Time: 0h:2m:41s (0h:1m:9s left)
TREE SEARCH COMPLETED AFTER 146 ITERATIONS / Time: 0h:2m:43s

--------------------------------------------------------------------
|                    FINALIZING TREE SEARCH                        |
--------------------------------------------------------------------
Performs final model parameters optimization
Estimate model parameters (epsilon = 0.010)
1. Initial log-likelihood: -29588.896
2. Current log-likelihood: -29588.871
3. Current log-likelihood: -29588.814
4. Current log-likelihood: -29588.757
5. Current log-likelihood: -29588.709
6. Current log-likelihood: -29588.676
7. Current log-likelihood: -29588.638
8. Current log-likelihood: -29588.591
9. Current log-likelihood: -29588.569
10. Current log-likelihood: -29588.528
11. Current log-likelihood: -29588.514
12. Current log-likelihood: -29588.472
13. Current log-likelihood: -29588.455
Optimal log-likelihood: -29588.446
Parameters optimization took 13 rounds (14.804 sec)
BEST SCORE FOUND : -29588.446
Creating bootstrap support values...
Split supports printed to NEXUS file /csm_data/spielman_lab/dms_modelselection/pandit_aa_alignments/PF02779.fasta.splits.nex
Total tree length: 45.721

Total number of iterations: 146
CPU time used for tree search: 276.768 sec (0h:4m:36s)
Wall-clock time used for tree search: 94.940 sec (0h:1m:34s)
Total CPU time used: 520.241 sec (0h:8m:40s)
Total wall-clock time used: 178.827 sec (0h:2m:58s)

Computing bootstrap consensus tree...
Reading input file /csm_data/spielman_lab/dms_modelselection/pandit_aa_alignments/PF02779.fasta.splits.nex...
115 taxa and 641 splits.
Consensus tree written to /csm_data/spielman_lab/dms_modelselection/pandit_aa_alignments/PF02779.fasta.contree
Reading input trees file /csm_data/spielman_lab/dms_modelselection/pandit_aa_alignments/PF02779.fasta.contree
Log-likelihood of consensus tree: -29588.447

Analysis results written to: 
  IQ-TREE report:                /csm_data/spielman_lab/dms_modelselection/pandit_aa_alignments/PF02779.fasta.iqtree
  Maximum-likelihood tree:       /csm_data/spielman_lab/dms_modelselection/pandit_aa_alignments/PF02779.fasta.treefile
  Likelihood distances:          /csm_data/spielman_lab/dms_modelselection/pandit_aa_alignments/PF02779.fasta.mldist

Ultrafast bootstrap approximation results written to:
  Split support values:          /csm_data/spielman_lab/dms_modelselection/pandit_aa_alignments/PF02779.fasta.splits.nex
  Consensus tree:                /csm_data/spielman_lab/dms_modelselection/pandit_aa_alignments/PF02779.fasta.contree
  Screen log file:               /csm_data/spielman_lab/dms_modelselection/pandit_aa_alignments/PF02779.fasta.log

Date and Time: Fri Jun 14 18:15:01 2019
