IQ-TREE multicore version 1.6.7 for Linux 64-bit built Aug 23 2018
Developed by Bui Quang Minh, Nguyen Lam Tung, Olga Chernomor,
Heiko Schmidt, Dominik Schrempf, Michael Woodhams.

Host:    csm-com-001 (AVX2, FMA3, 62 GB RAM)
Command: iqtree -quiet -nt AUTO -ntmax 8 -m HIVb+F+I -s /csm_data/spielman_lab/dms_modelselection/pandit_aa_alignments/PF02210.fasta -st AA -redo -bb 1000
Seed:    792173 (Using SPRNG - Scalable Parallel Random Number Generator)
Time:    Fri Jun 14 18:21:22 2019
Kernel:  AVX+FMA - auto-detect threads (48 CPU cores detected)

Reading alignment file /csm_data/spielman_lab/dms_modelselection/pandit_aa_alignments/PF02210.fasta ... Fasta format detected
Alignment most likely contains protein sequences
Alignment has 235 sequences with 273 columns, 258 distinct patterns
190 parsimony-informative, 32 singleton sites, 51 constant sites
                     Gap/Ambiguity  Composition  p-value
   1  Q9ZBW1STRCO478605     53.11%    failed      0.00%
   2  Q80YA8MOUSE827945     56.41%    failed      0.00%
   3  STANDROME18261946     55.68%    passed     10.78%
   4  Q7PPU8ANOGA18461967   55.31%    passed     35.70%
   5  CELR2RAT869995        53.48%    failed      3.01%
   6  CELR3HUMAN17931924    51.65%    failed      1.11%
   7  CELR1HUMAN17191849    52.01%    passed     10.29%
   8  CELR1MOUSE17341864    52.01%    passed     39.79%
   9  Q7T024BRARE32164      51.28%    passed     15.82%
  10  Q8MY78ASTPE24902615   53.85%    passed     44.48%
  11  Q8MY749BILA264390     53.48%    passed     14.47%
  12  O61230LYTVA23932517   54.21%    passed     25.09%
  13  O45614CAEEL26802823   47.25%    passed     47.34%
  14  CADNDROME26612796     50.18%    failed      2.18%
  15  Q7Q1N4ANOGA10641199   50.18%    passed     18.09%
  16  NRX1ACHICK789917      52.75%    passed     47.22%
  17  NRX2ARAT9491077       52.75%    passed     55.28%
  18  Q8SZX4DROME104233     52.38%    passed     97.48%
  19  Q7PSM9ANOGA9021031    52.38%    passed     93.39%
  20  Q96MS7HUMAN820939     56.04%    passed     75.75%
  21  Q86YZ7HUMAN748867     56.04%    passed     82.37%
  22  O75852HUMAN32150      56.41%    passed     96.13%
  23  CNTP1HUMAN813939      53.48%    passed      6.44%
  24  NRX4DROME824943       56.04%    passed     98.22%
  25  Q7PT06ANOGA869988     56.04%    passed     91.75%
  26  Q9VCZ9DROME582719     49.45%    passed     50.64%
  27  Q7PSM9ANOGA478612     50.55%    passed     94.48%
  28  NRX2AHUMAN521666      46.52%    passed     30.86%
  29  NRX1ACHICK364508      46.89%    passed     92.24%
  30  Q8CCT8MOUSE102246     46.89%    passed     98.02%
  31  Q18291CAEEL495627     51.28%    passed     55.14%
  32  CNTP2HUMAN216345      52.38%    passed     75.58%
  33  Q9H7W3HUMAN124253     52.38%    passed     51.52%
  34  Q8WX98HUMAN215344     52.38%    passed     47.52%
  35  Q8WYK1HUMAN209338     52.38%    passed     76.54%
  36  CNTP1HUMAN203332      52.38%    passed     83.27%
  37  Q8IQH0DROME302424     54.95%    passed     56.68%
  38  Q7PT06ANOGA264386     54.95%    passed     84.25%
  39  Q9VJ82DROME212341     52.38%    passed     62.13%
  40  Q7Q4H3ANOGA211342     51.65%    passed     70.53%
  41  STANDROME15841736     43.96%    passed     58.94%
  42  Q7PPU8ANOGA16041755   44.32%    passed     80.93%
  43  CELR1HUMAN14701629    41.39%    passed     95.48%
  44  CELR2HUMAN13951554    41.39%    passed     28.94%
  45  CELR3RAT15341693      41.39%    passed     83.52%
  46  CADN2DROME12091370    40.66%    passed     87.81%
  47  CADNDROME24072568     40.66%    passed     36.17%
  48  Q7Q1M9ANOGA8501013    39.93%    passed     28.57%
  49  Q8MY769BIVA532689     42.12%    passed     76.82%
  50  Q8MY78ASTPE22502404   43.22%    passed     55.46%
  51  Q8MY749BILA15170      42.86%    passed      5.54%
  52  O61230LYTVA21422298   42.49%    passed      9.24%
  53  Q8MY759BILA13231478   42.86%    passed     45.83%
  54  Q967F4CAEEL23122461   45.05%    passed     85.12%
  55  CADEDROME11531296     47.25%    passed     14.26%
  56  Q7PT75ANOGA736881     46.52%    passed     12.40%
  57  Q9VRW0DROME33793514   50.18%    passed     80.76%
  58  P91904CAEEL33723501   52.38%    passed     81.76%
  59  Q867A1CANFA14081528   55.68%    passed     28.66%
  60  P70570RAT14081528     55.68%    passed     56.30%
  61  LAMA4HUMAN14921619    53.11%    passed     99.74%
  62  Q8R145MOUSE529654     53.85%    passed     96.54%
  63  Q7Z5W6HUMAN415541     53.48%    passed     84.61%
  64  LAMA1MOUSE27522878    53.48%    passed     91.83%
  65  Q9U7E8CAEEL763892     52.38%    passed     74.34%
  66  Q9NGV2DROME12101340   52.01%    passed     59.79%
  67  Q7PQ15ANOGA11671296   52.38%    passed     68.69%
  68  Q8N197HUMAN3131       52.75%    passed     53.10%
  69  PGBMHUMAN42344364     52.01%    passed     38.38%
  70  AGRNDISOM11791307     52.75%    passed     48.47%
  71  AGRNHUMAN18972025     52.75%    failed      4.22%
  72  Q86SD6CIOIN321465     46.89%    passed     48.79%
  73  Q9NGV2DROME650776     53.48%    passed     87.60%
  74  Q7PQ15ANOGA613739     53.48%    passed     72.06%
  75  Q8MPN3DROME35483676   52.75%    passed     68.78%
  76  Q8BGP3MOUSE641767     53.48%    passed     98.71%
  77  AGRNDISOM9471079      51.28%    passed     11.38%
  78  AGRNHUMAN16681796     52.75%    failed      2.56%
  79  PGBMMOUSE32743402     52.75%    passed      8.85%
  80  PGBMMOUSE30133146     50.92%    passed     62.77%
  81  Q9NGV2DROME429557     52.75%    passed     19.34%
  82  Q7PQ15ANOGA392520     52.75%    passed     51.49%
  83  Q8BU56MOUSE415543     52.75%    passed     79.28%
  84  AGRNDISOM677805       52.75%    passed     58.98%
  85  AGRNHUMAN14001528     52.75%    passed      9.72%
  86  Q86SD6CIOIN125252     53.11%    failed      0.01%
  87  Q8IRV8DROME38063938   51.28%    passed     36.39%
  88  Q8MRJ7DROME64197      50.92%    passed     73.05%
  89  Q7Q3I9ANOGA598730     51.28%    passed     86.75%
  90  Q9VRW0DROME29053031   53.48%    passed     92.01%
  91  Q7PPF9ANOGA29023028   53.48%    passed     73.70%
  92  P91904CAEEL29263049   54.58%    passed     23.76%
  93  P91806STRPU27156      52.38%    passed     52.46%
  94  LAMA1MOUSE23412474    50.92%    passed     93.00%
  95  Q8IP51DROME26162755   48.72%    passed     94.18%
  96  FAT2DROME39694096     53.11%    passed     12.13%
  97  Q7QL19ANOGA19442071   53.11%    passed     85.45%
  98  FATHHUMAN38613987     53.48%    passed     42.38%
  99  Q8TDW7HUMAN373502     52.38%    passed     67.50%
 100  Q19319CAEEL37653886   55.31%    passed     41.63%
 101  Q9XZC9DROME30303161   51.65%    passed     49.26%
 102  P91806STRPU212343     51.65%    passed     23.67%
 103  Q9VCZ9DROME386520     50.55%    passed     79.96%
 104  Q8IUE3HUMAN285411     53.48%    passed     86.89%
 105  Q9VCZ9DROME132266     50.55%    passed     98.71%
 106  Q8MPN3DROME40594188   52.38%    passed     65.09%
 107  Q7PH68ANOGA39224053   51.65%    passed      6.91%
 108  NRX3AHUMAN55184       52.38%    passed     19.46%
 109  NRX2ARAT57187         52.01%    failed      0.01%
 110  NRX1ABOVIN58192       50.55%    passed     24.46%
 111  Q9VRW0DROME27042846   47.62%    passed     76.01%
 112  Q7PPF9ANOGA27002843   47.25%    passed      7.57%
 113  Q21442CAEEL537680     47.25%    passed     76.19%
 114  LAMA1MOUSE21542288    50.55%    passed     46.20%
 115  Q7Q3K5ANOGA40924249   42.12%    passed     17.82%
 116  Q9XZC9DROME32113342   51.65%    passed     42.10%
 117  Q7Z5W6HUMAN186327     47.99%    passed     75.62%
 118  LAMA1MOUSE25222662    48.35%    passed     94.76%
 119  Q9DE37BRARE11791304   53.85%    passed     57.92%
 120  Q90Z43CHICK454582     52.75%    passed     64.13%
 121  Q9DE36BRARE11711299   52.75%    passed     10.39%
 122  Q90WZ3XENLA11891317   52.75%    passed     62.84%
 123  SLIT2HUMAN11881316    52.75%    passed     82.44%
 124  Q7QCT2ANOGA10751203   52.75%    passed     86.75%
 125  Q20204CAEEL11381268   52.01%    passed     24.03%
 126  Q9BTT3HUMAN318435     56.78%    failed      2.27%
 127  Q867A1CANFA11881294   60.81%    passed     18.67%
 128  LAMA3HUMAN11771284    60.44%    passed     33.58%
 129  LAMADROME30833205     54.95%    passed     96.17%
 130  Q7PPF9ANOGA30803203   54.58%    passed      7.79%
 131  Q8IP51DROME28042944   48.35%    passed     99.61%
 132  LAMA4MOUSE12581374    57.14%    passed     42.39%
 133  SHBGPHOSU73200        53.11%    failed      2.43%
 134  FATDROME44324545      58.24%    passed     98.92%
 135  Q7Q3K5ANOGA43874521   50.55%    passed     86.31%
 136  CNTP2HUMAN401529      52.75%    passed     60.31%
 137  CNTP1MOUSE390516      53.48%    passed     91.54%
 138  Q8K002MOUSE400526     53.48%    passed      5.04%
 139  Q96MJ5HUMAN398522     54.21%    passed     45.94%
 140  Q8WYK1HUMAN395521     53.48%    passed     75.36%
 141  Q8IQH0DROME485598     58.24%    passed     31.43%
 142  Q7PT06ANOGA447562     57.51%    passed     23.28%
 143  Q19617CAEEL167289     54.95%    passed     74.36%
 144  Q9VJ82DROME29152      54.58%    passed     78.86%
 145  Q92675HUMAN55178      54.58%    failed      0.18%
 146  NRX1AHUMAN11561275    56.04%    passed     76.60%
 147  NRX2BRAT119268        45.05%    passed     50.00%
 148  Q8SZX4DROME327452     53.85%    passed     91.13%
 149  Q18291CAEEL11491286   49.45%    passed     43.00%
 150  Q9VCZ9DROME814942     52.75%    passed     34.43%
 151  Q7PSM9ANOGA709837     52.75%    passed     50.27%
 152  NRX2AHUMAN760890      52.01%    passed     49.24%
 153  Q80Y87MOUSE418549     51.65%    passed     87.75%
 154  Q18291CAEEL722843     55.31%    passed     32.83%
 155  FAT2HUMAN38003921     55.31%    passed     27.37%
 156  FAT2RAT38023923       55.31%    passed     60.47%
 157  Q8TDF8HUMAN33703499   52.38%    failed      0.03%
 158  Q8WWY0HUMAN514651     49.45%    passed     53.34%
 159  Q8BGR4MOUSE141278     49.45%    passed     17.21%
 160  Q18291CAEEL9061035    52.38%    passed     36.66%
 161  Q9VQB1DROME8581010    43.96%    passed     22.47%
 162  Q7Q3I9ANOGA8711012    47.99%    passed     71.15%
 163  Q9NQ15HUMAN241375     50.55%    failed      4.95%
 164  Q92675HUMAN230363     50.92%    passed     32.44%
 165  Q86FT0CAEEL689822     50.92%    passed      5.72%
 166  Q9VZ96DROME275414     48.72%    failed      4.99%
 167  Q91VV0MOUSE11071232   53.85%    failed      0.57%
 168  Q867A1CANFA15781703   53.85%    passed     71.89%
 169  LAMA3HUMAN15661691    53.85%    passed     13.76%
 170  Q8TDF8HUMAN35493673   54.21%    failed      0.09%
 171  Q9VRW0DROME35633691   52.75%    passed     14.31%
 172  Q7PPF9ANOGA35413668   53.11%    passed     90.70%
 173  LAMA1MOUSE29293057    52.75%    passed     26.02%
 174  Q21442CAEEL13631488   53.85%    passed     18.38%
 175  Q9U7E8CAEEL368494     53.48%    passed     81.71%
 176  Q7Q5D1ANOGA9841112    52.75%    passed     40.77%
 177  O45000CAEEL703812     59.71%    passed     41.50%
 178  Q9IBG4XENLA581714     50.92%    passed     47.30%
 179  Q80YA8MOUSE395518     54.58%    failed      0.94%
 180  Q7QFS2ANOGA9691097    52.75%    passed     43.83%
 181  Q9VZ96DROME698817     56.04%    passed     90.23%
 182  Q7Q5D1ANOGA570689     56.04%    passed     90.10%
 183  Q22574CAEEL167298     51.65%    failed      0.93%
 184  Q22574CAEEL446570     54.21%    failed      2.02%
 185  CNTP2HUMAN10551187    51.28%    passed     43.69%
 186  CNTP1RAT10891219      52.01%    passed     25.90%
 187  CNTP3HUMAN10461176    52.01%    passed     83.33%
 188  Q8K002MOUSE10481178   52.01%    passed     56.25%
 189  Q8WYK1HUMAN10441173   52.38%    passed     77.59%
 190  Q8BUT8MOUSE462590     52.75%    passed     52.91%
 191  Q8IQH0DROME11141238   54.21%    passed     26.19%
 192  Q7PT06ANOGA10771201   54.21%    passed     37.43%
 193  Q8MY77BRABE253387     50.55%    passed     35.43%
 194  Q18291CAEEL303430     53.11%    passed     15.86%
 195  Q9VC97DROME12811440   41.39%    passed     20.23%
 196  Q7QFS2ANOGA11951336   47.99%    passed     41.28%
 197  Q8WWY0HUMAN743860     56.78%    passed     75.18%
 198  Q7TSG9MOUSE211328     56.78%    passed     98.09%
 199  Q867A1CANFA10171137   55.68%    passed     18.24%
 200  P70570RAT10171137     55.68%    passed     15.01%
 201  LAMA4HUMAN10721203    51.65%    passed      7.14%
 202  O45614CAEEL29423067   53.85%    passed     41.50%
 203  Q7T3H4BRARE314442     52.75%    passed     77.75%
 204  GAS6MOUSE322450       52.75%    passed     82.04%
 205  PRTSBOVIN329458       52.38%    passed     27.72%
 206  PRTSMOUSE329458       52.38%    passed     42.82%
 207  Q9NGV4DROME611727     57.14%    passed      6.90%
 208  Q7TSG9MOUSE448573     53.85%    passed     80.21%
 209  CRUM1HUMAN9801105     53.85%    passed     59.06%
 210  Q9VQB1DROME248387     48.72%    passed     75.47%
 211  Q7Q3I9ANOGA255391     49.82%    failed      3.46%
 212  LAML2CAEEL31013218    56.78%    passed     13.27%
 213  Q9VZ96DROME514640     53.48%    passed     88.72%
 214  Q7Q5D1ANOGA387512     53.85%    passed     28.71%
 215  Q86FT0CAEEL516645     52.38%    passed     56.90%
 216  Q9NSD0HUMAN488621     50.92%    passed     82.50%
 217  PRTSRABIT485617       51.28%    passed     38.29%
 218  Q7T3H4BRARE493622     52.38%    failed      0.78%
 219  GAS6MOUSE510647       49.45%    failed      1.58%
 220  Q9VC97DROME15851722   49.45%    passed     53.66%
 221  Q8MY77BRABE58197      48.72%    passed     34.55%
 222  Q9I907PAGMA107230     54.58%    passed     48.35%
 223  Q8C6X0MOUSE104227     54.58%    passed     50.18%
 224  Q8HYS4PIG109232       54.58%    passed     70.54%
 225  Q7ZYG1XENLA102225     54.58%    passed      8.58%
 226  Q8UUM5ORYLA94217      54.58%    passed     92.61%
 227  Q8AW17BRARE66189      54.58%    passed     49.50%
 228  COBA2MOUSE90213       54.58%    failed      4.88%
 229  Q7TT25MOUSE160290     52.01%    passed     40.78%
 230  Q19617CAEEL738852     57.88%    passed     18.48%
 231  Q7TSP8MOUSE32159      53.11%    passed     32.51%
 232  Q9VZ96DROME13511503   43.96%    passed     28.40%
 233  Q7Q5D1ANOGA12161367   44.32%    failed      0.45%
 234  Q8TDF8HUMAN29703099   52.38%    failed      1.49%
 235  O45000CAEEL267393     53.48%    passed      7.52%
WARNING: 189 sequences contain more than 50% gaps/ambiguity
****  TOTAL                 51.90%  26 sequences failed composition chi2 test (p-value<5%; df=19)

Create initial parsimony tree by phylogenetic likelihood library (PLL)... 0.109 seconds
Generating 1000 samples for ultrafast bootstrap (seed: 792173)...

NOTE: 11 MB RAM (0 GB) is required!
Measuring multi-threading efficiency up to 8 CPU cores
Increase to 10 rounds for branch lengths
18 trees examined
Threads: 1 / Time: 8.084 sec / Speedup: 1.000 / Efficiency: 100% / LogL: -76319
Threads: 2 / Time: 5.251 sec / Speedup: 1.540 / Efficiency: 77% / LogL: -76319
Threads: 3 / Time: 4.247 sec / Speedup: 1.904 / Efficiency: 63% / LogL: -76319
Threads: 4 / Time: 4.789 sec / Speedup: 1.688 / Efficiency: 42% / LogL: -76319
BEST NUMBER OF THREADS: 3

Estimate model parameters (epsilon = 0.100)
1. Initial log-likelihood: -68996.688
2. Current log-likelihood: -64407.680
3. Current log-likelihood: -64359.345
4. Current log-likelihood: -64355.022
5. Current log-likelihood: -64350.889
6. Current log-likelihood: -64346.770
7. Current log-likelihood: -64343.007
8. Current log-likelihood: -64342.308
Optimal log-likelihood: -64342.300
Proportion of invariable sites: 0.000
Parameters optimization took 8 rounds (1.177 sec)
Computing ML distances based on estimated model parameters... 6.018 sec
Computing BIONJ tree...
0.053 seconds
Log-likelihood of BIONJ tree: -63652.769
--------------------------------------------------------------------
|             INITIALIZING CANDIDATE TREE SET                      |
--------------------------------------------------------------------
Generating 98 parsimony trees... 11.908 second
Computing log-likelihood of 98 initial trees ... 7.441 seconds
Current best score: -63652.769

Do NNI search on 20 best initial trees
Estimate model parameters (epsilon = 0.100)
BETTER TREE FOUND at iteration 1: -63586.214
Iteration 10 / LogL: -63882.952 / Time: 0h:1m:10s
Iteration 20 / LogL: -63862.015 / Time: 0h:1m:42s
Finish initializing candidate tree set (20)
Current best tree score: -63586.214 / CPU time: 76.415
Number of iterations: 20
--------------------------------------------------------------------
|               OPTIMIZING CANDIDATE TREE SET                      |
--------------------------------------------------------------------
Estimate model parameters (epsilon = 0.100)
BETTER TREE FOUND at iteration 26: -63585.881
Estimate model parameters (epsilon = 0.100)
BETTER TREE FOUND at iteration 29: -63585.555
Estimate model parameters (epsilon = 0.100)
BETTER TREE FOUND at iteration 30: -63582.572
Iteration 30 / LogL: -63582.572 / Time: 0h:1m:57s (0h:6m:42s left)
Estimate model parameters (epsilon = 0.100)
BETTER TREE FOUND at iteration 31: -63580.997
Estimate model parameters (epsilon = 0.100)
BETTER TREE FOUND at iteration 33: -63579.983
Estimate model parameters (epsilon = 0.100)
BETTER TREE FOUND at iteration 37: -63567.264
Iteration 40 / LogL: -63573.011 / Time: 0h:2m:10s (0h:5m:24s left)
Estimate model parameters (epsilon = 0.100)
BETTER TREE FOUND at iteration 46: -63559.725
Iteration 50 / LogL: -63576.748 / Time: 0h:2m:23s (0h:4m:40s left)
Log-likelihood cutoff on original alignment: -63708.627
Iteration 60 / LogL: -63566.986 / Time: 0h:2m:36s (0h:3m:47s left)
Estimate model parameters (epsilon = 0.100)
BETTER TREE FOUND at iteration 63: -63549.930
Estimate model parameters (epsilon = 0.100)
BETTER TREE FOUND at iteration 68: -63549.257
Iteration 70 / LogL: -63564.830 / Time: 0h:2m:49s (0h:4m:0s left)
Estimate model parameters (epsilon = 0.100)
BETTER TREE FOUND at iteration 71: -63547.803
Iteration 80 / LogL: -63560.697 / Time: 0h:3m:2s (0h:3m:30s left)
Estimate model parameters (epsilon = 0.100)
BETTER TREE FOUND at iteration 82: -63546.717
Estimate model parameters (epsilon = 0.100)
BETTER TREE FOUND at iteration 83: -63544.107
Estimate model parameters (epsilon = 0.100)
BETTER TREE FOUND at iteration 84: -63540.837
Iteration 90 / LogL: -63558.109 / Time: 0h:3m:16s (0h:3m:27s left)
Estimate model parameters (epsilon = 0.100)
BETTER TREE FOUND at iteration 91: -63539.278
Estimate model parameters (epsilon = 0.100)
BETTER TREE FOUND at iteration 96: -63538.924
Estimate model parameters (epsilon = 0.100)
BETTER TREE FOUND at iteration 97: -63536.582
Iteration 100 / LogL: -63540.038 / Time: 0h:3m:30s (0h:3m:25s left)
Log-likelihood cutoff on original alignment: -63708.402
NOTE: Bootstrap correlation coefficient of split occurrence frequencies: 0.911
NOTE: UFBoot does not converge, continue at least 100 more iterations
Iteration 110 / LogL: -63547.589 / Time: 0h:3m:44s (0h:3m:5s left)
Estimate model parameters (epsilon = 0.100)
BETTER TREE FOUND at iteration 120: -63533.853
Iteration 120 / LogL: -63533.853 / Time: 0h:3m:57s (0h:3m:19s left)
Estimate model parameters (epsilon = 0.100)
BETTER TREE FOUND at iteration 122: -63529.175
Iteration 130 / LogL: -63538.642 / Time: 0h:4m:10s (0h:2m:58s left)
Estimate model parameters (epsilon = 0.100)
BETTER TREE FOUND at iteration 139: -63527.202
Iteration 140 / LogL: -63529.107 / Time: 0h:4m:24s (0h:3m:8s left)
Iteration 150 / LogL: -63555.721 / Time: 0h:4m:36s (0h:2m:44s left)
Log-likelihood cutoff on original alignment: -63614.795
Estimate model parameters (epsilon = 0.100)
BETTER TREE FOUND at iteration 160: -63521.999
Iteration 160 / LogL: -63521.999 / Time: 0h:4m:48s (0h:3m:1s left)
Iteration 170 / LogL: -63527.044 / Time: 0h:5m:0s (0h:2m:39s left)
Iteration 180 / LogL: -63534.724 / Time: 0h:5m:12s (0h:2m:19s left)
Iteration 190 / LogL: -63522.073 / Time: 0h:5m:25s (0h:2m:0s left)
Iteration 200 / LogL: -63539.949 / Time: 0h:5m:37s (0h:1m:41s left)
Log-likelihood cutoff on original alignment: -63614.795
NOTE: Bootstrap correlation coefficient of split occurrence frequencies: 0.946
NOTE: UFBoot does not converge, continue at least 100 more iterations
Iteration 210 / LogL: -63530.089 / Time: 0h:5m:50s (0h:2m:30s left)
Iteration 220 / LogL: -63531.142 / Time: 0h:6m:2s (0h:2m:12s left)
Estimate model parameters (epsilon = 0.100)
BETTER TREE FOUND at iteration 223: -63521.418
Iteration 230 / LogL: -63547.340 / Time: 0h:6m:14s (0h:2m:31s left)
Iteration 240 / LogL: -63531.579 / Time: 0h:6m:26s (0h:2m:14s left)
Iteration 250 / LogL: -63531.852 / Time: 0h:6m:38s (0h:1m:56s left)
Log-likelihood cutoff on original alignment: -63614.795
Iteration 260 / LogL: -63527.216 / Time: 0h:6m:52s (0h:1m:40s left)
Iteration 270 / LogL: -63523.873 / Time: 0h:7m:4s (0h:1m:23s left)
Estimate model parameters (epsilon = 0.100)
BETTER TREE FOUND at iteration 276: -63520.291
Iteration 280 / LogL: -63533.224 / Time: 0h:7m:17s (0h:2m:30s left)
Iteration 290 / LogL: -63526.096 / Time: 0h:7m:29s (0h:2m:13s left)
Estimate model parameters (epsilon = 0.100)
BETTER TREE FOUND at iteration 292: -63519.555
Iteration 300 / LogL: -63533.022 / Time: 0h:7m:42s (0h:2m:22s left)
Log-likelihood cutoff on original alignment: -63614.795
NOTE: Bootstrap correlation coefficient of split occurrence frequencies: 0.971
NOTE: UFBoot does not converge, continue at least 100 more iterations
Estimate model parameters (epsilon = 0.100)
BETTER TREE FOUND at iteration 304: -63519.168
Estimate model parameters (epsilon = 0.100)
BETTER TREE FOUND at iteration 308: -63517.915
Iteration 310 / LogL: -63543.663 / Time: 0h:7m:57s (0h:2m:31s left)
Estimate model parameters (epsilon = 0.100)
BETTER TREE FOUND at iteration 316: -63517.739
Iteration 320 / LogL: -63527.497 / Time: 0h:8m:10s (0h:2m:27s left)
Estimate model parameters (epsilon = 0.100)
BETTER TREE FOUND at iteration 327: -63517.250
Iteration 330 / LogL: -63525.721 / Time: 0h:8m:23s (0h:2m:28s left)
Iteration 340 / LogL: -63556.213 / Time: 0h:8m:36s (0h:2m:12s left)
Estimate model parameters (epsilon = 0.100)
BETTER TREE FOUND at iteration 346: -63516.639
Estimate model parameters (epsilon = 0.100)
BETTER TREE FOUND at iteration 348: -63515.650
Iteration 350 / LogL: -63518.385 / Time: 0h:8m:50s (0h:2m:28s left)
Log-likelihood cutoff on original alignment: -63599.976
Estimate model parameters (epsilon = 0.100)
BETTER TREE FOUND at iteration 355: -63514.824
Iteration 360 / LogL: -63519.892 / Time: 0h:9m:4s (0h:2m:23s left)
Iteration 370 / LogL: -63545.704 / Time: 0h:9m:17s (0h:2m:8s left)
Estimate model parameters (epsilon = 0.100)
BETTER TREE FOUND at iteration 378: -63514.226
Iteration 380 / LogL: -63514.232 / Time: 0h:9m:30s (0h:2m:27s left)
Estimate model parameters (epsilon = 0.100)
BETTER TREE FOUND at iteration 384: -63514.123
Iteration 390 / LogL: -63529.393 / Time: 0h:9m:44s (0h:2m:21s left)
Estimate model parameters (epsilon = 0.100)
BETTER TREE FOUND at iteration 392: -63513.283
Iteration 400 / LogL: -63525.251 / Time: 0h:9m:57s (0h:2m:17s left)
Log-likelihood cutoff on original alignment: -63599.976
NOTE: Bootstrap correlation coefficient of split occurrence frequencies: 0.977
NOTE: UFBoot does not converge, continue at least 100 more iterations
Iteration 410 / LogL: -63535.470 / Time: 0h:10m:11s (0h:2m:14s left)
Iteration 420 / LogL: -63521.405 / Time: 0h:10m:24s (0h:1m:59s left)
Iteration 430 / LogL: -63533.161 / Time: 0h:10m:38s (0h:1m:44s left)
Iteration 440 / LogL: -63521.901 / Time: 0h:10m:51s (0h:1m:28s left)
Iteration 450 / LogL: -63552.280 / Time: 0h:11m:4s (0h:1m:13s left)
Log-likelihood cutoff on original alignment: -63599.976
Iteration 460 / LogL: -63518.018 / Time: 0h:11m:18s (0h:0m:59s left)
Estimate model parameters (epsilon = 0.100)
BETTER TREE FOUND at iteration 463: -63513.237
Iteration 470 / LogL: -63521.985 / Time: 0h:11m:31s (0h:2m:17s left)
Iteration 480 / LogL: -63516.946 / Time: 0h:11m:44s (0h:2m:2s left)
Estimate model parameters (epsilon = 0.100)
BETTER TREE FOUND at iteration 489: -63512.999
Iteration 490 / LogL: -63526.176 / Time: 0h:11m:58s (0h:2m:25s left)
Iteration 500 / LogL: -63515.147 / Time: 0h:12m:12s (0h:2m:10s left)
Log-likelihood cutoff on original alignment: -63599.976
NOTE: Bootstrap correlation coefficient of split occurrence frequencies: 0.976
NOTE: UFBoot does not converge, continue at least 100 more iterations
Iteration 510 / LogL: -63531.103 / Time: 0h:12m:26s (0h:2m:12s left)
Iteration 520 / LogL: -63521.400 / Time: 0h:12m:41s (0h:1m:57s left)
Iteration 530 / LogL: -63530.868 / Time: 0h:12m:56s (0h:1m:42s left)
Iteration 540 / LogL: -63519.525 / Time: 0h:13m:10s (0h:1m:27s left)
Iteration 550 / LogL: -63516.217 / Time: 0h:13m:23s (0h:1m:13s left)
Log-likelihood cutoff on original alignment: -63599.976
Iteration 560 / LogL: -63518.493 / Time: 0h:13m:39s (0h:0m:58s left)
Iteration 570 / LogL: -63513.948 / Time: 0h:13m:53s (0h:0m:43s left)
Iteration 580 / LogL: -63523.952 / Time: 0h:14m:7s (0h:0m:29s left)
BETTER TREE FOUND at iteration 590: -63512.996
Iteration 590 / LogL: -63512.996 / Time: 0h:14m:21s (0h:2m:26s left)
Iteration 600 / LogL: -63524.011 / Time: 0h:14m:35s (0h:2m:11s left)
Log-likelihood cutoff on original alignment: -63599.976
NOTE: Bootstrap correlation coefficient of split occurrence frequencies: 0.975
NOTE: UFBoot does not converge, continue at least 100 more iterations
Iteration 610 / LogL: -63517.686 / Time: 0h:14m:51s (0h:2m:11s left)
Iteration 620 / LogL: -63516.613 / Time: 0h:15m:4s (0h:1m:56s left)
Iteration 630 / LogL: -63514.251 / Time: 0h:15m:18s (0h:1m:42s left)
Iteration 640 / LogL: -63519.744 / Time: 0h:15m:32s (0h:1m:27s left)
Estimate model parameters (epsilon = 0.100)
BETTER TREE FOUND at iteration 644: -63512.297
Iteration 650 / LogL: -63513.631 / Time: 0h:15m:47s (0h:2m:17s left)
Log-likelihood cutoff on original alignment: -63599.976
Estimate model parameters (epsilon = 0.100)
BETTER TREE FOUND at iteration 659: -63512.113
Iteration 660 / LogL: -63516.984 / Time: 0h:16m:2s (0h:2m:24s left)
Iteration 670 / LogL: -63533.273 / Time: 0h:16m:16s (0h:2m:9s left)
Iteration 680 / LogL: -63515.763 / Time: 0h:16m:30s (0h:1m:55s left)
Iteration 690 / LogL: -63513.475 / Time: 0h:16m:44s (0h:1m:40s left)
Estimate model parameters (epsilon = 0.100)
BETTER TREE FOUND at iteration 694: -63511.888
Iteration 700 / LogL: -63514.104 / Time: 0h:17m:0s (0h:2m:17s left)
Log-likelihood cutoff on original alignment: -63599.976
NOTE: Bootstrap correlation coefficient of split occurrence frequencies: 0.990
Iteration 710 / LogL: -63513.606 / Time: 0h:17m:15s (0h:2m:11s left)
Iteration 720 / LogL: -63521.808 / Time: 0h:17m:28s (0h:1m:56s left)
Estimate model parameters (epsilon = 0.100)
BETTER TREE FOUND at iteration 724: -63508.578
Iteration 730 / LogL: -63514.563 / Time: 0h:17m:43s (0h:2m:17s left)
Iteration 740 / LogL: -63514.055 / Time: 0h:17m:58s (0h:2m:2s left)
Iteration 750 / LogL: -63510.018 / Time: 0h:18m:12s (0h:1m:47s left)
Log-likelihood cutoff on original alignment: -63599.976
Iteration 760 / LogL: -63513.732 / Time: 0h:18m:27s (0h:1m:33s left)
Iteration 770 / LogL: -63516.938 / Time: 0h:18m:40s (0h:1m:18s left)
Iteration 780 / LogL: -63516.491 / Time: 0h:18m:53s (0h:1m:4s left)
Iteration 790 / LogL: -63513.916 / Time: 0h:19m:7s (0h:0m:49s left)
Iteration 800 / LogL: -63508.702 / Time: 0h:19m:21s (0h:0m:34s left)
Log-likelihood cutoff on original alignment: -63599.976
NOTE: Bootstrap correlation coefficient of split occurrence frequencies: 0.989
NOTE: UFBoot does not converge, continue at least 100 more iterations
Estimate model parameters (epsilon = 0.100)
BETTER TREE FOUND at iteration 808: -63508.293
Iteration 810 / LogL: -63512.260 / Time: 0h:19m:36s (0h:2m:22s left)
Iteration 820 / LogL: -63517.113 / Time: 0h:19m:49s (0h:2m:7s left)
Estimate model parameters (epsilon = 0.100)
BETTER TREE FOUND at iteration 827: -63508.070
Iteration 830 / LogL: -63508.798 / Time: 0h:20m:3s (0h:2m:20s left)
Iteration 840 / LogL: -63510.490 / Time: 0h:20m:17s (0h:2m:6s left)
Iteration 850 / LogL: -63509.459 / Time: 0h:20m:30s (0h:1m:51s left)
Log-likelihood cutoff on original alignment: -63599.976
Iteration 860 / LogL: -63524.605 / Time: 0h:20m:45s (0h:1m:37s left)
Iteration 870 / LogL: -63513.931 / Time: 0h:21m:0s (0h:1m:22s left)
Iteration 880 / LogL: -63510.243 / Time: 0h:21m:14s (0h:1m:8s left)
Iteration 890 / LogL: -63516.158 / Time: 0h:21m:28s (0h:0m:53s left)
Iteration 900 / LogL: -63547.827 / Time: 0h:21m:42s (0h:0m:39s left)
Log-likelihood cutoff on original alignment: -63599.976
NOTE: Bootstrap correlation coefficient of split occurrence frequencies: 0.989
NOTE: UFBoot does not converge, continue at least 100 more iterations
Iteration 910 / LogL: -63523.392 / Time: 0h:21m:57s (0h:2m:10s left)
Iteration 920 / LogL: -63552.305 / Time: 0h:22m:12s (0h:1m:55s left)
Iteration 930 / LogL: -63521.734 / Time: 0h:22m:26s (0h:1m:41s left)
Iteration 940 / LogL: -63515.167 / Time: 0h:22m:40s (0h:1m:26s left)
Estimate model parameters (epsilon = 0.100)
BETTER TREE FOUND at iteration 943: -63507.445
Iteration 950 / LogL: -63514.458 / Time: 0h:22m:55s (0h:2m:14s left)
Log-likelihood cutoff on original alignment: -63599.976
Iteration 960 / LogL: -63518.589 / Time: 0h:23m:11s (0h:2m:0s left)
Iteration 970 / LogL: -63515.966 / Time: 0h:23m:26s (0h:1m:45s left)
Iteration 980 / LogL: -63512.716 / Time: 0h:23m:40s (0h:1m:31s left)
Iteration 990 / LogL: -63509.694 / Time: 0h:23m:55s (0h:1m:16s left)
Iteration 1000 / LogL: -63509.577 / Time: 0h:24m:10s (0h:1m:2s left)
Log-likelihood cutoff on original alignment: -63599.976
NOTE: Bootstrap correlation coefficient of split occurrence frequencies: 0.987
NOTE: UFBoot does not converge, continue at least 100 more iterations
TREE SEARCH COMPLETED AFTER 1001 ITERATIONS / Time: 0h:24m:13s

--------------------------------------------------------------------
|                    FINALIZING TREE SEARCH                        |
--------------------------------------------------------------------
Performs final model parameters optimization
Estimate model parameters (epsilon = 0.010)
1. Initial log-likelihood: -63507.445
Optimal log-likelihood: -63507.445
Proportion of invariable sites: 0.000
Parameters optimization took 1 rounds (0.146 sec)
BEST SCORE FOUND : -63507.445
WARNING: bootstrap analysis did not converge. You should rerun with higher number of iterations (-nm option)
Creating bootstrap support values...
Split supports printed to NEXUS file /csm_data/spielman_lab/dms_modelselection/pandit_aa_alignments/PF02210.fasta.splits.nex
Total tree length: 220.665

Total number of iterations: 1001
CPU time used for tree search: 4179.880 sec (1h:9m:39s)
Wall-clock time used for tree search: 1427.096 sec (0h:23m:47s)
Total CPU time used: 4254.675 sec (1h:10m:54s)
Total wall-clock time used: 1454.325 sec (0h:24m:14s)

Computing bootstrap consensus tree...
Reading input file /csm_data/spielman_lab/dms_modelselection/pandit_aa_alignments/PF02210.fasta.splits.nex...
235 taxa and 2668 splits.
Consensus tree written to /csm_data/spielman_lab/dms_modelselection/pandit_aa_alignments/PF02210.fasta.contree
Reading input trees file /csm_data/spielman_lab/dms_modelselection/pandit_aa_alignments/PF02210.fasta.contree
Log-likelihood of consensus tree: -63511.081

Analysis results written to: 
  IQ-TREE report:                /csm_data/spielman_lab/dms_modelselection/pandit_aa_alignments/PF02210.fasta.iqtree
  Maximum-likelihood tree:       /csm_data/spielman_lab/dms_modelselection/pandit_aa_alignments/PF02210.fasta.treefile
  Likelihood distances:          /csm_data/spielman_lab/dms_modelselection/pandit_aa_alignments/PF02210.fasta.mldist

Ultrafast bootstrap approximation results written to:
  Split support values:          /csm_data/spielman_lab/dms_modelselection/pandit_aa_alignments/PF02210.fasta.splits.nex
  Consensus tree:                /csm_data/spielman_lab/dms_modelselection/pandit_aa_alignments/PF02210.fasta.contree
  Screen log file:               /csm_data/spielman_lab/dms_modelselection/pandit_aa_alignments/PF02210.fasta.log

Date and Time: Fri Jun 14 18:45:38 2019
