IQ-TREE multicore version 1.6.7 for Linux 64-bit built Aug 23 2018
Developed by Bui Quang Minh, Nguyen Lam Tung, Olga Chernomor,
Heiko Schmidt, Dominik Schrempf, Michael Woodhams.

Host:    csm-gpu-001 (AVX2, FMA3, 62 GB RAM)
Command: iqtree -quiet -nt AUTO -ntmax 8 -m rtREV+I -s /csm_data/spielman_lab/dms_modelselection/pandit_aa_alignments/PF07702.fasta -st AA -redo -bb 1000
Seed:    974362 (Using SPRNG - Scalable Parallel Random Number Generator)
Time:    Fri Jun 14 22:02:19 2019
Kernel:  AVX+FMA - auto-detect threads (48 CPU cores detected)

Reading alignment file /csm_data/spielman_lab/dms_modelselection/pandit_aa_alignments/PF07702.fasta ... Fasta format detected
Alignment most likely contains protein sequences
Alignment has 176 sequences with 186 columns, 186 distinct patterns
145 parsimony-informative, 12 singleton sites, 29 constant sites
                   Gap/Ambiguity  Composition  p-value
   1  Q837M2ENTFA84227    22.58%    failed      1.59%
   2  Q8Z2X1SALTI96235    24.73%    passed     35.07%
   3  Q8FHD7ECOL686225    24.73%    failed      3.74%
   4  Q83S98SHIFL90229    24.73%    failed      3.06%
   5  Q8Y5C1LISMO100238   25.27%    failed      3.93%
   6  Q88ZB3LACPL85224    24.73%    passed     26.08%
   7  Q82ZL9ENTFA96235    24.73%    passed      6.57%
   8  Q97DH5CLOAB96234    25.27%    failed      0.36%
   9  Q8Z276SALTI97236    24.73%    passed     84.84%
  10  Q9KED8BACHD95234    24.73%    passed     13.31%
  11  Q8EP45OCEIH92231    24.73%    failed      0.22%
  12  YURKBACSU94234      24.19%    failed      2.72%
  13  Q8DU82STRMU88226    25.27%    failed      4.05%
  14  Q97PZ2STRPN91229    25.27%    failed      0.60%
  15  Q99ZJ9STRPY97235    25.27%    passed     27.22%
  16  Q8DZX6STRA588226    25.27%    passed     25.35%
  17  Q9CFN0LACLA92230    25.27%    passed     15.54%
  18  Q835P8ENTFA91230    24.73%    passed      8.32%
  19  Q88Z17LACPL92231    24.73%    passed     68.00%
  20  Q92D63LISIN94233    24.73%    passed     27.34%
  21  Q97MK7CLOAB96237    23.66%    failed      0.02%
  22  Q9K7N8BACHD91230    24.73%    failed      2.49%
  23  Q82IW0STRAW104244   24.19%    passed     38.76%
  24  Q8KN209ACTO104244   24.19%    passed     33.97%
  25  Q9RK80STRCO94234    24.19%    passed     40.09%
  26  Q8ESL5OCEIH94235    23.66%    failed      0.05%
  27  Q9KFQ9BACHD94233    24.73%    failed      4.58%
  28  Q819D2BACCR97236    24.73%    passed     94.67%
  29  O34817BACSU95234    24.73%    passed     43.84%
  30  Q8NTZ4CORGL107245   25.27%    passed     53.85%
  31  Q9KZB5STRCO114252   25.27%    failed      0.58%
  32  Q826N6STRAW108246   25.27%    failed      0.34%
  33  Q9RKT6STRCO98236    25.27%    passed     10.40%
  34  O50521STRCO105246   23.66%    passed     36.44%
  35  Q8PPH5XANAC112248   26.34%    passed     91.57%
  36  Q7P0L2CHRVO101237   26.34%    passed     82.06%
  37  Q9HXN8PSEAE104240   26.34%    passed     44.20%
  38  Q8ZF32YERPE115251   26.34%    passed     14.13%
  39  Q8UC92AGRT5104240   26.34%    passed     10.85%
  40  Q92SZ4RHIME108244   26.34%    passed     50.03%
  41  Q8FWE2BRUSU111247   26.34%    passed     31.11%
  42  Q98DC1RHILO108244   26.34%    passed      6.74%
  43  Q9AAZ7CAUCR102238   26.34%    passed     47.22%
  44  Q9AAR0CAUCR156292   26.34%    passed     33.83%
  45  Q8FVD1BRUSU96232    26.34%    passed     11.74%
  46  Q9RYU6DEIRA130269   24.73%    failed      0.95%
  47  Q8Y5T1LISMO95235    24.19%    passed     78.84%
  48  Q8YDQ9BRUME94234    24.19%    passed     94.97%
  49  Q7WNA2BORBR94234    24.19%    passed     24.42%
  50  Q88RC8PSEPK96236    24.19%    passed     96.84%
  51  Q9RJN4STRCO103243   24.19%    failed      0.01%
  52  Q82DW1STRAW111250   24.73%    passed     11.84%
  53  Q8XTM7RALSO91230    24.73%    passed     39.86%
  54  Q7WG36BORBR95234    24.73%    passed     11.32%
  55  Q8XXW6RALSO127268   23.66%    passed     52.30%
  56  Q7VW98BORPE124266   23.12%    passed     54.01%
  57  Q8FLY4COREF116254   25.27%    passed     92.93%
  58  Q8XH58CLOPE94233    24.73%    failed      0.00%
  59  Q833W6ENTFA94234    24.19%    passed     29.91%
  60  Q8P1N1STRP891231    24.19%    failed      4.36%
  61  Q89II8BRAJA95237    23.12%    passed     14.52%
  62  Q8XPY0RALSO92234    23.12%    passed     21.27%
  63  Q88M77PSEPK160302   23.12%    passed     35.15%
  64  Q92MP5RHIME96235    24.73%    passed     41.38%
  65  Q7WHJ4BORBR104241   25.81%    failed      0.29%
  66  Q98JW7RHILO98238    24.19%    passed     37.23%
  67  YEGWECOLI107243     26.34%    passed     18.65%
  68  Q8XHP7CLOPE92227    26.88%    passed     10.33%
  69  Q836F7ENTFA92230    25.27%    passed     72.66%
  70  Q7WFE4BORBR98238    24.19%    passed     36.13%
  71  Q87YC4PSESM92231    24.73%    passed     17.73%
  72  Q88M47PSEPK92231    24.73%    passed     37.90%
  73  Q9I4J3PSEAE92231    24.73%    passed     58.00%
  74  Q9HYZ1PSEAE92231    24.73%    passed     82.73%
  75  Q87J98VIBPA96235    24.73%    passed     78.58%
  76  Q87JK9VIBPA86225    24.73%    passed     91.74%
  77  Q9KLZ1VIBCH86225    24.73%    passed     73.05%
  78  P96061SALTI94233    24.73%    passed     14.12%
  79  Q9I041PSEAE90229    24.73%    failed      0.66%
  80  Q93F79XANOR89229    24.19%    passed      5.50%
  81  Q8FQI9COREF109250   23.66%    passed     84.85%
  82  Q8FN27COREF115254   24.73%    passed      6.64%
  83  Q816I8BACCR94230    26.34%    passed     11.54%
  84  Q8ELM1OCEIH94228    27.42%    passed      7.88%
  85  Q833B3ENTFA91226    26.88%    passed     13.20%
  86  Q92U50RHIME105247   23.12%    passed     75.60%
  87  Q88ZR2LACPL90223    27.96%    passed     70.76%
  88  Q9RIQ29ACTO102240   25.27%    passed     15.41%
  89  Q05077STRCL93240    20.43%    passed      6.13%
  90  Q849H3STRVN105244   24.73%    passed     12.91%
  91  Q982A8RHILO89228    24.73%    passed     68.00%
  92  Q8YUV5ANASP91236    21.51%    passed     11.80%
  93  Q7NWY2CHRVO94234    24.19%    passed     40.10%
  94  Q89V38BRAJA97237    24.19%    passed     17.21%
  95  Q8UIV9AGRT5100240   24.19%    passed     48.87%
  96  Q98GG5RHILO103243   24.19%    passed     26.87%
  97  Q8YHC1BRUME101241   24.19%    passed     71.38%
  98  Y6150RHIME98238     24.19%    passed     66.25%
  99  Q8KJ84RHILO86226    24.19%    passed     39.77%
 100  Q8KJ78RHILO86226    24.19%    passed     28.89%
 101  Q882R7PSESM92229    25.81%    failed      4.56%
 102  Q9HYM0PSEAE98235    25.81%    passed      7.54%
 103  Q8XDW0ECO5796236    24.19%    passed     64.35%
 104  Q8ZBG0YERPE96236    24.19%    passed     37.45%
 105  Q93J21STRCO90227    25.81%    failed      2.28%
 106  Q9X8D7STRCO92227    26.88%    passed      6.71%
 107  Q9S2B4STRCO102241   24.73%    passed     89.95%
 108  Q7NZ59CHRVO140284   22.04%    failed      0.07%
 109  Q82H10STRAW115254   24.73%    passed     86.30%
 110  Q07191STRAM108250   23.12%    passed     49.04%
 111  Q9EVW0STRSQ105244   24.73%    passed     69.16%
 112  Q9ACN8STRLI106245   24.73%    passed     49.73%
 113  O86331MYCTU106246   24.19%    passed     19.18%
 114  Q8VLL1STRCO106247   23.66%    failed      0.26%
 115  Q97TU0CLOAB95231    26.34%    failed      0.00%
 116  Q8A5Y3BACTN97235    25.27%    passed     11.10%
 117  Q7WCH4BORPA108252   22.04%    passed     82.45%
 118  Q9KA96BACHD94232    25.27%    passed     31.63%
 119  YMFCBACSU95233      25.27%    passed     37.23%
 120  Q81A04BACCR95233    25.27%    passed     21.64%
 121  Q8EQS6OCEIH95233    25.27%    passed      6.41%
 122  Q8RCG8THETN94232    25.27%    passed      9.67%
 123  Q8CPG1STAEP91230    24.73%    failed      3.89%
 124  Q99UJ5STAAM91230    24.73%    failed      0.44%
 125  Q92LS6RHIME98237    24.73%    passed     92.72%
 126  Q8X5T8ECO57100240   24.19%    passed     20.34%
 127  Q8XGI5SALTI97237    24.19%    passed      5.88%
 128  Q8EKJ6SHEON89226    25.81%    passed     14.08%
 129  Q7P193CHRVO122259   25.81%    passed     93.55%
 130  Q7N293PHOLL99236    25.81%    passed     65.88%
 131  Q8Z898SALTI97234    25.81%    passed      7.55%
 132  HUTCKLEAE97234      25.81%    failed      0.02%
 133  HUTCPSEPU104241     25.81%    passed     41.41%
 134  Q9ZC75YERPE105242   25.81%    passed     16.69%
 135  Q92MC8RHIME104241   25.81%    passed     57.46%
 136  Q8U9C9AGRT5104241   25.81%    passed     89.53%
 137  Q8XW27RALSO95232    25.81%    failed      4.91%
 138  Q87Q73VIBPA91228    25.81%    passed     15.77%
 139  Q8DA17VIBVU91228    25.81%    passed     12.74%
 140  Q9KSQ0VIBCH90227    25.81%    passed     54.88%
 141  Q987C4RHILO95232    25.81%    passed     97.43%
 142  Q930I2RHIME95233    25.27%    passed     50.83%
 143  Q92XP9RHIME95232    25.81%    passed     70.71%
 144  Q92XP3RHIME150287   25.81%    passed     93.61%
 145  Q8UIY1AGRT597234    25.81%    passed      6.50%
 146  Q92XB1RHIME87224    25.81%    passed     14.90%
 147  Q8YD07BRUME100237   25.81%    passed      9.46%
 148  Q983I3RHILO99236    25.81%    failed      3.36%
 149  Q8U8Z4AGRT5101238   25.81%    passed     23.66%
 150  Q89GV0BRAJA97234    25.81%    failed      4.48%
 151  Q9A9L8CAUCR89226    25.81%    passed      6.12%
 152  Q8PLZ5XANAC91228    25.81%    passed     26.81%
 153  Q8KST2STRMU88227    24.73%    failed      0.09%
 154  Q99XQ3STRPY88227    24.73%    failed      1.08%
 155  Q8DNI5STRR688227    24.73%    failed      0.57%
 156  Q9CID8LACLA88228    24.19%    passed     20.59%
 157  Q82ZB0ENTFA88227    24.73%    passed     53.48%
 158  Q92CF1LISIN91229    25.27%    passed     56.81%
 159  Q9KEH9BACHD89228    24.73%    passed     18.71%
 160  TRERBACSU90229      24.73%    passed     26.79%
 161  Q8XMX5CLOPE89228    24.73%    failed      1.33%
 162  Q88ZP6LACPL88229    23.66%    passed     52.85%
 163  Q8GLN3PSEFL88221    27.96%    passed     35.88%
 164  Q9F8X4PSEFL88227    24.73%    failed      3.10%
 165  Q81V70BACAN89228    24.73%    failed      0.25%
 166  Q7NSW7CHRVO88227    24.73%    passed     64.71%
 167  Q88TL8LACPL94232    25.27%    passed      6.24%
 168  Q99WC7STAAM91232    23.66%    failed      0.26%
 169  Q835X6ENTFA89228    24.73%    passed     13.05%
 170  Q92ER8LISIN90229    24.73%    failed      0.68%
 171  Q88U65LACPL93232    24.73%    passed     14.72%
 172  Q8CUZ0OCEIH90231    23.66%    failed      0.01%
 173  O50196LACRH92233    23.66%    passed     31.06%
 174  Q8UAT7AGRT593228    26.88%    passed     18.06%
 175  Q7WAI8BORPA96234    25.27%    passed     56.24%
 176  YIHLECOLI91231      24.19%    passed     13.73%
****  TOTAL               24.91%  41 sequences failed composition chi2 test (p-value<5%; df=19)

Create initial parsimony tree by phylogenetic likelihood library (PLL)... 0.060 seconds
Generating 1000 samples for ultrafast bootstrap (seed: 974362)...

NOTE: 6 MB RAM (0 GB) is required!
Measuring multi-threading efficiency up to 8 CPU cores
Increase to 10 rounds for branch lengths
34 trees examined
Threads: 1 / Time: 8.222 sec / Speedup: 1.000 / Efficiency: 100% / LogL: -59392
Threads: 2 / Time: 5.443 sec / Speedup: 1.511 / Efficiency: 76% / LogL: -59392
Threads: 3 / Time: 4.395 sec / Speedup: 1.871 / Efficiency: 62% / LogL: -59392
Threads: 4 / Time: 4.421 sec / Speedup: 1.860 / Efficiency: 46% / LogL: -59392
BEST NUMBER OF THREADS: 3

Estimate model parameters (epsilon = 0.100)
1. Initial log-likelihood: -49204.046
2. Current log-likelihood: -48511.009
3. Current log-likelihood: -48503.447
4. Current log-likelihood: -48500.705
5. Current log-likelihood: -48498.014
6. Current log-likelihood: -48495.367
7. Current log-likelihood: -48494.430
Optimal log-likelihood: -48494.421
Proportion of invariable sites: 0.000
Parameters optimization took 7 rounds (0.487 sec)
Computing ML distances based on estimated model parameters... 2.976 sec
Computing BIONJ tree...
0.030 seconds
Log-likelihood of BIONJ tree: -48287.583
--------------------------------------------------------------------
|             INITIALIZING CANDIDATE TREE SET                      |
--------------------------------------------------------------------
Generating 98 parsimony trees... 7.305 second
Computing log-likelihood of 98 initial trees ... 3.103 seconds
Current best score: -48287.583

Do NNI search on 20 best initial trees
Estimate model parameters (epsilon = 0.100)
BETTER TREE FOUND at iteration 1: -48160.211
Iteration 10 / LogL: -48282.507 / Time: 0h:0m:42s
Iteration 20 / LogL: -48333.400 / Time: 0h:0m:51s
Finish initializing candidate tree set (20)
Current best tree score: -48160.211 / CPU time: 26.855
Number of iterations: 20
--------------------------------------------------------------------
|               OPTIMIZING CANDIDATE TREE SET                      |
--------------------------------------------------------------------
Estimate model parameters (epsilon = 0.100)
BETTER TREE FOUND at iteration 26: -48154.424
Estimate model parameters (epsilon = 0.100)
BETTER TREE FOUND at iteration 27: -48145.015
Iteration 30 / LogL: -48165.601 / Time: 0h:0m:58s (0h:3m:13s left)
Estimate model parameters (epsilon = 0.100)
BETTER TREE FOUND at iteration 34: -48134.450
Iteration 40 / LogL: -48137.866 / Time: 0h:1m:3s (0h:2m:32s left)
Estimate model parameters (epsilon = 0.100)
BETTER TREE FOUND at iteration 41: -48128.832
Estimate model parameters (epsilon = 0.100)
BETTER TREE FOUND at iteration 50: -48124.718
Iteration 50 / LogL: -48124.718 / Time: 0h:1m:9s (0h:2m:20s left)
Log-likelihood cutoff on original alignment: -48265.659
Estimate model parameters (epsilon = 0.100)
BETTER TREE FOUND at iteration 51: -48123.491
Iteration 60 / LogL: -48139.112 / Time: 0h:1m:15s (0h:1m:55s left)
Iteration 70 / LogL: -48130.393 / Time: 0h:1m:20s (0h:1m:34s left)
Estimate model parameters (epsilon = 0.100)
BETTER TREE FOUND at iteration 74: -48122.233
Iteration 80 / LogL: -48129.268 / Time: 0h:1m:25s (0h:1m:41s left)
Estimate model parameters (epsilon = 0.100)
BETTER TREE FOUND at iteration 82: -48122.029
Estimate model parameters (epsilon = 0.100)
BETTER TREE FOUND at iteration 89: -48121.077
Iteration 90 / LogL: -48127.993 / Time: 0h:1m:31s (0h:1m:40s left)
Iteration 100 / LogL: -48123.706 / Time: 0h:1m:35s (0h:1m:25s left)
Log-likelihood cutoff on original alignment: -48265.659
NOTE: Bootstrap correlation coefficient of split occurrence frequencies: 0.989
NOTE: UFBoot does not converge, continue at least 100 more iterations
Estimate model parameters (epsilon = 0.100)
BETTER TREE FOUND at iteration 105: -48115.487
Iteration 110 / LogL: -48127.838 / Time: 0h:1m:42s (0h:1m:28s left)
Iteration 120 / LogL: -48118.459 / Time: 0h:1m:47s (0h:1m:16s left)
Estimate model parameters (epsilon = 0.100)
BETTER TREE FOUND at iteration 125: -48113.921
Iteration 130 / LogL: -48118.544 / Time: 0h:1m:53s (0h:1m:23s left)
Estimate model parameters (epsilon = 0.100)
BETTER TREE FOUND at iteration 136: -48113.832
Iteration 140 / LogL: -48114.411 / Time: 0h:1m:58s (0h:1m:21s left)
Estimate model parameters (epsilon = 0.100)
BETTER TREE FOUND at iteration 149: -48113.161
Iteration 150 / LogL: -48120.847 / Time: 0h:2m:3s (0h:1m:21s left)
Log-likelihood cutoff on original alignment: -48265.659
Iteration 160 / LogL: -48117.542 / Time: 0h:2m:9s (0h:1m:12s left)
Iteration 170 / LogL: -48120.424 / Time: 0h:2m:14s (0h:1m:2s left)
Iteration 180 / LogL: -48116.501 / Time: 0h:2m:19s (0h:0m:53s left)
Iteration 190 / LogL: -48123.064 / Time: 0h:2m:24s (0h:0m:45s left)
Iteration 200 / LogL: -48119.000 / Time: 0h:2m:30s (0h:0m:36s left)
Log-likelihood cutoff on original alignment: -48265.659
NOTE: Bootstrap correlation coefficient of split occurrence frequencies: 0.973
NOTE: UFBoot does not converge, continue at least 100 more iterations
Iteration 210 / LogL: -48114.430 / Time: 0h:2m:36s (0h:1m:7s left)
Iteration 220 / LogL: -48119.612 / Time: 0h:2m:41s (0h:0m:58s left)
Iteration 230 / LogL: -48114.195 / Time: 0h:2m:46s (0h:0m:50s left)
Iteration 240 / LogL: -48116.325 / Time: 0h:2m:51s (0h:0m:42s left)
Iteration 250 / LogL: -48122.507 / Time: 0h:2m:56s (0h:0m:35s left)
Log-likelihood cutoff on original alignment: -48265.659
Iteration 260 / LogL: -48115.758 / Time: 0h:3m:2s (0h:0m:28s left)
Iteration 270 / LogL: -48114.230 / Time: 0h:3m:7s (0h:0m:20s left)
Iteration 280 / LogL: -48120.335 / Time: 0h:3m:12s (0h:0m:13s left)
Iteration 290 / LogL: -48123.341 / Time: 0h:3m:17s (0h:0m:6s left)
Estimate model parameters (epsilon = 0.100)
BETTER TREE FOUND at iteration 295: -48112.170
Iteration 300 / LogL: -48121.794 / Time: 0h:3m:23s (0h:1m:4s left)
Log-likelihood cutoff on original alignment: -48265.659
NOTE: Bootstrap correlation coefficient of split occurrence frequencies: 0.996
Iteration 310 / LogL: -48115.808 / Time: 0h:3m:29s (0h:1m:0s left)
Iteration 320 / LogL: -48122.348 / Time: 0h:3m:34s (0h:0m:53s left)
Iteration 330 / LogL: -48113.717 / Time: 0h:3m:39s (0h:0m:46s left)
Iteration 340 / LogL: -48116.115 / Time: 0h:3m:45s (0h:0m:39s left)
Iteration 350 / LogL: -48113.016 / Time: 0h:3m:50s (0h:0m:32s left)
Log-likelihood cutoff on original alignment: -48265.659
Iteration 360 / LogL: -48120.241 / Time: 0h:3m:56s (0h:0m:26s left)
Iteration 370 / LogL: -48136.316 / Time: 0h:4m:2s (0h:0m:19s left)
Iteration 380 / LogL: -48136.525 / Time: 0h:4m:7s (0h:0m:13s left)
Iteration 390 / LogL: -48120.928 / Time: 0h:4m:13s (0h:0m:6s left)
TREE SEARCH COMPLETED AFTER 396 ITERATIONS / Time: 0h:4m:16s

--------------------------------------------------------------------
|                    FINALIZING TREE SEARCH                        |
--------------------------------------------------------------------
Performs final model parameters optimization
Estimate model parameters (epsilon = 0.010)
1. Initial log-likelihood: -48112.170
Optimal log-likelihood: -48112.169
Proportion of invariable sites: 0.000
Parameters optimization took 1 rounds (0.072 sec)
BEST SCORE FOUND : -48112.169
Creating bootstrap support values...
Split supports printed to NEXUS file /csm_data/spielman_lab/dms_modelselection/pandit_aa_alignments/PF07702.fasta.splits.nex
Total tree length: 126.254

Total number of iterations: 396
CPU time used for tree search: 670.809 sec (0h:11m:10s)
Wall-clock time used for tree search: 232.138 sec (0h:3m:52s)
Total CPU time used: 743.859 sec (0h:12m:23s)
Total wall-clock time used: 257.274 sec (0h:4m:17s)

Computing bootstrap consensus tree...
Reading input file /csm_data/spielman_lab/dms_modelselection/pandit_aa_alignments/PF07702.fasta.splits.nex...
176 taxa and 1420 splits.
Consensus tree written to /csm_data/spielman_lab/dms_modelselection/pandit_aa_alignments/PF07702.fasta.contree
Reading input trees file /csm_data/spielman_lab/dms_modelselection/pandit_aa_alignments/PF07702.fasta.contree
Log-likelihood of consensus tree: -48112.375

Analysis results written to: 
  IQ-TREE report:                /csm_data/spielman_lab/dms_modelselection/pandit_aa_alignments/PF07702.fasta.iqtree
  Maximum-likelihood tree:       /csm_data/spielman_lab/dms_modelselection/pandit_aa_alignments/PF07702.fasta.treefile
  Likelihood distances:          /csm_data/spielman_lab/dms_modelselection/pandit_aa_alignments/PF07702.fasta.mldist

Ultrafast bootstrap approximation results written to:
  Split support values:          /csm_data/spielman_lab/dms_modelselection/pandit_aa_alignments/PF07702.fasta.splits.nex
  Consensus tree:                /csm_data/spielman_lab/dms_modelselection/pandit_aa_alignments/PF07702.fasta.contree
  Screen log file:               /csm_data/spielman_lab/dms_modelselection/pandit_aa_alignments/PF07702.fasta.log

Date and Time: Fri Jun 14 22:06:37 2019
