IQ-TREE multicore version 1.6.7 for Linux 64-bit built Aug 23 2018
Developed by Bui Quang Minh, Nguyen Lam Tung, Olga Chernomor,
Heiko Schmidt, Dominik Schrempf, Michael Woodhams.

Host:    csm-com-006 (AVX2, FMA3, 62 GB RAM)
Command: iqtree -quiet -nt AUTO -ntmax 8 -m Poisson -s /csm_data/spielman_lab/aa_phylo_fit_topology//simulations/alignments/1IBS_ruhfel_rep6_AA.fasta -st AA -redo -bb 1000
Seed:    653700 (Using SPRNG - Scalable Parallel Random Number Generator)
Time:    Fri Nov  1 14:46:38 2019
Kernel:  AVX+FMA - auto-detect threads (48 CPU cores detected)

Reading alignment file /csm_data/spielman_lab/aa_phylo_fit_topology//simulations/alignments/1IBS_ruhfel_rep6_AA.fasta ... Fasta format detected
Alignment most likely contains protein sequences
Alignment has 360 sequences with 291 columns, 232 distinct patterns
175 parsimony-informative, 41 singleton sites, 74 constant sites
                                  Gap/Ambiguity  Composition  p-value
   1  Abies_firma                         0.00%    passed    100.00%
   2  Abolboda_macrostachya               0.00%    passed    100.00%
   3  Cyperus_alternifolius               0.00%    passed    100.00%
   4  Juncus_effusus                      0.00%    passed     99.92%
   5  Thurnia_sphaerocephala              0.00%    passed    100.00%
   6  Acidosasa_purpurea                  0.00%    passed    100.00%
   7  Ferrocalamus_rimosivaginus          0.00%    passed    100.00%
   8  Indocalamus_longiauritus            0.00%    passed    100.00%
   9  Phyllostachys_edulis                0.00%    passed    100.00%
  10  Phyllostachys_nigra                 0.00%    passed    100.00%
  11  Phyllostachys_propinqua             0.00%    passed    100.00%
  12  Bambusa_emeiensis                   0.00%    passed    100.00%
  13  Bambusa_oldhamii                    0.00%    passed    100.00%
  14  Dendrocalamus_latiflorus            0.00%    passed    100.00%
  15  Agrostis_stolonifera                0.00%    passed    100.00%
  16  Festuca_arundinacea                 0.00%    passed     99.99%
  17  Lolium_perenne                      0.00%    passed    100.00%
  18  Hordeum_vulgare                     0.00%    passed    100.00%
  19  Triticum_aestivum                   0.00%    passed    100.00%
  20  Brachypodium_distachyon             0.00%    passed    100.00%
  21  Leersia_tisserantii                 0.00%    passed    100.00%
  22  Oryza_australiensis                 0.00%    passed    100.00%
  23  Oryza_meridionalis                  0.00%    passed    100.00%
  24  Oryza_rufipogonB                    0.00%    passed    100.00%
  25  Oryza_nivara                        0.00%    passed    100.00%
  26  Oryza_rufipogonA                    0.00%    passed    100.00%
  27  Oryza_sativaIndica                  0.00%    passed    100.00%
  28  Oryza_sativaJaponica                0.00%    passed    100.00%
  29  Potamophila_parviflora              0.00%    passed    100.00%
  30  Rhynchoryza_subulata                0.00%    passed    100.00%
  31  Microlaena_stipoides                0.00%    passed    100.00%
  32  Coix_lacryma                        0.00%    passed    100.00%
  33  Saccharum_hybrid310                 0.00%    passed    100.00%
  34  Sorghum_bicolor                     0.00%    passed    100.00%
  35  Zea_mays                            0.00%    passed    100.00%
  36  Panicum_virgatum                    0.00%    passed    100.00%
  37  Eleusine_coracana                   0.00%    passed    100.00%
  38  Puelia_olyriformis                  0.00%    passed    100.00%
  39  Anomochloa_marantoidea              0.00%    passed    100.00%
  40  Streptochaeta_angustifolia          0.00%    passed    100.00%
  41  Ecdeiocolea_monostachya             0.00%    passed    100.00%
  42  Georgeantha_hexandra                0.00%    passed    100.00%
  43  Joinvillea_ascendens                0.00%    passed    100.00%
  44  Flagellaria_indica                  0.00%    passed    100.00%
  45  Centrolepis_monogyna                0.00%    passed    100.00%
  46  Thamnochortus_insignis              0.00%    passed    100.00%
  47  Mayaca_fluviatilis                  0.00%    passed    100.00%
  48  Syngonanthus_chrysanthus            0.00%    passed    100.00%
  49  Potarophytum_riparium               0.00%    passed    100.00%
  50  Sparganium_eurycarpum               0.00%    passed    100.00%
  51  Typha_latifolia                     0.00%    passed    100.00%
  52  Brocchinia_micrantha                0.00%    passed    100.00%
  53  Fosterella_caulescens               0.00%    passed    100.00%
  54  Pitcairnia_feliciana                0.00%    passed    100.00%
  55  Neoregelia_carolinae                0.00%    passed    100.00%
  56  Puya_laxa                           0.00%    passed    100.00%
  57  Navia_saxicola                      0.00%    passed    100.00%
  58  Belosynapsis_ciliata                0.00%    passed    100.00%
  59  Tradescantia_ohiensis               0.00%    passed    100.00%
  60  Musa_acuminata                      0.00%    passed    100.00%
  61  Renealmia_alpinia                   0.00%    passed     99.98%
  62  Chamaedorea_seifrizii               0.00%    passed    100.00%
  63  Elaeis_oleifera                     0.00%    passed    100.00%
  64  Ravenea_hildebrandtii               0.00%    passed    100.00%
  65  Phoenix_dactylifera                 0.00%    passed    100.00%
  66  Dasypogon_bromeliifolius            0.00%    passed    100.00%
  67  Kingia_australis                    0.00%    passed    100.00%
  68  Agapanthus_praecox                  0.00%    passed    100.00%
  69  Albuca_kirkii                       0.00%    passed    100.00%
  70  Chlorophytum_rhizopendulum          0.00%    passed    100.00%
  71  Hesperaloe_parviflora               0.00%    passed    100.00%
  72  Yucca_schidigera                    0.00%    passed    100.00%
  73  Hosta_ventricosa                    0.00%    passed    100.00%
  74  Asparagus_officinalis               0.00%    passed    100.00%
  75  Lomandra_longifolia                 0.00%    passed    100.00%
  76  Nolina_atopocarpa                   0.00%    passed    100.00%
  77  Phormium_tenax                      0.00%    passed    100.00%
  78  Iris_virginica                      0.00%    passed    100.00%
  79  Curculigo_capitulata                0.00%    passed    100.00%
  80  Neoastelia_spectabilis              0.00%    passed    100.00%
  81  Apostasia_wallichii                 0.00%    passed    100.00%
  82  Neottia_nidus                       0.00%    passed    100.00%
  83  Rhizanthella_gardneri               0.00%    passed    100.00%
  84  Oncidium_Gower                      0.00%    passed    100.00%
  85  Phalaenopsis_aphrodite              0.00%    passed    100.00%
  86  Dioscorea_elephantipes              0.00%    passed    100.00%
  87  Pandanus_utilis                     0.00%    passed    100.00%
  88  Lilium_superbum                     0.00%    passed    100.00%
  89  Colocasia_esculenta                 0.00%    passed    100.00%
  90  Lemna_minor                         0.00%    passed    100.00%
  91  Wolffia_australiana                 0.00%    passed    100.00%
  92  Wolffiella_lingulata                0.00%    passed    100.00%
  93  Spirodela_polyrhiza                 0.00%    passed    100.00%
  94  Acorus_americanus                   0.00%    passed    100.00%
  95  Acorus_calamus                      0.00%    passed    100.00%
  96  Ceratophyllum_demersum              0.00%    passed    100.00%
  97  Piper_cenocladum                    0.00%    passed    100.00%
  98  Aethionema_cordifolium              0.00%    passed    100.00%
  99  Aethionema_grandiflorum             0.00%    passed    100.00%
 100  Arabidopsis_thaliana                0.00%    passed    100.00%
 101  Capsella_bursa                      0.00%    passed    100.00%
 102  Olimarabidopsis_pumila              0.00%    passed    100.00%
 103  Crucihimalaya_wallichii             0.00%    passed    100.00%
 104  Barbarea_verna                      0.00%    passed    100.00%
 105  Nasturtium_officinale               0.00%    passed    100.00%
 106  Lepidium_virginicum                 0.00%    passed    100.00%
 107  Arabis_hirsuta                      0.00%    passed    100.00%
 108  Draba_nemorosa                      0.00%    passed    100.00%
 109  Lobularia_maritima                  0.00%    passed    100.00%
 110  Carica_papaya                       0.00%    passed    100.00%
 111  Gossypium_arboreum                  0.00%    passed    100.00%
 112  Gossypium_herbaceum                 0.00%    passed    100.00%
 113  Gossypium_thurberi                  0.00%    passed    100.00%
 114  Gossypium_barbadense                0.00%    passed    100.00%
 115  Gossypium_tomentosum                0.00%    passed    100.00%
 116  Gossypium_darwinii                  0.00%    passed    100.00%
 117  Gossypium_hirsutum                  0.00%    passed    100.00%
 118  Gossypium_mustelinum                0.00%    passed    100.00%
 119  Gossypium_raimondii                 0.00%    passed    100.00%
 120  Theobroma_cacao                     0.00%    passed    100.00%
 121  Citrus_sinensis                     0.00%    passed    100.00%
 122  Staphylea_colchica                  0.00%    passed    100.00%
 123  Bulnesia_arborea                    0.00%    passed    100.00%
 124  Erodium_carvifolium                 0.00%    passed    100.00%
 125  Erodium_texanum                     0.00%    passed    100.00%
 126  Geranium_palmatum                   0.00%    passed     99.99%
 127  Monsonia_speciosa                   0.00%    passed    100.00%
 128  Pelargonium_x                       0.00%    passed    100.00%
 129  Eucalyptus_globulus                 0.00%    passed    100.00%
 130  Eucalyptus_grandis                  0.00%    passed    100.00%
 131  Oenothera_argillicola               0.00%    passed    100.00%
 132  Oenothera_parviflora                0.00%    passed    100.00%
 133  Oenothera_biennis                   0.00%    passed    100.00%
 134  Oenothera_elata                     0.00%    passed    100.00%
 135  Oenothera_glazioviana               0.00%    passed    100.00%
 136  Castanea_mollissima                 0.00%    passed    100.00%
 137  Quercus_nigra                       0.00%    passed    100.00%
 138  Ficus_sp                            0.00%    passed    100.00%
 139  Morus_indica                        0.00%    passed    100.00%
 140  Fragaria_vesca                      0.00%    passed    100.00%
 141  Pentactina_rupicola                 0.00%    passed    100.00%
 142  Pyrus_pyrifolia                     0.00%    passed    100.00%
 143  Prunus_persica                      0.00%    passed    100.00%
 144  Cicer_arietinum                     0.00%    passed    100.00%
 145  Lathyrus_sativus                    0.00%    passed    100.00%
 146  Pisum_sativum                       0.00%    passed    100.00%
 147  Trifolium_subterraneum              0.00%    passed    100.00%
 148  Medicago_truncatula                 0.00%    passed    100.00%
 149  Lotus_japonicus                     0.00%    passed    100.00%
 150  Glycine_max                         0.00%    passed    100.00%
 151  Phaseolus_vulgaris                  0.00%    passed    100.00%
 152  Vigna_radiata                       0.00%    passed    100.00%
 153  Millettia_pinnata                   0.00%    passed    100.00%
 154  Corynocarpus_laevigata              0.00%    passed    100.00%
 155  Cucumis_melo                        0.00%    passed    100.00%
 156  Cucumis_sativus                     0.00%    passed    100.00%
 157  Euonymus_americanus                 0.00%    passed    100.00%
 158  Oxalis_latifolia                    0.00%    passed    100.00%
 159  Hevea_brasiliensis                  0.00%    passed    100.00%
 160  Manihot_esculenta                   0.00%    passed    100.00%
 161  Ricinus_communis                    0.00%    passed    100.00%
 162  Jatropha_curcas                     0.00%    passed    100.00%
 163  Passiflora_biflora                  0.00%    passed    100.00%
 164  Populus_alba                        0.00%    passed    100.00%
 165  Populus_trichocarpa                 0.00%    passed    100.00%
 166  Heuchera_sanguinea                  0.00%    passed    100.00%
 167  Liquidambar_styraciflua             0.00%    passed    100.00%
 168  Vitis_vinifera                      0.00%    passed    100.00%
 169  Dillenia_indica                     0.00%    passed    100.00%
 170  Ageratina_adenophora                0.00%    passed    100.00%
 171  Helianthus_annuus                   0.00%    passed    100.00%
 172  Parthenium_argentatum               0.00%    passed    100.00%
 173  Guizotia_abyssinica                 0.00%    passed    100.00%
 174  Jacobaea_vulgaris                   0.00%    passed    100.00%
 175  Lactuca_sativa                      0.00%    passed    100.00%
 176  Scaevola_aemula                     0.00%    passed    100.00%
 177  Trachelium_caeruleum                0.00%    passed     99.99%
 178  Anethum_graveolens                  0.00%    passed    100.00%
 179  Petroselinum_crispum                0.00%    passed    100.00%
 180  Crithmum_maritimum                  0.00%    passed    100.00%
 181  Anthriscus_cerefolium               0.00%    passed    100.00%
 182  Daucus_carota                       0.00%    passed    100.00%
 183  Oxypolis_greenmanii                 0.00%    passed    100.00%
 184  Eleutherococcus_senticosus          0.00%    passed    100.00%
 185  Panax_ginseng                       0.00%    passed    100.00%
 186  Hydrocotyle_sp                      0.00%    passed    100.00%
 187  Lonicera_japonica                   0.00%    passed    100.00%
 188  Ilex_cornuta                        0.00%    passed    100.00%
 189  Antirrhinum_majus                   0.00%    passed    100.00%
 190  Epifagus_virginiana                 0.00%    passed    100.00%
 191  Boea_hygrometrica                   0.00%    passed    100.00%
 192  Sesamum_indicum                     0.00%    passed    100.00%
 193  Jasminum_nudiflorum                 0.00%    passed     99.99%
 194  Olea_europaeacuspi                  0.00%    passed    100.00%
 195  Olea_europaeaeuro                   0.00%    passed    100.00%
 196  Olea_europaeamaro                   0.00%    passed    100.00%
 197  Olea_woodiana                       0.00%    passed    100.00%
 198  Atropa_belladonna                   0.00%    passed    100.00%
 199  Solanum_bulbocastanum               0.00%    passed    100.00%
 200  Solanum_tuberosum                   0.00%    passed    100.00%
 201  Solanum_lycopersicum                0.00%    passed    100.00%
 202  Nicotiana_sylvestris                0.00%    passed    100.00%
 203  Nicotiana_tabacum                   0.00%    passed    100.00%
 204  Nicotiana_tomentosiformis           0.00%    passed    100.00%
 205  Nicotiana_undulata                  0.00%    passed    100.00%
 206  Cuscuta_exaltata                    0.00%    passed    100.00%
 207  Cuscuta_reflexa                     0.00%    passed    100.00%
 208  Cuscuta_gronovii                    0.00%    passed    100.00%
 209  Cuscuta_obtusiflora                 0.00%    passed    100.00%
 210  Ipomoea_purpurea                    0.00%    passed    100.00%
 211  Coffea_arabica                      0.00%    passed    100.00%
 212  Nerium_oleander                     0.00%    passed    100.00%
 213  Ehretia_acuminata                   0.00%    passed    100.00%
 214  Aucuba_japonica                     0.00%    passed    100.00%
 215  Arbutus_unedo                       0.00%    passed    100.00%
 216  Rhododendron_simsii                 0.00%    passed    100.00%
 217  Franklinia_alatamaha                0.00%    passed    100.00%
 218  Cornus_florida                      0.00%    passed    100.00%
 219  Davidia_involucrata                 0.00%    passed    100.00%
 220  Anredera_baselloides                0.00%    passed    100.00%
 221  Blossfeldia_liliputana              0.00%    passed    100.00%
 222  Weingartia_kargliana                0.00%    passed    100.00%
 223  Opuntia_decumbens                   0.00%    passed    100.00%
 224  Pereskiopsis_diguetii               0.00%    passed    100.00%
 225  Maihuenia_poeppigii                 0.00%    passed    100.00%
 226  Pereskia_sacharosa                  0.00%    passed    100.00%
 227  Portulaca_oleracea                  0.00%    passed    100.00%
 228  Didierea_madagascariensis           0.00%    passed    100.00%
 229  Portulacaria_afra                   0.00%    passed    100.00%
 230  Mollugo_verticillata                0.00%    passed    100.00%
 231  Silene_conica                       0.00%    passed    100.00%
 232  Silene_noctiflora                   0.00%    passed    100.00%
 233  Silene_latifolia                    0.00%    passed    100.00%
 234  Silene_vulgaris                     0.00%    passed    100.00%
 235  Spinacia_oleracea                   0.00%    passed    100.00%
 236  Fagopyrum_esculentum                0.00%    passed    100.00%
 237  Plumbago_auriculata                 0.00%    passed    100.00%
 238  Berberidopsis_corallina             0.00%    passed    100.00%
 239  Phoradendron_serotinum              0.00%    passed    100.00%
 240  Ximenia_americana                   0.00%    passed    100.00%
 241  Gunnera_manicata                    0.00%    passed    100.00%
 242  Buxus_microphylla                   0.00%    passed    100.00%
 243  Trochodendron_aralioides            0.00%    passed    100.00%
 244  Meliosma_aff_cuneifolia             0.00%    passed    100.00%
 245  Nelumbo_lutea                       0.00%    passed    100.00%
 246  Nelumbo_nuciferaNC                  0.00%    passed    100.00%
 247  Platanus_occidentalis               0.00%    passed    100.00%
 248  Megaleranthis_saniculifolia         0.00%    passed    100.00%
 249  Ranunculus_macranthus               0.00%    passed    100.00%
 250  Nandina_domestica                   0.00%    passed    100.00%
 251  Calycanthus_floridus                0.00%    passed    100.00%
 252  Liriodendron_tulipifera             0.00%    passed    100.00%
 253  Magnolia_kwangsiensis               0.00%    passed    100.00%
 254  Drimys_granadensis                  0.00%    passed    100.00%
 255  Chloranthus_spicatus                0.00%    passed    100.00%
 256  Illicium_oligandrum                 0.00%    passed    100.00%
 257  Nuphar_advena                       0.00%    passed    100.00%
 258  Nymphaea_alba                       0.00%    passed    100.00%
 259  Amborella_trichopoda                0.00%    passed    100.00%
 260  Adiantum_capillus                   0.00%    passed     99.85%
 261  Cheilanthes_lindheimeri             0.00%    passed     99.95%
 262  Pteridium_aquilinum                 0.00%    passed     99.95%
 263  Alsophila_spinulosa                 0.00%    passed     99.96%
 264  Angiopteris_evecta                  0.00%    passed     99.97%
 265  Equisetum_arvense                   0.00%    passed     99.99%
 266  Psilotum_nudum                      0.00%    passed     99.98%
 267  Aneura_mirabilis                    0.00%    passed     99.53%
 268  Ptilidium_pulcherrimum              0.00%    passed     99.99%
 269  Marchantia_polymorpha               0.00%    passed    100.00%
 270  Physcomitrella_patens               0.00%    passed    100.00%
 271  Syntrichia_ruralis                  0.00%    passed    100.00%
 272  Bryopsis_hypnoides                  0.00%    passed     99.34%
 273  Chlamydomonas_reinhardtii           0.00%    passed     91.45%
 274  Volvox_carteri                      0.00%    passed     88.59%
 275  Dunaliella_salina                   0.00%    passed     97.75%
 276  Scenedesmus_obliquus                0.00%    passed     95.61%
 277  Floydiella_terrestris               0.00%    passed     97.47%
 278  Schizomeris_leibleinii              0.00%    passed     95.20%
 279  Stigeoclonium_helveticum            0.00%    passed     93.60%
 280  Oedogonium_cardiacum                0.00%    passed     95.70%
 281  Chlorella_variabilis                0.00%    passed     95.91%
 282  Chlorella_vulgaris                  0.00%    passed     97.05%
 283  Parachlorella_kessleri              0.00%    passed     98.77%
 284  Helicosporidium_sp                  0.00%    passed     88.47%
 285  Pedinomonas_minor                   0.00%    passed     97.37%
 286  Oltmannsiellopsis_viridis           0.00%    passed     80.16%
 287  Pseudendoclonium_akinetum           0.00%    passed     96.39%
 288  Coccomyxa_sp                        0.00%    passed     95.31%
 289  Leptosira_terrestris                0.00%    passed     97.23%
 290  Oocystis_solitaria                  0.00%    passed     99.54%
 291  Micromonas_pusilla                  0.00%    passed     80.19%
 292  Micromonas_sp                       0.00%    passed     84.75%
 293  Ostreococcus_tauri                  0.00%    passed     91.59%
 294  Monomastix_sp                       0.00%    passed     95.91%
 295  Pyramimonas_parkeae                 0.00%    passed     96.19%
 296  Pycnococcus_provasolii              0.00%    passed     86.32%
 297  Nephroselmis_olivacea               0.00%    passed     92.95%
 298  Chlorokybus_atmophyticus            0.00%    passed     87.24%
 299  Mesostigma_viride                   0.00%    passed     91.63%
 300  Chara_vulgaris                      0.00%    passed     93.72%
 301  Chaetosphaeridium_globosum          0.00%    passed     99.14%
 302  Staurastrum_punctulatum             0.00%    passed     98.65%
 303  Zygnema_circumcarinatum             0.00%    passed     99.98%
 304  Anthoceros_formosae                 0.00%    passed    100.00%
 305  Huperzia_lucidula                   0.00%    passed    100.00%
 306  Isoetes_flaccida                    0.00%    passed    100.00%
 307  Selaginella_moellendorffii          0.00%    passed     98.35%
 308  Selaginella_uncinata                0.00%    passed     97.66%
 309  Cycas_micronesica                   0.00%    passed    100.00%
 310  Cycas_taitungensis                  0.00%    passed    100.00%
 311  Ginkgo_biloba                       0.00%    passed    100.00%
 312  Agathis_australis                   0.00%    passed    100.00%
 313  Halocarpus_kirkii                   0.00%    passed     99.99%
 314  Podocarpus_totara                   0.00%    passed    100.00%
 315  Cephalotaxus_wilsoniana             0.00%    passed    100.00%
 316  Cryptomeria_japonica                0.00%    passed    100.00%
 317  Taiwania_cryptomerioides            0.00%    passed    100.00%
 318  Ephedra_equisetina                  0.00%    passed    100.00%
 319  Gnetum_parvifolium                  0.00%    passed     95.62%
 320  Welwitschia_mirabilis               0.00%    passed     99.96%
 321  Cedrus_deodaraNC                    0.00%    passed    100.00%
 322  Cathaya_argyrophylla                0.00%    passed    100.00%
 323  Pinus_albicaulis                    0.00%    passed    100.00%
 324  Pinus_armandii                      0.00%    passed    100.00%
 325  Pinus_cembra                        0.00%    passed    100.00%
 326  Pinus_sibirica                      0.00%    passed    100.00%
 327  Pinus_koraiensis                    0.00%    passed    100.00%
 328  Pinus_lambertiana                   0.00%    passed    100.00%
 329  Pinus_parviflora_var_pentaphylla    0.00%    passed    100.00%
 330  Pinus_monticola                     0.00%    passed    100.00%
 331  Pinus_peuce                         0.00%    passed    100.00%
 332  Pinus_ayacahuite                    0.00%    passed    100.00%
 333  Pinus_flexilis                      0.00%    passed    100.00%
 334  Pinus_strobus                       0.00%    passed    100.00%
 335  Pinus_krempfii                      0.00%    passed    100.00%
 336  Pinus_gerardiana                    0.00%    passed    100.00%
 337  Pinus_squamata                      0.00%    passed    100.00%
 338  Pinus_aristata                      0.00%    passed    100.00%
 339  Pinus_nelsonii                      0.00%    passed    100.00%
 340  Pinus_monophylla                    0.00%    passed    100.00%
 341  Pinus_rzedowskii                    0.00%    passed    100.00%
 342  Pinus_attenuata                     0.00%    passed    100.00%
 343  Pinus_leiophylla_var_chihuahuana    0.00%    passed    100.00%
 344  Pinus_taeda                         0.00%    passed    100.00%
 345  Pinus_ponderosa                     0.00%    passed    100.00%
 346  Pinus_torreyana_subsp_insularis     0.00%    passed    100.00%
 347  Pinus_torreyana_subsp_torreyana     0.00%    passed    100.00%
 348  Pinus_banksiana                     0.00%    passed    100.00%
 349  Pinus_contorta                      0.00%    passed    100.00%
 350  Pinus_canariensis                   0.00%    passed    100.00%
 351  Pinus_pinaster                      0.00%    passed    100.00%
 352  Pinus_merkusii                      0.00%    passed    100.00%
 353  Pinus_resinosa                      0.00%    passed    100.00%
 354  Pinus_thunbergiiNC                  0.00%    passed    100.00%
 355  Picea_morrisonicola                 0.00%    passed    100.00%
 356  Picea_sitchensis                    0.00%    passed    100.00%
 357  Larix_decidua                       0.00%    passed    100.00%
 358  Larix_occidentalis                  0.00%    passed    100.00%
 359  Pseudotsuga_sinensis                0.00%    passed    100.00%
 360  Keteleeria_davidiana                0.00%    passed    100.00%
****  TOTAL                               0.00%  0 sequences failed composition chi2 test (p-value<5%; df=18)
NOTE: Ferrocalamus_rimosivaginus is identical to Acidosasa_purpurea but kept for subsequent analysis
NOTE: Bambusa_oldhamii is identical to Bambusa_emeiensis but kept for subsequent analysis
NOTE: Oryza_meridionalis is identical to Oryza_australiensis but kept for subsequent analysis
NOTE: Saccharum_hybrid310 is identical to Coix_lacryma but kept for subsequent analysis
NOTE: Joinvillea_ascendens is identical to Puelia_olyriformis but kept for subsequent analysis
NOTE: Typha_latifolia is identical to Sparganium_eurycarpum but kept for subsequent analysis
NOTE: Fosterella_caulescens is identical to Brocchinia_micrantha but kept for subsequent analysis
NOTE: Elaeis_oleifera is identical to Chamaedorea_seifrizii but kept for subsequent analysis
NOTE: Hesperaloe_parviflora is identical to Chlorophytum_rhizopendulum but kept for subsequent analysis
NOTE: Acorus_calamus is identical to Acorus_americanus but kept for subsequent analysis
NOTE: Arabidopsis_thaliana is identical to Aethionema_cordifolium but kept for subsequent analysis
NOTE: Gossypium_herbaceum is identical to Gossypium_arboreum but kept for subsequent analysis
NOTE: Eucalyptus_grandis is identical to Eucalyptus_globulus but kept for subsequent analysis
NOTE: Oenothera_parviflora is identical to Oenothera_argillicola but kept for subsequent analysis
NOTE: Quercus_nigra is identical to Castanea_mollissima but kept for subsequent analysis
NOTE: Pyrus_pyrifolia is identical to Pentactina_rupicola but kept for subsequent analysis
NOTE: Davidia_involucrata is identical to Corynocarpus_laevigata but kept for subsequent analysis
NOTE: Cucumis_sativus is identical to Cucumis_melo but kept for subsequent analysis
NOTE: Manihot_esculenta is identical to Hevea_brasiliensis but kept for subsequent analysis
NOTE: Populus_trichocarpa is identical to Populus_alba but kept for subsequent analysis
NOTE: Liquidambar_styraciflua is identical to Heuchera_sanguinea but kept for subsequent analysis
NOTE: Helianthus_annuus is identical to Ageratina_adenophora but kept for subsequent analysis
NOTE: Crithmum_maritimum is identical to Petroselinum_crispum but kept for subsequent analysis
NOTE: Panax_ginseng is identical to Eleutherococcus_senticosus but kept for subsequent analysis
NOTE: Olea_europaeaeuro is identical to Olea_europaeacuspi but kept for subsequent analysis
NOTE: Solanum_tuberosum is identical to Solanum_bulbocastanum but kept for subsequent analysis
NOTE: Portulaca_oleracea is identical to Anredera_baselloides but kept for subsequent analysis
NOTE: Pereskiopsis_diguetii is identical to Opuntia_decumbens but kept for subsequent analysis
NOTE: Silene_vulgaris is identical to Silene_latifolia but kept for subsequent analysis
NOTE: Cycas_taitungensis is identical to Cycas_micronesica but kept for subsequent analysis
NOTE: Pinus_armandii is identical to Pinus_albicaulis but kept for subsequent analysis
NOTE: Pinus_squamata is identical to Pinus_gerardiana but kept for subsequent analysis
NOTE: Pinus_leiophylla_var_chihuahuana is identical to Pinus_attenuata but kept for subsequent analysis
NOTE: Pinus_contorta is identical to Pinus_banksiana but kept for subsequent analysis
NOTE: Picea_sitchensis is identical to Picea_morrisonicola but kept for subsequent analysis
NOTE: Larix_occidentalis is identical to Larix_decidua but kept for subsequent analysis
NOTE: 74 identical sequences (see below) will be ignored for subsequent analysis
NOTE: Indocalamus_longiauritus (identical to Acidosasa_purpurea) is ignored but added at the end
NOTE: Phyllostachys_edulis (identical to Acidosasa_purpurea) is ignored but added at the end
NOTE: Phyllostachys_nigra (identical to Acidosasa_purpurea) is ignored but added at the end
NOTE: Phyllostachys_propinqua (identical to Acidosasa_purpurea) is ignored but added at the end
NOTE: Dendrocalamus_latiflorus (identical to Bambusa_emeiensis) is ignored but added at the end
NOTE: Hordeum_vulgare (identical to Bambusa_emeiensis) is ignored but added at the end
NOTE: Oryza_rufipogonB (identical to Oryza_australiensis) is ignored but added at the end
NOTE: Oryza_nivara (identical to Oryza_australiensis) is ignored but added at the end
NOTE: Oryza_rufipogonA (identical to Oryza_australiensis) is ignored but added at the end
NOTE: Oryza_sativaIndica (identical to Oryza_australiensis) is ignored but added at the end
NOTE: Oryza_sativaJaponica (identical to Oryza_australiensis) is ignored but added at the end
NOTE: Potamophila_parviflora (identical to Oryza_australiensis) is ignored but added at the end
NOTE: Rhynchoryza_subulata (identical to Oryza_australiensis) is ignored but added at the end
NOTE: Sorghum_bicolor (identical to Coix_lacryma) is ignored but added at the end
NOTE: Zea_mays (identical to Coix_lacryma) is ignored but added at the end
NOTE: Panicum_virgatum (identical to Coix_lacryma) is ignored but added at the end
NOTE: Eleusine_coracana (identical to Coix_lacryma) is ignored but added at the end
NOTE: Neoregelia_carolinae (identical to Brocchinia_micrantha) is ignored but added at the end
NOTE: Puya_laxa (identical to Brocchinia_micrantha) is ignored but added at the end
NOTE: Navia_saxicola (identical to Brocchinia_micrantha) is ignored but added at the end
NOTE: Ravenea_hildebrandtii (identical to Chamaedorea_seifrizii) is ignored but added at the end
NOTE: Phoenix_dactylifera (identical to Chamaedorea_seifrizii) is ignored but added at the end
NOTE: Yucca_schidigera (identical to Chlorophytum_rhizopendulum) is ignored but added at the end
NOTE: Hosta_ventricosa (identical to Chlorophytum_rhizopendulum) is ignored but added at the end
NOTE: Barbarea_verna (identical to Aethionema_cordifolium) is ignored but added at the end
NOTE: Nasturtium_officinale (identical to Aethionema_cordifolium) is ignored but added at the end
NOTE: Lobularia_maritima (identical to Aethionema_cordifolium) is ignored but added at the end
NOTE: Gossypium_thurberi (identical to Gossypium_arboreum) is ignored but added at the end
NOTE: Gossypium_tomentosum (identical to Gossypium_arboreum) is ignored but added at the end
NOTE: Gossypium_darwinii (identical to Gossypium_arboreum) is ignored but added at the end
NOTE: Gossypium_hirsutum (identical to Gossypium_arboreum) is ignored but added at the end
NOTE: Gossypium_mustelinum (identical to Gossypium_arboreum) is ignored but added at the end
NOTE: Gossypium_raimondii (identical to Gossypium_arboreum) is ignored but added at the end
NOTE: Oenothera_biennis (identical to Oenothera_argillicola) is ignored but added at the end
NOTE: Oenothera_elata (identical to Oenothera_argillicola) is ignored but added at the end
NOTE: Berberidopsis_corallina (identical to Corynocarpus_laevigata) is ignored but added at the end
NOTE: Buxus_microphylla (identical to Corynocarpus_laevigata) is ignored but added at the end
NOTE: Nelumbo_lutea (identical to Corynocarpus_laevigata) is ignored but added at the end
NOTE: Nelumbo_nuciferaNC (identical to Corynocarpus_laevigata) is ignored but added at the end
NOTE: Ricinus_communis (identical to Hevea_brasiliensis) is ignored but added at the end
NOTE: Vitis_vinifera (identical to Heuchera_sanguinea) is ignored but added at the end
NOTE: Parthenium_argentatum (identical to Ageratina_adenophora) is ignored but added at the end
NOTE: Guizotia_abyssinica (identical to Ageratina_adenophora) is ignored but added at the end
NOTE: Jacobaea_vulgaris (identical to Ageratina_adenophora) is ignored but added at the end
NOTE: Anthriscus_cerefolium (identical to Petroselinum_crispum) is ignored but added at the end
NOTE: Daucus_carota (identical to Petroselinum_crispum) is ignored but added at the end
NOTE: Olea_europaeamaro (identical to Olea_europaeacuspi) is ignored but added at the end
NOTE: Olea_woodiana (identical to Olea_europaeacuspi) is ignored but added at the end
NOTE: Solanum_lycopersicum (identical to Solanum_bulbocastanum) is ignored but added at the end
NOTE: Nicotiana_sylvestris (identical to Solanum_bulbocastanum) is ignored but added at the end
NOTE: Nicotiana_tabacum (identical to Solanum_bulbocastanum) is ignored but added at the end
NOTE: Nicotiana_undulata (identical to Solanum_bulbocastanum) is ignored but added at the end
NOTE: Didierea_madagascariensis (identical to Anredera_baselloides) is ignored but added at the end
NOTE: Pinus_cembra (identical to Pinus_albicaulis) is ignored but added at the end
NOTE: Pinus_sibirica (identical to Pinus_albicaulis) is ignored but added at the end
NOTE: Pinus_koraiensis (identical to Pinus_albicaulis) is ignored but added at the end
NOTE: Pinus_lambertiana (identical to Pinus_albicaulis) is ignored but added at the end
NOTE: Pinus_parviflora_var_pentaphylla (identical to Pinus_albicaulis) is ignored but added at the end
NOTE: Pinus_peuce (identical to Pinus_albicaulis) is ignored but added at the end
NOTE: Pinus_ayacahuite (identical to Pinus_albicaulis) is ignored but added at the end
NOTE: Pinus_flexilis (identical to Pinus_albicaulis) is ignored but added at the end
NOTE: Pinus_strobus (identical to Pinus_albicaulis) is ignored but added at the end
NOTE: Pinus_krempfii (identical to Pinus_albicaulis) is ignored but added at the end
NOTE: Pinus_aristata (identical to Pinus_albicaulis) is ignored but added at the end
NOTE: Pinus_nelsonii (identical to Pinus_albicaulis) is ignored but added at the end
NOTE: Pinus_monophylla (identical to Pinus_albicaulis) is ignored but added at the end
NOTE: Pinus_rzedowskii (identical to Pinus_albicaulis) is ignored but added at the end
NOTE: Pinus_taeda (identical to Pinus_attenuata) is ignored but added at the end
NOTE: Pinus_torreyana_subsp_insularis (identical to Pinus_attenuata) is ignored but added at the end
NOTE: Pinus_torreyana_subsp_torreyana (identical to Pinus_attenuata) is ignored but added at the end
NOTE: Pinus_canariensis (identical to Pinus_attenuata) is ignored but added at the end
NOTE: Pinus_pinaster (identical to Pinus_attenuata) is ignored but added at the end
NOTE: Pinus_resinosa (identical to Pinus_attenuata) is ignored but added at the end
NOTE: Pinus_thunbergiiNC (identical to Pinus_attenuata) is ignored but added at the end

For your convenience alignment with unique sequences printed to /csm_data/spielman_lab/aa_phylo_fit_topology//simulations/alignments/1IBS_ruhfel_rep6_AA.fasta.uniqueseq.phy
NOTE: State(s) W not present in alignment and thus removed from Markov process to prevent numerical problems
NOTE: 1 states (see above) are not present and thus removed from Markov process to prevent numerical problems

Create initial parsimony tree by phylogenetic likelihood library (PLL)... 0.072 seconds
Generating 1000 samples for ultrafast bootstrap (seed: 653700)...

NOTE: 12 MB RAM (0 GB) is required!
Measuring multi-threading efficiency up to 8 CPU cores
Increase to 10 rounds for branch lengths
23 trees examined
Threads: 1 / Time: 8.242 sec / Speedup: 1.000 / Efficiency: 100% / LogL: -28312
Threads: 2 / Time: 5.054 sec / Speedup: 1.631 / Efficiency: 82% / LogL: -28312
Threads: 3 / Time: 3.717 sec / Speedup: 2.217 / Efficiency: 74% / LogL: -28312
Threads: 4 / Time: 3.930 sec / Speedup: 2.097 / Efficiency: 52% / LogL: -28312
Threads: 5 / Time: 4.793 sec / Speedup: 1.719 / Efficiency: 34% / LogL: -28312
BEST NUMBER OF THREADS: 3

Estimate model parameters (epsilon = 0.100)
1. Initial log-likelihood: -11043.868
Optimal log-likelihood: -10808.992
Parameters optimization took 1 rounds (0.104 sec)
Computing ML distances based on estimated model parameters... 1.969 sec
Computing BIONJ tree...
0.076 seconds
Log-likelihood of BIONJ tree: -10916.830
--------------------------------------------------------------------
|             INITIALIZING CANDIDATE TREE SET                      |
--------------------------------------------------------------------
Generating 98 parsimony trees... 8.274 second
Computing log-likelihood of 98 initial trees ... 5.323 seconds
Current best score: -10787.274

Do NNI search on 20 best initial trees
Estimate model parameters (epsilon = 0.100)
BETTER TREE FOUND at iteration 1: -10784.660
Estimate model parameters (epsilon = 0.100)
BETTER TREE FOUND at iteration 3: -10784.168
Iteration 10 / LogL: -10795.058 / Time: 0h:1m:0s
Iteration 20 / LogL: -10800.991 / Time: 0h:1m:12s
Finish initializing candidate tree set (20)
Current best tree score: -10784.168 / CPU time: 37.687
Number of iterations: 20
--------------------------------------------------------------------
|               OPTIMIZING CANDIDATE TREE SET                      |
--------------------------------------------------------------------
Iteration 30 / LogL: -10796.071 / Time: 0h:1m:20s (0h:3m:1s left)
Estimate model parameters (epsilon = 0.100)
BETTER TREE FOUND at iteration 33: -10784.154
Estimate model parameters (epsilon = 0.100)
BETTER TREE FOUND at iteration 35: -10781.953
BETTER TREE FOUND at iteration 40: -10781.952
Iteration 40 / LogL: -10781.952 / Time: 0h:1m:28s (0h:3m:25s left)
Estimate model parameters (epsilon = 0.100)
BETTER TREE FOUND at iteration 44: -10781.902
Iteration 50 / LogL: -10781.933 / Time: 0h:1m:37s (0h:2m:51s left)
Log-likelihood cutoff on original alignment: -10833.398
BETTER TREE FOUND at iteration 53: -10781.902
Iteration 60 / LogL: -10896.707 / Time: 0h:1m:46s (0h:2m:34s left)
BETTER TREE FOUND at iteration 64: -10781.902
Iteration 70 / LogL: -10791.545 / Time: 0h:1m:55s (0h:2m:25s left)
BETTER TREE FOUND at iteration 71: -10781.901
BETTER TREE FOUND at iteration 73: -10781.901
BETTER TREE FOUND at iteration 75: -10781.898
Estimate model parameters (epsilon = 0.100)
BETTER TREE FOUND at iteration 77: -10781.626
Iteration 80 / LogL: -10792.688 / Time: 0h:2m:3s (0h:2m:21s left)
Iteration 90 / LogL: -10793.693 / Time: 0h:2m:11s (0h:2m:0s left)
Iteration 100 / LogL: -10801.776 / Time: 0h:2m:19s (0h:1m:42s left)
Log-likelihood cutoff on original alignment: -10833.398
NOTE: Bootstrap correlation coefficient of split occurrence frequencies: 0.999
BETTER TREE FOUND at iteration 104: -10781.625
BETTER TREE FOUND at iteration 105: -10781.624
Estimate model parameters (epsilon = 0.100)
BETTER TREE FOUND at iteration 106: -10781.574
Iteration 110 / LogL: -10796.631 / Time: 0h:2m:30s (0h:2m:4s left)
Iteration 120 / LogL: -10781.593 / Time: 0h:2m:39s (0h:1m:49s left)
Estimate model parameters (epsilon = 0.100)
BETTER TREE FOUND at iteration 125: -10781.560
Iteration 130 / LogL: -10789.370 / Time: 0h:2m:48s (0h:1m:58s left)
Iteration 140 / LogL: -10781.864 / Time: 0h:2m:58s (0h:1m:43s left)
Iteration 150 / LogL: -10787.529 / Time: 0h:3m:7s (0h:1m:30s left)
Log-likelihood cutoff on original alignment: -10833.398
Iteration 160 / LogL: -10802.412 / Time: 0h:3m:18s (0h:1m:17s left)
Iteration 170 / LogL: -10781.573 / Time: 0h:3m:28s (0h:1m:5s left)
Iteration 180 / LogL: -10800.036 / Time: 0h:3m:38s (0h:0m:52s left)
Estimate model parameters (epsilon = 0.100)
BETTER TREE FOUND at iteration 190: -10781.537
Iteration 190 / LogL: -10781.537 / Time: 0h:3m:48s (0h:1m:56s left)
Iteration 200 / LogL: -10787.821 / Time: 0h:3m:59s (0h:1m:44s left)
Log-likelihood cutoff on original alignment: -10833.398
NOTE: Bootstrap correlation coefficient of split occurrence frequencies: 0.998
Iteration 210 / LogL: -10791.178 / Time: 0h:4m:10s (0h:1m:44s left)
Estimate model parameters (epsilon = 0.100)
BETTER TREE FOUND at iteration 217: -10781.488
Iteration 220 / LogL: -10789.292 / Time: 0h:4m:20s (0h:1m:51s left)
Iteration 230 / LogL: -10801.125 / Time: 0h:4m:29s (0h:1m:39s left)
BETTER TREE FOUND at iteration 239: -10781.488
Iteration 240 / LogL: -10787.799 / Time: 0h:4m:39s (0h:1m:52s left)
Iteration 250 / LogL: -10788.677 / Time: 0h:4m:48s (0h:1m:40s left)
Log-likelihood cutoff on original alignment: -10834.023
Iteration 260 / LogL: -10781.491 / Time: 0h:5m:0s (0h:1m:28s left)
BETTER TREE FOUND at iteration 261: -10781.488
Iteration 270 / LogL: -10798.236 / Time: 0h:5m:10s (0h:1m:42s left)
Iteration 280 / LogL: -10781.509 / Time: 0h:5m:21s (0h:1m:30s left)
Iteration 290 / LogL: -10832.965 / Time: 0h:5m:31s (0h:1m:19s left)
Iteration 300 / LogL: -10781.489 / Time: 0h:5m:41s (0h:1m:7s left)
Log-likelihood cutoff on original alignment: -10834.023
NOTE: Bootstrap correlation coefficient of split occurrence frequencies: 0.998
Iteration 310 / LogL: -10787.739 / Time: 0h:5m:53s (0h:1m:40s left)
BETTER TREE FOUND at iteration 314: -10781.487
Iteration 320 / LogL: -10818.177 / Time: 0h:6m:4s (0h:1m:44s left)
Iteration 330 / LogL: -10783.941 / Time: 0h:6m:15s (0h:1m:33s left)
Iteration 340 / LogL: -10881.334 / Time: 0h:6m:27s (0h:1m:22s left)
Iteration 350 / LogL: -10790.842 / Time: 0h:6m:36s (0h:1m:11s left)
Log-likelihood cutoff on original alignment: -10834.023
Iteration 360 / LogL: -10783.938 / Time: 0h:6m:49s (0h:1m:0s left)
BETTER TREE FOUND at iteration 370: -10781.486
Iteration 370 / LogL: -10781.486 / Time: 0h:7m:1s (0h:1m:51s left)
Estimate model parameters (epsilon = 0.100)
BETTER TREE FOUND at iteration 372: -10781.423
Iteration 380 / LogL: -10797.414 / Time: 0h:7m:13s (0h:1m:43s left)
Iteration 390 / LogL: -10791.783 / Time: 0h:7m:24s (0h:1m:31s left)
Iteration 400 / LogL: -10805.128 / Time: 0h:7m:35s (0h:1m:20s left)
Log-likelihood cutoff on original alignment: -10834.023
NOTE: Bootstrap correlation coefficient of split occurrence frequencies: 0.999
Iteration 410 / LogL: -10791.987 / Time: 0h:7m:48s (0h:1m:41s left)
Iteration 420 / LogL: -10799.213 / Time: 0h:7m:59s (0h:1m:29s left)
Iteration 430 / LogL: -10813.181 / Time: 0h:8m:11s (0h:1m:18s left)
Iteration 440 / LogL: -10846.879 / Time: 0h:8m:23s (0h:1m:7s left)
Iteration 450 / LogL: -10781.426 / Time: 0h:8m:35s (0h:0m:56s left)
Log-likelihood cutoff on original alignment: -10833.398
Iteration 460 / LogL: -10789.767 / Time: 0h:8m:49s (0h:0m:45s left)
Iteration 470 / LogL: -10791.043 / Time: 0h:9m:1s (0h:0m:34s left)
TREE SEARCH COMPLETED AFTER 473 ITERATIONS / Time: 0h:9m:5s

--------------------------------------------------------------------
|                    FINALIZING TREE SEARCH                        |
--------------------------------------------------------------------
Performs final model parameters optimization
Estimate model parameters (epsilon = 0.010)
1. Initial log-likelihood: -10781.423
Optimal log-likelihood: -10781.423
Parameters optimization took 1 rounds (0.034 sec)
BEST SCORE FOUND : -10781.423
Creating bootstrap support values...
Split supports printed to NEXUS file /csm_data/spielman_lab/aa_phylo_fit_topology//simulations/alignments/1IBS_ruhfel_rep6_AA.fasta.splits.nex
Total tree length: 4.502

Total number of iterations: 473
CPU time used for tree search: 1473.759 sec (0h:24m:33s)
Wall-clock time used for tree search: 509.754 sec (0h:8m:29s)
Total CPU time used: 1806.893 sec (0h:30m:6s)
Total wall-clock time used: 546.227 sec (0h:9m:6s)

Computing bootstrap consensus tree...
Reading input file /csm_data/spielman_lab/aa_phylo_fit_topology//simulations/alignments/1IBS_ruhfel_rep6_AA.fasta.splits.nex...
286 taxa and 4560 splits.
Consensus tree written to /csm_data/spielman_lab/aa_phylo_fit_topology//simulations/alignments/1IBS_ruhfel_rep6_AA.fasta.contree
Reading input trees file /csm_data/spielman_lab/aa_phylo_fit_topology//simulations/alignments/1IBS_ruhfel_rep6_AA.fasta.contree
Log-likelihood of consensus tree: -10781.469

Analysis results written to: 
  IQ-TREE report:                /csm_data/spielman_lab/aa_phylo_fit_topology//simulations/alignments/1IBS_ruhfel_rep6_AA.fasta.iqtree
  Maximum-likelihood tree:       /csm_data/spielman_lab/aa_phylo_fit_topology//simulations/alignments/1IBS_ruhfel_rep6_AA.fasta.treefile
  Likelihood distances:          /csm_data/spielman_lab/aa_phylo_fit_topology//simulations/alignments/1IBS_ruhfel_rep6_AA.fasta.mldist

Ultrafast bootstrap approximation results written to:
  Split support values:          /csm_data/spielman_lab/aa_phylo_fit_topology//simulations/alignments/1IBS_ruhfel_rep6_AA.fasta.splits.nex
  Consensus tree:                /csm_data/spielman_lab/aa_phylo_fit_topology//simulations/alignments/1IBS_ruhfel_rep6_AA.fasta.contree
  Screen log file:               /csm_data/spielman_lab/aa_phylo_fit_topology//simulations/alignments/1IBS_ruhfel_rep6_AA.fasta.log

Date and Time: Fri Nov  1 14:55:46 2019
