IQ-TREE multicore version 1.6.7 for Linux 64-bit built Aug 23 2018
Developed by Bui Quang Minh, Nguyen Lam Tung, Olga Chernomor,
Heiko Schmidt, Dominik Schrempf, Michael Woodhams.

Host:    csm-com-012 (AVX2, FMA3, 62 GB RAM)
Command: iqtree -quiet -nt AUTO -ntmax 8 -m Dayhoff+F+I+G4 -s /csm_data/spielman_lab/aa_phylo_fit_topology//simulations/alignments/1IBS_opisthokonta_rep12_AA.fasta -st AA -redo -bb 1000
Seed:    602971 (Using SPRNG - Scalable Parallel Random Number Generator)
Time:    Fri Nov  1 11:11:03 2019
Kernel:  AVX+FMA - auto-detect threads (48 CPU cores detected)

Reading alignment file /csm_data/spielman_lab/aa_phylo_fit_topology//simulations/alignments/1IBS_opisthokonta_rep12_AA.fasta ... Fasta format detected
Alignment most likely contains protein sequences
Alignment has 70 sequences with 291 columns, 236 distinct patterns
170 parsimony-informative, 49 singleton sites, 72 constant sites
                                  Gap/Ambiguity  Composition  p-value
   1  Oscarella_carmela                   0.00%    passed    100.00%
   2  Oscarella_lobularis                 0.00%    passed     99.99%
   3  Leucetta_chagosensis                0.00%    passed    100.00%
   4  Sycon_raphanus                      0.00%    passed    100.00%
   5  Oopsacas_minuta                     0.00%    passed    100.00%
   6  Carteriospongia_foliascens          0.00%    passed     99.52%
   7  Amphimedon_queenslandica            0.00%    passed     99.99%
   8  Suberites_domuncula                 0.00%    passed     99.99%
   9  Lubomirskia_baicalensis             0.00%    passed    100.00%
  10  Ephydatia_muelleri                  0.00%    passed    100.00%
  11  Trichoplax_adhaerens                0.00%    passed    100.00%
  12  Nematostella_vectensis              0.00%    passed    100.00%
  13  Anemonia_viridis                    0.00%    passed    100.00%
  14  Aiptasia_pallida                    0.00%    passed    100.00%
  15  Metridium_senile                    0.00%    passed    100.00%
  16  Acropora_palmata                    0.00%    passed    100.00%
  17  Acropora_millepora                  0.00%    passed    100.00%
  18  Porites_astreoides                  0.00%    passed    100.00%
  19  Montastraea_faveolata               0.00%    passed    100.00%
  20  Cyanea_capillata                    0.00%    passed    100.00%
  21  Clytia_hemisphaerica                0.00%    passed     99.99%
  22  Podocoryna_carnea                   0.00%    passed     99.98%
  23  Hydractinia_echinata                0.00%    passed     99.99%
  24  Hydra_magnipapillata                0.00%    passed    100.00%
  25  Saccoglossus_kowalevskii            0.00%    passed    100.00%
  26  Ptychodera_flava                    0.00%    passed    100.00%
  27  Strongylocentrotus_purpuratus       0.00%    passed     99.60%
  28  Asterina_pectinifera                0.00%    passed    100.00%
  29  Branchiostoma_floridae              0.00%    passed    100.00%
  30  Petromyzon_marinus                  0.00%    passed    100.00%
  31  Gallus                              0.00%    passed    100.00%
  32  Ciona_intestinalis                  0.00%    passed    100.00%
  33  Halocynthia_roretzi                 0.00%    passed     99.97%
  34  Anoplodactylus_eroticus             0.00%    passed    100.00%
  35  Boophilus_microplus                 0.00%    passed     98.00%
  36  Daphnia_pulex                       0.00%    passed     99.98%
  37  Drosophila_melanogaster             0.00%    passed    100.00%
  38  Euperipatoides_kanangrensis         0.00%    passed    100.00%
  39  Echinoderes_horni                   0.00%    passed    100.00%
  40  Xiphinema_index                     0.00%    passed    100.00%
  41  Cerebratulus_lacteus                0.00%    passed    100.00%
  42  Terebratalia_transversa             0.00%    passed     98.32%
  43  Lottia_gigantea                     0.00%    passed    100.00%
  44  Crassostrea_virginica               0.00%    passed    100.00%
  45  Euprymna_scolopes                   0.00%    passed    100.00%
  46  Capitella_telata                    0.00%    passed     94.45%
  47  Helobdella_robusta                  0.00%    passed     99.99%
  48  Schmidtea_mediterranea              0.00%    passed     95.10%
  49  Paraplanocera_oligoglena            0.00%    passed    100.00%
  50  Xenoturbella_bocki                  0.00%    passed    100.00%
  51  Nemertoderma_westbladi              0.00%    passed     99.99%
  52  Meara_stichopi                      0.00%    passed     99.86%
  53  Isodiametra_pulchra                 0.00%    passed     98.47%
  54  Symsagittifera_roscoffensis         0.00%    passed     99.95%
  55  Convolutriloba_longifissura         0.00%    passed     97.89%
  56  Capsaspora_owczarzaki_ATCC_30864    0.00%    passed     99.75%
  57  Amoebidium_parasiticum              0.00%    passed     98.55%
  58  Sphaeroforma_arctica                0.00%    passed     99.99%
  59  Spizellomyces_punctatus             0.00%    passed     95.72%
  60  Batrachochytrium_dendrobatidis      0.00%    passed     99.93%
  61  Cryptococcus_neoformans             0.00%    passed    100.00%
  62  Saccharomyces_cerevisiae            0.00%    passed     99.98%
  63  Phycomyces_blakesleeanus            0.00%    passed     99.98%
  64  Rhizopus_orizae                     0.00%    passed    100.00%
  65  Monosiga_ovata                      0.00%    passed     99.98%
  66  Salpingoeca_rosetta                 0.00%    passed     99.44%
  67  Monosiga_brevicollis                0.00%    passed     99.90%
  68  Mnemiopsis                          0.00%    passed     19.92%
  69  Mertensiid_sp                       0.00%    passed     25.07%
  70  Pleurobrachia_pileus                0.00%    passed     97.99%
****  TOTAL                               0.00%  0 sequences failed composition chi2 test (p-value<5%; df=19)

Create initial parsimony tree by phylogenetic likelihood library (PLL)... 0.011 seconds
Generating 1000 samples for ultrafast bootstrap (seed: 602971)...

NOTE: 12 MB RAM (0 GB) is required!
Measuring multi-threading efficiency up to 8 CPU cores
Increase to 10 rounds for branch lengths
23 trees examined
Threads: 1 / Time: 8.201 sec / Speedup: 1.000 / Efficiency: 100% / LogL: -10428
Threads: 2 / Time: 4.568 sec / Speedup: 1.795 / Efficiency: 90% / LogL: -10428
Threads: 3 / Time: 3.306 sec / Speedup: 2.481 / Efficiency: 83% / LogL: -10428
Threads: 4 / Time: 2.680 sec / Speedup: 3.060 / Efficiency: 76% / LogL: -10428
Threads: 5 / Time: 3.460 sec / Speedup: 2.370 / Efficiency: 47% / LogL: -10428
BEST NUMBER OF THREADS: 4

Estimate model parameters (epsilon = 0.100)
Thoroughly optimizing +I+G parameters from 10 start values...
Init pinv, alpha: 0.000, 1.000 / Estimate: 0.000, 0.663 / LogL: -8052.477
Init pinv, alpha: 0.027, 1.000 / Estimate: 0.033, 0.710 / LogL: -8051.505
Init pinv, alpha: 0.055, 1.000 / Estimate: 0.060, 0.756 / LogL: -8050.972
Init pinv, alpha: 0.082, 1.000 / Estimate: 0.082, 0.797 / LogL: -8050.753
Init pinv, alpha: 0.110, 1.000 / Estimate: 0.098, 0.832 / LogL: -8050.732
Init pinv, alpha: 0.137, 1.000 / Estimate: 0.111, 0.859 / LogL: -8050.815
Init pinv, alpha: 0.165, 1.000 / Estimate: 0.114, 0.867 / LogL: -8050.855
Init pinv, alpha: 0.192, 1.000 / Estimate: 0.114, 0.869 / LogL: -8050.866
Init pinv, alpha: 0.220, 1.000 / Estimate: 0.118, 0.876 / LogL: -8050.914
Init pinv, alpha: 0.247, 1.000 / Estimate: 0.115, 0.870 / LogL: -8050.876
Optimal pinv,alpha: 0.098, 0.832 / LogL: -8050.732

Parameters optimization took 2.174 sec
Computing ML distances based on estimated model parameters... 1.172 sec
Computing BIONJ tree...
0.004 seconds
Log-likelihood of BIONJ tree: -8037.250
--------------------------------------------------------------------
|             INITIALIZING CANDIDATE TREE SET                      |
--------------------------------------------------------------------
Generating 98 parsimony trees... 1.401 second
Computing log-likelihood of 98 initial trees ... 2.617 seconds
Current best score: -8013.845

Do NNI search on 20 best initial trees
Estimate model parameters (epsilon = 0.100)
BETTER TREE FOUND at iteration 1: -8010.010
Estimate model parameters (epsilon = 0.100)
BETTER TREE FOUND at iteration 2: -8009.288
Estimate model parameters (epsilon = 0.100)
BETTER TREE FOUND at iteration 3: -8007.325
Estimate model parameters (epsilon = 0.100)
BETTER TREE FOUND at iteration 9: -8004.751
Iteration 10 / LogL: -8021.771 / Time: 0h:0m:33s
Iteration 20 / LogL: -8012.081 / Time: 0h:0m:36s
Finish initializing candidate tree set (17)
Current best tree score: -8004.751 / CPU time: 10.436
Number of iterations: 20
--------------------------------------------------------------------
|               OPTIMIZING CANDIDATE TREE SET                      |
--------------------------------------------------------------------
Estimate model parameters (epsilon = 0.100)
BETTER TREE FOUND at iteration 28: -8004.487
Iteration 30 / LogL: -8007.420 / Time: 0h:0m:39s (0h:2m:10s left)
Estimate model parameters (epsilon = 0.100)
BETTER TREE FOUND at iteration 31: -8004.435
Iteration 40 / LogL: -8050.472 / Time: 0h:0m:43s (0h:1m:39s left)
Iteration 50 / LogL: -8009.206 / Time: 0h:0m:47s (0h:1m:16s left)
Log-likelihood cutoff on original alignment: -8045.769
Iteration 60 / LogL: -8005.706 / Time: 0h:0m:51s (0h:1m:0s left)
Iteration 70 / LogL: -8004.438 / Time: 0h:0m:55s (0h:0m:47s left)
Iteration 80 / LogL: -8008.180 / Time: 0h:0m:59s (0h:0m:37s left)
Iteration 90 / LogL: -8016.124 / Time: 0h:1m:3s (0h:0m:28s left)
Iteration 100 / LogL: -8006.032 / Time: 0h:1m:7s (0h:0m:20s left)
Log-likelihood cutoff on original alignment: -8045.769
NOTE: Bootstrap correlation coefficient of split occurrence frequencies: 0.999
Iteration 110 / LogL: -8004.712 / Time: 0h:1m:10s (0h:0m:57s left)
Iteration 120 / LogL: -8007.414 / Time: 0h:1m:14s (0h:0m:49s left)
Iteration 130 / LogL: -8004.436 / Time: 0h:1m:18s (0h:0m:41s left)
TREE SEARCH COMPLETED AFTER 132 ITERATIONS / Time: 0h:1m:19s

--------------------------------------------------------------------
|                    FINALIZING TREE SEARCH                        |
--------------------------------------------------------------------
Performs final model parameters optimization
Estimate model parameters (epsilon = 0.010)
1. Initial log-likelihood: -8004.435
Optimal log-likelihood: -8004.434
Proportion of invariable sites: 0.100
Gamma shape alpha: 0.841
Parameters optimization took 1 rounds (0.045 sec)
BEST SCORE FOUND : -8004.434
Creating bootstrap support values...
Split supports printed to NEXUS file /csm_data/spielman_lab/aa_phylo_fit_topology//simulations/alignments/1IBS_opisthokonta_rep12_AA.fasta.splits.nex
Total tree length: 5.844

Total number of iterations: 132
CPU time used for tree search: 208.144 sec (0h:3m:28s)
Wall-clock time used for tree search: 53.197 sec (0h:0m:53s)
Total CPU time used: 304.947 sec (0h:5m:4s)
Total wall-clock time used: 79.359 sec (0h:1m:19s)

Computing bootstrap consensus tree...
Reading input file /csm_data/spielman_lab/aa_phylo_fit_topology//simulations/alignments/1IBS_opisthokonta_rep12_AA.fasta.splits.nex...
70 taxa and 437 splits.
Consensus tree written to /csm_data/spielman_lab/aa_phylo_fit_topology//simulations/alignments/1IBS_opisthokonta_rep12_AA.fasta.contree
Reading input trees file /csm_data/spielman_lab/aa_phylo_fit_topology//simulations/alignments/1IBS_opisthokonta_rep12_AA.fasta.contree
Log-likelihood of consensus tree: -8004.754

Analysis results written to: 
  IQ-TREE report:                /csm_data/spielman_lab/aa_phylo_fit_topology//simulations/alignments/1IBS_opisthokonta_rep12_AA.fasta.iqtree
  Maximum-likelihood tree:       /csm_data/spielman_lab/aa_phylo_fit_topology//simulations/alignments/1IBS_opisthokonta_rep12_AA.fasta.treefile
  Likelihood distances:          /csm_data/spielman_lab/aa_phylo_fit_topology//simulations/alignments/1IBS_opisthokonta_rep12_AA.fasta.mldist

Ultrafast bootstrap approximation results written to:
  Split support values:          /csm_data/spielman_lab/aa_phylo_fit_topology//simulations/alignments/1IBS_opisthokonta_rep12_AA.fasta.splits.nex
  Consensus tree:                /csm_data/spielman_lab/aa_phylo_fit_topology//simulations/alignments/1IBS_opisthokonta_rep12_AA.fasta.contree
  Screen log file:               /csm_data/spielman_lab/aa_phylo_fit_topology//simulations/alignments/1IBS_opisthokonta_rep12_AA.fasta.log

Date and Time: Fri Nov  1 11:12:23 2019
