IQ-TREE multicore version 1.6.7 for Linux 64-bit built Aug 23 2018
Developed by Bui Quang Minh, Nguyen Lam Tung, Olga Chernomor,
Heiko Schmidt, Dominik Schrempf, Michael Woodhams.

Host:    csm-com-011 (AVX2, FMA3, 62 GB RAM)
Command: iqtree -quiet -nt AUTO -ntmax 8 -m cpREV+F -s /csm_data/spielman_lab/aa_phylo_fit_topology//simulations/alignments/1IBS_opisthokonta_rep18_AA.fasta -st AA -redo -bb 1000
Seed:    961770 (Using SPRNG - Scalable Parallel Random Number Generator)
Time:    Fri Nov  1 20:55:22 2019
Kernel:  AVX+FMA - auto-detect threads (48 CPU cores detected)

Reading alignment file /csm_data/spielman_lab/aa_phylo_fit_topology//simulations/alignments/1IBS_opisthokonta_rep18_AA.fasta ... Fasta format detected
Alignment most likely contains protein sequences
Alignment has 70 sequences with 291 columns, 225 distinct patterns
156 parsimony-informative, 52 singleton sites, 83 constant sites
                                  Gap/Ambiguity  Composition  p-value
   1  Oscarella_carmela                   0.00%    passed     99.95%
   2  Oscarella_lobularis                 0.00%    passed    100.00%
   3  Leucetta_chagosensis                0.00%    passed    100.00%
   4  Sycon_raphanus                      0.00%    passed     99.96%
   5  Oopsacas_minuta                     0.00%    passed    100.00%
   6  Carteriospongia_foliascens          0.00%    passed     99.81%
   7  Amphimedon_queenslandica            0.00%    passed     99.97%
   8  Suberites_domuncula                 0.00%    passed     99.91%
   9  Lubomirskia_baicalensis             0.00%    passed     99.98%
  10  Ephydatia_muelleri                  0.00%    passed    100.00%
  11  Trichoplax_adhaerens                0.00%    passed    100.00%
  12  Nematostella_vectensis              0.00%    passed    100.00%
  13  Anemonia_viridis                    0.00%    passed    100.00%
  14  Aiptasia_pallida                    0.00%    passed    100.00%
  15  Metridium_senile                    0.00%    passed    100.00%
  16  Acropora_palmata                    0.00%    passed    100.00%
  17  Acropora_millepora                  0.00%    passed    100.00%
  18  Porites_astreoides                  0.00%    passed    100.00%
  19  Montastraea_faveolata               0.00%    passed    100.00%
  20  Cyanea_capillata                    0.00%    passed    100.00%
  21  Clytia_hemisphaerica                0.00%    passed    100.00%
  22  Podocoryna_carnea                   0.00%    passed    100.00%
  23  Hydractinia_echinata                0.00%    passed    100.00%
  24  Hydra_magnipapillata                0.00%    passed     99.99%
  25  Saccoglossus_kowalevskii            0.00%    passed    100.00%
  26  Ptychodera_flava                    0.00%    passed    100.00%
  27  Strongylocentrotus_purpuratus       0.00%    passed     99.99%
  28  Asterina_pectinifera                0.00%    passed    100.00%
  29  Branchiostoma_floridae              0.00%    passed    100.00%
  30  Petromyzon_marinus                  0.00%    passed    100.00%
  31  Gallus                              0.00%    passed    100.00%
  32  Ciona_intestinalis                  0.00%    passed    100.00%
  33  Halocynthia_roretzi                 0.00%    passed    100.00%
  34  Anoplodactylus_eroticus             0.00%    passed    100.00%
  35  Boophilus_microplus                 0.00%    passed     99.97%
  36  Daphnia_pulex                       0.00%    passed    100.00%
  37  Drosophila_melanogaster             0.00%    passed     99.99%
  38  Euperipatoides_kanangrensis         0.00%    passed    100.00%
  39  Echinoderes_horni                   0.00%    passed    100.00%
  40  Xiphinema_index                     0.00%    passed     99.97%
  41  Cerebratulus_lacteus                0.00%    passed    100.00%
  42  Terebratalia_transversa             0.00%    passed    100.00%
  43  Lottia_gigantea                     0.00%    passed    100.00%
  44  Crassostrea_virginica               0.00%    passed    100.00%
  45  Euprymna_scolopes                   0.00%    passed     99.95%
  46  Capitella_telata                    0.00%    passed    100.00%
  47  Helobdella_robusta                  0.00%    passed     99.98%
  48  Schmidtea_mediterranea              0.00%    passed     99.63%
  49  Paraplanocera_oligoglena            0.00%    passed     99.99%
  50  Xenoturbella_bocki                  0.00%    passed    100.00%
  51  Nemertoderma_westbladi              0.00%    passed     99.47%
  52  Meara_stichopi                      0.00%    passed     99.98%
  53  Isodiametra_pulchra                 0.00%    passed     99.99%
  54  Symsagittifera_roscoffensis         0.00%    passed     83.05%
  55  Convolutriloba_longifissura         0.00%    passed     76.73%
  56  Capsaspora_owczarzaki_ATCC_30864    0.00%    passed     99.72%
  57  Amoebidium_parasiticum              0.00%    passed     99.67%
  58  Sphaeroforma_arctica                0.00%    passed     99.99%
  59  Spizellomyces_punctatus             0.00%    passed     99.96%
  60  Batrachochytrium_dendrobatidis      0.00%    passed     99.40%
  61  Cryptococcus_neoformans             0.00%    passed     99.98%
  62  Saccharomyces_cerevisiae            0.00%    passed     32.99%
  63  Phycomyces_blakesleeanus            0.00%    passed     99.19%
  64  Rhizopus_orizae                     0.00%    passed     99.96%
  65  Monosiga_ovata                      0.00%    passed    100.00%
  66  Salpingoeca_rosetta                 0.00%    passed     99.96%
  67  Monosiga_brevicollis                0.00%    passed     99.99%
  68  Mnemiopsis                          0.00%    passed     99.53%
  69  Mertensiid_sp                       0.00%    passed     99.59%
  70  Pleurobrachia_pileus                0.00%    failed      0.00%
****  TOTAL                               0.00%  1 sequences failed composition chi2 test (p-value<5%; df=19)
WARNING: States(s) W rarely appear in alignment and may cause numerical problems

Create initial parsimony tree by phylogenetic likelihood library (PLL)... 0.026 seconds
Generating 1000 samples for ultrafast bootstrap (seed: 961770)...

NOTE: 3 MB RAM (0 GB) is required!
Measuring multi-threading efficiency up to 8 CPU cores
Increase to 10 rounds for branch lengths
146 trees examined
Threads: 1 / Time: 8.056 sec / Speedup: 1.000 / Efficiency: 100% / LogL: -10873
Threads: 2 / Time: 4.810 sec / Speedup: 1.675 / Efficiency: 84% / LogL: -10873
Threads: 3 / Time: 4.152 sec / Speedup: 1.940 / Efficiency: 65% / LogL: -10873
Threads: 4 / Time: 3.992 sec / Speedup: 2.018 / Efficiency: 50% / LogL: -10873
Threads: 5 / Time: 3.706 sec / Speedup: 2.174 / Efficiency: 43% / LogL: -10873
BEST NUMBER OF THREADS: 3

Estimate model parameters (epsilon = 0.100)
1. Initial log-likelihood: -8253.792
Optimal log-likelihood: -8216.744
Parameters optimization took 1 rounds (0.014 sec)
Computing ML distances based on estimated model parameters... 0.448 sec
Computing BIONJ tree...
0.004 seconds
Log-likelihood of BIONJ tree: -8140.404
--------------------------------------------------------------------
|             INITIALIZING CANDIDATE TREE SET                      |
--------------------------------------------------------------------
Generating 98 parsimony trees... 1.509 second
Computing log-likelihood of 98 initial trees ... 1.084 seconds
Current best score: -8109.327

Do NNI search on 20 best initial trees
Estimate model parameters (epsilon = 0.100)
BETTER TREE FOUND at iteration 1: -8106.324
Iteration 10 / LogL: -8110.552 / Time: 0h:0m:28s
Iteration 20 / LogL: -8110.552 / Time: 0h:0m:29s
Finish initializing candidate tree set (7)
Current best tree score: -8106.324 / CPU time: 4.457
Number of iterations: 20
--------------------------------------------------------------------
|               OPTIMIZING CANDIDATE TREE SET                      |
--------------------------------------------------------------------
Iteration 30 / LogL: -8113.070 / Time: 0h:0m:31s (0h:1m:15s left)
Estimate model parameters (epsilon = 0.100)
BETTER TREE FOUND at iteration 32: -8104.953
Estimate model parameters (epsilon = 0.100)
BETTER TREE FOUND at iteration 33: -8104.659
UPDATE BEST LOG-LIKELIHOOD: -8104.659
Iteration 40 / LogL: -8104.659 / Time: 0h:0m:33s (0h:1m:18s left)
Estimate model parameters (epsilon = 0.100)
BETTER TREE FOUND at iteration 42: -8104.620
Iteration 50 / LogL: -8105.621 / Time: 0h:0m:35s (0h:1m:5s left)
Log-likelihood cutoff on original alignment: -8152.707
Iteration 60 / LogL: -8125.318 / Time: 0h:0m:37s (0h:0m:50s left)
Iteration 70 / LogL: -8104.659 / Time: 0h:0m:38s (0h:0m:39s left)
Iteration 80 / LogL: -8104.620 / Time: 0h:0m:40s (0h:0m:30s left)
Iteration 90 / LogL: -8106.748 / Time: 0h:0m:41s (0h:0m:23s left)
Iteration 100 / LogL: -8118.704 / Time: 0h:0m:43s (0h:0m:17s left)
Log-likelihood cutoff on original alignment: -8152.964
NOTE: Bootstrap correlation coefficient of split occurrence frequencies: 0.995
Iteration 110 / LogL: -8104.632 / Time: 0h:0m:44s (0h:0m:36s left)
Iteration 120 / LogL: -8105.916 / Time: 0h:0m:46s (0h:0m:30s left)
Iteration 130 / LogL: -8106.324 / Time: 0h:0m:47s (0h:0m:25s left)
Iteration 140 / LogL: -8104.660 / Time: 0h:0m:49s (0h:0m:20s left)
TREE SEARCH COMPLETED AFTER 143 ITERATIONS / Time: 0h:0m:49s

--------------------------------------------------------------------
|                    FINALIZING TREE SEARCH                        |
--------------------------------------------------------------------
Performs final model parameters optimization
Estimate model parameters (epsilon = 0.010)
1. Initial log-likelihood: -8104.620
Optimal log-likelihood: -8104.620
Parameters optimization took 1 rounds (0.008 sec)
BEST SCORE FOUND : -8104.620
Creating bootstrap support values...
Split supports printed to NEXUS file /csm_data/spielman_lab/aa_phylo_fit_topology//simulations/alignments/1IBS_opisthokonta_rep18_AA.fasta.splits.nex
Total tree length: 4.205

Total number of iterations: 143
CPU time used for tree search: 69.759 sec (0h:1m:9s)
Wall-clock time used for tree search: 24.231 sec (0h:0m:24s)
Total CPU time used: 156.109 sec (0h:2m:36s)
Total wall-clock time used: 49.976 sec (0h:0m:49s)

Computing bootstrap consensus tree...
Reading input file /csm_data/spielman_lab/aa_phylo_fit_topology//simulations/alignments/1IBS_opisthokonta_rep18_AA.fasta.splits.nex...
70 taxa and 417 splits.
Consensus tree written to /csm_data/spielman_lab/aa_phylo_fit_topology//simulations/alignments/1IBS_opisthokonta_rep18_AA.fasta.contree
Reading input trees file /csm_data/spielman_lab/aa_phylo_fit_topology//simulations/alignments/1IBS_opisthokonta_rep18_AA.fasta.contree
Log-likelihood of consensus tree: -8104.659

Analysis results written to: 
  IQ-TREE report:                /csm_data/spielman_lab/aa_phylo_fit_topology//simulations/alignments/1IBS_opisthokonta_rep18_AA.fasta.iqtree
  Maximum-likelihood tree:       /csm_data/spielman_lab/aa_phylo_fit_topology//simulations/alignments/1IBS_opisthokonta_rep18_AA.fasta.treefile
  Likelihood distances:          /csm_data/spielman_lab/aa_phylo_fit_topology//simulations/alignments/1IBS_opisthokonta_rep18_AA.fasta.mldist

Ultrafast bootstrap approximation results written to:
  Split support values:          /csm_data/spielman_lab/aa_phylo_fit_topology//simulations/alignments/1IBS_opisthokonta_rep18_AA.fasta.splits.nex
  Consensus tree:                /csm_data/spielman_lab/aa_phylo_fit_topology//simulations/alignments/1IBS_opisthokonta_rep18_AA.fasta.contree
  Screen log file:               /csm_data/spielman_lab/aa_phylo_fit_topology//simulations/alignments/1IBS_opisthokonta_rep18_AA.fasta.log

Date and Time: Fri Nov  1 20:56:13 2019
