IQ-TREE multicore version 1.6.7 for Linux 64-bit built Aug 23 2018
Developed by Bui Quang Minh, Nguyen Lam Tung, Olga Chernomor,
Heiko Schmidt, Dominik Schrempf, Michael Woodhams.

Host:    csm-com-010 (AVX2, FMA3, 62 GB RAM)
Command: iqtree -quiet -nt AUTO -ntmax 8 -m mtInv+F+G4 -s /csm_data/spielman_lab/aa_phylo_fit_topology//simulations/alignments/1IBS_opisthokonta_rep20_AA.fasta -st AA -redo -bb 1000
Seed:    424724 (Using SPRNG - Scalable Parallel Random Number Generator)
Time:    Fri Nov  1 21:03:19 2019
Kernel:  AVX+FMA - auto-detect threads (48 CPU cores detected)

Reading alignment file /csm_data/spielman_lab/aa_phylo_fit_topology//simulations/alignments/1IBS_opisthokonta_rep20_AA.fasta ... Fasta format detected
Alignment most likely contains protein sequences
Alignment has 70 sequences with 291 columns, 233 distinct patterns
159 parsimony-informative, 57 singleton sites, 74 constant sites
                                  Gap/Ambiguity  Composition  p-value
   1  Oscarella_carmela                   0.00%    passed    100.00%
   2  Oscarella_lobularis                 0.00%    passed    100.00%
   3  Leucetta_chagosensis                0.00%    passed     98.16%
   4  Sycon_raphanus                      0.00%    passed     91.17%
   5  Oopsacas_minuta                     0.00%    passed    100.00%
   6  Carteriospongia_foliascens          0.00%    passed    100.00%
   7  Amphimedon_queenslandica            0.00%    passed    100.00%
   8  Suberites_domuncula                 0.00%    passed    100.00%
   9  Lubomirskia_baicalensis             0.00%    passed     94.79%
  10  Ephydatia_muelleri                  0.00%    passed     96.09%
  11  Trichoplax_adhaerens                0.00%    passed    100.00%
  12  Nematostella_vectensis              0.00%    passed    100.00%
  13  Anemonia_viridis                    0.00%    passed    100.00%
  14  Aiptasia_pallida                    0.00%    passed    100.00%
  15  Metridium_senile                    0.00%    passed    100.00%
  16  Acropora_palmata                    0.00%    passed    100.00%
  17  Acropora_millepora                  0.00%    passed    100.00%
  18  Porites_astreoides                  0.00%    passed    100.00%
  19  Montastraea_faveolata               0.00%    passed    100.00%
  20  Cyanea_capillata                    0.00%    passed     99.81%
  21  Clytia_hemisphaerica                0.00%    passed    100.00%
  22  Podocoryna_carnea                   0.00%    passed     99.99%
  23  Hydractinia_echinata                0.00%    passed    100.00%
  24  Hydra_magnipapillata                0.00%    passed     99.99%
  25  Saccoglossus_kowalevskii            0.00%    passed     99.99%
  26  Ptychodera_flava                    0.00%    passed    100.00%
  27  Strongylocentrotus_purpuratus       0.00%    passed    100.00%
  28  Asterina_pectinifera                0.00%    passed    100.00%
  29  Branchiostoma_floridae              0.00%    passed    100.00%
  30  Petromyzon_marinus                  0.00%    passed    100.00%
  31  Gallus                              0.00%    passed    100.00%
  32  Ciona_intestinalis                  0.00%    passed    100.00%
  33  Halocynthia_roretzi                 0.00%    passed    100.00%
  34  Anoplodactylus_eroticus             0.00%    passed    100.00%
  35  Boophilus_microplus                 0.00%    passed    100.00%
  36  Daphnia_pulex                       0.00%    passed    100.00%
  37  Drosophila_melanogaster             0.00%    passed    100.00%
  38  Euperipatoides_kanangrensis         0.00%    passed    100.00%
  39  Echinoderes_horni                   0.00%    passed    100.00%
  40  Xiphinema_index                     0.00%    passed     99.99%
  41  Cerebratulus_lacteus                0.00%    passed    100.00%
  42  Terebratalia_transversa             0.00%    passed    100.00%
  43  Lottia_gigantea                     0.00%    passed    100.00%
  44  Crassostrea_virginica               0.00%    passed     99.99%
  45  Euprymna_scolopes                   0.00%    passed    100.00%
  46  Capitella_telata                    0.00%    passed     99.99%
  47  Helobdella_robusta                  0.00%    passed     89.36%
  48  Schmidtea_mediterranea              0.00%    passed     99.93%
  49  Paraplanocera_oligoglena            0.00%    passed     99.97%
  50  Xenoturbella_bocki                  0.00%    passed    100.00%
  51  Nemertoderma_westbladi              0.00%    passed     99.96%
  52  Meara_stichopi                      0.00%    passed     99.99%
  53  Isodiametra_pulchra                 0.00%    passed    100.00%
  54  Symsagittifera_roscoffensis         0.00%    passed    100.00%
  55  Convolutriloba_longifissura         0.00%    passed    100.00%
  56  Capsaspora_owczarzaki_ATCC_30864    0.00%    passed     99.99%
  57  Amoebidium_parasiticum              0.00%    passed     99.92%
  58  Sphaeroforma_arctica                0.00%    passed    100.00%
  59  Spizellomyces_punctatus             0.00%    passed     99.88%
  60  Batrachochytrium_dendrobatidis      0.00%    passed     99.99%
  61  Cryptococcus_neoformans             0.00%    passed     99.62%
  62  Saccharomyces_cerevisiae            0.00%    passed    100.00%
  63  Phycomyces_blakesleeanus            0.00%    passed     71.97%
  64  Rhizopus_orizae                     0.00%    passed     98.61%
  65  Monosiga_ovata                      0.00%    passed    100.00%
  66  Salpingoeca_rosetta                 0.00%    passed    100.00%
  67  Monosiga_brevicollis                0.00%    passed     99.99%
  68  Mnemiopsis                          0.00%    passed     88.72%
  69  Mertensiid_sp                       0.00%    passed     86.02%
  70  Pleurobrachia_pileus                0.00%    passed    100.00%
****  TOTAL                               0.00%  0 sequences failed composition chi2 test (p-value<5%; df=19)

Create initial parsimony tree by phylogenetic likelihood library (PLL)... 0.011 seconds
Generating 1000 samples for ultrafast bootstrap (seed: 424724)...

NOTE: 12 MB RAM (0 GB) is required!
Measuring multi-threading efficiency up to 8 CPU cores
Increase to 10 rounds for branch lengths
25 trees examined
Threads: 1 / Time: 8.112 sec / Speedup: 1.000 / Efficiency: 100% / LogL: -9904
Threads: 2 / Time: 4.465 sec / Speedup: 1.817 / Efficiency: 91% / LogL: -9904
Threads: 3 / Time: 3.277 sec / Speedup: 2.475 / Efficiency: 83% / LogL: -9904
Threads: 4 / Time: 3.163 sec / Speedup: 2.564 / Efficiency: 64% / LogL: -9904
Threads: 5 / Time: 2.963 sec / Speedup: 2.738 / Efficiency: 55% / LogL: -9904
Threads: 6 / Time: 2.588 sec / Speedup: 3.134 / Efficiency: 52% / LogL: -9904
Threads: 7 / Time: 2.781 sec / Speedup: 2.916 / Efficiency: 42% / LogL: -9904
BEST NUMBER OF THREADS: 6

Estimate model parameters (epsilon = 0.100)
1. Initial log-likelihood: -7591.914
2. Current log-likelihood: -7534.844
3. Current log-likelihood: -7534.068
Optimal log-likelihood: -7534.027
Gamma shape alpha: 0.601
Parameters optimization took 3 rounds (0.157 sec)
Computing ML distances based on estimated model parameters... 2.336 sec
Computing BIONJ tree...
0.007 seconds
Log-likelihood of BIONJ tree: -7553.431
--------------------------------------------------------------------
|             INITIALIZING CANDIDATE TREE SET                      |
--------------------------------------------------------------------
Generating 98 parsimony trees... 1.562 second
Computing log-likelihood of 98 initial trees ... 2.782 seconds
Current best score: -7526.132

Do NNI search on 20 best initial trees
Estimate model parameters (epsilon = 0.100)
BETTER TREE FOUND at iteration 1: -7518.307
Iteration 10 / LogL: -7525.011 / Time: 0h:0m:36s
Estimate model parameters (epsilon = 0.100)
BETTER TREE FOUND at iteration 20: -7517.950
Iteration 20 / LogL: -7517.950 / Time: 0h:0m:39s
Finish initializing candidate tree set (8)
Current best tree score: -7517.950 / CPU time: 11.719
Number of iterations: 20
--------------------------------------------------------------------
|               OPTIMIZING CANDIDATE TREE SET                      |
--------------------------------------------------------------------
Estimate model parameters (epsilon = 0.100)
BETTER TREE FOUND at iteration 23: -7513.904
Iteration 30 / LogL: -7513.904 / Time: 0h:0m:43s (0h:2m:19s left)
Iteration 40 / LogL: -7515.415 / Time: 0h:0m:47s (0h:1m:40s left)
Iteration 50 / LogL: -7514.909 / Time: 0h:0m:51s (0h:1m:15s left)
Log-likelihood cutoff on original alignment: -7558.243
UPDATE BEST LOG-LIKELIHOOD: -7513.904
Iteration 60 / LogL: -7514.742 / Time: 0h:0m:54s (0h:0m:58s left)
UPDATE BEST LOG-LIKELIHOOD: -7513.904
Iteration 70 / LogL: -7515.404 / Time: 0h:0m:58s (0h:0m:44s left)
Iteration 80 / LogL: -7513.905 / Time: 0h:1m:2s (0h:0m:33s left)
Iteration 90 / LogL: -7514.743 / Time: 0h:1m:6s (0h:0m:24s left)
UPDATE BEST LOG-LIKELIHOOD: -7513.904
Iteration 100 / LogL: -7526.492 / Time: 0h:1m:10s (0h:0m:16s left)
Log-likelihood cutoff on original alignment: -7558.243
NOTE: Bootstrap correlation coefficient of split occurrence frequencies: 0.998
Iteration 110 / LogL: -7514.114 / Time: 0h:1m:15s (0h:1m:2s left)
Iteration 120 / LogL: -7514.910 / Time: 0h:1m:20s (0h:0m:54s left)
TREE SEARCH COMPLETED AFTER 124 ITERATIONS / Time: 0h:1m:23s

--------------------------------------------------------------------
|                    FINALIZING TREE SEARCH                        |
--------------------------------------------------------------------
Performs final model parameters optimization
Estimate model parameters (epsilon = 0.010)
1. Initial log-likelihood: -7513.904
Optimal log-likelihood: -7513.904
Gamma shape alpha: 0.595
Parameters optimization took 1 rounds (0.046 sec)
BEST SCORE FOUND : -7513.904
Creating bootstrap support values...
Split supports printed to NEXUS file /csm_data/spielman_lab/aa_phylo_fit_topology//simulations/alignments/1IBS_opisthokonta_rep20_AA.fasta.splits.nex
Total tree length: 6.230

Total number of iterations: 124
CPU time used for tree search: 318.101 sec (0h:5m:18s)
Wall-clock time used for tree search: 54.761 sec (0h:0m:54s)
Total CPU time used: 418.896 sec (0h:6m:58s)
Total wall-clock time used: 83.452 sec (0h:1m:23s)

Computing bootstrap consensus tree...
Reading input file /csm_data/spielman_lab/aa_phylo_fit_topology//simulations/alignments/1IBS_opisthokonta_rep20_AA.fasta.splits.nex...
70 taxa and 407 splits.
Consensus tree written to /csm_data/spielman_lab/aa_phylo_fit_topology//simulations/alignments/1IBS_opisthokonta_rep20_AA.fasta.contree
Reading input trees file /csm_data/spielman_lab/aa_phylo_fit_topology//simulations/alignments/1IBS_opisthokonta_rep20_AA.fasta.contree
Log-likelihood of consensus tree: -7513.904

Analysis results written to: 
  IQ-TREE report:                /csm_data/spielman_lab/aa_phylo_fit_topology//simulations/alignments/1IBS_opisthokonta_rep20_AA.fasta.iqtree
  Maximum-likelihood tree:       /csm_data/spielman_lab/aa_phylo_fit_topology//simulations/alignments/1IBS_opisthokonta_rep20_AA.fasta.treefile
  Likelihood distances:          /csm_data/spielman_lab/aa_phylo_fit_topology//simulations/alignments/1IBS_opisthokonta_rep20_AA.fasta.mldist

Ultrafast bootstrap approximation results written to:
  Split support values:          /csm_data/spielman_lab/aa_phylo_fit_topology//simulations/alignments/1IBS_opisthokonta_rep20_AA.fasta.splits.nex
  Consensus tree:                /csm_data/spielman_lab/aa_phylo_fit_topology//simulations/alignments/1IBS_opisthokonta_rep20_AA.fasta.contree
  Screen log file:               /csm_data/spielman_lab/aa_phylo_fit_topology//simulations/alignments/1IBS_opisthokonta_rep20_AA.fasta.log

Date and Time: Fri Nov  1 21:04:43 2019
