IQ-TREE multicore version 1.6.7 for Linux 64-bit built Aug 23 2018
Developed by Bui Quang Minh, Nguyen Lam Tung, Olga Chernomor,
Heiko Schmidt, Dominik Schrempf, Michael Woodhams.

Host:    csm-com-012 (AVX2, FMA3, 62 GB RAM)
Command: iqtree -quiet -nt AUTO -ntmax 8 -m JTT+F+I -s /csm_data/spielman_lab/aa_phylo_fit_topology//simulations/alignments/1IBS_andersen_rep12_AA.fasta -st AA -redo -bb 1000
Seed:    850856 (Using SPRNG - Scalable Parallel Random Number Generator)
Time:    Fri Nov  1 17:05:05 2019
Kernel:  AVX+FMA - auto-detect threads (48 CPU cores detected)

Reading alignment file /csm_data/spielman_lab/aa_phylo_fit_topology//simulations/alignments/1IBS_andersen_rep12_AA.fasta ... Fasta format detected
Alignment most likely contains protein sequences
Alignment has 179 sequences with 291 columns, 163 distinct patterns
92 parsimony-informative, 57 singleton sites, 142 constant sites
                      Gap/Ambiguity  Composition  p-value
   1  BA366-S-GIN-2003        0.00%    passed    100.00%
   2  G502-S-SLE-2009         0.00%    passed    100.00%
   3  G1180-S-SLE-2010        0.00%    passed    100.00%
   4  G2147-S-SLE-2011        0.00%    passed    100.00%
   5  G2165-S-SLE-2011        0.00%    passed    100.00%
   6  LM222-S-SLE-2010        0.00%    passed    100.00%
   7  LM774-S-SLE-2012        0.00%    passed    100.00%
   8  LM778-S-SLE-2012        0.00%    passed    100.00%
   9  G2184-S-SLE-2011        0.00%    passed    100.00%
  10  LM776-S-SLE-2012        0.00%    passed    100.00%
  11  G503-S-SLE-2009         0.00%    passed    100.00%
  12  G2318-S-SLE-2012        0.00%    passed    100.00%
  13  G1959-S-SLE-2011        0.00%    passed    100.00%
  14  G3010-S-SLE-2013        0.00%    passed    100.00%
  15  G610-S-SLE-2009         0.00%    passed    100.00%
  16  G693-S-SLE-2009         0.00%    passed    100.00%
  17  G771-S-SLE-2010         0.00%    passed    100.00%
  18  G1792-S-SLE-2011        0.00%    passed    100.00%
  19  G1960-S-SLE-2011        0.00%    passed    100.00%
  20  G2565-S-SLE-2012        0.00%    passed    100.00%
  21  G2197-S-SLE-2011        0.00%    passed    100.00%
  22  LM032-S-SLE-2010        0.00%    passed    100.00%
  23  Josiah-S-SLE-1976       0.00%    passed    100.00%
  24  G808-S-SLE-2010         0.00%    passed    100.00%
  25  G2868-S-SLE-2012        0.00%    passed    100.00%
  26  G676-S-SLE-2009         0.00%    passed    100.00%
  27  G2405-S-SLE-2012        0.00%    passed    100.00%
  28  G1190-S-SLE-2010        0.00%    passed    100.00%
  29  G2944-S-SLE-2012        0.00%    passed    100.00%
  30  LM765-S-SLE-2012        0.00%    passed    100.00%
  31  G3148-S-SLE-2013        0.00%    passed    100.00%
  32  Z0947-S-SLE-2011        0.00%    passed    100.00%
  33  Z0948-S-SLE-2011        0.00%    passed    100.00%
  34  G1727-S-SLE-2011        0.00%    passed    100.00%
  35  G1647-S-SLE-2011        0.00%    passed    100.00%
  36  G2295-S-SLE-2012        0.00%    passed    100.00%
  37  G2587-S-SLE-2012        0.00%    passed    100.00%
  38  G2280-S-SLE-2012        0.00%    passed    100.00%
  39  G3016-S-SLE-2013        0.00%    passed    100.00%
  40  G3106-S-SLE-2013        0.00%    passed    100.00%
  41  G2612-S-SLE-2012        0.00%    passed    100.00%
  42  LM779-S-SLE-2012        0.00%    passed    100.00%
  43  G692-S-SLE-2009         0.00%    passed    100.00%
  44  LM395-S-SLE-2009        0.00%    passed    100.00%
  45  G1774-S-SLE-2011        0.00%    passed    100.00%
  46  G2222-S-SLE-2011        0.00%    passed    100.00%
  47  G636-S-SLE-2009         0.00%    passed    100.00%
  48  G2315-S-SLE-2012        0.00%    passed    100.00%
  49  G2903-S-SLE-2012        0.00%    passed    100.00%
  50  G3206-S-SLE-2013        0.00%    passed    100.00%
  51  G733-S-SLE-2010         0.00%    passed    100.00%
  52  G2554-S-SLE-2012        0.00%    passed    100.00%
  53  G1618-S-SLE-2011        0.00%    passed    100.00%
  54  G1646-S-SLE-2011        0.00%    passed    100.00%
  55  G2427-S-SLE-2012        0.00%    passed    100.00%
  56  G2392-S-SLE-2012        0.00%    passed    100.00%
  57  G3229-S-SLE-2013        0.00%    passed    100.00%
  58  G3151-S-SLE-2013        0.00%    passed    100.00%
  59  G3248-S-SLE-2013        0.00%    passed    100.00%
  60  G3170-S-SLE-2013        0.00%    passed    100.00%
  61  NL-S-SLE-2000           0.00%    passed    100.00%
  62  G2263-S-SLE-2012        0.00%    passed    100.00%
  63  G2431-S-SLE-2012        0.00%    passed    100.00%
  64  G1442-S-SLE-2011        0.00%    passed    100.00%
  65  G2141-S-SLE-2011        0.00%    passed    100.00%
  66  G1529-S-SLE-2011        0.00%    passed    100.00%
  67  G3234-S-SLE-2013        0.00%    passed    100.00%
  68  G2363-S-SLE-2012        0.00%    passed    100.00%
  69  G2259-S-SLE-2012        0.00%    passed    100.00%
  70  G2723-S-SLE-2012        0.00%    passed    100.00%
  71  G3278-S-SLE-2013        0.00%    passed     99.99%
  72  G2557-S-SLE-2012        0.00%    passed    100.00%
  73  G2615-S-SLE-2012        0.00%    passed    100.00%
  74  G1200-S-LIB-2010        0.00%    passed    100.00%
  75  Macenta-S-GIN-1982      0.00%    passed    100.00%
  76  Z148-S-LIB-1981         0.00%    passed    100.00%
  77  AV-S-CIV-1999           0.00%    passed    100.00%
  78  Nig08-A18-S-NIG-2008    0.00%    passed    100.00%
  79  Nig08-A19-S-NIG-2008    0.00%    passed     99.99%
  80  CSF-S-NIG-2001          0.00%    passed     99.98%
  81  ISTH0009-S-NIG-2011     0.00%    passed    100.00%
  82  LASV979-S-NIG-2009      0.00%    passed    100.00%
  83  LASV237-S-NIG-2010      0.00%    passed    100.00%
  84  LASV711-S-NIG-2009      0.00%    passed    100.00%
  85  LASV992-S-NIG-2009      0.00%    passed    100.00%
  86  ISTH0230-S-NIG-2011     0.00%    passed    100.00%
  87  LASV975-S-NIG-2009      0.00%    passed    100.00%
  88  ISTH2061-S-NIG-2012     0.00%    passed    100.00%
  89  Nig08-A41-S-NIG-2008    0.00%    passed    100.00%
  90  ISTH2217-S-NIG-2012     0.00%    passed    100.00%
  91  ISTH1064-S-NIG-2011     0.00%    passed    100.00%
  92  ISTH2334-S-NIG-2012     0.00%    passed    100.00%
  93  LASV245-S-NIG-2011      0.00%    passed    100.00%
  94  LASV1011-S-NIG-2009     0.00%    passed    100.00%
  95  ISTH2312-S-NIG-2012     0.00%    passed    100.00%
  96  LASV1000-S-NIG-2009     0.00%    passed    100.00%
  97  ISTH2010-S-NIG-2012     0.00%    passed    100.00%
  98  ISTH2016-S-NIG-2012     0.00%    passed    100.00%
  99  Nig08-A37-S-NIG-2008    0.00%    passed    100.00%
 100  LASV737-S-NIG-2009      0.00%    passed    100.00%
 101  LASV719-S-NIG-2009      0.00%    passed    100.00%
 102  LASV046-S-NIG-2009      0.00%    passed    100.00%
 103  ISTH2042-S-NIG-2012     0.00%    passed    100.00%
 104  LASV274-S-NIG-2010      0.00%    passed    100.00%
 105  LASV263-S-NIG-2011      0.00%    passed    100.00%
 106  ISTH1137-S-NIG-2011     0.00%    passed    100.00%
 107  LASV976-S-NIG-2009      0.00%    passed    100.00%
 108  LASV1016-S-NIG-2009     0.00%    passed    100.00%
 109  LASV229-S-NIG-2010      0.00%    passed    100.00%
 110  ISTH2129-S-NIG-2012     0.00%    passed    100.00%
 111  ISTH2057-S-NIG-2012     0.00%    passed    100.00%
 112  LASV058-S-NIG-2008      0.00%    passed    100.00%
 113  ISTH1038-S-NIG-2011     0.00%    passed    100.00%
 114  LASV056-S-NIG-2008      0.00%    passed    100.00%
 115  LASV042-S-NIG-2009      0.00%    passed    100.00%
 116  LASV981-S-NIG-2009      0.00%    passed    100.00%
 117  LASV256-S-NIG-2010      0.00%    passed    100.00%
 118  LASV052-S-NIG-2008      0.00%    passed    100.00%
 119  LASV063-S-NIG-2009      0.00%    passed    100.00%
 120  ISTH0595-S-NIG-2011     0.00%    passed    100.00%
 121  ISTH1096-S-NIG-2012     0.00%    passed    100.00%
 122  LASV221-S-NIG-2010      0.00%    passed    100.00%
 123  LASV977-S-NIG-2009      0.00%    passed    100.00%
 124  LASV971-S-NIG-2009      0.00%    passed    100.00%
 125  LASV967-S-NIG-2009      0.00%    passed    100.00%
 126  ISTH2050-S-NIG-2012     0.00%    passed    100.00%
 127  ISTH2031-S-NIG-2012     0.00%    passed    100.00%
 128  ISTH2376-S-NIG-2012     0.00%    passed    100.00%
 129  LASV991-S-NIG-2009      0.00%    passed    100.00%
 130  LASV267-S-NIG-2010      0.00%    passed    100.00%
 131  LASV049-S-NIG-2009      0.00%    passed    100.00%
 132  LASV239-S-NIG-2010      0.00%    passed    100.00%
 133  ISTH2037-S-NIG-2012     0.00%    passed    100.00%
 134  ISTH1069-S-NIG-2011     0.00%    passed    100.00%
 135  ISTH1129-S-NIG-2012     0.00%    passed    100.00%
 136  ISTH2304-S-NIG-2012     0.00%    passed    100.00%
 137  LASV246-S-NIG-2010      0.00%    passed    100.00%
 138  ISTH1111-S-NIG-2011     0.00%    passed    100.00%
 139  LASV006-S-NIG-2008      0.00%    passed    100.00%
 140  ISTH0531-S-NIG-2011     0.00%    passed    100.00%
 141  LASV254-S-NIG-2011      0.00%    passed    100.00%
 142  ISTH2358-S-NIG-2012     0.00%    passed    100.00%
 143  LASV966-S-NIG-2009      0.00%    passed    100.00%
 144  ISTH1058-S-NIG-2011     0.00%    passed    100.00%
 145  LASV241-S-NIG-2011      0.00%    passed    100.00%
 146  LASV271-S-NIG-2010      0.00%    passed    100.00%
 147  Nig08-A47-S-NIG-2008    0.00%    passed    100.00%
 148  ISTH0012-S-NIG-2011     0.00%    passed    100.00%
 149  LASV993-S-NIG-2009      0.00%    passed    100.00%
 150  ISTH2046-S-NIG-2012     0.00%    passed    100.00%
 151  LASV1008-S-NIG-2009     0.00%    passed    100.00%
 152  ISTH2020-S-NIG-2012     0.00%    passed    100.00%
 153  LASV003-S-NIG-2008      0.00%    passed    100.00%
 154  LASV242-S-NIG-2010      0.00%    passed    100.00%
 155  LASV253-S-NIG-2011      0.00%    passed    100.00%
 156  LASV982-S-NIG-2009      0.00%    passed    100.00%
 157  LASV251-S-NIG-2010      0.00%    passed    100.00%
 158  LASV989-S-NIG-2009      0.00%    passed    100.00%
 159  ISTH0047-S-NIG-2011     0.00%    passed    100.00%
 160  LASV990-S-NIG-2009      0.00%    passed    100.00%
 161  ISTH1003-S-NIG-2011     0.00%    passed    100.00%
 162  ISTH0073-S-NIG-2011     0.00%    passed    100.00%
 163  ISTH2316-S-NIG-2012     0.00%    passed    100.00%
 164  LASV225-S-NIG-2010      0.00%    passed    100.00%
 165  LASV978-S-NIG-2009      0.00%    passed    100.00%
 166  ISTH1048-S-NIG-2011     0.00%    passed    100.00%
 167  LASV045-S-NIG-2009      0.00%    passed    100.00%
 168  ISTH2025-S-NIG-2012     0.00%    passed    100.00%
 169  LASV250-S-NIG-2011      0.00%    passed    100.00%
 170  LASV1015-S-NIG-2009     0.00%    passed    100.00%
 171  LASV035-S-NIG-2009      0.00%    passed    100.00%
 172  ISTH1107-S-NIG-2012     0.00%    passed    100.00%
 173  ISTH2271-S-NIG-2012     0.00%    passed    100.00%
 174  ISTH1121-S-NIG-2012     0.00%    passed    100.00%
 175  ISTH2065-S-NIG-2012     0.00%    passed    100.00%
 176  ISTH2066-S-NIG-2012     0.00%    passed    100.00%
 177  ISTH2094-S-NIG-2012     0.00%    passed     99.86%
 178  Nig08-04-S-NIG-2008     0.00%    passed     99.86%
 179  Pinneo-S-NIG-1969       0.00%    passed     99.81%
****  TOTAL                   0.00%  0 sequences failed composition chi2 test (p-value<5%; df=18)
NOTE: LM774-S-SLE-2012 is identical to LM222-S-SLE-2010 but kept for subsequent analysis
NOTE: G693-S-SLE-2009 is identical to G610-S-SLE-2009 but kept for subsequent analysis
NOTE: G808-S-SLE-2010 is identical to Josiah-S-SLE-1976 but kept for subsequent analysis
NOTE: Z0948-S-SLE-2011 is identical to Z0947-S-SLE-2011 but kept for subsequent analysis
NOTE: G2295-S-SLE-2012 is identical to G1647-S-SLE-2011 but kept for subsequent analysis
NOTE: G3106-S-SLE-2013 is identical to G3016-S-SLE-2013 but kept for subsequent analysis
NOTE: G2222-S-SLE-2011 is identical to G1774-S-SLE-2011 but kept for subsequent analysis
NOTE: G2315-S-SLE-2012 is identical to G636-S-SLE-2009 but kept for subsequent analysis
NOTE: G3229-S-SLE-2013 is identical to G2392-S-SLE-2012 but kept for subsequent analysis
NOTE: G3248-S-SLE-2013 is identical to G3151-S-SLE-2013 but kept for subsequent analysis
NOTE: G3234-S-SLE-2013 is identical to G1529-S-SLE-2011 but kept for subsequent analysis
NOTE: Z148-S-LIB-1981 is identical to Macenta-S-GIN-1982 but kept for subsequent analysis
NOTE: LASV979-S-NIG-2009 is identical to ISTH0009-S-NIG-2011 but kept for subsequent analysis
NOTE: LASV046-S-NIG-2009 is identical to ISTH2010-S-NIG-2012 but kept for subsequent analysis
NOTE: LASV737-S-NIG-2009 is identical to Nig08-A37-S-NIG-2008 but kept for subsequent analysis
NOTE: LASV1016-S-NIG-2009 is identical to LASV976-S-NIG-2009 but kept for subsequent analysis
NOTE: ISTH0595-S-NIG-2011 is identical to LASV042-S-NIG-2009 but kept for subsequent analysis
NOTE: LASV977-S-NIG-2009 is identical to LASV221-S-NIG-2010 but kept for subsequent analysis
NOTE: LASV006-S-NIG-2008 is identical to ISTH1111-S-NIG-2011 but kept for subsequent analysis
NOTE: LASV241-S-NIG-2011 is identical to ISTH1058-S-NIG-2011 but kept for subsequent analysis
NOTE: LASV993-S-NIG-2009 is identical to ISTH0012-S-NIG-2011 but kept for subsequent analysis
NOTE: LASV242-S-NIG-2010 is identical to LASV003-S-NIG-2008 but kept for subsequent analysis
NOTE: ISTH2316-S-NIG-2012 is identical to ISTH0073-S-NIG-2011 but kept for subsequent analysis
NOTE: ISTH2066-S-NIG-2012 is identical to ISTH2065-S-NIG-2012 but kept for subsequent analysis
NOTE: 42 identical sequences (see below) will be ignored for subsequent analysis
NOTE: LM778-S-SLE-2012 (identical to LM222-S-SLE-2010) is ignored but added at the end
NOTE: G771-S-SLE-2010 (identical to G610-S-SLE-2009) is ignored but added at the end
NOTE: G1792-S-SLE-2011 (identical to G610-S-SLE-2009) is ignored but added at the end
NOTE: G1960-S-SLE-2011 (identical to G610-S-SLE-2009) is ignored but added at the end
NOTE: G2565-S-SLE-2012 (identical to G610-S-SLE-2009) is ignored but added at the end
NOTE: G2197-S-SLE-2011 (identical to G610-S-SLE-2009) is ignored but added at the end
NOTE: G2868-S-SLE-2012 (identical to Josiah-S-SLE-1976) is ignored but added at the end
NOTE: G1190-S-SLE-2010 (identical to Josiah-S-SLE-1976) is ignored but added at the end
NOTE: G2944-S-SLE-2012 (identical to Josiah-S-SLE-1976) is ignored but added at the end
NOTE: LM765-S-SLE-2012 (identical to Josiah-S-SLE-1976) is ignored but added at the end
NOTE: G2280-S-SLE-2012 (identical to Josiah-S-SLE-1976) is ignored but added at the end
NOTE: G2612-S-SLE-2012 (identical to Josiah-S-SLE-1976) is ignored but added at the end
NOTE: LM779-S-SLE-2012 (identical to Josiah-S-SLE-1976) is ignored but added at the end
NOTE: G692-S-SLE-2009 (identical to Josiah-S-SLE-1976) is ignored but added at the end
NOTE: G1618-S-SLE-2011 (identical to Josiah-S-SLE-1976) is ignored but added at the end
NOTE: G2587-S-SLE-2012 (identical to G1647-S-SLE-2011) is ignored but added at the end
NOTE: G3170-S-SLE-2013 (identical to G3151-S-SLE-2013) is ignored but added at the end
NOTE: LASV237-S-NIG-2010 (identical to ISTH0009-S-NIG-2011) is ignored but added at the end
NOTE: LASV711-S-NIG-2009 (identical to ISTH0009-S-NIG-2011) is ignored but added at the end
NOTE: ISTH0230-S-NIG-2011 (identical to ISTH0009-S-NIG-2011) is ignored but added at the end
NOTE: ISTH1064-S-NIG-2011 (identical to ISTH0009-S-NIG-2011) is ignored but added at the end
NOTE: ISTH2334-S-NIG-2012 (identical to ISTH0009-S-NIG-2011) is ignored but added at the end
NOTE: LASV245-S-NIG-2011 (identical to ISTH0009-S-NIG-2011) is ignored but added at the end
NOTE: LASV1011-S-NIG-2009 (identical to ISTH0009-S-NIG-2011) is ignored but added at the end
NOTE: ISTH1137-S-NIG-2011 (identical to ISTH0009-S-NIG-2011) is ignored but added at the end
NOTE: LASV229-S-NIG-2010 (identical to ISTH0009-S-NIG-2011) is ignored but added at the end
NOTE: ISTH0531-S-NIG-2011 (identical to ISTH0009-S-NIG-2011) is ignored but added at the end
NOTE: LASV254-S-NIG-2011 (identical to ISTH0009-S-NIG-2011) is ignored but added at the end
NOTE: LASV263-S-NIG-2011 (identical to ISTH2010-S-NIG-2012) is ignored but added at the end
NOTE: LASV991-S-NIG-2009 (identical to LASV042-S-NIG-2009) is ignored but added at the end
NOTE: LASV267-S-NIG-2010 (identical to LASV042-S-NIG-2009) is ignored but added at the end
NOTE: LASV271-S-NIG-2010 (identical to ISTH1058-S-NIG-2011) is ignored but added at the end
NOTE: Nig08-A47-S-NIG-2008 (identical to ISTH1058-S-NIG-2011) is ignored but added at the end
NOTE: ISTH2046-S-NIG-2012 (identical to ISTH1058-S-NIG-2011) is ignored but added at the end
NOTE: LASV253-S-NIG-2011 (identical to LASV003-S-NIG-2008) is ignored but added at the end
NOTE: LASV982-S-NIG-2009 (identical to LASV003-S-NIG-2008) is ignored but added at the end
NOTE: LASV978-S-NIG-2009 (identical to ISTH0073-S-NIG-2011) is ignored but added at the end
NOTE: ISTH1048-S-NIG-2011 (identical to ISTH0073-S-NIG-2011) is ignored but added at the end
NOTE: LASV045-S-NIG-2009 (identical to ISTH0073-S-NIG-2011) is ignored but added at the end
NOTE: LASV250-S-NIG-2011 (identical to ISTH0073-S-NIG-2011) is ignored but added at the end
NOTE: LASV1015-S-NIG-2009 (identical to ISTH0073-S-NIG-2011) is ignored but added at the end
NOTE: LASV035-S-NIG-2009 (identical to ISTH0073-S-NIG-2011) is ignored but added at the end

For your convenience alignment with unique sequences printed to /csm_data/spielman_lab/aa_phylo_fit_topology//simulations/alignments/1IBS_andersen_rep12_AA.fasta.uniqueseq.phy
NOTE: State(s) W not present in alignment and thus removed from Markov process to prevent numerical problems
NOTE: 1 states (see above) are not present and thus removed from Markov process to prevent numerical problems

Create initial parsimony tree by phylogenetic likelihood library (PLL)... 0.050 seconds
Generating 1000 samples for ultrafast bootstrap (seed: 850856)...

NOTE: 4 MB RAM (0 GB) is required!
Measuring multi-threading efficiency up to 8 CPU cores
Increase to 10 rounds for branch lengths
72 trees examined
Threads: 1 / Time: 8.011 sec / Speedup: 1.000 / Efficiency: 100% / LogL: -9740
Threads: 2 / Time: 4.725 sec / Speedup: 1.696 / Efficiency: 85% / LogL: -9740
Threads: 3 / Time: 4.370 sec / Speedup: 1.833 / Efficiency: 61% / LogL: -9740
Threads: 4 / Time: 4.460 sec / Speedup: 1.796 / Efficiency: 45% / LogL: -9740
BEST NUMBER OF THREADS: 3

Estimate model parameters (epsilon = 0.100)
1. Initial log-likelihood: -3133.322
2. Current log-likelihood: -3002.604
3. Current log-likelihood: -3002.316
Optimal log-likelihood: -3002.307
Proportion of invariable sites: 0.338
Parameters optimization took 3 rounds (0.095 sec)
Computing ML distances based on estimated model parameters... 1.011 sec
Computing BIONJ tree...
0.015 seconds
Log-likelihood of BIONJ tree: -3018.970
--------------------------------------------------------------------
|             INITIALIZING CANDIDATE TREE SET                      |
--------------------------------------------------------------------
Generating 98 parsimony trees... 2.331 second
Computing log-likelihood of 98 initial trees ... 2.064 seconds
Current best score: -3001.971

Do NNI search on 20 best initial trees
Estimate model parameters (epsilon = 0.100)
BETTER TREE FOUND at iteration 1: -3000.355
Estimate model parameters (epsilon = 0.100)
BETTER TREE FOUND at iteration 3: -3000.265
BETTER TREE FOUND at iteration 4: -3000.265
Iteration 10 / LogL: -3002.551 / Time: 0h:0m:30s
Iteration 20 / LogL: -3003.881 / Time: 0h:0m:33s
Finish initializing candidate tree set (20)
Current best tree score: -3000.265 / CPU time: 10.001
Number of iterations: 20
--------------------------------------------------------------------
|               OPTIMIZING CANDIDATE TREE SET                      |
--------------------------------------------------------------------
BETTER TREE FOUND at iteration 21: -3000.265
Estimate model parameters (epsilon = 0.100)
BETTER TREE FOUND at iteration 25: -2999.943
Iteration 30 / LogL: -3000.264 / Time: 0h:0m:37s (0h:1m:56s left)
BETTER TREE FOUND at iteration 36: -2999.943
Iteration 40 / LogL: -3005.785 / Time: 0h:0m:41s (0h:1m:37s left)
BETTER TREE FOUND at iteration 45: -2999.943
BETTER TREE FOUND at iteration 48: -2999.943
Iteration 50 / LogL: -2999.943 / Time: 0h:0m:45s (0h:1m:27s left)
Log-likelihood cutoff on original alignment: -3033.152
BETTER TREE FOUND at iteration 52: -2999.943
BETTER TREE FOUND at iteration 53: -2999.942
BETTER TREE FOUND at iteration 54: -2999.942
Iteration 60 / LogL: -3029.802 / Time: 0h:0m:50s (0h:1m:17s left)
BETTER TREE FOUND at iteration 62: -2999.941
BETTER TREE FOUND at iteration 63: -2999.941
Iteration 70 / LogL: -2999.942 / Time: 0h:0m:54s (0h:1m:11s left)
BETTER TREE FOUND at iteration 71: -2999.941
BETTER TREE FOUND at iteration 74: -2999.941
BETTER TREE FOUND at iteration 78: -2999.941
Iteration 80 / LogL: -3000.262 / Time: 0h:0m:58s (0h:1m:10s left)
BETTER TREE FOUND at iteration 89: -2999.940
Iteration 90 / LogL: -2999.941 / Time: 0h:1m:2s (0h:1m:8s left)
BETTER TREE FOUND at iteration 98: -2999.939
Iteration 100 / LogL: -2999.941 / Time: 0h:1m:7s (0h:1m:5s left)
Log-likelihood cutoff on original alignment: -3034.383
NOTE: Bootstrap correlation coefficient of split occurrence frequencies: 0.986
NOTE: UFBoot does not converge, continue at least 100 more iterations
BETTER TREE FOUND at iteration 101: -2999.939
Iteration 110 / LogL: -3010.357 / Time: 0h:1m:12s (0h:0m:58s left)
BETTER TREE FOUND at iteration 111: -2999.939
Iteration 120 / LogL: -3007.197 / Time: 0h:1m:16s (0h:0m:56s left)
BETTER TREE FOUND at iteration 127: -2999.939
Iteration 130 / LogL: -3018.498 / Time: 0h:1m:20s (0h:0m:59s left)
BETTER TREE FOUND at iteration 133: -2999.938
BETTER TREE FOUND at iteration 138: -2999.938
BETTER TREE FOUND at iteration 139: -2999.938
Iteration 140 / LogL: -2999.939 / Time: 0h:1m:24s (0h:0m:59s left)
BETTER TREE FOUND at iteration 141: -2999.938
BETTER TREE FOUND at iteration 145: -2999.938
BETTER TREE FOUND at iteration 149: -2999.938
Iteration 150 / LogL: -3002.211 / Time: 0h:1m:29s (0h:0m:58s left)
Log-likelihood cutoff on original alignment: -3033.397
BETTER TREE FOUND at iteration 157: -2999.938
BETTER TREE FOUND at iteration 159: -2999.937
Iteration 160 / LogL: -3006.091 / Time: 0h:1m:34s (0h:0m:57s left)
Iteration 170 / LogL: -3011.047 / Time: 0h:1m:39s (0h:0m:51s left)
Iteration 180 / LogL: -3016.456 / Time: 0h:1m:43s (0h:0m:45s left)
BETTER TREE FOUND at iteration 188: -2999.937
Iteration 190 / LogL: -3005.148 / Time: 0h:1m:49s (0h:0m:55s left)
BETTER TREE FOUND at iteration 191: -2999.937
BETTER TREE FOUND at iteration 197: -2999.936
Iteration 200 / LogL: -2999.937 / Time: 0h:1m:54s (0h:0m:55s left)
Log-likelihood cutoff on original alignment: -3033.397
NOTE: Bootstrap correlation coefficient of split occurrence frequencies: 0.992
Iteration 210 / LogL: -2999.937 / Time: 0h:2m:0s (0h:0m:51s left)
BETTER TREE FOUND at iteration 217: -2999.936
BETTER TREE FOUND at iteration 218: -2999.936
Iteration 220 / LogL: -3013.575 / Time: 0h:2m:6s (0h:0m:55s left)
Iteration 230 / LogL: -3005.935 / Time: 0h:2m:11s (0h:0m:49s left)
BETTER TREE FOUND at iteration 232: -2999.936
Iteration 240 / LogL: -3001.861 / Time: 0h:2m:16s (0h:0m:51s left)
Iteration 250 / LogL: -3009.546 / Time: 0h:2m:21s (0h:0m:45s left)
Log-likelihood cutoff on original alignment: -3033.202
BETTER TREE FOUND at iteration 258: -2999.935
Iteration 260 / LogL: -3007.940 / Time: 0h:2m:26s (0h:0m:54s left)
Iteration 270 / LogL: -3028.232 / Time: 0h:2m:31s (0h:0m:49s left)
Iteration 280 / LogL: -2999.936 / Time: 0h:2m:36s (0h:0m:43s left)
Iteration 290 / LogL: -3006.307 / Time: 0h:2m:42s (0h:0m:37s left)
BETTER TREE FOUND at iteration 294: -2999.935
Iteration 300 / LogL: -3000.257 / Time: 0h:2m:47s (0h:0m:52s left)
Log-likelihood cutoff on original alignment: -3033.202
NOTE: Bootstrap correlation coefficient of split occurrence frequencies: 0.992
BETTER TREE FOUND at iteration 302: -2999.935
Iteration 310 / LogL: -3007.972 / Time: 0h:2m:53s (0h:0m:51s left)
BETTER TREE FOUND at iteration 315: -2999.935
Iteration 320 / LogL: -2999.937 / Time: 0h:2m:58s (0h:0m:52s left)
Iteration 330 / LogL: -2999.936 / Time: 0h:3m:3s (0h:0m:47s left)
BETTER TREE FOUND at iteration 333: -2999.935
Iteration 340 / LogL: -3000.628 / Time: 0h:3m:8s (0h:0m:51s left)
Iteration 350 / LogL: -3006.003 / Time: 0h:3m:13s (0h:0m:45s left)
Log-likelihood cutoff on original alignment: -3032.968
BETTER TREE FOUND at iteration 351: -2999.934
Iteration 360 / LogL: -3010.290 / Time: 0h:3m:19s (0h:0m:50s left)
BETTER TREE FOUND at iteration 361: -2999.934
Iteration 370 / LogL: -2999.935 / Time: 0h:3m:24s (0h:0m:50s left)
Iteration 380 / LogL: -2999.935 / Time: 0h:3m:30s (0h:0m:44s left)
Iteration 390 / LogL: -3001.619 / Time: 0h:3m:35s (0h:0m:39s left)
Iteration 400 / LogL: -3019.039 / Time: 0h:3m:41s (0h:0m:33s left)
Log-likelihood cutoff on original alignment: -3033.837
NOTE: Bootstrap correlation coefficient of split occurrence frequencies: 0.989
NOTE: UFBoot does not converge, continue at least 100 more iterations
Iteration 410 / LogL: -2999.936 / Time: 0h:3m:46s (0h:0m:49s left)
Iteration 420 / LogL: -3009.546 / Time: 0h:3m:52s (0h:0m:44s left)
Iteration 430 / LogL: -2999.934 / Time: 0h:3m:58s (0h:0m:38s left)
Iteration 440 / LogL: -3014.166 / Time: 0h:4m:4s (0h:0m:33s left)
Iteration 450 / LogL: -3014.634 / Time: 0h:4m:10s (0h:0m:27s left)
Log-likelihood cutoff on original alignment: -3035.087
Iteration 460 / LogL: -2999.935 / Time: 0h:4m:17s (0h:0m:22s left)
BETTER TREE FOUND at iteration 465: -2999.934
BETTER TREE FOUND at iteration 470: -2999.934
Iteration 470 / LogL: -2999.934 / Time: 0h:4m:22s (0h:0m:55s left)
Iteration 480 / LogL: -3013.573 / Time: 0h:4m:28s (0h:0m:50s left)
Iteration 490 / LogL: -2999.936 / Time: 0h:4m:34s (0h:0m:44s left)
Iteration 500 / LogL: -2999.935 / Time: 0h:4m:39s (0h:0m:39s left)
Log-likelihood cutoff on original alignment: -3035.087
NOTE: Bootstrap correlation coefficient of split occurrence frequencies: 0.988
NOTE: UFBoot does not converge, continue at least 100 more iterations
Iteration 510 / LogL: -2999.935 / Time: 0h:4m:46s (0h:0m:50s left)
BETTER TREE FOUND at iteration 511: -2999.934
Iteration 520 / LogL: -3010.289 / Time: 0h:4m:52s (0h:0m:51s left)
Iteration 530 / LogL: -3001.858 / Time: 0h:4m:58s (0h:0m:45s left)
BETTER TREE FOUND at iteration 531: -2999.934
BETTER TREE FOUND at iteration 533: -2999.934
Iteration 540 / LogL: -2999.935 / Time: 0h:5m:4s (0h:0m:52s left)
Iteration 550 / LogL: -3001.860 / Time: 0h:5m:10s (0h:0m:46s left)
Log-likelihood cutoff on original alignment: -3035.087
Iteration 560 / LogL: -3007.483 / Time: 0h:5m:16s (0h:0m:41s left)
BETTER TREE FOUND at iteration 562: -2999.934
Iteration 570 / LogL: -2999.934 / Time: 0h:5m:22s (0h:0m:51s left)
Iteration 580 / LogL: -2999.934 / Time: 0h:5m:29s (0h:0m:46s left)
Iteration 590 / LogL: -3005.199 / Time: 0h:5m:34s (0h:0m:40s left)
Iteration 600 / LogL: -3001.617 / Time: 0h:5m:41s (0h:0m:35s left)
Log-likelihood cutoff on original alignment: -3035.087
NOTE: Bootstrap correlation coefficient of split occurrence frequencies: 0.989
NOTE: UFBoot does not converge, continue at least 100 more iterations
Iteration 610 / LogL: -3006.295 / Time: 0h:5m:48s (0h:0m:51s left)
BETTER TREE FOUND at iteration 615: -2999.934
Iteration 620 / LogL: -2999.934 / Time: 0h:5m:54s (0h:0m:54s left)
Iteration 630 / LogL: -3024.787 / Time: 0h:6m:1s (0h:0m:48s left)
Iteration 640 / LogL: -3000.346 / Time: 0h:6m:7s (0h:0m:42s left)
Iteration 650 / LogL: -2999.934 / Time: 0h:6m:13s (0h:0m:37s left)
Log-likelihood cutoff on original alignment: -3035.361
Iteration 660 / LogL: -2999.935 / Time: 0h:6m:21s (0h:0m:31s left)
Iteration 670 / LogL: -2999.935 / Time: 0h:6m:27s (0h:0m:25s left)
BETTER TREE FOUND at iteration 677: -2999.933
Iteration 680 / LogL: -2999.935 / Time: 0h:6m:34s (0h:0m:56s left)
Iteration 690 / LogL: -3006.157 / Time: 0h:6m:41s (0h:0m:50s left)
Iteration 700 / LogL: -2999.934 / Time: 0h:6m:47s (0h:0m:44s left)
Log-likelihood cutoff on original alignment: -3035.361
NOTE: Bootstrap correlation coefficient of split occurrence frequencies: 0.989
NOTE: UFBoot does not converge, continue at least 100 more iterations
Iteration 710 / LogL: -2999.934 / Time: 0h:6m:55s (0h:0m:52s left)
BETTER TREE FOUND at iteration 719: -2999.933
Iteration 720 / LogL: -3010.173 / Time: 0h:7m:2s (0h:0m:57s left)
Iteration 730 / LogL: -3012.942 / Time: 0h:7m:9s (0h:0m:52s left)
Iteration 740 / LogL: -2999.934 / Time: 0h:7m:15s (0h:0m:46s left)
Iteration 750 / LogL: -2999.934 / Time: 0h:7m:22s (0h:0m:40s left)
Log-likelihood cutoff on original alignment: -3035.361
Iteration 760 / LogL: -2999.934 / Time: 0h:7m:30s (0h:0m:34s left)
Iteration 770 / LogL: -3000.345 / Time: 0h:7m:37s (0h:0m:29s left)
BETTER TREE FOUND at iteration 777: -2999.933
BETTER TREE FOUND at iteration 780: -2999.933
Iteration 780 / LogL: -2999.933 / Time: 0h:7m:45s (0h:0m:59s left)
BETTER TREE FOUND at iteration 783: -2999.933
Iteration 790 / LogL: -3011.840 / Time: 0h:7m:54s (0h:0m:55s left)
Iteration 800 / LogL: -3028.195 / Time: 0h:8m:1s (0h:0m:49s left)
Log-likelihood cutoff on original alignment: -3035.361
NOTE: Bootstrap correlation coefficient of split occurrence frequencies: 0.990
NOTE: UFBoot does not converge, continue at least 100 more iterations
Iteration 810 / LogL: -3006.162 / Time: 0h:8m:9s (0h:0m:54s left)
Iteration 820 / LogL: -2999.933 / Time: 0h:8m:17s (0h:0m:48s left)
Iteration 830 / LogL: -2999.933 / Time: 0h:8m:24s (0h:0m:42s left)
Iteration 840 / LogL: -2999.933 / Time: 0h:8m:32s (0h:0m:36s left)
Iteration 850 / LogL: -3005.710 / Time: 0h:8m:40s (0h:0m:30s left)
Log-likelihood cutoff on original alignment: -3035.361
Iteration 860 / LogL: -3011.226 / Time: 0h:8m:48s (0h:0m:24s left)
Iteration 870 / LogL: -2999.933 / Time: 0h:8m:55s (0h:0m:18s left)
Iteration 880 / LogL: -2999.935 / Time: 0h:9m:3s (0h:0m:12s left)
Iteration 890 / LogL: -2999.934 / Time: 0h:9m:10s (0h:0m:6s left)
Iteration 900 / LogL: -2999.934 / Time: 0h:9m:17s (0h:0m:0s left)
Log-likelihood cutoff on original alignment: -3035.361
NOTE: Bootstrap correlation coefficient of split occurrence frequencies: 0.990
TREE SEARCH COMPLETED AFTER 900 ITERATIONS / Time: 0h:9m:18s

--------------------------------------------------------------------
|                    FINALIZING TREE SEARCH                        |
--------------------------------------------------------------------
Performs final model parameters optimization
Estimate model parameters (epsilon = 0.010)
1. Initial log-likelihood: -2999.933
Optimal log-likelihood: -2999.932
Proportion of invariable sites: 0.339
Parameters optimization took 1 rounds (0.021 sec)
BEST SCORE FOUND : -2999.932
Creating bootstrap support values...
Split supports printed to NEXUS file /csm_data/spielman_lab/aa_phylo_fit_topology//simulations/alignments/1IBS_andersen_rep12_AA.fasta.splits.nex
Total tree length: 1.097

Total number of iterations: 900
CPU time used for tree search: 1511.113 sec (0h:25m:11s)
Wall-clock time used for tree search: 534.993 sec (0h:8m:54s)
Total CPU time used: 1604.634 sec (0h:26m:44s)
Total wall-clock time used: 559.391 sec (0h:9m:19s)

Computing bootstrap consensus tree...
Reading input file /csm_data/spielman_lab/aa_phylo_fit_topology//simulations/alignments/1IBS_andersen_rep12_AA.fasta.splits.nex...
137 taxa and 4522 splits.
Consensus tree written to /csm_data/spielman_lab/aa_phylo_fit_topology//simulations/alignments/1IBS_andersen_rep12_AA.fasta.contree
Reading input trees file /csm_data/spielman_lab/aa_phylo_fit_topology//simulations/alignments/1IBS_andersen_rep12_AA.fasta.contree
Log-likelihood of consensus tree: -2999.934

Analysis results written to: 
  IQ-TREE report:                /csm_data/spielman_lab/aa_phylo_fit_topology//simulations/alignments/1IBS_andersen_rep12_AA.fasta.iqtree
  Maximum-likelihood tree:       /csm_data/spielman_lab/aa_phylo_fit_topology//simulations/alignments/1IBS_andersen_rep12_AA.fasta.treefile
  Likelihood distances:          /csm_data/spielman_lab/aa_phylo_fit_topology//simulations/alignments/1IBS_andersen_rep12_AA.fasta.mldist

Ultrafast bootstrap approximation results written to:
  Split support values:          /csm_data/spielman_lab/aa_phylo_fit_topology//simulations/alignments/1IBS_andersen_rep12_AA.fasta.splits.nex
  Consensus tree:                /csm_data/spielman_lab/aa_phylo_fit_topology//simulations/alignments/1IBS_andersen_rep12_AA.fasta.contree
  Screen log file:               /csm_data/spielman_lab/aa_phylo_fit_topology//simulations/alignments/1IBS_andersen_rep12_AA.fasta.log

Date and Time: Fri Nov  1 17:14:26 2019
