IQ-TREE multicore version 1.6.7 for Linux 64-bit built Aug 23 2018
Developed by Bui Quang Minh, Nguyen Lam Tung, Olga Chernomor,
Heiko Schmidt, Dominik Schrempf, Michael Woodhams.

Host:    csm-com-012 (AVX2, FMA3, 62 GB RAM)
Command: iqtree -quiet -nt AUTO -ntmax 8 -m mtART -s /csm_data/spielman_lab/aa_phylo_fit_topology//simulations/alignments/1IBS_opisthokonta_rep17_AA.fasta -st AA -redo -bb 1000
Seed:    951958 (Using SPRNG - Scalable Parallel Random Number Generator)
Time:    Fri Nov  1 20:41:08 2019
Kernel:  AVX+FMA - auto-detect threads (48 CPU cores detected)

Reading alignment file /csm_data/spielman_lab/aa_phylo_fit_topology//simulations/alignments/1IBS_opisthokonta_rep17_AA.fasta ... Fasta format detected
Alignment most likely contains protein sequences
Alignment has 70 sequences with 291 columns, 238 distinct patterns
173 parsimony-informative, 50 singleton sites, 68 constant sites
                                  Gap/Ambiguity  Composition  p-value
   1  Oscarella_carmela                   0.00%    passed     99.11%
   2  Oscarella_lobularis                 0.00%    passed     99.99%
   3  Leucetta_chagosensis                0.00%    passed     37.00%
   4  Sycon_raphanus                      0.00%    passed     74.97%
   5  Oopsacas_minuta                     0.00%    passed     53.79%
   6  Carteriospongia_foliascens          0.00%    passed    100.00%
   7  Amphimedon_queenslandica            0.00%    passed    100.00%
   8  Suberites_domuncula                 0.00%    passed    100.00%
   9  Lubomirskia_baicalensis             0.00%    passed     99.99%
  10  Ephydatia_muelleri                  0.00%    passed    100.00%
  11  Trichoplax_adhaerens                0.00%    passed    100.00%
  12  Nematostella_vectensis              0.00%    passed    100.00%
  13  Anemonia_viridis                    0.00%    passed    100.00%
  14  Aiptasia_pallida                    0.00%    passed    100.00%
  15  Metridium_senile                    0.00%    passed    100.00%
  16  Acropora_palmata                    0.00%    passed    100.00%
  17  Acropora_millepora                  0.00%    passed    100.00%
  18  Porites_astreoides                  0.00%    passed    100.00%
  19  Montastraea_faveolata               0.00%    passed    100.00%
  20  Cyanea_capillata                    0.00%    passed    100.00%
  21  Clytia_hemisphaerica                0.00%    passed     99.99%
  22  Podocoryna_carnea                   0.00%    passed    100.00%
  23  Hydractinia_echinata                0.00%    passed    100.00%
  24  Hydra_magnipapillata                0.00%    passed    100.00%
  25  Saccoglossus_kowalevskii            0.00%    passed    100.00%
  26  Ptychodera_flava                    0.00%    passed    100.00%
  27  Strongylocentrotus_purpuratus       0.00%    passed    100.00%
  28  Asterina_pectinifera                0.00%    passed    100.00%
  29  Branchiostoma_floridae              0.00%    passed    100.00%
  30  Petromyzon_marinus                  0.00%    passed    100.00%
  31  Gallus                              0.00%    passed     99.99%
  32  Ciona_intestinalis                  0.00%    passed     99.99%
  33  Halocynthia_roretzi                 0.00%    passed    100.00%
  34  Anoplodactylus_eroticus             0.00%    passed    100.00%
  35  Boophilus_microplus                 0.00%    passed    100.00%
  36  Daphnia_pulex                       0.00%    passed     99.16%
  37  Drosophila_melanogaster             0.00%    passed     99.99%
  38  Euperipatoides_kanangrensis         0.00%    passed     99.98%
  39  Echinoderes_horni                   0.00%    passed    100.00%
  40  Xiphinema_index                     0.00%    passed     99.99%
  41  Cerebratulus_lacteus                0.00%    passed    100.00%
  42  Terebratalia_transversa             0.00%    passed     72.72%
  43  Lottia_gigantea                     0.00%    passed    100.00%
  44  Crassostrea_virginica               0.00%    passed    100.00%
  45  Euprymna_scolopes                   0.00%    passed     99.97%
  46  Capitella_telata                    0.00%    passed     99.97%
  47  Helobdella_robusta                  0.00%    passed     99.99%
  48  Schmidtea_mediterranea              0.00%    passed    100.00%
  49  Paraplanocera_oligoglena            0.00%    passed     99.99%
  50  Xenoturbella_bocki                  0.00%    passed    100.00%
  51  Nemertoderma_westbladi              0.00%    passed     99.98%
  52  Meara_stichopi                      0.00%    passed     99.99%
  53  Isodiametra_pulchra                 0.00%    passed    100.00%
  54  Symsagittifera_roscoffensis         0.00%    passed    100.00%
  55  Convolutriloba_longifissura         0.00%    passed     99.99%
  56  Capsaspora_owczarzaki_ATCC_30864    0.00%    passed    100.00%
  57  Amoebidium_parasiticum              0.00%    passed     99.93%
  58  Sphaeroforma_arctica                0.00%    passed     99.99%
  59  Spizellomyces_punctatus             0.00%    passed    100.00%
  60  Batrachochytrium_dendrobatidis      0.00%    passed     99.99%
  61  Cryptococcus_neoformans             0.00%    passed     61.94%
  62  Saccharomyces_cerevisiae            0.00%    passed    100.00%
  63  Phycomyces_blakesleeanus            0.00%    passed    100.00%
  64  Rhizopus_orizae                     0.00%    passed    100.00%
  65  Monosiga_ovata                      0.00%    passed    100.00%
  66  Salpingoeca_rosetta                 0.00%    passed     99.58%
  67  Monosiga_brevicollis                0.00%    passed     99.98%
  68  Mnemiopsis                          0.00%    passed    100.00%
  69  Mertensiid_sp                       0.00%    passed     99.99%
  70  Pleurobrachia_pileus                0.00%    passed     99.98%
****  TOTAL                               0.00%  0 sequences failed composition chi2 test (p-value<5%; df=18)
NOTE: State(s) W not present in alignment and thus removed from Markov process to prevent numerical problems
NOTE: 1 states (see above) are not present and thus removed from Markov process to prevent numerical problems

Create initial parsimony tree by phylogenetic likelihood library (PLL)... 0.019 seconds
Generating 1000 samples for ultrafast bootstrap (seed: 951958)...

NOTE: 3 MB RAM (0 GB) is required!
Measuring multi-threading efficiency up to 8 CPU cores
Increase to 10 rounds for branch lengths
123 trees examined
Threads: 1 / Time: 8.047 sec / Speedup: 1.000 / Efficiency: 100% / LogL: -11934
Threads: 2 / Time: 5.264 sec / Speedup: 1.529 / Efficiency: 76% / LogL: -11934
Threads: 3 / Time: 4.180 sec / Speedup: 1.925 / Efficiency: 64% / LogL: -11934
Threads: 4 / Time: 3.940 sec / Speedup: 2.043 / Efficiency: 51% / LogL: -11934
Threads: 5 / Time: 3.689 sec / Speedup: 2.181 / Efficiency: 44% / LogL: -11934
BEST NUMBER OF THREADS: 4

Estimate model parameters (epsilon = 0.100)
1. Initial log-likelihood: -8918.043
Optimal log-likelihood: -8885.667
Parameters optimization took 1 rounds (0.013 sec)
Computing ML distances based on estimated model parameters... 0.484 sec
Computing BIONJ tree...
0.004 seconds
Log-likelihood of BIONJ tree: -8907.976
--------------------------------------------------------------------
|             INITIALIZING CANDIDATE TREE SET                      |
--------------------------------------------------------------------
Generating 98 parsimony trees... 1.428 second
Computing log-likelihood of 98 initial trees ... 1.170 seconds
Current best score: -8864.074

Do NNI search on 20 best initial trees
Estimate model parameters (epsilon = 0.100)
BETTER TREE FOUND at iteration 1: -8853.618
UPDATE BEST LOG-LIKELIHOOD: -8853.618
Iteration 10 / LogL: -8853.618 / Time: 0h:0m:28s
Iteration 20 / LogL: -8854.616 / Time: 0h:0m:29s
Finish initializing candidate tree set (12)
Current best tree score: -8853.618 / CPU time: 4.299
Number of iterations: 20
--------------------------------------------------------------------
|               OPTIMIZING CANDIDATE TREE SET                      |
--------------------------------------------------------------------
Iteration 30 / LogL: -8860.532 / Time: 0h:0m:31s (0h:1m:15s left)
Iteration 40 / LogL: -8861.559 / Time: 0h:0m:32s (0h:0m:50s left)
Iteration 50 / LogL: -8853.618 / Time: 0h:0m:33s (0h:0m:34s left)
Log-likelihood cutoff on original alignment: -8912.459
Iteration 60 / LogL: -8860.062 / Time: 0h:0m:35s (0h:0m:24s left)
UPDATE BEST LOG-LIKELIHOOD: -8853.618
Iteration 70 / LogL: -8853.647 / Time: 0h:0m:36s (0h:0m:16s left)
Iteration 80 / LogL: -8871.393 / Time: 0h:0m:37s (0h:0m:9s left)
Iteration 90 / LogL: -8856.163 / Time: 0h:0m:38s (0h:0m:4s left)
UPDATE BEST LOG-LIKELIHOOD: -8853.618
Iteration 100 / LogL: -8853.618 / Time: 0h:0m:40s (0h:0m:0s left)
Log-likelihood cutoff on original alignment: -8912.459
NOTE: Bootstrap correlation coefficient of split occurrence frequencies: 0.997
TREE SEARCH COMPLETED AFTER 102 ITERATIONS / Time: 0h:0m:40s

--------------------------------------------------------------------
|                    FINALIZING TREE SEARCH                        |
--------------------------------------------------------------------
Performs final model parameters optimization
Estimate model parameters (epsilon = 0.010)
1. Initial log-likelihood: -8853.618
Optimal log-likelihood: -8853.618
Parameters optimization took 1 rounds (0.007 sec)
BEST SCORE FOUND : -8853.618
Creating bootstrap support values...
Split supports printed to NEXUS file /csm_data/spielman_lab/aa_phylo_fit_topology//simulations/alignments/1IBS_opisthokonta_rep17_AA.fasta.splits.nex
Total tree length: 4.808

Total number of iterations: 102
CPU time used for tree search: 56.545 sec (0h:0m:56s)
Wall-clock time used for tree search: 15.171 sec (0h:0m:15s)
Total CPU time used: 129.987 sec (0h:2m:9s)
Total wall-clock time used: 40.864 sec (0h:0m:40s)

Computing bootstrap consensus tree...
Reading input file /csm_data/spielman_lab/aa_phylo_fit_topology//simulations/alignments/1IBS_opisthokonta_rep17_AA.fasta.splits.nex...
70 taxa and 377 splits.
Consensus tree written to /csm_data/spielman_lab/aa_phylo_fit_topology//simulations/alignments/1IBS_opisthokonta_rep17_AA.fasta.contree
Reading input trees file /csm_data/spielman_lab/aa_phylo_fit_topology//simulations/alignments/1IBS_opisthokonta_rep17_AA.fasta.contree
Log-likelihood of consensus tree: -8854.616

Analysis results written to: 
  IQ-TREE report:                /csm_data/spielman_lab/aa_phylo_fit_topology//simulations/alignments/1IBS_opisthokonta_rep17_AA.fasta.iqtree
  Maximum-likelihood tree:       /csm_data/spielman_lab/aa_phylo_fit_topology//simulations/alignments/1IBS_opisthokonta_rep17_AA.fasta.treefile
  Likelihood distances:          /csm_data/spielman_lab/aa_phylo_fit_topology//simulations/alignments/1IBS_opisthokonta_rep17_AA.fasta.mldist

Ultrafast bootstrap approximation results written to:
  Split support values:          /csm_data/spielman_lab/aa_phylo_fit_topology//simulations/alignments/1IBS_opisthokonta_rep17_AA.fasta.splits.nex
  Consensus tree:                /csm_data/spielman_lab/aa_phylo_fit_topology//simulations/alignments/1IBS_opisthokonta_rep17_AA.fasta.contree
  Screen log file:               /csm_data/spielman_lab/aa_phylo_fit_topology//simulations/alignments/1IBS_opisthokonta_rep17_AA.fasta.log

Date and Time: Fri Nov  1 20:41:49 2019
