IQ-TREE multicore version 1.6.7 for Linux 64-bit built Aug 23 2018
Developed by Bui Quang Minh, Nguyen Lam Tung, Olga Chernomor,
Heiko Schmidt, Dominik Schrempf, Michael Woodhams.

Host:    csm-gpu-001 (AVX2, FMA3, 62 GB RAM)
Command: iqtree -quiet -nt AUTO -ntmax 8 -m JTT+G4 -s /csm_data/spielman_lab/aa_phylo_fit_topology//simulations/alignments/1IBS_salichos_rep13_AA.fasta -st AA -redo -bb 1000
Seed:    939585 (Using SPRNG - Scalable Parallel Random Number Generator)
Time:    Fri Nov  1 15:08:18 2019
Kernel:  AVX+FMA - auto-detect threads (48 CPU cores detected)

Reading alignment file /csm_data/spielman_lab/aa_phylo_fit_topology//simulations/alignments/1IBS_salichos_rep13_AA.fasta ... Fasta format detected
Alignment most likely contains protein sequences
Alignment has 23 sequences with 291 columns, 181 distinct patterns
110 parsimony-informative, 56 singleton sites, 124 constant sites
      Gap/Ambiguity  Composition  p-value
   1  Agos    0.00%    passed     99.97%
   2  Klac    0.00%    passed     99.96%
   3  Calb    0.00%    passed     99.83%
   4  Cdub    0.00%    passed     99.88%
   5  Ctro    0.00%    passed     99.78%
   6  Cpar    0.00%    passed     96.84%
   7  Lelo    0.00%    passed     97.54%
   8  Psti    0.00%    passed     99.71%
   9  Cgui    0.00%    passed     99.83%
  10  Dhan    0.00%    passed     99.80%
  11  Clus    0.00%    passed     98.49%
  12  Cgla    0.00%    passed     92.06%
  13  Sbay    0.00%    passed     99.99%
  14  Scer    0.00%    passed     99.96%
  15  Spar    0.00%    passed     99.96%
  16  Smik    0.00%    passed    100.00%
  17  Skud    0.00%    passed     99.99%
  18  Scas    0.00%    passed    100.00%
  19  Kpol    0.00%    passed     99.71%
  20  Zrou    0.00%    passed     99.88%
  21  Kthe    0.00%    passed     82.87%
  22  Kwal    0.00%    passed     94.80%
  23  Sklu    0.00%    passed    100.00%
****  TOTAL    0.00%  0 sequences failed composition chi2 test (p-value<5%; df=19)

Create initial parsimony tree by phylogenetic likelihood library (PLL)... 0.002 seconds
Generating 1000 samples for ultrafast bootstrap (seed: 939585)...

NOTE: 3 MB RAM (0 GB) is required!
Measuring multi-threading efficiency up to 8 CPU cores
Increase to 10 rounds for branch lengths
123 trees examined
Threads: 1 / Time: 8.029 sec / Speedup: 1.000 / Efficiency: 100% / LogL: -4493
Threads: 2 / Time: 4.258 sec / Speedup: 1.886 / Efficiency: 94% / LogL: -4493
Threads: 3 / Time: 3.145 sec / Speedup: 2.553 / Efficiency: 85% / LogL: -4493
Threads: 4 / Time: 3.403 sec / Speedup: 2.359 / Efficiency: 59% / LogL: -4493
Threads: 5 / Time: 3.339 sec / Speedup: 2.405 / Efficiency: 48% / LogL: -4493
BEST NUMBER OF THREADS: 3

Estimate model parameters (epsilon = 0.100)
1. Initial log-likelihood: -3377.825
2. Current log-likelihood: -3359.073
3. Current log-likelihood: -3358.931
Optimal log-likelihood: -3358.927
Gamma shape alpha: 0.648
Parameters optimization took 3 rounds (0.047 sec)
Computing ML distances based on estimated model parameters... 0.212 sec
Computing BIONJ tree...
0.002 seconds
Log-likelihood of BIONJ tree: -3352.183
--------------------------------------------------------------------
|             INITIALIZING CANDIDATE TREE SET                      |
--------------------------------------------------------------------
Generating 98 parsimony trees... 0.212 second
Computing log-likelihood of 98 initial trees ... 0.786 seconds
Current best score: -3345.951

Do NNI search on 20 best initial trees
Estimate model parameters (epsilon = 0.100)
BETTER TREE FOUND at iteration 1: -3345.825
Iteration 10 / LogL: -3345.825 / Time: 0h:0m:23s
Iteration 20 / LogL: -3345.825 / Time: 0h:0m:24s
Finish initializing candidate tree set (1)
Current best tree score: -3345.825 / CPU time: 1.909
Number of iterations: 20
--------------------------------------------------------------------
|               OPTIMIZING CANDIDATE TREE SET                      |
--------------------------------------------------------------------
UPDATE BEST LOG-LIKELIHOOD: -3345.825
Iteration 30 / LogL: -3345.826 / Time: 0h:0m:25s (0h:1m:1s left)
Iteration 40 / LogL: -3346.600 / Time: 0h:0m:26s (0h:0m:40s left)
UPDATE BEST LOG-LIKELIHOOD: -3345.825
UPDATE BEST LOG-LIKELIHOOD: -3345.824
Iteration 50 / LogL: -3345.825 / Time: 0h:0m:27s (0h:0m:28s left)
Log-likelihood cutoff on original alignment: -3385.743
Iteration 60 / LogL: -3345.825 / Time: 0h:0m:28s (0h:0m:19s left)
Iteration 70 / LogL: -3345.825 / Time: 0h:0m:29s (0h:0m:13s left)
Iteration 80 / LogL: -3346.600 / Time: 0h:0m:29s (0h:0m:7s left)
Iteration 90 / LogL: -3345.824 / Time: 0h:0m:30s (0h:0m:3s left)
Iteration 100 / LogL: -3345.825 / Time: 0h:0m:31s (0h:0m:0s left)
Log-likelihood cutoff on original alignment: -3386.152
NOTE: Bootstrap correlation coefficient of split occurrence frequencies: 0.997
TREE SEARCH COMPLETED AFTER 102 ITERATIONS / Time: 0h:0m:31s

--------------------------------------------------------------------
|                    FINALIZING TREE SEARCH                        |
--------------------------------------------------------------------
Performs final model parameters optimization
Estimate model parameters (epsilon = 0.010)
1. Initial log-likelihood: -3345.824
Optimal log-likelihood: -3345.824
Gamma shape alpha: 0.645
Parameters optimization took 1 rounds (0.013 sec)
BEST SCORE FOUND : -3345.824
Creating bootstrap support values...
Split supports printed to NEXUS file /csm_data/spielman_lab/aa_phylo_fit_topology//simulations/alignments/1IBS_salichos_rep13_AA.fasta.splits.nex
Total tree length: 1.640

Total number of iterations: 102
CPU time used for tree search: 28.586 sec (0h:0m:28s)
Wall-clock time used for tree search: 9.528 sec (0h:0m:9s)
Total CPU time used: 93.205 sec (0h:1m:33s)
Total wall-clock time used: 31.950 sec (0h:0m:31s)

Computing bootstrap consensus tree...
Reading input file /csm_data/spielman_lab/aa_phylo_fit_topology//simulations/alignments/1IBS_salichos_rep13_AA.fasta.splits.nex...
23 taxa and 144 splits.
Consensus tree written to /csm_data/spielman_lab/aa_phylo_fit_topology//simulations/alignments/1IBS_salichos_rep13_AA.fasta.contree
Reading input trees file /csm_data/spielman_lab/aa_phylo_fit_topology//simulations/alignments/1IBS_salichos_rep13_AA.fasta.contree
Log-likelihood of consensus tree: -3345.905

Analysis results written to: 
  IQ-TREE report:                /csm_data/spielman_lab/aa_phylo_fit_topology//simulations/alignments/1IBS_salichos_rep13_AA.fasta.iqtree
  Maximum-likelihood tree:       /csm_data/spielman_lab/aa_phylo_fit_topology//simulations/alignments/1IBS_salichos_rep13_AA.fasta.treefile
  Likelihood distances:          /csm_data/spielman_lab/aa_phylo_fit_topology//simulations/alignments/1IBS_salichos_rep13_AA.fasta.mldist

Ultrafast bootstrap approximation results written to:
  Split support values:          /csm_data/spielman_lab/aa_phylo_fit_topology//simulations/alignments/1IBS_salichos_rep13_AA.fasta.splits.nex
  Consensus tree:                /csm_data/spielman_lab/aa_phylo_fit_topology//simulations/alignments/1IBS_salichos_rep13_AA.fasta.contree
  Screen log file:               /csm_data/spielman_lab/aa_phylo_fit_topology//simulations/alignments/1IBS_salichos_rep13_AA.fasta.log

Date and Time: Fri Nov  1 15:08:50 2019
