IQ-TREE multicore version 1.6.7 for Linux 64-bit built Aug 23 2018
Developed by Bui Quang Minh, Nguyen Lam Tung, Olga Chernomor,
Heiko Schmidt, Dominik Schrempf, Michael Woodhams.

Host:    csm-com-001 (AVX2, FMA3, 62 GB RAM)
Command: iqtree -quiet -nt AUTO -ntmax 8 -m Poisson -s /csm_data/spielman_lab/aa_phylo_fit_topology//simulations/alignments/1IBS_opisthokonta_rep1_AA.fasta -st AA -redo -bb 1000
Seed:    887582 (Using SPRNG - Scalable Parallel Random Number Generator)
Time:    Fri Nov  1 11:15:02 2019
Kernel:  AVX+FMA - auto-detect threads (48 CPU cores detected)

Reading alignment file /csm_data/spielman_lab/aa_phylo_fit_topology//simulations/alignments/1IBS_opisthokonta_rep1_AA.fasta ... Fasta format detected
Alignment most likely contains protein sequences
Alignment has 70 sequences with 291 columns, 226 distinct patterns
164 parsimony-informative, 47 singleton sites, 80 constant sites
                                  Gap/Ambiguity  Composition  p-value
   1  Oscarella_carmela                   0.00%    passed    100.00%
   2  Oscarella_lobularis                 0.00%    passed    100.00%
   3  Leucetta_chagosensis                0.00%    passed    100.00%
   4  Sycon_raphanus                      0.00%    passed     99.96%
   5  Oopsacas_minuta                     0.00%    passed    100.00%
   6  Carteriospongia_foliascens          0.00%    passed     99.98%
   7  Amphimedon_queenslandica            0.00%    passed    100.00%
   8  Suberites_domuncula                 0.00%    passed    100.00%
   9  Lubomirskia_baicalensis             0.00%    passed     99.87%
  10  Ephydatia_muelleri                  0.00%    passed     99.89%
  11  Trichoplax_adhaerens                0.00%    passed    100.00%
  12  Nematostella_vectensis              0.00%    passed    100.00%
  13  Anemonia_viridis                    0.00%    passed    100.00%
  14  Aiptasia_pallida                    0.00%    passed    100.00%
  15  Metridium_senile                    0.00%    passed    100.00%
  16  Acropora_palmata                    0.00%    passed    100.00%
  17  Acropora_millepora                  0.00%    passed    100.00%
  18  Porites_astreoides                  0.00%    passed    100.00%
  19  Montastraea_faveolata               0.00%    passed    100.00%
  20  Cyanea_capillata                    0.00%    passed    100.00%
  21  Clytia_hemisphaerica                0.00%    passed     99.99%
  22  Podocoryna_carnea                   0.00%    passed     99.98%
  23  Hydractinia_echinata                0.00%    passed     99.90%
  24  Hydra_magnipapillata                0.00%    passed    100.00%
  25  Saccoglossus_kowalevskii            0.00%    passed    100.00%
  26  Ptychodera_flava                    0.00%    passed    100.00%
  27  Strongylocentrotus_purpuratus       0.00%    passed    100.00%
  28  Asterina_pectinifera                0.00%    passed    100.00%
  29  Branchiostoma_floridae              0.00%    passed    100.00%
  30  Petromyzon_marinus                  0.00%    passed    100.00%
  31  Gallus                              0.00%    passed     99.90%
  32  Ciona_intestinalis                  0.00%    passed    100.00%
  33  Halocynthia_roretzi                 0.00%    passed    100.00%
  34  Anoplodactylus_eroticus             0.00%    passed    100.00%
  35  Boophilus_microplus                 0.00%    passed     99.99%
  36  Daphnia_pulex                       0.00%    passed    100.00%
  37  Drosophila_melanogaster             0.00%    passed     99.99%
  38  Euperipatoides_kanangrensis         0.00%    passed    100.00%
  39  Echinoderes_horni                   0.00%    passed    100.00%
  40  Xiphinema_index                     0.00%    passed     99.95%
  41  Cerebratulus_lacteus                0.00%    passed    100.00%
  42  Terebratalia_transversa             0.00%    passed    100.00%
  43  Lottia_gigantea                     0.00%    passed    100.00%
  44  Crassostrea_virginica               0.00%    passed    100.00%
  45  Euprymna_scolopes                   0.00%    passed    100.00%
  46  Capitella_telata                    0.00%    passed    100.00%
  47  Helobdella_robusta                  0.00%    passed    100.00%
  48  Schmidtea_mediterranea              0.00%    passed     99.94%
  49  Paraplanocera_oligoglena            0.00%    passed     99.97%
  50  Xenoturbella_bocki                  0.00%    passed    100.00%
  51  Nemertoderma_westbladi              0.00%    passed    100.00%
  52  Meara_stichopi                      0.00%    passed     99.74%
  53  Isodiametra_pulchra                 0.00%    passed     99.99%
  54  Symsagittifera_roscoffensis         0.00%    passed     96.98%
  55  Convolutriloba_longifissura         0.00%    passed     98.10%
  56  Capsaspora_owczarzaki_ATCC_30864    0.00%    passed     99.98%
  57  Amoebidium_parasiticum              0.00%    passed    100.00%
  58  Sphaeroforma_arctica                0.00%    passed    100.00%
  59  Spizellomyces_punctatus             0.00%    passed     99.99%
  60  Batrachochytrium_dendrobatidis      0.00%    passed     99.75%
  61  Cryptococcus_neoformans             0.00%    passed     99.99%
  62  Saccharomyces_cerevisiae            0.00%    passed     89.04%
  63  Phycomyces_blakesleeanus            0.00%    passed    100.00%
  64  Rhizopus_orizae                     0.00%    passed    100.00%
  65  Monosiga_ovata                      0.00%    passed     99.94%
  66  Salpingoeca_rosetta                 0.00%    passed     99.37%
  67  Monosiga_brevicollis                0.00%    passed     99.78%
  68  Mnemiopsis                          0.00%    passed     99.99%
  69  Mertensiid_sp                       0.00%    passed     99.95%
  70  Pleurobrachia_pileus                0.00%    passed     99.85%
****  TOTAL                               0.00%  0 sequences failed composition chi2 test (p-value<5%; df=18)
NOTE: State(s) W not present in alignment and thus removed from Markov process to prevent numerical problems
NOTE: 1 states (see above) are not present and thus removed from Markov process to prevent numerical problems

Create initial parsimony tree by phylogenetic likelihood library (PLL)... 0.015 seconds
Generating 1000 samples for ultrafast bootstrap (seed: 887582)...

NOTE: 3 MB RAM (0 GB) is required!
Measuring multi-threading efficiency up to 8 CPU cores
Increase to 10 rounds for branch lengths
139 trees examined
Threads: 1 / Time: 8.031 sec / Speedup: 1.000 / Efficiency: 100% / LogL: -11535
Threads: 2 / Time: 5.345 sec / Speedup: 1.502 / Efficiency: 75% / LogL: -11535
Threads: 3 / Time: 4.826 sec / Speedup: 1.664 / Efficiency: 55% / LogL: -11535
Threads: 4 / Time: 4.367 sec / Speedup: 1.839 / Efficiency: 46% / LogL: -11535
BEST NUMBER OF THREADS: 3

Estimate model parameters (epsilon = 0.100)
1. Initial log-likelihood: -8635.796
Optimal log-likelihood: -8614.261
Parameters optimization took 1 rounds (0.019 sec)
Computing ML distances based on estimated model parameters... 0.134 sec
Computing BIONJ tree...
0.005 seconds
Log-likelihood of BIONJ tree: -8621.970
--------------------------------------------------------------------
|             INITIALIZING CANDIDATE TREE SET                      |
--------------------------------------------------------------------
Generating 98 parsimony trees... 1.400 second
Computing log-likelihood of 98 initial trees ... 1.389 seconds
Current best score: -8599.759

Do NNI search on 20 best initial trees
Estimate model parameters (epsilon = 0.100)
BETTER TREE FOUND at iteration 1: -8599.757
Estimate model parameters (epsilon = 0.100)
BETTER TREE FOUND at iteration 2: -8598.346
Estimate model parameters (epsilon = 0.100)
BETTER TREE FOUND at iteration 6: -8598.182
Iteration 10 / LogL: -8600.717 / Time: 0h:0m:26s
Iteration 20 / LogL: -8602.583 / Time: 0h:0m:27s
Finish initializing candidate tree set (13)
Current best tree score: -8598.182 / CPU time: 4.456
Number of iterations: 20
--------------------------------------------------------------------
|               OPTIMIZING CANDIDATE TREE SET                      |
--------------------------------------------------------------------
UPDATE BEST LOG-LIKELIHOOD: -8598.182
Iteration 30 / LogL: -8598.346 / Time: 0h:0m:28s (0h:1m:14s left)
Iteration 40 / LogL: -8600.495 / Time: 0h:0m:30s (0h:0m:50s left)
UPDATE BEST LOG-LIKELIHOOD: -8598.182
BETTER TREE FOUND at iteration 47: -8598.182
Iteration 50 / LogL: -8598.346 / Time: 0h:0m:31s (0h:1m:2s left)
Log-likelihood cutoff on original alignment: -8634.058
UPDATE BEST LOG-LIKELIHOOD: -8598.182
UPDATE BEST LOG-LIKELIHOOD: -8598.182
Iteration 60 / LogL: -8600.722 / Time: 0h:0m:33s (0h:0m:48s left)
Iteration 70 / LogL: -8599.922 / Time: 0h:0m:34s (0h:0m:38s left)
UPDATE BEST LOG-LIKELIHOOD: -8598.181
Iteration 80 / LogL: -8613.668 / Time: 0h:0m:36s (0h:0m:30s left)
UPDATE BEST LOG-LIKELIHOOD: -8598.181
Iteration 90 / LogL: -8601.697 / Time: 0h:0m:37s (0h:0m:23s left)
Iteration 100 / LogL: -8598.182 / Time: 0h:0m:39s (0h:0m:18s left)
Log-likelihood cutoff on original alignment: -8634.784
NOTE: Bootstrap correlation coefficient of split occurrence frequencies: 0.999
Iteration 110 / LogL: -8598.186 / Time: 0h:0m:40s (0h:0m:33s left)
Iteration 120 / LogL: -8601.263 / Time: 0h:0m:42s (0h:0m:28s left)
Iteration 130 / LogL: -8598.182 / Time: 0h:0m:43s (0h:0m:23s left)
Iteration 140 / LogL: -8602.125 / Time: 0h:0m:44s (0h:0m:19s left)
TREE SEARCH COMPLETED AFTER 148 ITERATIONS / Time: 0h:0m:45s

--------------------------------------------------------------------
|                    FINALIZING TREE SEARCH                        |
--------------------------------------------------------------------
Performs final model parameters optimization
Estimate model parameters (epsilon = 0.010)
1. Initial log-likelihood: -8598.181
Optimal log-likelihood: -8598.181
Parameters optimization took 1 rounds (0.008 sec)
BEST SCORE FOUND : -8598.181
Creating bootstrap support values...
Split supports printed to NEXUS file /csm_data/spielman_lab/aa_phylo_fit_topology//simulations/alignments/1IBS_opisthokonta_rep1_AA.fasta.splits.nex
Total tree length: 3.840

Total number of iterations: 148
CPU time used for tree search: 66.582 sec (0h:1m:6s)
Wall-clock time used for tree search: 23.101 sec (0h:0m:23s)
Total CPU time used: 123.498 sec (0h:2m:3s)
Total wall-clock time used: 46.195 sec (0h:0m:46s)

Computing bootstrap consensus tree...
Reading input file /csm_data/spielman_lab/aa_phylo_fit_topology//simulations/alignments/1IBS_opisthokonta_rep1_AA.fasta.splits.nex...
70 taxa and 349 splits.
Consensus tree written to /csm_data/spielman_lab/aa_phylo_fit_topology//simulations/alignments/1IBS_opisthokonta_rep1_AA.fasta.contree
Reading input trees file /csm_data/spielman_lab/aa_phylo_fit_topology//simulations/alignments/1IBS_opisthokonta_rep1_AA.fasta.contree
Log-likelihood of consensus tree: -8599.361

Analysis results written to: 
  IQ-TREE report:                /csm_data/spielman_lab/aa_phylo_fit_topology//simulations/alignments/1IBS_opisthokonta_rep1_AA.fasta.iqtree
  Maximum-likelihood tree:       /csm_data/spielman_lab/aa_phylo_fit_topology//simulations/alignments/1IBS_opisthokonta_rep1_AA.fasta.treefile
  Likelihood distances:          /csm_data/spielman_lab/aa_phylo_fit_topology//simulations/alignments/1IBS_opisthokonta_rep1_AA.fasta.mldist

Ultrafast bootstrap approximation results written to:
  Split support values:          /csm_data/spielman_lab/aa_phylo_fit_topology//simulations/alignments/1IBS_opisthokonta_rep1_AA.fasta.splits.nex
  Consensus tree:                /csm_data/spielman_lab/aa_phylo_fit_topology//simulations/alignments/1IBS_opisthokonta_rep1_AA.fasta.contree
  Screen log file:               /csm_data/spielman_lab/aa_phylo_fit_topology//simulations/alignments/1IBS_opisthokonta_rep1_AA.fasta.log

Date and Time: Fri Nov  1 11:15:49 2019
