IQ-TREE multicore version 1.6.7 for Linux 64-bit built Aug 23 2018
Developed by Bui Quang Minh, Nguyen Lam Tung, Olga Chernomor,
Heiko Schmidt, Dominik Schrempf, Michael Woodhams.

Host:    csm-com-005 (AVX2, FMA3, 62 GB RAM)
Command: iqtree -quiet -nt AUTO -ntmax 8 -m Blosum62+F+I+G4 -s /csm_data/spielman_lab/aa_phylo_fit_topology//simulations/alignments/1R6M_dosreis_rep8_AA.fasta -st AA -redo -bb 1000
Seed:    982948 (Using SPRNG - Scalable Parallel Random Number Generator)
Time:    Sat Nov  2 08:19:12 2019
Kernel:  AVX+FMA - auto-detect threads (48 CPU cores detected)

Reading alignment file /csm_data/spielman_lab/aa_phylo_fit_topology//simulations/alignments/1R6M_dosreis_rep8_AA.fasta ... Fasta format detected
Alignment most likely contains protein sequences
Alignment has 274 sequences with 203 columns, 151 distinct patterns
106 parsimony-informative, 28 singleton sites, 69 constant sites
                              Gap/Ambiguity  Composition  p-value
   1  Cavia_porcellus                 0.00%    passed    100.00%
   2  Thryonomys_swinderianus         0.00%    passed    100.00%
   3  Rattus_norvegicus               0.00%    passed    100.00%
   4  Rattus_tanezumi                 0.00%    passed    100.00%
   5  Rattus_rattus                   0.00%    passed    100.00%
   6  Rattus_exulans                  0.00%    passed    100.00%
   7  Rattus_praetor                  0.00%    passed    100.00%
   8  Mus_musculus                    0.00%    passed    100.00%
   9  Mus_terricolor                  0.00%    passed    100.00%
  10  Microtus_kikuchii               0.00%    passed     99.97%
  11  Microtus_rossiaemeridionalis    0.00%    passed     99.99%
  12  Proedromys_sp.                  0.00%    passed     99.73%
  13  Eothenomys_chinensis            0.00%    passed     99.98%
  14  Cricetulus_griseus              0.00%    passed     99.99%
  15  Tscherskia_triton               0.00%    passed     99.80%
  16  Mesocricetus_auratus            0.00%    passed     99.83%
  17  Nannospalax_ehrenbergi          0.00%    passed     99.92%
  18  Jaculus_jaculus                 0.00%    passed    100.00%
  19  Myoxus_glis                     0.00%    passed    100.00%
  20  Sciurus_vulgaris                0.00%    passed    100.00%
  21  Anomalurus_sp.                  0.00%    passed    100.00%
  22  Oryctolagus_cuniculus           0.00%    passed    100.00%
  23  Lepus_europaeus                 0.00%    passed    100.00%
  24  Ochotona_collaris               0.00%    passed    100.00%
  25  Ochotona_princeps               0.00%    passed    100.00%
  26  Ochotona_curzoniae              0.00%    passed    100.00%
  27  Pan_troglodytes                 0.00%    passed     99.99%
  28  Pan_paniscus                    0.00%    passed    100.00%
  29  Homo_sapiens                    0.00%    passed    100.00%
  30  Gorilla_gorilla                 0.00%    passed     99.99%
  31  Pongo_pygmaeus                  0.00%    passed    100.00%
  32  Pongo_abelii                    0.00%    passed    100.00%
  33  Hylobates_lar                   0.00%    passed    100.00%
  34  Hylobates_agilis                0.00%    passed    100.00%
  35  Hylobates_pileatus              0.00%    passed    100.00%
  36  Nomascus_siki                   0.00%    passed    100.00%
  37  Symphalangus_syndactylus        0.00%    passed    100.00%
  38  Papio_hamadryas                 0.00%    passed     99.99%
  39  Macaca_sylvanus                 0.00%    passed     99.98%
  40  Macaca_mulatta                  0.00%    passed    100.00%
  41  Macaca_fascicularis             0.00%    passed    100.00%
  42  Macaca_thibetana                0.00%    passed    100.00%
  43  Chlorocebus_aethiops            0.00%    passed    100.00%
  44  Chlorocebus_tantalus            0.00%    passed    100.00%
  45  Chlorocebus_pygerythrus         0.00%    passed    100.00%
  46  Chlorocebus_sabaeus             0.00%    passed    100.00%
  47  Trachypithecus_obscurus         0.00%    passed     99.99%
  48  Presbytis_melalophos            0.00%    passed     99.99%
  49  Nasalis_larvatus                0.00%    passed    100.00%
  50  Pygathrix_roxellana             0.00%    passed    100.00%
  51  Pygathrix_nemaeus               0.00%    passed    100.00%
  52  Semnopithecus_entellus          0.00%    passed     99.99%
  53  Colobus_guereza                 0.00%    passed    100.00%
  54  Procolobus_badius               0.00%    passed    100.00%
  55  Cebus_albifrons                 0.00%    passed    100.00%
  56  Saimiri_sciureus                0.00%    passed    100.00%
  57  Cynocephalus_variegatus         0.00%    passed    100.00%
  58  Nycticebus_coucang              0.00%    passed    100.00%
  59  Loris_tardigradus               0.00%    passed    100.00%
  60  Galago_senegalensis             0.00%    passed    100.00%
  61  Otolemur_crassicaudatus         0.00%    passed    100.00%
  62  Perodicticus_potto              0.00%    passed    100.00%
  63  Lemur_catta                     0.00%    passed     99.98%
  64  Eulemur_mongoz                  0.00%    passed     99.98%
  65  Eulemur_fulvus                  0.00%    passed     99.98%
  66  Eulemur_macaco                  0.00%    passed     99.99%
  67  Varecia_variegata               0.00%    passed    100.00%
  68  Propithecus_coquereli           0.00%    passed    100.00%
  69  Daubentonia_madagascariensis    0.00%    passed    100.00%
  70  Tarsius_bancanus                0.00%    passed    100.00%
  71  Tarsius_syrichta                0.00%    passed    100.00%
  72  Tupaia_belangeri                0.00%    passed    100.00%
  73  Ornithorhynchus_anatinus        0.00%    passed    100.00%
  74  Tachyglossus_aculeatus          0.00%    passed    100.00%
  75  Zaglossus_bruijni               0.00%    passed    100.00%
  76  Didelphis_virginiana            0.00%    passed    100.00%
  77  Metachirus_nudicaudatus         0.00%    passed    100.00%
  78  Thylamys_elegans                0.00%    passed    100.00%
  79  Monodelphis_domestica           0.00%    passed    100.00%
  80  Macropus_robustus               0.00%    passed    100.00%
  81  Lagorchestes_hirsutus           0.00%    passed    100.00%
  82  Lagostrophus_fasciatus          0.00%    passed    100.00%
  83  Potorous_tridactylus            0.00%    passed    100.00%
  84  Trichosurus_vulpecula           0.00%    passed    100.00%
  85  Phalanger_interpositus          0.00%    passed    100.00%
  86  Tarsipes_rostratus              0.00%    passed    100.00%
  87  Pseudocheirus_peregrinus        0.00%    passed    100.00%
  88  Petaurus_breviceps              0.00%    passed    100.00%
  89  Dactylopsila_trivirgata         0.00%    passed    100.00%
  90  Distoechurus_pennatus           0.00%    passed    100.00%
  91  Vombatus_ursinus                0.00%    passed    100.00%
  92  Phascolarctos_cinereus          0.00%    passed     99.95%
  93  Isoodon_macrourus               0.00%    passed    100.00%
  94  Perameles_gunnii                0.00%    passed    100.00%
  95  Echymipera_rufescens            0.00%    passed    100.00%
  96  Macrotis_lagotis                0.00%    passed    100.00%
  97  Dromiciops_gliroides            0.00%    passed    100.00%
  98  Sminthopsis_douglasi            0.00%    passed    100.00%
  99  Sminthopsis_crassicaudata       0.00%    passed    100.00%
 100  Phascogale_tapoatafa            0.00%    passed    100.00%
 101  Dasyurus_hallucatus             0.00%    passed    100.00%
 102  Myrmecobius_fasciatus           0.00%    passed    100.00%
 103  Thylacinus_cynocephalus         0.00%    passed    100.00%
 104  Notoryctes_typhlops             0.00%    passed    100.00%
 105  Caenolestes_fuliginosus         0.00%    passed    100.00%
 106  Rhyncholestes_raphanurus        0.00%    passed    100.00%
 107  Erinaceus_europaeus             0.00%    passed    100.00%
 108  Hemiechinus_auritus             0.00%    passed    100.00%
 109  Echinosorex_gymnura             0.00%    passed    100.00%
 110  Hylomys_suillus                 0.00%    passed    100.00%
 111  Dasypus_novemcinctus            0.00%    passed    100.00%
 112  Tamandua_tetradactyla           0.00%    passed    100.00%
 113  Bradypus_tridactylus            0.00%    passed    100.00%
 114  Choloepus_didactylus            0.00%    passed    100.00%
 115  Loxodonta_africana              0.00%    passed    100.00%
 116  Elephas_maximus                 0.00%    passed    100.00%
 117  Dugong_dugon                    0.00%    passed    100.00%
 118  Trichechus_manatus              0.00%    passed    100.00%
 119  Procavia_capensis               0.00%    passed    100.00%
 120  Dendrohyrax_dorsalis            0.00%    passed    100.00%
 121  Orycteropus_afer                0.00%    passed    100.00%
 122  Macroscelides_proboscideus      0.00%    passed    100.00%
 123  Elephantulus_sp.                0.00%    passed    100.00%
 124  Echinops_telfairi               0.00%    passed    100.00%
 125  Chrysochloris_asiatica          0.00%    passed    100.00%
 126  Eremitalpa_granti               0.00%    passed    100.00%
 127  Talpa_europaea                  0.00%    passed    100.00%
 128  Mogera_wogura                   0.00%    passed    100.00%
 129  Galemys_pyrenaicus              0.00%    passed    100.00%
 130  Urotrichus_talpoides            0.00%    passed    100.00%
 131  Episoriculus_fumidus            0.00%    passed    100.00%
 132  Sorex_unguiculatus              0.00%    passed    100.00%
 133  Crocidura_russula               0.00%    passed    100.00%
 134  Artibeus_jamaicensis            0.00%    passed    100.00%
 135  Mystacina_tuberculata           0.00%    passed    100.00%
 136  Chalinolobus_tuberculatus       0.00%    passed    100.00%
 137  Pipistrellus_abramus            0.00%    passed    100.00%
 138  Pteropus_dasymallus             0.00%    passed    100.00%
 139  Pteropus_scapulatus             0.00%    passed    100.00%
 140  Rousettus_aegyptiacus           0.00%    passed    100.00%
 141  Rhinolophus_monoceros           0.00%    passed    100.00%
 142  Rhinolophus_pumilus             0.00%    passed    100.00%
 143  Rhinolophus_formosae            0.00%    passed    100.00%
 144  Manis_tetradactyla              0.00%    passed    100.00%
 145  Phoca_vitulina                  0.00%    passed    100.00%
 146  Phoca_largha                    0.00%    passed    100.00%
 147  Phoca_sibirica                  0.00%    passed    100.00%
 148  Halichoerus_grypus              0.00%    passed    100.00%
 149  Phoca_caspica                   0.00%    passed    100.00%
 150  Phoca_hispida                   0.00%    passed    100.00%
 151  Phoca_fasciata                  0.00%    passed    100.00%
 152  Phoca_groenlandica              0.00%    passed    100.00%
 153  Cystophora_cristata             0.00%    passed    100.00%
 154  Erignathus_barbatus             0.00%    passed    100.00%
 155  Monachus_schauinslandi          0.00%    passed    100.00%
 156  Mirounga_leonina                0.00%    passed    100.00%
 157  Lobodon_carcinophaga            0.00%    passed    100.00%
 158  Leptonychotes_weddellii         0.00%    passed    100.00%
 159  Hydrurga_leptonyx               0.00%    passed    100.00%
 160  Arctocephalus_forsteri          0.00%    passed    100.00%
 161  Arctocephalus_townsendi         0.00%    passed    100.00%
 162  Phocarctos_hookeri              0.00%    passed    100.00%
 163  Neophoca_cinerea                0.00%    passed    100.00%
 164  Arctocephalus_pusillus          0.00%    passed    100.00%
 165  Zalophus_californianus          0.00%    passed    100.00%
 166  Eumetopias_jubatus              0.00%    passed    100.00%
 167  Callorhinus_ursinus             0.00%    passed    100.00%
 168  Odobenus_rosmarus               0.00%    passed    100.00%
 169  Procyon_lotor                   0.00%    passed    100.00%
 170  Spilogale_putorius              0.00%    passed    100.00%
 171  Martes_melampus                 0.00%    passed    100.00%
 172  Martes_zibellina                0.00%    passed    100.00%
 173  Martes_flavigula                0.00%    passed    100.00%
 174  Gulo_gulo                       0.00%    passed    100.00%
 175  Meles_meles                     0.00%    passed    100.00%
 176  Enhydra_lutris                  0.00%    passed    100.00%
 177  Lutra_lutra                     0.00%    passed    100.00%
 178  Ailurus_fulgens                 0.00%    passed    100.00%
 179  Ursus_americanus                0.00%    passed    100.00%
 180  Ursus_thibetanus                0.00%    passed     99.99%
 181  Helarctos_malayanus             0.00%    passed    100.00%
 182  Ursus_arctos                    0.00%    passed    100.00%
 183  Ursus_maritimus                 0.00%    passed    100.00%
 184  Melursus_ursinus                0.00%    passed    100.00%
 185  Tremarctos_ornatus              0.00%    passed    100.00%
 186  Ailuropoda_melanoleuca          0.00%    passed    100.00%
 187  Canis_lupus                     0.00%    passed    100.00%
 188  Canis_latrans                   0.00%    passed    100.00%
 189  Cuon_alpinus                    0.00%    passed    100.00%
 190  Vulpes_vulpes                   0.00%    passed    100.00%
 191  Nyctereutes_procyonoides        0.00%    passed    100.00%
 192  Felis_catus                     0.00%    passed    100.00%
 193  Acinonyx_jubatus                0.00%    passed    100.00%
 194  Neofelis_nebulosa               0.00%    passed    100.00%
 195  Uncia_uncia                     0.00%    passed    100.00%
 196  Panthera_pardus                 0.00%    passed    100.00%
 197  Panthera_tigris                 0.00%    passed    100.00%
 198  Herpestes_javanicus             0.00%    passed    100.00%
 199  Equus_caballus                  0.00%    passed    100.00%
 200  Equus_asinus                    0.00%    passed    100.00%
 201  Rhinoceros_unicornis            0.00%    passed    100.00%
 202  Rhinoceros_sondaicus            0.00%    passed    100.00%
 203  Ceratotherium_simum             0.00%    passed    100.00%
 204  Diceros_bicornis                0.00%    passed    100.00%
 205  Dicerorhinus_sumatrensis        0.00%    passed    100.00%
 206  Hippopotamus_amphibius          0.00%    passed    100.00%
 207  Balaenoptera_physalus           0.00%    passed    100.00%
 208  Megaptera_novaeangliae          0.00%    passed    100.00%
 209  Balaenoptera_acutorostrata      0.00%    passed    100.00%
 210  Balaenoptera_bonaerensis        0.00%    passed    100.00%
 211  Balaenoptera_musculus           0.00%    passed    100.00%
 212  Balaenoptera_brydei             0.00%    passed    100.00%
 213  Balaenoptera_edeni              0.00%    passed    100.00%
 214  Balaenoptera_borealis           0.00%    passed    100.00%
 215  Balaenoptera_omurai             0.00%    passed    100.00%
 216  Eschrichtius_robustus           0.00%    passed    100.00%
 217  Caperea_marginata               0.00%    passed    100.00%
 218  Balaena_mysticetus              0.00%    passed    100.00%
 219  Eubalaena_australis             0.00%    passed    100.00%
 220  Eubalaena_japonica              0.00%    passed    100.00%
 221  Physeter_catodon                0.00%    passed    100.00%
 222  Kogia_breviceps                 0.00%    passed    100.00%
 223  Hyperoodon_ampullatus           0.00%    passed    100.00%
 224  Berardius_bairdii               0.00%    passed    100.00%
 225  Platanista_minor                0.00%    passed    100.00%
 226  Inia_geoffrensis                0.00%    passed    100.00%
 227  Pontoporia_blainvillei          0.00%    passed    100.00%
 228  Lipotes_vexillifer              0.00%    passed    100.00%
 229  Lagenorhynchus_albirostris      0.00%    passed    100.00%
 230  Stenella_attenuata              0.00%    passed    100.00%
 231  Stenella_coeruleoalba           0.00%    passed    100.00%
 232  Tursiops_aduncus                0.00%    passed    100.00%
 233  Delphinus_capensis              0.00%    passed    100.00%
 234  Tursiops_truncatus              0.00%    passed    100.00%
 235  Sousa_chinensis                 0.00%    passed    100.00%
 236  Grampus_griseus                 0.00%    passed    100.00%
 237  Phocoena_phocoena               0.00%    passed    100.00%
 238  Monodon_monoceros               0.00%    passed    100.00%
 239  Ovis_aries                      0.00%    passed    100.00%
 240  Ammotragus_lervia               0.00%    passed    100.00%
 241  Budorcas_taxicolor              0.00%    passed    100.00%
 242  Capra_hircus                    0.00%    passed    100.00%
 243  Naemorhedus_swinhoei            0.00%    passed    100.00%
 244  Capricornis_crispus             0.00%    passed    100.00%
 245  Naemorhedus_caudatus            0.00%    passed    100.00%
 246  Pantholops_hodgsonii            0.00%    passed    100.00%
 247  Antilope_cervicapra             0.00%    passed    100.00%
 248  Bos_indicus                     0.00%    passed    100.00%
 249  Bos_taurus                      0.00%    passed    100.00%
 250  Bison_bonasus                   0.00%    passed    100.00%
 251  Bos_grunniens                   0.00%    passed    100.00%
 252  Bison_bison                     0.00%    passed    100.00%
 253  Bubalus_bubalis                 0.00%    passed    100.00%
 254  Moschus_berezovskii             0.00%    passed    100.00%
 255  Moschus_moschiferus             0.00%    passed    100.00%
 256  Muntiacus_reevesi               0.00%    passed    100.00%
 257  Muntiacus_muntjak               0.00%    passed    100.00%
 258  Muntiacus_crinifrons            0.00%    passed    100.00%
 259  Cervus_nippon                   0.00%    passed    100.00%
 260  Cervus_elaphus                  0.00%    passed    100.00%
 261  Cervus_unicolor                 0.00%    passed    100.00%
 262  Elaphodus_cephalophus           0.00%    passed    100.00%
 263  Rangifer_tarandus               0.00%    passed    100.00%
 264  Hydropotes_inermis              0.00%    passed    100.00%
 265  Giraffa_camelopardalis          0.00%    passed    100.00%
 266  Lama_pacos                      0.00%    passed    100.00%
 267  Lama_glama                      0.00%    passed    100.00%
 268  Lama_guanicoe                   0.00%    passed    100.00%
 269  Vicugna_vicugna                 0.00%    passed    100.00%
 270  Camelus_bactrianus              0.00%    passed    100.00%
 271  Camelus_dromedarius             0.00%    passed    100.00%
 272  Pecari_tajacu                   0.00%    passed    100.00%
 273  Sus_scrofa                      0.00%    passed    100.00%
 274  Phacochoerus_africanus          0.00%    passed    100.00%
****  TOTAL                           0.00%  0 sequences failed composition chi2 test (p-value<5%; df=19)
NOTE: Rattus_rattus is identical to Rattus_tanezumi but kept for subsequent analysis
NOTE: Ochotona_princeps is identical to Ochotona_collaris but kept for subsequent analysis
NOTE: Chlorocebus_tantalus is identical to Chlorocebus_aethiops but kept for subsequent analysis
NOTE: Eulemur_fulvus is identical to Eulemur_mongoz but kept for subsequent analysis
NOTE: Mystacina_tuberculata is identical to Artibeus_jamaicensis but kept for subsequent analysis
NOTE: Pteropus_scapulatus is identical to Pteropus_dasymallus but kept for subsequent analysis
NOTE: Rhinolophus_pumilus is identical to Rhinolophus_monoceros but kept for subsequent analysis
NOTE: Phoca_largha is identical to Phoca_vitulina but kept for subsequent analysis
NOTE: Zalophus_californianus is identical to Neophoca_cinerea but kept for subsequent analysis
NOTE: Martes_zibellina is identical to Martes_melampus but kept for subsequent analysis
NOTE: Helarctos_malayanus is identical to Ursus_americanus but kept for subsequent analysis
NOTE: Canis_latrans is identical to Canis_lupus but kept for subsequent analysis
NOTE: Panthera_tigris is identical to Neofelis_nebulosa but kept for subsequent analysis
NOTE: Equus_asinus is identical to Equus_caballus but kept for subsequent analysis
NOTE: Diceros_bicornis is identical to Ceratotherium_simum but kept for subsequent analysis
NOTE: Balaenoptera_bonaerensis is identical to Balaenoptera_acutorostrata but kept for subsequent analysis
NOTE: Balaenoptera_edeni is identical to Balaenoptera_brydei but kept for subsequent analysis
NOTE: Pontoporia_blainvillei is identical to Hyperoodon_ampullatus but kept for subsequent analysis
NOTE: Grampus_griseus is identical to Stenella_attenuata but kept for subsequent analysis
NOTE: Tursiops_aduncus is identical to Stenella_coeruleoalba but kept for subsequent analysis
NOTE: Capra_hircus is identical to Ovis_aries but kept for subsequent analysis
NOTE: Bos_taurus is identical to Bos_indicus but kept for subsequent analysis
NOTE: Bison_bison is identical to Bos_grunniens but kept for subsequent analysis
NOTE: Moschus_moschiferus is identical to Moschus_berezovskii but kept for subsequent analysis
NOTE: Cervus_unicolor is identical to Cervus_elaphus but kept for subsequent analysis
NOTE: Hydropotes_inermis is identical to Rangifer_tarandus but kept for subsequent analysis
NOTE: Lama_glama is identical to Lama_pacos but kept for subsequent analysis
NOTE: Camelus_dromedarius is identical to Camelus_bactrianus but kept for subsequent analysis
NOTE: 19 identical sequences (see below) will be ignored for subsequent analysis
NOTE: Chlorocebus_pygerythrus (identical to Chlorocebus_aethiops) is ignored but added at the end
NOTE: Chlorocebus_sabaeus (identical to Chlorocebus_aethiops) is ignored but added at the end
NOTE: Phoca_sibirica (identical to Phoca_vitulina) is ignored but added at the end
NOTE: Halichoerus_grypus (identical to Phoca_vitulina) is ignored but added at the end
NOTE: Phoca_hispida (identical to Phoca_vitulina) is ignored but added at the end
NOTE: Phoca_fasciata (identical to Phoca_vitulina) is ignored but added at the end
NOTE: Phoca_groenlandica (identical to Phoca_vitulina) is ignored but added at the end
NOTE: Mirounga_leonina (identical to Phoca_vitulina) is ignored but added at the end
NOTE: Lobodon_carcinophaga (identical to Phoca_vitulina) is ignored but added at the end
NOTE: Leptonychotes_weddellii (identical to Phoca_vitulina) is ignored but added at the end
NOTE: Hydrurga_leptonyx (identical to Phoca_vitulina) is ignored but added at the end
NOTE: Enhydra_lutris (identical to Phoca_vitulina) is ignored but added at the end
NOTE: Martes_flavigula (identical to Martes_melampus) is ignored but added at the end
NOTE: Melursus_ursinus (identical to Ursus_americanus) is ignored but added at the end
NOTE: Tremarctos_ornatus (identical to Ursus_americanus) is ignored but added at the end
NOTE: Dicerorhinus_sumatrensis (identical to Ceratotherium_simum) is ignored but added at the end
NOTE: Tursiops_truncatus (identical to Stenella_coeruleoalba) is ignored but added at the end
NOTE: Lama_guanicoe (identical to Lama_pacos) is ignored but added at the end
NOTE: Vicugna_vicugna (identical to Lama_pacos) is ignored but added at the end

For your convenience alignment with unique sequences printed to /csm_data/spielman_lab/aa_phylo_fit_topology//simulations/alignments/1R6M_dosreis_rep8_AA.fasta.uniqueseq.phy

Create initial parsimony tree by phylogenetic likelihood library (PLL)... 0.058 seconds
Generating 1000 samples for ultrafast bootstrap (seed: 982948)...

NOTE: 27 MB RAM (0 GB) is required!
Measuring multi-threading efficiency up to 8 CPU cores
Increase to 10 rounds for branch lengths
10 trees examined
Threads: 1 / Time: 8.335 sec / Speedup: 1.000 / Efficiency: 100% / LogL: -11768
Threads: 2 / Time: 5.129 sec / Speedup: 1.625 / Efficiency: 81% / LogL: -11768
Threads: 3 / Time: 4.474 sec / Speedup: 1.863 / Efficiency: 62% / LogL: -11768
Threads: 4 / Time: 3.615 sec / Speedup: 2.306 / Efficiency: 58% / LogL: -11768
Threads: 5 / Time: 4.103 sec / Speedup: 2.031 / Efficiency: 41% / LogL: -11768
BEST NUMBER OF THREADS: 4

Estimate model parameters (epsilon = 0.100)
Thoroughly optimizing +I+G parameters from 10 start values...
Init pinv, alpha: 0.000, 1.000 / Estimate: 0.000, 0.588 / LogL: -4760.865
Init pinv, alpha: 0.038, 1.000 / Estimate: 0.044, 0.642 / LogL: -4760.226
Init pinv, alpha: 0.076, 1.000 / Estimate: 0.085, 0.704 / LogL: -4759.806
Init pinv, alpha: 0.113, 1.000 / Estimate: 0.121, 0.772 / LogL: -4759.604
Init pinv, alpha: 0.151, 1.000 / Estimate: 0.153, 0.844 / LogL: -4759.602
Init pinv, alpha: 0.189, 1.000 / Estimate: 0.175, 0.902 / LogL: -4759.717
Init pinv, alpha: 0.227, 1.000 / Estimate: 0.183, 0.927 / LogL: -4759.798
Init pinv, alpha: 0.264, 1.000 / Estimate: 0.180, 0.916 / LogL: -4759.766
Init pinv, alpha: 0.302, 1.000 / Estimate: 0.184, 0.929 / LogL: -4759.818
Init pinv, alpha: 0.340, 1.000 / Estimate: 0.180, 0.918 / LogL: -4759.784
Optimal pinv,alpha: 0.153, 0.844 / LogL: -4759.602

Parameters optimization took 6.094 sec
Computing ML distances based on estimated model parameters... 18.173 sec
Computing BIONJ tree...
0.061 seconds
Log-likelihood of BIONJ tree: -4800.417
--------------------------------------------------------------------
|             INITIALIZING CANDIDATE TREE SET                      |
--------------------------------------------------------------------
Generating 98 parsimony trees... 6.483 second
Computing log-likelihood of 98 initial trees ... 9.093 seconds
Current best score: -4742.929

Do NNI search on 20 best initial trees
Estimate model parameters (epsilon = 0.100)
BETTER TREE FOUND at iteration 1: -4741.083
Estimate model parameters (epsilon = 0.100)
BETTER TREE FOUND at iteration 2: -4736.697
Iteration 10 / LogL: -4749.424 / Time: 0h:1m:19s
Iteration 20 / LogL: -4745.509 / Time: 0h:1m:44s
Finish initializing candidate tree set (20)
Current best tree score: -4736.697 / CPU time: 64.336
Number of iterations: 20
--------------------------------------------------------------------
|               OPTIMIZING CANDIDATE TREE SET                      |
--------------------------------------------------------------------
Iteration 30 / LogL: -4747.819 / Time: 0h:2m:8s (0h:5m:12s left)
Estimate model parameters (epsilon = 0.100)
BETTER TREE FOUND at iteration 40: -4736.519
Iteration 40 / LogL: -4736.519 / Time: 0h:2m:33s (0h:6m:24s left)
Iteration 50 / LogL: -4760.990 / Time: 0h:2m:58s (0h:5m:22s left)
Log-likelihood cutoff on original alignment: -4774.205
Estimate model parameters (epsilon = 0.100)
BETTER TREE FOUND at iteration 57: -4735.090
BETTER TREE FOUND at iteration 59: -4735.090
Iteration 60 / LogL: -4735.361 / Time: 0h:3m:30s (0h:5m:47s left)
Iteration 70 / LogL: -4746.556 / Time: 0h:3m:56s (0h:5m:0s left)
Estimate model parameters (epsilon = 0.100)
BETTER TREE FOUND at iteration 74: -4734.573
Iteration 80 / LogL: -4759.231 / Time: 0h:4m:21s (0h:5m:7s left)
BETTER TREE FOUND at iteration 84: -4734.573
Estimate model parameters (epsilon = 0.100)
BETTER TREE FOUND at iteration 86: -4732.401
BETTER TREE FOUND at iteration 89: -4732.401
Iteration 90 / LogL: -4743.569 / Time: 0h:4m:49s (0h:5m:18s left)
Iteration 100 / LogL: -4761.327 / Time: 0h:5m:14s (0h:4m:40s left)
Log-likelihood cutoff on original alignment: -4774.205
NOTE: Bootstrap correlation coefficient of split occurrence frequencies: 0.995
Iteration 110 / LogL: -4732.401 / Time: 0h:5m:44s (0h:4m:41s left)
BETTER TREE FOUND at iteration 114: -4732.401
BETTER TREE FOUND at iteration 119: -4732.401
Iteration 120 / LogL: -4751.226 / Time: 0h:6m:10s (0h:5m:6s left)
Iteration 130 / LogL: -4738.008 / Time: 0h:6m:34s (0h:4m:30s left)
BETTER TREE FOUND at iteration 134: -4732.400
BETTER TREE FOUND at iteration 137: -4732.400
BETTER TREE FOUND at iteration 138: -4732.400
Iteration 140 / LogL: -4748.804 / Time: 0h:7m:3s (0h:4m:56s left)
Iteration 150 / LogL: -4752.626 / Time: 0h:7m:29s (0h:4m:23s left)
Log-likelihood cutoff on original alignment: -4774.205
Iteration 160 / LogL: -4743.618 / Time: 0h:7m:55s (0h:3m:51s left)
Iteration 170 / LogL: -4743.212 / Time: 0h:8m:20s (0h:3m:19s left)
BETTER TREE FOUND at iteration 175: -4732.400
Iteration 180 / LogL: -4744.009 / Time: 0h:8m:47s (0h:4m:38s left)
Iteration 190 / LogL: -4749.295 / Time: 0h:9m:10s (0h:4m:6s left)
BETTER TREE FOUND at iteration 198: -4732.400
Iteration 200 / LogL: -4742.622 / Time: 0h:9m:34s (0h:4m:41s left)
Log-likelihood cutoff on original alignment: -4774.205
NOTE: Bootstrap correlation coefficient of split occurrence frequencies: 0.997
Iteration 210 / LogL: -4732.400 / Time: 0h:10m:2s (0h:4m:18s left)
Iteration 220 / LogL: -4732.401 / Time: 0h:10m:29s (0h:3m:48s left)
Iteration 230 / LogL: -4751.165 / Time: 0h:10m:56s (0h:3m:19s left)
Iteration 240 / LogL: -4732.400 / Time: 0h:11m:22s (0h:2m:50s left)
Iteration 250 / LogL: -4732.677 / Time: 0h:11m:50s (0h:2m:22s left)
Log-likelihood cutoff on original alignment: -4774.205
Iteration 260 / LogL: -4732.677 / Time: 0h:12m:17s (0h:1m:53s left)
Iteration 270 / LogL: -4746.034 / Time: 0h:12m:42s (0h:1m:24s left)
Iteration 280 / LogL: -4732.400 / Time: 0h:13m:7s (0h:0m:56s left)
Iteration 290 / LogL: -4762.470 / Time: 0h:13m:32s (0h:0m:27s left)
Estimate model parameters (epsilon = 0.100)
BETTER TREE FOUND at iteration 298: -4732.138
Iteration 300 / LogL: -4742.496 / Time: 0h:13m:58s (0h:4m:33s left)
Log-likelihood cutoff on original alignment: -4774.205
NOTE: Bootstrap correlation coefficient of split occurrence frequencies: 0.999
Estimate model parameters (epsilon = 0.100)
BETTER TREE FOUND at iteration 301: -4731.848
Iteration 310 / LogL: -4742.253 / Time: 0h:14m:35s (0h:4m:16s left)
Iteration 320 / LogL: -4743.070 / Time: 0h:15m:3s (0h:3m:48s left)
Iteration 330 / LogL: -4750.778 / Time: 0h:15m:31s (0h:3m:20s left)
Iteration 340 / LogL: -4744.460 / Time: 0h:16m:1s (0h:2m:52s left)
Iteration 350 / LogL: -4743.474 / Time: 0h:16m:27s (0h:2m:23s left)
Log-likelihood cutoff on original alignment: -4774.205
BETTER TREE FOUND at iteration 355: -4731.848
Iteration 360 / LogL: -4732.383 / Time: 0h:16m:55s (0h:4m:27s left)
Iteration 370 / LogL: -4738.602 / Time: 0h:17m:25s (0h:4m:0s left)
Iteration 380 / LogL: -4741.639 / Time: 0h:17m:50s (0h:3m:31s left)
Iteration 390 / LogL: -4746.808 / Time: 0h:18m:18s (0h:3m:3s left)
BETTER TREE FOUND at iteration 391: -4731.848
Iteration 400 / LogL: -4734.093 / Time: 0h:18m:45s (0h:4m:16s left)
Log-likelihood cutoff on original alignment: -4774.225
NOTE: Bootstrap correlation coefficient of split occurrence frequencies: 0.998
Iteration 410 / LogL: -4750.664 / Time: 0h:19m:13s (0h:4m:13s left)
BETTER TREE FOUND at iteration 413: -4731.848
Iteration 420 / LogL: -4765.423 / Time: 0h:19m:42s (0h:4m:21s left)
Iteration 430 / LogL: -4732.468 / Time: 0h:20m:11s (0h:3m:53s left)
Iteration 440 / LogL: -4731.848 / Time: 0h:20m:41s (0h:3m:25s left)
Iteration 450 / LogL: -4743.495 / Time: 0h:21m:10s (0h:2m:57s left)
Log-likelihood cutoff on original alignment: -4774.205
Estimate model parameters (epsilon = 0.100)
BETTER TREE FOUND at iteration 457: -4731.755
Iteration 460 / LogL: -4746.649 / Time: 0h:21m:44s (0h:4m:34s left)
Iteration 470 / LogL: -4743.547 / Time: 0h:22m:9s (0h:4m:6s left)
Iteration 480 / LogL: -4736.963 / Time: 0h:22m:40s (0h:3m:38s left)
Iteration 490 / LogL: -4731.840 / Time: 0h:23m:8s (0h:3m:9s left)
Iteration 500 / LogL: -4737.473 / Time: 0h:23m:39s (0h:2m:41s left)
Log-likelihood cutoff on original alignment: -4774.205
NOTE: Bootstrap correlation coefficient of split occurrence frequencies: 0.998
Iteration 510 / LogL: -4776.392 / Time: 0h:24m:6s (0h:4m:15s left)
Iteration 520 / LogL: -4731.840 / Time: 0h:24m:36s (0h:3m:47s left)
Iteration 530 / LogL: -4769.270 / Time: 0h:25m:4s (0h:3m:18s left)
Iteration 540 / LogL: -4755.282 / Time: 0h:25m:31s (0h:2m:50s left)
Iteration 550 / LogL: -4733.338 / Time: 0h:26m:0s (0h:2m:21s left)
Log-likelihood cutoff on original alignment: -4774.205
TREE SEARCH COMPLETED AFTER 558 ITERATIONS / Time: 0h:26m:27s

--------------------------------------------------------------------
|                    FINALIZING TREE SEARCH                        |
--------------------------------------------------------------------
Performs final model parameters optimization
Estimate model parameters (epsilon = 0.010)
1. Initial log-likelihood: -4731.755
Optimal log-likelihood: -4731.749
Proportion of invariable sites: 0.130
Gamma shape alpha: 0.768
Parameters optimization took 1 rounds (0.129 sec)
BEST SCORE FOUND : -4731.749
Creating bootstrap support values...
Split supports printed to NEXUS file /csm_data/spielman_lab/aa_phylo_fit_topology//simulations/alignments/1R6M_dosreis_rep8_AA.fasta.splits.nex
Total tree length: 3.409

Total number of iterations: 558
CPU time used for tree search: 6036.502 sec (1h:40m:36s)
Wall-clock time used for tree search: 1547.038 sec (0h:25m:47s)
Total CPU time used: 6238.111 sec (1h:43m:58s)
Total wall-clock time used: 1588.690 sec (0h:26m:28s)

Computing bootstrap consensus tree...
Reading input file /csm_data/spielman_lab/aa_phylo_fit_topology//simulations/alignments/1R6M_dosreis_rep8_AA.fasta.splits.nex...
255 taxa and 4714 splits.
Consensus tree written to /csm_data/spielman_lab/aa_phylo_fit_topology//simulations/alignments/1R6M_dosreis_rep8_AA.fasta.contree
Reading input trees file /csm_data/spielman_lab/aa_phylo_fit_topology//simulations/alignments/1R6M_dosreis_rep8_AA.fasta.contree
Log-likelihood of consensus tree: -4734.847

Analysis results written to: 
  IQ-TREE report:                /csm_data/spielman_lab/aa_phylo_fit_topology//simulations/alignments/1R6M_dosreis_rep8_AA.fasta.iqtree
  Maximum-likelihood tree:       /csm_data/spielman_lab/aa_phylo_fit_topology//simulations/alignments/1R6M_dosreis_rep8_AA.fasta.treefile
  Likelihood distances:          /csm_data/spielman_lab/aa_phylo_fit_topology//simulations/alignments/1R6M_dosreis_rep8_AA.fasta.mldist

Ultrafast bootstrap approximation results written to:
  Split support values:          /csm_data/spielman_lab/aa_phylo_fit_topology//simulations/alignments/1R6M_dosreis_rep8_AA.fasta.splits.nex
  Consensus tree:                /csm_data/spielman_lab/aa_phylo_fit_topology//simulations/alignments/1R6M_dosreis_rep8_AA.fasta.contree
  Screen log file:               /csm_data/spielman_lab/aa_phylo_fit_topology//simulations/alignments/1R6M_dosreis_rep8_AA.fasta.log

Date and Time: Sat Nov  2 08:45:43 2019
