IQ-TREE multicore version 1.6.7 for Linux 64-bit built Aug 23 2018
Developed by Bui Quang Minh, Nguyen Lam Tung, Olga Chernomor,
Heiko Schmidt, Dominik Schrempf, Michael Woodhams.

Host:    csm-com-008 (AVX2, FMA3, 62 GB RAM)
Command: iqtree -quiet -nt AUTO -ntmax 8 -m JTTDCMut+F -s /csm_data/spielman_lab/aa_phylo_fit_topology//simulations/alignments/1R6M_salichos_rep13_AA.fasta -st AA -redo -bb 1000
Seed:    286585 (Using SPRNG - Scalable Parallel Random Number Generator)
Time:    Sat Nov  2 07:27:55 2019
Kernel:  AVX+FMA - auto-detect threads (48 CPU cores detected)

Reading alignment file /csm_data/spielman_lab/aa_phylo_fit_topology//simulations/alignments/1R6M_salichos_rep13_AA.fasta ... Fasta format detected
Alignment most likely contains protein sequences
Alignment has 23 sequences with 203 columns, 139 distinct patterns
80 parsimony-informative, 42 singleton sites, 81 constant sites
      Gap/Ambiguity  Composition  p-value
   1  Agos    0.00%    passed     96.16%
   2  Klac    0.00%    passed     99.99%
   3  Calb    0.00%    passed     98.74%
   4  Cdub    0.00%    passed     98.34%
   5  Ctro    0.00%    passed     99.85%
   6  Cpar    0.00%    passed     99.93%
   7  Lelo    0.00%    passed     99.99%
   8  Psti    0.00%    passed     99.96%
   9  Cgui    0.00%    passed     99.62%
  10  Dhan    0.00%    passed     98.01%
  11  Clus    0.00%    passed     99.95%
  12  Cgla    0.00%    passed     91.75%
  13  Sbay    0.00%    passed    100.00%
  14  Scer    0.00%    passed     99.99%
  15  Spar    0.00%    passed     99.97%
  16  Smik    0.00%    passed    100.00%
  17  Skud    0.00%    passed     99.98%
  18  Scas    0.00%    passed     99.97%
  19  Kpol    0.00%    passed    100.00%
  20  Zrou    0.00%    passed     99.99%
  21  Kthe    0.00%    passed    100.00%
  22  Kwal    0.00%    passed     99.99%
  23  Sklu    0.00%    passed     99.98%
****  TOTAL    0.00%  0 sequences failed composition chi2 test (p-value<5%; df=19)

Create initial parsimony tree by phylogenetic likelihood library (PLL)... 0.001 seconds
Generating 1000 samples for ultrafast bootstrap (seed: 286585)...

NOTE: 1 MB RAM (0 GB) is required!
Measuring multi-threading efficiency up to 8 CPU cores
Increase to 10 rounds for branch lengths
621 trees examined
Threads: 1 / Time: 8.007 sec / Speedup: 1.000 / Efficiency: 100% / LogL: -3730
Threads: 2 / Time: 5.264 sec / Speedup: 1.521 / Efficiency: 76% / LogL: -3730
Threads: 3 / Time: 4.365 sec / Speedup: 1.835 / Efficiency: 61% / LogL: -3730
Threads: 4 / Time: 4.897 sec / Speedup: 1.635 / Efficiency: 41% / LogL: -3730
BEST NUMBER OF THREADS: 3

Estimate model parameters (epsilon = 0.100)
1. Initial log-likelihood: -2388.709
Optimal log-likelihood: -2374.462
Parameters optimization took 1 rounds (0.004 sec)
Computing ML distances based on estimated model parameters... 0.049 sec
Computing BIONJ tree...
0.002 seconds
Log-likelihood of BIONJ tree: -2383.780
--------------------------------------------------------------------
|             INITIALIZING CANDIDATE TREE SET                      |
--------------------------------------------------------------------
Generating 98 parsimony trees... 0.169 second
Computing log-likelihood of 98 initial trees ... 0.250 seconds
Current best score: -2366.019

Do NNI search on 20 best initial trees
Estimate model parameters (epsilon = 0.100)
BETTER TREE FOUND at iteration 1: -2366.019
Iteration 10 / LogL: -2366.019 / Time: 0h:0m:23s
Iteration 20 / LogL: -2369.082 / Time: 0h:0m:23s
Finish initializing candidate tree set (3)
Current best tree score: -2366.019 / CPU time: 0.657
Number of iterations: 20
--------------------------------------------------------------------
|               OPTIMIZING CANDIDATE TREE SET                      |
--------------------------------------------------------------------
Iteration 30 / LogL: -2369.080 / Time: 0h:0m:23s (0h:0m:57s left)
UPDATE BEST LOG-LIKELIHOOD: -2366.019
Iteration 40 / LogL: -2366.019 / Time: 0h:0m:23s (0h:0m:37s left)
Iteration 50 / LogL: -2366.020 / Time: 0h:0m:24s (0h:0m:25s left)
Log-likelihood cutoff on original alignment: -2397.232
Iteration 60 / LogL: -2366.023 / Time: 0h:0m:24s (0h:0m:16s left)
Iteration 70 / LogL: -2366.020 / Time: 0h:0m:24s (0h:0m:11s left)
Iteration 80 / LogL: -2366.030 / Time: 0h:0m:25s (0h:0m:6s left)
Iteration 90 / LogL: -2366.019 / Time: 0h:0m:25s (0h:0m:3s left)
Iteration 100 / LogL: -2400.334 / Time: 0h:0m:25s (0h:0m:0s left)
Log-likelihood cutoff on original alignment: -2398.011
NOTE: Bootstrap correlation coefficient of split occurrence frequencies: 0.999
TREE SEARCH COMPLETED AFTER 102 ITERATIONS / Time: 0h:0m:25s

--------------------------------------------------------------------
|                    FINALIZING TREE SEARCH                        |
--------------------------------------------------------------------
Performs final model parameters optimization
Estimate model parameters (epsilon = 0.010)
1. Initial log-likelihood: -2366.019
Optimal log-likelihood: -2366.019
Parameters optimization took 1 rounds (0.002 sec)
BEST SCORE FOUND : -2366.019
Creating bootstrap support values...
Split supports printed to NEXUS file /csm_data/spielman_lab/aa_phylo_fit_topology//simulations/alignments/1R6M_salichos_rep13_AA.fasta.splits.nex
Total tree length: 1.564

Total number of iterations: 102
CPU time used for tree search: 9.864 sec (0h:0m:9s)
Wall-clock time used for tree search: 3.256 sec (0h:0m:3s)
Total CPU time used: 65.560 sec (0h:1m:5s)
Total wall-clock time used: 26.034 sec (0h:0m:26s)

Computing bootstrap consensus tree...
Reading input file /csm_data/spielman_lab/aa_phylo_fit_topology//simulations/alignments/1R6M_salichos_rep13_AA.fasta.splits.nex...
23 taxa and 130 splits.
Consensus tree written to /csm_data/spielman_lab/aa_phylo_fit_topology//simulations/alignments/1R6M_salichos_rep13_AA.fasta.contree
Reading input trees file /csm_data/spielman_lab/aa_phylo_fit_topology//simulations/alignments/1R6M_salichos_rep13_AA.fasta.contree
Log-likelihood of consensus tree: -2366.019

Analysis results written to: 
  IQ-TREE report:                /csm_data/spielman_lab/aa_phylo_fit_topology//simulations/alignments/1R6M_salichos_rep13_AA.fasta.iqtree
  Maximum-likelihood tree:       /csm_data/spielman_lab/aa_phylo_fit_topology//simulations/alignments/1R6M_salichos_rep13_AA.fasta.treefile
  Likelihood distances:          /csm_data/spielman_lab/aa_phylo_fit_topology//simulations/alignments/1R6M_salichos_rep13_AA.fasta.mldist

Ultrafast bootstrap approximation results written to:
  Split support values:          /csm_data/spielman_lab/aa_phylo_fit_topology//simulations/alignments/1R6M_salichos_rep13_AA.fasta.splits.nex
  Consensus tree:                /csm_data/spielman_lab/aa_phylo_fit_topology//simulations/alignments/1R6M_salichos_rep13_AA.fasta.contree
  Screen log file:               /csm_data/spielman_lab/aa_phylo_fit_topology//simulations/alignments/1R6M_salichos_rep13_AA.fasta.log

Date and Time: Sat Nov  2 07:28:21 2019
