IQ-TREE multicore version 1.6.7 for Linux 64-bit built Aug 23 2018
Developed by Bui Quang Minh, Nguyen Lam Tung, Olga Chernomor,
Heiko Schmidt, Dominik Schrempf, Michael Woodhams.

Host:    csm-com-002 (AVX2, FMA3, 62 GB RAM)
Command: iqtree -quiet -nt AUTO -ntmax 8 -m mtART -s /csm_data/spielman_lab/aa_phylo_fit_topology//simulations/alignments/1R6M_ruhfel_rep14_AA.fasta -st AA -redo -bb 1000
Seed:    41104 (Using SPRNG - Scalable Parallel Random Number Generator)
Time:    Sat Nov  2 07:18:17 2019
Kernel:  AVX+FMA - auto-detect threads (48 CPU cores detected)

Reading alignment file /csm_data/spielman_lab/aa_phylo_fit_topology//simulations/alignments/1R6M_ruhfel_rep14_AA.fasta ... Fasta format detected
Alignment most likely contains protein sequences
Alignment has 360 sequences with 203 columns, 159 distinct patterns
117 parsimony-informative, 27 singleton sites, 58 constant sites
                                  Gap/Ambiguity  Composition  p-value
   1  Abies_firma                         0.00%    passed     99.99%
   2  Abolboda_macrostachya               0.00%    passed    100.00%
   3  Cyperus_alternifolius               0.00%    passed     99.99%
   4  Juncus_effusus                      0.00%    passed     99.98%
   5  Thurnia_sphaerocephala              0.00%    passed    100.00%
   6  Acidosasa_purpurea                  0.00%    passed    100.00%
   7  Ferrocalamus_rimosivaginus          0.00%    passed    100.00%
   8  Indocalamus_longiauritus            0.00%    passed    100.00%
   9  Phyllostachys_edulis                0.00%    passed    100.00%
  10  Phyllostachys_nigra                 0.00%    passed    100.00%
  11  Phyllostachys_propinqua             0.00%    passed    100.00%
  12  Bambusa_emeiensis                   0.00%    passed    100.00%
  13  Bambusa_oldhamii                    0.00%    passed    100.00%
  14  Dendrocalamus_latiflorus            0.00%    passed    100.00%
  15  Agrostis_stolonifera                0.00%    passed    100.00%
  16  Festuca_arundinacea                 0.00%    passed    100.00%
  17  Lolium_perenne                      0.00%    passed    100.00%
  18  Hordeum_vulgare                     0.00%    passed    100.00%
  19  Triticum_aestivum                   0.00%    passed    100.00%
  20  Brachypodium_distachyon             0.00%    passed    100.00%
  21  Leersia_tisserantii                 0.00%    passed    100.00%
  22  Oryza_australiensis                 0.00%    passed    100.00%
  23  Oryza_meridionalis                  0.00%    passed    100.00%
  24  Oryza_rufipogonB                    0.00%    passed    100.00%
  25  Oryza_nivara                        0.00%    passed    100.00%
  26  Oryza_rufipogonA                    0.00%    passed    100.00%
  27  Oryza_sativaIndica                  0.00%    passed    100.00%
  28  Oryza_sativaJaponica                0.00%    passed    100.00%
  29  Potamophila_parviflora              0.00%    passed    100.00%
  30  Rhynchoryza_subulata                0.00%    passed    100.00%
  31  Microlaena_stipoides                0.00%    passed    100.00%
  32  Coix_lacryma                        0.00%    passed    100.00%
  33  Saccharum_hybrid310                 0.00%    passed    100.00%
  34  Sorghum_bicolor                     0.00%    passed    100.00%
  35  Zea_mays                            0.00%    passed    100.00%
  36  Panicum_virgatum                    0.00%    passed    100.00%
  37  Eleusine_coracana                   0.00%    passed    100.00%
  38  Puelia_olyriformis                  0.00%    passed    100.00%
  39  Anomochloa_marantoidea              0.00%    passed    100.00%
  40  Streptochaeta_angustifolia          0.00%    passed    100.00%
  41  Ecdeiocolea_monostachya             0.00%    passed    100.00%
  42  Georgeantha_hexandra                0.00%    passed    100.00%
  43  Joinvillea_ascendens                0.00%    passed    100.00%
  44  Flagellaria_indica                  0.00%    passed    100.00%
  45  Centrolepis_monogyna                0.00%    passed    100.00%
  46  Thamnochortus_insignis              0.00%    passed    100.00%
  47  Mayaca_fluviatilis                  0.00%    passed    100.00%
  48  Syngonanthus_chrysanthus            0.00%    passed    100.00%
  49  Potarophytum_riparium               0.00%    passed    100.00%
  50  Sparganium_eurycarpum               0.00%    passed    100.00%
  51  Typha_latifolia                     0.00%    passed    100.00%
  52  Brocchinia_micrantha                0.00%    passed    100.00%
  53  Fosterella_caulescens               0.00%    passed    100.00%
  54  Pitcairnia_feliciana                0.00%    passed    100.00%
  55  Neoregelia_carolinae                0.00%    passed    100.00%
  56  Puya_laxa                           0.00%    passed    100.00%
  57  Navia_saxicola                      0.00%    passed    100.00%
  58  Belosynapsis_ciliata                0.00%    passed    100.00%
  59  Tradescantia_ohiensis               0.00%    passed    100.00%
  60  Musa_acuminata                      0.00%    passed    100.00%
  61  Renealmia_alpinia                   0.00%    passed    100.00%
  62  Chamaedorea_seifrizii               0.00%    passed    100.00%
  63  Elaeis_oleifera                     0.00%    passed    100.00%
  64  Ravenea_hildebrandtii               0.00%    passed    100.00%
  65  Phoenix_dactylifera                 0.00%    passed    100.00%
  66  Dasypogon_bromeliifolius            0.00%    passed    100.00%
  67  Kingia_australis                    0.00%    passed    100.00%
  68  Agapanthus_praecox                  0.00%    passed    100.00%
  69  Albuca_kirkii                       0.00%    passed    100.00%
  70  Chlorophytum_rhizopendulum          0.00%    passed    100.00%
  71  Hesperaloe_parviflora               0.00%    passed    100.00%
  72  Yucca_schidigera                    0.00%    passed    100.00%
  73  Hosta_ventricosa                    0.00%    passed    100.00%
  74  Asparagus_officinalis               0.00%    passed    100.00%
  75  Lomandra_longifolia                 0.00%    passed    100.00%
  76  Nolina_atopocarpa                   0.00%    passed    100.00%
  77  Phormium_tenax                      0.00%    passed    100.00%
  78  Iris_virginica                      0.00%    passed    100.00%
  79  Curculigo_capitulata                0.00%    passed    100.00%
  80  Neoastelia_spectabilis              0.00%    passed    100.00%
  81  Apostasia_wallichii                 0.00%    passed    100.00%
  82  Neottia_nidus                       0.00%    passed    100.00%
  83  Rhizanthella_gardneri               0.00%    passed    100.00%
  84  Oncidium_Gower                      0.00%    passed    100.00%
  85  Phalaenopsis_aphrodite              0.00%    passed    100.00%
  86  Dioscorea_elephantipes              0.00%    passed    100.00%
  87  Pandanus_utilis                     0.00%    passed    100.00%
  88  Lilium_superbum                     0.00%    passed    100.00%
  89  Colocasia_esculenta                 0.00%    passed    100.00%
  90  Lemna_minor                         0.00%    passed    100.00%
  91  Wolffia_australiana                 0.00%    passed    100.00%
  92  Wolffiella_lingulata                0.00%    passed    100.00%
  93  Spirodela_polyrhiza                 0.00%    passed    100.00%
  94  Acorus_americanus                   0.00%    passed    100.00%
  95  Acorus_calamus                      0.00%    passed    100.00%
  96  Ceratophyllum_demersum              0.00%    passed    100.00%
  97  Piper_cenocladum                    0.00%    passed    100.00%
  98  Aethionema_cordifolium              0.00%    passed    100.00%
  99  Aethionema_grandiflorum             0.00%    passed    100.00%
 100  Arabidopsis_thaliana                0.00%    passed    100.00%
 101  Capsella_bursa                      0.00%    passed    100.00%
 102  Olimarabidopsis_pumila              0.00%    passed    100.00%
 103  Crucihimalaya_wallichii             0.00%    passed    100.00%
 104  Barbarea_verna                      0.00%    passed    100.00%
 105  Nasturtium_officinale               0.00%    passed    100.00%
 106  Lepidium_virginicum                 0.00%    passed    100.00%
 107  Arabis_hirsuta                      0.00%    passed    100.00%
 108  Draba_nemorosa                      0.00%    passed    100.00%
 109  Lobularia_maritima                  0.00%    passed    100.00%
 110  Carica_papaya                       0.00%    passed    100.00%
 111  Gossypium_arboreum                  0.00%    passed    100.00%
 112  Gossypium_herbaceum                 0.00%    passed    100.00%
 113  Gossypium_thurberi                  0.00%    passed    100.00%
 114  Gossypium_barbadense                0.00%    passed    100.00%
 115  Gossypium_tomentosum                0.00%    passed    100.00%
 116  Gossypium_darwinii                  0.00%    passed    100.00%
 117  Gossypium_hirsutum                  0.00%    passed    100.00%
 118  Gossypium_mustelinum                0.00%    passed    100.00%
 119  Gossypium_raimondii                 0.00%    passed    100.00%
 120  Theobroma_cacao                     0.00%    passed    100.00%
 121  Citrus_sinensis                     0.00%    passed    100.00%
 122  Staphylea_colchica                  0.00%    passed    100.00%
 123  Bulnesia_arborea                    0.00%    passed    100.00%
 124  Erodium_carvifolium                 0.00%    passed    100.00%
 125  Erodium_texanum                     0.00%    passed    100.00%
 126  Geranium_palmatum                   0.00%    passed    100.00%
 127  Monsonia_speciosa                   0.00%    passed    100.00%
 128  Pelargonium_x                       0.00%    passed    100.00%
 129  Eucalyptus_globulus                 0.00%    passed    100.00%
 130  Eucalyptus_grandis                  0.00%    passed    100.00%
 131  Oenothera_argillicola               0.00%    passed    100.00%
 132  Oenothera_parviflora                0.00%    passed    100.00%
 133  Oenothera_biennis                   0.00%    passed    100.00%
 134  Oenothera_elata                     0.00%    passed    100.00%
 135  Oenothera_glazioviana               0.00%    passed    100.00%
 136  Castanea_mollissima                 0.00%    passed    100.00%
 137  Quercus_nigra                       0.00%    passed    100.00%
 138  Ficus_sp                            0.00%    passed    100.00%
 139  Morus_indica                        0.00%    passed    100.00%
 140  Fragaria_vesca                      0.00%    passed    100.00%
 141  Pentactina_rupicola                 0.00%    passed    100.00%
 142  Pyrus_pyrifolia                     0.00%    passed    100.00%
 143  Prunus_persica                      0.00%    passed    100.00%
 144  Cicer_arietinum                     0.00%    passed    100.00%
 145  Lathyrus_sativus                    0.00%    passed    100.00%
 146  Pisum_sativum                       0.00%    passed    100.00%
 147  Trifolium_subterraneum              0.00%    passed    100.00%
 148  Medicago_truncatula                 0.00%    passed    100.00%
 149  Lotus_japonicus                     0.00%    passed    100.00%
 150  Glycine_max                         0.00%    passed    100.00%
 151  Phaseolus_vulgaris                  0.00%    passed     98.43%
 152  Vigna_radiata                       0.00%    passed    100.00%
 153  Millettia_pinnata                   0.00%    passed    100.00%
 154  Corynocarpus_laevigata              0.00%    passed    100.00%
 155  Cucumis_melo                        0.00%    passed    100.00%
 156  Cucumis_sativus                     0.00%    passed    100.00%
 157  Euonymus_americanus                 0.00%    passed    100.00%
 158  Oxalis_latifolia                    0.00%    passed    100.00%
 159  Hevea_brasiliensis                  0.00%    passed    100.00%
 160  Manihot_esculenta                   0.00%    passed    100.00%
 161  Ricinus_communis                    0.00%    passed    100.00%
 162  Jatropha_curcas                     0.00%    passed    100.00%
 163  Passiflora_biflora                  0.00%    passed    100.00%
 164  Populus_alba                        0.00%    passed    100.00%
 165  Populus_trichocarpa                 0.00%    passed    100.00%
 166  Heuchera_sanguinea                  0.00%    passed    100.00%
 167  Liquidambar_styraciflua             0.00%    passed    100.00%
 168  Vitis_vinifera                      0.00%    passed    100.00%
 169  Dillenia_indica                     0.00%    passed    100.00%
 170  Ageratina_adenophora                0.00%    passed    100.00%
 171  Helianthus_annuus                   0.00%    passed    100.00%
 172  Parthenium_argentatum               0.00%    passed    100.00%
 173  Guizotia_abyssinica                 0.00%    passed    100.00%
 174  Jacobaea_vulgaris                   0.00%    passed    100.00%
 175  Lactuca_sativa                      0.00%    passed    100.00%
 176  Scaevola_aemula                     0.00%    passed     99.99%
 177  Trachelium_caeruleum                0.00%    passed    100.00%
 178  Anethum_graveolens                  0.00%    passed    100.00%
 179  Petroselinum_crispum                0.00%    passed    100.00%
 180  Crithmum_maritimum                  0.00%    passed    100.00%
 181  Anthriscus_cerefolium               0.00%    passed    100.00%
 182  Daucus_carota                       0.00%    passed    100.00%
 183  Oxypolis_greenmanii                 0.00%    passed    100.00%
 184  Eleutherococcus_senticosus          0.00%    passed    100.00%
 185  Panax_ginseng                       0.00%    passed    100.00%
 186  Hydrocotyle_sp                      0.00%    passed    100.00%
 187  Lonicera_japonica                   0.00%    passed    100.00%
 188  Ilex_cornuta                        0.00%    passed    100.00%
 189  Antirrhinum_majus                   0.00%    passed    100.00%
 190  Epifagus_virginiana                 0.00%    passed    100.00%
 191  Boea_hygrometrica                   0.00%    passed    100.00%
 192  Sesamum_indicum                     0.00%    passed    100.00%
 193  Jasminum_nudiflorum                 0.00%    passed    100.00%
 194  Olea_europaeacuspi                  0.00%    passed    100.00%
 195  Olea_europaeaeuro                   0.00%    passed    100.00%
 196  Olea_europaeamaro                   0.00%    passed    100.00%
 197  Olea_woodiana                       0.00%    passed    100.00%
 198  Atropa_belladonna                   0.00%    passed    100.00%
 199  Solanum_bulbocastanum               0.00%    passed    100.00%
 200  Solanum_tuberosum                   0.00%    passed    100.00%
 201  Solanum_lycopersicum                0.00%    passed    100.00%
 202  Nicotiana_sylvestris                0.00%    passed    100.00%
 203  Nicotiana_tabacum                   0.00%    passed    100.00%
 204  Nicotiana_tomentosiformis           0.00%    passed    100.00%
 205  Nicotiana_undulata                  0.00%    passed    100.00%
 206  Cuscuta_exaltata                    0.00%    passed    100.00%
 207  Cuscuta_reflexa                     0.00%    passed    100.00%
 208  Cuscuta_gronovii                    0.00%    passed    100.00%
 209  Cuscuta_obtusiflora                 0.00%    passed    100.00%
 210  Ipomoea_purpurea                    0.00%    passed    100.00%
 211  Coffea_arabica                      0.00%    passed    100.00%
 212  Nerium_oleander                     0.00%    passed    100.00%
 213  Ehretia_acuminata                   0.00%    passed    100.00%
 214  Aucuba_japonica                     0.00%    passed    100.00%
 215  Arbutus_unedo                       0.00%    passed    100.00%
 216  Rhododendron_simsii                 0.00%    passed    100.00%
 217  Franklinia_alatamaha                0.00%    passed    100.00%
 218  Cornus_florida                      0.00%    passed    100.00%
 219  Davidia_involucrata                 0.00%    passed    100.00%
 220  Anredera_baselloides                0.00%    passed    100.00%
 221  Blossfeldia_liliputana              0.00%    passed    100.00%
 222  Weingartia_kargliana                0.00%    passed    100.00%
 223  Opuntia_decumbens                   0.00%    passed    100.00%
 224  Pereskiopsis_diguetii               0.00%    passed    100.00%
 225  Maihuenia_poeppigii                 0.00%    passed    100.00%
 226  Pereskia_sacharosa                  0.00%    passed    100.00%
 227  Portulaca_oleracea                  0.00%    passed    100.00%
 228  Didierea_madagascariensis           0.00%    passed    100.00%
 229  Portulacaria_afra                   0.00%    passed    100.00%
 230  Mollugo_verticillata                0.00%    passed    100.00%
 231  Silene_conica                       0.00%    passed    100.00%
 232  Silene_noctiflora                   0.00%    passed    100.00%
 233  Silene_latifolia                    0.00%    passed    100.00%
 234  Silene_vulgaris                     0.00%    passed    100.00%
 235  Spinacia_oleracea                   0.00%    passed    100.00%
 236  Fagopyrum_esculentum                0.00%    passed    100.00%
 237  Plumbago_auriculata                 0.00%    passed    100.00%
 238  Berberidopsis_corallina             0.00%    passed    100.00%
 239  Phoradendron_serotinum              0.00%    passed    100.00%
 240  Ximenia_americana                   0.00%    passed    100.00%
 241  Gunnera_manicata                    0.00%    passed    100.00%
 242  Buxus_microphylla                   0.00%    passed    100.00%
 243  Trochodendron_aralioides            0.00%    passed    100.00%
 244  Meliosma_aff_cuneifolia             0.00%    passed    100.00%
 245  Nelumbo_lutea                       0.00%    passed    100.00%
 246  Nelumbo_nuciferaNC                  0.00%    passed    100.00%
 247  Platanus_occidentalis               0.00%    passed    100.00%
 248  Megaleranthis_saniculifolia         0.00%    passed    100.00%
 249  Ranunculus_macranthus               0.00%    passed    100.00%
 250  Nandina_domestica                   0.00%    passed    100.00%
 251  Calycanthus_floridus                0.00%    passed    100.00%
 252  Liriodendron_tulipifera             0.00%    passed    100.00%
 253  Magnolia_kwangsiensis               0.00%    passed    100.00%
 254  Drimys_granadensis                  0.00%    passed    100.00%
 255  Chloranthus_spicatus                0.00%    passed    100.00%
 256  Illicium_oligandrum                 0.00%    passed    100.00%
 257  Nuphar_advena                       0.00%    passed    100.00%
 258  Nymphaea_alba                       0.00%    passed    100.00%
 259  Amborella_trichopoda                0.00%    passed    100.00%
 260  Adiantum_capillus                   0.00%    passed     98.60%
 261  Cheilanthes_lindheimeri             0.00%    passed     97.10%
 262  Pteridium_aquilinum                 0.00%    passed     98.87%
 263  Alsophila_spinulosa                 0.00%    passed     96.67%
 264  Angiopteris_evecta                  0.00%    passed     99.53%
 265  Equisetum_arvense                   0.00%    passed     97.11%
 266  Psilotum_nudum                      0.00%    passed     99.78%
 267  Aneura_mirabilis                    0.00%    passed     99.43%
 268  Ptilidium_pulcherrimum              0.00%    passed     99.97%
 269  Marchantia_polymorpha               0.00%    passed     99.94%
 270  Physcomitrella_patens               0.00%    passed    100.00%
 271  Syntrichia_ruralis                  0.00%    passed    100.00%
 272  Bryopsis_hypnoides                  0.00%    passed     99.11%
 273  Chlamydomonas_reinhardtii           0.00%    passed     99.54%
 274  Volvox_carteri                      0.00%    passed     99.72%
 275  Dunaliella_salina                   0.00%    passed     99.93%
 276  Scenedesmus_obliquus                0.00%    passed     99.92%
 277  Floydiella_terrestris               0.00%    passed     99.88%
 278  Schizomeris_leibleinii              0.00%    passed     98.48%
 279  Stigeoclonium_helveticum            0.00%    passed     98.28%
 280  Oedogonium_cardiacum                0.00%    passed     98.41%
 281  Chlorella_variabilis                0.00%    passed     99.99%
 282  Chlorella_vulgaris                  0.00%    passed     99.99%
 283  Parachlorella_kessleri              0.00%    passed     99.99%
 284  Helicosporidium_sp                  0.00%    passed     81.52%
 285  Pedinomonas_minor                   0.00%    passed     99.74%
 286  Oltmannsiellopsis_viridis           0.00%    passed     99.15%
 287  Pseudendoclonium_akinetum           0.00%    passed     99.96%
 288  Coccomyxa_sp                        0.00%    passed     99.20%
 289  Leptosira_terrestris                0.00%    passed     98.08%
 290  Oocystis_solitaria                  0.00%    passed     99.16%
 291  Micromonas_pusilla                  0.00%    passed     95.31%
 292  Micromonas_sp                       0.00%    passed     98.92%
 293  Ostreococcus_tauri                  0.00%    passed     97.52%
 294  Monomastix_sp                       0.00%    passed     99.59%
 295  Pyramimonas_parkeae                 0.00%    passed     98.42%
 296  Pycnococcus_provasolii              0.00%    passed     99.86%
 297  Nephroselmis_olivacea               0.00%    passed     99.97%
 298  Chlorokybus_atmophyticus            0.00%    passed     99.99%
 299  Mesostigma_viride                   0.00%    passed     99.97%
 300  Chara_vulgaris                      0.00%    passed     99.78%
 301  Chaetosphaeridium_globosum          0.00%    passed     99.99%
 302  Staurastrum_punctulatum             0.00%    passed     99.46%
 303  Zygnema_circumcarinatum             0.00%    passed     99.93%
 304  Anthoceros_formosae                 0.00%    passed     99.97%
 305  Huperzia_lucidula                   0.00%    passed    100.00%
 306  Isoetes_flaccida                    0.00%    passed    100.00%
 307  Selaginella_moellendorffii          0.00%    passed     99.97%
 308  Selaginella_uncinata                0.00%    passed     99.98%
 309  Cycas_micronesica                   0.00%    passed     99.97%
 310  Cycas_taitungensis                  0.00%    passed     99.97%
 311  Ginkgo_biloba                       0.00%    passed     99.87%
 312  Agathis_australis                   0.00%    passed     99.99%
 313  Halocarpus_kirkii                   0.00%    passed    100.00%
 314  Podocarpus_totara                   0.00%    passed     99.99%
 315  Cephalotaxus_wilsoniana             0.00%    passed     99.97%
 316  Cryptomeria_japonica                0.00%    passed     99.98%
 317  Taiwania_cryptomerioides            0.00%    passed     99.97%
 318  Ephedra_equisetina                  0.00%    passed     99.91%
 319  Gnetum_parvifolium                  0.00%    passed     99.61%
 320  Welwitschia_mirabilis               0.00%    passed     99.66%
 321  Cedrus_deodaraNC                    0.00%    passed     99.55%
 322  Cathaya_argyrophylla                0.00%    passed     99.98%
 323  Pinus_albicaulis                    0.00%    passed     99.99%
 324  Pinus_armandii                      0.00%    passed     99.99%
 325  Pinus_cembra                        0.00%    passed     99.99%
 326  Pinus_sibirica                      0.00%    passed     99.99%
 327  Pinus_koraiensis                    0.00%    passed     99.99%
 328  Pinus_lambertiana                   0.00%    passed     99.99%
 329  Pinus_parviflora_var_pentaphylla    0.00%    passed     99.99%
 330  Pinus_monticola                     0.00%    passed     99.99%
 331  Pinus_peuce                         0.00%    passed     99.99%
 332  Pinus_ayacahuite                    0.00%    passed     99.99%
 333  Pinus_flexilis                      0.00%    passed     99.99%
 334  Pinus_strobus                       0.00%    passed     99.99%
 335  Pinus_krempfii                      0.00%    passed     99.99%
 336  Pinus_gerardiana                    0.00%    passed     99.99%
 337  Pinus_squamata                      0.00%    passed     99.99%
 338  Pinus_aristata                      0.00%    passed     99.98%
 339  Pinus_nelsonii                      0.00%    passed     99.98%
 340  Pinus_monophylla                    0.00%    passed     99.98%
 341  Pinus_rzedowskii                    0.00%    passed     99.98%
 342  Pinus_attenuata                     0.00%    passed     99.98%
 343  Pinus_leiophylla_var_chihuahuana    0.00%    passed     99.98%
 344  Pinus_taeda                         0.00%    passed     99.98%
 345  Pinus_ponderosa                     0.00%    passed    100.00%
 346  Pinus_torreyana_subsp_insularis     0.00%    passed    100.00%
 347  Pinus_torreyana_subsp_torreyana     0.00%    passed    100.00%
 348  Pinus_banksiana                     0.00%    passed     99.98%
 349  Pinus_contorta                      0.00%    passed     99.98%
 350  Pinus_canariensis                   0.00%    passed     99.98%
 351  Pinus_pinaster                      0.00%    passed    100.00%
 352  Pinus_merkusii                      0.00%    passed     99.98%
 353  Pinus_resinosa                      0.00%    passed     99.98%
 354  Pinus_thunbergiiNC                  0.00%    passed     99.98%
 355  Picea_morrisonicola                 0.00%    passed     99.89%
 356  Picea_sitchensis                    0.00%    passed     99.89%
 357  Larix_decidua                       0.00%    passed    100.00%
 358  Larix_occidentalis                  0.00%    passed    100.00%
 359  Pseudotsuga_sinensis                0.00%    passed     99.99%
 360  Keteleeria_davidiana                0.00%    passed     99.99%
****  TOTAL                               0.00%  0 sequences failed composition chi2 test (p-value<5%; df=18)
NOTE: Keteleeria_davidiana is identical to Abies_firma but kept for subsequent analysis
NOTE: Ferrocalamus_rimosivaginus is identical to Acidosasa_purpurea but kept for subsequent analysis
NOTE: Bambusa_oldhamii is identical to Bambusa_emeiensis but kept for subsequent analysis
NOTE: Oryza_meridionalis is identical to Oryza_australiensis but kept for subsequent analysis
NOTE: Pitcairnia_feliciana is identical to Flagellaria_indica but kept for subsequent analysis
NOTE: Elaeis_oleifera is identical to Chamaedorea_seifrizii but kept for subsequent analysis
NOTE: Chlorophytum_rhizopendulum is identical to Albuca_kirkii but kept for subsequent analysis
NOTE: Phalaenopsis_aphrodite is identical to Oncidium_Gower but kept for subsequent analysis
NOTE: Acorus_calamus is identical to Acorus_americanus but kept for subsequent analysis
NOTE: Aethionema_grandiflorum is identical to Aethionema_cordifolium but kept for subsequent analysis
NOTE: Capsella_bursa is identical to Arabidopsis_thaliana but kept for subsequent analysis
NOTE: Nasturtium_officinale is identical to Barbarea_verna but kept for subsequent analysis
NOTE: Gossypium_herbaceum is identical to Gossypium_arboreum but kept for subsequent analysis
NOTE: Eucalyptus_grandis is identical to Eucalyptus_globulus but kept for subsequent analysis
NOTE: Oenothera_parviflora is identical to Oenothera_argillicola but kept for subsequent analysis
NOTE: Quercus_nigra is identical to Castanea_mollissima but kept for subsequent analysis
NOTE: Morus_indica is identical to Ficus_sp but kept for subsequent analysis
NOTE: Medicago_truncatula is identical to Cicer_arietinum but kept for subsequent analysis
NOTE: Cucumis_sativus is identical to Cucumis_melo but kept for subsequent analysis
NOTE: Hevea_brasiliensis is identical to Oxalis_latifolia but kept for subsequent analysis
NOTE: Populus_trichocarpa is identical to Populus_alba but kept for subsequent analysis
NOTE: Illicium_oligandrum is identical to Liquidambar_styraciflua but kept for subsequent analysis
NOTE: Jacobaea_vulgaris is identical to Parthenium_argentatum but kept for subsequent analysis
NOTE: Petroselinum_crispum is identical to Anethum_graveolens but kept for subsequent analysis
NOTE: Panax_ginseng is identical to Eleutherococcus_senticosus but kept for subsequent analysis
NOTE: Solanum_tuberosum is identical to Solanum_bulbocastanum but kept for subsequent analysis
NOTE: Cuscuta_reflexa is identical to Cuscuta_exaltata but kept for subsequent analysis
NOTE: Pereskiopsis_diguetii is identical to Opuntia_decumbens but kept for subsequent analysis
NOTE: Silene_latifolia is identical to Silene_conica but kept for subsequent analysis
NOTE: Magnolia_kwangsiensis is identical to Liriodendron_tulipifera but kept for subsequent analysis
NOTE: Cycas_taitungensis is identical to Cycas_micronesica but kept for subsequent analysis
NOTE: Pinus_armandii is identical to Pinus_albicaulis but kept for subsequent analysis
NOTE: Pinus_nelsonii is identical to Pinus_aristata but kept for subsequent analysis
NOTE: Pinus_leiophylla_var_chihuahuana is identical to Pinus_attenuata but kept for subsequent analysis
NOTE: Pinus_torreyana_subsp_insularis is identical to Pinus_ponderosa but kept for subsequent analysis
NOTE: Picea_sitchensis is identical to Picea_morrisonicola but kept for subsequent analysis
NOTE: Larix_occidentalis is identical to Larix_decidua but kept for subsequent analysis
NOTE: 114 identical sequences (see below) will be ignored for subsequent analysis
NOTE: Indocalamus_longiauritus (identical to Acidosasa_purpurea) is ignored but added at the end
NOTE: Phyllostachys_edulis (identical to Acidosasa_purpurea) is ignored but added at the end
NOTE: Phyllostachys_nigra (identical to Acidosasa_purpurea) is ignored but added at the end
NOTE: Phyllostachys_propinqua (identical to Acidosasa_purpurea) is ignored but added at the end
NOTE: Agrostis_stolonifera (identical to Acidosasa_purpurea) is ignored but added at the end
NOTE: Hordeum_vulgare (identical to Acidosasa_purpurea) is ignored but added at the end
NOTE: Leersia_tisserantii (identical to Acidosasa_purpurea) is ignored but added at the end
NOTE: Potamophila_parviflora (identical to Acidosasa_purpurea) is ignored but added at the end
NOTE: Rhynchoryza_subulata (identical to Acidosasa_purpurea) is ignored but added at the end
NOTE: Coix_lacryma (identical to Acidosasa_purpurea) is ignored but added at the end
NOTE: Saccharum_hybrid310 (identical to Acidosasa_purpurea) is ignored but added at the end
NOTE: Sorghum_bicolor (identical to Acidosasa_purpurea) is ignored but added at the end
NOTE: Panicum_virgatum (identical to Acidosasa_purpurea) is ignored but added at the end
NOTE: Eleusine_coracana (identical to Acidosasa_purpurea) is ignored but added at the end
NOTE: Puelia_olyriformis (identical to Acidosasa_purpurea) is ignored but added at the end
NOTE: Streptochaeta_angustifolia (identical to Acidosasa_purpurea) is ignored but added at the end
NOTE: Dendrocalamus_latiflorus (identical to Bambusa_emeiensis) is ignored but added at the end
NOTE: Oryza_rufipogonB (identical to Oryza_australiensis) is ignored but added at the end
NOTE: Oryza_nivara (identical to Oryza_australiensis) is ignored but added at the end
NOTE: Oryza_rufipogonA (identical to Oryza_australiensis) is ignored but added at the end
NOTE: Oryza_sativaIndica (identical to Oryza_australiensis) is ignored but added at the end
NOTE: Oryza_sativaJaponica (identical to Oryza_australiensis) is ignored but added at the end
NOTE: Neoregelia_carolinae (identical to Flagellaria_indica) is ignored but added at the end
NOTE: Puya_laxa (identical to Flagellaria_indica) is ignored but added at the end
NOTE: Navia_saxicola (identical to Flagellaria_indica) is ignored but added at the end
NOTE: Kingia_australis (identical to Flagellaria_indica) is ignored but added at the end
NOTE: Ravenea_hildebrandtii (identical to Chamaedorea_seifrizii) is ignored but added at the end
NOTE: Phoenix_dactylifera (identical to Chamaedorea_seifrizii) is ignored but added at the end
NOTE: Hesperaloe_parviflora (identical to Albuca_kirkii) is ignored but added at the end
NOTE: Yucca_schidigera (identical to Albuca_kirkii) is ignored but added at the end
NOTE: Hosta_ventricosa (identical to Albuca_kirkii) is ignored but added at the end
NOTE: Nolina_atopocarpa (identical to Albuca_kirkii) is ignored but added at the end
NOTE: Apostasia_wallichii (identical to Albuca_kirkii) is ignored but added at the end
NOTE: Dioscorea_elephantipes (identical to Albuca_kirkii) is ignored but added at the end
NOTE: Colocasia_esculenta (identical to Albuca_kirkii) is ignored but added at the end
NOTE: Wolffia_australiana (identical to Albuca_kirkii) is ignored but added at the end
NOTE: Wolffiella_lingulata (identical to Albuca_kirkii) is ignored but added at the end
NOTE: Spirodela_polyrhiza (identical to Albuca_kirkii) is ignored but added at the end
NOTE: Olimarabidopsis_pumila (identical to Arabidopsis_thaliana) is ignored but added at the end
NOTE: Crucihimalaya_wallichii (identical to Arabidopsis_thaliana) is ignored but added at the end
NOTE: Lepidium_virginicum (identical to Barbarea_verna) is ignored but added at the end
NOTE: Arabis_hirsuta (identical to Barbarea_verna) is ignored but added at the end
NOTE: Draba_nemorosa (identical to Barbarea_verna) is ignored but added at the end
NOTE: Gossypium_thurberi (identical to Gossypium_arboreum) is ignored but added at the end
NOTE: Gossypium_barbadense (identical to Gossypium_arboreum) is ignored but added at the end
NOTE: Gossypium_tomentosum (identical to Gossypium_arboreum) is ignored but added at the end
NOTE: Gossypium_darwinii (identical to Gossypium_arboreum) is ignored but added at the end
NOTE: Gossypium_hirsutum (identical to Gossypium_arboreum) is ignored but added at the end
NOTE: Gossypium_mustelinum (identical to Gossypium_arboreum) is ignored but added at the end
NOTE: Gossypium_raimondii (identical to Gossypium_arboreum) is ignored but added at the end
NOTE: Theobroma_cacao (identical to Gossypium_arboreum) is ignored but added at the end
NOTE: Oenothera_biennis (identical to Oenothera_argillicola) is ignored but added at the end
NOTE: Oenothera_elata (identical to Oenothera_argillicola) is ignored but added at the end
NOTE: Oenothera_glazioviana (identical to Oenothera_argillicola) is ignored but added at the end
NOTE: Fragaria_vesca (identical to Castanea_mollissima) is ignored but added at the end
NOTE: Pentactina_rupicola (identical to Castanea_mollissima) is ignored but added at the end
NOTE: Pyrus_pyrifolia (identical to Castanea_mollissima) is ignored but added at the end
NOTE: Heuchera_sanguinea (identical to Castanea_mollissima) is ignored but added at the end
NOTE: Vitis_vinifera (identical to Castanea_mollissima) is ignored but added at the end
NOTE: Gunnera_manicata (identical to Castanea_mollissima) is ignored but added at the end
NOTE: Trochodendron_aralioides (identical to Castanea_mollissima) is ignored but added at the end
NOTE: Meliosma_aff_cuneifolia (identical to Castanea_mollissima) is ignored but added at the end
NOTE: Nelumbo_lutea (identical to Castanea_mollissima) is ignored but added at the end
NOTE: Nelumbo_nuciferaNC (identical to Castanea_mollissima) is ignored but added at the end
NOTE: Nuphar_advena (identical to Castanea_mollissima) is ignored but added at the end
NOTE: Nymphaea_alba (identical to Castanea_mollissima) is ignored but added at the end
NOTE: Amborella_trichopoda (identical to Castanea_mollissima) is ignored but added at the end
NOTE: Manihot_esculenta (identical to Oxalis_latifolia) is ignored but added at the end
NOTE: Ricinus_communis (identical to Oxalis_latifolia) is ignored but added at the end
NOTE: Lactuca_sativa (identical to Parthenium_argentatum) is ignored but added at the end
NOTE: Crithmum_maritimum (identical to Anethum_graveolens) is ignored but added at the end
NOTE: Anthriscus_cerefolium (identical to Anethum_graveolens) is ignored but added at the end
NOTE: Daucus_carota (identical to Anethum_graveolens) is ignored but added at the end
NOTE: Antirrhinum_majus (identical to Eleutherococcus_senticosus) is ignored but added at the end
NOTE: Boea_hygrometrica (identical to Eleutherococcus_senticosus) is ignored but added at the end
NOTE: Sesamum_indicum (identical to Eleutherococcus_senticosus) is ignored but added at the end
NOTE: Olea_europaeacuspi (identical to Eleutherococcus_senticosus) is ignored but added at the end
NOTE: Olea_europaeamaro (identical to Eleutherococcus_senticosus) is ignored but added at the end
NOTE: Olea_woodiana (identical to Eleutherococcus_senticosus) is ignored but added at the end
NOTE: Nicotiana_sylvestris (identical to Eleutherococcus_senticosus) is ignored but added at the end
NOTE: Nicotiana_tabacum (identical to Eleutherococcus_senticosus) is ignored but added at the end
NOTE: Nicotiana_tomentosiformis (identical to Eleutherococcus_senticosus) is ignored but added at the end
NOTE: Nicotiana_undulata (identical to Eleutherococcus_senticosus) is ignored but added at the end
NOTE: Ipomoea_purpurea (identical to Eleutherococcus_senticosus) is ignored but added at the end
NOTE: Nerium_oleander (identical to Eleutherococcus_senticosus) is ignored but added at the end
NOTE: Ehretia_acuminata (identical to Eleutherococcus_senticosus) is ignored but added at the end
NOTE: Cornus_florida (identical to Eleutherococcus_senticosus) is ignored but added at the end
NOTE: Pereskia_sacharosa (identical to Eleutherococcus_senticosus) is ignored but added at the end
NOTE: Portulaca_oleracea (identical to Eleutherococcus_senticosus) is ignored but added at the end
NOTE: Spinacia_oleracea (identical to Eleutherococcus_senticosus) is ignored but added at the end
NOTE: Solanum_lycopersicum (identical to Solanum_bulbocastanum) is ignored but added at the end
NOTE: Pinus_cembra (identical to Pinus_albicaulis) is ignored but added at the end
NOTE: Pinus_sibirica (identical to Pinus_albicaulis) is ignored but added at the end
NOTE: Pinus_koraiensis (identical to Pinus_albicaulis) is ignored but added at the end
NOTE: Pinus_lambertiana (identical to Pinus_albicaulis) is ignored but added at the end
NOTE: Pinus_parviflora_var_pentaphylla (identical to Pinus_albicaulis) is ignored but added at the end
NOTE: Pinus_monticola (identical to Pinus_albicaulis) is ignored but added at the end
NOTE: Pinus_peuce (identical to Pinus_albicaulis) is ignored but added at the end
NOTE: Pinus_ayacahuite (identical to Pinus_albicaulis) is ignored but added at the end
NOTE: Pinus_flexilis (identical to Pinus_albicaulis) is ignored but added at the end
NOTE: Pinus_strobus (identical to Pinus_albicaulis) is ignored but added at the end
NOTE: Pinus_krempfii (identical to Pinus_albicaulis) is ignored but added at the end
NOTE: Pinus_gerardiana (identical to Pinus_albicaulis) is ignored but added at the end
NOTE: Pinus_squamata (identical to Pinus_albicaulis) is ignored but added at the end
NOTE: Pseudotsuga_sinensis (identical to Pinus_albicaulis) is ignored but added at the end
NOTE: Pinus_monophylla (identical to Pinus_aristata) is ignored but added at the end
NOTE: Pinus_rzedowskii (identical to Pinus_aristata) is ignored but added at the end
NOTE: Pinus_taeda (identical to Pinus_attenuata) is ignored but added at the end
NOTE: Pinus_banksiana (identical to Pinus_attenuata) is ignored but added at the end
NOTE: Pinus_canariensis (identical to Pinus_attenuata) is ignored but added at the end
NOTE: Pinus_merkusii (identical to Pinus_attenuata) is ignored but added at the end
NOTE: Pinus_resinosa (identical to Pinus_attenuata) is ignored but added at the end
NOTE: Pinus_thunbergiiNC (identical to Pinus_attenuata) is ignored but added at the end
NOTE: Pinus_torreyana_subsp_torreyana (identical to Pinus_ponderosa) is ignored but added at the end

For your convenience alignment with unique sequences printed to /csm_data/spielman_lab/aa_phylo_fit_topology//simulations/alignments/1R6M_ruhfel_rep14_AA.fasta.uniqueseq.phy
NOTE: State(s) W not present in alignment and thus removed from Markov process to prevent numerical problems
NOTE: 1 states (see above) are not present and thus removed from Markov process to prevent numerical problems

Create initial parsimony tree by phylogenetic likelihood library (PLL)... 0.057 seconds
Generating 1000 samples for ultrafast bootstrap (seed: 41104)...

NOTE: 7 MB RAM (0 GB) is required!
Measuring multi-threading efficiency up to 8 CPU cores
Increase to 10 rounds for branch lengths
45 trees examined
Threads: 1 / Time: 8.154 sec / Speedup: 1.000 / Efficiency: 100% / LogL: -16999
Threads: 2 / Time: 5.048 sec / Speedup: 1.615 / Efficiency: 81% / LogL: -16999
Threads: 3 / Time: 4.121 sec / Speedup: 1.979 / Efficiency: 66% / LogL: -16999
Threads: 4 / Time: 3.956 sec / Speedup: 2.061 / Efficiency: 52% / LogL: -16999
Threads: 5 / Time: 4.644 sec / Speedup: 1.756 / Efficiency: 35% / LogL: -16999
BEST NUMBER OF THREADS: 3

Estimate model parameters (epsilon = 0.100)
1. Initial log-likelihood: -7442.976
Optimal log-likelihood: -7241.411
Parameters optimization took 1 rounds (0.050 sec)
Computing ML distances based on estimated model parameters... 4.964 sec
Computing BIONJ tree...
0.053 seconds
Log-likelihood of BIONJ tree: -7222.221
--------------------------------------------------------------------
|             INITIALIZING CANDIDATE TREE SET                      |
--------------------------------------------------------------------
Generating 98 parsimony trees... 6.175 second
Computing log-likelihood of 98 initial trees ... 4.123 seconds
Current best score: -7177.259

Do NNI search on 20 best initial trees
Estimate model parameters (epsilon = 0.100)
BETTER TREE FOUND at iteration 1: -7152.077
Estimate model parameters (epsilon = 0.100)
BETTER TREE FOUND at iteration 2: -7149.454
Iteration 10 / LogL: -7169.070 / Time: 0h:0m:50s
Iteration 20 / LogL: -7167.167 / Time: 0h:1m:1s
Finish initializing candidate tree set (20)
Current best tree score: -7149.454 / CPU time: 32.133
Number of iterations: 20
--------------------------------------------------------------------
|               OPTIMIZING CANDIDATE TREE SET                      |
--------------------------------------------------------------------
Iteration 30 / LogL: -7203.077 / Time: 0h:1m:8s (0h:2m:46s left)
Iteration 40 / LogL: -7158.653 / Time: 0h:1m:15s (0h:1m:58s left)
Estimate model parameters (epsilon = 0.100)
BETTER TREE FOUND at iteration 44: -7145.183
Estimate model parameters (epsilon = 0.100)
BETTER TREE FOUND at iteration 50: -7144.747
Iteration 50 / LogL: -7144.747 / Time: 0h:1m:23s (0h:2m:47s left)
Log-likelihood cutoff on original alignment: -7217.837
Estimate model parameters (epsilon = 0.100)
BETTER TREE FOUND at iteration 52: -7139.706
Iteration 60 / LogL: -7154.282 / Time: 0h:1m:32s (0h:2m:21s left)
Iteration 70 / LogL: -7163.439 / Time: 0h:1m:39s (0h:1m:56s left)
Iteration 80 / LogL: -7219.136 / Time: 0h:1m:47s (0h:1m:36s left)
Estimate model parameters (epsilon = 0.100)
BETTER TREE FOUND at iteration 87: -7138.485
BETTER TREE FOUND at iteration 89: -7138.483
Iteration 90 / LogL: -7143.591 / Time: 0h:1m:55s (0h:2m:6s left)
Estimate model parameters (epsilon = 0.100)
BETTER TREE FOUND at iteration 100: -7138.063
Iteration 100 / LogL: -7138.063 / Time: 0h:2m:3s (0h:2m:3s left)
Log-likelihood cutoff on original alignment: -7217.837
NOTE: Bootstrap correlation coefficient of split occurrence frequencies: 0.996
Iteration 110 / LogL: -7138.483 / Time: 0h:2m:13s (0h:1m:48s left)
Estimate model parameters (epsilon = 0.100)
BETTER TREE FOUND at iteration 116: -7137.877
Estimate model parameters (epsilon = 0.100)
BETTER TREE FOUND at iteration 120: -7136.654
Iteration 120 / LogL: -7136.654 / Time: 0h:2m:21s (0h:1m:57s left)
Iteration 130 / LogL: -7168.421 / Time: 0h:2m:29s (0h:1m:43s left)
Estimate model parameters (epsilon = 0.100)
BETTER TREE FOUND at iteration 140: -7136.260
Iteration 140 / LogL: -7136.260 / Time: 0h:2m:37s (0h:1m:52s left)
Iteration 150 / LogL: -7168.245 / Time: 0h:2m:46s (0h:1m:39s left)
Log-likelihood cutoff on original alignment: -7217.837
Estimate model parameters (epsilon = 0.100)
BETTER TREE FOUND at iteration 157: -7135.378
Iteration 160 / LogL: -7160.570 / Time: 0h:2m:56s (0h:1m:46s left)
Estimate model parameters (epsilon = 0.100)
BETTER TREE FOUND at iteration 162: -7131.770
Iteration 170 / LogL: -7145.753 / Time: 0h:3m:4s (0h:1m:39s left)
Iteration 180 / LogL: -7192.902 / Time: 0h:3m:12s (0h:1m:27s left)
Iteration 190 / LogL: -7197.902 / Time: 0h:3m:21s (0h:1m:16s left)
Iteration 200 / LogL: -7144.407 / Time: 0h:3m:30s (0h:1m:5s left)
Log-likelihood cutoff on original alignment: -7217.837
NOTE: Bootstrap correlation coefficient of split occurrence frequencies: 0.983
NOTE: UFBoot does not converge, continue at least 100 more iterations
Iteration 210 / LogL: -7144.053 / Time: 0h:3m:39s (0h:1m:33s left)
Iteration 220 / LogL: -7141.783 / Time: 0h:3m:48s (0h:1m:22s left)
Iteration 230 / LogL: -7134.740 / Time: 0h:3m:57s (0h:1m:12s left)
Iteration 240 / LogL: -7139.975 / Time: 0h:4m:6s (0h:1m:1s left)
Iteration 250 / LogL: -7141.609 / Time: 0h:4m:15s (0h:0m:50s left)
Log-likelihood cutoff on original alignment: -7217.837
BETTER TREE FOUND at iteration 256: -7131.770
Iteration 260 / LogL: -7143.318 / Time: 0h:4m:24s (0h:1m:37s left)
Estimate model parameters (epsilon = 0.100)
BETTER TREE FOUND at iteration 264: -7131.590
Iteration 270 / LogL: -7136.419 / Time: 0h:4m:33s (0h:1m:34s left)
BETTER TREE FOUND at iteration 276: -7131.590
Iteration 280 / LogL: -7141.387 / Time: 0h:4m:42s (0h:1m:36s left)
Iteration 290 / LogL: -7134.537 / Time: 0h:4m:50s (0h:1m:26s left)
Iteration 300 / LogL: -7162.003 / Time: 0h:4m:59s (0h:1m:15s left)
Log-likelihood cutoff on original alignment: -7217.837
NOTE: Bootstrap correlation coefficient of split occurrence frequencies: 0.991
Estimate model parameters (epsilon = 0.100)
BETTER TREE FOUND at iteration 303: -7131.311
Iteration 310 / LogL: -7131.539 / Time: 0h:5m:9s (0h:1m:32s left)
Iteration 320 / LogL: -7141.859 / Time: 0h:5m:18s (0h:1m:22s left)
Estimate model parameters (epsilon = 0.100)
BETTER TREE FOUND at iteration 323: -7130.199
Iteration 330 / LogL: -7138.639 / Time: 0h:5m:28s (0h:1m:32s left)
Iteration 340 / LogL: -7132.116 / Time: 0h:5m:39s (0h:1m:22s left)
Iteration 350 / LogL: -7149.802 / Time: 0h:5m:47s (0h:1m:12s left)
Log-likelihood cutoff on original alignment: -7217.837
BETTER TREE FOUND at iteration 354: -7130.199
Estimate model parameters (epsilon = 0.100)
BETTER TREE FOUND at iteration 358: -7129.756
Iteration 360 / LogL: -7149.442 / Time: 0h:5m:57s (0h:1m:37s left)
Iteration 370 / LogL: -7130.199 / Time: 0h:6m:7s (0h:1m:27s left)
Estimate model parameters (epsilon = 0.100)
BETTER TREE FOUND at iteration 373: -7129.472
Iteration 380 / LogL: -7129.980 / Time: 0h:6m:16s (0h:1m:32s left)
Estimate model parameters (epsilon = 0.100)
BETTER TREE FOUND at iteration 387: -7129.048
Estimate model parameters (epsilon = 0.100)
BETTER TREE FOUND at iteration 390: -7128.832
Iteration 390 / LogL: -7128.832 / Time: 0h:6m:27s (0h:1m:39s left)
BETTER TREE FOUND at iteration 397: -7128.832
Iteration 400 / LogL: -7128.833 / Time: 0h:6m:36s (0h:1m:36s left)
Log-likelihood cutoff on original alignment: -7217.837
NOTE: Bootstrap correlation coefficient of split occurrence frequencies: 0.991
Estimate model parameters (epsilon = 0.100)
BETTER TREE FOUND at iteration 402: -7128.410
Estimate model parameters (epsilon = 0.100)
BETTER TREE FOUND at iteration 409: -7127.216
Iteration 410 / LogL: -7130.077 / Time: 0h:6m:47s (0h:1m:38s left)
BETTER TREE FOUND at iteration 420: -7127.216
Iteration 420 / LogL: -7127.216 / Time: 0h:6m:57s (0h:1m:39s left)
BETTER TREE FOUND at iteration 422: -7127.216
Iteration 430 / LogL: -7128.408 / Time: 0h:7m:8s (0h:1m:31s left)
Iteration 440 / LogL: -7134.438 / Time: 0h:7m:18s (0h:1m:21s left)
Iteration 450 / LogL: -7139.718 / Time: 0h:7m:28s (0h:1m:11s left)
Log-likelihood cutoff on original alignment: -7217.837
Iteration 460 / LogL: -7135.932 / Time: 0h:7m:40s (0h:1m:2s left)
Iteration 470 / LogL: -7130.198 / Time: 0h:7m:50s (0h:0m:52s left)
Iteration 480 / LogL: -7136.331 / Time: 0h:8m:1s (0h:0m:42s left)
Iteration 490 / LogL: -7133.569 / Time: 0h:8m:13s (0h:0m:32s left)
BETTER TREE FOUND at iteration 491: -7127.216
Iteration 500 / LogL: -7139.674 / Time: 0h:8m:23s (0h:1m:31s left)
Log-likelihood cutoff on original alignment: -7217.837
NOTE: Bootstrap correlation coefficient of split occurrence frequencies: 0.988
NOTE: UFBoot does not converge, continue at least 100 more iterations
BETTER TREE FOUND at iteration 506: -7127.216
Iteration 510 / LogL: -7143.365 / Time: 0h:8m:36s (0h:1m:37s left)
Estimate model parameters (epsilon = 0.100)
BETTER TREE FOUND at iteration 519: -7126.118
Iteration 520 / LogL: -7127.216 / Time: 0h:8m:46s (0h:1m:40s left)
Iteration 530 / LogL: -7127.216 / Time: 0h:8m:57s (0h:1m:30s left)
Iteration 540 / LogL: -7142.991 / Time: 0h:9m:8s (0h:1m:20s left)
Iteration 550 / LogL: -7135.461 / Time: 0h:9m:18s (0h:1m:10s left)
Log-likelihood cutoff on original alignment: -7217.837
Iteration 560 / LogL: -7126.532 / Time: 0h:9m:31s (0h:1m:0s left)
Iteration 570 / LogL: -7179.840 / Time: 0h:9m:42s (0h:0m:50s left)
Iteration 580 / LogL: -7132.320 / Time: 0h:9m:53s (0h:0m:39s left)
Iteration 590 / LogL: -7126.531 / Time: 0h:10m:4s (0h:0m:29s left)
Iteration 600 / LogL: -7132.168 / Time: 0h:10m:17s (0h:0m:19s left)
Log-likelihood cutoff on original alignment: -7217.837
NOTE: Bootstrap correlation coefficient of split occurrence frequencies: 0.985
NOTE: UFBoot does not converge, continue at least 100 more iterations
Iteration 610 / LogL: -7130.028 / Time: 0h:10m:29s (0h:1m:32s left)
Iteration 620 / LogL: -7126.346 / Time: 0h:10m:41s (0h:1m:22s left)
Iteration 630 / LogL: -7129.267 / Time: 0h:10m:54s (0h:1m:12s left)
Iteration 640 / LogL: -7151.784 / Time: 0h:11m:4s (0h:1m:2s left)
Estimate model parameters (epsilon = 0.100)
BETTER TREE FOUND at iteration 644: -7124.960
Iteration 650 / LogL: -7137.840 / Time: 0h:11m:17s (0h:1m:37s left)
Log-likelihood cutoff on original alignment: -7217.837
Estimate model parameters (epsilon = 0.100)
BETTER TREE FOUND at iteration 654: -7123.278
Iteration 660 / LogL: -7138.103 / Time: 0h:11m:30s (0h:1m:38s left)
Estimate model parameters (epsilon = 0.100)
BETTER TREE FOUND at iteration 669: -7122.825
Iteration 670 / LogL: -7136.101 / Time: 0h:11m:43s (0h:1m:43s left)
Estimate model parameters (epsilon = 0.100)
BETTER TREE FOUND at iteration 676: -7122.639
Iteration 680 / LogL: -7138.599 / Time: 0h:11m:55s (0h:1m:40s left)
Iteration 690 / LogL: -7148.038 / Time: 0h:12m:7s (0h:1m:30s left)
Estimate model parameters (epsilon = 0.100)
BETTER TREE FOUND at iteration 693: -7121.392
Estimate model parameters (epsilon = 0.100)
BETTER TREE FOUND at iteration 697: -7121.206
Iteration 700 / LogL: -7127.409 / Time: 0h:12m:20s (0h:1m:42s left)
Log-likelihood cutoff on original alignment: -7217.837
NOTE: Bootstrap correlation coefficient of split occurrence frequencies: 0.984
NOTE: UFBoot does not converge, continue at least 100 more iterations
Iteration 710 / LogL: -7143.035 / Time: 0h:12m:33s (0h:1m:35s left)
BETTER TREE FOUND at iteration 718: -7121.205
Iteration 720 / LogL: -7123.278 / Time: 0h:12m:46s (0h:1m:44s left)
Iteration 730 / LogL: -7130.509 / Time: 0h:12m:58s (0h:1m:33s left)
Iteration 740 / LogL: -7121.391 / Time: 0h:13m:11s (0h:1m:23s left)
Iteration 750 / LogL: -7123.076 / Time: 0h:13m:24s (0h:1m:12s left)
Log-likelihood cutoff on original alignment: -7217.837
BETTER TREE FOUND at iteration 757: -7121.205
Iteration 760 / LogL: -7145.138 / Time: 0h:13m:38s (0h:1m:44s left)
Iteration 770 / LogL: -7133.261 / Time: 0h:13m:51s (0h:1m:33s left)
Iteration 780 / LogL: -7127.160 / Time: 0h:14m:4s (0h:1m:23s left)
Iteration 790 / LogL: -7133.616 / Time: 0h:14m:18s (0h:1m:12s left)
Iteration 800 / LogL: -7138.163 / Time: 0h:14m:31s (0h:1m:2s left)
Log-likelihood cutoff on original alignment: -7217.837
NOTE: Bootstrap correlation coefficient of split occurrence frequencies: 0.985
NOTE: UFBoot does not converge, continue at least 100 more iterations
BETTER TREE FOUND at iteration 810: -7121.205
Iteration 810 / LogL: -7121.205 / Time: 0h:14m:45s (0h:1m:49s left)
Iteration 820 / LogL: -7122.639 / Time: 0h:14m:57s (0h:1m:38s left)
Iteration 830 / LogL: -7122.031 / Time: 0h:15m:12s (0h:1m:27s left)
Iteration 840 / LogL: -7150.206 / Time: 0h:15m:26s (0h:1m:17s left)
Iteration 850 / LogL: -7121.430 / Time: 0h:15m:39s (0h:1m:6s left)
Log-likelihood cutoff on original alignment: -7217.837
Iteration 860 / LogL: -7169.083 / Time: 0h:15m:52s (0h:0m:55s left)
Iteration 870 / LogL: -7145.724 / Time: 0h:16m:5s (0h:0m:44s left)
BETTER TREE FOUND at iteration 873: -7121.204
Iteration 880 / LogL: -7121.205 / Time: 0h:16m:20s (0h:1m:43s left)
Iteration 890 / LogL: -7122.294 / Time: 0h:16m:33s (0h:1m:32s left)
Iteration 900 / LogL: -7121.205 / Time: 0h:16m:46s (0h:1m:21s left)
Log-likelihood cutoff on original alignment: -7217.837
NOTE: Bootstrap correlation coefficient of split occurrence frequencies: 0.988
NOTE: UFBoot does not converge, continue at least 100 more iterations
Iteration 910 / LogL: -7126.457 / Time: 0h:17m:1s (0h:1m:40s left)
Iteration 920 / LogL: -7158.314 / Time: 0h:17m:16s (0h:1m:30s left)
Iteration 930 / LogL: -7140.809 / Time: 0h:17m:31s (0h:1m:19s left)
Estimate model parameters (epsilon = 0.100)
BETTER TREE FOUND at iteration 937: -7120.954
Iteration 940 / LogL: -7122.526 / Time: 0h:17m:46s (0h:1m:50s left)
BETTER TREE FOUND at iteration 944: -7120.954
Iteration 950 / LogL: -7121.594 / Time: 0h:18m:1s (0h:1m:47s left)
Log-likelihood cutoff on original alignment: -7217.837
BETTER TREE FOUND at iteration 952: -7120.954
Iteration 960 / LogL: -7139.893 / Time: 0h:18m:19s (0h:1m:45s left)
BETTER TREE FOUND at iteration 962: -7120.954
Estimate model parameters (epsilon = 0.100)
BETTER TREE FOUND at iteration 970: -7120.727
Iteration 970 / LogL: -7120.727 / Time: 0h:18m:34s (0h:1m:54s left)
Iteration 980 / LogL: -7130.684 / Time: 0h:18m:50s (0h:1m:43s left)
Iteration 990 / LogL: -7127.268 / Time: 0h:19m:6s (0h:1m:32s left)
Iteration 1000 / LogL: -7149.919 / Time: 0h:19m:23s (0h:1m:21s left)
Log-likelihood cutoff on original alignment: -7217.837
NOTE: Bootstrap correlation coefficient of split occurrence frequencies: 0.984
NOTE: UFBoot does not converge, continue at least 100 more iterations
TREE SEARCH COMPLETED AFTER 1001 ITERATIONS / Time: 0h:19m:26s

--------------------------------------------------------------------
|                    FINALIZING TREE SEARCH                        |
--------------------------------------------------------------------
Performs final model parameters optimization
Estimate model parameters (epsilon = 0.010)
1. Initial log-likelihood: -7120.727
Optimal log-likelihood: -7120.727
Parameters optimization took 1 rounds (0.022 sec)
BEST SCORE FOUND : -7120.727
WARNING: bootstrap analysis did not converge. You should rerun with higher number of iterations (-nm option)
Creating bootstrap support values...
Split supports printed to NEXUS file /csm_data/spielman_lab/aa_phylo_fit_topology//simulations/alignments/1R6M_ruhfel_rep14_AA.fasta.splits.nex
Total tree length: 4.913

Total number of iterations: 1001
CPU time used for tree search: 2987.732 sec (0h:49m:47s)
Wall-clock time used for tree search: 1137.353 sec (0h:18m:57s)
Total CPU time used: 3105.754 sec (0h:51m:45s)
Total wall-clock time used: 1168.148 sec (0h:19m:28s)

Computing bootstrap consensus tree...
Reading input file /csm_data/spielman_lab/aa_phylo_fit_topology//simulations/alignments/1R6M_ruhfel_rep14_AA.fasta.splits.nex...
246 taxa and 8195 splits.
Consensus tree written to /csm_data/spielman_lab/aa_phylo_fit_topology//simulations/alignments/1R6M_ruhfel_rep14_AA.fasta.contree
Reading input trees file /csm_data/spielman_lab/aa_phylo_fit_topology//simulations/alignments/1R6M_ruhfel_rep14_AA.fasta.contree
Log-likelihood of consensus tree: -7126.558

Analysis results written to: 
  IQ-TREE report:                /csm_data/spielman_lab/aa_phylo_fit_topology//simulations/alignments/1R6M_ruhfel_rep14_AA.fasta.iqtree
  Maximum-likelihood tree:       /csm_data/spielman_lab/aa_phylo_fit_topology//simulations/alignments/1R6M_ruhfel_rep14_AA.fasta.treefile
  Likelihood distances:          /csm_data/spielman_lab/aa_phylo_fit_topology//simulations/alignments/1R6M_ruhfel_rep14_AA.fasta.mldist

Ultrafast bootstrap approximation results written to:
  Split support values:          /csm_data/spielman_lab/aa_phylo_fit_topology//simulations/alignments/1R6M_ruhfel_rep14_AA.fasta.splits.nex
  Consensus tree:                /csm_data/spielman_lab/aa_phylo_fit_topology//simulations/alignments/1R6M_ruhfel_rep14_AA.fasta.contree
  Screen log file:               /csm_data/spielman_lab/aa_phylo_fit_topology//simulations/alignments/1R6M_ruhfel_rep14_AA.fasta.log

Date and Time: Sat Nov  2 07:37:48 2019
