IQ-TREE multicore version 1.6.7 for Linux 64-bit built Aug 23 2018
Developed by Bui Quang Minh, Nguyen Lam Tung, Olga Chernomor,
Heiko Schmidt, Dominik Schrempf, Michael Woodhams.

Host:    csm-com-012 (AVX2, FMA3, 62 GB RAM)
Command: iqtree -quiet -nt AUTO -ntmax 8 -m mtART -s /csm_data/spielman_lab/aa_phylo_fit_topology//simulations/alignments/1R6M_salichos_rep12_AA.fasta -st AA -redo -bb 1000
Seed:    541028 (Using SPRNG - Scalable Parallel Random Number Generator)
Time:    Sat Nov  2 07:10:26 2019
Kernel:  AVX+FMA - auto-detect threads (48 CPU cores detected)

Reading alignment file /csm_data/spielman_lab/aa_phylo_fit_topology//simulations/alignments/1R6M_salichos_rep12_AA.fasta ... Fasta format detected
Alignment most likely contains protein sequences
Alignment has 23 sequences with 203 columns, 134 distinct patterns
72 parsimony-informative, 44 singleton sites, 87 constant sites
      Gap/Ambiguity  Composition  p-value
   1  Agos    0.00%    passed    100.00%
   2  Klac    0.00%    passed     99.98%
   3  Calb    0.00%    passed     99.94%
   4  Cdub    0.00%    passed     99.77%
   5  Ctro    0.00%    passed     98.78%
   6  Cpar    0.00%    passed    100.00%
   7  Lelo    0.00%    passed    100.00%
   8  Psti    0.00%    passed    100.00%
   9  Cgui    0.00%    passed    100.00%
  10  Dhan    0.00%    passed     98.67%
  11  Clus    0.00%    passed    100.00%
  12  Cgla    0.00%    passed     99.99%
  13  Sbay    0.00%    passed     99.93%
  14  Scer    0.00%    passed     99.39%
  15  Spar    0.00%    passed     99.51%
  16  Smik    0.00%    passed     99.94%
  17  Skud    0.00%    passed     99.83%
  18  Scas    0.00%    passed    100.00%
  19  Kpol    0.00%    passed     99.97%
  20  Zrou    0.00%    passed    100.00%
  21  Kthe    0.00%    passed    100.00%
  22  Kwal    0.00%    passed     99.97%
  23  Sklu    0.00%    passed    100.00%
****  TOTAL    0.00%  0 sequences failed composition chi2 test (p-value<5%; df=19)

Create initial parsimony tree by phylogenetic likelihood library (PLL)... 0.001 seconds
Generating 1000 samples for ultrafast bootstrap (seed: 541028)...

NOTE: 1 MB RAM (0 GB) is required!
Measuring multi-threading efficiency up to 8 CPU cores
Increase to 10 rounds for branch lengths
664 trees examined
Threads: 1 / Time: 8.004 sec / Speedup: 1.000 / Efficiency: 100% / LogL: -4294
Threads: 2 / Time: 5.228 sec / Speedup: 1.531 / Efficiency: 77% / LogL: -4294
Threads: 3 / Time: 4.374 sec / Speedup: 1.830 / Efficiency: 61% / LogL: -4294
Threads: 4 / Time: 4.790 sec / Speedup: 1.671 / Efficiency: 42% / LogL: -4294
BEST NUMBER OF THREADS: 3

Estimate model parameters (epsilon = 0.100)
1. Initial log-likelihood: -2804.660
Optimal log-likelihood: -2791.750
Parameters optimization took 1 rounds (0.004 sec)
Computing ML distances based on estimated model parameters... 0.069 sec
Computing BIONJ tree...
0.002 seconds
Log-likelihood of BIONJ tree: -2799.378
--------------------------------------------------------------------
|             INITIALIZING CANDIDATE TREE SET                      |
--------------------------------------------------------------------
Generating 98 parsimony trees... 0.169 second
Computing log-likelihood of 98 initial trees ... 0.243 seconds
Current best score: -2774.413

Do NNI search on 20 best initial trees
Estimate model parameters (epsilon = 0.100)
BETTER TREE FOUND at iteration 1: -2771.048
Estimate model parameters (epsilon = 0.100)
BETTER TREE FOUND at iteration 3: -2770.613
Estimate model parameters (epsilon = 0.100)
BETTER TREE FOUND at iteration 4: -2767.888
Iteration 10 / LogL: -2771.048 / Time: 0h:0m:23s
Iteration 20 / LogL: -2767.892 / Time: 0h:0m:23s
Finish initializing candidate tree set (7)
Current best tree score: -2767.888 / CPU time: 0.836
Number of iterations: 20
--------------------------------------------------------------------
|               OPTIMIZING CANDIDATE TREE SET                      |
--------------------------------------------------------------------
UPDATE BEST LOG-LIKELIHOOD: -2767.888
Iteration 30 / LogL: -2770.613 / Time: 0h:0m:23s (0h:1m:0s left)
UPDATE BEST LOG-LIKELIHOOD: -2767.888
Iteration 40 / LogL: -2767.889 / Time: 0h:0m:24s (0h:0m:39s left)
Iteration 50 / LogL: -2768.948 / Time: 0h:0m:24s (0h:0m:26s left)
Log-likelihood cutoff on original alignment: -2807.139
Iteration 60 / LogL: -2767.888 / Time: 0h:0m:24s (0h:0m:18s left)
Iteration 70 / LogL: -2770.360 / Time: 0h:0m:24s (0h:0m:12s left)
Iteration 80 / LogL: -2768.952 / Time: 0h:0m:25s (0h:0m:7s left)
UPDATE BEST LOG-LIKELIHOOD: -2767.888
Iteration 90 / LogL: -2767.889 / Time: 0h:0m:25s (0h:0m:4s left)
Iteration 100 / LogL: -2768.950 / Time: 0h:0m:25s (0h:0m:1s left)
Log-likelihood cutoff on original alignment: -2807.538
NOTE: Bootstrap correlation coefficient of split occurrence frequencies: 0.998
TREE SEARCH COMPLETED AFTER 105 ITERATIONS / Time: 0h:0m:26s

--------------------------------------------------------------------
|                    FINALIZING TREE SEARCH                        |
--------------------------------------------------------------------
Performs final model parameters optimization
Estimate model parameters (epsilon = 0.010)
1. Initial log-likelihood: -2767.888
Optimal log-likelihood: -2767.888
Parameters optimization took 1 rounds (0.002 sec)
BEST SCORE FOUND : -2767.888
Creating bootstrap support values...
Split supports printed to NEXUS file /csm_data/spielman_lab/aa_phylo_fit_topology//simulations/alignments/1R6M_salichos_rep12_AA.fasta.splits.nex
Total tree length: 2.017

Total number of iterations: 105
CPU time used for tree search: 10.746 sec (0h:0m:10s)
Wall-clock time used for tree search: 3.549 sec (0h:0m:3s)
Total CPU time used: 66.243 sec (0h:1m:6s)
Total wall-clock time used: 26.191 sec (0h:0m:26s)

Computing bootstrap consensus tree...
Reading input file /csm_data/spielman_lab/aa_phylo_fit_topology//simulations/alignments/1R6M_salichos_rep12_AA.fasta.splits.nex...
23 taxa and 142 splits.
Consensus tree written to /csm_data/spielman_lab/aa_phylo_fit_topology//simulations/alignments/1R6M_salichos_rep12_AA.fasta.contree
Reading input trees file /csm_data/spielman_lab/aa_phylo_fit_topology//simulations/alignments/1R6M_salichos_rep12_AA.fasta.contree
Log-likelihood of consensus tree: -2767.888

Analysis results written to: 
  IQ-TREE report:                /csm_data/spielman_lab/aa_phylo_fit_topology//simulations/alignments/1R6M_salichos_rep12_AA.fasta.iqtree
  Maximum-likelihood tree:       /csm_data/spielman_lab/aa_phylo_fit_topology//simulations/alignments/1R6M_salichos_rep12_AA.fasta.treefile
  Likelihood distances:          /csm_data/spielman_lab/aa_phylo_fit_topology//simulations/alignments/1R6M_salichos_rep12_AA.fasta.mldist

Ultrafast bootstrap approximation results written to:
  Split support values:          /csm_data/spielman_lab/aa_phylo_fit_topology//simulations/alignments/1R6M_salichos_rep12_AA.fasta.splits.nex
  Consensus tree:                /csm_data/spielman_lab/aa_phylo_fit_topology//simulations/alignments/1R6M_salichos_rep12_AA.fasta.contree
  Screen log file:               /csm_data/spielman_lab/aa_phylo_fit_topology//simulations/alignments/1R6M_salichos_rep12_AA.fasta.log

Date and Time: Sat Nov  2 07:10:52 2019
