IQ-TREE multicore version 1.6.7 for Linux 64-bit built Aug 23 2018
Developed by Bui Quang Minh, Nguyen Lam Tung, Olga Chernomor,
Heiko Schmidt, Dominik Schrempf, Michael Woodhams.

Host:    csm-com-003 (AVX2, FMA3, 62 GB RAM)
Command: iqtree -quiet -nt AUTO -ntmax 8 -m JTT+G4 -s /csm_data/spielman_lab/aa_phylo_fit_topology//simulations/alignments/1R6M_andersen_rep7_AA.fasta -st AA -redo -bb 1000
Seed:    259111 (Using SPRNG - Scalable Parallel Random Number Generator)
Time:    Sat Nov  2 07:05:15 2019
Kernel:  AVX+FMA - auto-detect threads (48 CPU cores detected)

Reading alignment file /csm_data/spielman_lab/aa_phylo_fit_topology//simulations/alignments/1R6M_andersen_rep7_AA.fasta ... Fasta format detected
Alignment most likely contains protein sequences
Alignment has 179 sequences with 203 columns, 111 distinct patterns
70 parsimony-informative, 24 singleton sites, 109 constant sites
                      Gap/Ambiguity  Composition  p-value
   1  BA366-S-GIN-2003        0.00%    passed     99.67%
   2  G502-S-SLE-2009         0.00%    passed    100.00%
   3  G1180-S-SLE-2010        0.00%    passed    100.00%
   4  G2147-S-SLE-2011        0.00%    passed    100.00%
   5  G2165-S-SLE-2011        0.00%    passed    100.00%
   6  LM222-S-SLE-2010        0.00%    passed    100.00%
   7  LM774-S-SLE-2012        0.00%    passed    100.00%
   8  LM778-S-SLE-2012        0.00%    passed    100.00%
   9  G2184-S-SLE-2011        0.00%    passed    100.00%
  10  LM776-S-SLE-2012        0.00%    passed    100.00%
  11  G503-S-SLE-2009         0.00%    passed    100.00%
  12  G2318-S-SLE-2012        0.00%    passed    100.00%
  13  G1959-S-SLE-2011        0.00%    passed    100.00%
  14  G3010-S-SLE-2013        0.00%    passed    100.00%
  15  G610-S-SLE-2009         0.00%    passed    100.00%
  16  G693-S-SLE-2009         0.00%    passed    100.00%
  17  G771-S-SLE-2010         0.00%    passed    100.00%
  18  G1792-S-SLE-2011        0.00%    passed    100.00%
  19  G1960-S-SLE-2011        0.00%    passed    100.00%
  20  G2565-S-SLE-2012        0.00%    passed    100.00%
  21  G2197-S-SLE-2011        0.00%    passed    100.00%
  22  LM032-S-SLE-2010        0.00%    passed    100.00%
  23  Josiah-S-SLE-1976       0.00%    passed    100.00%
  24  G808-S-SLE-2010         0.00%    passed    100.00%
  25  G2868-S-SLE-2012        0.00%    passed    100.00%
  26  G676-S-SLE-2009         0.00%    passed    100.00%
  27  G2405-S-SLE-2012        0.00%    passed    100.00%
  28  G1190-S-SLE-2010        0.00%    passed    100.00%
  29  G2944-S-SLE-2012        0.00%    passed    100.00%
  30  LM765-S-SLE-2012        0.00%    passed    100.00%
  31  G3148-S-SLE-2013        0.00%    passed    100.00%
  32  Z0947-S-SLE-2011        0.00%    passed    100.00%
  33  Z0948-S-SLE-2011        0.00%    passed    100.00%
  34  G1727-S-SLE-2011        0.00%    passed    100.00%
  35  G1647-S-SLE-2011        0.00%    passed    100.00%
  36  G2295-S-SLE-2012        0.00%    passed    100.00%
  37  G2587-S-SLE-2012        0.00%    passed    100.00%
  38  G2280-S-SLE-2012        0.00%    passed    100.00%
  39  G3016-S-SLE-2013        0.00%    passed    100.00%
  40  G3106-S-SLE-2013        0.00%    passed    100.00%
  41  G2612-S-SLE-2012        0.00%    passed    100.00%
  42  LM779-S-SLE-2012        0.00%    passed    100.00%
  43  G692-S-SLE-2009         0.00%    passed    100.00%
  44  LM395-S-SLE-2009        0.00%    passed    100.00%
  45  G1774-S-SLE-2011        0.00%    passed    100.00%
  46  G2222-S-SLE-2011        0.00%    passed    100.00%
  47  G636-S-SLE-2009         0.00%    passed    100.00%
  48  G2315-S-SLE-2012        0.00%    passed    100.00%
  49  G2903-S-SLE-2012        0.00%    passed    100.00%
  50  G3206-S-SLE-2013        0.00%    passed    100.00%
  51  G733-S-SLE-2010         0.00%    passed    100.00%
  52  G2554-S-SLE-2012        0.00%    passed    100.00%
  53  G1618-S-SLE-2011        0.00%    passed    100.00%
  54  G1646-S-SLE-2011        0.00%    passed    100.00%
  55  G2427-S-SLE-2012        0.00%    passed    100.00%
  56  G2392-S-SLE-2012        0.00%    passed    100.00%
  57  G3229-S-SLE-2013        0.00%    passed    100.00%
  58  G3151-S-SLE-2013        0.00%    passed    100.00%
  59  G3248-S-SLE-2013        0.00%    passed    100.00%
  60  G3170-S-SLE-2013        0.00%    passed    100.00%
  61  NL-S-SLE-2000           0.00%    passed    100.00%
  62  G2263-S-SLE-2012        0.00%    passed    100.00%
  63  G2431-S-SLE-2012        0.00%    passed    100.00%
  64  G1442-S-SLE-2011        0.00%    passed    100.00%
  65  G2141-S-SLE-2011        0.00%    passed    100.00%
  66  G1529-S-SLE-2011        0.00%    passed    100.00%
  67  G3234-S-SLE-2013        0.00%    passed    100.00%
  68  G2363-S-SLE-2012        0.00%    passed    100.00%
  69  G2259-S-SLE-2012        0.00%    passed    100.00%
  70  G2723-S-SLE-2012        0.00%    passed    100.00%
  71  G3278-S-SLE-2013        0.00%    passed    100.00%
  72  G2557-S-SLE-2012        0.00%    passed    100.00%
  73  G2615-S-SLE-2012        0.00%    passed    100.00%
  74  G1200-S-LIB-2010        0.00%    passed    100.00%
  75  Macenta-S-GIN-1982      0.00%    passed     99.98%
  76  Z148-S-LIB-1981         0.00%    passed     99.98%
  77  AV-S-CIV-1999           0.00%    passed    100.00%
  78  Nig08-A18-S-NIG-2008    0.00%    passed     93.52%
  79  Nig08-A19-S-NIG-2008    0.00%    passed     89.48%
  80  CSF-S-NIG-2001          0.00%    passed     99.98%
  81  ISTH0009-S-NIG-2011     0.00%    passed    100.00%
  82  LASV979-S-NIG-2009      0.00%    passed    100.00%
  83  LASV237-S-NIG-2010      0.00%    passed    100.00%
  84  LASV711-S-NIG-2009      0.00%    passed    100.00%
  85  LASV992-S-NIG-2009      0.00%    passed    100.00%
  86  ISTH0230-S-NIG-2011     0.00%    passed    100.00%
  87  LASV975-S-NIG-2009      0.00%    passed    100.00%
  88  ISTH2061-S-NIG-2012     0.00%    passed    100.00%
  89  Nig08-A41-S-NIG-2008    0.00%    passed    100.00%
  90  ISTH2217-S-NIG-2012     0.00%    passed    100.00%
  91  ISTH1064-S-NIG-2011     0.00%    passed    100.00%
  92  ISTH2334-S-NIG-2012     0.00%    passed    100.00%
  93  LASV245-S-NIG-2011      0.00%    passed    100.00%
  94  LASV1011-S-NIG-2009     0.00%    passed    100.00%
  95  ISTH2312-S-NIG-2012     0.00%    passed    100.00%
  96  LASV1000-S-NIG-2009     0.00%    passed    100.00%
  97  ISTH2010-S-NIG-2012     0.00%    passed    100.00%
  98  ISTH2016-S-NIG-2012     0.00%    passed    100.00%
  99  Nig08-A37-S-NIG-2008    0.00%    passed    100.00%
 100  LASV737-S-NIG-2009      0.00%    passed    100.00%
 101  LASV719-S-NIG-2009      0.00%    passed    100.00%
 102  LASV046-S-NIG-2009      0.00%    passed    100.00%
 103  ISTH2042-S-NIG-2012     0.00%    passed    100.00%
 104  LASV274-S-NIG-2010      0.00%    passed    100.00%
 105  LASV263-S-NIG-2011      0.00%    passed    100.00%
 106  ISTH1137-S-NIG-2011     0.00%    passed    100.00%
 107  LASV976-S-NIG-2009      0.00%    passed    100.00%
 108  LASV1016-S-NIG-2009     0.00%    passed    100.00%
 109  LASV229-S-NIG-2010      0.00%    passed    100.00%
 110  ISTH2129-S-NIG-2012     0.00%    passed    100.00%
 111  ISTH2057-S-NIG-2012     0.00%    passed    100.00%
 112  LASV058-S-NIG-2008      0.00%    passed    100.00%
 113  ISTH1038-S-NIG-2011     0.00%    passed    100.00%
 114  LASV056-S-NIG-2008      0.00%    passed    100.00%
 115  LASV042-S-NIG-2009      0.00%    passed    100.00%
 116  LASV981-S-NIG-2009      0.00%    passed    100.00%
 117  LASV256-S-NIG-2010      0.00%    passed    100.00%
 118  LASV052-S-NIG-2008      0.00%    passed    100.00%
 119  LASV063-S-NIG-2009      0.00%    passed    100.00%
 120  ISTH0595-S-NIG-2011     0.00%    passed    100.00%
 121  ISTH1096-S-NIG-2012     0.00%    passed    100.00%
 122  LASV221-S-NIG-2010      0.00%    passed    100.00%
 123  LASV977-S-NIG-2009      0.00%    passed    100.00%
 124  LASV971-S-NIG-2009      0.00%    passed    100.00%
 125  LASV967-S-NIG-2009      0.00%    passed    100.00%
 126  ISTH2050-S-NIG-2012     0.00%    passed    100.00%
 127  ISTH2031-S-NIG-2012     0.00%    passed    100.00%
 128  ISTH2376-S-NIG-2012     0.00%    passed    100.00%
 129  LASV991-S-NIG-2009      0.00%    passed    100.00%
 130  LASV267-S-NIG-2010      0.00%    passed    100.00%
 131  LASV049-S-NIG-2009      0.00%    passed    100.00%
 132  LASV239-S-NIG-2010      0.00%    passed    100.00%
 133  ISTH2037-S-NIG-2012     0.00%    passed    100.00%
 134  ISTH1069-S-NIG-2011     0.00%    passed    100.00%
 135  ISTH1129-S-NIG-2012     0.00%    passed    100.00%
 136  ISTH2304-S-NIG-2012     0.00%    passed    100.00%
 137  LASV246-S-NIG-2010      0.00%    passed    100.00%
 138  ISTH1111-S-NIG-2011     0.00%    passed    100.00%
 139  LASV006-S-NIG-2008      0.00%    passed    100.00%
 140  ISTH0531-S-NIG-2011     0.00%    passed    100.00%
 141  LASV254-S-NIG-2011      0.00%    passed    100.00%
 142  ISTH2358-S-NIG-2012     0.00%    passed    100.00%
 143  LASV966-S-NIG-2009      0.00%    passed    100.00%
 144  ISTH1058-S-NIG-2011     0.00%    passed    100.00%
 145  LASV241-S-NIG-2011      0.00%    passed    100.00%
 146  LASV271-S-NIG-2010      0.00%    passed    100.00%
 147  Nig08-A47-S-NIG-2008    0.00%    passed    100.00%
 148  ISTH0012-S-NIG-2011     0.00%    passed    100.00%
 149  LASV993-S-NIG-2009      0.00%    passed    100.00%
 150  ISTH2046-S-NIG-2012     0.00%    passed    100.00%
 151  LASV1008-S-NIG-2009     0.00%    passed    100.00%
 152  ISTH2020-S-NIG-2012     0.00%    passed    100.00%
 153  LASV003-S-NIG-2008      0.00%    passed    100.00%
 154  LASV242-S-NIG-2010      0.00%    passed    100.00%
 155  LASV253-S-NIG-2011      0.00%    passed    100.00%
 156  LASV982-S-NIG-2009      0.00%    passed    100.00%
 157  LASV251-S-NIG-2010      0.00%    passed    100.00%
 158  LASV989-S-NIG-2009      0.00%    passed    100.00%
 159  ISTH0047-S-NIG-2011     0.00%    passed    100.00%
 160  LASV990-S-NIG-2009      0.00%    passed    100.00%
 161  ISTH1003-S-NIG-2011     0.00%    passed    100.00%
 162  ISTH0073-S-NIG-2011     0.00%    passed    100.00%
 163  ISTH2316-S-NIG-2012     0.00%    passed    100.00%
 164  LASV225-S-NIG-2010      0.00%    passed    100.00%
 165  LASV978-S-NIG-2009      0.00%    passed    100.00%
 166  ISTH1048-S-NIG-2011     0.00%    passed    100.00%
 167  LASV045-S-NIG-2009      0.00%    passed    100.00%
 168  ISTH2025-S-NIG-2012     0.00%    passed    100.00%
 169  LASV250-S-NIG-2011      0.00%    passed    100.00%
 170  LASV1015-S-NIG-2009     0.00%    passed    100.00%
 171  LASV035-S-NIG-2009      0.00%    passed    100.00%
 172  ISTH1107-S-NIG-2012     0.00%    passed    100.00%
 173  ISTH2271-S-NIG-2012     0.00%    passed    100.00%
 174  ISTH1121-S-NIG-2012     0.00%    passed    100.00%
 175  ISTH2065-S-NIG-2012     0.00%    passed    100.00%
 176  ISTH2066-S-NIG-2012     0.00%    passed    100.00%
 177  ISTH2094-S-NIG-2012     0.00%    passed    100.00%
 178  Nig08-04-S-NIG-2008     0.00%    passed    100.00%
 179  Pinneo-S-NIG-1969       0.00%    passed     97.70%
****  TOTAL                   0.00%  0 sequences failed composition chi2 test (p-value<5%; df=18)
NOTE: G2147-S-SLE-2011 is identical to G1180-S-SLE-2010 but kept for subsequent analysis
NOTE: LM222-S-SLE-2010 is identical to G2165-S-SLE-2011 but kept for subsequent analysis
NOTE: G693-S-SLE-2009 is identical to G610-S-SLE-2009 but kept for subsequent analysis
NOTE: G2405-S-SLE-2012 is identical to G676-S-SLE-2009 but kept for subsequent analysis
NOTE: G2944-S-SLE-2012 is identical to G1190-S-SLE-2010 but kept for subsequent analysis
NOTE: Z0947-S-SLE-2011 is identical to G3148-S-SLE-2013 but kept for subsequent analysis
NOTE: LM395-S-SLE-2009 is identical to G1647-S-SLE-2011 but kept for subsequent analysis
NOTE: G2587-S-SLE-2012 is identical to G2295-S-SLE-2012 but kept for subsequent analysis
NOTE: G3106-S-SLE-2013 is identical to G3016-S-SLE-2013 but kept for subsequent analysis
NOTE: G2222-S-SLE-2011 is identical to G1774-S-SLE-2011 but kept for subsequent analysis
NOTE: G2315-S-SLE-2012 is identical to G636-S-SLE-2009 but kept for subsequent analysis
NOTE: G3248-S-SLE-2013 is identical to G3151-S-SLE-2013 but kept for subsequent analysis
NOTE: G2723-S-SLE-2012 is identical to G2259-S-SLE-2012 but kept for subsequent analysis
NOTE: LASV711-S-NIG-2009 is identical to ISTH0009-S-NIG-2011 but kept for subsequent analysis
NOTE: Nig08-A41-S-NIG-2008 is identical to LASV975-S-NIG-2009 but kept for subsequent analysis
NOTE: LASV977-S-NIG-2009 is identical to LASV221-S-NIG-2010 but kept for subsequent analysis
NOTE: LASV967-S-NIG-2009 is identical to LASV971-S-NIG-2009 but kept for subsequent analysis
NOTE: ISTH2376-S-NIG-2012 is identical to ISTH2031-S-NIG-2012 but kept for subsequent analysis
NOTE: LASV241-S-NIG-2011 is identical to ISTH1058-S-NIG-2011 but kept for subsequent analysis
NOTE: LASV993-S-NIG-2009 is identical to ISTH0012-S-NIG-2011 but kept for subsequent analysis
NOTE: LASV990-S-NIG-2009 is identical to ISTH0047-S-NIG-2011 but kept for subsequent analysis
NOTE: LASV045-S-NIG-2009 is identical to ISTH1048-S-NIG-2011 but kept for subsequent analysis
NOTE: LASV1015-S-NIG-2009 is identical to LASV250-S-NIG-2011 but kept for subsequent analysis
NOTE: ISTH2066-S-NIG-2012 is identical to ISTH2065-S-NIG-2012 but kept for subsequent analysis
NOTE: 57 identical sequences (see below) will be ignored for subsequent analysis
NOTE: G503-S-SLE-2009 (identical to G1180-S-SLE-2010) is ignored but added at the end
NOTE: LM774-S-SLE-2012 (identical to G2165-S-SLE-2011) is ignored but added at the end
NOTE: LM778-S-SLE-2012 (identical to G2165-S-SLE-2011) is ignored but added at the end
NOTE: G2184-S-SLE-2011 (identical to G2165-S-SLE-2011) is ignored but added at the end
NOTE: LM776-S-SLE-2012 (identical to G2165-S-SLE-2011) is ignored but added at the end
NOTE: G771-S-SLE-2010 (identical to G610-S-SLE-2009) is ignored but added at the end
NOTE: G1792-S-SLE-2011 (identical to G610-S-SLE-2009) is ignored but added at the end
NOTE: G1960-S-SLE-2011 (identical to G610-S-SLE-2009) is ignored but added at the end
NOTE: G2565-S-SLE-2012 (identical to G610-S-SLE-2009) is ignored but added at the end
NOTE: Z0948-S-SLE-2011 (identical to G3148-S-SLE-2013) is ignored but added at the end
NOTE: G3206-S-SLE-2013 (identical to G636-S-SLE-2009) is ignored but added at the end
NOTE: G2554-S-SLE-2012 (identical to G636-S-SLE-2009) is ignored but added at the end
NOTE: G1618-S-SLE-2011 (identical to G636-S-SLE-2009) is ignored but added at the end
NOTE: G1646-S-SLE-2011 (identical to G636-S-SLE-2009) is ignored but added at the end
NOTE: G3170-S-SLE-2013 (identical to G3151-S-SLE-2013) is ignored but added at the end
NOTE: G2615-S-SLE-2012 (identical to G2259-S-SLE-2012) is ignored but added at the end
NOTE: LASV992-S-NIG-2009 (identical to ISTH0009-S-NIG-2011) is ignored but added at the end
NOTE: ISTH0230-S-NIG-2011 (identical to ISTH0009-S-NIG-2011) is ignored but added at the end
NOTE: ISTH1064-S-NIG-2011 (identical to LASV975-S-NIG-2009) is ignored but added at the end
NOTE: ISTH2334-S-NIG-2012 (identical to LASV975-S-NIG-2009) is ignored but added at the end
NOTE: LASV245-S-NIG-2011 (identical to LASV975-S-NIG-2009) is ignored but added at the end
NOTE: ISTH2016-S-NIG-2012 (identical to LASV975-S-NIG-2009) is ignored but added at the end
NOTE: LASV737-S-NIG-2009 (identical to LASV975-S-NIG-2009) is ignored but added at the end
NOTE: LASV719-S-NIG-2009 (identical to LASV975-S-NIG-2009) is ignored but added at the end
NOTE: LASV046-S-NIG-2009 (identical to LASV975-S-NIG-2009) is ignored but added at the end
NOTE: LASV274-S-NIG-2010 (identical to LASV975-S-NIG-2009) is ignored but added at the end
NOTE: LASV263-S-NIG-2011 (identical to LASV975-S-NIG-2009) is ignored but added at the end
NOTE: LASV976-S-NIG-2009 (identical to LASV975-S-NIG-2009) is ignored but added at the end
NOTE: LASV1016-S-NIG-2009 (identical to LASV975-S-NIG-2009) is ignored but added at the end
NOTE: LASV229-S-NIG-2010 (identical to LASV975-S-NIG-2009) is ignored but added at the end
NOTE: ISTH2057-S-NIG-2012 (identical to LASV975-S-NIG-2009) is ignored but added at the end
NOTE: LASV058-S-NIG-2008 (identical to LASV975-S-NIG-2009) is ignored but added at the end
NOTE: ISTH1038-S-NIG-2011 (identical to LASV975-S-NIG-2009) is ignored but added at the end
NOTE: LASV042-S-NIG-2009 (identical to LASV975-S-NIG-2009) is ignored but added at the end
NOTE: LASV981-S-NIG-2009 (identical to LASV975-S-NIG-2009) is ignored but added at the end
NOTE: LASV256-S-NIG-2010 (identical to LASV975-S-NIG-2009) is ignored but added at the end
NOTE: LASV063-S-NIG-2009 (identical to LASV975-S-NIG-2009) is ignored but added at the end
NOTE: ISTH1096-S-NIG-2012 (identical to LASV975-S-NIG-2009) is ignored but added at the end
NOTE: ISTH2050-S-NIG-2012 (identical to LASV975-S-NIG-2009) is ignored but added at the end
NOTE: LASV991-S-NIG-2009 (identical to LASV975-S-NIG-2009) is ignored but added at the end
NOTE: ISTH1069-S-NIG-2011 (identical to LASV975-S-NIG-2009) is ignored but added at the end
NOTE: ISTH2304-S-NIG-2012 (identical to LASV975-S-NIG-2009) is ignored but added at the end
NOTE: LASV246-S-NIG-2010 (identical to LASV975-S-NIG-2009) is ignored but added at the end
NOTE: LASV254-S-NIG-2011 (identical to LASV975-S-NIG-2009) is ignored but added at the end
NOTE: LASV966-S-NIG-2009 (identical to LASV975-S-NIG-2009) is ignored but added at the end
NOTE: Nig08-A47-S-NIG-2008 (identical to ISTH1058-S-NIG-2011) is ignored but added at the end
NOTE: LASV003-S-NIG-2008 (identical to ISTH1058-S-NIG-2011) is ignored but added at the end
NOTE: LASV242-S-NIG-2010 (identical to ISTH1058-S-NIG-2011) is ignored but added at the end
NOTE: LASV253-S-NIG-2011 (identical to ISTH1058-S-NIG-2011) is ignored but added at the end
NOTE: LASV982-S-NIG-2009 (identical to ISTH1058-S-NIG-2011) is ignored but added at the end
NOTE: LASV1008-S-NIG-2009 (identical to ISTH0012-S-NIG-2011) is ignored but added at the end
NOTE: ISTH1003-S-NIG-2011 (identical to ISTH0047-S-NIG-2011) is ignored but added at the end
NOTE: ISTH0073-S-NIG-2011 (identical to ISTH0047-S-NIG-2011) is ignored but added at the end
NOTE: ISTH2316-S-NIG-2012 (identical to ISTH0047-S-NIG-2011) is ignored but added at the end
NOTE: LASV225-S-NIG-2010 (identical to ISTH0047-S-NIG-2011) is ignored but added at the end
NOTE: LASV978-S-NIG-2009 (identical to ISTH0047-S-NIG-2011) is ignored but added at the end
NOTE: LASV035-S-NIG-2009 (identical to LASV250-S-NIG-2011) is ignored but added at the end

For your convenience alignment with unique sequences printed to /csm_data/spielman_lab/aa_phylo_fit_topology//simulations/alignments/1R6M_andersen_rep7_AA.fasta.uniqueseq.phy
NOTE: State(s) W not present in alignment and thus removed from Markov process to prevent numerical problems
NOTE: 1 states (see above) are not present and thus removed from Markov process to prevent numerical problems

Create initial parsimony tree by phylogenetic likelihood library (PLL)... 0.013 seconds
Generating 1000 samples for ultrafast bootstrap (seed: 259111)...

NOTE: 10 MB RAM (0 GB) is required!
Measuring multi-threading efficiency up to 8 CPU cores
Increase to 10 rounds for branch lengths
34 trees examined
Threads: 1 / Time: 8.069 sec / Speedup: 1.000 / Efficiency: 100% / LogL: -5820
Threads: 2 / Time: 4.698 sec / Speedup: 1.717 / Efficiency: 86% / LogL: -5820
Threads: 3 / Time: 3.760 sec / Speedup: 2.146 / Efficiency: 72% / LogL: -5820
Threads: 4 / Time: 4.712 sec / Speedup: 1.713 / Efficiency: 43% / LogL: -5820
BEST NUMBER OF THREADS: 3

Estimate model parameters (epsilon = 0.100)
1. Initial log-likelihood: -2280.775
2. Current log-likelihood: -2161.198
3. Current log-likelihood: -2160.751
Optimal log-likelihood: -2160.736
Gamma shape alpha: 0.521
Parameters optimization took 3 rounds (0.300 sec)
Computing ML distances based on estimated model parameters... 2.945 sec
Computing BIONJ tree...
0.011 seconds
Log-likelihood of BIONJ tree: -2161.919
--------------------------------------------------------------------
|             INITIALIZING CANDIDATE TREE SET                      |
--------------------------------------------------------------------
Generating 98 parsimony trees... 1.339 second
Computing log-likelihood of 98 initial trees ... 3.669 seconds
Current best score: -2158.541

Do NNI search on 20 best initial trees
Estimate model parameters (epsilon = 0.100)
BETTER TREE FOUND at iteration 1: -2153.067
Iteration 10 / LogL: -2153.420 / Time: 0h:0m:35s
Iteration 20 / LogL: -2160.735 / Time: 0h:0m:40s
Finish initializing candidate tree set (20)
Current best tree score: -2153.067 / CPU time: 16.388
Number of iterations: 20
--------------------------------------------------------------------
|               OPTIMIZING CANDIDATE TREE SET                      |
--------------------------------------------------------------------
Iteration 30 / LogL: -2153.068 / Time: 0h:0m:47s (0h:1m:51s left)
Iteration 40 / LogL: -2157.338 / Time: 0h:0m:53s (0h:1m:21s left)
Iteration 50 / LogL: -2153.068 / Time: 0h:0m:59s (0h:1m:0s left)
Log-likelihood cutoff on original alignment: -2176.471
Iteration 60 / LogL: -2153.069 / Time: 0h:1m:7s (0h:0m:45s left)
Iteration 70 / LogL: -2153.068 / Time: 0h:1m:14s (0h:0m:32s left)
Iteration 80 / LogL: -2169.123 / Time: 0h:1m:20s (0h:0m:20s left)
Iteration 90 / LogL: -2153.068 / Time: 0h:1m:26s (0h:0m:10s left)
Iteration 100 / LogL: -2153.067 / Time: 0h:1m:33s (0h:0m:0s left)
Log-likelihood cutoff on original alignment: -2177.004
NOTE: Bootstrap correlation coefficient of split occurrence frequencies: 0.993
TREE SEARCH COMPLETED AFTER 102 ITERATIONS / Time: 0h:1m:35s

--------------------------------------------------------------------
|                    FINALIZING TREE SEARCH                        |
--------------------------------------------------------------------
Performs final model parameters optimization
Estimate model parameters (epsilon = 0.010)
1. Initial log-likelihood: -2153.067
Optimal log-likelihood: -2153.067
Gamma shape alpha: 0.519
Parameters optimization took 1 rounds (0.044 sec)
BEST SCORE FOUND : -2153.067
Creating bootstrap support values...
Split supports printed to NEXUS file /csm_data/spielman_lab/aa_phylo_fit_topology//simulations/alignments/1R6M_andersen_rep7_AA.fasta.splits.nex
Total tree length: 1.142

Total number of iterations: 102
CPU time used for tree search: 208.406 sec (0h:3m:28s)
Wall-clock time used for tree search: 70.957 sec (0h:1m:10s)
Total CPU time used: 310.428 sec (0h:5m:10s)
Total wall-clock time used: 95.593 sec (0h:1m:35s)

Computing bootstrap consensus tree...
Reading input file /csm_data/spielman_lab/aa_phylo_fit_topology//simulations/alignments/1R6M_andersen_rep7_AA.fasta.splits.nex...
122 taxa and 2286 splits.
Consensus tree written to /csm_data/spielman_lab/aa_phylo_fit_topology//simulations/alignments/1R6M_andersen_rep7_AA.fasta.contree
Reading input trees file /csm_data/spielman_lab/aa_phylo_fit_topology//simulations/alignments/1R6M_andersen_rep7_AA.fasta.contree
Log-likelihood of consensus tree: -2153.075

Analysis results written to: 
  IQ-TREE report:                /csm_data/spielman_lab/aa_phylo_fit_topology//simulations/alignments/1R6M_andersen_rep7_AA.fasta.iqtree
  Maximum-likelihood tree:       /csm_data/spielman_lab/aa_phylo_fit_topology//simulations/alignments/1R6M_andersen_rep7_AA.fasta.treefile
  Likelihood distances:          /csm_data/spielman_lab/aa_phylo_fit_topology//simulations/alignments/1R6M_andersen_rep7_AA.fasta.mldist

Ultrafast bootstrap approximation results written to:
  Split support values:          /csm_data/spielman_lab/aa_phylo_fit_topology//simulations/alignments/1R6M_andersen_rep7_AA.fasta.splits.nex
  Consensus tree:                /csm_data/spielman_lab/aa_phylo_fit_topology//simulations/alignments/1R6M_andersen_rep7_AA.fasta.contree
  Screen log file:               /csm_data/spielman_lab/aa_phylo_fit_topology//simulations/alignments/1R6M_andersen_rep7_AA.fasta.log

Date and Time: Sat Nov  2 07:06:51 2019
