IQ-TREE multicore version 1.6.7 for Linux 64-bit built Aug 23 2018
Developed by Bui Quang Minh, Nguyen Lam Tung, Olga Chernomor,
Heiko Schmidt, Dominik Schrempf, Michael Woodhams.

Host:    csm-com-002 (AVX2, FMA3, 62 GB RAM)
Command: iqtree -quiet -nt AUTO -ntmax 8 -m JTT+G4 -s /csm_data/spielman_lab/aa_phylo_fit_topology//simulations/alignments/1R6M_salichos_rep14_AA.fasta -st AA -redo -bb 1000
Seed:    960583 (Using SPRNG - Scalable Parallel Random Number Generator)
Time:    Sat Nov  2 08:00:23 2019
Kernel:  AVX+FMA - auto-detect threads (48 CPU cores detected)

Reading alignment file /csm_data/spielman_lab/aa_phylo_fit_topology//simulations/alignments/1R6M_salichos_rep14_AA.fasta ... Fasta format detected
Alignment most likely contains protein sequences
Alignment has 23 sequences with 203 columns, 127 distinct patterns
71 parsimony-informative, 39 singleton sites, 93 constant sites
      Gap/Ambiguity  Composition  p-value
   1  Agos    0.00%    passed     98.67%
   2  Klac    0.00%    passed    100.00%
   3  Calb    0.00%    passed     99.96%
   4  Cdub    0.00%    passed     99.92%
   5  Ctro    0.00%    passed     99.92%
   6  Cpar    0.00%    passed     99.98%
   7  Lelo    0.00%    passed     99.95%
   8  Psti    0.00%    passed     99.79%
   9  Cgui    0.00%    passed     99.91%
  10  Dhan    0.00%    passed     99.96%
  11  Clus    0.00%    passed    100.00%
  12  Cgla    0.00%    passed     99.99%
  13  Sbay    0.00%    passed    100.00%
  14  Scer    0.00%    passed    100.00%
  15  Spar    0.00%    passed    100.00%
  16  Smik    0.00%    passed    100.00%
  17  Skud    0.00%    passed    100.00%
  18  Scas    0.00%    passed     99.99%
  19  Kpol    0.00%    passed     24.11%
  20  Zrou    0.00%    passed    100.00%
  21  Kthe    0.00%    passed    100.00%
  22  Kwal    0.00%    passed    100.00%
  23  Sklu    0.00%    passed    100.00%
****  TOTAL    0.00%  0 sequences failed composition chi2 test (p-value<5%; df=19)
NOTE: Skud is identical to Smik but kept for subsequent analysis

Create initial parsimony tree by phylogenetic likelihood library (PLL)... 0.002 seconds
Generating 1000 samples for ultrafast bootstrap (seed: 960583)...

NOTE: 2 MB RAM (0 GB) is required!
Measuring multi-threading efficiency up to 8 CPU cores
Increase to 10 rounds for branch lengths
191 trees examined
Threads: 1 / Time: 8.022 sec / Speedup: 1.000 / Efficiency: 100% / LogL: -3165
Threads: 2 / Time: 4.803 sec / Speedup: 1.670 / Efficiency: 84% / LogL: -3165
Threads: 3 / Time: 3.694 sec / Speedup: 2.172 / Efficiency: 72% / LogL: -3165
Threads: 4 / Time: 4.336 sec / Speedup: 1.850 / Efficiency: 46% / LogL: -3165
BEST NUMBER OF THREADS: 3

Estimate model parameters (epsilon = 0.100)
1. Initial log-likelihood: -2180.789
2. Current log-likelihood: -2172.675
3. Current log-likelihood: -2172.561
Optimal log-likelihood: -2172.561
Gamma shape alpha: 0.822
Parameters optimization took 3 rounds (0.046 sec)
Computing ML distances based on estimated model parameters... 0.186 sec
Computing BIONJ tree...
0.002 seconds
Log-likelihood of BIONJ tree: -2170.992
--------------------------------------------------------------------
|             INITIALIZING CANDIDATE TREE SET                      |
--------------------------------------------------------------------
Generating 98 parsimony trees... 0.164 second
Computing log-likelihood of 98 initial trees ... 0.610 seconds
Current best score: -2159.831

Do NNI search on 20 best initial trees
Estimate model parameters (epsilon = 0.100)
BETTER TREE FOUND at iteration 1: -2156.108
UPDATE BEST LOG-LIKELIHOOD: -2156.108
Iteration 10 / LogL: -2156.108 / Time: 0h:0m:22s
Iteration 20 / LogL: -2161.707 / Time: 0h:0m:22s
Finish initializing candidate tree set (6)
Current best tree score: -2156.108 / CPU time: 1.691
Number of iterations: 20
--------------------------------------------------------------------
|               OPTIMIZING CANDIDATE TREE SET                      |
--------------------------------------------------------------------
UPDATE BEST LOG-LIKELIHOOD: -2156.108
UPDATE BEST LOG-LIKELIHOOD: -2156.108
Iteration 30 / LogL: -2156.108 / Time: 0h:0m:23s (0h:0m:57s left)
Iteration 40 / LogL: -2156.108 / Time: 0h:0m:24s (0h:0m:37s left)
Iteration 50 / LogL: -2156.108 / Time: 0h:0m:25s (0h:0m:26s left)
Log-likelihood cutoff on original alignment: -2190.056
Iteration 60 / LogL: -2156.110 / Time: 0h:0m:26s (0h:0m:17s left)
Iteration 70 / LogL: -2156.108 / Time: 0h:0m:26s (0h:0m:12s left)
Iteration 80 / LogL: -2156.108 / Time: 0h:0m:27s (0h:0m:7s left)
Iteration 90 / LogL: -2156.108 / Time: 0h:0m:28s (0h:0m:3s left)
Iteration 100 / LogL: -2156.108 / Time: 0h:0m:29s (0h:0m:0s left)
Log-likelihood cutoff on original alignment: -2190.772
NOTE: Bootstrap correlation coefficient of split occurrence frequencies: 0.996
TREE SEARCH COMPLETED AFTER 102 ITERATIONS / Time: 0h:0m:29s

--------------------------------------------------------------------
|                    FINALIZING TREE SEARCH                        |
--------------------------------------------------------------------
Performs final model parameters optimization
Estimate model parameters (epsilon = 0.010)
1. Initial log-likelihood: -2156.108
Optimal log-likelihood: -2156.108
Gamma shape alpha: 0.809
Parameters optimization took 1 rounds (0.009 sec)
BEST SCORE FOUND : -2156.108
Creating bootstrap support values...
Split supports printed to NEXUS file /csm_data/spielman_lab/aa_phylo_fit_topology//simulations/alignments/1R6M_salichos_rep14_AA.fasta.splits.nex
Total tree length: 1.401

Total number of iterations: 102
CPU time used for tree search: 24.944 sec (0h:0m:24s)
Wall-clock time used for tree search: 8.320 sec (0h:0m:8s)
Total CPU time used: 75.885 sec (0h:1m:15s)
Total wall-clock time used: 29.511 sec (0h:0m:29s)

Computing bootstrap consensus tree...
Reading input file /csm_data/spielman_lab/aa_phylo_fit_topology//simulations/alignments/1R6M_salichos_rep14_AA.fasta.splits.nex...
23 taxa and 164 splits.
Consensus tree written to /csm_data/spielman_lab/aa_phylo_fit_topology//simulations/alignments/1R6M_salichos_rep14_AA.fasta.contree
Reading input trees file /csm_data/spielman_lab/aa_phylo_fit_topology//simulations/alignments/1R6M_salichos_rep14_AA.fasta.contree
Log-likelihood of consensus tree: -2156.108

Analysis results written to: 
  IQ-TREE report:                /csm_data/spielman_lab/aa_phylo_fit_topology//simulations/alignments/1R6M_salichos_rep14_AA.fasta.iqtree
  Maximum-likelihood tree:       /csm_data/spielman_lab/aa_phylo_fit_topology//simulations/alignments/1R6M_salichos_rep14_AA.fasta.treefile
  Likelihood distances:          /csm_data/spielman_lab/aa_phylo_fit_topology//simulations/alignments/1R6M_salichos_rep14_AA.fasta.mldist

Ultrafast bootstrap approximation results written to:
  Split support values:          /csm_data/spielman_lab/aa_phylo_fit_topology//simulations/alignments/1R6M_salichos_rep14_AA.fasta.splits.nex
  Consensus tree:                /csm_data/spielman_lab/aa_phylo_fit_topology//simulations/alignments/1R6M_salichos_rep14_AA.fasta.contree
  Screen log file:               /csm_data/spielman_lab/aa_phylo_fit_topology//simulations/alignments/1R6M_salichos_rep14_AA.fasta.log

Date and Time: Sat Nov  2 08:00:53 2019
