IQ-TREE multicore version 1.6.7 for Linux 64-bit built Aug 23 2018
Developed by Bui Quang Minh, Nguyen Lam Tung, Olga Chernomor,
Heiko Schmidt, Dominik Schrempf, Michael Woodhams.

Host:    csm-com-008 (AVX2, FMA3, 62 GB RAM)
Command: iqtree -quiet -nt AUTO -ntmax 8 -m WAG+F -s /csm_data/spielman_lab/aa_phylo_fit_topology//simulations/alignments/1R6M_andersen_rep1_AA.fasta -st AA -redo -bb 1000
Seed:    920549 (Using SPRNG - Scalable Parallel Random Number Generator)
Time:    Sat Nov  2 02:08:39 2019
Kernel:  AVX+FMA - auto-detect threads (48 CPU cores detected)

Reading alignment file /csm_data/spielman_lab/aa_phylo_fit_topology//simulations/alignments/1R6M_andersen_rep1_AA.fasta ... Fasta format detected
Alignment most likely contains protein sequences
Alignment has 179 sequences with 203 columns, 119 distinct patterns
74 parsimony-informative, 27 singleton sites, 102 constant sites
                      Gap/Ambiguity  Composition  p-value
   1  BA366-S-GIN-2003        0.00%    passed    100.00%
   2  G502-S-SLE-2009         0.00%    passed    100.00%
   3  G1180-S-SLE-2010        0.00%    passed    100.00%
   4  G2147-S-SLE-2011        0.00%    passed    100.00%
   5  G2165-S-SLE-2011        0.00%    passed    100.00%
   6  LM222-S-SLE-2010        0.00%    passed    100.00%
   7  LM774-S-SLE-2012        0.00%    passed    100.00%
   8  LM778-S-SLE-2012        0.00%    passed    100.00%
   9  G2184-S-SLE-2011        0.00%    passed    100.00%
  10  LM776-S-SLE-2012        0.00%    passed    100.00%
  11  G503-S-SLE-2009         0.00%    passed    100.00%
  12  G2318-S-SLE-2012        0.00%    passed    100.00%
  13  G1959-S-SLE-2011        0.00%    passed    100.00%
  14  G3010-S-SLE-2013        0.00%    passed    100.00%
  15  G610-S-SLE-2009         0.00%    passed    100.00%
  16  G693-S-SLE-2009         0.00%    passed    100.00%
  17  G771-S-SLE-2010         0.00%    passed    100.00%
  18  G1792-S-SLE-2011        0.00%    passed    100.00%
  19  G1960-S-SLE-2011        0.00%    passed    100.00%
  20  G2565-S-SLE-2012        0.00%    passed    100.00%
  21  G2197-S-SLE-2011        0.00%    passed    100.00%
  22  LM032-S-SLE-2010        0.00%    passed    100.00%
  23  Josiah-S-SLE-1976       0.00%    passed    100.00%
  24  G808-S-SLE-2010         0.00%    passed    100.00%
  25  G2868-S-SLE-2012        0.00%    passed    100.00%
  26  G676-S-SLE-2009         0.00%    passed    100.00%
  27  G2405-S-SLE-2012        0.00%    passed    100.00%
  28  G1190-S-SLE-2010        0.00%    passed    100.00%
  29  G2944-S-SLE-2012        0.00%    passed    100.00%
  30  LM765-S-SLE-2012        0.00%    passed    100.00%
  31  G3148-S-SLE-2013        0.00%    passed    100.00%
  32  Z0947-S-SLE-2011        0.00%    passed    100.00%
  33  Z0948-S-SLE-2011        0.00%    passed    100.00%
  34  G1727-S-SLE-2011        0.00%    passed    100.00%
  35  G1647-S-SLE-2011        0.00%    passed    100.00%
  36  G2295-S-SLE-2012        0.00%    passed    100.00%
  37  G2587-S-SLE-2012        0.00%    passed    100.00%
  38  G2280-S-SLE-2012        0.00%    passed    100.00%
  39  G3016-S-SLE-2013        0.00%    passed    100.00%
  40  G3106-S-SLE-2013        0.00%    passed    100.00%
  41  G2612-S-SLE-2012        0.00%    passed    100.00%
  42  LM779-S-SLE-2012        0.00%    passed    100.00%
  43  G692-S-SLE-2009         0.00%    passed    100.00%
  44  LM395-S-SLE-2009        0.00%    passed    100.00%
  45  G1774-S-SLE-2011        0.00%    passed    100.00%
  46  G2222-S-SLE-2011        0.00%    passed    100.00%
  47  G636-S-SLE-2009         0.00%    passed    100.00%
  48  G2315-S-SLE-2012        0.00%    passed    100.00%
  49  G2903-S-SLE-2012        0.00%    passed    100.00%
  50  G3206-S-SLE-2013        0.00%    passed    100.00%
  51  G733-S-SLE-2010         0.00%    passed    100.00%
  52  G2554-S-SLE-2012        0.00%    passed    100.00%
  53  G1618-S-SLE-2011        0.00%    passed    100.00%
  54  G1646-S-SLE-2011        0.00%    passed    100.00%
  55  G2427-S-SLE-2012        0.00%    passed    100.00%
  56  G2392-S-SLE-2012        0.00%    passed    100.00%
  57  G3229-S-SLE-2013        0.00%    failed      0.00%
  58  G3151-S-SLE-2013        0.00%    passed    100.00%
  59  G3248-S-SLE-2013        0.00%    passed    100.00%
  60  G3170-S-SLE-2013        0.00%    passed    100.00%
  61  NL-S-SLE-2000           0.00%    passed    100.00%
  62  G2263-S-SLE-2012        0.00%    passed    100.00%
  63  G2431-S-SLE-2012        0.00%    passed    100.00%
  64  G1442-S-SLE-2011        0.00%    passed    100.00%
  65  G2141-S-SLE-2011        0.00%    passed    100.00%
  66  G1529-S-SLE-2011        0.00%    passed    100.00%
  67  G3234-S-SLE-2013        0.00%    passed    100.00%
  68  G2363-S-SLE-2012        0.00%    passed    100.00%
  69  G2259-S-SLE-2012        0.00%    passed    100.00%
  70  G2723-S-SLE-2012        0.00%    passed     99.97%
  71  G3278-S-SLE-2013        0.00%    passed     99.98%
  72  G2557-S-SLE-2012        0.00%    passed     99.98%
  73  G2615-S-SLE-2012        0.00%    passed     99.99%
  74  G1200-S-LIB-2010        0.00%    passed    100.00%
  75  Macenta-S-GIN-1982      0.00%    passed     99.99%
  76  Z148-S-LIB-1981         0.00%    passed     99.98%
  77  AV-S-CIV-1999           0.00%    passed    100.00%
  78  Nig08-A18-S-NIG-2008    0.00%    passed     99.40%
  79  Nig08-A19-S-NIG-2008    0.00%    passed     99.98%
  80  CSF-S-NIG-2001          0.00%    passed    100.00%
  81  ISTH0009-S-NIG-2011     0.00%    passed    100.00%
  82  LASV979-S-NIG-2009      0.00%    passed    100.00%
  83  LASV237-S-NIG-2010      0.00%    passed    100.00%
  84  LASV711-S-NIG-2009      0.00%    passed    100.00%
  85  LASV992-S-NIG-2009      0.00%    passed    100.00%
  86  ISTH0230-S-NIG-2011     0.00%    passed    100.00%
  87  LASV975-S-NIG-2009      0.00%    passed    100.00%
  88  ISTH2061-S-NIG-2012     0.00%    passed    100.00%
  89  Nig08-A41-S-NIG-2008    0.00%    passed    100.00%
  90  ISTH2217-S-NIG-2012     0.00%    passed    100.00%
  91  ISTH1064-S-NIG-2011     0.00%    passed    100.00%
  92  ISTH2334-S-NIG-2012     0.00%    passed    100.00%
  93  LASV245-S-NIG-2011      0.00%    passed    100.00%
  94  LASV1011-S-NIG-2009     0.00%    passed    100.00%
  95  ISTH2312-S-NIG-2012     0.00%    passed    100.00%
  96  LASV1000-S-NIG-2009     0.00%    passed    100.00%
  97  ISTH2010-S-NIG-2012     0.00%    passed    100.00%
  98  ISTH2016-S-NIG-2012     0.00%    passed    100.00%
  99  Nig08-A37-S-NIG-2008    0.00%    passed    100.00%
 100  LASV737-S-NIG-2009      0.00%    passed    100.00%
 101  LASV719-S-NIG-2009      0.00%    passed    100.00%
 102  LASV046-S-NIG-2009      0.00%    passed    100.00%
 103  ISTH2042-S-NIG-2012     0.00%    passed    100.00%
 104  LASV274-S-NIG-2010      0.00%    passed    100.00%
 105  LASV263-S-NIG-2011      0.00%    passed    100.00%
 106  ISTH1137-S-NIG-2011     0.00%    passed    100.00%
 107  LASV976-S-NIG-2009      0.00%    passed    100.00%
 108  LASV1016-S-NIG-2009     0.00%    passed    100.00%
 109  LASV229-S-NIG-2010      0.00%    passed    100.00%
 110  ISTH2129-S-NIG-2012     0.00%    passed    100.00%
 111  ISTH2057-S-NIG-2012     0.00%    passed    100.00%
 112  LASV058-S-NIG-2008      0.00%    passed    100.00%
 113  ISTH1038-S-NIG-2011     0.00%    passed    100.00%
 114  LASV056-S-NIG-2008      0.00%    passed    100.00%
 115  LASV042-S-NIG-2009      0.00%    passed    100.00%
 116  LASV981-S-NIG-2009      0.00%    passed    100.00%
 117  LASV256-S-NIG-2010      0.00%    passed    100.00%
 118  LASV052-S-NIG-2008      0.00%    passed    100.00%
 119  LASV063-S-NIG-2009      0.00%    passed    100.00%
 120  ISTH0595-S-NIG-2011     0.00%    passed    100.00%
 121  ISTH1096-S-NIG-2012     0.00%    passed    100.00%
 122  LASV221-S-NIG-2010      0.00%    passed    100.00%
 123  LASV977-S-NIG-2009      0.00%    passed    100.00%
 124  LASV971-S-NIG-2009      0.00%    passed    100.00%
 125  LASV967-S-NIG-2009      0.00%    passed    100.00%
 126  ISTH2050-S-NIG-2012     0.00%    passed    100.00%
 127  ISTH2031-S-NIG-2012     0.00%    passed    100.00%
 128  ISTH2376-S-NIG-2012     0.00%    passed    100.00%
 129  LASV991-S-NIG-2009      0.00%    passed    100.00%
 130  LASV267-S-NIG-2010      0.00%    passed    100.00%
 131  LASV049-S-NIG-2009      0.00%    passed    100.00%
 132  LASV239-S-NIG-2010      0.00%    passed    100.00%
 133  ISTH2037-S-NIG-2012     0.00%    passed    100.00%
 134  ISTH1069-S-NIG-2011     0.00%    passed    100.00%
 135  ISTH1129-S-NIG-2012     0.00%    passed    100.00%
 136  ISTH2304-S-NIG-2012     0.00%    passed    100.00%
 137  LASV246-S-NIG-2010      0.00%    passed    100.00%
 138  ISTH1111-S-NIG-2011     0.00%    passed    100.00%
 139  LASV006-S-NIG-2008      0.00%    passed    100.00%
 140  ISTH0531-S-NIG-2011     0.00%    passed    100.00%
 141  LASV254-S-NIG-2011      0.00%    passed    100.00%
 142  ISTH2358-S-NIG-2012     0.00%    passed    100.00%
 143  LASV966-S-NIG-2009      0.00%    passed    100.00%
 144  ISTH1058-S-NIG-2011     0.00%    passed    100.00%
 145  LASV241-S-NIG-2011      0.00%    passed    100.00%
 146  LASV271-S-NIG-2010      0.00%    passed    100.00%
 147  Nig08-A47-S-NIG-2008    0.00%    passed    100.00%
 148  ISTH0012-S-NIG-2011     0.00%    passed    100.00%
 149  LASV993-S-NIG-2009      0.00%    passed    100.00%
 150  ISTH2046-S-NIG-2012     0.00%    passed    100.00%
 151  LASV1008-S-NIG-2009     0.00%    passed    100.00%
 152  ISTH2020-S-NIG-2012     0.00%    passed    100.00%
 153  LASV003-S-NIG-2008      0.00%    passed    100.00%
 154  LASV242-S-NIG-2010      0.00%    passed    100.00%
 155  LASV253-S-NIG-2011      0.00%    passed    100.00%
 156  LASV982-S-NIG-2009      0.00%    passed    100.00%
 157  LASV251-S-NIG-2010      0.00%    passed    100.00%
 158  LASV989-S-NIG-2009      0.00%    passed    100.00%
 159  ISTH0047-S-NIG-2011     0.00%    passed    100.00%
 160  LASV990-S-NIG-2009      0.00%    passed    100.00%
 161  ISTH1003-S-NIG-2011     0.00%    passed    100.00%
 162  ISTH0073-S-NIG-2011     0.00%    passed    100.00%
 163  ISTH2316-S-NIG-2012     0.00%    passed    100.00%
 164  LASV225-S-NIG-2010      0.00%    passed    100.00%
 165  LASV978-S-NIG-2009      0.00%    passed    100.00%
 166  ISTH1048-S-NIG-2011     0.00%    passed    100.00%
 167  LASV045-S-NIG-2009      0.00%    passed    100.00%
 168  ISTH2025-S-NIG-2012     0.00%    passed    100.00%
 169  LASV250-S-NIG-2011      0.00%    passed    100.00%
 170  LASV1015-S-NIG-2009     0.00%    passed    100.00%
 171  LASV035-S-NIG-2009      0.00%    passed    100.00%
 172  ISTH1107-S-NIG-2012     0.00%    passed    100.00%
 173  ISTH2271-S-NIG-2012     0.00%    passed    100.00%
 174  ISTH1121-S-NIG-2012     0.00%    passed    100.00%
 175  ISTH2065-S-NIG-2012     0.00%    passed    100.00%
 176  ISTH2066-S-NIG-2012     0.00%    passed    100.00%
 177  ISTH2094-S-NIG-2012     0.00%    passed    100.00%
 178  Nig08-04-S-NIG-2008     0.00%    passed    100.00%
 179  Pinneo-S-NIG-1969       0.00%    passed    100.00%
****  TOTAL                   0.00%  1 sequences failed composition chi2 test (p-value<5%; df=19)
NOTE: G503-S-SLE-2009 is identical to G1180-S-SLE-2010 but kept for subsequent analysis
NOTE: LM778-S-SLE-2012 is identical to LM774-S-SLE-2012 but kept for subsequent analysis
NOTE: G693-S-SLE-2009 is identical to G610-S-SLE-2009 but kept for subsequent analysis
NOTE: G2405-S-SLE-2012 is identical to G676-S-SLE-2009 but kept for subsequent analysis
NOTE: LM765-S-SLE-2012 is identical to G2944-S-SLE-2012 but kept for subsequent analysis
NOTE: Z0948-S-SLE-2011 is identical to Z0947-S-SLE-2011 but kept for subsequent analysis
NOTE: G2295-S-SLE-2012 is identical to G1647-S-SLE-2011 but kept for subsequent analysis
NOTE: G3106-S-SLE-2013 is identical to G3016-S-SLE-2013 but kept for subsequent analysis
NOTE: G2315-S-SLE-2012 is identical to G636-S-SLE-2009 but kept for subsequent analysis
NOTE: G3248-S-SLE-2013 is identical to G3151-S-SLE-2013 but kept for subsequent analysis
NOTE: G3234-S-SLE-2013 is identical to G1529-S-SLE-2011 but kept for subsequent analysis
NOTE: LASV979-S-NIG-2009 is identical to ISTH0009-S-NIG-2011 but kept for subsequent analysis
NOTE: LASV246-S-NIG-2010 is identical to LASV975-S-NIG-2009 but kept for subsequent analysis
NOTE: ISTH2334-S-NIG-2012 is identical to ISTH1064-S-NIG-2011 but kept for subsequent analysis
NOTE: ISTH2010-S-NIG-2012 is identical to LASV1011-S-NIG-2009 but kept for subsequent analysis
NOTE: LASV971-S-NIG-2009 is identical to LASV256-S-NIG-2010 but kept for subsequent analysis
NOTE: ISTH2376-S-NIG-2012 is identical to ISTH2031-S-NIG-2012 but kept for subsequent analysis
NOTE: ISTH2046-S-NIG-2012 is identical to LASV993-S-NIG-2009 but kept for subsequent analysis
NOTE: LASV242-S-NIG-2010 is identical to LASV003-S-NIG-2008 but kept for subsequent analysis
NOTE: ISTH1003-S-NIG-2011 is identical to LASV990-S-NIG-2009 but kept for subsequent analysis
NOTE: LASV1015-S-NIG-2009 is identical to LASV250-S-NIG-2011 but kept for subsequent analysis
NOTE: ISTH2066-S-NIG-2012 is identical to ISTH2065-S-NIG-2012 but kept for subsequent analysis
NOTE: 44 identical sequences (see below) will be ignored for subsequent analysis
NOTE: G1646-S-SLE-2011 (identical to G1180-S-SLE-2010) is ignored but added at the end
NOTE: G771-S-SLE-2010 (identical to G610-S-SLE-2009) is ignored but added at the end
NOTE: G1792-S-SLE-2011 (identical to G610-S-SLE-2009) is ignored but added at the end
NOTE: G1960-S-SLE-2011 (identical to G610-S-SLE-2009) is ignored but added at the end
NOTE: G2565-S-SLE-2012 (identical to G610-S-SLE-2009) is ignored but added at the end
NOTE: G3148-S-SLE-2013 (identical to G2944-S-SLE-2012) is ignored but added at the end
NOTE: G1727-S-SLE-2011 (identical to G2944-S-SLE-2012) is ignored but added at the end
NOTE: G2587-S-SLE-2012 (identical to G1647-S-SLE-2011) is ignored but added at the end
NOTE: G2612-S-SLE-2012 (identical to G3016-S-SLE-2013) is ignored but added at the end
NOTE: G2903-S-SLE-2012 (identical to G636-S-SLE-2009) is ignored but added at the end
NOTE: G3170-S-SLE-2013 (identical to G3151-S-SLE-2013) is ignored but added at the end
NOTE: G2363-S-SLE-2012 (identical to G1529-S-SLE-2011) is ignored but added at the end
NOTE: LASV711-S-NIG-2009 (identical to ISTH0009-S-NIG-2011) is ignored but added at the end
NOTE: LASV992-S-NIG-2009 (identical to ISTH0009-S-NIG-2011) is ignored but added at the end
NOTE: ISTH0230-S-NIG-2011 (identical to ISTH0009-S-NIG-2011) is ignored but added at the end
NOTE: ISTH2016-S-NIG-2012 (identical to LASV1011-S-NIG-2009) is ignored but added at the end
NOTE: Nig08-A37-S-NIG-2008 (identical to LASV1011-S-NIG-2009) is ignored but added at the end
NOTE: LASV737-S-NIG-2009 (identical to LASV1011-S-NIG-2009) is ignored but added at the end
NOTE: LASV719-S-NIG-2009 (identical to LASV1011-S-NIG-2009) is ignored but added at the end
NOTE: LASV046-S-NIG-2009 (identical to LASV1011-S-NIG-2009) is ignored but added at the end
NOTE: ISTH2042-S-NIG-2012 (identical to LASV1011-S-NIG-2009) is ignored but added at the end
NOTE: LASV274-S-NIG-2010 (identical to LASV1011-S-NIG-2009) is ignored but added at the end
NOTE: ISTH1137-S-NIG-2011 (identical to LASV1011-S-NIG-2009) is ignored but added at the end
NOTE: ISTH2057-S-NIG-2012 (identical to LASV1011-S-NIG-2009) is ignored but added at the end
NOTE: LASV056-S-NIG-2008 (identical to LASV1011-S-NIG-2009) is ignored but added at the end
NOTE: LASV042-S-NIG-2009 (identical to LASV1011-S-NIG-2009) is ignored but added at the end
NOTE: ISTH1096-S-NIG-2012 (identical to LASV1011-S-NIG-2009) is ignored but added at the end
NOTE: LASV221-S-NIG-2010 (identical to LASV1011-S-NIG-2009) is ignored but added at the end
NOTE: LASV977-S-NIG-2009 (identical to LASV1011-S-NIG-2009) is ignored but added at the end
NOTE: LASV967-S-NIG-2009 (identical to LASV1011-S-NIG-2009) is ignored but added at the end
NOTE: ISTH2050-S-NIG-2012 (identical to LASV1011-S-NIG-2009) is ignored but added at the end
NOTE: LASV239-S-NIG-2010 (identical to LASV1011-S-NIG-2009) is ignored but added at the end
NOTE: ISTH1058-S-NIG-2011 (identical to LASV1011-S-NIG-2009) is ignored but added at the end
NOTE: Nig08-A47-S-NIG-2008 (identical to LASV1011-S-NIG-2009) is ignored but added at the end
NOTE: ISTH0012-S-NIG-2011 (identical to LASV1011-S-NIG-2009) is ignored but added at the end
NOTE: LASV1008-S-NIG-2009 (identical to LASV1011-S-NIG-2009) is ignored but added at the end
NOTE: LASV989-S-NIG-2009 (identical to LASV1011-S-NIG-2009) is ignored but added at the end
NOTE: LASV253-S-NIG-2011 (identical to LASV003-S-NIG-2008) is ignored but added at the end
NOTE: LASV982-S-NIG-2009 (identical to LASV003-S-NIG-2008) is ignored but added at the end
NOTE: ISTH0073-S-NIG-2011 (identical to LASV990-S-NIG-2009) is ignored but added at the end
NOTE: ISTH1048-S-NIG-2011 (identical to LASV990-S-NIG-2009) is ignored but added at the end
NOTE: LASV045-S-NIG-2009 (identical to LASV990-S-NIG-2009) is ignored but added at the end
NOTE: ISTH2025-S-NIG-2012 (identical to LASV990-S-NIG-2009) is ignored but added at the end
NOTE: LASV035-S-NIG-2009 (identical to LASV990-S-NIG-2009) is ignored but added at the end

For your convenience alignment with unique sequences printed to /csm_data/spielman_lab/aa_phylo_fit_topology//simulations/alignments/1R6M_andersen_rep1_AA.fasta.uniqueseq.phy
WARNING: States(s) W rarely appear in alignment and may cause numerical problems

Create initial parsimony tree by phylogenetic likelihood library (PLL)... 0.011 seconds
Generating 1000 samples for ultrafast bootstrap (seed: 920549)...

NOTE: 3 MB RAM (0 GB) is required!
Measuring multi-threading efficiency up to 8 CPU cores
Increase to 10 rounds for branch lengths
101 trees examined
Threads: 1 / Time: 8.028 sec / Speedup: 1.000 / Efficiency: 100% / LogL: -9429
Threads: 2 / Time: 6.310 sec / Speedup: 1.272 / Efficiency: 64% / LogL: -9429
Threads: 3 / Time: 4.324 sec / Speedup: 1.857 / Efficiency: 62% / LogL: -9429
Threads: 4 / Time: 5.305 sec / Speedup: 1.513 / Efficiency: 38% / LogL: -9429
BEST NUMBER OF THREADS: 3

Estimate model parameters (epsilon = 0.100)
1. Initial log-likelihood: -2525.246
Optimal log-likelihood: -2385.661
Parameters optimization took 1 rounds (0.021 sec)
Computing ML distances based on estimated model parameters... 1.082 sec
Computing BIONJ tree...
0.013 seconds
Log-likelihood of BIONJ tree: -2378.905
--------------------------------------------------------------------
|             INITIALIZING CANDIDATE TREE SET                      |
--------------------------------------------------------------------
Generating 98 parsimony trees... 1.544 second
Computing log-likelihood of 98 initial trees ... 1.734 seconds
Current best score: -2376.363

Do NNI search on 20 best initial trees
Estimate model parameters (epsilon = 0.100)
BETTER TREE FOUND at iteration 1: -2376.252
Estimate model parameters (epsilon = 0.100)
BETTER TREE FOUND at iteration 2: -2375.015
Estimate model parameters (epsilon = 0.100)
BETTER TREE FOUND at iteration 4: -2373.979
Iteration 10 / LogL: -2377.204 / Time: 0h:0m:33s
Estimate model parameters (epsilon = 0.100)
BETTER TREE FOUND at iteration 18: -2373.910
Iteration 20 / LogL: -2380.499 / Time: 0h:0m:36s
Finish initializing candidate tree set (20)
Current best tree score: -2373.910 / CPU time: 9.707
Number of iterations: 20
--------------------------------------------------------------------
|               OPTIMIZING CANDIDATE TREE SET                      |
--------------------------------------------------------------------
Iteration 30 / LogL: -2382.633 / Time: 0h:0m:39s (0h:1m:50s left)
Iteration 40 / LogL: -2373.980 / Time: 0h:0m:41s (0h:1m:17s left)
Iteration 50 / LogL: -2373.980 / Time: 0h:0m:43s (0h:0m:56s left)
Log-likelihood cutoff on original alignment: -2402.438
Iteration 60 / LogL: -2397.607 / Time: 0h:0m:46s (0h:0m:42s left)
Iteration 70 / LogL: -2373.911 / Time: 0h:0m:48s (0h:0m:31s left)
Iteration 80 / LogL: -2373.946 / Time: 0h:0m:51s (0h:0m:23s left)
Iteration 90 / LogL: -2373.912 / Time: 0h:0m:53s (0h:0m:15s left)
Iteration 100 / LogL: -2386.667 / Time: 0h:0m:55s (0h:0m:9s left)
Log-likelihood cutoff on original alignment: -2402.868
NOTE: Bootstrap correlation coefficient of split occurrence frequencies: 0.997
Estimate model parameters (epsilon = 0.100)
BETTER TREE FOUND at iteration 105: -2373.896
Iteration 110 / LogL: -2381.931 / Time: 0h:0m:59s (0h:0m:48s left)
BETTER TREE FOUND at iteration 113: -2373.896
Iteration 120 / LogL: -2375.231 / Time: 0h:1m:1s (0h:0m:46s left)
Iteration 130 / LogL: -2373.897 / Time: 0h:1m:4s (0h:0m:39s left)
Iteration 140 / LogL: -2373.898 / Time: 0h:1m:7s (0h:0m:33s left)
Iteration 150 / LogL: -2378.009 / Time: 0h:1m:10s (0h:0m:28s left)
Log-likelihood cutoff on original alignment: -2402.920
Iteration 160 / LogL: -2373.897 / Time: 0h:1m:13s (0h:0m:23s left)
Iteration 170 / LogL: -2381.179 / Time: 0h:1m:16s (0h:0m:18s left)
BETTER TREE FOUND at iteration 173: -2373.896
Iteration 180 / LogL: -2380.254 / Time: 0h:1m:19s (0h:0m:39s left)
Iteration 190 / LogL: -2376.170 / Time: 0h:1m:22s (0h:0m:34s left)
Iteration 200 / LogL: -2373.897 / Time: 0h:1m:25s (0h:0m:30s left)
Log-likelihood cutoff on original alignment: -2403.577
NOTE: Bootstrap correlation coefficient of split occurrence frequencies: 0.989
NOTE: UFBoot does not converge, continue at least 100 more iterations
Iteration 210 / LogL: -2375.395 / Time: 0h:1m:29s (0h:0m:37s left)
Iteration 220 / LogL: -2373.897 / Time: 0h:1m:32s (0h:0m:32s left)
Iteration 230 / LogL: -2373.897 / Time: 0h:1m:35s (0h:0m:28s left)
Iteration 240 / LogL: -2375.637 / Time: 0h:1m:38s (0h:0m:24s left)
BETTER TREE FOUND at iteration 243: -2373.896
Iteration 250 / LogL: -2373.897 / Time: 0h:1m:42s (0h:0m:37s left)
Log-likelihood cutoff on original alignment: -2404.065
Iteration 260 / LogL: -2373.898 / Time: 0h:1m:45s (0h:0m:32s left)
Iteration 270 / LogL: -2375.395 / Time: 0h:1m:49s (0h:0m:28s left)
Estimate model parameters (epsilon = 0.100)
BETTER TREE FOUND at iteration 275: -2370.695
Iteration 280 / LogL: -2370.695 / Time: 0h:1m:52s (0h:0m:37s left)
Iteration 290 / LogL: -2370.696 / Time: 0h:1m:55s (0h:0m:33s left)
Iteration 300 / LogL: -2372.543 / Time: 0h:1m:59s (0h:0m:29s left)
Log-likelihood cutoff on original alignment: -2404.065
NOTE: Bootstrap correlation coefficient of split occurrence frequencies: 0.992
Estimate model parameters (epsilon = 0.100)
BETTER TREE FOUND at iteration 304: -2370.626
Iteration 310 / LogL: -2370.696 / Time: 0h:2m:3s (0h:0m:36s left)
Iteration 320 / LogL: -2370.695 / Time: 0h:2m:6s (0h:0m:32s left)
Estimate model parameters (epsilon = 0.100)
BETTER TREE FOUND at iteration 322: -2370.612
BETTER TREE FOUND at iteration 324: -2370.611
Iteration 330 / LogL: -2370.696 / Time: 0h:2m:10s (0h:0m:36s left)
BETTER TREE FOUND at iteration 336: -2370.611
Iteration 340 / LogL: -2375.802 / Time: 0h:2m:13s (0h:0m:37s left)
Iteration 350 / LogL: -2370.626 / Time: 0h:2m:17s (0h:0m:33s left)
Log-likelihood cutoff on original alignment: -2403.245
Iteration 360 / LogL: -2371.984 / Time: 0h:2m:21s (0h:0m:29s left)
BETTER TREE FOUND at iteration 365: -2370.611
BETTER TREE FOUND at iteration 368: -2370.611
Iteration 370 / LogL: -2370.615 / Time: 0h:2m:25s (0h:0m:37s left)
Iteration 380 / LogL: -2381.384 / Time: 0h:2m:29s (0h:0m:34s left)
Iteration 390 / LogL: -2370.612 / Time: 0h:2m:33s (0h:0m:30s left)
Iteration 400 / LogL: -2380.924 / Time: 0h:2m:36s (0h:0m:26s left)
Log-likelihood cutoff on original alignment: -2402.920
NOTE: Bootstrap correlation coefficient of split occurrence frequencies: 0.985
NOTE: UFBoot does not converge, continue at least 100 more iterations
Iteration 410 / LogL: -2372.883 / Time: 0h:2m:41s (0h:0m:34s left)
Iteration 420 / LogL: -2371.072 / Time: 0h:2m:45s (0h:0m:31s left)
Iteration 430 / LogL: -2370.611 / Time: 0h:2m:49s (0h:0m:27s left)
Iteration 440 / LogL: -2399.236 / Time: 0h:2m:52s (0h:0m:23s left)
BETTER TREE FOUND at iteration 450: -2370.611
Iteration 450 / LogL: -2370.611 / Time: 0h:2m:56s (0h:0m:38s left)
Log-likelihood cutoff on original alignment: -2402.920
Iteration 460 / LogL: -2370.612 / Time: 0h:3m:1s (0h:0m:34s left)
BETTER TREE FOUND at iteration 463: -2370.611
BETTER TREE FOUND at iteration 467: -2370.610
Iteration 470 / LogL: -2383.488 / Time: 0h:3m:5s (0h:0m:37s left)
Iteration 480 / LogL: -2378.040 / Time: 0h:3m:9s (0h:0m:33s left)
Iteration 490 / LogL: -2380.168 / Time: 0h:3m:13s (0h:0m:30s left)
Iteration 500 / LogL: -2372.458 / Time: 0h:3m:17s (0h:0m:26s left)
Log-likelihood cutoff on original alignment: -2402.920
NOTE: Bootstrap correlation coefficient of split occurrence frequencies: 0.985
NOTE: UFBoot does not converge, continue at least 100 more iterations
BETTER TREE FOUND at iteration 506: -2370.610
Iteration 510 / LogL: -2374.791 / Time: 0h:3m:22s (0h:0m:37s left)
Iteration 520 / LogL: -2384.346 / Time: 0h:3m:27s (0h:0m:33s left)
Iteration 530 / LogL: -2370.610 / Time: 0h:3m:31s (0h:0m:30s left)
Iteration 540 / LogL: -2372.884 / Time: 0h:3m:35s (0h:0m:26s left)
Iteration 550 / LogL: -2372.476 / Time: 0h:3m:40s (0h:0m:22s left)
Log-likelihood cutoff on original alignment: -2402.920
Iteration 560 / LogL: -2375.340 / Time: 0h:3m:46s (0h:0m:18s left)
Iteration 570 / LogL: -2379.932 / Time: 0h:3m:50s (0h:0m:14s left)
Iteration 580 / LogL: -2370.610 / Time: 0h:3m:54s (0h:0m:10s left)
Iteration 590 / LogL: -2370.611 / Time: 0h:3m:59s (0h:0m:6s left)
Iteration 600 / LogL: -2370.610 / Time: 0h:4m:3s (0h:0m:2s left)
Log-likelihood cutoff on original alignment: -2403.378
NOTE: Bootstrap correlation coefficient of split occurrence frequencies: 0.988
NOTE: UFBoot does not converge, continue at least 100 more iterations
Iteration 610 / LogL: -2370.611 / Time: 0h:4m:8s (0h:0m:36s left)
Iteration 620 / LogL: -2375.341 / Time: 0h:4m:13s (0h:0m:32s left)
Iteration 630 / LogL: -2370.696 / Time: 0h:4m:18s (0h:0m:28s left)
Iteration 640 / LogL: -2376.212 / Time: 0h:4m:22s (0h:0m:24s left)
Iteration 650 / LogL: -2370.610 / Time: 0h:4m:27s (0h:0m:20s left)
Log-likelihood cutoff on original alignment: -2403.378
Iteration 660 / LogL: -2385.989 / Time: 0h:4m:32s (0h:0m:16s left)
Iteration 670 / LogL: -2370.611 / Time: 0h:4m:38s (0h:0m:12s left)
Iteration 680 / LogL: -2370.610 / Time: 0h:4m:43s (0h:0m:8s left)
Iteration 690 / LogL: -2370.610 / Time: 0h:4m:47s (0h:0m:4s left)
BETTER TREE FOUND at iteration 694: -2370.610
Iteration 700 / LogL: -2377.060 / Time: 0h:4m:52s (0h:0m:39s left)
Log-likelihood cutoff on original alignment: -2404.025
NOTE: Bootstrap correlation coefficient of split occurrence frequencies: 0.986
NOTE: UFBoot does not converge, continue at least 100 more iterations
Iteration 710 / LogL: -2375.342 / Time: 0h:4m:58s (0h:0m:37s left)
Iteration 720 / LogL: -2370.610 / Time: 0h:5m:3s (0h:0m:33s left)
BETTER TREE FOUND at iteration 727: -2370.610
Iteration 730 / LogL: -2370.695 / Time: 0h:5m:8s (0h:0m:40s left)
Iteration 740 / LogL: -2370.610 / Time: 0h:5m:12s (0h:0m:36s left)
Iteration 750 / LogL: -2372.465 / Time: 0h:5m:18s (0h:0m:32s left)
Log-likelihood cutoff on original alignment: -2404.226
Iteration 760 / LogL: -2378.647 / Time: 0h:5m:23s (0h:0m:28s left)
Iteration 770 / LogL: -2382.725 / Time: 0h:5m:28s (0h:0m:24s left)
Iteration 780 / LogL: -2377.059 / Time: 0h:5m:33s (0h:0m:19s left)
Iteration 790 / LogL: -2370.610 / Time: 0h:5m:39s (0h:0m:15s left)
Iteration 800 / LogL: -2378.125 / Time: 0h:5m:45s (0h:0m:11s left)
Log-likelihood cutoff on original alignment: -2404.226
NOTE: Bootstrap correlation coefficient of split occurrence frequencies: 0.986
NOTE: UFBoot does not converge, continue at least 100 more iterations
Iteration 810 / LogL: -2370.611 / Time: 0h:5m:51s (0h:0m:38s left)
Iteration 820 / LogL: -2370.610 / Time: 0h:5m:56s (0h:0m:34s left)
Iteration 830 / LogL: -2377.256 / Time: 0h:6m:2s (0h:0m:30s left)
Iteration 840 / LogL: -2385.276 / Time: 0h:6m:7s (0h:0m:26s left)
BETTER TREE FOUND at iteration 842: -2370.610
Iteration 850 / LogL: -2375.340 / Time: 0h:6m:12s (0h:0m:40s left)
Log-likelihood cutoff on original alignment: -2404.226
Iteration 860 / LogL: -2370.610 / Time: 0h:6m:18s (0h:0m:35s left)
Iteration 870 / LogL: -2371.718 / Time: 0h:6m:24s (0h:0m:31s left)
Iteration 880 / LogL: -2370.611 / Time: 0h:6m:30s (0h:0m:27s left)
Iteration 890 / LogL: -2370.611 / Time: 0h:6m:35s (0h:0m:22s left)
Iteration 900 / LogL: -2372.882 / Time: 0h:6m:42s (0h:0m:18s left)
Log-likelihood cutoff on original alignment: -2404.226
NOTE: Bootstrap correlation coefficient of split occurrence frequencies: 0.986
NOTE: UFBoot does not converge, continue at least 100 more iterations
Iteration 910 / LogL: -2372.457 / Time: 0h:6m:48s (0h:0m:40s left)
Iteration 920 / LogL: -2370.695 / Time: 0h:6m:54s (0h:0m:35s left)
Iteration 930 / LogL: -2375.962 / Time: 0h:6m:59s (0h:0m:31s left)
Iteration 940 / LogL: -2379.227 / Time: 0h:7m:5s (0h:0m:27s left)
Iteration 950 / LogL: -2370.611 / Time: 0h:7m:11s (0h:0m:22s left)
Log-likelihood cutoff on original alignment: -2404.226
Iteration 960 / LogL: -2385.715 / Time: 0h:7m:17s (0h:0m:18s left)
BETTER TREE FOUND at iteration 961: -2370.610
Iteration 970 / LogL: -2387.132 / Time: 0h:7m:23s (0h:0m:41s left)
Iteration 980 / LogL: -2371.810 / Time: 0h:7m:29s (0h:0m:36s left)
Iteration 990 / LogL: -2376.449 / Time: 0h:7m:35s (0h:0m:32s left)
Iteration 1000 / LogL: -2372.457 / Time: 0h:7m:42s (0h:0m:28s left)
Log-likelihood cutoff on original alignment: -2405.118
NOTE: Bootstrap correlation coefficient of split occurrence frequencies: 0.989
NOTE: UFBoot does not converge, continue at least 100 more iterations
TREE SEARCH COMPLETED AFTER 1001 ITERATIONS / Time: 0h:7m:43s

--------------------------------------------------------------------
|                    FINALIZING TREE SEARCH                        |
--------------------------------------------------------------------
Performs final model parameters optimization
Estimate model parameters (epsilon = 0.010)
1. Initial log-likelihood: -2370.610
Optimal log-likelihood: -2370.610
Parameters optimization took 1 rounds (0.010 sec)
BEST SCORE FOUND : -2370.610
WARNING: bootstrap analysis did not converge. You should rerun with higher number of iterations (-nm option)
Creating bootstrap support values...
Split supports printed to NEXUS file /csm_data/spielman_lab/aa_phylo_fit_topology//simulations/alignments/1R6M_andersen_rep1_AA.fasta.splits.nex
Total tree length: 1.277

Total number of iterations: 1001
CPU time used for tree search: 1214.507 sec (0h:20m:14s)
Wall-clock time used for tree search: 436.672 sec (0h:7m:16s)
Total CPU time used: 1354.451 sec (0h:22m:34s)
Total wall-clock time used: 464.638 sec (0h:7m:44s)

Computing bootstrap consensus tree...
Reading input file /csm_data/spielman_lab/aa_phylo_fit_topology//simulations/alignments/1R6M_andersen_rep1_AA.fasta.splits.nex...
135 taxa and 4165 splits.
Consensus tree written to /csm_data/spielman_lab/aa_phylo_fit_topology//simulations/alignments/1R6M_andersen_rep1_AA.fasta.contree
Reading input trees file /csm_data/spielman_lab/aa_phylo_fit_topology//simulations/alignments/1R6M_andersen_rep1_AA.fasta.contree
Log-likelihood of consensus tree: -2370.616

Analysis results written to: 
  IQ-TREE report:                /csm_data/spielman_lab/aa_phylo_fit_topology//simulations/alignments/1R6M_andersen_rep1_AA.fasta.iqtree
  Maximum-likelihood tree:       /csm_data/spielman_lab/aa_phylo_fit_topology//simulations/alignments/1R6M_andersen_rep1_AA.fasta.treefile
  Likelihood distances:          /csm_data/spielman_lab/aa_phylo_fit_topology//simulations/alignments/1R6M_andersen_rep1_AA.fasta.mldist

Ultrafast bootstrap approximation results written to:
  Split support values:          /csm_data/spielman_lab/aa_phylo_fit_topology//simulations/alignments/1R6M_andersen_rep1_AA.fasta.splits.nex
  Consensus tree:                /csm_data/spielman_lab/aa_phylo_fit_topology//simulations/alignments/1R6M_andersen_rep1_AA.fasta.contree
  Screen log file:               /csm_data/spielman_lab/aa_phylo_fit_topology//simulations/alignments/1R6M_andersen_rep1_AA.fasta.log

Date and Time: Sat Nov  2 02:16:25 2019
