IQ-TREE multicore version 1.6.7 for Linux 64-bit built Aug 23 2018
Developed by Bui Quang Minh, Nguyen Lam Tung, Olga Chernomor,
Heiko Schmidt, Dominik Schrempf, Michael Woodhams.

Host:    csm-gpu-001 (AVX2, FMA3, 62 GB RAM)
Command: iqtree -quiet -nt AUTO -ntmax 8 -m HIVw+F+I+G4 -s /csm_data/spielman_lab/aa_phylo_fit_topology//simulations/alignments/1R6M_opisthokonta_rep6_AA.fasta -st AA -redo -bb 1000
Seed:    493641 (Using SPRNG - Scalable Parallel Random Number Generator)
Time:    Fri Nov  1 22:14:52 2019
Kernel:  AVX+FMA - auto-detect threads (48 CPU cores detected)

Reading alignment file /csm_data/spielman_lab/aa_phylo_fit_topology//simulations/alignments/1R6M_opisthokonta_rep6_AA.fasta ... Fasta format detected
Alignment most likely contains protein sequences
Alignment has 70 sequences with 203 columns, 165 distinct patterns
120 parsimony-informative, 29 singleton sites, 54 constant sites
                                  Gap/Ambiguity  Composition  p-value
   1  Oscarella_carmela                   0.00%    passed    100.00%
   2  Oscarella_lobularis                 0.00%    passed    100.00%
   3  Leucetta_chagosensis                0.00%    passed     99.93%
   4  Sycon_raphanus                      0.00%    passed     99.52%
   5  Oopsacas_minuta                     0.00%    passed     99.66%
   6  Carteriospongia_foliascens          0.00%    passed     97.94%
   7  Amphimedon_queenslandica            0.00%    passed    100.00%
   8  Suberites_domuncula                 0.00%    passed    100.00%
   9  Lubomirskia_baicalensis             0.00%    passed    100.00%
  10  Ephydatia_muelleri                  0.00%    passed    100.00%
  11  Trichoplax_adhaerens                0.00%    passed     99.99%
  12  Nematostella_vectensis              0.00%    passed     99.54%
  13  Anemonia_viridis                    0.00%    passed     99.56%
  14  Aiptasia_pallida                    0.00%    passed     97.23%
  15  Metridium_senile                    0.00%    passed     99.45%
  16  Acropora_palmata                    0.00%    passed     99.88%
  17  Acropora_millepora                  0.00%    passed     99.85%
  18  Porites_astreoides                  0.00%    passed     99.55%
  19  Montastraea_faveolata               0.00%    passed     99.41%
  20  Cyanea_capillata                    0.00%    passed     99.99%
  21  Clytia_hemisphaerica                0.00%    passed    100.00%
  22  Podocoryna_carnea                   0.00%    passed    100.00%
  23  Hydractinia_echinata                0.00%    passed     99.98%
  24  Hydra_magnipapillata                0.00%    passed    100.00%
  25  Saccoglossus_kowalevskii            0.00%    passed     99.99%
  26  Ptychodera_flava                    0.00%    passed    100.00%
  27  Strongylocentrotus_purpuratus       0.00%    passed    100.00%
  28  Asterina_pectinifera                0.00%    passed    100.00%
  29  Branchiostoma_floridae              0.00%    passed    100.00%
  30  Petromyzon_marinus                  0.00%    passed    100.00%
  31  Gallus                              0.00%    passed    100.00%
  32  Ciona_intestinalis                  0.00%    passed    100.00%
  33  Halocynthia_roretzi                 0.00%    passed     99.99%
  34  Anoplodactylus_eroticus             0.00%    passed    100.00%
  35  Boophilus_microplus                 0.00%    passed     99.99%
  36  Daphnia_pulex                       0.00%    passed    100.00%
  37  Drosophila_melanogaster             0.00%    passed     99.79%
  38  Euperipatoides_kanangrensis         0.00%    passed     99.99%
  39  Echinoderes_horni                   0.00%    passed     99.99%
  40  Xiphinema_index                     0.00%    passed    100.00%
  41  Cerebratulus_lacteus                0.00%    passed    100.00%
  42  Terebratalia_transversa             0.00%    passed    100.00%
  43  Lottia_gigantea                     0.00%    passed    100.00%
  44  Crassostrea_virginica               0.00%    passed     99.99%
  45  Euprymna_scolopes                   0.00%    passed    100.00%
  46  Capitella_telata                    0.00%    passed    100.00%
  47  Helobdella_robusta                  0.00%    passed     99.95%
  48  Schmidtea_mediterranea              0.00%    passed     99.98%
  49  Paraplanocera_oligoglena            0.00%    passed    100.00%
  50  Xenoturbella_bocki                  0.00%    passed    100.00%
  51  Nemertoderma_westbladi              0.00%    passed     99.88%
  52  Meara_stichopi                      0.00%    passed     99.93%
  53  Isodiametra_pulchra                 0.00%    passed     94.59%
  54  Symsagittifera_roscoffensis         0.00%    passed     97.49%
  55  Convolutriloba_longifissura         0.00%    passed     97.78%
  56  Capsaspora_owczarzaki_ATCC_30864    0.00%    passed    100.00%
  57  Amoebidium_parasiticum              0.00%    passed     99.88%
  58  Sphaeroforma_arctica                0.00%    passed     99.99%
  59  Spizellomyces_punctatus             0.00%    passed     99.99%
  60  Batrachochytrium_dendrobatidis      0.00%    passed    100.00%
  61  Cryptococcus_neoformans             0.00%    passed     99.84%
  62  Saccharomyces_cerevisiae            0.00%    passed     98.49%
  63  Phycomyces_blakesleeanus            0.00%    passed    100.00%
  64  Rhizopus_orizae                     0.00%    passed     99.88%
  65  Monosiga_ovata                      0.00%    passed     99.20%
  66  Salpingoeca_rosetta                 0.00%    passed     99.98%
  67  Monosiga_brevicollis                0.00%    passed     98.23%
  68  Mnemiopsis                          0.00%    passed    100.00%
  69  Mertensiid_sp                       0.00%    passed    100.00%
  70  Pleurobrachia_pileus                0.00%    passed    100.00%
****  TOTAL                               0.00%  0 sequences failed composition chi2 test (p-value<5%; df=19)

Create initial parsimony tree by phylogenetic likelihood library (PLL)... 0.014 seconds
Generating 1000 samples for ultrafast bootstrap (seed: 493641)...

NOTE: 8 MB RAM (0 GB) is required!
Measuring multi-threading efficiency up to 8 CPU cores
Increase to 10 rounds for branch lengths
32 trees examined
Threads: 1 / Time: 8.200 sec / Speedup: 1.000 / Efficiency: 100% / LogL: -6997
Threads: 2 / Time: 4.642 sec / Speedup: 1.767 / Efficiency: 88% / LogL: -6997
Threads: 3 / Time: 4.106 sec / Speedup: 1.997 / Efficiency: 67% / LogL: -6997
Threads: 4 / Time: 3.366 sec / Speedup: 2.436 / Efficiency: 61% / LogL: -6997
Threads: 5 / Time: 3.442 sec / Speedup: 2.382 / Efficiency: 48% / LogL: -6997
BEST NUMBER OF THREADS: 4

Estimate model parameters (epsilon = 0.100)
Thoroughly optimizing +I+G parameters from 10 start values...
Init pinv, alpha: 0.000, 1.000 / Estimate: 0.000, 0.675 / LogL: -5525.959
Init pinv, alpha: 0.030, 1.000 / Estimate: 0.040, 0.744 / LogL: -5525.119
Init pinv, alpha: 0.059, 1.000 / Estimate: 0.075, 0.819 / LogL: -5524.432
Init pinv, alpha: 0.089, 1.000 / Estimate: 0.104, 0.893 / LogL: -5523.923
Init pinv, alpha: 0.118, 1.000 / Estimate: 0.128, 0.966 / LogL: -5523.559
Init pinv, alpha: 0.148, 1.000 / Estimate: 0.145, 1.024 / LogL: -5523.384
Init pinv, alpha: 0.177, 1.000 / Estimate: 0.157, 1.067 / LogL: -5523.318
Init pinv, alpha: 0.207, 1.000 / Estimate: 0.165, 1.099 / LogL: -5523.313
Init pinv, alpha: 0.236, 1.000 / Estimate: 0.171, 1.122 / LogL: -5523.338
Init pinv, alpha: 0.266, 1.000 / Estimate: 0.170, 1.117 / LogL: -5523.336
Optimal pinv,alpha: 0.165, 1.099 / LogL: -5523.313

Parameters optimization took 1.405 sec
Computing ML distances based on estimated model parameters... 1.034 sec
Computing BIONJ tree...
0.004 seconds
Log-likelihood of BIONJ tree: -5524.919
--------------------------------------------------------------------
|             INITIALIZING CANDIDATE TREE SET                      |
--------------------------------------------------------------------
Generating 98 parsimony trees... 1.427 second
Computing log-likelihood of 98 initial trees ... 2.623 seconds
Current best score: -5516.814

Do NNI search on 20 best initial trees
Estimate model parameters (epsilon = 0.100)
BETTER TREE FOUND at iteration 1: -5512.067
Estimate model parameters (epsilon = 0.100)
BETTER TREE FOUND at iteration 3: -5508.680
Iteration 10 / LogL: -5509.911 / Time: 0h:0m:34s
Iteration 20 / LogL: -5519.545 / Time: 0h:0m:38s
Finish initializing candidate tree set (18)
Current best tree score: -5508.680 / CPU time: 12.452
Number of iterations: 20
--------------------------------------------------------------------
|               OPTIMIZING CANDIDATE TREE SET                      |
--------------------------------------------------------------------
Iteration 30 / LogL: -5508.680 / Time: 0h:0m:43s (0h:1m:48s left)
Iteration 40 / LogL: -5509.213 / Time: 0h:0m:47s (0h:1m:16s left)
Iteration 50 / LogL: -5512.287 / Time: 0h:0m:52s (0h:0m:56s left)
Log-likelihood cutoff on original alignment: -5542.599
Iteration 60 / LogL: -5509.213 / Time: 0h:0m:58s (0h:0m:42s left)
Estimate model parameters (epsilon = 0.100)
BETTER TREE FOUND at iteration 62: -5508.469
Estimate model parameters (epsilon = 0.100)
BETTER TREE FOUND at iteration 69: -5508.438
Iteration 70 / LogL: -5508.468 / Time: 0h:1m:2s (0h:1m:29s left)
Iteration 80 / LogL: -5509.415 / Time: 0h:1m:9s (0h:1m:18s left)
Iteration 90 / LogL: -5509.204 / Time: 0h:1m:16s (0h:1m:7s left)
Iteration 100 / LogL: -5508.524 / Time: 0h:1m:21s (0h:0m:56s left)
Log-likelihood cutoff on original alignment: -5542.599
NOTE: Bootstrap correlation coefficient of split occurrence frequencies: 0.997
Iteration 110 / LogL: -5508.438 / Time: 0h:1m:26s (0h:1m:11s left)
Iteration 120 / LogL: -5511.199 / Time: 0h:1m:31s (0h:1m:1s left)
Iteration 130 / LogL: -5515.269 / Time: 0h:1m:36s (0h:0m:52s left)
Iteration 140 / LogL: -5508.468 / Time: 0h:1m:41s (0h:0m:43s left)
Iteration 150 / LogL: -5509.203 / Time: 0h:1m:46s (0h:0m:35s left)
Log-likelihood cutoff on original alignment: -5543.261
Iteration 160 / LogL: -5508.438 / Time: 0h:1m:52s (0h:0m:28s left)
Iteration 170 / LogL: -5509.658 / Time: 0h:1m:57s (0h:0m:20s left)
TREE SEARCH COMPLETED AFTER 170 ITERATIONS / Time: 0h:1m:57s

--------------------------------------------------------------------
|                    FINALIZING TREE SEARCH                        |
--------------------------------------------------------------------
Performs final model parameters optimization
Estimate model parameters (epsilon = 0.010)
1. Initial log-likelihood: -5508.438
Optimal log-likelihood: -5508.437
Proportion of invariable sites: 0.156
Gamma shape alpha: 1.039
Parameters optimization took 1 rounds (0.038 sec)
BEST SCORE FOUND : -5508.437
Creating bootstrap support values...
Split supports printed to NEXUS file /csm_data/spielman_lab/aa_phylo_fit_topology//simulations/alignments/1R6M_opisthokonta_rep6_AA.fasta.splits.nex
Total tree length: 5.422

Total number of iterations: 170
CPU time used for tree search: 361.176 sec (0h:6m:1s)
Wall-clock time used for tree search: 91.968 sec (0h:1m:31s)
Total CPU time used: 439.389 sec (0h:7m:19s)
Total wall-clock time used: 117.923 sec (0h:1m:57s)

Computing bootstrap consensus tree...
Reading input file /csm_data/spielman_lab/aa_phylo_fit_topology//simulations/alignments/1R6M_opisthokonta_rep6_AA.fasta.splits.nex...
70 taxa and 524 splits.
Consensus tree written to /csm_data/spielman_lab/aa_phylo_fit_topology//simulations/alignments/1R6M_opisthokonta_rep6_AA.fasta.contree
Reading input trees file /csm_data/spielman_lab/aa_phylo_fit_topology//simulations/alignments/1R6M_opisthokonta_rep6_AA.fasta.contree
Log-likelihood of consensus tree: -5509.414

Analysis results written to: 
  IQ-TREE report:                /csm_data/spielman_lab/aa_phylo_fit_topology//simulations/alignments/1R6M_opisthokonta_rep6_AA.fasta.iqtree
  Maximum-likelihood tree:       /csm_data/spielman_lab/aa_phylo_fit_topology//simulations/alignments/1R6M_opisthokonta_rep6_AA.fasta.treefile
  Likelihood distances:          /csm_data/spielman_lab/aa_phylo_fit_topology//simulations/alignments/1R6M_opisthokonta_rep6_AA.fasta.mldist

Ultrafast bootstrap approximation results written to:
  Split support values:          /csm_data/spielman_lab/aa_phylo_fit_topology//simulations/alignments/1R6M_opisthokonta_rep6_AA.fasta.splits.nex
  Consensus tree:                /csm_data/spielman_lab/aa_phylo_fit_topology//simulations/alignments/1R6M_opisthokonta_rep6_AA.fasta.contree
  Screen log file:               /csm_data/spielman_lab/aa_phylo_fit_topology//simulations/alignments/1R6M_opisthokonta_rep6_AA.fasta.log

Date and Time: Fri Nov  1 22:16:50 2019
