IQ-TREE multicore version 1.6.7 for Linux 64-bit built Aug 23 2018
Developed by Bui Quang Minh, Nguyen Lam Tung, Olga Chernomor,
Heiko Schmidt, Dominik Schrempf, Michael Woodhams.

Host:    csm-com-008 (AVX2, FMA3, 62 GB RAM)
Command: iqtree -quiet -nt AUTO -ntmax 8 -m mtART -s /csm_data/spielman_lab/aa_phylo_fit_topology//simulations/alignments/1R6M_salichos_rep1_AA.fasta -st AA -redo -bb 1000
Seed:    33731 (Using SPRNG - Scalable Parallel Random Number Generator)
Time:    Fri Nov  1 23:42:20 2019
Kernel:  AVX+FMA - auto-detect threads (48 CPU cores detected)

Reading alignment file /csm_data/spielman_lab/aa_phylo_fit_topology//simulations/alignments/1R6M_salichos_rep1_AA.fasta ... Fasta format detected
Alignment most likely contains protein sequences
Alignment has 23 sequences with 203 columns, 142 distinct patterns
87 parsimony-informative, 38 singleton sites, 78 constant sites
      Gap/Ambiguity  Composition  p-value
   1  Agos    0.00%    passed    100.00%
   2  Klac    0.00%    passed     99.92%
   3  Calb    0.00%    passed     99.83%
   4  Cdub    0.00%    passed     99.89%
   5  Ctro    0.00%    passed     99.85%
   6  Cpar    0.00%    passed     99.98%
   7  Lelo    0.00%    passed     99.99%
   8  Psti    0.00%    passed     99.69%
   9  Cgui    0.00%    passed    100.00%
  10  Dhan    0.00%    passed     99.99%
  11  Clus    0.00%    passed     99.71%
  12  Cgla    0.00%    passed    100.00%
  13  Sbay    0.00%    passed    100.00%
  14  Scer    0.00%    passed    100.00%
  15  Spar    0.00%    passed    100.00%
  16  Smik    0.00%    passed     99.98%
  17  Skud    0.00%    passed    100.00%
  18  Scas    0.00%    passed     99.99%
  19  Kpol    0.00%    passed    100.00%
  20  Zrou    0.00%    passed     99.81%
  21  Kthe    0.00%    passed     99.94%
  22  Kwal    0.00%    passed     99.97%
  23  Sklu    0.00%    passed    100.00%
****  TOTAL    0.00%  0 sequences failed composition chi2 test (p-value<5%; df=18)
NOTE: State(s) W not present in alignment and thus removed from Markov process to prevent numerical problems
NOTE: 1 states (see above) are not present and thus removed from Markov process to prevent numerical problems

Create initial parsimony tree by phylogenetic likelihood library (PLL)... 0.001 seconds
Generating 1000 samples for ultrafast bootstrap (seed: 33731)...

NOTE: 1 MB RAM (0 GB) is required!
Measuring multi-threading efficiency up to 8 CPU cores
Increase to 10 rounds for branch lengths
611 trees examined
Threads: 1 / Time: 8.009 sec / Speedup: 1.000 / Efficiency: 100% / LogL: -4474
Threads: 2 / Time: 5.217 sec / Speedup: 1.535 / Efficiency: 77% / LogL: -4474
Threads: 3 / Time: 5.140 sec / Speedup: 1.558 / Efficiency: 52% / LogL: -4474
Threads: 4 / Time: 4.991 sec / Speedup: 1.605 / Efficiency: 40% / LogL: -4474
BEST NUMBER OF THREADS: 2

Estimate model parameters (epsilon = 0.100)
1. Initial log-likelihood: -3087.681
Optimal log-likelihood: -3076.266
Parameters optimization took 1 rounds (0.004 sec)
Computing ML distances based on estimated model parameters... 0.085 sec
Computing BIONJ tree...
0.002 seconds
Log-likelihood of BIONJ tree: -3088.127
--------------------------------------------------------------------
|             INITIALIZING CANDIDATE TREE SET                      |
--------------------------------------------------------------------
Generating 98 parsimony trees... 0.158 second
Computing log-likelihood of 98 initial trees ... 0.292 seconds
Current best score: -3076.266

Do NNI search on 20 best initial trees
Estimate model parameters (epsilon = 0.100)
BETTER TREE FOUND at iteration 1: -3074.748
Estimate model parameters (epsilon = 0.100)
BETTER TREE FOUND at iteration 5: -3074.690
Iteration 10 / LogL: -3074.755 / Time: 0h:0m:24s
Iteration 20 / LogL: -3076.111 / Time: 0h:0m:24s
Finish initializing candidate tree set (6)
Current best tree score: -3074.690 / CPU time: 0.843
Number of iterations: 20
--------------------------------------------------------------------
|               OPTIMIZING CANDIDATE TREE SET                      |
--------------------------------------------------------------------
Iteration 30 / LogL: -3074.690 / Time: 0h:0m:24s (0h:1m:3s left)
Iteration 40 / LogL: -3076.117 / Time: 0h:0m:25s (0h:0m:41s left)
UPDATE BEST LOG-LIKELIHOOD: -3074.690
Iteration 50 / LogL: -3077.561 / Time: 0h:0m:25s (0h:0m:28s left)
Log-likelihood cutoff on original alignment: -3121.482
Iteration 60 / LogL: -3074.691 / Time: 0h:0m:25s (0h:0m:19s left)
UPDATE BEST LOG-LIKELIHOOD: -3074.690
Iteration 70 / LogL: -3074.922 / Time: 0h:0m:26s (0h:0m:13s left)
Iteration 80 / LogL: -3074.690 / Time: 0h:0m:26s (0h:0m:8s left)
Iteration 90 / LogL: -3074.863 / Time: 0h:0m:26s (0h:0m:4s left)
Iteration 100 / LogL: -3082.265 / Time: 0h:0m:27s (0h:0m:1s left)
Log-likelihood cutoff on original alignment: -3121.482
NOTE: Bootstrap correlation coefficient of split occurrence frequencies: 0.999
TREE SEARCH COMPLETED AFTER 106 ITERATIONS / Time: 0h:0m:27s

--------------------------------------------------------------------
|                    FINALIZING TREE SEARCH                        |
--------------------------------------------------------------------
Performs final model parameters optimization
Estimate model parameters (epsilon = 0.010)
1. Initial log-likelihood: -3074.690
Optimal log-likelihood: -3074.690
Parameters optimization took 1 rounds (0.002 sec)
BEST SCORE FOUND : -3074.690
Creating bootstrap support values...
Split supports printed to NEXUS file /csm_data/spielman_lab/aa_phylo_fit_topology//simulations/alignments/1R6M_salichos_rep1_AA.fasta.splits.nex
Total tree length: 2.156

Total number of iterations: 106
CPU time used for tree search: 8.166 sec (0h:0m:8s)
Wall-clock time used for tree search: 3.951 sec (0h:0m:3s)
Total CPU time used: 66.852 sec (0h:1m:6s)
Total wall-clock time used: 27.548 sec (0h:0m:27s)

Computing bootstrap consensus tree...
Reading input file /csm_data/spielman_lab/aa_phylo_fit_topology//simulations/alignments/1R6M_salichos_rep1_AA.fasta.splits.nex...
23 taxa and 134 splits.
Consensus tree written to /csm_data/spielman_lab/aa_phylo_fit_topology//simulations/alignments/1R6M_salichos_rep1_AA.fasta.contree
Reading input trees file /csm_data/spielman_lab/aa_phylo_fit_topology//simulations/alignments/1R6M_salichos_rep1_AA.fasta.contree
Log-likelihood of consensus tree: -3074.690

Analysis results written to: 
  IQ-TREE report:                /csm_data/spielman_lab/aa_phylo_fit_topology//simulations/alignments/1R6M_salichos_rep1_AA.fasta.iqtree
  Maximum-likelihood tree:       /csm_data/spielman_lab/aa_phylo_fit_topology//simulations/alignments/1R6M_salichos_rep1_AA.fasta.treefile
  Likelihood distances:          /csm_data/spielman_lab/aa_phylo_fit_topology//simulations/alignments/1R6M_salichos_rep1_AA.fasta.mldist

Ultrafast bootstrap approximation results written to:
  Split support values:          /csm_data/spielman_lab/aa_phylo_fit_topology//simulations/alignments/1R6M_salichos_rep1_AA.fasta.splits.nex
  Consensus tree:                /csm_data/spielman_lab/aa_phylo_fit_topology//simulations/alignments/1R6M_salichos_rep1_AA.fasta.contree
  Screen log file:               /csm_data/spielman_lab/aa_phylo_fit_topology//simulations/alignments/1R6M_salichos_rep1_AA.fasta.log

Date and Time: Fri Nov  1 23:42:47 2019
