IQ-TREE multicore version 1.6.7 for Linux 64-bit built Aug 23 2018
Developed by Bui Quang Minh, Nguyen Lam Tung, Olga Chernomor,
Heiko Schmidt, Dominik Schrempf, Michael Woodhams.

Host:    csm-com-009 (AVX2, FMA3, 62 GB RAM)
Command: iqtree -quiet -nt AUTO -ntmax 8 -m JTT -s /csm_data/spielman_lab/aa_phylo_fit_topology//simulations/alignments/1R6M_opisthokonta_rep4_AA.fasta -st AA -redo -bb 1000
Seed:    620068 (Using SPRNG - Scalable Parallel Random Number Generator)
Time:    Fri Nov  1 21:35:17 2019
Kernel:  AVX+FMA - auto-detect threads (48 CPU cores detected)

Reading alignment file /csm_data/spielman_lab/aa_phylo_fit_topology//simulations/alignments/1R6M_opisthokonta_rep4_AA.fasta ... Fasta format detected
Alignment most likely contains protein sequences
Alignment has 70 sequences with 203 columns, 159 distinct patterns
112 parsimony-informative, 31 singleton sites, 60 constant sites
                                  Gap/Ambiguity  Composition  p-value
   1  Oscarella_carmela                   0.00%    passed    100.00%
   2  Oscarella_lobularis                 0.00%    passed     99.99%
   3  Leucetta_chagosensis                0.00%    passed    100.00%
   4  Sycon_raphanus                      0.00%    passed    100.00%
   5  Oopsacas_minuta                     0.00%    passed     99.73%
   6  Carteriospongia_foliascens          0.00%    passed     99.98%
   7  Amphimedon_queenslandica            0.00%    passed    100.00%
   8  Suberites_domuncula                 0.00%    passed    100.00%
   9  Lubomirskia_baicalensis             0.00%    passed     99.82%
  10  Ephydatia_muelleri                  0.00%    passed     99.87%
  11  Trichoplax_adhaerens                0.00%    passed    100.00%
  12  Nematostella_vectensis              0.00%    passed    100.00%
  13  Anemonia_viridis                    0.00%    passed    100.00%
  14  Aiptasia_pallida                    0.00%    passed    100.00%
  15  Metridium_senile                    0.00%    passed    100.00%
  16  Acropora_palmata                    0.00%    passed    100.00%
  17  Acropora_millepora                  0.00%    passed    100.00%
  18  Porites_astreoides                  0.00%    passed    100.00%
  19  Montastraea_faveolata               0.00%    passed    100.00%
  20  Cyanea_capillata                    0.00%    passed    100.00%
  21  Clytia_hemisphaerica                0.00%    passed    100.00%
  22  Podocoryna_carnea                   0.00%    passed    100.00%
  23  Hydractinia_echinata                0.00%    passed     99.98%
  24  Hydra_magnipapillata                0.00%    passed    100.00%
  25  Saccoglossus_kowalevskii            0.00%    passed    100.00%
  26  Ptychodera_flava                    0.00%    passed    100.00%
  27  Strongylocentrotus_purpuratus       0.00%    passed    100.00%
  28  Asterina_pectinifera                0.00%    passed    100.00%
  29  Branchiostoma_floridae              0.00%    passed    100.00%
  30  Petromyzon_marinus                  0.00%    passed    100.00%
  31  Gallus                              0.00%    passed    100.00%
  32  Ciona_intestinalis                  0.00%    passed    100.00%
  33  Halocynthia_roretzi                 0.00%    passed     99.99%
  34  Anoplodactylus_eroticus             0.00%    passed     99.97%
  35  Boophilus_microplus                 0.00%    passed    100.00%
  36  Daphnia_pulex                       0.00%    passed    100.00%
  37  Drosophila_melanogaster             0.00%    passed     99.97%
  38  Euperipatoides_kanangrensis         0.00%    passed    100.00%
  39  Echinoderes_horni                   0.00%    passed    100.00%
  40  Xiphinema_index                     0.00%    passed    100.00%
  41  Cerebratulus_lacteus                0.00%    passed    100.00%
  42  Terebratalia_transversa             0.00%    passed    100.00%
  43  Lottia_gigantea                     0.00%    passed    100.00%
  44  Crassostrea_virginica               0.00%    passed    100.00%
  45  Euprymna_scolopes                   0.00%    passed    100.00%
  46  Capitella_telata                    0.00%    passed    100.00%
  47  Helobdella_robusta                  0.00%    passed    100.00%
  48  Schmidtea_mediterranea              0.00%    passed    100.00%
  49  Paraplanocera_oligoglena            0.00%    passed    100.00%
  50  Xenoturbella_bocki                  0.00%    passed    100.00%
  51  Nemertoderma_westbladi              0.00%    passed    100.00%
  52  Meara_stichopi                      0.00%    passed     99.99%
  53  Isodiametra_pulchra                 0.00%    passed    100.00%
  54  Symsagittifera_roscoffensis         0.00%    passed    100.00%
  55  Convolutriloba_longifissura         0.00%    passed    100.00%
  56  Capsaspora_owczarzaki_ATCC_30864    0.00%    passed     99.99%
  57  Amoebidium_parasiticum              0.00%    passed    100.00%
  58  Sphaeroforma_arctica                0.00%    passed    100.00%
  59  Spizellomyces_punctatus             0.00%    passed     99.35%
  60  Batrachochytrium_dendrobatidis      0.00%    passed    100.00%
  61  Cryptococcus_neoformans             0.00%    passed     99.99%
  62  Saccharomyces_cerevisiae            0.00%    passed     99.06%
  63  Phycomyces_blakesleeanus            0.00%    passed    100.00%
  64  Rhizopus_orizae                     0.00%    passed    100.00%
  65  Monosiga_ovata                      0.00%    passed    100.00%
  66  Salpingoeca_rosetta                 0.00%    passed    100.00%
  67  Monosiga_brevicollis                0.00%    passed     99.99%
  68  Mnemiopsis                          0.00%    passed     99.72%
  69  Mertensiid_sp                       0.00%    passed     99.76%
  70  Pleurobrachia_pileus                0.00%    passed     99.31%
****  TOTAL                               0.00%  0 sequences failed composition chi2 test (p-value<5%; df=19)

Create initial parsimony tree by phylogenetic likelihood library (PLL)... 0.011 seconds
Generating 1000 samples for ultrafast bootstrap (seed: 620068)...

NOTE: 2 MB RAM (0 GB) is required!
Measuring multi-threading efficiency up to 8 CPU cores
Increase to 10 rounds for branch lengths
209 trees examined
Threads: 1 / Time: 8.052 sec / Speedup: 1.000 / Efficiency: 100% / LogL: -7304
Threads: 2 / Time: 4.985 sec / Speedup: 1.615 / Efficiency: 81% / LogL: -7304
Threads: 3 / Time: 4.089 sec / Speedup: 1.969 / Efficiency: 66% / LogL: -7304
Threads: 4 / Time: 4.591 sec / Speedup: 1.754 / Efficiency: 44% / LogL: -7304
BEST NUMBER OF THREADS: 3

Estimate model parameters (epsilon = 0.100)
1. Initial log-likelihood: -5468.798
Optimal log-likelihood: -5442.005
Parameters optimization took 1 rounds (0.014 sec)
Computing ML distances based on estimated model parameters... 0.426 sec
Computing BIONJ tree...
0.004 seconds
Log-likelihood of BIONJ tree: -5432.143
--------------------------------------------------------------------
|             INITIALIZING CANDIDATE TREE SET                      |
--------------------------------------------------------------------
Generating 98 parsimony trees... 1.497 second
Computing log-likelihood of 98 initial trees ... 0.890 seconds
Current best score: -5420.500

Do NNI search on 20 best initial trees
Estimate model parameters (epsilon = 0.100)
BETTER TREE FOUND at iteration 1: -5413.636
Estimate model parameters (epsilon = 0.100)
BETTER TREE FOUND at iteration 4: -5411.849
Estimate model parameters (epsilon = 0.100)
BETTER TREE FOUND at iteration 8: -5411.688
Iteration 10 / LogL: -5420.201 / Time: 0h:0m:25s
Iteration 20 / LogL: -5418.835 / Time: 0h:0m:26s
Finish initializing candidate tree set (20)
Current best tree score: -5411.688 / CPU time: 4.379
Number of iterations: 20
--------------------------------------------------------------------
|               OPTIMIZING CANDIDATE TREE SET                      |
--------------------------------------------------------------------
Iteration 30 / LogL: -5430.379 / Time: 0h:0m:27s (0h:1m:14s left)
Estimate model parameters (epsilon = 0.100)
BETTER TREE FOUND at iteration 34: -5411.669
Estimate model parameters (epsilon = 0.100)
BETTER TREE FOUND at iteration 39: -5411.067
Iteration 40 / LogL: -5411.669 / Time: 0h:0m:28s (0h:1m:12s left)
Estimate model parameters (epsilon = 0.100)
BETTER TREE FOUND at iteration 42: -5409.755
Estimate model parameters (epsilon = 0.100)
BETTER TREE FOUND at iteration 46: -5409.136
Iteration 50 / LogL: -5416.767 / Time: 0h:0m:30s (0h:0m:58s left)
Log-likelihood cutoff on original alignment: -5451.448
UPDATE BEST LOG-LIKELIHOOD: -5409.135
Iteration 60 / LogL: -5420.900 / Time: 0h:0m:31s (0h:0m:45s left)
Estimate model parameters (epsilon = 0.100)
BETTER TREE FOUND at iteration 64: -5408.946
UPDATE BEST LOG-LIKELIHOOD: -5408.946
Iteration 70 / LogL: -5408.946 / Time: 0h:0m:33s (0h:0m:44s left)
Iteration 80 / LogL: -5409.135 / Time: 0h:0m:34s (0h:0m:36s left)
Iteration 90 / LogL: -5409.797 / Time: 0h:0m:35s (0h:0m:29s left)
Iteration 100 / LogL: -5411.091 / Time: 0h:0m:36s (0h:0m:23s left)
Log-likelihood cutoff on original alignment: -5452.201
NOTE: Bootstrap correlation coefficient of split occurrence frequencies: 0.995
UPDATE BEST LOG-LIKELIHOOD: -5408.946
BETTER TREE FOUND at iteration 110: -5408.946
Iteration 110 / LogL: -5408.946 / Time: 0h:0m:38s (0h:0m:35s left)
Iteration 120 / LogL: -5412.395 / Time: 0h:0m:39s (0h:0m:29s left)
Iteration 130 / LogL: -5408.951 / Time: 0h:0m:41s (0h:0m:25s left)
Iteration 140 / LogL: -5416.543 / Time: 0h:0m:42s (0h:0m:21s left)
Iteration 150 / LogL: -5409.135 / Time: 0h:0m:43s (0h:0m:17s left)
Log-likelihood cutoff on original alignment: -5452.201
BETTER TREE FOUND at iteration 155: -5408.946
Iteration 160 / LogL: -5408.948 / Time: 0h:0m:44s (0h:0m:26s left)
BETTER TREE FOUND at iteration 167: -5408.946
Iteration 170 / LogL: -5410.231 / Time: 0h:0m:46s (0h:0m:26s left)
Iteration 180 / LogL: -5409.797 / Time: 0h:0m:47s (0h:0m:22s left)
UPDATE BEST LOG-LIKELIHOOD: -5408.946
Iteration 190 / LogL: -5408.946 / Time: 0h:0m:48s (0h:0m:19s left)
Iteration 200 / LogL: -5409.425 / Time: 0h:0m:49s (0h:0m:16s left)
Log-likelihood cutoff on original alignment: -5451.448
NOTE: Bootstrap correlation coefficient of split occurrence frequencies: 0.997
Iteration 210 / LogL: -5430.371 / Time: 0h:0m:51s (0h:0m:22s left)
Iteration 220 / LogL: -5408.946 / Time: 0h:0m:52s (0h:0m:19s left)
Iteration 230 / LogL: -5428.082 / Time: 0h:0m:53s (0h:0m:16s left)
UPDATE BEST LOG-LIKELIHOOD: -5408.946
Iteration 240 / LogL: -5411.734 / Time: 0h:0m:55s (0h:0m:13s left)
Iteration 250 / LogL: -5410.227 / Time: 0h:0m:56s (0h:0m:11s left)
Log-likelihood cutoff on original alignment: -5451.448
Iteration 260 / LogL: -5408.953 / Time: 0h:0m:58s (0h:0m:8s left)
UPDATE BEST LOG-LIKELIHOOD: -5408.945
TREE SEARCH COMPLETED AFTER 268 ITERATIONS / Time: 0h:0m:59s

--------------------------------------------------------------------
|                    FINALIZING TREE SEARCH                        |
--------------------------------------------------------------------
Performs final model parameters optimization
Estimate model parameters (epsilon = 0.010)
1. Initial log-likelihood: -5408.945
Optimal log-likelihood: -5408.945
Parameters optimization took 1 rounds (0.006 sec)
BEST SCORE FOUND : -5408.945
Creating bootstrap support values...
Split supports printed to NEXUS file /csm_data/spielman_lab/aa_phylo_fit_topology//simulations/alignments/1R6M_opisthokonta_rep4_AA.fasta.splits.nex
Total tree length: 3.880

Total number of iterations: 268
CPU time used for tree search: 108.378 sec (0h:1m:48s)
Wall-clock time used for tree search: 37.319 sec (0h:0m:37s)
Total CPU time used: 163.940 sec (0h:2m:43s)
Total wall-clock time used: 59.629 sec (0h:0m:59s)

Computing bootstrap consensus tree...
Reading input file /csm_data/spielman_lab/aa_phylo_fit_topology//simulations/alignments/1R6M_opisthokonta_rep4_AA.fasta.splits.nex...
70 taxa and 719 splits.
Consensus tree written to /csm_data/spielman_lab/aa_phylo_fit_topology//simulations/alignments/1R6M_opisthokonta_rep4_AA.fasta.contree
Reading input trees file /csm_data/spielman_lab/aa_phylo_fit_topology//simulations/alignments/1R6M_opisthokonta_rep4_AA.fasta.contree
Log-likelihood of consensus tree: -5409.566

Analysis results written to: 
  IQ-TREE report:                /csm_data/spielman_lab/aa_phylo_fit_topology//simulations/alignments/1R6M_opisthokonta_rep4_AA.fasta.iqtree
  Maximum-likelihood tree:       /csm_data/spielman_lab/aa_phylo_fit_topology//simulations/alignments/1R6M_opisthokonta_rep4_AA.fasta.treefile
  Likelihood distances:          /csm_data/spielman_lab/aa_phylo_fit_topology//simulations/alignments/1R6M_opisthokonta_rep4_AA.fasta.mldist

Ultrafast bootstrap approximation results written to:
  Split support values:          /csm_data/spielman_lab/aa_phylo_fit_topology//simulations/alignments/1R6M_opisthokonta_rep4_AA.fasta.splits.nex
  Consensus tree:                /csm_data/spielman_lab/aa_phylo_fit_topology//simulations/alignments/1R6M_opisthokonta_rep4_AA.fasta.contree
  Screen log file:               /csm_data/spielman_lab/aa_phylo_fit_topology//simulations/alignments/1R6M_opisthokonta_rep4_AA.fasta.log

Date and Time: Fri Nov  1 21:36:17 2019
