IQ-TREE multicore version 1.6.7 for Linux 64-bit built Aug 23 2018
Developed by Bui Quang Minh, Nguyen Lam Tung, Olga Chernomor,
Heiko Schmidt, Dominik Schrempf, Michael Woodhams.

Host:    csm-com-007 (AVX2, FMA3, 62 GB RAM)
Command: iqtree -quiet -nt AUTO -ntmax 8 -m JTT+G4 -s /csm_data/spielman_lab/aa_phylo_fit_topology//simulations/alignments/1R6M_spiralia_rep9_AA.fasta -st AA -redo -bb 1000
Seed:    285097 (Using SPRNG - Scalable Parallel Random Number Generator)
Time:    Sat Nov  2 10:50:17 2019
Kernel:  AVX+FMA - auto-detect threads (48 CPU cores detected)

Reading alignment file /csm_data/spielman_lab/aa_phylo_fit_topology//simulations/alignments/1R6M_spiralia_rep9_AA.fasta ... Fasta format detected
Alignment most likely contains protein sequences
Alignment has 103 sequences with 203 columns, 172 distinct patterns
124 parsimony-informative, 34 singleton sites, 45 constant sites
                                Gap/Ambiguity  Composition  p-value
   1  Adineta_vaga                      0.00%    passed     92.52%
   2  Rotaria_rotatoria                 0.00%    passed     91.20%
   3  Lepadella_patella                 0.00%    passed     98.42%
   4  Brachionus_plicatilis             0.00%    passed     99.18%
   5  Brachionus_manjavacas             0.00%    passed     99.59%
   6  Rhabdopleura_compacta             0.00%    passed    100.00%
   7  Ptychodera_flava                  0.00%    passed    100.00%
   8  SchizocardiumCalif_cl             0.00%    passed    100.00%
   9  Sackow                            0.00%    passed    100.00%
  10  Patmin                            0.00%    passed     99.99%
  11  Parastichopus_parvimensis         0.00%    passed    100.00%
  12  Strpur                            0.00%    passed    100.00%
  13  Florometra_serratissima           0.00%    passed    100.00%
  14  Calmil                            0.00%    passed    100.00%
  15  HUMAN                             0.00%    passed    100.00%
  16  LATCH                             0.00%    passed    100.00%
  17  LEPOC                             0.00%    passed    100.00%
  18  Petromyzon_marins                 0.00%    passed    100.00%
  19  Halocynthia_roretzi               0.00%    passed    100.00%
  20  Molgula_tectiformis               0.00%    passed    100.00%
  21  CIOIN                             0.00%    passed    100.00%
  22  Asymmetron_lucayanum              0.00%    passed    100.00%
  23  BraLan                            0.00%    passed    100.00%
  24  Leucoselenia_complicata           0.00%    passed    100.00%
  25  Sycon_ciliatum                    0.00%    passed    100.00%
  26  Oscarella_carmella                0.00%    passed    100.00%
  27  AMPQE                             0.00%    passed    100.00%
  28  Ephidatia_mulleri                 0.00%    passed    100.00%
  29  NEMVE                             0.00%    passed    100.00%
  30  Acropora_digitifera               0.00%    passed    100.00%
  31  Aurelia_aurita                    0.00%    passed    100.00%
  32  Clytia_hemisphaerica              0.00%    passed    100.00%
  33  Isodiametra_pulchra               0.00%    passed    100.00%
  34  Childia_submaculatum              0.00%    passed    100.00%
  35  Diopisthoporus_gymnopharyngeus    0.00%    passed    100.00%
  36  Hofstenia_miamia                  0.00%    passed     99.94%
  37  Meara_stichopi                    0.00%    passed    100.00%
  38  Nemertoderma_westbladi            0.00%    passed    100.00%
  39  Xenoturbella_profunda             0.00%    passed    100.00%
  40  Xenoturbella_bocki                0.00%    passed    100.00%
  41  TRICA                             0.00%    passed    100.00%
  42  DROME                             0.00%    passed     99.97%
  43  Apis_mellifera                    0.00%    passed    100.00%
  44  Daphnia_pulex                     0.00%    passed    100.00%
  45  Eudigraphis_taiwaniensis          0.00%    passed    100.00%
  46  STRMM                             0.00%    passed    100.00%
  47  Mesobuthus_martensii              0.00%    passed    100.00%
  48  Limulus_polyphemus                0.00%    passed    100.00%
  49  Peripatopsis_capensis             0.00%    passed    100.00%
  50  Enoplus_brevis                    0.00%    passed    100.00%
  51  Romanomermis_culicivorax          0.00%    passed    100.00%
  52  Ramazzottius_varieornatus         0.00%    passed     99.72%
  53  Hypsibius_dujardini               0.00%    passed     99.98%
  54  Priapulus_caudatus                0.00%    passed    100.00%
  55  Halicryptus_spinulosus            0.00%    passed    100.00%
  56  Tubiluchus_corallicola            0.00%    passed    100.00%
  57  Lepidodermella_squamata           0.00%    passed     99.60%
  58  Diuronotus_aspetos                0.00%    passed     99.99%
  59  Macrodasys_sp                     0.00%    passed     99.99%
  60  Megadasys_sp                      0.00%    passed    100.00%
  61  Catenulida_sp                     0.00%    passed    100.00%
  62  Stylochoplana_maculata            0.00%    passed     99.99%
  63  Stylochus_ellipticus              0.00%    passed     99.91%
  64  Macrostomum_lignano               0.00%    passed     99.87%
  65  LOTGI                             0.00%    passed    100.00%
  66  Aplysia_californica               0.00%    passed    100.00%
  67  CRAGI                             0.00%    passed    100.00%
  68  Leptochiton_rugatus               0.00%    passed    100.00%
  69  Neomenia_megatrapezata            0.00%    passed    100.00%
  70  CAPI1                             0.00%    passed    100.00%
  71  Lumbricus_terrestris              0.00%    passed    100.00%
  72  Nephtys_caeca                     0.00%    passed    100.00%
  73  Owenia_fusiformis                 0.00%    passed    100.00%
  74  Lineus_longissimus                0.00%    passed     99.96%
  75  Paranemertes_peregrina            0.00%    passed    100.00%
  76  Malacobdella_grossa               0.00%    passed    100.00%
  77  Tubulanus_polymorphus             0.00%    passed    100.00%
  78  Cephalothrix_linearis             0.00%    passed    100.00%
  79  Hemithiris_psittacea              0.00%    passed    100.00%
  80  Terebratalia_transversa           0.00%    passed    100.00%
  81  Glottidia_pyramidata              0.00%    passed    100.00%
  82  Linana                            0.00%    passed    100.00%
  83  Phoronopsis_harmeri               0.00%    passed    100.00%
  84  Phoronis_vancouverensis           0.00%    passed    100.00%
  85  Phoronis_psammophila              0.00%    passed    100.00%
  86  Membranipora_membranacea          0.00%    passed    100.00%
  87  Bugula_neritina                   0.00%    passed    100.00%
  88  Loxosoma_pectinaricola            0.00%    passed    100.00%
  89  Barentsia_gracilis                0.00%    passed     99.99%
  90  Sagitta_gazellae                  0.00%    passed    100.00%
  91  Sagitta_setosa                    0.00%    passed    100.00%
  92  Pterosagitta_draco                0.00%    passed    100.00%
  93  Sagitta_elegans                   0.00%    passed    100.00%
  94  Sagitta_serratodentata            0.00%    passed    100.00%
  95  Sagitta_hexaptera                 0.00%    passed    100.00%
  96  Krohnitta_sp                      0.00%    passed    100.00%
  97  Paraspadella_ovovivipara          0.00%    passed    100.00%
  98  Pargo1                            0.00%    passed     99.99%
  99  Spadella_cephaloptera             0.00%    passed    100.00%
 100  Eukrohnia_hamata                  0.00%    passed    100.00%
 101  Gnathostomula_paradoxa            0.00%    passed     99.91%
 102  Austrognathia_sp                  0.00%    passed    100.00%
 103  Limnognathia_maerski              0.00%    passed     99.99%
****  TOTAL                             0.00%  0 sequences failed composition chi2 test (p-value<5%; df=18)
NOTE: State(s) W not present in alignment and thus removed from Markov process to prevent numerical problems
NOTE: 1 states (see above) are not present and thus removed from Markov process to prevent numerical problems

Create initial parsimony tree by phylogenetic likelihood library (PLL)... 0.031 seconds
Generating 1000 samples for ultrafast bootstrap (seed: 285097)...

NOTE: 12 MB RAM (0 GB) is required!
Measuring multi-threading efficiency up to 8 CPU cores
Increase to 10 rounds for branch lengths
27 trees examined
Threads: 1 / Time: 8.079 sec / Speedup: 1.000 / Efficiency: 100% / LogL: -8118
Threads: 2 / Time: 4.519 sec / Speedup: 1.788 / Efficiency: 89% / LogL: -8118
Threads: 3 / Time: 3.383 sec / Speedup: 2.389 / Efficiency: 80% / LogL: -8118
Threads: 4 / Time: 4.102 sec / Speedup: 1.970 / Efficiency: 49% / LogL: -8118
BEST NUMBER OF THREADS: 3

Estimate model parameters (epsilon = 0.100)
1. Initial log-likelihood: -6188.242
2. Current log-likelihood: -6150.529
Optimal log-likelihood: -6150.423
Gamma shape alpha: 0.801
Parameters optimization took 2 rounds (0.223 sec)
Computing ML distances based on estimated model parameters... 2.291 sec
Computing BIONJ tree...
0.008 seconds
Log-likelihood of BIONJ tree: -6181.709
--------------------------------------------------------------------
|             INITIALIZING CANDIDATE TREE SET                      |
--------------------------------------------------------------------
Generating 98 parsimony trees... 2.499 second
Computing log-likelihood of 98 initial trees ... 3.848 seconds
Current best score: -6145.822

Do NNI search on 20 best initial trees
Estimate model parameters (epsilon = 0.100)
BETTER TREE FOUND at iteration 1: -6141.730
Estimate model parameters (epsilon = 0.100)
BETTER TREE FOUND at iteration 2: -6137.922
Iteration 10 / LogL: -6146.554 / Time: 0h:0m:34s
Iteration 20 / LogL: -6162.693 / Time: 0h:0m:39s
Finish initializing candidate tree set (20)
Current best tree score: -6137.922 / CPU time: 16.830
Number of iterations: 20
--------------------------------------------------------------------
|               OPTIMIZING CANDIDATE TREE SET                      |
--------------------------------------------------------------------
Estimate model parameters (epsilon = 0.100)
BETTER TREE FOUND at iteration 24: -6136.830
Estimate model parameters (epsilon = 0.100)
BETTER TREE FOUND at iteration 25: -6136.625
Iteration 30 / LogL: -6136.625 / Time: 0h:0m:48s (0h:2m:33s left)
Estimate model parameters (epsilon = 0.100)
BETTER TREE FOUND at iteration 32: -6136.399
Estimate model parameters (epsilon = 0.100)
BETTER TREE FOUND at iteration 33: -6136.130
Iteration 40 / LogL: -6141.000 / Time: 0h:0m:56s (0h:2m:10s left)
Estimate model parameters (epsilon = 0.100)
BETTER TREE FOUND at iteration 41: -6128.388
Iteration 50 / LogL: -6168.935 / Time: 0h:1m:4s (0h:1m:55s left)
Log-likelihood cutoff on original alignment: -6182.605
Iteration 60 / LogL: -6132.236 / Time: 0h:1m:11s (0h:1m:35s left)
Iteration 70 / LogL: -6161.555 / Time: 0h:1m:19s (0h:1m:19s left)
Iteration 80 / LogL: -6142.569 / Time: 0h:1m:26s (0h:1m:5s left)
Estimate model parameters (epsilon = 0.100)
BETTER TREE FOUND at iteration 81: -6128.317
BETTER TREE FOUND at iteration 89: -6128.317
Iteration 90 / LogL: -6128.317 / Time: 0h:1m:35s (0h:1m:43s left)
Estimate model parameters (epsilon = 0.100)
BETTER TREE FOUND at iteration 91: -6128.091
Iteration 100 / LogL: -6128.317 / Time: 0h:1m:43s (0h:1m:33s left)
Log-likelihood cutoff on original alignment: -6182.605
NOTE: Bootstrap correlation coefficient of split occurrence frequencies: 0.985
NOTE: UFBoot does not converge, continue at least 100 more iterations
Iteration 110 / LogL: -6130.012 / Time: 0h:1m:51s (0h:1m:31s left)
Iteration 120 / LogL: -6155.983 / Time: 0h:2m:0s (0h:1m:19s left)
BETTER TREE FOUND at iteration 129: -6128.091
Iteration 130 / LogL: -6130.916 / Time: 0h:2m:7s (0h:1m:36s left)
Iteration 140 / LogL: -6128.091 / Time: 0h:2m:14s (0h:1m:25s left)
Iteration 150 / LogL: -6146.262 / Time: 0h:2m:22s (0h:1m:14s left)
Log-likelihood cutoff on original alignment: -6182.605
Iteration 160 / LogL: -6179.112 / Time: 0h:2m:31s (0h:1m:4s left)
Iteration 170 / LogL: -6136.711 / Time: 0h:2m:39s (0h:0m:54s left)
Iteration 180 / LogL: -6136.056 / Time: 0h:2m:47s (0h:0m:45s left)
BETTER TREE FOUND at iteration 189: -6128.091
Iteration 190 / LogL: -6128.742 / Time: 0h:2m:55s (0h:1m:30s left)
Iteration 200 / LogL: -6128.161 / Time: 0h:3m:3s (0h:1m:21s left)
Log-likelihood cutoff on original alignment: -6182.605
NOTE: Bootstrap correlation coefficient of split occurrence frequencies: 0.998
BETTER TREE FOUND at iteration 206: -6128.090
Iteration 210 / LogL: -6128.161 / Time: 0h:3m:12s (0h:1m:27s left)
Iteration 220 / LogL: -6130.899 / Time: 0h:3m:20s (0h:1m:18s left)
Iteration 230 / LogL: -6175.457 / Time: 0h:3m:28s (0h:1m:8s left)
Iteration 240 / LogL: -6128.263 / Time: 0h:3m:37s (0h:0m:59s left)
Iteration 250 / LogL: -6191.490 / Time: 0h:3m:44s (0h:0m:50s left)
Log-likelihood cutoff on original alignment: -6182.605
Iteration 260 / LogL: -6128.091 / Time: 0h:3m:53s (0h:0m:41s left)
Iteration 270 / LogL: -6133.494 / Time: 0h:4m:1s (0h:0m:32s left)
BETTER TREE FOUND at iteration 274: -6128.090
BETTER TREE FOUND at iteration 277: -6128.090
Iteration 280 / LogL: -6129.389 / Time: 0h:4m:9s (0h:1m:26s left)
Iteration 290 / LogL: -6132.175 / Time: 0h:4m:17s (0h:1m:16s left)
Iteration 300 / LogL: -6128.090 / Time: 0h:4m:25s (0h:1m:7s left)
Log-likelihood cutoff on original alignment: -6182.605
NOTE: Bootstrap correlation coefficient of split occurrence frequencies: 0.998
BETTER TREE FOUND at iteration 303: -6128.090
Iteration 310 / LogL: -6128.112 / Time: 0h:4m:34s (0h:1m:21s left)
Iteration 320 / LogL: -6128.091 / Time: 0h:4m:42s (0h:1m:12s left)
Iteration 330 / LogL: -6135.748 / Time: 0h:4m:49s (0h:1m:3s left)
Iteration 340 / LogL: -6129.412 / Time: 0h:4m:58s (0h:0m:55s left)
Iteration 350 / LogL: -6130.773 / Time: 0h:5m:6s (0h:0m:46s left)
Log-likelihood cutoff on original alignment: -6182.605
Iteration 360 / LogL: -6128.421 / Time: 0h:5m:15s (0h:0m:37s left)
BETTER TREE FOUND at iteration 369: -6128.090
Iteration 370 / LogL: -6130.894 / Time: 0h:5m:24s (0h:1m:26s left)
Iteration 380 / LogL: -6135.981 / Time: 0h:5m:32s (0h:1m:17s left)
Estimate model parameters (epsilon = 0.100)
BETTER TREE FOUND at iteration 381: -6127.086
Estimate model parameters (epsilon = 0.100)
BETTER TREE FOUND at iteration 385: -6126.863
Iteration 390 / LogL: -6182.581 / Time: 0h:5m:40s (0h:1m:22s left)
BETTER TREE FOUND at iteration 396: -6126.863
Iteration 400 / LogL: -6126.952 / Time: 0h:5m:49s (0h:1m:23s left)
Log-likelihood cutoff on original alignment: -6182.605
NOTE: Bootstrap correlation coefficient of split occurrence frequencies: 0.997
Iteration 410 / LogL: -6185.005 / Time: 0h:5m:58s (0h:1m:18s left)
Iteration 420 / LogL: -6128.537 / Time: 0h:6m:6s (0h:1m:9s left)
Estimate model parameters (epsilon = 0.100)
BETTER TREE FOUND at iteration 424: -6126.801
Estimate model parameters (epsilon = 0.100)
BETTER TREE FOUND at iteration 429: -6126.744
Iteration 430 / LogL: -6133.707 / Time: 0h:6m:14s (0h:1m:26s left)
Iteration 440 / LogL: -6128.417 / Time: 0h:6m:23s (0h:1m:17s left)
Estimate model parameters (epsilon = 0.100)
BETTER TREE FOUND at iteration 446: -6126.727
Iteration 450 / LogL: -6127.107 / Time: 0h:6m:31s (0h:1m:23s left)
Log-likelihood cutoff on original alignment: -6182.605
BETTER TREE FOUND at iteration 460: -6126.727
Iteration 460 / LogL: -6126.727 / Time: 0h:6m:41s (0h:1m:27s left)
BETTER TREE FOUND at iteration 465: -6126.727
Iteration 470 / LogL: -6135.004 / Time: 0h:6m:50s (0h:1m:22s left)
BETTER TREE FOUND at iteration 477: -6126.727
Iteration 480 / LogL: -6131.229 / Time: 0h:6m:58s (0h:1m:24s left)
BETTER TREE FOUND at iteration 488: -6126.727
Iteration 490 / LogL: -6126.727 / Time: 0h:7m:6s (0h:1m:25s left)
BETTER TREE FOUND at iteration 492: -6126.727
BETTER TREE FOUND at iteration 495: -6126.727
Iteration 500 / LogL: -6142.526 / Time: 0h:7m:15s (0h:1m:22s left)
Log-likelihood cutoff on original alignment: -6182.605
NOTE: Bootstrap correlation coefficient of split occurrence frequencies: 0.995
Iteration 510 / LogL: -6145.336 / Time: 0h:7m:23s (0h:1m:18s left)
Iteration 520 / LogL: -6137.010 / Time: 0h:7m:32s (0h:1m:9s left)
BETTER TREE FOUND at iteration 525: -6126.727
Iteration 530 / LogL: -6128.050 / Time: 0h:7m:40s (0h:1m:22s left)
Iteration 540 / LogL: -6126.727 / Time: 0h:7m:49s (0h:1m:13s left)
Iteration 550 / LogL: -6129.761 / Time: 0h:7m:58s (0h:1m:5s left)
Log-likelihood cutoff on original alignment: -6182.605
Iteration 560 / LogL: -6129.631 / Time: 0h:8m:7s (0h:0m:56s left)
Iteration 570 / LogL: -6126.727 / Time: 0h:8m:15s (0h:0m:47s left)
Iteration 580 / LogL: -6142.665 / Time: 0h:8m:23s (0h:0m:39s left)
Iteration 590 / LogL: -6126.744 / Time: 0h:8m:31s (0h:0m:30s left)
Iteration 600 / LogL: -6126.744 / Time: 0h:8m:40s (0h:0m:21s left)
Log-likelihood cutoff on original alignment: -6182.605
NOTE: Bootstrap correlation coefficient of split occurrence frequencies: 0.995
Iteration 610 / LogL: -6127.089 / Time: 0h:8m:49s (0h:1m:18s left)
Iteration 620 / LogL: -6132.448 / Time: 0h:8m:58s (0h:1m:9s left)
TREE SEARCH COMPLETED AFTER 626 ITERATIONS / Time: 0h:9m:3s

--------------------------------------------------------------------
|                    FINALIZING TREE SEARCH                        |
--------------------------------------------------------------------
Performs final model parameters optimization
Estimate model parameters (epsilon = 0.010)
1. Initial log-likelihood: -6126.727
Optimal log-likelihood: -6126.727
Gamma shape alpha: 0.789
Parameters optimization took 1 rounds (0.055 sec)
BEST SCORE FOUND : -6126.727
Creating bootstrap support values...
Split supports printed to NEXUS file /csm_data/spielman_lab/aa_phylo_fit_topology//simulations/alignments/1R6M_spiralia_rep9_AA.fasta.splits.nex
Total tree length: 4.977

Total number of iterations: 626
CPU time used for tree search: 1542.931 sec (0h:25m:42s)
Wall-clock time used for tree search: 520.351 sec (0h:8m:40s)
Total CPU time used: 1639.060 sec (0h:27m:19s)
Total wall-clock time used: 543.657 sec (0h:9m:3s)

Computing bootstrap consensus tree...
Reading input file /csm_data/spielman_lab/aa_phylo_fit_topology//simulations/alignments/1R6M_spiralia_rep9_AA.fasta.splits.nex...
103 taxa and 1959 splits.
Consensus tree written to /csm_data/spielman_lab/aa_phylo_fit_topology//simulations/alignments/1R6M_spiralia_rep9_AA.fasta.contree
Reading input trees file /csm_data/spielman_lab/aa_phylo_fit_topology//simulations/alignments/1R6M_spiralia_rep9_AA.fasta.contree
Log-likelihood of consensus tree: -6126.727

Analysis results written to: 
  IQ-TREE report:                /csm_data/spielman_lab/aa_phylo_fit_topology//simulations/alignments/1R6M_spiralia_rep9_AA.fasta.iqtree
  Maximum-likelihood tree:       /csm_data/spielman_lab/aa_phylo_fit_topology//simulations/alignments/1R6M_spiralia_rep9_AA.fasta.treefile
  Likelihood distances:          /csm_data/spielman_lab/aa_phylo_fit_topology//simulations/alignments/1R6M_spiralia_rep9_AA.fasta.mldist

Ultrafast bootstrap approximation results written to:
  Split support values:          /csm_data/spielman_lab/aa_phylo_fit_topology//simulations/alignments/1R6M_spiralia_rep9_AA.fasta.splits.nex
  Consensus tree:                /csm_data/spielman_lab/aa_phylo_fit_topology//simulations/alignments/1R6M_spiralia_rep9_AA.fasta.contree
  Screen log file:               /csm_data/spielman_lab/aa_phylo_fit_topology//simulations/alignments/1R6M_spiralia_rep9_AA.fasta.log

Date and Time: Sat Nov  2 10:59:21 2019
