IQ-TREE multicore version 1.6.7 for Linux 64-bit built Aug 23 2018
Developed by Bui Quang Minh, Nguyen Lam Tung, Olga Chernomor,
Heiko Schmidt, Dominik Schrempf, Michael Woodhams.

Host:    csm-com-002 (AVX2, FMA3, 62 GB RAM)
Command: iqtree -quiet -nt AUTO -ntmax 8 -m HIVb+G4 -s /csm_data/spielman_lab/aa_phylo_fit_topology//simulations/alignments/1R6M_spiralia_rep14_AA.fasta -st AA -redo -bb 1000
Seed:    874541 (Using SPRNG - Scalable Parallel Random Number Generator)
Time:    Sat Nov  2 11:35:03 2019
Kernel:  AVX+FMA - auto-detect threads (48 CPU cores detected)

Reading alignment file /csm_data/spielman_lab/aa_phylo_fit_topology//simulations/alignments/1R6M_spiralia_rep14_AA.fasta ... Fasta format detected
Alignment most likely contains protein sequences
Alignment has 103 sequences with 203 columns, 165 distinct patterns
119 parsimony-informative, 30 singleton sites, 54 constant sites
                                Gap/Ambiguity  Composition  p-value
   1  Adineta_vaga                      0.00%    passed    100.00%
   2  Rotaria_rotatoria                 0.00%    passed    100.00%
   3  Lepadella_patella                 0.00%    passed    100.00%
   4  Brachionus_plicatilis             0.00%    passed    100.00%
   5  Brachionus_manjavacas             0.00%    passed    100.00%
   6  Rhabdopleura_compacta             0.00%    passed    100.00%
   7  Ptychodera_flava                  0.00%    passed     99.99%
   8  SchizocardiumCalif_cl             0.00%    passed    100.00%
   9  Sackow                            0.00%    passed    100.00%
  10  Patmin                            0.00%    passed    100.00%
  11  Parastichopus_parvimensis         0.00%    passed    100.00%
  12  Strpur                            0.00%    passed    100.00%
  13  Florometra_serratissima           0.00%    passed    100.00%
  14  Calmil                            0.00%    passed    100.00%
  15  HUMAN                             0.00%    passed    100.00%
  16  LATCH                             0.00%    passed    100.00%
  17  LEPOC                             0.00%    passed    100.00%
  18  Petromyzon_marins                 0.00%    passed    100.00%
  19  Halocynthia_roretzi               0.00%    passed     99.91%
  20  Molgula_tectiformis               0.00%    passed    100.00%
  21  CIOIN                             0.00%    passed    100.00%
  22  Asymmetron_lucayanum              0.00%    passed    100.00%
  23  BraLan                            0.00%    passed    100.00%
  24  Leucoselenia_complicata           0.00%    passed    100.00%
  25  Sycon_ciliatum                    0.00%    passed     99.99%
  26  Oscarella_carmella                0.00%    passed    100.00%
  27  AMPQE                             0.00%    passed    100.00%
  28  Ephidatia_mulleri                 0.00%    passed    100.00%
  29  NEMVE                             0.00%    passed    100.00%
  30  Acropora_digitifera               0.00%    passed    100.00%
  31  Aurelia_aurita                    0.00%    passed    100.00%
  32  Clytia_hemisphaerica              0.00%    passed    100.00%
  33  Isodiametra_pulchra               0.00%    passed    100.00%
  34  Childia_submaculatum              0.00%    passed    100.00%
  35  Diopisthoporus_gymnopharyngeus    0.00%    passed     99.99%
  36  Hofstenia_miamia                  0.00%    passed     99.99%
  37  Meara_stichopi                    0.00%    passed     99.99%
  38  Nemertoderma_westbladi            0.00%    passed    100.00%
  39  Xenoturbella_profunda             0.00%    passed     99.99%
  40  Xenoturbella_bocki                0.00%    passed    100.00%
  41  TRICA                             0.00%    passed    100.00%
  42  DROME                             0.00%    passed    100.00%
  43  Apis_mellifera                    0.00%    passed    100.00%
  44  Daphnia_pulex                     0.00%    passed    100.00%
  45  Eudigraphis_taiwaniensis          0.00%    passed    100.00%
  46  STRMM                             0.00%    passed    100.00%
  47  Mesobuthus_martensii              0.00%    passed    100.00%
  48  Limulus_polyphemus                0.00%    passed     99.97%
  49  Peripatopsis_capensis             0.00%    passed    100.00%
  50  Enoplus_brevis                    0.00%    passed    100.00%
  51  Romanomermis_culicivorax          0.00%    passed    100.00%
  52  Ramazzottius_varieornatus         0.00%    passed     99.96%
  53  Hypsibius_dujardini               0.00%    passed     99.99%
  54  Priapulus_caudatus                0.00%    passed    100.00%
  55  Halicryptus_spinulosus            0.00%    passed    100.00%
  56  Tubiluchus_corallicola            0.00%    passed    100.00%
  57  Lepidodermella_squamata           0.00%    passed     99.93%
  58  Diuronotus_aspetos                0.00%    passed     99.99%
  59  Macrodasys_sp                     0.00%    passed     99.99%
  60  Megadasys_sp                      0.00%    passed     99.81%
  61  Catenulida_sp                     0.00%    passed     96.92%
  62  Stylochoplana_maculata            0.00%    passed     99.71%
  63  Stylochus_ellipticus              0.00%    passed     99.99%
  64  Macrostomum_lignano               0.00%    passed     99.99%
  65  LOTGI                             0.00%    passed    100.00%
  66  Aplysia_californica               0.00%    passed    100.00%
  67  CRAGI                             0.00%    passed    100.00%
  68  Leptochiton_rugatus               0.00%    passed    100.00%
  69  Neomenia_megatrapezata            0.00%    passed    100.00%
  70  CAPI1                             0.00%    passed    100.00%
  71  Lumbricus_terrestris              0.00%    passed    100.00%
  72  Nephtys_caeca                     0.00%    passed    100.00%
  73  Owenia_fusiformis                 0.00%    passed    100.00%
  74  Lineus_longissimus                0.00%    passed     99.99%
  75  Paranemertes_peregrina            0.00%    passed    100.00%
  76  Malacobdella_grossa               0.00%    passed    100.00%
  77  Tubulanus_polymorphus             0.00%    passed    100.00%
  78  Cephalothrix_linearis             0.00%    passed    100.00%
  79  Hemithiris_psittacea              0.00%    passed    100.00%
  80  Terebratalia_transversa           0.00%    passed    100.00%
  81  Glottidia_pyramidata              0.00%    passed    100.00%
  82  Linana                            0.00%    passed    100.00%
  83  Phoronopsis_harmeri               0.00%    passed    100.00%
  84  Phoronis_vancouverensis           0.00%    passed    100.00%
  85  Phoronis_psammophila              0.00%    passed    100.00%
  86  Membranipora_membranacea          0.00%    passed    100.00%
  87  Bugula_neritina                   0.00%    passed    100.00%
  88  Loxosoma_pectinaricola            0.00%    passed    100.00%
  89  Barentsia_gracilis                0.00%    passed    100.00%
  90  Sagitta_gazellae                  0.00%    passed    100.00%
  91  Sagitta_setosa                    0.00%    passed    100.00%
  92  Pterosagitta_draco                0.00%    passed    100.00%
  93  Sagitta_elegans                   0.00%    passed    100.00%
  94  Sagitta_serratodentata            0.00%    passed    100.00%
  95  Sagitta_hexaptera                 0.00%    passed    100.00%
  96  Krohnitta_sp                      0.00%    passed    100.00%
  97  Paraspadella_ovovivipara          0.00%    passed    100.00%
  98  Pargo1                            0.00%    passed    100.00%
  99  Spadella_cephaloptera             0.00%    passed    100.00%
 100  Eukrohnia_hamata                  0.00%    passed    100.00%
 101  Gnathostomula_paradoxa            0.00%    passed     99.52%
 102  Austrognathia_sp                  0.00%    passed    100.00%
 103  Limnognathia_maerski              0.00%    passed    100.00%
****  TOTAL                             0.00%  0 sequences failed composition chi2 test (p-value<5%; df=19)
NOTE: Rotaria_rotatoria is identical to Adineta_vaga but kept for subsequent analysis
NOTE: Brachionus_manjavacas is identical to Brachionus_plicatilis but kept for subsequent analysis
NOTE: BraLan is identical to Asymmetron_lucayanum but kept for subsequent analysis
NOTE: Pargo1 is identical to Paraspadella_ovovivipara but kept for subsequent analysis

Create initial parsimony tree by phylogenetic likelihood library (PLL)... 0.055 seconds
Generating 1000 samples for ultrafast bootstrap (seed: 874541)...

NOTE: 12 MB RAM (0 GB) is required!
Measuring multi-threading efficiency up to 8 CPU cores
Increase to 10 rounds for branch lengths
28 trees examined
Threads: 1 / Time: 8.237 sec / Speedup: 1.000 / Efficiency: 100% / LogL: -8116
Threads: 2 / Time: 4.658 sec / Speedup: 1.768 / Efficiency: 88% / LogL: -8116
Threads: 3 / Time: 3.535 sec / Speedup: 2.330 / Efficiency: 78% / LogL: -8116
Threads: 4 / Time: 3.821 sec / Speedup: 2.156 / Efficiency: 54% / LogL: -8116
Threads: 5 / Time: 3.487 sec / Speedup: 2.362 / Efficiency: 47% / LogL: -8116
BEST NUMBER OF THREADS: 3

Estimate model parameters (epsilon = 0.100)
1. Initial log-likelihood: -6020.894
2. Current log-likelihood: -5966.501
3. Current log-likelihood: -5966.291
Optimal log-likelihood: -5966.270
Gamma shape alpha: 0.613
Parameters optimization took 3 rounds (0.215 sec)
Computing ML distances based on estimated model parameters... 2.572 sec
Computing BIONJ tree...
0.008 seconds
Log-likelihood of BIONJ tree: -5958.936
--------------------------------------------------------------------
|             INITIALIZING CANDIDATE TREE SET                      |
--------------------------------------------------------------------
Generating 98 parsimony trees... 2.411 second
Computing log-likelihood of 98 initial trees ... 3.864 seconds
Current best score: -5953.946

Do NNI search on 20 best initial trees
Estimate model parameters (epsilon = 0.100)
BETTER TREE FOUND at iteration 1: -5947.059
Estimate model parameters (epsilon = 0.100)
BETTER TREE FOUND at iteration 2: -5946.956
Iteration 10 / LogL: -5948.108 / Time: 0h:0m:37s
Iteration 20 / LogL: -5962.650 / Time: 0h:0m:43s
Finish initializing candidate tree set (20)
Current best tree score: -5946.956 / CPU time: 17.203
Number of iterations: 20
--------------------------------------------------------------------
|               OPTIMIZING CANDIDATE TREE SET                      |
--------------------------------------------------------------------
Estimate model parameters (epsilon = 0.100)
BETTER TREE FOUND at iteration 27: -5943.792
Iteration 30 / LogL: -5966.059 / Time: 0h:0m:51s (0h:2m:47s left)
Estimate model parameters (epsilon = 0.100)
BETTER TREE FOUND at iteration 35: -5941.313
Iteration 40 / LogL: -5941.313 / Time: 0h:0m:59s (0h:2m:22s left)
Estimate model parameters (epsilon = 0.100)
BETTER TREE FOUND at iteration 45: -5939.270
Iteration 50 / LogL: -5943.470 / Time: 0h:1m:7s (0h:2m:9s left)
Log-likelihood cutoff on original alignment: -5980.292
Iteration 60 / LogL: -5946.350 / Time: 0h:1m:15s (0h:1m:47s left)
Iteration 70 / LogL: -5950.236 / Time: 0h:1m:23s (0h:1m:29s left)
Estimate model parameters (epsilon = 0.100)
BETTER TREE FOUND at iteration 71: -5939.229
Iteration 80 / LogL: -5942.973 / Time: 0h:1m:31s (0h:1m:43s left)
Iteration 90 / LogL: -5939.229 / Time: 0h:1m:39s (0h:1m:29s left)
Iteration 100 / LogL: -5949.210 / Time: 0h:1m:47s (0h:1m:16s left)
Log-likelihood cutoff on original alignment: -5978.233
NOTE: Bootstrap correlation coefficient of split occurrence frequencies: 0.997
Iteration 110 / LogL: -5953.096 / Time: 0h:1m:55s (0h:1m:34s left)
Iteration 120 / LogL: -5953.496 / Time: 0h:2m:3s (0h:1m:22s left)
BETTER TREE FOUND at iteration 129: -5939.229
Iteration 130 / LogL: -5941.352 / Time: 0h:2m:11s (0h:1m:40s left)
Iteration 140 / LogL: -5942.159 / Time: 0h:2m:19s (0h:1m:28s left)
Iteration 150 / LogL: -5939.274 / Time: 0h:2m:27s (0h:1m:17s left)
Log-likelihood cutoff on original alignment: -5978.233
BETTER TREE FOUND at iteration 152: -5939.229
Iteration 160 / LogL: -5949.732 / Time: 0h:2m:35s (0h:1m:29s left)
Iteration 170 / LogL: -5939.229 / Time: 0h:2m:43s (0h:1m:18s left)
Iteration 180 / LogL: -5939.275 / Time: 0h:2m:52s (0h:1m:8s left)
Iteration 190 / LogL: -5942.485 / Time: 0h:3m:0s (0h:0m:58s left)
BETTER TREE FOUND at iteration 195: -5939.229
Iteration 200 / LogL: -5939.229 / Time: 0h:3m:9s (0h:1m:29s left)
Log-likelihood cutoff on original alignment: -5978.233
NOTE: Bootstrap correlation coefficient of split occurrence frequencies: 0.999
Iteration 210 / LogL: -5960.445 / Time: 0h:3m:18s (0h:1m:24s left)
Iteration 220 / LogL: -5943.795 / Time: 0h:3m:26s (0h:1m:15s left)
Iteration 230 / LogL: -5939.229 / Time: 0h:3m:35s (0h:1m:5s left)
Iteration 240 / LogL: -5939.229 / Time: 0h:3m:42s (0h:0m:55s left)
Iteration 250 / LogL: -5939.274 / Time: 0h:3m:51s (0h:0m:46s left)
Log-likelihood cutoff on original alignment: -5978.233
Iteration 260 / LogL: -5939.536 / Time: 0h:3m:59s (0h:0m:36s left)
Iteration 270 / LogL: -5944.370 / Time: 0h:4m:7s (0h:0m:27s left)
BETTER TREE FOUND at iteration 280: -5939.229
Iteration 280 / LogL: -5939.229 / Time: 0h:4m:15s (0h:1m:31s left)
Iteration 290 / LogL: -5939.229 / Time: 0h:4m:24s (0h:1m:21s left)
Iteration 300 / LogL: -5940.652 / Time: 0h:4m:32s (0h:1m:12s left)
Log-likelihood cutoff on original alignment: -5978.233
NOTE: Bootstrap correlation coefficient of split occurrence frequencies: 0.998
Iteration 310 / LogL: -5947.535 / Time: 0h:4m:41s (0h:1m:21s left)
Iteration 320 / LogL: -5945.729 / Time: 0h:4m:49s (0h:1m:12s left)
Iteration 330 / LogL: -5943.539 / Time: 0h:4m:57s (0h:1m:2s left)
Iteration 340 / LogL: -5941.712 / Time: 0h:5m:5s (0h:0m:53s left)
Iteration 350 / LogL: -5939.229 / Time: 0h:5m:14s (0h:0m:44s left)
Log-likelihood cutoff on original alignment: -5978.233
Iteration 360 / LogL: -5954.593 / Time: 0h:5m:22s (0h:0m:35s left)
Iteration 370 / LogL: -5945.956 / Time: 0h:5m:31s (0h:0m:26s left)
Iteration 380 / LogL: -5945.957 / Time: 0h:5m:40s (0h:0m:17s left)
TREE SEARCH COMPLETED AFTER 381 ITERATIONS / Time: 0h:5m:40s

--------------------------------------------------------------------
|                    FINALIZING TREE SEARCH                        |
--------------------------------------------------------------------
Performs final model parameters optimization
Estimate model parameters (epsilon = 0.010)
1. Initial log-likelihood: -5939.229
Optimal log-likelihood: -5939.228
Gamma shape alpha: 0.614
Parameters optimization took 1 rounds (0.055 sec)
BEST SCORE FOUND : -5939.228
Creating bootstrap support values...
Split supports printed to NEXUS file /csm_data/spielman_lab/aa_phylo_fit_topology//simulations/alignments/1R6M_spiralia_rep14_AA.fasta.splits.nex
Total tree length: 6.001

Total number of iterations: 381
CPU time used for tree search: 932.906 sec (0h:15m:32s)
Wall-clock time used for tree search: 314.641 sec (0h:5m:14s)
Total CPU time used: 1035.956 sec (0h:17m:15s)
Total wall-clock time used: 341.251 sec (0h:5m:41s)

Computing bootstrap consensus tree...
Reading input file /csm_data/spielman_lab/aa_phylo_fit_topology//simulations/alignments/1R6M_spiralia_rep14_AA.fasta.splits.nex...
103 taxa and 1339 splits.
Consensus tree written to /csm_data/spielman_lab/aa_phylo_fit_topology//simulations/alignments/1R6M_spiralia_rep14_AA.fasta.contree
Reading input trees file /csm_data/spielman_lab/aa_phylo_fit_topology//simulations/alignments/1R6M_spiralia_rep14_AA.fasta.contree
Log-likelihood of consensus tree: -5939.275

Analysis results written to: 
  IQ-TREE report:                /csm_data/spielman_lab/aa_phylo_fit_topology//simulations/alignments/1R6M_spiralia_rep14_AA.fasta.iqtree
  Maximum-likelihood tree:       /csm_data/spielman_lab/aa_phylo_fit_topology//simulations/alignments/1R6M_spiralia_rep14_AA.fasta.treefile
  Likelihood distances:          /csm_data/spielman_lab/aa_phylo_fit_topology//simulations/alignments/1R6M_spiralia_rep14_AA.fasta.mldist

Ultrafast bootstrap approximation results written to:
  Split support values:          /csm_data/spielman_lab/aa_phylo_fit_topology//simulations/alignments/1R6M_spiralia_rep14_AA.fasta.splits.nex
  Consensus tree:                /csm_data/spielman_lab/aa_phylo_fit_topology//simulations/alignments/1R6M_spiralia_rep14_AA.fasta.contree
  Screen log file:               /csm_data/spielman_lab/aa_phylo_fit_topology//simulations/alignments/1R6M_spiralia_rep14_AA.fasta.log

Date and Time: Sat Nov  2 11:40:45 2019
