IQ-TREE multicore version 1.6.7 for Linux 64-bit built Aug 23 2018
Developed by Bui Quang Minh, Nguyen Lam Tung, Olga Chernomor,
Heiko Schmidt, Dominik Schrempf, Michael Woodhams.

Host:    csm-com-003 (AVX2, FMA3, 62 GB RAM)
Command: iqtree -quiet -nt AUTO -ntmax 8 -m GTR20 -s /csm_data/spielman_lab/aa_phylo_fit_topology//simulations/alignments/1R6M_opisthokonta_rep7_AA.fasta -st AA -redo -bb 1000
Seed:    389373 (Using SPRNG - Scalable Parallel Random Number Generator)
Time:    Sat Nov  2 03:42:31 2019
Kernel:  AVX+FMA - auto-detect threads (48 CPU cores detected)

Reading alignment file /csm_data/spielman_lab/aa_phylo_fit_topology//simulations/alignments/1R6M_opisthokonta_rep7_AA.fasta ... Fasta format detected
Alignment most likely contains protein sequences
Alignment has 70 sequences with 203 columns, 163 distinct patterns
117 parsimony-informative, 30 singleton sites, 56 constant sites
                                  Gap/Ambiguity  Composition  p-value
   1  Oscarella_carmela                   0.00%    passed     99.86%
   2  Oscarella_lobularis                 0.00%    passed     99.79%
   3  Leucetta_chagosensis                0.00%    passed     99.99%
   4  Sycon_raphanus                      0.00%    passed     99.76%
   5  Oopsacas_minuta                     0.00%    passed     99.98%
   6  Carteriospongia_foliascens          0.00%    passed     99.99%
   7  Amphimedon_queenslandica            0.00%    passed     99.99%
   8  Suberites_domuncula                 0.00%    passed     99.87%
   9  Lubomirskia_baicalensis             0.00%    passed     99.92%
  10  Ephydatia_muelleri                  0.00%    passed     99.95%
  11  Trichoplax_adhaerens                0.00%    passed    100.00%
  12  Nematostella_vectensis              0.00%    passed    100.00%
  13  Anemonia_viridis                    0.00%    passed    100.00%
  14  Aiptasia_pallida                    0.00%    passed     99.97%
  15  Metridium_senile                    0.00%    passed    100.00%
  16  Acropora_palmata                    0.00%    passed    100.00%
  17  Acropora_millepora                  0.00%    passed    100.00%
  18  Porites_astreoides                  0.00%    passed    100.00%
  19  Montastraea_faveolata               0.00%    passed    100.00%
  20  Cyanea_capillata                    0.00%    passed     99.98%
  21  Clytia_hemisphaerica                0.00%    passed    100.00%
  22  Podocoryna_carnea                   0.00%    passed    100.00%
  23  Hydractinia_echinata                0.00%    passed    100.00%
  24  Hydra_magnipapillata                0.00%    passed    100.00%
  25  Saccoglossus_kowalevskii            0.00%    passed    100.00%
  26  Ptychodera_flava                    0.00%    passed    100.00%
  27  Strongylocentrotus_purpuratus       0.00%    passed    100.00%
  28  Asterina_pectinifera                0.00%    passed     99.68%
  29  Branchiostoma_floridae              0.00%    passed    100.00%
  30  Petromyzon_marinus                  0.00%    passed     99.73%
  31  Gallus                              0.00%    passed    100.00%
  32  Ciona_intestinalis                  0.00%    passed    100.00%
  33  Halocynthia_roretzi                 0.00%    passed     99.98%
  34  Anoplodactylus_eroticus             0.00%    passed    100.00%
  35  Boophilus_microplus                 0.00%    passed    100.00%
  36  Daphnia_pulex                       0.00%    passed    100.00%
  37  Drosophila_melanogaster             0.00%    passed    100.00%
  38  Euperipatoides_kanangrensis         0.00%    passed    100.00%
  39  Echinoderes_horni                   0.00%    passed    100.00%
  40  Xiphinema_index                     0.00%    passed    100.00%
  41  Cerebratulus_lacteus                0.00%    passed    100.00%
  42  Terebratalia_transversa             0.00%    passed    100.00%
  43  Lottia_gigantea                     0.00%    passed    100.00%
  44  Crassostrea_virginica               0.00%    passed    100.00%
  45  Euprymna_scolopes                   0.00%    passed    100.00%
  46  Capitella_telata                    0.00%    passed    100.00%
  47  Helobdella_robusta                  0.00%    passed     99.99%
  48  Schmidtea_mediterranea              0.00%    passed     99.73%
  49  Paraplanocera_oligoglena            0.00%    passed    100.00%
  50  Xenoturbella_bocki                  0.00%    passed    100.00%
  51  Nemertoderma_westbladi              0.00%    passed    100.00%
  52  Meara_stichopi                      0.00%    passed     99.99%
  53  Isodiametra_pulchra                 0.00%    passed    100.00%
  54  Symsagittifera_roscoffensis         0.00%    passed     99.99%
  55  Convolutriloba_longifissura         0.00%    passed     99.99%
  56  Capsaspora_owczarzaki_ATCC_30864    0.00%    passed    100.00%
  57  Amoebidium_parasiticum              0.00%    passed     99.96%
  58  Sphaeroforma_arctica                0.00%    passed    100.00%
  59  Spizellomyces_punctatus             0.00%    passed     99.99%
  60  Batrachochytrium_dendrobatidis      0.00%    passed     99.99%
  61  Cryptococcus_neoformans             0.00%    passed     87.91%
  62  Saccharomyces_cerevisiae            0.00%    passed     93.67%
  63  Phycomyces_blakesleeanus            0.00%    passed     95.29%
  64  Rhizopus_orizae                     0.00%    passed     99.76%
  65  Monosiga_ovata                      0.00%    passed     99.98%
  66  Salpingoeca_rosetta                 0.00%    passed    100.00%
  67  Monosiga_brevicollis                0.00%    passed    100.00%
  68  Mnemiopsis                          0.00%    passed    100.00%
  69  Mertensiid_sp                       0.00%    passed    100.00%
  70  Pleurobrachia_pileus                0.00%    passed    100.00%
****  TOTAL                               0.00%  0 sequences failed composition chi2 test (p-value<5%; df=18)
NOTE: State(s) W not present in alignment and thus removed from Markov process to prevent numerical problems
NOTE: 1 states (see above) are not present and thus removed from Markov process to prevent numerical problems

Create initial parsimony tree by phylogenetic likelihood library (PLL)... 0.011 seconds
Generating 1000 samples for ultrafast bootstrap (seed: 389373)...
WARNING: GTR20 model will estimate 189 substitution rates that might be overfitting!
WARNING: Please only use GTR20 with very large data and always test for model fit!

NOTE: 2 MB RAM (0 GB) is required!
Measuring multi-threading efficiency up to 8 CPU cores
Increase to 10 rounds for branch lengths
196 trees examined
Threads: 1 / Time: 8.037 sec / Speedup: 1.000 / Efficiency: 100% / LogL: -7571
Threads: 2 / Time: 5.000 sec / Speedup: 1.608 / Efficiency: 80% / LogL: -7571
Threads: 3 / Time: 4.697 sec / Speedup: 1.711 / Efficiency: 57% / LogL: -7571
Threads: 4 / Time: 4.158 sec / Speedup: 1.933 / Efficiency: 48% / LogL: -7571
BEST NUMBER OF THREADS: 3

Estimate model parameters (epsilon = 0.100)
1. Initial log-likelihood: -5589.489
2. Current log-likelihood: -5294.107
3. Current log-likelihood: -5238.854
4. Current log-likelihood: -5233.618
5. Current log-likelihood: -5231.254
6. Current log-likelihood: -5230.633
7. Current log-likelihood: -5230.238
8. Current log-likelihood: -5229.999
9. Current log-likelihood: -5229.299
10. Current log-likelihood: -5229.031
11. Current log-likelihood: -5228.745
12. Current log-likelihood: -5228.360
13. Current log-likelihood: -5228.119
14. Current log-likelihood: -5227.927
15. Current log-likelihood: -5227.793
Optimal log-likelihood: -5227.722
Parameters optimization took 15 rounds (16.215 sec)
Computing ML distances based on estimated model parameters... 0.435 sec
Computing BIONJ tree...
0.006 seconds
Log-likelihood of BIONJ tree: -5231.077
--------------------------------------------------------------------
|             INITIALIZING CANDIDATE TREE SET                      |
--------------------------------------------------------------------
Generating 98 parsimony trees... 1.416 second
Computing log-likelihood of 98 initial trees ... 0.900 seconds
Current best score: -5220.268

Do NNI search on 20 best initial trees
Estimate model parameters (epsilon = 0.100)
BETTER TREE FOUND at iteration 1: -5210.089
Estimate model parameters (epsilon = 0.100)
BETTER TREE FOUND at iteration 2: -5203.362
Iteration 10 / LogL: -5210.940 / Time: 0h:0m:51s
Iteration 20 / LogL: -5215.551 / Time: 0h:0m:52s
Finish initializing candidate tree set (18)
Current best tree score: -5203.362 / CPU time: 14.042
Number of iterations: 20
--------------------------------------------------------------------
|               OPTIMIZING CANDIDATE TREE SET                      |
--------------------------------------------------------------------
Estimate model parameters (epsilon = 0.100)
BETTER TREE FOUND at iteration 26: -5202.902
BETTER TREE FOUND at iteration 27: -5202.901
Iteration 30 / LogL: -5202.905 / Time: 0h:0m:54s (0h:3m:1s left)
Iteration 40 / LogL: -5203.286 / Time: 0h:0m:55s (0h:2m:3s left)
Iteration 50 / LogL: -5203.286 / Time: 0h:0m:57s (0h:1m:29s left)
Log-likelihood cutoff on original alignment: -5252.316
Iteration 60 / LogL: -5202.901 / Time: 0h:0m:58s (0h:1m:6s left)
Iteration 70 / LogL: -5202.902 / Time: 0h:0m:59s (0h:0m:49s left)
Iteration 80 / LogL: -5202.907 / Time: 0h:1m:1s (0h:0m:36s left)
Iteration 90 / LogL: -5202.902 / Time: 0h:1m:2s (0h:0m:25s left)
UPDATE BEST LOG-LIKELIHOOD: -5202.901
UPDATE BEST LOG-LIKELIHOOD: -5202.901
Iteration 100 / LogL: -5202.901 / Time: 0h:1m:3s (0h:0m:17s left)
Log-likelihood cutoff on original alignment: -5252.316
NOTE: Bootstrap correlation coefficient of split occurrence frequencies: 1.000
Iteration 110 / LogL: -5203.287 / Time: 0h:1m:5s (0h:0m:54s left)
Iteration 120 / LogL: -5202.903 / Time: 0h:1m:7s (0h:0m:45s left)
TREE SEARCH COMPLETED AFTER 128 ITERATIONS / Time: 0h:1m:8s

--------------------------------------------------------------------
|                    FINALIZING TREE SEARCH                        |
--------------------------------------------------------------------
Performs final model parameters optimization
Estimate model parameters (epsilon = 0.010)
1. Initial log-likelihood: -5202.901
2. Current log-likelihood: -5202.800
3. Current log-likelihood: -5202.748
4. Current log-likelihood: -5202.689
5. Current log-likelihood: -5202.582
6. Current log-likelihood: -5202.532
7. Current log-likelihood: -5202.194
8. Current log-likelihood: -5201.981
9. Current log-likelihood: -5201.861
10. Current log-likelihood: -5201.799
11. Current log-likelihood: -5201.758
Optimal log-likelihood: -5201.748
Parameters optimization took 11 rounds (8.533 sec)
BEST SCORE FOUND : -5201.748
Creating bootstrap support values...
Split supports printed to NEXUS file /csm_data/spielman_lab/aa_phylo_fit_topology//simulations/alignments/1R6M_opisthokonta_rep7_AA.fasta.splits.nex
Total tree length: 4.176

Total number of iterations: 128
CPU time used for tree search: 87.796 sec (0h:1m:27s)
Wall-clock time used for tree search: 30.279 sec (0h:0m:30s)
Total CPU time used: 217.906 sec (0h:3m:37s)
Total wall-clock time used: 77.555 sec (0h:1m:17s)

Computing bootstrap consensus tree...
Reading input file /csm_data/spielman_lab/aa_phylo_fit_topology//simulations/alignments/1R6M_opisthokonta_rep7_AA.fasta.splits.nex...
70 taxa and 511 splits.
Consensus tree written to /csm_data/spielman_lab/aa_phylo_fit_topology//simulations/alignments/1R6M_opisthokonta_rep7_AA.fasta.contree
Reading input trees file /csm_data/spielman_lab/aa_phylo_fit_topology//simulations/alignments/1R6M_opisthokonta_rep7_AA.fasta.contree
Log-likelihood of consensus tree: -5201.748

Analysis results written to: 
  IQ-TREE report:                /csm_data/spielman_lab/aa_phylo_fit_topology//simulations/alignments/1R6M_opisthokonta_rep7_AA.fasta.iqtree
  Maximum-likelihood tree:       /csm_data/spielman_lab/aa_phylo_fit_topology//simulations/alignments/1R6M_opisthokonta_rep7_AA.fasta.treefile
  Likelihood distances:          /csm_data/spielman_lab/aa_phylo_fit_topology//simulations/alignments/1R6M_opisthokonta_rep7_AA.fasta.mldist

Ultrafast bootstrap approximation results written to:
  Split support values:          /csm_data/spielman_lab/aa_phylo_fit_topology//simulations/alignments/1R6M_opisthokonta_rep7_AA.fasta.splits.nex
  Consensus tree:                /csm_data/spielman_lab/aa_phylo_fit_topology//simulations/alignments/1R6M_opisthokonta_rep7_AA.fasta.contree
  Screen log file:               /csm_data/spielman_lab/aa_phylo_fit_topology//simulations/alignments/1R6M_opisthokonta_rep7_AA.fasta.log

Date and Time: Sat Nov  2 03:43:49 2019
