IQ-TREE multicore version 1.6.7 for Linux 64-bit built Aug 23 2018
Developed by Bui Quang Minh, Nguyen Lam Tung, Olga Chernomor,
Heiko Schmidt, Dominik Schrempf, Michael Woodhams.

Host:    csm-com-007 (AVX2, FMA3, 62 GB RAM)
Command: iqtree -quiet -nt AUTO -ntmax 8 -m DCMut+F+G4 -s /csm_data/spielman_lab/aa_phylo_fit_topology//simulations/alignments/1R6M_salichos_rep3_AA.fasta -st AA -redo -bb 1000
Seed:    409138 (Using SPRNG - Scalable Parallel Random Number Generator)
Time:    Sat Nov  2 00:41:39 2019
Kernel:  AVX+FMA - auto-detect threads (48 CPU cores detected)

Reading alignment file /csm_data/spielman_lab/aa_phylo_fit_topology//simulations/alignments/1R6M_salichos_rep3_AA.fasta ... Fasta format detected
Alignment most likely contains protein sequences
Alignment has 23 sequences with 203 columns, 125 distinct patterns
73 parsimony-informative, 36 singleton sites, 94 constant sites
      Gap/Ambiguity  Composition  p-value
   1  Agos    0.00%    passed     99.76%
   2  Klac    0.00%    passed     99.97%
   3  Calb    0.00%    passed     99.99%
   4  Cdub    0.00%    passed     99.98%
   5  Ctro    0.00%    passed    100.00%
   6  Cpar    0.00%    passed     99.96%
   7  Lelo    0.00%    passed     98.81%
   8  Psti    0.00%    passed     99.99%
   9  Cgui    0.00%    passed     99.82%
  10  Dhan    0.00%    passed    100.00%
  11  Clus    0.00%    passed     99.91%
  12  Cgla    0.00%    passed     99.93%
  13  Sbay    0.00%    passed    100.00%
  14  Scer    0.00%    passed     99.99%
  15  Spar    0.00%    passed    100.00%
  16  Smik    0.00%    passed    100.00%
  17  Skud    0.00%    passed    100.00%
  18  Scas    0.00%    passed     99.98%
  19  Kpol    0.00%    passed     99.97%
  20  Zrou    0.00%    passed     99.93%
  21  Kthe    0.00%    passed     99.95%
  22  Kwal    0.00%    passed     99.99%
  23  Sklu    0.00%    passed     99.71%
****  TOTAL    0.00%  0 sequences failed composition chi2 test (p-value<5%; df=18)
NOTE: State(s) W not present in alignment and thus removed from Markov process to prevent numerical problems
NOTE: 1 states (see above) are not present and thus removed from Markov process to prevent numerical problems

Create initial parsimony tree by phylogenetic likelihood library (PLL)... 0.003 seconds
Generating 1000 samples for ultrafast bootstrap (seed: 409138)...

NOTE: 2 MB RAM (0 GB) is required!
Measuring multi-threading efficiency up to 8 CPU cores
Increase to 10 rounds for branch lengths
166 trees examined
Threads: 1 / Time: 8.023 sec / Speedup: 1.000 / Efficiency: 100% / LogL: -3389
Threads: 2 / Time: 4.925 sec / Speedup: 1.629 / Efficiency: 81% / LogL: -3389
Threads: 3 / Time: 3.919 sec / Speedup: 2.047 / Efficiency: 68% / LogL: -3389
Threads: 4 / Time: 3.513 sec / Speedup: 2.284 / Efficiency: 57% / LogL: -3389
Threads: 5 / Time: 3.442 sec / Speedup: 2.331 / Efficiency: 47% / LogL: -3389
BEST NUMBER OF THREADS: 4

Estimate model parameters (epsilon = 0.100)
1. Initial log-likelihood: -2300.901
2. Current log-likelihood: -2289.355
Optimal log-likelihood: -2289.309
Gamma shape alpha: 0.610
Parameters optimization took 2 rounds (0.029 sec)
Computing ML distances based on estimated model parameters... 0.217 sec
Computing BIONJ tree...
0.002 seconds
Log-likelihood of BIONJ tree: -2288.934
--------------------------------------------------------------------
|             INITIALIZING CANDIDATE TREE SET                      |
--------------------------------------------------------------------
Generating 98 parsimony trees... 0.168 second
Computing log-likelihood of 98 initial trees ... 0.530 seconds
Current best score: -2282.572

Do NNI search on 20 best initial trees
Estimate model parameters (epsilon = 0.100)
BETTER TREE FOUND at iteration 1: -2280.607
Estimate model parameters (epsilon = 0.100)
BETTER TREE FOUND at iteration 8: -2280.449
Estimate model parameters (epsilon = 0.100)
BETTER TREE FOUND at iteration 9: -2280.344
Iteration 10 / LogL: -2280.450 / Time: 0h:0m:25s
Iteration 20 / LogL: -2286.878 / Time: 0h:0m:25s
Finish initializing candidate tree set (8)
Current best tree score: -2280.344 / CPU time: 1.277
Number of iterations: 20
--------------------------------------------------------------------
|               OPTIMIZING CANDIDATE TREE SET                      |
--------------------------------------------------------------------
Iteration 30 / LogL: -2280.346 / Time: 0h:0m:25s (0h:1m:10s left)
Iteration 40 / LogL: -2280.346 / Time: 0h:0m:26s (0h:0m:46s left)
Iteration 50 / LogL: -2280.414 / Time: 0h:0m:27s (0h:0m:32s left)
Log-likelihood cutoff on original alignment: -2308.178
Iteration 60 / LogL: -2282.023 / Time: 0h:0m:27s (0h:0m:22s left)
Iteration 70 / LogL: -2280.736 / Time: 0h:0m:28s (0h:0m:15s left)
Iteration 80 / LogL: -2280.735 / Time: 0h:0m:28s (0h:0m:10s left)
Iteration 90 / LogL: -2280.356 / Time: 0h:0m:29s (0h:0m:6s left)
Iteration 100 / LogL: -2280.625 / Time: 0h:0m:29s (0h:0m:2s left)
Log-likelihood cutoff on original alignment: -2308.611
NOTE: Bootstrap correlation coefficient of split occurrence frequencies: 0.999
Iteration 110 / LogL: -2280.729 / Time: 0h:0m:30s (0h:0m:24s left)
TREE SEARCH COMPLETED AFTER 110 ITERATIONS / Time: 0h:0m:30s

--------------------------------------------------------------------
|                    FINALIZING TREE SEARCH                        |
--------------------------------------------------------------------
Performs final model parameters optimization
Estimate model parameters (epsilon = 0.010)
1. Initial log-likelihood: -2280.344
Optimal log-likelihood: -2280.344
Gamma shape alpha: 0.613
Parameters optimization took 1 rounds (0.007 sec)
BEST SCORE FOUND : -2280.344
Creating bootstrap support values...
Split supports printed to NEXUS file /csm_data/spielman_lab/aa_phylo_fit_topology//simulations/alignments/1R6M_salichos_rep3_AA.fasta.splits.nex
Total tree length: 1.730

Total number of iterations: 110
CPU time used for tree search: 25.327 sec (0h:0m:25s)
Wall-clock time used for tree search: 6.347 sec (0h:0m:6s)
Total CPU time used: 91.582 sec (0h:1m:31s)
Total wall-clock time used: 30.473 sec (0h:0m:30s)

Computing bootstrap consensus tree...
Reading input file /csm_data/spielman_lab/aa_phylo_fit_topology//simulations/alignments/1R6M_salichos_rep3_AA.fasta.splits.nex...
23 taxa and 148 splits.
Consensus tree written to /csm_data/spielman_lab/aa_phylo_fit_topology//simulations/alignments/1R6M_salichos_rep3_AA.fasta.contree
Reading input trees file /csm_data/spielman_lab/aa_phylo_fit_topology//simulations/alignments/1R6M_salichos_rep3_AA.fasta.contree
Log-likelihood of consensus tree: -2280.449

Analysis results written to: 
  IQ-TREE report:                /csm_data/spielman_lab/aa_phylo_fit_topology//simulations/alignments/1R6M_salichos_rep3_AA.fasta.iqtree
  Maximum-likelihood tree:       /csm_data/spielman_lab/aa_phylo_fit_topology//simulations/alignments/1R6M_salichos_rep3_AA.fasta.treefile
  Likelihood distances:          /csm_data/spielman_lab/aa_phylo_fit_topology//simulations/alignments/1R6M_salichos_rep3_AA.fasta.mldist

Ultrafast bootstrap approximation results written to:
  Split support values:          /csm_data/spielman_lab/aa_phylo_fit_topology//simulations/alignments/1R6M_salichos_rep3_AA.fasta.splits.nex
  Consensus tree:                /csm_data/spielman_lab/aa_phylo_fit_topology//simulations/alignments/1R6M_salichos_rep3_AA.fasta.contree
  Screen log file:               /csm_data/spielman_lab/aa_phylo_fit_topology//simulations/alignments/1R6M_salichos_rep3_AA.fasta.log

Date and Time: Sat Nov  2 00:42:09 2019
