IQ-TREE multicore version 1.6.7 for Linux 64-bit built Aug 23 2018
Developed by Bui Quang Minh, Nguyen Lam Tung, Olga Chernomor,
Heiko Schmidt, Dominik Schrempf, Michael Woodhams.

Host:    csm-com-010 (AVX2, FMA3, 62 GB RAM)
Command: iqtree -quiet -nt AUTO -ntmax 8 -m GTR20 -s /csm_data/spielman_lab/aa_phylo_fit_topology//simulations/alignments/1R6M_opisthokonta_rep18_AA.fasta -st AA -redo -bb 1000
Seed:    373128 (Using SPRNG - Scalable Parallel Random Number Generator)
Time:    Sat Nov  2 05:27:40 2019
Kernel:  AVX+FMA - auto-detect threads (48 CPU cores detected)

Reading alignment file /csm_data/spielman_lab/aa_phylo_fit_topology//simulations/alignments/1R6M_opisthokonta_rep18_AA.fasta ... Fasta format detected
Alignment most likely contains protein sequences
Alignment has 70 sequences with 203 columns, 157 distinct patterns
110 parsimony-informative, 30 singleton sites, 63 constant sites
                                  Gap/Ambiguity  Composition  p-value
   1  Oscarella_carmela                   0.00%    passed    100.00%
   2  Oscarella_lobularis                 0.00%    passed    100.00%
   3  Leucetta_chagosensis                0.00%    passed     99.98%
   4  Sycon_raphanus                      0.00%    passed     99.98%
   5  Oopsacas_minuta                     0.00%    passed     99.99%
   6  Carteriospongia_foliascens          0.00%    passed    100.00%
   7  Amphimedon_queenslandica            0.00%    passed    100.00%
   8  Suberites_domuncula                 0.00%    passed    100.00%
   9  Lubomirskia_baicalensis             0.00%    passed    100.00%
  10  Ephydatia_muelleri                  0.00%    passed    100.00%
  11  Trichoplax_adhaerens                0.00%    passed     99.94%
  12  Nematostella_vectensis              0.00%    passed    100.00%
  13  Anemonia_viridis                    0.00%    passed    100.00%
  14  Aiptasia_pallida                    0.00%    passed    100.00%
  15  Metridium_senile                    0.00%    passed    100.00%
  16  Acropora_palmata                    0.00%    passed    100.00%
  17  Acropora_millepora                  0.00%    passed     99.99%
  18  Porites_astreoides                  0.00%    passed     99.97%
  19  Montastraea_faveolata               0.00%    passed     99.99%
  20  Cyanea_capillata                    0.00%    passed    100.00%
  21  Clytia_hemisphaerica                0.00%    passed    100.00%
  22  Podocoryna_carnea                   0.00%    passed    100.00%
  23  Hydractinia_echinata                0.00%    passed    100.00%
  24  Hydra_magnipapillata                0.00%    passed    100.00%
  25  Saccoglossus_kowalevskii            0.00%    passed    100.00%
  26  Ptychodera_flava                    0.00%    passed    100.00%
  27  Strongylocentrotus_purpuratus       0.00%    passed     99.97%
  28  Asterina_pectinifera                0.00%    passed     99.99%
  29  Branchiostoma_floridae              0.00%    passed    100.00%
  30  Petromyzon_marinus                  0.00%    passed    100.00%
  31  Gallus                              0.00%    passed    100.00%
  32  Ciona_intestinalis                  0.00%    passed    100.00%
  33  Halocynthia_roretzi                 0.00%    passed     99.95%
  34  Anoplodactylus_eroticus             0.00%    passed    100.00%
  35  Boophilus_microplus                 0.00%    passed    100.00%
  36  Daphnia_pulex                       0.00%    passed    100.00%
  37  Drosophila_melanogaster             0.00%    passed    100.00%
  38  Euperipatoides_kanangrensis         0.00%    passed     99.97%
  39  Echinoderes_horni                   0.00%    passed     99.17%
  40  Xiphinema_index                     0.00%    passed     99.30%
  41  Cerebratulus_lacteus                0.00%    passed     99.98%
  42  Terebratalia_transversa             0.00%    passed    100.00%
  43  Lottia_gigantea                     0.00%    passed    100.00%
  44  Crassostrea_virginica               0.00%    passed    100.00%
  45  Euprymna_scolopes                   0.00%    passed     99.99%
  46  Capitella_telata                    0.00%    passed    100.00%
  47  Helobdella_robusta                  0.00%    passed     99.96%
  48  Schmidtea_mediterranea              0.00%    passed     98.05%
  49  Paraplanocera_oligoglena            0.00%    passed     98.04%
  50  Xenoturbella_bocki                  0.00%    passed    100.00%
  51  Nemertoderma_westbladi              0.00%    passed    100.00%
  52  Meara_stichopi                      0.00%    passed    100.00%
  53  Isodiametra_pulchra                 0.00%    passed     99.94%
  54  Symsagittifera_roscoffensis         0.00%    passed    100.00%
  55  Convolutriloba_longifissura         0.00%    passed     99.99%
  56  Capsaspora_owczarzaki_ATCC_30864    0.00%    passed     99.44%
  57  Amoebidium_parasiticum              0.00%    passed     99.90%
  58  Sphaeroforma_arctica                0.00%    passed    100.00%
  59  Spizellomyces_punctatus             0.00%    passed    100.00%
  60  Batrachochytrium_dendrobatidis      0.00%    passed     99.99%
  61  Cryptococcus_neoformans             0.00%    passed     99.99%
  62  Saccharomyces_cerevisiae            0.00%    passed     99.65%
  63  Phycomyces_blakesleeanus            0.00%    passed    100.00%
  64  Rhizopus_orizae                     0.00%    passed    100.00%
  65  Monosiga_ovata                      0.00%    passed     97.73%
  66  Salpingoeca_rosetta                 0.00%    passed     99.48%
  67  Monosiga_brevicollis                0.00%    passed     99.92%
  68  Mnemiopsis                          0.00%    passed    100.00%
  69  Mertensiid_sp                       0.00%    passed    100.00%
  70  Pleurobrachia_pileus                0.00%    passed    100.00%
****  TOTAL                               0.00%  0 sequences failed composition chi2 test (p-value<5%; df=18)
NOTE: State(s) W not present in alignment and thus removed from Markov process to prevent numerical problems
NOTE: 1 states (see above) are not present and thus removed from Markov process to prevent numerical problems

Create initial parsimony tree by phylogenetic likelihood library (PLL)... 0.014 seconds
Generating 1000 samples for ultrafast bootstrap (seed: 373128)...
WARNING: GTR20 model will estimate 189 substitution rates that might be overfitting!
WARNING: Please only use GTR20 with very large data and always test for model fit!

NOTE: 2 MB RAM (0 GB) is required!
Measuring multi-threading efficiency up to 8 CPU cores
Increase to 10 rounds for branch lengths
191 trees examined
Threads: 1 / Time: 8.010 sec / Speedup: 1.000 / Efficiency: 100% / LogL: -7403
Threads: 2 / Time: 5.022 sec / Speedup: 1.595 / Efficiency: 80% / LogL: -7403
Threads: 3 / Time: 4.054 sec / Speedup: 1.976 / Efficiency: 66% / LogL: -7403
Threads: 4 / Time: 4.376 sec / Speedup: 1.831 / Efficiency: 46% / LogL: -7403
BEST NUMBER OF THREADS: 3

Estimate model parameters (epsilon = 0.100)
1. Initial log-likelihood: -5353.168
2. Current log-likelihood: -5070.032
3. Current log-likelihood: -5038.142
4. Current log-likelihood: -5016.823
5. Current log-likelihood: -5011.080
6. Current log-likelihood: -5004.733
7. Current log-likelihood: -5002.839
8. Current log-likelihood: -5002.291
9. Current log-likelihood: -5001.857
10. Current log-likelihood: -5000.919
11. Current log-likelihood: -5000.623
12. Current log-likelihood: -4999.747
13. Current log-likelihood: -4999.064
14. Current log-likelihood: -4998.776
15. Current log-likelihood: -4998.459
16. Current log-likelihood: -4998.218
17. Current log-likelihood: -4997.723
18. Current log-likelihood: -4997.437
19. Current log-likelihood: -4997.252
20. Current log-likelihood: -4996.562
21. Current log-likelihood: -4996.216
22. Current log-likelihood: -4996.035
23. Current log-likelihood: -4995.923
Optimal log-likelihood: -4995.824
Parameters optimization took 23 rounds (16.883 sec)
Computing ML distances based on estimated model parameters... 0.297 sec
Computing BIONJ tree...
0.004 seconds
Log-likelihood of BIONJ tree: -5003.257
--------------------------------------------------------------------
|             INITIALIZING CANDIDATE TREE SET                      |
--------------------------------------------------------------------
Generating 98 parsimony trees... 1.331 second
Computing log-likelihood of 98 initial trees ... 0.885 seconds
Current best score: -4992.452

Do NNI search on 20 best initial trees
Estimate model parameters (epsilon = 0.100)
BETTER TREE FOUND at iteration 1: -4988.690
Estimate model parameters (epsilon = 0.100)
BETTER TREE FOUND at iteration 2: -4979.512
Iteration 10 / LogL: -4984.401 / Time: 0h:0m:47s
Iteration 20 / LogL: -4985.039 / Time: 0h:0m:48s
Finish initializing candidate tree set (20)
Current best tree score: -4979.512 / CPU time: 9.730
Number of iterations: 20
--------------------------------------------------------------------
|               OPTIMIZING CANDIDATE TREE SET                      |
--------------------------------------------------------------------
Iteration 30 / LogL: -4980.452 / Time: 0h:0m:49s (0h:2m:2s left)
Iteration 40 / LogL: -4986.648 / Time: 0h:0m:51s (0h:1m:20s left)
Iteration 50 / LogL: -4980.159 / Time: 0h:0m:52s (0h:0m:55s left)
Log-likelihood cutoff on original alignment: -5018.419
Iteration 60 / LogL: -4980.158 / Time: 0h:0m:54s (0h:0m:38s left)
Iteration 70 / LogL: -4979.512 / Time: 0h:0m:55s (0h:0m:25s left)
UPDATE BEST LOG-LIKELIHOOD: -4979.512
Iteration 80 / LogL: -4980.158 / Time: 0h:0m:57s (0h:0m:15s left)
Iteration 90 / LogL: -4979.512 / Time: 0h:0m:58s (0h:0m:7s left)
UPDATE BEST LOG-LIKELIHOOD: -4979.512
Iteration 100 / LogL: -4982.718 / Time: 0h:1m:0s (0h:0m:1s left)
Log-likelihood cutoff on original alignment: -5018.419
NOTE: Bootstrap correlation coefficient of split occurrence frequencies: 0.998
TREE SEARCH COMPLETED AFTER 103 ITERATIONS / Time: 0h:1m:1s

--------------------------------------------------------------------
|                    FINALIZING TREE SEARCH                        |
--------------------------------------------------------------------
Performs final model parameters optimization
Estimate model parameters (epsilon = 0.010)
1. Initial log-likelihood: -4979.512
2. Current log-likelihood: -4979.449
3. Current log-likelihood: -4979.188
4. Current log-likelihood: -4978.433
5. Current log-likelihood: -4978.195
6. Current log-likelihood: -4978.143
7. Current log-likelihood: -4977.997
8. Current log-likelihood: -4977.934
9. Current log-likelihood: -4977.866
10. Current log-likelihood: -4977.795
11. Current log-likelihood: -4977.782
12. Current log-likelihood: -4977.750
13. Current log-likelihood: -4977.714
14. Current log-likelihood: -4977.702
15. Current log-likelihood: -4977.690
16. Current log-likelihood: -4977.515
17. Current log-likelihood: -4977.270
18. Current log-likelihood: -4977.259
19. Current log-likelihood: -4977.239
20. Current log-likelihood: -4977.200
21. Current log-likelihood: -4977.136
Optimal log-likelihood: -4977.129
Parameters optimization took 21 rounds (9.798 sec)
BEST SCORE FOUND : -4977.129
Creating bootstrap support values...
Split supports printed to NEXUS file /csm_data/spielman_lab/aa_phylo_fit_topology//simulations/alignments/1R6M_opisthokonta_rep18_AA.fasta.splits.nex
Total tree length: 3.912

Total number of iterations: 103
CPU time used for tree search: 64.822 sec (0h:1m:4s)
Wall-clock time used for tree search: 22.520 sec (0h:0m:22s)
Total CPU time used: 200.889 sec (0h:3m:20s)
Total wall-clock time used: 71.294 sec (0h:1m:11s)

Computing bootstrap consensus tree...
Reading input file /csm_data/spielman_lab/aa_phylo_fit_topology//simulations/alignments/1R6M_opisthokonta_rep18_AA.fasta.splits.nex...
70 taxa and 559 splits.
Consensus tree written to /csm_data/spielman_lab/aa_phylo_fit_topology//simulations/alignments/1R6M_opisthokonta_rep18_AA.fasta.contree
Reading input trees file /csm_data/spielman_lab/aa_phylo_fit_topology//simulations/alignments/1R6M_opisthokonta_rep18_AA.fasta.contree
Log-likelihood of consensus tree: -4977.129

Analysis results written to: 
  IQ-TREE report:                /csm_data/spielman_lab/aa_phylo_fit_topology//simulations/alignments/1R6M_opisthokonta_rep18_AA.fasta.iqtree
  Maximum-likelihood tree:       /csm_data/spielman_lab/aa_phylo_fit_topology//simulations/alignments/1R6M_opisthokonta_rep18_AA.fasta.treefile
  Likelihood distances:          /csm_data/spielman_lab/aa_phylo_fit_topology//simulations/alignments/1R6M_opisthokonta_rep18_AA.fasta.mldist

Ultrafast bootstrap approximation results written to:
  Split support values:          /csm_data/spielman_lab/aa_phylo_fit_topology//simulations/alignments/1R6M_opisthokonta_rep18_AA.fasta.splits.nex
  Consensus tree:                /csm_data/spielman_lab/aa_phylo_fit_topology//simulations/alignments/1R6M_opisthokonta_rep18_AA.fasta.contree
  Screen log file:               /csm_data/spielman_lab/aa_phylo_fit_topology//simulations/alignments/1R6M_opisthokonta_rep18_AA.fasta.log

Date and Time: Sat Nov  2 05:28:51 2019
