IQ-TREE multicore version 1.6.7 for Linux 64-bit built Aug 23 2018
Developed by Bui Quang Minh, Nguyen Lam Tung, Olga Chernomor,
Heiko Schmidt, Dominik Schrempf, Michael Woodhams.

Host:    csm-com-009 (AVX2, FMA3, 62 GB RAM)
Command: iqtree -quiet -nt AUTO -ntmax 8 -m JTT -s /csm_data/spielman_lab/aa_phylo_fit_topology//simulations/alignments/1RII_salichos_rep15_AA.fasta -st AA -redo -bb 1000
Seed:    156957 (Using SPRNG - Scalable Parallel Random Number Generator)
Time:    Sat Nov  2 21:22:05 2019
Kernel:  AVX+FMA - auto-detect threads (48 CPU cores detected)

Reading alignment file /csm_data/spielman_lab/aa_phylo_fit_topology//simulations/alignments/1RII_salichos_rep15_AA.fasta ... Fasta format detected
Alignment most likely contains protein sequences
Alignment has 23 sequences with 195 columns, 125 distinct patterns
78 parsimony-informative, 29 singleton sites, 88 constant sites
      Gap/Ambiguity  Composition  p-value
   1  Agos    0.00%    passed     99.97%
   2  Klac    0.00%    passed     99.93%
   3  Calb    0.00%    passed     99.83%
   4  Cdub    0.00%    passed     99.70%
   5  Ctro    0.00%    passed     99.87%
   6  Cpar    0.00%    passed     99.99%
   7  Lelo    0.00%    passed     99.96%
   8  Psti    0.00%    passed    100.00%
   9  Cgui    0.00%    passed     18.31%
  10  Dhan    0.00%    passed     99.95%
  11  Clus    0.00%    passed    100.00%
  12  Cgla    0.00%    passed    100.00%
  13  Sbay    0.00%    passed    100.00%
  14  Scer    0.00%    passed    100.00%
  15  Spar    0.00%    passed     99.99%
  16  Smik    0.00%    passed    100.00%
  17  Skud    0.00%    passed     99.99%
  18  Scas    0.00%    passed    100.00%
  19  Kpol    0.00%    passed    100.00%
  20  Zrou    0.00%    passed     99.99%
  21  Kthe    0.00%    passed     97.97%
  22  Kwal    0.00%    failed      3.36%
  23  Sklu    0.00%    passed     99.99%
****  TOTAL    0.00%  1 sequences failed composition chi2 test (p-value<5%; df=19)

Create initial parsimony tree by phylogenetic likelihood library (PLL)... 0.001 seconds
Generating 1000 samples for ultrafast bootstrap (seed: 156957)...

NOTE: 1 MB RAM (0 GB) is required!
Measuring multi-threading efficiency up to 8 CPU cores
Increase to 10 rounds for branch lengths
690 trees examined
Threads: 1 / Time: 8.001 sec / Speedup: 1.000 / Efficiency: 100% / LogL: -3371
Threads: 2 / Time: 8.153 sec / Speedup: 0.981 / Efficiency: 49% / LogL: -3371
BEST NUMBER OF THREADS: 1

Estimate model parameters (epsilon = 0.100)
1. Initial log-likelihood: -2274.977
Optimal log-likelihood: -2267.440
Parameters optimization took 1 rounds (0.006 sec)
Computing ML distances based on estimated model parameters... 0.053 sec
Computing BIONJ tree...
0.001 seconds
Log-likelihood of BIONJ tree: -2272.423
--------------------------------------------------------------------
|             INITIALIZING CANDIDATE TREE SET                      |
--------------------------------------------------------------------
Generating 98 parsimony trees... 0.162 second
Computing log-likelihood of 98 initial trees ... 0.385 seconds
Current best score: -2265.150

Do NNI search on 20 best initial trees
Estimate model parameters (epsilon = 0.100)
BETTER TREE FOUND at iteration 1: -2265.149
Iteration 10 / LogL: -2265.149 / Time: 0h:0m:17s
Iteration 20 / LogL: -2265.149 / Time: 0h:0m:17s
Finish initializing candidate tree set (7)
Current best tree score: -2265.149 / CPU time: 0.912
Number of iterations: 20
--------------------------------------------------------------------
|               OPTIMIZING CANDIDATE TREE SET                      |
--------------------------------------------------------------------
UPDATE BEST LOG-LIKELIHOOD: -2265.149
Iteration 30 / LogL: -2265.149 / Time: 0h:0m:17s (0h:0m:42s left)
Iteration 40 / LogL: -2265.151 / Time: 0h:0m:18s (0h:0m:28s left)
Iteration 50 / LogL: -2265.173 / Time: 0h:0m:18s (0h:0m:19s left)
Log-likelihood cutoff on original alignment: -2298.978
Iteration 60 / LogL: -2265.150 / Time: 0h:0m:18s (0h:0m:13s left)
UPDATE BEST LOG-LIKELIHOOD: -2265.149
Iteration 70 / LogL: -2265.149 / Time: 0h:0m:19s (0h:0m:8s left)
UPDATE BEST LOG-LIKELIHOOD: -2265.149
Iteration 80 / LogL: -2265.149 / Time: 0h:0m:19s (0h:0m:5s left)
Iteration 90 / LogL: -2269.657 / Time: 0h:0m:20s (0h:0m:2s left)
Iteration 100 / LogL: -2265.150 / Time: 0h:0m:20s (0h:0m:0s left)
Log-likelihood cutoff on original alignment: -2299.137
NOTE: Bootstrap correlation coefficient of split occurrence frequencies: 0.993
TREE SEARCH COMPLETED AFTER 102 ITERATIONS / Time: 0h:0m:20s

--------------------------------------------------------------------
|                    FINALIZING TREE SEARCH                        |
--------------------------------------------------------------------
Performs final model parameters optimization
Estimate model parameters (epsilon = 0.010)
1. Initial log-likelihood: -2265.149
Optimal log-likelihood: -2265.149
Parameters optimization took 1 rounds (0.003 sec)
BEST SCORE FOUND : -2265.149
Creating bootstrap support values...
Split supports printed to NEXUS file /csm_data/spielman_lab/aa_phylo_fit_topology//simulations/alignments/1RII_salichos_rep15_AA.fasta.splits.nex
Total tree length: 1.554

Total number of iterations: 102
CPU time used for tree search: 4.576 sec (0h:0m:4s)
Wall-clock time used for tree search: 4.448 sec (0h:0m:4s)
Total CPU time used: 33.324 sec (0h:0m:33s)
Total wall-clock time used: 20.875 sec (0h:0m:20s)

Computing bootstrap consensus tree...
Reading input file /csm_data/spielman_lab/aa_phylo_fit_topology//simulations/alignments/1RII_salichos_rep15_AA.fasta.splits.nex...
23 taxa and 138 splits.
Consensus tree written to /csm_data/spielman_lab/aa_phylo_fit_topology//simulations/alignments/1RII_salichos_rep15_AA.fasta.contree
Reading input trees file /csm_data/spielman_lab/aa_phylo_fit_topology//simulations/alignments/1RII_salichos_rep15_AA.fasta.contree
Log-likelihood of consensus tree: -2265.149

Analysis results written to: 
  IQ-TREE report:                /csm_data/spielman_lab/aa_phylo_fit_topology//simulations/alignments/1RII_salichos_rep15_AA.fasta.iqtree
  Maximum-likelihood tree:       /csm_data/spielman_lab/aa_phylo_fit_topology//simulations/alignments/1RII_salichos_rep15_AA.fasta.treefile
  Likelihood distances:          /csm_data/spielman_lab/aa_phylo_fit_topology//simulations/alignments/1RII_salichos_rep15_AA.fasta.mldist

Ultrafast bootstrap approximation results written to:
  Split support values:          /csm_data/spielman_lab/aa_phylo_fit_topology//simulations/alignments/1RII_salichos_rep15_AA.fasta.splits.nex
  Consensus tree:                /csm_data/spielman_lab/aa_phylo_fit_topology//simulations/alignments/1RII_salichos_rep15_AA.fasta.contree
  Screen log file:               /csm_data/spielman_lab/aa_phylo_fit_topology//simulations/alignments/1RII_salichos_rep15_AA.fasta.log

Date and Time: Sat Nov  2 21:22:26 2019
