IQ-TREE multicore version 1.6.7 for Linux 64-bit built Aug 23 2018
Developed by Bui Quang Minh, Nguyen Lam Tung, Olga Chernomor,
Heiko Schmidt, Dominik Schrempf, Michael Woodhams.

Host:    csm-com-008 (AVX2, FMA3, 62 GB RAM)
Command: iqtree -quiet -nt AUTO -ntmax 8 -m mtART -s /csm_data/spielman_lab/aa_phylo_fit_topology//simulations/alignments/1RII_andersen_rep6_AA.fasta -st AA -redo -bb 1000
Seed:    129913 (Using SPRNG - Scalable Parallel Random Number Generator)
Time:    Sat Nov  2 16:37:29 2019
Kernel:  AVX+FMA - auto-detect threads (48 CPU cores detected)

Reading alignment file /csm_data/spielman_lab/aa_phylo_fit_topology//simulations/alignments/1RII_andersen_rep6_AA.fasta ... Fasta format detected
Alignment most likely contains protein sequences
Alignment has 179 sequences with 195 columns, 117 distinct patterns
75 parsimony-informative, 25 singleton sites, 95 constant sites
                      Gap/Ambiguity  Composition  p-value
   1  BA366-S-GIN-2003        0.00%    passed    100.00%
   2  G502-S-SLE-2009         0.00%    passed    100.00%
   3  G1180-S-SLE-2010        0.00%    passed    100.00%
   4  G2147-S-SLE-2011        0.00%    passed    100.00%
   5  G2165-S-SLE-2011        0.00%    passed    100.00%
   6  LM222-S-SLE-2010        0.00%    passed    100.00%
   7  LM774-S-SLE-2012        0.00%    passed    100.00%
   8  LM778-S-SLE-2012        0.00%    passed    100.00%
   9  G2184-S-SLE-2011        0.00%    passed    100.00%
  10  LM776-S-SLE-2012        0.00%    passed    100.00%
  11  G503-S-SLE-2009         0.00%    passed    100.00%
  12  G2318-S-SLE-2012        0.00%    passed    100.00%
  13  G1959-S-SLE-2011        0.00%    passed    100.00%
  14  G3010-S-SLE-2013        0.00%    passed    100.00%
  15  G610-S-SLE-2009         0.00%    passed    100.00%
  16  G693-S-SLE-2009         0.00%    passed    100.00%
  17  G771-S-SLE-2010         0.00%    passed    100.00%
  18  G1792-S-SLE-2011        0.00%    passed    100.00%
  19  G1960-S-SLE-2011        0.00%    passed    100.00%
  20  G2565-S-SLE-2012        0.00%    passed    100.00%
  21  G2197-S-SLE-2011        0.00%    passed    100.00%
  22  LM032-S-SLE-2010        0.00%    passed    100.00%
  23  Josiah-S-SLE-1976       0.00%    passed    100.00%
  24  G808-S-SLE-2010         0.00%    passed    100.00%
  25  G2868-S-SLE-2012        0.00%    passed    100.00%
  26  G676-S-SLE-2009         0.00%    passed    100.00%
  27  G2405-S-SLE-2012        0.00%    passed    100.00%
  28  G1190-S-SLE-2010        0.00%    passed    100.00%
  29  G2944-S-SLE-2012        0.00%    passed    100.00%
  30  LM765-S-SLE-2012        0.00%    passed    100.00%
  31  G3148-S-SLE-2013        0.00%    passed    100.00%
  32  Z0947-S-SLE-2011        0.00%    passed    100.00%
  33  Z0948-S-SLE-2011        0.00%    passed    100.00%
  34  G1727-S-SLE-2011        0.00%    passed    100.00%
  35  G1647-S-SLE-2011        0.00%    passed    100.00%
  36  G2295-S-SLE-2012        0.00%    passed    100.00%
  37  G2587-S-SLE-2012        0.00%    passed    100.00%
  38  G2280-S-SLE-2012        0.00%    failed      0.00%
  39  G3016-S-SLE-2013        0.00%    passed    100.00%
  40  G3106-S-SLE-2013        0.00%    passed    100.00%
  41  G2612-S-SLE-2012        0.00%    passed    100.00%
  42  LM779-S-SLE-2012        0.00%    passed    100.00%
  43  G692-S-SLE-2009         0.00%    passed    100.00%
  44  LM395-S-SLE-2009        0.00%    passed    100.00%
  45  G1774-S-SLE-2011        0.00%    passed    100.00%
  46  G2222-S-SLE-2011        0.00%    passed    100.00%
  47  G636-S-SLE-2009         0.00%    passed    100.00%
  48  G2315-S-SLE-2012        0.00%    passed    100.00%
  49  G2903-S-SLE-2012        0.00%    passed    100.00%
  50  G3206-S-SLE-2013        0.00%    passed    100.00%
  51  G733-S-SLE-2010         0.00%    passed    100.00%
  52  G2554-S-SLE-2012        0.00%    passed    100.00%
  53  G1618-S-SLE-2011        0.00%    passed    100.00%
  54  G1646-S-SLE-2011        0.00%    passed    100.00%
  55  G2427-S-SLE-2012        0.00%    passed    100.00%
  56  G2392-S-SLE-2012        0.00%    passed    100.00%
  57  G3229-S-SLE-2013        0.00%    passed    100.00%
  58  G3151-S-SLE-2013        0.00%    passed    100.00%
  59  G3248-S-SLE-2013        0.00%    passed    100.00%
  60  G3170-S-SLE-2013        0.00%    passed    100.00%
  61  NL-S-SLE-2000           0.00%    passed    100.00%
  62  G2263-S-SLE-2012        0.00%    passed    100.00%
  63  G2431-S-SLE-2012        0.00%    passed    100.00%
  64  G1442-S-SLE-2011        0.00%    passed    100.00%
  65  G2141-S-SLE-2011        0.00%    passed     99.98%
  66  G1529-S-SLE-2011        0.00%    passed    100.00%
  67  G3234-S-SLE-2013        0.00%    passed    100.00%
  68  G2363-S-SLE-2012        0.00%    passed    100.00%
  69  G2259-S-SLE-2012        0.00%    passed    100.00%
  70  G2723-S-SLE-2012        0.00%    passed    100.00%
  71  G3278-S-SLE-2013        0.00%    passed    100.00%
  72  G2557-S-SLE-2012        0.00%    passed    100.00%
  73  G2615-S-SLE-2012        0.00%    passed    100.00%
  74  G1200-S-LIB-2010        0.00%    passed    100.00%
  75  Macenta-S-GIN-1982      0.00%    passed    100.00%
  76  Z148-S-LIB-1981         0.00%    passed    100.00%
  77  AV-S-CIV-1999           0.00%    passed    100.00%
  78  Nig08-A18-S-NIG-2008    0.00%    passed     99.24%
  79  Nig08-A19-S-NIG-2008    0.00%    passed     99.70%
  80  CSF-S-NIG-2001          0.00%    passed     99.70%
  81  ISTH0009-S-NIG-2011     0.00%    passed    100.00%
  82  LASV979-S-NIG-2009      0.00%    passed    100.00%
  83  LASV237-S-NIG-2010      0.00%    passed    100.00%
  84  LASV711-S-NIG-2009      0.00%    passed    100.00%
  85  LASV992-S-NIG-2009      0.00%    passed    100.00%
  86  ISTH0230-S-NIG-2011     0.00%    passed    100.00%
  87  LASV975-S-NIG-2009      0.00%    passed    100.00%
  88  ISTH2061-S-NIG-2012     0.00%    passed    100.00%
  89  Nig08-A41-S-NIG-2008    0.00%    passed    100.00%
  90  ISTH2217-S-NIG-2012     0.00%    passed    100.00%
  91  ISTH1064-S-NIG-2011     0.00%    passed    100.00%
  92  ISTH2334-S-NIG-2012     0.00%    passed    100.00%
  93  LASV245-S-NIG-2011      0.00%    passed    100.00%
  94  LASV1011-S-NIG-2009     0.00%    passed    100.00%
  95  ISTH2312-S-NIG-2012     0.00%    passed    100.00%
  96  LASV1000-S-NIG-2009     0.00%    passed    100.00%
  97  ISTH2010-S-NIG-2012     0.00%    passed    100.00%
  98  ISTH2016-S-NIG-2012     0.00%    passed    100.00%
  99  Nig08-A37-S-NIG-2008    0.00%    passed    100.00%
 100  LASV737-S-NIG-2009      0.00%    passed    100.00%
 101  LASV719-S-NIG-2009      0.00%    passed    100.00%
 102  LASV046-S-NIG-2009      0.00%    passed    100.00%
 103  ISTH2042-S-NIG-2012     0.00%    passed    100.00%
 104  LASV274-S-NIG-2010      0.00%    passed    100.00%
 105  LASV263-S-NIG-2011      0.00%    passed    100.00%
 106  ISTH1137-S-NIG-2011     0.00%    passed    100.00%
 107  LASV976-S-NIG-2009      0.00%    passed    100.00%
 108  LASV1016-S-NIG-2009     0.00%    passed    100.00%
 109  LASV229-S-NIG-2010      0.00%    passed    100.00%
 110  ISTH2129-S-NIG-2012     0.00%    passed    100.00%
 111  ISTH2057-S-NIG-2012     0.00%    passed    100.00%
 112  LASV058-S-NIG-2008      0.00%    passed    100.00%
 113  ISTH1038-S-NIG-2011     0.00%    passed    100.00%
 114  LASV056-S-NIG-2008      0.00%    passed    100.00%
 115  LASV042-S-NIG-2009      0.00%    passed    100.00%
 116  LASV981-S-NIG-2009      0.00%    passed    100.00%
 117  LASV256-S-NIG-2010      0.00%    passed    100.00%
 118  LASV052-S-NIG-2008      0.00%    passed    100.00%
 119  LASV063-S-NIG-2009      0.00%    passed    100.00%
 120  ISTH0595-S-NIG-2011     0.00%    passed    100.00%
 121  ISTH1096-S-NIG-2012     0.00%    passed    100.00%
 122  LASV221-S-NIG-2010      0.00%    passed    100.00%
 123  LASV977-S-NIG-2009      0.00%    passed    100.00%
 124  LASV971-S-NIG-2009      0.00%    passed    100.00%
 125  LASV967-S-NIG-2009      0.00%    passed    100.00%
 126  ISTH2050-S-NIG-2012     0.00%    passed    100.00%
 127  ISTH2031-S-NIG-2012     0.00%    passed    100.00%
 128  ISTH2376-S-NIG-2012     0.00%    passed    100.00%
 129  LASV991-S-NIG-2009      0.00%    passed    100.00%
 130  LASV267-S-NIG-2010      0.00%    passed    100.00%
 131  LASV049-S-NIG-2009      0.00%    passed    100.00%
 132  LASV239-S-NIG-2010      0.00%    passed    100.00%
 133  ISTH2037-S-NIG-2012     0.00%    passed    100.00%
 134  ISTH1069-S-NIG-2011     0.00%    passed    100.00%
 135  ISTH1129-S-NIG-2012     0.00%    passed    100.00%
 136  ISTH2304-S-NIG-2012     0.00%    passed    100.00%
 137  LASV246-S-NIG-2010      0.00%    passed    100.00%
 138  ISTH1111-S-NIG-2011     0.00%    passed    100.00%
 139  LASV006-S-NIG-2008      0.00%    passed    100.00%
 140  ISTH0531-S-NIG-2011     0.00%    passed    100.00%
 141  LASV254-S-NIG-2011      0.00%    passed    100.00%
 142  ISTH2358-S-NIG-2012     0.00%    passed    100.00%
 143  LASV966-S-NIG-2009      0.00%    passed    100.00%
 144  ISTH1058-S-NIG-2011     0.00%    passed    100.00%
 145  LASV241-S-NIG-2011      0.00%    passed    100.00%
 146  LASV271-S-NIG-2010      0.00%    passed    100.00%
 147  Nig08-A47-S-NIG-2008    0.00%    passed    100.00%
 148  ISTH0012-S-NIG-2011     0.00%    passed    100.00%
 149  LASV993-S-NIG-2009      0.00%    passed    100.00%
 150  ISTH2046-S-NIG-2012     0.00%    passed    100.00%
 151  LASV1008-S-NIG-2009     0.00%    passed    100.00%
 152  ISTH2020-S-NIG-2012     0.00%    passed    100.00%
 153  LASV003-S-NIG-2008      0.00%    passed    100.00%
 154  LASV242-S-NIG-2010      0.00%    passed    100.00%
 155  LASV253-S-NIG-2011      0.00%    passed    100.00%
 156  LASV982-S-NIG-2009      0.00%    passed    100.00%
 157  LASV251-S-NIG-2010      0.00%    passed    100.00%
 158  LASV989-S-NIG-2009      0.00%    passed    100.00%
 159  ISTH0047-S-NIG-2011     0.00%    passed    100.00%
 160  LASV990-S-NIG-2009      0.00%    passed    100.00%
 161  ISTH1003-S-NIG-2011     0.00%    passed    100.00%
 162  ISTH0073-S-NIG-2011     0.00%    passed    100.00%
 163  ISTH2316-S-NIG-2012     0.00%    passed    100.00%
 164  LASV225-S-NIG-2010      0.00%    passed    100.00%
 165  LASV978-S-NIG-2009      0.00%    passed    100.00%
 166  ISTH1048-S-NIG-2011     0.00%    passed    100.00%
 167  LASV045-S-NIG-2009      0.00%    passed    100.00%
 168  ISTH2025-S-NIG-2012     0.00%    passed    100.00%
 169  LASV250-S-NIG-2011      0.00%    passed    100.00%
 170  LASV1015-S-NIG-2009     0.00%    passed    100.00%
 171  LASV035-S-NIG-2009      0.00%    passed    100.00%
 172  ISTH1107-S-NIG-2012     0.00%    passed    100.00%
 173  ISTH2271-S-NIG-2012     0.00%    passed    100.00%
 174  ISTH1121-S-NIG-2012     0.00%    passed    100.00%
 175  ISTH2065-S-NIG-2012     0.00%    passed    100.00%
 176  ISTH2066-S-NIG-2012     0.00%    passed    100.00%
 177  ISTH2094-S-NIG-2012     0.00%    passed     99.85%
 178  Nig08-04-S-NIG-2008     0.00%    passed     99.75%
 179  Pinneo-S-NIG-1969       0.00%    passed     99.98%
****  TOTAL                   0.00%  1 sequences failed composition chi2 test (p-value<5%; df=19)
NOTE: G2165-S-SLE-2011 is identical to G1180-S-SLE-2010 but kept for subsequent analysis
NOTE: LM776-S-SLE-2012 is identical to G2184-S-SLE-2011 but kept for subsequent analysis
NOTE: G1190-S-SLE-2010 is identical to Josiah-S-SLE-1976 but kept for subsequent analysis
NOTE: G2405-S-SLE-2012 is identical to G676-S-SLE-2009 but kept for subsequent analysis
NOTE: G2587-S-SLE-2012 is identical to G2295-S-SLE-2012 but kept for subsequent analysis
NOTE: G2315-S-SLE-2012 is identical to G636-S-SLE-2009 but kept for subsequent analysis
NOTE: G2554-S-SLE-2012 is identical to G733-S-SLE-2010 but kept for subsequent analysis
NOTE: G2392-S-SLE-2012 is identical to G2427-S-SLE-2012 but kept for subsequent analysis
NOTE: G3234-S-SLE-2013 is identical to G1529-S-SLE-2011 but kept for subsequent analysis
NOTE: G2557-S-SLE-2012 is identical to G3278-S-SLE-2013 but kept for subsequent analysis
NOTE: LASV979-S-NIG-2009 is identical to ISTH0009-S-NIG-2011 but kept for subsequent analysis
NOTE: ISTH2217-S-NIG-2012 is identical to ISTH2061-S-NIG-2012 but kept for subsequent analysis
NOTE: ISTH2016-S-NIG-2012 is identical to ISTH2010-S-NIG-2012 but kept for subsequent analysis
NOTE: ISTH1069-S-NIG-2011 is identical to LASV052-S-NIG-2008 but kept for subsequent analysis
NOTE: ISTH2376-S-NIG-2012 is identical to ISTH2031-S-NIG-2012 but kept for subsequent analysis
NOTE: ISTH2304-S-NIG-2012 is identical to ISTH1129-S-NIG-2012 but kept for subsequent analysis
NOTE: LASV006-S-NIG-2008 is identical to ISTH1111-S-NIG-2011 but kept for subsequent analysis
NOTE: ISTH1003-S-NIG-2011 is identical to LASV990-S-NIG-2009 but kept for subsequent analysis
NOTE: LASV225-S-NIG-2010 is identical to ISTH2316-S-NIG-2012 but kept for subsequent analysis
NOTE: LASV1015-S-NIG-2009 is identical to LASV250-S-NIG-2011 but kept for subsequent analysis
NOTE: ISTH2066-S-NIG-2012 is identical to ISTH2065-S-NIG-2012 but kept for subsequent analysis
NOTE: 65 identical sequences (see below) will be ignored for subsequent analysis
NOTE: LM222-S-SLE-2010 (identical to G1180-S-SLE-2010) is ignored but added at the end
NOTE: LM774-S-SLE-2012 (identical to G1180-S-SLE-2010) is ignored but added at the end
NOTE: LM778-S-SLE-2012 (identical to G1180-S-SLE-2010) is ignored but added at the end
NOTE: G1959-S-SLE-2011 (identical to G1180-S-SLE-2010) is ignored but added at the end
NOTE: G3010-S-SLE-2013 (identical to G1180-S-SLE-2010) is ignored but added at the end
NOTE: G610-S-SLE-2009 (identical to G1180-S-SLE-2010) is ignored but added at the end
NOTE: G693-S-SLE-2009 (identical to G1180-S-SLE-2010) is ignored but added at the end
NOTE: G771-S-SLE-2010 (identical to G1180-S-SLE-2010) is ignored but added at the end
NOTE: G1792-S-SLE-2011 (identical to G1180-S-SLE-2010) is ignored but added at the end
NOTE: G1960-S-SLE-2011 (identical to G1180-S-SLE-2010) is ignored but added at the end
NOTE: G2565-S-SLE-2012 (identical to G1180-S-SLE-2010) is ignored but added at the end
NOTE: LM032-S-SLE-2010 (identical to G1180-S-SLE-2010) is ignored but added at the end
NOTE: LM765-S-SLE-2012 (identical to Josiah-S-SLE-1976) is ignored but added at the end
NOTE: Z0947-S-SLE-2011 (identical to Josiah-S-SLE-1976) is ignored but added at the end
NOTE: G1647-S-SLE-2011 (identical to Josiah-S-SLE-1976) is ignored but added at the end
NOTE: G3016-S-SLE-2013 (identical to Josiah-S-SLE-1976) is ignored but added at the end
NOTE: G3106-S-SLE-2013 (identical to Josiah-S-SLE-1976) is ignored but added at the end
NOTE: LM395-S-SLE-2009 (identical to Josiah-S-SLE-1976) is ignored but added at the end
NOTE: G1774-S-SLE-2011 (identical to Josiah-S-SLE-1976) is ignored but added at the end
NOTE: G3206-S-SLE-2013 (identical to Josiah-S-SLE-1976) is ignored but added at the end
NOTE: G3229-S-SLE-2013 (identical to G2427-S-SLE-2012) is ignored but added at the end
NOTE: G3151-S-SLE-2013 (identical to G2427-S-SLE-2012) is ignored but added at the end
NOTE: G3248-S-SLE-2013 (identical to G2427-S-SLE-2012) is ignored but added at the end
NOTE: G3170-S-SLE-2013 (identical to G2427-S-SLE-2012) is ignored but added at the end
NOTE: LASV237-S-NIG-2010 (identical to ISTH0009-S-NIG-2011) is ignored but added at the end
NOTE: LASV711-S-NIG-2009 (identical to ISTH0009-S-NIG-2011) is ignored but added at the end
NOTE: LASV992-S-NIG-2009 (identical to ISTH0009-S-NIG-2011) is ignored but added at the end
NOTE: ISTH0230-S-NIG-2011 (identical to ISTH0009-S-NIG-2011) is ignored but added at the end
NOTE: ISTH2334-S-NIG-2012 (identical to ISTH2061-S-NIG-2012) is ignored but added at the end
NOTE: LASV245-S-NIG-2011 (identical to ISTH2061-S-NIG-2012) is ignored but added at the end
NOTE: LASV1011-S-NIG-2009 (identical to ISTH2061-S-NIG-2012) is ignored but added at the end
NOTE: LASV976-S-NIG-2009 (identical to ISTH2061-S-NIG-2012) is ignored but added at the end
NOTE: LASV1016-S-NIG-2009 (identical to ISTH2061-S-NIG-2012) is ignored but added at the end
NOTE: ISTH2057-S-NIG-2012 (identical to ISTH2061-S-NIG-2012) is ignored but added at the end
NOTE: LASV981-S-NIG-2009 (identical to ISTH2061-S-NIG-2012) is ignored but added at the end
NOTE: ISTH0595-S-NIG-2011 (identical to ISTH2061-S-NIG-2012) is ignored but added at the end
NOTE: ISTH1096-S-NIG-2012 (identical to ISTH2061-S-NIG-2012) is ignored but added at the end
NOTE: LASV221-S-NIG-2010 (identical to ISTH2061-S-NIG-2012) is ignored but added at the end
NOTE: LASV977-S-NIG-2009 (identical to ISTH2061-S-NIG-2012) is ignored but added at the end
NOTE: ISTH2050-S-NIG-2012 (identical to ISTH2061-S-NIG-2012) is ignored but added at the end
NOTE: LASV991-S-NIG-2009 (identical to ISTH2061-S-NIG-2012) is ignored but added at the end
NOTE: LASV267-S-NIG-2010 (identical to ISTH2061-S-NIG-2012) is ignored but added at the end
NOTE: LASV239-S-NIG-2010 (identical to ISTH2061-S-NIG-2012) is ignored but added at the end
NOTE: ISTH0531-S-NIG-2011 (identical to ISTH2061-S-NIG-2012) is ignored but added at the end
NOTE: ISTH1058-S-NIG-2011 (identical to ISTH2061-S-NIG-2012) is ignored but added at the end
NOTE: LASV241-S-NIG-2011 (identical to ISTH2061-S-NIG-2012) is ignored but added at the end
NOTE: LASV271-S-NIG-2010 (identical to ISTH2061-S-NIG-2012) is ignored but added at the end
NOTE: ISTH0012-S-NIG-2011 (identical to ISTH2061-S-NIG-2012) is ignored but added at the end
NOTE: LASV993-S-NIG-2009 (identical to ISTH2061-S-NIG-2012) is ignored but added at the end
NOTE: ISTH2046-S-NIG-2012 (identical to ISTH2061-S-NIG-2012) is ignored but added at the end
NOTE: ISTH2020-S-NIG-2012 (identical to ISTH2061-S-NIG-2012) is ignored but added at the end
NOTE: LASV003-S-NIG-2008 (identical to ISTH2061-S-NIG-2012) is ignored but added at the end
NOTE: LASV242-S-NIG-2010 (identical to ISTH2061-S-NIG-2012) is ignored but added at the end
NOTE: LASV253-S-NIG-2011 (identical to ISTH2061-S-NIG-2012) is ignored but added at the end
NOTE: Nig08-A37-S-NIG-2008 (identical to ISTH2010-S-NIG-2012) is ignored but added at the end
NOTE: LASV737-S-NIG-2009 (identical to ISTH2010-S-NIG-2012) is ignored but added at the end
NOTE: LASV719-S-NIG-2009 (identical to ISTH2010-S-NIG-2012) is ignored but added at the end
NOTE: LASV046-S-NIG-2009 (identical to ISTH2010-S-NIG-2012) is ignored but added at the end
NOTE: ISTH2042-S-NIG-2012 (identical to ISTH2010-S-NIG-2012) is ignored but added at the end
NOTE: LASV274-S-NIG-2010 (identical to ISTH2010-S-NIG-2012) is ignored but added at the end
NOTE: ISTH0073-S-NIG-2011 (identical to LASV990-S-NIG-2009) is ignored but added at the end
NOTE: LASV978-S-NIG-2009 (identical to ISTH2316-S-NIG-2012) is ignored but added at the end
NOTE: ISTH1048-S-NIG-2011 (identical to ISTH2316-S-NIG-2012) is ignored but added at the end
NOTE: LASV045-S-NIG-2009 (identical to ISTH2316-S-NIG-2012) is ignored but added at the end
NOTE: LASV035-S-NIG-2009 (identical to ISTH2316-S-NIG-2012) is ignored but added at the end

For your convenience alignment with unique sequences printed to /csm_data/spielman_lab/aa_phylo_fit_topology//simulations/alignments/1RII_andersen_rep6_AA.fasta.uniqueseq.phy
WARNING: States(s) C rarely appear in alignment and may cause numerical problems

Create initial parsimony tree by phylogenetic likelihood library (PLL)... 0.012 seconds
Generating 1000 samples for ultrafast bootstrap (seed: 129913)...

NOTE: 3 MB RAM (0 GB) is required!
Measuring multi-threading efficiency up to 8 CPU cores
Increase to 10 rounds for branch lengths
122 trees examined
Threads: 1 / Time: 8.002 sec / Speedup: 1.000 / Efficiency: 100% / LogL: -9130
Threads: 2 / Time: 5.255 sec / Speedup: 1.523 / Efficiency: 76% / LogL: -9130
Threads: 3 / Time: 4.456 sec / Speedup: 1.796 / Efficiency: 60% / LogL: -9130
Threads: 4 / Time: 4.953 sec / Speedup: 1.616 / Efficiency: 40% / LogL: -9130
BEST NUMBER OF THREADS: 3

Estimate model parameters (epsilon = 0.100)
1. Initial log-likelihood: -2597.113
Optimal log-likelihood: -2492.744
Parameters optimization took 1 rounds (0.021 sec)
Computing ML distances based on estimated model parameters... 1.350 sec
Computing BIONJ tree...
0.010 seconds
Log-likelihood of BIONJ tree: -2488.363
--------------------------------------------------------------------
|             INITIALIZING CANDIDATE TREE SET                      |
--------------------------------------------------------------------
Generating 98 parsimony trees... 1.272 second
Computing log-likelihood of 98 initial trees ... 1.474 seconds
Current best score: -2482.642

Do NNI search on 20 best initial trees
Estimate model parameters (epsilon = 0.100)
BETTER TREE FOUND at iteration 1: -2475.356
Estimate model parameters (epsilon = 0.100)
BETTER TREE FOUND at iteration 2: -2471.501
Estimate model parameters (epsilon = 0.100)
BETTER TREE FOUND at iteration 3: -2469.297
Iteration 10 / LogL: -2476.636 / Time: 0h:0m:30s
Estimate model parameters (epsilon = 0.100)
BETTER TREE FOUND at iteration 14: -2467.903
Iteration 20 / LogL: -2472.017 / Time: 0h:0m:32s
Finish initializing candidate tree set (20)
Current best tree score: -2467.903 / CPU time: 6.521
Number of iterations: 20
--------------------------------------------------------------------
|               OPTIMIZING CANDIDATE TREE SET                      |
--------------------------------------------------------------------
Iteration 30 / LogL: -2467.904 / Time: 0h:0m:34s (0h:1m:31s left)
Estimate model parameters (epsilon = 0.100)
BETTER TREE FOUND at iteration 37: -2466.235
Iteration 40 / LogL: -2470.696 / Time: 0h:0m:36s (0h:1m:23s left)
Iteration 50 / LogL: -2470.272 / Time: 0h:0m:38s (0h:1m:3s left)
Log-likelihood cutoff on original alignment: -2523.877
Estimate model parameters (epsilon = 0.100)
BETTER TREE FOUND at iteration 59: -2465.972
Iteration 60 / LogL: -2465.972 / Time: 0h:0m:41s (0h:1m:4s left)
BETTER TREE FOUND at iteration 67: -2465.972
Iteration 70 / LogL: -2465.972 / Time: 0h:0m:43s (0h:0m:57s left)
BETTER TREE FOUND at iteration 77: -2465.972
Iteration 80 / LogL: -2465.972 / Time: 0h:0m:46s (0h:0m:52s left)
Estimate model parameters (epsilon = 0.100)
BETTER TREE FOUND at iteration 90: -2464.299
Iteration 90 / LogL: -2464.299 / Time: 0h:0m:48s (0h:0m:50s left)
Iteration 100 / LogL: -2464.299 / Time: 0h:0m:50s (0h:0m:43s left)
Log-likelihood cutoff on original alignment: -2523.877
NOTE: Bootstrap correlation coefficient of split occurrence frequencies: 0.989
NOTE: UFBoot does not converge, continue at least 100 more iterations
Iteration 110 / LogL: -2465.969 / Time: 0h:0m:53s (0h:0m:41s left)
Iteration 120 / LogL: -2474.014 / Time: 0h:0m:55s (0h:0m:35s left)
Estimate model parameters (epsilon = 0.100)
BETTER TREE FOUND at iteration 125: -2460.800
Iteration 130 / LogL: -2463.622 / Time: 0h:0m:58s (0h:0m:40s left)
Iteration 140 / LogL: -2460.800 / Time: 0h:1m:0s (0h:0m:35s left)
Iteration 150 / LogL: -2460.800 / Time: 0h:1m:2s (0h:0m:30s left)
Log-likelihood cutoff on original alignment: -2523.877
Iteration 160 / LogL: -2479.110 / Time: 0h:1m:5s (0h:0m:25s left)
Iteration 170 / LogL: -2465.260 / Time: 0h:1m:8s (0h:0m:21s left)
Iteration 180 / LogL: -2460.800 / Time: 0h:1m:11s (0h:0m:17s left)
BETTER TREE FOUND at iteration 185: -2460.800
BETTER TREE FOUND at iteration 190: -2460.800
Iteration 190 / LogL: -2460.800 / Time: 0h:1m:13s (0h:0m:37s left)
Iteration 200 / LogL: -2460.800 / Time: 0h:1m:16s (0h:0m:33s left)
Log-likelihood cutoff on original alignment: -2523.877
NOTE: Bootstrap correlation coefficient of split occurrence frequencies: 0.987
NOTE: UFBoot does not converge, continue at least 100 more iterations
Iteration 210 / LogL: -2460.800 / Time: 0h:1m:19s (0h:0m:32s left)
BETTER TREE FOUND at iteration 214: -2460.800
Iteration 220 / LogL: -2460.800 / Time: 0h:1m:22s (0h:0m:34s left)
Iteration 230 / LogL: -2467.477 / Time: 0h:1m:25s (0h:0m:30s left)
Iteration 240 / LogL: -2460.802 / Time: 0h:1m:27s (0h:0m:26s left)
Iteration 250 / LogL: -2468.781 / Time: 0h:1m:30s (0h:0m:22s left)
Log-likelihood cutoff on original alignment: -2523.877
Iteration 260 / LogL: -2460.800 / Time: 0h:1m:33s (0h:0m:18s left)
Iteration 270 / LogL: -2460.800 / Time: 0h:1m:36s (0h:0m:15s left)
Iteration 280 / LogL: -2460.800 / Time: 0h:1m:39s (0h:0m:11s left)
Iteration 290 / LogL: -2460.800 / Time: 0h:1m:42s (0h:0m:8s left)
Iteration 300 / LogL: -2460.800 / Time: 0h:1m:45s (0h:0m:4s left)
Log-likelihood cutoff on original alignment: -2523.877
NOTE: Bootstrap correlation coefficient of split occurrence frequencies: 0.994
Iteration 310 / LogL: -2466.296 / Time: 0h:1m:49s (0h:0m:30s left)
TREE SEARCH COMPLETED AFTER 315 ITERATIONS / Time: 0h:1m:50s

--------------------------------------------------------------------
|                    FINALIZING TREE SEARCH                        |
--------------------------------------------------------------------
Performs final model parameters optimization
Estimate model parameters (epsilon = 0.010)
1. Initial log-likelihood: -2460.800
Optimal log-likelihood: -2460.800
Parameters optimization took 1 rounds (0.008 sec)
BEST SCORE FOUND : -2460.800
Creating bootstrap support values...
Split supports printed to NEXUS file /csm_data/spielman_lab/aa_phylo_fit_topology//simulations/alignments/1RII_andersen_rep6_AA.fasta.splits.nex
Total tree length: 1.523

Total number of iterations: 315
CPU time used for tree search: 246.216 sec (0h:4m:6s)
Wall-clock time used for tree search: 84.441 sec (0h:1m:24s)
Total CPU time used: 388.327 sec (0h:6m:28s)
Total wall-clock time used: 111.064 sec (0h:1m:51s)

Computing bootstrap consensus tree...
Reading input file /csm_data/spielman_lab/aa_phylo_fit_topology//simulations/alignments/1RII_andersen_rep6_AA.fasta.splits.nex...
114 taxa and 3333 splits.
Consensus tree written to /csm_data/spielman_lab/aa_phylo_fit_topology//simulations/alignments/1RII_andersen_rep6_AA.fasta.contree
Reading input trees file /csm_data/spielman_lab/aa_phylo_fit_topology//simulations/alignments/1RII_andersen_rep6_AA.fasta.contree
Log-likelihood of consensus tree: -2460.799

Analysis results written to: 
  IQ-TREE report:                /csm_data/spielman_lab/aa_phylo_fit_topology//simulations/alignments/1RII_andersen_rep6_AA.fasta.iqtree
  Maximum-likelihood tree:       /csm_data/spielman_lab/aa_phylo_fit_topology//simulations/alignments/1RII_andersen_rep6_AA.fasta.treefile
  Likelihood distances:          /csm_data/spielman_lab/aa_phylo_fit_topology//simulations/alignments/1RII_andersen_rep6_AA.fasta.mldist

Ultrafast bootstrap approximation results written to:
  Split support values:          /csm_data/spielman_lab/aa_phylo_fit_topology//simulations/alignments/1RII_andersen_rep6_AA.fasta.splits.nex
  Consensus tree:                /csm_data/spielman_lab/aa_phylo_fit_topology//simulations/alignments/1RII_andersen_rep6_AA.fasta.contree
  Screen log file:               /csm_data/spielman_lab/aa_phylo_fit_topology//simulations/alignments/1RII_andersen_rep6_AA.fasta.log

Date and Time: Sat Nov  2 16:39:20 2019
