IQ-TREE multicore version 1.6.7 for Linux 64-bit built Aug 23 2018
Developed by Bui Quang Minh, Nguyen Lam Tung, Olga Chernomor,
Heiko Schmidt, Dominik Schrempf, Michael Woodhams.

Host:    csm-com-009 (AVX2, FMA3, 62 GB RAM)
Command: iqtree -quiet -nt AUTO -ntmax 8 -m GTR20 -s /csm_data/spielman_lab/aa_phylo_fit_topology//simulations/alignments/1RII_salichos_rep15_AA.fasta -st AA -redo -bb 1000
Seed:    646799 (Using SPRNG - Scalable Parallel Random Number Generator)
Time:    Sat Nov  2 21:24:13 2019
Kernel:  AVX+FMA - auto-detect threads (48 CPU cores detected)

Reading alignment file /csm_data/spielman_lab/aa_phylo_fit_topology//simulations/alignments/1RII_salichos_rep15_AA.fasta ... Fasta format detected
Alignment most likely contains protein sequences
Alignment has 23 sequences with 195 columns, 125 distinct patterns
78 parsimony-informative, 29 singleton sites, 88 constant sites
      Gap/Ambiguity  Composition  p-value
   1  Agos    0.00%    passed     99.97%
   2  Klac    0.00%    passed     99.93%
   3  Calb    0.00%    passed     99.83%
   4  Cdub    0.00%    passed     99.70%
   5  Ctro    0.00%    passed     99.87%
   6  Cpar    0.00%    passed     99.99%
   7  Lelo    0.00%    passed     99.96%
   8  Psti    0.00%    passed    100.00%
   9  Cgui    0.00%    passed     18.31%
  10  Dhan    0.00%    passed     99.95%
  11  Clus    0.00%    passed    100.00%
  12  Cgla    0.00%    passed    100.00%
  13  Sbay    0.00%    passed    100.00%
  14  Scer    0.00%    passed    100.00%
  15  Spar    0.00%    passed     99.99%
  16  Smik    0.00%    passed    100.00%
  17  Skud    0.00%    passed     99.99%
  18  Scas    0.00%    passed    100.00%
  19  Kpol    0.00%    passed    100.00%
  20  Zrou    0.00%    passed     99.99%
  21  Kthe    0.00%    passed     97.97%
  22  Kwal    0.00%    failed      3.36%
  23  Sklu    0.00%    passed     99.99%
****  TOTAL    0.00%  1 sequences failed composition chi2 test (p-value<5%; df=19)

Create initial parsimony tree by phylogenetic likelihood library (PLL)... 0.001 seconds
Generating 1000 samples for ultrafast bootstrap (seed: 646799)...
WARNING: GTR20 model will estimate 189 substitution rates that might be overfitting!
WARNING: Please only use GTR20 with very large data and always test for model fit!

NOTE: 1 MB RAM (0 GB) is required!
Measuring multi-threading efficiency up to 8 CPU cores
Increase to 10 rounds for branch lengths
667 trees examined
Threads: 1 / Time: 8.005 sec / Speedup: 1.000 / Efficiency: 100% / LogL: -3394
Threads: 2 / Time: 5.363 sec / Speedup: 1.493 / Efficiency: 75% / LogL: -3394
Threads: 3 / Time: 4.612 sec / Speedup: 1.736 / Efficiency: 58% / LogL: -3394
Threads: 4 / Time: 4.810 sec / Speedup: 1.664 / Efficiency: 42% / LogL: -3394
BEST NUMBER OF THREADS: 3

Estimate model parameters (epsilon = 0.100)
1. Initial log-likelihood: -2282.546
2. Current log-likelihood: -2157.218
3. Current log-likelihood: -2145.334
4. Current log-likelihood: -2140.203
5. Current log-likelihood: -2139.690
6. Current log-likelihood: -2139.318
7. Current log-likelihood: -2138.695
8. Current log-likelihood: -2138.529
9. Current log-likelihood: -2138.246
10. Current log-likelihood: -2138.041
11. Current log-likelihood: -2137.860
12. Current log-likelihood: -2137.715
13. Current log-likelihood: -2137.552
14. Current log-likelihood: -2137.403
15. Current log-likelihood: -2137.251
16. Current log-likelihood: -2137.073
17. Current log-likelihood: -2136.963
Optimal log-likelihood: -2136.869
Parameters optimization took 17 rounds (4.469 sec)
Computing ML distances based on estimated model parameters... 0.034 sec
Computing BIONJ tree...
0.002 seconds
Log-likelihood of BIONJ tree: -2139.794
--------------------------------------------------------------------
|             INITIALIZING CANDIDATE TREE SET                      |
--------------------------------------------------------------------
Generating 98 parsimony trees... 0.166 second
Computing log-likelihood of 98 initial trees ... 0.242 seconds
Current best score: -2136.850

Do NNI search on 20 best initial trees
Estimate model parameters (epsilon = 0.100)
BETTER TREE FOUND at iteration 1: -2136.793
UPDATE BEST LOG-LIKELIHOOD: -2136.792
UPDATE BEST LOG-LIKELIHOOD: -2136.792
UPDATE BEST LOG-LIKELIHOOD: -2136.792
Iteration 10 / LogL: -2136.848 / Time: 0h:0m:28s
Iteration 20 / LogL: -2136.792 / Time: 0h:0m:28s
Finish initializing candidate tree set (6)
Current best tree score: -2136.792 / CPU time: 0.794
Number of iterations: 20
--------------------------------------------------------------------
|               OPTIMIZING CANDIDATE TREE SET                      |
--------------------------------------------------------------------
Iteration 30 / LogL: -2136.817 / Time: 0h:0m:28s (0h:1m:9s left)
Iteration 40 / LogL: -2136.793 / Time: 0h:0m:29s (0h:0m:45s left)
Iteration 50 / LogL: -2136.792 / Time: 0h:0m:29s (0h:0m:30s left)
Log-likelihood cutoff on original alignment: -2165.387
Iteration 60 / LogL: -2139.033 / Time: 0h:0m:29s (0h:0m:20s left)
Iteration 70 / LogL: -2136.792 / Time: 0h:0m:30s (0h:0m:13s left)
UPDATE BEST LOG-LIKELIHOOD: -2136.792
Iteration 80 / LogL: -2136.792 / Time: 0h:0m:30s (0h:0m:8s left)
Iteration 90 / LogL: -2136.802 / Time: 0h:0m:31s (0h:0m:3s left)
Iteration 100 / LogL: -2136.792 / Time: 0h:0m:31s (0h:0m:0s left)
Log-likelihood cutoff on original alignment: -2165.996
NOTE: Bootstrap correlation coefficient of split occurrence frequencies: 0.997
TREE SEARCH COMPLETED AFTER 102 ITERATIONS / Time: 0h:0m:31s

--------------------------------------------------------------------
|                    FINALIZING TREE SEARCH                        |
--------------------------------------------------------------------
Performs final model parameters optimization
Estimate model parameters (epsilon = 0.010)
1. Initial log-likelihood: -2136.792
2. Current log-likelihood: -2136.653
3. Current log-likelihood: -2136.585
4. Current log-likelihood: -2136.458
5. Current log-likelihood: -2136.339
6. Current log-likelihood: -2136.184
7. Current log-likelihood: -2136.028
8. Current log-likelihood: -2135.992
9. Current log-likelihood: -2135.918
10. Current log-likelihood: -2135.854
11. Current log-likelihood: -2135.781
12. Current log-likelihood: -2135.619
13. Current log-likelihood: -2135.579
14. Current log-likelihood: -2135.524
15. Current log-likelihood: -2135.484
16. Current log-likelihood: -2135.435
17. Current log-likelihood: -2135.389
18. Current log-likelihood: -2135.356
19. Current log-likelihood: -2135.322
20. Current log-likelihood: -2135.275
21. Current log-likelihood: -2135.247
22. Current log-likelihood: -2135.229
23. Current log-likelihood: -2135.192
24. Current log-likelihood: -2135.148
25. Current log-likelihood: -2135.102
26. Current log-likelihood: -2135.082
27. Current log-likelihood: -2135.068
28. Current log-likelihood: -2134.355
29. Current log-likelihood: -2133.392
30. Current log-likelihood: -2133.077
31. Current log-likelihood: -2133.035
Optimal log-likelihood: -2133.029
Parameters optimization took 31 rounds (5.852 sec)
BEST SCORE FOUND : -2133.029
Creating bootstrap support values...
Split supports printed to NEXUS file /csm_data/spielman_lab/aa_phylo_fit_topology//simulations/alignments/1RII_salichos_rep15_AA.fasta.splits.nex
Total tree length: 1.552

Total number of iterations: 102
CPU time used for tree search: 12.393 sec (0h:0m:12s)
Wall-clock time used for tree search: 4.156 sec (0h:0m:4s)
Total CPU time used: 99.500 sec (0h:1m:39s)
Total wall-clock time used: 37.504 sec (0h:0m:37s)

Computing bootstrap consensus tree...
Reading input file /csm_data/spielman_lab/aa_phylo_fit_topology//simulations/alignments/1RII_salichos_rep15_AA.fasta.splits.nex...
23 taxa and 130 splits.
Consensus tree written to /csm_data/spielman_lab/aa_phylo_fit_topology//simulations/alignments/1RII_salichos_rep15_AA.fasta.contree
Reading input trees file /csm_data/spielman_lab/aa_phylo_fit_topology//simulations/alignments/1RII_salichos_rep15_AA.fasta.contree
Log-likelihood of consensus tree: -2133.029

Analysis results written to: 
  IQ-TREE report:                /csm_data/spielman_lab/aa_phylo_fit_topology//simulations/alignments/1RII_salichos_rep15_AA.fasta.iqtree
  Maximum-likelihood tree:       /csm_data/spielman_lab/aa_phylo_fit_topology//simulations/alignments/1RII_salichos_rep15_AA.fasta.treefile
  Likelihood distances:          /csm_data/spielman_lab/aa_phylo_fit_topology//simulations/alignments/1RII_salichos_rep15_AA.fasta.mldist

Ultrafast bootstrap approximation results written to:
  Split support values:          /csm_data/spielman_lab/aa_phylo_fit_topology//simulations/alignments/1RII_salichos_rep15_AA.fasta.splits.nex
  Consensus tree:                /csm_data/spielman_lab/aa_phylo_fit_topology//simulations/alignments/1RII_salichos_rep15_AA.fasta.contree
  Screen log file:               /csm_data/spielman_lab/aa_phylo_fit_topology//simulations/alignments/1RII_salichos_rep15_AA.fasta.log

Date and Time: Sat Nov  2 21:24:51 2019
