IQ-TREE multicore version 1.6.7 for Linux 64-bit built Aug 23 2018
Developed by Bui Quang Minh, Nguyen Lam Tung, Olga Chernomor,
Heiko Schmidt, Dominik Schrempf, Michael Woodhams.

Host:    csm-com-008 (AVX2, FMA3, 62 GB RAM)
Command: iqtree -quiet -nt AUTO -ntmax 8 -m Dayhoff -s /csm_data/spielman_lab/aa_phylo_fit_topology//simulations/alignments/1RII_ruhfel_rep6_AA.fasta -st AA -redo -bb 1000
Seed:    168460 (Using SPRNG - Scalable Parallel Random Number Generator)
Time:    Sat Nov  2 14:06:03 2019
Kernel:  AVX+FMA - auto-detect threads (48 CPU cores detected)

Reading alignment file /csm_data/spielman_lab/aa_phylo_fit_topology//simulations/alignments/1RII_ruhfel_rep6_AA.fasta ... Fasta format detected
Alignment most likely contains protein sequences
Alignment has 360 sequences with 195 columns, 163 distinct patterns
120 parsimony-informative, 26 singleton sites, 49 constant sites
                                  Gap/Ambiguity  Composition  p-value
   1  Abies_firma                         0.00%    passed    100.00%
   2  Abolboda_macrostachya               0.00%    passed    100.00%
   3  Cyperus_alternifolius               0.00%    passed    100.00%
   4  Juncus_effusus                      0.00%    passed    100.00%
   5  Thurnia_sphaerocephala              0.00%    passed    100.00%
   6  Acidosasa_purpurea                  0.00%    passed    100.00%
   7  Ferrocalamus_rimosivaginus          0.00%    passed    100.00%
   8  Indocalamus_longiauritus            0.00%    passed    100.00%
   9  Phyllostachys_edulis                0.00%    passed    100.00%
  10  Phyllostachys_nigra                 0.00%    passed    100.00%
  11  Phyllostachys_propinqua             0.00%    passed    100.00%
  12  Bambusa_emeiensis                   0.00%    passed    100.00%
  13  Bambusa_oldhamii                    0.00%    passed    100.00%
  14  Dendrocalamus_latiflorus            0.00%    passed    100.00%
  15  Agrostis_stolonifera                0.00%    passed    100.00%
  16  Festuca_arundinacea                 0.00%    passed    100.00%
  17  Lolium_perenne                      0.00%    passed    100.00%
  18  Hordeum_vulgare                     0.00%    passed    100.00%
  19  Triticum_aestivum                   0.00%    passed    100.00%
  20  Brachypodium_distachyon             0.00%    passed    100.00%
  21  Leersia_tisserantii                 0.00%    passed    100.00%
  22  Oryza_australiensis                 0.00%    passed    100.00%
  23  Oryza_meridionalis                  0.00%    passed    100.00%
  24  Oryza_rufipogonB                    0.00%    passed    100.00%
  25  Oryza_nivara                        0.00%    passed    100.00%
  26  Oryza_rufipogonA                    0.00%    passed    100.00%
  27  Oryza_sativaIndica                  0.00%    passed    100.00%
  28  Oryza_sativaJaponica                0.00%    passed    100.00%
  29  Potamophila_parviflora              0.00%    passed    100.00%
  30  Rhynchoryza_subulata                0.00%    passed    100.00%
  31  Microlaena_stipoides                0.00%    passed    100.00%
  32  Coix_lacryma                        0.00%    passed    100.00%
  33  Saccharum_hybrid310                 0.00%    passed    100.00%
  34  Sorghum_bicolor                     0.00%    passed    100.00%
  35  Zea_mays                            0.00%    passed    100.00%
  36  Panicum_virgatum                    0.00%    passed    100.00%
  37  Eleusine_coracana                   0.00%    passed    100.00%
  38  Puelia_olyriformis                  0.00%    passed    100.00%
  39  Anomochloa_marantoidea              0.00%    passed    100.00%
  40  Streptochaeta_angustifolia          0.00%    passed    100.00%
  41  Ecdeiocolea_monostachya             0.00%    passed    100.00%
  42  Georgeantha_hexandra                0.00%    passed    100.00%
  43  Joinvillea_ascendens                0.00%    passed    100.00%
  44  Flagellaria_indica                  0.00%    passed    100.00%
  45  Centrolepis_monogyna                0.00%    passed    100.00%
  46  Thamnochortus_insignis              0.00%    passed    100.00%
  47  Mayaca_fluviatilis                  0.00%    passed    100.00%
  48  Syngonanthus_chrysanthus            0.00%    passed    100.00%
  49  Potarophytum_riparium               0.00%    passed    100.00%
  50  Sparganium_eurycarpum               0.00%    passed    100.00%
  51  Typha_latifolia                     0.00%    passed    100.00%
  52  Brocchinia_micrantha                0.00%    passed    100.00%
  53  Fosterella_caulescens               0.00%    passed    100.00%
  54  Pitcairnia_feliciana                0.00%    passed    100.00%
  55  Neoregelia_carolinae                0.00%    passed    100.00%
  56  Puya_laxa                           0.00%    passed    100.00%
  57  Navia_saxicola                      0.00%    passed    100.00%
  58  Belosynapsis_ciliata                0.00%    passed    100.00%
  59  Tradescantia_ohiensis               0.00%    passed    100.00%
  60  Musa_acuminata                      0.00%    passed    100.00%
  61  Renealmia_alpinia                   0.00%    passed    100.00%
  62  Chamaedorea_seifrizii               0.00%    passed    100.00%
  63  Elaeis_oleifera                     0.00%    passed    100.00%
  64  Ravenea_hildebrandtii               0.00%    passed    100.00%
  65  Phoenix_dactylifera                 0.00%    passed    100.00%
  66  Dasypogon_bromeliifolius            0.00%    passed    100.00%
  67  Kingia_australis                    0.00%    passed    100.00%
  68  Agapanthus_praecox                  0.00%    passed    100.00%
  69  Albuca_kirkii                       0.00%    passed    100.00%
  70  Chlorophytum_rhizopendulum          0.00%    passed    100.00%
  71  Hesperaloe_parviflora               0.00%    passed    100.00%
  72  Yucca_schidigera                    0.00%    passed    100.00%
  73  Hosta_ventricosa                    0.00%    passed    100.00%
  74  Asparagus_officinalis               0.00%    passed    100.00%
  75  Lomandra_longifolia                 0.00%    passed    100.00%
  76  Nolina_atopocarpa                   0.00%    passed    100.00%
  77  Phormium_tenax                      0.00%    passed    100.00%
  78  Iris_virginica                      0.00%    passed    100.00%
  79  Curculigo_capitulata                0.00%    passed    100.00%
  80  Neoastelia_spectabilis              0.00%    passed    100.00%
  81  Apostasia_wallichii                 0.00%    passed    100.00%
  82  Neottia_nidus                       0.00%    passed    100.00%
  83  Rhizanthella_gardneri               0.00%    passed    100.00%
  84  Oncidium_Gower                      0.00%    passed    100.00%
  85  Phalaenopsis_aphrodite              0.00%    passed    100.00%
  86  Dioscorea_elephantipes              0.00%    passed    100.00%
  87  Pandanus_utilis                     0.00%    passed    100.00%
  88  Lilium_superbum                     0.00%    passed    100.00%
  89  Colocasia_esculenta                 0.00%    passed    100.00%
  90  Lemna_minor                         0.00%    passed    100.00%
  91  Wolffia_australiana                 0.00%    passed    100.00%
  92  Wolffiella_lingulata                0.00%    passed    100.00%
  93  Spirodela_polyrhiza                 0.00%    passed    100.00%
  94  Acorus_americanus                   0.00%    passed    100.00%
  95  Acorus_calamus                      0.00%    passed    100.00%
  96  Ceratophyllum_demersum              0.00%    passed    100.00%
  97  Piper_cenocladum                    0.00%    passed    100.00%
  98  Aethionema_cordifolium              0.00%    passed    100.00%
  99  Aethionema_grandiflorum             0.00%    passed    100.00%
 100  Arabidopsis_thaliana                0.00%    passed    100.00%
 101  Capsella_bursa                      0.00%    passed    100.00%
 102  Olimarabidopsis_pumila              0.00%    passed    100.00%
 103  Crucihimalaya_wallichii             0.00%    passed    100.00%
 104  Barbarea_verna                      0.00%    passed    100.00%
 105  Nasturtium_officinale               0.00%    passed    100.00%
 106  Lepidium_virginicum                 0.00%    passed    100.00%
 107  Arabis_hirsuta                      0.00%    passed    100.00%
 108  Draba_nemorosa                      0.00%    passed    100.00%
 109  Lobularia_maritima                  0.00%    passed    100.00%
 110  Carica_papaya                       0.00%    passed    100.00%
 111  Gossypium_arboreum                  0.00%    passed    100.00%
 112  Gossypium_herbaceum                 0.00%    passed    100.00%
 113  Gossypium_thurberi                  0.00%    passed    100.00%
 114  Gossypium_barbadense                0.00%    passed    100.00%
 115  Gossypium_tomentosum                0.00%    passed    100.00%
 116  Gossypium_darwinii                  0.00%    passed    100.00%
 117  Gossypium_hirsutum                  0.00%    passed    100.00%
 118  Gossypium_mustelinum                0.00%    passed    100.00%
 119  Gossypium_raimondii                 0.00%    passed    100.00%
 120  Theobroma_cacao                     0.00%    passed    100.00%
 121  Citrus_sinensis                     0.00%    passed    100.00%
 122  Staphylea_colchica                  0.00%    passed    100.00%
 123  Bulnesia_arborea                    0.00%    passed    100.00%
 124  Erodium_carvifolium                 0.00%    passed    100.00%
 125  Erodium_texanum                     0.00%    passed    100.00%
 126  Geranium_palmatum                   0.00%    passed    100.00%
 127  Monsonia_speciosa                   0.00%    passed    100.00%
 128  Pelargonium_x                       0.00%    passed    100.00%
 129  Eucalyptus_globulus                 0.00%    passed    100.00%
 130  Eucalyptus_grandis                  0.00%    passed    100.00%
 131  Oenothera_argillicola               0.00%    passed    100.00%
 132  Oenothera_parviflora                0.00%    passed    100.00%
 133  Oenothera_biennis                   0.00%    passed    100.00%
 134  Oenothera_elata                     0.00%    passed    100.00%
 135  Oenothera_glazioviana               0.00%    passed    100.00%
 136  Castanea_mollissima                 0.00%    passed    100.00%
 137  Quercus_nigra                       0.00%    passed    100.00%
 138  Ficus_sp                            0.00%    passed    100.00%
 139  Morus_indica                        0.00%    passed    100.00%
 140  Fragaria_vesca                      0.00%    passed    100.00%
 141  Pentactina_rupicola                 0.00%    passed    100.00%
 142  Pyrus_pyrifolia                     0.00%    passed    100.00%
 143  Prunus_persica                      0.00%    passed    100.00%
 144  Cicer_arietinum                     0.00%    passed    100.00%
 145  Lathyrus_sativus                    0.00%    passed    100.00%
 146  Pisum_sativum                       0.00%    passed    100.00%
 147  Trifolium_subterraneum              0.00%    passed    100.00%
 148  Medicago_truncatula                 0.00%    passed    100.00%
 149  Lotus_japonicus                     0.00%    passed    100.00%
 150  Glycine_max                         0.00%    passed    100.00%
 151  Phaseolus_vulgaris                  0.00%    passed    100.00%
 152  Vigna_radiata                       0.00%    passed    100.00%
 153  Millettia_pinnata                   0.00%    passed    100.00%
 154  Corynocarpus_laevigata              0.00%    passed    100.00%
 155  Cucumis_melo                        0.00%    passed    100.00%
 156  Cucumis_sativus                     0.00%    passed    100.00%
 157  Euonymus_americanus                 0.00%    passed    100.00%
 158  Oxalis_latifolia                    0.00%    passed    100.00%
 159  Hevea_brasiliensis                  0.00%    passed    100.00%
 160  Manihot_esculenta                   0.00%    passed    100.00%
 161  Ricinus_communis                    0.00%    passed    100.00%
 162  Jatropha_curcas                     0.00%    passed    100.00%
 163  Passiflora_biflora                  0.00%    passed    100.00%
 164  Populus_alba                        0.00%    passed    100.00%
 165  Populus_trichocarpa                 0.00%    passed    100.00%
 166  Heuchera_sanguinea                  0.00%    passed    100.00%
 167  Liquidambar_styraciflua             0.00%    passed    100.00%
 168  Vitis_vinifera                      0.00%    passed    100.00%
 169  Dillenia_indica                     0.00%    passed    100.00%
 170  Ageratina_adenophora                0.00%    passed    100.00%
 171  Helianthus_annuus                   0.00%    passed    100.00%
 172  Parthenium_argentatum               0.00%    passed    100.00%
 173  Guizotia_abyssinica                 0.00%    passed    100.00%
 174  Jacobaea_vulgaris                   0.00%    passed    100.00%
 175  Lactuca_sativa                      0.00%    passed    100.00%
 176  Scaevola_aemula                     0.00%    passed    100.00%
 177  Trachelium_caeruleum                0.00%    passed    100.00%
 178  Anethum_graveolens                  0.00%    passed    100.00%
 179  Petroselinum_crispum                0.00%    passed    100.00%
 180  Crithmum_maritimum                  0.00%    passed    100.00%
 181  Anthriscus_cerefolium               0.00%    passed    100.00%
 182  Daucus_carota                       0.00%    passed    100.00%
 183  Oxypolis_greenmanii                 0.00%    passed    100.00%
 184  Eleutherococcus_senticosus          0.00%    passed    100.00%
 185  Panax_ginseng                       0.00%    passed    100.00%
 186  Hydrocotyle_sp                      0.00%    passed    100.00%
 187  Lonicera_japonica                   0.00%    passed    100.00%
 188  Ilex_cornuta                        0.00%    passed    100.00%
 189  Antirrhinum_majus                   0.00%    passed    100.00%
 190  Epifagus_virginiana                 0.00%    passed    100.00%
 191  Boea_hygrometrica                   0.00%    passed    100.00%
 192  Sesamum_indicum                     0.00%    passed    100.00%
 193  Jasminum_nudiflorum                 0.00%    passed    100.00%
 194  Olea_europaeacuspi                  0.00%    passed    100.00%
 195  Olea_europaeaeuro                   0.00%    passed    100.00%
 196  Olea_europaeamaro                   0.00%    passed    100.00%
 197  Olea_woodiana                       0.00%    passed    100.00%
 198  Atropa_belladonna                   0.00%    passed    100.00%
 199  Solanum_bulbocastanum               0.00%    passed    100.00%
 200  Solanum_tuberosum                   0.00%    passed    100.00%
 201  Solanum_lycopersicum                0.00%    passed    100.00%
 202  Nicotiana_sylvestris                0.00%    passed    100.00%
 203  Nicotiana_tabacum                   0.00%    passed    100.00%
 204  Nicotiana_tomentosiformis           0.00%    passed    100.00%
 205  Nicotiana_undulata                  0.00%    passed    100.00%
 206  Cuscuta_exaltata                    0.00%    passed    100.00%
 207  Cuscuta_reflexa                     0.00%    passed    100.00%
 208  Cuscuta_gronovii                    0.00%    passed    100.00%
 209  Cuscuta_obtusiflora                 0.00%    passed    100.00%
 210  Ipomoea_purpurea                    0.00%    passed    100.00%
 211  Coffea_arabica                      0.00%    passed    100.00%
 212  Nerium_oleander                     0.00%    passed    100.00%
 213  Ehretia_acuminata                   0.00%    passed    100.00%
 214  Aucuba_japonica                     0.00%    passed    100.00%
 215  Arbutus_unedo                       0.00%    passed    100.00%
 216  Rhododendron_simsii                 0.00%    passed    100.00%
 217  Franklinia_alatamaha                0.00%    passed    100.00%
 218  Cornus_florida                      0.00%    passed    100.00%
 219  Davidia_involucrata                 0.00%    passed    100.00%
 220  Anredera_baselloides                0.00%    passed    100.00%
 221  Blossfeldia_liliputana              0.00%    passed    100.00%
 222  Weingartia_kargliana                0.00%    passed    100.00%
 223  Opuntia_decumbens                   0.00%    passed    100.00%
 224  Pereskiopsis_diguetii               0.00%    passed    100.00%
 225  Maihuenia_poeppigii                 0.00%    passed    100.00%
 226  Pereskia_sacharosa                  0.00%    passed    100.00%
 227  Portulaca_oleracea                  0.00%    passed    100.00%
 228  Didierea_madagascariensis           0.00%    passed    100.00%
 229  Portulacaria_afra                   0.00%    passed    100.00%
 230  Mollugo_verticillata                0.00%    passed    100.00%
 231  Silene_conica                       0.00%    passed    100.00%
 232  Silene_noctiflora                   0.00%    passed    100.00%
 233  Silene_latifolia                    0.00%    passed    100.00%
 234  Silene_vulgaris                     0.00%    passed    100.00%
 235  Spinacia_oleracea                   0.00%    passed    100.00%
 236  Fagopyrum_esculentum                0.00%    passed    100.00%
 237  Plumbago_auriculata                 0.00%    passed    100.00%
 238  Berberidopsis_corallina             0.00%    passed    100.00%
 239  Phoradendron_serotinum              0.00%    passed    100.00%
 240  Ximenia_americana                   0.00%    passed    100.00%
 241  Gunnera_manicata                    0.00%    passed    100.00%
 242  Buxus_microphylla                   0.00%    passed    100.00%
 243  Trochodendron_aralioides            0.00%    passed    100.00%
 244  Meliosma_aff_cuneifolia             0.00%    passed    100.00%
 245  Nelumbo_lutea                       0.00%    passed    100.00%
 246  Nelumbo_nuciferaNC                  0.00%    passed    100.00%
 247  Platanus_occidentalis               0.00%    passed    100.00%
 248  Megaleranthis_saniculifolia         0.00%    passed    100.00%
 249  Ranunculus_macranthus               0.00%    passed    100.00%
 250  Nandina_domestica                   0.00%    passed    100.00%
 251  Calycanthus_floridus                0.00%    passed    100.00%
 252  Liriodendron_tulipifera             0.00%    passed    100.00%
 253  Magnolia_kwangsiensis               0.00%    passed    100.00%
 254  Drimys_granadensis                  0.00%    passed    100.00%
 255  Chloranthus_spicatus                0.00%    passed    100.00%
 256  Illicium_oligandrum                 0.00%    passed    100.00%
 257  Nuphar_advena                       0.00%    passed    100.00%
 258  Nymphaea_alba                       0.00%    passed    100.00%
 259  Amborella_trichopoda                0.00%    passed    100.00%
 260  Adiantum_capillus                   0.00%    passed    100.00%
 261  Cheilanthes_lindheimeri             0.00%    passed     99.99%
 262  Pteridium_aquilinum                 0.00%    passed     99.99%
 263  Alsophila_spinulosa                 0.00%    passed    100.00%
 264  Angiopteris_evecta                  0.00%    passed    100.00%
 265  Equisetum_arvense                   0.00%    passed     99.98%
 266  Psilotum_nudum                      0.00%    passed     99.95%
 267  Aneura_mirabilis                    0.00%    passed    100.00%
 268  Ptilidium_pulcherrimum              0.00%    passed    100.00%
 269  Marchantia_polymorpha               0.00%    passed     99.99%
 270  Physcomitrella_patens               0.00%    passed    100.00%
 271  Syntrichia_ruralis                  0.00%    passed     99.99%
 272  Bryopsis_hypnoides                  0.00%    passed     98.52%
 273  Chlamydomonas_reinhardtii           0.00%    passed     99.74%
 274  Volvox_carteri                      0.00%    passed     99.68%
 275  Dunaliella_salina                   0.00%    passed     99.96%
 276  Scenedesmus_obliquus                0.00%    passed     99.46%
 277  Floydiella_terrestris               0.00%    passed     99.95%
 278  Schizomeris_leibleinii              0.00%    passed     99.96%
 279  Stigeoclonium_helveticum            0.00%    passed     99.15%
 280  Oedogonium_cardiacum                0.00%    passed    100.00%
 281  Chlorella_variabilis                0.00%    passed     98.95%
 282  Chlorella_vulgaris                  0.00%    passed     98.78%
 283  Parachlorella_kessleri              0.00%    passed     99.90%
 284  Helicosporidium_sp                  0.00%    passed     97.28%
 285  Pedinomonas_minor                   0.00%    passed     99.63%
 286  Oltmannsiellopsis_viridis           0.00%    passed     99.79%
 287  Pseudendoclonium_akinetum           0.00%    passed     99.98%
 288  Coccomyxa_sp                        0.00%    passed     99.99%
 289  Leptosira_terrestris                0.00%    passed     99.91%
 290  Oocystis_solitaria                  0.00%    passed     99.98%
 291  Micromonas_pusilla                  0.00%    passed     99.88%
 292  Micromonas_sp                       0.00%    passed     99.71%
 293  Ostreococcus_tauri                  0.00%    passed     98.83%
 294  Monomastix_sp                       0.00%    passed     99.96%
 295  Pyramimonas_parkeae                 0.00%    passed     99.53%
 296  Pycnococcus_provasolii              0.00%    passed     99.98%
 297  Nephroselmis_olivacea               0.00%    passed     99.19%
 298  Chlorokybus_atmophyticus            0.00%    passed     99.99%
 299  Mesostigma_viride                   0.00%    passed     99.03%
 300  Chara_vulgaris                      0.00%    passed     98.06%
 301  Chaetosphaeridium_globosum          0.00%    passed     88.36%
 302  Staurastrum_punctulatum             0.00%    passed    100.00%
 303  Zygnema_circumcarinatum             0.00%    passed     99.99%
 304  Anthoceros_formosae                 0.00%    passed    100.00%
 305  Huperzia_lucidula                   0.00%    passed    100.00%
 306  Isoetes_flaccida                    0.00%    passed     99.98%
 307  Selaginella_moellendorffii          0.00%    passed     99.93%
 308  Selaginella_uncinata                0.00%    passed     99.96%
 309  Cycas_micronesica                   0.00%    passed    100.00%
 310  Cycas_taitungensis                  0.00%    passed    100.00%
 311  Ginkgo_biloba                       0.00%    passed    100.00%
 312  Agathis_australis                   0.00%    passed    100.00%
 313  Halocarpus_kirkii                   0.00%    passed    100.00%
 314  Podocarpus_totara                   0.00%    passed    100.00%
 315  Cephalotaxus_wilsoniana             0.00%    passed    100.00%
 316  Cryptomeria_japonica                0.00%    passed    100.00%
 317  Taiwania_cryptomerioides            0.00%    passed    100.00%
 318  Ephedra_equisetina                  0.00%    passed    100.00%
 319  Gnetum_parvifolium                  0.00%    passed    100.00%
 320  Welwitschia_mirabilis               0.00%    passed    100.00%
 321  Cedrus_deodaraNC                    0.00%    passed    100.00%
 322  Cathaya_argyrophylla                0.00%    passed    100.00%
 323  Pinus_albicaulis                    0.00%    passed    100.00%
 324  Pinus_armandii                      0.00%    passed    100.00%
 325  Pinus_cembra                        0.00%    passed    100.00%
 326  Pinus_sibirica                      0.00%    passed    100.00%
 327  Pinus_koraiensis                    0.00%    passed    100.00%
 328  Pinus_lambertiana                   0.00%    passed    100.00%
 329  Pinus_parviflora_var_pentaphylla    0.00%    passed    100.00%
 330  Pinus_monticola                     0.00%    passed    100.00%
 331  Pinus_peuce                         0.00%    passed    100.00%
 332  Pinus_ayacahuite                    0.00%    passed    100.00%
 333  Pinus_flexilis                      0.00%    passed    100.00%
 334  Pinus_strobus                       0.00%    passed    100.00%
 335  Pinus_krempfii                      0.00%    passed    100.00%
 336  Pinus_gerardiana                    0.00%    passed    100.00%
 337  Pinus_squamata                      0.00%    passed    100.00%
 338  Pinus_aristata                      0.00%    passed    100.00%
 339  Pinus_nelsonii                      0.00%    passed    100.00%
 340  Pinus_monophylla                    0.00%    passed    100.00%
 341  Pinus_rzedowskii                    0.00%    passed    100.00%
 342  Pinus_attenuata                     0.00%    passed    100.00%
 343  Pinus_leiophylla_var_chihuahuana    0.00%    passed    100.00%
 344  Pinus_taeda                         0.00%    passed    100.00%
 345  Pinus_ponderosa                     0.00%    passed    100.00%
 346  Pinus_torreyana_subsp_insularis     0.00%    passed    100.00%
 347  Pinus_torreyana_subsp_torreyana     0.00%    passed    100.00%
 348  Pinus_banksiana                     0.00%    passed    100.00%
 349  Pinus_contorta                      0.00%    passed    100.00%
 350  Pinus_canariensis                   0.00%    passed    100.00%
 351  Pinus_pinaster                      0.00%    passed    100.00%
 352  Pinus_merkusii                      0.00%    passed    100.00%
 353  Pinus_resinosa                      0.00%    passed    100.00%
 354  Pinus_thunbergiiNC                  0.00%    passed    100.00%
 355  Picea_morrisonicola                 0.00%    passed    100.00%
 356  Picea_sitchensis                    0.00%    passed    100.00%
 357  Larix_decidua                       0.00%    passed    100.00%
 358  Larix_occidentalis                  0.00%    passed    100.00%
 359  Pseudotsuga_sinensis                0.00%    passed    100.00%
 360  Keteleeria_davidiana                0.00%    passed    100.00%
****  TOTAL                               0.00%  0 sequences failed composition chi2 test (p-value<5%; df=19)
NOTE: Cedrus_deodaraNC is identical to Abies_firma but kept for subsequent analysis
NOTE: Ferrocalamus_rimosivaginus is identical to Acidosasa_purpurea but kept for subsequent analysis
NOTE: Triticum_aestivum is identical to Hordeum_vulgare but kept for subsequent analysis
NOTE: Oryza_meridionalis is identical to Oryza_australiensis but kept for subsequent analysis
NOTE: Joinvillea_ascendens is identical to Ecdeiocolea_monostachya but kept for subsequent analysis
NOTE: Typha_latifolia is identical to Potarophytum_riparium but kept for subsequent analysis
NOTE: Chlorophytum_rhizopendulum is identical to Albuca_kirkii but kept for subsequent analysis
NOTE: Acorus_calamus is identical to Acorus_americanus but kept for subsequent analysis
NOTE: Arabidopsis_thaliana is identical to Aethionema_cordifolium but kept for subsequent analysis
NOTE: Draba_nemorosa is identical to Arabis_hirsuta but kept for subsequent analysis
NOTE: Gossypium_herbaceum is identical to Gossypium_arboreum but kept for subsequent analysis
NOTE: Heuchera_sanguinea is identical to Theobroma_cacao but kept for subsequent analysis
NOTE: Eucalyptus_grandis is identical to Eucalyptus_globulus but kept for subsequent analysis
NOTE: Oenothera_parviflora is identical to Oenothera_argillicola but kept for subsequent analysis
NOTE: Quercus_nigra is identical to Castanea_mollissima but kept for subsequent analysis
NOTE: Morus_indica is identical to Ficus_sp but kept for subsequent analysis
NOTE: Manihot_esculenta is identical to Hevea_brasiliensis but kept for subsequent analysis
NOTE: Populus_trichocarpa is identical to Populus_alba but kept for subsequent analysis
NOTE: Helianthus_annuus is identical to Ageratina_adenophora but kept for subsequent analysis
NOTE: Petroselinum_crispum is identical to Anethum_graveolens but kept for subsequent analysis
NOTE: Boea_hygrometrica is identical to Antirrhinum_majus but kept for subsequent analysis
NOTE: Olea_europaeaeuro is identical to Olea_europaeacuspi but kept for subsequent analysis
NOTE: Solanum_tuberosum is identical to Solanum_bulbocastanum but kept for subsequent analysis
NOTE: Silene_latifolia is identical to Silene_noctiflora but kept for subsequent analysis
NOTE: Nelumbo_nuciferaNC is identical to Nelumbo_lutea but kept for subsequent analysis
NOTE: Nymphaea_alba is identical to Nuphar_advena but kept for subsequent analysis
NOTE: Cycas_taitungensis is identical to Cycas_micronesica but kept for subsequent analysis
NOTE: Pinus_armandii is identical to Pinus_albicaulis but kept for subsequent analysis
NOTE: Pinus_nelsonii is identical to Pinus_aristata but kept for subsequent analysis
NOTE: Pinus_contorta is identical to Pinus_banksiana but kept for subsequent analysis
NOTE: Picea_sitchensis is identical to Picea_morrisonicola but kept for subsequent analysis
NOTE: Larix_occidentalis is identical to Larix_decidua but kept for subsequent analysis
NOTE: 102 identical sequences (see below) will be ignored for subsequent analysis
NOTE: Indocalamus_longiauritus (identical to Acidosasa_purpurea) is ignored but added at the end
NOTE: Phyllostachys_edulis (identical to Acidosasa_purpurea) is ignored but added at the end
NOTE: Phyllostachys_nigra (identical to Acidosasa_purpurea) is ignored but added at the end
NOTE: Phyllostachys_propinqua (identical to Acidosasa_purpurea) is ignored but added at the end
NOTE: Bambusa_emeiensis (identical to Acidosasa_purpurea) is ignored but added at the end
NOTE: Bambusa_oldhamii (identical to Acidosasa_purpurea) is ignored but added at the end
NOTE: Dendrocalamus_latiflorus (identical to Acidosasa_purpurea) is ignored but added at the end
NOTE: Agrostis_stolonifera (identical to Acidosasa_purpurea) is ignored but added at the end
NOTE: Festuca_arundinacea (identical to Acidosasa_purpurea) is ignored but added at the end
NOTE: Lolium_perenne (identical to Acidosasa_purpurea) is ignored but added at the end
NOTE: Brachypodium_distachyon (identical to Acidosasa_purpurea) is ignored but added at the end
NOTE: Leersia_tisserantii (identical to Acidosasa_purpurea) is ignored but added at the end
NOTE: Potamophila_parviflora (identical to Acidosasa_purpurea) is ignored but added at the end
NOTE: Rhynchoryza_subulata (identical to Acidosasa_purpurea) is ignored but added at the end
NOTE: Coix_lacryma (identical to Acidosasa_purpurea) is ignored but added at the end
NOTE: Saccharum_hybrid310 (identical to Acidosasa_purpurea) is ignored but added at the end
NOTE: Sorghum_bicolor (identical to Acidosasa_purpurea) is ignored but added at the end
NOTE: Zea_mays (identical to Acidosasa_purpurea) is ignored but added at the end
NOTE: Panicum_virgatum (identical to Acidosasa_purpurea) is ignored but added at the end
NOTE: Puelia_olyriformis (identical to Acidosasa_purpurea) is ignored but added at the end
NOTE: Oryza_rufipogonB (identical to Oryza_australiensis) is ignored but added at the end
NOTE: Oryza_nivara (identical to Oryza_australiensis) is ignored but added at the end
NOTE: Oryza_rufipogonA (identical to Oryza_australiensis) is ignored but added at the end
NOTE: Oryza_sativaIndica (identical to Oryza_australiensis) is ignored but added at the end
NOTE: Oryza_sativaJaponica (identical to Oryza_australiensis) is ignored but added at the end
NOTE: Fosterella_caulescens (identical to Potarophytum_riparium) is ignored but added at the end
NOTE: Pitcairnia_feliciana (identical to Potarophytum_riparium) is ignored but added at the end
NOTE: Navia_saxicola (identical to Potarophytum_riparium) is ignored but added at the end
NOTE: Musa_acuminata (identical to Potarophytum_riparium) is ignored but added at the end
NOTE: Renealmia_alpinia (identical to Potarophytum_riparium) is ignored but added at the end
NOTE: Chamaedorea_seifrizii (identical to Potarophytum_riparium) is ignored but added at the end
NOTE: Elaeis_oleifera (identical to Potarophytum_riparium) is ignored but added at the end
NOTE: Ravenea_hildebrandtii (identical to Potarophytum_riparium) is ignored but added at the end
NOTE: Phoenix_dactylifera (identical to Potarophytum_riparium) is ignored but added at the end
NOTE: Iris_virginica (identical to Potarophytum_riparium) is ignored but added at the end
NOTE: Phalaenopsis_aphrodite (identical to Potarophytum_riparium) is ignored but added at the end
NOTE: Hesperaloe_parviflora (identical to Albuca_kirkii) is ignored but added at the end
NOTE: Yucca_schidigera (identical to Albuca_kirkii) is ignored but added at the end
NOTE: Nolina_atopocarpa (identical to Albuca_kirkii) is ignored but added at the end
NOTE: Capsella_bursa (identical to Aethionema_cordifolium) is ignored but added at the end
NOTE: Olimarabidopsis_pumila (identical to Aethionema_cordifolium) is ignored but added at the end
NOTE: Barbarea_verna (identical to Aethionema_cordifolium) is ignored but added at the end
NOTE: Nasturtium_officinale (identical to Aethionema_cordifolium) is ignored but added at the end
NOTE: Lepidium_virginicum (identical to Aethionema_cordifolium) is ignored but added at the end
NOTE: Gossypium_thurberi (identical to Gossypium_arboreum) is ignored but added at the end
NOTE: Gossypium_barbadense (identical to Gossypium_arboreum) is ignored but added at the end
NOTE: Gossypium_tomentosum (identical to Gossypium_arboreum) is ignored but added at the end
NOTE: Gossypium_darwinii (identical to Gossypium_arboreum) is ignored but added at the end
NOTE: Gossypium_hirsutum (identical to Gossypium_arboreum) is ignored but added at the end
NOTE: Gossypium_mustelinum (identical to Gossypium_arboreum) is ignored but added at the end
NOTE: Gossypium_raimondii (identical to Gossypium_arboreum) is ignored but added at the end
NOTE: Vitis_vinifera (identical to Theobroma_cacao) is ignored but added at the end
NOTE: Anredera_baselloides (identical to Theobroma_cacao) is ignored but added at the end
NOTE: Pereskia_sacharosa (identical to Theobroma_cacao) is ignored but added at the end
NOTE: Portulaca_oleracea (identical to Theobroma_cacao) is ignored but added at the end
NOTE: Didierea_madagascariensis (identical to Theobroma_cacao) is ignored but added at the end
NOTE: Portulacaria_afra (identical to Theobroma_cacao) is ignored but added at the end
NOTE: Mollugo_verticillata (identical to Theobroma_cacao) is ignored but added at the end
NOTE: Berberidopsis_corallina (identical to Theobroma_cacao) is ignored but added at the end
NOTE: Oenothera_biennis (identical to Oenothera_argillicola) is ignored but added at the end
NOTE: Oenothera_elata (identical to Oenothera_argillicola) is ignored but added at the end
NOTE: Oenothera_glazioviana (identical to Oenothera_argillicola) is ignored but added at the end
NOTE: Parthenium_argentatum (identical to Ageratina_adenophora) is ignored but added at the end
NOTE: Guizotia_abyssinica (identical to Ageratina_adenophora) is ignored but added at the end
NOTE: Anthriscus_cerefolium (identical to Anethum_graveolens) is ignored but added at the end
NOTE: Daucus_carota (identical to Anethum_graveolens) is ignored but added at the end
NOTE: Oxypolis_greenmanii (identical to Anethum_graveolens) is ignored but added at the end
NOTE: Panax_ginseng (identical to Anethum_graveolens) is ignored but added at the end
NOTE: Nicotiana_sylvestris (identical to Anethum_graveolens) is ignored but added at the end
NOTE: Nicotiana_tabacum (identical to Anethum_graveolens) is ignored but added at the end
NOTE: Nicotiana_undulata (identical to Anethum_graveolens) is ignored but added at the end
NOTE: Ehretia_acuminata (identical to Anethum_graveolens) is ignored but added at the end
NOTE: Olea_europaeamaro (identical to Olea_europaeacuspi) is ignored but added at the end
NOTE: Olea_woodiana (identical to Olea_europaeacuspi) is ignored but added at the end
NOTE: Solanum_lycopersicum (identical to Solanum_bulbocastanum) is ignored but added at the end
NOTE: Silene_vulgaris (identical to Silene_noctiflora) is ignored but added at the end
NOTE: Liriodendron_tulipifera (identical to Nelumbo_lutea) is ignored but added at the end
NOTE: Magnolia_kwangsiensis (identical to Nelumbo_lutea) is ignored but added at the end
NOTE: Pinus_cembra (identical to Pinus_albicaulis) is ignored but added at the end
NOTE: Pinus_sibirica (identical to Pinus_albicaulis) is ignored but added at the end
NOTE: Pinus_koraiensis (identical to Pinus_albicaulis) is ignored but added at the end
NOTE: Pinus_lambertiana (identical to Pinus_albicaulis) is ignored but added at the end
NOTE: Pinus_parviflora_var_pentaphylla (identical to Pinus_albicaulis) is ignored but added at the end
NOTE: Pinus_monticola (identical to Pinus_albicaulis) is ignored but added at the end
NOTE: Pinus_ayacahuite (identical to Pinus_albicaulis) is ignored but added at the end
NOTE: Pinus_flexilis (identical to Pinus_albicaulis) is ignored but added at the end
NOTE: Pinus_strobus (identical to Pinus_albicaulis) is ignored but added at the end
NOTE: Pinus_krempfii (identical to Pinus_albicaulis) is ignored but added at the end
NOTE: Pinus_gerardiana (identical to Pinus_albicaulis) is ignored but added at the end
NOTE: Pinus_squamata (identical to Pinus_albicaulis) is ignored but added at the end
NOTE: Pinus_attenuata (identical to Pinus_albicaulis) is ignored but added at the end
NOTE: Pinus_leiophylla_var_chihuahuana (identical to Pinus_albicaulis) is ignored but added at the end
NOTE: Pinus_taeda (identical to Pinus_albicaulis) is ignored but added at the end
NOTE: Pinus_ponderosa (identical to Pinus_albicaulis) is ignored but added at the end
NOTE: Pinus_torreyana_subsp_insularis (identical to Pinus_albicaulis) is ignored but added at the end
NOTE: Pinus_torreyana_subsp_torreyana (identical to Pinus_albicaulis) is ignored but added at the end
NOTE: Pinus_canariensis (identical to Pinus_albicaulis) is ignored but added at the end
NOTE: Pinus_pinaster (identical to Pinus_albicaulis) is ignored but added at the end
NOTE: Pinus_merkusii (identical to Pinus_albicaulis) is ignored but added at the end
NOTE: Pinus_resinosa (identical to Pinus_albicaulis) is ignored but added at the end
NOTE: Pinus_thunbergiiNC (identical to Pinus_albicaulis) is ignored but added at the end
NOTE: Pinus_monophylla (identical to Pinus_aristata) is ignored but added at the end

For your convenience alignment with unique sequences printed to /csm_data/spielman_lab/aa_phylo_fit_topology//simulations/alignments/1RII_ruhfel_rep6_AA.fasta.uniqueseq.phy

Create initial parsimony tree by phylogenetic likelihood library (PLL)... 0.060 seconds
Generating 1000 samples for ultrafast bootstrap (seed: 168460)...

NOTE: 8 MB RAM (0 GB) is required!
Measuring multi-threading efficiency up to 8 CPU cores
Increase to 10 rounds for branch lengths
39 trees examined
Threads: 1 / Time: 8.146 sec / Speedup: 1.000 / Efficiency: 100% / LogL: -17387
Threads: 2 / Time: 5.188 sec / Speedup: 1.570 / Efficiency: 79% / LogL: -17387
Threads: 3 / Time: 5.278 sec / Speedup: 1.543 / Efficiency: 51% / LogL: -17387
Threads: 4 / Time: 5.154 sec / Speedup: 1.581 / Efficiency: 40% / LogL: -17387
BEST NUMBER OF THREADS: 2

Estimate model parameters (epsilon = 0.100)
1. Initial log-likelihood: -7221.668
Optimal log-likelihood: -7006.924
Parameters optimization took 1 rounds (0.066 sec)
Computing ML distances based on estimated model parameters... 3.771 sec
Computing BIONJ tree...
0.061 seconds
Log-likelihood of BIONJ tree: -6980.628
--------------------------------------------------------------------
|             INITIALIZING CANDIDATE TREE SET                      |
--------------------------------------------------------------------
Generating 98 parsimony trees... 6.680 second
Computing log-likelihood of 98 initial trees ... 5.179 seconds
Current best score: -6970.843

Do NNI search on 20 best initial trees
Estimate model parameters (epsilon = 0.100)
BETTER TREE FOUND at iteration 1: -6964.301
Estimate model parameters (epsilon = 0.100)
BETTER TREE FOUND at iteration 3: -6961.362
Estimate model parameters (epsilon = 0.100)
BETTER TREE FOUND at iteration 4: -6958.720
Estimate model parameters (epsilon = 0.100)
BETTER TREE FOUND at iteration 5: -6957.748
Estimate model parameters (epsilon = 0.100)
BETTER TREE FOUND at iteration 7: -6945.286
Iteration 10 / LogL: -6971.280 / Time: 0h:0m:50s
Iteration 20 / LogL: -6962.235 / Time: 0h:1m:1s
Finish initializing candidate tree set (20)
Current best tree score: -6945.286 / CPU time: 34.485
Number of iterations: 20
--------------------------------------------------------------------
|               OPTIMIZING CANDIDATE TREE SET                      |
--------------------------------------------------------------------
Iteration 30 / LogL: -6953.617 / Time: 0h:1m:9s (0h:3m:0s left)
Iteration 40 / LogL: -6948.106 / Time: 0h:1m:17s (0h:2m:9s left)
Estimate model parameters (epsilon = 0.100)
BETTER TREE FOUND at iteration 44: -6943.615
Iteration 50 / LogL: -6944.393 / Time: 0h:1m:25s (0h:2m:41s left)
Log-likelihood cutoff on original alignment: -6997.423
Iteration 60 / LogL: -6960.258 / Time: 0h:1m:34s (0h:2m:12s left)
Iteration 70 / LogL: -6946.677 / Time: 0h:1m:43s (0h:1m:48s left)
Estimate model parameters (epsilon = 0.100)
BETTER TREE FOUND at iteration 73: -6942.744
Estimate model parameters (epsilon = 0.100)
BETTER TREE FOUND at iteration 80: -6941.673
Iteration 80 / LogL: -6941.673 / Time: 0h:1m:53s (0h:2m:21s left)
Iteration 90 / LogL: -6948.073 / Time: 0h:2m:2s (0h:2m:1s left)
Iteration 100 / LogL: -6943.947 / Time: 0h:2m:14s (0h:1m:47s left)
Log-likelihood cutoff on original alignment: -6997.423
NOTE: Bootstrap correlation coefficient of split occurrence frequencies: 0.995
Iteration 110 / LogL: -6941.674 / Time: 0h:2m:24s (0h:1m:57s left)
Iteration 120 / LogL: -6948.975 / Time: 0h:2m:32s (0h:1m:41s left)
Iteration 130 / LogL: -6962.912 / Time: 0h:2m:41s (0h:1m:26s left)
Iteration 140 / LogL: -6949.282 / Time: 0h:2m:50s (0h:1m:12s left)
Estimate model parameters (epsilon = 0.100)
BETTER TREE FOUND at iteration 142: -6941.516
Estimate model parameters (epsilon = 0.100)
BETTER TREE FOUND at iteration 148: -6941.298
Iteration 150 / LogL: -6961.861 / Time: 0h:3m:0s (0h:1m:57s left)
Log-likelihood cutoff on original alignment: -6997.423
Iteration 160 / LogL: -6950.331 / Time: 0h:3m:11s (0h:1m:44s left)
Iteration 170 / LogL: -6960.522 / Time: 0h:3m:19s (0h:1m:31s left)
Iteration 180 / LogL: -6946.369 / Time: 0h:3m:29s (0h:1m:18s left)
BETTER TREE FOUND at iteration 188: -6941.298
Iteration 190 / LogL: -6948.646 / Time: 0h:3m:39s (0h:1m:52s left)
Iteration 200 / LogL: -6944.742 / Time: 0h:3m:48s (0h:1m:40s left)
Log-likelihood cutoff on original alignment: -6997.423
NOTE: Bootstrap correlation coefficient of split occurrence frequencies: 0.997
Iteration 210 / LogL: -6948.160 / Time: 0h:3m:59s (0h:1m:42s left)
Estimate model parameters (epsilon = 0.100)
BETTER TREE FOUND at iteration 219: -6941.148
Iteration 220 / LogL: -6941.299 / Time: 0h:4m:8s (0h:1m:51s left)
Iteration 230 / LogL: -6945.028 / Time: 0h:4m:17s (0h:1m:39s left)
Iteration 240 / LogL: -6950.365 / Time: 0h:4m:27s (0h:1m:27s left)
Iteration 250 / LogL: -6945.811 / Time: 0h:4m:36s (0h:1m:16s left)
Log-likelihood cutoff on original alignment: -6997.423
Iteration 260 / LogL: -6941.489 / Time: 0h:4m:47s (0h:1m:5s left)
Iteration 270 / LogL: -6941.483 / Time: 0h:4m:57s (0h:0m:53s left)
Estimate model parameters (epsilon = 0.100)
BETTER TREE FOUND at iteration 273: -6940.876
Iteration 280 / LogL: -6946.571 / Time: 0h:5m:6s (0h:1m:41s left)
BETTER TREE FOUND at iteration 281: -6940.875
Iteration 290 / LogL: -6944.025 / Time: 0h:5m:16s (0h:1m:39s left)
Iteration 300 / LogL: -6940.876 / Time: 0h:5m:26s (0h:1m:27s left)
Log-likelihood cutoff on original alignment: -6997.423
NOTE: Bootstrap correlation coefficient of split occurrence frequencies: 0.998
Iteration 310 / LogL: -6942.966 / Time: 0h:5m:37s (0h:1m:37s left)
Iteration 320 / LogL: -6948.379 / Time: 0h:5m:48s (0h:1m:26s left)
Iteration 330 / LogL: -6952.087 / Time: 0h:5m:57s (0h:1m:15s left)
Iteration 340 / LogL: -6946.186 / Time: 0h:6m:7s (0h:1m:4s left)
Iteration 350 / LogL: -6940.875 / Time: 0h:6m:17s (0h:0m:53s left)
Log-likelihood cutoff on original alignment: -6997.423
BETTER TREE FOUND at iteration 353: -6940.875
Iteration 360 / LogL: -6940.875 / Time: 0h:6m:29s (0h:1m:40s left)
Estimate model parameters (epsilon = 0.100)
BETTER TREE FOUND at iteration 362: -6939.567
Iteration 370 / LogL: -6940.874 / Time: 0h:6m:40s (0h:1m:39s left)
BETTER TREE FOUND at iteration 379: -6939.567
Iteration 380 / LogL: -6941.650 / Time: 0h:6m:51s (0h:1m:47s left)
BETTER TREE FOUND at iteration 384: -6939.566
Iteration 390 / LogL: -6945.744 / Time: 0h:7m:3s (0h:1m:41s left)
Iteration 400 / LogL: -6950.261 / Time: 0h:7m:15s (0h:1m:31s left)
Log-likelihood cutoff on original alignment: -6997.423
NOTE: Bootstrap correlation coefficient of split occurrence frequencies: 0.996
Estimate model parameters (epsilon = 0.100)
BETTER TREE FOUND at iteration 408: -6939.425
Iteration 410 / LogL: -6942.908 / Time: 0h:7m:28s (0h:1m:46s left)
BETTER TREE FOUND at iteration 416: -6939.424
BETTER TREE FOUND at iteration 420: -6939.424
Iteration 420 / LogL: -6939.424 / Time: 0h:7m:39s (0h:1m:49s left)
Iteration 430 / LogL: -6954.828 / Time: 0h:7m:49s (0h:1m:38s left)
Iteration 440 / LogL: -6946.043 / Time: 0h:8m:0s (0h:1m:27s left)
Estimate model parameters (epsilon = 0.100)
BETTER TREE FOUND at iteration 448: -6939.406
Iteration 450 / LogL: -6942.438 / Time: 0h:8m:12s (0h:1m:47s left)
Log-likelihood cutoff on original alignment: -6997.423
Iteration 460 / LogL: -6942.792 / Time: 0h:8m:23s (0h:1m:36s left)
Iteration 470 / LogL: -6939.480 / Time: 0h:8m:35s (0h:1m:25s left)
Iteration 480 / LogL: -6963.439 / Time: 0h:8m:47s (0h:1m:14s left)
Estimate model parameters (epsilon = 0.100)
BETTER TREE FOUND at iteration 490: -6938.759
Iteration 490 / LogL: -6938.759 / Time: 0h:8m:57s (0h:1m:49s left)
Iteration 500 / LogL: -6941.646 / Time: 0h:9m:10s (0h:1m:38s left)
Log-likelihood cutoff on original alignment: -6997.423
NOTE: Bootstrap correlation coefficient of split occurrence frequencies: 0.993
Iteration 510 / LogL: -6939.768 / Time: 0h:9m:22s (0h:1m:39s left)
BETTER TREE FOUND at iteration 520: -6938.759
Iteration 520 / LogL: -6938.759 / Time: 0h:9m:35s (0h:1m:50s left)
Iteration 530 / LogL: -6946.645 / Time: 0h:9m:46s (0h:1m:39s left)
Iteration 540 / LogL: -6966.287 / Time: 0h:9m:59s (0h:1m:28s left)
BETTER TREE FOUND at iteration 542: -6938.758
Iteration 550 / LogL: -6943.508 / Time: 0h:10m:12s (0h:1m:42s left)
Log-likelihood cutoff on original alignment: -6997.423
Iteration 560 / LogL: -6946.100 / Time: 0h:10m:26s (0h:1m:31s left)
Iteration 570 / LogL: -6945.473 / Time: 0h:10m:38s (0h:1m:20s left)
Estimate model parameters (epsilon = 0.100)
BETTER TREE FOUND at iteration 571: -6938.475
Iteration 580 / LogL: -6964.582 / Time: 0h:10m:50s (0h:1m:41s left)
Iteration 590 / LogL: -6940.807 / Time: 0h:11m:2s (0h:1m:30s left)
Iteration 600 / LogL: -6938.475 / Time: 0h:11m:15s (0h:1m:19s left)
Log-likelihood cutoff on original alignment: -6997.423
NOTE: Bootstrap correlation coefficient of split occurrence frequencies: 0.990
NOTE: UFBoot does not converge, continue at least 100 more iterations
Iteration 610 / LogL: -6938.758 / Time: 0h:11m:28s (0h:1m:41s left)
Estimate model parameters (epsilon = 0.100)
BETTER TREE FOUND at iteration 611: -6936.426
Iteration 620 / LogL: -6938.474 / Time: 0h:11m:41s (0h:1m:42s left)
Iteration 630 / LogL: -6942.682 / Time: 0h:11m:53s (0h:1m:31s left)
BETTER TREE FOUND at iteration 640: -6936.426
Iteration 640 / LogL: -6936.426 / Time: 0h:12m:6s (0h:1m:53s left)
Iteration 650 / LogL: -6936.427 / Time: 0h:12m:19s (0h:1m:42s left)
Log-likelihood cutoff on original alignment: -6997.423
Iteration 660 / LogL: -6942.091 / Time: 0h:12m:34s (0h:1m:31s left)
Iteration 670 / LogL: -6936.427 / Time: 0h:12m:47s (0h:1m:20s left)
BETTER TREE FOUND at iteration 678: -6936.426
Iteration 680 / LogL: -6946.408 / Time: 0h:13m:0s (0h:1m:52s left)
Iteration 690 / LogL: -6948.495 / Time: 0h:13m:15s (0h:1m:41s left)
Iteration 700 / LogL: -6947.262 / Time: 0h:13m:28s (0h:1m:30s left)
Log-likelihood cutoff on original alignment: -6997.423
NOTE: Bootstrap correlation coefficient of split occurrence frequencies: 0.987
NOTE: UFBoot does not converge, continue at least 100 more iterations
Iteration 710 / LogL: -6936.754 / Time: 0h:13m:43s (0h:1m:44s left)
BETTER TREE FOUND at iteration 713: -6936.426
Iteration 720 / LogL: -6940.818 / Time: 0h:13m:57s (0h:1m:48s left)
Iteration 730 / LogL: -6948.399 / Time: 0h:14m:13s (0h:1m:36s left)
Iteration 740 / LogL: -6936.427 / Time: 0h:14m:27s (0h:1m:25s left)
Iteration 750 / LogL: -6949.840 / Time: 0h:14m:40s (0h:1m:13s left)
Log-likelihood cutoff on original alignment: -6997.423
BETTER TREE FOUND at iteration 760: -6936.426
Iteration 760 / LogL: -6936.426 / Time: 0h:14m:56s (0h:1m:57s left)
Iteration 770 / LogL: -6940.456 / Time: 0h:15m:12s (0h:1m:46s left)
Iteration 780 / LogL: -6936.426 / Time: 0h:15m:26s (0h:1m:34s left)
Iteration 790 / LogL: -6936.568 / Time: 0h:15m:40s (0h:1m:23s left)
Iteration 800 / LogL: -6946.481 / Time: 0h:15m:55s (0h:1m:11s left)
Log-likelihood cutoff on original alignment: -6997.423
NOTE: Bootstrap correlation coefficient of split occurrence frequencies: 0.988
NOTE: UFBoot does not converge, continue at least 100 more iterations
Iteration 810 / LogL: -6938.385 / Time: 0h:16m:12s (0h:1m:47s left)
Iteration 820 / LogL: -6938.130 / Time: 0h:16m:27s (0h:1m:36s left)
Iteration 830 / LogL: -7000.796 / Time: 0h:16m:40s (0h:1m:24s left)
Iteration 840 / LogL: -6983.256 / Time: 0h:16m:54s (0h:1m:12s left)
Estimate model parameters (epsilon = 0.100)
BETTER TREE FOUND at iteration 845: -6936.003
Iteration 850 / LogL: -6945.859 / Time: 0h:17m:11s (0h:1m:55s left)
Log-likelihood cutoff on original alignment: -6997.423
Iteration 860 / LogL: -6993.182 / Time: 0h:17m:26s (0h:1m:43s left)
Iteration 870 / LogL: -6940.298 / Time: 0h:17m:40s (0h:1m:31s left)
Iteration 880 / LogL: -6953.447 / Time: 0h:17m:56s (0h:1m:19s left)
BETTER TREE FOUND at iteration 884: -6936.003
Iteration 890 / LogL: -6961.554 / Time: 0h:18m:13s (0h:1m:55s left)
BETTER TREE FOUND at iteration 900: -6936.003
Iteration 900 / LogL: -6936.003 / Time: 0h:18m:28s (0h:2m:3s left)
Log-likelihood cutoff on original alignment: -6997.423
NOTE: Bootstrap correlation coefficient of split occurrence frequencies: 0.987
NOTE: UFBoot does not converge, continue at least 100 more iterations
Iteration 910 / LogL: -6942.618 / Time: 0h:18m:45s (0h:1m:51s left)
Iteration 920 / LogL: -6940.251 / Time: 0h:19m:1s (0h:1m:39s left)
Iteration 930 / LogL: -6951.364 / Time: 0h:19m:18s (0h:1m:27s left)
Iteration 940 / LogL: -6936.147 / Time: 0h:19m:33s (0h:1m:14s left)
Iteration 950 / LogL: -6941.146 / Time: 0h:19m:49s (0h:1m:2s left)
Log-likelihood cutoff on original alignment: -6997.423
Iteration 960 / LogL: -6939.411 / Time: 0h:20m:6s (0h:0m:50s left)
Iteration 970 / LogL: -6942.324 / Time: 0h:20m:24s (0h:0m:37s left)
Iteration 980 / LogL: -6944.174 / Time: 0h:20m:40s (0h:0m:25s left)
Iteration 990 / LogL: -6943.007 / Time: 0h:20m:56s (0h:0m:12s left)
Iteration 1000 / LogL: -6936.426 / Time: 0h:21m:14s (0h:0m:0s left)
Log-likelihood cutoff on original alignment: -6997.423
NOTE: Bootstrap correlation coefficient of split occurrence frequencies: 0.988
NOTE: UFBoot does not converge, continue at least 100 more iterations
TREE SEARCH COMPLETED AFTER 1001 ITERATIONS / Time: 0h:21m:18s

--------------------------------------------------------------------
|                    FINALIZING TREE SEARCH                        |
--------------------------------------------------------------------
Performs final model parameters optimization
Estimate model parameters (epsilon = 0.010)
1. Initial log-likelihood: -6936.003
Optimal log-likelihood: -6936.003
Parameters optimization took 1 rounds (0.031 sec)
BEST SCORE FOUND : -6936.003
WARNING: bootstrap analysis did not converge. You should rerun with higher number of iterations (-nm option)
Creating bootstrap support values...
Split supports printed to NEXUS file /csm_data/spielman_lab/aa_phylo_fit_topology//simulations/alignments/1RII_ruhfel_rep6_AA.fasta.splits.nex
Total tree length: 4.972

Total number of iterations: 1001
CPU time used for tree search: 2251.665 sec (0h:37m:31s)
Wall-clock time used for tree search: 1250.528 sec (0h:20m:50s)
Total CPU time used: 2363.612 sec (0h:39m:23s)
Total wall-clock time used: 1279.869 sec (0h:21m:19s)

Computing bootstrap consensus tree...
Reading input file /csm_data/spielman_lab/aa_phylo_fit_topology//simulations/alignments/1RII_ruhfel_rep6_AA.fasta.splits.nex...
258 taxa and 8507 splits.
Consensus tree written to /csm_data/spielman_lab/aa_phylo_fit_topology//simulations/alignments/1RII_ruhfel_rep6_AA.fasta.contree
Reading input trees file /csm_data/spielman_lab/aa_phylo_fit_topology//simulations/alignments/1RII_ruhfel_rep6_AA.fasta.contree
Log-likelihood of consensus tree: -6936.764

Analysis results written to: 
  IQ-TREE report:                /csm_data/spielman_lab/aa_phylo_fit_topology//simulations/alignments/1RII_ruhfel_rep6_AA.fasta.iqtree
  Maximum-likelihood tree:       /csm_data/spielman_lab/aa_phylo_fit_topology//simulations/alignments/1RII_ruhfel_rep6_AA.fasta.treefile
  Likelihood distances:          /csm_data/spielman_lab/aa_phylo_fit_topology//simulations/alignments/1RII_ruhfel_rep6_AA.fasta.mldist

Ultrafast bootstrap approximation results written to:
  Split support values:          /csm_data/spielman_lab/aa_phylo_fit_topology//simulations/alignments/1RII_ruhfel_rep6_AA.fasta.splits.nex
  Consensus tree:                /csm_data/spielman_lab/aa_phylo_fit_topology//simulations/alignments/1RII_ruhfel_rep6_AA.fasta.contree
  Screen log file:               /csm_data/spielman_lab/aa_phylo_fit_topology//simulations/alignments/1RII_ruhfel_rep6_AA.fasta.log

Date and Time: Sat Nov  2 14:27:25 2019
