IQ-TREE multicore version 1.6.7 for Linux 64-bit built Aug 23 2018
Developed by Bui Quang Minh, Nguyen Lam Tung, Olga Chernomor,
Heiko Schmidt, Dominik Schrempf, Michael Woodhams.

Host:    csm-com-006 (AVX2, FMA3, 62 GB RAM)
Command: iqtree -quiet -nt AUTO -ntmax 8 -m Dayhoff+F -s /csm_data/spielman_lab/aa_phylo_fit_topology//simulations/alignments/1RII_spiralia_rep19_AA.fasta -st AA -redo -bb 1000
Seed:    637047 (Using SPRNG - Scalable Parallel Random Number Generator)
Time:    Sun Nov  3 03:25:09 2019
Kernel:  AVX+FMA - auto-detect threads (48 CPU cores detected)

Reading alignment file /csm_data/spielman_lab/aa_phylo_fit_topology//simulations/alignments/1RII_spiralia_rep19_AA.fasta ... Fasta format detected
Alignment most likely contains protein sequences
Alignment has 103 sequences with 195 columns, 165 distinct patterns
121 parsimony-informative, 28 singleton sites, 46 constant sites
                                Gap/Ambiguity  Composition  p-value
   1  Adineta_vaga                      0.00%    passed     99.99%
   2  Rotaria_rotatoria                 0.00%    passed     99.99%
   3  Lepadella_patella                 0.00%    passed    100.00%
   4  Brachionus_plicatilis             0.00%    passed    100.00%
   5  Brachionus_manjavacas             0.00%    passed    100.00%
   6  Rhabdopleura_compacta             0.00%    passed    100.00%
   7  Ptychodera_flava                  0.00%    passed    100.00%
   8  SchizocardiumCalif_cl             0.00%    passed    100.00%
   9  Sackow                            0.00%    passed    100.00%
  10  Patmin                            0.00%    passed    100.00%
  11  Parastichopus_parvimensis         0.00%    passed     99.21%
  12  Strpur                            0.00%    passed    100.00%
  13  Florometra_serratissima           0.00%    passed    100.00%
  14  Calmil                            0.00%    passed    100.00%
  15  HUMAN                             0.00%    passed    100.00%
  16  LATCH                             0.00%    passed    100.00%
  17  LEPOC                             0.00%    passed    100.00%
  18  Petromyzon_marins                 0.00%    passed    100.00%
  19  Halocynthia_roretzi               0.00%    passed    100.00%
  20  Molgula_tectiformis               0.00%    passed    100.00%
  21  CIOIN                             0.00%    passed    100.00%
  22  Asymmetron_lucayanum              0.00%    passed     99.98%
  23  BraLan                            0.00%    passed     99.99%
  24  Leucoselenia_complicata           0.00%    passed     99.96%
  25  Sycon_ciliatum                    0.00%    passed    100.00%
  26  Oscarella_carmella                0.00%    passed    100.00%
  27  AMPQE                             0.00%    passed     99.79%
  28  Ephidatia_mulleri                 0.00%    passed    100.00%
  29  NEMVE                             0.00%    passed    100.00%
  30  Acropora_digitifera               0.00%    passed    100.00%
  31  Aurelia_aurita                    0.00%    passed    100.00%
  32  Clytia_hemisphaerica              0.00%    passed    100.00%
  33  Isodiametra_pulchra               0.00%    failed      1.53%
  34  Childia_submaculatum              0.00%    failed      3.65%
  35  Diopisthoporus_gymnopharyngeus    0.00%    passed     96.28%
  36  Hofstenia_miamia                  0.00%    passed    100.00%
  37  Meara_stichopi                    0.00%    passed     85.33%
  38  Nemertoderma_westbladi            0.00%    passed     99.34%
  39  Xenoturbella_profunda             0.00%    passed    100.00%
  40  Xenoturbella_bocki                0.00%    passed    100.00%
  41  TRICA                             0.00%    passed     99.99%
  42  DROME                             0.00%    passed     91.79%
  43  Apis_mellifera                    0.00%    passed     99.98%
  44  Daphnia_pulex                     0.00%    passed     99.39%
  45  Eudigraphis_taiwaniensis          0.00%    passed    100.00%
  46  STRMM                             0.00%    passed    100.00%
  47  Mesobuthus_martensii              0.00%    passed    100.00%
  48  Limulus_polyphemus                0.00%    passed    100.00%
  49  Peripatopsis_capensis             0.00%    passed    100.00%
  50  Enoplus_brevis                    0.00%    passed     92.03%
  51  Romanomermis_culicivorax          0.00%    passed     99.99%
  52  Ramazzottius_varieornatus         0.00%    passed     99.97%
  53  Hypsibius_dujardini               0.00%    passed     99.98%
  54  Priapulus_caudatus                0.00%    passed     99.81%
  55  Halicryptus_spinulosus            0.00%    passed    100.00%
  56  Tubiluchus_corallicola            0.00%    passed     99.94%
  57  Lepidodermella_squamata           0.00%    passed     46.58%
  58  Diuronotus_aspetos                0.00%    passed     27.35%
  59  Macrodasys_sp                     0.00%    passed     99.80%
  60  Megadasys_sp                      0.00%    passed     98.74%
  61  Catenulida_sp                     0.00%    passed     99.84%
  62  Stylochoplana_maculata            0.00%    passed     99.98%
  63  Stylochus_ellipticus              0.00%    passed    100.00%
  64  Macrostomum_lignano               0.00%    passed     99.98%
  65  LOTGI                             0.00%    passed    100.00%
  66  Aplysia_californica               0.00%    passed     98.88%
  67  CRAGI                             0.00%    passed    100.00%
  68  Leptochiton_rugatus               0.00%    passed     98.00%
  69  Neomenia_megatrapezata            0.00%    passed    100.00%
  70  CAPI1                             0.00%    passed    100.00%
  71  Lumbricus_terrestris              0.00%    passed    100.00%
  72  Nephtys_caeca                     0.00%    passed    100.00%
  73  Owenia_fusiformis                 0.00%    passed    100.00%
  74  Lineus_longissimus                0.00%    passed    100.00%
  75  Paranemertes_peregrina            0.00%    passed    100.00%
  76  Malacobdella_grossa               0.00%    passed    100.00%
  77  Tubulanus_polymorphus             0.00%    passed    100.00%
  78  Cephalothrix_linearis             0.00%    passed     91.55%
  79  Hemithiris_psittacea              0.00%    passed    100.00%
  80  Terebratalia_transversa           0.00%    passed    100.00%
  81  Glottidia_pyramidata              0.00%    passed    100.00%
  82  Linana                            0.00%    passed    100.00%
  83  Phoronopsis_harmeri               0.00%    passed    100.00%
  84  Phoronis_vancouverensis           0.00%    passed    100.00%
  85  Phoronis_psammophila              0.00%    passed    100.00%
  86  Membranipora_membranacea          0.00%    passed     99.68%
  87  Bugula_neritina                   0.00%    passed     99.95%
  88  Loxosoma_pectinaricola            0.00%    passed    100.00%
  89  Barentsia_gracilis                0.00%    passed     99.97%
  90  Sagitta_gazellae                  0.00%    passed    100.00%
  91  Sagitta_setosa                    0.00%    passed     99.60%
  92  Pterosagitta_draco                0.00%    passed     99.93%
  93  Sagitta_elegans                   0.00%    passed     99.75%
  94  Sagitta_serratodentata            0.00%    passed     99.29%
  95  Sagitta_hexaptera                 0.00%    passed     98.37%
  96  Krohnitta_sp                      0.00%    passed    100.00%
  97  Paraspadella_ovovivipara          0.00%    passed    100.00%
  98  Pargo1                            0.00%    passed    100.00%
  99  Spadella_cephaloptera             0.00%    passed     99.97%
 100  Eukrohnia_hamata                  0.00%    passed    100.00%
 101  Gnathostomula_paradoxa            0.00%    passed     88.10%
 102  Austrognathia_sp                  0.00%    passed     99.97%
 103  Limnognathia_maerski              0.00%    passed    100.00%
****  TOTAL                             0.00%  2 sequences failed composition chi2 test (p-value<5%; df=19)
NOTE: Brachionus_manjavacas is identical to Brachionus_plicatilis but kept for subsequent analysis

Create initial parsimony tree by phylogenetic likelihood library (PLL)... 0.019 seconds
Generating 1000 samples for ultrafast bootstrap (seed: 637047)...

NOTE: 3 MB RAM (0 GB) is required!
Measuring multi-threading efficiency up to 8 CPU cores
Increase to 10 rounds for branch lengths
132 trees examined
Threads: 1 / Time: 8.021 sec / Speedup: 1.000 / Efficiency: 100% / LogL: -8254
Threads: 2 / Time: 4.831 sec / Speedup: 1.660 / Efficiency: 83% / LogL: -8254
Threads: 3 / Time: 3.942 sec / Speedup: 2.035 / Efficiency: 68% / LogL: -8254
Threads: 4 / Time: 4.525 sec / Speedup: 1.773 / Efficiency: 44% / LogL: -8254
BEST NUMBER OF THREADS: 3

Estimate model parameters (epsilon = 0.100)
1. Initial log-likelihood: -6005.529
Optimal log-likelihood: -5967.138
Parameters optimization took 1 rounds (0.022 sec)
Computing ML distances based on estimated model parameters... 0.833 sec
Computing BIONJ tree...
0.009 seconds
Log-likelihood of BIONJ tree: -5966.911
--------------------------------------------------------------------
|             INITIALIZING CANDIDATE TREE SET                      |
--------------------------------------------------------------------
Generating 98 parsimony trees... 2.368 second
Computing log-likelihood of 98 initial trees ... 1.403 seconds
Current best score: -5942.556

Do NNI search on 20 best initial trees
Estimate model parameters (epsilon = 0.100)
BETTER TREE FOUND at iteration 1: -5939.472
Estimate model parameters (epsilon = 0.100)
BETTER TREE FOUND at iteration 2: -5935.411
Estimate model parameters (epsilon = 0.100)
BETTER TREE FOUND at iteration 8: -5934.444
Iteration 10 / LogL: -5946.180 / Time: 0h:0m:27s
Estimate model parameters (epsilon = 0.100)
BETTER TREE FOUND at iteration 19: -5930.307
Iteration 20 / LogL: -5939.005 / Time: 0h:0m:30s
Finish initializing candidate tree set (20)
Current best tree score: -5930.307 / CPU time: 8.037
Number of iterations: 20
--------------------------------------------------------------------
|               OPTIMIZING CANDIDATE TREE SET                      |
--------------------------------------------------------------------
Estimate model parameters (epsilon = 0.100)
BETTER TREE FOUND at iteration 23: -5924.955
Estimate model parameters (epsilon = 0.100)
BETTER TREE FOUND at iteration 25: -5919.268
Iteration 30 / LogL: -5948.146 / Time: 0h:0m:32s (0h:1m:45s left)
Estimate model parameters (epsilon = 0.100)
BETTER TREE FOUND at iteration 38: -5916.721
Iteration 40 / LogL: -5922.669 / Time: 0h:0m:35s (0h:1m:27s left)
Iteration 50 / LogL: -5919.268 / Time: 0h:0m:37s (0h:1m:6s left)
Log-likelihood cutoff on original alignment: -5981.280
Iteration 60 / LogL: -5962.102 / Time: 0h:0m:40s (0h:0m:52s left)
Estimate model parameters (epsilon = 0.100)
BETTER TREE FOUND at iteration 69: -5914.020
Estimate model parameters (epsilon = 0.100)
BETTER TREE FOUND at iteration 70: -5913.738
Iteration 70 / LogL: -5913.738 / Time: 0h:0m:42s (0h:1m:1s left)
Estimate model parameters (epsilon = 0.100)
BETTER TREE FOUND at iteration 71: -5913.042
Estimate model parameters (epsilon = 0.100)
BETTER TREE FOUND at iteration 77: -5912.134
Estimate model parameters (epsilon = 0.100)
BETTER TREE FOUND at iteration 80: -5911.852
Iteration 80 / LogL: -5911.852 / Time: 0h:0m:45s (0h:0m:56s left)
Iteration 90 / LogL: -5917.421 / Time: 0h:0m:47s (0h:0m:47s left)
Iteration 100 / LogL: -5918.059 / Time: 0h:0m:50s (0h:0m:40s left)
Log-likelihood cutoff on original alignment: -5981.280
NOTE: Bootstrap correlation coefficient of split occurrence frequencies: 0.984
NOTE: UFBoot does not converge, continue at least 100 more iterations
Iteration 110 / LogL: -5914.965 / Time: 0h:0m:53s (0h:0m:43s left)
BETTER TREE FOUND at iteration 112: -5911.852
BETTER TREE FOUND at iteration 117: -5911.852
Iteration 120 / LogL: -5920.574 / Time: 0h:0m:55s (0h:0m:45s left)
Iteration 130 / LogL: -5914.345 / Time: 0h:0m:58s (0h:0m:39s left)
UPDATE BEST LOG-LIKELIHOOD: -5911.851
Iteration 140 / LogL: -5915.119 / Time: 0h:1m:0s (0h:0m:33s left)
Estimate model parameters (epsilon = 0.100)
BETTER TREE FOUND at iteration 146: -5911.068
Iteration 150 / LogL: -5919.653 / Time: 0h:1m:3s (0h:0m:40s left)
Log-likelihood cutoff on original alignment: -5981.280
Estimate model parameters (epsilon = 0.100)
BETTER TREE FOUND at iteration 155: -5907.621
Iteration 160 / LogL: -5921.527 / Time: 0h:1m:6s (0h:0m:39s left)
Estimate model parameters (epsilon = 0.100)
UPDATE BEST LOG-LIKELIHOOD: -5907.589
Iteration 170 / LogL: -5911.254 / Time: 0h:1m:9s (0h:0m:34s left)
Iteration 180 / LogL: -5907.621 / Time: 0h:1m:12s (0h:0m:30s left)
Iteration 190 / LogL: -5907.887 / Time: 0h:1m:15s (0h:0m:25s left)
Estimate model parameters (epsilon = 0.100)
BETTER TREE FOUND at iteration 196: -5905.911
Iteration 200 / LogL: -5921.757 / Time: 0h:1m:17s (0h:0m:37s left)
Log-likelihood cutoff on original alignment: -5981.280
NOTE: Bootstrap correlation coefficient of split occurrence frequencies: 0.986
NOTE: UFBoot does not converge, continue at least 100 more iterations
Estimate model parameters (epsilon = 0.100)
BETTER TREE FOUND at iteration 201: -5905.863
Estimate model parameters (epsilon = 0.100)
BETTER TREE FOUND at iteration 203: -5905.766
Estimate model parameters (epsilon = 0.100)
BETTER TREE FOUND at iteration 208: -5905.613
Iteration 210 / LogL: -5908.224 / Time: 0h:1m:21s (0h:0m:37s left)
Estimate model parameters (epsilon = 0.100)
BETTER TREE FOUND at iteration 219: -5905.581
Iteration 220 / LogL: -5921.163 / Time: 0h:1m:23s (0h:0m:37s left)
Iteration 230 / LogL: -5905.613 / Time: 0h:1m:26s (0h:0m:33s left)
Iteration 240 / LogL: -5905.614 / Time: 0h:1m:29s (0h:0m:29s left)
BETTER TREE FOUND at iteration 245: -5905.581
Iteration 250 / LogL: -5907.875 / Time: 0h:1m:32s (0h:0m:35s left)
Log-likelihood cutoff on original alignment: -5981.280
Iteration 260 / LogL: -5915.494 / Time: 0h:1m:35s (0h:0m:31s left)
BETTER TREE FOUND at iteration 263: -5905.581
Iteration 270 / LogL: -5905.582 / Time: 0h:1m:38s (0h:0m:33s left)
BETTER TREE FOUND at iteration 272: -5905.581
Iteration 280 / LogL: -5905.587 / Time: 0h:1m:41s (0h:0m:33s left)
BETTER TREE FOUND at iteration 281: -5905.581
Iteration 290 / LogL: -5932.206 / Time: 0h:1m:44s (0h:0m:32s left)
Iteration 300 / LogL: -5905.581 / Time: 0h:1m:47s (0h:0m:28s left)
Log-likelihood cutoff on original alignment: -5981.280
NOTE: Bootstrap correlation coefficient of split occurrence frequencies: 0.984
NOTE: UFBoot does not converge, continue at least 100 more iterations
Iteration 310 / LogL: -5914.469 / Time: 0h:1m:50s (0h:0m:32s left)
Iteration 320 / LogL: -5905.766 / Time: 0h:1m:53s (0h:0m:28s left)
Iteration 330 / LogL: -5905.581 / Time: 0h:1m:56s (0h:0m:24s left)
BETTER TREE FOUND at iteration 339: -5905.581
Iteration 340 / LogL: -5905.863 / Time: 0h:1m:59s (0h:0m:34s left)
BETTER TREE FOUND at iteration 348: -5905.580
Iteration 350 / LogL: -5935.080 / Time: 0h:2m:2s (0h:0m:34s left)
Log-likelihood cutoff on original alignment: -5981.280
Iteration 360 / LogL: -5905.879 / Time: 0h:2m:5s (0h:0m:30s left)
BETTER TREE FOUND at iteration 370: -5905.580
Iteration 370 / LogL: -5905.580 / Time: 0h:2m:8s (0h:0m:34s left)
Iteration 380 / LogL: -5931.246 / Time: 0h:2m:11s (0h:0m:31s left)
Iteration 390 / LogL: -5916.658 / Time: 0h:2m:14s (0h:0m:27s left)
Iteration 400 / LogL: -5927.605 / Time: 0h:2m:17s (0h:0m:24s left)
Log-likelihood cutoff on original alignment: -5981.280
NOTE: Bootstrap correlation coefficient of split occurrence frequencies: 0.996
Iteration 410 / LogL: -5911.316 / Time: 0h:2m:21s (0h:0m:30s left)
Iteration 420 / LogL: -5917.161 / Time: 0h:2m:24s (0h:0m:27s left)
Iteration 430 / LogL: -5905.863 / Time: 0h:2m:27s (0h:0m:23s left)
Iteration 440 / LogL: -5910.996 / Time: 0h:2m:30s (0h:0m:20s left)
Iteration 450 / LogL: -5905.613 / Time: 0h:2m:33s (0h:0m:17s left)
Log-likelihood cutoff on original alignment: -5981.280
Iteration 460 / LogL: -5950.559 / Time: 0h:2m:37s (0h:0m:13s left)
Iteration 470 / LogL: -5908.141 / Time: 0h:2m:40s (0h:0m:10s left)
TREE SEARCH COMPLETED AFTER 471 ITERATIONS / Time: 0h:2m:40s

--------------------------------------------------------------------
|                    FINALIZING TREE SEARCH                        |
--------------------------------------------------------------------
Performs final model parameters optimization
Estimate model parameters (epsilon = 0.010)
1. Initial log-likelihood: -5905.580
Optimal log-likelihood: -5905.580
Parameters optimization took 1 rounds (0.010 sec)
BEST SCORE FOUND : -5905.580
Creating bootstrap support values...
Split supports printed to NEXUS file /csm_data/spielman_lab/aa_phylo_fit_topology//simulations/alignments/1RII_spiralia_rep19_AA.fasta.splits.nex
Total tree length: 4.433

Total number of iterations: 471
CPU time used for tree search: 405.635 sec (0h:6m:45s)
Wall-clock time used for tree search: 138.703 sec (0h:2m:18s)
Total CPU time used: 466.139 sec (0h:7m:46s)
Total wall-clock time used: 161.151 sec (0h:2m:41s)

Computing bootstrap consensus tree...
Reading input file /csm_data/spielman_lab/aa_phylo_fit_topology//simulations/alignments/1RII_spiralia_rep19_AA.fasta.splits.nex...
103 taxa and 1734 splits.
Consensus tree written to /csm_data/spielman_lab/aa_phylo_fit_topology//simulations/alignments/1RII_spiralia_rep19_AA.fasta.contree
Reading input trees file /csm_data/spielman_lab/aa_phylo_fit_topology//simulations/alignments/1RII_spiralia_rep19_AA.fasta.contree
Log-likelihood of consensus tree: -5905.613

Analysis results written to: 
  IQ-TREE report:                /csm_data/spielman_lab/aa_phylo_fit_topology//simulations/alignments/1RII_spiralia_rep19_AA.fasta.iqtree
  Maximum-likelihood tree:       /csm_data/spielman_lab/aa_phylo_fit_topology//simulations/alignments/1RII_spiralia_rep19_AA.fasta.treefile
  Likelihood distances:          /csm_data/spielman_lab/aa_phylo_fit_topology//simulations/alignments/1RII_spiralia_rep19_AA.fasta.mldist

Ultrafast bootstrap approximation results written to:
  Split support values:          /csm_data/spielman_lab/aa_phylo_fit_topology//simulations/alignments/1RII_spiralia_rep19_AA.fasta.splits.nex
  Consensus tree:                /csm_data/spielman_lab/aa_phylo_fit_topology//simulations/alignments/1RII_spiralia_rep19_AA.fasta.contree
  Screen log file:               /csm_data/spielman_lab/aa_phylo_fit_topology//simulations/alignments/1RII_spiralia_rep19_AA.fasta.log

Date and Time: Sun Nov  3 03:27:51 2019
