IQ-TREE multicore version 1.6.7 for Linux 64-bit built Aug 23 2018
Developed by Bui Quang Minh, Nguyen Lam Tung, Olga Chernomor,
Heiko Schmidt, Dominik Schrempf, Michael Woodhams.

Host:    csm-com-009 (AVX2, FMA3, 62 GB RAM)
Command: iqtree -quiet -nt AUTO -ntmax 8 -m mtART -s /csm_data/spielman_lab/aa_phylo_fit_topology//simulations/alignments/1RII_andersen_rep15_AA.fasta -st AA -redo -bb 1000
Seed:    353690 (Using SPRNG - Scalable Parallel Random Number Generator)
Time:    Sat Nov  2 22:58:36 2019
Kernel:  AVX+FMA - auto-detect threads (48 CPU cores detected)

Reading alignment file /csm_data/spielman_lab/aa_phylo_fit_topology//simulations/alignments/1RII_andersen_rep15_AA.fasta ... Fasta format detected
Alignment most likely contains protein sequences
Alignment has 179 sequences with 195 columns, 123 distinct patterns
73 parsimony-informative, 33 singleton sites, 89 constant sites
                      Gap/Ambiguity  Composition  p-value
   1  BA366-S-GIN-2003        0.00%    passed     99.99%
   2  G502-S-SLE-2009         0.00%    passed     99.97%
   3  G1180-S-SLE-2010        0.00%    passed     99.98%
   4  G2147-S-SLE-2011        0.00%    passed     99.98%
   5  G2165-S-SLE-2011        0.00%    passed     99.98%
   6  LM222-S-SLE-2010        0.00%    passed     99.98%
   7  LM774-S-SLE-2012        0.00%    passed     99.98%
   8  LM778-S-SLE-2012        0.00%    passed    100.00%
   9  G2184-S-SLE-2011        0.00%    passed     99.96%
  10  LM776-S-SLE-2012        0.00%    passed     99.98%
  11  G503-S-SLE-2009         0.00%    passed     99.99%
  12  G2318-S-SLE-2012        0.00%    passed     99.98%
  13  G1959-S-SLE-2011        0.00%    passed     99.97%
  14  G3010-S-SLE-2013        0.00%    passed     99.99%
  15  G610-S-SLE-2009         0.00%    passed     99.99%
  16  G693-S-SLE-2009         0.00%    passed     99.99%
  17  G771-S-SLE-2010         0.00%    passed     99.99%
  18  G1792-S-SLE-2011        0.00%    passed     99.99%
  19  G1960-S-SLE-2011        0.00%    passed     99.98%
  20  G2565-S-SLE-2012        0.00%    passed     99.99%
  21  G2197-S-SLE-2011        0.00%    passed     99.94%
  22  LM032-S-SLE-2010        0.00%    passed     99.95%
  23  Josiah-S-SLE-1976       0.00%    passed     99.99%
  24  G808-S-SLE-2010         0.00%    passed     99.99%
  25  G2868-S-SLE-2012        0.00%    passed     99.99%
  26  G676-S-SLE-2009         0.00%    passed     99.99%
  27  G2405-S-SLE-2012        0.00%    passed     99.99%
  28  G1190-S-SLE-2010        0.00%    passed     99.99%
  29  G2944-S-SLE-2012        0.00%    passed     99.99%
  30  LM765-S-SLE-2012        0.00%    passed     99.99%
  31  G3148-S-SLE-2013        0.00%    passed     99.99%
  32  Z0947-S-SLE-2011        0.00%    passed     99.99%
  33  Z0948-S-SLE-2011        0.00%    passed     99.99%
  34  G1727-S-SLE-2011        0.00%    passed     99.99%
  35  G1647-S-SLE-2011        0.00%    passed    100.00%
  36  G2295-S-SLE-2012        0.00%    passed     99.99%
  37  G2587-S-SLE-2012        0.00%    passed     99.99%
  38  G2280-S-SLE-2012        0.00%    passed     99.99%
  39  G3016-S-SLE-2013        0.00%    passed     99.99%
  40  G3106-S-SLE-2013        0.00%    passed     99.99%
  41  G2612-S-SLE-2012        0.00%    passed     99.99%
  42  LM779-S-SLE-2012        0.00%    passed     99.99%
  43  G692-S-SLE-2009         0.00%    passed    100.00%
  44  LM395-S-SLE-2009        0.00%    passed    100.00%
  45  G1774-S-SLE-2011        0.00%    passed     99.99%
  46  G2222-S-SLE-2011        0.00%    passed     99.99%
  47  G636-S-SLE-2009         0.00%    passed     99.99%
  48  G2315-S-SLE-2012        0.00%    passed     99.99%
  49  G2903-S-SLE-2012        0.00%    passed     99.99%
  50  G3206-S-SLE-2013        0.00%    passed     99.99%
  51  G733-S-SLE-2010         0.00%    passed     99.93%
  52  G2554-S-SLE-2012        0.00%    passed     99.98%
  53  G1618-S-SLE-2011        0.00%    passed    100.00%
  54  G1646-S-SLE-2011        0.00%    passed     99.91%
  55  G2427-S-SLE-2012        0.00%    passed     99.98%
  56  G2392-S-SLE-2012        0.00%    passed    100.00%
  57  G3229-S-SLE-2013        0.00%    passed    100.00%
  58  G3151-S-SLE-2013        0.00%    passed     99.99%
  59  G3248-S-SLE-2013        0.00%    passed     99.99%
  60  G3170-S-SLE-2013        0.00%    passed     99.99%
  61  NL-S-SLE-2000           0.00%    passed    100.00%
  62  G2263-S-SLE-2012        0.00%    passed     99.99%
  63  G2431-S-SLE-2012        0.00%    passed    100.00%
  64  G1442-S-SLE-2011        0.00%    passed    100.00%
  65  G2141-S-SLE-2011        0.00%    passed     98.70%
  66  G1529-S-SLE-2011        0.00%    passed    100.00%
  67  G3234-S-SLE-2013        0.00%    passed    100.00%
  68  G2363-S-SLE-2012        0.00%    passed    100.00%
  69  G2259-S-SLE-2012        0.00%    passed    100.00%
  70  G2723-S-SLE-2012        0.00%    passed    100.00%
  71  G3278-S-SLE-2013        0.00%    passed    100.00%
  72  G2557-S-SLE-2012        0.00%    passed    100.00%
  73  G2615-S-SLE-2012        0.00%    passed    100.00%
  74  G1200-S-LIB-2010        0.00%    passed    100.00%
  75  Macenta-S-GIN-1982      0.00%    passed    100.00%
  76  Z148-S-LIB-1981         0.00%    passed    100.00%
  77  AV-S-CIV-1999           0.00%    passed    100.00%
  78  Nig08-A18-S-NIG-2008    0.00%    passed     99.97%
  79  Nig08-A19-S-NIG-2008    0.00%    passed     99.98%
  80  CSF-S-NIG-2001          0.00%    passed    100.00%
  81  ISTH0009-S-NIG-2011     0.00%    passed    100.00%
  82  LASV979-S-NIG-2009      0.00%    passed    100.00%
  83  LASV237-S-NIG-2010      0.00%    passed    100.00%
  84  LASV711-S-NIG-2009      0.00%    passed    100.00%
  85  LASV992-S-NIG-2009      0.00%    passed    100.00%
  86  ISTH0230-S-NIG-2011     0.00%    passed    100.00%
  87  LASV975-S-NIG-2009      0.00%    passed    100.00%
  88  ISTH2061-S-NIG-2012     0.00%    passed    100.00%
  89  Nig08-A41-S-NIG-2008    0.00%    passed    100.00%
  90  ISTH2217-S-NIG-2012     0.00%    passed    100.00%
  91  ISTH1064-S-NIG-2011     0.00%    passed    100.00%
  92  ISTH2334-S-NIG-2012     0.00%    passed    100.00%
  93  LASV245-S-NIG-2011      0.00%    passed    100.00%
  94  LASV1011-S-NIG-2009     0.00%    passed    100.00%
  95  ISTH2312-S-NIG-2012     0.00%    passed    100.00%
  96  LASV1000-S-NIG-2009     0.00%    passed    100.00%
  97  ISTH2010-S-NIG-2012     0.00%    passed    100.00%
  98  ISTH2016-S-NIG-2012     0.00%    passed    100.00%
  99  Nig08-A37-S-NIG-2008    0.00%    passed    100.00%
 100  LASV737-S-NIG-2009      0.00%    passed    100.00%
 101  LASV719-S-NIG-2009      0.00%    passed    100.00%
 102  LASV046-S-NIG-2009      0.00%    passed    100.00%
 103  ISTH2042-S-NIG-2012     0.00%    passed    100.00%
 104  LASV274-S-NIG-2010      0.00%    passed    100.00%
 105  LASV263-S-NIG-2011      0.00%    passed    100.00%
 106  ISTH1137-S-NIG-2011     0.00%    passed    100.00%
 107  LASV976-S-NIG-2009      0.00%    passed    100.00%
 108  LASV1016-S-NIG-2009     0.00%    passed    100.00%
 109  LASV229-S-NIG-2010      0.00%    passed    100.00%
 110  ISTH2129-S-NIG-2012     0.00%    passed    100.00%
 111  ISTH2057-S-NIG-2012     0.00%    passed    100.00%
 112  LASV058-S-NIG-2008      0.00%    passed    100.00%
 113  ISTH1038-S-NIG-2011     0.00%    passed    100.00%
 114  LASV056-S-NIG-2008      0.00%    passed    100.00%
 115  LASV042-S-NIG-2009      0.00%    passed    100.00%
 116  LASV981-S-NIG-2009      0.00%    passed    100.00%
 117  LASV256-S-NIG-2010      0.00%    passed    100.00%
 118  LASV052-S-NIG-2008      0.00%    passed    100.00%
 119  LASV063-S-NIG-2009      0.00%    passed    100.00%
 120  ISTH0595-S-NIG-2011     0.00%    passed    100.00%
 121  ISTH1096-S-NIG-2012     0.00%    passed    100.00%
 122  LASV221-S-NIG-2010      0.00%    passed    100.00%
 123  LASV977-S-NIG-2009      0.00%    passed    100.00%
 124  LASV971-S-NIG-2009      0.00%    passed    100.00%
 125  LASV967-S-NIG-2009      0.00%    passed    100.00%
 126  ISTH2050-S-NIG-2012     0.00%    passed    100.00%
 127  ISTH2031-S-NIG-2012     0.00%    passed    100.00%
 128  ISTH2376-S-NIG-2012     0.00%    passed    100.00%
 129  LASV991-S-NIG-2009      0.00%    passed    100.00%
 130  LASV267-S-NIG-2010      0.00%    passed    100.00%
 131  LASV049-S-NIG-2009      0.00%    passed    100.00%
 132  LASV239-S-NIG-2010      0.00%    passed    100.00%
 133  ISTH2037-S-NIG-2012     0.00%    passed    100.00%
 134  ISTH1069-S-NIG-2011     0.00%    passed    100.00%
 135  ISTH1129-S-NIG-2012     0.00%    passed    100.00%
 136  ISTH2304-S-NIG-2012     0.00%    passed    100.00%
 137  LASV246-S-NIG-2010      0.00%    passed    100.00%
 138  ISTH1111-S-NIG-2011     0.00%    passed    100.00%
 139  LASV006-S-NIG-2008      0.00%    passed    100.00%
 140  ISTH0531-S-NIG-2011     0.00%    passed    100.00%
 141  LASV254-S-NIG-2011      0.00%    passed    100.00%
 142  ISTH2358-S-NIG-2012     0.00%    passed    100.00%
 143  LASV966-S-NIG-2009      0.00%    passed    100.00%
 144  ISTH1058-S-NIG-2011     0.00%    passed    100.00%
 145  LASV241-S-NIG-2011      0.00%    passed    100.00%
 146  LASV271-S-NIG-2010      0.00%    passed    100.00%
 147  Nig08-A47-S-NIG-2008    0.00%    passed    100.00%
 148  ISTH0012-S-NIG-2011     0.00%    passed    100.00%
 149  LASV993-S-NIG-2009      0.00%    passed    100.00%
 150  ISTH2046-S-NIG-2012     0.00%    passed    100.00%
 151  LASV1008-S-NIG-2009     0.00%    passed    100.00%
 152  ISTH2020-S-NIG-2012     0.00%    passed    100.00%
 153  LASV003-S-NIG-2008      0.00%    passed    100.00%
 154  LASV242-S-NIG-2010      0.00%    passed    100.00%
 155  LASV253-S-NIG-2011      0.00%    passed    100.00%
 156  LASV982-S-NIG-2009      0.00%    passed    100.00%
 157  LASV251-S-NIG-2010      0.00%    passed    100.00%
 158  LASV989-S-NIG-2009      0.00%    passed    100.00%
 159  ISTH0047-S-NIG-2011     0.00%    passed    100.00%
 160  LASV990-S-NIG-2009      0.00%    passed     99.99%
 161  ISTH1003-S-NIG-2011     0.00%    passed     99.98%
 162  ISTH0073-S-NIG-2011     0.00%    passed     99.98%
 163  ISTH2316-S-NIG-2012     0.00%    passed     99.99%
 164  LASV225-S-NIG-2010      0.00%    passed     99.99%
 165  LASV978-S-NIG-2009      0.00%    passed    100.00%
 166  ISTH1048-S-NIG-2011     0.00%    passed    100.00%
 167  LASV045-S-NIG-2009      0.00%    passed    100.00%
 168  ISTH2025-S-NIG-2012     0.00%    passed     99.99%
 169  LASV250-S-NIG-2011      0.00%    passed    100.00%
 170  LASV1015-S-NIG-2009     0.00%    passed    100.00%
 171  LASV035-S-NIG-2009      0.00%    passed    100.00%
 172  ISTH1107-S-NIG-2012     0.00%    passed    100.00%
 173  ISTH2271-S-NIG-2012     0.00%    passed    100.00%
 174  ISTH1121-S-NIG-2012     0.00%    passed    100.00%
 175  ISTH2065-S-NIG-2012     0.00%    passed    100.00%
 176  ISTH2066-S-NIG-2012     0.00%    passed    100.00%
 177  ISTH2094-S-NIG-2012     0.00%    passed     99.78%
 178  Nig08-04-S-NIG-2008     0.00%    passed     99.78%
 179  Pinneo-S-NIG-1969       0.00%    passed     99.65%
****  TOTAL                   0.00%  0 sequences failed composition chi2 test (p-value<5%; df=19)
NOTE: LM222-S-SLE-2010 is identical to G2165-S-SLE-2011 but kept for subsequent analysis
NOTE: G610-S-SLE-2009 is identical to G3010-S-SLE-2013 but kept for subsequent analysis
NOTE: G676-S-SLE-2009 is identical to Josiah-S-SLE-1976 but kept for subsequent analysis
NOTE: G2222-S-SLE-2011 is identical to G1774-S-SLE-2011 but kept for subsequent analysis
NOTE: G2315-S-SLE-2012 is identical to G636-S-SLE-2009 but kept for subsequent analysis
NOTE: G3248-S-SLE-2013 is identical to G3151-S-SLE-2013 but kept for subsequent analysis
NOTE: LASV979-S-NIG-2009 is identical to ISTH0009-S-NIG-2011 but kept for subsequent analysis
NOTE: ISTH2010-S-NIG-2012 is identical to Nig08-A41-S-NIG-2008 but kept for subsequent analysis
NOTE: ISTH2334-S-NIG-2012 is identical to ISTH1064-S-NIG-2011 but kept for subsequent analysis
NOTE: LASV046-S-NIG-2009 is identical to LASV719-S-NIG-2009 but kept for subsequent analysis
NOTE: LASV058-S-NIG-2008 is identical to ISTH2057-S-NIG-2012 but kept for subsequent analysis
NOTE: LASV977-S-NIG-2009 is identical to LASV221-S-NIG-2010 but kept for subsequent analysis
NOTE: ISTH2304-S-NIG-2012 is identical to ISTH1129-S-NIG-2012 but kept for subsequent analysis
NOTE: LASV241-S-NIG-2011 is identical to ISTH1058-S-NIG-2011 but kept for subsequent analysis
NOTE: ISTH0073-S-NIG-2011 is identical to ISTH1003-S-NIG-2011 but kept for subsequent analysis
NOTE: LASV225-S-NIG-2010 is identical to ISTH2316-S-NIG-2012 but kept for subsequent analysis
NOTE: LASV045-S-NIG-2009 is identical to ISTH1048-S-NIG-2011 but kept for subsequent analysis
NOTE: LASV1015-S-NIG-2009 is identical to LASV250-S-NIG-2011 but kept for subsequent analysis
NOTE: ISTH2066-S-NIG-2012 is identical to ISTH2065-S-NIG-2012 but kept for subsequent analysis
NOTE: Nig08-04-S-NIG-2008 is identical to ISTH2094-S-NIG-2012 but kept for subsequent analysis
NOTE: 50 identical sequences (see below) will be ignored for subsequent analysis
NOTE: LM774-S-SLE-2012 (identical to G2165-S-SLE-2011) is ignored but added at the end
NOTE: LM776-S-SLE-2012 (identical to G2165-S-SLE-2011) is ignored but added at the end
NOTE: G693-S-SLE-2009 (identical to G3010-S-SLE-2013) is ignored but added at the end
NOTE: G771-S-SLE-2010 (identical to G3010-S-SLE-2013) is ignored but added at the end
NOTE: G1792-S-SLE-2011 (identical to G3010-S-SLE-2013) is ignored but added at the end
NOTE: G2565-S-SLE-2012 (identical to G3010-S-SLE-2013) is ignored but added at the end
NOTE: G2263-S-SLE-2012 (identical to G3010-S-SLE-2013) is ignored but added at the end
NOTE: G2405-S-SLE-2012 (identical to Josiah-S-SLE-1976) is ignored but added at the end
NOTE: G1190-S-SLE-2010 (identical to Josiah-S-SLE-1976) is ignored but added at the end
NOTE: G2944-S-SLE-2012 (identical to Josiah-S-SLE-1976) is ignored but added at the end
NOTE: LM765-S-SLE-2012 (identical to Josiah-S-SLE-1976) is ignored but added at the end
NOTE: Z0947-S-SLE-2011 (identical to Josiah-S-SLE-1976) is ignored but added at the end
NOTE: Z0948-S-SLE-2011 (identical to Josiah-S-SLE-1976) is ignored but added at the end
NOTE: G1727-S-SLE-2011 (identical to Josiah-S-SLE-1976) is ignored but added at the end
NOTE: G2295-S-SLE-2012 (identical to Josiah-S-SLE-1976) is ignored but added at the end
NOTE: G2587-S-SLE-2012 (identical to Josiah-S-SLE-1976) is ignored but added at the end
NOTE: G2280-S-SLE-2012 (identical to Josiah-S-SLE-1976) is ignored but added at the end
NOTE: G3016-S-SLE-2013 (identical to Josiah-S-SLE-1976) is ignored but added at the end
NOTE: G3106-S-SLE-2013 (identical to Josiah-S-SLE-1976) is ignored but added at the end
NOTE: G2612-S-SLE-2012 (identical to Josiah-S-SLE-1976) is ignored but added at the end
NOTE: LM779-S-SLE-2012 (identical to Josiah-S-SLE-1976) is ignored but added at the end
NOTE: G3206-S-SLE-2013 (identical to G636-S-SLE-2009) is ignored but added at the end
NOTE: G3170-S-SLE-2013 (identical to G3151-S-SLE-2013) is ignored but added at the end
NOTE: LASV237-S-NIG-2010 (identical to ISTH0009-S-NIG-2011) is ignored but added at the end
NOTE: LASV711-S-NIG-2009 (identical to ISTH0009-S-NIG-2011) is ignored but added at the end
NOTE: LASV992-S-NIG-2009 (identical to ISTH0009-S-NIG-2011) is ignored but added at the end
NOTE: ISTH0230-S-NIG-2011 (identical to ISTH0009-S-NIG-2011) is ignored but added at the end
NOTE: ISTH2016-S-NIG-2012 (identical to Nig08-A41-S-NIG-2008) is ignored but added at the end
NOTE: LASV274-S-NIG-2010 (identical to Nig08-A41-S-NIG-2008) is ignored but added at the end
NOTE: LASV263-S-NIG-2011 (identical to Nig08-A41-S-NIG-2008) is ignored but added at the end
NOTE: ISTH1137-S-NIG-2011 (identical to Nig08-A41-S-NIG-2008) is ignored but added at the end
NOTE: LASV976-S-NIG-2009 (identical to Nig08-A41-S-NIG-2008) is ignored but added at the end
NOTE: LASV1016-S-NIG-2009 (identical to Nig08-A41-S-NIG-2008) is ignored but added at the end
NOTE: ISTH2129-S-NIG-2012 (identical to Nig08-A41-S-NIG-2008) is ignored but added at the end
NOTE: LASV042-S-NIG-2009 (identical to Nig08-A41-S-NIG-2008) is ignored but added at the end
NOTE: ISTH1096-S-NIG-2012 (identical to Nig08-A41-S-NIG-2008) is ignored but added at the end
NOTE: LASV971-S-NIG-2009 (identical to Nig08-A41-S-NIG-2008) is ignored but added at the end
NOTE: ISTH2050-S-NIG-2012 (identical to Nig08-A41-S-NIG-2008) is ignored but added at the end
NOTE: LASV991-S-NIG-2009 (identical to Nig08-A41-S-NIG-2008) is ignored but added at the end
NOTE: LASV246-S-NIG-2010 (identical to Nig08-A41-S-NIG-2008) is ignored but added at the end
NOTE: LASV006-S-NIG-2008 (identical to Nig08-A41-S-NIG-2008) is ignored but added at the end
NOTE: ISTH2358-S-NIG-2012 (identical to Nig08-A41-S-NIG-2008) is ignored but added at the end
NOTE: LASV245-S-NIG-2011 (identical to ISTH1064-S-NIG-2011) is ignored but added at the end
NOTE: ISTH0012-S-NIG-2011 (identical to ISTH1058-S-NIG-2011) is ignored but added at the end
NOTE: LASV993-S-NIG-2009 (identical to ISTH1058-S-NIG-2011) is ignored but added at the end
NOTE: ISTH2046-S-NIG-2012 (identical to ISTH1058-S-NIG-2011) is ignored but added at the end
NOTE: LASV1008-S-NIG-2009 (identical to ISTH1058-S-NIG-2011) is ignored but added at the end
NOTE: LASV253-S-NIG-2011 (identical to ISTH1058-S-NIG-2011) is ignored but added at the end
NOTE: LASV982-S-NIG-2009 (identical to ISTH1058-S-NIG-2011) is ignored but added at the end
NOTE: LASV035-S-NIG-2009 (identical to LASV250-S-NIG-2011) is ignored but added at the end

For your convenience alignment with unique sequences printed to /csm_data/spielman_lab/aa_phylo_fit_topology//simulations/alignments/1RII_andersen_rep15_AA.fasta.uniqueseq.phy

Create initial parsimony tree by phylogenetic likelihood library (PLL)... 0.011 seconds
Generating 1000 samples for ultrafast bootstrap (seed: 353690)...

NOTE: 3 MB RAM (0 GB) is required!
Measuring multi-threading efficiency up to 8 CPU cores
Increase to 10 rounds for branch lengths
97 trees examined
Threads: 1 / Time: 8.004 sec / Speedup: 1.000 / Efficiency: 100% / LogL: -11379
Threads: 2 / Time: 6.016 sec / Speedup: 1.330 / Efficiency: 67% / LogL: -11379
Threads: 3 / Time: 4.327 sec / Speedup: 1.850 / Efficiency: 62% / LogL: -11379
Threads: 4 / Time: 4.560 sec / Speedup: 1.755 / Efficiency: 44% / LogL: -11379
BEST NUMBER OF THREADS: 3

Estimate model parameters (epsilon = 0.100)
1. Initial log-likelihood: -2696.383
Optimal log-likelihood: -2581.295
Parameters optimization took 1 rounds (0.021 sec)
Computing ML distances based on estimated model parameters... 1.535 sec
Computing BIONJ tree...
0.013 seconds
Log-likelihood of BIONJ tree: -2578.682
--------------------------------------------------------------------
|             INITIALIZING CANDIDATE TREE SET                      |
--------------------------------------------------------------------
Generating 98 parsimony trees... 1.467 second
Computing log-likelihood of 98 initial trees ... 1.700 seconds
Current best score: -2565.372

Do NNI search on 20 best initial trees
Estimate model parameters (epsilon = 0.100)
BETTER TREE FOUND at iteration 1: -2565.344
Estimate model parameters (epsilon = 0.100)
BETTER TREE FOUND at iteration 3: -2564.006
Estimate model parameters (epsilon = 0.100)
BETTER TREE FOUND at iteration 5: -2562.144
Estimate model parameters (epsilon = 0.100)
BETTER TREE FOUND at iteration 7: -2557.544
Iteration 10 / LogL: -2564.615 / Time: 0h:0m:32s
Iteration 20 / LogL: -2571.787 / Time: 0h:0m:34s
Finish initializing candidate tree set (20)
Current best tree score: -2557.544 / CPU time: 7.216
Number of iterations: 20
--------------------------------------------------------------------
|               OPTIMIZING CANDIDATE TREE SET                      |
--------------------------------------------------------------------
Estimate model parameters (epsilon = 0.100)
BETTER TREE FOUND at iteration 22: -2555.799
Iteration 30 / LogL: -2559.816 / Time: 0h:0m:36s (0h:1m:44s left)
Iteration 40 / LogL: -2575.497 / Time: 0h:0m:39s (0h:1m:13s left)
Estimate model parameters (epsilon = 0.100)
BETTER TREE FOUND at iteration 50: -2554.316
Iteration 50 / LogL: -2554.316 / Time: 0h:0m:41s (0h:1m:16s left)
Log-likelihood cutoff on original alignment: -2603.792
Iteration 60 / LogL: -2571.183 / Time: 0h:0m:44s (0h:1m:1s left)
BETTER TREE FOUND at iteration 68: -2554.315
Iteration 70 / LogL: -2554.316 / Time: 0h:0m:46s (0h:1m:1s left)
Estimate model parameters (epsilon = 0.100)
BETTER TREE FOUND at iteration 74: -2553.795
Iteration 80 / LogL: -2554.316 / Time: 0h:0m:49s (0h:0m:54s left)
BETTER TREE FOUND at iteration 85: -2553.795
Iteration 90 / LogL: -2553.796 / Time: 0h:0m:51s (0h:0m:51s left)
Estimate model parameters (epsilon = 0.100)
BETTER TREE FOUND at iteration 92: -2552.834
BETTER TREE FOUND at iteration 93: -2552.834
Iteration 100 / LogL: -2552.834 / Time: 0h:0m:54s (0h:0m:47s left)
Log-likelihood cutoff on original alignment: -2603.792
NOTE: Bootstrap correlation coefficient of split occurrence frequencies: 0.951
NOTE: UFBoot does not converge, continue at least 100 more iterations
BETTER TREE FOUND at iteration 108: -2552.834
Iteration 110 / LogL: -2552.834 / Time: 0h:0m:57s (0h:0m:48s left)
BETTER TREE FOUND at iteration 114: -2552.834
Iteration 120 / LogL: -2552.834 / Time: 0h:0m:59s (0h:0m:44s left)
Iteration 130 / LogL: -2552.834 / Time: 0h:1m:2s (0h:0m:37s left)
BETTER TREE FOUND at iteration 135: -2552.834
Iteration 140 / LogL: -2552.835 / Time: 0h:1m:5s (0h:0m:41s left)
Iteration 150 / LogL: -2586.198 / Time: 0h:1m:7s (0h:0m:36s left)
Log-likelihood cutoff on original alignment: -2603.792
BETTER TREE FOUND at iteration 152: -2552.834
BETTER TREE FOUND at iteration 159: -2552.834
Iteration 160 / LogL: -2552.834 / Time: 0h:1m:11s (0h:0m:41s left)
Estimate model parameters (epsilon = 0.100)
BETTER TREE FOUND at iteration 162: -2552.791
Iteration 170 / LogL: -2552.793 / Time: 0h:1m:13s (0h:0m:38s left)
Iteration 180 / LogL: -2552.793 / Time: 0h:1m:16s (0h:0m:33s left)
Iteration 190 / LogL: -2552.792 / Time: 0h:1m:19s (0h:0m:28s left)
Iteration 200 / LogL: -2552.792 / Time: 0h:1m:22s (0h:0m:24s left)
Log-likelihood cutoff on original alignment: -2604.095
NOTE: Bootstrap correlation coefficient of split occurrence frequencies: 0.986
NOTE: UFBoot does not converge, continue at least 100 more iterations
Iteration 210 / LogL: -2552.834 / Time: 0h:1m:25s (0h:0m:35s left)
Estimate model parameters (epsilon = 0.100)
BETTER TREE FOUND at iteration 212: -2552.290
Iteration 220 / LogL: -2561.046 / Time: 0h:1m:28s (0h:0m:35s left)
BETTER TREE FOUND at iteration 224: -2552.290
Iteration 230 / LogL: -2555.607 / Time: 0h:1m:31s (0h:0m:36s left)
BETTER TREE FOUND at iteration 238: -2552.290
Iteration 240 / LogL: -2563.149 / Time: 0h:1m:34s (0h:0m:37s left)
BETTER TREE FOUND at iteration 243: -2552.290
BETTER TREE FOUND at iteration 249: -2552.289
Iteration 250 / LogL: -2552.290 / Time: 0h:1m:37s (0h:0m:37s left)
Log-likelihood cutoff on original alignment: -2603.792
BETTER TREE FOUND at iteration 251: -2552.289
BETTER TREE FOUND at iteration 259: -2552.289
Iteration 260 / LogL: -2552.289 / Time: 0h:1m:41s (0h:0m:37s left)
BETTER TREE FOUND at iteration 268: -2552.289
Iteration 270 / LogL: -2560.945 / Time: 0h:1m:44s (0h:0m:36s left)
BETTER TREE FOUND at iteration 279: -2552.289
Iteration 280 / LogL: -2569.156 / Time: 0h:1m:47s (0h:0m:36s left)
Estimate model parameters (epsilon = 0.100)
BETTER TREE FOUND at iteration 281: -2551.769
Iteration 290 / LogL: -2552.289 / Time: 0h:1m:50s (0h:0m:33s left)
Iteration 300 / LogL: -2551.769 / Time: 0h:1m:53s (0h:0m:29s left)
Log-likelihood cutoff on original alignment: -2603.792
NOTE: Bootstrap correlation coefficient of split occurrence frequencies: 0.968
NOTE: UFBoot does not converge, continue at least 100 more iterations
Iteration 310 / LogL: -2557.028 / Time: 0h:1m:57s (0h:0m:33s left)
BETTER TREE FOUND at iteration 312: -2551.768
Iteration 320 / LogL: -2558.771 / Time: 0h:2m:0s (0h:0m:33s left)
Iteration 330 / LogL: -2553.753 / Time: 0h:2m:3s (0h:0m:29s left)
Iteration 340 / LogL: -2551.769 / Time: 0h:2m:7s (0h:0m:26s left)
BETTER TREE FOUND at iteration 345: -2551.768
BETTER TREE FOUND at iteration 350: -2551.768
Iteration 350 / LogL: -2551.768 / Time: 0h:2m:10s (0h:0m:36s left)
Log-likelihood cutoff on original alignment: -2603.792
BETTER TREE FOUND at iteration 360: -2551.768
Iteration 360 / LogL: -2551.768 / Time: 0h:2m:14s (0h:0m:36s left)
Iteration 370 / LogL: -2562.499 / Time: 0h:2m:17s (0h:0m:32s left)
Iteration 380 / LogL: -2565.618 / Time: 0h:2m:21s (0h:0m:29s left)
BETTER TREE FOUND at iteration 388: -2551.768
Iteration 390 / LogL: -2553.752 / Time: 0h:2m:24s (0h:0m:35s left)
Iteration 400 / LogL: -2560.735 / Time: 0h:2m:28s (0h:0m:31s left)
Log-likelihood cutoff on original alignment: -2603.792
NOTE: Bootstrap correlation coefficient of split occurrence frequencies: 0.972
NOTE: UFBoot does not converge, continue at least 100 more iterations
BETTER TREE FOUND at iteration 409: -2551.768
Iteration 410 / LogL: -2568.380 / Time: 0h:2m:32s (0h:0m:35s left)
BETTER TREE FOUND at iteration 413: -2551.767
Iteration 420 / LogL: -2551.768 / Time: 0h:2m:36s (0h:0m:33s left)
Iteration 430 / LogL: -2576.205 / Time: 0h:2m:40s (0h:0m:30s left)
Iteration 440 / LogL: -2556.057 / Time: 0h:2m:44s (0h:0m:26s left)
Iteration 450 / LogL: -2551.768 / Time: 0h:2m:47s (0h:0m:22s left)
Log-likelihood cutoff on original alignment: -2603.792
Iteration 460 / LogL: -2558.634 / Time: 0h:2m:51s (0h:0m:19s left)
Iteration 470 / LogL: -2551.768 / Time: 0h:2m:55s (0h:0m:15s left)
Iteration 480 / LogL: -2558.529 / Time: 0h:2m:59s (0h:0m:12s left)
Estimate model parameters (epsilon = 0.100)
BETTER TREE FOUND at iteration 484: -2551.485
Iteration 490 / LogL: -2551.769 / Time: 0h:3m:3s (0h:0m:34s left)
Iteration 500 / LogL: -2551.769 / Time: 0h:3m:8s (0h:0m:31s left)
Log-likelihood cutoff on original alignment: -2603.792
NOTE: Bootstrap correlation coefficient of split occurrence frequencies: 0.972
NOTE: UFBoot does not converge, continue at least 100 more iterations
Iteration 510 / LogL: -2566.764 / Time: 0h:3m:13s (0h:0m:33s left)
Iteration 520 / LogL: -2551.485 / Time: 0h:3m:17s (0h:0m:29s left)
Iteration 530 / LogL: -2553.753 / Time: 0h:3m:21s (0h:0m:26s left)
Iteration 540 / LogL: -2551.556 / Time: 0h:3m:25s (0h:0m:22s left)
Iteration 550 / LogL: -2551.485 / Time: 0h:3m:29s (0h:0m:18s left)
Log-likelihood cutoff on original alignment: -2603.792
Iteration 560 / LogL: -2551.485 / Time: 0h:3m:34s (0h:0m:15s left)
Iteration 570 / LogL: -2558.275 / Time: 0h:3m:39s (0h:0m:11s left)
Iteration 580 / LogL: -2570.741 / Time: 0h:3m:43s (0h:0m:7s left)
Iteration 590 / LogL: -2551.528 / Time: 0h:3m:47s (0h:0m:3s left)
Iteration 600 / LogL: -2556.755 / Time: 0h:3m:51s (0h:0m:0s left)
Log-likelihood cutoff on original alignment: -2603.792
NOTE: Bootstrap correlation coefficient of split occurrence frequencies: 0.960
NOTE: UFBoot does not converge, continue at least 100 more iterations
BETTER TREE FOUND at iteration 604: -2551.485
Iteration 610 / LogL: -2551.485 / Time: 0h:3m:56s (0h:0m:35s left)
Iteration 620 / LogL: -2551.485 / Time: 0h:4m:0s (0h:0m:32s left)
Iteration 630 / LogL: -2553.469 / Time: 0h:4m:5s (0h:0m:28s left)
Iteration 640 / LogL: -2551.768 / Time: 0h:4m:9s (0h:0m:24s left)
Iteration 650 / LogL: -2553.752 / Time: 0h:4m:13s (0h:0m:20s left)
Log-likelihood cutoff on original alignment: -2603.792
BETTER TREE FOUND at iteration 657: -2551.485
Iteration 660 / LogL: -2551.513 / Time: 0h:4m:18s (0h:0m:37s left)
Iteration 670 / LogL: -2553.469 / Time: 0h:4m:24s (0h:0m:33s left)
Iteration 680 / LogL: -2552.932 / Time: 0h:4m:29s (0h:0m:30s left)
Iteration 690 / LogL: -2551.513 / Time: 0h:4m:34s (0h:0m:26s left)
Iteration 700 / LogL: -2551.485 / Time: 0h:4m:39s (0h:0m:22s left)
Log-likelihood cutoff on original alignment: -2603.792
NOTE: Bootstrap correlation coefficient of split occurrence frequencies: 0.964
NOTE: UFBoot does not converge, continue at least 100 more iterations
Iteration 710 / LogL: -2552.006 / Time: 0h:4m:44s (0h:0m:35s left)
Iteration 720 / LogL: -2553.536 / Time: 0h:4m:49s (0h:0m:31s left)
BETTER TREE FOUND at iteration 729: -2551.485
Iteration 730 / LogL: -2551.485 / Time: 0h:4m:54s (0h:0m:39s left)
BETTER TREE FOUND at iteration 733: -2551.484
Iteration 740 / LogL: -2554.760 / Time: 0h:4m:59s (0h:0m:37s left)
Iteration 750 / LogL: -2551.485 / Time: 0h:5m:3s (0h:0m:33s left)
Log-likelihood cutoff on original alignment: -2603.792
Iteration 760 / LogL: -2551.768 / Time: 0h:5m:9s (0h:0m:29s left)
Iteration 770 / LogL: -2551.556 / Time: 0h:5m:14s (0h:0m:25s left)
BETTER TREE FOUND at iteration 772: -2551.484
Iteration 780 / LogL: -2551.768 / Time: 0h:5m:19s (0h:0m:37s left)
Iteration 790 / LogL: -2565.726 / Time: 0h:5m:24s (0h:0m:33s left)
Iteration 800 / LogL: -2551.783 / Time: 0h:5m:28s (0h:0m:29s left)
Log-likelihood cutoff on original alignment: -2603.792
NOTE: Bootstrap correlation coefficient of split occurrence frequencies: 0.978
NOTE: UFBoot does not converge, continue at least 100 more iterations
Iteration 810 / LogL: -2565.267 / Time: 0h:5m:34s (0h:0m:36s left)
Iteration 820 / LogL: -2551.768 / Time: 0h:5m:40s (0h:0m:32s left)
Iteration 830 / LogL: -2551.485 / Time: 0h:5m:45s (0h:0m:28s left)
Iteration 840 / LogL: -2568.373 / Time: 0h:5m:50s (0h:0m:24s left)
Iteration 850 / LogL: -2551.485 / Time: 0h:5m:55s (0h:0m:20s left)
Log-likelihood cutoff on original alignment: -2603.792
Iteration 860 / LogL: -2551.768 / Time: 0h:6m:1s (0h:0m:16s left)
Iteration 870 / LogL: -2575.576 / Time: 0h:6m:6s (0h:0m:12s left)
Iteration 880 / LogL: -2553.535 / Time: 0h:6m:11s (0h:0m:8s left)
Iteration 890 / LogL: -2551.768 / Time: 0h:6m:17s (0h:0m:4s left)
Iteration 900 / LogL: -2551.485 / Time: 0h:6m:22s (0h:0m:0s left)
Log-likelihood cutoff on original alignment: -2603.792
NOTE: Bootstrap correlation coefficient of split occurrence frequencies: 0.980
NOTE: UFBoot does not converge, continue at least 100 more iterations
Iteration 910 / LogL: -2552.975 / Time: 0h:6m:28s (0h:0m:38s left)
Iteration 920 / LogL: -2553.469 / Time: 0h:6m:33s (0h:0m:33s left)
Iteration 930 / LogL: -2577.572 / Time: 0h:6m:39s (0h:0m:29s left)
Iteration 940 / LogL: -2551.768 / Time: 0h:6m:45s (0h:0m:25s left)
Iteration 950 / LogL: -2551.485 / Time: 0h:6m:50s (0h:0m:21s left)
Log-likelihood cutoff on original alignment: -2600.702
Iteration 960 / LogL: -2562.378 / Time: 0h:6m:56s (0h:0m:17s left)
Iteration 970 / LogL: -2558.497 / Time: 0h:7m:2s (0h:0m:12s left)
Iteration 980 / LogL: -2558.497 / Time: 0h:7m:7s (0h:0m:8s left)
Iteration 990 / LogL: -2551.768 / Time: 0h:7m:13s (0h:0m:4s left)
Iteration 1000 / LogL: -2551.528 / Time: 0h:7m:18s (0h:0m:0s left)
Log-likelihood cutoff on original alignment: -2600.702
NOTE: Bootstrap correlation coefficient of split occurrence frequencies: 0.984
NOTE: UFBoot does not converge, continue at least 100 more iterations
TREE SEARCH COMPLETED AFTER 1001 ITERATIONS / Time: 0h:7m:20s

--------------------------------------------------------------------
|                    FINALIZING TREE SEARCH                        |
--------------------------------------------------------------------
Performs final model parameters optimization
Estimate model parameters (epsilon = 0.010)
1. Initial log-likelihood: -2551.484
Optimal log-likelihood: -2551.484
Parameters optimization took 1 rounds (0.019 sec)
BEST SCORE FOUND : -2551.484
WARNING: bootstrap analysis did not converge. You should rerun with higher number of iterations (-nm option)
Creating bootstrap support values...
Split supports printed to NEXUS file /csm_data/spielman_lab/aa_phylo_fit_topology//simulations/alignments/1RII_andersen_rep15_AA.fasta.splits.nex
Total tree length: 1.573

Total number of iterations: 1001
CPU time used for tree search: 1145.930 sec (0h:19m:5s)
Wall-clock time used for tree search: 412.907 sec (0h:6m:52s)
Total CPU time used: 1323.411 sec (0h:22m:3s)
Total wall-clock time used: 441.074 sec (0h:7m:21s)

Computing bootstrap consensus tree...
Reading input file /csm_data/spielman_lab/aa_phylo_fit_topology//simulations/alignments/1RII_andersen_rep15_AA.fasta.splits.nex...
129 taxa and 3751 splits.
Consensus tree written to /csm_data/spielman_lab/aa_phylo_fit_topology//simulations/alignments/1RII_andersen_rep15_AA.fasta.contree
Reading input trees file /csm_data/spielman_lab/aa_phylo_fit_topology//simulations/alignments/1RII_andersen_rep15_AA.fasta.contree
Log-likelihood of consensus tree: -2551.771

Analysis results written to: 
  IQ-TREE report:                /csm_data/spielman_lab/aa_phylo_fit_topology//simulations/alignments/1RII_andersen_rep15_AA.fasta.iqtree
  Maximum-likelihood tree:       /csm_data/spielman_lab/aa_phylo_fit_topology//simulations/alignments/1RII_andersen_rep15_AA.fasta.treefile
  Likelihood distances:          /csm_data/spielman_lab/aa_phylo_fit_topology//simulations/alignments/1RII_andersen_rep15_AA.fasta.mldist

Ultrafast bootstrap approximation results written to:
  Split support values:          /csm_data/spielman_lab/aa_phylo_fit_topology//simulations/alignments/1RII_andersen_rep15_AA.fasta.splits.nex
  Consensus tree:                /csm_data/spielman_lab/aa_phylo_fit_topology//simulations/alignments/1RII_andersen_rep15_AA.fasta.contree
  Screen log file:               /csm_data/spielman_lab/aa_phylo_fit_topology//simulations/alignments/1RII_andersen_rep15_AA.fasta.log

Date and Time: Sat Nov  2 23:05:58 2019
