IQ-TREE multicore version 1.6.7 for Linux 64-bit built Aug 23 2018
Developed by Bui Quang Minh, Nguyen Lam Tung, Olga Chernomor,
Heiko Schmidt, Dominik Schrempf, Michael Woodhams.

Host:    csm-com-012 (AVX2, FMA3, 62 GB RAM)
Command: iqtree -quiet -nt AUTO -ntmax 8 -m mtART -s /csm_data/spielman_lab/aa_phylo_fit_topology//simulations/alignments/1RII_spiralia_rep5_AA.fasta -st AA -redo -bb 1000
Seed:    351781 (Using SPRNG - Scalable Parallel Random Number Generator)
Time:    Sat Nov  2 21:54:50 2019
Kernel:  AVX+FMA - auto-detect threads (48 CPU cores detected)

Reading alignment file /csm_data/spielman_lab/aa_phylo_fit_topology//simulations/alignments/1RII_spiralia_rep5_AA.fasta ... Fasta format detected
Alignment most likely contains protein sequences
Alignment has 103 sequences with 195 columns, 160 distinct patterns
111 parsimony-informative, 31 singleton sites, 52 constant sites
                                Gap/Ambiguity  Composition  p-value
   1  Adineta_vaga                      0.00%    passed     81.43%
   2  Rotaria_rotatoria                 0.00%    passed     89.14%
   3  Lepadella_patella                 0.00%    passed     93.24%
   4  Brachionus_plicatilis             0.00%    passed     96.89%
   5  Brachionus_manjavacas             0.00%    passed     96.80%
   6  Rhabdopleura_compacta             0.00%    passed    100.00%
   7  Ptychodera_flava                  0.00%    passed     99.99%
   8  SchizocardiumCalif_cl             0.00%    passed    100.00%
   9  Sackow                            0.00%    passed     99.99%
  10  Patmin                            0.00%    passed    100.00%
  11  Parastichopus_parvimensis         0.00%    passed     99.99%
  12  Strpur                            0.00%    passed    100.00%
  13  Florometra_serratissima           0.00%    passed    100.00%
  14  Calmil                            0.00%    passed    100.00%
  15  HUMAN                             0.00%    passed     99.94%
  16  LATCH                             0.00%    passed    100.00%
  17  LEPOC                             0.00%    passed    100.00%
  18  Petromyzon_marins                 0.00%    passed    100.00%
  19  Halocynthia_roretzi               0.00%    passed     97.64%
  20  Molgula_tectiformis               0.00%    passed     99.90%
  21  CIOIN                             0.00%    passed    100.00%
  22  Asymmetron_lucayanum              0.00%    passed    100.00%
  23  BraLan                            0.00%    passed    100.00%
  24  Leucoselenia_complicata           0.00%    passed    100.00%
  25  Sycon_ciliatum                    0.00%    passed    100.00%
  26  Oscarella_carmella                0.00%    passed    100.00%
  27  AMPQE                             0.00%    passed    100.00%
  28  Ephidatia_mulleri                 0.00%    passed     92.21%
  29  NEMVE                             0.00%    passed    100.00%
  30  Acropora_digitifera               0.00%    passed    100.00%
  31  Aurelia_aurita                    0.00%    passed     99.97%
  32  Clytia_hemisphaerica              0.00%    passed    100.00%
  33  Isodiametra_pulchra               0.00%    passed     99.89%
  34  Childia_submaculatum              0.00%    passed    100.00%
  35  Diopisthoporus_gymnopharyngeus    0.00%    passed    100.00%
  36  Hofstenia_miamia                  0.00%    passed     99.51%
  37  Meara_stichopi                    0.00%    passed     99.98%
  38  Nemertoderma_westbladi            0.00%    passed    100.00%
  39  Xenoturbella_profunda             0.00%    passed    100.00%
  40  Xenoturbella_bocki                0.00%    passed    100.00%
  41  TRICA                             0.00%    passed    100.00%
  42  DROME                             0.00%    passed     99.81%
  43  Apis_mellifera                    0.00%    passed    100.00%
  44  Daphnia_pulex                     0.00%    passed    100.00%
  45  Eudigraphis_taiwaniensis          0.00%    passed    100.00%
  46  STRMM                             0.00%    passed    100.00%
  47  Mesobuthus_martensii              0.00%    passed    100.00%
  48  Limulus_polyphemus                0.00%    passed    100.00%
  49  Peripatopsis_capensis             0.00%    passed    100.00%
  50  Enoplus_brevis                    0.00%    passed     99.97%
  51  Romanomermis_culicivorax          0.00%    failed      0.50%
  52  Ramazzottius_varieornatus         0.00%    passed     99.65%
  53  Hypsibius_dujardini               0.00%    passed     99.99%
  54  Priapulus_caudatus                0.00%    passed    100.00%
  55  Halicryptus_spinulosus            0.00%    passed    100.00%
  56  Tubiluchus_corallicola            0.00%    passed    100.00%
  57  Lepidodermella_squamata           0.00%    passed     86.87%
  58  Diuronotus_aspetos                0.00%    passed     99.90%
  59  Macrodasys_sp                     0.00%    passed    100.00%
  60  Megadasys_sp                      0.00%    passed     99.88%
  61  Catenulida_sp                     0.00%    passed     93.19%
  62  Stylochoplana_maculata            0.00%    passed     99.99%
  63  Stylochus_ellipticus              0.00%    passed     99.97%
  64  Macrostomum_lignano               0.00%    passed     97.73%
  65  LOTGI                             0.00%    passed    100.00%
  66  Aplysia_californica               0.00%    passed    100.00%
  67  CRAGI                             0.00%    passed    100.00%
  68  Leptochiton_rugatus               0.00%    passed    100.00%
  69  Neomenia_megatrapezata            0.00%    passed    100.00%
  70  CAPI1                             0.00%    passed    100.00%
  71  Lumbricus_terrestris              0.00%    passed    100.00%
  72  Nephtys_caeca                     0.00%    passed    100.00%
  73  Owenia_fusiformis                 0.00%    passed    100.00%
  74  Lineus_longissimus                0.00%    passed    100.00%
  75  Paranemertes_peregrina            0.00%    passed    100.00%
  76  Malacobdella_grossa               0.00%    passed    100.00%
  77  Tubulanus_polymorphus             0.00%    passed     99.99%
  78  Cephalothrix_linearis             0.00%    passed    100.00%
  79  Hemithiris_psittacea              0.00%    passed    100.00%
  80  Terebratalia_transversa           0.00%    passed     99.99%
  81  Glottidia_pyramidata              0.00%    passed    100.00%
  82  Linana                            0.00%    passed    100.00%
  83  Phoronopsis_harmeri               0.00%    passed    100.00%
  84  Phoronis_vancouverensis           0.00%    passed    100.00%
  85  Phoronis_psammophila              0.00%    passed    100.00%
  86  Membranipora_membranacea          0.00%    passed    100.00%
  87  Bugula_neritina                   0.00%    passed    100.00%
  88  Loxosoma_pectinaricola            0.00%    passed     99.99%
  89  Barentsia_gracilis                0.00%    passed    100.00%
  90  Sagitta_gazellae                  0.00%    passed    100.00%
  91  Sagitta_setosa                    0.00%    passed    100.00%
  92  Pterosagitta_draco                0.00%    passed    100.00%
  93  Sagitta_elegans                   0.00%    passed    100.00%
  94  Sagitta_serratodentata            0.00%    passed    100.00%
  95  Sagitta_hexaptera                 0.00%    passed    100.00%
  96  Krohnitta_sp                      0.00%    passed    100.00%
  97  Paraspadella_ovovivipara          0.00%    passed    100.00%
  98  Pargo1                            0.00%    passed    100.00%
  99  Spadella_cephaloptera             0.00%    passed    100.00%
 100  Eukrohnia_hamata                  0.00%    passed    100.00%
 101  Gnathostomula_paradoxa            0.00%    failed      1.71%
 102  Austrognathia_sp                  0.00%    passed     99.97%
 103  Limnognathia_maerski              0.00%    passed    100.00%
****  TOTAL                             0.00%  2 sequences failed composition chi2 test (p-value<5%; df=19)
NOTE: Sagitta_elegans is identical to Pterosagitta_draco but kept for subsequent analysis

Create initial parsimony tree by phylogenetic likelihood library (PLL)... 0.024 seconds
Generating 1000 samples for ultrafast bootstrap (seed: 351781)...

NOTE: 3 MB RAM (0 GB) is required!
Measuring multi-threading efficiency up to 8 CPU cores
Increase to 10 rounds for branch lengths
110 trees examined
Threads: 1 / Time: 8.036 sec / Speedup: 1.000 / Efficiency: 100% / LogL: -11035
Threads: 2 / Time: 4.949 sec / Speedup: 1.624 / Efficiency: 81% / LogL: -11035
Threads: 3 / Time: 4.009 sec / Speedup: 2.005 / Efficiency: 67% / LogL: -11035
Threads: 4 / Time: 4.615 sec / Speedup: 1.741 / Efficiency: 44% / LogL: -11035
BEST NUMBER OF THREADS: 3

Estimate model parameters (epsilon = 0.100)
1. Initial log-likelihood: -7097.079
Optimal log-likelihood: -7050.924
Parameters optimization took 1 rounds (0.023 sec)
Computing ML distances based on estimated model parameters... 1.052 sec
Computing BIONJ tree...
0.008 seconds
Log-likelihood of BIONJ tree: -6963.289
--------------------------------------------------------------------
|             INITIALIZING CANDIDATE TREE SET                      |
--------------------------------------------------------------------
Generating 98 parsimony trees... 2.600 second
Computing log-likelihood of 98 initial trees ... 1.392 seconds
Current best score: -6942.842

Do NNI search on 20 best initial trees
Estimate model parameters (epsilon = 0.100)
BETTER TREE FOUND at iteration 1: -6926.448
Estimate model parameters (epsilon = 0.100)
BETTER TREE FOUND at iteration 2: -6923.660
Estimate model parameters (epsilon = 0.100)
BETTER TREE FOUND at iteration 5: -6918.094
Estimate model parameters (epsilon = 0.100)
BETTER TREE FOUND at iteration 7: -6917.525
Iteration 10 / LogL: -6947.875 / Time: 0h:0m:32s
Estimate model parameters (epsilon = 0.100)
BETTER TREE FOUND at iteration 15: -6916.464
Iteration 20 / LogL: -6969.023 / Time: 0h:0m:35s
Finish initializing candidate tree set (20)
Current best tree score: -6916.464 / CPU time: 8.489
Number of iterations: 20
--------------------------------------------------------------------
|               OPTIMIZING CANDIDATE TREE SET                      |
--------------------------------------------------------------------
Iteration 30 / LogL: -6942.702 / Time: 0h:0m:37s (0h:1m:35s left)
Estimate model parameters (epsilon = 0.100)
BETTER TREE FOUND at iteration 40: -6914.687
Iteration 40 / LogL: -6914.687 / Time: 0h:0m:39s (0h:1m:29s left)
Iteration 50 / LogL: -6945.944 / Time: 0h:0m:42s (0h:1m:8s left)
Log-likelihood cutoff on original alignment: -7017.943
Iteration 60 / LogL: -6929.682 / Time: 0h:0m:45s (0h:0m:54s left)
Iteration 70 / LogL: -6927.633 / Time: 0h:0m:47s (0h:0m:43s left)
Iteration 80 / LogL: -6953.614 / Time: 0h:0m:49s (0h:0m:34s left)
Estimate model parameters (epsilon = 0.100)
BETTER TREE FOUND at iteration 90: -6914.358
Iteration 90 / LogL: -6914.358 / Time: 0h:0m:51s (0h:0m:52s left)
Estimate model parameters (epsilon = 0.100)
BETTER TREE FOUND at iteration 97: -6914.336
Iteration 100 / LogL: -6923.313 / Time: 0h:0m:54s (0h:0m:48s left)
Log-likelihood cutoff on original alignment: -7017.943
NOTE: Bootstrap correlation coefficient of split occurrence frequencies: 0.996
Iteration 110 / LogL: -6926.003 / Time: 0h:0m:57s (0h:0m:43s left)
Estimate model parameters (epsilon = 0.100)
BETTER TREE FOUND at iteration 111: -6913.362
Iteration 120 / LogL: -6914.358 / Time: 0h:0m:59s (0h:0m:41s left)
Iteration 130 / LogL: -6949.615 / Time: 0h:1m:2s (0h:0m:36s left)
Estimate model parameters (epsilon = 0.100)
BETTER TREE FOUND at iteration 133: -6913.340
Iteration 140 / LogL: -6913.340 / Time: 0h:1m:4s (0h:0m:40s left)
BETTER TREE FOUND at iteration 142: -6913.340
Iteration 150 / LogL: -7004.281 / Time: 0h:1m:7s (0h:0m:38s left)
Log-likelihood cutoff on original alignment: -7017.943
Iteration 160 / LogL: -6914.336 / Time: 0h:1m:9s (0h:0m:33s left)
BETTER TREE FOUND at iteration 170: -6913.340
Iteration 170 / LogL: -6913.340 / Time: 0h:1m:12s (0h:0m:40s left)
Iteration 180 / LogL: -6913.340 / Time: 0h:1m:14s (0h:0m:35s left)
Iteration 190 / LogL: -6913.340 / Time: 0h:1m:17s (0h:0m:30s left)
Iteration 200 / LogL: -6926.013 / Time: 0h:1m:19s (0h:0m:26s left)
Log-likelihood cutoff on original alignment: -7017.943
NOTE: Bootstrap correlation coefficient of split occurrence frequencies: 0.997
BETTER TREE FOUND at iteration 210: -6913.340
Iteration 210 / LogL: -6913.340 / Time: 0h:1m:22s (0h:0m:37s left)
Estimate model parameters (epsilon = 0.100)
BETTER TREE FOUND at iteration 217: -6913.011
Iteration 220 / LogL: -6924.429 / Time: 0h:1m:24s (0h:0m:35s left)
Iteration 230 / LogL: -6913.341 / Time: 0h:1m:27s (0h:0m:31s left)
Iteration 240 / LogL: -6939.346 / Time: 0h:1m:29s (0h:0m:27s left)
BETTER TREE FOUND at iteration 242: -6913.011
Iteration 250 / LogL: -6944.626 / Time: 0h:1m:32s (0h:0m:32s left)
Log-likelihood cutoff on original alignment: -7017.943
Iteration 260 / LogL: -6913.016 / Time: 0h:1m:35s (0h:0m:28s left)
BETTER TREE FOUND at iteration 265: -6913.011
Iteration 270 / LogL: -6925.613 / Time: 0h:1m:38s (0h:0m:32s left)
BETTER TREE FOUND at iteration 277: -6913.011
Iteration 280 / LogL: -6916.179 / Time: 0h:1m:40s (0h:0m:33s left)
Iteration 290 / LogL: -6916.194 / Time: 0h:1m:43s (0h:0m:29s left)
Iteration 300 / LogL: -6913.758 / Time: 0h:1m:45s (0h:0m:26s left)
Log-likelihood cutoff on original alignment: -7017.943
NOTE: Bootstrap correlation coefficient of split occurrence frequencies: 0.998
BETTER TREE FOUND at iteration 302: -6913.011
Iteration 310 / LogL: -6935.677 / Time: 0h:1m:48s (0h:0m:30s left)
Iteration 320 / LogL: -6926.922 / Time: 0h:1m:51s (0h:0m:27s left)
Iteration 330 / LogL: -6913.011 / Time: 0h:1m:54s (0h:0m:23s left)
Iteration 340 / LogL: -6916.863 / Time: 0h:1m:56s (0h:0m:20s left)
Iteration 350 / LogL: -6914.007 / Time: 0h:1m:59s (0h:0m:17s left)
Log-likelihood cutoff on original alignment: -7017.943
Iteration 360 / LogL: -6926.428 / Time: 0h:2m:2s (0h:0m:13s left)
BETTER TREE FOUND at iteration 361: -6913.011
Iteration 370 / LogL: -6914.007 / Time: 0h:2m:5s (0h:0m:29s left)
UPDATE BEST LOG-LIKELIHOOD: -6913.011
Iteration 380 / LogL: -6938.671 / Time: 0h:2m:7s (0h:0m:26s left)
Iteration 390 / LogL: -6916.179 / Time: 0h:2m:10s (0h:0m:22s left)
Iteration 400 / LogL: -6918.031 / Time: 0h:2m:13s (0h:0m:19s left)
Log-likelihood cutoff on original alignment: -7017.943
NOTE: Bootstrap correlation coefficient of split occurrence frequencies: 0.998
Iteration 410 / LogL: -6913.901 / Time: 0h:2m:16s (0h:0m:28s left)
Iteration 420 / LogL: -6913.315 / Time: 0h:2m:19s (0h:0m:25s left)
BETTER TREE FOUND at iteration 429: -6913.011
Iteration 430 / LogL: -6924.241 / Time: 0h:2m:21s (0h:0m:31s left)
Iteration 440 / LogL: -6931.123 / Time: 0h:2m:24s (0h:0m:28s left)
Iteration 450 / LogL: -6928.567 / Time: 0h:2m:27s (0h:0m:25s left)
Log-likelihood cutoff on original alignment: -7017.943
Iteration 460 / LogL: -7031.772 / Time: 0h:2m:30s (0h:0m:21s left)
Iteration 470 / LogL: -6945.009 / Time: 0h:2m:33s (0h:0m:18s left)
Iteration 480 / LogL: -6959.582 / Time: 0h:2m:36s (0h:0m:15s left)
Iteration 490 / LogL: -6913.341 / Time: 0h:2m:39s (0h:0m:12s left)
Iteration 500 / LogL: -6930.875 / Time: 0h:2m:42s (0h:0m:9s left)
Log-likelihood cutoff on original alignment: -7017.943
NOTE: Bootstrap correlation coefficient of split occurrence frequencies: 0.996
Iteration 510 / LogL: -6913.011 / Time: 0h:2m:45s (0h:0m:28s left)
Iteration 520 / LogL: -6934.512 / Time: 0h:2m:48s (0h:0m:25s left)
Iteration 530 / LogL: -6925.436 / Time: 0h:2m:51s (0h:0m:22s left)
TREE SEARCH COMPLETED AFTER 530 ITERATIONS / Time: 0h:2m:51s

--------------------------------------------------------------------
|                    FINALIZING TREE SEARCH                        |
--------------------------------------------------------------------
Performs final model parameters optimization
Estimate model parameters (epsilon = 0.010)
1. Initial log-likelihood: -6913.011
Optimal log-likelihood: -6913.011
Parameters optimization took 1 rounds (0.009 sec)
BEST SCORE FOUND : -6913.011
Creating bootstrap support values...
Split supports printed to NEXUS file /csm_data/spielman_lab/aa_phylo_fit_topology//simulations/alignments/1RII_spiralia_rep5_AA.fasta.splits.nex
Total tree length: 5.932

Total number of iterations: 530
CPU time used for tree search: 422.199 sec (0h:7m:2s)
Wall-clock time used for tree search: 144.418 sec (0h:2m:24s)
Total CPU time used: 616.044 sec (0h:10m:16s)
Total wall-clock time used: 171.397 sec (0h:2m:51s)

Computing bootstrap consensus tree...
Reading input file /csm_data/spielman_lab/aa_phylo_fit_topology//simulations/alignments/1RII_spiralia_rep5_AA.fasta.splits.nex...
103 taxa and 1083 splits.
Consensus tree written to /csm_data/spielman_lab/aa_phylo_fit_topology//simulations/alignments/1RII_spiralia_rep5_AA.fasta.contree
Reading input trees file /csm_data/spielman_lab/aa_phylo_fit_topology//simulations/alignments/1RII_spiralia_rep5_AA.fasta.contree
Log-likelihood of consensus tree: -6913.011

Analysis results written to: 
  IQ-TREE report:                /csm_data/spielman_lab/aa_phylo_fit_topology//simulations/alignments/1RII_spiralia_rep5_AA.fasta.iqtree
  Maximum-likelihood tree:       /csm_data/spielman_lab/aa_phylo_fit_topology//simulations/alignments/1RII_spiralia_rep5_AA.fasta.treefile
  Likelihood distances:          /csm_data/spielman_lab/aa_phylo_fit_topology//simulations/alignments/1RII_spiralia_rep5_AA.fasta.mldist

Ultrafast bootstrap approximation results written to:
  Split support values:          /csm_data/spielman_lab/aa_phylo_fit_topology//simulations/alignments/1RII_spiralia_rep5_AA.fasta.splits.nex
  Consensus tree:                /csm_data/spielman_lab/aa_phylo_fit_topology//simulations/alignments/1RII_spiralia_rep5_AA.fasta.contree
  Screen log file:               /csm_data/spielman_lab/aa_phylo_fit_topology//simulations/alignments/1RII_spiralia_rep5_AA.fasta.log

Date and Time: Sat Nov  2 21:57:41 2019
