IQ-TREE multicore version 1.6.7 for Linux 64-bit built Aug 23 2018
Developed by Bui Quang Minh, Nguyen Lam Tung, Olga Chernomor,
Heiko Schmidt, Dominik Schrempf, Michael Woodhams.

Host:    csm-com-001 (AVX2, FMA3, 62 GB RAM)
Command: iqtree -quiet -nt AUTO -ntmax 8 -m GTR20 -s /csm_data/spielman_lab/dms_modelselection//simulations/alignments/HA_andersen_rep5_AA.fasta -st AA -redo -bb 1000
Seed:    670626 (Using SPRNG - Scalable Parallel Random Number Generator)
Time:    Thu Jun 13 21:28:12 2019
Kernel:  AVX+FMA - auto-detect threads (48 CPU cores detected)

Reading alignment file /csm_data/spielman_lab/dms_modelselection//simulations/alignments/HA_andersen_rep5_AA.fasta ... Fasta format detected
Alignment most likely contains protein sequences
Alignment has 179 sequences with 564 columns, 552 distinct patterns
499 parsimony-informative, 43 singleton sites, 22 constant sites
                      Gap/Ambiguity  Composition  p-value
   1  AV-S-CIV-1999           0.00%    passed     77.55%
   2  BA366-S-GIN-2003        0.00%    passed     98.26%
   3  G502-S-SLE-2009         0.00%    passed     98.61%
   4  G1180-S-SLE-2010        0.00%    passed     99.24%
   5  G2147-S-SLE-2011        0.00%    passed     98.31%
   6  G2165-S-SLE-2011        0.00%    passed     99.73%
   7  LM222-S-SLE-2010        0.00%    passed     99.95%
   8  LM774-S-SLE-2012        0.00%    passed     98.59%
   9  LM778-S-SLE-2012        0.00%    passed     99.55%
  10  G2184-S-SLE-2011        0.00%    passed     99.25%
  11  LM776-S-SLE-2012        0.00%    passed     99.27%
  12  G503-S-SLE-2009         0.00%    passed     99.64%
  13  G2318-S-SLE-2012        0.00%    passed     99.59%
  14  G1959-S-SLE-2011        0.00%    passed     99.87%
  15  G3010-S-SLE-2013        0.00%    passed     99.47%
  16  G610-S-SLE-2009         0.00%    passed     94.75%
  17  G693-S-SLE-2009         0.00%    passed     94.75%
  18  G771-S-SLE-2010         0.00%    passed     93.74%
  19  G1792-S-SLE-2011        0.00%    passed     94.30%
  20  G1960-S-SLE-2011        0.00%    passed     92.03%
  21  G2565-S-SLE-2012        0.00%    passed     92.40%
  22  G2197-S-SLE-2011        0.00%    passed     98.76%
  23  LM032-S-SLE-2010        0.00%    passed     99.90%
  24  Josiah-S-SLE-1976       0.00%    passed     99.12%
  25  G808-S-SLE-2010         0.00%    passed     99.48%
  26  G2868-S-SLE-2012        0.00%    passed     84.50%
  27  G676-S-SLE-2009         0.00%    passed     98.76%
  28  G2405-S-SLE-2012        0.00%    passed     96.22%
  29  G1190-S-SLE-2010        0.00%    passed     99.49%
  30  G2944-S-SLE-2012        0.00%    passed     99.24%
  31  LM765-S-SLE-2012        0.00%    passed     99.60%
  32  G3148-S-SLE-2013        0.00%    passed     99.17%
  33  Z0947-S-SLE-2011        0.00%    passed     99.22%
  34  Z0948-S-SLE-2011        0.00%    passed     99.22%
  35  G1727-S-SLE-2011        0.00%    passed     99.50%
  36  G1647-S-SLE-2011        0.00%    passed     99.24%
  37  G2295-S-SLE-2012        0.00%    passed     94.37%
  38  G2587-S-SLE-2012        0.00%    passed     94.37%
  39  G2280-S-SLE-2012        0.00%    passed     98.59%
  40  G3016-S-SLE-2013        0.00%    passed     99.12%
  41  G3106-S-SLE-2013        0.00%    passed     99.12%
  42  G2612-S-SLE-2012        0.00%    passed     99.57%
  43  LM779-S-SLE-2012        0.00%    passed     95.25%
  44  G692-S-SLE-2009         0.00%    passed     97.53%
  45  LM395-S-SLE-2009        0.00%    passed     87.88%
  46  G1774-S-SLE-2011        0.00%    passed     97.03%
  47  G2222-S-SLE-2011        0.00%    passed     97.46%
  48  G636-S-SLE-2009         0.00%    passed     93.98%
  49  G2315-S-SLE-2012        0.00%    passed     91.87%
  50  G2903-S-SLE-2012        0.00%    passed     95.36%
  51  G3206-S-SLE-2013        0.00%    passed     96.67%
  52  G733-S-SLE-2010         0.00%    passed     98.46%
  53  G2554-S-SLE-2012        0.00%    passed     98.37%
  54  G1618-S-SLE-2011        0.00%    passed     99.70%
  55  G1646-S-SLE-2011        0.00%    passed     98.04%
  56  G2427-S-SLE-2012        0.00%    passed     99.82%
  57  G2392-S-SLE-2012        0.00%    passed     99.68%
  58  G3229-S-SLE-2013        0.00%    passed     99.96%
  59  G3151-S-SLE-2013        0.00%    passed     99.33%
  60  G3248-S-SLE-2013        0.00%    passed     99.33%
  61  G3170-S-SLE-2013        0.00%    passed     99.33%
  62  NL-S-SLE-2000           0.00%    passed     99.82%
  63  G2263-S-SLE-2012        0.00%    passed     93.67%
  64  G2431-S-SLE-2012        0.00%    passed     99.78%
  65  G1442-S-SLE-2011        0.00%    passed     98.14%
  66  G2141-S-SLE-2011        0.00%    passed     92.85%
  67  G1529-S-SLE-2011        0.00%    passed     89.60%
  68  G3234-S-SLE-2013        0.00%    passed     96.24%
  69  G2363-S-SLE-2012        0.00%    passed     97.50%
  70  G2259-S-SLE-2012        0.00%    passed     98.35%
  71  G2723-S-SLE-2012        0.00%    passed     99.35%
  72  G3278-S-SLE-2013        0.00%    passed     99.94%
  73  G2557-S-SLE-2012        0.00%    passed     98.90%
  74  G2615-S-SLE-2012        0.00%    passed     99.80%
  75  G1200-S-LIB-2010        0.00%    passed     96.76%
  76  Macenta-S-GIN-1982      0.00%    passed     91.42%
  77  Z148-S-LIB-1981         0.00%    passed     98.47%
  78  Nig08-A18-S-NIG-2008    0.00%    passed     93.58%
  79  Nig08-A19-S-NIG-2008    0.00%    passed     98.78%
  80  CSF-S-NIG-2001          0.00%    passed     87.64%
  81  ISTH0009-S-NIG-2011     0.00%    passed     99.84%
  82  LASV979-S-NIG-2009      0.00%    passed     99.88%
  83  LASV237-S-NIG-2010      0.00%    passed     99.82%
  84  LASV711-S-NIG-2009      0.00%    passed     99.88%
  85  LASV992-S-NIG-2009      0.00%    passed     99.88%
  86  ISTH0230-S-NIG-2011     0.00%    passed     99.86%
  87  LASV975-S-NIG-2009      0.00%    passed     99.92%
  88  ISTH2061-S-NIG-2012     0.00%    passed     99.95%
  89  Nig08-A41-S-NIG-2008    0.00%    passed     99.99%
  90  ISTH2217-S-NIG-2012     0.00%    passed     99.99%
  91  ISTH1064-S-NIG-2011     0.00%    passed     99.91%
  92  ISTH2334-S-NIG-2012     0.00%    passed     99.93%
  93  LASV245-S-NIG-2011      0.00%    passed     99.96%
  94  LASV1011-S-NIG-2009     0.00%    passed     99.98%
  95  ISTH2312-S-NIG-2012     0.00%    passed     99.99%
  96  LASV1000-S-NIG-2009     0.00%    passed     99.91%
  97  ISTH2010-S-NIG-2012     0.00%    passed     99.95%
  98  ISTH2016-S-NIG-2012     0.00%    passed     99.97%
  99  Nig08-A37-S-NIG-2008    0.00%    passed     99.96%
 100  LASV737-S-NIG-2009      0.00%    passed     99.95%
 101  LASV719-S-NIG-2009      0.00%    passed     99.98%
 102  LASV046-S-NIG-2009      0.00%    passed     99.99%
 103  ISTH2042-S-NIG-2012     0.00%    passed     99.98%
 104  LASV274-S-NIG-2010      0.00%    passed     99.99%
 105  LASV263-S-NIG-2011      0.00%    passed     99.97%
 106  ISTH1137-S-NIG-2011     0.00%    passed     99.95%
 107  LASV976-S-NIG-2009      0.00%    passed     99.99%
 108  LASV1016-S-NIG-2009     0.00%    passed     99.99%
 109  LASV229-S-NIG-2010      0.00%    passed     99.98%
 110  ISTH2129-S-NIG-2012     0.00%    passed     99.98%
 111  ISTH2057-S-NIG-2012     0.00%    passed     99.99%
 112  LASV058-S-NIG-2008      0.00%    passed    100.00%
 113  ISTH1038-S-NIG-2011     0.00%    passed     99.91%
 114  LASV056-S-NIG-2008      0.00%    passed     99.30%
 115  LASV042-S-NIG-2009      0.00%    passed     99.46%
 116  LASV981-S-NIG-2009      0.00%    passed     99.96%
 117  LASV256-S-NIG-2010      0.00%    passed     99.97%
 118  LASV052-S-NIG-2008      0.00%    passed     99.99%
 119  LASV063-S-NIG-2009      0.00%    passed     99.98%
 120  ISTH0595-S-NIG-2011     0.00%    passed     99.98%
 121  ISTH1096-S-NIG-2012     0.00%    passed     99.99%
 122  LASV221-S-NIG-2010      0.00%    passed    100.00%
 123  LASV977-S-NIG-2009      0.00%    passed    100.00%
 124  LASV971-S-NIG-2009      0.00%    passed     99.92%
 125  LASV967-S-NIG-2009      0.00%    passed     99.99%
 126  ISTH2050-S-NIG-2012     0.00%    passed     99.68%
 127  ISTH2031-S-NIG-2012     0.00%    passed    100.00%
 128  ISTH2376-S-NIG-2012     0.00%    passed    100.00%
 129  LASV991-S-NIG-2009      0.00%    passed     99.92%
 130  LASV267-S-NIG-2010      0.00%    passed     99.94%
 131  LASV049-S-NIG-2009      0.00%    passed     99.60%
 132  LASV239-S-NIG-2010      0.00%    passed     99.99%
 133  ISTH2037-S-NIG-2012     0.00%    passed     99.63%
 134  ISTH1069-S-NIG-2011     0.00%    passed    100.00%
 135  ISTH1129-S-NIG-2012     0.00%    passed     99.95%
 136  ISTH2304-S-NIG-2012     0.00%    passed     99.90%
 137  LASV246-S-NIG-2010      0.00%    passed     99.59%
 138  ISTH1111-S-NIG-2011     0.00%    passed    100.00%
 139  LASV006-S-NIG-2008      0.00%    passed     99.98%
 140  ISTH0531-S-NIG-2011     0.00%    passed    100.00%
 141  LASV254-S-NIG-2011      0.00%    passed     99.98%
 142  ISTH2358-S-NIG-2012     0.00%    passed     99.98%
 143  LASV966-S-NIG-2009      0.00%    passed     99.97%
 144  ISTH1058-S-NIG-2011     0.00%    passed     99.91%
 145  LASV241-S-NIG-2011      0.00%    passed     99.84%
 146  LASV271-S-NIG-2010      0.00%    passed     99.89%
 147  Nig08-A47-S-NIG-2008    0.00%    passed     99.99%
 148  ISTH0012-S-NIG-2011     0.00%    passed     99.36%
 149  LASV993-S-NIG-2009      0.00%    passed     99.84%
 150  ISTH2046-S-NIG-2012     0.00%    passed     99.65%
 151  LASV1008-S-NIG-2009     0.00%    passed     99.92%
 152  ISTH2020-S-NIG-2012     0.00%    passed     99.60%
 153  LASV003-S-NIG-2008      0.00%    passed     99.94%
 154  LASV242-S-NIG-2010      0.00%    passed     99.94%
 155  LASV253-S-NIG-2011      0.00%    passed     99.96%
 156  LASV982-S-NIG-2009      0.00%    passed     99.66%
 157  LASV251-S-NIG-2010      0.00%    passed     99.83%
 158  LASV989-S-NIG-2009      0.00%    passed     99.47%
 159  ISTH0047-S-NIG-2011     0.00%    passed     99.90%
 160  LASV990-S-NIG-2009      0.00%    passed     99.99%
 161  ISTH1003-S-NIG-2011     0.00%    passed     99.96%
 162  ISTH0073-S-NIG-2011     0.00%    passed     99.98%
 163  ISTH2316-S-NIG-2012     0.00%    passed     99.99%
 164  LASV225-S-NIG-2010      0.00%    passed    100.00%
 165  LASV978-S-NIG-2009      0.00%    passed     99.99%
 166  ISTH1048-S-NIG-2011     0.00%    passed     99.98%
 167  LASV045-S-NIG-2009      0.00%    passed     99.99%
 168  ISTH2025-S-NIG-2012     0.00%    passed     99.98%
 169  LASV250-S-NIG-2011      0.00%    passed    100.00%
 170  LASV1015-S-NIG-2009     0.00%    passed    100.00%
 171  LASV035-S-NIG-2009      0.00%    passed     99.99%
 172  ISTH1107-S-NIG-2012     0.00%    passed     99.92%
 173  ISTH2271-S-NIG-2012     0.00%    passed     99.38%
 174  ISTH1121-S-NIG-2012     0.00%    passed     99.71%
 175  ISTH2065-S-NIG-2012     0.00%    passed     90.31%
 176  ISTH2066-S-NIG-2012     0.00%    passed     90.31%
 177  ISTH2094-S-NIG-2012     0.00%    passed     75.36%
 178  Nig08-04-S-NIG-2008     0.00%    passed     70.26%
 179  Pinneo-S-NIG-1969       0.00%    passed     44.68%
****  TOTAL                   0.00%  0 sequences failed composition chi2 test (p-value<5%; df=19)
NOTE: G693-S-SLE-2009 is identical to G610-S-SLE-2009 but kept for subsequent analysis
NOTE: Z0948-S-SLE-2011 is identical to Z0947-S-SLE-2011 but kept for subsequent analysis
NOTE: G2587-S-SLE-2012 is identical to G2295-S-SLE-2012 but kept for subsequent analysis
NOTE: G3106-S-SLE-2013 is identical to G3016-S-SLE-2013 but kept for subsequent analysis
NOTE: G3248-S-SLE-2013 is identical to G3151-S-SLE-2013 but kept for subsequent analysis
NOTE: LASV711-S-NIG-2009 is identical to LASV979-S-NIG-2009 but kept for subsequent analysis
NOTE: LASV1015-S-NIG-2009 is identical to LASV250-S-NIG-2011 but kept for subsequent analysis
NOTE: ISTH2066-S-NIG-2012 is identical to ISTH2065-S-NIG-2012 but kept for subsequent analysis
NOTE: 2 identical sequences (see below) will be ignored for subsequent analysis
NOTE: G3170-S-SLE-2013 (identical to G3151-S-SLE-2013) is ignored but added at the end
NOTE: LASV992-S-NIG-2009 (identical to LASV979-S-NIG-2009) is ignored but added at the end

For your convenience alignment with unique sequences printed to /csm_data/spielman_lab/dms_modelselection//simulations/alignments/HA_andersen_rep5_AA.fasta.uniqueseq.phy

Create initial parsimony tree by phylogenetic likelihood library (PLL)... 0.096 seconds
Generating 1000 samples for ultrafast bootstrap (seed: 670626)...
WARNING: GTR20 model will estimate 189 substitution rates that might be overfitting!
WARNING: Please only use GTR20 with very large data and always test for model fit!

NOTE: 17 MB RAM (0 GB) is required!
Measuring multi-threading efficiency up to 8 CPU cores
Increase to 10 rounds for branch lengths
16 trees examined
Threads: 1 / Time: 8.289 sec / Speedup: 1.000 / Efficiency: 100% / LogL: -101785
Threads: 2 / Time: 5.638 sec / Speedup: 1.470 / Efficiency: 74% / LogL: -101785
Threads: 3 / Time: 4.362 sec / Speedup: 1.900 / Efficiency: 63% / LogL: -101785
Threads: 4 / Time: 3.738 sec / Speedup: 2.217 / Efficiency: 55% / LogL: -101785
Threads: 5 / Time: 3.273 sec / Speedup: 2.532 / Efficiency: 51% / LogL: -101785
Threads: 6 / Time: 3.013 sec / Speedup: 2.751 / Efficiency: 46% / LogL: -101785
BEST NUMBER OF THREADS: 5

Estimate model parameters (epsilon = 0.100)
1. Initial log-likelihood: -28321.740
2. Current log-likelihood: -26242.853
3. Current log-likelihood: -26033.112
4. Current log-likelihood: -26018.601
5. Current log-likelihood: -26014.682
6. Current log-likelihood: -26013.285
7. Current log-likelihood: -26013.006
8. Current log-likelihood: -26012.201
9. Current log-likelihood: -26011.587
10. Current log-likelihood: -26011.461
Optimal log-likelihood: -26011.425
Parameters optimization took 10 rounds (58.432 sec)
Computing ML distances based on estimated model parameters... 2.593 sec
Computing BIONJ tree...
0.025 seconds
Log-likelihood of BIONJ tree: -26123.152
--------------------------------------------------------------------
|             INITIALIZING CANDIDATE TREE SET                      |
--------------------------------------------------------------------
Generating 98 parsimony trees... 7.727 second
Computing log-likelihood of 98 initial trees ... 4.825 seconds
Current best score: -25984.247

Do NNI search on 20 best initial trees
Estimate model parameters (epsilon = 0.100)
BETTER TREE FOUND at iteration 1: -25977.926
BETTER TREE FOUND at iteration 4: -25977.925
Estimate model parameters (epsilon = 0.100)
BETTER TREE FOUND at iteration 5: -25974.582
BETTER TREE FOUND at iteration 8: -25974.582
Iteration 10 / LogL: -25978.802 / Time: 0h:2m:5s
Iteration 20 / LogL: -25975.178 / Time: 0h:2m:10s
Finish initializing candidate tree set (20)
Current best tree score: -25974.582 / CPU time: 43.419
Number of iterations: 20
--------------------------------------------------------------------
|               OPTIMIZING CANDIDATE TREE SET                      |
--------------------------------------------------------------------
BETTER TREE FOUND at iteration 21: -25974.580
BETTER TREE FOUND at iteration 22: -25974.580
BETTER TREE FOUND at iteration 25: -25974.578
Iteration 30 / LogL: -25990.847 / Time: 0h:2m:16s (0h:7m:27s left)
BETTER TREE FOUND at iteration 33: -25974.578
BETTER TREE FOUND at iteration 34: -25974.577
BETTER TREE FOUND at iteration 38: -25974.576
Iteration 40 / LogL: -25976.264 / Time: 0h:2m:22s (0h:5m:56s left)
Iteration 50 / LogL: -26110.765 / Time: 0h:2m:28s (0h:4m:25s left)
Log-likelihood cutoff on original alignment: -26025.745
BETTER TREE FOUND at iteration 53: -25974.575
BETTER TREE FOUND at iteration 55: -25974.575
Iteration 60 / LogL: -25974.577 / Time: 0h:2m:35s (0h:4m:9s left)
BETTER TREE FOUND at iteration 64: -25974.575
Iteration 70 / LogL: -25979.703 / Time: 0h:2m:41s (0h:3m:39s left)
BETTER TREE FOUND at iteration 76: -25974.575
Iteration 80 / LogL: -25974.575 / Time: 0h:2m:48s (0h:3m:24s left)
BETTER TREE FOUND at iteration 83: -25974.574
Iteration 90 / LogL: -25974.575 / Time: 0h:2m:55s (0h:3m:2s left)
BETTER TREE FOUND at iteration 94: -25974.573
Iteration 100 / LogL: -25978.350 / Time: 0h:3m:1s (0h:2m:52s left)
Log-likelihood cutoff on original alignment: -26025.745
NOTE: Bootstrap correlation coefficient of split occurrence frequencies: 0.999
Iteration 110 / LogL: -25974.575 / Time: 0h:3m:9s (0h:2m:36s left)
BETTER TREE FOUND at iteration 117: -25974.573
Iteration 120 / LogL: -25979.448 / Time: 0h:3m:16s (0h:2m:39s left)
Iteration 130 / LogL: -25974.574 / Time: 0h:3m:23s (0h:2m:16s left)
BETTER TREE FOUND at iteration 135: -25974.573
BETTER TREE FOUND at iteration 136: -25974.572
Iteration 140 / LogL: -25976.262 / Time: 0h:3m:29s (0h:2m:24s left)
BETTER TREE FOUND at iteration 141: -25974.572
Iteration 150 / LogL: -25974.575 / Time: 0h:3m:36s (0h:2m:12s left)
Log-likelihood cutoff on original alignment: -26025.745
Iteration 160 / LogL: -25980.299 / Time: 0h:3m:43s (0h:1m:53s left)
BETTER TREE FOUND at iteration 164: -25974.572
BETTER TREE FOUND at iteration 167: -25974.571
Iteration 170 / LogL: -25978.270 / Time: 0h:3m:50s (0h:2m:11s left)
BETTER TREE FOUND at iteration 179: -25974.571
Iteration 180 / LogL: -25974.572 / Time: 0h:3m:56s (0h:2m:10s left)
Iteration 190 / LogL: -25974.573 / Time: 0h:4m:3s (0h:1m:54s left)
Iteration 200 / LogL: -25984.876 / Time: 0h:4m:9s (0h:1m:39s left)
Log-likelihood cutoff on original alignment: -26025.745
NOTE: Bootstrap correlation coefficient of split occurrence frequencies: 0.999
Iteration 210 / LogL: -25988.563 / Time: 0h:4m:17s (0h:1m:50s left)
UPDATE BEST LOG-LIKELIHOOD: -25974.571
Iteration 220 / LogL: -25974.577 / Time: 0h:4m:23s (0h:1m:36s left)
BETTER TREE FOUND at iteration 225: -25974.570
Iteration 230 / LogL: -25982.439 / Time: 0h:4m:30s (0h:1m:51s left)
Iteration 240 / LogL: -25974.572 / Time: 0h:4m:36s (0h:1m:38s left)
Iteration 250 / LogL: -25974.571 / Time: 0h:4m:43s (0h:1m:25s left)
Log-likelihood cutoff on original alignment: -26025.745
Iteration 260 / LogL: -25976.055 / Time: 0h:4m:50s (0h:1m:12s left)
Iteration 270 / LogL: -26070.123 / Time: 0h:4m:57s (0h:1m:0s left)
BETTER TREE FOUND at iteration 278: -25974.569
Iteration 280 / LogL: -25974.571 / Time: 0h:5m:3s (0h:1m:46s left)
Iteration 290 / LogL: -26053.767 / Time: 0h:5m:10s (0h:1m:34s left)
Iteration 300 / LogL: -25983.621 / Time: 0h:5m:16s (0h:1m:22s left)
Log-likelihood cutoff on original alignment: -26025.745
NOTE: Bootstrap correlation coefficient of split occurrence frequencies: 0.999
Iteration 310 / LogL: -25974.572 / Time: 0h:5m:23s (0h:1m:34s left)
Iteration 320 / LogL: -25978.114 / Time: 0h:5m:30s (0h:1m:22s left)
Iteration 330 / LogL: -25976.054 / Time: 0h:5m:36s (0h:1m:11s left)
Iteration 340 / LogL: -25976.259 / Time: 0h:5m:43s (0h:1m:0s left)
Iteration 350 / LogL: -25974.571 / Time: 0h:5m:50s (0h:0m:50s left)
Log-likelihood cutoff on original alignment: -26025.745
Iteration 360 / LogL: -25976.056 / Time: 0h:5m:58s (0h:0m:39s left)
Iteration 370 / LogL: -26100.736 / Time: 0h:6m:4s (0h:0m:29s left)
TREE SEARCH COMPLETED AFTER 379 ITERATIONS / Time: 0h:6m:10s

--------------------------------------------------------------------
|                    FINALIZING TREE SEARCH                        |
--------------------------------------------------------------------
Performs final model parameters optimization
Estimate model parameters (epsilon = 0.010)
1. Initial log-likelihood: -25974.569
2. Current log-likelihood: -25974.502
3. Current log-likelihood: -25974.486
4. Current log-likelihood: -25974.467
Optimal log-likelihood: -25974.460
Parameters optimization took 4 rounds (8.302 sec)
BEST SCORE FOUND : -25974.460
Creating bootstrap support values...
Split supports printed to NEXUS file /csm_data/spielman_lab/dms_modelselection//simulations/alignments/HA_andersen_rep5_AA.fasta.splits.nex
Total tree length: 8.068

Total number of iterations: 379
CPU time used for tree search: 1368.608 sec (0h:22m:48s)
Wall-clock time used for tree search: 283.159 sec (0h:4m:43s)
Total CPU time used: 1800.108 sec (0h:30m:0s)
Total wall-clock time used: 379.675 sec (0h:6m:19s)

Computing bootstrap consensus tree...
Reading input file /csm_data/spielman_lab/dms_modelselection//simulations/alignments/HA_andersen_rep5_AA.fasta.splits.nex...
177 taxa and 1102 splits.
Consensus tree written to /csm_data/spielman_lab/dms_modelselection//simulations/alignments/HA_andersen_rep5_AA.fasta.contree
Reading input trees file /csm_data/spielman_lab/dms_modelselection//simulations/alignments/HA_andersen_rep5_AA.fasta.contree
Log-likelihood of consensus tree: -25974.471

Analysis results written to: 
  IQ-TREE report:                /csm_data/spielman_lab/dms_modelselection//simulations/alignments/HA_andersen_rep5_AA.fasta.iqtree
  Maximum-likelihood tree:       /csm_data/spielman_lab/dms_modelselection//simulations/alignments/HA_andersen_rep5_AA.fasta.treefile
  Likelihood distances:          /csm_data/spielman_lab/dms_modelselection//simulations/alignments/HA_andersen_rep5_AA.fasta.mldist

Ultrafast bootstrap approximation results written to:
  Split support values:          /csm_data/spielman_lab/dms_modelselection//simulations/alignments/HA_andersen_rep5_AA.fasta.splits.nex
  Consensus tree:                /csm_data/spielman_lab/dms_modelselection//simulations/alignments/HA_andersen_rep5_AA.fasta.contree
  Screen log file:               /csm_data/spielman_lab/dms_modelselection//simulations/alignments/HA_andersen_rep5_AA.fasta.log

Date and Time: Thu Jun 13 21:34:32 2019
