IQ-TREE multicore version 1.6.7 for Linux 64-bit built Aug 23 2018
Developed by Bui Quang Minh, Nguyen Lam Tung, Olga Chernomor,
Heiko Schmidt, Dominik Schrempf, Michael Woodhams.

Host:    csm-com-007 (AVX2, FMA3, 62 GB RAM)
Command: iqtree -quiet -nt AUTO -ntmax 8 -m JTT+F+G4 -s /csm_data/spielman_lab/dms_modelselection//simulations/alignments/HA_andersen_rep17_AA.fasta -st AA -redo -bb 1000
Seed:    768678 (Using SPRNG - Scalable Parallel Random Number Generator)
Time:    Fri Jun 14 04:54:35 2019
Kernel:  AVX+FMA - auto-detect threads (48 CPU cores detected)

Reading alignment file /csm_data/spielman_lab/dms_modelselection//simulations/alignments/HA_andersen_rep17_AA.fasta ... Fasta format detected
Alignment most likely contains protein sequences
Alignment has 179 sequences with 564 columns, 553 distinct patterns
505 parsimony-informative, 39 singleton sites, 20 constant sites
                      Gap/Ambiguity  Composition  p-value
   1  AV-S-CIV-1999           0.00%    passed     94.61%
   2  BA366-S-GIN-2003        0.00%    passed     70.47%
   3  G502-S-SLE-2009         0.00%    passed     92.55%
   4  G1180-S-SLE-2010        0.00%    passed     98.45%
   5  G2147-S-SLE-2011        0.00%    passed     97.56%
   6  G2165-S-SLE-2011        0.00%    passed     98.34%
   7  LM222-S-SLE-2010        0.00%    passed     92.72%
   8  LM774-S-SLE-2012        0.00%    passed     97.77%
   9  LM778-S-SLE-2012        0.00%    passed     97.85%
  10  G2184-S-SLE-2011        0.00%    passed     99.22%
  11  LM776-S-SLE-2012        0.00%    passed     98.38%
  12  G503-S-SLE-2009         0.00%    passed     99.55%
  13  G2318-S-SLE-2012        0.00%    passed     99.03%
  14  G1959-S-SLE-2011        0.00%    passed     99.42%
  15  G3010-S-SLE-2013        0.00%    passed     99.39%
  16  G610-S-SLE-2009         0.00%    passed     98.13%
  17  G693-S-SLE-2009         0.00%    passed     98.13%
  18  G771-S-SLE-2010         0.00%    passed     98.13%
  19  G1792-S-SLE-2011        0.00%    passed     97.57%
  20  G1960-S-SLE-2011        0.00%    passed     97.55%
  21  G2565-S-SLE-2012        0.00%    passed     95.41%
  22  G2197-S-SLE-2011        0.00%    passed     96.54%
  23  LM032-S-SLE-2010        0.00%    passed     95.60%
  24  Josiah-S-SLE-1976       0.00%    passed     98.31%
  25  G808-S-SLE-2010         0.00%    passed     91.79%
  26  G2868-S-SLE-2012        0.00%    passed     86.56%
  27  G676-S-SLE-2009         0.00%    passed     99.03%
  28  G2405-S-SLE-2012        0.00%    passed     97.99%
  29  G1190-S-SLE-2010        0.00%    passed     94.49%
  30  G2944-S-SLE-2012        0.00%    passed     89.21%
  31  LM765-S-SLE-2012        0.00%    passed     93.96%
  32  G3148-S-SLE-2013        0.00%    passed     80.90%
  33  Z0947-S-SLE-2011        0.00%    passed     88.61%
  34  Z0948-S-SLE-2011        0.00%    passed     88.61%
  35  G1727-S-SLE-2011        0.00%    passed     89.29%
  36  G1647-S-SLE-2011        0.00%    passed     85.97%
  37  G2295-S-SLE-2012        0.00%    passed     81.93%
  38  G2587-S-SLE-2012        0.00%    passed     81.40%
  39  G2280-S-SLE-2012        0.00%    passed     74.59%
  40  G3016-S-SLE-2013        0.00%    passed     76.40%
  41  G3106-S-SLE-2013        0.00%    passed     76.40%
  42  G2612-S-SLE-2012        0.00%    passed     86.60%
  43  LM779-S-SLE-2012        0.00%    passed     91.31%
  44  G692-S-SLE-2009         0.00%    passed     73.54%
  45  LM395-S-SLE-2009        0.00%    passed     88.00%
  46  G1774-S-SLE-2011        0.00%    passed     89.28%
  47  G2222-S-SLE-2011        0.00%    passed     86.01%
  48  G636-S-SLE-2009         0.00%    passed     96.21%
  49  G2315-S-SLE-2012        0.00%    passed     95.59%
  50  G2903-S-SLE-2012        0.00%    passed     96.44%
  51  G3206-S-SLE-2013        0.00%    passed     90.64%
  52  G733-S-SLE-2010         0.00%    passed     93.71%
  53  G2554-S-SLE-2012        0.00%    passed     94.79%
  54  G1618-S-SLE-2011        0.00%    passed     97.44%
  55  G1646-S-SLE-2011        0.00%    passed     96.20%
  56  G2427-S-SLE-2012        0.00%    passed     97.21%
  57  G2392-S-SLE-2012        0.00%    passed     99.67%
  58  G3229-S-SLE-2013        0.00%    passed     99.19%
  59  G3151-S-SLE-2013        0.00%    passed     99.48%
  60  G3248-S-SLE-2013        0.00%    passed     99.48%
  61  G3170-S-SLE-2013        0.00%    passed     99.48%
  62  NL-S-SLE-2000           0.00%    passed     96.98%
  63  G2263-S-SLE-2012        0.00%    passed     97.95%
  64  G2431-S-SLE-2012        0.00%    passed     97.36%
  65  G1442-S-SLE-2011        0.00%    passed     97.90%
  66  G2141-S-SLE-2011        0.00%    passed     89.36%
  67  G1529-S-SLE-2011        0.00%    passed     97.91%
  68  G3234-S-SLE-2013        0.00%    passed     92.23%
  69  G2363-S-SLE-2012        0.00%    passed     93.93%
  70  G2259-S-SLE-2012        0.00%    passed    100.00%
  71  G2723-S-SLE-2012        0.00%    passed     99.88%
  72  G3278-S-SLE-2013        0.00%    passed     99.75%
  73  G2557-S-SLE-2012        0.00%    passed     99.93%
  74  G2615-S-SLE-2012        0.00%    passed     99.71%
  75  G1200-S-LIB-2010        0.00%    passed     98.10%
  76  Macenta-S-GIN-1982      0.00%    passed     94.91%
  77  Z148-S-LIB-1981         0.00%    passed     96.80%
  78  Nig08-A18-S-NIG-2008    0.00%    passed     21.03%
  79  Nig08-A19-S-NIG-2008    0.00%    passed     40.70%
  80  CSF-S-NIG-2001          0.00%    passed     98.51%
  81  ISTH0009-S-NIG-2011     0.00%    passed     99.88%
  82  LASV979-S-NIG-2009      0.00%    passed     99.91%
  83  LASV237-S-NIG-2010      0.00%    passed     99.52%
  84  LASV711-S-NIG-2009      0.00%    passed     99.82%
  85  LASV992-S-NIG-2009      0.00%    passed     99.82%
  86  ISTH0230-S-NIG-2011     0.00%    passed     99.81%
  87  LASV975-S-NIG-2009      0.00%    passed     99.99%
  88  ISTH2061-S-NIG-2012     0.00%    passed     99.69%
  89  Nig08-A41-S-NIG-2008    0.00%    passed     99.21%
  90  ISTH2217-S-NIG-2012     0.00%    passed     99.81%
  91  ISTH1064-S-NIG-2011     0.00%    passed     99.69%
  92  ISTH2334-S-NIG-2012     0.00%    passed     99.68%
  93  LASV245-S-NIG-2011      0.00%    passed     99.86%
  94  LASV1011-S-NIG-2009     0.00%    passed     99.86%
  95  ISTH2312-S-NIG-2012     0.00%    passed     99.96%
  96  LASV1000-S-NIG-2009     0.00%    passed     99.70%
  97  ISTH2010-S-NIG-2012     0.00%    passed     99.83%
  98  ISTH2016-S-NIG-2012     0.00%    passed     99.80%
  99  Nig08-A37-S-NIG-2008    0.00%    passed     99.65%
 100  LASV737-S-NIG-2009      0.00%    passed     99.66%
 101  LASV719-S-NIG-2009      0.00%    passed     99.90%
 102  LASV046-S-NIG-2009      0.00%    passed     99.74%
 103  ISTH2042-S-NIG-2012     0.00%    passed     99.81%
 104  LASV274-S-NIG-2010      0.00%    passed     99.70%
 105  LASV263-S-NIG-2011      0.00%    passed     99.25%
 106  ISTH1137-S-NIG-2011     0.00%    passed     99.12%
 107  LASV976-S-NIG-2009      0.00%    passed     99.91%
 108  LASV1016-S-NIG-2009     0.00%    passed     99.94%
 109  LASV229-S-NIG-2010      0.00%    passed     98.24%
 110  ISTH2129-S-NIG-2012     0.00%    passed     99.73%
 111  ISTH2057-S-NIG-2012     0.00%    passed     99.72%
 112  LASV058-S-NIG-2008      0.00%    passed     99.43%
 113  ISTH1038-S-NIG-2011     0.00%    passed     99.74%
 114  LASV056-S-NIG-2008      0.00%    passed     99.63%
 115  LASV042-S-NIG-2009      0.00%    passed     99.73%
 116  LASV981-S-NIG-2009      0.00%    passed     99.86%
 117  LASV256-S-NIG-2010      0.00%    passed     99.11%
 118  LASV052-S-NIG-2008      0.00%    passed     99.35%
 119  LASV063-S-NIG-2009      0.00%    passed     99.76%
 120  ISTH0595-S-NIG-2011     0.00%    passed     99.63%
 121  ISTH1096-S-NIG-2012     0.00%    passed     99.65%
 122  LASV221-S-NIG-2010      0.00%    passed     99.06%
 123  LASV977-S-NIG-2009      0.00%    passed     99.29%
 124  LASV971-S-NIG-2009      0.00%    passed     99.45%
 125  LASV967-S-NIG-2009      0.00%    passed     99.95%
 126  ISTH2050-S-NIG-2012     0.00%    passed     98.11%
 127  ISTH2031-S-NIG-2012     0.00%    passed     98.87%
 128  ISTH2376-S-NIG-2012     0.00%    passed     96.24%
 129  LASV991-S-NIG-2009      0.00%    passed     99.94%
 130  LASV267-S-NIG-2010      0.00%    passed     99.28%
 131  LASV049-S-NIG-2009      0.00%    passed     99.26%
 132  LASV239-S-NIG-2010      0.00%    passed     99.55%
 133  ISTH2037-S-NIG-2012     0.00%    passed     98.79%
 134  ISTH1069-S-NIG-2011     0.00%    passed     97.64%
 135  ISTH1129-S-NIG-2012     0.00%    passed     99.65%
 136  ISTH2304-S-NIG-2012     0.00%    passed     99.47%
 137  LASV246-S-NIG-2010      0.00%    passed     99.98%
 138  ISTH1111-S-NIG-2011     0.00%    passed     99.94%
 139  LASV006-S-NIG-2008      0.00%    passed     99.78%
 140  ISTH0531-S-NIG-2011     0.00%    passed     99.83%
 141  LASV254-S-NIG-2011      0.00%    passed     99.43%
 142  ISTH2358-S-NIG-2012     0.00%    passed     99.92%
 143  LASV966-S-NIG-2009      0.00%    passed     99.98%
 144  ISTH1058-S-NIG-2011     0.00%    passed     99.94%
 145  LASV241-S-NIG-2011      0.00%    passed     99.89%
 146  LASV271-S-NIG-2010      0.00%    passed     99.88%
 147  Nig08-A47-S-NIG-2008    0.00%    passed     99.98%
 148  ISTH0012-S-NIG-2011     0.00%    passed     99.82%
 149  LASV993-S-NIG-2009      0.00%    passed     99.81%
 150  ISTH2046-S-NIG-2012     0.00%    passed     99.66%
 151  LASV1008-S-NIG-2009     0.00%    passed     99.92%
 152  ISTH2020-S-NIG-2012     0.00%    passed     99.96%
 153  LASV003-S-NIG-2008      0.00%    passed     99.66%
 154  LASV242-S-NIG-2010      0.00%    passed     99.88%
 155  LASV253-S-NIG-2011      0.00%    passed     99.72%
 156  LASV982-S-NIG-2009      0.00%    passed     99.98%
 157  LASV251-S-NIG-2010      0.00%    passed     99.97%
 158  LASV989-S-NIG-2009      0.00%    passed     99.25%
 159  ISTH0047-S-NIG-2011     0.00%    passed     99.98%
 160  LASV990-S-NIG-2009      0.00%    passed     99.96%
 161  ISTH1003-S-NIG-2011     0.00%    passed     99.96%
 162  ISTH0073-S-NIG-2011     0.00%    passed     99.94%
 163  ISTH2316-S-NIG-2012     0.00%    passed     99.99%
 164  LASV225-S-NIG-2010      0.00%    passed     99.98%
 165  LASV978-S-NIG-2009      0.00%    passed     99.98%
 166  ISTH1048-S-NIG-2011     0.00%    passed     99.97%
 167  LASV045-S-NIG-2009      0.00%    passed     99.97%
 168  ISTH2025-S-NIG-2012     0.00%    passed     99.83%
 169  LASV250-S-NIG-2011      0.00%    passed     99.94%
 170  LASV1015-S-NIG-2009     0.00%    passed     99.94%
 171  LASV035-S-NIG-2009      0.00%    passed     99.67%
 172  ISTH1107-S-NIG-2012     0.00%    passed     99.26%
 173  ISTH2271-S-NIG-2012     0.00%    passed     99.98%
 174  ISTH1121-S-NIG-2012     0.00%    passed     99.94%
 175  ISTH2065-S-NIG-2012     0.00%    passed     97.46%
 176  ISTH2066-S-NIG-2012     0.00%    passed     97.46%
 177  ISTH2094-S-NIG-2012     0.00%    passed     99.03%
 178  Nig08-04-S-NIG-2008     0.00%    passed     98.49%
 179  Pinneo-S-NIG-1969       0.00%    passed     47.06%
****  TOTAL                   0.00%  0 sequences failed composition chi2 test (p-value<5%; df=19)
NOTE: G693-S-SLE-2009 is identical to G610-S-SLE-2009 but kept for subsequent analysis
NOTE: Z0948-S-SLE-2011 is identical to Z0947-S-SLE-2011 but kept for subsequent analysis
NOTE: G3106-S-SLE-2013 is identical to G3016-S-SLE-2013 but kept for subsequent analysis
NOTE: G3248-S-SLE-2013 is identical to G3151-S-SLE-2013 but kept for subsequent analysis
NOTE: LASV992-S-NIG-2009 is identical to LASV711-S-NIG-2009 but kept for subsequent analysis
NOTE: ISTH2066-S-NIG-2012 is identical to ISTH2065-S-NIG-2012 but kept for subsequent analysis
NOTE: 2 identical sequences (see below) will be ignored for subsequent analysis
NOTE: G771-S-SLE-2010 (identical to G610-S-SLE-2009) is ignored but added at the end
NOTE: G3170-S-SLE-2013 (identical to G3151-S-SLE-2013) is ignored but added at the end

For your convenience alignment with unique sequences printed to /csm_data/spielman_lab/dms_modelselection//simulations/alignments/HA_andersen_rep17_AA.fasta.uniqueseq.phy

Create initial parsimony tree by phylogenetic likelihood library (PLL)... 0.065 seconds
Generating 1000 samples for ultrafast bootstrap (seed: 768678)...

NOTE: 65 MB RAM (0 GB) is required!
Measuring multi-threading efficiency up to 8 CPU cores
Increase to 10 rounds for branch lengths
4 trees examined
Threads: 1 / Time: 8.445 sec / Speedup: 1.000 / Efficiency: 100% / LogL: -91543
Threads: 2 / Time: 4.403 sec / Speedup: 1.918 / Efficiency: 96% / LogL: -91543
Threads: 3 / Time: 3.089 sec / Speedup: 2.734 / Efficiency: 91% / LogL: -91543
Threads: 4 / Time: 2.430 sec / Speedup: 3.475 / Efficiency: 87% / LogL: -91543
Threads: 5 / Time: 2.058 sec / Speedup: 4.103 / Efficiency: 82% / LogL: -91543
Threads: 6 / Time: 1.985 sec / Speedup: 4.256 / Efficiency: 71% / LogL: -91543
Threads: 7 / Time: 1.823 sec / Speedup: 4.632 / Efficiency: 66% / LogL: -91543
Threads: 8 / Time: 2.335 sec / Speedup: 3.616 / Efficiency: 45% / LogL: -91543
BEST NUMBER OF THREADS: 7

Estimate model parameters (epsilon = 0.100)
1. Initial log-likelihood: -27620.376
2. Current log-likelihood: -27418.199
3. Current log-likelihood: -27417.082
Optimal log-likelihood: -27417.081
Gamma shape alpha: 2.479
Parameters optimization took 3 rounds (0.621 sec)
Computing ML distances based on estimated model parameters... 9.367 sec
Computing BIONJ tree...
0.026 seconds
Log-likelihood of BIONJ tree: -27745.191
--------------------------------------------------------------------
|             INITIALIZING CANDIDATE TREE SET                      |
--------------------------------------------------------------------
Generating 98 parsimony trees... 7.234 second
Computing log-likelihood of 98 initial trees ... 10.587 seconds
Current best score: -27412.384

Do NNI search on 20 best initial trees
Estimate model parameters (epsilon = 0.100)
BETTER TREE FOUND at iteration 1: -27409.796
BETTER TREE FOUND at iteration 5: -27409.796
BETTER TREE FOUND at iteration 6: -27409.796
UPDATE BEST LOG-LIKELIHOOD: -27409.795
Iteration 10 / LogL: -27409.796 / Time: 0h:0m:59s
Iteration 20 / LogL: -27409.796 / Time: 0h:1m:11s
Finish initializing candidate tree set (19)
Current best tree score: -27409.795 / CPU time: 42.067
Number of iterations: 20
--------------------------------------------------------------------
|               OPTIMIZING CANDIDATE TREE SET                      |
--------------------------------------------------------------------
BETTER TREE FOUND at iteration 21: -27409.794
BETTER TREE FOUND at iteration 22: -27409.793
BETTER TREE FOUND at iteration 23: -27409.793
BETTER TREE FOUND at iteration 25: -27409.793
BETTER TREE FOUND at iteration 26: -27409.793
BETTER TREE FOUND at iteration 30: -27409.792
Iteration 30 / LogL: -27409.792 / Time: 0h:1m:30s (0h:5m:10s left)
BETTER TREE FOUND at iteration 34: -27409.792
BETTER TREE FOUND at iteration 38: -27409.792
Iteration 40 / LogL: -27409.792 / Time: 0h:1m:48s (0h:4m:32s left)
BETTER TREE FOUND at iteration 50: -27409.791
Iteration 50 / LogL: -27409.791 / Time: 0h:2m:7s (0h:4m:19s left)
Log-likelihood cutoff on original alignment: -27448.004
Iteration 60 / LogL: -27409.791 / Time: 0h:2m:27s (0h:3m:44s left)
BETTER TREE FOUND at iteration 62: -27409.791
BETTER TREE FOUND at iteration 64: -27409.790
Iteration 70 / LogL: -27409.790 / Time: 0h:2m:46s (0h:3m:46s left)
BETTER TREE FOUND at iteration 75: -27409.789
BETTER TREE FOUND at iteration 77: -27409.789
BETTER TREE FOUND at iteration 78: -27409.789
Iteration 80 / LogL: -27409.791 / Time: 0h:3m:5s (0h:3m:49s left)
Iteration 90 / LogL: -27409.791 / Time: 0h:3m:24s (0h:3m:22s left)
Iteration 100 / LogL: -27409.790 / Time: 0h:3m:43s (0h:2m:55s left)
Log-likelihood cutoff on original alignment: -27448.004
NOTE: Bootstrap correlation coefficient of split occurrence frequencies: 0.998
BETTER TREE FOUND at iteration 105: -27409.788
Iteration 110 / LogL: -27409.789 / Time: 0h:4m:3s (0h:3m:31s left)
Iteration 120 / LogL: -27409.790 / Time: 0h:4m:21s (0h:3m:6s left)
Iteration 130 / LogL: -27409.789 / Time: 0h:4m:39s (0h:2m:42s left)
Iteration 140 / LogL: -27409.789 / Time: 0h:4m:56s (0h:2m:18s left)
Iteration 150 / LogL: -27409.789 / Time: 0h:5m:15s (0h:1m:56s left)
Log-likelihood cutoff on original alignment: -27448.652
Iteration 160 / LogL: -27409.789 / Time: 0h:5m:35s (0h:1m:34s left)
Iteration 170 / LogL: -27419.401 / Time: 0h:5m:54s (0h:1m:13s left)
Iteration 180 / LogL: -27409.790 / Time: 0h:6m:13s (0h:0m:52s left)
Iteration 190 / LogL: -27409.789 / Time: 0h:6m:32s (0h:0m:31s left)
BETTER TREE FOUND at iteration 198: -27409.788
Iteration 200 / LogL: -27409.789 / Time: 0h:6m:52s (0h:3m:22s left)
Log-likelihood cutoff on original alignment: -27448.868
NOTE: Bootstrap correlation coefficient of split occurrence frequencies: 0.999
BETTER TREE FOUND at iteration 202: -27409.787
Iteration 210 / LogL: -27409.790 / Time: 0h:7m:11s (0h:3m:9s left)
Iteration 220 / LogL: -27409.789 / Time: 0h:7m:30s (0h:2m:48s left)
Iteration 230 / LogL: -27409.788 / Time: 0h:7m:50s (0h:2m:27s left)
BETTER TREE FOUND at iteration 235: -27409.787
Iteration 240 / LogL: -27409.789 / Time: 0h:8m:9s (0h:3m:14s left)
Iteration 250 / LogL: -27463.102 / Time: 0h:8m:27s (0h:2m:53s left)
Log-likelihood cutoff on original alignment: -27449.310
Iteration 260 / LogL: -27409.788 / Time: 0h:8m:47s (0h:2m:32s left)
Iteration 270 / LogL: -27409.788 / Time: 0h:9m:6s (0h:2m:12s left)
Iteration 280 / LogL: -27409.788 / Time: 0h:9m:26s (0h:1m:51s left)
Iteration 290 / LogL: -27409.789 / Time: 0h:9m:45s (0h:1m:31s left)
Iteration 300 / LogL: -27409.788 / Time: 0h:10m:4s (0h:1m:10s left)
Log-likelihood cutoff on original alignment: -27449.310
NOTE: Bootstrap correlation coefficient of split occurrence frequencies: 0.999
Iteration 310 / LogL: -27409.788 / Time: 0h:10m:22s (0h:3m:1s left)
BETTER TREE FOUND at iteration 316: -27409.787
BETTER TREE FOUND at iteration 319: -27409.786
Iteration 320 / LogL: -28028.906 / Time: 0h:10m:41s (0h:3m:19s left)
Iteration 330 / LogL: -27409.789 / Time: 0h:11m:1s (0h:2m:58s left)
Iteration 340 / LogL: -27409.787 / Time: 0h:11m:20s (0h:2m:38s left)
Iteration 350 / LogL: -27409.788 / Time: 0h:11m:40s (0h:2m:18s left)
Log-likelihood cutoff on original alignment: -27449.310
Iteration 360 / LogL: -27409.788 / Time: 0h:11m:59s (0h:1m:58s left)
BETTER TREE FOUND at iteration 364: -27409.786
Iteration 370 / LogL: -27409.787 / Time: 0h:12m:19s (0h:3m:8s left)
Iteration 380 / LogL: -27409.787 / Time: 0h:12m:38s (0h:2m:47s left)
Iteration 390 / LogL: -27409.787 / Time: 0h:12m:56s (0h:2m:27s left)
Iteration 400 / LogL: -27409.788 / Time: 0h:13m:15s (0h:2m:7s left)
Log-likelihood cutoff on original alignment: -27449.079
NOTE: Bootstrap correlation coefficient of split occurrence frequencies: 0.999
Iteration 410 / LogL: -27409.787 / Time: 0h:13m:34s (0h:2m:59s left)
Iteration 420 / LogL: -27409.788 / Time: 0h:13m:54s (0h:2m:39s left)
BETTER TREE FOUND at iteration 424: -27409.786
Iteration 430 / LogL: -27409.787 / Time: 0h:14m:13s (0h:3m:6s left)
Iteration 440 / LogL: -27409.787 / Time: 0h:14m:33s (0h:2m:47s left)
Iteration 450 / LogL: -27419.398 / Time: 0h:14m:51s (0h:2m:26s left)
Log-likelihood cutoff on original alignment: -27449.820
Iteration 460 / LogL: -27425.988 / Time: 0h:15m:10s (0h:2m:6s left)
BETTER TREE FOUND at iteration 464: -27409.786
Iteration 470 / LogL: -27409.787 / Time: 0h:15m:28s (0h:3m:6s left)
Iteration 480 / LogL: -27409.787 / Time: 0h:15m:47s (0h:2m:46s left)
Iteration 490 / LogL: -27409.788 / Time: 0h:16m:7s (0h:2m:26s left)
BETTER TREE FOUND at iteration 500: -27409.786
Iteration 500 / LogL: -27409.786 / Time: 0h:16m:27s (0h:3m:17s left)
Log-likelihood cutoff on original alignment: -27449.820
NOTE: Bootstrap correlation coefficient of split occurrence frequencies: 0.999
Iteration 510 / LogL: -27409.788 / Time: 0h:16m:46s (0h:2m:57s left)
Iteration 520 / LogL: -27409.788 / Time: 0h:17m:4s (0h:2m:37s left)
Iteration 530 / LogL: -27463.102 / Time: 0h:17m:22s (0h:2m:17s left)
Iteration 540 / LogL: -27409.788 / Time: 0h:17m:41s (0h:1m:58s left)
Iteration 550 / LogL: -27409.788 / Time: 0h:18m:0s (0h:1m:38s left)
Log-likelihood cutoff on original alignment: -27449.820
Iteration 560 / LogL: -27409.787 / Time: 0h:18m:19s (0h:1m:18s left)
Iteration 570 / LogL: -27409.788 / Time: 0h:18m:38s (0h:0m:58s left)
BETTER TREE FOUND at iteration 574: -27409.786
BETTER TREE FOUND at iteration 580: -27409.785
Iteration 580 / LogL: -27409.785 / Time: 0h:18m:58s (0h:3m:16s left)
Iteration 590 / LogL: -27409.787 / Time: 0h:19m:17s (0h:2m:56s left)
Iteration 600 / LogL: -27409.787 / Time: 0h:19m:36s (0h:2m:37s left)
Log-likelihood cutoff on original alignment: -27449.820
NOTE: Bootstrap correlation coefficient of split occurrence frequencies: 0.999
Iteration 610 / LogL: -27409.787 / Time: 0h:19m:56s (0h:2m:56s left)
Iteration 620 / LogL: -27409.786 / Time: 0h:20m:15s (0h:2m:37s left)
Iteration 630 / LogL: -27409.787 / Time: 0h:20m:35s (0h:2m:17s left)
Iteration 640 / LogL: -27409.787 / Time: 0h:20m:55s (0h:1m:57s left)
Iteration 650 / LogL: -27409.789 / Time: 0h:21m:14s (0h:1m:38s left)
Log-likelihood cutoff on original alignment: -27449.820
Iteration 660 / LogL: -27409.787 / Time: 0h:21m:34s (0h:1m:18s left)
Iteration 670 / LogL: -27409.786 / Time: 0h:21m:53s (0h:0m:58s left)
Iteration 680 / LogL: -27409.787 / Time: 0h:22m:12s (0h:0m:39s left)
TREE SEARCH COMPLETED AFTER 681 ITERATIONS / Time: 0h:22m:14s

--------------------------------------------------------------------
|                    FINALIZING TREE SEARCH                        |
--------------------------------------------------------------------
Performs final model parameters optimization
Estimate model parameters (epsilon = 0.010)
1. Initial log-likelihood: -27409.785
Optimal log-likelihood: -27409.785
Gamma shape alpha: 2.472
Parameters optimization took 1 rounds (0.143 sec)
BEST SCORE FOUND : -27409.785
Creating bootstrap support values...
Split supports printed to NEXUS file /csm_data/spielman_lab/dms_modelselection//simulations/alignments/HA_andersen_rep17_AA.fasta.splits.nex
Total tree length: 8.605

Total number of iterations: 681
CPU time used for tree search: 9016.734 sec (2h:30m:16s)
Wall-clock time used for tree search: 1305.393 sec (0h:21m:45s)
Total CPU time used: 9135.975 sec (2h:32m:15s)
Total wall-clock time used: 1335.332 sec (0h:22m:15s)

Computing bootstrap consensus tree...
Reading input file /csm_data/spielman_lab/dms_modelselection//simulations/alignments/HA_andersen_rep17_AA.fasta.splits.nex...
177 taxa and 755 splits.
Consensus tree written to /csm_data/spielman_lab/dms_modelselection//simulations/alignments/HA_andersen_rep17_AA.fasta.contree
Reading input trees file /csm_data/spielman_lab/dms_modelselection//simulations/alignments/HA_andersen_rep17_AA.fasta.contree
Log-likelihood of consensus tree: -27409.796

Analysis results written to: 
  IQ-TREE report:                /csm_data/spielman_lab/dms_modelselection//simulations/alignments/HA_andersen_rep17_AA.fasta.iqtree
  Maximum-likelihood tree:       /csm_data/spielman_lab/dms_modelselection//simulations/alignments/HA_andersen_rep17_AA.fasta.treefile
  Likelihood distances:          /csm_data/spielman_lab/dms_modelselection//simulations/alignments/HA_andersen_rep17_AA.fasta.mldist

Ultrafast bootstrap approximation results written to:
  Split support values:          /csm_data/spielman_lab/dms_modelselection//simulations/alignments/HA_andersen_rep17_AA.fasta.splits.nex
  Consensus tree:                /csm_data/spielman_lab/dms_modelselection//simulations/alignments/HA_andersen_rep17_AA.fasta.contree
  Screen log file:               /csm_data/spielman_lab/dms_modelselection//simulations/alignments/HA_andersen_rep17_AA.fasta.log

Date and Time: Fri Jun 14 05:16:51 2019
