IQ-TREE multicore version 1.6.7 for Linux 64-bit built Aug 23 2018
Developed by Bui Quang Minh, Nguyen Lam Tung, Olga Chernomor,
Heiko Schmidt, Dominik Schrempf, Michael Woodhams.

Host:    csm-com-011 (AVX2, FMA3, 62 GB RAM)
Command: iqtree -quiet -nt AUTO -ntmax 8 -m GTR20 -s /csm_data/spielman_lab/dms_modelselection//simulations/alignments/HA_andersen_rep16_AA.fasta -st AA -redo -bb 1000
Seed:    855038 (Using SPRNG - Scalable Parallel Random Number Generator)
Time:    Fri Jun 14 05:15:06 2019
Kernel:  AVX+FMA - auto-detect threads (48 CPU cores detected)

Reading alignment file /csm_data/spielman_lab/dms_modelselection//simulations/alignments/HA_andersen_rep16_AA.fasta ... Fasta format detected
Alignment most likely contains protein sequences
Alignment has 179 sequences with 564 columns, 554 distinct patterns
501 parsimony-informative, 40 singleton sites, 23 constant sites
                      Gap/Ambiguity  Composition  p-value
   1  AV-S-CIV-1999           0.00%    passed     96.69%
   2  BA366-S-GIN-2003        0.00%    passed     95.04%
   3  G502-S-SLE-2009         0.00%    passed     96.59%
   4  G1180-S-SLE-2010        0.00%    passed     99.93%
   5  G2147-S-SLE-2011        0.00%    passed     99.98%
   6  G2165-S-SLE-2011        0.00%    passed     99.64%
   7  LM222-S-SLE-2010        0.00%    passed     99.97%
   8  LM774-S-SLE-2012        0.00%    passed     99.70%
   9  LM778-S-SLE-2012        0.00%    passed     99.82%
  10  G2184-S-SLE-2011        0.00%    passed     99.58%
  11  LM776-S-SLE-2012        0.00%    passed     99.60%
  12  G503-S-SLE-2009         0.00%    passed     99.96%
  13  G2318-S-SLE-2012        0.00%    passed     99.89%
  14  G1959-S-SLE-2011        0.00%    passed     99.98%
  15  G3010-S-SLE-2013        0.00%    passed     99.92%
  16  G610-S-SLE-2009         0.00%    passed    100.00%
  17  G693-S-SLE-2009         0.00%    passed    100.00%
  18  G771-S-SLE-2010         0.00%    passed    100.00%
  19  G1792-S-SLE-2011        0.00%    passed    100.00%
  20  G1960-S-SLE-2011        0.00%    passed    100.00%
  21  G2565-S-SLE-2012        0.00%    passed    100.00%
  22  G2197-S-SLE-2011        0.00%    passed     99.99%
  23  LM032-S-SLE-2010        0.00%    passed     99.96%
  24  Josiah-S-SLE-1976       0.00%    passed     99.99%
  25  G808-S-SLE-2010         0.00%    passed     99.81%
  26  G2868-S-SLE-2012        0.00%    passed     97.32%
  27  G676-S-SLE-2009         0.00%    passed     99.91%
  28  G2405-S-SLE-2012        0.00%    passed     99.93%
  29  G1190-S-SLE-2010        0.00%    passed     99.99%
  30  G2944-S-SLE-2012        0.00%    passed     99.99%
  31  LM765-S-SLE-2012        0.00%    passed     99.98%
  32  G3148-S-SLE-2013        0.00%    passed     99.99%
  33  Z0947-S-SLE-2011        0.00%    passed     99.98%
  34  Z0948-S-SLE-2011        0.00%    passed     99.98%
  35  G1727-S-SLE-2011        0.00%    passed     99.97%
  36  G1647-S-SLE-2011        0.00%    passed     99.91%
  37  G2295-S-SLE-2012        0.00%    passed     99.59%
  38  G2587-S-SLE-2012        0.00%    passed     99.83%
  39  G2280-S-SLE-2012        0.00%    passed     99.89%
  40  G3016-S-SLE-2013        0.00%    passed     99.38%
  41  G3106-S-SLE-2013        0.00%    passed     99.38%
  42  G2612-S-SLE-2012        0.00%    passed     99.91%
  43  LM779-S-SLE-2012        0.00%    passed     99.97%
  44  G692-S-SLE-2009         0.00%    passed     99.89%
  45  LM395-S-SLE-2009        0.00%    passed     99.98%
  46  G1774-S-SLE-2011        0.00%    passed     99.92%
  47  G2222-S-SLE-2011        0.00%    passed     99.82%
  48  G636-S-SLE-2009         0.00%    passed     99.99%
  49  G2315-S-SLE-2012        0.00%    passed    100.00%
  50  G2903-S-SLE-2012        0.00%    passed     99.91%
  51  G3206-S-SLE-2013        0.00%    passed     99.98%
  52  G733-S-SLE-2010         0.00%    passed     99.43%
  53  G2554-S-SLE-2012        0.00%    passed     98.30%
  54  G1618-S-SLE-2011        0.00%    passed     99.58%
  55  G1646-S-SLE-2011        0.00%    passed     99.95%
  56  G2427-S-SLE-2012        0.00%    passed     99.87%
  57  G2392-S-SLE-2012        0.00%    passed     99.09%
  58  G3229-S-SLE-2013        0.00%    passed     97.41%
  59  G3151-S-SLE-2013        0.00%    passed     94.97%
  60  G3248-S-SLE-2013        0.00%    passed     94.97%
  61  G3170-S-SLE-2013        0.00%    passed     94.97%
  62  NL-S-SLE-2000           0.00%    passed     99.98%
  63  G2263-S-SLE-2012        0.00%    passed     99.86%
  64  G2431-S-SLE-2012        0.00%    passed     99.33%
  65  G1442-S-SLE-2011        0.00%    passed     98.13%
  66  G2141-S-SLE-2011        0.00%    passed     99.99%
  67  G1529-S-SLE-2011        0.00%    passed     92.79%
  68  G3234-S-SLE-2013        0.00%    passed     94.48%
  69  G2363-S-SLE-2012        0.00%    passed     95.84%
  70  G2259-S-SLE-2012        0.00%    passed     95.17%
  71  G2723-S-SLE-2012        0.00%    passed     95.69%
  72  G3278-S-SLE-2013        0.00%    passed     94.02%
  73  G2557-S-SLE-2012        0.00%    passed     82.47%
  74  G2615-S-SLE-2012        0.00%    passed     96.10%
  75  G1200-S-LIB-2010        0.00%    passed     88.32%
  76  Macenta-S-GIN-1982      0.00%    passed     82.90%
  77  Z148-S-LIB-1981         0.00%    passed     83.57%
  78  Nig08-A18-S-NIG-2008    0.00%    passed      7.18%
  79  Nig08-A19-S-NIG-2008    0.00%    failed      4.89%
  80  CSF-S-NIG-2001          0.00%    passed     79.35%
  81  ISTH0009-S-NIG-2011     0.00%    passed     99.99%
  82  LASV979-S-NIG-2009      0.00%    passed    100.00%
  83  LASV237-S-NIG-2010      0.00%    passed    100.00%
  84  LASV711-S-NIG-2009      0.00%    passed    100.00%
  85  LASV992-S-NIG-2009      0.00%    passed    100.00%
  86  ISTH0230-S-NIG-2011     0.00%    passed     99.98%
  87  LASV975-S-NIG-2009      0.00%    passed    100.00%
  88  ISTH2061-S-NIG-2012     0.00%    passed    100.00%
  89  Nig08-A41-S-NIG-2008    0.00%    passed    100.00%
  90  ISTH2217-S-NIG-2012     0.00%    passed    100.00%
  91  ISTH1064-S-NIG-2011     0.00%    passed     99.98%
  92  ISTH2334-S-NIG-2012     0.00%    passed     99.95%
  93  LASV245-S-NIG-2011      0.00%    passed     99.96%
  94  LASV1011-S-NIG-2009     0.00%    passed     99.97%
  95  ISTH2312-S-NIG-2012     0.00%    passed    100.00%
  96  LASV1000-S-NIG-2009     0.00%    passed    100.00%
  97  ISTH2010-S-NIG-2012     0.00%    passed    100.00%
  98  ISTH2016-S-NIG-2012     0.00%    passed    100.00%
  99  Nig08-A37-S-NIG-2008    0.00%    passed    100.00%
 100  LASV737-S-NIG-2009      0.00%    passed    100.00%
 101  LASV719-S-NIG-2009      0.00%    passed    100.00%
 102  LASV046-S-NIG-2009      0.00%    passed    100.00%
 103  ISTH2042-S-NIG-2012     0.00%    passed    100.00%
 104  LASV274-S-NIG-2010      0.00%    passed    100.00%
 105  LASV263-S-NIG-2011      0.00%    passed    100.00%
 106  ISTH1137-S-NIG-2011     0.00%    passed    100.00%
 107  LASV976-S-NIG-2009      0.00%    passed    100.00%
 108  LASV1016-S-NIG-2009     0.00%    passed    100.00%
 109  LASV229-S-NIG-2010      0.00%    passed    100.00%
 110  ISTH2129-S-NIG-2012     0.00%    passed     99.99%
 111  ISTH2057-S-NIG-2012     0.00%    passed    100.00%
 112  LASV058-S-NIG-2008      0.00%    passed     99.99%
 113  ISTH1038-S-NIG-2011     0.00%    passed     99.97%
 114  LASV056-S-NIG-2008      0.00%    passed    100.00%
 115  LASV042-S-NIG-2009      0.00%    passed    100.00%
 116  LASV981-S-NIG-2009      0.00%    passed     99.94%
 117  LASV256-S-NIG-2010      0.00%    passed    100.00%
 118  LASV052-S-NIG-2008      0.00%    passed    100.00%
 119  LASV063-S-NIG-2009      0.00%    passed    100.00%
 120  ISTH0595-S-NIG-2011     0.00%    passed     99.95%
 121  ISTH1096-S-NIG-2012     0.00%    passed    100.00%
 122  LASV221-S-NIG-2010      0.00%    passed    100.00%
 123  LASV977-S-NIG-2009      0.00%    passed    100.00%
 124  LASV971-S-NIG-2009      0.00%    passed    100.00%
 125  LASV967-S-NIG-2009      0.00%    passed     99.99%
 126  ISTH2050-S-NIG-2012     0.00%    passed    100.00%
 127  ISTH2031-S-NIG-2012     0.00%    passed     99.97%
 128  ISTH2376-S-NIG-2012     0.00%    passed     99.99%
 129  LASV991-S-NIG-2009      0.00%    passed    100.00%
 130  LASV267-S-NIG-2010      0.00%    passed     99.99%
 131  LASV049-S-NIG-2009      0.00%    passed    100.00%
 132  LASV239-S-NIG-2010      0.00%    passed     99.96%
 133  ISTH2037-S-NIG-2012     0.00%    passed    100.00%
 134  ISTH1069-S-NIG-2011     0.00%    passed     99.99%
 135  ISTH1129-S-NIG-2012     0.00%    passed     99.67%
 136  ISTH2304-S-NIG-2012     0.00%    passed     99.93%
 137  LASV246-S-NIG-2010      0.00%    passed     99.93%
 138  ISTH1111-S-NIG-2011     0.00%    passed    100.00%
 139  LASV006-S-NIG-2008      0.00%    passed    100.00%
 140  ISTH0531-S-NIG-2011     0.00%    passed     99.99%
 141  LASV254-S-NIG-2011      0.00%    passed     99.95%
 142  ISTH2358-S-NIG-2012     0.00%    passed     99.83%
 143  LASV966-S-NIG-2009      0.00%    passed    100.00%
 144  ISTH1058-S-NIG-2011     0.00%    passed     99.86%
 145  LASV241-S-NIG-2011      0.00%    passed    100.00%
 146  LASV271-S-NIG-2010      0.00%    passed     99.99%
 147  Nig08-A47-S-NIG-2008    0.00%    passed     99.96%
 148  ISTH0012-S-NIG-2011     0.00%    passed    100.00%
 149  LASV993-S-NIG-2009      0.00%    passed     99.99%
 150  ISTH2046-S-NIG-2012     0.00%    passed     99.99%
 151  LASV1008-S-NIG-2009     0.00%    passed    100.00%
 152  ISTH2020-S-NIG-2012     0.00%    passed     99.99%
 153  LASV003-S-NIG-2008      0.00%    passed     99.96%
 154  LASV242-S-NIG-2010      0.00%    passed     99.92%
 155  LASV253-S-NIG-2011      0.00%    passed     99.96%
 156  LASV982-S-NIG-2009      0.00%    passed     99.99%
 157  LASV251-S-NIG-2010      0.00%    passed     99.99%
 158  LASV989-S-NIG-2009      0.00%    passed     99.98%
 159  ISTH0047-S-NIG-2011     0.00%    passed    100.00%
 160  LASV990-S-NIG-2009      0.00%    passed    100.00%
 161  ISTH1003-S-NIG-2011     0.00%    passed     99.99%
 162  ISTH0073-S-NIG-2011     0.00%    passed     99.99%
 163  ISTH2316-S-NIG-2012     0.00%    passed    100.00%
 164  LASV225-S-NIG-2010      0.00%    passed    100.00%
 165  LASV978-S-NIG-2009      0.00%    passed     99.99%
 166  ISTH1048-S-NIG-2011     0.00%    passed     99.97%
 167  LASV045-S-NIG-2009      0.00%    passed     99.99%
 168  ISTH2025-S-NIG-2012     0.00%    passed     99.99%
 169  LASV250-S-NIG-2011      0.00%    passed     99.99%
 170  LASV1015-S-NIG-2009     0.00%    passed     99.99%
 171  LASV035-S-NIG-2009      0.00%    passed     99.99%
 172  ISTH1107-S-NIG-2012     0.00%    passed    100.00%
 173  ISTH2271-S-NIG-2012     0.00%    passed     99.96%
 174  ISTH1121-S-NIG-2012     0.00%    passed     99.91%
 175  ISTH2065-S-NIG-2012     0.00%    passed     99.93%
 176  ISTH2066-S-NIG-2012     0.00%    passed     99.93%
 177  ISTH2094-S-NIG-2012     0.00%    passed     99.99%
 178  Nig08-04-S-NIG-2008     0.00%    passed     98.13%
 179  Pinneo-S-NIG-1969       0.00%    failed      1.68%
****  TOTAL                   0.00%  2 sequences failed composition chi2 test (p-value<5%; df=19)
NOTE: G693-S-SLE-2009 is identical to G610-S-SLE-2009 but kept for subsequent analysis
NOTE: Z0948-S-SLE-2011 is identical to Z0947-S-SLE-2011 but kept for subsequent analysis
NOTE: G3106-S-SLE-2013 is identical to G3016-S-SLE-2013 but kept for subsequent analysis
NOTE: G3248-S-SLE-2013 is identical to G3151-S-SLE-2013 but kept for subsequent analysis
NOTE: ISTH2066-S-NIG-2012 is identical to ISTH2065-S-NIG-2012 but kept for subsequent analysis
NOTE: 2 identical sequences (see below) will be ignored for subsequent analysis
NOTE: G771-S-SLE-2010 (identical to G610-S-SLE-2009) is ignored but added at the end
NOTE: G3170-S-SLE-2013 (identical to G3151-S-SLE-2013) is ignored but added at the end

For your convenience alignment with unique sequences printed to /csm_data/spielman_lab/dms_modelselection//simulations/alignments/HA_andersen_rep16_AA.fasta.uniqueseq.phy

Create initial parsimony tree by phylogenetic likelihood library (PLL)... 0.066 seconds
Generating 1000 samples for ultrafast bootstrap (seed: 855038)...
WARNING: GTR20 model will estimate 189 substitution rates that might be overfitting!
WARNING: Please only use GTR20 with very large data and always test for model fit!

NOTE: 17 MB RAM (0 GB) is required!
Measuring multi-threading efficiency up to 8 CPU cores
Increase to 10 rounds for branch lengths
16 trees examined
Threads: 1 / Time: 8.462 sec / Speedup: 1.000 / Efficiency: 100% / LogL: -108361
Threads: 2 / Time: 4.692 sec / Speedup: 1.804 / Efficiency: 90% / LogL: -108361
Threads: 3 / Time: 3.478 sec / Speedup: 2.433 / Efficiency: 81% / LogL: -108361
Threads: 4 / Time: 2.861 sec / Speedup: 2.958 / Efficiency: 74% / LogL: -108361
Threads: 5 / Time: 2.531 sec / Speedup: 3.344 / Efficiency: 67% / LogL: -108361
Threads: 6 / Time: 2.624 sec / Speedup: 3.225 / Efficiency: 54% / LogL: -108361
Threads: 7 / Time: 2.556 sec / Speedup: 3.311 / Efficiency: 47% / LogL: -108361
BEST NUMBER OF THREADS: 5

Estimate model parameters (epsilon = 0.100)
1. Initial log-likelihood: -28969.789
2. Current log-likelihood: -26704.767
3. Current log-likelihood: -26526.747
4. Current log-likelihood: -26512.633
5. Current log-likelihood: -26511.126
6. Current log-likelihood: -26510.828
Optimal log-likelihood: -26510.813
Parameters optimization took 6 rounds (53.006 sec)
Computing ML distances based on estimated model parameters... 2.964 sec
Computing BIONJ tree...
0.025 seconds
Log-likelihood of BIONJ tree: -26668.452
--------------------------------------------------------------------
|             INITIALIZING CANDIDATE TREE SET                      |
--------------------------------------------------------------------
Generating 98 parsimony trees... 7.178 second
Computing log-likelihood of 98 initial trees ... 4.791 seconds
Current best score: -26504.106

Do NNI search on 20 best initial trees
Estimate model parameters (epsilon = 0.100)
BETTER TREE FOUND at iteration 1: -26498.191
BETTER TREE FOUND at iteration 8: -26498.191
Iteration 10 / LogL: -26505.516 / Time: 0h:1m:42s
Iteration 20 / LogL: -26498.720 / Time: 0h:1m:47s
Finish initializing candidate tree set (20)
Current best tree score: -26498.191 / CPU time: 26.679
Number of iterations: 20
--------------------------------------------------------------------
|               OPTIMIZING CANDIDATE TREE SET                      |
--------------------------------------------------------------------
BETTER TREE FOUND at iteration 21: -26498.189
BETTER TREE FOUND at iteration 26: -26498.188
BETTER TREE FOUND at iteration 30: -26498.187
Iteration 30 / LogL: -26498.187 / Time: 0h:1m:54s (0h:6m:32s left)
Iteration 40 / LogL: -26498.277 / Time: 0h:2m:0s (0h:4m:36s left)
Iteration 50 / LogL: -26498.187 / Time: 0h:2m:6s (0h:3m:26s left)
Log-likelihood cutoff on original alignment: -26544.875
BETTER TREE FOUND at iteration 53: -26498.186
Iteration 60 / LogL: -26498.278 / Time: 0h:2m:13s (0h:3m:30s left)
BETTER TREE FOUND at iteration 61: -26498.186
BETTER TREE FOUND at iteration 63: -26498.185
Iteration 70 / LogL: -26498.187 / Time: 0h:2m:19s (0h:3m:7s left)
Iteration 80 / LogL: -26498.186 / Time: 0h:2m:25s (0h:2m:32s left)
Iteration 90 / LogL: -26498.185 / Time: 0h:2m:31s (0h:2m:4s left)
BETTER TREE FOUND at iteration 97: -26498.185
Iteration 100 / LogL: -26498.186 / Time: 0h:2m:38s (0h:2m:34s left)
Log-likelihood cutoff on original alignment: -26544.875
NOTE: Bootstrap correlation coefficient of split occurrence frequencies: 0.999
BETTER TREE FOUND at iteration 103: -26498.184
Iteration 110 / LogL: -26516.975 / Time: 0h:2m:44s (0h:2m:20s left)
BETTER TREE FOUND at iteration 115: -26498.184
Iteration 120 / LogL: -26498.595 / Time: 0h:2m:51s (0h:2m:16s left)
Iteration 130 / LogL: -26498.197 / Time: 0h:2m:57s (0h:1m:56s left)
Iteration 140 / LogL: -26498.185 / Time: 0h:3m:3s (0h:1m:38s left)
Iteration 150 / LogL: -26498.714 / Time: 0h:3m:9s (0h:1m:22s left)
Log-likelihood cutoff on original alignment: -26545.183
Iteration 160 / LogL: -26499.277 / Time: 0h:3m:16s (0h:1m:7s left)
Iteration 170 / LogL: -26499.277 / Time: 0h:3m:22s (0h:0m:53s left)
BETTER TREE FOUND at iteration 177: -26498.183
Iteration 180 / LogL: -26498.184 / Time: 0h:3m:29s (0h:1m:53s left)
UPDATE BEST LOG-LIKELIHOOD: -26498.183
Iteration 190 / LogL: -26498.967 / Time: 0h:3m:35s (0h:1m:38s left)
Iteration 200 / LogL: -26575.452 / Time: 0h:3m:41s (0h:1m:25s left)
Log-likelihood cutoff on original alignment: -26545.183
NOTE: Bootstrap correlation coefficient of split occurrence frequencies: 0.999
Iteration 210 / LogL: -26554.395 / Time: 0h:3m:48s (0h:1m:38s left)
Iteration 220 / LogL: -26498.593 / Time: 0h:3m:54s (0h:1m:25s left)
Iteration 230 / LogL: -26498.184 / Time: 0h:4m:0s (0h:1m:13s left)
Iteration 240 / LogL: -26498.184 / Time: 0h:4m:7s (0h:1m:2s left)
BETTER TREE FOUND at iteration 241: -26498.182
Iteration 250 / LogL: -26498.184 / Time: 0h:4m:13s (0h:1m:32s left)
Log-likelihood cutoff on original alignment: -26545.524
Iteration 260 / LogL: -26498.183 / Time: 0h:4m:20s (0h:1m:21s left)
Iteration 270 / LogL: -26514.185 / Time: 0h:4m:26s (0h:1m:10s left)
Iteration 280 / LogL: -26498.184 / Time: 0h:4m:32s (0h:0m:59s left)
Iteration 290 / LogL: -26498.312 / Time: 0h:4m:38s (0h:0m:49s left)
Iteration 300 / LogL: -26503.835 / Time: 0h:4m:45s (0h:0m:39s left)
Log-likelihood cutoff on original alignment: -26545.524
NOTE: Bootstrap correlation coefficient of split occurrence frequencies: 0.999
Iteration 310 / LogL: -26498.184 / Time: 0h:4m:51s (0h:1m:24s left)
Iteration 320 / LogL: -26498.273 / Time: 0h:4m:58s (0h:1m:14s left)
Iteration 330 / LogL: -26498.184 / Time: 0h:5m:4s (0h:1m:4s left)
Iteration 340 / LogL: -26498.184 / Time: 0h:5m:10s (0h:0m:54s left)
TREE SEARCH COMPLETED AFTER 342 ITERATIONS / Time: 0h:5m:11s

--------------------------------------------------------------------
|                    FINALIZING TREE SEARCH                        |
--------------------------------------------------------------------
Performs final model parameters optimization
Estimate model parameters (epsilon = 0.010)
1. Initial log-likelihood: -26498.182
2. Current log-likelihood: -26496.308
3. Current log-likelihood: -26495.555
4. Current log-likelihood: -26494.803
5. Current log-likelihood: -26494.591
6. Current log-likelihood: -26494.528
7. Current log-likelihood: -26494.483
8. Current log-likelihood: -26494.473
9. Current log-likelihood: -26494.457
10. Current log-likelihood: -26494.414
Optimal log-likelihood: -26494.407
Parameters optimization took 10 rounds (33.153 sec)
BEST SCORE FOUND : -26494.407
Creating bootstrap support values...
Split supports printed to NEXUS file /csm_data/spielman_lab/dms_modelselection//simulations/alignments/HA_andersen_rep16_AA.fasta.splits.nex
Total tree length: 8.288

Total number of iterations: 342
CPU time used for tree search: 1110.039 sec (0h:18m:30s)
Wall-clock time used for tree search: 230.393 sec (0h:3m:50s)
Total CPU time used: 1642.546 sec (0h:27m:22s)
Total wall-clock time used: 345.279 sec (0h:5m:45s)

Computing bootstrap consensus tree...
Reading input file /csm_data/spielman_lab/dms_modelselection//simulations/alignments/HA_andersen_rep16_AA.fasta.splits.nex...
177 taxa and 786 splits.
Consensus tree written to /csm_data/spielman_lab/dms_modelselection//simulations/alignments/HA_andersen_rep16_AA.fasta.contree
Reading input trees file /csm_data/spielman_lab/dms_modelselection//simulations/alignments/HA_andersen_rep16_AA.fasta.contree
Log-likelihood of consensus tree: -26494.416

Analysis results written to: 
  IQ-TREE report:                /csm_data/spielman_lab/dms_modelselection//simulations/alignments/HA_andersen_rep16_AA.fasta.iqtree
  Maximum-likelihood tree:       /csm_data/spielman_lab/dms_modelselection//simulations/alignments/HA_andersen_rep16_AA.fasta.treefile
  Likelihood distances:          /csm_data/spielman_lab/dms_modelselection//simulations/alignments/HA_andersen_rep16_AA.fasta.mldist

Ultrafast bootstrap approximation results written to:
  Split support values:          /csm_data/spielman_lab/dms_modelselection//simulations/alignments/HA_andersen_rep16_AA.fasta.splits.nex
  Consensus tree:                /csm_data/spielman_lab/dms_modelselection//simulations/alignments/HA_andersen_rep16_AA.fasta.contree
  Screen log file:               /csm_data/spielman_lab/dms_modelselection//simulations/alignments/HA_andersen_rep16_AA.fasta.log

Date and Time: Fri Jun 14 05:20:52 2019
