IQ-TREE multicore version 1.6.9 for Linux 64-bit built Dec 20 2018
Developed by Bui Quang Minh, Nguyen Lam Tung, Olga Chernomor,
Heiko Schmidt, Dominik Schrempf, Michael Woodhams.

Host:    spielmanlab (AVX512, FMA3, 125 GB RAM)
Command: iqtree -quiet -nt AUTO -ntmax 6 -m mtART -s /home/spielman/dms_modelselection//simulations/alignments/HA_opisthokonta_rep17_AA.fasta -st AA -redo -bb 1000
Seed:    97427 (Using SPRNG - Scalable Parallel Random Number Generator)
Time:    Wed Jun 12 13:21:27 2019
Kernel:  AVX+FMA - auto-detect threads (24 CPU cores detected)

Reading alignment file /home/spielman/dms_modelselection//simulations/alignments/HA_opisthokonta_rep17_AA.fasta ... Fasta format detected
Alignment most likely contains protein sequences
Alignment has 70 sequences with 564 columns, 564 distinct patterns
541 parsimony-informative, 23 singleton sites, 0 constant sites
                                  Gap/Ambiguity  Composition  p-value
   1  Oscarella_carmela                   0.00%    passed     99.07%
   2  Leucetta_chagosensis                0.00%    passed     97.93%
   3  Sycon_raphanus                      0.00%    passed     94.71%
   4  Oopsacas_minuta                     0.00%    passed     97.24%
   5  Carteriospongia_foliascens          0.00%    passed     76.20%
   6  Amphimedon_queenslandica            0.00%    passed     99.93%
   7  Suberites_domuncula                 0.00%    passed     89.15%
   8  Lubomirskia_baicalensis             0.00%    passed     95.84%
   9  Ephydatia_muelleri                  0.00%    passed     44.02%
  10  Trichoplax_adhaerens                0.00%    passed     96.54%
  11  Nematostella_vectensis              0.00%    passed     99.57%
  12  Anemonia_viridis                    0.00%    passed     94.55%
  13  Aiptasia_pallida                    0.00%    passed     96.67%
  14  Metridium_senile                    0.00%    passed     99.90%
  15  Acropora_palmata                    0.00%    passed     99.01%
  16  Acropora_millepora                  0.00%    passed     99.34%
  17  Porites_astreoides                  0.00%    passed     98.92%
  18  Montastraea_faveolata               0.00%    passed     97.69%
  19  Cyanea_capillata                    0.00%    passed     94.68%
  20  Clytia_hemisphaerica                0.00%    passed     80.19%
  21  Podocoryna_carnea                   0.00%    passed     99.82%
  22  Hydractinia_echinata                0.00%    passed     99.99%
  23  Hydra_magnipapillata                0.00%    passed     90.76%
  24  Saccoglossus_kowalevskii            0.00%    passed     91.70%
  25  Ptychodera_flava                    0.00%    passed     99.28%
  26  Strongylocentrotus_purpuratus       0.00%    passed     93.94%
  27  Asterina_pectinifera                0.00%    passed     95.97%
  28  Branchiostoma_floridae              0.00%    passed     91.16%
  29  Petromyzon_marinus                  0.00%    passed     83.05%
  30  Gallus                              0.00%    passed     85.68%
  31  Ciona_intestinalis                  0.00%    passed     94.45%
  32  Halocynthia_roretzi                 0.00%    passed     88.25%
  33  Anoplodactylus_eroticus             0.00%    passed     99.33%
  34  Boophilus_microplus                 0.00%    passed     95.00%
  35  Daphnia_pulex                       0.00%    passed     93.22%
  36  Drosophila_melanogaster             0.00%    passed     95.16%
  37  Euperipatoides_kanangrensis         0.00%    passed     93.35%
  38  Echinoderes_horni                   0.00%    passed     97.98%
  39  Xiphinema_index                     0.00%    passed     87.72%
  40  Cerebratulus_lacteus                0.00%    passed     96.21%
  41  Terebratalia_transversa             0.00%    passed     87.56%
  42  Lottia_gigantea                     0.00%    passed     94.50%
  43  Crassostrea_virginica               0.00%    passed     93.38%
  44  Euprymna_scolopes                   0.00%    passed     92.69%
  45  Capitella_telata                    0.00%    passed     99.12%
  46  Helobdella_robusta                  0.00%    passed     99.72%
  47  Schmidtea_mediterranea              0.00%    passed     99.75%
  48  Paraplanocera_oligoglena            0.00%    passed     43.97%
  49  Xenoturbella_bocki                  0.00%    passed     84.44%
  50  Nemertoderma_westbladi              0.00%    passed     99.92%
  51  Meara_stichopi                      0.00%    passed     78.55%
  52  Isodiametra_pulchra                 0.00%    passed     52.71%
  53  Symsagittifera_roscoffensis         0.00%    passed     40.59%
  54  Convolutriloba_longifissura         0.00%    passed     87.84%
  55  Capsaspora_owczarzaki_ATCC_30864    0.00%    passed     99.99%
  56  Amoebidium_parasiticum              0.00%    passed     79.73%
  57  Sphaeroforma_arctica                0.00%    passed     91.91%
  58  Spizellomyces_punctatus             0.00%    passed     99.99%
  59  Batrachochytrium_dendrobatidis      0.00%    passed     95.81%
  60  Cryptococcus_neoformans             0.00%    passed     98.02%
  61  Saccharomyces_cerevisiae            0.00%    passed     11.63%
  62  Phycomyces_blakesleeanus            0.00%    passed     98.94%
  63  Rhizopus_orizae                     0.00%    passed     80.10%
  64  Monosiga_ovata                      0.00%    passed     35.09%
  65  Salpingoeca_rosetta                 0.00%    passed     81.51%
  66  Monosiga_brevicollis                0.00%    passed     94.88%
  67  Mnemiopsis                          0.00%    passed     98.83%
  68  Mertensiid_sp                       0.00%    passed     97.92%
  69  Pleurobrachia_pileus                0.00%    passed     99.68%
  70  Oscarella_lobularis                 0.00%    passed     28.59%
****  TOTAL                               0.00%  0 sequences failed composition chi2 test (p-value<5%; df=19)

Create initial parsimony tree by phylogenetic likelihood library (PLL)... 0.056 seconds
Generating 1000 samples for ultrafast bootstrap (seed: 97427)...

NOTE: 8 MB RAM (0 GB) is required!
Measuring multi-threading efficiency up to 6 CPU cores
Increase to 10 rounds for branch lengths
26 trees examined
Threads: 1 / Time: 6.122 sec / Speedup: 1.000 / Efficiency: 100% / LogL: -78094
Threads: 2 / Time: 3.374 sec / Speedup: 1.815 / Efficiency: 91% / LogL: -78094
Threads: 3 / Time: 2.438 sec / Speedup: 2.512 / Efficiency: 84% / LogL: -78094
Threads: 4 / Time: 2.026 sec / Speedup: 3.021 / Efficiency: 76% / LogL: -78094
Threads: 5 / Time: 1.831 sec / Speedup: 3.344 / Efficiency: 67% / LogL: -78094
Threads: 6 / Time: 2.127 sec / Speedup: 2.879 / Efficiency: 48% / LogL: -78094
BEST NUMBER OF THREADS: 5

Estimate model parameters (epsilon = 0.100)
1. Initial log-likelihood: -66049.193
Optimal log-likelihood: -65348.359
Parameters optimization took 1 rounds (0.078 sec)
Computing ML distances based on estimated model parameters... 0.944 sec
WARNING: Some pairwise ML distances are too long (saturated)
Computing BIONJ tree...
0.004 seconds
Log-likelihood of BIONJ tree: -65323.702
--------------------------------------------------------------------
|             INITIALIZING CANDIDATE TREE SET                      |
--------------------------------------------------------------------
Generating 98 parsimony trees... 2.892 second
Computing log-likelihood of 98 initial trees ... 2.478 seconds
Current best score: -65244.362

Do NNI search on 20 best initial trees
Estimate model parameters (epsilon = 0.100)
BETTER TREE FOUND at iteration 1: -65219.557
Iteration 10 / LogL: -65223.393 / Time: 0h:0m:25s
Estimate model parameters (epsilon = 0.100)
BETTER TREE FOUND at iteration 18: -65214.845
Iteration 20 / LogL: -65269.304 / Time: 0h:0m:27s
Finish initializing candidate tree set (11)
Current best tree score: -65214.845 / CPU time: 8.818
Number of iterations: 20
--------------------------------------------------------------------
|               OPTIMIZING CANDIDATE TREE SET                      |
--------------------------------------------------------------------
Estimate model parameters (epsilon = 0.100)
BETTER TREE FOUND at iteration 23: -65208.147
Iteration 30 / LogL: -65208.161 / Time: 0h:0m:30s (0h:1m:33s left)
Iteration 40 / LogL: -65208.156 / Time: 0h:0m:32s (0h:1m:7s left)
Iteration 50 / LogL: -65218.031 / Time: 0h:0m:34s (0h:0m:50s left)
Log-likelihood cutoff on original alignment: -65301.007
Iteration 60 / LogL: -65208.902 / Time: 0h:0m:37s (0h:0m:38s left)
Iteration 70 / LogL: -65208.164 / Time: 0h:0m:39s (0h:0m:29s left)
Iteration 80 / LogL: -65208.167 / Time: 0h:0m:42s (0h:0m:22s left)
Iteration 90 / LogL: -65219.246 / Time: 0h:0m:44s (0h:0m:16s left)
Iteration 100 / LogL: -65208.149 / Time: 0h:0m:46s (0h:0m:10s left)
Log-likelihood cutoff on original alignment: -65301.007
NOTE: Bootstrap correlation coefficient of split occurrence frequencies: 0.999
Iteration 110 / LogL: -65237.421 / Time: 0h:0m:49s (0h:0m:40s left)
Iteration 120 / LogL: -65226.419 / Time: 0h:0m:51s (0h:0m:34s left)
TREE SEARCH COMPLETED AFTER 124 ITERATIONS / Time: 0h:0m:52s

--------------------------------------------------------------------
|                    FINALIZING TREE SEARCH                        |
--------------------------------------------------------------------
Performs final model parameters optimization
Estimate model parameters (epsilon = 0.010)
1. Initial log-likelihood: -65208.147
Optimal log-likelihood: -65208.147
Parameters optimization took 1 rounds (0.019 sec)
BEST SCORE FOUND : -65208.147
Creating bootstrap support values...
Split supports printed to NEXUS file /home/spielman/dms_modelselection//simulations/alignments/HA_opisthokonta_rep17_AA.fasta.splits.nex
Total tree length: 36.939

Total number of iterations: 124
CPU time used for tree search: 156.200 sec (0h:2m:36s)
Wall-clock time used for tree search: 33.508 sec (0h:0m:33s)
Total CPU time used: 218.007 sec (0h:3m:38s)
Total wall-clock time used: 52.745 sec (0h:0m:52s)

Computing bootstrap consensus tree...
Reading input file /home/spielman/dms_modelselection//simulations/alignments/HA_opisthokonta_rep17_AA.fasta.splits.nex...
70 taxa and 251 splits.
Consensus tree written to /home/spielman/dms_modelselection//simulations/alignments/HA_opisthokonta_rep17_AA.fasta.contree
Reading input trees file /home/spielman/dms_modelselection//simulations/alignments/HA_opisthokonta_rep17_AA.fasta.contree
Log-likelihood of consensus tree: -65208.147

Analysis results written to: 
  IQ-TREE report:                /home/spielman/dms_modelselection//simulations/alignments/HA_opisthokonta_rep17_AA.fasta.iqtree
  Maximum-likelihood tree:       /home/spielman/dms_modelselection//simulations/alignments/HA_opisthokonta_rep17_AA.fasta.treefile
  Likelihood distances:          /home/spielman/dms_modelselection//simulations/alignments/HA_opisthokonta_rep17_AA.fasta.mldist

Ultrafast bootstrap approximation results written to:
  Split support values:          /home/spielman/dms_modelselection//simulations/alignments/HA_opisthokonta_rep17_AA.fasta.splits.nex
  Consensus tree:                /home/spielman/dms_modelselection//simulations/alignments/HA_opisthokonta_rep17_AA.fasta.contree
  Screen log file:               /home/spielman/dms_modelselection//simulations/alignments/HA_opisthokonta_rep17_AA.fasta.log

Date and Time: Wed Jun 12 13:22:19 2019
