IQ-TREE multicore version 1.6.7 for Linux 64-bit built Aug 23 2018
Developed by Bui Quang Minh, Nguyen Lam Tung, Olga Chernomor,
Heiko Schmidt, Dominik Schrempf, Michael Woodhams.

Host:    csm-com-009 (AVX2, FMA3, 62 GB RAM)
Command: iqtree -quiet -nt AUTO -ntmax 8 -m mtInv+I+G4 -s /csm_data/spielman_lab/dms_modelselection//simulations/alignments/HA_spiralia_rep13_AA.fasta -st AA -redo -bb 1000
Seed:    749327 (Using SPRNG - Scalable Parallel Random Number Generator)
Time:    Fri Jun 14 01:12:53 2019
Kernel:  AVX+FMA - auto-detect threads (48 CPU cores detected)

Reading alignment file /csm_data/spielman_lab/dms_modelselection//simulations/alignments/HA_spiralia_rep13_AA.fasta ... Fasta format detected
Alignment most likely contains protein sequences
Alignment has 103 sequences with 564 columns, 560 distinct patterns
503 parsimony-informative, 52 singleton sites, 9 constant sites
                                Gap/Ambiguity  Composition  p-value
   1  Adineta_vaga                      0.00%    passed     97.02%
   2  Rotaria_rotatoria                 0.00%    passed     90.43%
   3  Lepadella_patella                 0.00%    passed     99.90%
   4  Brachionus_plicatilis             0.00%    passed     99.87%
   5  Brachionus_manjavacas             0.00%    passed     98.32%
   6  Rhabdopleura_compacta             0.00%    passed     99.97%
   7  Ptychodera_flava                  0.00%    passed    100.00%
   8  SchizocardiumCalif_cl             0.00%    passed    100.00%
   9  Sackow                            0.00%    passed    100.00%
  10  Patmin                            0.00%    passed     99.08%
  11  Parastichopus_parvimensis         0.00%    passed     99.43%
  12  Strpur                            0.00%    passed     99.99%
  13  Florometra_serratissima           0.00%    passed     99.88%
  14  Calmil                            0.00%    passed    100.00%
  15  HUMAN                             0.00%    passed     99.84%
  16  LATCH                             0.00%    passed     99.94%
  17  LEPOC                             0.00%    passed     99.99%
  18  Petromyzon_marins                 0.00%    passed     99.98%
  19  Halocynthia_roretzi               0.00%    passed     99.99%
  20  Molgula_tectiformis               0.00%    passed     99.45%
  21  CIOIN                             0.00%    passed     99.73%
  22  Asymmetron_lucayanum              0.00%    passed     99.99%
  23  BraLan                            0.00%    passed     99.91%
  24  Leucoselenia_complicata           0.00%    passed    100.00%
  25  Sycon_ciliatum                    0.00%    passed     98.33%
  26  Oscarella_carmella                0.00%    passed     99.51%
  27  AMPQE                             0.00%    passed     98.00%
  28  Ephidatia_mulleri                 0.00%    passed     99.89%
  29  NEMVE                             0.00%    passed    100.00%
  30  Acropora_digitifera               0.00%    passed     99.34%
  31  Aurelia_aurita                    0.00%    passed     99.99%
  32  Clytia_hemisphaerica              0.00%    passed     99.91%
  33  Isodiametra_pulchra               0.00%    passed     97.55%
  34  Childia_submaculatum              0.00%    passed     98.95%
  35  Diopisthoporus_gymnopharyngeus    0.00%    passed     98.95%
  36  Hofstenia_miamia                  0.00%    passed     99.12%
  37  Meara_stichopi                    0.00%    passed     94.24%
  38  Nemertoderma_westbladi            0.00%    passed     99.82%
  39  Xenoturbella_profunda             0.00%    passed     99.72%
  40  Xenoturbella_bocki                0.00%    passed     99.75%
  41  TRICA                             0.00%    passed     99.58%
  42  DROME                             0.00%    passed     99.18%
  43  Apis_mellifera                    0.00%    passed    100.00%
  44  Daphnia_pulex                     0.00%    passed     99.97%
  45  Eudigraphis_taiwaniensis          0.00%    passed     99.99%
  46  STRMM                             0.00%    passed     99.99%
  47  Mesobuthus_martensii              0.00%    passed    100.00%
  48  Limulus_polyphemus                0.00%    passed    100.00%
  49  Peripatopsis_capensis             0.00%    passed     99.91%
  50  Enoplus_brevis                    0.00%    passed     94.02%
  51  Romanomermis_culicivorax          0.00%    passed     99.83%
  52  Ramazzottius_varieornatus         0.00%    passed     99.26%
  53  Hypsibius_dujardini               0.00%    passed     99.38%
  54  Priapulus_caudatus                0.00%    passed    100.00%
  55  Halicryptus_spinulosus            0.00%    passed     99.85%
  56  Tubiluchus_corallicola            0.00%    passed     99.96%
  57  Lepidodermella_squamata           0.00%    passed     98.94%
  58  Diuronotus_aspetos                0.00%    passed     96.88%
  59  Macrodasys_sp                     0.00%    passed     98.85%
  60  Megadasys_sp                      0.00%    passed     99.53%
  61  Catenulida_sp                     0.00%    passed     81.16%
  62  Stylochoplana_maculata            0.00%    passed     87.67%
  63  Stylochus_ellipticus              0.00%    passed     93.44%
  64  Macrostomum_lignano               0.00%    passed     99.33%
  65  LOTGI                             0.00%    passed    100.00%
  66  Aplysia_californica               0.00%    passed     98.63%
  67  CRAGI                             0.00%    passed    100.00%
  68  Leptochiton_rugatus               0.00%    passed     99.98%
  69  Neomenia_megatrapezata            0.00%    passed     99.98%
  70  CAPI1                             0.00%    passed     99.98%
  71  Lumbricus_terrestris              0.00%    passed    100.00%
  72  Nephtys_caeca                     0.00%    passed    100.00%
  73  Owenia_fusiformis                 0.00%    passed     99.88%
  74  Lineus_longissimus                0.00%    passed    100.00%
  75  Paranemertes_peregrina            0.00%    passed     99.81%
  76  Malacobdella_grossa               0.00%    passed     99.40%
  77  Tubulanus_polymorphus             0.00%    passed    100.00%
  78  Cephalothrix_linearis             0.00%    passed     99.97%
  79  Hemithiris_psittacea              0.00%    passed     99.96%
  80  Terebratalia_transversa           0.00%    passed     99.99%
  81  Glottidia_pyramidata              0.00%    passed     99.99%
  82  Linana                            0.00%    passed    100.00%
  83  Phoronopsis_harmeri               0.00%    passed    100.00%
  84  Phoronis_vancouverensis           0.00%    passed    100.00%
  85  Phoronis_psammophila              0.00%    passed    100.00%
  86  Membranipora_membranacea          0.00%    passed     99.78%
  87  Bugula_neritina                   0.00%    passed     99.99%
  88  Loxosoma_pectinaricola            0.00%    passed     99.19%
  89  Barentsia_gracilis                0.00%    passed     99.40%
  90  Sagitta_gazellae                  0.00%    passed     99.64%
  91  Sagitta_setosa                    0.00%    passed     99.64%
  92  Pterosagitta_draco                0.00%    passed     99.97%
  93  Sagitta_elegans                   0.00%    passed     99.64%
  94  Sagitta_serratodentata            0.00%    passed     99.66%
  95  Sagitta_hexaptera                 0.00%    passed     99.97%
  96  Krohnitta_sp                      0.00%    passed     99.82%
  97  Paraspadella_ovovivipara          0.00%    passed     99.99%
  98  Pargo1                            0.00%    passed    100.00%
  99  Spadella_cephaloptera             0.00%    passed    100.00%
 100  Eukrohnia_hamata                  0.00%    passed     99.71%
 101  Gnathostomula_paradoxa            0.00%    passed     98.50%
 102  Austrognathia_sp                  0.00%    passed     99.99%
 103  Limnognathia_maerski              0.00%    passed     99.51%
****  TOTAL                             0.00%  0 sequences failed composition chi2 test (p-value<5%; df=19)

Create initial parsimony tree by phylogenetic likelihood library (PLL)... 0.048 seconds
Generating 1000 samples for ultrafast bootstrap (seed: 749327)...

NOTE: 39 MB RAM (0 GB) is required!
Measuring multi-threading efficiency up to 8 CPU cores
Increase to 10 rounds for branch lengths
7 trees examined
Threads: 1 / Time: 8.531 sec / Speedup: 1.000 / Efficiency: 100% / LogL: -50420
Threads: 2 / Time: 4.436 sec / Speedup: 1.923 / Efficiency: 96% / LogL: -50420
Threads: 3 / Time: 3.094 sec / Speedup: 2.757 / Efficiency: 92% / LogL: -50420
Threads: 4 / Time: 2.421 sec / Speedup: 3.524 / Efficiency: 88% / LogL: -50420
Threads: 5 / Time: 2.073 sec / Speedup: 4.115 / Efficiency: 82% / LogL: -50420
Threads: 6 / Time: 1.797 sec / Speedup: 4.746 / Efficiency: 79% / LogL: -50420
Threads: 7 / Time: 1.590 sec / Speedup: 5.365 / Efficiency: 77% / LogL: -50420
Threads: 8 / Time: 1.480 sec / Speedup: 5.765 / Efficiency: 72% / LogL: -50420
BEST NUMBER OF THREADS: 8

Estimate model parameters (epsilon = 0.100)
Thoroughly optimizing +I+G parameters from 10 start values...
Init pinv, alpha: 0.000, 1.000 / Estimate: 0.000, 1.108 / LogL: -37411.695
Init pinv, alpha: 0.002, 1.000 / Estimate: 0.000, 1.108 / LogL: -37411.719
Init pinv, alpha: 0.004, 1.000 / Estimate: 0.000, 1.108 / LogL: -37411.739
Init pinv, alpha: 0.005, 1.000 / Estimate: 0.000, 1.108 / LogL: -37411.755
Init pinv, alpha: 0.007, 1.000 / Estimate: 0.000, 1.108 / LogL: -37411.769
Init pinv, alpha: 0.009, 1.000 / Estimate: 0.000, 1.108 / LogL: -37411.781
Init pinv, alpha: 0.011, 1.000 / Estimate: 0.000, 1.107 / LogL: -37411.745
Init pinv, alpha: 0.012, 1.000 / Estimate: 0.000, 1.108 / LogL: -37411.750
Init pinv, alpha: 0.014, 1.000 / Estimate: 0.000, 1.108 / LogL: -37411.754
Init pinv, alpha: 0.016, 1.000 / Estimate: 0.000, 1.108 / LogL: -37411.758
Optimal pinv,alpha: 0.000, 1.108 / LogL: -37411.695

Parameters optimization took 4.582 sec
Computing ML distances based on estimated model parameters... 3.676 sec
Computing BIONJ tree...
0.008 seconds
Log-likelihood of BIONJ tree: -37435.907
--------------------------------------------------------------------
|             INITIALIZING CANDIDATE TREE SET                      |
--------------------------------------------------------------------
Generating 98 parsimony trees... 4.873 second
Computing log-likelihood of 98 initial trees ... 5.626 seconds
Current best score: -37411.695

Do NNI search on 20 best initial trees
Estimate model parameters (epsilon = 0.100)
BETTER TREE FOUND at iteration 1: -37408.896
UPDATE BEST LOG-LIKELIHOOD: -37408.896
Iteration 10 / LogL: -37417.260 / Time: 0h:0m:43s
Iteration 20 / LogL: -37449.144 / Time: 0h:0m:45s
Finish initializing candidate tree set (4)
Current best tree score: -37408.896 / CPU time: 14.963
Number of iterations: 20
--------------------------------------------------------------------
|               OPTIMIZING CANDIDATE TREE SET                      |
--------------------------------------------------------------------
Iteration 30 / LogL: -37409.270 / Time: 0h:0m:51s (0h:2m:5s left)
Iteration 40 / LogL: -37440.839 / Time: 0h:0m:57s (0h:1m:29s left)
Iteration 50 / LogL: -37450.316 / Time: 0h:1m:3s (0h:1m:5s left)
Log-likelihood cutoff on original alignment: -37491.414
Iteration 60 / LogL: -37408.925 / Time: 0h:1m:8s (0h:0m:47s left)
Iteration 70 / LogL: -37409.492 / Time: 0h:1m:14s (0h:0m:33s left)
Iteration 80 / LogL: -37451.747 / Time: 0h:1m:20s (0h:0m:21s left)
Iteration 90 / LogL: -37408.899 / Time: 0h:1m:26s (0h:0m:10s left)
Iteration 100 / LogL: -37433.313 / Time: 0h:1m:32s (0h:0m:0s left)
Log-likelihood cutoff on original alignment: -37491.414
NOTE: Bootstrap correlation coefficient of split occurrence frequencies: 1.000
TREE SEARCH COMPLETED AFTER 102 ITERATIONS / Time: 0h:1m:33s

--------------------------------------------------------------------
|                    FINALIZING TREE SEARCH                        |
--------------------------------------------------------------------
Performs final model parameters optimization
Estimate model parameters (epsilon = 0.010)
1. Initial log-likelihood: -37408.896
Optimal log-likelihood: -37408.896
Proportion of invariable sites: 0.000
Gamma shape alpha: 1.104
Parameters optimization took 1 rounds (0.076 sec)
BEST SCORE FOUND : -37408.896
Creating bootstrap support values...
Split supports printed to NEXUS file /csm_data/spielman_lab/dms_modelselection//simulations/alignments/HA_spiralia_rep13_AA.fasta.splits.nex
Total tree length: 19.412

Total number of iterations: 102
CPU time used for tree search: 463.994 sec (0h:7m:43s)
Wall-clock time used for tree search: 62.557 sec (0h:1m:2s)
Total CPU time used: 599.769 sec (0h:9m:59s)
Total wall-clock time used: 93.812 sec (0h:1m:33s)

Computing bootstrap consensus tree...
Reading input file /csm_data/spielman_lab/dms_modelselection//simulations/alignments/HA_spiralia_rep13_AA.fasta.splits.nex...
103 taxa and 366 splits.
Consensus tree written to /csm_data/spielman_lab/dms_modelselection//simulations/alignments/HA_spiralia_rep13_AA.fasta.contree
Reading input trees file /csm_data/spielman_lab/dms_modelselection//simulations/alignments/HA_spiralia_rep13_AA.fasta.contree
Log-likelihood of consensus tree: -37408.896

Analysis results written to: 
  IQ-TREE report:                /csm_data/spielman_lab/dms_modelselection//simulations/alignments/HA_spiralia_rep13_AA.fasta.iqtree
  Maximum-likelihood tree:       /csm_data/spielman_lab/dms_modelselection//simulations/alignments/HA_spiralia_rep13_AA.fasta.treefile
  Likelihood distances:          /csm_data/spielman_lab/dms_modelselection//simulations/alignments/HA_spiralia_rep13_AA.fasta.mldist

Ultrafast bootstrap approximation results written to:
  Split support values:          /csm_data/spielman_lab/dms_modelselection//simulations/alignments/HA_spiralia_rep13_AA.fasta.splits.nex
  Consensus tree:                /csm_data/spielman_lab/dms_modelselection//simulations/alignments/HA_spiralia_rep13_AA.fasta.contree
  Screen log file:               /csm_data/spielman_lab/dms_modelselection//simulations/alignments/HA_spiralia_rep13_AA.fasta.log

Date and Time: Fri Jun 14 01:14:27 2019
