IQ-TREE multicore version 1.6.7 for Linux 64-bit built Aug 23 2018
Developed by Bui Quang Minh, Nguyen Lam Tung, Olga Chernomor,
Heiko Schmidt, Dominik Schrempf, Michael Woodhams.

Host:    csm-com-012 (AVX2, FMA3, 62 GB RAM)
Command: iqtree -quiet -nt AUTO -ntmax 8 -m DCMut+F+I+G4 -s /csm_data/spielman_lab/dms_modelselection//simulations/alignments/HA_salichos_rep11_AA.fasta -st AA -redo -bb 1000
Seed:    973700 (Using SPRNG - Scalable Parallel Random Number Generator)
Time:    Thu Jun 13 21:38:42 2019
Kernel:  AVX+FMA - auto-detect threads (48 CPU cores detected)

Reading alignment file /csm_data/spielman_lab/dms_modelselection//simulations/alignments/HA_salichos_rep11_AA.fasta ... Fasta format detected
Alignment most likely contains protein sequences
Alignment has 23 sequences with 564 columns, 564 distinct patterns
507 parsimony-informative, 52 singleton sites, 5 constant sites
      Gap/Ambiguity  Composition  p-value
   1  Agos    0.00%    passed     83.83%
   2  Calb    0.00%    passed     98.22%
   3  Cdub    0.00%    passed     94.80%
   4  Ctro    0.00%    passed     99.53%
   5  Cpar    0.00%    passed     80.39%
   6  Lelo    0.00%    passed     70.89%
   7  Psti    0.00%    passed     78.99%
   8  Cgui    0.00%    passed     81.48%
   9  Dhan    0.00%    passed     90.91%
  10  Clus    0.00%    passed     98.76%
  11  Cgla    0.00%    passed     98.62%
  12  Sbay    0.00%    passed     98.29%
  13  Scer    0.00%    passed     95.57%
  14  Spar    0.00%    passed     99.61%
  15  Smik    0.00%    passed     92.94%
  16  Skud    0.00%    passed     89.03%
  17  Scas    0.00%    passed     82.77%
  18  Kpol    0.00%    passed     87.15%
  19  Zrou    0.00%    passed     90.48%
  20  Kthe    0.00%    passed     85.72%
  21  Kwal    0.00%    passed     40.55%
  22  Sklu    0.00%    passed     98.88%
  23  Klac    0.00%    passed     94.35%
****  TOTAL    0.00%  0 sequences failed composition chi2 test (p-value<5%; df=19)

Create initial parsimony tree by phylogenetic likelihood library (PLL)... 0.005 seconds
Generating 1000 samples for ultrafast bootstrap (seed: 973700)...

NOTE: 10 MB RAM (0 GB) is required!
Measuring multi-threading efficiency up to 8 CPU cores
Increase to 10 rounds for branch lengths
33 trees examined
Threads: 1 / Time: 8.100 sec / Speedup: 1.000 / Efficiency: 100% / LogL: -24770
Threads: 2 / Time: 4.174 sec / Speedup: 1.941 / Efficiency: 97% / LogL: -24770
Threads: 3 / Time: 2.909 sec / Speedup: 2.785 / Efficiency: 93% / LogL: -24770
Threads: 4 / Time: 2.281 sec / Speedup: 3.551 / Efficiency: 89% / LogL: -24770
Threads: 5 / Time: 2.117 sec / Speedup: 3.827 / Efficiency: 77% / LogL: -24770
Threads: 6 / Time: 1.866 sec / Speedup: 4.341 / Efficiency: 72% / LogL: -24770
Threads: 7 / Time: 1.715 sec / Speedup: 4.724 / Efficiency: 67% / LogL: -24770
Threads: 8 / Time: 1.608 sec / Speedup: 5.037 / Efficiency: 63% / LogL: -24770
BEST NUMBER OF THREADS: 8

Estimate model parameters (epsilon = 0.100)
Thoroughly optimizing +I+G parameters from 10 start values...
Init pinv, alpha: 0.000, 1.000 / Estimate: 0.000, 2.367 / LogL: -20836.621
Init pinv, alpha: 0.001, 1.000 / Estimate: 0.000, 2.368 / LogL: -20836.655
Init pinv, alpha: 0.002, 1.000 / Estimate: 0.000, 2.370 / LogL: -20836.678
Init pinv, alpha: 0.003, 1.000 / Estimate: 0.000, 2.373 / LogL: -20836.695
Init pinv, alpha: 0.004, 1.000 / Estimate: 0.000, 2.372 / LogL: -20836.664
Init pinv, alpha: 0.005, 1.000 / Estimate: 0.000, 2.371 / LogL: -20836.669
Init pinv, alpha: 0.006, 1.000 / Estimate: 0.000, 2.373 / LogL: -20836.674
Init pinv, alpha: 0.007, 1.000 / Estimate: 0.000, 2.371 / LogL: -20836.677
Init pinv, alpha: 0.008, 1.000 / Estimate: 0.000, 2.372 / LogL: -20836.680
Init pinv, alpha: 0.009, 1.000 / Estimate: 0.000, 2.372 / LogL: -20836.683
Optimal pinv,alpha: 0.000, 2.367 / LogL: -20836.621

Parameters optimization took 0.774 sec
Computing ML distances based on estimated model parameters... 0.223 sec
Computing BIONJ tree...
0.001 seconds
Log-likelihood of BIONJ tree: -20842.194
--------------------------------------------------------------------
|             INITIALIZING CANDIDATE TREE SET                      |
--------------------------------------------------------------------
Generating 98 parsimony trees... 0.517 second
Computing log-likelihood of 98 initial trees ... 1.106 seconds
Current best score: -20831.436

Do NNI search on 20 best initial trees
Estimate model parameters (epsilon = 0.100)
BETTER TREE FOUND at iteration 1: -20821.656
Estimate model parameters (epsilon = 0.100)
BETTER TREE FOUND at iteration 3: -20820.988
Iteration 10 / LogL: -20832.871 / Time: 0h:0m:28s
Iteration 20 / LogL: -20821.097 / Time: 0h:0m:29s
Finish initializing candidate tree set (5)
Current best tree score: -20820.988 / CPU time: 3.472
Number of iterations: 20
--------------------------------------------------------------------
|               OPTIMIZING CANDIDATE TREE SET                      |
--------------------------------------------------------------------
Iteration 30 / LogL: -20821.055 / Time: 0h:0m:30s (0h:1m:16s left)
Iteration 40 / LogL: -20820.995 / Time: 0h:0m:31s (0h:0m:50s left)
Iteration 50 / LogL: -20821.047 / Time: 0h:0m:32s (0h:0m:34s left)
Log-likelihood cutoff on original alignment: -20873.276
Iteration 60 / LogL: -20821.756 / Time: 0h:0m:33s (0h:0m:24s left)
Iteration 70 / LogL: -20822.068 / Time: 0h:0m:34s (0h:0m:16s left)
Iteration 80 / LogL: -20821.672 / Time: 0h:0m:35s (0h:0m:10s left)
Iteration 90 / LogL: -20821.340 / Time: 0h:0m:36s (0h:0m:5s left)
Iteration 100 / LogL: -20820.991 / Time: 0h:0m:37s (0h:0m:1s left)
Log-likelihood cutoff on original alignment: -20873.276
NOTE: Bootstrap correlation coefficient of split occurrence frequencies: 0.999
TREE SEARCH COMPLETED AFTER 104 ITERATIONS / Time: 0h:0m:38s

--------------------------------------------------------------------
|                    FINALIZING TREE SEARCH                        |
--------------------------------------------------------------------
Performs final model parameters optimization
Estimate model parameters (epsilon = 0.010)
1. Initial log-likelihood: -20820.988
Optimal log-likelihood: -20820.987
Proportion of invariable sites: 0.000
Gamma shape alpha: 2.329
Parameters optimization took 1 rounds (0.015 sec)
BEST SCORE FOUND : -20820.987
Creating bootstrap support values...
Split supports printed to NEXUS file /csm_data/spielman_lab/dms_modelselection//simulations/alignments/HA_salichos_rep11_AA.fasta.splits.nex
Total tree length: 11.480

Total number of iterations: 104
CPU time used for tree search: 100.117 sec (0h:1m:40s)
Wall-clock time used for tree search: 12.851 sec (0h:0m:12s)
Total CPU time used: 196.787 sec (0h:3m:16s)
Total wall-clock time used: 38.574 sec (0h:0m:38s)

Computing bootstrap consensus tree...
Reading input file /csm_data/spielman_lab/dms_modelselection//simulations/alignments/HA_salichos_rep11_AA.fasta.splits.nex...
23 taxa and 97 splits.
Consensus tree written to /csm_data/spielman_lab/dms_modelselection//simulations/alignments/HA_salichos_rep11_AA.fasta.contree
Reading input trees file /csm_data/spielman_lab/dms_modelselection//simulations/alignments/HA_salichos_rep11_AA.fasta.contree
Log-likelihood of consensus tree: -20821.666

Analysis results written to: 
  IQ-TREE report:                /csm_data/spielman_lab/dms_modelselection//simulations/alignments/HA_salichos_rep11_AA.fasta.iqtree
  Maximum-likelihood tree:       /csm_data/spielman_lab/dms_modelselection//simulations/alignments/HA_salichos_rep11_AA.fasta.treefile
  Likelihood distances:          /csm_data/spielman_lab/dms_modelselection//simulations/alignments/HA_salichos_rep11_AA.fasta.mldist

Ultrafast bootstrap approximation results written to:
  Split support values:          /csm_data/spielman_lab/dms_modelselection//simulations/alignments/HA_salichos_rep11_AA.fasta.splits.nex
  Consensus tree:                /csm_data/spielman_lab/dms_modelselection//simulations/alignments/HA_salichos_rep11_AA.fasta.contree
  Screen log file:               /csm_data/spielman_lab/dms_modelselection//simulations/alignments/HA_salichos_rep11_AA.fasta.log

Date and Time: Thu Jun 13 21:39:21 2019
