IQ-TREE multicore version 1.6.9 for Linux 64-bit built Dec 20 2018
Developed by Bui Quang Minh, Nguyen Lam Tung, Olga Chernomor,
Heiko Schmidt, Dominik Schrempf, Michael Woodhams.

Host:    spielmanlab (AVX512, FMA3, 125 GB RAM)
Command: iqtree -quiet -nt AUTO -ntmax 6 -m mtART -s /home/spielman/dms_modelselection//simulations/alignments/HIV_opisthokonta_rep19_AA.fasta -st AA -redo -bb 1000
Seed:    991405 (Using SPRNG - Scalable Parallel Random Number Generator)
Time:    Wed Jun 12 11:10:01 2019
Kernel:  AVX+FMA - auto-detect threads (24 CPU cores detected)

Reading alignment file /home/spielman/dms_modelselection//simulations/alignments/HIV_opisthokonta_rep19_AA.fasta ... Fasta format detected
Alignment most likely contains protein sequences
Alignment has 70 sequences with 661 columns, 661 distinct patterns
660 parsimony-informative, 1 singleton sites, 0 constant sites
                                  Gap/Ambiguity  Composition  p-value
   1  Oscarella_carmela                   0.00%    passed     77.32%
   2  Leucetta_chagosensis                0.00%    passed     65.58%
   3  Sycon_raphanus                      0.00%    passed     77.70%
   4  Oopsacas_minuta                     0.00%    passed     38.78%
   5  Carteriospongia_foliascens          0.00%    passed     74.01%
   6  Amphimedon_queenslandica            0.00%    passed     78.72%
   7  Suberites_domuncula                 0.00%    passed     94.81%
   8  Lubomirskia_baicalensis             0.00%    passed      9.66%
   9  Ephydatia_muelleri                  0.00%    passed     37.70%
  10  Trichoplax_adhaerens                0.00%    passed     94.49%
  11  Nematostella_vectensis              0.00%    passed     94.09%
  12  Anemonia_viridis                    0.00%    passed     92.72%
  13  Aiptasia_pallida                    0.00%    passed     96.98%
  14  Metridium_senile                    0.00%    passed     96.81%
  15  Acropora_palmata                    0.00%    passed     85.25%
  16  Acropora_millepora                  0.00%    passed     86.61%
  17  Porites_astreoides                  0.00%    passed     73.81%
  18  Montastraea_faveolata               0.00%    passed      7.63%
  19  Cyanea_capillata                    0.00%    passed     98.56%
  20  Clytia_hemisphaerica                0.00%    passed     78.10%
  21  Podocoryna_carnea                   0.00%    passed     93.57%
  22  Hydractinia_echinata                0.00%    passed     98.05%
  23  Hydra_magnipapillata                0.00%    passed     87.54%
  24  Saccoglossus_kowalevskii            0.00%    passed     97.75%
  25  Ptychodera_flava                    0.00%    passed     96.49%
  26  Strongylocentrotus_purpuratus       0.00%    passed     55.60%
  27  Asterina_pectinifera                0.00%    passed     99.24%
  28  Branchiostoma_floridae              0.00%    passed     78.37%
  29  Petromyzon_marinus                  0.00%    passed     69.19%
  30  Gallus                              0.00%    passed     99.85%
  31  Ciona_intestinalis                  0.00%    passed     19.69%
  32  Halocynthia_roretzi                 0.00%    passed     84.68%
  33  Anoplodactylus_eroticus             0.00%    passed     99.84%
  34  Boophilus_microplus                 0.00%    passed     99.23%
  35  Daphnia_pulex                       0.00%    passed     72.24%
  36  Drosophila_melanogaster             0.00%    passed     99.53%
  37  Euperipatoides_kanangrensis         0.00%    passed     80.61%
  38  Echinoderes_horni                   0.00%    passed     94.87%
  39  Xiphinema_index                     0.00%    passed     73.61%
  40  Cerebratulus_lacteus                0.00%    passed     81.31%
  41  Terebratalia_transversa             0.00%    passed     80.18%
  42  Lottia_gigantea                     0.00%    passed     99.36%
  43  Crassostrea_virginica               0.00%    passed     77.34%
  44  Euprymna_scolopes                   0.00%    passed     46.70%
  45  Capitella_telata                    0.00%    passed     96.59%
  46  Helobdella_robusta                  0.00%    passed     42.53%
  47  Schmidtea_mediterranea              0.00%    passed     36.60%
  48  Paraplanocera_oligoglena            0.00%    passed     40.91%
  49  Xenoturbella_bocki                  0.00%    passed     75.58%
  50  Nemertoderma_westbladi              0.00%    passed     84.29%
  51  Meara_stichopi                      0.00%    passed     91.57%
  52  Isodiametra_pulchra                 0.00%    passed     91.71%
  53  Symsagittifera_roscoffensis         0.00%    passed     94.37%
  54  Convolutriloba_longifissura         0.00%    passed     85.22%
  55  Capsaspora_owczarzaki_ATCC_30864    0.00%    passed      8.50%
  56  Amoebidium_parasiticum              0.00%    passed     63.27%
  57  Sphaeroforma_arctica                0.00%    passed     59.62%
  58  Spizellomyces_punctatus             0.00%    passed     72.55%
  59  Batrachochytrium_dendrobatidis      0.00%    passed      5.70%
  60  Cryptococcus_neoformans             0.00%    passed     19.94%
  61  Saccharomyces_cerevisiae            0.00%    passed     68.74%
  62  Phycomyces_blakesleeanus            0.00%    passed     81.47%
  63  Rhizopus_orizae                     0.00%    passed     95.40%
  64  Monosiga_ovata                      0.00%    passed     29.56%
  65  Salpingoeca_rosetta                 0.00%    passed     74.12%
  66  Monosiga_brevicollis                0.00%    passed     53.93%
  67  Mnemiopsis                          0.00%    passed     98.93%
  68  Mertensiid_sp                       0.00%    passed     37.75%
  69  Pleurobrachia_pileus                0.00%    passed     98.75%
  70  Oscarella_lobularis                 0.00%    passed     74.18%
****  TOTAL                               0.00%  0 sequences failed composition chi2 test (p-value<5%; df=19)

Create initial parsimony tree by phylogenetic likelihood library (PLL)... 0.026 seconds
Generating 1000 samples for ultrafast bootstrap (seed: 991405)...

NOTE: 10 MB RAM (0 GB) is required!
Measuring multi-threading efficiency up to 6 CPU cores
Increase to 10 rounds for branch lengths
36 trees examined
Threads: 1 / Time: 6.072 sec / Speedup: 1.000 / Efficiency: 100% / LogL: -111353
Threads: 2 / Time: 3.695 sec / Speedup: 1.643 / Efficiency: 82% / LogL: -111353
Threads: 3 / Time: 2.472 sec / Speedup: 2.457 / Efficiency: 82% / LogL: -111353
Threads: 4 / Time: 3.122 sec / Speedup: 1.945 / Efficiency: 49% / LogL: -111353
BEST NUMBER OF THREADS: 3

Estimate model parameters (epsilon = 0.100)
1. Initial log-likelihood: -97063.053
Optimal log-likelihood: -95619.860
Parameters optimization took 1 rounds (0.041 sec)
Computing ML distances based on estimated model parameters... 1.173 sec
WARNING: Some pairwise ML distances are too long (saturated)
Computing BIONJ tree...
0.002 seconds
Log-likelihood of BIONJ tree: -96210.642
--------------------------------------------------------------------
|             INITIALIZING CANDIDATE TREE SET                      |
--------------------------------------------------------------------
Generating 98 parsimony trees... 2.971 second
Computing log-likelihood of 98 initial trees ... 3.682 seconds
Current best score: -95607.682

Do NNI search on 20 best initial trees
Estimate model parameters (epsilon = 0.100)
BETTER TREE FOUND at iteration 1: -95591.818
Estimate model parameters (epsilon = 0.100)
BETTER TREE FOUND at iteration 2: -95575.857
Estimate model parameters (epsilon = 0.100)
BETTER TREE FOUND at iteration 4: -95575.767
Estimate model parameters (epsilon = 0.100)
BETTER TREE FOUND at iteration 8: -95574.877
Iteration 10 / LogL: -95574.881 / Time: 0h:0m:25s
Estimate model parameters (epsilon = 0.100)
BETTER TREE FOUND at iteration 19: -95574.795
Iteration 20 / LogL: -95579.034 / Time: 0h:0m:28s
Finish initializing candidate tree set (12)
Current best tree score: -95574.795 / CPU time: 12.205
Number of iterations: 20
--------------------------------------------------------------------
|               OPTIMIZING CANDIDATE TREE SET                      |
--------------------------------------------------------------------
Iteration 30 / LogL: -95574.804 / Time: 0h:0m:31s (0h:1m:34s left)
Iteration 40 / LogL: -95575.776 / Time: 0h:0m:34s (0h:1m:8s left)
Iteration 50 / LogL: -95623.448 / Time: 0h:0m:37s (0h:0m:52s left)
Log-likelihood cutoff on original alignment: -95651.593
Iteration 60 / LogL: -95581.180 / Time: 0h:0m:40s (0h:0m:39s left)
Iteration 70 / LogL: -95575.390 / Time: 0h:0m:42s (0h:0m:29s left)
Iteration 80 / LogL: -95590.926 / Time: 0h:0m:45s (0h:0m:22s left)
Iteration 90 / LogL: -95578.994 / Time: 0h:0m:48s (0h:0m:15s left)
Iteration 100 / LogL: -95574.913 / Time: 0h:0m:51s (0h:0m:9s left)
Log-likelihood cutoff on original alignment: -95640.231
NOTE: Bootstrap correlation coefficient of split occurrence frequencies: 0.998
Iteration 110 / LogL: -95575.787 / Time: 0h:0m:55s (0h:0m:45s left)
Iteration 120 / LogL: -95579.131 / Time: 0h:0m:57s (0h:0m:38s left)
TREE SEARCH COMPLETED AFTER 120 ITERATIONS / Time: 0h:0m:57s

--------------------------------------------------------------------
|                    FINALIZING TREE SEARCH                        |
--------------------------------------------------------------------
Performs final model parameters optimization
Estimate model parameters (epsilon = 0.010)
1. Initial log-likelihood: -95574.795
Optimal log-likelihood: -95574.795
Parameters optimization took 1 rounds (0.019 sec)
BEST SCORE FOUND : -95574.795
Creating bootstrap support values...
Split supports printed to NEXUS file /home/spielman/dms_modelselection//simulations/alignments/HIV_opisthokonta_rep19_AA.fasta.splits.nex
Total tree length: 59.738

Total number of iterations: 120
CPU time used for tree search: 118.723 sec (0h:1m:58s)
Wall-clock time used for tree search: 41.542 sec (0h:0m:41s)
Total CPU time used: 162.691 sec (0h:2m:42s)
Total wall-clock time used: 57.993 sec (0h:0m:57s)

Computing bootstrap consensus tree...
Reading input file /home/spielman/dms_modelselection//simulations/alignments/HIV_opisthokonta_rep19_AA.fasta.splits.nex...
70 taxa and 239 splits.
Consensus tree written to /home/spielman/dms_modelselection//simulations/alignments/HIV_opisthokonta_rep19_AA.fasta.contree
Reading input trees file /home/spielman/dms_modelselection//simulations/alignments/HIV_opisthokonta_rep19_AA.fasta.contree
Log-likelihood of consensus tree: -95574.795

Analysis results written to: 
  IQ-TREE report:                /home/spielman/dms_modelselection//simulations/alignments/HIV_opisthokonta_rep19_AA.fasta.iqtree
  Maximum-likelihood tree:       /home/spielman/dms_modelselection//simulations/alignments/HIV_opisthokonta_rep19_AA.fasta.treefile
  Likelihood distances:          /home/spielman/dms_modelselection//simulations/alignments/HIV_opisthokonta_rep19_AA.fasta.mldist

Ultrafast bootstrap approximation results written to:
  Split support values:          /home/spielman/dms_modelselection//simulations/alignments/HIV_opisthokonta_rep19_AA.fasta.splits.nex
  Consensus tree:                /home/spielman/dms_modelselection//simulations/alignments/HIV_opisthokonta_rep19_AA.fasta.contree
  Screen log file:               /home/spielman/dms_modelselection//simulations/alignments/HIV_opisthokonta_rep19_AA.fasta.log

Date and Time: Wed Jun 12 11:11:00 2019
