IQ-TREE multicore version 1.6.9 for Linux 64-bit built Dec 20 2018
Developed by Bui Quang Minh, Nguyen Lam Tung, Olga Chernomor,
Heiko Schmidt, Dominik Schrempf, Michael Woodhams.

Host:    spielmanlab (AVX512, FMA3, 125 GB RAM)
Command: iqtree -quiet -nt AUTO -ntmax 6 -m HIVb -s /home/spielman/dms_modelselection//simulations/alignments/HIV_opisthokonta_rep10_AA.fasta -st AA -redo -bb 1000
Seed:    530737 (Using SPRNG - Scalable Parallel Random Number Generator)
Time:    Wed Jun 12 11:18:41 2019
Kernel:  AVX+FMA - auto-detect threads (24 CPU cores detected)

Reading alignment file /home/spielman/dms_modelselection//simulations/alignments/HIV_opisthokonta_rep10_AA.fasta ... Fasta format detected
Alignment most likely contains protein sequences
Alignment has 70 sequences with 661 columns, 661 distinct patterns
660 parsimony-informative, 1 singleton sites, 0 constant sites
                                  Gap/Ambiguity  Composition  p-value
   1  Oscarella_carmela                   0.00%    passed     62.39%
   2  Leucetta_chagosensis                0.00%    passed     22.97%
   3  Sycon_raphanus                      0.00%    passed     16.16%
   4  Oopsacas_minuta                     0.00%    passed     97.10%
   5  Carteriospongia_foliascens          0.00%    passed     63.21%
   6  Amphimedon_queenslandica            0.00%    passed     71.94%
   7  Suberites_domuncula                 0.00%    passed     97.46%
   8  Lubomirskia_baicalensis             0.00%    passed     59.65%
   9  Ephydatia_muelleri                  0.00%    passed     83.08%
  10  Trichoplax_adhaerens                0.00%    passed     62.88%
  11  Nematostella_vectensis              0.00%    passed     83.79%
  12  Anemonia_viridis                    0.00%    passed     86.81%
  13  Aiptasia_pallida                    0.00%    passed     71.99%
  14  Metridium_senile                    0.00%    passed      8.02%
  15  Acropora_palmata                    0.00%    passed     98.72%
  16  Acropora_millepora                  0.00%    passed     99.00%
  17  Porites_astreoides                  0.00%    passed     83.77%
  18  Montastraea_faveolata               0.00%    passed     98.34%
  19  Cyanea_capillata                    0.00%    passed     63.65%
  20  Clytia_hemisphaerica                0.00%    passed     75.93%
  21  Podocoryna_carnea                   0.00%    passed     99.77%
  22  Hydractinia_echinata                0.00%    passed     92.52%
  23  Hydra_magnipapillata                0.00%    passed     56.43%
  24  Saccoglossus_kowalevskii            0.00%    passed     95.69%
  25  Ptychodera_flava                    0.00%    passed     79.37%
  26  Strongylocentrotus_purpuratus       0.00%    passed     95.09%
  27  Asterina_pectinifera                0.00%    passed     95.87%
  28  Branchiostoma_floridae              0.00%    passed     72.19%
  29  Petromyzon_marinus                  0.00%    passed     84.61%
  30  Gallus                              0.00%    passed     87.66%
  31  Ciona_intestinalis                  0.00%    passed     57.79%
  32  Halocynthia_roretzi                 0.00%    passed     77.08%
  33  Anoplodactylus_eroticus             0.00%    passed     24.81%
  34  Boophilus_microplus                 0.00%    passed     36.84%
  35  Daphnia_pulex                       0.00%    passed     99.65%
  36  Drosophila_melanogaster             0.00%    passed     75.99%
  37  Euperipatoides_kanangrensis         0.00%    passed     83.29%
  38  Echinoderes_horni                   0.00%    passed     95.26%
  39  Xiphinema_index                     0.00%    passed     33.36%
  40  Cerebratulus_lacteus                0.00%    passed     98.14%
  41  Terebratalia_transversa             0.00%    passed     89.14%
  42  Lottia_gigantea                     0.00%    passed     96.93%
  43  Crassostrea_virginica               0.00%    passed     95.38%
  44  Euprymna_scolopes                   0.00%    passed     39.95%
  45  Capitella_telata                    0.00%    passed     75.54%
  46  Helobdella_robusta                  0.00%    passed     21.71%
  47  Schmidtea_mediterranea              0.00%    passed     14.41%
  48  Paraplanocera_oligoglena            0.00%    passed     58.62%
  49  Xenoturbella_bocki                  0.00%    passed     82.73%
  50  Nemertoderma_westbladi              0.00%    passed     84.19%
  51  Meara_stichopi                      0.00%    passed      6.06%
  52  Isodiametra_pulchra                 0.00%    passed     36.02%
  53  Symsagittifera_roscoffensis         0.00%    passed     86.33%
  54  Convolutriloba_longifissura         0.00%    passed     48.46%
  55  Capsaspora_owczarzaki_ATCC_30864    0.00%    passed     94.53%
  56  Amoebidium_parasiticum              0.00%    failed      0.87%
  57  Sphaeroforma_arctica                0.00%    failed      3.93%
  58  Spizellomyces_punctatus             0.00%    passed     41.19%
  59  Batrachochytrium_dendrobatidis      0.00%    passed     50.34%
  60  Cryptococcus_neoformans             0.00%    passed     12.17%
  61  Saccharomyces_cerevisiae            0.00%    passed     70.97%
  62  Phycomyces_blakesleeanus            0.00%    passed     27.63%
  63  Rhizopus_orizae                     0.00%    passed     53.87%
  64  Monosiga_ovata                      0.00%    passed     86.98%
  65  Salpingoeca_rosetta                 0.00%    passed     74.85%
  66  Monosiga_brevicollis                0.00%    passed     49.97%
  67  Mnemiopsis                          0.00%    passed     55.93%
  68  Mertensiid_sp                       0.00%    passed     17.80%
  69  Pleurobrachia_pileus                0.00%    passed     46.58%
  70  Oscarella_lobularis                 0.00%    passed     83.39%
****  TOTAL                               0.00%  2 sequences failed composition chi2 test (p-value<5%; df=19)

Create initial parsimony tree by phylogenetic likelihood library (PLL)... 0.034 seconds
Generating 1000 samples for ultrafast bootstrap (seed: 530737)...

NOTE: 10 MB RAM (0 GB) is required!
Measuring multi-threading efficiency up to 6 CPU cores
Increase to 10 rounds for branch lengths
18 trees examined
Threads: 1 / Time: 6.333 sec / Speedup: 1.000 / Efficiency: 100% / LogL: -98920
Threads: 2 / Time: 3.774 sec / Speedup: 1.678 / Efficiency: 84% / LogL: -98920
Threads: 3 / Time: 2.523 sec / Speedup: 2.510 / Efficiency: 84% / LogL: -98920
Threads: 4 / Time: 2.040 sec / Speedup: 3.104 / Efficiency: 78% / LogL: -98920
Threads: 5 / Time: 1.769 sec / Speedup: 3.581 / Efficiency: 72% / LogL: -98920
Threads: 6 / Time: 1.589 sec / Speedup: 3.984 / Efficiency: 66% / LogL: -98920
BEST NUMBER OF THREADS: 6

Estimate model parameters (epsilon = 0.100)
1. Initial log-likelihood: -85054.815
Optimal log-likelihood: -84111.028
Parameters optimization took 1 rounds (0.047 sec)
Computing ML distances based on estimated model parameters... 0.745 sec
Computing BIONJ tree...
0.004 seconds
Log-likelihood of BIONJ tree: -84083.489
--------------------------------------------------------------------
|             INITIALIZING CANDIDATE TREE SET                      |
--------------------------------------------------------------------
Generating 98 parsimony trees... 6.447 second
Computing log-likelihood of 98 initial trees ... 2.638 seconds
Current best score: -84083.489

Do NNI search on 20 best initial trees
Estimate model parameters (epsilon = 0.100)
BETTER TREE FOUND at iteration 1: -84083.489
Iteration 10 / LogL: -84174.254 / Time: 0h:0m:29s
Iteration 20 / LogL: -84083.684 / Time: 0h:0m:32s
Finish initializing candidate tree set (2)
Current best tree score: -84083.489 / CPU time: 13.593
Number of iterations: 20
--------------------------------------------------------------------
|               OPTIMIZING CANDIDATE TREE SET                      |
--------------------------------------------------------------------
Iteration 30 / LogL: -84175.161 / Time: 0h:0m:34s (0h:1m:23s left)
Iteration 40 / LogL: -84174.109 / Time: 0h:0m:37s (0h:0m:57s left)
Iteration 50 / LogL: -84174.703 / Time: 0h:0m:39s (0h:0m:40s left)
Log-likelihood cutoff on original alignment: -84132.678
Iteration 60 / LogL: -84172.121 / Time: 0h:0m:42s (0h:0m:28s left)
Iteration 70 / LogL: -84171.531 / Time: 0h:0m:44s (0h:0m:19s left)
Iteration 80 / LogL: -84174.653 / Time: 0h:0m:46s (0h:0m:12s left)
Iteration 90 / LogL: -84171.719 / Time: 0h:0m:49s (0h:0m:5s left)
Iteration 100 / LogL: -84083.591 / Time: 0h:0m:52s (0h:0m:0s left)
Log-likelihood cutoff on original alignment: -84132.678
NOTE: Bootstrap correlation coefficient of split occurrence frequencies: 1.000
TREE SEARCH COMPLETED AFTER 102 ITERATIONS / Time: 0h:0m:52s

--------------------------------------------------------------------
|                    FINALIZING TREE SEARCH                        |
--------------------------------------------------------------------
Performs final model parameters optimization
Estimate model parameters (epsilon = 0.010)
1. Initial log-likelihood: -84083.489
Optimal log-likelihood: -84083.489
Parameters optimization took 1 rounds (0.017 sec)
BEST SCORE FOUND : -84083.489
Creating bootstrap support values...
Split supports printed to NEXUS file /home/spielman/dms_modelselection//simulations/alignments/HIV_opisthokonta_rep10_AA.fasta.splits.nex
Total tree length: 40.311

Total number of iterations: 102
CPU time used for tree search: 166.522 sec (0h:2m:46s)
Wall-clock time used for tree search: 33.686 sec (0h:0m:33s)
Total CPU time used: 226.266 sec (0h:3m:46s)
Total wall-clock time used: 52.927 sec (0h:0m:52s)

Computing bootstrap consensus tree...
Reading input file /home/spielman/dms_modelselection//simulations/alignments/HIV_opisthokonta_rep10_AA.fasta.splits.nex...
70 taxa and 206 splits.
Consensus tree written to /home/spielman/dms_modelselection//simulations/alignments/HIV_opisthokonta_rep10_AA.fasta.contree
Reading input trees file /home/spielman/dms_modelselection//simulations/alignments/HIV_opisthokonta_rep10_AA.fasta.contree
Log-likelihood of consensus tree: -84083.489

Analysis results written to: 
  IQ-TREE report:                /home/spielman/dms_modelselection//simulations/alignments/HIV_opisthokonta_rep10_AA.fasta.iqtree
  Maximum-likelihood tree:       /home/spielman/dms_modelselection//simulations/alignments/HIV_opisthokonta_rep10_AA.fasta.treefile
  Likelihood distances:          /home/spielman/dms_modelselection//simulations/alignments/HIV_opisthokonta_rep10_AA.fasta.mldist

Ultrafast bootstrap approximation results written to:
  Split support values:          /home/spielman/dms_modelselection//simulations/alignments/HIV_opisthokonta_rep10_AA.fasta.splits.nex
  Consensus tree:                /home/spielman/dms_modelselection//simulations/alignments/HIV_opisthokonta_rep10_AA.fasta.contree
  Screen log file:               /home/spielman/dms_modelselection//simulations/alignments/HIV_opisthokonta_rep10_AA.fasta.log

Date and Time: Wed Jun 12 11:19:34 2019
