IQ-TREE multicore version 1.6.7 for Linux 64-bit built Aug 23 2018
Developed by Bui Quang Minh, Nguyen Lam Tung, Olga Chernomor,
Heiko Schmidt, Dominik Schrempf, Michael Woodhams.

Host:    csm-com-012 (AVX2, FMA3, 62 GB RAM)
Command: iqtree -quiet -nt AUTO -ntmax 8 -m Poisson -s /csm_data/spielman_lab/aa_phylo_fit_topology//simulations/alignments/LAC_salichos_rep12_AA.fasta -st AA -redo -bb 1000
Seed:    657857 (Using SPRNG - Scalable Parallel Random Number Generator)
Time:    Mon Nov 25 14:41:29 2019
Kernel:  AVX+FMA - auto-detect threads (48 CPU cores detected)

Reading alignment file /csm_data/spielman_lab/aa_phylo_fit_topology//simulations/alignments/LAC_salichos_rep12_AA.fasta ... Fasta format detected
Alignment most likely contains protein sequences
Alignment has 23 sequences with 262 columns, 253 distinct patterns
225 parsimony-informative, 16 singleton sites, 21 constant sites
      Gap/Ambiguity  Composition  p-value
   1  Agos    0.00%    passed     70.73%
   2  Klac    0.00%    passed     92.13%
   3  Calb    0.00%    passed     97.90%
   4  Cdub    0.00%    passed     80.74%
   5  Ctro    0.00%    passed     96.76%
   6  Cpar    0.00%    passed     24.53%
   7  Lelo    0.00%    passed     39.49%
   8  Psti    0.00%    passed     34.32%
   9  Cgui    0.00%    passed     84.14%
  10  Dhan    0.00%    passed     83.41%
  11  Clus    0.00%    passed     40.77%
  12  Cgla    0.00%    passed     98.09%
  13  Sbay    0.00%    passed     98.34%
  14  Scer    0.00%    passed     99.11%
  15  Spar    0.00%    passed     93.74%
  16  Smik    0.00%    passed     99.12%
  17  Skud    0.00%    passed     99.27%
  18  Scas    0.00%    passed     89.27%
  19  Kpol    0.00%    passed     80.19%
  20  Zrou    0.00%    passed     99.29%
  21  Kthe    0.00%    passed     97.21%
  22  Kwal    0.00%    passed     82.26%
  23  Sklu    0.00%    passed     98.14%
****  TOTAL    0.00%  0 sequences failed composition chi2 test (p-value<5%; df=19)

Create initial parsimony tree by phylogenetic likelihood library (PLL)... 0.001 seconds
Generating 1000 samples for ultrafast bootstrap (seed: 657857)...

NOTE: 2 MB RAM (0 GB) is required!
Measuring multi-threading efficiency up to 8 CPU cores
Increase to 10 rounds for branch lengths
300 trees examined
Threads: 1 / Time: 8.013 sec / Speedup: 1.000 / Efficiency: 100% / LogL: -12803
Threads: 2 / Time: 4.858 sec / Speedup: 1.649 / Efficiency: 82% / LogL: -12803
Threads: 3 / Time: 3.802 sec / Speedup: 2.107 / Efficiency: 70% / LogL: -12803
Threads: 4 / Time: 4.702 sec / Speedup: 1.704 / Efficiency: 43% / LogL: -12803
BEST NUMBER OF THREADS: 3

Estimate model parameters (epsilon = 0.100)
1. Initial log-likelihood: -10294.132
Optimal log-likelihood: -10139.906
Parameters optimization took 1 rounds (0.009 sec)
Computing ML distances based on estimated model parameters... 0.021 sec
Computing BIONJ tree...
0.002 seconds
Log-likelihood of BIONJ tree: -10146.658
--------------------------------------------------------------------
|             INITIALIZING CANDIDATE TREE SET                      |
--------------------------------------------------------------------
Generating 98 parsimony trees... 0.353 second
Computing log-likelihood of 98 initial trees ... 0.370 seconds
Current best score: -10133.052

Do NNI search on 20 best initial trees
Estimate model parameters (epsilon = 0.100)
BETTER TREE FOUND at iteration 1: -10132.149
Estimate model parameters (epsilon = 0.100)
BETTER TREE FOUND at iteration 2: -10131.848
Iteration 10 / LogL: -10135.668 / Time: 0h:0m:22s
Iteration 20 / LogL: -10135.193 / Time: 0h:0m:22s
Finish initializing candidate tree set (8)
Current best tree score: -10131.848 / CPU time: 1.162
Number of iterations: 20
--------------------------------------------------------------------
|               OPTIMIZING CANDIDATE TREE SET                      |
--------------------------------------------------------------------
Iteration 30 / LogL: -10133.944 / Time: 0h:0m:23s (0h:0m:56s left)
Iteration 40 / LogL: -10135.356 / Time: 0h:0m:23s (0h:0m:37s left)
Iteration 50 / LogL: -10133.312 / Time: 0h:0m:23s (0h:0m:25s left)
Log-likelihood cutoff on original alignment: -10166.253
Iteration 60 / LogL: -10131.929 / Time: 0h:0m:24s (0h:0m:17s left)
Iteration 70 / LogL: -10131.884 / Time: 0h:0m:24s (0h:0m:11s left)
Iteration 80 / LogL: -10131.910 / Time: 0h:0m:24s (0h:0m:6s left)
Iteration 90 / LogL: -10131.926 / Time: 0h:0m:25s (0h:0m:3s left)
Iteration 100 / LogL: -10132.615 / Time: 0h:0m:25s (0h:0m:0s left)
Log-likelihood cutoff on original alignment: -10165.013
NOTE: Bootstrap correlation coefficient of split occurrence frequencies: 0.997
TREE SEARCH COMPLETED AFTER 103 ITERATIONS / Time: 0h:0m:25s

--------------------------------------------------------------------
|                    FINALIZING TREE SEARCH                        |
--------------------------------------------------------------------
Performs final model parameters optimization
Estimate model parameters (epsilon = 0.010)
1. Initial log-likelihood: -10131.848
Optimal log-likelihood: -10131.848
Parameters optimization took 1 rounds (0.003 sec)
BEST SCORE FOUND : -10131.848
Creating bootstrap support values...
Split supports printed to NEXUS file /csm_data/spielman_lab/aa_phylo_fit_topology//simulations/alignments/LAC_salichos_rep12_AA.fasta.splits.nex
Total tree length: 8.299

Total number of iterations: 103
CPU time used for tree search: 12.956 sec (0h:0m:12s)
Wall-clock time used for tree search: 4.391 sec (0h:0m:4s)
Total CPU time used: 64.825 sec (0h:1m:4s)
Total wall-clock time used: 25.992 sec (0h:0m:25s)

Computing bootstrap consensus tree...
Reading input file /csm_data/spielman_lab/aa_phylo_fit_topology//simulations/alignments/LAC_salichos_rep12_AA.fasta.splits.nex...
23 taxa and 116 splits.
Consensus tree written to /csm_data/spielman_lab/aa_phylo_fit_topology//simulations/alignments/LAC_salichos_rep12_AA.fasta.contree
Reading input trees file /csm_data/spielman_lab/aa_phylo_fit_topology//simulations/alignments/LAC_salichos_rep12_AA.fasta.contree
Log-likelihood of consensus tree: -10131.848

Analysis results written to: 
  IQ-TREE report:                /csm_data/spielman_lab/aa_phylo_fit_topology//simulations/alignments/LAC_salichos_rep12_AA.fasta.iqtree
  Maximum-likelihood tree:       /csm_data/spielman_lab/aa_phylo_fit_topology//simulations/alignments/LAC_salichos_rep12_AA.fasta.treefile
  Likelihood distances:          /csm_data/spielman_lab/aa_phylo_fit_topology//simulations/alignments/LAC_salichos_rep12_AA.fasta.mldist

Ultrafast bootstrap approximation results written to:
  Split support values:          /csm_data/spielman_lab/aa_phylo_fit_topology//simulations/alignments/LAC_salichos_rep12_AA.fasta.splits.nex
  Consensus tree:                /csm_data/spielman_lab/aa_phylo_fit_topology//simulations/alignments/LAC_salichos_rep12_AA.fasta.contree
  Screen log file:               /csm_data/spielman_lab/aa_phylo_fit_topology//simulations/alignments/LAC_salichos_rep12_AA.fasta.log

Date and Time: Mon Nov 25 14:41:55 2019
