IQ-TREE multicore version 1.6.7 for Linux 64-bit built Aug 23 2018
Developed by Bui Quang Minh, Nguyen Lam Tung, Olga Chernomor,
Heiko Schmidt, Dominik Schrempf, Michael Woodhams.

Host:    csm-gpu-001 (AVX2, FMA3, 62 GB RAM)
Command: iqtree -quiet -nt AUTO -ntmax 8 -m Dayhoff+F+G4 -s /csm_data/spielman_lab/aa_phylo_fit_topology//simulations/alignments/LAC_andersen_rep13_AA.fasta -st AA -redo -bb 1000
Seed:    309716 (Using SPRNG - Scalable Parallel Random Number Generator)
Time:    Mon Nov 25 14:36:55 2019
Kernel:  AVX+FMA - auto-detect threads (48 CPU cores detected)

Reading alignment file /csm_data/spielman_lab/aa_phylo_fit_topology//simulations/alignments/LAC_andersen_rep13_AA.fasta ... Fasta format detected
Alignment most likely contains protein sequences
Alignment has 179 sequences with 262 columns, 258 distinct patterns
232 parsimony-informative, 13 singleton sites, 17 constant sites
                      Gap/Ambiguity  Composition  p-value
   1  BA366-S-GIN-2003        0.00%    passed     91.36%
   2  G502-S-SLE-2009         0.00%    passed     98.81%
   3  G1180-S-SLE-2010        0.00%    passed     97.34%
   4  G2147-S-SLE-2011        0.00%    passed     99.62%
   5  G2165-S-SLE-2011        0.00%    passed     98.30%
   6  LM222-S-SLE-2010        0.00%    passed     99.30%
   7  LM774-S-SLE-2012        0.00%    passed     99.14%
   8  LM778-S-SLE-2012        0.00%    passed     99.16%
   9  G2184-S-SLE-2011        0.00%    passed     98.39%
  10  LM776-S-SLE-2012        0.00%    passed     98.96%
  11  G503-S-SLE-2009         0.00%    passed     98.61%
  12  G2318-S-SLE-2012        0.00%    passed    100.00%
  13  G1959-S-SLE-2011        0.00%    passed     99.30%
  14  G3010-S-SLE-2013        0.00%    passed     99.62%
  15  G610-S-SLE-2009         0.00%    passed     99.77%
  16  G693-S-SLE-2009         0.00%    passed     99.77%
  17  G771-S-SLE-2010         0.00%    passed     99.77%
  18  G1792-S-SLE-2011        0.00%    passed     99.74%
  19  G1960-S-SLE-2011        0.00%    passed     99.77%
  20  G2565-S-SLE-2012        0.00%    passed     99.77%
  21  G2197-S-SLE-2011        0.00%    passed     98.68%
  22  LM032-S-SLE-2010        0.00%    passed     99.66%
  23  Josiah-S-SLE-1976       0.00%    passed     99.60%
  24  G808-S-SLE-2010         0.00%    passed     99.41%
  25  G2868-S-SLE-2012        0.00%    passed     99.62%
  26  G676-S-SLE-2009         0.00%    passed     99.68%
  27  G2405-S-SLE-2012        0.00%    passed     99.62%
  28  G1190-S-SLE-2010        0.00%    passed     98.80%
  29  G2944-S-SLE-2012        0.00%    passed     97.10%
  30  LM765-S-SLE-2012        0.00%    passed     98.13%
  31  G3148-S-SLE-2013        0.00%    passed     99.69%
  32  Z0947-S-SLE-2011        0.00%    passed     99.62%
  33  Z0948-S-SLE-2011        0.00%    passed     99.62%
  34  G1727-S-SLE-2011        0.00%    passed     99.57%
  35  G1647-S-SLE-2011        0.00%    passed     99.71%
  36  G2295-S-SLE-2012        0.00%    passed     99.39%
  37  G2587-S-SLE-2012        0.00%    passed     99.40%
  38  G2280-S-SLE-2012        0.00%    passed     99.17%
  39  G3016-S-SLE-2013        0.00%    passed     98.15%
  40  G3106-S-SLE-2013        0.00%    passed     98.15%
  41  G2612-S-SLE-2012        0.00%    passed     89.79%
  42  LM779-S-SLE-2012        0.00%    passed     99.35%
  43  G692-S-SLE-2009         0.00%    passed     99.40%
  44  LM395-S-SLE-2009        0.00%    passed     99.83%
  45  G1774-S-SLE-2011        0.00%    passed     99.33%
  46  G2222-S-SLE-2011        0.00%    passed     97.37%
  47  G636-S-SLE-2009         0.00%    passed     99.89%
  48  G2315-S-SLE-2012        0.00%    passed     99.77%
  49  G2903-S-SLE-2012        0.00%    passed     99.34%
  50  G3206-S-SLE-2013        0.00%    passed     94.60%
  51  G733-S-SLE-2010         0.00%    passed     97.36%
  52  G2554-S-SLE-2012        0.00%    passed     96.10%
  53  G1618-S-SLE-2011        0.00%    passed     99.97%
  54  G1646-S-SLE-2011        0.00%    passed     99.98%
  55  G2427-S-SLE-2012        0.00%    passed     98.17%
  56  G2392-S-SLE-2012        0.00%    passed     95.45%
  57  G3229-S-SLE-2013        0.00%    passed     96.24%
  58  G3151-S-SLE-2013        0.00%    passed     99.19%
  59  G3248-S-SLE-2013        0.00%    passed     99.19%
  60  G3170-S-SLE-2013        0.00%    passed     99.19%
  61  NL-S-SLE-2000           0.00%    passed     99.92%
  62  G2263-S-SLE-2012        0.00%    passed     96.76%
  63  G2431-S-SLE-2012        0.00%    passed     92.56%
  64  G1442-S-SLE-2011        0.00%    passed     99.35%
  65  G2141-S-SLE-2011        0.00%    passed     98.79%
  66  G1529-S-SLE-2011        0.00%    passed     98.37%
  67  G3234-S-SLE-2013        0.00%    passed     99.31%
  68  G2363-S-SLE-2012        0.00%    passed     95.92%
  69  G2259-S-SLE-2012        0.00%    passed     99.49%
  70  G2723-S-SLE-2012        0.00%    passed     99.65%
  71  G3278-S-SLE-2013        0.00%    passed     99.73%
  72  G2557-S-SLE-2012        0.00%    passed     98.05%
  73  G2615-S-SLE-2012        0.00%    passed     98.90%
  74  G1200-S-LIB-2010        0.00%    passed     99.64%
  75  Macenta-S-GIN-1982      0.00%    passed     98.20%
  76  Z148-S-LIB-1981         0.00%    passed     99.06%
  77  Nig08-A18-S-NIG-2008    0.00%    passed     64.12%
  78  Nig08-A19-S-NIG-2008    0.00%    passed     32.72%
  79  CSF-S-NIG-2001          0.00%    passed     79.64%
  80  ISTH0009-S-NIG-2011     0.00%    passed    100.00%
  81  LASV979-S-NIG-2009      0.00%    passed    100.00%
  82  LASV237-S-NIG-2010      0.00%    passed    100.00%
  83  LASV711-S-NIG-2009      0.00%    passed    100.00%
  84  LASV992-S-NIG-2009      0.00%    passed    100.00%
  85  ISTH0230-S-NIG-2011     0.00%    passed    100.00%
  86  LASV975-S-NIG-2009      0.00%    passed    100.00%
  87  ISTH2061-S-NIG-2012     0.00%    passed    100.00%
  88  Nig08-A41-S-NIG-2008    0.00%    passed    100.00%
  89  ISTH2217-S-NIG-2012     0.00%    passed    100.00%
  90  ISTH1064-S-NIG-2011     0.00%    passed    100.00%
  91  ISTH2334-S-NIG-2012     0.00%    passed    100.00%
  92  LASV245-S-NIG-2011      0.00%    passed    100.00%
  93  LASV1011-S-NIG-2009     0.00%    passed    100.00%
  94  ISTH2312-S-NIG-2012     0.00%    passed     99.92%
  95  LASV1000-S-NIG-2009     0.00%    passed     99.95%
  96  ISTH2010-S-NIG-2012     0.00%    passed    100.00%
  97  ISTH2016-S-NIG-2012     0.00%    passed     99.95%
  98  Nig08-A37-S-NIG-2008    0.00%    passed     99.97%
  99  LASV737-S-NIG-2009      0.00%    passed     99.98%
 100  LASV719-S-NIG-2009      0.00%    passed     99.99%
 101  LASV046-S-NIG-2009      0.00%    passed     99.97%
 102  ISTH2042-S-NIG-2012     0.00%    passed     99.93%
 103  LASV274-S-NIG-2010      0.00%    passed     99.98%
 104  LASV263-S-NIG-2011      0.00%    passed     99.94%
 105  ISTH1137-S-NIG-2011     0.00%    passed     99.98%
 106  LASV976-S-NIG-2009      0.00%    passed     99.96%
 107  LASV1016-S-NIG-2009     0.00%    passed     99.96%
 108  LASV229-S-NIG-2010      0.00%    passed     99.96%
 109  ISTH2129-S-NIG-2012     0.00%    passed     99.99%
 110  ISTH2057-S-NIG-2012     0.00%    passed     99.97%
 111  LASV058-S-NIG-2008      0.00%    passed     99.99%
 112  ISTH1038-S-NIG-2011     0.00%    passed     99.98%
 113  LASV056-S-NIG-2008      0.00%    passed     99.62%
 114  LASV042-S-NIG-2009      0.00%    passed    100.00%
 115  LASV981-S-NIG-2009      0.00%    passed    100.00%
 116  LASV256-S-NIG-2010      0.00%    passed    100.00%
 117  LASV052-S-NIG-2008      0.00%    passed    100.00%
 118  LASV063-S-NIG-2009      0.00%    passed     99.99%
 119  ISTH0595-S-NIG-2011     0.00%    passed     99.99%
 120  ISTH1096-S-NIG-2012     0.00%    passed    100.00%
 121  LASV221-S-NIG-2010      0.00%    passed    100.00%
 122  LASV977-S-NIG-2009      0.00%    passed    100.00%
 123  LASV971-S-NIG-2009      0.00%    passed     99.99%
 124  LASV967-S-NIG-2009      0.00%    passed     99.97%
 125  ISTH2050-S-NIG-2012     0.00%    passed     99.92%
 126  ISTH2031-S-NIG-2012     0.00%    passed    100.00%
 127  ISTH2376-S-NIG-2012     0.00%    passed    100.00%
 128  LASV991-S-NIG-2009      0.00%    passed    100.00%
 129  LASV267-S-NIG-2010      0.00%    passed     99.96%
 130  LASV049-S-NIG-2009      0.00%    passed     99.97%
 131  LASV239-S-NIG-2010      0.00%    passed     99.97%
 132  ISTH2037-S-NIG-2012     0.00%    passed     99.97%
 133  ISTH1069-S-NIG-2011     0.00%    passed     96.11%
 134  ISTH1129-S-NIG-2012     0.00%    passed     99.99%
 135  ISTH2304-S-NIG-2012     0.00%    passed     99.95%
 136  LASV246-S-NIG-2010      0.00%    passed     99.91%
 137  ISTH1111-S-NIG-2011     0.00%    passed     99.78%
 138  LASV006-S-NIG-2008      0.00%    passed     99.99%
 139  ISTH0531-S-NIG-2011     0.00%    passed     97.12%
 140  LASV254-S-NIG-2011      0.00%    passed     98.64%
 141  ISTH2358-S-NIG-2012     0.00%    passed     96.93%
 142  LASV966-S-NIG-2009      0.00%    passed     99.96%
 143  ISTH1058-S-NIG-2011     0.00%    passed    100.00%
 144  LASV241-S-NIG-2011      0.00%    passed     99.99%
 145  LASV271-S-NIG-2010      0.00%    passed     99.98%
 146  Nig08-A47-S-NIG-2008    0.00%    passed     99.99%
 147  ISTH0012-S-NIG-2011     0.00%    passed     99.95%
 148  LASV993-S-NIG-2009      0.00%    passed     99.99%
 149  ISTH2046-S-NIG-2012     0.00%    passed    100.00%
 150  LASV1008-S-NIG-2009     0.00%    passed     99.99%
 151  ISTH2020-S-NIG-2012     0.00%    passed     99.81%
 152  LASV003-S-NIG-2008      0.00%    passed     99.96%
 153  LASV242-S-NIG-2010      0.00%    passed     99.96%
 154  LASV253-S-NIG-2011      0.00%    passed     99.98%
 155  LASV982-S-NIG-2009      0.00%    passed     99.99%
 156  LASV251-S-NIG-2010      0.00%    passed     99.88%
 157  LASV989-S-NIG-2009      0.00%    passed     99.85%
 158  ISTH0047-S-NIG-2011     0.00%    passed     99.72%
 159  LASV990-S-NIG-2009      0.00%    passed     99.79%
 160  ISTH1003-S-NIG-2011     0.00%    passed     99.68%
 161  ISTH0073-S-NIG-2011     0.00%    passed     99.68%
 162  ISTH2316-S-NIG-2012     0.00%    passed     99.91%
 163  LASV225-S-NIG-2010      0.00%    passed     99.76%
 164  LASV978-S-NIG-2009      0.00%    passed     99.32%
 165  ISTH1048-S-NIG-2011     0.00%    passed     99.39%
 166  LASV045-S-NIG-2009      0.00%    passed     99.65%
 167  ISTH2025-S-NIG-2012     0.00%    passed     99.88%
 168  LASV250-S-NIG-2011      0.00%    passed     99.47%
 169  LASV1015-S-NIG-2009     0.00%    passed     99.76%
 170  LASV035-S-NIG-2009      0.00%    passed     99.95%
 171  ISTH1107-S-NIG-2012     0.00%    passed     99.79%
 172  ISTH2271-S-NIG-2012     0.00%    passed     98.09%
 173  ISTH1121-S-NIG-2012     0.00%    passed     98.15%
 174  ISTH2065-S-NIG-2012     0.00%    passed     98.09%
 175  ISTH2066-S-NIG-2012     0.00%    passed     98.09%
 176  ISTH2094-S-NIG-2012     0.00%    passed     97.86%
 177  Nig08-04-S-NIG-2008     0.00%    passed     99.85%
 178  Pinneo-S-NIG-1969       0.00%    passed     84.98%
 179  AV-S-CIV-1999           0.00%    passed     91.39%
****  TOTAL                   0.00%  0 sequences failed composition chi2 test (p-value<5%; df=19)
NOTE: G693-S-SLE-2009 is identical to G610-S-SLE-2009 but kept for subsequent analysis
NOTE: Z0948-S-SLE-2011 is identical to Z0947-S-SLE-2011 but kept for subsequent analysis
NOTE: G3106-S-SLE-2013 is identical to G3016-S-SLE-2013 but kept for subsequent analysis
NOTE: G3248-S-SLE-2013 is identical to G3151-S-SLE-2013 but kept for subsequent analysis
NOTE: LASV711-S-NIG-2009 is identical to LASV979-S-NIG-2009 but kept for subsequent analysis
NOTE: ISTH2334-S-NIG-2012 is identical to ISTH1064-S-NIG-2011 but kept for subsequent analysis
NOTE: ISTH0073-S-NIG-2011 is identical to ISTH1003-S-NIG-2011 but kept for subsequent analysis
NOTE: ISTH2066-S-NIG-2012 is identical to ISTH2065-S-NIG-2012 but kept for subsequent analysis
NOTE: 6 identical sequences (see below) will be ignored for subsequent analysis
NOTE: G771-S-SLE-2010 (identical to G610-S-SLE-2009) is ignored but added at the end
NOTE: G1960-S-SLE-2011 (identical to G610-S-SLE-2009) is ignored but added at the end
NOTE: G2565-S-SLE-2012 (identical to G610-S-SLE-2009) is ignored but added at the end
NOTE: G3170-S-SLE-2013 (identical to G3151-S-SLE-2013) is ignored but added at the end
NOTE: LASV992-S-NIG-2009 (identical to LASV979-S-NIG-2009) is ignored but added at the end
NOTE: LASV245-S-NIG-2011 (identical to ISTH1064-S-NIG-2011) is ignored but added at the end

For your convenience alignment with unique sequences printed to /csm_data/spielman_lab/aa_phylo_fit_topology//simulations/alignments/LAC_andersen_rep13_AA.fasta.uniqueseq.phy

Create initial parsimony tree by phylogenetic likelihood library (PLL)... 0.043 seconds
Generating 1000 samples for ultrafast bootstrap (seed: 309716)...

NOTE: 31 MB RAM (0 GB) is required!
Measuring multi-threading efficiency up to 8 CPU cores
Increase to 10 rounds for branch lengths
8 trees examined
Threads: 1 / Time: 8.355 sec / Speedup: 1.000 / Efficiency: 100% / LogL: -41683
Threads: 2 / Time: 5.515 sec / Speedup: 1.515 / Efficiency: 76% / LogL: -41683
Threads: 3 / Time: 3.934 sec / Speedup: 2.124 / Efficiency: 71% / LogL: -41683
Threads: 4 / Time: 3.131 sec / Speedup: 2.669 / Efficiency: 67% / LogL: -41683
Threads: 5 / Time: 2.345 sec / Speedup: 3.563 / Efficiency: 71% / LogL: -41683
Threads: 6 / Time: 2.018 sec / Speedup: 4.140 / Efficiency: 69% / LogL: -41683
Threads: 7 / Time: 1.962 sec / Speedup: 4.259 / Efficiency: 61% / LogL: -41683
Threads: 8 / Time: 1.699 sec / Speedup: 4.917 / Efficiency: 61% / LogL: -41683
BEST NUMBER OF THREADS: 8

Estimate model parameters (epsilon = 0.100)
1. Initial log-likelihood: -13002.056
2. Current log-likelihood: -12880.975
3. Current log-likelihood: -12880.664
Optimal log-likelihood: -12880.524
Gamma shape alpha: 1.681
Parameters optimization took 3 rounds (0.242 sec)
Computing ML distances based on estimated model parameters... 12.076 sec
Computing BIONJ tree...
0.024 seconds
Log-likelihood of BIONJ tree: -13025.194
--------------------------------------------------------------------
|             INITIALIZING CANDIDATE TREE SET                      |
--------------------------------------------------------------------
Generating 98 parsimony trees... 3.928 second
Computing log-likelihood of 98 initial trees ... 6.267 seconds
Current best score: -12844.792

Do NNI search on 20 best initial trees
Estimate model parameters (epsilon = 0.100)
BETTER TREE FOUND at iteration 1: -12832.432
Iteration 10 / LogL: -12838.729 / Time: 0h:0m:49s
Iteration 20 / LogL: -12844.511 / Time: 0h:0m:57s
Finish initializing candidate tree set (20)
Current best tree score: -12832.432 / CPU time: 25.794
Number of iterations: 20
--------------------------------------------------------------------
|               OPTIMIZING CANDIDATE TREE SET                      |
--------------------------------------------------------------------
BETTER TREE FOUND at iteration 23: -12832.431
BETTER TREE FOUND at iteration 24: -12832.430
BETTER TREE FOUND at iteration 28: -12832.429
BETTER TREE FOUND at iteration 29: -12832.428
Iteration 30 / LogL: -12836.877 / Time: 0h:1m:12s (0h:4m:7s left)
Iteration 40 / LogL: -12832.437 / Time: 0h:1m:27s (0h:3m:18s left)
Estimate model parameters (epsilon = 0.100)
BETTER TREE FOUND at iteration 44: -12831.682
Iteration 50 / LogL: -12890.663 / Time: 0h:1m:42s (0h:3m:15s left)
Log-likelihood cutoff on original alignment: -12875.246
Estimate model parameters (epsilon = 0.100)
BETTER TREE FOUND at iteration 56: -12830.039
Iteration 60 / LogL: -12858.279 / Time: 0h:1m:58s (0h:3m:12s left)
BETTER TREE FOUND at iteration 61: -12830.039
Iteration 70 / LogL: -12830.039 / Time: 0h:2m:14s (0h:2m:56s left)
BETTER TREE FOUND at iteration 75: -12830.038
Iteration 80 / LogL: -12837.364 / Time: 0h:2m:28s (0h:2m:57s left)
BETTER TREE FOUND at iteration 86: -12830.038
Iteration 90 / LogL: -12880.206 / Time: 0h:2m:42s (0h:2m:55s left)
Iteration 100 / LogL: -12832.831 / Time: 0h:2m:57s (0h:2m:34s left)
Log-likelihood cutoff on original alignment: -12875.246
NOTE: Bootstrap correlation coefficient of split occurrence frequencies: 0.994
BETTER TREE FOUND at iteration 108: -12830.038
BETTER TREE FOUND at iteration 109: -12830.037
Iteration 110 / LogL: -12861.613 / Time: 0h:3m:13s (0h:2m:55s left)
Iteration 120 / LogL: -12849.302 / Time: 0h:3m:28s (0h:2m:35s left)
BETTER TREE FOUND at iteration 130: -12830.037
Iteration 130 / LogL: -12830.037 / Time: 0h:3m:43s (0h:2m:53s left)
Iteration 140 / LogL: -12830.037 / Time: 0h:3m:58s (0h:2m:34s left)
Iteration 150 / LogL: -12850.368 / Time: 0h:4m:13s (0h:2m:15s left)
Log-likelihood cutoff on original alignment: -12875.246
BETTER TREE FOUND at iteration 154: -12830.036
Iteration 160 / LogL: -12843.960 / Time: 0h:4m:28s (0h:2m:38s left)
Iteration 170 / LogL: -12834.385 / Time: 0h:4m:45s (0h:2m:21s left)
Iteration 180 / LogL: -12884.155 / Time: 0h:5m:1s (0h:2m:4s left)
Iteration 190 / LogL: -12830.786 / Time: 0h:5m:17s (0h:1m:47s left)
BETTER TREE FOUND at iteration 197: -12830.036
Iteration 200 / LogL: -12886.328 / Time: 0h:5m:33s (0h:2m:42s left)
Log-likelihood cutoff on original alignment: -12875.246
NOTE: Bootstrap correlation coefficient of split occurrence frequencies: 0.998
BETTER TREE FOUND at iteration 208: -12830.036
BETTER TREE FOUND at iteration 210: -12830.035
Iteration 210 / LogL: -12830.035 / Time: 0h:5m:50s (0h:2m:47s left)
Iteration 220 / LogL: -12830.036 / Time: 0h:6m:6s (0h:2m:30s left)
BETTER TREE FOUND at iteration 223: -12830.035
Iteration 230 / LogL: -12830.036 / Time: 0h:6m:21s (0h:2m:34s left)
Iteration 240 / LogL: -12832.079 / Time: 0h:6m:35s (0h:2m:17s left)
Iteration 250 / LogL: -12884.267 / Time: 0h:6m:49s (0h:2m:0s left)
Log-likelihood cutoff on original alignment: -12875.246
Iteration 260 / LogL: -12830.035 / Time: 0h:7m:4s (0h:1m:43s left)
Iteration 270 / LogL: -12830.036 / Time: 0h:7m:19s (0h:1m:26s left)
Iteration 280 / LogL: -12841.192 / Time: 0h:7m:33s (0h:1m:9s left)
Iteration 290 / LogL: -12871.532 / Time: 0h:7m:48s (0h:0m:53s left)
Iteration 300 / LogL: -12841.694 / Time: 0h:8m:4s (0h:0m:37s left)
Log-likelihood cutoff on original alignment: -12875.246
NOTE: Bootstrap correlation coefficient of split occurrence frequencies: 0.999
Iteration 310 / LogL: -12830.035 / Time: 0h:8m:20s (0h:2m:25s left)
Iteration 320 / LogL: -12845.044 / Time: 0h:8m:35s (0h:2m:9s left)
TREE SEARCH COMPLETED AFTER 324 ITERATIONS / Time: 0h:8m:42s

--------------------------------------------------------------------
|                    FINALIZING TREE SEARCH                        |
--------------------------------------------------------------------
Performs final model parameters optimization
Estimate model parameters (epsilon = 0.010)
1. Initial log-likelihood: -12830.035
Optimal log-likelihood: -12830.035
Gamma shape alpha: 1.716
Parameters optimization took 1 rounds (0.064 sec)
BEST SCORE FOUND : -12830.035
Creating bootstrap support values...
Split supports printed to NEXUS file /csm_data/spielman_lab/aa_phylo_fit_topology//simulations/alignments/LAC_andersen_rep13_AA.fasta.splits.nex
Total tree length: 9.325

Total number of iterations: 324
CPU time used for tree search: 3848.309 sec (1h:4m:8s)
Wall-clock time used for tree search: 490.754 sec (0h:8m:10s)
Total CPU time used: 3980.449 sec (1h:6m:20s)
Total wall-clock time used: 522.881 sec (0h:8m:42s)

Computing bootstrap consensus tree...
Reading input file /csm_data/spielman_lab/aa_phylo_fit_topology//simulations/alignments/LAC_andersen_rep13_AA.fasta.splits.nex...
173 taxa and 1355 splits.
Consensus tree written to /csm_data/spielman_lab/aa_phylo_fit_topology//simulations/alignments/LAC_andersen_rep13_AA.fasta.contree
Reading input trees file /csm_data/spielman_lab/aa_phylo_fit_topology//simulations/alignments/LAC_andersen_rep13_AA.fasta.contree
Log-likelihood of consensus tree: -12830.042

Analysis results written to: 
  IQ-TREE report:                /csm_data/spielman_lab/aa_phylo_fit_topology//simulations/alignments/LAC_andersen_rep13_AA.fasta.iqtree
  Maximum-likelihood tree:       /csm_data/spielman_lab/aa_phylo_fit_topology//simulations/alignments/LAC_andersen_rep13_AA.fasta.treefile
  Likelihood distances:          /csm_data/spielman_lab/aa_phylo_fit_topology//simulations/alignments/LAC_andersen_rep13_AA.fasta.mldist

Ultrafast bootstrap approximation results written to:
  Split support values:          /csm_data/spielman_lab/aa_phylo_fit_topology//simulations/alignments/LAC_andersen_rep13_AA.fasta.splits.nex
  Consensus tree:                /csm_data/spielman_lab/aa_phylo_fit_topology//simulations/alignments/LAC_andersen_rep13_AA.fasta.contree
  Screen log file:               /csm_data/spielman_lab/aa_phylo_fit_topology//simulations/alignments/LAC_andersen_rep13_AA.fasta.log

Date and Time: Mon Nov 25 14:45:38 2019
