IQ-TREE multicore version 1.6.7 for Linux 64-bit built Aug 23 2018
Developed by Bui Quang Minh, Nguyen Lam Tung, Olga Chernomor,
Heiko Schmidt, Dominik Schrempf, Michael Woodhams.

Host:    csm-com-010 (AVX2, FMA3, 62 GB RAM)
Command: iqtree -quiet -nt AUTO -ntmax 8 -m GTR20 -s /csm_data/spielman_lab/aa_phylo_fit_topology//simulations/alignments/LAC_dosreis_rep10_AA.fasta -st AA -redo -bb 1000
Seed:    995713 (Using SPRNG - Scalable Parallel Random Number Generator)
Time:    Mon Nov 25 15:54:26 2019
Kernel:  AVX+FMA - auto-detect threads (48 CPU cores detected)

Reading alignment file /csm_data/spielman_lab/aa_phylo_fit_topology//simulations/alignments/LAC_dosreis_rep10_AA.fasta ... Fasta format detected
Alignment most likely contains protein sequences
Alignment has 274 sequences with 262 columns, 258 distinct patterns
243 parsimony-informative, 8 singleton sites, 11 constant sites
                              Gap/Ambiguity  Composition  p-value
   1  Phacochoerus_africanus          0.00%    passed    100.00%
   2  Sus_scrofa                      0.00%    passed     99.98%
   3  Cavia_porcellus                 0.00%    passed     97.53%
   4  Thryonomys_swinderianus         0.00%    passed     59.00%
   5  Rattus_norvegicus               0.00%    passed     95.02%
   6  Rattus_tanezumi                 0.00%    passed     95.35%
   7  Rattus_rattus                   0.00%    passed     97.56%
   8  Rattus_exulans                  0.00%    passed     99.45%
   9  Rattus_praetor                  0.00%    passed     96.37%
  10  Mus_musculus                    0.00%    passed     85.01%
  11  Mus_terricolor                  0.00%    passed     90.79%
  12  Microtus_kikuchii               0.00%    passed     82.39%
  13  Microtus_rossiaemeridionalis    0.00%    passed     97.92%
  14  Proedromys_sp.                  0.00%    passed     99.03%
  15  Eothenomys_chinensis            0.00%    passed     97.98%
  16  Cricetulus_griseus              0.00%    passed     96.64%
  17  Tscherskia_triton               0.00%    passed     83.96%
  18  Mesocricetus_auratus            0.00%    passed     95.97%
  19  Nannospalax_ehrenbergi          0.00%    passed     97.48%
  20  Jaculus_jaculus                 0.00%    passed     97.28%
  21  Myoxus_glis                     0.00%    passed     99.95%
  22  Sciurus_vulgaris                0.00%    passed     96.53%
  23  Anomalurus_sp.                  0.00%    passed     99.95%
  24  Oryctolagus_cuniculus           0.00%    passed     99.08%
  25  Lepus_europaeus                 0.00%    passed     99.93%
  26  Ochotona_collaris               0.00%    passed     99.57%
  27  Ochotona_princeps               0.00%    passed     99.52%
  28  Ochotona_curzoniae              0.00%    passed     96.84%
  29  Pan_troglodytes                 0.00%    passed     99.85%
  30  Pan_paniscus                    0.00%    passed     99.81%
  31  Homo_sapiens                    0.00%    passed     99.70%
  32  Gorilla_gorilla                 0.00%    passed     97.67%
  33  Pongo_pygmaeus                  0.00%    passed     99.98%
  34  Pongo_abelii                    0.00%    passed     99.92%
  35  Hylobates_lar                   0.00%    passed     99.95%
  36  Hylobates_agilis                0.00%    passed     98.79%
  37  Hylobates_pileatus              0.00%    passed     99.93%
  38  Nomascus_siki                   0.00%    passed     99.11%
  39  Symphalangus_syndactylus        0.00%    passed     96.95%
  40  Papio_hamadryas                 0.00%    passed     96.24%
  41  Macaca_sylvanus                 0.00%    passed     91.65%
  42  Macaca_mulatta                  0.00%    passed     86.72%
  43  Macaca_fascicularis             0.00%    passed     88.43%
  44  Macaca_thibetana                0.00%    passed     88.29%
  45  Chlorocebus_aethiops            0.00%    passed     99.81%
  46  Chlorocebus_tantalus            0.00%    passed     99.87%
  47  Chlorocebus_pygerythrus         0.00%    passed     99.88%
  48  Chlorocebus_sabaeus             0.00%    passed     99.82%
  49  Trachypithecus_obscurus         0.00%    passed     99.87%
  50  Presbytis_melalophos            0.00%    passed     95.78%
  51  Nasalis_larvatus                0.00%    passed     99.91%
  52  Pygathrix_roxellana             0.00%    passed     99.92%
  53  Pygathrix_nemaeus               0.00%    passed     92.46%
  54  Semnopithecus_entellus          0.00%    passed     98.89%
  55  Colobus_guereza                 0.00%    passed     99.96%
  56  Procolobus_badius               0.00%    passed     99.58%
  57  Cebus_albifrons                 0.00%    passed     99.26%
  58  Saimiri_sciureus                0.00%    passed     98.09%
  59  Cynocephalus_variegatus         0.00%    passed     98.77%
  60  Nycticebus_coucang              0.00%    passed     99.54%
  61  Loris_tardigradus               0.00%    passed     99.86%
  62  Galago_senegalensis             0.00%    passed    100.00%
  63  Otolemur_crassicaudatus         0.00%    passed     99.39%
  64  Perodicticus_potto              0.00%    passed     99.88%
  65  Lemur_catta                     0.00%    passed     99.94%
  66  Eulemur_mongoz                  0.00%    passed     99.02%
  67  Eulemur_fulvus                  0.00%    passed     99.33%
  68  Eulemur_macaco                  0.00%    passed     99.81%
  69  Varecia_variegata               0.00%    passed     99.61%
  70  Propithecus_coquereli           0.00%    passed    100.00%
  71  Daubentonia_madagascariensis    0.00%    passed     88.42%
  72  Tarsius_bancanus                0.00%    passed     99.95%
  73  Tarsius_syrichta                0.00%    passed     99.96%
  74  Tupaia_belangeri                0.00%    passed     92.28%
  75  Ornithorhynchus_anatinus        0.00%    passed     25.87%
  76  Tachyglossus_aculeatus          0.00%    passed     77.79%
  77  Zaglossus_bruijni               0.00%    passed     79.73%
  78  Didelphis_virginiana            0.00%    passed     99.98%
  79  Metachirus_nudicaudatus         0.00%    passed     99.98%
  80  Thylamys_elegans                0.00%    passed     99.88%
  81  Monodelphis_domestica           0.00%    passed     98.69%
  82  Macropus_robustus               0.00%    passed     99.44%
  83  Lagorchestes_hirsutus           0.00%    passed     99.84%
  84  Lagostrophus_fasciatus          0.00%    passed     97.50%
  85  Potorous_tridactylus            0.00%    passed     99.50%
  86  Trichosurus_vulpecula           0.00%    passed     99.78%
  87  Phalanger_interpositus          0.00%    passed     96.56%
  88  Tarsipes_rostratus              0.00%    passed     93.37%
  89  Pseudocheirus_peregrinus        0.00%    passed     76.73%
  90  Petaurus_breviceps              0.00%    passed     50.93%
  91  Dactylopsila_trivirgata         0.00%    passed     96.60%
  92  Distoechurus_pennatus           0.00%    passed     98.83%
  93  Vombatus_ursinus                0.00%    passed     94.14%
  94  Phascolarctos_cinereus          0.00%    passed     67.60%
  95  Isoodon_macrourus               0.00%    passed     99.56%
  96  Perameles_gunnii                0.00%    passed     98.59%
  97  Echymipera_rufescens            0.00%    passed     92.15%
  98  Macrotis_lagotis                0.00%    passed     96.72%
  99  Dromiciops_gliroides            0.00%    passed     99.02%
 100  Sminthopsis_douglasi            0.00%    passed     73.37%
 101  Sminthopsis_crassicaudata       0.00%    passed     96.88%
 102  Phascogale_tapoatafa            0.00%    passed     98.09%
 103  Dasyurus_hallucatus             0.00%    passed     73.20%
 104  Myrmecobius_fasciatus           0.00%    passed     98.98%
 105  Thylacinus_cynocephalus         0.00%    passed     29.16%
 106  Notoryctes_typhlops             0.00%    passed     65.68%
 107  Caenolestes_fuliginosus         0.00%    passed     99.75%
 108  Rhyncholestes_raphanurus        0.00%    passed     99.90%
 109  Erinaceus_europaeus             0.00%    passed     95.25%
 110  Hemiechinus_auritus             0.00%    passed     94.80%
 111  Echinosorex_gymnura             0.00%    passed     98.81%
 112  Hylomys_suillus                 0.00%    passed     79.95%
 113  Dasypus_novemcinctus            0.00%    passed     99.38%
 114  Tamandua_tetradactyla           0.00%    passed     99.97%
 115  Bradypus_tridactylus            0.00%    passed    100.00%
 116  Choloepus_didactylus            0.00%    passed     99.98%
 117  Loxodonta_africana              0.00%    passed     95.65%
 118  Elephas_maximus                 0.00%    passed     92.34%
 119  Dugong_dugon                    0.00%    passed     99.25%
 120  Trichechus_manatus              0.00%    passed    100.00%
 121  Procavia_capensis               0.00%    passed     99.97%
 122  Dendrohyrax_dorsalis            0.00%    passed     99.99%
 123  Orycteropus_afer                0.00%    passed     99.84%
 124  Macroscelides_proboscideus      0.00%    passed     99.57%
 125  Elephantulus_sp.                0.00%    passed     99.17%
 126  Echinops_telfairi               0.00%    passed     99.32%
 127  Chrysochloris_asiatica          0.00%    passed     99.73%
 128  Eremitalpa_granti               0.00%    passed     99.80%
 129  Talpa_europaea                  0.00%    passed     99.98%
 130  Mogera_wogura                   0.00%    passed     99.17%
 131  Galemys_pyrenaicus              0.00%    passed     94.78%
 132  Urotrichus_talpoides            0.00%    passed     99.56%
 133  Episoriculus_fumidus            0.00%    passed     99.39%
 134  Sorex_unguiculatus              0.00%    passed     98.70%
 135  Crocidura_russula               0.00%    passed     98.94%
 136  Artibeus_jamaicensis            0.00%    passed     98.31%
 137  Mystacina_tuberculata           0.00%    passed     99.03%
 138  Chalinolobus_tuberculatus       0.00%    passed     92.39%
 139  Pipistrellus_abramus            0.00%    passed     96.51%
 140  Pteropus_dasymallus             0.00%    passed     99.54%
 141  Pteropus_scapulatus             0.00%    passed     99.33%
 142  Rousettus_aegyptiacus           0.00%    passed     95.49%
 143  Rhinolophus_monoceros           0.00%    passed     98.29%
 144  Rhinolophus_pumilus             0.00%    passed     98.36%
 145  Rhinolophus_formosae            0.00%    passed     98.74%
 146  Manis_tetradactyla              0.00%    passed     96.78%
 147  Phoca_vitulina                  0.00%    passed    100.00%
 148  Phoca_largha                    0.00%    passed    100.00%
 149  Phoca_sibirica                  0.00%    passed    100.00%
 150  Halichoerus_grypus              0.00%    passed    100.00%
 151  Phoca_caspica                   0.00%    passed    100.00%
 152  Phoca_hispida                   0.00%    passed    100.00%
 153  Phoca_fasciata                  0.00%    passed     99.97%
 154  Phoca_groenlandica              0.00%    passed    100.00%
 155  Cystophora_cristata             0.00%    passed    100.00%
 156  Erignathus_barbatus             0.00%    passed     99.92%
 157  Monachus_schauinslandi          0.00%    passed     99.99%
 158  Mirounga_leonina                0.00%    passed    100.00%
 159  Lobodon_carcinophaga            0.00%    passed    100.00%
 160  Leptonychotes_weddellii         0.00%    passed    100.00%
 161  Hydrurga_leptonyx               0.00%    passed    100.00%
 162  Arctocephalus_forsteri          0.00%    passed     99.91%
 163  Arctocephalus_townsendi         0.00%    passed     99.77%
 164  Phocarctos_hookeri              0.00%    passed     99.85%
 165  Neophoca_cinerea                0.00%    passed     99.46%
 166  Arctocephalus_pusillus          0.00%    passed     99.80%
 167  Zalophus_californianus          0.00%    passed     99.80%
 168  Eumetopias_jubatus              0.00%    passed     99.66%
 169  Callorhinus_ursinus             0.00%    passed     99.98%
 170  Odobenus_rosmarus               0.00%    passed     99.94%
 171  Procyon_lotor                   0.00%    passed    100.00%
 172  Spilogale_putorius              0.00%    passed     99.97%
 173  Martes_melampus                 0.00%    passed     99.93%
 174  Martes_zibellina                0.00%    passed     99.83%
 175  Martes_flavigula                0.00%    passed    100.00%
 176  Gulo_gulo                       0.00%    passed    100.00%
 177  Meles_meles                     0.00%    passed    100.00%
 178  Enhydra_lutris                  0.00%    passed     99.93%
 179  Lutra_lutra                     0.00%    passed    100.00%
 180  Ailurus_fulgens                 0.00%    passed     99.90%
 181  Ursus_americanus                0.00%    passed     99.93%
 182  Ursus_thibetanus                0.00%    passed     99.88%
 183  Helarctos_malayanus             0.00%    passed     99.87%
 184  Ursus_arctos                    0.00%    passed     99.96%
 185  Ursus_maritimus                 0.00%    passed     99.88%
 186  Melursus_ursinus                0.00%    passed     99.96%
 187  Tremarctos_ornatus              0.00%    passed     99.82%
 188  Ailuropoda_melanoleuca          0.00%    passed     99.91%
 189  Canis_lupus                     0.00%    passed     99.35%
 190  Canis_latrans                   0.00%    passed     99.50%
 191  Cuon_alpinus                    0.00%    passed     99.38%
 192  Vulpes_vulpes                   0.00%    passed     96.74%
 193  Nyctereutes_procyonoides        0.00%    passed     99.68%
 194  Felis_catus                     0.00%    passed     99.98%
 195  Acinonyx_jubatus                0.00%    passed     99.99%
 196  Neofelis_nebulosa               0.00%    passed    100.00%
 197  Uncia_uncia                     0.00%    passed    100.00%
 198  Panthera_pardus                 0.00%    passed    100.00%
 199  Panthera_tigris                 0.00%    passed    100.00%
 200  Herpestes_javanicus             0.00%    passed    100.00%
 201  Equus_caballus                  0.00%    passed     99.90%
 202  Equus_asinus                    0.00%    passed     99.97%
 203  Rhinoceros_unicornis            0.00%    passed     99.99%
 204  Rhinoceros_sondaicus            0.00%    passed     99.91%
 205  Ceratotherium_simum             0.00%    passed     99.99%
 206  Diceros_bicornis                0.00%    passed     99.71%
 207  Dicerorhinus_sumatrensis        0.00%    passed     99.79%
 208  Hippopotamus_amphibius          0.00%    passed     99.99%
 209  Balaenoptera_physalus           0.00%    passed    100.00%
 210  Megaptera_novaeangliae          0.00%    passed    100.00%
 211  Balaenoptera_acutorostrata      0.00%    passed     99.34%
 212  Balaenoptera_bonaerensis        0.00%    passed     99.86%
 213  Balaenoptera_musculus           0.00%    passed     99.99%
 214  Balaenoptera_brydei             0.00%    passed    100.00%
 215  Balaenoptera_edeni              0.00%    passed    100.00%
 216  Balaenoptera_borealis           0.00%    passed     99.99%
 217  Balaenoptera_omurai             0.00%    passed    100.00%
 218  Eschrichtius_robustus           0.00%    passed    100.00%
 219  Caperea_marginata               0.00%    passed     99.99%
 220  Balaena_mysticetus              0.00%    passed    100.00%
 221  Eubalaena_australis             0.00%    passed    100.00%
 222  Eubalaena_japonica              0.00%    passed    100.00%
 223  Physeter_catodon                0.00%    passed     99.98%
 224  Kogia_breviceps                 0.00%    passed    100.00%
 225  Hyperoodon_ampullatus           0.00%    passed    100.00%
 226  Berardius_bairdii               0.00%    passed    100.00%
 227  Platanista_minor                0.00%    passed    100.00%
 228  Inia_geoffrensis                0.00%    passed     99.95%
 229  Pontoporia_blainvillei          0.00%    passed     99.06%
 230  Lipotes_vexillifer              0.00%    passed     99.97%
 231  Lagenorhynchus_albirostris      0.00%    passed     99.98%
 232  Stenella_attenuata              0.00%    passed    100.00%
 233  Stenella_coeruleoalba           0.00%    passed     99.99%
 234  Tursiops_aduncus                0.00%    passed     99.99%
 235  Delphinus_capensis              0.00%    passed     99.99%
 236  Tursiops_truncatus              0.00%    passed     99.99%
 237  Sousa_chinensis                 0.00%    passed     99.98%
 238  Grampus_griseus                 0.00%    passed    100.00%
 239  Phocoena_phocoena               0.00%    passed     99.87%
 240  Monodon_monoceros               0.00%    passed     99.93%
 241  Ovis_aries                      0.00%    passed     97.95%
 242  Ammotragus_lervia               0.00%    passed     99.25%
 243  Budorcas_taxicolor              0.00%    passed     99.83%
 244  Capra_hircus                    0.00%    passed     99.85%
 245  Naemorhedus_swinhoei            0.00%    passed    100.00%
 246  Capricornis_crispus             0.00%    passed     99.82%
 247  Naemorhedus_caudatus            0.00%    passed     99.76%
 248  Pantholops_hodgsonii            0.00%    passed     99.97%
 249  Antilope_cervicapra             0.00%    passed     99.95%
 250  Bos_indicus                     0.00%    passed     99.82%
 251  Bos_taurus                      0.00%    passed     99.82%
 252  Bison_bonasus                   0.00%    passed     99.97%
 253  Bos_grunniens                   0.00%    passed     99.80%
 254  Bison_bison                     0.00%    passed     99.77%
 255  Bubalus_bubalis                 0.00%    passed     99.99%
 256  Moschus_berezovskii             0.00%    passed     99.98%
 257  Moschus_moschiferus             0.00%    passed     99.97%
 258  Muntiacus_reevesi               0.00%    passed     99.99%
 259  Muntiacus_muntjak               0.00%    passed     99.94%
 260  Muntiacus_crinifrons            0.00%    passed     99.99%
 261  Cervus_nippon                   0.00%    passed     99.99%
 262  Cervus_elaphus                  0.00%    passed    100.00%
 263  Cervus_unicolor                 0.00%    passed     99.99%
 264  Elaphodus_cephalophus           0.00%    passed    100.00%
 265  Rangifer_tarandus               0.00%    passed     99.96%
 266  Hydropotes_inermis              0.00%    passed     99.67%
 267  Giraffa_camelopardalis          0.00%    passed    100.00%
 268  Lama_pacos                      0.00%    passed    100.00%
 269  Lama_glama                      0.00%    passed    100.00%
 270  Lama_guanicoe                   0.00%    passed    100.00%
 271  Vicugna_vicugna                 0.00%    passed    100.00%
 272  Camelus_bactrianus              0.00%    passed    100.00%
 273  Camelus_dromedarius             0.00%    passed    100.00%
 274  Pecari_tajacu                   0.00%    passed    100.00%
****  TOTAL                           0.00%  0 sequences failed composition chi2 test (p-value<5%; df=19)
NOTE: Phoca_largha is identical to Phoca_vitulina but kept for subsequent analysis
NOTE: Phoca_caspica is identical to Phoca_sibirica but kept for subsequent analysis
NOTE: Bos_taurus is identical to Bos_indicus but kept for subsequent analysis
NOTE: Lama_guanicoe is identical to Lama_glama but kept for subsequent analysis

Create initial parsimony tree by phylogenetic likelihood library (PLL)... 0.092 seconds
Generating 1000 samples for ultrafast bootstrap (seed: 995713)...
WARNING: GTR20 model will estimate 189 substitution rates that might be overfitting!
WARNING: Please only use GTR20 with very large data and always test for model fit!

NOTE: 12 MB RAM (0 GB) is required!
Measuring multi-threading efficiency up to 8 CPU cores
Increase to 10 rounds for branch lengths
19 trees examined
Threads: 1 / Time: 8.419 sec / Speedup: 1.000 / Efficiency: 100% / LogL: -67050
Threads: 2 / Time: 5.253 sec / Speedup: 1.603 / Efficiency: 80% / LogL: -67050
Threads: 3 / Time: 4.859 sec / Speedup: 1.733 / Efficiency: 58% / LogL: -67050
Threads: 4 / Time: 4.939 sec / Speedup: 1.705 / Efficiency: 43% / LogL: -67050
BEST NUMBER OF THREADS: 3

Estimate model parameters (epsilon = 0.100)
1. Initial log-likelihood: -29250.283
2. Current log-likelihood: -27227.478
3. Current log-likelihood: -26941.930
4. Current log-likelihood: -26877.481
5. Current log-likelihood: -26863.519
6. Current log-likelihood: -26856.101
7. Current log-likelihood: -26845.088
8. Current log-likelihood: -26843.366
9. Current log-likelihood: -26840.303
10. Current log-likelihood: -26839.222
11. Current log-likelihood: -26837.921
12. Current log-likelihood: -26836.580
13. Current log-likelihood: -26836.045
14. Current log-likelihood: -26835.350
15. Current log-likelihood: -26834.911
16. Current log-likelihood: -26834.385
17. Current log-likelihood: -26834.192
18. Current log-likelihood: -26833.953
19. Current log-likelihood: -26833.062
20. Current log-likelihood: -26832.427
21. Current log-likelihood: -26831.790
22. Current log-likelihood: -26831.584
23. Current log-likelihood: -26831.025
24. Current log-likelihood: -26829.470
25. Current log-likelihood: -26829.363
Optimal log-likelihood: -26829.292
Parameters optimization took 25 rounds (132.724 sec)
Computing ML distances based on estimated model parameters... 4.857 sec
Computing BIONJ tree...
0.073 seconds
Log-likelihood of BIONJ tree: -26906.257
--------------------------------------------------------------------
|             INITIALIZING CANDIDATE TREE SET                      |
--------------------------------------------------------------------
Generating 98 parsimony trees... 9.293 second
Computing log-likelihood of 98 initial trees ... 6.078 seconds
Current best score: -26821.532

Do NNI search on 20 best initial trees
Estimate model parameters (epsilon = 0.100)
BETTER TREE FOUND at iteration 1: -26815.901
BETTER TREE FOUND at iteration 2: -26815.901
Iteration 10 / LogL: -26815.901 / Time: 0h:3m:26s
BETTER TREE FOUND at iteration 19: -26815.901
BETTER TREE FOUND at iteration 20: -26815.901
Iteration 20 / LogL: -26815.901 / Time: 0h:3m:34s
Finish initializing candidate tree set (15)
Current best tree score: -26815.901 / CPU time: 51.242
Number of iterations: 20
--------------------------------------------------------------------
|               OPTIMIZING CANDIDATE TREE SET                      |
--------------------------------------------------------------------
UPDATE BEST LOG-LIKELIHOOD: -26815.901
BETTER TREE FOUND at iteration 27: -26815.900
Iteration 30 / LogL: -26816.597 / Time: 0h:3m:40s (0h:12m:2s left)
UPDATE BEST LOG-LIKELIHOOD: -26815.900
Iteration 40 / LogL: -26815.900 / Time: 0h:3m:47s (0h:8m:17s left)
UPDATE BEST LOG-LIKELIHOOD: -26815.899
BETTER TREE FOUND at iteration 46: -26815.899
Iteration 50 / LogL: -26815.899 / Time: 0h:3m:54s (0h:7m:29s left)
Log-likelihood cutoff on original alignment: -26853.771
UPDATE BEST LOG-LIKELIHOOD: -26815.899
UPDATE BEST LOG-LIKELIHOOD: -26815.899
Iteration 60 / LogL: -26815.899 / Time: 0h:4m:2s (0h:5m:45s left)
Iteration 70 / LogL: -26815.899 / Time: 0h:4m:8s (0h:4m:28s left)
UPDATE BEST LOG-LIKELIHOOD: -26815.899
UPDATE BEST LOG-LIKELIHOOD: -26815.899
UPDATE BEST LOG-LIKELIHOOD: -26815.898
Iteration 80 / LogL: -26815.899 / Time: 0h:4m:15s (0h:3m:29s left)
Iteration 90 / LogL: -26829.460 / Time: 0h:4m:22s (0h:2m:42s left)
Iteration 100 / LogL: -26817.632 / Time: 0h:4m:29s (0h:2m:2s left)
Log-likelihood cutoff on original alignment: -26854.868
NOTE: Bootstrap correlation coefficient of split occurrence frequencies: 0.999
UPDATE BEST LOG-LIKELIHOOD: -26815.898
Iteration 110 / LogL: -26815.899 / Time: 0h:4m:37s (0h:3m:44s left)
UPDATE BEST LOG-LIKELIHOOD: -26815.898
Iteration 120 / LogL: -26818.329 / Time: 0h:4m:44s (0h:3m:7s left)
Iteration 130 / LogL: -26817.632 / Time: 0h:4m:50s (0h:2m:35s left)
Iteration 140 / LogL: -26815.900 / Time: 0h:4m:57s (0h:2m:6s left)
TREE SEARCH COMPLETED AFTER 147 ITERATIONS / Time: 0h:5m:2s

--------------------------------------------------------------------
|                    FINALIZING TREE SEARCH                        |
--------------------------------------------------------------------
Performs final model parameters optimization
Estimate model parameters (epsilon = 0.010)
1. Initial log-likelihood: -26815.898
2. Current log-likelihood: -26815.845
3. Current log-likelihood: -26815.797
4. Current log-likelihood: -26815.712
5. Current log-likelihood: -26815.624
6. Current log-likelihood: -26813.689
7. Current log-likelihood: -26812.345
8. Current log-likelihood: -26811.632
9. Current log-likelihood: -26811.438
10. Current log-likelihood: -26811.428
11. Current log-likelihood: -26811.193
12. Current log-likelihood: -26811.114
13. Current log-likelihood: -26811.081
Optimal log-likelihood: -26811.076
Parameters optimization took 13 rounds (36.207 sec)
BEST SCORE FOUND : -26811.076
Creating bootstrap support values...
Split supports printed to NEXUS file /csm_data/spielman_lab/aa_phylo_fit_topology//simulations/alignments/LAC_dosreis_rep10_AA.fasta.splits.nex
Total tree length: 18.056

Total number of iterations: 147
CPU time used for tree search: 395.283 sec (0h:6m:35s)
Wall-clock time used for tree search: 139.600 sec (0h:2m:19s)
Total CPU time used: 1109.672 sec (0h:18m:29s)
Total wall-clock time used: 339.724 sec (0h:5m:39s)

Computing bootstrap consensus tree...
Reading input file /csm_data/spielman_lab/aa_phylo_fit_topology//simulations/alignments/LAC_dosreis_rep10_AA.fasta.splits.nex...
274 taxa and 882 splits.
Consensus tree written to /csm_data/spielman_lab/aa_phylo_fit_topology//simulations/alignments/LAC_dosreis_rep10_AA.fasta.contree
Reading input trees file /csm_data/spielman_lab/aa_phylo_fit_topology//simulations/alignments/LAC_dosreis_rep10_AA.fasta.contree
Log-likelihood of consensus tree: -26811.079

Analysis results written to: 
  IQ-TREE report:                /csm_data/spielman_lab/aa_phylo_fit_topology//simulations/alignments/LAC_dosreis_rep10_AA.fasta.iqtree
  Maximum-likelihood tree:       /csm_data/spielman_lab/aa_phylo_fit_topology//simulations/alignments/LAC_dosreis_rep10_AA.fasta.treefile
  Likelihood distances:          /csm_data/spielman_lab/aa_phylo_fit_topology//simulations/alignments/LAC_dosreis_rep10_AA.fasta.mldist

Ultrafast bootstrap approximation results written to:
  Split support values:          /csm_data/spielman_lab/aa_phylo_fit_topology//simulations/alignments/LAC_dosreis_rep10_AA.fasta.splits.nex
  Consensus tree:                /csm_data/spielman_lab/aa_phylo_fit_topology//simulations/alignments/LAC_dosreis_rep10_AA.fasta.contree
  Screen log file:               /csm_data/spielman_lab/aa_phylo_fit_topology//simulations/alignments/LAC_dosreis_rep10_AA.fasta.log

Date and Time: Mon Nov 25 16:00:07 2019
