IQ-TREE multicore version 1.6.7 for Linux 64-bit built Aug 23 2018
Developed by Bui Quang Minh, Nguyen Lam Tung, Olga Chernomor,
Heiko Schmidt, Dominik Schrempf, Michael Woodhams.

Host:    csm-com-006 (AVX2, FMA3, 62 GB RAM)
Command: iqtree -quiet -nt AUTO -ntmax 8 -m mtREV+I+G4 -s /csm_data/spielman_lab/aa_phylo_fit_topology//simulations/alignments/LAC_opisthokonta_rep6_AA.fasta -st AA -redo -bb 1000
Seed:    58507 (Using SPRNG - Scalable Parallel Random Number Generator)
Time:    Mon Nov 25 10:45:20 2019
Kernel:  AVX+FMA - auto-detect threads (48 CPU cores detected)

Reading alignment file /csm_data/spielman_lab/aa_phylo_fit_topology//simulations/alignments/LAC_opisthokonta_rep6_AA.fasta ... Fasta format detected
Alignment most likely contains protein sequences
Alignment has 70 sequences with 262 columns, 261 distinct patterns
242 parsimony-informative, 10 singleton sites, 10 constant sites
                                  Gap/Ambiguity  Composition  p-value
   1  Oscarella_carmela                   0.00%    passed     94.59%
   2  Leucetta_chagosensis                0.00%    passed     48.46%
   3  Sycon_raphanus                      0.00%    passed     91.47%
   4  Oopsacas_minuta                     0.00%    passed     92.53%
   5  Carteriospongia_foliascens          0.00%    passed     90.95%
   6  Amphimedon_queenslandica            0.00%    passed     24.41%
   7  Suberites_domuncula                 0.00%    passed     86.32%
   8  Lubomirskia_baicalensis             0.00%    passed     75.90%
   9  Ephydatia_muelleri                  0.00%    passed     76.40%
  10  Trichoplax_adhaerens                0.00%    passed     87.74%
  11  Nematostella_vectensis              0.00%    passed     96.75%
  12  Anemonia_viridis                    0.00%    passed     93.49%
  13  Aiptasia_pallida                    0.00%    passed     99.82%
  14  Metridium_senile                    0.00%    passed     99.63%
  15  Acropora_palmata                    0.00%    passed     84.52%
  16  Acropora_millepora                  0.00%    passed     71.75%
  17  Porites_astreoides                  0.00%    passed     94.46%
  18  Montastraea_faveolata               0.00%    passed     85.08%
  19  Cyanea_capillata                    0.00%    passed     99.77%
  20  Clytia_hemisphaerica                0.00%    passed     77.28%
  21  Podocoryna_carnea                   0.00%    passed     97.39%
  22  Hydractinia_echinata                0.00%    passed     57.55%
  23  Hydra_magnipapillata                0.00%    passed     99.37%
  24  Saccoglossus_kowalevskii            0.00%    passed     79.50%
  25  Ptychodera_flava                    0.00%    passed     59.65%
  26  Strongylocentrotus_purpuratus       0.00%    passed     83.10%
  27  Asterina_pectinifera                0.00%    passed     92.53%
  28  Branchiostoma_floridae              0.00%    passed     98.90%
  29  Petromyzon_marinus                  0.00%    passed     96.11%
  30  Gallus                              0.00%    passed     99.48%
  31  Ciona_intestinalis                  0.00%    passed     98.25%
  32  Halocynthia_roretzi                 0.00%    passed     66.04%
  33  Anoplodactylus_eroticus             0.00%    passed     98.57%
  34  Boophilus_microplus                 0.00%    passed     98.45%
  35  Daphnia_pulex                       0.00%    passed     92.10%
  36  Drosophila_melanogaster             0.00%    passed     92.24%
  37  Euperipatoides_kanangrensis         0.00%    passed     86.96%
  38  Echinoderes_horni                   0.00%    passed     49.11%
  39  Xiphinema_index                     0.00%    passed     72.34%
  40  Cerebratulus_lacteus                0.00%    passed     96.06%
  41  Terebratalia_transversa             0.00%    passed     94.09%
  42  Lottia_gigantea                     0.00%    passed     74.83%
  43  Crassostrea_virginica               0.00%    passed     81.81%
  44  Euprymna_scolopes                   0.00%    passed     68.10%
  45  Capitella_telata                    0.00%    passed     96.37%
  46  Helobdella_robusta                  0.00%    passed     97.68%
  47  Schmidtea_mediterranea              0.00%    passed     56.44%
  48  Paraplanocera_oligoglena            0.00%    passed     99.50%
  49  Xenoturbella_bocki                  0.00%    passed     95.95%
  50  Nemertoderma_westbladi              0.00%    passed     99.68%
  51  Meara_stichopi                      0.00%    passed     96.81%
  52  Isodiametra_pulchra                 0.00%    passed     17.53%
  53  Symsagittifera_roscoffensis         0.00%    passed     95.84%
  54  Convolutriloba_longifissura         0.00%    passed     61.86%
  55  Capsaspora_owczarzaki_ATCC_30864    0.00%    passed     87.10%
  56  Amoebidium_parasiticum              0.00%    passed     17.40%
  57  Sphaeroforma_arctica                0.00%    passed     24.29%
  58  Spizellomyces_punctatus             0.00%    passed     88.79%
  59  Batrachochytrium_dendrobatidis      0.00%    passed     86.20%
  60  Cryptococcus_neoformans             0.00%    passed     81.10%
  61  Saccharomyces_cerevisiae            0.00%    passed     12.08%
  62  Phycomyces_blakesleeanus            0.00%    passed     78.15%
  63  Rhizopus_orizae                     0.00%    passed     99.58%
  64  Monosiga_ovata                      0.00%    passed     83.87%
  65  Salpingoeca_rosetta                 0.00%    passed     90.77%
  66  Monosiga_brevicollis                0.00%    passed     91.23%
  67  Mnemiopsis                          0.00%    passed     59.09%
  68  Mertensiid_sp                       0.00%    passed     99.61%
  69  Pleurobrachia_pileus                0.00%    passed     72.46%
  70  Oscarella_lobularis                 0.00%    passed     71.63%
****  TOTAL                               0.00%  0 sequences failed composition chi2 test (p-value<5%; df=19)

Create initial parsimony tree by phylogenetic likelihood library (PLL)... 0.012 seconds
Generating 1000 samples for ultrafast bootstrap (seed: 58507)...

NOTE: 13 MB RAM (0 GB) is required!
Measuring multi-threading efficiency up to 8 CPU cores
Increase to 10 rounds for branch lengths
20 trees examined
Threads: 1 / Time: 8.168 sec / Speedup: 1.000 / Efficiency: 100% / LogL: -31151
Threads: 2 / Time: 4.470 sec / Speedup: 1.827 / Efficiency: 91% / LogL: -31151
Threads: 3 / Time: 3.502 sec / Speedup: 2.332 / Efficiency: 78% / LogL: -31151
Threads: 4 / Time: 2.644 sec / Speedup: 3.089 / Efficiency: 77% / LogL: -31151
Threads: 5 / Time: 2.987 sec / Speedup: 2.734 / Efficiency: 55% / LogL: -31151
BEST NUMBER OF THREADS: 4

Estimate model parameters (epsilon = 0.100)
Thoroughly optimizing +I+G parameters from 10 start values...
Init pinv, alpha: 0.000, 1.000 / Estimate: 0.027, 1.148 / LogL: -26496.280
Init pinv, alpha: 0.004, 1.000 / Estimate: 0.028, 1.149 / LogL: -26496.282
Init pinv, alpha: 0.008, 1.000 / Estimate: 0.028, 1.149 / LogL: -26496.282
Init pinv, alpha: 0.013, 1.000 / Estimate: 0.028, 1.149 / LogL: -26496.282
Init pinv, alpha: 0.017, 1.000 / Estimate: 0.028, 1.153 / LogL: -26496.304
Init pinv, alpha: 0.021, 1.000 / Estimate: 0.028, 1.153 / LogL: -26496.303
Init pinv, alpha: 0.025, 1.000 / Estimate: 0.028, 1.153 / LogL: -26496.302
Init pinv, alpha: 0.030, 1.000 / Estimate: 0.028, 1.153 / LogL: -26496.302
Init pinv, alpha: 0.034, 1.000 / Estimate: 0.028, 1.153 / LogL: -26496.301
Init pinv, alpha: 0.038, 1.000 / Estimate: 0.028, 1.153 / LogL: -26496.301
Optimal pinv,alpha: 0.027, 1.148 / LogL: -26496.280

Parameters optimization took 2.881 sec
Computing ML distances based on estimated model parameters... 2.213 sec
Computing BIONJ tree...
0.005 seconds
Log-likelihood of BIONJ tree: -26481.613
--------------------------------------------------------------------
|             INITIALIZING CANDIDATE TREE SET                      |
--------------------------------------------------------------------
Generating 98 parsimony trees... 2.029 second
Computing log-likelihood of 98 initial trees ... 2.922 seconds
Current best score: -26467.937

Do NNI search on 20 best initial trees
Estimate model parameters (epsilon = 0.100)
BETTER TREE FOUND at iteration 1: -26433.238
Estimate model parameters (epsilon = 0.100)
BETTER TREE FOUND at iteration 3: -26431.776
Estimate model parameters (epsilon = 0.100)
BETTER TREE FOUND at iteration 5: -26429.569
Iteration 10 / LogL: -26429.938 / Time: 0h:0m:32s
Iteration 20 / LogL: -26439.638 / Time: 0h:0m:34s
Finish initializing candidate tree set (11)
Current best tree score: -26429.569 / CPU time: 9.015
Number of iterations: 20
--------------------------------------------------------------------
|               OPTIMIZING CANDIDATE TREE SET                      |
--------------------------------------------------------------------
Estimate model parameters (epsilon = 0.100)
UPDATE BEST LOG-LIKELIHOOD: -26429.315
Estimate model parameters (epsilon = 0.100)
BETTER TREE FOUND at iteration 30: -26427.113
Iteration 30 / LogL: -26427.113 / Time: 0h:0m:37s (0h:2m:9s left)
Iteration 40 / LogL: -26429.345 / Time: 0h:0m:40s (0h:1m:33s left)
Iteration 50 / LogL: -26441.188 / Time: 0h:0m:43s (0h:1m:10s left)
Log-likelihood cutoff on original alignment: -26488.961
Iteration 60 / LogL: -26429.761 / Time: 0h:0m:46s (0h:0m:55s left)
Estimate model parameters (epsilon = 0.100)
BETTER TREE FOUND at iteration 64: -26427.030
Iteration 70 / LogL: -26448.457 / Time: 0h:0m:50s (0h:1m:7s left)
Iteration 80 / LogL: -26429.982 / Time: 0h:0m:53s (0h:0m:56s left)
Iteration 90 / LogL: -26429.522 / Time: 0h:0m:56s (0h:0m:46s left)
Iteration 100 / LogL: -26430.605 / Time: 0h:0m:59s (0h:0m:38s left)
Log-likelihood cutoff on original alignment: -26488.961
NOTE: Bootstrap correlation coefficient of split occurrence frequencies: 0.998
Iteration 110 / LogL: -26429.458 / Time: 0h:1m:2s (0h:0m:51s left)
Iteration 120 / LogL: -26429.309 / Time: 0h:1m:5s (0h:0m:43s left)
Iteration 130 / LogL: -26429.645 / Time: 0h:1m:8s (0h:0m:36s left)
Iteration 140 / LogL: -26427.214 / Time: 0h:1m:11s (0h:0m:30s left)
Iteration 150 / LogL: -26430.281 / Time: 0h:1m:13s (0h:0m:24s left)
Log-likelihood cutoff on original alignment: -26488.961
Iteration 160 / LogL: -26427.043 / Time: 0h:1m:17s (0h:0m:19s left)
TREE SEARCH COMPLETED AFTER 165 ITERATIONS / Time: 0h:1m:18s

--------------------------------------------------------------------
|                    FINALIZING TREE SEARCH                        |
--------------------------------------------------------------------
Performs final model parameters optimization
Estimate model parameters (epsilon = 0.010)
1. Initial log-likelihood: -26427.030
Optimal log-likelihood: -26427.030
Proportion of invariable sites: 0.027
Gamma shape alpha: 1.117
Parameters optimization took 1 rounds (0.050 sec)
BEST SCORE FOUND : -26427.030
Creating bootstrap support values...
Split supports printed to NEXUS file /csm_data/spielman_lab/aa_phylo_fit_topology//simulations/alignments/LAC_opisthokonta_rep6_AA.fasta.splits.nex
Total tree length: 48.238

Total number of iterations: 165
CPU time used for tree search: 206.053 sec (0h:3m:26s)
Wall-clock time used for tree search: 53.159 sec (0h:0m:53s)
Total CPU time used: 283.208 sec (0h:4m:43s)
Total wall-clock time used: 79.054 sec (0h:1m:19s)

Computing bootstrap consensus tree...
Reading input file /csm_data/spielman_lab/aa_phylo_fit_topology//simulations/alignments/LAC_opisthokonta_rep6_AA.fasta.splits.nex...
70 taxa and 356 splits.
Consensus tree written to /csm_data/spielman_lab/aa_phylo_fit_topology//simulations/alignments/LAC_opisthokonta_rep6_AA.fasta.contree
Reading input trees file /csm_data/spielman_lab/aa_phylo_fit_topology//simulations/alignments/LAC_opisthokonta_rep6_AA.fasta.contree
Log-likelihood of consensus tree: -26427.030

Analysis results written to: 
  IQ-TREE report:                /csm_data/spielman_lab/aa_phylo_fit_topology//simulations/alignments/LAC_opisthokonta_rep6_AA.fasta.iqtree
  Maximum-likelihood tree:       /csm_data/spielman_lab/aa_phylo_fit_topology//simulations/alignments/LAC_opisthokonta_rep6_AA.fasta.treefile
  Likelihood distances:          /csm_data/spielman_lab/aa_phylo_fit_topology//simulations/alignments/LAC_opisthokonta_rep6_AA.fasta.mldist

Ultrafast bootstrap approximation results written to:
  Split support values:          /csm_data/spielman_lab/aa_phylo_fit_topology//simulations/alignments/LAC_opisthokonta_rep6_AA.fasta.splits.nex
  Consensus tree:                /csm_data/spielman_lab/aa_phylo_fit_topology//simulations/alignments/LAC_opisthokonta_rep6_AA.fasta.contree
  Screen log file:               /csm_data/spielman_lab/aa_phylo_fit_topology//simulations/alignments/LAC_opisthokonta_rep6_AA.fasta.log

Date and Time: Mon Nov 25 10:46:39 2019
