IQ-TREE multicore version 1.6.7 for Linux 64-bit built Aug 23 2018
Developed by Bui Quang Minh, Nguyen Lam Tung, Olga Chernomor,
Heiko Schmidt, Dominik Schrempf, Michael Woodhams.

Host:    csm-com-011 (AVX2, FMA3, 62 GB RAM)
Command: iqtree -quiet -nt AUTO -ntmax 8 -m Dayhoff -s /csm_data/spielman_lab/aa_phylo_fit_topology//simulations/alignments/LAC_salichos_rep20_AA.fasta -st AA -redo -bb 1000
Seed:    446581 (Using SPRNG - Scalable Parallel Random Number Generator)
Time:    Mon Nov 25 22:25:11 2019
Kernel:  AVX+FMA - auto-detect threads (48 CPU cores detected)

Reading alignment file /csm_data/spielman_lab/aa_phylo_fit_topology//simulations/alignments/LAC_salichos_rep20_AA.fasta ... Fasta format detected
Alignment most likely contains protein sequences
Alignment has 23 sequences with 262 columns, 252 distinct patterns
229 parsimony-informative, 11 singleton sites, 22 constant sites
      Gap/Ambiguity  Composition  p-value
   1  Agos    0.00%    passed     98.68%
   2  Klac    0.00%    passed     93.10%
   3  Calb    0.00%    passed     67.72%
   4  Cdub    0.00%    passed     82.19%
   5  Ctro    0.00%    passed     87.30%
   6  Cpar    0.00%    passed     47.09%
   7  Lelo    0.00%    passed     99.11%
   8  Psti    0.00%    passed     96.41%
   9  Cgui    0.00%    passed     75.45%
  10  Dhan    0.00%    passed     94.48%
  11  Clus    0.00%    passed     75.88%
  12  Cgla    0.00%    passed     91.50%
  13  Sbay    0.00%    passed     74.25%
  14  Scer    0.00%    passed     89.14%
  15  Spar    0.00%    passed     88.35%
  16  Smik    0.00%    passed     84.71%
  17  Skud    0.00%    passed     57.84%
  18  Scas    0.00%    passed     58.93%
  19  Kpol    0.00%    passed     68.69%
  20  Zrou    0.00%    passed     25.77%
  21  Kthe    0.00%    passed     74.47%
  22  Kwal    0.00%    passed     73.62%
  23  Sklu    0.00%    passed     89.45%
****  TOTAL    0.00%  0 sequences failed composition chi2 test (p-value<5%; df=19)

Create initial parsimony tree by phylogenetic likelihood library (PLL)... 0.003 seconds
Generating 1000 samples for ultrafast bootstrap (seed: 446581)...

NOTE: 2 MB RAM (0 GB) is required!
Measuring multi-threading efficiency up to 8 CPU cores
Increase to 10 rounds for branch lengths
284 trees examined
Threads: 1 / Time: 8.015 sec / Speedup: 1.000 / Efficiency: 100% / LogL: -11779
Threads: 2 / Time: 5.531 sec / Speedup: 1.449 / Efficiency: 72% / LogL: -11779
Threads: 3 / Time: 5.288 sec / Speedup: 1.516 / Efficiency: 51% / LogL: -11779
Threads: 4 / Time: 4.793 sec / Speedup: 1.672 / Efficiency: 42% / LogL: -11779
BEST NUMBER OF THREADS: 2

Estimate model parameters (epsilon = 0.100)
1. Initial log-likelihood: -9740.614
Optimal log-likelihood: -9616.546
Parameters optimization took 1 rounds (0.008 sec)
Computing ML distances based on estimated model parameters... 0.087 sec
Computing BIONJ tree...
0.002 seconds
Log-likelihood of BIONJ tree: -9617.581
--------------------------------------------------------------------
|             INITIALIZING CANDIDATE TREE SET                      |
--------------------------------------------------------------------
Generating 98 parsimony trees... 0.273 second
Computing log-likelihood of 98 initial trees ... 0.450 seconds
Current best score: -9616.546

Do NNI search on 20 best initial trees
Estimate model parameters (epsilon = 0.100)
BETTER TREE FOUND at iteration 1: -9612.405
Iteration 10 / LogL: -9612.407 / Time: 0h:0m:24s
Iteration 20 / LogL: -9617.281 / Time: 0h:0m:25s
Finish initializing candidate tree set (6)
Current best tree score: -9612.405 / CPU time: 1.486
Number of iterations: 20
--------------------------------------------------------------------
|               OPTIMIZING CANDIDATE TREE SET                      |
--------------------------------------------------------------------
Iteration 30 / LogL: -9612.452 / Time: 0h:0m:25s (0h:1m:2s left)
Iteration 40 / LogL: -9612.588 / Time: 0h:0m:26s (0h:0m:40s left)
Iteration 50 / LogL: -9612.415 / Time: 0h:0m:26s (0h:0m:27s left)
Log-likelihood cutoff on original alignment: -9648.216
Iteration 60 / LogL: -9612.407 / Time: 0h:0m:27s (0h:0m:18s left)
Iteration 70 / LogL: -9612.408 / Time: 0h:0m:27s (0h:0m:12s left)
Iteration 80 / LogL: -9612.429 / Time: 0h:0m:28s (0h:0m:7s left)
Iteration 90 / LogL: -9612.573 / Time: 0h:0m:28s (0h:0m:3s left)
Iteration 100 / LogL: -9612.433 / Time: 0h:0m:29s (0h:0m:0s left)
Log-likelihood cutoff on original alignment: -9648.216
NOTE: Bootstrap correlation coefficient of split occurrence frequencies: 0.999
TREE SEARCH COMPLETED AFTER 102 ITERATIONS / Time: 0h:0m:29s

--------------------------------------------------------------------
|                    FINALIZING TREE SEARCH                        |
--------------------------------------------------------------------
Performs final model parameters optimization
Estimate model parameters (epsilon = 0.010)
1. Initial log-likelihood: -9612.405
Optimal log-likelihood: -9612.405
Parameters optimization took 1 rounds (0.004 sec)
BEST SCORE FOUND : -9612.405
Creating bootstrap support values...
Split supports printed to NEXUS file /csm_data/spielman_lab/aa_phylo_fit_topology//simulations/alignments/LAC_salichos_rep20_AA.fasta.splits.nex
Total tree length: 9.160

Total number of iterations: 102
CPU time used for tree search: 11.388 sec (0h:0m:11s)
Wall-clock time used for tree search: 5.607 sec (0h:0m:5s)
Total CPU time used: 69.589 sec (0h:1m:9s)
Total wall-clock time used: 29.494 sec (0h:0m:29s)

Computing bootstrap consensus tree...
Reading input file /csm_data/spielman_lab/aa_phylo_fit_topology//simulations/alignments/LAC_salichos_rep20_AA.fasta.splits.nex...
23 taxa and 116 splits.
Consensus tree written to /csm_data/spielman_lab/aa_phylo_fit_topology//simulations/alignments/LAC_salichos_rep20_AA.fasta.contree
Reading input trees file /csm_data/spielman_lab/aa_phylo_fit_topology//simulations/alignments/LAC_salichos_rep20_AA.fasta.contree
Log-likelihood of consensus tree: -9612.405

Analysis results written to: 
  IQ-TREE report:                /csm_data/spielman_lab/aa_phylo_fit_topology//simulations/alignments/LAC_salichos_rep20_AA.fasta.iqtree
  Maximum-likelihood tree:       /csm_data/spielman_lab/aa_phylo_fit_topology//simulations/alignments/LAC_salichos_rep20_AA.fasta.treefile
  Likelihood distances:          /csm_data/spielman_lab/aa_phylo_fit_topology//simulations/alignments/LAC_salichos_rep20_AA.fasta.mldist

Ultrafast bootstrap approximation results written to:
  Split support values:          /csm_data/spielman_lab/aa_phylo_fit_topology//simulations/alignments/LAC_salichos_rep20_AA.fasta.splits.nex
  Consensus tree:                /csm_data/spielman_lab/aa_phylo_fit_topology//simulations/alignments/LAC_salichos_rep20_AA.fasta.contree
  Screen log file:               /csm_data/spielman_lab/aa_phylo_fit_topology//simulations/alignments/LAC_salichos_rep20_AA.fasta.log

Date and Time: Mon Nov 25 22:25:40 2019
