IQ-TREE multicore version 1.6.7 for Linux 64-bit built Aug 23 2018
Developed by Bui Quang Minh, Nguyen Lam Tung, Olga Chernomor,
Heiko Schmidt, Dominik Schrempf, Michael Woodhams.

Host:    csm-com-008 (AVX2, FMA3, 62 GB RAM)
Command: iqtree -quiet -nt AUTO -ntmax 8 -m mtART -s /csm_data/spielman_lab/aa_phylo_fit_topology//simulations/alignments/LAC_andersen_rep8_AA.fasta -st AA -redo -bb 1000
Seed:    142509 (Using SPRNG - Scalable Parallel Random Number Generator)
Time:    Mon Nov 25 16:11:51 2019
Kernel:  AVX+FMA - auto-detect threads (48 CPU cores detected)

Reading alignment file /csm_data/spielman_lab/aa_phylo_fit_topology//simulations/alignments/LAC_andersen_rep8_AA.fasta ... Fasta format detected
Alignment most likely contains protein sequences
Alignment has 179 sequences with 262 columns, 257 distinct patterns
227 parsimony-informative, 16 singleton sites, 19 constant sites
                      Gap/Ambiguity  Composition  p-value
   1  BA366-S-GIN-2003        0.00%    passed     83.86%
   2  G502-S-SLE-2009         0.00%    passed     99.23%
   3  G1180-S-SLE-2010        0.00%    passed     99.23%
   4  G2147-S-SLE-2011        0.00%    passed     98.93%
   5  G2165-S-SLE-2011        0.00%    passed     95.42%
   6  LM222-S-SLE-2010        0.00%    passed     96.42%
   7  LM774-S-SLE-2012        0.00%    passed     94.96%
   8  LM778-S-SLE-2012        0.00%    passed     94.96%
   9  G2184-S-SLE-2011        0.00%    passed     99.16%
  10  LM776-S-SLE-2012        0.00%    passed     98.98%
  11  G503-S-SLE-2009         0.00%    passed     89.41%
  12  G2318-S-SLE-2012        0.00%    passed     99.97%
  13  G1959-S-SLE-2011        0.00%    passed     97.40%
  14  G3010-S-SLE-2013        0.00%    passed     98.17%
  15  G610-S-SLE-2009         0.00%    passed     99.25%
  16  G693-S-SLE-2009         0.00%    passed     99.25%
  17  G771-S-SLE-2010         0.00%    passed     99.25%
  18  G1792-S-SLE-2011        0.00%    passed     99.91%
  19  G1960-S-SLE-2011        0.00%    passed     99.48%
  20  G2565-S-SLE-2012        0.00%    passed     99.54%
  21  G2197-S-SLE-2011        0.00%    passed     96.03%
  22  LM032-S-SLE-2010        0.00%    passed     95.03%
  23  Josiah-S-SLE-1976       0.00%    passed     99.79%
  24  G808-S-SLE-2010         0.00%    passed     99.52%
  25  G2868-S-SLE-2012        0.00%    passed     99.97%
  26  G676-S-SLE-2009         0.00%    passed     99.92%
  27  G2405-S-SLE-2012        0.00%    passed     99.63%
  28  G1190-S-SLE-2010        0.00%    passed     99.18%
  29  G2944-S-SLE-2012        0.00%    passed     99.53%
  30  LM765-S-SLE-2012        0.00%    passed     98.38%
  31  G3148-S-SLE-2013        0.00%    passed     99.94%
  32  Z0947-S-SLE-2011        0.00%    passed     99.18%
  33  Z0948-S-SLE-2011        0.00%    passed     99.18%
  34  G1727-S-SLE-2011        0.00%    passed     99.57%
  35  G1647-S-SLE-2011        0.00%    passed     98.05%
  36  G2295-S-SLE-2012        0.00%    passed     97.72%
  37  G2587-S-SLE-2012        0.00%    passed     97.72%
  38  G2280-S-SLE-2012        0.00%    passed     99.44%
  39  G3016-S-SLE-2013        0.00%    passed     99.23%
  40  G3106-S-SLE-2013        0.00%    passed     99.23%
  41  G2612-S-SLE-2012        0.00%    passed     99.17%
  42  LM779-S-SLE-2012        0.00%    passed     99.31%
  43  G692-S-SLE-2009         0.00%    passed     94.63%
  44  LM395-S-SLE-2009        0.00%    passed     99.70%
  45  G1774-S-SLE-2011        0.00%    passed     98.38%
  46  G2222-S-SLE-2011        0.00%    passed     99.54%
  47  G636-S-SLE-2009         0.00%    passed     99.93%
  48  G2315-S-SLE-2012        0.00%    passed     99.80%
  49  G2903-S-SLE-2012        0.00%    passed     99.74%
  50  G3206-S-SLE-2013        0.00%    passed     99.56%
  51  G733-S-SLE-2010         0.00%    passed     99.93%
  52  G2554-S-SLE-2012        0.00%    passed    100.00%
  53  G1618-S-SLE-2011        0.00%    passed     99.59%
  54  G1646-S-SLE-2011        0.00%    passed     99.72%
  55  G2427-S-SLE-2012        0.00%    passed     95.74%
  56  G2392-S-SLE-2012        0.00%    passed     95.50%
  57  G3229-S-SLE-2013        0.00%    passed     94.84%
  58  G3151-S-SLE-2013        0.00%    passed     92.69%
  59  G3248-S-SLE-2013        0.00%    passed     92.69%
  60  G3170-S-SLE-2013        0.00%    passed     92.69%
  61  NL-S-SLE-2000           0.00%    passed     97.61%
  62  G2263-S-SLE-2012        0.00%    passed     95.91%
  63  G2431-S-SLE-2012        0.00%    passed     91.37%
  64  G1442-S-SLE-2011        0.00%    passed     88.18%
  65  G2141-S-SLE-2011        0.00%    passed     99.12%
  66  G1529-S-SLE-2011        0.00%    passed     95.87%
  67  G3234-S-SLE-2013        0.00%    passed     94.80%
  68  G2363-S-SLE-2012        0.00%    passed     94.91%
  69  G2259-S-SLE-2012        0.00%    passed     99.93%
  70  G2723-S-SLE-2012        0.00%    passed     98.93%
  71  G3278-S-SLE-2013        0.00%    passed     99.84%
  72  G2557-S-SLE-2012        0.00%    passed     99.55%
  73  G2615-S-SLE-2012        0.00%    passed     99.26%
  74  G1200-S-LIB-2010        0.00%    passed     99.18%
  75  Macenta-S-GIN-1982      0.00%    passed     84.94%
  76  Z148-S-LIB-1981         0.00%    passed     78.20%
  77  Nig08-A18-S-NIG-2008    0.00%    passed     82.51%
  78  Nig08-A19-S-NIG-2008    0.00%    passed     65.91%
  79  CSF-S-NIG-2001          0.00%    passed     71.59%
  80  ISTH0009-S-NIG-2011     0.00%    passed     99.99%
  81  LASV979-S-NIG-2009      0.00%    passed     99.90%
  82  LASV237-S-NIG-2010      0.00%    passed     99.97%
  83  LASV711-S-NIG-2009      0.00%    passed     99.96%
  84  LASV992-S-NIG-2009      0.00%    passed     99.94%
  85  ISTH0230-S-NIG-2011     0.00%    passed     99.95%
  86  LASV975-S-NIG-2009      0.00%    passed    100.00%
  87  ISTH2061-S-NIG-2012     0.00%    passed     99.94%
  88  Nig08-A41-S-NIG-2008    0.00%    passed     99.77%
  89  ISTH2217-S-NIG-2012     0.00%    passed     99.99%
  90  ISTH1064-S-NIG-2011     0.00%    passed     99.98%
  91  ISTH2334-S-NIG-2012     0.00%    passed     99.96%
  92  LASV245-S-NIG-2011      0.00%    passed     99.99%
  93  LASV1011-S-NIG-2009     0.00%    passed    100.00%
  94  ISTH2312-S-NIG-2012     0.00%    passed     99.95%
  95  LASV1000-S-NIG-2009     0.00%    passed     99.99%
  96  ISTH2010-S-NIG-2012     0.00%    passed    100.00%
  97  ISTH2016-S-NIG-2012     0.00%    passed    100.00%
  98  Nig08-A37-S-NIG-2008    0.00%    passed    100.00%
  99  LASV737-S-NIG-2009      0.00%    passed     99.99%
 100  LASV719-S-NIG-2009      0.00%    passed     99.93%
 101  LASV046-S-NIG-2009      0.00%    passed     99.99%
 102  ISTH2042-S-NIG-2012     0.00%    passed     99.99%
 103  LASV274-S-NIG-2010      0.00%    passed     99.58%
 104  LASV263-S-NIG-2011      0.00%    passed     99.98%
 105  ISTH1137-S-NIG-2011     0.00%    passed    100.00%
 106  LASV976-S-NIG-2009      0.00%    passed     99.79%
 107  LASV1016-S-NIG-2009     0.00%    passed     99.59%
 108  LASV229-S-NIG-2010      0.00%    passed     99.98%
 109  ISTH2129-S-NIG-2012     0.00%    passed     99.99%
 110  ISTH2057-S-NIG-2012     0.00%    passed     99.16%
 111  LASV058-S-NIG-2008      0.00%    passed     99.85%
 112  ISTH1038-S-NIG-2011     0.00%    passed     99.97%
 113  LASV056-S-NIG-2008      0.00%    passed     99.99%
 114  LASV042-S-NIG-2009      0.00%    passed     99.90%
 115  LASV981-S-NIG-2009      0.00%    passed     99.99%
 116  LASV256-S-NIG-2010      0.00%    passed     99.98%
 117  LASV052-S-NIG-2008      0.00%    passed     99.99%
 118  LASV063-S-NIG-2009      0.00%    passed     99.98%
 119  ISTH0595-S-NIG-2011     0.00%    passed     99.99%
 120  ISTH1096-S-NIG-2012     0.00%    passed     99.98%
 121  LASV221-S-NIG-2010      0.00%    passed     99.93%
 122  LASV977-S-NIG-2009      0.00%    passed     99.90%
 123  LASV971-S-NIG-2009      0.00%    passed     99.99%
 124  LASV967-S-NIG-2009      0.00%    passed    100.00%
 125  ISTH2050-S-NIG-2012     0.00%    passed     99.96%
 126  ISTH2031-S-NIG-2012     0.00%    passed     99.98%
 127  ISTH2376-S-NIG-2012     0.00%    passed     99.33%
 128  LASV991-S-NIG-2009      0.00%    passed    100.00%
 129  LASV267-S-NIG-2010      0.00%    passed    100.00%
 130  LASV049-S-NIG-2009      0.00%    passed     99.99%
 131  LASV239-S-NIG-2010      0.00%    passed     99.99%
 132  ISTH2037-S-NIG-2012     0.00%    passed     99.97%
 133  ISTH1069-S-NIG-2011     0.00%    passed     99.71%
 134  ISTH1129-S-NIG-2012     0.00%    passed     99.93%
 135  ISTH2304-S-NIG-2012     0.00%    passed     99.96%
 136  LASV246-S-NIG-2010      0.00%    passed     99.95%
 137  ISTH1111-S-NIG-2011     0.00%    passed     99.92%
 138  LASV006-S-NIG-2008      0.00%    passed     97.52%
 139  ISTH0531-S-NIG-2011     0.00%    passed     99.84%
 140  LASV254-S-NIG-2011      0.00%    passed     99.75%
 141  ISTH2358-S-NIG-2012     0.00%    passed    100.00%
 142  LASV966-S-NIG-2009      0.00%    passed     99.80%
 143  ISTH1058-S-NIG-2011     0.00%    passed     99.99%
 144  LASV241-S-NIG-2011      0.00%    passed    100.00%
 145  LASV271-S-NIG-2010      0.00%    passed     99.99%
 146  Nig08-A47-S-NIG-2008    0.00%    passed    100.00%
 147  ISTH0012-S-NIG-2011     0.00%    passed     99.99%
 148  LASV993-S-NIG-2009      0.00%    passed     99.97%
 149  ISTH2046-S-NIG-2012     0.00%    passed     99.98%
 150  LASV1008-S-NIG-2009     0.00%    passed     99.94%
 151  ISTH2020-S-NIG-2012     0.00%    passed     99.88%
 152  LASV003-S-NIG-2008      0.00%    passed     99.99%
 153  LASV242-S-NIG-2010      0.00%    passed     99.98%
 154  LASV253-S-NIG-2011      0.00%    passed     99.89%
 155  LASV982-S-NIG-2009      0.00%    passed     99.94%
 156  LASV251-S-NIG-2010      0.00%    passed     99.96%
 157  LASV989-S-NIG-2009      0.00%    passed     99.96%
 158  ISTH0047-S-NIG-2011     0.00%    passed     99.39%
 159  LASV990-S-NIG-2009      0.00%    passed     99.97%
 160  ISTH1003-S-NIG-2011     0.00%    passed     99.94%
 161  ISTH0073-S-NIG-2011     0.00%    passed     99.97%
 162  ISTH2316-S-NIG-2012     0.00%    passed     99.86%
 163  LASV225-S-NIG-2010      0.00%    passed     99.91%
 164  LASV978-S-NIG-2009      0.00%    passed     99.94%
 165  ISTH1048-S-NIG-2011     0.00%    passed    100.00%
 166  LASV045-S-NIG-2009      0.00%    passed    100.00%
 167  ISTH2025-S-NIG-2012     0.00%    passed    100.00%
 168  LASV250-S-NIG-2011      0.00%    passed     99.99%
 169  LASV1015-S-NIG-2009     0.00%    passed     99.99%
 170  LASV035-S-NIG-2009      0.00%    passed     99.99%
 171  ISTH1107-S-NIG-2012     0.00%    passed    100.00%
 172  ISTH2271-S-NIG-2012     0.00%    passed     99.99%
 173  ISTH1121-S-NIG-2012     0.00%    passed     99.98%
 174  ISTH2065-S-NIG-2012     0.00%    passed     99.88%
 175  ISTH2066-S-NIG-2012     0.00%    passed     99.88%
 176  ISTH2094-S-NIG-2012     0.00%    passed     97.15%
 177  Nig08-04-S-NIG-2008     0.00%    passed     91.79%
 178  Pinneo-S-NIG-1969       0.00%    passed     55.48%
 179  AV-S-CIV-1999           0.00%    passed     98.91%
****  TOTAL                   0.00%  0 sequences failed composition chi2 test (p-value<5%; df=19)
NOTE: LM778-S-SLE-2012 is identical to LM774-S-SLE-2012 but kept for subsequent analysis
NOTE: G693-S-SLE-2009 is identical to G610-S-SLE-2009 but kept for subsequent analysis
NOTE: Z0948-S-SLE-2011 is identical to Z0947-S-SLE-2011 but kept for subsequent analysis
NOTE: G2587-S-SLE-2012 is identical to G2295-S-SLE-2012 but kept for subsequent analysis
NOTE: G3106-S-SLE-2013 is identical to G3016-S-SLE-2013 but kept for subsequent analysis
NOTE: G3248-S-SLE-2013 is identical to G3151-S-SLE-2013 but kept for subsequent analysis
NOTE: ISTH0073-S-NIG-2011 is identical to LASV990-S-NIG-2009 but kept for subsequent analysis
NOTE: LASV1015-S-NIG-2009 is identical to LASV250-S-NIG-2011 but kept for subsequent analysis
NOTE: ISTH2066-S-NIG-2012 is identical to ISTH2065-S-NIG-2012 but kept for subsequent analysis
NOTE: 2 identical sequences (see below) will be ignored for subsequent analysis
NOTE: G771-S-SLE-2010 (identical to G610-S-SLE-2009) is ignored but added at the end
NOTE: G3170-S-SLE-2013 (identical to G3151-S-SLE-2013) is ignored but added at the end

For your convenience alignment with unique sequences printed to /csm_data/spielman_lab/aa_phylo_fit_topology//simulations/alignments/LAC_andersen_rep8_AA.fasta.uniqueseq.phy

Create initial parsimony tree by phylogenetic likelihood library (PLL)... 0.036 seconds
Generating 1000 samples for ultrafast bootstrap (seed: 142509)...

NOTE: 8 MB RAM (0 GB) is required!
Measuring multi-threading efficiency up to 8 CPU cores
Increase to 10 rounds for branch lengths
29 trees examined
Threads: 1 / Time: 8.096 sec / Speedup: 1.000 / Efficiency: 100% / LogL: -57578
Threads: 2 / Time: 4.954 sec / Speedup: 1.634 / Efficiency: 82% / LogL: -57578
Threads: 3 / Time: 3.821 sec / Speedup: 2.119 / Efficiency: 71% / LogL: -57578
Threads: 4 / Time: 3.777 sec / Speedup: 2.143 / Efficiency: 54% / LogL: -57578
Threads: 5 / Time: 3.701 sec / Speedup: 2.188 / Efficiency: 44% / LogL: -57578
BEST NUMBER OF THREADS: 3

Estimate model parameters (epsilon = 0.100)
1. Initial log-likelihood: -14856.300
Optimal log-likelihood: -14730.738
Parameters optimization took 1 rounds (0.045 sec)
Computing ML distances based on estimated model parameters... 3.776 sec
Computing BIONJ tree...
0.024 seconds
Log-likelihood of BIONJ tree: -15121.169
--------------------------------------------------------------------
|             INITIALIZING CANDIDATE TREE SET                      |
--------------------------------------------------------------------
Generating 98 parsimony trees... 4.126 second
Computing log-likelihood of 98 initial trees ... 3.452 seconds
Current best score: -14675.002

Do NNI search on 20 best initial trees
Estimate model parameters (epsilon = 0.100)
BETTER TREE FOUND at iteration 1: -14657.796
Estimate model parameters (epsilon = 0.100)
BETTER TREE FOUND at iteration 2: -14653.211
Estimate model parameters (epsilon = 0.100)
BETTER TREE FOUND at iteration 3: -14651.562
Estimate model parameters (epsilon = 0.100)
BETTER TREE FOUND at iteration 9: -14651.178
Iteration 10 / LogL: -14656.843 / Time: 0h:0m:40s
Iteration 20 / LogL: -14672.719 / Time: 0h:0m:46s
Finish initializing candidate tree set (20)
Current best tree score: -14651.178 / CPU time: 19.468
Number of iterations: 20
--------------------------------------------------------------------
|               OPTIMIZING CANDIDATE TREE SET                      |
--------------------------------------------------------------------
Estimate model parameters (epsilon = 0.100)
BETTER TREE FOUND at iteration 23: -14649.997
Estimate model parameters (epsilon = 0.100)
BETTER TREE FOUND at iteration 29: -14647.801
Iteration 30 / LogL: -14655.825 / Time: 0h:0m:51s (0h:2m:51s left)
BETTER TREE FOUND at iteration 31: -14647.799
Estimate model parameters (epsilon = 0.100)
BETTER TREE FOUND at iteration 33: -14643.328
Iteration 40 / LogL: -14694.724 / Time: 0h:0m:56s (0h:2m:12s left)
Iteration 50 / LogL: -14651.452 / Time: 0h:1m:1s (0h:1m:42s left)
Log-likelihood cutoff on original alignment: -14716.125
BETTER TREE FOUND at iteration 57: -14643.327
BETTER TREE FOUND at iteration 60: -14643.326
Iteration 60 / LogL: -14643.326 / Time: 0h:1m:7s (0h:1m:51s left)
BETTER TREE FOUND at iteration 64: -14643.324
Iteration 70 / LogL: -14644.881 / Time: 0h:1m:12s (0h:1m:36s left)
Iteration 80 / LogL: -14643.332 / Time: 0h:1m:16s (0h:1m:20s left)
BETTER TREE FOUND at iteration 85: -14643.324
Iteration 90 / LogL: -14644.750 / Time: 0h:1m:22s (0h:1m:26s left)
Iteration 100 / LogL: -14643.325 / Time: 0h:1m:27s (0h:1m:13s left)
Log-likelihood cutoff on original alignment: -14716.125
NOTE: Bootstrap correlation coefficient of split occurrence frequencies: 0.994
Iteration 110 / LogL: -14643.338 / Time: 0h:1m:32s (0h:1m:15s left)
Estimate model parameters (epsilon = 0.100)
BETTER TREE FOUND at iteration 116: -14642.076
Iteration 120 / LogL: -14652.692 / Time: 0h:1m:37s (0h:1m:17s left)
Iteration 130 / LogL: -14645.725 / Time: 0h:1m:42s (0h:1m:7s left)
BETTER TREE FOUND at iteration 138: -14642.076
Iteration 140 / LogL: -14654.284 / Time: 0h:1m:47s (0h:1m:15s left)
Iteration 150 / LogL: -14664.219 / Time: 0h:1m:52s (0h:1m:5s left)
Log-likelihood cutoff on original alignment: -14710.194
BETTER TREE FOUND at iteration 156: -14642.076
Iteration 160 / LogL: -14643.195 / Time: 0h:1m:58s (0h:1m:10s left)
BETTER TREE FOUND at iteration 168: -14642.076
Iteration 170 / LogL: -14642.077 / Time: 0h:2m:3s (0h:1m:10s left)
Iteration 180 / LogL: -14646.640 / Time: 0h:2m:8s (0h:1m:2s left)
Iteration 190 / LogL: -14654.013 / Time: 0h:2m:13s (0h:0m:54s left)
Iteration 200 / LogL: -14642.076 / Time: 0h:2m:18s (0h:0m:47s left)
Log-likelihood cutoff on original alignment: -14710.194
NOTE: Bootstrap correlation coefficient of split occurrence frequencies: 0.997
Iteration 210 / LogL: -14642.941 / Time: 0h:2m:24s (0h:1m:1s left)
BETTER TREE FOUND at iteration 211: -14642.076
Iteration 220 / LogL: -14642.076 / Time: 0h:2m:29s (0h:1m:1s left)
Iteration 230 / LogL: -14649.410 / Time: 0h:2m:34s (0h:0m:54s left)
Iteration 240 / LogL: -14647.972 / Time: 0h:2m:39s (0h:0m:47s left)
BETTER TREE FOUND at iteration 247: -14642.075
BETTER TREE FOUND at iteration 250: -14642.075
Iteration 250 / LogL: -14642.075 / Time: 0h:2m:45s (0h:1m:5s left)
Log-likelihood cutoff on original alignment: -14710.194
Iteration 260 / LogL: -14648.701 / Time: 0h:2m:51s (0h:0m:59s left)
BETTER TREE FOUND at iteration 267: -14642.075
Iteration 270 / LogL: -14643.338 / Time: 0h:2m:57s (0h:1m:3s left)
Iteration 280 / LogL: -14646.054 / Time: 0h:3m:2s (0h:0m:56s left)
Iteration 290 / LogL: -14642.075 / Time: 0h:3m:7s (0h:0m:49s left)
Iteration 300 / LogL: -14661.301 / Time: 0h:3m:12s (0h:0m:42s left)
Log-likelihood cutoff on original alignment: -14710.194
NOTE: Bootstrap correlation coefficient of split occurrence frequencies: 0.998
Iteration 310 / LogL: -14644.432 / Time: 0h:3m:18s (0h:0m:57s left)
Iteration 320 / LogL: -14642.075 / Time: 0h:3m:23s (0h:0m:50s left)
BETTER TREE FOUND at iteration 322: -14642.074
Iteration 330 / LogL: -14645.639 / Time: 0h:3m:29s (0h:0m:58s left)
Iteration 340 / LogL: -14643.337 / Time: 0h:3m:34s (0h:0m:51s left)
Iteration 350 / LogL: -14642.075 / Time: 0h:3m:39s (0h:0m:44s left)
Log-likelihood cutoff on original alignment: -14710.194
Iteration 360 / LogL: -14650.786 / Time: 0h:3m:45s (0h:0m:38s left)
Iteration 370 / LogL: -14649.858 / Time: 0h:3m:50s (0h:0m:32s left)
Iteration 380 / LogL: -14642.075 / Time: 0h:3m:56s (0h:0m:26s left)
Iteration 390 / LogL: -14645.315 / Time: 0h:4m:1s (0h:0m:19s left)
Iteration 400 / LogL: -14669.229 / Time: 0h:4m:7s (0h:0m:13s left)
Log-likelihood cutoff on original alignment: -14710.194
NOTE: Bootstrap correlation coefficient of split occurrence frequencies: 0.998
Iteration 410 / LogL: -14642.940 / Time: 0h:4m:13s (0h:0m:55s left)
Iteration 420 / LogL: -14644.943 / Time: 0h:4m:19s (0h:0m:49s left)
TREE SEARCH COMPLETED AFTER 423 ITERATIONS / Time: 0h:4m:21s

--------------------------------------------------------------------
|                    FINALIZING TREE SEARCH                        |
--------------------------------------------------------------------
Performs final model parameters optimization
Estimate model parameters (epsilon = 0.010)
1. Initial log-likelihood: -14642.074
Optimal log-likelihood: -14642.074
Parameters optimization took 1 rounds (0.023 sec)
BEST SCORE FOUND : -14642.074
Creating bootstrap support values...
Split supports printed to NEXUS file /csm_data/spielman_lab/aa_phylo_fit_topology//simulations/alignments/LAC_andersen_rep8_AA.fasta.splits.nex
Total tree length: 10.979

Total number of iterations: 423
CPU time used for tree search: 682.877 sec (0h:11m:22s)
Wall-clock time used for tree search: 234.097 sec (0h:3m:54s)
Total CPU time used: 788.555 sec (0h:13m:8s)
Total wall-clock time used: 261.816 sec (0h:4m:21s)

Computing bootstrap consensus tree...
Reading input file /csm_data/spielman_lab/aa_phylo_fit_topology//simulations/alignments/LAC_andersen_rep8_AA.fasta.splits.nex...
177 taxa and 1733 splits.
Consensus tree written to /csm_data/spielman_lab/aa_phylo_fit_topology//simulations/alignments/LAC_andersen_rep8_AA.fasta.contree
Reading input trees file /csm_data/spielman_lab/aa_phylo_fit_topology//simulations/alignments/LAC_andersen_rep8_AA.fasta.contree
Log-likelihood of consensus tree: -14644.756

Analysis results written to: 
  IQ-TREE report:                /csm_data/spielman_lab/aa_phylo_fit_topology//simulations/alignments/LAC_andersen_rep8_AA.fasta.iqtree
  Maximum-likelihood tree:       /csm_data/spielman_lab/aa_phylo_fit_topology//simulations/alignments/LAC_andersen_rep8_AA.fasta.treefile
  Likelihood distances:          /csm_data/spielman_lab/aa_phylo_fit_topology//simulations/alignments/LAC_andersen_rep8_AA.fasta.mldist

Ultrafast bootstrap approximation results written to:
  Split support values:          /csm_data/spielman_lab/aa_phylo_fit_topology//simulations/alignments/LAC_andersen_rep8_AA.fasta.splits.nex
  Consensus tree:                /csm_data/spielman_lab/aa_phylo_fit_topology//simulations/alignments/LAC_andersen_rep8_AA.fasta.contree
  Screen log file:               /csm_data/spielman_lab/aa_phylo_fit_topology//simulations/alignments/LAC_andersen_rep8_AA.fasta.log

Date and Time: Mon Nov 25 16:16:13 2019
