IQ-TREE multicore version 1.6.7 for Linux 64-bit built Aug 23 2018
Developed by Bui Quang Minh, Nguyen Lam Tung, Olga Chernomor,
Heiko Schmidt, Dominik Schrempf, Michael Woodhams.

Host:    csm-com-008 (AVX2, FMA3, 62 GB RAM)
Command: iqtree -quiet -nt AUTO -ntmax 8 -m mtMet+F+I -s /csm_data/spielman_lab/aa_phylo_fit_topology//simulations/alignments/LAC_spiralia_rep8_AA.fasta -st AA -redo -bb 1000
Seed:    751980 (Using SPRNG - Scalable Parallel Random Number Generator)
Time:    Mon Nov 25 18:29:26 2019
Kernel:  AVX+FMA - auto-detect threads (48 CPU cores detected)

Reading alignment file /csm_data/spielman_lab/aa_phylo_fit_topology//simulations/alignments/LAC_spiralia_rep8_AA.fasta ... Fasta format detected
Alignment most likely contains protein sequences
Alignment has 103 sequences with 262 columns, 256 distinct patterns
224 parsimony-informative, 21 singleton sites, 17 constant sites
                                Gap/Ambiguity  Composition  p-value
   1  Adineta_vaga                      0.00%    passed     95.17%
   2  Rotaria_rotatoria                 0.00%    passed     95.36%
   3  Lepadella_patella                 0.00%    passed     98.98%
   4  Brachionus_plicatilis             0.00%    passed     97.60%
   5  Brachionus_manjavacas             0.00%    passed     96.80%
   6  Rhabdopleura_compacta             0.00%    passed    100.00%
   7  Ptychodera_flava                  0.00%    passed    100.00%
   8  SchizocardiumCalif_cl             0.00%    passed    100.00%
   9  Sackow                            0.00%    passed    100.00%
  10  Patmin                            0.00%    passed     99.41%
  11  Parastichopus_parvimensis         0.00%    passed     99.97%
  12  Strpur                            0.00%    passed     99.30%
  13  Florometra_serratissima           0.00%    passed     99.99%
  14  Calmil                            0.00%    passed     99.94%
  15  HUMAN                             0.00%    passed    100.00%
  16  LATCH                             0.00%    passed     99.99%
  17  LEPOC                             0.00%    passed    100.00%
  18  Petromyzon_marins                 0.00%    passed     99.98%
  19  Halocynthia_roretzi               0.00%    passed    100.00%
  20  Molgula_tectiformis               0.00%    passed     99.97%
  21  CIOIN                             0.00%    passed     99.99%
  22  Asymmetron_lucayanum              0.00%    passed     99.89%
  23  BraLan                            0.00%    passed     99.93%
  24  Leucoselenia_complicata           0.00%    passed     99.75%
  25  Sycon_ciliatum                    0.00%    passed     99.99%
  26  Oscarella_carmella                0.00%    passed     96.49%
  27  AMPQE                             0.00%    passed     99.80%
  28  Ephidatia_mulleri                 0.00%    passed     99.34%
  29  NEMVE                             0.00%    passed     99.81%
  30  Acropora_digitifera               0.00%    passed     99.77%
  31  Aurelia_aurita                    0.00%    passed     99.69%
  32  Clytia_hemisphaerica              0.00%    passed     99.92%
  33  Isodiametra_pulchra               0.00%    passed     99.99%
  34  Childia_submaculatum              0.00%    passed     85.02%
  35  Diopisthoporus_gymnopharyngeus    0.00%    passed     98.33%
  36  Hofstenia_miamia                  0.00%    passed     99.82%
  37  Meara_stichopi                    0.00%    passed     99.61%
  38  Nemertoderma_westbladi            0.00%    passed     99.87%
  39  Xenoturbella_profunda             0.00%    passed    100.00%
  40  Xenoturbella_bocki                0.00%    passed     99.79%
  41  TRICA                             0.00%    passed     99.99%
  42  DROME                             0.00%    passed     78.39%
  43  Apis_mellifera                    0.00%    passed     99.97%
  44  Daphnia_pulex                     0.00%    passed     97.47%
  45  Eudigraphis_taiwaniensis          0.00%    passed     99.73%
  46  STRMM                             0.00%    passed     99.98%
  47  Mesobuthus_martensii              0.00%    passed     99.99%
  48  Limulus_polyphemus                0.00%    passed     99.97%
  49  Peripatopsis_capensis             0.00%    passed     99.94%
  50  Enoplus_brevis                    0.00%    passed     99.99%
  51  Romanomermis_culicivorax          0.00%    passed     98.59%
  52  Ramazzottius_varieornatus         0.00%    passed     97.94%
  53  Hypsibius_dujardini               0.00%    passed     94.05%
  54  Priapulus_caudatus                0.00%    passed     99.90%
  55  Halicryptus_spinulosus            0.00%    passed    100.00%
  56  Tubiluchus_corallicola            0.00%    passed     99.96%
  57  Lepidodermella_squamata           0.00%    passed     99.44%
  58  Diuronotus_aspetos                0.00%    passed     61.21%
  59  Macrodasys_sp                     0.00%    passed     99.79%
  60  Megadasys_sp                      0.00%    passed     96.30%
  61  Catenulida_sp                     0.00%    passed     75.50%
  62  Stylochoplana_maculata            0.00%    passed     99.92%
  63  Stylochus_ellipticus              0.00%    passed     99.98%
  64  Macrostomum_lignano               0.00%    passed     99.95%
  65  LOTGI                             0.00%    passed    100.00%
  66  Aplysia_californica               0.00%    passed    100.00%
  67  CRAGI                             0.00%    passed    100.00%
  68  Leptochiton_rugatus               0.00%    passed     99.97%
  69  Neomenia_megatrapezata            0.00%    passed     99.60%
  70  CAPI1                             0.00%    passed    100.00%
  71  Lumbricus_terrestris              0.00%    passed     99.98%
  72  Nephtys_caeca                     0.00%    passed    100.00%
  73  Owenia_fusiformis                 0.00%    passed    100.00%
  74  Lineus_longissimus                0.00%    passed    100.00%
  75  Paranemertes_peregrina            0.00%    passed     98.91%
  76  Malacobdella_grossa               0.00%    passed     99.99%
  77  Tubulanus_polymorphus             0.00%    passed     99.95%
  78  Cephalothrix_linearis             0.00%    passed     99.98%
  79  Hemithiris_psittacea              0.00%    passed    100.00%
  80  Terebratalia_transversa           0.00%    passed    100.00%
  81  Glottidia_pyramidata              0.00%    passed     99.93%
  82  Linana                            0.00%    passed     99.95%
  83  Phoronopsis_harmeri               0.00%    passed     99.99%
  84  Phoronis_vancouverensis           0.00%    passed    100.00%
  85  Phoronis_psammophila              0.00%    passed     99.83%
  86  Membranipora_membranacea          0.00%    passed     99.91%
  87  Bugula_neritina                   0.00%    passed     99.60%
  88  Loxosoma_pectinaricola            0.00%    passed     99.99%
  89  Barentsia_gracilis                0.00%    passed     99.94%
  90  Sagitta_gazellae                  0.00%    passed     99.98%
  91  Sagitta_setosa                    0.00%    passed    100.00%
  92  Pterosagitta_draco                0.00%    passed     99.99%
  93  Sagitta_elegans                   0.00%    passed    100.00%
  94  Sagitta_serratodentata            0.00%    passed    100.00%
  95  Sagitta_hexaptera                 0.00%    passed     99.99%
  96  Krohnitta_sp                      0.00%    passed     99.99%
  97  Paraspadella_ovovivipara          0.00%    passed     99.49%
  98  Pargo1                            0.00%    passed     99.92%
  99  Spadella_cephaloptera             0.00%    passed    100.00%
 100  Eukrohnia_hamata                  0.00%    passed     99.99%
 101  Gnathostomula_paradoxa            0.00%    passed     94.76%
 102  Austrognathia_sp                  0.00%    passed     99.06%
 103  Limnognathia_maerski              0.00%    passed     99.99%
****  TOTAL                             0.00%  0 sequences failed composition chi2 test (p-value<5%; df=19)

Create initial parsimony tree by phylogenetic likelihood library (PLL)... 0.026 seconds
Generating 1000 samples for ultrafast bootstrap (seed: 751980)...

NOTE: 5 MB RAM (0 GB) is required!
Measuring multi-threading efficiency up to 8 CPU cores
Increase to 10 rounds for branch lengths
87 trees examined
Threads: 1 / Time: 8.097 sec / Speedup: 1.000 / Efficiency: 100% / LogL: -21010
Threads: 2 / Time: 4.710 sec / Speedup: 1.719 / Efficiency: 86% / LogL: -21010
Threads: 3 / Time: 3.711 sec / Speedup: 2.182 / Efficiency: 73% / LogL: -21010
Threads: 4 / Time: 4.231 sec / Speedup: 1.914 / Efficiency: 48% / LogL: -21010
BEST NUMBER OF THREADS: 3

Estimate model parameters (epsilon = 0.100)
1. Initial log-likelihood: -15693.186
2. Current log-likelihood: -15637.821
3. Current log-likelihood: -15637.213
Optimal log-likelihood: -15637.144
Proportion of invariable sites: 0.061
Parameters optimization took 3 rounds (0.097 sec)
Computing ML distances based on estimated model parameters... 0.843 sec
Computing BIONJ tree...
0.009 seconds
Log-likelihood of BIONJ tree: -15701.010
--------------------------------------------------------------------
|             INITIALIZING CANDIDATE TREE SET                      |
--------------------------------------------------------------------
Generating 98 parsimony trees... 2.695 second
Computing log-likelihood of 98 initial trees ... 1.785 seconds
Current best score: -15630.287

Do NNI search on 20 best initial trees
Estimate model parameters (epsilon = 0.100)
BETTER TREE FOUND at iteration 1: -15618.237
Iteration 10 / LogL: -15626.337 / Time: 0h:0m:30s
Iteration 20 / LogL: -15624.766 / Time: 0h:0m:32s
Finish initializing candidate tree set (20)
Current best tree score: -15618.237 / CPU time: 8.127
Number of iterations: 20
--------------------------------------------------------------------
|               OPTIMIZING CANDIDATE TREE SET                      |
--------------------------------------------------------------------
Estimate model parameters (epsilon = 0.100)
BETTER TREE FOUND at iteration 26: -15617.998
Iteration 30 / LogL: -15628.718 / Time: 0h:0m:34s (0h:1m:45s left)
Iteration 40 / LogL: -15618.961 / Time: 0h:0m:37s (0h:1m:15s left)
BETTER TREE FOUND at iteration 45: -15617.998
Iteration 50 / LogL: -15617.998 / Time: 0h:0m:39s (0h:1m:11s left)
Log-likelihood cutoff on original alignment: -15660.394
Iteration 60 / LogL: -15619.835 / Time: 0h:0m:42s (0h:0m:57s left)
Estimate model parameters (epsilon = 0.100)
BETTER TREE FOUND at iteration 65: -15617.675
Iteration 70 / LogL: -15657.096 / Time: 0h:0m:45s (0h:0m:58s left)
Estimate model parameters (epsilon = 0.100)
BETTER TREE FOUND at iteration 71: -15617.263
Iteration 80 / LogL: -15651.887 / Time: 0h:0m:47s (0h:0m:51s left)
Iteration 90 / LogL: -15617.263 / Time: 0h:0m:50s (0h:0m:43s left)
Iteration 100 / LogL: -15617.676 / Time: 0h:0m:52s (0h:0m:35s left)
Log-likelihood cutoff on original alignment: -15660.394
NOTE: Bootstrap correlation coefficient of split occurrence frequencies: 0.998
UPDATE BEST LOG-LIKELIHOOD: -15617.263
Iteration 110 / LogL: -15617.263 / Time: 0h:0m:56s (0h:0m:43s left)
Iteration 120 / LogL: -15622.394 / Time: 0h:0m:58s (0h:0m:37s left)
Iteration 130 / LogL: -15618.317 / Time: 0h:1m:1s (0h:0m:31s left)
UPDATE BEST LOG-LIKELIHOOD: -15617.263
Iteration 140 / LogL: -15617.263 / Time: 0h:1m:3s (0h:0m:26s left)
UPDATE BEST LOG-LIKELIHOOD: -15617.263
Iteration 150 / LogL: -15617.263 / Time: 0h:1m:6s (0h:0m:21s left)
Log-likelihood cutoff on original alignment: -15660.394
UPDATE BEST LOG-LIKELIHOOD: -15617.263
Iteration 160 / LogL: -15617.264 / Time: 0h:1m:9s (0h:0m:16s left)
Iteration 170 / LogL: -15623.516 / Time: 0h:1m:11s (0h:0m:12s left)
TREE SEARCH COMPLETED AFTER 172 ITERATIONS / Time: 0h:1m:12s

--------------------------------------------------------------------
|                    FINALIZING TREE SEARCH                        |
--------------------------------------------------------------------
Performs final model parameters optimization
Estimate model parameters (epsilon = 0.010)
1. Initial log-likelihood: -15617.263
Optimal log-likelihood: -15617.263
Proportion of invariable sites: 0.062
Parameters optimization took 1 rounds (0.024 sec)
BEST SCORE FOUND : -15617.263
Creating bootstrap support values...
Split supports printed to NEXUS file /csm_data/spielman_lab/aa_phylo_fit_topology//simulations/alignments/LAC_spiralia_rep8_AA.fasta.splits.nex
Total tree length: 10.340

Total number of iterations: 172
CPU time used for tree search: 138.046 sec (0h:2m:18s)
Wall-clock time used for tree search: 48.138 sec (0h:0m:48s)
Total CPU time used: 278.549 sec (0h:4m:38s)
Total wall-clock time used: 72.781 sec (0h:1m:12s)

Computing bootstrap consensus tree...
Reading input file /csm_data/spielman_lab/aa_phylo_fit_topology//simulations/alignments/LAC_spiralia_rep8_AA.fasta.splits.nex...
103 taxa and 569 splits.
Consensus tree written to /csm_data/spielman_lab/aa_phylo_fit_topology//simulations/alignments/LAC_spiralia_rep8_AA.fasta.contree
Reading input trees file /csm_data/spielman_lab/aa_phylo_fit_topology//simulations/alignments/LAC_spiralia_rep8_AA.fasta.contree
Log-likelihood of consensus tree: -15617.998

Analysis results written to: 
  IQ-TREE report:                /csm_data/spielman_lab/aa_phylo_fit_topology//simulations/alignments/LAC_spiralia_rep8_AA.fasta.iqtree
  Maximum-likelihood tree:       /csm_data/spielman_lab/aa_phylo_fit_topology//simulations/alignments/LAC_spiralia_rep8_AA.fasta.treefile
  Likelihood distances:          /csm_data/spielman_lab/aa_phylo_fit_topology//simulations/alignments/LAC_spiralia_rep8_AA.fasta.mldist

Ultrafast bootstrap approximation results written to:
  Split support values:          /csm_data/spielman_lab/aa_phylo_fit_topology//simulations/alignments/LAC_spiralia_rep8_AA.fasta.splits.nex
  Consensus tree:                /csm_data/spielman_lab/aa_phylo_fit_topology//simulations/alignments/LAC_spiralia_rep8_AA.fasta.contree
  Screen log file:               /csm_data/spielman_lab/aa_phylo_fit_topology//simulations/alignments/LAC_spiralia_rep8_AA.fasta.log

Date and Time: Mon Nov 25 18:30:39 2019
