IQ-TREE multicore version 1.6.7 for Linux 64-bit built Aug 23 2018
Developed by Bui Quang Minh, Nguyen Lam Tung, Olga Chernomor,
Heiko Schmidt, Dominik Schrempf, Michael Woodhams.

Host:    csm-com-003 (AVX2, FMA3, 62 GB RAM)
Command: iqtree -quiet -nt AUTO -ntmax 8 -m mtVer+I+G4 -s /csm_data/spielman_lab/aa_phylo_fit_topology//simulations/alignments/LAC_andersen_rep3_AA.fasta -st AA -redo -bb 1000
Seed:    590850 (Using SPRNG - Scalable Parallel Random Number Generator)
Time:    Mon Nov 25 15:43:08 2019
Kernel:  AVX+FMA - auto-detect threads (48 CPU cores detected)

Reading alignment file /csm_data/spielman_lab/aa_phylo_fit_topology//simulations/alignments/LAC_andersen_rep3_AA.fasta ... Fasta format detected
Alignment most likely contains protein sequences
Alignment has 179 sequences with 262 columns, 249 distinct patterns
228 parsimony-informative, 8 singleton sites, 26 constant sites
                      Gap/Ambiguity  Composition  p-value
   1  BA366-S-GIN-2003        0.00%    passed     78.62%
   2  G502-S-SLE-2009         0.00%    passed     99.18%
   3  G1180-S-SLE-2010        0.00%    passed     98.62%
   4  G2147-S-SLE-2011        0.00%    passed     99.84%
   5  G2165-S-SLE-2011        0.00%    passed     96.14%
   6  LM222-S-SLE-2010        0.00%    passed     95.01%
   7  LM774-S-SLE-2012        0.00%    passed     95.01%
   8  LM778-S-SLE-2012        0.00%    passed     95.01%
   9  G2184-S-SLE-2011        0.00%    passed     91.55%
  10  LM776-S-SLE-2012        0.00%    passed     91.12%
  11  G503-S-SLE-2009         0.00%    passed     92.61%
  12  G2318-S-SLE-2012        0.00%    passed     80.77%
  13  G1959-S-SLE-2011        0.00%    passed     97.35%
  14  G3010-S-SLE-2013        0.00%    passed     99.31%
  15  G610-S-SLE-2009         0.00%    passed     96.38%
  16  G693-S-SLE-2009         0.00%    passed     96.38%
  17  G771-S-SLE-2010         0.00%    passed     96.38%
  18  G1792-S-SLE-2011        0.00%    passed     90.22%
  19  G1960-S-SLE-2011        0.00%    passed     91.01%
  20  G2565-S-SLE-2012        0.00%    passed     90.22%
  21  G2197-S-SLE-2011        0.00%    passed     93.78%
  22  LM032-S-SLE-2010        0.00%    passed     91.98%
  23  Josiah-S-SLE-1976       0.00%    passed     96.45%
  24  G808-S-SLE-2010         0.00%    passed     97.84%
  25  G2868-S-SLE-2012        0.00%    passed     94.44%
  26  G676-S-SLE-2009         0.00%    passed     87.84%
  27  G2405-S-SLE-2012        0.00%    passed     83.65%
  28  G1190-S-SLE-2010        0.00%    passed     98.78%
  29  G2944-S-SLE-2012        0.00%    passed     99.30%
  30  LM765-S-SLE-2012        0.00%    passed     92.77%
  31  G3148-S-SLE-2013        0.00%    passed     98.50%
  32  Z0947-S-SLE-2011        0.00%    passed     97.76%
  33  Z0948-S-SLE-2011        0.00%    passed     97.76%
  34  G1727-S-SLE-2011        0.00%    passed     99.03%
  35  G1647-S-SLE-2011        0.00%    passed     98.01%
  36  G2295-S-SLE-2012        0.00%    passed     94.47%
  37  G2587-S-SLE-2012        0.00%    passed     95.27%
  38  G2280-S-SLE-2012        0.00%    passed     98.56%
  39  G3016-S-SLE-2013        0.00%    passed     99.82%
  40  G3106-S-SLE-2013        0.00%    passed     99.82%
  41  G2612-S-SLE-2012        0.00%    passed     97.74%
  42  LM779-S-SLE-2012        0.00%    passed     93.81%
  43  G692-S-SLE-2009         0.00%    passed     97.02%
  44  LM395-S-SLE-2009        0.00%    passed     91.71%
  45  G1774-S-SLE-2011        0.00%    passed     98.57%
  46  G2222-S-SLE-2011        0.00%    passed     96.38%
  47  G636-S-SLE-2009         0.00%    passed     91.27%
  48  G2315-S-SLE-2012        0.00%    passed     82.74%
  49  G2903-S-SLE-2012        0.00%    passed     88.07%
  50  G3206-S-SLE-2013        0.00%    passed     95.27%
  51  G733-S-SLE-2010         0.00%    passed     94.63%
  52  G2554-S-SLE-2012        0.00%    passed     82.50%
  53  G1618-S-SLE-2011        0.00%    passed     78.60%
  54  G1646-S-SLE-2011        0.00%    passed     72.28%
  55  G2427-S-SLE-2012        0.00%    passed     86.23%
  56  G2392-S-SLE-2012        0.00%    passed     65.16%
  57  G3229-S-SLE-2013        0.00%    passed     66.12%
  58  G3151-S-SLE-2013        0.00%    passed     67.21%
  59  G3248-S-SLE-2013        0.00%    passed     67.21%
  60  G3170-S-SLE-2013        0.00%    passed     67.21%
  61  NL-S-SLE-2000           0.00%    passed     81.22%
  62  G2263-S-SLE-2012        0.00%    passed     86.90%
  63  G2431-S-SLE-2012        0.00%    passed     94.09%
  64  G1442-S-SLE-2011        0.00%    passed     81.84%
  65  G2141-S-SLE-2011        0.00%    passed     90.64%
  66  G1529-S-SLE-2011        0.00%    passed     92.11%
  67  G3234-S-SLE-2013        0.00%    passed     81.46%
  68  G2363-S-SLE-2012        0.00%    passed     90.83%
  69  G2259-S-SLE-2012        0.00%    passed     94.09%
  70  G2723-S-SLE-2012        0.00%    passed     92.11%
  71  G3278-S-SLE-2013        0.00%    passed     92.02%
  72  G2557-S-SLE-2012        0.00%    passed     95.68%
  73  G2615-S-SLE-2012        0.00%    passed     93.10%
  74  G1200-S-LIB-2010        0.00%    passed     71.89%
  75  Macenta-S-GIN-1982      0.00%    passed     70.90%
  76  Z148-S-LIB-1981         0.00%    passed     65.04%
  77  Nig08-A18-S-NIG-2008    0.00%    passed     79.80%
  78  Nig08-A19-S-NIG-2008    0.00%    passed     99.10%
  79  CSF-S-NIG-2001          0.00%    passed     41.82%
  80  ISTH0009-S-NIG-2011     0.00%    passed     95.48%
  81  LASV979-S-NIG-2009      0.00%    passed     96.33%
  82  LASV237-S-NIG-2010      0.00%    passed     97.00%
  83  LASV711-S-NIG-2009      0.00%    passed     97.00%
  84  LASV992-S-NIG-2009      0.00%    passed     95.91%
  85  ISTH0230-S-NIG-2011     0.00%    passed     95.62%
  86  LASV975-S-NIG-2009      0.00%    passed     99.96%
  87  ISTH2061-S-NIG-2012     0.00%    passed     99.86%
  88  Nig08-A41-S-NIG-2008    0.00%    passed     99.62%
  89  ISTH2217-S-NIG-2012     0.00%    passed     99.72%
  90  ISTH1064-S-NIG-2011     0.00%    passed     99.46%
  91  ISTH2334-S-NIG-2012     0.00%    passed     99.46%
  92  LASV245-S-NIG-2011      0.00%    passed     99.46%
  93  LASV1011-S-NIG-2009     0.00%    passed     96.90%
  94  ISTH2312-S-NIG-2012     0.00%    passed     99.62%
  95  LASV1000-S-NIG-2009     0.00%    passed     94.53%
  96  ISTH2010-S-NIG-2012     0.00%    passed     99.38%
  97  ISTH2016-S-NIG-2012     0.00%    passed     99.40%
  98  Nig08-A37-S-NIG-2008    0.00%    passed     99.11%
  99  LASV737-S-NIG-2009      0.00%    passed     99.01%
 100  LASV719-S-NIG-2009      0.00%    passed     99.70%
 101  LASV046-S-NIG-2009      0.00%    passed     97.52%
 102  ISTH2042-S-NIG-2012     0.00%    passed     99.78%
 103  LASV274-S-NIG-2010      0.00%    passed     99.63%
 104  LASV263-S-NIG-2011      0.00%    passed     99.32%
 105  ISTH1137-S-NIG-2011     0.00%    passed     98.60%
 106  LASV976-S-NIG-2009      0.00%    passed     99.47%
 107  LASV1016-S-NIG-2009     0.00%    passed     99.47%
 108  LASV229-S-NIG-2010      0.00%    passed     99.58%
 109  ISTH2129-S-NIG-2012     0.00%    passed     99.97%
 110  ISTH2057-S-NIG-2012     0.00%    passed     97.46%
 111  LASV058-S-NIG-2008      0.00%    passed     95.43%
 112  ISTH1038-S-NIG-2011     0.00%    passed     99.40%
 113  LASV056-S-NIG-2008      0.00%    passed     99.49%
 114  LASV042-S-NIG-2009      0.00%    passed     97.13%
 115  LASV981-S-NIG-2009      0.00%    passed     99.83%
 116  LASV256-S-NIG-2010      0.00%    passed     98.76%
 117  LASV052-S-NIG-2008      0.00%    passed     98.68%
 118  LASV063-S-NIG-2009      0.00%    passed     99.75%
 119  ISTH0595-S-NIG-2011     0.00%    passed     97.08%
 120  ISTH1096-S-NIG-2012     0.00%    passed     99.66%
 121  LASV221-S-NIG-2010      0.00%    passed     99.30%
 122  LASV977-S-NIG-2009      0.00%    passed     98.76%
 123  LASV971-S-NIG-2009      0.00%    passed     98.99%
 124  LASV967-S-NIG-2009      0.00%    passed     99.47%
 125  ISTH2050-S-NIG-2012     0.00%    passed     98.08%
 126  ISTH2031-S-NIG-2012     0.00%    passed     99.48%
 127  ISTH2376-S-NIG-2012     0.00%    passed     99.19%
 128  LASV991-S-NIG-2009      0.00%    passed     98.89%
 129  LASV267-S-NIG-2010      0.00%    passed     99.61%
 130  LASV049-S-NIG-2009      0.00%    passed     78.60%
 131  LASV239-S-NIG-2010      0.00%    passed     97.92%
 132  ISTH2037-S-NIG-2012     0.00%    passed     97.47%
 133  ISTH1069-S-NIG-2011     0.00%    passed     99.11%
 134  ISTH1129-S-NIG-2012     0.00%    passed     98.58%
 135  ISTH2304-S-NIG-2012     0.00%    passed     93.87%
 136  LASV246-S-NIG-2010      0.00%    passed     99.81%
 137  ISTH1111-S-NIG-2011     0.00%    passed     99.55%
 138  LASV006-S-NIG-2008      0.00%    passed     94.09%
 139  ISTH0531-S-NIG-2011     0.00%    passed     97.81%
 140  LASV254-S-NIG-2011      0.00%    passed     97.97%
 141  ISTH2358-S-NIG-2012     0.00%    passed     99.70%
 142  LASV966-S-NIG-2009      0.00%    passed     99.71%
 143  ISTH1058-S-NIG-2011     0.00%    passed     96.39%
 144  LASV241-S-NIG-2011      0.00%    passed     97.78%
 145  LASV271-S-NIG-2010      0.00%    passed     98.37%
 146  Nig08-A47-S-NIG-2008    0.00%    passed     98.99%
 147  ISTH0012-S-NIG-2011     0.00%    passed     98.57%
 148  LASV993-S-NIG-2009      0.00%    passed     99.93%
 149  ISTH2046-S-NIG-2012     0.00%    passed     99.60%
 150  LASV1008-S-NIG-2009     0.00%    passed     99.81%
 151  ISTH2020-S-NIG-2012     0.00%    passed     97.48%
 152  LASV003-S-NIG-2008      0.00%    passed     98.06%
 153  LASV242-S-NIG-2010      0.00%    passed     99.64%
 154  LASV253-S-NIG-2011      0.00%    passed     97.57%
 155  LASV982-S-NIG-2009      0.00%    passed     99.80%
 156  LASV251-S-NIG-2010      0.00%    passed     98.64%
 157  LASV989-S-NIG-2009      0.00%    passed     99.59%
 158  ISTH0047-S-NIG-2011     0.00%    passed     99.88%
 159  LASV990-S-NIG-2009      0.00%    passed     99.80%
 160  ISTH1003-S-NIG-2011     0.00%    passed     99.89%
 161  ISTH0073-S-NIG-2011     0.00%    passed     99.86%
 162  ISTH2316-S-NIG-2012     0.00%    passed     99.98%
 163  LASV225-S-NIG-2010      0.00%    passed     99.92%
 164  LASV978-S-NIG-2009      0.00%    passed     99.99%
 165  ISTH1048-S-NIG-2011     0.00%    passed     99.96%
 166  LASV045-S-NIG-2009      0.00%    passed     99.52%
 167  ISTH2025-S-NIG-2012     0.00%    passed     99.67%
 168  LASV250-S-NIG-2011      0.00%    passed     99.95%
 169  LASV1015-S-NIG-2009     0.00%    passed     99.93%
 170  LASV035-S-NIG-2009      0.00%    passed     99.98%
 171  ISTH1107-S-NIG-2012     0.00%    passed     99.99%
 172  ISTH2271-S-NIG-2012     0.00%    passed     99.94%
 173  ISTH1121-S-NIG-2012     0.00%    passed     99.18%
 174  ISTH2065-S-NIG-2012     0.00%    passed     88.90%
 175  ISTH2066-S-NIG-2012     0.00%    passed     88.90%
 176  ISTH2094-S-NIG-2012     0.00%    passed     63.66%
 177  Nig08-04-S-NIG-2008     0.00%    passed     92.76%
 178  Pinneo-S-NIG-1969       0.00%    passed     64.23%
 179  AV-S-CIV-1999           0.00%    passed     88.59%
****  TOTAL                   0.00%  0 sequences failed composition chi2 test (p-value<5%; df=19)
NOTE: LM774-S-SLE-2012 is identical to LM222-S-SLE-2010 but kept for subsequent analysis
NOTE: G693-S-SLE-2009 is identical to G610-S-SLE-2009 but kept for subsequent analysis
NOTE: G2565-S-SLE-2012 is identical to G1792-S-SLE-2011 but kept for subsequent analysis
NOTE: Z0948-S-SLE-2011 is identical to Z0947-S-SLE-2011 but kept for subsequent analysis
NOTE: G3106-S-SLE-2013 is identical to G3016-S-SLE-2013 but kept for subsequent analysis
NOTE: G3248-S-SLE-2013 is identical to G3151-S-SLE-2013 but kept for subsequent analysis
NOTE: LASV711-S-NIG-2009 is identical to LASV237-S-NIG-2010 but kept for subsequent analysis
NOTE: ISTH2334-S-NIG-2012 is identical to ISTH1064-S-NIG-2011 but kept for subsequent analysis
NOTE: LASV1016-S-NIG-2009 is identical to LASV976-S-NIG-2009 but kept for subsequent analysis
NOTE: ISTH2066-S-NIG-2012 is identical to ISTH2065-S-NIG-2012 but kept for subsequent analysis
NOTE: 4 identical sequences (see below) will be ignored for subsequent analysis
NOTE: LM778-S-SLE-2012 (identical to LM222-S-SLE-2010) is ignored but added at the end
NOTE: G771-S-SLE-2010 (identical to G610-S-SLE-2009) is ignored but added at the end
NOTE: G3170-S-SLE-2013 (identical to G3151-S-SLE-2013) is ignored but added at the end
NOTE: LASV245-S-NIG-2011 (identical to ISTH1064-S-NIG-2011) is ignored but added at the end

For your convenience alignment with unique sequences printed to /csm_data/spielman_lab/aa_phylo_fit_topology//simulations/alignments/LAC_andersen_rep3_AA.fasta.uniqueseq.phy

Create initial parsimony tree by phylogenetic likelihood library (PLL)... 0.062 seconds
Generating 1000 samples for ultrafast bootstrap (seed: 590850)...

NOTE: 30 MB RAM (0 GB) is required!
Measuring multi-threading efficiency up to 8 CPU cores
Increase to 10 rounds for branch lengths
9 trees examined
Threads: 1 / Time: 8.872 sec / Speedup: 1.000 / Efficiency: 100% / LogL: -39732
Threads: 2 / Time: 4.942 sec / Speedup: 1.795 / Efficiency: 90% / LogL: -39732
Threads: 3 / Time: 3.608 sec / Speedup: 2.459 / Efficiency: 82% / LogL: -39732
Threads: 4 / Time: 3.344 sec / Speedup: 2.653 / Efficiency: 66% / LogL: -39732
Threads: 5 / Time: 3.788 sec / Speedup: 2.342 / Efficiency: 47% / LogL: -39732
BEST NUMBER OF THREADS: 4

Estimate model parameters (epsilon = 0.100)
Thoroughly optimizing +I+G parameters from 10 start values...
Init pinv, alpha: 0.000, 1.000 / Estimate: 0.000, 1.081 / LogL: -12656.902
Init pinv, alpha: 0.011, 1.000 / Estimate: 0.055, 1.492 / LogL: -12649.633
Init pinv, alpha: 0.022, 1.000 / Estimate: 0.055, 1.494 / LogL: -12649.626
Init pinv, alpha: 0.033, 1.000 / Estimate: 0.055, 1.492 / LogL: -12649.625
Init pinv, alpha: 0.044, 1.000 / Estimate: 0.056, 1.498 / LogL: -12649.616
Init pinv, alpha: 0.055, 1.000 / Estimate: 0.057, 1.502 / LogL: -12649.604
Init pinv, alpha: 0.066, 1.000 / Estimate: 0.057, 1.505 / LogL: -12649.599
Init pinv, alpha: 0.077, 1.000 / Estimate: 0.058, 1.507 / LogL: -12649.597
Init pinv, alpha: 0.088, 1.000 / Estimate: 0.058, 1.508 / LogL: -12649.612
Init pinv, alpha: 0.099, 1.000 / Estimate: 0.058, 1.510 / LogL: -12649.608
Optimal pinv,alpha: 0.058, 1.507 / LogL: -12649.597

Parameters optimization took 6.927 sec
Computing ML distances based on estimated model parameters... 10.940 sec
Computing BIONJ tree...
0.037 seconds
Log-likelihood of BIONJ tree: -13085.833
--------------------------------------------------------------------
|             INITIALIZING CANDIDATE TREE SET                      |
--------------------------------------------------------------------
Generating 98 parsimony trees... 3.984 second
Computing log-likelihood of 98 initial trees ... 11.321 seconds
Current best score: -12637.795

Do NNI search on 20 best initial trees
Estimate model parameters (epsilon = 0.100)
BETTER TREE FOUND at iteration 1: -12635.441
BETTER TREE FOUND at iteration 9: -12635.441
Iteration 10 / LogL: -12635.442 / Time: 0h:1m:14s
BETTER TREE FOUND at iteration 20: -12635.441
Iteration 20 / LogL: -12635.441 / Time: 0h:1m:33s
Finish initializing candidate tree set (20)
Current best tree score: -12635.441 / CPU time: 56.591
Number of iterations: 20
--------------------------------------------------------------------
|               OPTIMIZING CANDIDATE TREE SET                      |
--------------------------------------------------------------------
BETTER TREE FOUND at iteration 21: -12635.441
BETTER TREE FOUND at iteration 22: -12635.439
BETTER TREE FOUND at iteration 24: -12635.438
BETTER TREE FOUND at iteration 27: -12635.438
Iteration 30 / LogL: -12644.347 / Time: 0h:1m:52s (0h:6m:6s left)
BETTER TREE FOUND at iteration 32: -12635.436
BETTER TREE FOUND at iteration 35: -12635.436
BETTER TREE FOUND at iteration 39: -12635.435
Iteration 40 / LogL: -12655.649 / Time: 0h:2m:12s (0h:5m:30s left)
Iteration 50 / LogL: -12635.436 / Time: 0h:2m:31s (0h:4m:29s left)
Log-likelihood cutoff on original alignment: -12675.696
BETTER TREE FOUND at iteration 53: -12635.435
Iteration 60 / LogL: -12635.436 / Time: 0h:2m:52s (0h:4m:27s left)
BETTER TREE FOUND at iteration 61: -12635.435
BETTER TREE FOUND at iteration 69: -12635.435
Iteration 70 / LogL: -12635.436 / Time: 0h:3m:12s (0h:4m:31s left)
BETTER TREE FOUND at iteration 71: -12635.435
BETTER TREE FOUND at iteration 76: -12635.435
Iteration 80 / LogL: -12637.079 / Time: 0h:3m:33s (0h:4m:16s left)
BETTER TREE FOUND at iteration 81: -12635.435
Iteration 90 / LogL: -12635.435 / Time: 0h:3m:53s (0h:3m:55s left)
Iteration 100 / LogL: -12636.587 / Time: 0h:4m:13s (0h:3m:24s left)
Log-likelihood cutoff on original alignment: -12676.569
NOTE: Bootstrap correlation coefficient of split occurrence frequencies: 0.999
BETTER TREE FOUND at iteration 105: -12635.435
BETTER TREE FOUND at iteration 106: -12635.435
Iteration 110 / LogL: -12635.435 / Time: 0h:4m:34s (0h:3m:59s left)
BETTER TREE FOUND at iteration 113: -12635.434
Iteration 120 / LogL: -12659.408 / Time: 0h:4m:54s (0h:3m:47s left)
BETTER TREE FOUND at iteration 121: -12635.434
Iteration 130 / LogL: -12646.588 / Time: 0h:5m:13s (0h:3m:39s left)
Iteration 140 / LogL: -12657.633 / Time: 0h:5m:31s (0h:3m:11s left)
BETTER TREE FOUND at iteration 142: -12635.434
BETTER TREE FOUND at iteration 148: -12635.434
Iteration 150 / LogL: -12635.435 / Time: 0h:5m:51s (0h:3m:49s left)
Log-likelihood cutoff on original alignment: -12677.161
Iteration 160 / LogL: -12635.434 / Time: 0h:6m:9s (0h:3m:22s left)
BETTER TREE FOUND at iteration 164: -12635.433
Iteration 170 / LogL: -12635.435 / Time: 0h:6m:30s (0h:3m:35s left)
Iteration 180 / LogL: -12643.529 / Time: 0h:6m:50s (0h:3m:11s left)
Iteration 190 / LogL: -12642.816 / Time: 0h:7m:11s (0h:2m:47s left)
Iteration 200 / LogL: -12640.974 / Time: 0h:7m:34s (0h:2m:25s left)
Log-likelihood cutoff on original alignment: -12677.829
NOTE: Bootstrap correlation coefficient of split occurrence frequencies: 0.999
Iteration 210 / LogL: -12635.434 / Time: 0h:7m:56s (0h:3m:24s left)
Iteration 220 / LogL: -12643.709 / Time: 0h:8m:16s (0h:3m:0s left)
Iteration 230 / LogL: -12635.434 / Time: 0h:8m:37s (0h:2m:37s left)
Iteration 240 / LogL: -12669.059 / Time: 0h:8m:57s (0h:2m:14s left)
Iteration 250 / LogL: -12635.434 / Time: 0h:9m:17s (0h:1m:51s left)
Log-likelihood cutoff on original alignment: -12678.746
Iteration 260 / LogL: -12635.434 / Time: 0h:9m:38s (0h:1m:28s left)
TREE SEARCH COMPLETED AFTER 265 ITERATIONS / Time: 0h:9m:47s

--------------------------------------------------------------------
|                    FINALIZING TREE SEARCH                        |
--------------------------------------------------------------------
Performs final model parameters optimization
Estimate model parameters (epsilon = 0.010)
1. Initial log-likelihood: -12635.433
Optimal log-likelihood: -12635.433
Proportion of invariable sites: 0.058
Gamma shape alpha: 1.507
Parameters optimization took 1 rounds (0.119 sec)
BEST SCORE FOUND : -12635.433
Creating bootstrap support values...
Split supports printed to NEXUS file /csm_data/spielman_lab/aa_phylo_fit_topology//simulations/alignments/LAC_andersen_rep3_AA.fasta.splits.nex
Total tree length: 11.855

Total number of iterations: 265
CPU time used for tree search: 2169.869 sec (0h:36m:9s)
Wall-clock time used for tree search: 550.430 sec (0h:9m:10s)
Total CPU time used: 2347.955 sec (0h:39m:7s)
Total wall-clock time used: 588.616 sec (0h:9m:48s)

Computing bootstrap consensus tree...
Reading input file /csm_data/spielman_lab/aa_phylo_fit_topology//simulations/alignments/LAC_andersen_rep3_AA.fasta.splits.nex...
175 taxa and 1409 splits.
Consensus tree written to /csm_data/spielman_lab/aa_phylo_fit_topology//simulations/alignments/LAC_andersen_rep3_AA.fasta.contree
Reading input trees file /csm_data/spielman_lab/aa_phylo_fit_topology//simulations/alignments/LAC_andersen_rep3_AA.fasta.contree
Log-likelihood of consensus tree: -12635.442

Analysis results written to: 
  IQ-TREE report:                /csm_data/spielman_lab/aa_phylo_fit_topology//simulations/alignments/LAC_andersen_rep3_AA.fasta.iqtree
  Maximum-likelihood tree:       /csm_data/spielman_lab/aa_phylo_fit_topology//simulations/alignments/LAC_andersen_rep3_AA.fasta.treefile
  Likelihood distances:          /csm_data/spielman_lab/aa_phylo_fit_topology//simulations/alignments/LAC_andersen_rep3_AA.fasta.mldist

Ultrafast bootstrap approximation results written to:
  Split support values:          /csm_data/spielman_lab/aa_phylo_fit_topology//simulations/alignments/LAC_andersen_rep3_AA.fasta.splits.nex
  Consensus tree:                /csm_data/spielman_lab/aa_phylo_fit_topology//simulations/alignments/LAC_andersen_rep3_AA.fasta.contree
  Screen log file:               /csm_data/spielman_lab/aa_phylo_fit_topology//simulations/alignments/LAC_andersen_rep3_AA.fasta.log

Date and Time: Mon Nov 25 15:52:57 2019
