IQ-TREE multicore version 1.6.7 for Linux 64-bit built Aug 23 2018
Developed by Bui Quang Minh, Nguyen Lam Tung, Olga Chernomor,
Heiko Schmidt, Dominik Schrempf, Michael Woodhams.

Host:    csm-com-006 (AVX2, FMA3, 62 GB RAM)
Command: iqtree -quiet -nt AUTO -ntmax 8 -m Poisson -s /csm_data/spielman_lab/aa_phylo_fit_topology//simulations/alignments/LAC_andersen_rep16_AA.fasta -st AA -redo -bb 1000
Seed:    955424 (Using SPRNG - Scalable Parallel Random Number Generator)
Time:    Mon Nov 25 23:22:59 2019
Kernel:  AVX+FMA - auto-detect threads (48 CPU cores detected)

Reading alignment file /csm_data/spielman_lab/aa_phylo_fit_topology//simulations/alignments/LAC_andersen_rep16_AA.fasta ... Fasta format detected
Alignment most likely contains protein sequences
Alignment has 179 sequences with 262 columns, 255 distinct patterns
224 parsimony-informative, 20 singleton sites, 18 constant sites
                      Gap/Ambiguity  Composition  p-value
   1  BA366-S-GIN-2003        0.00%    passed     99.88%
   2  G502-S-SLE-2009         0.00%    passed     78.18%
   3  G1180-S-SLE-2010        0.00%    passed     71.97%
   4  G2147-S-SLE-2011        0.00%    passed     81.97%
   5  G2165-S-SLE-2011        0.00%    passed     81.51%
   6  LM222-S-SLE-2010        0.00%    passed     88.84%
   7  LM774-S-SLE-2012        0.00%    passed     70.83%
   8  LM778-S-SLE-2012        0.00%    passed     70.83%
   9  G2184-S-SLE-2011        0.00%    passed     90.17%
  10  LM776-S-SLE-2012        0.00%    passed     85.58%
  11  G503-S-SLE-2009         0.00%    passed     89.35%
  12  G2318-S-SLE-2012        0.00%    passed     94.32%
  13  G1959-S-SLE-2011        0.00%    passed     94.42%
  14  G3010-S-SLE-2013        0.00%    passed     93.32%
  15  G610-S-SLE-2009         0.00%    passed     85.68%
  16  G693-S-SLE-2009         0.00%    passed     85.68%
  17  G771-S-SLE-2010         0.00%    passed     85.68%
  18  G1792-S-SLE-2011        0.00%    passed     85.71%
  19  G1960-S-SLE-2011        0.00%    passed     85.71%
  20  G2565-S-SLE-2012        0.00%    passed     85.71%
  21  G2197-S-SLE-2011        0.00%    passed     83.12%
  22  LM032-S-SLE-2010        0.00%    passed     81.18%
  23  Josiah-S-SLE-1976       0.00%    passed     88.28%
  24  G808-S-SLE-2010         0.00%    passed     91.30%
  25  G2868-S-SLE-2012        0.00%    passed     74.70%
  26  G676-S-SLE-2009         0.00%    passed     41.31%
  27  G2405-S-SLE-2012        0.00%    passed     27.63%
  28  G1190-S-SLE-2010        0.00%    passed     36.02%
  29  G2944-S-SLE-2012        0.00%    passed     39.21%
  30  LM765-S-SLE-2012        0.00%    passed     39.81%
  31  G3148-S-SLE-2013        0.00%    passed     36.25%
  32  Z0947-S-SLE-2011        0.00%    passed     42.45%
  33  Z0948-S-SLE-2011        0.00%    passed     36.48%
  34  G1727-S-SLE-2011        0.00%    passed     35.80%
  35  G1647-S-SLE-2011        0.00%    passed     53.96%
  36  G2295-S-SLE-2012        0.00%    passed     43.55%
  37  G2587-S-SLE-2012        0.00%    passed     43.55%
  38  G2280-S-SLE-2012        0.00%    passed     77.78%
  39  G3016-S-SLE-2013        0.00%    passed     52.05%
  40  G3106-S-SLE-2013        0.00%    passed     52.05%
  41  G2612-S-SLE-2012        0.00%    passed     61.99%
  42  LM779-S-SLE-2012        0.00%    passed     72.31%
  43  G692-S-SLE-2009         0.00%    passed     45.54%
  44  LM395-S-SLE-2009        0.00%    passed     36.69%
  45  G1774-S-SLE-2011        0.00%    passed     51.47%
  46  G2222-S-SLE-2011        0.00%    passed     42.64%
  47  G636-S-SLE-2009         0.00%    passed     84.27%
  48  G2315-S-SLE-2012        0.00%    passed     84.27%
  49  G2903-S-SLE-2012        0.00%    passed     75.92%
  50  G3206-S-SLE-2013        0.00%    passed     83.49%
  51  G733-S-SLE-2010         0.00%    passed     50.08%
  52  G2554-S-SLE-2012        0.00%    passed     80.67%
  53  G1618-S-SLE-2011        0.00%    passed     71.28%
  54  G1646-S-SLE-2011        0.00%    passed     81.81%
  55  G2427-S-SLE-2012        0.00%    passed     87.69%
  56  G2392-S-SLE-2012        0.00%    passed     93.78%
  57  G3229-S-SLE-2013        0.00%    passed     88.01%
  58  G3151-S-SLE-2013        0.00%    passed     87.73%
  59  G3248-S-SLE-2013        0.00%    passed     87.73%
  60  G3170-S-SLE-2013        0.00%    passed     87.73%
  61  NL-S-SLE-2000           0.00%    passed     92.47%
  62  G2263-S-SLE-2012        0.00%    passed     76.13%
  63  G2431-S-SLE-2012        0.00%    passed     90.75%
  64  G1442-S-SLE-2011        0.00%    passed     87.15%
  65  G2141-S-SLE-2011        0.00%    passed     81.54%
  66  G1529-S-SLE-2011        0.00%    passed     97.34%
  67  G3234-S-SLE-2013        0.00%    passed     94.94%
  68  G2363-S-SLE-2012        0.00%    passed     90.83%
  69  G2259-S-SLE-2012        0.00%    passed     87.85%
  70  G2723-S-SLE-2012        0.00%    passed     93.61%
  71  G3278-S-SLE-2013        0.00%    passed     85.61%
  72  G2557-S-SLE-2012        0.00%    passed     88.63%
  73  G2615-S-SLE-2012        0.00%    passed     94.30%
  74  G1200-S-LIB-2010        0.00%    passed     99.09%
  75  Macenta-S-GIN-1982      0.00%    passed     67.77%
  76  Z148-S-LIB-1981         0.00%    passed     85.41%
  77  Nig08-A18-S-NIG-2008    0.00%    passed     36.58%
  78  Nig08-A19-S-NIG-2008    0.00%    passed     28.57%
  79  CSF-S-NIG-2001          0.00%    failed      3.44%
  80  ISTH0009-S-NIG-2011     0.00%    passed     98.16%
  81  LASV979-S-NIG-2009      0.00%    passed     99.12%
  82  LASV237-S-NIG-2010      0.00%    passed     99.12%
  83  LASV711-S-NIG-2009      0.00%    passed     99.12%
  84  LASV992-S-NIG-2009      0.00%    passed     99.12%
  85  ISTH0230-S-NIG-2011     0.00%    passed     99.03%
  86  LASV975-S-NIG-2009      0.00%    passed     97.11%
  87  ISTH2061-S-NIG-2012     0.00%    passed     91.63%
  88  Nig08-A41-S-NIG-2008    0.00%    passed     84.49%
  89  ISTH2217-S-NIG-2012     0.00%    passed     97.46%
  90  ISTH1064-S-NIG-2011     0.00%    passed     96.48%
  91  ISTH2334-S-NIG-2012     0.00%    passed     93.96%
  92  LASV245-S-NIG-2011      0.00%    passed     93.56%
  93  LASV1011-S-NIG-2009     0.00%    passed     94.46%
  94  ISTH2312-S-NIG-2012     0.00%    passed     90.23%
  95  LASV1000-S-NIG-2009     0.00%    passed     97.71%
  96  ISTH2010-S-NIG-2012     0.00%    passed     96.90%
  97  ISTH2016-S-NIG-2012     0.00%    passed     94.50%
  98  Nig08-A37-S-NIG-2008    0.00%    passed     95.37%
  99  LASV737-S-NIG-2009      0.00%    passed     94.27%
 100  LASV719-S-NIG-2009      0.00%    passed     91.63%
 101  LASV046-S-NIG-2009      0.00%    passed     95.62%
 102  ISTH2042-S-NIG-2012     0.00%    passed     96.41%
 103  LASV274-S-NIG-2010      0.00%    passed     95.15%
 104  LASV263-S-NIG-2011      0.00%    passed     96.63%
 105  ISTH1137-S-NIG-2011     0.00%    passed     95.39%
 106  LASV976-S-NIG-2009      0.00%    passed     97.87%
 107  LASV1016-S-NIG-2009     0.00%    passed     97.82%
 108  LASV229-S-NIG-2010      0.00%    passed     97.89%
 109  ISTH2129-S-NIG-2012     0.00%    passed     95.74%
 110  ISTH2057-S-NIG-2012     0.00%    passed     91.55%
 111  LASV058-S-NIG-2008      0.00%    passed     92.97%
 112  ISTH1038-S-NIG-2011     0.00%    passed     98.05%
 113  LASV056-S-NIG-2008      0.00%    passed     95.17%
 114  LASV042-S-NIG-2009      0.00%    passed     88.56%
 115  LASV981-S-NIG-2009      0.00%    passed     98.27%
 116  LASV256-S-NIG-2010      0.00%    passed     83.70%
 117  LASV052-S-NIG-2008      0.00%    passed     95.14%
 118  LASV063-S-NIG-2009      0.00%    passed     95.81%
 119  ISTH0595-S-NIG-2011     0.00%    passed     95.17%
 120  ISTH1096-S-NIG-2012     0.00%    passed     95.58%
 121  LASV221-S-NIG-2010      0.00%    passed     96.53%
 122  LASV977-S-NIG-2009      0.00%    passed     96.75%
 123  LASV971-S-NIG-2009      0.00%    passed     98.06%
 124  LASV967-S-NIG-2009      0.00%    passed     93.61%
 125  ISTH2050-S-NIG-2012     0.00%    passed     99.76%
 126  ISTH2031-S-NIG-2012     0.00%    passed     98.72%
 127  ISTH2376-S-NIG-2012     0.00%    passed     98.52%
 128  LASV991-S-NIG-2009      0.00%    passed     83.67%
 129  LASV267-S-NIG-2010      0.00%    passed     92.83%
 130  LASV049-S-NIG-2009      0.00%    passed     96.47%
 131  LASV239-S-NIG-2010      0.00%    passed     98.37%
 132  ISTH2037-S-NIG-2012     0.00%    passed     98.05%
 133  ISTH1069-S-NIG-2011     0.00%    passed     99.29%
 134  ISTH1129-S-NIG-2012     0.00%    passed     97.98%
 135  ISTH2304-S-NIG-2012     0.00%    passed     98.41%
 136  LASV246-S-NIG-2010      0.00%    passed     92.46%
 137  ISTH1111-S-NIG-2011     0.00%    passed     99.03%
 138  LASV006-S-NIG-2008      0.00%    passed     99.05%
 139  ISTH0531-S-NIG-2011     0.00%    passed     95.54%
 140  LASV254-S-NIG-2011      0.00%    passed     98.82%
 141  ISTH2358-S-NIG-2012     0.00%    passed     98.62%
 142  LASV966-S-NIG-2009      0.00%    passed     99.59%
 143  ISTH1058-S-NIG-2011     0.00%    passed     98.01%
 144  LASV241-S-NIG-2011      0.00%    passed     91.79%
 145  LASV271-S-NIG-2010      0.00%    passed     87.91%
 146  Nig08-A47-S-NIG-2008    0.00%    passed     99.39%
 147  ISTH0012-S-NIG-2011     0.00%    passed     99.80%
 148  LASV993-S-NIG-2009      0.00%    passed     99.78%
 149  ISTH2046-S-NIG-2012     0.00%    passed     99.49%
 150  LASV1008-S-NIG-2009     0.00%    passed     99.37%
 151  ISTH2020-S-NIG-2012     0.00%    passed     99.37%
 152  LASV003-S-NIG-2008      0.00%    passed     99.12%
 153  LASV242-S-NIG-2010      0.00%    passed     98.33%
 154  LASV253-S-NIG-2011      0.00%    passed     99.51%
 155  LASV982-S-NIG-2009      0.00%    passed     97.81%
 156  LASV251-S-NIG-2010      0.00%    passed     97.09%
 157  LASV989-S-NIG-2009      0.00%    passed     99.06%
 158  ISTH0047-S-NIG-2011     0.00%    passed     97.72%
 159  LASV990-S-NIG-2009      0.00%    passed     99.11%
 160  ISTH1003-S-NIG-2011     0.00%    passed     99.45%
 161  ISTH0073-S-NIG-2011     0.00%    passed     98.82%
 162  ISTH2316-S-NIG-2012     0.00%    passed     99.21%
 163  LASV225-S-NIG-2010      0.00%    passed     97.66%
 164  LASV978-S-NIG-2009      0.00%    passed     98.59%
 165  ISTH1048-S-NIG-2011     0.00%    passed     99.11%
 166  LASV045-S-NIG-2009      0.00%    passed     99.52%
 167  ISTH2025-S-NIG-2012     0.00%    passed     99.45%
 168  LASV250-S-NIG-2011      0.00%    passed     97.97%
 169  LASV1015-S-NIG-2009     0.00%    passed     97.54%
 170  LASV035-S-NIG-2009      0.00%    passed     99.71%
 171  ISTH1107-S-NIG-2012     0.00%    passed     99.44%
 172  ISTH2271-S-NIG-2012     0.00%    passed     87.90%
 173  ISTH1121-S-NIG-2012     0.00%    passed     96.21%
 174  ISTH2065-S-NIG-2012     0.00%    passed     99.80%
 175  ISTH2066-S-NIG-2012     0.00%    passed     99.80%
 176  ISTH2094-S-NIG-2012     0.00%    passed     94.72%
 177  Nig08-04-S-NIG-2008     0.00%    passed     98.55%
 178  Pinneo-S-NIG-1969       0.00%    passed     92.76%
 179  AV-S-CIV-1999           0.00%    passed     66.66%
****  TOTAL                   0.00%  1 sequences failed composition chi2 test (p-value<5%; df=19)
NOTE: LM778-S-SLE-2012 is identical to LM774-S-SLE-2012 but kept for subsequent analysis
NOTE: G693-S-SLE-2009 is identical to G610-S-SLE-2009 but kept for subsequent analysis
NOTE: G1960-S-SLE-2011 is identical to G1792-S-SLE-2011 but kept for subsequent analysis
NOTE: G2587-S-SLE-2012 is identical to G2295-S-SLE-2012 but kept for subsequent analysis
NOTE: G3106-S-SLE-2013 is identical to G3016-S-SLE-2013 but kept for subsequent analysis
NOTE: G2315-S-SLE-2012 is identical to G636-S-SLE-2009 but kept for subsequent analysis
NOTE: G3248-S-SLE-2013 is identical to G3151-S-SLE-2013 but kept for subsequent analysis
NOTE: LASV237-S-NIG-2010 is identical to LASV979-S-NIG-2009 but kept for subsequent analysis
NOTE: ISTH1048-S-NIG-2011 is identical to LASV990-S-NIG-2009 but kept for subsequent analysis
NOTE: ISTH2066-S-NIG-2012 is identical to ISTH2065-S-NIG-2012 but kept for subsequent analysis
NOTE: 5 identical sequences (see below) will be ignored for subsequent analysis
NOTE: G771-S-SLE-2010 (identical to G610-S-SLE-2009) is ignored but added at the end
NOTE: G2565-S-SLE-2012 (identical to G1792-S-SLE-2011) is ignored but added at the end
NOTE: G3170-S-SLE-2013 (identical to G3151-S-SLE-2013) is ignored but added at the end
NOTE: LASV711-S-NIG-2009 (identical to LASV979-S-NIG-2009) is ignored but added at the end
NOTE: LASV992-S-NIG-2009 (identical to LASV979-S-NIG-2009) is ignored but added at the end

For your convenience alignment with unique sequences printed to /csm_data/spielman_lab/aa_phylo_fit_topology//simulations/alignments/LAC_andersen_rep16_AA.fasta.uniqueseq.phy

Create initial parsimony tree by phylogenetic likelihood library (PLL)... 0.064 seconds
Generating 1000 samples for ultrafast bootstrap (seed: 955424)...

NOTE: 8 MB RAM (0 GB) is required!
Measuring multi-threading efficiency up to 8 CPU cores
Increase to 10 rounds for branch lengths
30 trees examined
Threads: 1 / Time: 8.166 sec / Speedup: 1.000 / Efficiency: 100% / LogL: -52290
Threads: 2 / Time: 4.921 sec / Speedup: 1.660 / Efficiency: 83% / LogL: -52290
Threads: 3 / Time: 3.882 sec / Speedup: 2.104 / Efficiency: 70% / LogL: -52290
Threads: 4 / Time: 4.182 sec / Speedup: 1.953 / Efficiency: 49% / LogL: -52290
BEST NUMBER OF THREADS: 3

Estimate model parameters (epsilon = 0.100)
1. Initial log-likelihood: -13436.978
Optimal log-likelihood: -13308.530
Parameters optimization took 1 rounds (0.041 sec)
Computing ML distances based on estimated model parameters... 0.773 sec
Computing BIONJ tree...
0.023 seconds
Log-likelihood of BIONJ tree: -13352.063
--------------------------------------------------------------------
|             INITIALIZING CANDIDATE TREE SET                      |
--------------------------------------------------------------------
Generating 98 parsimony trees... 4.192 second
Computing log-likelihood of 98 initial trees ... 3.127 seconds
Current best score: -13237.606

Do NNI search on 20 best initial trees
Estimate model parameters (epsilon = 0.100)
BETTER TREE FOUND at iteration 1: -13237.522
Estimate model parameters (epsilon = 0.100)
BETTER TREE FOUND at iteration 4: -13237.473
BETTER TREE FOUND at iteration 5: -13237.473
Iteration 10 / LogL: -13238.903 / Time: 0h:0m:38s
Iteration 20 / LogL: -13238.904 / Time: 0h:0m:43s
Finish initializing candidate tree set (20)
Current best tree score: -13237.473 / CPU time: 16.634
Number of iterations: 20
--------------------------------------------------------------------
|               OPTIMIZING CANDIDATE TREE SET                      |
--------------------------------------------------------------------
BETTER TREE FOUND at iteration 21: -13237.471
BETTER TREE FOUND at iteration 25: -13237.470
Estimate model parameters (epsilon = 0.100)
BETTER TREE FOUND at iteration 26: -13237.362
Iteration 30 / LogL: -13243.450 / Time: 0h:0m:49s (0h:2m:26s left)
BETTER TREE FOUND at iteration 34: -13237.362
Iteration 40 / LogL: -13278.214 / Time: 0h:0m:53s (0h:1m:57s left)
BETTER TREE FOUND at iteration 47: -13237.362
Iteration 50 / LogL: -13245.044 / Time: 0h:0m:58s (0h:1m:45s left)
Log-likelihood cutoff on original alignment: -13273.028
Iteration 60 / LogL: -13251.201 / Time: 0h:1m:3s (0h:1m:25s left)
BETTER TREE FOUND at iteration 61: -13237.362
BETTER TREE FOUND at iteration 65: -13237.361
Iteration 70 / LogL: -13305.185 / Time: 0h:1m:7s (0h:1m:26s left)
Iteration 80 / LogL: -13248.998 / Time: 0h:1m:12s (0h:1m:12s left)
BETTER TREE FOUND at iteration 81: -13237.361
BETTER TREE FOUND at iteration 87: -13237.360
Iteration 90 / LogL: -13237.469 / Time: 0h:1m:17s (0h:1m:18s left)
Iteration 100 / LogL: -13237.469 / Time: 0h:1m:21s (0h:1m:6s left)
Log-likelihood cutoff on original alignment: -13273.028
NOTE: Bootstrap correlation coefficient of split occurrence frequencies: 0.997
Iteration 110 / LogL: -13254.171 / Time: 0h:1m:26s (0h:1m:7s left)
Iteration 120 / LogL: -13237.361 / Time: 0h:1m:30s (0h:0m:57s left)
BETTER TREE FOUND at iteration 130: -13237.360
Iteration 130 / LogL: -13237.360 / Time: 0h:1m:35s (0h:1m:10s left)
Iteration 140 / LogL: -13237.360 / Time: 0h:1m:39s (0h:1m:1s left)
BETTER TREE FOUND at iteration 143: -13237.360
BETTER TREE FOUND at iteration 149: -13237.359
Iteration 150 / LogL: -13237.361 / Time: 0h:1m:45s (0h:1m:6s left)
Log-likelihood cutoff on original alignment: -13273.028
BETTER TREE FOUND at iteration 154: -13237.359
Iteration 160 / LogL: -13250.925 / Time: 0h:1m:50s (0h:1m:2s left)
BETTER TREE FOUND at iteration 161: -13237.359
Iteration 170 / LogL: -13237.364 / Time: 0h:1m:55s (0h:0m:59s left)
Iteration 180 / LogL: -13237.409 / Time: 0h:1m:59s (0h:0m:51s left)
Iteration 190 / LogL: -13237.364 / Time: 0h:2m:4s (0h:0m:44s left)
Iteration 200 / LogL: -13243.874 / Time: 0h:2m:8s (0h:0m:37s left)
Log-likelihood cutoff on original alignment: -13273.028
NOTE: Bootstrap correlation coefficient of split occurrence frequencies: 0.998
Iteration 210 / LogL: -13237.360 / Time: 0h:2m:13s (0h:0m:55s left)
Iteration 220 / LogL: -13237.467 / Time: 0h:2m:18s (0h:0m:48s left)
Iteration 230 / LogL: -13237.359 / Time: 0h:2m:22s (0h:0m:42s left)
BETTER TREE FOUND at iteration 234: -13237.359
Iteration 240 / LogL: -13241.196 / Time: 0h:2m:27s (0h:0m:56s left)
Iteration 250 / LogL: -13248.996 / Time: 0h:2m:32s (0h:0m:49s left)
Log-likelihood cutoff on original alignment: -13273.028
Iteration 260 / LogL: -13237.467 / Time: 0h:2m:37s (0h:0m:43s left)
Iteration 270 / LogL: -13237.359 / Time: 0h:2m:41s (0h:0m:37s left)
Iteration 280 / LogL: -13237.359 / Time: 0h:2m:46s (0h:0m:31s left)
Iteration 290 / LogL: -13237.466 / Time: 0h:2m:51s (0h:0m:25s left)
Iteration 300 / LogL: -13237.359 / Time: 0h:2m:56s (0h:0m:19s left)
Log-likelihood cutoff on original alignment: -13273.028
NOTE: Bootstrap correlation coefficient of split occurrence frequencies: 0.998
BETTER TREE FOUND at iteration 310: -13237.358
Iteration 310 / LogL: -13237.358 / Time: 0h:3m:1s (0h:0m:57s left)
Iteration 320 / LogL: -13250.235 / Time: 0h:3m:6s (0h:0m:51s left)
Iteration 330 / LogL: -13237.359 / Time: 0h:3m:11s (0h:0m:45s left)
Iteration 340 / LogL: -13237.360 / Time: 0h:3m:15s (0h:0m:39s left)
BETTER TREE FOUND at iteration 345: -13237.358
Iteration 350 / LogL: -13265.641 / Time: 0h:3m:20s (0h:0m:53s left)
Log-likelihood cutoff on original alignment: -13273.028
Iteration 360 / LogL: -13237.359 / Time: 0h:3m:25s (0h:0m:47s left)
Iteration 370 / LogL: -13237.359 / Time: 0h:3m:30s (0h:0m:41s left)
Iteration 380 / LogL: -13237.359 / Time: 0h:3m:35s (0h:0m:36s left)
Iteration 390 / LogL: -13237.359 / Time: 0h:3m:40s (0h:0m:30s left)
Iteration 400 / LogL: -13237.359 / Time: 0h:3m:45s (0h:0m:24s left)
Log-likelihood cutoff on original alignment: -13273.612
NOTE: Bootstrap correlation coefficient of split occurrence frequencies: 0.998
Iteration 410 / LogL: -13237.358 / Time: 0h:3m:50s (0h:0m:49s left)
Iteration 420 / LogL: -13237.407 / Time: 0h:3m:55s (0h:0m:44s left)
Iteration 430 / LogL: -13237.467 / Time: 0h:4m:0s (0h:0m:38s left)
BETTER TREE FOUND at iteration 432: -13237.358
Iteration 440 / LogL: -13237.359 / Time: 0h:4m:5s (0h:0m:50s left)
Iteration 450 / LogL: -13237.359 / Time: 0h:4m:10s (0h:0m:44s left)
Log-likelihood cutoff on original alignment: -13273.612
Iteration 460 / LogL: -13237.359 / Time: 0h:4m:15s (0h:0m:39s left)
Iteration 470 / LogL: -13237.359 / Time: 0h:4m:20s (0h:0m:33s left)
Iteration 480 / LogL: -13241.196 / Time: 0h:4m:25s (0h:0m:28s left)
Iteration 490 / LogL: -13251.198 / Time: 0h:4m:30s (0h:0m:22s left)
Iteration 500 / LogL: -13237.360 / Time: 0h:4m:35s (0h:0m:17s left)
Log-likelihood cutoff on original alignment: -13273.612
NOTE: Bootstrap correlation coefficient of split occurrence frequencies: 0.998
Iteration 510 / LogL: -13260.323 / Time: 0h:4m:40s (0h:0m:48s left)
Iteration 520 / LogL: -13237.359 / Time: 0h:4m:45s (0h:0m:43s left)
Iteration 530 / LogL: -13237.359 / Time: 0h:4m:50s (0h:0m:37s left)
TREE SEARCH COMPLETED AFTER 533 ITERATIONS / Time: 0h:4m:52s

--------------------------------------------------------------------
|                    FINALIZING TREE SEARCH                        |
--------------------------------------------------------------------
Performs final model parameters optimization
Estimate model parameters (epsilon = 0.010)
1. Initial log-likelihood: -13237.358
Optimal log-likelihood: -13237.358
Parameters optimization took 1 rounds (0.022 sec)
BEST SCORE FOUND : -13237.358
Creating bootstrap support values...
Split supports printed to NEXUS file /csm_data/spielman_lab/aa_phylo_fit_topology//simulations/alignments/LAC_andersen_rep16_AA.fasta.splits.nex
Total tree length: 7.481

Total number of iterations: 533
CPU time used for tree search: 776.827 sec (0h:12m:56s)
Wall-clock time used for tree search: 265.798 sec (0h:4m:25s)
Total CPU time used: 967.569 sec (0h:16m:7s)
Total wall-clock time used: 292.933 sec (0h:4m:52s)

Computing bootstrap consensus tree...
Reading input file /csm_data/spielman_lab/aa_phylo_fit_topology//simulations/alignments/LAC_andersen_rep16_AA.fasta.splits.nex...
174 taxa and 1421 splits.
Consensus tree written to /csm_data/spielman_lab/aa_phylo_fit_topology//simulations/alignments/LAC_andersen_rep16_AA.fasta.contree
Reading input trees file /csm_data/spielman_lab/aa_phylo_fit_topology//simulations/alignments/LAC_andersen_rep16_AA.fasta.contree
Log-likelihood of consensus tree: -13237.777

Analysis results written to: 
  IQ-TREE report:                /csm_data/spielman_lab/aa_phylo_fit_topology//simulations/alignments/LAC_andersen_rep16_AA.fasta.iqtree
  Maximum-likelihood tree:       /csm_data/spielman_lab/aa_phylo_fit_topology//simulations/alignments/LAC_andersen_rep16_AA.fasta.treefile
  Likelihood distances:          /csm_data/spielman_lab/aa_phylo_fit_topology//simulations/alignments/LAC_andersen_rep16_AA.fasta.mldist

Ultrafast bootstrap approximation results written to:
  Split support values:          /csm_data/spielman_lab/aa_phylo_fit_topology//simulations/alignments/LAC_andersen_rep16_AA.fasta.splits.nex
  Consensus tree:                /csm_data/spielman_lab/aa_phylo_fit_topology//simulations/alignments/LAC_andersen_rep16_AA.fasta.contree
  Screen log file:               /csm_data/spielman_lab/aa_phylo_fit_topology//simulations/alignments/LAC_andersen_rep16_AA.fasta.log

Date and Time: Mon Nov 25 23:27:53 2019
