IQ-TREE multicore version 1.6.7 for Linux 64-bit built Aug 23 2018
Developed by Bui Quang Minh, Nguyen Lam Tung, Olga Chernomor,
Heiko Schmidt, Dominik Schrempf, Michael Woodhams.

Host:    csm-com-001 (AVX2, FMA3, 62 GB RAM)
Command: iqtree -quiet -nt AUTO -ntmax 8 -m JTT+I+G4 -s /csm_data/spielman_lab/aa_phylo_fit_topology//simulations/alignments/LAC_andersen_rep17_AA.fasta -st AA -redo -bb 1000
Seed:    449759 (Using SPRNG - Scalable Parallel Random Number Generator)
Time:    Mon Nov 25 23:01:13 2019
Kernel:  AVX+FMA - auto-detect threads (48 CPU cores detected)

Reading alignment file /csm_data/spielman_lab/aa_phylo_fit_topology//simulations/alignments/LAC_andersen_rep17_AA.fasta ... Fasta format detected
Alignment most likely contains protein sequences
Alignment has 179 sequences with 262 columns, 252 distinct patterns
219 parsimony-informative, 21 singleton sites, 22 constant sites
                      Gap/Ambiguity  Composition  p-value
   1  BA366-S-GIN-2003        0.00%    passed     91.56%
   2  G502-S-SLE-2009         0.00%    passed     87.34%
   3  G1180-S-SLE-2010        0.00%    passed     95.12%
   4  G2147-S-SLE-2011        0.00%    passed     97.82%
   5  G2165-S-SLE-2011        0.00%    passed     99.17%
   6  LM222-S-SLE-2010        0.00%    passed     98.98%
   7  LM774-S-SLE-2012        0.00%    passed     99.98%
   8  LM778-S-SLE-2012        0.00%    passed     99.95%
   9  G2184-S-SLE-2011        0.00%    passed     99.28%
  10  LM776-S-SLE-2012        0.00%    passed     99.70%
  11  G503-S-SLE-2009         0.00%    passed     99.55%
  12  G2318-S-SLE-2012        0.00%    passed     99.59%
  13  G1959-S-SLE-2011        0.00%    passed     99.76%
  14  G3010-S-SLE-2013        0.00%    passed     99.52%
  15  G610-S-SLE-2009         0.00%    passed     98.14%
  16  G693-S-SLE-2009         0.00%    passed     98.14%
  17  G771-S-SLE-2010         0.00%    passed     98.14%
  18  G1792-S-SLE-2011        0.00%    passed     97.47%
  19  G1960-S-SLE-2011        0.00%    passed     98.33%
  20  G2565-S-SLE-2012        0.00%    passed     97.31%
  21  G2197-S-SLE-2011        0.00%    passed     97.43%
  22  LM032-S-SLE-2010        0.00%    passed     97.93%
  23  Josiah-S-SLE-1976       0.00%    passed     97.85%
  24  G808-S-SLE-2010         0.00%    passed     95.44%
  25  G2868-S-SLE-2012        0.00%    passed     97.03%
  26  G676-S-SLE-2009         0.00%    passed     90.41%
  27  G2405-S-SLE-2012        0.00%    passed     88.06%
  28  G1190-S-SLE-2010        0.00%    passed     85.43%
  29  G2944-S-SLE-2012        0.00%    passed     84.55%
  30  LM765-S-SLE-2012        0.00%    passed     89.25%
  31  G3148-S-SLE-2013        0.00%    passed     94.98%
  32  Z0947-S-SLE-2011        0.00%    passed     88.18%
  33  Z0948-S-SLE-2011        0.00%    passed     88.18%
  34  G1727-S-SLE-2011        0.00%    passed     86.29%
  35  G1647-S-SLE-2011        0.00%    passed     86.55%
  36  G2295-S-SLE-2012        0.00%    passed     83.02%
  37  G2587-S-SLE-2012        0.00%    passed     83.02%
  38  G2280-S-SLE-2012        0.00%    passed     98.26%
  39  G3016-S-SLE-2013        0.00%    passed     99.49%
  40  G3106-S-SLE-2013        0.00%    passed     99.49%
  41  G2612-S-SLE-2012        0.00%    passed     97.57%
  42  LM779-S-SLE-2012        0.00%    passed     84.26%
  43  G692-S-SLE-2009         0.00%    passed     84.32%
  44  LM395-S-SLE-2009        0.00%    passed     86.34%
  45  G1774-S-SLE-2011        0.00%    passed     85.38%
  46  G2222-S-SLE-2011        0.00%    passed     81.31%
  47  G636-S-SLE-2009         0.00%    passed     99.62%
  48  G2315-S-SLE-2012        0.00%    passed     99.62%
  49  G2903-S-SLE-2012        0.00%    passed     98.50%
  50  G3206-S-SLE-2013        0.00%    passed     96.06%
  51  G733-S-SLE-2010         0.00%    passed     99.89%
  52  G2554-S-SLE-2012        0.00%    passed     98.72%
  53  G1618-S-SLE-2011        0.00%    passed     99.91%
  54  G1646-S-SLE-2011        0.00%    passed     99.89%
  55  G2427-S-SLE-2012        0.00%    passed     92.42%
  56  G2392-S-SLE-2012        0.00%    passed     97.69%
  57  G3229-S-SLE-2013        0.00%    passed     95.63%
  58  G3151-S-SLE-2013        0.00%    passed     91.34%
  59  G3248-S-SLE-2013        0.00%    passed     91.34%
  60  G3170-S-SLE-2013        0.00%    passed     91.34%
  61  NL-S-SLE-2000           0.00%    passed     97.19%
  62  G2263-S-SLE-2012        0.00%    passed     96.17%
  63  G2431-S-SLE-2012        0.00%    passed     99.32%
  64  G1442-S-SLE-2011        0.00%    passed     97.75%
  65  G2141-S-SLE-2011        0.00%    passed     93.31%
  66  G1529-S-SLE-2011        0.00%    passed     91.04%
  67  G3234-S-SLE-2013        0.00%    passed     98.20%
  68  G2363-S-SLE-2012        0.00%    passed     92.50%
  69  G2259-S-SLE-2012        0.00%    passed     99.96%
  70  G2723-S-SLE-2012        0.00%    passed     98.18%
  71  G3278-S-SLE-2013        0.00%    passed     93.39%
  72  G2557-S-SLE-2012        0.00%    passed     99.62%
  73  G2615-S-SLE-2012        0.00%    passed     99.76%
  74  G1200-S-LIB-2010        0.00%    passed     97.08%
  75  Macenta-S-GIN-1982      0.00%    passed     98.18%
  76  Z148-S-LIB-1981         0.00%    passed     96.77%
  77  Nig08-A18-S-NIG-2008    0.00%    passed     91.36%
  78  Nig08-A19-S-NIG-2008    0.00%    passed     92.46%
  79  CSF-S-NIG-2001          0.00%    passed     98.92%
  80  ISTH0009-S-NIG-2011     0.00%    passed     99.99%
  81  LASV979-S-NIG-2009      0.00%    passed     99.98%
  82  LASV237-S-NIG-2010      0.00%    passed     99.98%
  83  LASV711-S-NIG-2009      0.00%    passed     99.99%
  84  LASV992-S-NIG-2009      0.00%    passed     99.99%
  85  ISTH0230-S-NIG-2011     0.00%    passed     99.88%
  86  LASV975-S-NIG-2009      0.00%    passed     99.98%
  87  ISTH2061-S-NIG-2012     0.00%    passed    100.00%
  88  Nig08-A41-S-NIG-2008    0.00%    passed     99.97%
  89  ISTH2217-S-NIG-2012     0.00%    passed     99.52%
  90  ISTH1064-S-NIG-2011     0.00%    passed     98.46%
  91  ISTH2334-S-NIG-2012     0.00%    passed     99.43%
  92  LASV245-S-NIG-2011      0.00%    passed     99.47%
  93  LASV1011-S-NIG-2009     0.00%    passed     99.94%
  94  ISTH2312-S-NIG-2012     0.00%    passed     99.93%
  95  LASV1000-S-NIG-2009     0.00%    passed     99.87%
  96  ISTH2010-S-NIG-2012     0.00%    passed     99.93%
  97  ISTH2016-S-NIG-2012     0.00%    passed     99.92%
  98  Nig08-A37-S-NIG-2008    0.00%    passed     99.85%
  99  LASV737-S-NIG-2009      0.00%    passed     99.91%
 100  LASV719-S-NIG-2009      0.00%    passed     99.11%
 101  LASV046-S-NIG-2009      0.00%    passed     99.57%
 102  ISTH2042-S-NIG-2012     0.00%    passed     99.46%
 103  LASV274-S-NIG-2010      0.00%    passed     99.91%
 104  LASV263-S-NIG-2011      0.00%    passed     99.10%
 105  ISTH1137-S-NIG-2011     0.00%    passed     99.82%
 106  LASV976-S-NIG-2009      0.00%    passed     99.45%
 107  LASV1016-S-NIG-2009     0.00%    passed     99.03%
 108  LASV229-S-NIG-2010      0.00%    passed     99.45%
 109  ISTH2129-S-NIG-2012     0.00%    passed     99.07%
 110  ISTH2057-S-NIG-2012     0.00%    passed     99.75%
 111  LASV058-S-NIG-2008      0.00%    passed     99.70%
 112  ISTH1038-S-NIG-2011     0.00%    passed     99.37%
 113  LASV056-S-NIG-2008      0.00%    passed     99.77%
 114  LASV042-S-NIG-2009      0.00%    passed     99.03%
 115  LASV981-S-NIG-2009      0.00%    passed     98.09%
 116  LASV256-S-NIG-2010      0.00%    passed     99.27%
 117  LASV052-S-NIG-2008      0.00%    passed     99.74%
 118  LASV063-S-NIG-2009      0.00%    passed     99.58%
 119  ISTH0595-S-NIG-2011     0.00%    passed     99.51%
 120  ISTH1096-S-NIG-2012     0.00%    passed     99.96%
 121  LASV221-S-NIG-2010      0.00%    passed     99.84%
 122  LASV977-S-NIG-2009      0.00%    passed     99.90%
 123  LASV971-S-NIG-2009      0.00%    passed     98.02%
 124  LASV967-S-NIG-2009      0.00%    passed     99.97%
 125  ISTH2050-S-NIG-2012     0.00%    passed     99.90%
 126  ISTH2031-S-NIG-2012     0.00%    passed     99.71%
 127  ISTH2376-S-NIG-2012     0.00%    passed     99.97%
 128  LASV991-S-NIG-2009      0.00%    passed     99.62%
 129  LASV267-S-NIG-2010      0.00%    passed     99.98%
 130  LASV049-S-NIG-2009      0.00%    passed     99.84%
 131  LASV239-S-NIG-2010      0.00%    passed     99.93%
 132  ISTH2037-S-NIG-2012     0.00%    passed     99.94%
 133  ISTH1069-S-NIG-2011     0.00%    passed     98.79%
 134  ISTH1129-S-NIG-2012     0.00%    passed     99.16%
 135  ISTH2304-S-NIG-2012     0.00%    passed     98.47%
 136  LASV246-S-NIG-2010      0.00%    passed     99.07%
 137  ISTH1111-S-NIG-2011     0.00%    passed     99.39%
 138  LASV006-S-NIG-2008      0.00%    passed     99.79%
 139  ISTH0531-S-NIG-2011     0.00%    passed     99.67%
 140  LASV254-S-NIG-2011      0.00%    passed     99.82%
 141  ISTH2358-S-NIG-2012     0.00%    passed    100.00%
 142  LASV966-S-NIG-2009      0.00%    passed     99.76%
 143  ISTH1058-S-NIG-2011     0.00%    passed     99.94%
 144  LASV241-S-NIG-2011      0.00%    passed     99.97%
 145  LASV271-S-NIG-2010      0.00%    passed     99.98%
 146  Nig08-A47-S-NIG-2008    0.00%    passed     99.98%
 147  ISTH0012-S-NIG-2011     0.00%    passed     99.65%
 148  LASV993-S-NIG-2009      0.00%    passed     99.85%
 149  ISTH2046-S-NIG-2012     0.00%    passed     99.32%
 150  LASV1008-S-NIG-2009     0.00%    passed     99.72%
 151  ISTH2020-S-NIG-2012     0.00%    passed     99.87%
 152  LASV003-S-NIG-2008      0.00%    passed     99.92%
 153  LASV242-S-NIG-2010      0.00%    passed     99.65%
 154  LASV253-S-NIG-2011      0.00%    passed     99.79%
 155  LASV982-S-NIG-2009      0.00%    passed     99.94%
 156  LASV251-S-NIG-2010      0.00%    passed     99.71%
 157  LASV989-S-NIG-2009      0.00%    passed     99.92%
 158  ISTH0047-S-NIG-2011     0.00%    passed     99.97%
 159  LASV990-S-NIG-2009      0.00%    passed     99.99%
 160  ISTH1003-S-NIG-2011     0.00%    passed     99.96%
 161  ISTH0073-S-NIG-2011     0.00%    passed     99.98%
 162  ISTH2316-S-NIG-2012     0.00%    passed     99.90%
 163  LASV225-S-NIG-2010      0.00%    passed     99.95%
 164  LASV978-S-NIG-2009      0.00%    passed     99.96%
 165  ISTH1048-S-NIG-2011     0.00%    passed     99.98%
 166  LASV045-S-NIG-2009      0.00%    passed     99.98%
 167  ISTH2025-S-NIG-2012     0.00%    passed     99.86%
 168  LASV250-S-NIG-2011      0.00%    passed     99.95%
 169  LASV1015-S-NIG-2009     0.00%    passed     99.95%
 170  LASV035-S-NIG-2009      0.00%    passed     99.95%
 171  ISTH1107-S-NIG-2012     0.00%    passed     99.92%
 172  ISTH2271-S-NIG-2012     0.00%    passed     99.67%
 173  ISTH1121-S-NIG-2012     0.00%    passed     99.91%
 174  ISTH2065-S-NIG-2012     0.00%    passed     95.47%
 175  ISTH2066-S-NIG-2012     0.00%    passed     95.47%
 176  ISTH2094-S-NIG-2012     0.00%    passed     99.50%
 177  Nig08-04-S-NIG-2008     0.00%    passed     97.63%
 178  Pinneo-S-NIG-1969       0.00%    passed     63.15%
 179  AV-S-CIV-1999           0.00%    passed     99.55%
****  TOTAL                   0.00%  0 sequences failed composition chi2 test (p-value<5%; df=19)
NOTE: G693-S-SLE-2009 is identical to G610-S-SLE-2009 but kept for subsequent analysis
NOTE: Z0948-S-SLE-2011 is identical to Z0947-S-SLE-2011 but kept for subsequent analysis
NOTE: G2587-S-SLE-2012 is identical to G2295-S-SLE-2012 but kept for subsequent analysis
NOTE: G3106-S-SLE-2013 is identical to G3016-S-SLE-2013 but kept for subsequent analysis
NOTE: G2315-S-SLE-2012 is identical to G636-S-SLE-2009 but kept for subsequent analysis
NOTE: G3248-S-SLE-2013 is identical to G3151-S-SLE-2013 but kept for subsequent analysis
NOTE: LASV1015-S-NIG-2009 is identical to LASV250-S-NIG-2011 but kept for subsequent analysis
NOTE: ISTH2066-S-NIG-2012 is identical to ISTH2065-S-NIG-2012 but kept for subsequent analysis
NOTE: 2 identical sequences (see below) will be ignored for subsequent analysis
NOTE: G771-S-SLE-2010 (identical to G610-S-SLE-2009) is ignored but added at the end
NOTE: G3170-S-SLE-2013 (identical to G3151-S-SLE-2013) is ignored but added at the end

For your convenience alignment with unique sequences printed to /csm_data/spielman_lab/aa_phylo_fit_topology//simulations/alignments/LAC_andersen_rep17_AA.fasta.uniqueseq.phy

Create initial parsimony tree by phylogenetic likelihood library (PLL)... 0.067 seconds
Generating 1000 samples for ultrafast bootstrap (seed: 449759)...

NOTE: 30 MB RAM (0 GB) is required!
Measuring multi-threading efficiency up to 8 CPU cores
Increase to 10 rounds for branch lengths
8 trees examined
Threads: 1 / Time: 8.037 sec / Speedup: 1.000 / Efficiency: 100% / LogL: -43653
Threads: 2 / Time: 4.484 sec / Speedup: 1.792 / Efficiency: 90% / LogL: -43653
Threads: 3 / Time: 3.324 sec / Speedup: 2.418 / Efficiency: 81% / LogL: -43653
Threads: 4 / Time: 3.659 sec / Speedup: 2.196 / Efficiency: 55% / LogL: -43653
BEST NUMBER OF THREADS: 3

Estimate model parameters (epsilon = 0.100)
Thoroughly optimizing +I+G parameters from 10 start values...
Init pinv, alpha: 0.000, 1.000 / Estimate: 0.000, 1.520 / LogL: -12344.473
Init pinv, alpha: 0.009, 1.000 / Estimate: 0.063, 2.237 / LogL: -12334.280
Init pinv, alpha: 0.019, 1.000 / Estimate: 0.063, 2.235 / LogL: -12334.282
Init pinv, alpha: 0.028, 1.000 / Estimate: 0.062, 2.233 / LogL: -12334.283
Init pinv, alpha: 0.037, 1.000 / Estimate: 0.063, 2.247 / LogL: -12334.271
Init pinv, alpha: 0.047, 1.000 / Estimate: 0.064, 2.257 / LogL: -12334.268
Init pinv, alpha: 0.056, 1.000 / Estimate: 0.064, 2.266 / LogL: -12334.268
Init pinv, alpha: 0.065, 1.000 / Estimate: 0.065, 2.268 / LogL: -12334.270
Init pinv, alpha: 0.075, 1.000 / Estimate: 0.065, 2.272 / LogL: -12334.272
Init pinv, alpha: 0.084, 1.000 / Estimate: 0.065, 2.273 / LogL: -12334.272
Optimal pinv,alpha: 0.064, 2.257 / LogL: -12334.268

Parameters optimization took 7.134 sec
Computing ML distances based on estimated model parameters... 8.445 sec
Computing BIONJ tree...
0.044 seconds
Log-likelihood of BIONJ tree: -12448.319
--------------------------------------------------------------------
|             INITIALIZING CANDIDATE TREE SET                      |
--------------------------------------------------------------------
Generating 98 parsimony trees... 3.948 second
Computing log-likelihood of 98 initial trees ... 9.208 seconds
Current best score: -12296.363

Do NNI search on 20 best initial trees
Estimate model parameters (epsilon = 0.100)
BETTER TREE FOUND at iteration 1: -12285.369
Estimate model parameters (epsilon = 0.100)
BETTER TREE FOUND at iteration 4: -12284.631
Estimate model parameters (epsilon = 0.100)
BETTER TREE FOUND at iteration 6: -12283.497
Iteration 10 / LogL: -12285.407 / Time: 0h:1m:4s
Iteration 20 / LogL: -12285.407 / Time: 0h:1m:19s
Finish initializing candidate tree set (20)
Current best tree score: -12283.497 / CPU time: 46.701
Number of iterations: 20
--------------------------------------------------------------------
|               OPTIMIZING CANDIDATE TREE SET                      |
--------------------------------------------------------------------
Estimate model parameters (epsilon = 0.100)
BETTER TREE FOUND at iteration 24: -12283.480
Iteration 30 / LogL: -12286.082 / Time: 0h:1m:41s (0h:5m:20s left)
BETTER TREE FOUND at iteration 33: -12283.479
BETTER TREE FOUND at iteration 36: -12283.478
Iteration 40 / LogL: -12284.307 / Time: 0h:2m:2s (0h:4m:52s left)
BETTER TREE FOUND at iteration 42: -12283.477
Iteration 50 / LogL: -12284.058 / Time: 0h:2m:22s (0h:4m:22s left)
Log-likelihood cutoff on original alignment: -12324.544
Iteration 60 / LogL: -12287.644 / Time: 0h:2m:44s (0h:3m:43s left)
Iteration 70 / LogL: -12283.725 / Time: 0h:3m:4s (0h:3m:9s left)
Iteration 80 / LogL: -12285.832 / Time: 0h:3m:24s (0h:2m:38s left)
BETTER TREE FOUND at iteration 81: -12283.477
BETTER TREE FOUND at iteration 83: -12283.477
BETTER TREE FOUND at iteration 90: -12283.477
Iteration 90 / LogL: -12283.477 / Time: 0h:3m:45s (0h:4m:9s left)
BETTER TREE FOUND at iteration 91: -12283.477
Iteration 100 / LogL: -12283.477 / Time: 0h:4m:6s (0h:3m:43s left)
Log-likelihood cutoff on original alignment: -12322.882
NOTE: Bootstrap correlation coefficient of split occurrence frequencies: 0.999
BETTER TREE FOUND at iteration 106: -12283.476
Iteration 110 / LogL: -12283.477 / Time: 0h:4m:27s (0h:3m:52s left)
BETTER TREE FOUND at iteration 118: -12283.476
Iteration 120 / LogL: -12285.233 / Time: 0h:4m:49s (0h:3m:55s left)
BETTER TREE FOUND at iteration 123: -12283.476
BETTER TREE FOUND at iteration 130: -12283.476
Iteration 130 / LogL: -12283.476 / Time: 0h:5m:9s (0h:3m:57s left)
BETTER TREE FOUND at iteration 136: -12283.475
Iteration 140 / LogL: -12284.655 / Time: 0h:5m:29s (0h:3m:45s left)
BETTER TREE FOUND at iteration 149: -12283.475
Iteration 150 / LogL: -12283.476 / Time: 0h:5m:50s (0h:3m:50s left)
Log-likelihood cutoff on original alignment: -12322.882
Iteration 160 / LogL: -12298.875 / Time: 0h:6m:12s (0h:3m:26s left)
Iteration 170 / LogL: -12288.000 / Time: 0h:6m:33s (0h:3m:2s left)
Iteration 180 / LogL: -12283.476 / Time: 0h:6m:52s (0h:2m:37s left)
Iteration 190 / LogL: -12283.722 / Time: 0h:7m:13s (0h:2m:14s left)
Iteration 200 / LogL: -12283.491 / Time: 0h:7m:34s (0h:1m:51s left)
Log-likelihood cutoff on original alignment: -12322.816
NOTE: Bootstrap correlation coefficient of split occurrence frequencies: 0.999
Iteration 210 / LogL: -12283.476 / Time: 0h:7m:55s (0h:3m:23s left)
Iteration 220 / LogL: -12296.538 / Time: 0h:8m:17s (0h:3m:0s left)
Iteration 230 / LogL: -12287.670 / Time: 0h:8m:37s (0h:2m:37s left)
BETTER TREE FOUND at iteration 236: -12283.475
Iteration 240 / LogL: -12284.900 / Time: 0h:8m:58s (0h:3m:34s left)
BETTER TREE FOUND at iteration 242: -12283.475
BETTER TREE FOUND at iteration 250: -12283.475
Iteration 250 / LogL: -12283.475 / Time: 0h:9m:18s (0h:3m:43s left)
Log-likelihood cutoff on original alignment: -12323.136
BETTER TREE FOUND at iteration 253: -12283.475
Iteration 260 / LogL: -12283.476 / Time: 0h:9m:39s (0h:3m:26s left)
Iteration 270 / LogL: -12286.932 / Time: 0h:9m:58s (0h:3m:3s left)
Iteration 280 / LogL: -12325.280 / Time: 0h:10m:19s (0h:2m:41s left)
Iteration 290 / LogL: -12335.506 / Time: 0h:10m:39s (0h:2m:18s left)
BETTER TREE FOUND at iteration 292: -12283.475
Iteration 300 / LogL: -12290.037 / Time: 0h:11m:0s (0h:3m:22s left)
Log-likelihood cutoff on original alignment: -12323.136
NOTE: Bootstrap correlation coefficient of split occurrence frequencies: 0.999
Iteration 310 / LogL: -12283.475 / Time: 0h:11m:21s (0h:3m:17s left)
Iteration 320 / LogL: -12286.955 / Time: 0h:11m:43s (0h:2m:55s left)
Iteration 330 / LogL: -12283.476 / Time: 0h:12m:2s (0h:2m:32s left)
Iteration 340 / LogL: -12283.491 / Time: 0h:12m:23s (0h:2m:10s left)
Iteration 350 / LogL: -12287.087 / Time: 0h:12m:46s (0h:1m:49s left)
Log-likelihood cutoff on original alignment: -12323.136
Iteration 360 / LogL: -12286.956 / Time: 0h:13m:8s (0h:1m:27s left)
Iteration 370 / LogL: -12289.487 / Time: 0h:13m:28s (0h:1m:5s left)
Iteration 380 / LogL: -12283.721 / Time: 0h:13m:49s (0h:0m:43s left)
Iteration 390 / LogL: -12283.475 / Time: 0h:14m:10s (0h:0m:21s left)
TREE SEARCH COMPLETED AFTER 393 ITERATIONS / Time: 0h:14m:16s

--------------------------------------------------------------------
|                    FINALIZING TREE SEARCH                        |
--------------------------------------------------------------------
Performs final model parameters optimization
Estimate model parameters (epsilon = 0.010)
1. Initial log-likelihood: -12283.475
Optimal log-likelihood: -12283.474
Proportion of invariable sites: 0.064
Gamma shape alpha: 2.277
Parameters optimization took 1 rounds (0.151 sec)
BEST SCORE FOUND : -12283.474
Creating bootstrap support values...
Split supports printed to NEXUS file /csm_data/spielman_lab/aa_phylo_fit_topology//simulations/alignments/LAC_andersen_rep17_AA.fasta.splits.nex
Total tree length: 8.674

Total number of iterations: 393
CPU time used for tree search: 2446.247 sec (0h:40m:46s)
Wall-clock time used for tree search: 823.680 sec (0h:13m:43s)
Total CPU time used: 2610.745 sec (0h:43m:30s)
Total wall-clock time used: 857.700 sec (0h:14m:17s)

Computing bootstrap consensus tree...
Reading input file /csm_data/spielman_lab/aa_phylo_fit_topology//simulations/alignments/LAC_andersen_rep17_AA.fasta.splits.nex...
177 taxa and 1281 splits.
Consensus tree written to /csm_data/spielman_lab/aa_phylo_fit_topology//simulations/alignments/LAC_andersen_rep17_AA.fasta.contree
Reading input trees file /csm_data/spielman_lab/aa_phylo_fit_topology//simulations/alignments/LAC_andersen_rep17_AA.fasta.contree
Log-likelihood of consensus tree: -12284.688

Analysis results written to: 
  IQ-TREE report:                /csm_data/spielman_lab/aa_phylo_fit_topology//simulations/alignments/LAC_andersen_rep17_AA.fasta.iqtree
  Maximum-likelihood tree:       /csm_data/spielman_lab/aa_phylo_fit_topology//simulations/alignments/LAC_andersen_rep17_AA.fasta.treefile
  Likelihood distances:          /csm_data/spielman_lab/aa_phylo_fit_topology//simulations/alignments/LAC_andersen_rep17_AA.fasta.mldist

Ultrafast bootstrap approximation results written to:
  Split support values:          /csm_data/spielman_lab/aa_phylo_fit_topology//simulations/alignments/LAC_andersen_rep17_AA.fasta.splits.nex
  Consensus tree:                /csm_data/spielman_lab/aa_phylo_fit_topology//simulations/alignments/LAC_andersen_rep17_AA.fasta.contree
  Screen log file:               /csm_data/spielman_lab/aa_phylo_fit_topology//simulations/alignments/LAC_andersen_rep17_AA.fasta.log

Date and Time: Mon Nov 25 23:15:31 2019
