IQ-TREE multicore version 1.6.7 for Linux 64-bit built Aug 23 2018
Developed by Bui Quang Minh, Nguyen Lam Tung, Olga Chernomor,
Heiko Schmidt, Dominik Schrempf, Michael Woodhams.

Host:    csm-com-006 (AVX2, FMA3, 62 GB RAM)
Command: iqtree -quiet -nt AUTO -ntmax 8 -m JTT+I+G4 -s /csm_data/spielman_lab/aa_phylo_fit_topology//simulations/alignments/LAC_spiralia_rep16_AA.fasta -st AA -redo -bb 1000
Seed:    548823 (Using SPRNG - Scalable Parallel Random Number Generator)
Time:    Tue Nov 26 01:29:12 2019
Kernel:  AVX+FMA - auto-detect threads (48 CPU cores detected)

Reading alignment file /csm_data/spielman_lab/aa_phylo_fit_topology//simulations/alignments/LAC_spiralia_rep16_AA.fasta ... Fasta format detected
Alignment most likely contains protein sequences
Alignment has 103 sequences with 262 columns, 252 distinct patterns
223 parsimony-informative, 18 singleton sites, 21 constant sites
                                Gap/Ambiguity  Composition  p-value
   1  Adineta_vaga                      0.00%    passed     98.88%
   2  Rotaria_rotatoria                 0.00%    passed     99.61%
   3  Lepadella_patella                 0.00%    passed     98.36%
   4  Brachionus_plicatilis             0.00%    passed     99.97%
   5  Brachionus_manjavacas             0.00%    passed     99.81%
   6  Rhabdopleura_compacta             0.00%    passed     99.99%
   7  Ptychodera_flava                  0.00%    passed    100.00%
   8  SchizocardiumCalif_cl             0.00%    passed    100.00%
   9  Sackow                            0.00%    passed     99.99%
  10  Patmin                            0.00%    passed     99.98%
  11  Parastichopus_parvimensis         0.00%    passed     99.93%
  12  Strpur                            0.00%    passed    100.00%
  13  Florometra_serratissima           0.00%    passed     99.97%
  14  Calmil                            0.00%    passed    100.00%
  15  HUMAN                             0.00%    passed     99.96%
  16  LATCH                             0.00%    passed    100.00%
  17  LEPOC                             0.00%    passed     99.97%
  18  Petromyzon_marins                 0.00%    passed    100.00%
  19  Halocynthia_roretzi               0.00%    passed     90.15%
  20  Molgula_tectiformis               0.00%    passed     97.66%
  21  CIOIN                             0.00%    passed     99.68%
  22  Asymmetron_lucayanum              0.00%    passed    100.00%
  23  BraLan                            0.00%    passed    100.00%
  24  Leucoselenia_complicata           0.00%    passed     99.66%
  25  Sycon_ciliatum                    0.00%    passed     99.55%
  26  Oscarella_carmella                0.00%    passed     99.97%
  27  AMPQE                             0.00%    passed     93.57%
  28  Ephidatia_mulleri                 0.00%    passed     99.83%
  29  NEMVE                             0.00%    passed    100.00%
  30  Acropora_digitifera               0.00%    passed    100.00%
  31  Aurelia_aurita                    0.00%    passed     99.93%
  32  Clytia_hemisphaerica              0.00%    passed     96.28%
  33  Isodiametra_pulchra               0.00%    passed     93.76%
  34  Childia_submaculatum              0.00%    passed     96.17%
  35  Diopisthoporus_gymnopharyngeus    0.00%    passed     88.95%
  36  Hofstenia_miamia                  0.00%    passed     98.49%
  37  Meara_stichopi                    0.00%    passed     97.48%
  38  Nemertoderma_westbladi            0.00%    passed     99.90%
  39  Xenoturbella_profunda             0.00%    passed     99.80%
  40  Xenoturbella_bocki                0.00%    passed     99.97%
  41  TRICA                             0.00%    passed     99.96%
  42  DROME                             0.00%    passed     99.19%
  43  Apis_mellifera                    0.00%    passed     99.82%
  44  Daphnia_pulex                     0.00%    passed     98.21%
  45  Eudigraphis_taiwaniensis          0.00%    passed     99.79%
  46  STRMM                             0.00%    passed     99.99%
  47  Mesobuthus_martensii              0.00%    passed    100.00%
  48  Limulus_polyphemus                0.00%    passed     99.97%
  49  Peripatopsis_capensis             0.00%    passed    100.00%
  50  Enoplus_brevis                    0.00%    passed     72.20%
  51  Romanomermis_culicivorax          0.00%    passed     99.90%
  52  Ramazzottius_varieornatus         0.00%    passed     99.13%
  53  Hypsibius_dujardini               0.00%    passed     99.30%
  54  Priapulus_caudatus                0.00%    passed     99.99%
  55  Halicryptus_spinulosus            0.00%    passed    100.00%
  56  Tubiluchus_corallicola            0.00%    passed     99.41%
  57  Lepidodermella_squamata           0.00%    passed     90.31%
  58  Diuronotus_aspetos                0.00%    passed     99.04%
  59  Macrodasys_sp                     0.00%    passed    100.00%
  60  Megadasys_sp                      0.00%    passed     99.98%
  61  Catenulida_sp                     0.00%    passed     99.93%
  62  Stylochoplana_maculata            0.00%    passed     94.98%
  63  Stylochus_ellipticus              0.00%    passed     99.39%
  64  Macrostomum_lignano               0.00%    passed     81.67%
  65  LOTGI                             0.00%    passed     99.89%
  66  Aplysia_californica               0.00%    passed    100.00%
  67  CRAGI                             0.00%    passed    100.00%
  68  Leptochiton_rugatus               0.00%    passed    100.00%
  69  Neomenia_megatrapezata            0.00%    passed     99.97%
  70  CAPI1                             0.00%    passed    100.00%
  71  Lumbricus_terrestris              0.00%    passed     99.79%
  72  Nephtys_caeca                     0.00%    passed     97.65%
  73  Owenia_fusiformis                 0.00%    passed    100.00%
  74  Lineus_longissimus                0.00%    passed     99.98%
  75  Paranemertes_peregrina            0.00%    passed     99.78%
  76  Malacobdella_grossa               0.00%    passed     99.99%
  77  Tubulanus_polymorphus             0.00%    passed     99.98%
  78  Cephalothrix_linearis             0.00%    passed     99.95%
  79  Hemithiris_psittacea              0.00%    passed     99.98%
  80  Terebratalia_transversa           0.00%    passed    100.00%
  81  Glottidia_pyramidata              0.00%    passed    100.00%
  82  Linana                            0.00%    passed    100.00%
  83  Phoronopsis_harmeri               0.00%    passed     99.73%
  84  Phoronis_vancouverensis           0.00%    passed     99.96%
  85  Phoronis_psammophila              0.00%    passed     99.80%
  86  Membranipora_membranacea          0.00%    passed     94.69%
  87  Bugula_neritina                   0.00%    passed     98.44%
  88  Loxosoma_pectinaricola            0.00%    passed     98.87%
  89  Barentsia_gracilis                0.00%    passed     99.97%
  90  Sagitta_gazellae                  0.00%    passed    100.00%
  91  Sagitta_setosa                    0.00%    passed     99.79%
  92  Pterosagitta_draco                0.00%    passed     99.91%
  93  Sagitta_elegans                   0.00%    passed     99.84%
  94  Sagitta_serratodentata            0.00%    passed     99.59%
  95  Sagitta_hexaptera                 0.00%    passed     99.94%
  96  Krohnitta_sp                      0.00%    passed     99.98%
  97  Paraspadella_ovovivipara          0.00%    passed     99.96%
  98  Pargo1                            0.00%    passed     99.85%
  99  Spadella_cephaloptera             0.00%    passed    100.00%
 100  Eukrohnia_hamata                  0.00%    passed    100.00%
 101  Gnathostomula_paradoxa            0.00%    passed     99.14%
 102  Austrognathia_sp                  0.00%    passed     97.06%
 103  Limnognathia_maerski              0.00%    passed     99.99%
****  TOTAL                             0.00%  0 sequences failed composition chi2 test (p-value<5%; df=19)

Create initial parsimony tree by phylogenetic likelihood library (PLL)... 0.059 seconds
Generating 1000 samples for ultrafast bootstrap (seed: 548823)...

NOTE: 18 MB RAM (0 GB) is required!
Measuring multi-threading efficiency up to 8 CPU cores
Increase to 10 rounds for branch lengths
16 trees examined
Threads: 1 / Time: 8.322 sec / Speedup: 1.000 / Efficiency: 100% / LogL: -20891
Threads: 2 / Time: 4.547 sec / Speedup: 1.830 / Efficiency: 92% / LogL: -20891
Threads: 3 / Time: 4.188 sec / Speedup: 1.987 / Efficiency: 66% / LogL: -20891
Threads: 4 / Time: 3.663 sec / Speedup: 2.272 / Efficiency: 57% / LogL: -20891
Threads: 5 / Time: 3.384 sec / Speedup: 2.459 / Efficiency: 49% / LogL: -20891
BEST NUMBER OF THREADS: 4

Estimate model parameters (epsilon = 0.100)
Thoroughly optimizing +I+G parameters from 10 start values...
Init pinv, alpha: 0.000, 1.000 / Estimate: 0.000, 1.324 / LogL: -15146.000
Init pinv, alpha: 0.009, 1.000 / Estimate: 0.059, 1.838 / LogL: -15135.671
Init pinv, alpha: 0.018, 1.000 / Estimate: 0.059, 1.838 / LogL: -15135.671
Init pinv, alpha: 0.027, 1.000 / Estimate: 0.059, 1.831 / LogL: -15135.682
Init pinv, alpha: 0.036, 1.000 / Estimate: 0.059, 1.827 / LogL: -15135.689
Init pinv, alpha: 0.045, 1.000 / Estimate: 0.059, 1.838 / LogL: -15135.671
Init pinv, alpha: 0.053, 1.000 / Estimate: 0.060, 1.842 / LogL: -15135.666
Init pinv, alpha: 0.062, 1.000 / Estimate: 0.060, 1.849 / LogL: -15135.659
Init pinv, alpha: 0.071, 1.000 / Estimate: 0.061, 1.856 / LogL: -15135.657
Init pinv, alpha: 0.080, 1.000 / Estimate: 0.061, 1.862 / LogL: -15135.658
Optimal pinv,alpha: 0.061, 1.856 / LogL: -15135.657

Parameters optimization took 4.303 sec
Computing ML distances based on estimated model parameters... 3.052 sec
Computing BIONJ tree...
0.014 seconds
Log-likelihood of BIONJ tree: -15139.175
--------------------------------------------------------------------
|             INITIALIZING CANDIDATE TREE SET                      |
--------------------------------------------------------------------
Generating 98 parsimony trees... 2.667 second
Computing log-likelihood of 98 initial trees ... 4.192 seconds
Current best score: -15125.935

Do NNI search on 20 best initial trees
Estimate model parameters (epsilon = 0.100)
BETTER TREE FOUND at iteration 1: -15124.338
Estimate model parameters (epsilon = 0.100)
BETTER TREE FOUND at iteration 9: -15124.227
Iteration 10 / LogL: -15125.336 / Time: 0h:0m:43s
Iteration 20 / LogL: -15124.340 / Time: 0h:0m:48s
Finish initializing candidate tree set (10)
Current best tree score: -15124.227 / CPU time: 16.404
Number of iterations: 20
--------------------------------------------------------------------
|               OPTIMIZING CANDIDATE TREE SET                      |
--------------------------------------------------------------------
Iteration 30 / LogL: -15159.196 / Time: 0h:0m:55s (0h:2m:23s left)
Iteration 40 / LogL: -15124.338 / Time: 0h:1m:2s (0h:1m:45s left)
Iteration 50 / LogL: -15150.849 / Time: 0h:1m:8s (0h:1m:18s left)
Log-likelihood cutoff on original alignment: -15153.913
UPDATE BEST LOG-LIKELIHOOD: -15124.227
UPDATE BEST LOG-LIKELIHOOD: -15124.227
Iteration 60 / LogL: -15131.348 / Time: 0h:1m:16s (0h:1m:1s left)
UPDATE BEST LOG-LIKELIHOOD: -15124.226
Iteration 70 / LogL: -15124.339 / Time: 0h:1m:24s (0h:0m:46s left)
Iteration 80 / LogL: -15262.666 / Time: 0h:1m:31s (0h:0m:32s left)
Iteration 90 / LogL: -15124.338 / Time: 0h:1m:37s (0h:0m:20s left)
Iteration 100 / LogL: -15124.339 / Time: 0h:1m:44s (0h:0m:9s left)
Log-likelihood cutoff on original alignment: -15155.653
NOTE: Bootstrap correlation coefficient of split occurrence frequencies: 0.999
Iteration 110 / LogL: -15124.339 / Time: 0h:1m:51s (0h:1m:29s left)
TREE SEARCH COMPLETED AFTER 110 ITERATIONS / Time: 0h:1m:51s

--------------------------------------------------------------------
|                    FINALIZING TREE SEARCH                        |
--------------------------------------------------------------------
Performs final model parameters optimization
Estimate model parameters (epsilon = 0.010)
1. Initial log-likelihood: -15124.226
Optimal log-likelihood: -15124.226
Proportion of invariable sites: 0.061
Gamma shape alpha: 1.864
Parameters optimization took 1 rounds (0.068 sec)
BEST SCORE FOUND : -15124.226
Creating bootstrap support values...
Split supports printed to NEXUS file /csm_data/spielman_lab/aa_phylo_fit_topology//simulations/alignments/LAC_spiralia_rep16_AA.fasta.splits.nex
Total tree length: 10.562

Total number of iterations: 110
CPU time used for tree search: 305.568 sec (0h:5m:5s)
Wall-clock time used for tree search: 78.785 sec (0h:1m:18s)
Total CPU time used: 474.907 sec (0h:7m:54s)
Total wall-clock time used: 111.420 sec (0h:1m:51s)

Computing bootstrap consensus tree...
Reading input file /csm_data/spielman_lab/aa_phylo_fit_topology//simulations/alignments/LAC_spiralia_rep16_AA.fasta.splits.nex...
103 taxa and 473 splits.
Consensus tree written to /csm_data/spielman_lab/aa_phylo_fit_topology//simulations/alignments/LAC_spiralia_rep16_AA.fasta.contree
Reading input trees file /csm_data/spielman_lab/aa_phylo_fit_topology//simulations/alignments/LAC_spiralia_rep16_AA.fasta.contree
Log-likelihood of consensus tree: -15124.227

Analysis results written to: 
  IQ-TREE report:                /csm_data/spielman_lab/aa_phylo_fit_topology//simulations/alignments/LAC_spiralia_rep16_AA.fasta.iqtree
  Maximum-likelihood tree:       /csm_data/spielman_lab/aa_phylo_fit_topology//simulations/alignments/LAC_spiralia_rep16_AA.fasta.treefile
  Likelihood distances:          /csm_data/spielman_lab/aa_phylo_fit_topology//simulations/alignments/LAC_spiralia_rep16_AA.fasta.mldist

Ultrafast bootstrap approximation results written to:
  Split support values:          /csm_data/spielman_lab/aa_phylo_fit_topology//simulations/alignments/LAC_spiralia_rep16_AA.fasta.splits.nex
  Consensus tree:                /csm_data/spielman_lab/aa_phylo_fit_topology//simulations/alignments/LAC_spiralia_rep16_AA.fasta.contree
  Screen log file:               /csm_data/spielman_lab/aa_phylo_fit_topology//simulations/alignments/LAC_spiralia_rep16_AA.fasta.log

Date and Time: Tue Nov 26 01:31:04 2019
