IQ-TREE multicore version 1.6.7 for Linux 64-bit built Aug 23 2018
Developed by Bui Quang Minh, Nguyen Lam Tung, Olga Chernomor,
Heiko Schmidt, Dominik Schrempf, Michael Woodhams.

Host:    csm-com-004 (AVX2, FMA3, 62 GB RAM)
Command: iqtree -quiet -nt AUTO -ntmax 8 -m JTT+F+I+G4 -s /csm_data/spielman_lab/aa_phylo_fit_topology//simulations/alignments/LAC_salichos_rep4_AA.fasta -st AA -redo -bb 1000
Seed:    653916 (Using SPRNG - Scalable Parallel Random Number Generator)
Time:    Mon Nov 25 15:49:09 2019
Kernel:  AVX+FMA - auto-detect threads (48 CPU cores detected)

Reading alignment file /csm_data/spielman_lab/aa_phylo_fit_topology//simulations/alignments/LAC_salichos_rep4_AA.fasta ... Fasta format detected
Alignment most likely contains protein sequences
Alignment has 23 sequences with 262 columns, 256 distinct patterns
226 parsimony-informative, 19 singleton sites, 17 constant sites
      Gap/Ambiguity  Composition  p-value
   1  Agos    0.00%    passed     95.87%
   2  Klac    0.00%    passed     93.53%
   3  Calb    0.00%    passed     68.06%
   4  Cdub    0.00%    passed     65.90%
   5  Ctro    0.00%    passed     45.51%
   6  Cpar    0.00%    passed     87.72%
   7  Lelo    0.00%    passed     78.10%
   8  Psti    0.00%    passed     82.88%
   9  Cgui    0.00%    passed     98.06%
  10  Dhan    0.00%    passed     83.73%
  11  Clus    0.00%    passed     99.67%
  12  Cgla    0.00%    passed     26.44%
  13  Sbay    0.00%    passed     96.82%
  14  Scer    0.00%    passed     97.39%
  15  Spar    0.00%    passed     96.83%
  16  Smik    0.00%    passed     99.36%
  17  Skud    0.00%    passed     95.73%
  18  Scas    0.00%    passed     99.86%
  19  Kpol    0.00%    passed     57.59%
  20  Zrou    0.00%    passed     96.06%
  21  Kthe    0.00%    passed     89.08%
  22  Kwal    0.00%    passed     89.20%
  23  Sklu    0.00%    passed     98.47%
****  TOTAL    0.00%  0 sequences failed composition chi2 test (p-value<5%; df=19)

Create initial parsimony tree by phylogenetic likelihood library (PLL)... 0.003 seconds
Generating 1000 samples for ultrafast bootstrap (seed: 653916)...

NOTE: 4 MB RAM (0 GB) is required!
Measuring multi-threading efficiency up to 8 CPU cores
Increase to 10 rounds for branch lengths
69 trees examined
Threads: 1 / Time: 8.040 sec / Speedup: 1.000 / Efficiency: 100% / LogL: -11074
Threads: 2 / Time: 4.668 sec / Speedup: 1.723 / Efficiency: 86% / LogL: -11074
Threads: 3 / Time: 3.190 sec / Speedup: 2.521 / Efficiency: 84% / LogL: -11074
Threads: 4 / Time: 3.351 sec / Speedup: 2.400 / Efficiency: 60% / LogL: -11074
Threads: 5 / Time: 2.425 sec / Speedup: 3.316 / Efficiency: 66% / LogL: -11074
Threads: 6 / Time: 2.626 sec / Speedup: 3.061 / Efficiency: 51% / LogL: -11074
Threads: 7 / Time: 2.978 sec / Speedup: 2.700 / Efficiency: 39% / LogL: -11074
BEST NUMBER OF THREADS: 5

Estimate model parameters (epsilon = 0.100)
Thoroughly optimizing +I+G parameters from 10 start values...
Init pinv, alpha: 0.000, 1.000 / Estimate: 0.000, 1.344 / LogL: -9277.014
Init pinv, alpha: 0.007, 1.000 / Estimate: 0.046, 1.756 / LogL: -9269.294
Init pinv, alpha: 0.014, 1.000 / Estimate: 0.046, 1.754 / LogL: -9269.295
Init pinv, alpha: 0.022, 1.000 / Estimate: 0.046, 1.758 / LogL: -9269.292
Init pinv, alpha: 0.029, 1.000 / Estimate: 0.046, 1.755 / LogL: -9269.295
Init pinv, alpha: 0.036, 1.000 / Estimate: 0.046, 1.759 / LogL: -9269.292
Init pinv, alpha: 0.043, 1.000 / Estimate: 0.047, 1.761 / LogL: -9269.291
Init pinv, alpha: 0.050, 1.000 / Estimate: 0.047, 1.764 / LogL: -9269.290
Init pinv, alpha: 0.058, 1.000 / Estimate: 0.047, 1.765 / LogL: -9269.290
Init pinv, alpha: 0.065, 1.000 / Estimate: 0.047, 1.766 / LogL: -9269.290
Optimal pinv,alpha: 0.047, 1.766 / LogL: -9269.290

Parameters optimization took 0.556 sec
Computing ML distances based on estimated model parameters... 0.186 sec
Computing BIONJ tree...
0.002 seconds
Log-likelihood of BIONJ tree: -9267.043
--------------------------------------------------------------------
|             INITIALIZING CANDIDATE TREE SET                      |
--------------------------------------------------------------------
Generating 98 parsimony trees... 0.284 second
Computing log-likelihood of 98 initial trees ... 0.740 seconds
Current best score: -9259.160

Do NNI search on 20 best initial trees
Estimate model parameters (epsilon = 0.100)
BETTER TREE FOUND at iteration 1: -9258.029
Iteration 10 / LogL: -9264.107 / Time: 0h:0m:29s
Iteration 20 / LogL: -9258.139 / Time: 0h:0m:30s
Finish initializing candidate tree set (5)
Current best tree score: -9258.029 / CPU time: 2.121
Number of iterations: 20
--------------------------------------------------------------------
|               OPTIMIZING CANDIDATE TREE SET                      |
--------------------------------------------------------------------
Iteration 30 / LogL: -9262.720 / Time: 0h:0m:31s (0h:1m:15s left)
Iteration 40 / LogL: -9262.318 / Time: 0h:0m:31s (0h:0m:49s left)
Iteration 50 / LogL: -9263.007 / Time: 0h:0m:32s (0h:0m:33s left)
Log-likelihood cutoff on original alignment: -9294.112
Iteration 60 / LogL: -9262.058 / Time: 0h:0m:33s (0h:0m:22s left)
Iteration 70 / LogL: -9261.858 / Time: 0h:0m:33s (0h:0m:15s left)
Iteration 80 / LogL: -9261.779 / Time: 0h:0m:34s (0h:0m:9s left)
Iteration 90 / LogL: -9264.041 / Time: 0h:0m:35s (0h:0m:4s left)
Iteration 100 / LogL: -9259.604 / Time: 0h:0m:35s (0h:0m:0s left)
Log-likelihood cutoff on original alignment: -9294.112
NOTE: Bootstrap correlation coefficient of split occurrence frequencies: 0.997
TREE SEARCH COMPLETED AFTER 102 ITERATIONS / Time: 0h:0m:36s

--------------------------------------------------------------------
|                    FINALIZING TREE SEARCH                        |
--------------------------------------------------------------------
Performs final model parameters optimization
Estimate model parameters (epsilon = 0.010)
1. Initial log-likelihood: -9258.029
Optimal log-likelihood: -9258.029
Proportion of invariable sites: 0.047
Gamma shape alpha: 1.766
Parameters optimization took 1 rounds (0.011 sec)
BEST SCORE FOUND : -9258.029
Creating bootstrap support values...
Split supports printed to NEXUS file /csm_data/spielman_lab/aa_phylo_fit_topology//simulations/alignments/LAC_salichos_rep4_AA.fasta.splits.nex
Total tree length: 11.871

Total number of iterations: 102
CPU time used for tree search: 39.684 sec (0h:0m:39s)
Wall-clock time used for tree search: 8.048 sec (0h:0m:8s)
Total CPU time used: 141.331 sec (0h:2m:21s)
Total wall-clock time used: 36.224 sec (0h:0m:36s)

Computing bootstrap consensus tree...
Reading input file /csm_data/spielman_lab/aa_phylo_fit_topology//simulations/alignments/LAC_salichos_rep4_AA.fasta.splits.nex...
23 taxa and 126 splits.
Consensus tree written to /csm_data/spielman_lab/aa_phylo_fit_topology//simulations/alignments/LAC_salichos_rep4_AA.fasta.contree
Reading input trees file /csm_data/spielman_lab/aa_phylo_fit_topology//simulations/alignments/LAC_salichos_rep4_AA.fasta.contree
Log-likelihood of consensus tree: -9258.507

Analysis results written to: 
  IQ-TREE report:                /csm_data/spielman_lab/aa_phylo_fit_topology//simulations/alignments/LAC_salichos_rep4_AA.fasta.iqtree
  Maximum-likelihood tree:       /csm_data/spielman_lab/aa_phylo_fit_topology//simulations/alignments/LAC_salichos_rep4_AA.fasta.treefile
  Likelihood distances:          /csm_data/spielman_lab/aa_phylo_fit_topology//simulations/alignments/LAC_salichos_rep4_AA.fasta.mldist

Ultrafast bootstrap approximation results written to:
  Split support values:          /csm_data/spielman_lab/aa_phylo_fit_topology//simulations/alignments/LAC_salichos_rep4_AA.fasta.splits.nex
  Consensus tree:                /csm_data/spielman_lab/aa_phylo_fit_topology//simulations/alignments/LAC_salichos_rep4_AA.fasta.contree
  Screen log file:               /csm_data/spielman_lab/aa_phylo_fit_topology//simulations/alignments/LAC_salichos_rep4_AA.fasta.log

Date and Time: Mon Nov 25 15:49:45 2019
