IQ-TREE multicore version 1.6.7 for Linux 64-bit built Aug 23 2018
Developed by Bui Quang Minh, Nguyen Lam Tung, Olga Chernomor,
Heiko Schmidt, Dominik Schrempf, Michael Woodhams.

Host:    csm-com-001 (AVX2, FMA3, 62 GB RAM)
Command: iqtree -quiet -nt AUTO -ntmax 8 -m rtREV+I+G4 -s /csm_data/spielman_lab/aa_phylo_fit_topology//simulations/alignments/LAC_opisthokonta_rep1_AA.fasta -st AA -redo -bb 1000
Seed:    499206 (Using SPRNG - Scalable Parallel Random Number Generator)
Time:    Mon Nov 25 10:43:53 2019
Kernel:  AVX+FMA - auto-detect threads (48 CPU cores detected)

Reading alignment file /csm_data/spielman_lab/aa_phylo_fit_topology//simulations/alignments/LAC_opisthokonta_rep1_AA.fasta ... Fasta format detected
Alignment most likely contains protein sequences
Alignment has 70 sequences with 262 columns, 261 distinct patterns
241 parsimony-informative, 13 singleton sites, 8 constant sites
                                  Gap/Ambiguity  Composition  p-value
   1  Oscarella_carmela                   0.00%    passed     97.78%
   2  Leucetta_chagosensis                0.00%    passed     99.66%
   3  Sycon_raphanus                      0.00%    passed     98.66%
   4  Oopsacas_minuta                     0.00%    passed     93.79%
   5  Carteriospongia_foliascens          0.00%    passed     95.24%
   6  Amphimedon_queenslandica            0.00%    passed     97.44%
   7  Suberites_domuncula                 0.00%    passed     48.57%
   8  Lubomirskia_baicalensis             0.00%    passed     73.46%
   9  Ephydatia_muelleri                  0.00%    passed     64.83%
  10  Trichoplax_adhaerens                0.00%    passed     98.79%
  11  Nematostella_vectensis              0.00%    passed     74.75%
  12  Anemonia_viridis                    0.00%    passed     96.04%
  13  Aiptasia_pallida                    0.00%    passed     67.60%
  14  Metridium_senile                    0.00%    passed     88.14%
  15  Acropora_palmata                    0.00%    passed     98.45%
  16  Acropora_millepora                  0.00%    passed     98.23%
  17  Porites_astreoides                  0.00%    passed     93.15%
  18  Montastraea_faveolata               0.00%    passed     94.33%
  19  Cyanea_capillata                    0.00%    passed     90.42%
  20  Clytia_hemisphaerica                0.00%    passed     96.45%
  21  Podocoryna_carnea                   0.00%    passed     94.78%
  22  Hydractinia_echinata                0.00%    passed     94.61%
  23  Hydra_magnipapillata                0.00%    passed     53.03%
  24  Saccoglossus_kowalevskii            0.00%    passed     97.35%
  25  Ptychodera_flava                    0.00%    passed     97.73%
  26  Strongylocentrotus_purpuratus       0.00%    passed     99.12%
  27  Asterina_pectinifera                0.00%    passed     97.49%
  28  Branchiostoma_floridae              0.00%    passed     95.23%
  29  Petromyzon_marinus                  0.00%    passed     92.18%
  30  Gallus                              0.00%    passed     96.69%
  31  Ciona_intestinalis                  0.00%    passed     98.41%
  32  Halocynthia_roretzi                 0.00%    passed     99.66%
  33  Anoplodactylus_eroticus             0.00%    passed     96.63%
  34  Boophilus_microplus                 0.00%    passed     96.15%
  35  Daphnia_pulex                       0.00%    passed     97.11%
  36  Drosophila_melanogaster             0.00%    passed     80.14%
  37  Euperipatoides_kanangrensis         0.00%    passed     98.78%
  38  Echinoderes_horni                   0.00%    passed     66.61%
  39  Xiphinema_index                     0.00%    passed     74.41%
  40  Cerebratulus_lacteus                0.00%    passed     74.75%
  41  Terebratalia_transversa             0.00%    passed     91.17%
  42  Lottia_gigantea                     0.00%    passed     32.46%
  43  Crassostrea_virginica               0.00%    passed     97.15%
  44  Euprymna_scolopes                   0.00%    passed     99.67%
  45  Capitella_telata                    0.00%    passed     63.42%
  46  Helobdella_robusta                  0.00%    passed     99.93%
  47  Schmidtea_mediterranea              0.00%    passed     51.23%
  48  Paraplanocera_oligoglena            0.00%    passed     99.76%
  49  Xenoturbella_bocki                  0.00%    passed     98.37%
  50  Nemertoderma_westbladi              0.00%    passed     99.95%
  51  Meara_stichopi                      0.00%    passed     66.15%
  52  Isodiametra_pulchra                 0.00%    passed     73.49%
  53  Symsagittifera_roscoffensis         0.00%    passed     78.92%
  54  Convolutriloba_longifissura         0.00%    passed     99.21%
  55  Capsaspora_owczarzaki_ATCC_30864    0.00%    passed     93.26%
  56  Amoebidium_parasiticum              0.00%    passed     81.83%
  57  Sphaeroforma_arctica                0.00%    passed     28.98%
  58  Spizellomyces_punctatus             0.00%    passed     92.60%
  59  Batrachochytrium_dendrobatidis      0.00%    passed     52.02%
  60  Cryptococcus_neoformans             0.00%    passed     89.53%
  61  Saccharomyces_cerevisiae            0.00%    passed     38.35%
  62  Phycomyces_blakesleeanus            0.00%    passed     67.15%
  63  Rhizopus_orizae                     0.00%    passed     93.06%
  64  Monosiga_ovata                      0.00%    passed     99.25%
  65  Salpingoeca_rosetta                 0.00%    passed     63.89%
  66  Monosiga_brevicollis                0.00%    passed     80.70%
  67  Mnemiopsis                          0.00%    passed     66.03%
  68  Mertensiid_sp                       0.00%    passed     87.99%
  69  Pleurobrachia_pileus                0.00%    passed     17.67%
  70  Oscarella_lobularis                 0.00%    passed     89.67%
****  TOTAL                               0.00%  0 sequences failed composition chi2 test (p-value<5%; df=19)

Create initial parsimony tree by phylogenetic likelihood library (PLL)... 0.024 seconds
Generating 1000 samples for ultrafast bootstrap (seed: 499206)...

NOTE: 13 MB RAM (0 GB) is required!
Measuring multi-threading efficiency up to 8 CPU cores
Increase to 10 rounds for branch lengths
23 trees examined
Threads: 1 / Time: 8.225 sec / Speedup: 1.000 / Efficiency: 100% / LogL: -29790
Threads: 2 / Time: 4.523 sec / Speedup: 1.819 / Efficiency: 91% / LogL: -29790
Threads: 3 / Time: 4.155 sec / Speedup: 1.979 / Efficiency: 66% / LogL: -29790
Threads: 4 / Time: 3.590 sec / Speedup: 2.291 / Efficiency: 57% / LogL: -29790
Threads: 5 / Time: 3.080 sec / Speedup: 2.671 / Efficiency: 53% / LogL: -29790
Threads: 6 / Time: 2.948 sec / Speedup: 2.790 / Efficiency: 47% / LogL: -29790
BEST NUMBER OF THREADS: 5

Estimate model parameters (epsilon = 0.100)
Thoroughly optimizing +I+G parameters from 10 start values...
Init pinv, alpha: 0.000, 1.000 / Estimate: 0.024, 1.378 / LogL: -25616.875
Init pinv, alpha: 0.003, 1.000 / Estimate: 0.024, 1.378 / LogL: -25616.872
Init pinv, alpha: 0.007, 1.000 / Estimate: 0.024, 1.377 / LogL: -25616.887
Init pinv, alpha: 0.010, 1.000 / Estimate: 0.024, 1.376 / LogL: -25616.907
Init pinv, alpha: 0.014, 1.000 / Estimate: 0.024, 1.379 / LogL: -25616.861
Init pinv, alpha: 0.017, 1.000 / Estimate: 0.024, 1.378 / LogL: -25616.872
Init pinv, alpha: 0.020, 1.000 / Estimate: 0.024, 1.379 / LogL: -25616.861
Init pinv, alpha: 0.024, 1.000 / Estimate: 0.024, 1.378 / LogL: -25616.871
Init pinv, alpha: 0.027, 1.000 / Estimate: 0.024, 1.377 / LogL: -25616.884
Init pinv, alpha: 0.031, 1.000 / Estimate: 0.024, 1.376 / LogL: -25616.901
Optimal pinv,alpha: 0.024, 1.379 / LogL: -25616.861

Parameters optimization took 4.093 sec
Computing ML distances based on estimated model parameters... 2.245 sec
Computing BIONJ tree...
0.005 seconds
Log-likelihood of BIONJ tree: -25595.852
--------------------------------------------------------------------
|             INITIALIZING CANDIDATE TREE SET                      |
--------------------------------------------------------------------
Generating 98 parsimony trees... 1.845 second
Computing log-likelihood of 98 initial trees ... 3.580 seconds
Current best score: -25573.842

Do NNI search on 20 best initial trees
Estimate model parameters (epsilon = 0.100)
BETTER TREE FOUND at iteration 1: -25560.723
Estimate model parameters (epsilon = 0.100)
BETTER TREE FOUND at iteration 3: -25559.699
Estimate model parameters (epsilon = 0.100)
BETTER TREE FOUND at iteration 7: -25559.418
Iteration 10 / LogL: -25559.693 / Time: 0h:0m:39s
Iteration 20 / LogL: -25561.735 / Time: 0h:0m:42s
Finish initializing candidate tree set (11)
Current best tree score: -25559.418 / CPU time: 10.991
Number of iterations: 20
--------------------------------------------------------------------
|               OPTIMIZING CANDIDATE TREE SET                      |
--------------------------------------------------------------------
Estimate model parameters (epsilon = 0.100)
BETTER TREE FOUND at iteration 28: -25558.584
Iteration 30 / LogL: -25563.837 / Time: 0h:0m:47s (0h:2m:39s left)
Iteration 40 / LogL: -25560.452 / Time: 0h:0m:51s (0h:1m:56s left)
Iteration 50 / LogL: -25563.458 / Time: 0h:0m:56s (0h:1m:29s left)
Log-likelihood cutoff on original alignment: -25603.644
Iteration 60 / LogL: -25559.006 / Time: 0h:0m:59s (0h:1m:8s left)
Iteration 70 / LogL: -25563.133 / Time: 0h:1m:2s (0h:0m:51s left)
Iteration 80 / LogL: -25558.699 / Time: 0h:1m:4s (0h:0m:39s left)
Iteration 90 / LogL: -25559.074 / Time: 0h:1m:7s (0h:0m:28s left)
Estimate model parameters (epsilon = 0.100)
UPDATE BEST LOG-LIKELIHOOD: -25558.510
Iteration 100 / LogL: -25558.703 / Time: 0h:1m:9s (0h:0m:19s left)
Log-likelihood cutoff on original alignment: -25603.644
NOTE: Bootstrap correlation coefficient of split occurrence frequencies: 0.998
Iteration 110 / LogL: -25569.624 / Time: 0h:1m:12s (0h:0m:59s left)
Iteration 120 / LogL: -25579.742 / Time: 0h:1m:15s (0h:0m:50s left)
TREE SEARCH COMPLETED AFTER 129 ITERATIONS / Time: 0h:1m:17s

--------------------------------------------------------------------
|                    FINALIZING TREE SEARCH                        |
--------------------------------------------------------------------
Performs final model parameters optimization
Estimate model parameters (epsilon = 0.010)
1. Initial log-likelihood: -25558.510
Optimal log-likelihood: -25558.504
Proportion of invariable sites: 0.024
Gamma shape alpha: 1.420
Parameters optimization took 1 rounds (0.038 sec)
BEST SCORE FOUND : -25558.504
Creating bootstrap support values...
Split supports printed to NEXUS file /csm_data/spielman_lab/aa_phylo_fit_topology//simulations/alignments/LAC_opisthokonta_rep1_AA.fasta.splits.nex
Total tree length: 26.028

Total number of iterations: 129
CPU time used for tree search: 221.498 sec (0h:3m:41s)
Wall-clock time used for tree search: 45.952 sec (0h:0m:45s)
Total CPU time used: 330.325 sec (0h:5m:30s)
Total wall-clock time used: 77.697 sec (0h:1m:17s)

Computing bootstrap consensus tree...
Reading input file /csm_data/spielman_lab/aa_phylo_fit_topology//simulations/alignments/LAC_opisthokonta_rep1_AA.fasta.splits.nex...
70 taxa and 340 splits.
Consensus tree written to /csm_data/spielman_lab/aa_phylo_fit_topology//simulations/alignments/LAC_opisthokonta_rep1_AA.fasta.contree
Reading input trees file /csm_data/spielman_lab/aa_phylo_fit_topology//simulations/alignments/LAC_opisthokonta_rep1_AA.fasta.contree
Log-likelihood of consensus tree: -25558.587

Analysis results written to: 
  IQ-TREE report:                /csm_data/spielman_lab/aa_phylo_fit_topology//simulations/alignments/LAC_opisthokonta_rep1_AA.fasta.iqtree
  Maximum-likelihood tree:       /csm_data/spielman_lab/aa_phylo_fit_topology//simulations/alignments/LAC_opisthokonta_rep1_AA.fasta.treefile
  Likelihood distances:          /csm_data/spielman_lab/aa_phylo_fit_topology//simulations/alignments/LAC_opisthokonta_rep1_AA.fasta.mldist

Ultrafast bootstrap approximation results written to:
  Split support values:          /csm_data/spielman_lab/aa_phylo_fit_topology//simulations/alignments/LAC_opisthokonta_rep1_AA.fasta.splits.nex
  Consensus tree:                /csm_data/spielman_lab/aa_phylo_fit_topology//simulations/alignments/LAC_opisthokonta_rep1_AA.fasta.contree
  Screen log file:               /csm_data/spielman_lab/aa_phylo_fit_topology//simulations/alignments/LAC_opisthokonta_rep1_AA.fasta.log

Date and Time: Mon Nov 25 10:45:11 2019
