IQ-TREE multicore version 1.6.7 for Linux 64-bit built Aug 23 2018
Developed by Bui Quang Minh, Nguyen Lam Tung, Olga Chernomor,
Heiko Schmidt, Dominik Schrempf, Michael Woodhams.

Host:    csm-com-004 (AVX2, FMA3, 62 GB RAM)
Command: iqtree -quiet -nt AUTO -ntmax 8 -m Blosum62+F+I+G4 -s /csm_data/spielman_lab/aa_phylo_fit_topology//simulations/alignments/LAC_opisthokonta_rep4_AA.fasta -st AA -redo -bb 1000
Seed:    41581 (Using SPRNG - Scalable Parallel Random Number Generator)
Time:    Mon Nov 25 10:42:20 2019
Kernel:  AVX+FMA - auto-detect threads (48 CPU cores detected)

Reading alignment file /csm_data/spielman_lab/aa_phylo_fit_topology//simulations/alignments/LAC_opisthokonta_rep4_AA.fasta ... Fasta format detected
Alignment most likely contains protein sequences
Alignment has 70 sequences with 262 columns, 261 distinct patterns
238 parsimony-informative, 15 singleton sites, 9 constant sites
                                  Gap/Ambiguity  Composition  p-value
   1  Oscarella_carmela                   0.00%    passed     39.30%
   2  Leucetta_chagosensis                0.00%    passed     98.92%
   3  Sycon_raphanus                      0.00%    passed     99.90%
   4  Oopsacas_minuta                     0.00%    passed     91.70%
   5  Carteriospongia_foliascens          0.00%    passed     99.81%
   6  Amphimedon_queenslandica            0.00%    passed     59.64%
   7  Suberites_domuncula                 0.00%    passed     97.49%
   8  Lubomirskia_baicalensis             0.00%    passed     84.05%
   9  Ephydatia_muelleri                  0.00%    passed     80.31%
  10  Trichoplax_adhaerens                0.00%    passed     65.15%
  11  Nematostella_vectensis              0.00%    passed     64.59%
  12  Anemonia_viridis                    0.00%    passed     98.99%
  13  Aiptasia_pallida                    0.00%    passed     99.47%
  14  Metridium_senile                    0.00%    passed     97.19%
  15  Acropora_palmata                    0.00%    passed     99.19%
  16  Acropora_millepora                  0.00%    passed     99.56%
  17  Porites_astreoides                  0.00%    passed     93.84%
  18  Montastraea_faveolata               0.00%    passed     59.59%
  19  Cyanea_capillata                    0.00%    passed     89.81%
  20  Clytia_hemisphaerica                0.00%    passed     97.10%
  21  Podocoryna_carnea                   0.00%    passed     98.12%
  22  Hydractinia_echinata                0.00%    passed     67.55%
  23  Hydra_magnipapillata                0.00%    passed     97.19%
  24  Saccoglossus_kowalevskii            0.00%    passed     99.98%
  25  Ptychodera_flava                    0.00%    passed     98.99%
  26  Strongylocentrotus_purpuratus       0.00%    passed     81.73%
  27  Asterina_pectinifera                0.00%    passed     93.74%
  28  Branchiostoma_floridae              0.00%    passed     98.28%
  29  Petromyzon_marinus                  0.00%    passed     81.22%
  30  Gallus                              0.00%    passed     98.00%
  31  Ciona_intestinalis                  0.00%    passed     98.50%
  32  Halocynthia_roretzi                 0.00%    passed     93.21%
  33  Anoplodactylus_eroticus             0.00%    passed     88.26%
  34  Boophilus_microplus                 0.00%    passed     57.19%
  35  Daphnia_pulex                       0.00%    passed     37.57%
  36  Drosophila_melanogaster             0.00%    passed     79.91%
  37  Euperipatoides_kanangrensis         0.00%    passed     83.55%
  38  Echinoderes_horni                   0.00%    passed     95.37%
  39  Xiphinema_index                     0.00%    passed     88.46%
  40  Cerebratulus_lacteus                0.00%    passed     95.03%
  41  Terebratalia_transversa             0.00%    passed     94.74%
  42  Lottia_gigantea                     0.00%    passed     99.94%
  43  Crassostrea_virginica               0.00%    passed     93.23%
  44  Euprymna_scolopes                   0.00%    passed     99.18%
  45  Capitella_telata                    0.00%    passed     98.49%
  46  Helobdella_robusta                  0.00%    passed     84.83%
  47  Schmidtea_mediterranea              0.00%    passed     94.71%
  48  Paraplanocera_oligoglena            0.00%    passed     94.07%
  49  Xenoturbella_bocki                  0.00%    passed     99.87%
  50  Nemertoderma_westbladi              0.00%    passed     96.61%
  51  Meara_stichopi                      0.00%    passed     87.59%
  52  Isodiametra_pulchra                 0.00%    passed     92.86%
  53  Symsagittifera_roscoffensis         0.00%    passed     99.47%
  54  Convolutriloba_longifissura         0.00%    passed     99.80%
  55  Capsaspora_owczarzaki_ATCC_30864    0.00%    passed     81.52%
  56  Amoebidium_parasiticum              0.00%    passed     28.79%
  57  Sphaeroforma_arctica                0.00%    passed     98.92%
  58  Spizellomyces_punctatus             0.00%    passed     90.81%
  59  Batrachochytrium_dendrobatidis      0.00%    passed     85.22%
  60  Cryptococcus_neoformans             0.00%    passed     42.52%
  61  Saccharomyces_cerevisiae            0.00%    passed     62.21%
  62  Phycomyces_blakesleeanus            0.00%    passed     54.18%
  63  Rhizopus_orizae                     0.00%    passed     92.05%
  64  Monosiga_ovata                      0.00%    passed     99.35%
  65  Salpingoeca_rosetta                 0.00%    passed     86.03%
  66  Monosiga_brevicollis                0.00%    passed     99.42%
  67  Mnemiopsis                          0.00%    passed     98.30%
  68  Mertensiid_sp                       0.00%    passed     92.92%
  69  Pleurobrachia_pileus                0.00%    passed     29.66%
  70  Oscarella_lobularis                 0.00%    passed     91.37%
****  TOTAL                               0.00%  0 sequences failed composition chi2 test (p-value<5%; df=19)

Create initial parsimony tree by phylogenetic likelihood library (PLL)... 0.016 seconds
Generating 1000 samples for ultrafast bootstrap (seed: 41581)...

NOTE: 13 MB RAM (0 GB) is required!
Measuring multi-threading efficiency up to 8 CPU cores
Increase to 10 rounds for branch lengths
22 trees examined
Threads: 1 / Time: 8.228 sec / Speedup: 1.000 / Efficiency: 100% / LogL: -28403
Threads: 2 / Time: 4.419 sec / Speedup: 1.862 / Efficiency: 93% / LogL: -28403
Threads: 3 / Time: 3.316 sec / Speedup: 2.481 / Efficiency: 83% / LogL: -28403
Threads: 4 / Time: 3.441 sec / Speedup: 2.391 / Efficiency: 60% / LogL: -28403
Threads: 5 / Time: 2.533 sec / Speedup: 3.249 / Efficiency: 65% / LogL: -28403
Threads: 6 / Time: 2.880 sec / Speedup: 2.857 / Efficiency: 48% / LogL: -28403
BEST NUMBER OF THREADS: 5

Estimate model parameters (epsilon = 0.100)
Thoroughly optimizing +I+G parameters from 10 start values...
Init pinv, alpha: 0.000, 1.000 / Estimate: 0.031, 1.564 / LogL: -24132.193
Init pinv, alpha: 0.004, 1.000 / Estimate: 0.032, 1.577 / LogL: -24132.064
Init pinv, alpha: 0.008, 1.000 / Estimate: 0.032, 1.576 / LogL: -24132.080
Init pinv, alpha: 0.011, 1.000 / Estimate: 0.032, 1.576 / LogL: -24132.095
Init pinv, alpha: 0.015, 1.000 / Estimate: 0.032, 1.575 / LogL: -24132.110
Init pinv, alpha: 0.019, 1.000 / Estimate: 0.032, 1.574 / LogL: -24132.126
Init pinv, alpha: 0.023, 1.000 / Estimate: 0.032, 1.574 / LogL: -24132.141
Init pinv, alpha: 0.027, 1.000 / Estimate: 0.032, 1.573 / LogL: -24132.156
Init pinv, alpha: 0.031, 1.000 / Estimate: 0.032, 1.572 / LogL: -24132.172
Init pinv, alpha: 0.034, 1.000 / Estimate: 0.032, 1.571 / LogL: -24132.188
Optimal pinv,alpha: 0.032, 1.577 / LogL: -24132.064

Parameters optimization took 1.918 sec
Computing ML distances based on estimated model parameters... 1.568 sec
Computing BIONJ tree...
0.004 seconds
Log-likelihood of BIONJ tree: -24119.007
--------------------------------------------------------------------
|             INITIALIZING CANDIDATE TREE SET                      |
--------------------------------------------------------------------
Generating 98 parsimony trees... 1.913 second
Computing log-likelihood of 98 initial trees ... 3.441 seconds
Current best score: -24119.007

Do NNI search on 20 best initial trees
Estimate model parameters (epsilon = 0.100)
BETTER TREE FOUND at iteration 1: -24103.267
Estimate model parameters (epsilon = 0.100)
UPDATE BEST LOG-LIKELIHOOD: -24103.122
Iteration 10 / LogL: -24105.441 / Time: 0h:0m:35s
Iteration 20 / LogL: -24105.425 / Time: 0h:0m:38s
Finish initializing candidate tree set (5)
Current best tree score: -24103.122 / CPU time: 10.140
Number of iterations: 20
--------------------------------------------------------------------
|               OPTIMIZING CANDIDATE TREE SET                      |
--------------------------------------------------------------------
Estimate model parameters (epsilon = 0.100)
BETTER TREE FOUND at iteration 25: -24099.947
Iteration 30 / LogL: -24100.008 / Time: 0h:0m:42s (0h:2m:14s left)
Iteration 40 / LogL: -24099.953 / Time: 0h:0m:45s (0h:1m:37s left)
Estimate model parameters (epsilon = 0.100)
BETTER TREE FOUND at iteration 50: -24099.355
Iteration 50 / LogL: -24099.355 / Time: 0h:0m:49s (0h:1m:38s left)
Log-likelihood cutoff on original alignment: -24142.819
Iteration 60 / LogL: -24100.216 / Time: 0h:0m:53s (0h:1m:19s left)
Iteration 70 / LogL: -24100.720 / Time: 0h:0m:56s (0h:1m:4s left)
Iteration 80 / LogL: -24100.417 / Time: 0h:1m:0s (0h:0m:52s left)
Estimate model parameters (epsilon = 0.100)
UPDATE BEST LOG-LIKELIHOOD: -24099.294
Iteration 90 / LogL: -24100.357 / Time: 0h:1m:3s (0h:0m:42s left)
Iteration 100 / LogL: -24099.524 / Time: 0h:1m:7s (0h:0m:33s left)
Log-likelihood cutoff on original alignment: -24142.819
NOTE: Bootstrap correlation coefficient of split occurrence frequencies: 0.998
Iteration 110 / LogL: -24099.914 / Time: 0h:1m:11s (0h:0m:57s left)
Iteration 120 / LogL: -24100.361 / Time: 0h:1m:14s (0h:0m:49s left)
Iteration 130 / LogL: -24103.131 / Time: 0h:1m:18s (0h:0m:41s left)
Iteration 140 / LogL: -24099.707 / Time: 0h:1m:21s (0h:0m:34s left)
Iteration 150 / LogL: -24101.480 / Time: 0h:1m:25s (0h:0m:28s left)
Log-likelihood cutoff on original alignment: -24142.819
TREE SEARCH COMPLETED AFTER 151 ITERATIONS / Time: 0h:1m:26s

--------------------------------------------------------------------
|                    FINALIZING TREE SEARCH                        |
--------------------------------------------------------------------
Performs final model parameters optimization
Estimate model parameters (epsilon = 0.010)
1. Initial log-likelihood: -24099.294
Optimal log-likelihood: -24099.294
Proportion of invariable sites: 0.032
Gamma shape alpha: 1.545
Parameters optimization took 1 rounds (0.057 sec)
BEST SCORE FOUND : -24099.294
Creating bootstrap support values...
Split supports printed to NEXUS file /csm_data/spielman_lab/aa_phylo_fit_topology//simulations/alignments/LAC_opisthokonta_rep4_AA.fasta.splits.nex
Total tree length: 28.491

Total number of iterations: 151
CPU time used for tree search: 279.451 sec (0h:4m:39s)
Wall-clock time used for tree search: 57.826 sec (0h:0m:57s)
Total CPU time used: 394.486 sec (0h:6m:34s)
Total wall-clock time used: 86.359 sec (0h:1m:26s)

Computing bootstrap consensus tree...
Reading input file /csm_data/spielman_lab/aa_phylo_fit_topology//simulations/alignments/LAC_opisthokonta_rep4_AA.fasta.splits.nex...
70 taxa and 324 splits.
Consensus tree written to /csm_data/spielman_lab/aa_phylo_fit_topology//simulations/alignments/LAC_opisthokonta_rep4_AA.fasta.contree
Reading input trees file /csm_data/spielman_lab/aa_phylo_fit_topology//simulations/alignments/LAC_opisthokonta_rep4_AA.fasta.contree
Log-likelihood of consensus tree: -24100.347

Analysis results written to: 
  IQ-TREE report:                /csm_data/spielman_lab/aa_phylo_fit_topology//simulations/alignments/LAC_opisthokonta_rep4_AA.fasta.iqtree
  Maximum-likelihood tree:       /csm_data/spielman_lab/aa_phylo_fit_topology//simulations/alignments/LAC_opisthokonta_rep4_AA.fasta.treefile
  Likelihood distances:          /csm_data/spielman_lab/aa_phylo_fit_topology//simulations/alignments/LAC_opisthokonta_rep4_AA.fasta.mldist

Ultrafast bootstrap approximation results written to:
  Split support values:          /csm_data/spielman_lab/aa_phylo_fit_topology//simulations/alignments/LAC_opisthokonta_rep4_AA.fasta.splits.nex
  Consensus tree:                /csm_data/spielman_lab/aa_phylo_fit_topology//simulations/alignments/LAC_opisthokonta_rep4_AA.fasta.contree
  Screen log file:               /csm_data/spielman_lab/aa_phylo_fit_topology//simulations/alignments/LAC_opisthokonta_rep4_AA.fasta.log

Date and Time: Mon Nov 25 10:43:46 2019
