IQ-TREE multicore version 1.6.9 for Linux 64-bit built Dec 20 2018
Developed by Bui Quang Minh, Nguyen Lam Tung, Olga Chernomor,
Heiko Schmidt, Dominik Schrempf, Michael Woodhams.

Host:    spielmanlab (AVX512, FMA3, 125 GB RAM)
Command: iqtree -quiet -nt AUTO -ntmax 3 -m DCMut+F+I -s /home/spielman/dms_modelselection//simulations/alignments/NP_andersen_rep6_AA.fasta -st AA -redo -bb 1000
Seed:    546848 (Using SPRNG - Scalable Parallel Random Number Generator)
Time:    Sun Jun  9 23:40:20 2019
Kernel:  AVX+FMA - auto-detect threads (24 CPU cores detected)

Reading alignment file /home/spielman/dms_modelselection//simulations/alignments/NP_andersen_rep6_AA.fasta ... Fasta format detected
Alignment most likely contains protein sequences
Alignment has 179 sequences with 498 columns, 491 distinct patterns
460 parsimony-informative, 25 singleton sites, 13 constant sites
                      Gap/Ambiguity  Composition  p-value
   1  BA366-S-GIN-2003        0.00%    passed     88.87%
   2  G502-S-SLE-2009         0.00%    passed     98.91%
   3  G1180-S-SLE-2010        0.00%    passed     98.23%
   4  G2147-S-SLE-2011        0.00%    passed     99.42%
   5  G2165-S-SLE-2011        0.00%    passed     96.34%
   6  LM222-S-SLE-2010        0.00%    passed     94.84%
   7  LM774-S-SLE-2012        0.00%    passed     95.68%
   8  LM778-S-SLE-2012        0.00%    passed     93.69%
   9  G2184-S-SLE-2011        0.00%    passed     89.73%
  10  LM776-S-SLE-2012        0.00%    passed     97.30%
  11  G503-S-SLE-2009         0.00%    passed     99.92%
  12  G2318-S-SLE-2012        0.00%    passed     98.88%
  13  G1959-S-SLE-2011        0.00%    passed     99.18%
  14  G3010-S-SLE-2013        0.00%    passed     99.84%
  15  G610-S-SLE-2009         0.00%    passed     99.75%
  16  G693-S-SLE-2009         0.00%    passed     99.75%
  17  G771-S-SLE-2010         0.00%    passed     99.70%
  18  G1792-S-SLE-2011        0.00%    passed     99.72%
  19  G1960-S-SLE-2011        0.00%    passed     99.71%
  20  G2565-S-SLE-2012        0.00%    passed     99.45%
  21  G2197-S-SLE-2011        0.00%    passed     99.34%
  22  LM032-S-SLE-2010        0.00%    passed     99.33%
  23  Josiah-S-SLE-1976       0.00%    passed     99.75%
  24  G808-S-SLE-2010         0.00%    passed     98.92%
  25  G2868-S-SLE-2012        0.00%    passed     99.81%
  26  G676-S-SLE-2009         0.00%    passed     99.58%
  27  G2405-S-SLE-2012        0.00%    passed     99.72%
  28  G1190-S-SLE-2010        0.00%    passed     96.17%
  29  G2944-S-SLE-2012        0.00%    passed     98.46%
  30  LM765-S-SLE-2012        0.00%    passed     93.85%
  31  G3148-S-SLE-2013        0.00%    passed     91.94%
  32  Z0947-S-SLE-2011        0.00%    passed     98.12%
  33  Z0948-S-SLE-2011        0.00%    passed     97.13%
  34  G1727-S-SLE-2011        0.00%    passed     91.68%
  35  G1647-S-SLE-2011        0.00%    passed     99.48%
  36  G2295-S-SLE-2012        0.00%    passed     99.42%
  37  G2587-S-SLE-2012        0.00%    passed     99.25%
  38  G2280-S-SLE-2012        0.00%    passed     99.93%
  39  G3016-S-SLE-2013        0.00%    passed     99.99%
  40  G3106-S-SLE-2013        0.00%    passed     99.99%
  41  G2612-S-SLE-2012        0.00%    passed     99.60%
  42  LM779-S-SLE-2012        0.00%    passed     99.79%
  43  G692-S-SLE-2009         0.00%    passed     99.56%
  44  LM395-S-SLE-2009        0.00%    passed     99.21%
  45  G1774-S-SLE-2011        0.00%    passed     92.30%
  46  G2222-S-SLE-2011        0.00%    passed     99.04%
  47  G636-S-SLE-2009         0.00%    passed     99.85%
  48  G2315-S-SLE-2012        0.00%    passed     99.95%
  49  G2903-S-SLE-2012        0.00%    passed     99.84%
  50  G3206-S-SLE-2013        0.00%    passed     99.89%
  51  G733-S-SLE-2010         0.00%    passed     99.83%
  52  G2554-S-SLE-2012        0.00%    passed     99.90%
  53  G1618-S-SLE-2011        0.00%    passed     99.98%
  54  G1646-S-SLE-2011        0.00%    passed     99.96%
  55  G2427-S-SLE-2012        0.00%    passed     95.02%
  56  G2392-S-SLE-2012        0.00%    passed     99.95%
  57  G3229-S-SLE-2013        0.00%    passed     99.99%
  58  G3151-S-SLE-2013        0.00%    passed     99.92%
  59  G3248-S-SLE-2013        0.00%    passed     99.92%
  60  G3170-S-SLE-2013        0.00%    passed     99.92%
  61  NL-S-SLE-2000           0.00%    passed     99.98%
  62  G2263-S-SLE-2012        0.00%    passed     99.49%
  63  G2431-S-SLE-2012        0.00%    passed     91.32%
  64  G1442-S-SLE-2011        0.00%    passed     89.11%
  65  G2141-S-SLE-2011        0.00%    passed     97.89%
  66  G1529-S-SLE-2011        0.00%    passed     91.29%
  67  G3234-S-SLE-2013        0.00%    passed     99.07%
  68  G2363-S-SLE-2012        0.00%    passed     96.71%
  69  G2259-S-SLE-2012        0.00%    passed     92.77%
  70  G2723-S-SLE-2012        0.00%    passed     92.03%
  71  G3278-S-SLE-2013        0.00%    passed     91.05%
  72  G2557-S-SLE-2012        0.00%    passed     83.75%
  73  G2615-S-SLE-2012        0.00%    passed     77.09%
  74  G1200-S-LIB-2010        0.00%    passed     99.77%
  75  Macenta-S-GIN-1982      0.00%    passed     99.40%
  76  Z148-S-LIB-1981         0.00%    passed     99.35%
  77  Nig08-A18-S-NIG-2008    0.00%    passed     98.92%
  78  Nig08-A19-S-NIG-2008    0.00%    passed     99.17%
  79  CSF-S-NIG-2001          0.00%    passed     86.57%
  80  ISTH0009-S-NIG-2011     0.00%    passed     99.99%
  81  LASV979-S-NIG-2009      0.00%    passed     99.98%
  82  LASV237-S-NIG-2010      0.00%    passed     99.99%
  83  LASV711-S-NIG-2009      0.00%    passed     99.99%
  84  LASV992-S-NIG-2009      0.00%    passed     99.99%
  85  ISTH0230-S-NIG-2011     0.00%    passed     99.97%
  86  LASV975-S-NIG-2009      0.00%    passed     99.84%
  87  ISTH2061-S-NIG-2012     0.00%    passed     99.40%
  88  Nig08-A41-S-NIG-2008    0.00%    passed     99.95%
  89  ISTH2217-S-NIG-2012     0.00%    passed     99.97%
  90  ISTH1064-S-NIG-2011     0.00%    passed     99.97%
  91  ISTH2334-S-NIG-2012     0.00%    passed     99.98%
  92  LASV245-S-NIG-2011      0.00%    passed     99.98%
  93  LASV1011-S-NIG-2009     0.00%    passed     99.99%
  94  ISTH2312-S-NIG-2012     0.00%    passed     99.72%
  95  LASV1000-S-NIG-2009     0.00%    passed     99.83%
  96  ISTH2010-S-NIG-2012     0.00%    passed     99.97%
  97  ISTH2016-S-NIG-2012     0.00%    passed    100.00%
  98  Nig08-A37-S-NIG-2008    0.00%    passed    100.00%
  99  LASV737-S-NIG-2009      0.00%    passed    100.00%
 100  LASV719-S-NIG-2009      0.00%    passed     99.72%
 101  LASV046-S-NIG-2009      0.00%    passed     99.99%
 102  ISTH2042-S-NIG-2012     0.00%    passed     99.99%
 103  LASV274-S-NIG-2010      0.00%    passed    100.00%
 104  LASV263-S-NIG-2011      0.00%    passed     99.96%
 105  ISTH1137-S-NIG-2011     0.00%    passed     99.95%
 106  LASV976-S-NIG-2009      0.00%    passed     99.80%
 107  LASV1016-S-NIG-2009     0.00%    passed     99.96%
 108  LASV229-S-NIG-2010      0.00%    passed     99.75%
 109  ISTH2129-S-NIG-2012     0.00%    passed     98.38%
 110  ISTH2057-S-NIG-2012     0.00%    passed     99.98%
 111  LASV058-S-NIG-2008      0.00%    passed     99.99%
 112  ISTH1038-S-NIG-2011     0.00%    passed     99.99%
 113  LASV056-S-NIG-2008      0.00%    passed     99.99%
 114  LASV042-S-NIG-2009      0.00%    passed     99.88%
 115  LASV981-S-NIG-2009      0.00%    passed    100.00%
 116  LASV256-S-NIG-2010      0.00%    passed     99.95%
 117  LASV052-S-NIG-2008      0.00%    passed    100.00%
 118  LASV063-S-NIG-2009      0.00%    passed     99.81%
 119  ISTH0595-S-NIG-2011     0.00%    passed     99.93%
 120  ISTH1096-S-NIG-2012     0.00%    passed     99.90%
 121  LASV221-S-NIG-2010      0.00%    passed     99.99%
 122  LASV977-S-NIG-2009      0.00%    passed     99.99%
 123  LASV971-S-NIG-2009      0.00%    passed     98.09%
 124  LASV967-S-NIG-2009      0.00%    passed     99.97%
 125  ISTH2050-S-NIG-2012     0.00%    passed     99.94%
 126  ISTH2031-S-NIG-2012     0.00%    passed     99.97%
 127  ISTH2376-S-NIG-2012     0.00%    passed     99.98%
 128  LASV991-S-NIG-2009      0.00%    passed     99.96%
 129  LASV267-S-NIG-2010      0.00%    passed     99.89%
 130  LASV049-S-NIG-2009      0.00%    passed    100.00%
 131  LASV239-S-NIG-2010      0.00%    passed     99.95%
 132  ISTH2037-S-NIG-2012     0.00%    passed     99.96%
 133  ISTH1069-S-NIG-2011     0.00%    passed     99.99%
 134  ISTH1129-S-NIG-2012     0.00%    passed     99.96%
 135  ISTH2304-S-NIG-2012     0.00%    passed     99.99%
 136  LASV246-S-NIG-2010      0.00%    passed     99.99%
 137  ISTH1111-S-NIG-2011     0.00%    passed    100.00%
 138  LASV006-S-NIG-2008      0.00%    passed    100.00%
 139  ISTH0531-S-NIG-2011     0.00%    passed     99.97%
 140  LASV254-S-NIG-2011      0.00%    passed     99.79%
 141  ISTH2358-S-NIG-2012     0.00%    passed     99.99%
 142  LASV966-S-NIG-2009      0.00%    passed    100.00%
 143  ISTH1058-S-NIG-2011     0.00%    passed     99.89%
 144  LASV241-S-NIG-2011      0.00%    passed     99.99%
 145  LASV271-S-NIG-2010      0.00%    passed    100.00%
 146  Nig08-A47-S-NIG-2008    0.00%    passed     99.99%
 147  ISTH0012-S-NIG-2011     0.00%    passed    100.00%
 148  LASV993-S-NIG-2009      0.00%    passed    100.00%
 149  ISTH2046-S-NIG-2012     0.00%    passed    100.00%
 150  LASV1008-S-NIG-2009     0.00%    passed    100.00%
 151  ISTH2020-S-NIG-2012     0.00%    passed    100.00%
 152  LASV003-S-NIG-2008      0.00%    passed     99.94%
 153  LASV242-S-NIG-2010      0.00%    passed     99.99%
 154  LASV253-S-NIG-2011      0.00%    passed    100.00%
 155  LASV982-S-NIG-2009      0.00%    passed     99.99%
 156  LASV251-S-NIG-2010      0.00%    passed     99.99%
 157  LASV989-S-NIG-2009      0.00%    passed     99.86%
 158  ISTH0047-S-NIG-2011     0.00%    passed     99.97%
 159  LASV990-S-NIG-2009      0.00%    passed     99.97%
 160  ISTH1003-S-NIG-2011     0.00%    passed    100.00%
 161  ISTH0073-S-NIG-2011     0.00%    passed     99.99%
 162  ISTH2316-S-NIG-2012     0.00%    passed     99.98%
 163  LASV225-S-NIG-2010      0.00%    passed     99.98%
 164  LASV978-S-NIG-2009      0.00%    passed     99.98%
 165  ISTH1048-S-NIG-2011     0.00%    passed     99.99%
 166  LASV045-S-NIG-2009      0.00%    passed    100.00%
 167  ISTH2025-S-NIG-2012     0.00%    passed     99.97%
 168  LASV250-S-NIG-2011      0.00%    passed     99.96%
 169  LASV1015-S-NIG-2009     0.00%    passed     99.99%
 170  LASV035-S-NIG-2009      0.00%    passed    100.00%
 171  ISTH1107-S-NIG-2012     0.00%    passed     99.94%
 172  ISTH2271-S-NIG-2012     0.00%    passed     99.68%
 173  ISTH1121-S-NIG-2012     0.00%    passed     98.53%
 174  ISTH2065-S-NIG-2012     0.00%    passed     91.20%
 175  ISTH2066-S-NIG-2012     0.00%    passed     91.20%
 176  ISTH2094-S-NIG-2012     0.00%    passed     99.31%
 177  Nig08-04-S-NIG-2008     0.00%    passed     92.40%
 178  Pinneo-S-NIG-1969       0.00%    passed     98.89%
 179  AV-S-CIV-1999           0.00%    passed     89.34%
****  TOTAL                   0.00%  0 sequences failed composition chi2 test (p-value<5%; df=19)
NOTE: G693-S-SLE-2009 is identical to G610-S-SLE-2009 but kept for subsequent analysis
NOTE: G3106-S-SLE-2013 is identical to G3016-S-SLE-2013 but kept for subsequent analysis
NOTE: G3248-S-SLE-2013 is identical to G3151-S-SLE-2013 but kept for subsequent analysis
NOTE: ISTH2066-S-NIG-2012 is identical to ISTH2065-S-NIG-2012 but kept for subsequent analysis
NOTE: 1 identical sequences (see below) will be ignored for subsequent analysis
NOTE: G3170-S-SLE-2013 (identical to G3151-S-SLE-2013) is ignored but added at the end

For your convenience alignment with unique sequences printed to /home/spielman/dms_modelselection//simulations/alignments/NP_andersen_rep6_AA.fasta.uniqueseq.phy

Create initial parsimony tree by phylogenetic likelihood library (PLL)... 0.045 seconds
Generating 1000 samples for ultrafast bootstrap (seed: 546848)...

NOTE: 16 MB RAM (0 GB) is required!
Measuring multi-threading efficiency up to 3 CPU cores
Increase to 10 rounds for branch lengths
7 trees examined
Threads: 1 / Time: 3.043 sec / Speedup: 1.000 / Efficiency: 100% / LogL: -100919
Threads: 2 / Time: 1.772 sec / Speedup: 1.717 / Efficiency: 86% / LogL: -100919
Threads: 3 / Time: 1.368 sec / Speedup: 2.224 / Efficiency: 74% / LogL: -100919
BEST NUMBER OF THREADS: 3

Estimate model parameters (epsilon = 0.100)
1. Initial log-likelihood: -28179.612
2. Current log-likelihood: -28052.184
3. Current log-likelihood: -28051.888
Optimal log-likelihood: -28051.880
Proportion of invariable sites: 0.025
Parameters optimization took 3 rounds (0.283 sec)
Computing ML distances based on estimated model parameters... 2.176 sec
Computing BIONJ tree...
0.018 seconds
Log-likelihood of BIONJ tree: -28421.034
--------------------------------------------------------------------
|             INITIALIZING CANDIDATE TREE SET                      |
--------------------------------------------------------------------
Generating 98 parsimony trees... 5.191 second
Computing log-likelihood of 98 initial trees ... 4.623 seconds
Current best score: -28046.549

Do NNI search on 20 best initial trees
Estimate model parameters (epsilon = 0.100)
BETTER TREE FOUND at iteration 1: -28045.845
Estimate model parameters (epsilon = 0.100)
BETTER TREE FOUND at iteration 2: -28043.826
BETTER TREE FOUND at iteration 3: -28043.826
Iteration 10 / LogL: -28044.748 / Time: 0h:0m:22s
Iteration 20 / LogL: -28044.846 / Time: 0h:0m:26s
Finish initializing candidate tree set (20)
Current best tree score: -28043.826 / CPU time: 18.835
Number of iterations: 20
--------------------------------------------------------------------
|               OPTIMIZING CANDIDATE TREE SET                      |
--------------------------------------------------------------------
Iteration 30 / LogL: -28045.112 / Time: 0h:0m:32s (0h:1m:20s left)
BETTER TREE FOUND at iteration 35: -28043.822
UPDATE BEST LOG-LIKELIHOOD: -28043.820
BETTER TREE FOUND at iteration 40: -28043.819
Iteration 40 / LogL: -28043.819 / Time: 0h:0m:38s (0h:1m:37s left)
BETTER TREE FOUND at iteration 43: -28043.819
BETTER TREE FOUND at iteration 47: -28043.818
BETTER TREE FOUND at iteration 48: -28043.818
Iteration 50 / LogL: -28053.240 / Time: 0h:0m:44s (0h:1m:28s left)
Log-likelihood cutoff on original alignment: -28085.372
BETTER TREE FOUND at iteration 58: -28043.818
Iteration 60 / LogL: -28065.185 / Time: 0h:0m:51s (0h:1m:24s left)
BETTER TREE FOUND at iteration 64: -28043.817
Iteration 70 / LogL: -28044.117 / Time: 0h:0m:57s (0h:1m:16s left)
Iteration 80 / LogL: -28043.817 / Time: 0h:1m:3s (0h:1m:6s left)
Iteration 90 / LogL: -28044.443 / Time: 0h:1m:9s (0h:0m:57s left)
BETTER TREE FOUND at iteration 99: -28043.816
Iteration 100 / LogL: -28044.386 / Time: 0h:1m:15s (0h:1m:14s left)
Log-likelihood cutoff on original alignment: -28086.083
NOTE: Bootstrap correlation coefficient of split occurrence frequencies: 0.998
Iteration 110 / LogL: -28047.466 / Time: 0h:1m:21s (0h:1m:7s left)
BETTER TREE FOUND at iteration 112: -28043.816
Iteration 120 / LogL: -28045.835 / Time: 0h:1m:27s (0h:1m:7s left)
BETTER TREE FOUND at iteration 122: -28043.816
Iteration 130 / LogL: -28046.133 / Time: 0h:1m:33s (0h:1m:6s left)
Iteration 140 / LogL: -28066.268 / Time: 0h:1m:39s (0h:0m:58s left)
Iteration 150 / LogL: -28044.574 / Time: 0h:1m:45s (0h:0m:50s left)
Log-likelihood cutoff on original alignment: -28086.083
BETTER TREE FOUND at iteration 152: -28043.815
Iteration 160 / LogL: -28044.115 / Time: 0h:1m:52s (0h:1m:4s left)
Iteration 170 / LogL: -28046.346 / Time: 0h:1m:58s (0h:0m:57s left)
Iteration 180 / LogL: -28044.574 / Time: 0h:2m:4s (0h:0m:49s left)
Iteration 190 / LogL: -28049.581 / Time: 0h:2m:10s (0h:0m:42s left)
Iteration 200 / LogL: -28043.816 / Time: 0h:2m:16s (0h:0m:35s left)
Log-likelihood cutoff on original alignment: -28086.083
NOTE: Bootstrap correlation coefficient of split occurrence frequencies: 0.998
Iteration 210 / LogL: -28044.113 / Time: 0h:2m:23s (0h:1m:1s left)
BETTER TREE FOUND at iteration 213: -28043.814
Iteration 220 / LogL: -28043.816 / Time: 0h:2m:29s (0h:1m:3s left)
BETTER TREE FOUND at iteration 222: -28043.814
Iteration 230 / LogL: -28049.493 / Time: 0h:2m:35s (0h:1m:2s left)
Iteration 240 / LogL: -28044.086 / Time: 0h:2m:41s (0h:0m:55s left)
Iteration 250 / LogL: -28071.623 / Time: 0h:2m:47s (0h:0m:48s left)
Log-likelihood cutoff on original alignment: -28086.083
Iteration 260 / LogL: -28054.050 / Time: 0h:2m:53s (0h:0m:41s left)
Iteration 270 / LogL: -28094.582 / Time: 0h:3m:0s (0h:0m:34s left)
Iteration 280 / LogL: -28052.482 / Time: 0h:3m:5s (0h:0m:27s left)
Iteration 290 / LogL: -28046.048 / Time: 0h:3m:12s (0h:0m:21s left)
Iteration 300 / LogL: -28087.869 / Time: 0h:3m:18s (0h:0m:14s left)
Log-likelihood cutoff on original alignment: -28086.083
NOTE: Bootstrap correlation coefficient of split occurrence frequencies: 0.998
Iteration 310 / LogL: -28047.279 / Time: 0h:3m:24s (0h:0m:59s left)
Iteration 320 / LogL: -28044.258 / Time: 0h:3m:30s (0h:0m:52s left)
TREE SEARCH COMPLETED AFTER 323 ITERATIONS / Time: 0h:3m:32s

--------------------------------------------------------------------
|                    FINALIZING TREE SEARCH                        |
--------------------------------------------------------------------
Performs final model parameters optimization
Estimate model parameters (epsilon = 0.010)
1. Initial log-likelihood: -28043.814
Optimal log-likelihood: -28043.814
Proportion of invariable sites: 0.025
Parameters optimization took 1 rounds (0.068 sec)
BEST SCORE FOUND : -28043.814
Creating bootstrap support values...
Split supports printed to NEXUS file /home/spielman/dms_modelselection//simulations/alignments/NP_andersen_rep6_AA.fasta.splits.nex
Total tree length: 9.886

Total number of iterations: 323
CPU time used for tree search: 600.575 sec (0h:10m:0s)
Wall-clock time used for tree search: 205.023 sec (0h:3m:25s)
Total CPU time used: 626.798 sec (0h:10m:26s)
Total wall-clock time used: 213.439 sec (0h:3m:33s)

Computing bootstrap consensus tree...
Reading input file /home/spielman/dms_modelselection//simulations/alignments/NP_andersen_rep6_AA.fasta.splits.nex...
178 taxa and 818 splits.
Consensus tree written to /home/spielman/dms_modelselection//simulations/alignments/NP_andersen_rep6_AA.fasta.contree
Reading input trees file /home/spielman/dms_modelselection//simulations/alignments/NP_andersen_rep6_AA.fasta.contree
Log-likelihood of consensus tree: -28043.826

Analysis results written to: 
  IQ-TREE report:                /home/spielman/dms_modelselection//simulations/alignments/NP_andersen_rep6_AA.fasta.iqtree
  Maximum-likelihood tree:       /home/spielman/dms_modelselection//simulations/alignments/NP_andersen_rep6_AA.fasta.treefile
  Likelihood distances:          /home/spielman/dms_modelselection//simulations/alignments/NP_andersen_rep6_AA.fasta.mldist

Ultrafast bootstrap approximation results written to:
  Split support values:          /home/spielman/dms_modelselection//simulations/alignments/NP_andersen_rep6_AA.fasta.splits.nex
  Consensus tree:                /home/spielman/dms_modelselection//simulations/alignments/NP_andersen_rep6_AA.fasta.contree
  Screen log file:               /home/spielman/dms_modelselection//simulations/alignments/NP_andersen_rep6_AA.fasta.log

Date and Time: Sun Jun  9 23:43:54 2019
