IQ-TREE multicore version 1.6.9 for Linux 64-bit built Dec 20 2018
Developed by Bui Quang Minh, Nguyen Lam Tung, Olga Chernomor,
Heiko Schmidt, Dominik Schrempf, Michael Woodhams.

Host:    spielmanlab (AVX512, FMA3, 125 GB RAM)
Command: iqtree -quiet -nt AUTO -ntmax 3 -m Poisson -s /home/spielman/dms_modelselection//simulations/alignments/NP_opisthokonta_rep2_AA.fasta -st AA -redo -bb 1000
Seed:    780954 (Using SPRNG - Scalable Parallel Random Number Generator)
Time:    Sun Jun  9 11:40:39 2019
Kernel:  AVX+FMA - auto-detect threads (24 CPU cores detected)

Reading alignment file /home/spielman/dms_modelselection//simulations/alignments/NP_opisthokonta_rep2_AA.fasta ... Fasta format detected
Alignment most likely contains protein sequences
Alignment has 70 sequences with 498 columns, 498 distinct patterns
481 parsimony-informative, 17 singleton sites, 0 constant sites
                                  Gap/Ambiguity  Composition  p-value
   1  Oscarella_carmela                   0.00%    passed     69.83%
   2  Leucetta_chagosensis                0.00%    passed     41.31%
   3  Sycon_raphanus                      0.00%    passed     97.78%
   4  Oopsacas_minuta                     0.00%    passed     84.77%
   5  Carteriospongia_foliascens          0.00%    passed     66.68%
   6  Amphimedon_queenslandica            0.00%    passed     98.38%
   7  Suberites_domuncula                 0.00%    passed     98.11%
   8  Lubomirskia_baicalensis             0.00%    passed     90.55%
   9  Ephydatia_muelleri                  0.00%    passed     69.74%
  10  Trichoplax_adhaerens                0.00%    passed     78.14%
  11  Nematostella_vectensis              0.00%    passed     99.00%
  12  Anemonia_viridis                    0.00%    passed     99.37%
  13  Aiptasia_pallida                    0.00%    passed     38.56%
  14  Metridium_senile                    0.00%    passed     94.51%
  15  Acropora_palmata                    0.00%    passed     61.78%
  16  Acropora_millepora                  0.00%    passed     95.02%
  17  Porites_astreoides                  0.00%    passed     54.09%
  18  Montastraea_faveolata               0.00%    passed     81.91%
  19  Cyanea_capillata                    0.00%    passed     96.28%
  20  Clytia_hemisphaerica                0.00%    passed     97.90%
  21  Podocoryna_carnea                   0.00%    passed     98.35%
  22  Hydractinia_echinata                0.00%    passed     95.65%
  23  Hydra_magnipapillata                0.00%    passed     99.42%
  24  Saccoglossus_kowalevskii            0.00%    passed     99.95%
  25  Ptychodera_flava                    0.00%    passed     98.62%
  26  Strongylocentrotus_purpuratus       0.00%    passed     95.79%
  27  Asterina_pectinifera                0.00%    passed     96.85%
  28  Branchiostoma_floridae              0.00%    passed     94.69%
  29  Petromyzon_marinus                  0.00%    passed     96.49%
  30  Gallus                              0.00%    passed     99.29%
  31  Ciona_intestinalis                  0.00%    passed     99.29%
  32  Halocynthia_roretzi                 0.00%    passed     95.71%
  33  Anoplodactylus_eroticus             0.00%    passed     36.29%
  34  Boophilus_microplus                 0.00%    passed     55.78%
  35  Daphnia_pulex                       0.00%    passed     88.31%
  36  Drosophila_melanogaster             0.00%    passed     98.04%
  37  Euperipatoides_kanangrensis         0.00%    passed     46.78%
  38  Echinoderes_horni                   0.00%    passed     88.01%
  39  Xiphinema_index                     0.00%    passed     64.31%
  40  Cerebratulus_lacteus                0.00%    passed    100.00%
  41  Terebratalia_transversa             0.00%    passed     97.56%
  42  Lottia_gigantea                     0.00%    passed     77.63%
  43  Crassostrea_virginica               0.00%    passed     98.89%
  44  Euprymna_scolopes                   0.00%    passed     52.45%
  45  Capitella_telata                    0.00%    passed     76.57%
  46  Helobdella_robusta                  0.00%    passed     83.86%
  47  Schmidtea_mediterranea              0.00%    passed     83.38%
  48  Paraplanocera_oligoglena            0.00%    passed     84.68%
  49  Xenoturbella_bocki                  0.00%    passed     97.23%
  50  Nemertoderma_westbladi              0.00%    passed     98.11%
  51  Meara_stichopi                      0.00%    passed     78.75%
  52  Isodiametra_pulchra                 0.00%    passed     91.46%
  53  Symsagittifera_roscoffensis         0.00%    passed     82.21%
  54  Convolutriloba_longifissura         0.00%    passed     56.52%
  55  Capsaspora_owczarzaki_ATCC_30864    0.00%    passed     75.71%
  56  Amoebidium_parasiticum              0.00%    passed     63.44%
  57  Sphaeroforma_arctica                0.00%    passed     87.90%
  58  Spizellomyces_punctatus             0.00%    passed     87.81%
  59  Batrachochytrium_dendrobatidis      0.00%    passed     34.66%
  60  Cryptococcus_neoformans             0.00%    passed     40.32%
  61  Saccharomyces_cerevisiae            0.00%    passed     11.59%
  62  Phycomyces_blakesleeanus            0.00%    passed     19.11%
  63  Rhizopus_orizae                     0.00%    passed     57.45%
  64  Monosiga_ovata                      0.00%    passed     90.21%
  65  Salpingoeca_rosetta                 0.00%    passed     73.06%
  66  Monosiga_brevicollis                0.00%    passed     71.77%
  67  Mnemiopsis                          0.00%    passed     90.91%
  68  Mertensiid_sp                       0.00%    passed     96.82%
  69  Pleurobrachia_pileus                0.00%    passed     99.54%
  70  Oscarella_lobularis                 0.00%    passed     93.81%
****  TOTAL                               0.00%  0 sequences failed composition chi2 test (p-value<5%; df=19)

Create initial parsimony tree by phylogenetic likelihood library (PLL)... 0.026 seconds
Generating 1000 samples for ultrafast bootstrap (seed: 780954)...

NOTE: 7 MB RAM (0 GB) is required!
Measuring multi-threading efficiency up to 3 CPU cores
Increase to 10 rounds for branch lengths
14 trees examined
Threads: 1 / Time: 3.104 sec / Speedup: 1.000 / Efficiency: 100% / LogL: -66578
Threads: 2 / Time: 1.734 sec / Speedup: 1.790 / Efficiency: 90% / LogL: -66578
Threads: 3 / Time: 1.245 sec / Speedup: 2.493 / Efficiency: 83% / LogL: -66578
BEST NUMBER OF THREADS: 3

Estimate model parameters (epsilon = 0.100)
1. Initial log-likelihood: -56866.313
Optimal log-likelihood: -56045.950
Parameters optimization took 1 rounds (0.057 sec)
Computing ML distances based on estimated model parameters... 0.165 sec
Computing BIONJ tree...
0.004 seconds
Log-likelihood of BIONJ tree: -56061.113
--------------------------------------------------------------------
|             INITIALIZING CANDIDATE TREE SET                      |
--------------------------------------------------------------------
Generating 98 parsimony trees... 4.493 second
Computing log-likelihood of 98 initial trees ... 3.124 seconds
Current best score: -56025.151

Do NNI search on 20 best initial trees
Estimate model parameters (epsilon = 0.100)
BETTER TREE FOUND at iteration 1: -56010.376
Estimate model parameters (epsilon = 0.100)
BETTER TREE FOUND at iteration 2: -56009.081
Iteration 10 / LogL: -56009.094 / Time: 0h:0m:16s
Iteration 20 / LogL: -56010.587 / Time: 0h:0m:19s
Finish initializing candidate tree set (7)
Current best tree score: -56009.081 / CPU time: 12.709
Number of iterations: 20
--------------------------------------------------------------------
|               OPTIMIZING CANDIDATE TREE SET                      |
--------------------------------------------------------------------
Iteration 30 / LogL: -56009.086 / Time: 0h:0m:22s (0h:0m:54s left)
Iteration 40 / LogL: -56034.169 / Time: 0h:0m:26s (0h:0m:40s left)
Iteration 50 / LogL: -56010.531 / Time: 0h:0m:29s (0h:0m:30s left)
Log-likelihood cutoff on original alignment: -56068.889
Iteration 60 / LogL: -56009.097 / Time: 0h:0m:32s (0h:0m:22s left)
Iteration 70 / LogL: -56009.114 / Time: 0h:0m:35s (0h:0m:16s left)
Iteration 80 / LogL: -56009.423 / Time: 0h:0m:38s (0h:0m:10s left)
Iteration 90 / LogL: -56009.266 / Time: 0h:0m:41s (0h:0m:5s left)
Iteration 100 / LogL: -56009.289 / Time: 0h:0m:45s (0h:0m:0s left)
Log-likelihood cutoff on original alignment: -56069.463
NOTE: Bootstrap correlation coefficient of split occurrence frequencies: 1.000
TREE SEARCH COMPLETED AFTER 103 ITERATIONS / Time: 0h:0m:46s

--------------------------------------------------------------------
|                    FINALIZING TREE SEARCH                        |
--------------------------------------------------------------------
Performs final model parameters optimization
Estimate model parameters (epsilon = 0.010)
1. Initial log-likelihood: -56009.081
Optimal log-likelihood: -56009.081
Parameters optimization took 1 rounds (0.026 sec)
BEST SCORE FOUND : -56009.081
Creating bootstrap support values...
Split supports printed to NEXUS file /home/spielman/dms_modelselection//simulations/alignments/NP_opisthokonta_rep2_AA.fasta.splits.nex
Total tree length: 24.850

Total number of iterations: 103
CPU time used for tree search: 108.787 sec (0h:1m:48s)
Wall-clock time used for tree search: 39.407 sec (0h:0m:39s)
Total CPU time used: 129.354 sec (0h:2m:9s)
Total wall-clock time used: 46.698 sec (0h:0m:46s)

Computing bootstrap consensus tree...
Reading input file /home/spielman/dms_modelselection//simulations/alignments/NP_opisthokonta_rep2_AA.fasta.splits.nex...
70 taxa and 246 splits.
Consensus tree written to /home/spielman/dms_modelselection//simulations/alignments/NP_opisthokonta_rep2_AA.fasta.contree
Reading input trees file /home/spielman/dms_modelselection//simulations/alignments/NP_opisthokonta_rep2_AA.fasta.contree
Log-likelihood of consensus tree: -56009.264

Analysis results written to: 
  IQ-TREE report:                /home/spielman/dms_modelselection//simulations/alignments/NP_opisthokonta_rep2_AA.fasta.iqtree
  Maximum-likelihood tree:       /home/spielman/dms_modelselection//simulations/alignments/NP_opisthokonta_rep2_AA.fasta.treefile
  Likelihood distances:          /home/spielman/dms_modelselection//simulations/alignments/NP_opisthokonta_rep2_AA.fasta.mldist

Ultrafast bootstrap approximation results written to:
  Split support values:          /home/spielman/dms_modelselection//simulations/alignments/NP_opisthokonta_rep2_AA.fasta.splits.nex
  Consensus tree:                /home/spielman/dms_modelselection//simulations/alignments/NP_opisthokonta_rep2_AA.fasta.contree
  Screen log file:               /home/spielman/dms_modelselection//simulations/alignments/NP_opisthokonta_rep2_AA.fasta.log

Date and Time: Sun Jun  9 11:41:26 2019
