IQ-TREE multicore version 1.6.9 for Linux 64-bit built Dec 20 2018
Developed by Bui Quang Minh, Nguyen Lam Tung, Olga Chernomor,
Heiko Schmidt, Dominik Schrempf, Michael Woodhams.

Host:    spielmanlab (AVX512, FMA3, 125 GB RAM)
Command: iqtree -quiet -nt AUTO -ntmax 3 -m GTR20 -s /home/spielman/dms_modelselection//simulations/alignments/NP_opisthokonta_rep17_AA.fasta -st AA -redo -bb 1000
Seed:    411438 (Using SPRNG - Scalable Parallel Random Number Generator)
Time:    Sun Jun  9 14:32:29 2019
Kernel:  AVX+FMA - auto-detect threads (24 CPU cores detected)

Reading alignment file /home/spielman/dms_modelselection//simulations/alignments/NP_opisthokonta_rep17_AA.fasta ... Fasta format detected
Alignment most likely contains protein sequences
Alignment has 70 sequences with 498 columns, 498 distinct patterns
490 parsimony-informative, 8 singleton sites, 0 constant sites
                                  Gap/Ambiguity  Composition  p-value
   1  Oscarella_carmela                   0.00%    passed     96.81%
   2  Leucetta_chagosensis                0.00%    passed     76.24%
   3  Sycon_raphanus                      0.00%    passed     92.04%
   4  Oopsacas_minuta                     0.00%    passed     63.78%
   5  Carteriospongia_foliascens          0.00%    passed     70.46%
   6  Amphimedon_queenslandica            0.00%    passed     81.91%
   7  Suberites_domuncula                 0.00%    passed     89.83%
   8  Lubomirskia_baicalensis             0.00%    passed     98.23%
   9  Ephydatia_muelleri                  0.00%    passed     98.80%
  10  Trichoplax_adhaerens                0.00%    passed     92.54%
  11  Nematostella_vectensis              0.00%    passed     99.29%
  12  Anemonia_viridis                    0.00%    passed     85.50%
  13  Aiptasia_pallida                    0.00%    passed     98.28%
  14  Metridium_senile                    0.00%    passed     98.60%
  15  Acropora_palmata                    0.00%    passed     77.99%
  16  Acropora_millepora                  0.00%    passed     93.80%
  17  Porites_astreoides                  0.00%    passed     97.04%
  18  Montastraea_faveolata               0.00%    passed     89.73%
  19  Cyanea_capillata                    0.00%    passed     96.44%
  20  Clytia_hemisphaerica                0.00%    passed     98.35%
  21  Podocoryna_carnea                   0.00%    passed     95.74%
  22  Hydractinia_echinata                0.00%    passed     89.67%
  23  Hydra_magnipapillata                0.00%    passed     79.68%
  24  Saccoglossus_kowalevskii            0.00%    passed     89.55%
  25  Ptychodera_flava                    0.00%    passed     76.04%
  26  Strongylocentrotus_purpuratus       0.00%    passed     90.18%
  27  Asterina_pectinifera                0.00%    passed     98.38%
  28  Branchiostoma_floridae              0.00%    passed     99.44%
  29  Petromyzon_marinus                  0.00%    passed     67.31%
  30  Gallus                              0.00%    passed     92.25%
  31  Ciona_intestinalis                  0.00%    passed     79.01%
  32  Halocynthia_roretzi                 0.00%    passed     27.05%
  33  Anoplodactylus_eroticus             0.00%    passed     91.05%
  34  Boophilus_microplus                 0.00%    passed     96.50%
  35  Daphnia_pulex                       0.00%    passed     97.12%
  36  Drosophila_melanogaster             0.00%    passed     37.58%
  37  Euperipatoides_kanangrensis         0.00%    passed     95.41%
  38  Echinoderes_horni                   0.00%    passed     93.74%
  39  Xiphinema_index                     0.00%    passed     98.69%
  40  Cerebratulus_lacteus                0.00%    passed     90.61%
  41  Terebratalia_transversa             0.00%    passed     88.71%
  42  Lottia_gigantea                     0.00%    passed     85.81%
  43  Crassostrea_virginica               0.00%    passed     97.31%
  44  Euprymna_scolopes                   0.00%    passed     76.92%
  45  Capitella_telata                    0.00%    passed     96.63%
  46  Helobdella_robusta                  0.00%    passed     99.13%
  47  Schmidtea_mediterranea              0.00%    passed     23.61%
  48  Paraplanocera_oligoglena            0.00%    passed     73.05%
  49  Xenoturbella_bocki                  0.00%    passed     99.72%
  50  Nemertoderma_westbladi              0.00%    passed     84.00%
  51  Meara_stichopi                      0.00%    passed     90.19%
  52  Isodiametra_pulchra                 0.00%    passed     99.98%
  53  Symsagittifera_roscoffensis         0.00%    passed     96.52%
  54  Convolutriloba_longifissura         0.00%    passed     98.61%
  55  Capsaspora_owczarzaki_ATCC_30864    0.00%    passed     23.11%
  56  Amoebidium_parasiticum              0.00%    passed     66.37%
  57  Sphaeroforma_arctica                0.00%    passed     49.97%
  58  Spizellomyces_punctatus             0.00%    passed     61.50%
  59  Batrachochytrium_dendrobatidis      0.00%    passed     93.40%
  60  Cryptococcus_neoformans             0.00%    passed     29.03%
  61  Saccharomyces_cerevisiae            0.00%    passed     78.77%
  62  Phycomyces_blakesleeanus            0.00%    passed     57.26%
  63  Rhizopus_orizae                     0.00%    passed     61.47%
  64  Monosiga_ovata                      0.00%    passed     71.22%
  65  Salpingoeca_rosetta                 0.00%    passed     80.04%
  66  Monosiga_brevicollis                0.00%    passed     26.66%
  67  Mnemiopsis                          0.00%    passed     99.26%
  68  Mertensiid_sp                       0.00%    passed     98.32%
  69  Pleurobrachia_pileus                0.00%    passed     75.95%
  70  Oscarella_lobularis                 0.00%    passed     80.76%
****  TOTAL                               0.00%  0 sequences failed composition chi2 test (p-value<5%; df=19)

Create initial parsimony tree by phylogenetic likelihood library (PLL)... 0.035 seconds
Generating 1000 samples for ultrafast bootstrap (seed: 411438)...
WARNING: GTR20 model will estimate 189 substitution rates that might be overfitting!
WARNING: Please only use GTR20 with very large data and always test for model fit!

NOTE: 7 MB RAM (0 GB) is required!
Measuring multi-threading efficiency up to 3 CPU cores
Increase to 10 rounds for branch lengths
25 trees examined
Threads: 1 / Time: 3.013 sec / Speedup: 1.000 / Efficiency: 100% / LogL: -66607
Threads: 2 / Time: 2.879 sec / Speedup: 1.047 / Efficiency: 52% / LogL: -66607
Threads: 3 / Time: 2.095 sec / Speedup: 1.438 / Efficiency: 48% / LogL: -66607
BEST NUMBER OF THREADS: 1

Estimate model parameters (epsilon = 0.100)
1. Initial log-likelihood: -57102.214
2. Current log-likelihood: -52073.657
3. Current log-likelihood: -52015.218
4. Current log-likelihood: -52014.074
5. Current log-likelihood: -52013.581
6. Current log-likelihood: -52013.146
7. Current log-likelihood: -52012.873
8. Current log-likelihood: -52012.660
9. Current log-likelihood: -52011.994
10. Current log-likelihood: -52011.854
11. Current log-likelihood: -52011.682
12. Current log-likelihood: -52011.451
Optimal log-likelihood: -52011.427
Parameters optimization took 12 rounds (178.121 sec)

WARNING: Estimated model parameters are at boundary that can cause numerical instability!

Computing ML distances based on estimated model parameters... 0.312 sec
Computing BIONJ tree...
0.002 seconds
Log-likelihood of BIONJ tree: -51943.414
--------------------------------------------------------------------
|             INITIALIZING CANDIDATE TREE SET                      |
--------------------------------------------------------------------
Generating 98 parsimony trees... 2.226 second
Computing log-likelihood of 98 initial trees ... 3.861 seconds
Current best score: -51943.414

Do NNI search on 20 best initial trees
Estimate model parameters (epsilon = 0.100)

WARNING: Estimated model parameters are at boundary that can cause numerical instability!

BETTER TREE FOUND at iteration 1: -51916.380
Iteration 10 / LogL: -51916.397 / Time: 0h:4m:30s
Iteration 20 / LogL: -51916.562 / Time: 0h:4m:33s
Finish initializing candidate tree set (1)
Current best tree score: -51916.380 / CPU time: 86.032
Number of iterations: 20
--------------------------------------------------------------------
|               OPTIMIZING CANDIDATE TREE SET                      |
--------------------------------------------------------------------
Iteration 30 / LogL: -51916.401 / Time: 0h:4m:36s (0h:11m:16s left)
Iteration 40 / LogL: -51916.473 / Time: 0h:4m:40s (0h:7m:17s left)
Iteration 50 / LogL: -51916.448 / Time: 0h:4m:44s (0h:4m:55s left)
Log-likelihood cutoff on original alignment: -51960.360
Iteration 60 / LogL: -51916.459 / Time: 0h:4m:48s (0h:3m:19s left)
Iteration 70 / LogL: -51916.452 / Time: 0h:4m:51s (0h:2m:10s left)
Iteration 80 / LogL: -51916.725 / Time: 0h:4m:54s (0h:1m:18s left)
Iteration 90 / LogL: -51918.526 / Time: 0h:4m:58s (0h:0m:36s left)
Iteration 100 / LogL: -51916.427 / Time: 0h:5m:2s (0h:0m:3s left)
Log-likelihood cutoff on original alignment: -51960.360
NOTE: Bootstrap correlation coefficient of split occurrence frequencies: 0.999
TREE SEARCH COMPLETED AFTER 102 ITERATIONS / Time: 0h:5m:3s

--------------------------------------------------------------------
|                    FINALIZING TREE SEARCH                        |
--------------------------------------------------------------------
Performs final model parameters optimization
Estimate model parameters (epsilon = 0.010)
1. Initial log-likelihood: -51916.380
2. Current log-likelihood: -51916.130
3. Current log-likelihood: -51915.965
4. Current log-likelihood: -51915.936
5. Current log-likelihood: -51915.771
6. Current log-likelihood: -51915.589
7. Current log-likelihood: -51915.460
8. Current log-likelihood: -51915.307
9. Current log-likelihood: -51915.295
Optimal log-likelihood: -51915.291
Parameters optimization took 9 rounds (132.231 sec)

WARNING: Estimated model parameters are at boundary that can cause numerical instability!

BEST SCORE FOUND : -51915.291
Creating bootstrap support values...
Split supports printed to NEXUS file /home/spielman/dms_modelselection//simulations/alignments/NP_opisthokonta_rep17_AA.fasta.splits.nex
Total tree length: 28.021

Total number of iterations: 102
CPU time used for tree search: 113.349 sec (0h:1m:53s)
Wall-clock time used for tree search: 115.936 sec (0h:1m:55s)
Total CPU time used: 445.453 sec (0h:7m:25s)
Total wall-clock time used: 435.676 sec (0h:7m:15s)

Computing bootstrap consensus tree...
Reading input file /home/spielman/dms_modelselection//simulations/alignments/NP_opisthokonta_rep17_AA.fasta.splits.nex...
70 taxa and 217 splits.
Consensus tree written to /home/spielman/dms_modelselection//simulations/alignments/NP_opisthokonta_rep17_AA.fasta.contree
Reading input trees file /home/spielman/dms_modelselection//simulations/alignments/NP_opisthokonta_rep17_AA.fasta.contree
Log-likelihood of consensus tree: -51915.291

Analysis results written to: 
  IQ-TREE report:                /home/spielman/dms_modelselection//simulations/alignments/NP_opisthokonta_rep17_AA.fasta.iqtree
  Maximum-likelihood tree:       /home/spielman/dms_modelselection//simulations/alignments/NP_opisthokonta_rep17_AA.fasta.treefile
  Likelihood distances:          /home/spielman/dms_modelselection//simulations/alignments/NP_opisthokonta_rep17_AA.fasta.mldist

Ultrafast bootstrap approximation results written to:
  Split support values:          /home/spielman/dms_modelselection//simulations/alignments/NP_opisthokonta_rep17_AA.fasta.splits.nex
  Consensus tree:                /home/spielman/dms_modelselection//simulations/alignments/NP_opisthokonta_rep17_AA.fasta.contree
  Screen log file:               /home/spielman/dms_modelselection//simulations/alignments/NP_opisthokonta_rep17_AA.fasta.log

Date and Time: Sun Jun  9 14:39:45 2019
