IQ-TREE multicore version 1.6.9 for Linux 64-bit built Dec 20 2018
Developed by Bui Quang Minh, Nguyen Lam Tung, Olga Chernomor,
Heiko Schmidt, Dominik Schrempf, Michael Woodhams.

Host:    spielmanlab (AVX512, FMA3, 125 GB RAM)
Command: iqtree -quiet -nt AUTO -ntmax 3 -m Poisson -s /home/spielman/dms_modelselection//simulations/alignments/NP_salichos_rep8_AA.fasta -st AA -redo -bb 1000
Seed:    698780 (Using SPRNG - Scalable Parallel Random Number Generator)
Time:    Sun Jun  9 11:53:28 2019
Kernel:  AVX+FMA - auto-detect threads (24 CPU cores detected)

Reading alignment file /home/spielman/dms_modelselection//simulations/alignments/NP_salichos_rep8_AA.fasta ... Fasta format detected
Alignment most likely contains protein sequences
Alignment has 23 sequences with 498 columns, 494 distinct patterns
443 parsimony-informative, 48 singleton sites, 7 constant sites
      Gap/Ambiguity  Composition  p-value
   1  Agos    0.00%    passed     79.50%
   2  Klac    0.00%    passed     98.89%
   3  Calb    0.00%    passed     20.36%
   4  Cdub    0.00%    passed     61.06%
   5  Ctro    0.00%    passed     86.41%
   6  Cpar    0.00%    passed     61.91%
   7  Lelo    0.00%    passed     89.27%
   8  Psti    0.00%    passed     70.60%
   9  Cgui    0.00%    passed     17.66%
  10  Dhan    0.00%    passed     13.15%
  11  Clus    0.00%    passed     53.07%
  12  Cgla    0.00%    passed     95.33%
  13  Sbay    0.00%    passed     89.90%
  14  Scer    0.00%    passed     83.06%
  15  Spar    0.00%    passed     78.97%
  16  Smik    0.00%    passed     81.37%
  17  Skud    0.00%    passed     97.40%
  18  Scas    0.00%    passed     79.86%
  19  Kpol    0.00%    passed     89.94%
  20  Zrou    0.00%    passed     62.05%
  21  Kthe    0.00%    passed     10.83%
  22  Kwal    0.00%    passed     97.86%
  23  Sklu    0.00%    passed     96.00%
****  TOTAL    0.00%  0 sequences failed composition chi2 test (p-value<5%; df=19)

Create initial parsimony tree by phylogenetic likelihood library (PLL)... 0.004 seconds
Generating 1000 samples for ultrafast bootstrap (seed: 698780)...

NOTE: 3 MB RAM (0 GB) is required!
Measuring multi-threading efficiency up to 3 CPU cores
Increase to 10 rounds for branch lengths
35 trees examined
Threads: 1 / Time: 3.027 sec / Speedup: 1.000 / Efficiency: 100% / LogL: -25280
Threads: 2 / Time: 1.695 sec / Speedup: 1.786 / Efficiency: 89% / LogL: -25280
Threads: 3 / Time: 1.247 sec / Speedup: 2.427 / Efficiency: 81% / LogL: -25280
BEST NUMBER OF THREADS: 3

Estimate model parameters (epsilon = 0.100)
1. Initial log-likelihood: -20792.259
Optimal log-likelihood: -20478.863
Parameters optimization took 1 rounds (0.017 sec)
Computing ML distances based on estimated model parameters... 0.018 sec
Computing BIONJ tree...
0.001 seconds
Log-likelihood of BIONJ tree: -20483.535
--------------------------------------------------------------------
|             INITIALIZING CANDIDATE TREE SET                      |
--------------------------------------------------------------------
Generating 98 parsimony trees... 0.548 second
Computing log-likelihood of 98 initial trees ... 0.933 seconds
Current best score: -20478.725

Do NNI search on 20 best initial trees
Estimate model parameters (epsilon = 0.100)
BETTER TREE FOUND at iteration 1: -20477.123
Iteration 10 / LogL: -20477.139 / Time: 0h:0m:9s
Iteration 20 / LogL: -20477.132 / Time: 0h:0m:9s
Finish initializing candidate tree set (3)
Current best tree score: -20477.123 / CPU time: 2.825
Number of iterations: 20
--------------------------------------------------------------------
|               OPTIMIZING CANDIDATE TREE SET                      |
--------------------------------------------------------------------
Iteration 30 / LogL: -20477.137 / Time: 0h:0m:10s (0h:0m:23s left)
Iteration 40 / LogL: -20477.181 / Time: 0h:0m:11s (0h:0m:16s left)
Iteration 50 / LogL: -20493.207 / Time: 0h:0m:12s (0h:0m:12s left)
Log-likelihood cutoff on original alignment: -20517.341
Iteration 60 / LogL: -20477.156 / Time: 0h:0m:13s (0h:0m:8s left)
Iteration 70 / LogL: -20477.149 / Time: 0h:0m:14s (0h:0m:6s left)
Iteration 80 / LogL: -20477.140 / Time: 0h:0m:15s (0h:0m:3s left)
Iteration 90 / LogL: -20477.130 / Time: 0h:0m:16s (0h:0m:1s left)
Iteration 100 / LogL: -20477.200 / Time: 0h:0m:17s (0h:0m:0s left)
Log-likelihood cutoff on original alignment: -20517.341
NOTE: Bootstrap correlation coefficient of split occurrence frequencies: 0.999
TREE SEARCH COMPLETED AFTER 102 ITERATIONS / Time: 0h:0m:17s

--------------------------------------------------------------------
|                    FINALIZING TREE SEARCH                        |
--------------------------------------------------------------------
Performs final model parameters optimization
Estimate model parameters (epsilon = 0.010)
1. Initial log-likelihood: -20477.123
Optimal log-likelihood: -20477.123
Parameters optimization took 1 rounds (0.008 sec)
BEST SCORE FOUND : -20477.123
Creating bootstrap support values...
Split supports printed to NEXUS file /home/spielman/dms_modelselection//simulations/alignments/NP_salichos_rep8_AA.fasta.splits.nex
Total tree length: 9.284

Total number of iterations: 102
CPU time used for tree search: 31.413 sec (0h:0m:31s)
Wall-clock time used for tree search: 10.719 sec (0h:0m:10s)
Total CPU time used: 54.433 sec (0h:0m:54s)
Total wall-clock time used: 17.826 sec (0h:0m:17s)

Computing bootstrap consensus tree...
Reading input file /home/spielman/dms_modelselection//simulations/alignments/NP_salichos_rep8_AA.fasta.splits.nex...
23 taxa and 91 splits.
Consensus tree written to /home/spielman/dms_modelselection//simulations/alignments/NP_salichos_rep8_AA.fasta.contree
Reading input trees file /home/spielman/dms_modelselection//simulations/alignments/NP_salichos_rep8_AA.fasta.contree
Log-likelihood of consensus tree: -20477.123

Analysis results written to: 
  IQ-TREE report:                /home/spielman/dms_modelselection//simulations/alignments/NP_salichos_rep8_AA.fasta.iqtree
  Maximum-likelihood tree:       /home/spielman/dms_modelselection//simulations/alignments/NP_salichos_rep8_AA.fasta.treefile
  Likelihood distances:          /home/spielman/dms_modelselection//simulations/alignments/NP_salichos_rep8_AA.fasta.mldist

Ultrafast bootstrap approximation results written to:
  Split support values:          /home/spielman/dms_modelselection//simulations/alignments/NP_salichos_rep8_AA.fasta.splits.nex
  Consensus tree:                /home/spielman/dms_modelselection//simulations/alignments/NP_salichos_rep8_AA.fasta.contree
  Screen log file:               /home/spielman/dms_modelselection//simulations/alignments/NP_salichos_rep8_AA.fasta.log

Date and Time: Sun Jun  9 11:53:46 2019
