IQ-TREE multicore version 1.6.9 for Linux 64-bit built Dec 20 2018
Developed by Bui Quang Minh, Nguyen Lam Tung, Olga Chernomor,
Heiko Schmidt, Dominik Schrempf, Michael Woodhams.

Host:    spielmanlab (AVX512, FMA3, 125 GB RAM)
Command: iqtree -quiet -nt AUTO -ntmax 3 -m cpREV -s /home/spielman/dms_modelselection//simulations/alignments/NP_spiralia_rep8_AA.fasta -st AA -redo -bb 1000
Seed:    372790 (Using SPRNG - Scalable Parallel Random Number Generator)
Time:    Sun Jun  9 13:38:02 2019
Kernel:  AVX+FMA - auto-detect threads (24 CPU cores detected)

Reading alignment file /home/spielman/dms_modelselection//simulations/alignments/NP_spiralia_rep8_AA.fasta ... Fasta format detected
Alignment most likely contains protein sequences
Alignment has 103 sequences with 498 columns, 495 distinct patterns
455 parsimony-informative, 38 singleton sites, 5 constant sites
                                Gap/Ambiguity  Composition  p-value
   1  Adineta_vaga                      0.00%    passed     99.90%
   2  Rotaria_rotatoria                 0.00%    passed     97.22%
   3  Lepadella_patella                 0.00%    passed     96.70%
   4  Brachionus_plicatilis             0.00%    passed     96.95%
   5  Brachionus_manjavacas             0.00%    passed     97.03%
   6  Rhabdopleura_compacta             0.00%    passed     99.86%
   7  Ptychodera_flava                  0.00%    passed    100.00%
   8  SchizocardiumCalif_cl             0.00%    passed    100.00%
   9  Sackow                            0.00%    passed    100.00%
  10  Patmin                            0.00%    passed     99.97%
  11  Parastichopus_parvimensis         0.00%    passed     99.89%
  12  Strpur                            0.00%    passed     99.52%
  13  Florometra_serratissima           0.00%    passed     99.94%
  14  Calmil                            0.00%    passed     99.55%
  15  HUMAN                             0.00%    passed     99.99%
  16  LATCH                             0.00%    passed    100.00%
  17  LEPOC                             0.00%    passed    100.00%
  18  Petromyzon_marins                 0.00%    passed     99.99%
  19  Halocynthia_roretzi               0.00%    passed     99.52%
  20  Molgula_tectiformis               0.00%    passed     98.58%
  21  CIOIN                             0.00%    passed     93.73%
  22  Asymmetron_lucayanum              0.00%    passed     99.68%
  23  BraLan                            0.00%    passed     99.78%
  24  Leucoselenia_complicata           0.00%    passed     97.87%
  25  Sycon_ciliatum                    0.00%    passed     99.26%
  26  Oscarella_carmella                0.00%    passed     99.99%
  27  AMPQE                             0.00%    passed     99.87%
  28  Ephidatia_mulleri                 0.00%    passed     99.86%
  29  NEMVE                             0.00%    passed     99.98%
  30  Acropora_digitifera               0.00%    passed     99.67%
  31  Aurelia_aurita                    0.00%    passed     99.82%
  32  Clytia_hemisphaerica              0.00%    passed     99.79%
  33  Isodiametra_pulchra               0.00%    passed     97.37%
  34  Childia_submaculatum              0.00%    passed     99.41%
  35  Diopisthoporus_gymnopharyngeus    0.00%    passed     72.03%
  36  Hofstenia_miamia                  0.00%    passed     88.93%
  37  Meara_stichopi                    0.00%    passed     99.44%
  38  Nemertoderma_westbladi            0.00%    passed     93.11%
  39  Xenoturbella_profunda             0.00%    passed     99.17%
  40  Xenoturbella_bocki                0.00%    passed     99.59%
  41  TRICA                             0.00%    passed     99.15%
  42  DROME                             0.00%    passed     98.75%
  43  Apis_mellifera                    0.00%    passed     99.35%
  44  Daphnia_pulex                     0.00%    passed     99.99%
  45  Eudigraphis_taiwaniensis          0.00%    passed     99.74%
  46  STRMM                             0.00%    passed     99.95%
  47  Mesobuthus_martensii              0.00%    passed     99.05%
  48  Limulus_polyphemus                0.00%    passed     99.98%
  49  Peripatopsis_capensis             0.00%    passed    100.00%
  50  Enoplus_brevis                    0.00%    passed     97.74%
  51  Romanomermis_culicivorax          0.00%    passed     99.95%
  52  Ramazzottius_varieornatus         0.00%    passed     96.22%
  53  Hypsibius_dujardini               0.00%    passed     87.56%
  54  Priapulus_caudatus                0.00%    passed    100.00%
  55  Halicryptus_spinulosus            0.00%    passed    100.00%
  56  Tubiluchus_corallicola            0.00%    passed     99.66%
  57  Lepidodermella_squamata           0.00%    passed     99.74%
  58  Diuronotus_aspetos                0.00%    passed     94.14%
  59  Macrodasys_sp                     0.00%    passed     97.23%
  60  Megadasys_sp                      0.00%    passed     96.29%
  61  Catenulida_sp                     0.00%    passed     98.95%
  62  Stylochoplana_maculata            0.00%    passed     92.37%
  63  Stylochus_ellipticus              0.00%    passed     88.95%
  64  Macrostomum_lignano               0.00%    passed     87.86%
  65  LOTGI                             0.00%    passed     99.68%
  66  Aplysia_californica               0.00%    passed     99.00%
  67  CRAGI                             0.00%    passed     99.96%
  68  Leptochiton_rugatus               0.00%    passed    100.00%
  69  Neomenia_megatrapezata            0.00%    passed     99.83%
  70  CAPI1                             0.00%    passed     99.77%
  71  Lumbricus_terrestris              0.00%    passed     99.97%
  72  Nephtys_caeca                     0.00%    passed     99.82%
  73  Owenia_fusiformis                 0.00%    passed    100.00%
  74  Lineus_longissimus                0.00%    passed    100.00%
  75  Paranemertes_peregrina            0.00%    passed    100.00%
  76  Malacobdella_grossa               0.00%    passed     99.97%
  77  Tubulanus_polymorphus             0.00%    passed     99.99%
  78  Cephalothrix_linearis             0.00%    passed     98.17%
  79  Hemithiris_psittacea              0.00%    passed     99.30%
  80  Terebratalia_transversa           0.00%    passed     97.46%
  81  Glottidia_pyramidata              0.00%    passed     99.83%
  82  Linana                            0.00%    passed     99.99%
  83  Phoronopsis_harmeri               0.00%    passed     99.80%
  84  Phoronis_vancouverensis           0.00%    passed    100.00%
  85  Phoronis_psammophila              0.00%    passed     99.63%
  86  Membranipora_membranacea          0.00%    passed     99.98%
  87  Bugula_neritina                   0.00%    passed     99.99%
  88  Loxosoma_pectinaricola            0.00%    passed     99.90%
  89  Barentsia_gracilis                0.00%    passed     99.93%
  90  Sagitta_gazellae                  0.00%    passed    100.00%
  91  Sagitta_setosa                    0.00%    passed    100.00%
  92  Pterosagitta_draco                0.00%    passed    100.00%
  93  Sagitta_elegans                   0.00%    passed    100.00%
  94  Sagitta_serratodentata            0.00%    passed     99.95%
  95  Sagitta_hexaptera                 0.00%    passed    100.00%
  96  Krohnitta_sp                      0.00%    passed    100.00%
  97  Paraspadella_ovovivipara          0.00%    passed    100.00%
  98  Pargo1                            0.00%    passed     99.98%
  99  Spadella_cephaloptera             0.00%    passed     99.89%
 100  Eukrohnia_hamata                  0.00%    passed    100.00%
 101  Gnathostomula_paradoxa            0.00%    passed     50.37%
 102  Austrognathia_sp                  0.00%    passed     99.03%
 103  Limnognathia_maerski              0.00%    passed     99.61%
****  TOTAL                             0.00%  0 sequences failed composition chi2 test (p-value<5%; df=19)

Create initial parsimony tree by phylogenetic likelihood library (PLL)... 0.064 seconds
Generating 1000 samples for ultrafast bootstrap (seed: 372790)...

NOTE: 10 MB RAM (0 GB) is required!
Measuring multi-threading efficiency up to 3 CPU cores
Increase to 10 rounds for branch lengths
19 trees examined
Threads: 1 / Time: 3.093 sec / Speedup: 1.000 / Efficiency: 100% / LogL: -48484
Threads: 2 / Time: 2.882 sec / Speedup: 1.073 / Efficiency: 54% / LogL: -48484
Threads: 3 / Time: 2.170 sec / Speedup: 1.426 / Efficiency: 48% / LogL: -48484
BEST NUMBER OF THREADS: 2

Estimate model parameters (epsilon = 0.100)
1. Initial log-likelihood: -36262.768
Optimal log-likelihood: -36119.304
Parameters optimization took 1 rounds (0.081 sec)
Computing ML distances based on estimated model parameters... 1.105 sec
Computing BIONJ tree...
0.005 seconds
Log-likelihood of BIONJ tree: -36120.059
--------------------------------------------------------------------
|             INITIALIZING CANDIDATE TREE SET                      |
--------------------------------------------------------------------
Generating 98 parsimony trees... 3.532 second
Computing log-likelihood of 98 initial trees ... 5.551 seconds
Current best score: -36099.512

Do NNI search on 20 best initial trees
Estimate model parameters (epsilon = 0.100)
BETTER TREE FOUND at iteration 1: -36099.501
Iteration 10 / LogL: -36099.501 / Time: 0h:0m:22s
Estimate model parameters (epsilon = 0.100)
BETTER TREE FOUND at iteration 12: -36093.297
Iteration 20 / LogL: -36101.940 / Time: 0h:0m:25s
Finish initializing candidate tree set (3)
Current best tree score: -36093.297 / CPU time: 14.308
Number of iterations: 20
--------------------------------------------------------------------
|               OPTIMIZING CANDIDATE TREE SET                      |
--------------------------------------------------------------------
Iteration 30 / LogL: -36099.502 / Time: 0h:0m:30s (0h:1m:21s left)
UPDATE BEST LOG-LIKELIHOOD: -36093.297
Iteration 40 / LogL: -36112.797 / Time: 0h:0m:37s (0h:1m:4s left)
Iteration 50 / LogL: -36099.509 / Time: 0h:0m:42s (0h:0m:51s left)
Log-likelihood cutoff on original alignment: -36134.593
Iteration 60 / LogL: -36099.512 / Time: 0h:0m:50s (0h:0m:42s left)
Iteration 70 / LogL: -36093.298 / Time: 0h:0m:54s (0h:0m:31s left)
Iteration 80 / LogL: -36093.306 / Time: 0h:0m:57s (0h:0m:22s left)
Iteration 90 / LogL: -36093.302 / Time: 0h:1m:1s (0h:0m:14s left)
Iteration 100 / LogL: -36112.484 / Time: 0h:1m:5s (0h:0m:7s left)
Log-likelihood cutoff on original alignment: -36134.524
NOTE: Bootstrap correlation coefficient of split occurrence frequencies: 0.999
Iteration 110 / LogL: -36093.441 / Time: 0h:1m:9s (0h:0m:55s left)
TREE SEARCH COMPLETED AFTER 113 ITERATIONS / Time: 0h:1m:10s

--------------------------------------------------------------------
|                    FINALIZING TREE SEARCH                        |
--------------------------------------------------------------------
Performs final model parameters optimization
Estimate model parameters (epsilon = 0.010)
1. Initial log-likelihood: -36093.297
Optimal log-likelihood: -36093.297
Parameters optimization took 1 rounds (0.043 sec)
BEST SCORE FOUND : -36093.297
Creating bootstrap support values...
Split supports printed to NEXUS file /home/spielman/dms_modelselection//simulations/alignments/NP_spiralia_rep8_AA.fasta.splits.nex
Total tree length: 12.781

Total number of iterations: 113
CPU time used for tree search: 112.182 sec (0h:1m:52s)
Wall-clock time used for tree search: 59.361 sec (0h:0m:59s)
Total CPU time used: 154.900 sec (0h:2m:34s)
Total wall-clock time used: 70.508 sec (0h:1m:10s)

Computing bootstrap consensus tree...
Reading input file /home/spielman/dms_modelselection//simulations/alignments/NP_spiralia_rep8_AA.fasta.splits.nex...
103 taxa and 381 splits.
Consensus tree written to /home/spielman/dms_modelselection//simulations/alignments/NP_spiralia_rep8_AA.fasta.contree
Reading input trees file /home/spielman/dms_modelselection//simulations/alignments/NP_spiralia_rep8_AA.fasta.contree
Log-likelihood of consensus tree: -36093.298

Analysis results written to: 
  IQ-TREE report:                /home/spielman/dms_modelselection//simulations/alignments/NP_spiralia_rep8_AA.fasta.iqtree
  Maximum-likelihood tree:       /home/spielman/dms_modelselection//simulations/alignments/NP_spiralia_rep8_AA.fasta.treefile
  Likelihood distances:          /home/spielman/dms_modelselection//simulations/alignments/NP_spiralia_rep8_AA.fasta.mldist

Ultrafast bootstrap approximation results written to:
  Split support values:          /home/spielman/dms_modelselection//simulations/alignments/NP_spiralia_rep8_AA.fasta.splits.nex
  Consensus tree:                /home/spielman/dms_modelselection//simulations/alignments/NP_spiralia_rep8_AA.fasta.contree
  Screen log file:               /home/spielman/dms_modelselection//simulations/alignments/NP_spiralia_rep8_AA.fasta.log

Date and Time: Sun Jun  9 13:39:13 2019
