IQ-TREE multicore version 1.6.9 for Linux 64-bit built Dec 20 2018
Developed by Bui Quang Minh, Nguyen Lam Tung, Olga Chernomor,
Heiko Schmidt, Dominik Schrempf, Michael Woodhams.

Host:    spielmanlab (AVX512, FMA3, 125 GB RAM)
Command: iqtree -quiet -nt AUTO -ntmax 3 -m Dayhoff+F+G4 -s /home/spielman/dms_modelselection//simulations/alignments/NP_spiralia_rep10_AA.fasta -st AA -redo -bb 1000
Seed:    609793 (Using SPRNG - Scalable Parallel Random Number Generator)
Time:    Sun Jun  9 14:26:44 2019
Kernel:  AVX+FMA - auto-detect threads (24 CPU cores detected)

Reading alignment file /home/spielman/dms_modelselection//simulations/alignments/NP_spiralia_rep10_AA.fasta ... Fasta format detected
Alignment most likely contains protein sequences
Alignment has 103 sequences with 498 columns, 497 distinct patterns
472 parsimony-informative, 21 singleton sites, 5 constant sites
                                Gap/Ambiguity  Composition  p-value
   1  Adineta_vaga                      0.00%    passed     99.93%
   2  Rotaria_rotatoria                 0.00%    passed     99.92%
   3  Lepadella_patella                 0.00%    passed     99.96%
   4  Brachionus_plicatilis             0.00%    passed     99.21%
   5  Brachionus_manjavacas             0.00%    passed     98.92%
   6  Rhabdopleura_compacta             0.00%    passed    100.00%
   7  Ptychodera_flava                  0.00%    passed     99.99%
   8  SchizocardiumCalif_cl             0.00%    passed     99.97%
   9  Sackow                            0.00%    passed    100.00%
  10  Patmin                            0.00%    passed     99.99%
  11  Parastichopus_parvimensis         0.00%    passed     99.98%
  12  Strpur                            0.00%    passed     99.95%
  13  Florometra_serratissima           0.00%    passed     99.98%
  14  Calmil                            0.00%    passed     99.96%
  15  HUMAN                             0.00%    passed     99.92%
  16  LATCH                             0.00%    passed    100.00%
  17  LEPOC                             0.00%    passed     99.99%
  18  Petromyzon_marins                 0.00%    passed    100.00%
  19  Halocynthia_roretzi               0.00%    passed     99.98%
  20  Molgula_tectiformis               0.00%    passed     99.99%
  21  CIOIN                             0.00%    passed     98.55%
  22  Asymmetron_lucayanum              0.00%    passed     99.99%
  23  BraLan                            0.00%    passed     99.99%
  24  Leucoselenia_complicata           0.00%    passed     99.03%
  25  Sycon_ciliatum                    0.00%    passed     99.79%
  26  Oscarella_carmella                0.00%    passed     99.76%
  27  AMPQE                             0.00%    passed     98.39%
  28  Ephidatia_mulleri                 0.00%    passed     86.41%
  29  NEMVE                             0.00%    passed     99.97%
  30  Acropora_digitifera               0.00%    passed     98.26%
  31  Aurelia_aurita                    0.00%    passed     99.96%
  32  Clytia_hemisphaerica              0.00%    passed     93.83%
  33  Isodiametra_pulchra               0.00%    passed     99.79%
  34  Childia_submaculatum              0.00%    passed     96.90%
  35  Diopisthoporus_gymnopharyngeus    0.00%    passed     97.71%
  36  Hofstenia_miamia                  0.00%    passed     83.99%
  37  Meara_stichopi                    0.00%    passed     91.41%
  38  Nemertoderma_westbladi            0.00%    passed     99.54%
  39  Xenoturbella_profunda             0.00%    passed     97.82%
  40  Xenoturbella_bocki                0.00%    passed     99.99%
  41  TRICA                             0.00%    passed     99.85%
  42  DROME                             0.00%    passed     97.71%
  43  Apis_mellifera                    0.00%    passed     99.79%
  44  Daphnia_pulex                     0.00%    passed     99.97%
  45  Eudigraphis_taiwaniensis          0.00%    passed     99.93%
  46  STRMM                             0.00%    passed     99.98%
  47  Mesobuthus_martensii              0.00%    passed    100.00%
  48  Limulus_polyphemus                0.00%    passed     99.92%
  49  Peripatopsis_capensis             0.00%    passed     99.98%
  50  Enoplus_brevis                    0.00%    passed     96.25%
  51  Romanomermis_culicivorax          0.00%    passed     99.89%
  52  Ramazzottius_varieornatus         0.00%    passed     99.49%
  53  Hypsibius_dujardini               0.00%    passed     98.93%
  54  Priapulus_caudatus                0.00%    passed     99.99%
  55  Halicryptus_spinulosus            0.00%    passed     98.99%
  56  Tubiluchus_corallicola            0.00%    passed    100.00%
  57  Lepidodermella_squamata           0.00%    passed     62.15%
  58  Diuronotus_aspetos                0.00%    passed     99.86%
  59  Macrodasys_sp                     0.00%    passed     99.70%
  60  Megadasys_sp                      0.00%    passed     99.99%
  61  Catenulida_sp                     0.00%    passed     95.35%
  62  Stylochoplana_maculata            0.00%    passed     99.95%
  63  Stylochus_ellipticus              0.00%    passed     99.98%
  64  Macrostomum_lignano               0.00%    passed     71.91%
  65  LOTGI                             0.00%    passed     99.99%
  66  Aplysia_californica               0.00%    passed     99.68%
  67  CRAGI                             0.00%    passed     99.75%
  68  Leptochiton_rugatus               0.00%    passed     99.96%
  69  Neomenia_megatrapezata            0.00%    passed     99.91%
  70  CAPI1                             0.00%    passed     99.86%
  71  Lumbricus_terrestris              0.00%    passed     99.38%
  72  Nephtys_caeca                     0.00%    passed    100.00%
  73  Owenia_fusiformis                 0.00%    passed    100.00%
  74  Lineus_longissimus                0.00%    passed    100.00%
  75  Paranemertes_peregrina            0.00%    passed     99.85%
  76  Malacobdella_grossa               0.00%    passed     99.89%
  77  Tubulanus_polymorphus             0.00%    passed     99.58%
  78  Cephalothrix_linearis             0.00%    passed     99.98%
  79  Hemithiris_psittacea              0.00%    passed     99.15%
  80  Terebratalia_transversa           0.00%    passed    100.00%
  81  Glottidia_pyramidata              0.00%    passed    100.00%
  82  Linana                            0.00%    passed    100.00%
  83  Phoronopsis_harmeri               0.00%    passed    100.00%
  84  Phoronis_vancouverensis           0.00%    passed     99.71%
  85  Phoronis_psammophila              0.00%    passed     99.36%
  86  Membranipora_membranacea          0.00%    passed     99.60%
  87  Bugula_neritina                   0.00%    passed     99.56%
  88  Loxosoma_pectinaricola            0.00%    passed    100.00%
  89  Barentsia_gracilis                0.00%    passed     94.59%
  90  Sagitta_gazellae                  0.00%    passed     99.62%
  91  Sagitta_setosa                    0.00%    passed     99.91%
  92  Pterosagitta_draco                0.00%    passed     99.42%
  93  Sagitta_elegans                   0.00%    passed     99.76%
  94  Sagitta_serratodentata            0.00%    passed     99.27%
  95  Sagitta_hexaptera                 0.00%    passed     99.85%
  96  Krohnitta_sp                      0.00%    passed     99.96%
  97  Paraspadella_ovovivipara          0.00%    passed     99.99%
  98  Pargo1                            0.00%    passed     99.74%
  99  Spadella_cephaloptera             0.00%    passed     99.49%
 100  Eukrohnia_hamata                  0.00%    passed     98.77%
 101  Gnathostomula_paradoxa            0.00%    passed     99.84%
 102  Austrognathia_sp                  0.00%    passed     92.42%
 103  Limnognathia_maerski              0.00%    passed     99.96%
****  TOTAL                             0.00%  0 sequences failed composition chi2 test (p-value<5%; df=19)

Create initial parsimony tree by phylogenetic likelihood library (PLL)... 0.063 seconds
Generating 1000 samples for ultrafast bootstrap (seed: 609793)...

NOTE: 35 MB RAM (0 GB) is required!
Measuring multi-threading efficiency up to 3 CPU cores
13 trees examined
Threads: 1 / Time: 3.139 sec / Speedup: 1.000 / Efficiency: 100% / LogL: -45889
Threads: 2 / Time: 1.641 sec / Speedup: 1.913 / Efficiency: 96% / LogL: -45889
Threads: 3 / Time: 1.147 sec / Speedup: 2.736 / Efficiency: 91% / LogL: -45889
BEST NUMBER OF THREADS: 3

Estimate model parameters (epsilon = 0.100)
1. Initial log-likelihood: -34907.125
2. Current log-likelihood: -34755.815
3. Current log-likelihood: -34744.242
4. Current log-likelihood: -34743.261
Optimal log-likelihood: -34743.179
Gamma shape alpha: 1.525
Parameters optimization took 4 rounds (1.343 sec)
Computing ML distances based on estimated model parameters... 4.431 sec
Computing BIONJ tree...
0.009 seconds
Log-likelihood of BIONJ tree: -34767.908
--------------------------------------------------------------------
|             INITIALIZING CANDIDATE TREE SET                      |
--------------------------------------------------------------------
Generating 98 parsimony trees... 6.897 second
Computing log-likelihood of 98 initial trees ... 15.018 seconds
Current best score: -34743.179

Do NNI search on 20 best initial trees
Estimate model parameters (epsilon = 0.100)
BETTER TREE FOUND at iteration 1: -34738.504
Iteration 10 / LogL: -34738.564 / Time: 0h:0m:45s
Iteration 20 / LogL: -34738.529 / Time: 0h:0m:56s
Finish initializing candidate tree set (1)
Current best tree score: -34738.504 / CPU time: 44.990
Number of iterations: 20
--------------------------------------------------------------------
|               OPTIMIZING CANDIDATE TREE SET                      |
--------------------------------------------------------------------
Iteration 30 / LogL: -34739.721 / Time: 0h:1m:12s (0h:2m:51s left)
Iteration 40 / LogL: -34755.232 / Time: 0h:1m:28s (0h:2m:15s left)
Iteration 50 / LogL: -34738.653 / Time: 0h:1m:44s (0h:1m:46s left)
Log-likelihood cutoff on original alignment: -34776.925
Iteration 60 / LogL: -34738.569 / Time: 0h:2m:3s (0h:1m:24s left)
Iteration 70 / LogL: -34764.879 / Time: 0h:2m:20s (0h:1m:2s left)
Iteration 80 / LogL: -34746.912 / Time: 0h:2m:35s (0h:0m:40s left)
Iteration 90 / LogL: -34753.470 / Time: 0h:2m:51s (0h:0m:21s left)
Iteration 100 / LogL: -34739.871 / Time: 0h:3m:6s (0h:0m:1s left)
Log-likelihood cutoff on original alignment: -34776.925
NOTE: Bootstrap correlation coefficient of split occurrence frequencies: 0.999
TREE SEARCH COMPLETED AFTER 102 ITERATIONS / Time: 0h:3m:10s

--------------------------------------------------------------------
|                    FINALIZING TREE SEARCH                        |
--------------------------------------------------------------------
Performs final model parameters optimization
Estimate model parameters (epsilon = 0.010)
1. Initial log-likelihood: -34738.504
Optimal log-likelihood: -34738.502
Gamma shape alpha: 1.520
Parameters optimization took 1 rounds (0.241 sec)
BEST SCORE FOUND : -34738.502
Creating bootstrap support values...
Split supports printed to NEXUS file /home/spielman/dms_modelselection//simulations/alignments/NP_spiralia_rep10_AA.fasta.splits.nex
Total tree length: 18.180

Total number of iterations: 102
CPU time used for tree search: 512.428 sec (0h:8m:32s)
Wall-clock time used for tree search: 178.738 sec (0h:2m:58s)
Total CPU time used: 559.299 sec (0h:9m:19s)
Total wall-clock time used: 190.965 sec (0h:3m:10s)

Computing bootstrap consensus tree...
Reading input file /home/spielman/dms_modelselection//simulations/alignments/NP_spiralia_rep10_AA.fasta.splits.nex...
103 taxa and 356 splits.
Consensus tree written to /home/spielman/dms_modelselection//simulations/alignments/NP_spiralia_rep10_AA.fasta.contree
Reading input trees file /home/spielman/dms_modelselection//simulations/alignments/NP_spiralia_rep10_AA.fasta.contree
Log-likelihood of consensus tree: -34738.502

Analysis results written to: 
  IQ-TREE report:                /home/spielman/dms_modelselection//simulations/alignments/NP_spiralia_rep10_AA.fasta.iqtree
  Maximum-likelihood tree:       /home/spielman/dms_modelselection//simulations/alignments/NP_spiralia_rep10_AA.fasta.treefile
  Likelihood distances:          /home/spielman/dms_modelselection//simulations/alignments/NP_spiralia_rep10_AA.fasta.mldist

Ultrafast bootstrap approximation results written to:
  Split support values:          /home/spielman/dms_modelselection//simulations/alignments/NP_spiralia_rep10_AA.fasta.splits.nex
  Consensus tree:                /home/spielman/dms_modelselection//simulations/alignments/NP_spiralia_rep10_AA.fasta.contree
  Screen log file:               /home/spielman/dms_modelselection//simulations/alignments/NP_spiralia_rep10_AA.fasta.log

Date and Time: Sun Jun  9 14:29:56 2019
