IQ-TREE multicore version 1.6.7 for Linux 64-bit built Aug 23 2018
Developed by Bui Quang Minh, Nguyen Lam Tung, Olga Chernomor,
Heiko Schmidt, Dominik Schrempf, Michael Woodhams.

Host:    csm-com-010 (AVX2, FMA3, 62 GB RAM)
Command: iqtree -nt 8 -m hb_models/HA_HB.paml+G+F -s /csm_data/spielman_lab/dms_modelselection//simulations/empirical_alignments/HA_salichos_rep10_AA.fasta -st AA
Seed:    729996 (Using SPRNG - Scalable Parallel Random Number Generator)
Time:    Sat Apr  6 15:30:40 2019
Kernel:  AVX+FMA - 8 threads (48 CPU cores detected)

Reading alignment file /csm_data/spielman_lab/dms_modelselection//simulations/empirical_alignments/HA_salichos_rep10_AA.fasta ... Fasta format detected
Alignment most likely contains protein sequences
Alignment has 23 sequences with 564 columns, 563 distinct patterns
506 parsimony-informative, 50 singleton sites, 8 constant sites
      Gap/Ambiguity  Composition  p-value
   1  Agos    0.00%    passed     90.44%
   2  Calb    0.00%    passed     60.16%
   3  Cdub    0.00%    passed     36.19%
   4  Ctro    0.00%    passed     28.74%
   5  Cpar    0.00%    passed     97.35%
   6  Lelo    0.00%    passed     24.79%
   7  Psti    0.00%    passed     67.79%
   8  Cgui    0.00%    passed     89.22%
   9  Dhan    0.00%    passed     78.02%
  10  Clus    0.00%    passed     73.25%
  11  Cgla    0.00%    passed     96.05%
  12  Sbay    0.00%    passed     95.80%
  13  Scer    0.00%    passed     91.23%
  14  Spar    0.00%    passed     82.41%
  15  Smik    0.00%    passed     94.02%
  16  Skud    0.00%    passed     61.27%
  17  Scas    0.00%    passed     98.64%
  18  Kpol    0.00%    passed     84.69%
  19  Zrou    0.00%    passed     56.23%
  20  Kthe    0.00%    passed     88.04%
  21  Kwal    0.00%    passed     81.57%
  22  Sklu    0.00%    passed     98.90%
  23  Klac    0.00%    passed     27.44%
****  TOTAL    0.00%  0 sequences failed composition chi2 test (p-value<5%; df=19)

Create initial parsimony tree by phylogenetic likelihood library (PLL)... 0.003 seconds
Reading model parameters from file hb_models/HA_HB.paml

NOTE: 8 MB RAM (0 GB) is required!
Estimate model parameters (epsilon = 0.100)
1. Initial log-likelihood: -20674.835
2. Current log-likelihood: -20389.887
3. Current log-likelihood: -20381.661
Optimal log-likelihood: -20381.638
Gamma shape alpha: 3.189
Parameters optimization took 3 rounds (0.095 sec)
Computing ML distances based on estimated model parameters... 0.194 sec
Computing BIONJ tree...
0.001 seconds
Log-likelihood of BIONJ tree: -20364.326
--------------------------------------------------------------------
|             INITIALIZING CANDIDATE TREE SET                      |
--------------------------------------------------------------------
Generating 98 parsimony trees... 0.402 second
Computing log-likelihood of 98 initial trees ... 1.164 seconds
Current best score: -20364.326

Do NNI search on 20 best initial trees
Estimate model parameters (epsilon = 0.100)
BETTER TREE FOUND at iteration 1: -20362.372
Iteration 10 / LogL: -20362.442 / Time: 0h:0m:2s
Iteration 20 / LogL: -20362.490 / Time: 0h:0m:3s
Finish initializing candidate tree set (2)
Current best tree score: -20362.372 / CPU time: 3.065
Number of iterations: 20
--------------------------------------------------------------------
|               OPTIMIZING CANDIDATE TREE SET                      |
--------------------------------------------------------------------
Iteration 30 / LogL: -20362.386 / Time: 0h:0m:4s (0h:0m:10s left)
Iteration 40 / LogL: -20362.637 / Time: 0h:0m:5s (0h:0m:8s left)
Iteration 50 / LogL: -20362.701 / Time: 0h:0m:6s (0h:0m:6s left)
Iteration 60 / LogL: -20362.668 / Time: 0h:0m:7s (0h:0m:4s left)
Iteration 70 / LogL: -20362.596 / Time: 0h:0m:8s (0h:0m:3s left)
Iteration 80 / LogL: -20362.939 / Time: 0h:0m:8s (0h:0m:2s left)
Iteration 90 / LogL: -20362.615 / Time: 0h:0m:9s (0h:0m:1s left)
Iteration 100 / LogL: -20362.531 / Time: 0h:0m:10s (0h:0m:0s left)
TREE SEARCH COMPLETED AFTER 102 ITERATIONS / Time: 0h:0m:11s

--------------------------------------------------------------------
|                    FINALIZING TREE SEARCH                        |
--------------------------------------------------------------------
Performs final model parameters optimization
Estimate model parameters (epsilon = 0.010)
1. Initial log-likelihood: -20362.372
Optimal log-likelihood: -20362.372
Gamma shape alpha: 3.240
Parameters optimization took 1 rounds (0.013 sec)
BEST SCORE FOUND : -20362.372
Total tree length: 10.408

Total number of iterations: 102
CPU time used for tree search: 85.341 sec (0h:1m:25s)
Wall-clock time used for tree search: 10.887 sec (0h:0m:10s)
Total CPU time used: 86.680 sec (0h:1m:26s)
Total wall-clock time used: 11.065 sec (0h:0m:11s)

Analysis results written to: 
  IQ-TREE report:                /csm_data/spielman_lab/dms_modelselection//simulations/empirical_alignments/HA_salichos_rep10_AA.fasta.iqtree
  Maximum-likelihood tree:       /csm_data/spielman_lab/dms_modelselection//simulations/empirical_alignments/HA_salichos_rep10_AA.fasta.treefile
  Likelihood distances:          /csm_data/spielman_lab/dms_modelselection//simulations/empirical_alignments/HA_salichos_rep10_AA.fasta.mldist
  Screen log file:               /csm_data/spielman_lab/dms_modelselection//simulations/empirical_alignments/HA_salichos_rep10_AA.fasta.log

Date and Time: Sat Apr  6 15:30:51 2019
