IQ-TREE multicore version 1.6.7 for Linux 64-bit built Aug 23 2018
Developed by Bui Quang Minh, Nguyen Lam Tung, Olga Chernomor,
Heiko Schmidt, Dominik Schrempf, Michael Woodhams.

Host:    csm-com-004 (AVX2, FMA3, 62 GB RAM)
Command: iqtree -nt 8 -m LG+I -s /csm_data/spielman_lab/dms_modelselection/pandit_aa_alignments/PF00622.fasta -st AA -te /csm_data/spielman_lab/dms_modelselection/fitted_trees_pandit/PF00622_m1_inferredtree.treefile
Seed:    284461 (Using SPRNG - Scalable Parallel Random Number Generator)
Time:    Thu Apr 25 08:33:59 2019
Kernel:  AVX+FMA - 8 threads (48 CPU cores detected)

Reading alignment file /csm_data/spielman_lab/dms_modelselection/pandit_aa_alignments/PF00622.fasta ... Fasta format detected
Alignment most likely contains protein sequences
WARNING: 6 sites contain only gaps or ambiguous characters.
Alignment has 73 sequences with 240 columns, 235 distinct patterns
154 parsimony-informative, 73 singleton sites, 13 constant sites
                     Gap/Ambiguity  Composition  p-value
   1  Q9U2R1CAEEL336509     27.50%    failed      4.43%
   2  Q15751HUMAN20692192   48.33%    passed     94.57%
   3  Q9V8K6DROME360479     50.00%    passed     61.40%
   4  DDX1HUMAN130246       51.25%    passed      7.31%
   5  DDX1DROME129245       51.25%    passed      8.49%
   6  O76022HUMAN268387     50.00%    passed     99.80%
   7  Q9YHY5XENLA289407     50.42%    passed      6.92%
   8  O88568MOUSE319437     50.42%    passed     59.74%
   9  Q9YHD2CHICK270401     45.00%    failed      2.73%
  10  Q9SMS3ARATH56178      48.75%    passed     62.86%
  11  KYK1DICDI57177        49.58%    passed      8.06%
  12  KYK1DICDI747876       45.83%    failed      4.43%
  13  Q9XG39GUITH109234     47.50%    failed      0.00%
  14  O94712SCHPO111232     49.17%    passed     71.43%
  15  Q9XWK4CAEEL93215      48.75%    passed     39.47%
  16  VID30YEAST399591      19.58%    failed      2.01%
  17  KYK1DICDI257382       47.50%    passed     77.18%
  18  P91905CAEEL668802     43.75%    passed     32.74%
  19  RY44DROME663802       41.67%    passed     69.53%
  20  Q91313RANCA659797     42.08%    passed     78.74%
  21  RYR3HUMAN657795       42.08%    passed     84.65%
  22  RYR1RABIT659797       42.08%    passed     32.98%
  23  Q9VFC4DROME131252     49.17%    passed     27.65%
  24  Q9SIZ7ARATH146268     48.75%    passed     67.03%
  25  P90839CAEEL392519     46.67%    passed     99.73%
  26  P91905CAEEL10901213   48.33%    passed     72.58%
  27  RY44DROME10911216     47.50%    passed     82.93%
  28  Q29621RABIT10981221   48.33%    passed      7.25%
  29  O13054MAKNI10911214   48.33%    passed     28.68%
  30  Q29104PIG10851208     48.33%    passed     62.08%
  31  Q95201MUSVI10841207   48.33%    passed     58.02%
  32  O60070SCHPO387495     54.58%    passed     35.44%
  33  ASH2LMOUSE413515      57.08%    passed     17.29%
  34  Q9VED7DROME62238      26.25%    passed     20.16%
  35  Q19577CAEEL73185      52.92%    passed      5.23%
  36  Q9SMS1ARATH58174      51.25%    passed     40.37%
  37  YKM4YEAST228352       47.92%    passed     11.44%
  38  O74497SCHPO164283     50.00%    passed     41.20%
  39  RY44DROME15291672     40.00%    passed     70.75%
  40  O13054MAKNI14221561   41.67%    passed     72.89%
  41  RYR1RABIT14301570     41.25%    passed     27.11%
  42  Q91313RANCA14191559   41.25%    passed     19.88%
  43  Q91319RANCA13251465   41.25%    passed     77.60%
  44  Q95201MUSVI13251465   41.25%    passed     94.92%
  45  RYR2RABIT14231561     42.08%    passed     99.89%
  46  TRI25MOUSE514628      52.08%    passed     61.47%
  47  Q91884XENLA398519     49.17%    passed     52.74%
  48  Q91885XENLA411528     50.83%    passed     73.72%
  49  TRI18MUSSP538658      49.58%    passed      6.47%
  50  STXBSYNHO573697       47.92%    passed     17.58%
  51  TRI16HUMAN426551      47.50%    passed     98.67%
  52  RFPL1HUMAN148273      47.50%    passed     53.63%
  53  TRI17HUMAN348472      47.92%    passed     76.48%
  54  TRI38HUMAN344464      49.58%    passed     78.85%
  55  MEFVHUMAN650776       47.08%    passed     63.94%
  56  RO52MOUSE343469       47.08%    passed     97.28%
  57  RO52HUMAN339466       46.67%    passed     96.72%
  58  BT1A1HUMAN355476      49.17%    passed     66.99%
  59  TRI27MOUSE368493      47.50%    passed     84.39%
  60  BT2A1HUMAN368468      57.92%    passed     91.83%
  61  A33PLEWA498623        47.50%    passed      6.15%
  62  BTNL3HUMAN338453      51.67%    passed     57.70%
  63  Q9TSV9PIG366543       25.83%    passed     28.92%
  64  TRI26HUMAN365539      27.08%    failed      0.00%
  65  TRI15PIG342460        50.42%    passed     23.82%
  66  TRI10MOUSE362484      48.75%    passed     59.97%
  67  TRI10HUMAN362481      50.00%    passed      9.64%
  68  TRI35HUMAN353484      45.00%    failed      0.10%
  69  Q9V6L9DROME121251     45.42%    passed     89.21%
  70  Q99619HUMAN86220      43.75%    failed      0.75%
  71  Q9V9E5DROME167303     42.92%    passed     88.33%
  72  Q9V3U3DROME107236     45.83%    passed     83.56%
  73  Q9VUW0DROME93220      46.67%    passed     95.07%
WARNING: 13 sequences contain more than 50% gaps/ambiguity
****  TOTAL                 46.07%  8 sequences failed composition chi2 test (p-value<5%; df=19)
Reading input tree file /csm_data/spielman_lab/dms_modelselection/fitted_trees_pandit/PF00622_m1_inferredtree.treefile ...

NOTE: 2 MB RAM (0 GB) is required!
Estimate model parameters (epsilon = 0.010)
1. Initial log-likelihood: -19094.913
2. Current log-likelihood: -19077.835
3. Current log-likelihood: -19076.855
Optimal log-likelihood: -19076.848
Proportion of invariable sites: 0.004
Parameters optimization took 3 rounds (0.064 sec)
BEST SCORE FOUND : -19076.848
Total tree length: 60.613

Total number of iterations: 0
CPU time used for tree search: 0.000 sec (0h:0m:0s)
Wall-clock time used for tree search: 0.000 sec (0h:0m:0s)
Total CPU time used: 0.538 sec (0h:0m:0s)
Total wall-clock time used: 0.078 sec (0h:0m:0s)

Analysis results written to: 
  IQ-TREE report:                /csm_data/spielman_lab/dms_modelselection/pandit_aa_alignments/PF00622.fasta.iqtree
  Maximum-likelihood tree:       /csm_data/spielman_lab/dms_modelselection/pandit_aa_alignments/PF00622.fasta.treefile
  Screen log file:               /csm_data/spielman_lab/dms_modelselection/pandit_aa_alignments/PF00622.fasta.log

Date and Time: Thu Apr 25 08:33:59 2019
