IQ-TREE multicore version 1.6.7 for Linux 64-bit built Aug 23 2018
Developed by Bui Quang Minh, Nguyen Lam Tung, Olga Chernomor,
Heiko Schmidt, Dominik Schrempf, Michael Woodhams.

Host:    csm-com-010 (AVX2, FMA3, 62 GB RAM)
Command: iqtree -nt 8 -m HIVb+F+I -s /csm_data/spielman_lab/dms_modelselection/pandit_aa_alignments/PF00168.fasta -st AA
Seed:    690916 (Using SPRNG - Scalable Parallel Random Number Generator)
Time:    Sun Apr 14 21:19:23 2019
Kernel:  AVX+FMA - 8 threads (48 CPU cores detected)

Reading alignment file /csm_data/spielman_lab/dms_modelselection/pandit_aa_alignments/PF00168.fasta ... Fasta format detected
Alignment most likely contains protein sequences
Alignment has 391 sequences with 188 columns, 185 distinct patterns
127 parsimony-informative, 46 singleton sites, 15 constant sites
                     Gap/Ambiguity  Composition  p-value
   1  Q9ZVY8ARATH405487     55.85%    passed     98.36%
   2  Q9FY55ARATH450532     55.85%    passed     56.66%
   3  Q9VC89DROME590        54.26%    passed     95.06%
   4  O17398CAEEL1498       54.79%    passed     85.19%
   5  Q9GRL4LEIMA489        54.26%    failed      1.12%
   6  Q9T0C8ARATH126206     56.91%    passed     71.15%
   7  Q9LXU2ARATH42122      56.91%    passed     96.24%
   8  O80558ARATH50131      56.38%    passed     90.59%
   9  O65279ARATH84164      56.91%    passed     67.71%
  10  Q9FL59ARATH56137      56.38%    passed     55.83%
  11  Q9FI32ARATH296378     55.85%    passed     90.34%
  12  Q9M2D4ARATH251331     56.91%    passed     94.77%
  13  O49435ARATH48124      59.04%    passed     96.12%
  14  Q9ZVF1ARATH988        57.45%    passed     83.58%
  15  Q9S7J9ARATH988        57.45%    passed     86.06%
  16  Q9LP65ARATH44123      57.45%    passed     70.51%
  17  Q9FHP6ARATH887        57.45%    passed     92.68%
  18  Q9C8Y2ARATH887        57.45%    passed     42.99%
  19  Q9C6B7ARATH1190       57.45%    passed     73.27%
  20  Q9S764ARATH1796       57.45%    passed     97.66%
  21  Q9C5M6ARATH887        57.45%    passed     99.89%
  22  O49303ARATH887        57.45%    passed     95.56%
  23  Q9SFC0ARATH219298     57.45%    passed     72.01%
  24  Q9FVJ3ARATH183262     57.45%    passed     56.05%
  25  O04823SPOST1394       56.38%    passed     86.14%
  26  Q9FIK8ARATH887        57.45%    passed     97.03%
  27  Q9SKR2ARATH262346     54.79%    passed     65.14%
  28  Q9LNT5ARATH260344     54.79%    passed     21.23%
  29  Q9FYD9ARATH306390     54.79%    passed     67.85%
  30  YC31SCHPO10801161     56.38%    passed     89.26%
  31  Q9W2R9DROME513601     52.66%    passed     65.65%
  32  DOC2GMOUSE260348      52.66%    passed     93.58%
  33  RP3ARAT557645         52.66%    passed     39.92%
  34  O35527MOUSE273361     52.66%    passed     95.58%
  35  RBF1CAEEL9841072      52.66%    passed     99.52%
  36  DOC2GMOUSE100191      51.06%    failed      0.01%
  37  DOC2BMOUSE143232      52.13%    passed     65.69%
  38  O35527MOUSE111200     52.13%    passed     75.67%
  39  RBF1CAEEL844932       52.66%    passed     72.85%
  40  KPC1LYTPI164251       53.19%    passed     73.75%
  41  KPCABOVIN172259       53.19%    passed     23.57%
  42  KPC1APLCA157244       53.19%    passed     83.56%
  43  KPC1DROME191278       53.19%    passed     57.67%
  44  KPCGBOVIN158245       53.19%    passed     75.23%
  45  PKC2CAEEL175263       52.66%    passed     57.20%
  46  O01715HYDAT174260     53.72%    passed     44.76%
  47  KPC2DROME208295       53.19%    passed     87.35%
  48  O612249METZ183270     53.19%    passed     41.08%
  49  O96997GEOCY170260     51.60%    passed     95.57%
  50  O62567SUBDO167256     52.13%    passed     56.94%
  51  Q9LUD5ARATH208289     56.38%    passed     72.68%
  52  Q9LPH4ARATH284365     56.38%    passed     87.02%
  53  Q9VUJ3DROME357444     53.19%    passed      8.73%
  54  Q9U8R6DUGJA137223     53.72%    passed     70.74%
  55  Q9GRB0HALRO100186     53.72%    passed     95.09%
  56  SYT1RAT158244         53.72%    passed     80.18%
  57  SY65DROME209296       53.19%    passed     73.43%
  58  SYT5RAT125211         53.72%    passed     49.11%
  59  SYT6RAT247333         53.72%    passed     47.42%
  60  SYT10RAT248334        53.72%    passed     51.62%
  61  SYT9RAT237323         53.72%    passed     22.24%
  62  SYT3RAT314400         53.72%    passed     55.36%
  63  SYT7MOUSE152239       53.19%    passed     91.87%
  64  Q9V4C4DROME164251     53.19%    passed     76.73%
  65  Q9U6P7DROME196298     45.21%    passed     75.33%
  66  SYT4RAT170258         52.66%    passed     86.09%
  67  SYT11RAT173261        52.66%    passed     43.38%
  68  O43330HUMAN88181      50.00%    passed     93.44%
  69  O16700CAEEL185271     53.72%    passed     51.73%
  70  Q9I7M6DROME225311     53.72%    passed     99.08%
  71  P91493CAEEL128219     51.06%    passed     20.91%
  72  Q9VUJ3DROME488571     55.32%    passed     65.44%
  73  Q9U6P7DROME348441     50.00%    passed     85.09%
  74  SYT4RAT304392         52.66%    passed     60.62%
  75  SYT11RAT307396        52.13%    passed     76.63%
  76  SYT7MOUSE283371       52.66%    failed      4.48%
  77  Q9GRB0HALRO232320     52.66%    passed     60.23%
  78  SY65DROME342430       52.66%    passed     67.13%
  79  SYT5RAT256344         52.66%    passed     48.91%
  80  Q9BI77CAEEL28118      51.60%    passed      7.83%
  81  SYT3RAT446534         52.66%    passed     92.83%
  82  SYT10RAT380468        52.66%    passed     40.18%
  83  O16700CAEEL316404     52.66%    passed     97.40%
  84  Q9I7M6DROME357447     51.60%    passed     84.06%
  85  SYT8MOUSE258342       54.79%    passed     34.40%
  86  Q9TZL3CAEEL249339     51.60%    passed     93.87%
  87  P91493CAEEL266355     52.13%    passed     41.24%
  88  O43330HUMAN225313     52.66%    passed     82.21%
  89  UN13DRAT9251017       50.53%    failed      0.05%
  90  BAIP3HUMAN10271119    50.53%    failed      4.39%
  91  Q9VBY8DROME181284     44.68%    passed     34.18%
  92  Q9UUY6ERYPI10771159   55.85%    passed     94.27%
  93  Q9UTV4SCHPO112187     59.57%    passed     80.62%
  94  YKH3SCHPO10391121     55.85%    passed     79.22%
  95  Q12466YEAST9941078    54.79%    passed     22.68%
  96  YNI7YEAST9851070      54.26%    passed      8.47%
  97  YMH2YEAST11361218     55.85%    passed     29.73%
  98  Q9ZVY8ARATH232316     54.79%    passed     99.94%
  99  Q9FY55ARATH273357     54.79%    passed     99.65%
 100  P92940ARATH248329     56.38%    passed     87.18%
 101  O48645LYCES264346     55.85%    passed     95.78%
 102  Q9VC62DROME317402     54.26%    passed     84.11%
 103  O76835CAEEL278362     54.79%    passed     38.21%
 104  Q9ULJ2HUMAN309395     53.72%    passed     58.59%
 105  Q9H6W2HUMAN95181      53.72%    passed     97.05%
 106  O73807FUGRU345431     53.72%    passed     84.79%
 107  Q9H6W2HUMAN413499     53.72%    passed     70.95%
 108  O73807FUGRU626712     53.72%    passed     88.35%
 109  MYOFHUMAN11411231     51.60%    passed     93.94%
 110  Q9ZVT9ARATH383        56.91%    passed     45.02%
 111  Q9U4K9DROME726817     51.06%    passed     96.19%
 112  UN13BHUMAN602693      51.06%    passed     73.50%
 113  Q9GSL1PHYPO8104       48.40%    passed     58.33%
 114  BAIP3HUMAN197306      41.49%    passed     97.26%
 115  O15755DICDI218301     55.32%    passed     39.23%
 116  RASL1MOUSE135216      56.38%    passed     43.22%
 117  RASL2HUMAN135216      56.38%    passed     42.10%
 118  Q9VVI3DROME72159      53.19%    passed     97.89%
 119  O42573XENLA19106      53.19%    passed     94.49%
 120  Q9BKW4CAEEL21106      54.26%    passed     34.46%
 121  Q9V8M4DROME223301     57.98%    passed     85.81%
 122  Q9NUS2HUMAN99179      56.91%    passed     68.91%
 123  ITSN2MOUSE15321613    56.38%    passed     45.70%
 124  ITSN1HUMAN15981679    56.38%    passed     23.27%
 125  Q9USG8SCHPO471558     53.19%    passed     99.08%
 126  Q9P5T8NEUCR485576     51.06%    passed     66.87%
 127  Q9BHF8LEIMA484        56.91%    passed     96.17%
 128  Q9BHE8LEIMA489        54.26%    passed     75.66%
 129  Q9BHE7LEIMA489        54.26%    passed     79.07%
 130  Q9W2R9DROME370461     51.06%    passed     70.98%
 131  SYT8MOUSE130213       55.32%    passed     55.81%
 132  RASA2RAT172272        46.28%    passed     91.25%
 133  RASA3MOUSE147247      46.28%    passed     80.79%
 134  Q9VTN5DROME17641852   52.66%    passed     45.20%
 135  P3C2BHUMAN15191608    52.13%    passed     47.24%
 136  O00443HUMAN15741662   52.66%    passed     86.61%
 137  SYTL4HUMAN373462      52.13%    passed     73.57%
 138  SYTL1MOUSE288373      54.26%    passed     19.91%
 139  SYTL3MOUSE322411      52.13%    passed     52.59%
 140  SYTL4HUMAN528617      52.13%    passed     92.17%
 141  SYTL1MOUSE429516      53.19%    passed      5.14%
 142  RIMS1HUMAN759850      51.06%    passed     64.32%
 143  RIMCAEEL857946        52.13%    passed     65.15%
 144  Q9NW47HUMAN240329     52.13%    passed     70.81%
 145  Q9H6J1HUMAN185274     52.13%    passed      5.96%
 146  O73807FUGRU854951     47.87%    passed     60.63%
 147  Q9VC62DROME699789     51.60%    passed     77.45%
 148  Q20187CAEEL14891578   52.13%    passed     50.44%
 149  Q9VYE1DROME628722     49.47%    passed     54.16%
 150  SYT12RAT300388        52.66%    passed     89.17%
 151  Q9GKT9MACFA160250     51.60%    passed      6.72%
 152  Q9AWB6LYCES99193      49.47%    passed      6.16%
 153  PLDG3ARATH48154       43.09%    passed     12.62%
 154  Q9AWB7LYCES39142      44.68%    passed     67.02%
 155  Q9LKM1ORYSA22137      38.30%    passed     17.48%
 156  PLDD1ARATH16138       34.57%    passed     87.18%
 157  MYOFHUMAN285          55.32%    passed     34.36%
 158  DYSFHUMAN285          55.32%    passed     99.94%
 159  Q9LS53ARATH577655     57.98%    passed     99.87%
 160  Q9UUY6ERYPI732813     56.38%    passed     92.79%
 161  YC31SCHPO759841       55.85%    passed     25.22%
 162  Q12466YEAST660741     56.38%    passed     97.36%
 163  YNI7YEAST652733       56.38%    passed     54.68%
 164  YKH3SCHPO706787       56.38%    passed     57.48%
 165  Q9Y0H4DROME51129      57.98%    passed     78.31%
 166  Q9V853DROME1597       55.85%    passed     94.23%
 167  SMUF2HUMAN1498        54.79%    passed     58.20%
 168  PUB1SCHPO1092         55.85%    passed     51.07%
 169  RSP5YEAST588          55.32%    passed     75.58%
 170  PUB3SCHPO890          55.85%    passed     93.77%
 171  Q9USG8SCHPO655764     41.49%    passed     82.81%
 172  Q9T0C9ARATH893        54.26%    passed     57.03%
 173  Q9M2D4ARATH790        55.32%    passed     98.26%
 174  Q9SS68ARATH994        54.26%    passed     99.13%
 175  Q9CA47ARATH19108      52.13%    passed     92.85%
 176  Q9SKA3ARATH489        54.26%    passed     50.01%
 177  O64492ARATH1398       54.26%    passed     63.97%
 178  Q9FI32ARATH793        53.72%    passed     33.34%
 179  Q9FJG3ARATH787        56.91%    passed     84.40%
 180  O65279ARATH682        59.04%    passed     97.84%
 181  UN13DRAT113221        42.02%    passed     93.07%
 182  O969429METZ179262     55.32%    passed     30.06%
 183  Q9ZVT9ARATH537619     55.85%    passed     75.40%
 184  Q9FGS8ARATH541623     55.85%    passed     81.69%
 185  PP16ACUCMA591         53.72%    passed     13.97%
 186  Q9M2T2ARATH692        53.72%    passed     79.69%
 187  Q9ZRV6CICAR687        56.38%    passed     53.19%
 188  Q9SWH6MAIZE686        56.91%    passed     73.45%
 189  Q9C8S6ARATH687        56.38%    passed     41.09%
 190  O82550ORYSA687        56.38%    passed     81.05%
 191  O50005ORYSA795        52.66%    passed     94.99%
 192  Q9U7P09CILI383        56.91%    passed     16.81%
 193  Q9M1A2ARATH83163      56.91%    passed     79.70%
 194  Q9UUY6ERYPI450533     55.32%    passed     44.71%
 195  YMH2YEAST493580       53.19%    passed     90.88%
 196  YKH3SCHPO437518       56.38%    passed     44.31%
 197  RIMS1RAT14761563      53.19%    passed     85.03%
 198  RIMS4HUMAN130217      53.19%    passed     47.80%
 199  RIMCAEEL14321519      53.19%    passed     48.67%
 200  Q9BI66CAEEL10391128   52.13%    passed     87.33%
 201  Q9VSR0DROME11321214   55.85%    passed     50.04%
 202  MYOFHUMAN15551638     55.32%    passed     27.78%
 203  Q9H8L7HUMAN120203     55.32%    passed     84.26%
 204  FER1CAEEL13851468     55.32%    passed     74.74%
 205  RASL1MOUSE788         56.38%    passed     62.25%
 206  RASL2HUMAN788         56.38%    passed     85.61%
 207  RASA2RAT39121         55.85%    passed     15.14%
 208  RASA3MOUSE1496        55.85%    passed     16.36%
 209  GAP1DROME45132        53.19%    passed     54.67%
 210  Q9T0C8ARATH452539     53.19%    passed     60.81%
 211  Q9M2R0ARATH364447     55.32%    passed     29.26%
 212  Q9FL59ARATH383476     50.00%    passed     61.14%
 213  Q9LXU2ARATH364451     53.19%    passed     36.35%
 214  O49435ARATH363455     50.53%    passed     35.24%
 215  Q9FI32ARATH626718     50.53%    passed     65.87%
 216  O80558ARATH378465     53.19%    passed     90.58%
 217  O64492ARATH604694     51.60%    passed     24.93%
 218  Q9SS68ARATH606698     50.53%    failed      1.69%
 219  Q9CA47ARATH671762     51.06%    passed     41.69%
 220  Q9FJG3ARATH636729     50.00%    passed     29.38%
 221  Q9M2D4ARATH565653     52.66%    passed     18.54%
 222  Q9LZE5ARATH351437     53.72%    passed     67.04%
 223  Q9VZY4DROME32125      50.00%    passed     96.23%
 224  PERFHUMAN417498       56.38%    failed      0.11%
 225  PERFMOUSE416497       56.38%    passed      8.04%
 226  Q9BHL0CAEEL259342     55.32%    passed     28.69%
 227  Q9T0C8ARATH290372     55.85%    passed     76.23%
 228  Q9LXU2ARATH203285     55.85%    passed     79.94%
 229  Q9C8H3ARATH203285     55.85%    passed     58.94%
 230  Q9FL59ARATH219301     55.85%    passed     37.70%
 231  Q9FI32ARATH461543     55.85%    passed     93.53%
 232  O80558ARATH213295     55.85%    failed      4.51%
 233  O49435ARATH205287     55.85%    passed     60.66%
 234  Q9M2D4ARATH406486     56.91%    passed     16.93%
 235  O64492ARATH436531     48.94%    passed     51.33%
 236  Q9SS68ARATH441533     50.53%    passed     12.10%
 237  Q9FJG3ARATH479562     55.32%    passed      7.38%
 238  Q9LZE5ARATH195276     56.38%    passed     67.06%
 239  MYOFHUMAN201281       56.91%    passed     33.66%
 240  DYSFHUMAN222302       56.91%    passed     76.60%
 241  OTOFHUMAN256338       55.85%    passed     68.50%
 242  Q9H646HUMAN28100      61.17%    passed     28.00%
 243  Q9U6B9CAEEL895978     55.32%    passed     97.39%
 244  PLCB4BOVIN551634      55.32%    passed     91.63%
 245  PIPADROME688771       55.32%    passed     92.41%
 246  PIP1DROME737820       55.32%    passed     98.64%
 247  O97035HYDMA673755     55.85%    passed     83.50%
 248  Q9GV33WATSC651734     55.32%    passed     66.36%
 249  PLCB1HUMAN678761      55.32%    passed     98.60%
 250  PLCB3HUMAN728810      55.85%    passed     89.66%
 251  Q91086MELGA682765     55.32%    passed     89.56%
 252  PLCB2RAT688771        55.32%    passed     44.15%
 253  O97036HYDMA829911     55.85%    passed     70.32%
 254  O970339METZ906987     56.38%    passed     93.81%
 255  Q9H9U2HUMAN186278     50.53%    passed     34.47%
 256  Q9H8L0HUMAN347437     51.60%    passed     46.72%
 257  Q9BRC7HUMAN629719     51.60%    passed     84.20%
 258  Q62711RAT639729       51.60%    passed     26.43%
 259  Q914239TELE375465     51.60%    passed     49.70%
 260  PLCD1BOVIN570659      52.13%    passed     69.99%
 261  Q22070CAEEL10621152   51.60%    passed     36.55%
 262  Q21754CAEEL624712     52.66%    passed     39.13%
 263  O97037HYDMA611700     52.13%    passed     46.76%
 264  PIPADICDI676765       52.13%    passed     94.25%
 265  Q24284DROME11051190   54.26%    passed     46.79%
 266  PLCG2HUMAN10631152    52.13%    passed     94.70%
 267  PLCG1BOVIN10901177    53.19%    passed     52.39%
 268  O970349METZ10841170   53.72%    passed     70.72%
 269  Q9SZN3ARATH392485     50.00%    passed     20.33%
 270  O49970ARATH432524     50.53%    passed     74.71%
 271  Q9LUZ0ARATH451543     50.53%    passed     47.07%
 272  Q9FSW19POAL504595     51.06%    passed     28.36%
 273  Q9AXF1ORYSA472564     50.53%    passed     50.90%
 274  O49950SOLTU468560     50.53%    passed     90.20%
 275  O49952SOLTU458550     50.53%    passed     35.64%
 276  O24297PEA467559       50.53%    passed     50.14%
 277  O49902NICRU461553     50.53%    passed     46.91%
 278  Q944C1ARATH470562     50.53%    passed     73.72%
 279  O49951SOLTU438530     50.53%    passed     62.34%
 280  Q43442SOYBN426518     50.53%    passed     84.44%
 281  P93620VIGUN422514     50.53%    passed     70.02%
 282  Q9STZ3ARATH405496     51.06%    passed     93.06%
 283  Q9TVI2CAEEL14111494   55.32%    passed      8.97%
 284  Q9H9X8HUMAN375457     55.85%    passed     33.57%
 285  PLC1SCHPO770862       50.53%    passed     12.99%
 286  Q9TZN8TRYCR595690     48.94%    passed     57.65%
 287  Q9T0H5ARATH71154      55.32%    passed     44.27%
 288  Q9SKR2ARATH422505     55.32%    passed      8.13%
 289  Q9SKR0ARATH137211     60.11%    failed      0.73%
 290  Q9SKQ7ARATH1878       67.55%    failed      0.01%
 291  Q9LNT5ARATH418499     56.38%    passed     43.48%
 292  Q9FYD9ARATH465548     55.32%    passed     30.39%
 293  RASA1RAT587666        57.45%    passed     92.47%
 294  MYOFHUMAN360458       47.34%    passed     86.47%
 295  DYSFHUMAN381479       47.34%    passed     30.01%
 296  OTOFHUMAN419514       48.94%    passed     98.21%
 297  Q9VWS3DROME790        55.32%    passed     13.33%
 298  Q9H642HUMAN20108      52.66%    failed      0.10%
 299  RIP11HUMAN2189        63.30%    passed     24.26%
 300  Q9Y2F0HUMAN36123      53.19%    passed     62.28%
 301  Q9LS53ARATH453531     57.98%    passed     24.54%
 302  Q9N510CAEEL55139      54.79%    passed     31.36%
 303  WWP1HUMAN2098         57.98%    passed     13.27%
 304  WWP2HUMAN20100        56.91%    passed     70.02%
 305  ABRHUMAN506595        52.13%    passed     86.39%
 306  BCRHUMAN9131002       52.13%    passed     73.34%
 307  Q12466YEAST388471     55.32%    passed     72.35%
 308  YNI7YEAST380463       55.32%    passed     85.64%
 309  Q9VC62DROME464542     57.98%    passed     56.91%
 310  Q9SX44ARATH391476     54.26%    passed     47.62%
 311  Q21303CAEEL699782     55.32%    passed     32.58%
 312  Q9ULJ2HUMAN460539     57.45%    passed     84.24%
 313  Q9H6W2HUMAN244322     57.98%    passed     38.07%
 314  O76835CAEEL425503     57.98%    passed     80.26%
 315  Q9H6W2HUMAN564641     58.51%    passed     14.42%
 316  Q9TT38RABIT20106      53.72%    passed     37.42%
 317  Q9P2P5HUMAN196291     48.94%    passed     60.28%
 318  Q9HCC7HUMAN186281     48.94%    passed     17.09%
 319  Q9CAQ9ARATH19842064   56.91%    passed     12.53%
 320  Q9C6Y4ARATH19952071   59.04%    passed     28.01%
 321  Q9VYE1DROME503586     55.32%    passed     54.05%
 322  Q9VN04DROME307393     53.72%    failed      3.09%
 323  SYTL3MOUSE479568      52.13%    passed     15.23%
 324  Q9U4K9DROME15991690   51.06%    passed     97.47%
 325  UN13ARAT15791669      51.60%    passed     70.39%
 326  UN13BHUMAN14401530    51.60%    passed     99.13%
 327  UNC13CAEEL19912080    52.13%    passed     80.01%
 328  Q22372CAEEL160250     51.60%    passed     76.54%
 329  Q9QXA2MOUSE48135      53.19%    passed     12.39%
 330  UN13BMOUSE479         59.57%    passed     73.99%
 331  UN13ARAT479           59.57%    passed     54.91%
 332  O95712HUMAN243327     54.79%    passed     15.27%
 333  Q9VN04DROME462551     52.13%    passed     34.14%
 334  Q9BQR7HUMAN20108      52.66%    passed     53.44%
 335  PSD2YEAST496583       53.19%    passed     30.52%
 336  O14111SCHPO282368     53.72%    passed     43.56%
 337  CPNE7HUMAN231321      51.60%    passed     37.42%
 338  CPNE6HUMAN153243      51.60%    passed     62.24%
 339  CPNE5HUMAN178268      51.60%    passed     73.61%
 340  CPNE1HUMAN139228      52.13%    passed     89.66%
 341  CPNE3HUMAN140230      51.60%    passed     89.23%
 342  Q9FH53ARATH195283     52.66%    passed      9.96%
 343  O04042ARATH257345     52.66%    passed     70.62%
 344  CPNE7HUMAN24114       51.60%    passed     11.66%
 345  CPNE1HUMAN798         51.06%    passed     51.98%
 346  CPNE3HUMAN999         51.60%    passed     48.14%
 347  CPNE5HUMAN25116       51.06%    passed     67.99%
 348  O04042ARATH58145      53.19%    passed     99.94%
 349  KPC2APLCA13108        48.94%    passed     83.74%
 350  KPCBCAEEL798          51.06%    passed     33.75%
 351  KPCEHUMAN899          51.06%    passed     77.42%
 352  KPCLHUMAN12101        52.13%    passed     75.10%
 353  O01669HYDAT12101      52.13%    passed     22.79%
 354  KPC1YEAST211288       58.51%    passed     31.96%
 355  Q9XFX7CRAPL10109      46.81%    passed     17.00%
 356  Q9AWC0LYCES10110      46.28%    passed     32.60%
 357  Q9AWB9LYCES10108      47.34%    passed     12.28%
 358  Q9LKM3ORYSA11115      44.15%    passed     28.57%
 359  Q9UUY6ERYPI593677     54.79%    passed     14.25%
 360  YKH3SCHPO573651       57.98%    passed     47.94%
 361  Q9SI42ARATH1094       54.79%    passed     73.61%
 362  O22783ARATH1094       54.79%    passed     68.56%
 363  Q9M8Z2ARATH1197       53.72%    passed      6.29%
 364  Q9M148ARATH794        53.19%    passed     51.83%
 365  Q9LZI7ARATH697        51.06%    passed     95.19%
 366  Q9LK74ARATH697        51.06%    passed     99.06%
 367  O04133SOYBN898        51.60%    passed     78.80%
 368  O04023ARATH695        52.13%    passed     43.70%
 369  O23427ARATH388479     51.06%    passed      6.23%
 370  O23425ARATH41134      50.00%    passed     83.20%
 371  O23425ARATH232323     51.06%    passed     48.73%
 372  Q9M2E5ARATH687        56.38%    passed     63.05%
 373  Q9LNV0ARATH995        53.72%    passed      7.76%
 374  Q9FF85ARATH24111      53.19%    passed     33.66%
 375  Q9FGS8ARATH384        56.38%    passed     65.41%
 376  Q9SDM4DUNTE485        56.38%    passed     45.64%
 377  Q9LPS7ARATH41128      53.19%    passed     41.75%
 378  TOLIPHUMAN55135       56.91%    passed     61.03%
 379  Q93565CAEEL54134      56.91%    passed     37.08%
 380  YNP2YEAST1395         55.85%    passed     66.86%
 381  O94701SCHPO991        55.85%    passed     96.58%
 382  Q19136CAEEL37127      51.60%    failed      0.42%
 383  O76834CAEEL106199     50.00%    passed     48.29%
 384  CAN6HUMAN518597       57.45%    passed     67.34%
 385  CAN5HUMAN519596       58.51%    passed     88.69%
 386  Q9FJG3ARATH325405     56.91%    failed      0.57%
 387  P3C2GHUMAN13421423    56.38%    passed     74.99%
 388  Q9NSE6HUMAN265346     56.38%    passed     38.96%
 389  Q08748YEAST858947     52.13%    passed     79.05%
 390  SYT12RAT169255        53.72%    passed     47.65%
 391  TAC2NMOUSE367455      52.66%    passed      9.11%
WARNING: 356 sequences contain more than 50% gaps/ambiguity
****  TOTAL                 53.62%  14 sequences failed composition chi2 test (p-value<5%; df=19)

Create initial parsimony tree by phylogenetic likelihood library (PLL)... 0.182 seconds

NOTE: 12 MB RAM (0 GB) is required!
Estimate model parameters (epsilon = 0.100)
1. Initial log-likelihood: -69184.843
2. Current log-likelihood: -64308.466
3. Current log-likelihood: -64279.877
4. Current log-likelihood: -64277.234
5. Current log-likelihood: -64275.069
6. Current log-likelihood: -64274.798
Optimal log-likelihood: -64274.794
Proportion of invariable sites: 0.000
Parameters optimization took 6 rounds (1.048 sec)
Computing ML distances based on estimated model parameters... 19.507 sec
WARNING: Some pairwise ML distances are too long (saturated)
Computing BIONJ tree...
0.200 seconds
Log-likelihood of BIONJ tree: -63363.248
--------------------------------------------------------------------
|             INITIALIZING CANDIDATE TREE SET                      |
--------------------------------------------------------------------
Generating 98 parsimony trees... 22.790 second
Computing log-likelihood of 98 initial trees ... 12.002 seconds
Current best score: -63363.248

Do NNI search on 20 best initial trees
Estimate model parameters (epsilon = 0.100)
BETTER TREE FOUND at iteration 1: -63120.430
Iteration 10 / LogL: -63462.098 / Time: 0h:0m:59s
Iteration 20 / LogL: -63622.336 / Time: 0h:1m:19s
Finish initializing candidate tree set (20)
Current best tree score: -63120.430 / CPU time: 74.947
Number of iterations: 20
--------------------------------------------------------------------
|               OPTIMIZING CANDIDATE TREE SET                      |
--------------------------------------------------------------------
Estimate model parameters (epsilon = 0.100)
BETTER TREE FOUND at iteration 23: -63076.192
Estimate model parameters (epsilon = 0.100)
BETTER TREE FOUND at iteration 28: -63068.908
Estimate model parameters (epsilon = 0.100)
BETTER TREE FOUND at iteration 30: -63039.338
Iteration 30 / LogL: -63039.338 / Time: 0h:1m:35s (0h:5m:29s left)
Estimate model parameters (epsilon = 0.100)
BETTER TREE FOUND at iteration 33: -63034.596
Iteration 40 / LogL: -63037.821 / Time: 0h:1m:49s (0h:4m:21s left)
Estimate model parameters (epsilon = 0.100)
BETTER TREE FOUND at iteration 44: -63024.854
Iteration 50 / LogL: -63027.943 / Time: 0h:2m:3s (0h:3m:55s left)
Estimate model parameters (epsilon = 0.100)
BETTER TREE FOUND at iteration 52: -63024.446
Estimate model parameters (epsilon = 0.100)
BETTER TREE FOUND at iteration 56: -63023.738
Iteration 60 / LogL: -63027.416 / Time: 0h:2m:16s (0h:3m:42s left)
Estimate model parameters (epsilon = 0.100)
BETTER TREE FOUND at iteration 65: -63011.717
Estimate model parameters (epsilon = 0.100)
BETTER TREE FOUND at iteration 70: -63007.845
Iteration 70 / LogL: -63007.845 / Time: 0h:2m:29s (0h:3m:36s left)
Iteration 80 / LogL: -63024.620 / Time: 0h:2m:42s (0h:3m:5s left)
Iteration 90 / LogL: -63027.864 / Time: 0h:2m:55s (0h:2m:37s left)
Estimate model parameters (epsilon = 0.100)
BETTER TREE FOUND at iteration 92: -63003.956
Estimate model parameters (epsilon = 0.100)
BETTER TREE FOUND at iteration 95: -62997.693
Iteration 100 / LogL: -63008.951 / Time: 0h:3m:8s (0h:3m:0s left)
Iteration 110 / LogL: -62999.130 / Time: 0h:3m:20s (0h:2m:36s left)
Estimate model parameters (epsilon = 0.100)
BETTER TREE FOUND at iteration 120: -62995.499
Iteration 120 / LogL: -62995.499 / Time: 0h:3m:33s (0h:2m:59s left)
Estimate model parameters (epsilon = 0.100)
BETTER TREE FOUND at iteration 126: -62992.840
Estimate model parameters (epsilon = 0.100)
BETTER TREE FOUND at iteration 130: -62982.061
Iteration 130 / LogL: -62982.061 / Time: 0h:3m:46s (0h:2m:55s left)
Iteration 140 / LogL: -62994.251 / Time: 0h:3m:58s (0h:2m:34s left)
Estimate model parameters (epsilon = 0.100)
BETTER TREE FOUND at iteration 150: -62980.720
Iteration 150 / LogL: -62980.720 / Time: 0h:4m:10s (0h:2m:48s left)
Iteration 160 / LogL: -63028.781 / Time: 0h:4m:23s (0h:2m:28s left)
Estimate model parameters (epsilon = 0.100)
BETTER TREE FOUND at iteration 168: -62977.220
Estimate model parameters (epsilon = 0.100)
BETTER TREE FOUND at iteration 170: -62970.463
Iteration 170 / LogL: -62970.463 / Time: 0h:4m:36s (0h:2m:43s left)
Estimate model parameters (epsilon = 0.100)
BETTER TREE FOUND at iteration 172: -62967.547
Iteration 180 / LogL: -62980.917 / Time: 0h:4m:48s (0h:2m:28s left)
Iteration 190 / LogL: -62992.926 / Time: 0h:5m:0s (0h:2m:10s left)
Iteration 200 / LogL: -62987.482 / Time: 0h:5m:12s (0h:1m:53s left)
Iteration 210 / LogL: -62975.228 / Time: 0h:5m:25s (0h:1m:36s left)
Iteration 220 / LogL: -62978.393 / Time: 0h:5m:38s (0h:1m:20s left)
Iteration 230 / LogL: -62969.153 / Time: 0h:5m:50s (0h:1m:4s left)
Estimate model parameters (epsilon = 0.100)
BETTER TREE FOUND at iteration 231: -62965.577
Estimate model parameters (epsilon = 0.100)
BETTER TREE FOUND at iteration 239: -62964.881
Iteration 240 / LogL: -62965.501 / Time: 0h:6m:2s (0h:2m:30s left)
Estimate model parameters (epsilon = 0.100)
BETTER TREE FOUND at iteration 247: -62964.397
Iteration 250 / LogL: -62978.437 / Time: 0h:6m:15s (0h:2m:26s left)
Iteration 260 / LogL: -62993.833 / Time: 0h:6m:27s (0h:2m:10s left)
Estimate model parameters (epsilon = 0.100)
BETTER TREE FOUND at iteration 261: -62963.667
Iteration 270 / LogL: -62967.334 / Time: 0h:6m:39s (0h:2m:15s left)
Iteration 280 / LogL: -62978.859 / Time: 0h:6m:52s (0h:1m:59s left)
Iteration 290 / LogL: -62974.863 / Time: 0h:7m:4s (0h:1m:44s left)
Iteration 300 / LogL: -62981.939 / Time: 0h:7m:16s (0h:1m:29s left)
Iteration 310 / LogL: -63004.911 / Time: 0h:7m:28s (0h:1m:14s left)
Iteration 320 / LogL: -63002.058 / Time: 0h:7m:40s (0h:0m:59s left)
Iteration 330 / LogL: -62986.633 / Time: 0h:7m:53s (0h:0m:44s left)
Iteration 340 / LogL: -62964.120 / Time: 0h:8m:5s (0h:0m:30s left)
Estimate model parameters (epsilon = 0.100)
BETTER TREE FOUND at iteration 347: -62959.987
Iteration 350 / LogL: -62966.945 / Time: 0h:8m:17s (0h:2m:18s left)
Iteration 360 / LogL: -62968.818 / Time: 0h:8m:29s (0h:2m:3s left)
Iteration 370 / LogL: -62971.965 / Time: 0h:8m:41s (0h:1m:48s left)
Iteration 380 / LogL: -62971.691 / Time: 0h:8m:53s (0h:1m:34s left)
Estimate model parameters (epsilon = 0.100)
BETTER TREE FOUND at iteration 381: -62956.247
Iteration 390 / LogL: -62971.535 / Time: 0h:9m:6s (0h:2m:7s left)
Iteration 400 / LogL: -62962.827 / Time: 0h:9m:18s (0h:1m:53s left)
Iteration 410 / LogL: -62975.641 / Time: 0h:9m:30s (0h:1m:38s left)
Iteration 420 / LogL: -62964.110 / Time: 0h:9m:41s (0h:1m:24s left)
Iteration 430 / LogL: -62971.899 / Time: 0h:9m:52s (0h:1m:10s left)
Iteration 440 / LogL: -62960.696 / Time: 0h:10m:4s (0h:0m:56s left)
Iteration 450 / LogL: -62969.973 / Time: 0h:10m:16s (0h:0m:42s left)
Iteration 460 / LogL: -62988.092 / Time: 0h:10m:28s (0h:0m:28s left)
Estimate model parameters (epsilon = 0.100)
BETTER TREE FOUND at iteration 470: -62955.400
Iteration 470 / LogL: -62955.400 / Time: 0h:10m:40s (0h:2m:16s left)
Estimate model parameters (epsilon = 0.100)
BETTER TREE FOUND at iteration 480: -62952.875
Iteration 480 / LogL: -62952.875 / Time: 0h:10m:50s (0h:2m:15s left)
Iteration 490 / LogL: -62963.829 / Time: 0h:11m:1s (0h:2m:1s left)
Estimate model parameters (epsilon = 0.100)
BETTER TREE FOUND at iteration 499: -62951.983
Iteration 500 / LogL: -62990.594 / Time: 0h:11m:12s (0h:2m:13s left)
Estimate model parameters (epsilon = 0.100)
BETTER TREE FOUND at iteration 503: -62950.009
Estimate model parameters (epsilon = 0.100)
BETTER TREE FOUND at iteration 510: -62947.944
Iteration 510 / LogL: -62947.944 / Time: 0h:11m:23s (0h:2m:14s left)
Iteration 520 / LogL: -62965.992 / Time: 0h:11m:34s (0h:2m:0s left)
Estimate model parameters (epsilon = 0.100)
BETTER TREE FOUND at iteration 522: -62947.295
Iteration 530 / LogL: -62953.850 / Time: 0h:11m:47s (0h:2m:3s left)
Iteration 540 / LogL: -62962.451 / Time: 0h:11m:59s (0h:1m:49s left)
Iteration 550 / LogL: -62973.842 / Time: 0h:12m:12s (0h:1m:35s left)
Iteration 560 / LogL: -62950.670 / Time: 0h:12m:25s (0h:1m:22s left)
Iteration 570 / LogL: -62949.140 / Time: 0h:12m:37s (0h:1m:9s left)
Iteration 580 / LogL: -62963.982 / Time: 0h:12m:49s (0h:0m:55s left)
Estimate model parameters (epsilon = 0.100)
BETTER TREE FOUND at iteration 588: -62946.446
Iteration 590 / LogL: -62956.581 / Time: 0h:13m:2s (0h:2m:10s left)
Iteration 600 / LogL: -62947.180 / Time: 0h:13m:14s (0h:1m:56s left)
Iteration 610 / LogL: -62963.926 / Time: 0h:13m:26s (0h:1m:43s left)
Iteration 620 / LogL: -62966.101 / Time: 0h:13m:39s (0h:1m:29s left)
Iteration 630 / LogL: -62971.278 / Time: 0h:13m:51s (0h:1m:16s left)
Iteration 640 / LogL: -62955.165 / Time: 0h:14m:3s (0h:1m:3s left)
Iteration 650 / LogL: -62956.679 / Time: 0h:14m:15s (0h:0m:50s left)
Iteration 660 / LogL: -62959.564 / Time: 0h:14m:28s (0h:0m:36s left)
Estimate model parameters (epsilon = 0.100)
BETTER TREE FOUND at iteration 670: -62943.971
Iteration 670 / LogL: -62943.971 / Time: 0h:14m:40s (0h:2m:11s left)
Iteration 680 / LogL: -62960.982 / Time: 0h:14m:52s (0h:1m:58s left)
Iteration 690 / LogL: -62949.442 / Time: 0h:15m:4s (0h:1m:44s left)
Estimate model parameters (epsilon = 0.100)
BETTER TREE FOUND at iteration 700: -62943.031
Iteration 700 / LogL: -62943.031 / Time: 0h:15m:16s (0h:2m:11s left)
Iteration 710 / LogL: -62948.404 / Time: 0h:15m:28s (0h:1m:57s left)
Iteration 720 / LogL: -62950.223 / Time: 0h:15m:40s (0h:1m:44s left)
Estimate model parameters (epsilon = 0.100)
BETTER TREE FOUND at iteration 726: -62939.982
Iteration 730 / LogL: -62947.845 / Time: 0h:15m:53s (0h:2m:5s left)
Iteration 740 / LogL: -62954.124 / Time: 0h:16m:4s (0h:1m:52s left)
Iteration 750 / LogL: -62986.795 / Time: 0h:16m:17s (0h:1m:39s left)
Iteration 760 / LogL: -62969.003 / Time: 0h:16m:28s (0h:1m:25s left)
Estimate model parameters (epsilon = 0.100)
BETTER TREE FOUND at iteration 763: -62939.523
Iteration 770 / LogL: -62953.443 / Time: 0h:16m:40s (0h:2m:0s left)
Iteration 780 / LogL: -62955.987 / Time: 0h:16m:52s (0h:1m:47s left)
Iteration 790 / LogL: -62949.735 / Time: 0h:17m:4s (0h:1m:34s left)
Iteration 800 / LogL: -62954.582 / Time: 0h:17m:16s (0h:1m:21s left)
Iteration 810 / LogL: -62940.795 / Time: 0h:17m:28s (0h:1m:8s left)
Iteration 820 / LogL: -62942.936 / Time: 0h:17m:40s (0h:0m:55s left)
Iteration 830 / LogL: -62962.275 / Time: 0h:17m:51s (0h:0m:42s left)
Iteration 840 / LogL: -62954.886 / Time: 0h:18m:2s (0h:0m:29s left)
Iteration 850 / LogL: -62954.719 / Time: 0h:18m:14s (0h:0m:16s left)
Iteration 860 / LogL: -62964.926 / Time: 0h:18m:27s (0h:0m:3s left)
TREE SEARCH COMPLETED AFTER 864 ITERATIONS / Time: 0h:18m:31s

--------------------------------------------------------------------
|                    FINALIZING TREE SEARCH                        |
--------------------------------------------------------------------
Performs final model parameters optimization
Estimate model parameters (epsilon = 0.010)
1. Initial log-likelihood: -62939.523
Optimal log-likelihood: -62939.519
Proportion of invariable sites: 0.000
Parameters optimization took 1 rounds (0.137 sec)
BEST SCORE FOUND : -62939.519
Total tree length: 288.573

Total number of iterations: 864
CPU time used for tree search: 8655.642 sec (2h:24m:15s)
Wall-clock time used for tree search: 1107.041 sec (0h:18m:27s)
Total CPU time used: 8689.184 sec (2h:24m:49s)
Total wall-clock time used: 1112.056 sec (0h:18m:32s)

Analysis results written to: 
  IQ-TREE report:                /csm_data/spielman_lab/dms_modelselection/pandit_aa_alignments/PF00168.fasta.iqtree
  Maximum-likelihood tree:       /csm_data/spielman_lab/dms_modelselection/pandit_aa_alignments/PF00168.fasta.treefile
  Likelihood distances:          /csm_data/spielman_lab/dms_modelselection/pandit_aa_alignments/PF00168.fasta.mldist
  Screen log file:               /csm_data/spielman_lab/dms_modelselection/pandit_aa_alignments/PF00168.fasta.log

Date and Time: Sun Apr 14 21:37:55 2019
