IQ-TREE multicore version 1.6.7 for Linux 64-bit built Aug 23 2018
Developed by Bui Quang Minh, Nguyen Lam Tung, Olga Chernomor,
Heiko Schmidt, Dominik Schrempf, Michael Woodhams.

Host:    csm-com-007 (AVX2, FMA3, 62 GB RAM)
Command: iqtree -nt 8 -m HIVb -s /csm_data/spielman_lab/dms_modelselection/pandit_aa_alignments/PF01263.fasta -st AA
Seed:    164062 (Using SPRNG - Scalable Parallel Random Number Generator)
Time:    Fri Apr 12 20:20:32 2019
Kernel:  AVX+FMA - 8 threads (48 CPU cores detected)

Reading alignment file /csm_data/spielman_lab/dms_modelselection/pandit_aa_alignments/PF01263.fasta ... Fasta format detected
Alignment most likely contains protein sequences
Alignment has 73 sequences with 426 columns, 409 distinct patterns
354 parsimony-informative, 31 singleton sites, 41 constant sites
                      Gap/Ambiguity  Composition  p-value
   1  Q9CF52_LACLA_4_275     36.15%    failed      0.00%
   2  Q97ES5_CLOAB_1_281     34.04%    failed      1.58%
   3  Q98MW4_RHILO_4_274     36.38%    failed      1.15%
   4  LAXC_LACLA_1_281       34.04%    passed      9.10%
   5  P73504_SYNY3_14_276    38.26%    failed      1.51%
   6  Q9HZ52_PSEAE_28_281    40.38%    failed      0.00%
   7  Q9PB74_XYLFA_16_284    36.85%    failed      1.80%
   8  YEAD_ECOLI_27_288      38.50%    passed     67.06%
   9  Q9KQJ7_VIBCH_25_292    37.09%    failed      1.42%
  10  Q9FJY6_ARATH_46_305    38.97%    passed     62.82%
  11  Q9M6D7_CHLRE_53_318    37.56%    failed      0.37%
  12  Q9SVZ5_ARATH_40_321    33.80%    passed     12.58%
  13  Q9LVC5_ARATH_18_294    34.98%    passed      8.28%
  14  AAPC_PENCL_34_310      34.98%    passed     48.93%
  15  Q9SUQ4_ARATH_25_301    34.98%    passed     77.41%
  16  Q9M308_ARATH_24_299    35.21%    passed     73.44%
  17  Q9LY79_ARATH_87_360    35.68%    passed     30.50%
  18  YMY9_YEAST_9_287       34.51%    passed     31.96%
  19  Q9V3D1_DROME_12_282    36.38%    passed     28.91%
  20  Q9HTE2_PSEAE_30_311    33.80%    failed      0.00%
  21  Q9CN43_PASMU_23_271    41.55%    failed      0.02%
  22  Q9CMU5_PASMU_26_273    41.78%    failed      0.26%
  23  Q9RP27_HAEIN_22_269    41.78%    failed      4.81%
  24  Q9RWC2_DEIRA_4_276     35.92%    failed      0.09%
  25  Q986G3_RHILO_15_295    34.04%    failed      0.00%
  26  YPHB_ECOLI_2_286       33.10%    failed      1.25%
  27  Q9A381_CAUCR_1_279     34.51%    failed      0.00%
  28  Q986V3_RHILO_14_303    31.92%    failed      0.00%
  29  Q97L65_CLOAB_18_336    25.12%    failed      0.08%
  30  YOXA_BACSU_14_319      28.17%    passed     30.85%
  31  Q9WWA9_9RHIZ_26_326    29.34%    failed      3.29%
  32  Q97V88_SULSO_3_260     39.44%    passed      6.95%
  33  Q97A31_THEVO_1_267     37.32%    failed      0.56%
  34  Q9HJQ6_THEAC_19_286    37.09%    failed      0.01%
  35  YIHR_ECOLI_19_304      32.86%    failed      4.72%
  36  Q9L7R7_SALTY_6_278     35.92%    passed      9.30%
  37  YH10_YEAST_11_338      23.00%    passed     34.58%
  38  YN9A_YEAST_11_339      22.77%    passed     17.80%
  39  Q05765_SACPS_73_396    23.94%    passed      8.22%
  40  GAL10_KLULA_363_684    24.41%    failed      1.20%
  41  GAL10_PACTA_363_685    24.18%    passed     18.60%
  42  GAL10_SCHPO_369_689    24.65%    failed      0.83%
  43  Q9JSW7_NEIMA_19_331    26.53%    failed      0.00%
  44  GALM_STRTR_17_342      23.47%    passed     10.12%
  45  Q97JD7_CLOAB_16_338    24.18%    failed      0.00%
  46  Q97T84_STRPN_18_341    23.94%    passed     71.09%
  47  Q9CFG9_LACLA_19_330    26.76%    passed     83.50%
  48  Q9U105_LEIMA_26_390    14.32%    passed      5.75%
  49  Q9KRP2_VIBCH_20_347    23.00%    passed      5.69%
  50  Q9CM12_PASMU_17_340    23.94%    failed      0.11%
  51  GALM_HAEIN_16_338      24.18%    passed     41.74%
  52  GALM_ECOLI_16_342      23.24%    passed     57.63%
  53  P94168_ACTPL_2_319     25.35%    passed     15.32%
  54  Q98L60_RHILO_19_336    25.35%    failed      3.54%
  55  Q9K995_BACHD_17_344    23.00%    passed     17.34%
  56  GALM_ACICA_38_376      20.42%    failed      2.04%
  57  Q9GKX6_PIG_20_338      25.12%    passed     78.19%
  58  Q9A8D6_CAUCR_39_373    21.36%    failed      0.10%
  59  Q9WYB8_THEMA_23_351    22.77%    passed     39.23%
  60  Q9RDN0_STRCO_33_363    22.30%    failed      1.10%
  61  Q9RDP4_STRCO_15_319    28.40%    failed      0.00%
  62  Q9LVH6_ARATH_10_338    22.77%    passed     21.52%
  63  O48971_TOBAC_28_351    23.94%    failed      0.14%
  64  Q9LXG7_ARATH_161_485   23.71%    failed      0.00%
  65  Q9STT3_ARATH_32_354    24.18%    passed      6.61%
  66  Q9VRU1_DROME_25_359    21.36%    passed     92.92%
  67  Q9VP02_DROME_25_355    22.30%    passed     79.17%
  68  Q9VKF7_DROME_25_355    22.30%    passed     67.25%
  69  Q9VY83_DROME_24_362    20.42%    failed      2.99%
  70  O94124_RHIST_13_358    18.78%    passed     86.58%
  71  Q9UAT6_CAEEL_4_325     24.41%    passed     83.24%
  72  Q99RT5_STAAM_13_331    25.12%    failed      0.12%
  73  Q9ZB17_9LACT_13_335    24.18%    passed     35.80%
****  TOTAL                  29.40%  36 sequences failed composition chi2 test (p-value<5%; df=19)

Create initial parsimony tree by phylogenetic likelihood library (PLL)... 0.024 seconds

NOTE: 4 MB RAM (0 GB) is required!
Estimate model parameters (epsilon = 0.100)
1. Initial log-likelihood: -48148.105
Optimal log-likelihood: -46821.372
Parameters optimization took 1 rounds (0.044 sec)
Computing ML distances based on estimated model parameters... 0.836 sec
Computing BIONJ tree...
0.004 seconds
Log-likelihood of BIONJ tree: -46760.788
--------------------------------------------------------------------
|             INITIALIZING CANDIDATE TREE SET                      |
--------------------------------------------------------------------
Generating 98 parsimony trees... 2.508 second
Computing log-likelihood of 98 initial trees ... 1.902 seconds
Current best score: -46760.788

Do NNI search on 20 best initial trees
Estimate model parameters (epsilon = 0.100)
BETTER TREE FOUND at iteration 1: -46714.739
Estimate model parameters (epsilon = 0.100)
BETTER TREE FOUND at iteration 3: -46714.485
Iteration 10 / LogL: -46724.425 / Time: 0h:0m:6s
Iteration 20 / LogL: -46718.439 / Time: 0h:0m:7s
Finish initializing candidate tree set (18)
Current best tree score: -46714.485 / CPU time: 7.316
Number of iterations: 20
--------------------------------------------------------------------
|               OPTIMIZING CANDIDATE TREE SET                      |
--------------------------------------------------------------------
Estimate model parameters (epsilon = 0.100)
BETTER TREE FOUND at iteration 29: -46712.689
Iteration 30 / LogL: -46722.534 / Time: 0h:0m:9s (0h:0m:32s left)
Iteration 40 / LogL: -46714.031 / Time: 0h:0m:11s (0h:0m:25s left)
Estimate model parameters (epsilon = 0.100)
BETTER TREE FOUND at iteration 44: -46711.891
Estimate model parameters (epsilon = 0.100)
BETTER TREE FOUND at iteration 48: -46710.958
Iteration 50 / LogL: -46711.149 / Time: 0h:0m:13s (0h:0m:26s left)
Iteration 60 / LogL: -46716.299 / Time: 0h:0m:15s (0h:0m:22s left)
Estimate model parameters (epsilon = 0.100)
BETTER TREE FOUND at iteration 68: -46710.332
Estimate model parameters (epsilon = 0.100)
BETTER TREE FOUND at iteration 69: -46710.145
Iteration 70 / LogL: -46732.573 / Time: 0h:0m:16s (0h:0m:24s left)
Iteration 80 / LogL: -46721.310 / Time: 0h:0m:18s (0h:0m:21s left)
Iteration 90 / LogL: -46711.821 / Time: 0h:0m:20s (0h:0m:18s left)
Estimate model parameters (epsilon = 0.100)
BETTER TREE FOUND at iteration 98: -46709.979
Iteration 100 / LogL: -46710.226 / Time: 0h:0m:22s (0h:0m:22s left)
Iteration 110 / LogL: -46710.017 / Time: 0h:0m:24s (0h:0m:19s left)
Iteration 120 / LogL: -46728.465 / Time: 0h:0m:26s (0h:0m:17s left)
Iteration 130 / LogL: -46710.230 / Time: 0h:0m:28s (0h:0m:14s left)
Iteration 140 / LogL: -46711.868 / Time: 0h:0m:30s (0h:0m:12s left)
Iteration 150 / LogL: -46710.028 / Time: 0h:0m:32s (0h:0m:10s left)
Iteration 160 / LogL: -46711.785 / Time: 0h:0m:33s (0h:0m:8s left)
Iteration 170 / LogL: -46710.199 / Time: 0h:0m:35s (0h:0m:5s left)
Iteration 180 / LogL: -46710.154 / Time: 0h:0m:37s (0h:0m:3s left)
Iteration 190 / LogL: -46709.983 / Time: 0h:0m:39s (0h:0m:1s left)
TREE SEARCH COMPLETED AFTER 199 ITERATIONS / Time: 0h:0m:41s

--------------------------------------------------------------------
|                    FINALIZING TREE SEARCH                        |
--------------------------------------------------------------------
Performs final model parameters optimization
Estimate model parameters (epsilon = 0.010)
1. Initial log-likelihood: -46709.979
Optimal log-likelihood: -46709.979
Parameters optimization took 1 rounds (0.012 sec)
BEST SCORE FOUND : -46709.979
Total tree length: 67.840

Total number of iterations: 199
CPU time used for tree search: 310.874 sec (0h:5m:10s)
Wall-clock time used for tree search: 40.948 sec (0h:0m:40s)
Total CPU time used: 312.706 sec (0h:5m:12s)
Total wall-clock time used: 41.207 sec (0h:0m:41s)

Analysis results written to: 
  IQ-TREE report:                /csm_data/spielman_lab/dms_modelselection/pandit_aa_alignments/PF01263.fasta.iqtree
  Maximum-likelihood tree:       /csm_data/spielman_lab/dms_modelselection/pandit_aa_alignments/PF01263.fasta.treefile
  Likelihood distances:          /csm_data/spielman_lab/dms_modelselection/pandit_aa_alignments/PF01263.fasta.mldist
  Screen log file:               /csm_data/spielman_lab/dms_modelselection/pandit_aa_alignments/PF01263.fasta.log

Date and Time: Fri Apr 12 20:21:13 2019
