IQ-TREE multicore version 1.6.7 for Linux 64-bit built Aug 23 2018
Developed by Bui Quang Minh, Nguyen Lam Tung, Olga Chernomor,
Heiko Schmidt, Dominik Schrempf, Michael Woodhams.

Host:    csm-com-002 (AVX2, FMA3, 62 GB RAM)
Command: iqtree -nt 8 -m mtZOA+I+G4 -s /csm_data/spielman_lab/dms_modelselection/pandit_aa_alignments/PF01490.fasta -st AA
Seed:    429847 (Using SPRNG - Scalable Parallel Random Number Generator)
Time:    Fri Apr 12 20:20:29 2019
Kernel:  AVX+FMA - 8 threads (48 CPU cores detected)

Reading alignment file /csm_data/spielman_lab/dms_modelselection/pandit_aa_alignments/PF01490.fasta ... Fasta format detected
Alignment most likely contains protein sequences
WARNING: 2 sites contain only gaps or ambiguous characters.
Alignment has 25 sequences with 555 columns, 524 distinct patterns
424 parsimony-informative, 64 singleton sites, 67 constant sites
                     Gap/Ambiguity  Composition  p-value
   1  AVT4_YEAST_295_711    24.86%    passed     23.61%
   2  AVT3_YEAST_295_688    29.01%    passed     68.25%
   3  YAN9_SCHPO_273_656    30.81%    passed     81.44%
   4  O24406_ARATH_29_430   27.57%    passed     40.07%
   5  YMJ2_CAEEL_35_446     25.77%    passed     27.50%
   6  O62286_CAEEL_61_471   25.95%    passed     47.55%
   7  O17275_CAEEL_38_441   27.21%    passed     45.06%
   8  AVT1_YEAST_206_601    28.65%    passed     15.82%
   9  UNC47_CAEEL_87_475    29.91%    passed     88.03%
  10  VIAAT_RAT_114_513     27.93%    passed     42.03%
  11  AVT7_YEAST_3_477      14.41%    failed      3.26%
  12  AVT6_YEAST_1_439      20.90%    passed     31.02%
  13  AVT5_YEAST_51_498     19.28%    passed     20.11%
  14  AVT2_YEAST_65_467     27.39%    passed     11.24%
  15  S383_HUMAN_64_491     22.88%    passed     50.18%
  16  Q96247_ARATH_44_438   28.83%    passed     28.73%
  17  Q40414_NICSY_32_435   27.21%    passed     31.07%
  18  O24405_ARATH_34_433   27.93%    passed     42.25%
  19  O22719_ARATH_24_413   29.73%    passed     52.69%
  20  Q39136_ARATH_28_468   20.54%    passed     44.68%
  21  Q38967_ARATH_46_481   21.44%    passed     62.96%
  22  P92934_ARATH_33_470   21.08%    passed     54.48%
  23  O48546_ARATH_37_472   21.44%    passed     17.40%
  24  P92961_ARATH_32_428   28.47%    passed     53.39%
  25  MTR_NEUCR_51_449      28.11%    passed     73.21%
****  TOTAL                 25.49%  1 sequences failed composition chi2 test (p-value<5%; df=19)

Create initial parsimony tree by phylogenetic likelihood library (PLL)... 0.005 seconds

NOTE: 8 MB RAM (0 GB) is required!
Estimate model parameters (epsilon = 0.100)
Thoroughly optimizing +I+G parameters from 10 start values...
Init pinv, alpha: 0.000, 1.000 / Estimate: 0.000, 1.390 / LogL: -22796.070
Init pinv, alpha: 0.013, 1.000 / Estimate: 0.001, 1.396 / LogL: -22795.855
Init pinv, alpha: 0.027, 1.000 / Estimate: 0.001, 1.389 / LogL: -22795.815
Init pinv, alpha: 0.040, 1.000 / Estimate: 0.001, 1.389 / LogL: -22795.816
Init pinv, alpha: 0.054, 1.000 / Estimate: 0.001, 1.389 / LogL: -22795.816
Init pinv, alpha: 0.067, 1.000 / Estimate: 0.001, 1.389 / LogL: -22795.815
Init pinv, alpha: 0.080, 1.000 / Estimate: 0.001, 1.389 / LogL: -22795.815
Init pinv, alpha: 0.094, 1.000 / Estimate: 0.001, 1.388 / LogL: -22795.815
Init pinv, alpha: 0.107, 1.000 / Estimate: 0.001, 1.389 / LogL: -22795.815
Init pinv, alpha: 0.121, 1.000 / Estimate: 0.001, 1.388 / LogL: -22795.815
Optimal pinv,alpha: 0.001, 1.388 / LogL: -22795.815

Parameters optimization took 1.630 sec
Computing ML distances based on estimated model parameters... 0.685 sec
WARNING: Some pairwise ML distances are too long (saturated)
Computing BIONJ tree...
0.001 seconds
Log-likelihood of BIONJ tree: -22778.589
--------------------------------------------------------------------
|             INITIALIZING CANDIDATE TREE SET                      |
--------------------------------------------------------------------
Generating 98 parsimony trees... 0.542 second
Computing log-likelihood of 98 initial trees ... 1.295 seconds
Current best score: -22778.589

Do NNI search on 20 best initial trees
Estimate model parameters (epsilon = 0.100)
BETTER TREE FOUND at iteration 1: -22776.575
Iteration 10 / LogL: -22776.843 / Time: 0h:0m:4s
Iteration 20 / LogL: -22776.687 / Time: 0h:0m:6s
Finish initializing candidate tree set (2)
Current best tree score: -22776.575 / CPU time: 4.421
Number of iterations: 20
--------------------------------------------------------------------
|               OPTIMIZING CANDIDATE TREE SET                      |
--------------------------------------------------------------------
Iteration 30 / LogL: -22776.698 / Time: 0h:0m:7s (0h:0m:18s left)
Iteration 40 / LogL: -22776.583 / Time: 0h:0m:8s (0h:0m:13s left)
Iteration 50 / LogL: -22776.754 / Time: 0h:0m:9s (0h:0m:10s left)
Iteration 60 / LogL: -22776.928 / Time: 0h:0m:10s (0h:0m:7s left)
Iteration 70 / LogL: -22776.668 / Time: 0h:0m:12s (0h:0m:5s left)
Iteration 80 / LogL: -22776.684 / Time: 0h:0m:13s (0h:0m:3s left)
Iteration 90 / LogL: -22776.606 / Time: 0h:0m:14s (0h:0m:1s left)
Iteration 100 / LogL: -22776.822 / Time: 0h:0m:15s (0h:0m:0s left)
TREE SEARCH COMPLETED AFTER 102 ITERATIONS / Time: 0h:0m:16s

--------------------------------------------------------------------
|                    FINALIZING TREE SEARCH                        |
--------------------------------------------------------------------
Performs final model parameters optimization
Estimate model parameters (epsilon = 0.010)
1. Initial log-likelihood: -22776.575
Optimal log-likelihood: -22776.565
Proportion of invariable sites: 0.001
Gamma shape alpha: 1.373
Parameters optimization took 1 rounds (0.018 sec)
BEST SCORE FOUND : -22776.565
Total tree length: 62.372

Total number of iterations: 102
CPU time used for tree search: 112.172 sec (0h:1m:52s)
Wall-clock time used for tree search: 14.374 sec (0h:0m:14s)
Total CPU time used: 126.371 sec (0h:2m:6s)
Total wall-clock time used: 16.168 sec (0h:0m:16s)

Analysis results written to: 
  IQ-TREE report:                /csm_data/spielman_lab/dms_modelselection/pandit_aa_alignments/PF01490.fasta.iqtree
  Maximum-likelihood tree:       /csm_data/spielman_lab/dms_modelselection/pandit_aa_alignments/PF01490.fasta.treefile
  Likelihood distances:          /csm_data/spielman_lab/dms_modelselection/pandit_aa_alignments/PF01490.fasta.mldist
  Screen log file:               /csm_data/spielman_lab/dms_modelselection/pandit_aa_alignments/PF01490.fasta.log

Date and Time: Fri Apr 12 20:20:45 2019
