IQ-TREE multicore version 1.6.7 for Linux 64-bit built Aug 23 2018
Developed by Bui Quang Minh, Nguyen Lam Tung, Olga Chernomor,
Heiko Schmidt, Dominik Schrempf, Michael Woodhams.

Host:    csm-com-010 (AVX2, FMA3, 62 GB RAM)
Command: iqtree -nt 8 -m Dayhoff+F+I+G4 -s /csm_data/spielman_lab/dms_modelselection/pandit_aa_alignments/PF02086.fasta -st AA
Seed:    693520 (Using SPRNG - Scalable Parallel Random Number Generator)
Time:    Fri Apr 12 20:23:41 2019
Kernel:  AVX+FMA - 8 threads (48 CPU cores detected)

Reading alignment file /csm_data/spielman_lab/dms_modelselection/pandit_aa_alignments/PF02086.fasta ... Fasta format detected
Alignment most likely contains protein sequences
Alignment has 26 sequences with 319 columns, 316 distinct patterns
273 parsimony-informative, 35 singleton sites, 11 constant sites
                     Gap/Ambiguity  Composition  p-value
   1  MTHB_HAEPH_11_298      9.72%    passed     84.38%
   2  O30358_NEIGO_10_297    9.72%    passed     70.08%
   3  Q56004_9BACL_4_286    11.29%    failed      0.00%
   4  MTC2_CHVP1_6_287      11.60%    failed      2.98%
   5  MTN3_NEILA_3_291       9.40%    passed     79.11%
   6  O30889_HELPY_3_290     9.72%    passed      8.91%
   7  MTF1_FLAOK_3_300       6.58%    passed      9.28%
   8  MTS1_STRSA_3_298       7.21%    passed     19.13%
   9  MTL1_LACLA_3_299       6.90%    passed     78.16%
  10  Q9ZLZ2_HELPJ_37_278   24.14%    passed     76.01%
  11  P74637_SYNY3_26_266   24.45%    passed     12.77%
  12  DMA_BPT4_7_241        26.33%    failed      4.02%
  13  MTE5_ECOLI_12_260     21.94%    passed     58.97%
  14  MTC1_CHVN1_7_241      26.33%    passed     26.10%
  15  O41063_CHVP1_8_248    24.45%    passed     89.49%
  16  MTM3_METJA_9_270      17.87%    failed      0.31%
  17  O58765_PYRHO_8_274    16.30%    passed     24.17%
  18  Q51829_PORGI_22_269   22.26%    passed     31.86%
  19  MTD21_STRPN_17_264    22.26%    passed     98.76%
  20  MTL21_LACLC_17_264    22.26%    passed     93.24%
  21  MT1A_MORBO_7_275      15.67%    passed      7.27%
  22  DMA7_ECOLI_7_244      25.39%    passed     69.54%
  23  DMA_SERMA_10_252      23.82%    passed      7.79%
  24  DMA_ECOLI_10_251      24.14%    passed     41.86%
  25  P71101_9MICO_33_261   28.21%    failed      0.00%
  26  P95820_STRPH_21_271   21.32%    failed      0.36%
****  TOTAL                 18.05%  6 sequences failed composition chi2 test (p-value<5%; df=19)

Create initial parsimony tree by phylogenetic likelihood library (PLL)... 0.004 seconds

NOTE: 5 MB RAM (0 GB) is required!
Estimate model parameters (epsilon = 0.100)
Thoroughly optimizing +I+G parameters from 10 start values...
Init pinv, alpha: 0.000, 1.000 / Estimate: 0.022, 2.455 / LogL: -14660.472
Init pinv, alpha: 0.004, 1.000 / Estimate: 0.022, 2.470 / LogL: -14660.481
Init pinv, alpha: 0.008, 1.000 / Estimate: 0.022, 2.470 / LogL: -14660.482
Init pinv, alpha: 0.011, 1.000 / Estimate: 0.022, 2.469 / LogL: -14660.483
Init pinv, alpha: 0.015, 1.000 / Estimate: 0.022, 2.468 / LogL: -14660.483
Init pinv, alpha: 0.019, 1.000 / Estimate: 0.022, 2.470 / LogL: -14660.484
Init pinv, alpha: 0.023, 1.000 / Estimate: 0.022, 2.469 / LogL: -14660.485
Init pinv, alpha: 0.027, 1.000 / Estimate: 0.022, 2.469 / LogL: -14660.486
Init pinv, alpha: 0.031, 1.000 / Estimate: 0.022, 2.468 / LogL: -14660.486
Init pinv, alpha: 0.034, 1.000 / Estimate: 0.022, 2.466 / LogL: -14660.487
Optimal pinv,alpha: 0.022, 2.455 / LogL: -14660.472

Parameters optimization took 0.679 sec
Computing ML distances based on estimated model parameters... 0.494 sec
WARNING: Some pairwise ML distances are too long (saturated)
Computing BIONJ tree...
0.001 seconds
Log-likelihood of BIONJ tree: -14652.468
--------------------------------------------------------------------
|             INITIALIZING CANDIDATE TREE SET                      |
--------------------------------------------------------------------
Generating 98 parsimony trees... 0.432 second
Computing log-likelihood of 98 initial trees ... 1.115 seconds
Current best score: -14652.468

Do NNI search on 20 best initial trees
Estimate model parameters (epsilon = 0.100)
BETTER TREE FOUND at iteration 1: -14642.879
Estimate model parameters (epsilon = 0.100)
BETTER TREE FOUND at iteration 2: -14638.402
Iteration 10 / LogL: -14642.954 / Time: 0h:0m:3s
Iteration 20 / LogL: -14642.962 / Time: 0h:0m:3s
Finish initializing candidate tree set (8)
Current best tree score: -14638.402 / CPU time: 3.066
Number of iterations: 20
--------------------------------------------------------------------
|               OPTIMIZING CANDIDATE TREE SET                      |
--------------------------------------------------------------------
Iteration 30 / LogL: -14638.998 / Time: 0h:0m:4s (0h:0m:12s left)
Iteration 40 / LogL: -14640.839 / Time: 0h:0m:6s (0h:0m:9s left)
Iteration 50 / LogL: -14638.726 / Time: 0h:0m:6s (0h:0m:7s left)
Iteration 60 / LogL: -14638.709 / Time: 0h:0m:8s (0h:0m:5s left)
Iteration 70 / LogL: -14640.324 / Time: 0h:0m:9s (0h:0m:4s left)
Iteration 80 / LogL: -14640.780 / Time: 0h:0m:9s (0h:0m:2s left)
Iteration 90 / LogL: -14638.531 / Time: 0h:0m:10s (0h:0m:1s left)
Iteration 100 / LogL: -14638.489 / Time: 0h:0m:11s (0h:0m:0s left)
TREE SEARCH COMPLETED AFTER 103 ITERATIONS / Time: 0h:0m:12s

--------------------------------------------------------------------
|                    FINALIZING TREE SEARCH                        |
--------------------------------------------------------------------
Performs final model parameters optimization
Estimate model parameters (epsilon = 0.010)
1. Initial log-likelihood: -14638.402
Optimal log-likelihood: -14638.398
Proportion of invariable sites: 0.022
Gamma shape alpha: 2.390
Parameters optimization took 1 rounds (0.012 sec)
BEST SCORE FOUND : -14638.398
Total tree length: 36.274

Total number of iterations: 103
CPU time used for tree search: 89.352 sec (0h:1m:29s)
Wall-clock time used for tree search: 11.420 sec (0h:0m:11s)
Total CPU time used: 95.858 sec (0h:1m:35s)
Total wall-clock time used: 12.248 sec (0h:0m:12s)

Analysis results written to: 
  IQ-TREE report:                /csm_data/spielman_lab/dms_modelselection/pandit_aa_alignments/PF02086.fasta.iqtree
  Maximum-likelihood tree:       /csm_data/spielman_lab/dms_modelselection/pandit_aa_alignments/PF02086.fasta.treefile
  Likelihood distances:          /csm_data/spielman_lab/dms_modelselection/pandit_aa_alignments/PF02086.fasta.mldist
  Screen log file:               /csm_data/spielman_lab/dms_modelselection/pandit_aa_alignments/PF02086.fasta.log

Date and Time: Fri Apr 12 20:23:53 2019
