IQ-TREE multicore version 1.6.7 for Linux 64-bit built Aug 23 2018
Developed by Bui Quang Minh, Nguyen Lam Tung, Olga Chernomor,
Heiko Schmidt, Dominik Schrempf, Michael Woodhams.

Host:    csm-com-005 (AVX2, FMA3, 62 GB RAM)
Command: iqtree -nt 8 -m LG -s /csm_data/spielman_lab/dms_modelselection/pandit_aa_alignments/PF03237.fasta -st AA
Seed:    812348 (Using SPRNG - Scalable Parallel Random Number Generator)
Time:    Fri Apr 12 20:30:44 2019
Kernel:  AVX+FMA - 8 threads (48 CPU cores detected)

Reading alignment file /csm_data/spielman_lab/dms_modelselection/pandit_aa_alignments/PF03237.fasta ... Fasta format detected
Alignment most likely contains protein sequences
Alignment has 28 sequences with 527 columns, 499 distinct patterns
397 parsimony-informative, 54 singleton sites, 76 constant sites
                      Gap/Ambiguity  Composition  p-value
   1  Q9PQX4_UREPA_19_307    45.16%    failed      0.09%
   2  Q928Y6_LISIN_11_291    46.68%    passed     19.23%
   3  Q9KKC3_BORHE_48_433    26.76%    failed      0.02%
   4  O86121_BORBU_48_433    26.76%    failed      0.00%
   5  O50924_BORBU_48_433    26.76%    failed      0.00%
   6  Q9G005_9CAUD_12_396    26.94%    failed      1.26%
   7  O34057_9CAUD_10_392    27.32%    passed     10.81%
   8  Q98MS1_RHILO_34_294    50.47%    passed     51.39%
   9  Q984H6_RHILO_90_451    31.31%    passed      7.14%
  10  Q8TJF9_METAC_83_473    25.81%    passed     69.10%
  11  O80226_9CAUD_145_505   31.50%    passed     99.35%
  12  O80199_9CAUD_132_445   40.42%    passed     39.79%
  13  Q92B19_LISIN_254_471   58.63%    passed     94.27%
  14  Q835C2_ENTFA_228_465   54.84%    passed     81.46%
  15  Q87CS2_XYLFT_218_504   45.54%    failed      1.08%
  16  Q7Y5U7_9CAUD_190_477   45.35%    passed     74.74%
  17  Q9A4P0_CAUCR_179_517   35.67%    failed      0.00%
  18  Q8YG12_BRUME_28_377    33.59%    failed      0.00%
  19  Q8UGT4_AGRT5_18_358    35.29%    failed      0.00%
  20  Q94MS5_9CAUD_7_262     51.42%    passed     35.70%
  21  Q92NY5_RHIME_44_406    31.12%    failed      0.13%
  22  Q8HAE4_BPST6_58_460    23.53%    failed      2.95%
  23  Q8H9R7_9CAUD_29_382    32.83%    passed     38.07%
  24  Q7TTC2_BORBR_5_359     32.64%    passed     88.42%
  25  Q7Y448_9CAUD_138_420   46.30%    passed     72.84%
  26  Q7Y4X0_BPR69_140_423   46.11%    passed     41.37%
  27  Q8LTT3_9VIRU_126_408   46.30%    passed     88.33%
  28  Q53884_SPICI_19_288    48.77%    failed      0.04%
WARNING: 4 sequences contain more than 50% gaps/ambiguity
****  TOTAL                  38.35%  12 sequences failed composition chi2 test (p-value<5%; df=19)

Create initial parsimony tree by phylogenetic likelihood library (PLL)... 0.007 seconds

NOTE: 2 MB RAM (0 GB) is required!
Estimate model parameters (epsilon = 0.100)
1. Initial log-likelihood: -22723.138
Optimal log-likelihood: -21760.313
Parameters optimization took 1 rounds (0.022 sec)
Computing ML distances based on estimated model parameters... 0.167 sec
WARNING: Some pairwise ML distances are too long (saturated)
Computing BIONJ tree...
0.002 seconds
Log-likelihood of BIONJ tree: -21737.343
--------------------------------------------------------------------
|             INITIALIZING CANDIDATE TREE SET                      |
--------------------------------------------------------------------
Generating 98 parsimony trees... 0.711 second
Computing log-likelihood of 98 initial trees ... 0.798 seconds
Current best score: -21737.343

Do NNI search on 20 best initial trees
Estimate model parameters (epsilon = 0.100)
BETTER TREE FOUND at iteration 1: -21734.643
Estimate model parameters (epsilon = 0.100)
BETTER TREE FOUND at iteration 2: -21733.587
Iteration 10 / LogL: -21734.405 / Time: 0h:0m:2s
Estimate model parameters (epsilon = 0.100)
BETTER TREE FOUND at iteration 11: -21733.427
Iteration 20 / LogL: -21735.639 / Time: 0h:0m:3s
Finish initializing candidate tree set (15)
Current best tree score: -21733.427 / CPU time: 3.326
Number of iterations: 20
--------------------------------------------------------------------
|               OPTIMIZING CANDIDATE TREE SET                      |
--------------------------------------------------------------------
Iteration 30 / LogL: -21734.481 / Time: 0h:0m:4s (0h:0m:12s left)
Iteration 40 / LogL: -21733.567 / Time: 0h:0m:5s (0h:0m:9s left)
Iteration 50 / LogL: -21734.969 / Time: 0h:0m:6s (0h:0m:7s left)
Iteration 60 / LogL: -21735.447 / Time: 0h:0m:7s (0h:0m:6s left)
Iteration 70 / LogL: -21733.963 / Time: 0h:0m:8s (0h:0m:4s left)
Iteration 80 / LogL: -21734.763 / Time: 0h:0m:9s (0h:0m:3s left)
Iteration 90 / LogL: -21736.874 / Time: 0h:0m:10s (0h:0m:2s left)
Iteration 100 / LogL: -21734.073 / Time: 0h:0m:11s (0h:0m:1s left)
Iteration 110 / LogL: -21733.847 / Time: 0h:0m:12s (0h:0m:0s left)
TREE SEARCH COMPLETED AFTER 112 ITERATIONS / Time: 0h:0m:12s

--------------------------------------------------------------------
|                    FINALIZING TREE SEARCH                        |
--------------------------------------------------------------------
Performs final model parameters optimization
Estimate model parameters (epsilon = 0.010)
1. Initial log-likelihood: -21733.427
Optimal log-likelihood: -21733.393
Parameters optimization took 1 rounds (0.008 sec)
BEST SCORE FOUND : -21733.393
Total tree length: 45.361

Total number of iterations: 112
CPU time used for tree search: 94.309 sec (0h:1m:34s)
Wall-clock time used for tree search: 12.258 sec (0h:0m:12s)
Total CPU time used: 95.067 sec (0h:1m:35s)
Total wall-clock time used: 12.366 sec (0h:0m:12s)

Analysis results written to: 
  IQ-TREE report:                /csm_data/spielman_lab/dms_modelselection/pandit_aa_alignments/PF03237.fasta.iqtree
  Maximum-likelihood tree:       /csm_data/spielman_lab/dms_modelselection/pandit_aa_alignments/PF03237.fasta.treefile
  Likelihood distances:          /csm_data/spielman_lab/dms_modelselection/pandit_aa_alignments/PF03237.fasta.mldist
  Screen log file:               /csm_data/spielman_lab/dms_modelselection/pandit_aa_alignments/PF03237.fasta.log

Date and Time: Fri Apr 12 20:30:57 2019
