IQ-TREE multicore version 1.6.7 for Linux 64-bit built Aug 23 2018
Developed by Bui Quang Minh, Nguyen Lam Tung, Olga Chernomor,
Heiko Schmidt, Dominik Schrempf, Michael Woodhams.

Host:    csm-com-010 (AVX2, FMA3, 62 GB RAM)
Command: iqtree -nt 8 -m LG+I+G4 -s /csm_data/spielman_lab/dms_modelselection/pandit_aa_alignments/PF07993.fasta -st AA
Seed:    841119 (Using SPRNG - Scalable Parallel Random Number Generator)
Time:    Sun Apr 14 23:49:57 2019
Kernel:  AVX+FMA - 8 threads (48 CPU cores detected)

Reading alignment file /csm_data/spielman_lab/dms_modelselection/pandit_aa_alignments/PF07993.fasta ... Fasta format detected
Alignment most likely contains protein sequences
WARNING: 10 sites contain only gaps or ambiguous characters.
Alignment has 105 sequences with 423 columns, 386 distinct patterns
306 parsimony-informative, 35 singleton sites, 82 constant sites
                     Gap/Ambiguity  Composition  p-value
   1  Q9XGY7SIMCH18319      28.61%    passed     25.64%
   2  Q93ZB9ARATH21322      28.61%    passed     40.10%
   3  Q9LXN3ARATH16318      28.37%    passed     21.60%
   4  Q39152ARATH16316      28.84%    passed      8.60%
   5  Q9LXN1ARATH16319      28.13%    failed      4.39%
   6  Q8L4C3WHEAT21324      28.13%    passed     62.98%
   7  Q6ZJ06ORYSA23332      26.71%    passed     82.49%
   8  Q6YZQ7ORYSA17319      28.37%    passed     26.57%
   9  Q69LA9ORYSA21322      28.61%    passed     40.92%
  10  Q7XRZ6ORYSA17318      28.61%    passed     55.57%
  11  Q9LET6ARATH88360      35.46%    passed      8.07%
  12  Q8S7T9ORYSA96403      27.19%    passed     64.66%
  13  MS2ARATH135438        28.13%    passed     13.40%
  14  Q9W459DROME14283      36.17%    passed     95.24%
  15  Q7Q2S4ANOGA19289      35.93%    passed     91.98%
  16  Q7Q2S1ANOGA19288      36.17%    passed     36.81%
  17  Q9VDS1DROME23295      35.46%    passed     30.57%
  18  Q7Q1P6ANOGA26296      35.93%    passed      7.14%
  19  Q9VCF6DROME26296      35.93%    passed     60.99%
  20  Q7QKD9ANOGA18288      35.93%    passed     82.13%
  21  Q7KQW7DROME39311      35.46%    passed     92.36%
  22  Q7Q745ANOGA19291      35.46%    passed     24.55%
  23  Q9V7S1DROME130400     35.93%    passed     72.52%
  24  Q9I989TORMA15285      35.93%    passed     83.19%
  25  Q6P411XENLA15285      35.93%    passed     55.54%
  26  Q803W3BRARE15285      35.93%    passed     92.91%
  27  Q7TNT2MOUSE15285      35.93%    passed     53.95%
  28  Q9TZL9CAEEL16286      35.93%    passed     14.40%
  29  Q8MMC5DROME19289      35.93%    passed     71.67%
  30  Q7QAN3ANOGA18288      35.93%    passed     24.39%
  31  Q9VLJ7DROME16287      35.70%    passed     99.46%
  32  Q9VG87DROME16287      35.70%    passed     91.43%
  33  Q9VES7DROME16287      35.70%    passed     93.91%
  34  Q9VES6DROME16287      35.70%    passed     99.37%
  35  Q9VES5DROME27298      35.70%    passed     99.46%
  36  Q8MS59DROME43312      36.17%    passed     23.14%
  37  Q7PZ52ANOGA13283      35.93%    passed     24.65%
  38  Q960W6DROME17288      35.70%    passed     63.15%
  39  Q7QAN6ANOGA16287      35.70%    passed     92.23%
  40  Q7YTA8BOMMO25296      35.70%    failed      0.94%
  41  Q7Q684ANOGA80351      35.70%    passed     44.33%
  42  Q7PXC9ANOGA51317      36.88%    passed     41.71%
  43  Q8MRC5DROME107378     35.70%    passed     93.85%
  44  Q7Q226ANOGA28301      35.22%    passed     60.17%
  45  Q7QGQ1ANOGA12287      34.75%    passed     52.07%
  46  Q7Q223ANOGA12280      36.41%    passed     31.26%
  47  Q9F149ECOLI6238       44.92%    passed     46.75%
  48  Q849X5ECOLI6238       44.92%    passed     38.23%
  49  Q8ZFW6YERPE16248      44.92%    passed     79.28%
  50  Q8XZD9RALSO5233       45.86%    passed     11.42%
  51  Q9S202STRCO56330      34.99%    failed      0.00%
  52  Q9K3F6STRCO26230      51.54%    failed      0.05%
  53  Q7NR32CHRVO14252      43.50%    failed      0.00%
  54  Q7UEZ5RHOBA23271      41.13%    passed     44.34%
  55  Q82SS3NITEU6245       43.26%    passed     88.81%
  56  Q73U86MYCPA5232       46.10%    failed      1.95%
  57  O50417MYCTU5219       49.17%    failed      0.73%
  58  Q6LR02PHOPR5235       45.39%    passed     78.97%
  59  Q6LQ17PHOPR5235       45.39%    passed     94.45%
  60  Q8CUP1OCEIH7243       43.97%    failed      4.63%
  61  Q9RLP6MYCSM55865847   38.06%    passed     53.67%
  62  Q740V0MYCPA36283890   37.83%    failed      4.17%
  63  Q10896MYCTU21122372   38.30%    passed     16.57%
  64  Q50631MYCTU7731035    37.83%    passed     13.87%
  65  Q6RKB19NOCA7831045    37.83%    passed      6.54%
  66  Q9P3Y3PICFA9841234    40.66%    passed     24.08%
  67  LYS2CANAL9761226      40.66%    passed     51.98%
  68  LYS2ASHGO9721223      40.43%    passed     70.27%
  69  LYS2CANGA9581209      40.43%    passed      8.04%
  70  Q6CVV0KLULA9681219    40.43%    passed      7.77%
  71  LYS2YEAST9751226      40.43%    passed     34.67%
  72  Q6C6T5YARLI10021250   41.13%    passed     60.81%
  73  LYS2SCHPO10091257     41.13%    failed      2.92%
  74  LYS2PENCH9931242      40.90%    passed     71.20%
  75  Q9P3Q7NEUCR7571007    40.66%    passed     10.13%
  76  Q9HDP9CEPAC7821027    41.84%    failed      1.76%
  77  Q6SV64CRYNE9591208    40.90%    passed     15.89%
  78  Q9K3G7STRCO34256      47.28%    failed      3.25%
  79  Q9EX54STRCO17962033   43.74%    failed      0.67%
  80  Q93TX2STIAU11531387   44.44%    passed     37.14%
  81  Q84BC79NOSO44414678   43.74%    passed     77.72%
  82  Q70LM4BACBR47204957   43.74%    passed     85.41%
  83  HETMANASP139375       43.97%    passed     69.80%
  84  Q8YTS2ANASP650886     43.97%    passed      9.10%
  85  Q50858MYXXA22262462   43.97%    passed     20.29%
  86  Q873Z1LEPMC655897     42.55%    passed     90.95%
  87  Q8U9Q1AGRT511481384   43.97%    passed      6.26%
  88  Q9F636STIAU10971331   44.44%    failed      0.02%
  89  Q93H11STRAW10661300   44.44%    failed      0.00%
  90  Q73UT2MYCPA746983     43.74%    passed     30.14%
  91  Q6RKE1COCHE21902419   45.63%    passed      9.02%
  92  Q6ZX14MAGGR37193946   46.10%    failed      3.62%
  93  Q6RKJ7BOTCI35933823   45.39%    failed      0.09%
  94  O96554CRYPV75207769   40.90%    passed      9.45%
  95  Q7NQ47CHRVO15255      43.03%    passed     86.44%
  96  Q9HWV0PSEAE623866     42.32%    failed      0.59%
  97  YQ52SCHPO649858       50.35%    passed     59.25%
  98  Q87U57PSESM7961032    43.97%    passed     36.82%
  99  Q8DTJ8STRMU11021341   43.26%    failed      0.00%
 100  Q81IG5BACCR634871     43.74%    passed     40.96%
 101  Q86AE3DICDI25572804   41.37%    failed      0.00%
 102  Q96W98CANAL10226      48.70%    passed     44.49%
 103  Q7UK53RHOBA9217       50.59%    passed      8.12%
 104  Q6HGN4BACHK6239       44.68%    failed      4.56%
 105  Q8RL47PSEFL6256       40.66%    failed      1.62%
WARNING: 3 sequences contain more than 50% gaps/ambiguity
****  TOTAL                 39.10%  22 sequences failed composition chi2 test (p-value<5%; df=19)

Create initial parsimony tree by phylogenetic likelihood library (PLL)... 0.040 seconds

NOTE: 26 MB RAM (0 GB) is required!
Estimate model parameters (epsilon = 0.100)
Thoroughly optimizing +I+G parameters from 10 start values...
Init pinv, alpha: 0.000, 1.000 / Estimate: 0.008, 1.315 / LogL: -45694.916
Init pinv, alpha: 0.022, 1.000 / Estimate: 0.009, 1.316 / LogL: -45694.914
Init pinv, alpha: 0.043, 1.000 / Estimate: 0.009, 1.317 / LogL: -45694.914
Init pinv, alpha: 0.065, 1.000 / Estimate: 0.009, 1.316 / LogL: -45694.913
Init pinv, alpha: 0.086, 1.000 / Estimate: 0.009, 1.317 / LogL: -45694.914
Init pinv, alpha: 0.108, 1.000 / Estimate: 0.009, 1.317 / LogL: -45694.914
Init pinv, alpha: 0.129, 1.000 / Estimate: 0.009, 1.317 / LogL: -45694.914
Init pinv, alpha: 0.151, 1.000 / Estimate: 0.009, 1.317 / LogL: -45694.914
Init pinv, alpha: 0.172, 1.000 / Estimate: 0.009, 1.316 / LogL: -45694.915
Init pinv, alpha: 0.194, 1.000 / Estimate: 0.009, 1.317 / LogL: -45694.915
Optimal pinv,alpha: 0.009, 1.316 / LogL: -45694.913

Parameters optimization took 3.523 sec
Computing ML distances based on estimated model parameters... 4.948 sec
Computing BIONJ tree...
0.008 seconds
Log-likelihood of BIONJ tree: -45622.886
--------------------------------------------------------------------
|             INITIALIZING CANDIDATE TREE SET                      |
--------------------------------------------------------------------
Generating 98 parsimony trees... 4.229 second
Computing log-likelihood of 98 initial trees ... 5.147 seconds
Current best score: -45622.886

Do NNI search on 20 best initial trees
Estimate model parameters (epsilon = 0.100)
BETTER TREE FOUND at iteration 1: -45504.749
Estimate model parameters (epsilon = 0.100)
BETTER TREE FOUND at iteration 3: -45500.212
Iteration 10 / LogL: -45522.377 / Time: 0h:0m:20s
Iteration 20 / LogL: -45550.094 / Time: 0h:0m:27s
Finish initializing candidate tree set (20)
Current best tree score: -45500.212 / CPU time: 22.570
Number of iterations: 20
--------------------------------------------------------------------
|               OPTIMIZING CANDIDATE TREE SET                      |
--------------------------------------------------------------------
Estimate model parameters (epsilon = 0.100)
BETTER TREE FOUND at iteration 23: -45499.935
Estimate model parameters (epsilon = 0.100)
BETTER TREE FOUND at iteration 24: -45495.038
Estimate model parameters (epsilon = 0.100)
BETTER TREE FOUND at iteration 27: -45494.112
Estimate model parameters (epsilon = 0.100)
BETTER TREE FOUND at iteration 28: -45489.043
Iteration 30 / LogL: -45507.414 / Time: 0h:0m:33s (0h:1m:52s left)
Estimate model parameters (epsilon = 0.100)
BETTER TREE FOUND at iteration 31: -45487.717
Estimate model parameters (epsilon = 0.100)
BETTER TREE FOUND at iteration 34: -45486.420
Estimate model parameters (epsilon = 0.100)
BETTER TREE FOUND at iteration 39: -45484.427
Iteration 40 / LogL: -45488.281 / Time: 0h:0m:39s (0h:1m:39s left)
Estimate model parameters (epsilon = 0.100)
BETTER TREE FOUND at iteration 49: -45481.793
Iteration 50 / LogL: -45487.134 / Time: 0h:0m:44s (0h:1m:30s left)
Iteration 60 / LogL: -45482.996 / Time: 0h:0m:49s (0h:1m:15s left)
Estimate model parameters (epsilon = 0.100)
BETTER TREE FOUND at iteration 66: -45481.522
Estimate model parameters (epsilon = 0.100)
BETTER TREE FOUND at iteration 67: -45478.370
Iteration 70 / LogL: -45484.295 / Time: 0h:0m:55s (0h:1m:17s left)
Iteration 80 / LogL: -45485.905 / Time: 0h:1m:0s (0h:1m:7s left)
Iteration 90 / LogL: -45483.175 / Time: 0h:1m:6s (0h:0m:57s left)
Estimate model parameters (epsilon = 0.100)
BETTER TREE FOUND at iteration 93: -45476.668
Iteration 100 / LogL: -45477.342 / Time: 0h:1m:11s (0h:1m:7s left)
Iteration 110 / LogL: -45476.819 / Time: 0h:1m:17s (0h:0m:58s left)
Iteration 120 / LogL: -45518.810 / Time: 0h:1m:22s (0h:0m:50s left)
Iteration 130 / LogL: -45479.594 / Time: 0h:1m:27s (0h:0m:42s left)
Iteration 140 / LogL: -45479.393 / Time: 0h:1m:33s (0h:0m:35s left)
Iteration 150 / LogL: -45484.356 / Time: 0h:1m:38s (0h:0m:28s left)
Estimate model parameters (epsilon = 0.100)
UPDATE BEST LOG-LIKELIHOOD: -45476.610
Iteration 160 / LogL: -45476.676 / Time: 0h:1m:43s (0h:0m:21s left)
Iteration 170 / LogL: -45480.217 / Time: 0h:1m:49s (0h:0m:14s left)
Iteration 180 / LogL: -45479.189 / Time: 0h:1m:55s (0h:0m:8s left)
Iteration 190 / LogL: -45481.552 / Time: 0h:2m:0s (0h:0m:1s left)
TREE SEARCH COMPLETED AFTER 194 ITERATIONS / Time: 0h:2m:2s

--------------------------------------------------------------------
|                    FINALIZING TREE SEARCH                        |
--------------------------------------------------------------------
Performs final model parameters optimization
Estimate model parameters (epsilon = 0.010)
1. Initial log-likelihood: -45476.610
Optimal log-likelihood: -45476.609
Proportion of invariable sites: 0.009
Gamma shape alpha: 1.440
Parameters optimization took 1 rounds (0.062 sec)
BEST SCORE FOUND : -45476.609
Total tree length: 75.503

Total number of iterations: 194
CPU time used for tree search: 914.930 sec (0h:15m:14s)
Wall-clock time used for tree search: 118.245 sec (0h:1m:58s)
Total CPU time used: 950.621 sec (0h:15m:50s)
Total wall-clock time used: 122.767 sec (0h:2m:2s)

Analysis results written to: 
  IQ-TREE report:                /csm_data/spielman_lab/dms_modelselection/pandit_aa_alignments/PF07993.fasta.iqtree
  Maximum-likelihood tree:       /csm_data/spielman_lab/dms_modelselection/pandit_aa_alignments/PF07993.fasta.treefile
  Likelihood distances:          /csm_data/spielman_lab/dms_modelselection/pandit_aa_alignments/PF07993.fasta.mldist
  Screen log file:               /csm_data/spielman_lab/dms_modelselection/pandit_aa_alignments/PF07993.fasta.log

Date and Time: Sun Apr 14 23:52:00 2019
