IQ-TREE multicore version 1.6.7 for Linux 64-bit built Aug 23 2018
Developed by Bui Quang Minh, Nguyen Lam Tung, Olga Chernomor,
Heiko Schmidt, Dominik Schrempf, Michael Woodhams.

Host:    csm-com-001 (AVX2, FMA3, 62 GB RAM)
Command: iqtree -nt 8 -m mtInv+F+G4 -s /csm_data/spielman_lab/dms_modelselection//simulations/alignments/Gal4_spiralia_rep12_AA.fasta -st AA
Seed:    309586 (Using SPRNG - Scalable Parallel Random Number Generator)
Time:    Tue Apr 16 14:01:04 2019
Kernel:  AVX+FMA - 8 threads (48 CPU cores detected)

Reading alignment file /csm_data/spielman_lab/dms_modelselection//simulations/alignments/Gal4_spiralia_rep12_AA.fasta ... Fasta format detected
Alignment most likely contains protein sequences
Alignment has 103 sequences with 64 columns, 64 distinct patterns
55 parsimony-informative, 6 singleton sites, 3 constant sites
                                Gap/Ambiguity  Composition  p-value
   1  Adineta_vaga                      0.00%    passed     99.93%
   2  Rotaria_rotatoria                 0.00%    passed     99.98%
   3  Lepadella_patella                 0.00%    passed     99.95%
   4  Brachionus_plicatilis             0.00%    passed     99.90%
   5  Brachionus_manjavacas             0.00%    passed     99.90%
   6  Rhabdopleura_compacta             0.00%    passed    100.00%
   7  Ptychodera_flava                  0.00%    passed     99.95%
   8  SchizocardiumCalif_cl             0.00%    passed     99.98%
   9  Sackow                            0.00%    passed     99.98%
  10  Patmin                            0.00%    passed     99.99%
  11  Parastichopus_parvimensis         0.00%    passed    100.00%
  12  Strpur                            0.00%    passed    100.00%
  13  Florometra_serratissima           0.00%    passed    100.00%
  14  Calmil                            0.00%    passed     99.93%
  15  HUMAN                             0.00%    passed     99.94%
  16  LATCH                             0.00%    passed     99.83%
  17  LEPOC                             0.00%    passed     99.97%
  18  Petromyzon_marins                 0.00%    passed    100.00%
  19  Halocynthia_roretzi               0.00%    passed     99.70%
  20  Molgula_tectiformis               0.00%    passed     99.97%
  21  CIOIN                             0.00%    passed     99.95%
  22  Asymmetron_lucayanum              0.00%    passed     99.99%
  23  BraLan                            0.00%    passed     99.99%
  24  Leucoselenia_complicata           0.00%    passed     96.38%
  25  Sycon_ciliatum                    0.00%    passed     91.81%
  26  Oscarella_carmella                0.00%    passed     99.99%
  27  AMPQE                             0.00%    passed    100.00%
  28  Ephidatia_mulleri                 0.00%    passed     97.57%
  29  NEMVE                             0.00%    passed    100.00%
  30  Acropora_digitifera               0.00%    passed     99.99%
  31  Aurelia_aurita                    0.00%    passed     99.37%
  32  Clytia_hemisphaerica              0.00%    passed     99.92%
  33  Isodiametra_pulchra               0.00%    passed     99.83%
  34  Childia_submaculatum              0.00%    passed     99.15%
  35  Diopisthoporus_gymnopharyngeus    0.00%    passed     91.89%
  36  Hofstenia_miamia                  0.00%    passed     77.56%
  37  Meara_stichopi                    0.00%    passed     99.95%
  38  Nemertoderma_westbladi            0.00%    passed     95.51%
  39  Xenoturbella_profunda             0.00%    passed     99.63%
  40  Xenoturbella_bocki                0.00%    passed     99.90%
  41  TRICA                             0.00%    passed     90.89%
  42  DROME                             0.00%    passed     99.98%
  43  Apis_mellifera                    0.00%    passed     89.97%
  44  Daphnia_pulex                     0.00%    passed     99.77%
  45  Eudigraphis_taiwaniensis          0.00%    passed    100.00%
  46  STRMM                             0.00%    passed     99.98%
  47  Mesobuthus_martensii              0.00%    passed     99.22%
  48  Limulus_polyphemus                0.00%    passed     99.80%
  49  Peripatopsis_capensis             0.00%    passed     99.99%
  50  Enoplus_brevis                    0.00%    passed     97.24%
  51  Romanomermis_culicivorax          0.00%    passed     99.28%
  52  Ramazzottius_varieornatus         0.00%    passed     99.98%
  53  Hypsibius_dujardini               0.00%    passed     99.36%
  54  Priapulus_caudatus                0.00%    passed     99.99%
  55  Halicryptus_spinulosus            0.00%    passed     96.93%
  56  Tubiluchus_corallicola            0.00%    passed    100.00%
  57  Lepidodermella_squamata           0.00%    passed     99.98%
  58  Diuronotus_aspetos                0.00%    passed     93.62%
  59  Macrodasys_sp                     0.00%    passed     99.97%
  60  Megadasys_sp                      0.00%    passed     99.92%
  61  Catenulida_sp                     0.00%    failed      3.29%
  62  Stylochoplana_maculata            0.00%    passed     94.09%
  63  Stylochus_ellipticus              0.00%    passed     99.30%
  64  Macrostomum_lignano               0.00%    passed     95.54%
  65  LOTGI                             0.00%    passed     99.89%
  66  Aplysia_californica               0.00%    passed    100.00%
  67  CRAGI                             0.00%    passed    100.00%
  68  Leptochiton_rugatus               0.00%    passed     99.97%
  69  Neomenia_megatrapezata            0.00%    passed     99.99%
  70  CAPI1                             0.00%    passed     99.99%
  71  Lumbricus_terrestris              0.00%    passed    100.00%
  72  Nephtys_caeca                     0.00%    passed     99.99%
  73  Owenia_fusiformis                 0.00%    passed     99.99%
  74  Lineus_longissimus                0.00%    passed    100.00%
  75  Paranemertes_peregrina            0.00%    passed     99.61%
  76  Malacobdella_grossa               0.00%    passed     99.86%
  77  Tubulanus_polymorphus             0.00%    passed    100.00%
  78  Cephalothrix_linearis             0.00%    passed    100.00%
  79  Hemithiris_psittacea              0.00%    passed     99.89%
  80  Terebratalia_transversa           0.00%    passed    100.00%
  81  Glottidia_pyramidata              0.00%    passed    100.00%
  82  Linana                            0.00%    passed    100.00%
  83  Phoronopsis_harmeri               0.00%    passed    100.00%
  84  Phoronis_vancouverensis           0.00%    passed     98.26%
  85  Phoronis_psammophila              0.00%    passed     98.14%
  86  Membranipora_membranacea          0.00%    passed     99.96%
  87  Bugula_neritina                   0.00%    passed     99.98%
  88  Loxosoma_pectinaricola            0.00%    passed    100.00%
  89  Barentsia_gracilis                0.00%    passed    100.00%
  90  Sagitta_gazellae                  0.00%    passed     99.99%
  91  Sagitta_setosa                    0.00%    passed    100.00%
  92  Pterosagitta_draco                0.00%    passed     99.95%
  93  Sagitta_elegans                   0.00%    passed     99.99%
  94  Sagitta_serratodentata            0.00%    passed     93.22%
  95  Sagitta_hexaptera                 0.00%    passed     99.98%
  96  Krohnitta_sp                      0.00%    passed     99.92%
  97  Paraspadella_ovovivipara          0.00%    passed     99.95%
  98  Pargo1                            0.00%    passed    100.00%
  99  Spadella_cephaloptera             0.00%    passed    100.00%
 100  Eukrohnia_hamata                  0.00%    passed    100.00%
 101  Gnathostomula_paradoxa            0.00%    passed     98.93%
 102  Austrognathia_sp                  0.00%    passed     99.92%
 103  Limnognathia_maerski              0.00%    passed     97.59%
****  TOTAL                             0.00%  1 sequences failed composition chi2 test (p-value<5%; df=19)
NOTE: Brachionus_manjavacas is identical to Brachionus_plicatilis but kept for subsequent analysis

Create initial parsimony tree by phylogenetic likelihood library (PLL)... 0.012 seconds

NOTE: 5 MB RAM (0 GB) is required!
WARNING: Number of threads seems too high for short alignments. Use -nt AUTO to determine best number of threads.
Estimate model parameters (epsilon = 0.100)
1. Initial log-likelihood: -3394.515
2. Current log-likelihood: -3346.556
Optimal log-likelihood: -3346.550
Gamma shape alpha: 1.033
Parameters optimization took 2 rounds (0.075 sec)
Computing ML distances based on estimated model parameters... 3.242 sec
Computing BIONJ tree...
0.009 seconds
Log-likelihood of BIONJ tree: -3287.077
--------------------------------------------------------------------
|             INITIALIZING CANDIDATE TREE SET                      |
--------------------------------------------------------------------
Generating 98 parsimony trees... 1.479 second
Computing log-likelihood of 98 initial trees ... 2.714 seconds
Current best score: -3287.077

Do NNI search on 20 best initial trees
Estimate model parameters (epsilon = 0.100)
BETTER TREE FOUND at iteration 1: -3265.907
Iteration 10 / LogL: -3306.829 / Time: 0h:0m:7s
Iteration 20 / LogL: -3311.104 / Time: 0h:0m:10s
Finish initializing candidate tree set (20)
Current best tree score: -3265.907 / CPU time: 9.426
Number of iterations: 20
--------------------------------------------------------------------
|               OPTIMIZING CANDIDATE TREE SET                      |
--------------------------------------------------------------------
Estimate model parameters (epsilon = 0.100)
BETTER TREE FOUND at iteration 25: -3258.682
Estimate model parameters (epsilon = 0.100)
BETTER TREE FOUND at iteration 26: -3257.100
Estimate model parameters (epsilon = 0.100)
BETTER TREE FOUND at iteration 30: -3255.884
Iteration 30 / LogL: -3255.884 / Time: 0h:0m:13s (0h:0m:47s left)
Estimate model parameters (epsilon = 0.100)
BETTER TREE FOUND at iteration 34: -3255.377
Estimate model parameters (epsilon = 0.100)
BETTER TREE FOUND at iteration 39: -3253.073
Iteration 40 / LogL: -3254.181 / Time: 0h:0m:17s (0h:0m:44s left)
Estimate model parameters (epsilon = 0.100)
BETTER TREE FOUND at iteration 45: -3251.776
Estimate model parameters (epsilon = 0.100)
BETTER TREE FOUND at iteration 48: -3251.246
Iteration 50 / LogL: -3253.095 / Time: 0h:0m:21s (0h:0m:42s left)
Estimate model parameters (epsilon = 0.100)
BETTER TREE FOUND at iteration 51: -3250.793
Iteration 60 / LogL: -3252.207 / Time: 0h:0m:25s (0h:0m:38s left)
Iteration 70 / LogL: -3259.774 / Time: 0h:0m:28s (0h:0m:33s left)
Iteration 80 / LogL: -3254.043 / Time: 0h:0m:32s (0h:0m:29s left)
Iteration 90 / LogL: -3255.970 / Time: 0h:0m:35s (0h:0m:24s left)
Iteration 100 / LogL: -3263.506 / Time: 0h:0m:39s (0h:0m:20s left)
Iteration 110 / LogL: -3257.716 / Time: 0h:0m:43s (0h:0m:16s left)
BETTER TREE FOUND at iteration 114: -3250.793
Iteration 120 / LogL: -3256.283 / Time: 0h:0m:46s (0h:0m:36s left)
Estimate model parameters (epsilon = 0.100)
BETTER TREE FOUND at iteration 127: -3250.505
Iteration 130 / LogL: -3264.848 / Time: 0h:0m:50s (0h:0m:37s left)
Iteration 140 / LogL: -3256.707 / Time: 0h:0m:53s (0h:0m:33s left)
Iteration 150 / LogL: -3254.451 / Time: 0h:0m:57s (0h:0m:29s left)
BETTER TREE FOUND at iteration 153: -3250.505
Iteration 160 / LogL: -3251.817 / Time: 0h:1m:1s (0h:0m:35s left)
BETTER TREE FOUND at iteration 166: -3250.505
Iteration 170 / LogL: -3252.055 / Time: 0h:1m:4s (0h:0m:36s left)
Estimate model parameters (epsilon = 0.100)
BETTER TREE FOUND at iteration 180: -3249.453
Iteration 180 / LogL: -3249.453 / Time: 0h:1m:7s (0h:0m:37s left)
Estimate model parameters (epsilon = 0.100)
BETTER TREE FOUND at iteration 182: -3247.463
Iteration 190 / LogL: -3258.213 / Time: 0h:1m:11s (0h:0m:34s left)
Estimate model parameters (epsilon = 0.100)
BETTER TREE FOUND at iteration 200: -3247.307
Iteration 200 / LogL: -3247.307 / Time: 0h:1m:15s (0h:0m:37s left)
BETTER TREE FOUND at iteration 209: -3247.301
Iteration 210 / LogL: -3249.833 / Time: 0h:1m:19s (0h:0m:37s left)
Iteration 220 / LogL: -3248.071 / Time: 0h:1m:22s (0h:0m:33s left)
Iteration 230 / LogL: -3281.943 / Time: 0h:1m:26s (0h:0m:29s left)
Estimate model parameters (epsilon = 0.100)
BETTER TREE FOUND at iteration 235: -3246.249
Iteration 240 / LogL: -3252.679 / Time: 0h:1m:30s (0h:0m:36s left)
Iteration 250 / LogL: -3273.898 / Time: 0h:1m:34s (0h:0m:32s left)
Iteration 260 / LogL: -3278.168 / Time: 0h:1m:38s (0h:0m:28s left)
Iteration 270 / LogL: -3278.663 / Time: 0h:1m:41s (0h:0m:24s left)
Iteration 280 / LogL: -3246.406 / Time: 0h:1m:45s (0h:0m:20s left)
BETTER TREE FOUND at iteration 283: -3246.249
Iteration 290 / LogL: -3288.724 / Time: 0h:1m:49s (0h:0m:35s left)
BETTER TREE FOUND at iteration 298: -3246.249
Iteration 300 / LogL: -3252.579 / Time: 0h:1m:52s (0h:0m:36s left)
Iteration 310 / LogL: -3293.166 / Time: 0h:1m:56s (0h:0m:33s left)
Iteration 320 / LogL: -3249.545 / Time: 0h:2m:0s (0h:0m:29s left)
Iteration 330 / LogL: -3246.257 / Time: 0h:2m:4s (0h:0m:25s left)
Iteration 340 / LogL: -3246.249 / Time: 0h:2m:8s (0h:0m:21s left)
Iteration 350 / LogL: -3262.509 / Time: 0h:2m:11s (0h:0m:18s left)
Iteration 360 / LogL: -3248.025 / Time: 0h:2m:15s (0h:0m:14s left)
Iteration 370 / LogL: -3249.072 / Time: 0h:2m:19s (0h:0m:10s left)
Iteration 380 / LogL: -3246.249 / Time: 0h:2m:23s (0h:0m:6s left)
Iteration 390 / LogL: -3253.346 / Time: 0h:2m:27s (0h:0m:3s left)
TREE SEARCH COMPLETED AFTER 399 ITERATIONS / Time: 0h:2m:30s

--------------------------------------------------------------------
|                    FINALIZING TREE SEARCH                        |
--------------------------------------------------------------------
Performs final model parameters optimization
Estimate model parameters (epsilon = 0.010)
1. Initial log-likelihood: -3246.249
Optimal log-likelihood: -3246.249
Gamma shape alpha: 0.970
Parameters optimization took 1 rounds (0.022 sec)
BEST SCORE FOUND : -3246.249
Total tree length: 9.825

Total number of iterations: 399
CPU time used for tree search: 1188.730 sec (0h:19m:48s)
Wall-clock time used for tree search: 150.325 sec (0h:2m:30s)
Total CPU time used: 1193.596 sec (0h:19m:53s)
Total wall-clock time used: 150.955 sec (0h:2m:30s)

Analysis results written to: 
  IQ-TREE report:                /csm_data/spielman_lab/dms_modelselection//simulations/alignments/Gal4_spiralia_rep12_AA.fasta.iqtree
  Maximum-likelihood tree:       /csm_data/spielman_lab/dms_modelselection//simulations/alignments/Gal4_spiralia_rep12_AA.fasta.treefile
  Likelihood distances:          /csm_data/spielman_lab/dms_modelselection//simulations/alignments/Gal4_spiralia_rep12_AA.fasta.mldist
  Screen log file:               /csm_data/spielman_lab/dms_modelselection//simulations/alignments/Gal4_spiralia_rep12_AA.fasta.log

Date and Time: Tue Apr 16 14:03:35 2019
