IQ-TREE multicore version 1.6.7 for Linux 64-bit built Aug 23 2018
Developed by Bui Quang Minh, Nguyen Lam Tung, Olga Chernomor,
Heiko Schmidt, Dominik Schrempf, Michael Woodhams.

Host:    csm-com-004 (AVX2, FMA3, 62 GB RAM)
Command: iqtree -nt 8 -m mtREV+I+G4 -s /csm_data/spielman_lab/dms_modelselection//simulations/alignments/LAC_salichos_rep18_AA.fasta -st AA -te simulations/true_trees/salichos.tree
Seed:    737586 (Using SPRNG - Scalable Parallel Random Number Generator)
Time:    Tue Apr 16 21:18:26 2019
Kernel:  AVX+FMA - 8 threads (48 CPU cores detected)

Reading alignment file /csm_data/spielman_lab/dms_modelselection//simulations/alignments/LAC_salichos_rep18_AA.fasta ... Fasta format detected
Alignment most likely contains protein sequences
Alignment has 23 sequences with 262 columns, 250 distinct patterns
220 parsimony-informative, 19 singleton sites, 23 constant sites
      Gap/Ambiguity  Composition  p-value
   1  Agos    0.00%    passed     14.97%
   2  Klac    0.00%    passed     78.20%
   3  Calb    0.00%    passed     98.17%
   4  Cdub    0.00%    passed     78.57%
   5  Ctro    0.00%    passed     72.40%
   6  Cpar    0.00%    passed     31.85%
   7  Lelo    0.00%    passed     94.18%
   8  Psti    0.00%    passed     97.28%
   9  Cgui    0.00%    passed     82.08%
  10  Dhan    0.00%    passed     89.26%
  11  Clus    0.00%    passed     78.15%
  12  Cgla    0.00%    passed     99.96%
  13  Sbay    0.00%    passed     83.44%
  14  Scer    0.00%    passed     99.94%
  15  Spar    0.00%    passed     99.91%
  16  Smik    0.00%    passed     99.92%
  17  Skud    0.00%    passed     89.46%
  18  Scas    0.00%    passed     99.83%
  19  Kpol    0.00%    passed     82.68%
  20  Zrou    0.00%    passed     96.84%
  21  Kthe    0.00%    passed     98.23%
  22  Kwal    0.00%    passed     98.74%
  23  Sklu    0.00%    passed     98.36%
****  TOTAL    0.00%  0 sequences failed composition chi2 test (p-value<5%; df=19)
Reading input tree file simulations/true_trees/salichos.tree ...

NOTE: 3 MB RAM (0 GB) is required!
Estimate model parameters (epsilon = 0.010)
Thoroughly optimizing +I+G parameters from 10 start values...
Init pinv, alpha: 0.000, 1.000 / Estimate: 0.000, 1.052 / LogL: -9421.079
Init pinv, alpha: 0.010, 1.000 / Estimate: 0.046, 1.305 / LogL: -9416.310
Init pinv, alpha: 0.020, 1.000 / Estimate: 0.046, 1.306 / LogL: -9416.310
Init pinv, alpha: 0.029, 1.000 / Estimate: 0.046, 1.306 / LogL: -9416.310
Init pinv, alpha: 0.039, 1.000 / Estimate: 0.046, 1.306 / LogL: -9416.310
Init pinv, alpha: 0.049, 1.000 / Estimate: 0.046, 1.306 / LogL: -9416.311
Init pinv, alpha: 0.059, 1.000 / Estimate: 0.047, 1.308 / LogL: -9416.310
Init pinv, alpha: 0.068, 1.000 / Estimate: 0.047, 1.309 / LogL: -9416.309
Init pinv, alpha: 0.078, 1.000 / Estimate: 0.047, 1.311 / LogL: -9416.309
Init pinv, alpha: 0.088, 1.000 / Estimate: 0.047, 1.312 / LogL: -9416.310
Optimal pinv,alpha: 0.047, 1.309 / LogL: -9416.309

Parameters optimization took 0.673 sec
BEST SCORE FOUND : -9416.309
Total tree length: 15.936

Total number of iterations: 0
CPU time used for tree search: 0.000 sec (0h:0m:0s)
Wall-clock time used for tree search: 0.000 sec (0h:0m:0s)
Total CPU time used: 5.365 sec (0h:0m:5s)
Total wall-clock time used: 0.683 sec (0h:0m:0s)

Analysis results written to: 
  IQ-TREE report:                /csm_data/spielman_lab/dms_modelselection//simulations/alignments/LAC_salichos_rep18_AA.fasta.iqtree
  Maximum-likelihood tree:       /csm_data/spielman_lab/dms_modelselection//simulations/alignments/LAC_salichos_rep18_AA.fasta.treefile
  Screen log file:               /csm_data/spielman_lab/dms_modelselection//simulations/alignments/LAC_salichos_rep18_AA.fasta.log

Date and Time: Tue Apr 16 21:18:27 2019
