IQ-TREE multicore version 1.6.9 for Linux 64-bit built Dec 20 2018
Developed by Bui Quang Minh, Nguyen Lam Tung, Olga Chernomor,
Heiko Schmidt, Dominik Schrempf, Michael Woodhams.

Host:    spielmanlab (AVX512, FMA3, 125 GB RAM)
Command: iqtree -nt 4 -m GTR20 -s /home/spielman/dms_modelselection//simulations/alignments/LAC_spiralia_rep1_AA.fasta -st AA -quiet
Seed:    634768 (Using SPRNG - Scalable Parallel Random Number Generator)
Time:    Thu Jun  6 15:55:42 2019
Kernel:  AVX+FMA - 4 threads (24 CPU cores detected)

Reading alignment file /home/spielman/dms_modelselection//simulations/alignments/LAC_spiralia_rep1_AA.fasta ... Fasta format detected
Alignment most likely contains protein sequences
Alignment has 103 sequences with 262 columns, 253 distinct patterns
226 parsimony-informative, 15 singleton sites, 21 constant sites
                                Gap/Ambiguity  Composition  p-value
   1  Adineta_vaga                      0.00%    passed     99.81%
   2  Rotaria_rotatoria                 0.00%    passed     91.70%
   3  Lepadella_patella                 0.00%    passed     99.95%
   4  Brachionus_plicatilis             0.00%    passed     97.93%
   5  Brachionus_manjavacas             0.00%    passed     99.60%
   6  Rhabdopleura_compacta             0.00%    passed    100.00%
   7  Ptychodera_flava                  0.00%    passed    100.00%
   8  SchizocardiumCalif_cl             0.00%    passed     99.99%
   9  Sackow                            0.00%    passed    100.00%
  10  Patmin                            0.00%    passed     99.96%
  11  Parastichopus_parvimensis         0.00%    passed     94.23%
  12  Strpur                            0.00%    passed     99.99%
  13  Florometra_serratissima           0.00%    passed     99.60%
  14  Calmil                            0.00%    passed    100.00%
  15  HUMAN                             0.00%    passed     99.99%
  16  LATCH                             0.00%    passed     99.55%
  17  LEPOC                             0.00%    passed     99.32%
  18  Petromyzon_marins                 0.00%    passed     99.99%
  19  Halocynthia_roretzi               0.00%    passed     95.84%
  20  Molgula_tectiformis               0.00%    passed     99.99%
  21  CIOIN                             0.00%    passed     99.98%
  22  Asymmetron_lucayanum              0.00%    passed     99.99%
  23  BraLan                            0.00%    passed     99.99%
  24  Leucoselenia_complicata           0.00%    passed     99.41%
  25  Sycon_ciliatum                    0.00%    passed     99.68%
  26  Oscarella_carmella                0.00%    passed     86.30%
  27  AMPQE                             0.00%    passed     90.21%
  28  Ephidatia_mulleri                 0.00%    passed     99.52%
  29  NEMVE                             0.00%    passed     99.23%
  30  Acropora_digitifera               0.00%    passed     99.98%
  31  Aurelia_aurita                    0.00%    passed     92.50%
  32  Clytia_hemisphaerica              0.00%    passed     99.89%
  33  Isodiametra_pulchra               0.00%    passed     99.85%
  34  Childia_submaculatum              0.00%    passed     88.44%
  35  Diopisthoporus_gymnopharyngeus    0.00%    passed     99.94%
  36  Hofstenia_miamia                  0.00%    passed     99.64%
  37  Meara_stichopi                    0.00%    passed     99.99%
  38  Nemertoderma_westbladi            0.00%    passed    100.00%
  39  Xenoturbella_profunda             0.00%    passed     99.39%
  40  Xenoturbella_bocki                0.00%    passed     99.90%
  41  TRICA                             0.00%    passed     99.98%
  42  DROME                             0.00%    passed     99.92%
  43  Apis_mellifera                    0.00%    passed     99.94%
  44  Daphnia_pulex                     0.00%    passed     99.96%
  45  Eudigraphis_taiwaniensis          0.00%    passed     99.46%
  46  STRMM                             0.00%    passed     97.70%
  47  Mesobuthus_martensii              0.00%    passed    100.00%
  48  Limulus_polyphemus                0.00%    passed     99.98%
  49  Peripatopsis_capensis             0.00%    passed    100.00%
  50  Enoplus_brevis                    0.00%    passed     99.93%
  51  Romanomermis_culicivorax          0.00%    passed     99.76%
  52  Ramazzottius_varieornatus         0.00%    passed     92.28%
  53  Hypsibius_dujardini               0.00%    passed     97.03%
  54  Priapulus_caudatus                0.00%    passed    100.00%
  55  Halicryptus_spinulosus            0.00%    passed    100.00%
  56  Tubiluchus_corallicola            0.00%    passed    100.00%
  57  Lepidodermella_squamata           0.00%    passed     99.57%
  58  Diuronotus_aspetos                0.00%    passed     87.48%
  59  Macrodasys_sp                     0.00%    passed     99.32%
  60  Megadasys_sp                      0.00%    passed     97.56%
  61  Catenulida_sp                     0.00%    passed     94.71%
  62  Stylochoplana_maculata            0.00%    passed     99.59%
  63  Stylochus_ellipticus              0.00%    passed     97.85%
  64  Macrostomum_lignano               0.00%    passed     95.68%
  65  LOTGI                             0.00%    passed    100.00%
  66  Aplysia_californica               0.00%    passed     99.39%
  67  CRAGI                             0.00%    passed     99.99%
  68  Leptochiton_rugatus               0.00%    passed     99.88%
  69  Neomenia_megatrapezata            0.00%    passed     99.36%
  70  CAPI1                             0.00%    passed     99.36%
  71  Lumbricus_terrestris              0.00%    passed     99.92%
  72  Nephtys_caeca                     0.00%    passed     99.99%
  73  Owenia_fusiformis                 0.00%    passed    100.00%
  74  Lineus_longissimus                0.00%    passed    100.00%
  75  Paranemertes_peregrina            0.00%    passed     98.02%
  76  Malacobdella_grossa               0.00%    passed     99.28%
  77  Tubulanus_polymorphus             0.00%    passed    100.00%
  78  Cephalothrix_linearis             0.00%    passed     99.99%
  79  Hemithiris_psittacea              0.00%    passed     99.99%
  80  Terebratalia_transversa           0.00%    passed     99.97%
  81  Glottidia_pyramidata              0.00%    passed     99.83%
  82  Linana                            0.00%    passed     99.86%
  83  Phoronopsis_harmeri               0.00%    passed    100.00%
  84  Phoronis_vancouverensis           0.00%    passed    100.00%
  85  Phoronis_psammophila              0.00%    passed    100.00%
  86  Membranipora_membranacea          0.00%    passed     99.99%
  87  Bugula_neritina                   0.00%    passed    100.00%
  88  Loxosoma_pectinaricola            0.00%    passed     99.96%
  89  Barentsia_gracilis                0.00%    passed    100.00%
  90  Sagitta_gazellae                  0.00%    passed     99.99%
  91  Sagitta_setosa                    0.00%    passed     99.96%
  92  Pterosagitta_draco                0.00%    passed     99.67%
  93  Sagitta_elegans                   0.00%    passed     99.95%
  94  Sagitta_serratodentata            0.00%    passed     99.87%
  95  Sagitta_hexaptera                 0.00%    passed     99.96%
  96  Krohnitta_sp                      0.00%    passed     99.98%
  97  Paraspadella_ovovivipara          0.00%    passed     99.95%
  98  Pargo1                            0.00%    passed     99.99%
  99  Spadella_cephaloptera             0.00%    passed     99.75%
 100  Eukrohnia_hamata                  0.00%    passed     99.95%
 101  Gnathostomula_paradoxa            0.00%    passed     98.46%
 102  Austrognathia_sp                  0.00%    passed     97.53%
 103  Limnognathia_maerski              0.00%    passed     99.87%
****  TOTAL                             0.00%  0 sequences failed composition chi2 test (p-value<5%; df=19)

Create initial parsimony tree by phylogenetic likelihood library (PLL)... 0.037 seconds
WARNING: GTR20 model will estimate 189 substitution rates that might be overfitting!
WARNING: Please only use GTR20 with very large data and always test for model fit!

NOTE: 4 MB RAM (0 GB) is required!
Estimate model parameters (epsilon = 0.100)
1. Initial log-likelihood: -16866.284
2. Current log-likelihood: -15476.725
3. Current log-likelihood: -15381.704
4. Current log-likelihood: -15353.171
5. Current log-likelihood: -15343.701
6. Current log-likelihood: -15342.712
7. Current log-likelihood: -15342.136
8. Current log-likelihood: -15341.495
9. Current log-likelihood: -15340.726
10. Current log-likelihood: -15339.082
11. Current log-likelihood: -15335.781
12. Current log-likelihood: -15335.300
Optimal log-likelihood: -15335.206
Parameters optimization took 12 rounds (21.490 sec)
Computing ML distances based on estimated model parameters... 0.562 sec
Computing BIONJ tree...
0.005 seconds
Log-likelihood of BIONJ tree: -15351.767
--------------------------------------------------------------------
|             INITIALIZING CANDIDATE TREE SET                      |
--------------------------------------------------------------------
Generating 98 parsimony trees... 2.220 second
Computing log-likelihood of 98 initial trees ... 1.623 seconds
Current best score: -15320.401

Do NNI search on 20 best initial trees
Estimate model parameters (epsilon = 0.100)
BETTER TREE FOUND at iteration 1: -15315.805
UPDATE BEST LOG-LIKELIHOOD: -15315.805
UPDATE BEST LOG-LIKELIHOOD: -15315.805
Iteration 10 / LogL: -15315.805 / Time: 0h:0m:31s
UPDATE BEST LOG-LIKELIHOOD: -15315.805
Iteration 20 / LogL: -15315.805 / Time: 0h:0m:32s
Finish initializing candidate tree set (1)
Current best tree score: -15315.805 / CPU time: 10.661
Number of iterations: 20
--------------------------------------------------------------------
|               OPTIMIZING CANDIDATE TREE SET                      |
--------------------------------------------------------------------
UPDATE BEST LOG-LIKELIHOOD: -15315.805
UPDATE BEST LOG-LIKELIHOOD: -15315.805
BETTER TREE FOUND at iteration 23: -15315.805
UPDATE BEST LOG-LIKELIHOOD: -15315.805
Estimate model parameters (epsilon = 0.100)
BETTER TREE FOUND at iteration 26: -15313.325
Iteration 30 / LogL: -15314.359 / Time: 0h:0m:41s (0h:2m:16s left)
Iteration 40 / LogL: -15314.405 / Time: 0h:0m:43s (0h:1m:35s left)
Iteration 50 / LogL: -15314.405 / Time: 0h:0m:44s (0h:1m:9s left)
Iteration 60 / LogL: -15314.405 / Time: 0h:0m:46s (0h:0m:52s left)
Iteration 70 / LogL: -15314.359 / Time: 0h:0m:48s (0h:0m:39s left)
Iteration 80 / LogL: -15313.325 / Time: 0h:0m:49s (0h:0m:29s left)
Iteration 90 / LogL: -15314.359 / Time: 0h:0m:51s (0h:0m:20s left)
Iteration 100 / LogL: -15315.450 / Time: 0h:0m:53s (0h:0m:13s left)
Iteration 110 / LogL: -15313.466 / Time: 0h:0m:54s (0h:0m:8s left)
Iteration 120 / LogL: -15314.498 / Time: 0h:0m:56s (0h:0m:2s left)
TREE SEARCH COMPLETED AFTER 127 ITERATIONS / Time: 0h:0m:57s

--------------------------------------------------------------------
|                    FINALIZING TREE SEARCH                        |
--------------------------------------------------------------------
Performs final model parameters optimization
Estimate model parameters (epsilon = 0.010)
1. Initial log-likelihood: -15313.325
Optimal log-likelihood: -15313.321
Parameters optimization took 1 rounds (0.886 sec)
BEST SCORE FOUND : -15313.321
Total tree length: 10.998

Total number of iterations: 127
CPU time used for tree search: 138.326 sec (0h:2m:18s)
Wall-clock time used for tree search: 36.132 sec (0h:0m:36s)
Total CPU time used: 228.458 sec (0h:3m:48s)
Total wall-clock time used: 58.739 sec (0h:0m:58s)

Analysis results written to: 
  IQ-TREE report:                /home/spielman/dms_modelselection//simulations/alignments/LAC_spiralia_rep1_AA.fasta.iqtree
  Maximum-likelihood tree:       /home/spielman/dms_modelselection//simulations/alignments/LAC_spiralia_rep1_AA.fasta.treefile
  Likelihood distances:          /home/spielman/dms_modelselection//simulations/alignments/LAC_spiralia_rep1_AA.fasta.mldist
  Screen log file:               /home/spielman/dms_modelselection//simulations/alignments/LAC_spiralia_rep1_AA.fasta.log

Date and Time: Thu Jun  6 15:56:41 2019
