IQ-TREE multicore version 1.6.7 for Linux 64-bit built Aug 23 2018
Developed by Bui Quang Minh, Nguyen Lam Tung, Olga Chernomor,
Heiko Schmidt, Dominik Schrempf, Michael Woodhams.

Host:    csm-com-001 (AVX2, FMA3, 62 GB RAM)
Command: iqtree -nt 8 -m FLU+I -s /csm_data/spielman_lab/dms_modelselection//simulations/alignments/LAC_prum_rep14_AA.fasta -st AA
Seed:    214789 (Using SPRNG - Scalable Parallel Random Number Generator)
Time:    Tue Apr 16 18:42:07 2019
Kernel:  AVX+FMA - 8 threads (48 CPU cores detected)

Reading alignment file /csm_data/spielman_lab/dms_modelselection//simulations/alignments/LAC_prum_rep14_AA.fasta ... Fasta format detected
Alignment most likely contains protein sequences
Alignment has 200 sequences with 262 columns, 246 distinct patterns
214 parsimony-informative, 16 singleton sites, 32 constant sites
                                                           Gap/Ambiguity  Composition  p-value
   1  I0268_3790_Accipitridae_Accipiter_superciliosus              0.00%    passed    100.00%
   2  I0185_86_Accipitridae_Buteo_jamaicensis                      0.00%    passed    100.00%
   3  I0186_111_Momotidae_Momotus_lessonii                         0.00%    passed    100.00%
   4  I0194_495_Alcedinidae_Alcedo_quadribrachys                   0.00%    passed     99.91%
   5  I0272_5303_Alcedinidae_Chloroceryle_inda                     0.00%    passed     99.99%
   6  I0234_1994_Todidae_Todus_mexicanus                           0.00%    passed    100.00%
   7  I0199_955_Meropidae_Merops_muelleri                          0.00%    passed    100.00%
   8  I0284_6031_Coraciidae_Coracias_cyanogaster                   0.00%    passed    100.00%
   9  I0364_384759_Brachypteraciidae_Atelornis_pittoides           0.00%    passed    100.00%
  10  I0191_344_Indicatoridae_Indicator_exilis                     0.00%    passed     99.97%
  11  I0213_1334_Picidae_Jynx_torquilla                            0.00%    passed     99.99%
  12  I0259_3344_Picidae_Picus_canus                               0.00%    passed    100.00%
  13  I0195_522_Ramphastidae_Buccanodon_duchaillui                 0.00%    passed    100.00%
  14  I0266_3617_Ramphastidae_Capito_niger                         0.00%    passed    100.00%
  15  I0286_6061_Ramphastidae_Ramphastos_ambiguus                  0.00%    passed    100.00%
  16  I0397_17790_Ramphastidae_Megalaima_chrysopogon               0.00%    passed     97.04%
  17  I0267_3690_Bucconidae_Bucco_capensis                         0.00%    passed    100.00%
  18  I0274_5339_Bucconidae_Chelidoptera_tenebrosa                 0.00%    passed    100.00%
  19  I0273_5315_Galbulidae_Galbula_dea                            0.00%    passed    100.00%
  20  I0198_937_Bucerotidae_Tockus_camurus                         0.00%    passed    100.00%
  21  I2828_3250_Bucerotidae_Bucorvus_leadbeateri                  0.00%    passed    100.00%
  22  I0233_1920_Upupidae_Upupa_epops                              0.00%    passed     99.97%
  23  I0392_15430_Phoeniculidae_Phoeniculus_purpureus              0.00%    passed    100.00%
  24  I0187_115_Trogonidae_Trogon_elegans                          0.00%    passed    100.00%
  25  I0190_295_Trogonidae_Apaloderma_aequatoriale                 0.00%    passed     99.99%
  26  I0367_449184_Leptosomidae_Leptosomus_discolor                0.00%    passed    100.00%
  27  I0410_52764_Coliidae_Colius_colius                           0.00%    passed    100.00%
  28  I0413_67124_Coliidae_Colius_indicus                          0.00%    passed    100.00%
  29  I0208_1208_Strigidae_Strix_varia                             0.00%    passed    100.00%
  30  I0452_88784_Tytonidae_Tyto_alba                              0.00%    passed    100.00%
  31  I0189_225_Eurylaimidae_Smithornis_rufolateralis              0.00%    passed    100.00%
  32  I0459_6323_Eurylaimidae_Calyptomena_viridis                  0.00%    passed    100.00%
  33  I0400_19788_Pittidae_Pitta_angolensis                        0.00%    passed    100.00%
  34  I0387_12368_Eurylaimidae_Eurylaimus_ochromalus               0.00%    passed    100.00%
  35  I0438_345711_Eurylaimidae_Neodrepanis_coruscans              0.00%    passed    100.00%
  36  I0200_988_Furnariidae_Furnarius_rufus                        0.00%    passed    100.00%
  37  I0242_2273_Furnariidae_Lepidocolaptes_angustirostris         0.00%    passed    100.00%
  38  I0223_1586_Furnariidae_Sclerurus_mexicanus                   0.00%    passed    100.00%
  39  I0429_3677_Grallariidae_Myrmothera_campanisona               0.00%    passed    100.00%
  40  I0207_1193_Thamnophilidae_Thamnophilus_ruficapillus          0.00%    passed    100.00%
  41  I0261_3515_Thamnophilidae_Terenura_callinota                 0.00%    passed    100.00%
  42  I0237_2182_Thamnophilidae_Myrmornis_torquata                 0.00%    passed    100.00%
  43  I0377_2841_Melanopareiidae_Melanopareia_maximiliani          0.00%    passed    100.00%
  44  I0203_1087_Tyrannidae_Hymenops_perspicillatus                0.00%    passed    100.00%
  45  I0246_2823_Tyrannidae_Tyrannus_albogularis                   0.00%    passed    100.00%
  46  I0430_5336_Tyrannidae_Elaenia_flavogaster                    0.00%    passed    100.00%
  47  I0205_1183_Tyrannidae_Hirundinea_ferruginea                  0.00%    passed    100.00%
  48  I0227_1698_Tyrannidae_Rhynchocyclus_olivaceus                0.00%    passed    100.00%
  49  I0225_1616_Incertae_sedis_Piprites_chloris                   0.00%    passed    100.00%
  50  I0251_3044_Tityridae_Tityra_cayana                           0.00%    passed    100.00%
  51  I0265_3576_Tityridae_Schiffornis_turdina                     0.00%    passed    100.00%
  52  I0218_1474_Tityridae_Myiobius_barbatus                       0.00%    passed    100.00%
  53  I0262_3562_Oxyruncidae_Oxyruncus_cristatus                   0.00%    passed    100.00%
  54  I0217_1452_Cotingidae_Rupicola_rupicola                      0.00%    passed    100.00%
  55  I0238_2211_Cotingidae_Cotinga_cayana                         0.00%    passed    100.00%
  56  I0228_1712_Pipridae_Neopelma_chrysocephalum                  0.00%    passed    100.00%
  57  I0241_2249_Pipridae_Pipra_erythrocephala                     0.00%    passed    100.00%
  58  I0416_76941_Pipridae_Cryptopipo_holochlora                   0.00%    passed    100.00%
  59  I0197_832_Corvidae_Corvus_albus                              0.00%    passed    100.00%
  60  I0457_6346_Paradisaeidae_Lophorina_superba                   0.00%    passed    100.00%
  61  I0214_1354_Sylviidae_Sylvia_melanocephala                    0.00%    passed    100.00%
  62  I2826_181173_Pycnonotidae_Pycnonotus_macrotis                0.00%    passed    100.00%
  63  I0455_1245_Alaudidae_Calandrella_brachydactyla               0.00%    passed    100.00%
  64  I0456_3321_Paridae_Poecile_lugubris                          0.00%    passed    100.00%
  65  I0215_1370_Regulidae_Regulus_ignicapilla                     0.00%    passed     99.99%
  66  I0222_1568_Turdidae_Turdus_olivater                          0.00%    passed     99.69%
  67  I0232_1837_Fringillidae_Fringilla_coelebs                    0.00%    passed    100.00%
  68  I2825_21896_Emberizidae_Spizella_arborea                     0.00%    passed    100.00%
  69  I0381_6209_Maluridae_Malurus_splendens                       0.00%    passed    100.00%
  70  I0380_6178_Climacteridae_Climacteris_melanura                0.00%    passed     99.95%
  71  I0440_10756_D_Ptilonorhynchidae_Ptilonorhynchus_violaceus    0.00%    passed    100.00%
  72  I2824_12230_Ptilonorhynchidae_Sericulus_bakeri               0.00%    passed    100.00%
  73  I0415_76638_Menuridae_Menura_novaehollandiae                 0.00%    passed    100.00%
  74  I2829_RIFL_Acanthisittidae_Acanthisitta_chloris              0.00%    passed    100.00%
  75  I0240_2217_Psittacidae_Deroptyus_accipitrinus                0.00%    passed    100.00%
  76  I0370_1566_Psittacidae_Psittacus_erithacus                   0.00%    passed    100.00%
  77  I0271_5253_Psittacidae_Psittrichas_fulgidus                  0.00%    passed    100.00%
  78  I0383_8723_Psittacidae_Barnardius_zonarius                   0.00%    passed    100.00%
  79  I0280_5927_Psittacidae_Probosciger_aterrimus                 0.00%    passed    100.00%
  80  I0389_14873_Psittacidae_Nestor_meridionalis                  0.00%    passed    100.00%
  81  I0216_1413_Falconidae_Micrastur_gilvicollis                  0.00%    passed    100.00%
  82  I0236_2079_Falconidae_Falco_sparverius                       0.00%    passed    100.00%
  83  I0248_2938_Falconidae_Caracara_cheriway                      0.00%    passed    100.00%
  84  I0264_3574_Falconidae_Ibycter_americanus                     0.00%    passed    100.00%
  85  I0421_1173_Cariamidae_Cariama_cristata                       0.00%    passed    100.00%
  86  I0454_77230_Cariamidae_Chunga_burmeisteri                    0.00%    passed    100.00%
  87  I0188_135_Apodidae_Streptoprocne_zonaris                     0.00%    passed    100.00%
  88  I0247_2886_Apodidae_Chaetura_brachyura                       0.00%    passed    100.00%
  89  I0388_12571_Hemiprocnidae_Hemiprocne_comata                  0.00%    passed    100.00%
  90  I0219_1489_Trochilidae_Topaza_pella                          0.00%    passed    100.00%
  91  I0220_1514_Trochilidae_Phaethornis_superciliosus             0.00%    passed    100.00%
  92  I0277_5465_Trochilidae_Archilochus_colubris                  0.00%    passed    100.00%
  93  I0394_16098_Aegothelidae_Aegotheles_insignis                 0.00%    passed    100.00%
  94  I0255_3161_Podargidae_Podargus_strigoides                    0.00%    passed    100.00%
  95  I0436_20224_D_Steatornithidae_Steatornis_caripensis          0.00%    passed    100.00%
  96  I0249_2220_Nyctibiidae_Nyctibius_griseus                     0.00%    passed    100.00%
  97  I0244_2276_Caprimulgidae_Chordeiles_pusillus                 0.00%    passed     99.98%
  98  I0258_3336_Caprimulgidae_Caprimulgus_europaeus               0.00%    passed     99.92%
  99  I0399_18174_Caprimulgidae_Eurostopodus_macrotis              0.00%    passed     99.99%
 100  I0224_1607_Cracidae_Crax_alector                             0.00%    passed    100.00%
 101  I0426_2963_Cracidae_Ortalis_motmot                           0.00%    passed    100.00%
 102  I0226_1619_Odontophoridae_Odontophorus_gujanensis            0.00%    passed     99.96%
 103  I0250_2944_Odontophoridae_Colinus_cristatus                  0.00%    passed     99.98%
 104  I0278_5642_Phasianidae_Bonasa_umbellus                       0.00%    passed    100.00%
 105  I0374_2419_Phasianidae_Gallus_gallus                         0.00%    passed     99.98%
 106  I0371_1587_Phasianidae_Rollulus_rouloul                      0.00%    passed    100.00%
 107  I0448_52755_Numididae_Numida_malagris                        0.00%    passed    100.00%
 108  I0256_3178_Megapodiidae_Leipoa_ocellata                      0.00%    passed     99.98%
 109  I0252_3154_Anatidae_Anas_superciliosa                        0.00%    passed     99.87%
 110  I0288_6097_Anatidae_Aythya_valisineria                       0.00%    passed     99.84%
 111  I0285_6059_Anatidae_Anser_canagicus                          0.00%    passed    100.00%
 112  I0257_3236_Anatidae_Oxyura_jamaicensis                       0.00%    passed    100.00%
 113  I0283_6026_Anatidae_Dendrocygna_viduata                      0.00%    passed    100.00%
 114  I0253_3158_Anseranatidae_Anseranas_semipalmata               0.00%    passed    100.00%
 115  I0373_1829_Anhimidae_Chauna_torquata                         0.00%    passed    100.00%
 116  I0229_1748_Tinamidae_Nothoprocta_ornata                      0.00%    passed     94.08%
 117  I0432_5886_Tinamidae_Eudromia_elegans                        0.00%    passed     97.68%
 118  I0230_1770_Tinamidae_Crypturellus_tataupa                    0.00%    passed     99.52%
 119  I0231_1774_Tinamidae_Tinamus_major                           0.00%    passed     99.75%
 120  I0260_3380_Dromaiidae_Dromaius_novaehollandiae               0.00%    passed     98.87%
 121  I0382_6875_Casuariidae_Casuarius_bennetti                    0.00%    passed     98.86%
 122  I0390_14905_Apterygidae_Apteryx_sp                           0.00%    passed     98.00%
 123  I0414_72512_Rheidae_Rhea_americana                           0.00%    passed     98.43%
 124  I0453_90121_Struthionidae_Struthio_camelus                   0.00%    passed     97.96%
 125  I0460_HERP_14722_Crocodylidae_Crocodylus_porosus             0.00%    passed     99.99%
 126  I0461_HERP_15451_Alligatoridae_Caiman_croccodilus            0.00%    passed     99.99%
 127  I0192_375_Musophagidae_Tauraco_macrorhynchus                 0.00%    passed    100.00%
 128  I0196_523_Musophagidae_Corythaeola_cristata                  0.00%    passed    100.00%
 129  I0235_2065_Cuculidae_Coccyzus_melacoryphus                   0.00%    passed     99.98%
 130  I0423_2497_Cuculidae_Cuculus_optatus                         0.00%    passed    100.00%
 131  I0398_17932_Cuculidae_Centropus_bengalensis                  0.00%    passed     99.99%
 132  I0424_2923_Cuculidae_Tapera_naevia                           0.00%    passed     99.99%
 133  I0281_5967_Otididae_Ardeotis_kori                            0.00%    passed    100.00%
 134  I0193_447_Columbidae_Treron_calvus                           0.00%    passed     99.99%
 135  I0434_6298_Columbidae_Ptilinopus_magnificus                  0.00%    passed     99.99%
 136  I0211_1232_Columbidae_Columba_livia                          0.00%    passed    100.00%
 137  I0221_1526_Columbidae_Leptotila_rufaxilla                    0.00%    passed    100.00%
 138  I0243_2275_Columbidae_Columbina_minuta                       0.00%    passed     99.99%
 139  I0363_345610_Mesitornithidae_Mesitornis_unicolor             0.00%    passed    100.00%
 140  I0366_438526_Mesitornithidae_Monias_benschi                  0.00%    passed    100.00%
 141  I0403_20547_Pteroclididae_Syrrhaptes_paradoxus               0.00%    passed    100.00%
 142  I0411_53231_Pteroclididae_Pterocles_bicinctus                0.00%    passed    100.00%
 143  I0263_3569_Psophiidae_Psophia_crepitans                      0.00%    passed    100.00%
 144  I0405_21897_Gruidae_Grus_canadensis                          0.00%    passed    100.00%
 145  I0433_6296_Gruidae_Balearica_regulorum                       0.00%    passed    100.00%
 146  I0419_90368_Aramidae_Aramus_guarauna                         0.00%    passed    100.00%
 147  I0365_384805_Rallidae_Sarothrura_rufa_elizabethae            0.00%    passed    100.00%
 148  I0378_3087_Heliornithidae_Heliornis_fulica                   0.00%    passed    100.00%
 149  I0407_22888_Rallidae_Porphyrio_porphyrio                     0.00%    passed    100.00%
 150  I0425_2961_Rallidae_Micropygia_schomburgkii                  0.00%    passed    100.00%
 151  I0428_3386_Rallidae_Rallus_longirostris                      0.00%    passed    100.00%
 152  I0201_999_Scolopacidae_Tringa_solitaria                      0.00%    passed    100.00%
 153  I0427_3383_Scolopacidae_Arenaria_interpres                   0.00%    passed    100.00%
 154  I0431_5370_Scolopacidae_Limosa_lapponica                     0.00%    passed    100.00%
 155  I0279_5911_Jacanidae_Jacana_jacana                           0.00%    passed    100.00%
 156  I0402_20061_Rostratulidae_Rostratula_benghalensis            0.00%    passed    100.00%
 157  I2827_2685_Pedionomidae_Pedionomus_torquatus                 0.00%    passed     99.99%
 158  I0206_1192_Laridae_Chroicocephalus_cirrocephalus             0.00%    passed    100.00%
 159  I0270_4099_Sternidae_Sterna_hirundo                          0.00%    passed    100.00%
 160  I0393_15950_Rynchopidae_Rhynchops_niger                      0.00%    passed    100.00%
 161  I0408_25293_Alcidae_Uria_aalge                               0.00%    passed    100.00%
 162  I0401_19903_Glareolidae_Glareola_nuchalis                    0.00%    passed    100.00%
 163  I0409_25985_Turnicidae_Turnix_ocellata                       0.00%    passed     98.87%
 164  I0209_1223_Burhinidae_Burhinus_oedicnemus                    0.00%    passed    100.00%
 165  I0212_1289_Charadriidae_Charadrius_hiaticula                 0.00%    passed    100.00%
 166  I0289_6295_Haematopodidae_Haematopus_palliatus               0.00%    passed    100.00%
 167  I0368_21_Recurvirostridae_Recurvirostra_americana            0.00%    passed    100.00%
 168  I0287_6069_Phoenicopteridae_Phoenicopterus_ruber             0.00%    passed    100.00%
 169  I0422_1201_Podicipedidae_Rollandia_rolland                   0.00%    passed    100.00%
 170  I0204_1174_Threskiornithidae_Harpiprion_caerulescens         0.00%    passed    100.00%
 171  I0239_2212_Ardeidae_Tigrisoma_lineatum                       0.00%    passed    100.00%
 172  I0245_2800_Ardeidae_Ardea_herodias                           0.00%    passed    100.00%
 173  I0420_730_Ardeidae_Ixobrychus_minutus                        0.00%    passed    100.00%
 174  I0275_5404_Balaenicipitidae_Balaeniceps_rex                  0.00%    passed    100.00%
 175  I0391_15014_Pelecanidae_Pelecanus_occidentalis               0.00%    passed    100.00%
 176  I0418_89784_Scopidae_Scopus_umbretta                         0.00%    passed    100.00%
 177  I0254_3160_Sulidae_Morus_serrator                            0.00%    passed    100.00%
 178  I0372_1658_Phalacrocoracidae_Phalacrocorax_brasilianus       0.00%    passed    100.00%
 179  I0379_3106_Anhingidae_Anhinga_anhinga                        0.00%    passed    100.00%
 180  I0384_9129_Fregatidae_Fregata_magnificens                    0.00%    passed    100.00%
 181  I0210_1226_Ciconiidae_Ciconia_nigra                          0.00%    passed    100.00%
 182  I0376_2661_Ciconiidae_Leptoptilos_crumeniferus               0.00%    passed    100.00%
 183  I0282_6008_Hydrobatidae_Oceanodroma_leucorhoa                0.00%    passed    100.00%
 184  I0386_10701_Pelecanoididae_Pelecanoides_urinatrix            0.00%    passed    100.00%
 185  I0395_16363_Procellariidae_Pterodroma_externa                0.00%    passed    100.00%
 186  I0406_22550_Procellariidae_Puffinus_griseus                  0.00%    passed    100.00%
 187  I0404_21828_Procellariidae_Fulmarus_glacialoides             0.00%    passed    100.00%
 188  I0362_3175_Hydrobatidae_Oceanites_oceanicus                  0.00%    passed    100.00%
 189  I0412_62853_Hydrobatidae_Pelagodroma_marina                  0.00%    passed    100.00%
 190  I0417_82096_Diomedeidae_Phoebastria_nigripes                 0.00%    passed    100.00%
 191  I0451_85124_Spheniscidae_Spheniscus_humboldti                0.00%    passed    100.00%
 192  I0449_66928_Gaviidae_Gavia_immer                             0.00%    passed    100.00%
 193  I0375_2613_Phaethontidae_Phaethon_rubricauda                 0.00%    passed    100.00%
 194  I0396_16818_Eurypygidae_Eurypyga_helias                      0.00%    passed    100.00%
 195  I0369_848_Opisthocomidae_Opisthocomus_hoazin                 0.00%    passed    100.00%
 196  I0202_1066_Cathartidae_Cathartes_burrovianus                 0.00%    passed    100.00%
 197  I0276_5411_Cathartidae_Vultur_gryphus                        0.00%    passed    100.00%
 198  I0361_9545_Sagittariidae_Sagittarius_serpentarius            0.00%    passed    100.00%
 199  I0450_81668_Pandionidae_Pandion_haliaetus                    0.00%    passed    100.00%
 200  I0385_9309_Accipitridae_Elanus_leucurus                      0.00%    passed    100.00%
****  TOTAL                                                        0.00%  0 sequences failed composition chi2 test (p-value<5%; df=19)
NOTE: I0416_76941_Pipridae_Cryptopipo_holochlora is identical to I0241_2249_Pipridae_Pipra_erythrocephala but kept for subsequent analysis

Create initial parsimony tree by phylogenetic likelihood library (PLL)... 0.045 seconds

NOTE: 8 MB RAM (0 GB) is required!
Estimate model parameters (epsilon = 0.100)
1. Initial log-likelihood: -13078.274
2. Current log-likelihood: -12995.881
3. Current log-likelihood: -12994.902
4. Current log-likelihood: -12994.759
Optimal log-likelihood: -12994.731
Proportion of invariable sites: 0.106
Parameters optimization took 4 rounds (0.207 sec)
Computing ML distances based on estimated model parameters... 2.752 sec
Computing BIONJ tree...
0.038 seconds
Log-likelihood of BIONJ tree: -13018.828
--------------------------------------------------------------------
|             INITIALIZING CANDIDATE TREE SET                      |
--------------------------------------------------------------------
Generating 98 parsimony trees... 5.141 second
Computing log-likelihood of 98 initial trees ... 4.098 seconds
Current best score: -12971.447

Do NNI search on 20 best initial trees
Estimate model parameters (epsilon = 0.100)
BETTER TREE FOUND at iteration 1: -12969.766
Estimate model parameters (epsilon = 0.100)
BETTER TREE FOUND at iteration 2: -12967.245
Estimate model parameters (epsilon = 0.100)
BETTER TREE FOUND at iteration 3: -12965.513
Estimate model parameters (epsilon = 0.100)
BETTER TREE FOUND at iteration 7: -12964.130
Iteration 10 / LogL: -12970.028 / Time: 0h:0m:12s
Iteration 20 / LogL: -12981.116 / Time: 0h:0m:15s
Finish initializing candidate tree set (20)
Current best tree score: -12964.130 / CPU time: 14.582
Number of iterations: 20
--------------------------------------------------------------------
|               OPTIMIZING CANDIDATE TREE SET                      |
--------------------------------------------------------------------
Estimate model parameters (epsilon = 0.100)
BETTER TREE FOUND at iteration 28: -12964.024
Iteration 30 / LogL: -12970.646 / Time: 0h:0m:20s (0h:1m:8s left)
Iteration 40 / LogL: -12965.475 / Time: 0h:0m:25s (0h:0m:56s left)
Estimate model parameters (epsilon = 0.100)
BETTER TREE FOUND at iteration 44: -12961.838
BETTER TREE FOUND at iteration 45: -12961.837
Iteration 50 / LogL: -12965.956 / Time: 0h:0m:30s (0h:0m:58s left)
Estimate model parameters (epsilon = 0.100)
BETTER TREE FOUND at iteration 52: -12961.524
Estimate model parameters (epsilon = 0.100)
BETTER TREE FOUND at iteration 53: -12959.886
BETTER TREE FOUND at iteration 56: -12959.885
Iteration 60 / LogL: -12976.102 / Time: 0h:0m:34s (0h:0m:56s left)
Estimate model parameters (epsilon = 0.100)
BETTER TREE FOUND at iteration 61: -12959.566
Estimate model parameters (epsilon = 0.100)
BETTER TREE FOUND at iteration 64: -12958.463
Iteration 70 / LogL: -12965.424 / Time: 0h:0m:39s (0h:0m:54s left)
Estimate model parameters (epsilon = 0.100)
BETTER TREE FOUND at iteration 72: -12956.963
BETTER TREE FOUND at iteration 73: -12956.962
Estimate model parameters (epsilon = 0.100)
BETTER TREE FOUND at iteration 77: -12956.893
Iteration 80 / LogL: -12958.556 / Time: 0h:0m:45s (0h:0m:55s left)
Estimate model parameters (epsilon = 0.100)
BETTER TREE FOUND at iteration 85: -12954.324
Iteration 90 / LogL: -12960.779 / Time: 0h:0m:49s (0h:0m:53s left)
BETTER TREE FOUND at iteration 94: -12954.324
Iteration 100 / LogL: -12962.352 / Time: 0h:0m:54s (0h:0m:52s left)
Iteration 110 / LogL: -13008.870 / Time: 0h:0m:59s (0h:0m:45s left)
Iteration 120 / LogL: -12954.325 / Time: 0h:1m:4s (0h:0m:40s left)
Iteration 130 / LogL: -12954.331 / Time: 0h:1m:9s (0h:0m:34s left)
Iteration 140 / LogL: -12956.579 / Time: 0h:1m:13s (0h:0m:28s left)
Iteration 150 / LogL: -12957.407 / Time: 0h:1m:18s (0h:0m:23s left)
Iteration 160 / LogL: -12954.324 / Time: 0h:1m:23s (0h:0m:17s left)
Iteration 170 / LogL: -12985.326 / Time: 0h:1m:28s (0h:0m:12s left)
Iteration 180 / LogL: -12965.588 / Time: 0h:1m:33s (0h:0m:7s left)
Iteration 190 / LogL: -12978.340 / Time: 0h:1m:37s (0h:0m:2s left)
TREE SEARCH COMPLETED AFTER 195 ITERATIONS / Time: 0h:1m:40s

--------------------------------------------------------------------
|                    FINALIZING TREE SEARCH                        |
--------------------------------------------------------------------
Performs final model parameters optimization
Estimate model parameters (epsilon = 0.010)
1. Initial log-likelihood: -12954.324
Optimal log-likelihood: -12954.324
Proportion of invariable sites: 0.107
Parameters optimization took 1 rounds (0.030 sec)
BEST SCORE FOUND : -12954.324
Total tree length: 6.988

Total number of iterations: 195
CPU time used for tree search: 758.558 sec (0h:12m:38s)
Wall-clock time used for tree search: 99.379 sec (0h:1m:39s)
Total CPU time used: 764.346 sec (0h:12m:44s)
Total wall-clock time used: 100.154 sec (0h:1m:40s)

Analysis results written to: 
  IQ-TREE report:                /csm_data/spielman_lab/dms_modelselection//simulations/alignments/LAC_prum_rep14_AA.fasta.iqtree
  Maximum-likelihood tree:       /csm_data/spielman_lab/dms_modelselection//simulations/alignments/LAC_prum_rep14_AA.fasta.treefile
  Likelihood distances:          /csm_data/spielman_lab/dms_modelselection//simulations/alignments/LAC_prum_rep14_AA.fasta.mldist
  Screen log file:               /csm_data/spielman_lab/dms_modelselection//simulations/alignments/LAC_prum_rep14_AA.fasta.log

Date and Time: Tue Apr 16 18:43:47 2019
