IQ-TREE multicore version 1.6.8 for Mac OS X 64-bit built Oct 28 2018
Developed by Bui Quang Minh, Nguyen Lam Tung, Olga Chernomor,
Heiko Schmidt, Dominik Schrempf, Michael Woodhams.

Host:    sciespie0019 (AVX2, FMA3, 16 GB RAM)
Command: iqtree -nt 4 -m hb_models/LAC_HB.paml+F -s /Users/spielman/Projects/dms_modelselection//simulations/alignments/LAC_opisthokonta_rep12_AA.fasta -st AA
Seed:    877999 (Using SPRNG - Scalable Parallel Random Number Generator)
Time:    Fri Jun  7 13:12:49 2019
Kernel:  AVX+FMA - 4 threads (8 CPU cores detected)

Reading alignment file /Users/spielman/Projects/dms_modelselection//simulations/alignments/LAC_opisthokonta_rep12_AA.fasta ... Fasta format detected
Alignment most likely contains protein sequences
Alignment has 70 sequences with 262 columns, 261 distinct patterns
234 parsimony-informative, 22 singleton sites, 6 constant sites
                                  Gap/Ambiguity  Composition  p-value
   1  Oscarella_carmela                   0.00%    passed     70.67%
   2  Leucetta_chagosensis                0.00%    passed     87.60%
   3  Sycon_raphanus                      0.00%    passed     73.19%
   4  Oopsacas_minuta                     0.00%    passed     93.18%
   5  Carteriospongia_foliascens          0.00%    passed     95.65%
   6  Amphimedon_queenslandica            0.00%    passed     75.49%
   7  Suberites_domuncula                 0.00%    passed     97.28%
   8  Lubomirskia_baicalensis             0.00%    passed     71.33%
   9  Ephydatia_muelleri                  0.00%    passed     63.34%
  10  Trichoplax_adhaerens                0.00%    passed     89.78%
  11  Nematostella_vectensis              0.00%    passed     99.99%
  12  Anemonia_viridis                    0.00%    passed     98.98%
  13  Aiptasia_pallida                    0.00%    passed     99.47%
  14  Metridium_senile                    0.00%    passed     98.16%
  15  Acropora_palmata                    0.00%    passed     95.17%
  16  Acropora_millepora                  0.00%    passed     99.78%
  17  Porites_astreoides                  0.00%    passed     99.42%
  18  Montastraea_faveolata               0.00%    passed     98.17%
  19  Cyanea_capillata                    0.00%    passed     85.63%
  20  Clytia_hemisphaerica                0.00%    passed     93.73%
  21  Podocoryna_carnea                   0.00%    passed     72.32%
  22  Hydractinia_echinata                0.00%    passed     97.05%
  23  Hydra_magnipapillata                0.00%    passed     99.71%
  24  Saccoglossus_kowalevskii            0.00%    passed     96.31%
  25  Ptychodera_flava                    0.00%    passed     93.29%
  26  Strongylocentrotus_purpuratus       0.00%    passed     97.64%
  27  Asterina_pectinifera                0.00%    passed     93.37%
  28  Branchiostoma_floridae              0.00%    passed     95.08%
  29  Petromyzon_marinus                  0.00%    passed     95.63%
  30  Gallus                              0.00%    passed     99.93%
  31  Ciona_intestinalis                  0.00%    passed     91.58%
  32  Halocynthia_roretzi                 0.00%    passed     99.55%
  33  Anoplodactylus_eroticus             0.00%    passed     63.39%
  34  Boophilus_microplus                 0.00%    passed     88.73%
  35  Daphnia_pulex                       0.00%    passed     77.46%
  36  Drosophila_melanogaster             0.00%    passed     89.16%
  37  Euperipatoides_kanangrensis         0.00%    passed     90.94%
  38  Echinoderes_horni                   0.00%    passed     99.41%
  39  Xiphinema_index                     0.00%    passed     44.08%
  40  Cerebratulus_lacteus                0.00%    passed     94.08%
  41  Terebratalia_transversa             0.00%    passed     91.91%
  42  Lottia_gigantea                     0.00%    passed     95.63%
  43  Crassostrea_virginica               0.00%    passed     92.46%
  44  Euprymna_scolopes                   0.00%    passed     98.72%
  45  Capitella_telata                    0.00%    passed     96.40%
  46  Helobdella_robusta                  0.00%    passed     90.87%
  47  Schmidtea_mediterranea              0.00%    passed     46.63%
  48  Paraplanocera_oligoglena            0.00%    passed     99.81%
  49  Xenoturbella_bocki                  0.00%    passed     96.85%
  50  Nemertoderma_westbladi              0.00%    passed     95.53%
  51  Meara_stichopi                      0.00%    passed     77.25%
  52  Isodiametra_pulchra                 0.00%    passed     88.76%
  53  Symsagittifera_roscoffensis         0.00%    passed     96.10%
  54  Convolutriloba_longifissura         0.00%    passed     85.05%
  55  Capsaspora_owczarzaki_ATCC_30864    0.00%    passed     93.76%
  56  Amoebidium_parasiticum              0.00%    passed     97.04%
  57  Sphaeroforma_arctica                0.00%    passed     83.66%
  58  Spizellomyces_punctatus             0.00%    passed     47.84%
  59  Batrachochytrium_dendrobatidis      0.00%    passed     89.09%
  60  Cryptococcus_neoformans             0.00%    passed      7.30%
  61  Saccharomyces_cerevisiae            0.00%    passed     13.66%
  62  Phycomyces_blakesleeanus            0.00%    passed     86.82%
  63  Rhizopus_orizae                     0.00%    passed     95.72%
  64  Monosiga_ovata                      0.00%    passed     98.31%
  65  Salpingoeca_rosetta                 0.00%    passed     95.00%
  66  Monosiga_brevicollis                0.00%    passed     83.26%
  67  Mnemiopsis                          0.00%    passed     96.49%
  68  Mertensiid_sp                       0.00%    passed     92.99%
  69  Pleurobrachia_pileus                0.00%    passed     58.77%
  70  Oscarella_lobularis                 0.00%    passed     90.21%
****  TOTAL                               0.00%  0 sequences failed composition chi2 test (p-value<5%; df=19)

Create initial parsimony tree by phylogenetic likelihood library (PLL)... 0.010 seconds
Reading model parameters from file hb_models/LAC_HB.paml

NOTE: 3 MB RAM (0 GB) is required!
Estimate model parameters (epsilon = 0.100)
1. Initial log-likelihood: -24979.497
Optimal log-likelihood: -24673.071
Parameters optimization took 1 rounds (0.018 sec)
Computing ML distances based on estimated model parameters... 0.276 sec
Computing BIONJ tree...
0.003 seconds
Log-likelihood of BIONJ tree: -24613.666
--------------------------------------------------------------------
|             INITIALIZING CANDIDATE TREE SET                      |
--------------------------------------------------------------------
Generating 98 parsimony trees... 1.112 second
Computing log-likelihood of 98 initial trees ... 0.731 seconds
Current best score: -24603.478

Do NNI search on 20 best initial trees
Estimate model parameters (epsilon = 0.100)
BETTER TREE FOUND at iteration 1: -24593.520
Estimate model parameters (epsilon = 0.100)
BETTER TREE FOUND at iteration 5: -24592.802
Iteration 10 / LogL: -24592.804 / Time: 0h:0m:2s
Iteration 20 / LogL: -24600.074 / Time: 0h:0m:2s
Finish initializing candidate tree set (7)
Current best tree score: -24592.802 / CPU time: 2.575
Number of iterations: 20
--------------------------------------------------------------------
|               OPTIMIZING CANDIDATE TREE SET                      |
--------------------------------------------------------------------
Iteration 30 / LogL: -24592.854 / Time: 0h:0m:3s (0h:0m:8s left)
Iteration 40 / LogL: -24602.942 / Time: 0h:0m:4s (0h:0m:6s left)
Iteration 50 / LogL: -24593.521 / Time: 0h:0m:4s (0h:0m:5s left)
Iteration 60 / LogL: -24592.804 / Time: 0h:0m:5s (0h:0m:4s left)
Iteration 70 / LogL: -24601.323 / Time: 0h:0m:6s (0h:0m:3s left)
Iteration 80 / LogL: -24592.842 / Time: 0h:0m:7s (0h:0m:2s left)
Iteration 90 / LogL: -24592.867 / Time: 0h:0m:8s (0h:0m:1s left)
Iteration 100 / LogL: -24592.867 / Time: 0h:0m:9s (0h:0m:0s left)
TREE SEARCH COMPLETED AFTER 106 ITERATIONS / Time: 0h:0m:9s

--------------------------------------------------------------------
|                    FINALIZING TREE SEARCH                        |
--------------------------------------------------------------------
Performs final model parameters optimization
Estimate model parameters (epsilon = 0.010)
1. Initial log-likelihood: -24592.802
Optimal log-likelihood: -24592.802
Parameters optimization took 1 rounds (0.007 sec)
BEST SCORE FOUND : -24592.802
Total tree length: 24.502

Total number of iterations: 106
CPU time used for tree search: 35.722 sec (0h:0m:35s)
Wall-clock time used for tree search: 9.636 sec (0h:0m:9s)
Total CPU time used: 36.199 sec (0h:0m:36s)
Total wall-clock time used: 9.769 sec (0h:0m:9s)

Analysis results written to: 
  IQ-TREE report:                /Users/spielman/Projects/dms_modelselection//simulations/alignments/LAC_opisthokonta_rep12_AA.fasta.iqtree
  Maximum-likelihood tree:       /Users/spielman/Projects/dms_modelselection//simulations/alignments/LAC_opisthokonta_rep12_AA.fasta.treefile
  Likelihood distances:          /Users/spielman/Projects/dms_modelselection//simulations/alignments/LAC_opisthokonta_rep12_AA.fasta.mldist
  Screen log file:               /Users/spielman/Projects/dms_modelselection//simulations/alignments/LAC_opisthokonta_rep12_AA.fasta.log

Date and Time: Fri Jun  7 13:12:59 2019
