IQ-TREE multicore version 1.6.8 for Mac OS X 64-bit built Oct 28 2018
Developed by Bui Quang Minh, Nguyen Lam Tung, Olga Chernomor,
Heiko Schmidt, Dominik Schrempf, Michael Woodhams.

Host:    sciespie0019 (AVX2, FMA3, 16 GB RAM)
Command: iqtree -nt 4 -m hb_models/LAC_HB.paml+F -s /Users/spielman/Projects/dms_modelselection//simulations/alignments/LAC_andersen_rep15_AA.fasta -st AA
Seed:    888128 (Using SPRNG - Scalable Parallel Random Number Generator)
Time:    Fri Jun  7 16:11:47 2019
Kernel:  AVX+FMA - 4 threads (8 CPU cores detected)

Reading alignment file /Users/spielman/Projects/dms_modelselection//simulations/alignments/LAC_andersen_rep15_AA.fasta ... Fasta format detected
Alignment most likely contains protein sequences
Alignment has 179 sequences with 262 columns, 252 distinct patterns
225 parsimony-informative, 16 singleton sites, 21 constant sites
                      Gap/Ambiguity  Composition  p-value
   1  BA366-S-GIN-2003        0.00%    passed     56.60%
   2  G502-S-SLE-2009         0.00%    passed     91.99%
   3  G1180-S-SLE-2010        0.00%    passed     87.10%
   4  G2147-S-SLE-2011        0.00%    passed     99.05%
   5  G2165-S-SLE-2011        0.00%    passed     98.91%
   6  LM222-S-SLE-2010        0.00%    passed     99.50%
   7  LM774-S-SLE-2012        0.00%    passed     99.76%
   8  LM778-S-SLE-2012        0.00%    passed     99.36%
   9  G2184-S-SLE-2011        0.00%    passed     97.20%
  10  LM776-S-SLE-2012        0.00%    passed     98.84%
  11  G503-S-SLE-2009         0.00%    passed     98.26%
  12  G2318-S-SLE-2012        0.00%    passed     99.38%
  13  G1959-S-SLE-2011        0.00%    passed     97.07%
  14  G3010-S-SLE-2013        0.00%    passed     99.52%
  15  G610-S-SLE-2009         0.00%    passed     99.87%
  16  G693-S-SLE-2009         0.00%    passed     99.87%
  17  G771-S-SLE-2010         0.00%    passed     99.87%
  18  G1792-S-SLE-2011        0.00%    passed     99.87%
  19  G1960-S-SLE-2011        0.00%    passed     99.86%
  20  G2565-S-SLE-2012        0.00%    passed     99.87%
  21  G2197-S-SLE-2011        0.00%    passed     99.82%
  22  LM032-S-SLE-2010        0.00%    passed     93.68%
  23  Josiah-S-SLE-1976       0.00%    passed     99.75%
  24  G808-S-SLE-2010         0.00%    passed     99.77%
  25  G2868-S-SLE-2012        0.00%    passed     99.33%
  26  G676-S-SLE-2009         0.00%    passed     98.58%
  27  G2405-S-SLE-2012        0.00%    passed     97.84%
  28  G1190-S-SLE-2010        0.00%    passed     99.61%
  29  G2944-S-SLE-2012        0.00%    passed     97.32%
  30  LM765-S-SLE-2012        0.00%    passed     99.70%
  31  G3148-S-SLE-2013        0.00%    passed     99.75%
  32  Z0947-S-SLE-2011        0.00%    passed     99.62%
  33  Z0948-S-SLE-2011        0.00%    passed     99.62%
  34  G1727-S-SLE-2011        0.00%    passed     99.55%
  35  G1647-S-SLE-2011        0.00%    passed     99.42%
  36  G2295-S-SLE-2012        0.00%    passed     99.27%
  37  G2587-S-SLE-2012        0.00%    passed     99.23%
  38  G2280-S-SLE-2012        0.00%    passed     99.72%
  39  G3016-S-SLE-2013        0.00%    passed     99.30%
  40  G3106-S-SLE-2013        0.00%    passed     99.30%
  41  G2612-S-SLE-2012        0.00%    passed     99.56%
  42  LM779-S-SLE-2012        0.00%    passed     99.64%
  43  G692-S-SLE-2009         0.00%    passed     99.95%
  44  LM395-S-SLE-2009        0.00%    passed     99.24%
  45  G1774-S-SLE-2011        0.00%    passed     98.37%
  46  G2222-S-SLE-2011        0.00%    passed     98.51%
  47  G636-S-SLE-2009         0.00%    passed     99.45%
  48  G2315-S-SLE-2012        0.00%    passed     99.45%
  49  G2903-S-SLE-2012        0.00%    passed     99.74%
  50  G3206-S-SLE-2013        0.00%    passed     99.97%
  51  G733-S-SLE-2010         0.00%    passed     99.80%
  52  G2554-S-SLE-2012        0.00%    passed     99.69%
  53  G1618-S-SLE-2011        0.00%    passed     99.87%
  54  G1646-S-SLE-2011        0.00%    passed     99.98%
  55  G2427-S-SLE-2012        0.00%    passed     99.96%
  56  G2392-S-SLE-2012        0.00%    passed     96.63%
  57  G3229-S-SLE-2013        0.00%    passed     99.69%
  58  G3151-S-SLE-2013        0.00%    passed     99.55%
  59  G3248-S-SLE-2013        0.00%    passed     99.55%
  60  G3170-S-SLE-2013        0.00%    passed     99.55%
  61  NL-S-SLE-2000           0.00%    passed     95.15%
  62  G2263-S-SLE-2012        0.00%    passed     95.77%
  63  G2431-S-SLE-2012        0.00%    passed     99.10%
  64  G1442-S-SLE-2011        0.00%    passed     75.43%
  65  G2141-S-SLE-2011        0.00%    passed     95.47%
  66  G1529-S-SLE-2011        0.00%    passed     47.92%
  67  G3234-S-SLE-2013        0.00%    passed     71.61%
  68  G2363-S-SLE-2012        0.00%    passed     76.22%
  69  G2259-S-SLE-2012        0.00%    passed     97.41%
  70  G2723-S-SLE-2012        0.00%    passed     97.54%
  71  G3278-S-SLE-2013        0.00%    passed     90.95%
  72  G2557-S-SLE-2012        0.00%    passed     85.51%
  73  G2615-S-SLE-2012        0.00%    passed     90.69%
  74  G1200-S-LIB-2010        0.00%    passed     95.48%
  75  Macenta-S-GIN-1982      0.00%    passed     88.05%
  76  Z148-S-LIB-1981         0.00%    passed     89.98%
  77  Nig08-A18-S-NIG-2008    0.00%    passed     84.46%
  78  Nig08-A19-S-NIG-2008    0.00%    passed     80.04%
  79  CSF-S-NIG-2001          0.00%    passed     96.61%
  80  ISTH0009-S-NIG-2011     0.00%    passed    100.00%
  81  LASV979-S-NIG-2009      0.00%    passed    100.00%
  82  LASV237-S-NIG-2010      0.00%    passed     99.99%
  83  LASV711-S-NIG-2009      0.00%    passed    100.00%
  84  LASV992-S-NIG-2009      0.00%    passed    100.00%
  85  ISTH0230-S-NIG-2011     0.00%    passed     99.99%
  86  LASV975-S-NIG-2009      0.00%    passed     99.50%
  87  ISTH2061-S-NIG-2012     0.00%    passed     99.88%
  88  Nig08-A41-S-NIG-2008    0.00%    passed     99.99%
  89  ISTH2217-S-NIG-2012     0.00%    passed     99.99%
  90  ISTH1064-S-NIG-2011     0.00%    passed     99.83%
  91  ISTH2334-S-NIG-2012     0.00%    passed     99.79%
  92  LASV245-S-NIG-2011      0.00%    passed     99.96%
  93  LASV1011-S-NIG-2009     0.00%    passed     99.97%
  94  ISTH2312-S-NIG-2012     0.00%    passed    100.00%
  95  LASV1000-S-NIG-2009     0.00%    passed     99.81%
  96  ISTH2010-S-NIG-2012     0.00%    passed     99.76%
  97  ISTH2016-S-NIG-2012     0.00%    passed     99.82%
  98  Nig08-A37-S-NIG-2008    0.00%    passed     99.93%
  99  LASV737-S-NIG-2009      0.00%    passed     99.69%
 100  LASV719-S-NIG-2009      0.00%    passed     99.92%
 101  LASV046-S-NIG-2009      0.00%    passed     99.90%
 102  ISTH2042-S-NIG-2012     0.00%    passed     99.92%
 103  LASV274-S-NIG-2010      0.00%    passed     99.58%
 104  LASV263-S-NIG-2011      0.00%    passed     99.92%
 105  ISTH1137-S-NIG-2011     0.00%    passed     99.94%
 106  LASV976-S-NIG-2009      0.00%    passed     99.99%
 107  LASV1016-S-NIG-2009     0.00%    passed     99.93%
 108  LASV229-S-NIG-2010      0.00%    passed     98.52%
 109  ISTH2129-S-NIG-2012     0.00%    passed     99.99%
 110  ISTH2057-S-NIG-2012     0.00%    passed     99.99%
 111  LASV058-S-NIG-2008      0.00%    passed    100.00%
 112  ISTH1038-S-NIG-2011     0.00%    passed     99.21%
 113  LASV056-S-NIG-2008      0.00%    passed     99.97%
 114  LASV042-S-NIG-2009      0.00%    passed     98.80%
 115  LASV981-S-NIG-2009      0.00%    passed     99.91%
 116  LASV256-S-NIG-2010      0.00%    passed     99.93%
 117  LASV052-S-NIG-2008      0.00%    passed     99.61%
 118  LASV063-S-NIG-2009      0.00%    passed     99.74%
 119  ISTH0595-S-NIG-2011     0.00%    passed     99.98%
 120  ISTH1096-S-NIG-2012     0.00%    passed     99.94%
 121  LASV221-S-NIG-2010      0.00%    passed     99.87%
 122  LASV977-S-NIG-2009      0.00%    passed     99.87%
 123  LASV971-S-NIG-2009      0.00%    passed     99.87%
 124  LASV967-S-NIG-2009      0.00%    passed     99.58%
 125  ISTH2050-S-NIG-2012     0.00%    passed     99.99%
 126  ISTH2031-S-NIG-2012     0.00%    passed     99.94%
 127  ISTH2376-S-NIG-2012     0.00%    passed     99.87%
 128  LASV991-S-NIG-2009      0.00%    passed     99.97%
 129  LASV267-S-NIG-2010      0.00%    passed    100.00%
 130  LASV049-S-NIG-2009      0.00%    passed     99.91%
 131  LASV239-S-NIG-2010      0.00%    passed     99.97%
 132  ISTH2037-S-NIG-2012     0.00%    passed     99.99%
 133  ISTH1069-S-NIG-2011     0.00%    passed     98.42%
 134  ISTH1129-S-NIG-2012     0.00%    passed     99.88%
 135  ISTH2304-S-NIG-2012     0.00%    passed     99.89%
 136  LASV246-S-NIG-2010      0.00%    passed     99.86%
 137  ISTH1111-S-NIG-2011     0.00%    passed     99.91%
 138  LASV006-S-NIG-2008      0.00%    passed     99.91%
 139  ISTH0531-S-NIG-2011     0.00%    passed     99.97%
 140  LASV254-S-NIG-2011      0.00%    passed     99.95%
 141  ISTH2358-S-NIG-2012     0.00%    passed     99.68%
 142  LASV966-S-NIG-2009      0.00%    passed     99.52%
 143  ISTH1058-S-NIG-2011     0.00%    passed     99.93%
 144  LASV241-S-NIG-2011      0.00%    passed     99.93%
 145  LASV271-S-NIG-2010      0.00%    passed     99.93%
 146  Nig08-A47-S-NIG-2008    0.00%    passed     99.99%
 147  ISTH0012-S-NIG-2011     0.00%    passed     99.55%
 148  LASV993-S-NIG-2009      0.00%    passed     99.89%
 149  ISTH2046-S-NIG-2012     0.00%    passed     99.96%
 150  LASV1008-S-NIG-2009     0.00%    passed     99.90%
 151  ISTH2020-S-NIG-2012     0.00%    passed     99.86%
 152  LASV003-S-NIG-2008      0.00%    passed     99.99%
 153  LASV242-S-NIG-2010      0.00%    passed     99.96%
 154  LASV253-S-NIG-2011      0.00%    passed     99.98%
 155  LASV982-S-NIG-2009      0.00%    passed    100.00%
 156  LASV251-S-NIG-2010      0.00%    passed     99.95%
 157  LASV989-S-NIG-2009      0.00%    passed     99.84%
 158  ISTH0047-S-NIG-2011     0.00%    passed     99.87%
 159  LASV990-S-NIG-2009      0.00%    passed     99.87%
 160  ISTH1003-S-NIG-2011     0.00%    passed     99.90%
 161  ISTH0073-S-NIG-2011     0.00%    passed     99.78%
 162  ISTH2316-S-NIG-2012     0.00%    passed     99.59%
 163  LASV225-S-NIG-2010      0.00%    passed     99.00%
 164  LASV978-S-NIG-2009      0.00%    passed     99.95%
 165  ISTH1048-S-NIG-2011     0.00%    passed     99.49%
 166  LASV045-S-NIG-2009      0.00%    passed     99.80%
 167  ISTH2025-S-NIG-2012     0.00%    passed     97.28%
 168  LASV250-S-NIG-2011      0.00%    passed     96.59%
 169  LASV1015-S-NIG-2009     0.00%    passed     97.65%
 170  LASV035-S-NIG-2009      0.00%    passed     99.97%
 171  ISTH1107-S-NIG-2012     0.00%    passed     98.75%
 172  ISTH2271-S-NIG-2012     0.00%    passed     98.23%
 173  ISTH1121-S-NIG-2012     0.00%    passed     96.98%
 174  ISTH2065-S-NIG-2012     0.00%    passed     99.85%
 175  ISTH2066-S-NIG-2012     0.00%    passed     99.85%
 176  ISTH2094-S-NIG-2012     0.00%    passed     99.97%
 177  Nig08-04-S-NIG-2008     0.00%    passed     99.99%
 178  Pinneo-S-NIG-1969       0.00%    passed     99.58%
 179  AV-S-CIV-1999           0.00%    passed     83.04%
****  TOTAL                   0.00%  0 sequences failed composition chi2 test (p-value<5%; df=19)
NOTE: G693-S-SLE-2009 is identical to G610-S-SLE-2009 but kept for subsequent analysis
NOTE: Z0948-S-SLE-2011 is identical to Z0947-S-SLE-2011 but kept for subsequent analysis
NOTE: G3106-S-SLE-2013 is identical to G3016-S-SLE-2013 but kept for subsequent analysis
NOTE: G2315-S-SLE-2012 is identical to G636-S-SLE-2009 but kept for subsequent analysis
NOTE: G3248-S-SLE-2013 is identical to G3151-S-SLE-2013 but kept for subsequent analysis
NOTE: LASV979-S-NIG-2009 is identical to ISTH0009-S-NIG-2011 but kept for subsequent analysis
NOTE: LASV992-S-NIG-2009 is identical to LASV711-S-NIG-2009 but kept for subsequent analysis
NOTE: LASV977-S-NIG-2009 is identical to LASV221-S-NIG-2010 but kept for subsequent analysis
NOTE: LASV271-S-NIG-2010 is identical to LASV241-S-NIG-2011 but kept for subsequent analysis
NOTE: ISTH2066-S-NIG-2012 is identical to ISTH2065-S-NIG-2012 but kept for subsequent analysis
NOTE: 4 identical sequences (see below) will be ignored for subsequent analysis
NOTE: G771-S-SLE-2010 (identical to G610-S-SLE-2009) is ignored but added at the end
NOTE: G1792-S-SLE-2011 (identical to G610-S-SLE-2009) is ignored but added at the end
NOTE: G2565-S-SLE-2012 (identical to G610-S-SLE-2009) is ignored but added at the end
NOTE: G3170-S-SLE-2013 (identical to G3151-S-SLE-2013) is ignored but added at the end

For your convenience alignment with unique sequences printed to /Users/spielman/Projects/dms_modelselection//simulations/alignments/LAC_andersen_rep15_AA.fasta.uniqueseq.phy

Create initial parsimony tree by phylogenetic likelihood library (PLL)... 0.023 seconds
Reading model parameters from file hb_models/LAC_HB.paml

NOTE: 7 MB RAM (0 GB) is required!
Estimate model parameters (epsilon = 0.100)
1. Initial log-likelihood: -12461.586
Optimal log-likelihood: -12348.303
Parameters optimization took 1 rounds (0.033 sec)
Computing ML distances based on estimated model parameters... 1.583 sec
Computing BIONJ tree...
0.014 seconds
Log-likelihood of BIONJ tree: -12508.736
--------------------------------------------------------------------
|             INITIALIZING CANDIDATE TREE SET                      |
--------------------------------------------------------------------
Generating 98 parsimony trees... 2.453 second
Computing log-likelihood of 98 initial trees ... 1.866 seconds
Current best score: -12345.345

Do NNI search on 20 best initial trees
Estimate model parameters (epsilon = 0.100)
BETTER TREE FOUND at iteration 1: -12335.421
Estimate model parameters (epsilon = 0.100)
BETTER TREE FOUND at iteration 2: -12334.805
Iteration 10 / LogL: -12338.319 / Time: 0h:0m:5s
Estimate model parameters (epsilon = 0.100)
BETTER TREE FOUND at iteration 11: -12334.734
Iteration 20 / LogL: -12344.414 / Time: 0h:0m:6s
Finish initializing candidate tree set (20)
Current best tree score: -12334.734 / CPU time: 6.379
Number of iterations: 20
--------------------------------------------------------------------
|               OPTIMIZING CANDIDATE TREE SET                      |
--------------------------------------------------------------------
BETTER TREE FOUND at iteration 21: -12334.732
Estimate model parameters (epsilon = 0.100)
BETTER TREE FOUND at iteration 23: -12334.654
BETTER TREE FOUND at iteration 30: -12334.653
Iteration 30 / LogL: -12334.653 / Time: 0h:0m:8s (0h:0m:30s left)
BETTER TREE FOUND at iteration 34: -12334.653
Iteration 40 / LogL: -12335.368 / Time: 0h:0m:10s (0h:0m:26s left)
BETTER TREE FOUND at iteration 41: -12334.652
BETTER TREE FOUND at iteration 49: -12334.652
BETTER TREE FOUND at iteration 50: -12334.651
Iteration 50 / LogL: -12334.651 / Time: 0h:0m:12s (0h:0m:26s left)
Iteration 60 / LogL: -12334.651 / Time: 0h:0m:15s (0h:0m:22s left)
Iteration 70 / LogL: -12334.651 / Time: 0h:0m:17s (0h:0m:19s left)
BETTER TREE FOUND at iteration 78: -12334.650
Iteration 80 / LogL: -12335.067 / Time: 0h:0m:19s (0h:0m:23s left)
Iteration 90 / LogL: -12334.651 / Time: 0h:0m:21s (0h:0m:20s left)
BETTER TREE FOUND at iteration 92: -12334.650
BETTER TREE FOUND at iteration 95: -12334.650
Iteration 100 / LogL: -12336.587 / Time: 0h:0m:23s (0h:0m:22s left)
BETTER TREE FOUND at iteration 101: -12334.650
Iteration 110 / LogL: -12334.650 / Time: 0h:0m:25s (0h:0m:21s left)
Iteration 120 / LogL: -12341.612 / Time: 0h:0m:27s (0h:0m:18s left)
Iteration 130 / LogL: -12334.650 / Time: 0h:0m:29s (0h:0m:16s left)
BETTER TREE FOUND at iteration 131: -12334.649
BETTER TREE FOUND at iteration 138: -12334.649
Iteration 140 / LogL: -12335.365 / Time: 0h:0m:31s (0h:0m:22s left)
BETTER TREE FOUND at iteration 142: -12334.649
Iteration 150 / LogL: -12334.651 / Time: 0h:0m:33s (0h:0m:20s left)
BETTER TREE FOUND at iteration 155: -12334.649
Iteration 160 / LogL: -12334.650 / Time: 0h:0m:36s (0h:0m:21s left)
BETTER TREE FOUND at iteration 169: -12334.649
Iteration 170 / LogL: -12339.605 / Time: 0h:0m:38s (0h:0m:22s left)
Iteration 180 / LogL: -12336.295 / Time: 0h:0m:40s (0h:0m:20s left)
Iteration 190 / LogL: -12334.649 / Time: 0h:0m:42s (0h:0m:17s left)
Iteration 200 / LogL: -12334.850 / Time: 0h:0m:44s (0h:0m:15s left)
Iteration 210 / LogL: -12337.676 / Time: 0h:0m:47s (0h:0m:13s left)
BETTER TREE FOUND at iteration 211: -12334.649
Iteration 220 / LogL: -12334.650 / Time: 0h:0m:50s (0h:0m:20s left)
Iteration 230 / LogL: -12334.728 / Time: 0h:0m:53s (0h:0m:18s left)
BETTER TREE FOUND at iteration 237: -12334.649
Iteration 240 / LogL: -12334.650 / Time: 0h:0m:55s (0h:0m:22s left)
Iteration 250 / LogL: -12334.649 / Time: 0h:0m:57s (0h:0m:20s left)
Iteration 260 / LogL: -12334.649 / Time: 0h:0m:59s (0h:0m:17s left)
Iteration 270 / LogL: -12335.343 / Time: 0h:1m:1s (0h:0m:15s left)
Iteration 280 / LogL: -12335.343 / Time: 0h:1m:3s (0h:0m:13s left)
Iteration 290 / LogL: -12344.674 / Time: 0h:1m:5s (0h:0m:10s left)
BETTER TREE FOUND at iteration 291: -12334.649
BETTER TREE FOUND at iteration 293: -12334.648
Iteration 300 / LogL: -12334.650 / Time: 0h:1m:7s (0h:0m:21s left)
Iteration 310 / LogL: -12343.794 / Time: 0h:1m:9s (0h:0m:18s left)
Iteration 320 / LogL: -12360.666 / Time: 0h:1m:11s (0h:0m:16s left)
Iteration 330 / LogL: -12397.731 / Time: 0h:1m:13s (0h:0m:14s left)
Iteration 340 / LogL: -12334.649 / Time: 0h:1m:15s (0h:0m:11s left)
Iteration 350 / LogL: -12334.649 / Time: 0h:1m:17s (0h:0m:9s left)
Iteration 360 / LogL: -12334.649 / Time: 0h:1m:19s (0h:0m:7s left)
Iteration 370 / LogL: -12335.343 / Time: 0h:1m:21s (0h:0m:5s left)
Iteration 380 / LogL: -12334.888 / Time: 0h:1m:24s (0h:0m:2s left)
BETTER TREE FOUND at iteration 382: -12334.648
BETTER TREE FOUND at iteration 389: -12334.648
Iteration 390 / LogL: -12334.649 / Time: 0h:1m:26s (0h:0m:21s left)
Iteration 400 / LogL: -12336.046 / Time: 0h:1m:28s (0h:0m:19s left)
BETTER TREE FOUND at iteration 410: -12334.648
Iteration 410 / LogL: -12334.648 / Time: 0h:1m:30s (0h:0m:22s left)
Iteration 420 / LogL: -12334.648 / Time: 0h:1m:32s (0h:0m:19s left)
Iteration 430 / LogL: -12334.649 / Time: 0h:1m:34s (0h:0m:17s left)
Iteration 440 / LogL: -12334.849 / Time: 0h:1m:36s (0h:0m:15s left)
Iteration 450 / LogL: -12334.649 / Time: 0h:1m:38s (0h:0m:13s left)
Iteration 460 / LogL: -12334.849 / Time: 0h:1m:40s (0h:0m:10s left)
Iteration 470 / LogL: -12334.649 / Time: 0h:1m:42s (0h:0m:8s left)
Iteration 480 / LogL: -12334.651 / Time: 0h:1m:44s (0h:0m:6s left)
Iteration 490 / LogL: -12339.092 / Time: 0h:1m:46s (0h:0m:4s left)
Iteration 500 / LogL: -12335.343 / Time: 0h:1m:48s (0h:0m:2s left)
Iteration 510 / LogL: -12334.650 / Time: 0h:1m:50s (0h:0m:0s left)
TREE SEARCH COMPLETED AFTER 511 ITERATIONS / Time: 0h:1m:50s

--------------------------------------------------------------------
|                    FINALIZING TREE SEARCH                        |
--------------------------------------------------------------------
Performs final model parameters optimization
Estimate model parameters (epsilon = 0.010)
1. Initial log-likelihood: -12334.648
Optimal log-likelihood: -12334.648
Parameters optimization took 1 rounds (0.012 sec)
BEST SCORE FOUND : -12334.648
Total tree length: 8.438

Total number of iterations: 511
CPU time used for tree search: 434.217 sec (0h:7m:14s)
Wall-clock time used for tree search: 110.450 sec (0h:1m:50s)
Total CPU time used: 436.340 sec (0h:7m:16s)
Total wall-clock time used: 111.006 sec (0h:1m:51s)

Analysis results written to: 
  IQ-TREE report:                /Users/spielman/Projects/dms_modelselection//simulations/alignments/LAC_andersen_rep15_AA.fasta.iqtree
  Maximum-likelihood tree:       /Users/spielman/Projects/dms_modelselection//simulations/alignments/LAC_andersen_rep15_AA.fasta.treefile
  Likelihood distances:          /Users/spielman/Projects/dms_modelselection//simulations/alignments/LAC_andersen_rep15_AA.fasta.mldist
  Screen log file:               /Users/spielman/Projects/dms_modelselection//simulations/alignments/LAC_andersen_rep15_AA.fasta.log

Date and Time: Fri Jun  7 16:13:38 2019
